WARNING:tensorflow:From /Users/keithwu/opt/anaconda3/envs/auction-gym/lib/python3.10/site-packages/tensorflow/python/compat/v2_compat.py:107: disable_resource_variables (from tensorflow.python.ops.variable_scope) is deprecated and will be removed in a future version.
Instructions for updating:
non-resource variables are not supported in the long term
<_io.TextIOWrapper name='<stderr>' mode='w' encoding='utf-8'> reading from ../UTree_model_numpy/DM/model_boost_linear_qsplit_noabs_save/, starting at 21
<_io.TextIOWrapper name='<stderr>' mode='w' encoding='utf-8'> =============== update starts ===============
(average_diff:0.0013707820298445544, max_diff:0.0026485934203508976, training_epochs:50, lr:0.05)
<_io.TextIOWrapper name='<stderr>' mode='w' encoding='utf-8'> node index is 111
train linear regression time:  0.0478391251526773
(average_diff:0.005144408347052404, max_diff:0.0057852581667650615, training_epochs:50, lr:0.05)
<_io.TextIOWrapper name='<stderr>' mode='w' encoding='utf-8'> node index is 101
train linear regression time:  0.05052583385258913
(average_diff:0.0018127744398134897, max_diff:0.0026071235727262443, training_epochs:50, lr:0.05)
<_io.TextIOWrapper name='<stderr>' mode='w' encoding='utf-8'> node index is 91
train linear regression time:  0.048455709125846624
(average_diff:0.02143875267956644, max_diff:0.124999663550488, training_epochs:50, lr:0.05)
<_io.TextIOWrapper name='<stderr>' mode='w' encoding='utf-8'> node index is 83
train linear regression time:  0.04836729075759649
(average_diff:0.03384692012048615, max_diff:0.09981988396233049, training_epochs:50, lr:0.05)
<_io.TextIOWrapper name='<stderr>' mode='w' encoding='utf-8'> node index is 77
train linear regression time:  0.047571917064487934
(average_diff:0.0368869466508782, max_diff:0.11441313844870069, training_epochs:50, lr:0.05)
<_io.TextIOWrapper name='<stderr>' mode='w' encoding='utf-8'> node index is 71
train linear regression time:  0.04770783334970474
(average_diff:0.05358884243956551, max_diff:0.12160547335881966, training_epochs:50, lr:0.05)
<_io.TextIOWrapper name='<stderr>' mode='w' encoding='utf-8'> node index is 63
train linear regression time:  0.04893437493592501
(average_diff:0.06178281765156478, max_diff:0.16903031528950688, training_epochs:50, lr:0.05)
<_io.TextIOWrapper name='<stderr>' mode='w' encoding='utf-8'> node index is 55
train linear regression time:  0.04995574988424778
(average_diff:0.07310029962238744, max_diff:0.21941305919197995, training_epochs:50, lr:0.05)
<_io.TextIOWrapper name='<stderr>' mode='w' encoding='utf-8'> node index is 45
train linear regression time:  0.04892908316105604
(average_diff:0.06622532505966829, max_diff:0.18117337095213482, training_epochs:50, lr:0.05)
<_io.TextIOWrapper name='<stderr>' mode='w' encoding='utf-8'> node index is 39
train linear regression time:  0.05119754187762737
(average_diff:0.09568216411892001, max_diff:0.21670747939670287, training_epochs:50, lr:0.05)
<_io.TextIOWrapper name='<stderr>' mode='w' encoding='utf-8'> node index is 31
train linear regression time:  0.04862145893275738
(average_diff:0.07165210638545008, max_diff:0.37161344635306054, training_epochs:50, lr:0.05)
<_io.TextIOWrapper name='<stderr>' mode='w' encoding='utf-8'> node index is 25
train linear regression time:  0.04906449979171157
(average_diff:0.17673795984846782, max_diff:0.5653212557041067, training_epochs:50, lr:0.05)
<_io.TextIOWrapper name='<stderr>' mode='w' encoding='utf-8'> node index is 19
train linear regression time:  0.0496479170396924
(average_diff:0.15554632367463164, max_diff:0.5397460667771063, training_epochs:50, lr:0.05)
<_io.TextIOWrapper name='<stderr>' mode='w' encoding='utf-8'> node index is 142
train linear regression time:  0.05036529200151563
<_io.TextIOWrapper name='<stderr>' mode='w' encoding='utf-8'> variance test passed, diff=0.023861144628633597, d = 1, back=0
<_io.TextIOWrapper name='<stderr>' mode='w' encoding='utf-8'> variance test passed, diff=0.02795576857987507, d = 2, back=0
<_io.TextIOWrapper name='<stderr>' mode='w' encoding='utf-8'> Will be split, p=0.02795576857987507, d=2, back=0
(average_diff:0.1464498108342224, max_diff:0.4768695929397506, training_epochs:50, lr:0.05)
<_io.TextIOWrapper name='<stderr>' mode='w' encoding='utf-8'> node index is 146
train linear regression time:  0.04830520832911134
(average_diff:0.033517357063862184, max_diff:0.07554331174417528, training_epochs:50, lr:0.05)
<_io.TextIOWrapper name='<stderr>' mode='w' encoding='utf-8'> node index is 147
train linear regression time:  0.04707533307373524
(average_diff:0.04213154440979349, max_diff:0.07955252237230936, training_epochs:50, lr:0.05)
<_io.TextIOWrapper name='<stderr>' mode='w' encoding='utf-8'> node index is 143
train linear regression time:  0.047356334049254656
(average_diff:0.04325926565423388, max_diff:0.08977992625784281, training_epochs:50, lr:0.05)
<_io.TextIOWrapper name='<stderr>' mode='w' encoding='utf-8'> node index is 137
train linear regression time:  0.048965458292514086
(average_diff:0.005358852350535459, max_diff:0.008650829418835326, training_epochs:50, lr:0.05)
<_io.TextIOWrapper name='<stderr>' mode='w' encoding='utf-8'> node index is 131
train linear regression time:  0.05051591666415334
(average_diff:0.011296772989082115, max_diff:0.02402636867480301, training_epochs:50, lr:0.05)
<_io.TextIOWrapper name='<stderr>' mode='w' encoding='utf-8'> node index is 123
train linear regression time:  0.04778733290731907
(average_diff:0.02471083185233191, max_diff:0.052200993799846884, training_epochs:50, lr:0.05)
<_io.TextIOWrapper name='<stderr>' mode='w' encoding='utf-8'> node index is 113
train linear regression time:  0.048668875358998775
(average_diff:0.07830460753920102, max_diff:0.26927391617816654, training_epochs:50, lr:0.05)
<_io.TextIOWrapper name='<stderr>' mode='w' encoding='utf-8'> node index is 103
train linear regression time:  0.0489761671051383
(average_diff:0.01587233777449389, max_diff:0.026570330990726143, training_epochs:50, lr:0.05)
<_io.TextIOWrapper name='<stderr>' mode='w' encoding='utf-8'> node index is 93
train linear regression time:  0.049532875418663025
(average_diff:0.002746190197178984, max_diff:0.004503417243618663, training_epochs:50, lr:0.05)
<_io.TextIOWrapper name='<stderr>' mode='w' encoding='utf-8'> node index is 139
train linear regression time:  0.04691254207864404
(average_diff:0.006078196717257206, max_diff:0.012232845171840534, training_epochs:50, lr:0.05)
<_io.TextIOWrapper name='<stderr>' mode='w' encoding='utf-8'> node index is 133
train linear regression time:  0.04968533292412758
(average_diff:0.02274374631480741, max_diff:0.04352737990737937, training_epochs:50, lr:0.05)
<_io.TextIOWrapper name='<stderr>' mode='w' encoding='utf-8'> node index is 125
train linear regression time:  0.05108370818197727
(average_diff:0.05224694114772093, max_diff:0.1010917762845469, training_epochs:50, lr:0.05)
<_io.TextIOWrapper name='<stderr>' mode='w' encoding='utf-8'> node index is 115
train linear regression time:  0.04872049996629357
(average_diff:0.057619994927075945, max_diff:0.11481989016107429, training_epochs:50, lr:0.05)
<_io.TextIOWrapper name='<stderr>' mode='w' encoding='utf-8'> node index is 105
train linear regression time:  0.05157341621816158
(average_diff:0.049785437691718386, max_diff:0.13967084375637695, training_epochs:50, lr:0.05)
<_io.TextIOWrapper name='<stderr>' mode='w' encoding='utf-8'> node index is 95
train linear regression time:  0.07778966659680009
(average_diff:0.05926293120728988, max_diff:0.09889491529047051, training_epochs:50, lr:0.05)
<_io.TextIOWrapper name='<stderr>' mode='w' encoding='utf-8'> node index is 85
train linear regression time:  0.048926041927188635
(average_diff:0.05935399656690037, max_diff:0.11508062166890048, training_epochs:50, lr:0.05)
<_io.TextIOWrapper name='<stderr>' mode='w' encoding='utf-8'> node index is 79
train linear regression time:  0.051776792388409376
(average_diff:0.15506805219390316, max_diff:0.28740801710842223, training_epochs:50, lr:0.05)
<_io.TextIOWrapper name='<stderr>' mode='w' encoding='utf-8'> node index is 73
train linear regression time:  0.05016912519931793
(average_diff:0.10946616040188165, max_diff:0.32228488508908637, training_epochs:50, lr:0.05)
<_io.TextIOWrapper name='<stderr>' mode='w' encoding='utf-8'> node index is 65
train linear regression time:  0.04981474997475743
(average_diff:0.09693608536285804, max_diff:0.3119287266229832, training_epochs:50, lr:0.05)
<_io.TextIOWrapper name='<stderr>' mode='w' encoding='utf-8'> node index is 57
train linear regression time:  0.05012100003659725
(average_diff:0.06729553389494809, max_diff:0.2011004074874264, training_epochs:50, lr:0.05)
<_io.TextIOWrapper name='<stderr>' mode='w' encoding='utf-8'> node index is 47
train linear regression time:  0.05237670801579952
(average_diff:0.20123863229062694, max_diff:0.7173832867449431, training_epochs:50, lr:0.05)
<_io.TextIOWrapper name='<stderr>' mode='w' encoding='utf-8'> node index is 41
train linear regression time:  0.049322249833494425
(average_diff:0.14300551306845527, max_diff:0.5723251829735698, training_epochs:50, lr:0.05)
<_io.TextIOWrapper name='<stderr>' mode='w' encoding='utf-8'> node index is 33
train linear regression time:  0.04757050005719066
(average_diff:0.03429990665989476, max_diff:0.04570923901789725, training_epochs:50, lr:0.05)
<_io.TextIOWrapper name='<stderr>' mode='w' encoding='utf-8'> node index is 117
train linear regression time:  0.050912917125970125
(average_diff:0.02047377370181127, max_diff:0.04134308660624704, training_epochs:50, lr:0.05)
<_io.TextIOWrapper name='<stderr>' mode='w' encoding='utf-8'> node index is 107
train linear regression time:  0.049408957827836275
(average_diff:0.023654027968530028, max_diff:0.05230544432081906, training_epochs:50, lr:0.05)
<_io.TextIOWrapper name='<stderr>' mode='w' encoding='utf-8'> node index is 97
train linear regression time:  0.04711020924150944
(average_diff:0.04409849092119061, max_diff:0.08238914897387933, training_epochs:50, lr:0.05)
<_io.TextIOWrapper name='<stderr>' mode='w' encoding='utf-8'> node index is 87
train linear regression time:  0.04662770824506879
(average_diff:0.05895968494286222, max_diff:0.11692581667649754, training_epochs:50, lr:0.05)
<_io.TextIOWrapper name='<stderr>' mode='w' encoding='utf-8'> node index is 81
train linear regression time:  0.049168499652296305
(average_diff:0.06616570225917157, max_diff:0.16795881706275095, training_epochs:50, lr:0.05)
<_io.TextIOWrapper name='<stderr>' mode='w' encoding='utf-8'> node index is 75
train linear regression time:  0.049798374995589256
(average_diff:0.08546728523790181, max_diff:0.3325363188589363, training_epochs:50, lr:0.05)
<_io.TextIOWrapper name='<stderr>' mode='w' encoding='utf-8'> node index is 67
train linear regression time:  0.04674541670829058
(average_diff:0.1949637635670961, max_diff:0.4340877280971831, training_epochs:50, lr:0.05)
<_io.TextIOWrapper name='<stderr>' mode='w' encoding='utf-8'> node index is 59
train linear regression time:  0.04664808418601751
(average_diff:0.11522651334713226, max_diff:0.29208049708946193, training_epochs:50, lr:0.05)
<_io.TextIOWrapper name='<stderr>' mode='w' encoding='utf-8'> node index is 49
train linear regression time:  0.04898020811378956
(average_diff:0.1736461351434271, max_diff:0.5586600576997767, training_epochs:50, lr:0.05)
<_io.TextIOWrapper name='<stderr>' mode='w' encoding='utf-8'> node index is 43
train linear regression time:  0.05150095792487264
(average_diff:0.18827742809254847, max_diff:0.6117737154825299, training_epochs:50, lr:0.05)
<_io.TextIOWrapper name='<stderr>' mode='w' encoding='utf-8'> node index is 35
train linear regression time:  0.0491305417381227
(average_diff:0.13843506587981458, max_diff:0.5759482191062777, training_epochs:50, lr:0.05)
<_io.TextIOWrapper name='<stderr>' mode='w' encoding='utf-8'> node index is 27
train linear regression time:  0.05023512523621321
(average_diff:0.1592436852945906, max_diff:0.5829616618914835, training_epochs:50, lr:0.05)
<_io.TextIOWrapper name='<stderr>' mode='w' encoding='utf-8'> node index is 21
train linear regression time:  0.05108979204669595
(average_diff:0.03434165319073191, max_diff:0.07622498873306029, training_epochs:50, lr:0.05)
<_io.TextIOWrapper name='<stderr>' mode='w' encoding='utf-8'> node index is 135
train linear regression time:  0.048707582987844944
(average_diff:0.028327267010281754, max_diff:0.044443149936272575, training_epochs:50, lr:0.05)
<_io.TextIOWrapper name='<stderr>' mode='w' encoding='utf-8'> node index is 129
train linear regression time:  0.0477714161388576
(average_diff:0.024743902084761262, max_diff:0.08098076336928746, training_epochs:50, lr:0.05)
<_io.TextIOWrapper name='<stderr>' mode='w' encoding='utf-8'> node index is 119
train linear regression time:  0.047087041195482016
(average_diff:0.04787441397569471, max_diff:0.09561137033103684, training_epochs:50, lr:0.05)
<_io.TextIOWrapper name='<stderr>' mode='w' encoding='utf-8'> node index is 109
train linear regression time:  0.048006999772042036
(average_diff:0.040265612891445084, max_diff:0.16771616846483767, training_epochs:50, lr:0.05)
<_io.TextIOWrapper name='<stderr>' mode='w' encoding='utf-8'> node index is 99
train linear regression time:  0.052061875350773335
(average_diff:0.08027523032176029, max_diff:0.27195980748781423, training_epochs:50, lr:0.05)
<_io.TextIOWrapper name='<stderr>' mode='w' encoding='utf-8'> node index is 89
train linear regression time:  0.04938887478783727
(average_diff:0.00026594493590638093, max_diff:0.0034334872771403097, training_epochs:50, lr:0.05)
<_io.TextIOWrapper name='<stderr>' mode='w' encoding='utf-8'> node index is 69
train linear regression time:  0.0475086672231555
(average_diff:0.03752647755874882, max_diff:0.07162598165044476, training_epochs:50, lr:0.05)
<_io.TextIOWrapper name='<stderr>' mode='w' encoding='utf-8'> node index is 61
train linear regression time:  0.04710283316671848
(average_diff:0.009284141083508926, max_diff:0.013762879550508755, training_epochs:50, lr:0.05)
<_io.TextIOWrapper name='<stderr>' mode='w' encoding='utf-8'> node index is 53
train linear regression time:  0.049323291052132845
(average_diff:0.10732905845533887, max_diff:0.35401815261351116, training_epochs:50, lr:0.05)
<_io.TextIOWrapper name='<stderr>' mode='w' encoding='utf-8'> node index is 51
train linear regression time:  0.049683083314448595
(average_diff:0.16800297276728066, max_diff:0.6427768372434364, training_epochs:50, lr:0.05)
<_io.TextIOWrapper name='<stderr>' mode='w' encoding='utf-8'> node index is 37
train linear regression time:  0.04978208290413022
(average_diff:0.17371826419848177, max_diff:0.6491551386818395, training_epochs:50, lr:0.05)
<_io.TextIOWrapper name='<stderr>' mode='w' encoding='utf-8'> node index is 29
train linear regression time:  0.04829462477937341
(average_diff:0.18724208427334987, max_diff:0.8524130987956805, training_epochs:50, lr:0.05)
<_io.TextIOWrapper name='<stderr>' mode='w' encoding='utf-8'> node index is 23
train linear regression time:  0.05410508392378688
(average_diff:0.16731057905806887, max_diff:0.6701214410717158, training_epochs:50, lr:0.05)
<_io.TextIOWrapper name='<stderr>' mode='w' encoding='utf-8'> node index is 15
train linear regression time:  0.051515167113393545
(average_diff:0.08628924849142934, max_diff:0.1339460700108945, training_epochs:50, lr:0.05)
<_io.TextIOWrapper name='<stderr>' mode='w' encoding='utf-8'> node index is 7
train linear regression time:  0.047831791918724775
(average_diff:0.09833354368964546, max_diff:0.23966233334561532, training_epochs:50, lr:0.05)
<_io.TextIOWrapper name='<stderr>' mode='w' encoding='utf-8'> node index is 5
train linear regression time:  0.05076537514105439
testFringe time:  3.2880486249923706
<_io.TextIOWrapper name='<stderr>' mode='w' encoding='utf-8'> =============== update finished ===============

*** Writing Game File 22***

<_io.TextIOWrapper name='../print_tree_record_numpy/print_DM_boost_linear_tree_split.txt' mode='w' encoding='UTF-8'> idx1(Q:0.4076, distinct_name:0, dictinctin_value:2.569683891588169, par:None)
	idx4(Q:0.4083, distinct_name:0, dictinctin_value:2.507749956207568, par:1)
		idx6(Q:0.4080, distinct_name:0, dictinctin_value:-0.050698982385153205, par:4)
			idx8(Q:0.4723, distinct_name:0, dictinctin_value:-0.5002368440471089, par:6)
				idx10(Q:0.5229, distinct_name:3, dictinctin_value:0.7373220788164561, par:8)
					idx12(Q:0.5017, distinct_name:1, dictinctin_value:0.8498558206992594, par:10)
						idx18(Q:0.4465, distinct_name:2, dictinctin_value:0.8559921607301466, par:12)
							idx24(Q:0.4444, distinct_name:0, dictinctin_value:-0.5901212893723445, par:18)
								idx30(Q:0.4501, distinct_name:2, dictinctin_value:0.5095422779981766, par:24)
									idx38(Q:0.4687, distinct_name:2, dictinctin_value:0.24909091887867726, par:30)
										idx44(Q:0.5000, distinct_name:2, dictinctin_value:-0.06052347242753761, par:38)
											idx54(Q:0.5411, distinct_name:2, dictinctin_value:-0.16873413911779458, par:44)
												idx62(Q:0.5680, distinct_name:2, dictinctin_value:-0.3117760123070312, par:54)
													idx70(Q:0.6023, distinct_name:2, dictinctin_value:-0.36929151673896154, par:62)
														idx76(Q:0.6260, distinct_name:2, dictinctin_value:-0.4513587540231024, par:70)
															idx82(Q:0.6653, distinct_name:2, dictinctin_value:-0.49926091712096626, par:76)
																idx90(Q:0.6794, distinct_name:2, dictinctin_value:-0.5261921216626007, par:82)
																	idx100(Q:0.6889, distinct_name:2, dictinctin_value:-0.5682634996789567, par:90)
																		idx110(Q:0.7083, distinct_name:2, dictinctin_value:-0.576514535000767, par:100)
																			idx120(Q:0.7184, par:110)
																			idx121(Q:0.4001, par:110)
																		idx111(Q:0.3390, par:100)
																	idx101(Q:0.3647, par:90)
																idx91(Q:0.3440, par:82)
															idx83(Q:0.2749, par:76)
														idx77(Q:0.2885, par:70)
													idx71(Q:0.2746, par:62)
												idx63(Q:0.2559, par:54)
											idx55(Q:0.2261, par:44)
										idx45(Q:0.2150, par:38)
									idx39(Q:0.3283, par:30)
								idx31(Q:0.3861, par:24)
							idx25(Q:0.4567, par:18)
						idx19(Q:0.7373, par:12)
					idx13(Q:0.5910, distinct_name:2, dictinctin_value:1.929601246827043, par:10)
						idx92(Q:0.5809, distinct_name:1, dictinctin_value:1.2557733390904973, par:13)
							idx102(Q:0.5496, distinct_name:2, dictinctin_value:1.4527612583425853, par:92)
								idx112(Q:0.5311, distinct_name:2, dictinctin_value:1.3531114404933846, par:102)
									idx122(Q:0.5276, distinct_name:2, dictinctin_value:1.0639310625609943, par:112)
										idx130(Q:0.5126, distinct_name:2, dictinctin_value:0.8759607452183222, par:122)
											idx136(Q:0.5043, distinct_name:2, dictinctin_value:0.6228991526328211, par:130)
												idx142(Q:0.4882, distinct_name:2, dictinctin_value:0.4885947458466264, par:136)
													idx146(Q:0.4802, par:142)
													idx147(Q:0.5881, par:142)
												idx143(Q:0.7213, par:136)
											idx137(Q:0.6196, par:130)
										idx131(Q:0.9049, par:122)
									idx123(Q:0.6218, par:112)
								idx113(Q:0.9065, par:102)
							idx103(Q:0.9228, par:92)
						idx93(Q:1.1123, par:13)
				idx11(Q:0.3810, distinct_name:3, dictinctin_value:1.284568987543642, par:8)
					idx32(Q:0.3611, distinct_name:3, dictinctin_value:0.5763111575206541, par:11)
						idx40(Q:0.3387, distinct_name:2, dictinctin_value:1.4159847670297276, par:32)
							idx46(Q:0.3292, distinct_name:2, dictinctin_value:0.8764611652526798, par:40)
								idx56(Q:0.3401, distinct_name:2, dictinctin_value:0.6776552612944613, par:46)
									idx64(Q:0.3444, distinct_name:0, dictinctin_value:-0.10007893227380851, par:56)
										idx72(Q:0.3402, distinct_name:2, dictinctin_value:0.481251420222257, par:64)
											idx78(Q:0.3508, distinct_name:2, dictinctin_value:0.43236682950932387, par:72)
												idx84(Q:0.3605, distinct_name:2, dictinctin_value:0.2322739018313544, par:78)
													idx94(Q:0.3794, distinct_name:2, dictinctin_value:0.1692901075380102, par:84)
														idx104(Q:0.3908, distinct_name:2, dictinctin_value:0.044622068949871425, par:94)
															idx114(Q:0.4072, distinct_name:2, dictinctin_value:-0.04421252452423217, par:104)
																idx124(Q:0.4317, distinct_name:2, dictinctin_value:-0.12551407150931976, par:114)
																	idx132(Q:0.4502, distinct_name:2, dictinctin_value:-0.16179863391045127, par:124)
																		idx138(Q:0.4615, distinct_name:2, dictinctin_value:-0.1987692173924826, par:132)
																			idx144(Q:0.4772, par:138)
																			idx145(Q:0.1389, par:138)
																		idx139(Q:0.1455, par:132)
																	idx133(Q:0.1353, par:124)
																idx125(Q:0.1158, par:114)
															idx115(Q:0.1551, par:104)
														idx105(Q:0.1560, par:94)
													idx95(Q:0.1489, par:84)
												idx85(Q:0.1601, par:78)
											idx79(Q:0.1939, par:72)
										idx73(Q:0.3978, par:64)
									idx65(Q:0.2807, par:56)
								idx57(Q:0.2516, par:46)
							idx47(Q:0.4135, par:40)
						idx41(Q:0.4459, par:32)
					idx33(Q:0.5825, par:11)
			idx9(Q:0.3516, distinct_name:1, dictinctin_value:1.4532912275447858, par:6)
				idx14(Q:0.3321, distinct_name:0, dictinctin_value:0.6708677617788001, par:9)
					idx16(Q:0.3453, distinct_name:0, dictinctin_value:0.5219929201544601, par:14)
						idx20(Q:0.3521, distinct_name:0, dictinctin_value:0.38200451643824146, par:16)
							idx26(Q:0.3662, distinct_name:0, dictinctin_value:0.29175973898130836, par:20)
								idx34(Q:0.3777, distinct_name:3, dictinctin_value:1.2405945003824483, par:26)
									idx42(Q:0.3484, distinct_name:2, dictinctin_value:1.6139678071673451, par:34)
										idx48(Q:0.3415, distinct_name:1, dictinctin_value:1.0148453699076618, par:42)
											idx58(Q:0.3296, distinct_name:2, dictinctin_value:0.8422101128546527, par:48)
												idx66(Q:0.3428, distinct_name:2, dictinctin_value:0.5718071591898053, par:58)
													idx74(Q:0.3527, distinct_name:2, dictinctin_value:0.3335199702259944, par:66)
														idx80(Q:0.3759, distinct_name:2, dictinctin_value:0.2585267021680285, par:74)
															idx86(Q:0.3866, distinct_name:2, dictinctin_value:0.13295569297273957, par:80)
																idx96(Q:0.4037, distinct_name:2, dictinctin_value:0.0933394603867821, par:86)
																	idx106(Q:0.4124, distinct_name:2, dictinctin_value:0.047951172568074005, par:96)
																		idx116(Q:0.4242, distinct_name:2, dictinctin_value:-0.0025517231675584334, par:106)
																			idx126(Q:0.4365, par:116)
																			idx127(Q:0.1213, par:116)
																		idx117(Q:0.1611, par:106)
																	idx107(Q:0.1127, par:96)
																idx97(Q:0.1241, par:86)
															idx87(Q:0.1800, par:80)
														idx81(Q:0.1525, par:74)
													idx75(Q:0.2118, par:66)
												idx67(Q:0.2529, par:58)
											idx59(Q:0.4544, par:48)
										idx49(Q:0.4582, par:42)
									idx43(Q:0.5483, par:34)
								idx35(Q:0.3191, par:26)
							idx27(Q:0.2962, par:20)
						idx21(Q:0.3125, par:16)
					idx17(Q:0.3180, distinct_name:3, dictinctin_value:0.8871619234739136, par:14)
						idx22(Q:0.2876, distinct_name:1, dictinctin_value:0.895274831679809, par:17)
							idx28(Q:0.2701, distinct_name:3, dictinctin_value:0.4147697243292515, par:22)
								idx36(Q:0.2596, distinct_name:3, dictinctin_value:-0.009439492879810042, par:28)
									idx50(Q:0.2579, distinct_name:0, dictinctin_value:2.3121117874404824, par:36)
										idx52(Q:0.2585, distinct_name:0, dictinctin_value:1.9483716250181808, par:50)
											idx60(Q:0.2632, distinct_name:3, dictinctin_value:-0.018025248765568658, par:52)
												idx68(Q:0.2725, distinct_name:2, dictinctin_value:0.8033765660185509, par:60)
													idx88(Q:0.2728, distinct_name:2, dictinctin_value:0.6003623148969123, par:68)
														idx98(Q:0.2813, distinct_name:2, dictinctin_value:0.5329635912790776, par:88)
															idx108(Q:0.2898, distinct_name:2, dictinctin_value:0.3621996786015208, par:98)
																idx118(Q:0.3041, distinct_name:3, dictinctin_value:-0.05260374571449391, par:108)
																	idx128(Q:0.3099, distinct_name:2, dictinctin_value:0.22149263805201816, par:118)
																		idx134(Q:0.3201, distinct_name:2, dictinctin_value:0.13324256965432388, par:128)
																			idx140(Q:0.3360, par:134)
																			idx141(Q:0.1296, par:134)
																		idx135(Q:0.1396, par:128)
																	idx129(Q:0.1616, par:118)
																idx119(Q:0.1571, par:108)
															idx109(Q:0.1604, par:98)
														idx99(Q:0.1799, par:88)
													idx89(Q:0.2710, par:68)
												idx69(Q:0.1870, par:60)
											idx61(Q:0.1758, par:52)
										idx53(Q:0.2130, par:50)
									idx51(Q:0.2655, par:36)
								idx37(Q:0.3236, par:28)
							idx29(Q:0.4076, par:22)
						idx23(Q:0.4544, par:17)
				idx15(Q:0.6083, par:9)
		idx7(Q:0.5135, par:4)
	idx5(Q:0.2940, par:1)
)
