WARNING:tensorflow:From /Users/keithwu/opt/anaconda3/envs/auction-gym/lib/python3.10/site-packages/tensorflow/python/compat/v2_compat.py:107: disable_resource_variables (from tensorflow.python.ops.variable_scope) is deprecated and will be removed in a future version.
Instructions for updating:
non-resource variables are not supported in the long term
<_io.TextIOWrapper name='<stderr>' mode='w' encoding='utf-8'> reading from ../UTree_model_numpy/DM/model_boost_linear_qsplit_noabs_save/, starting at 91
<_io.TextIOWrapper name='<stderr>' mode='w' encoding='utf-8'> =============== update starts ===============
(average_diff:0.005203497645456201, max_diff:0.043202645882816915, training_epochs:50, lr:0.05)
<_io.TextIOWrapper name='<stderr>' mode='w' encoding='utf-8'> node index is 111
train linear regression time:  0.053781125228852034
(average_diff:0.015715896628128067, max_diff:0.09423231016736519, training_epochs:50, lr:0.05)
<_io.TextIOWrapper name='<stderr>' mode='w' encoding='utf-8'> node index is 101
train linear regression time:  0.05858112499117851
(average_diff:0.009094084691903372, max_diff:0.04178723685777985, training_epochs:50, lr:0.05)
<_io.TextIOWrapper name='<stderr>' mode='w' encoding='utf-8'> node index is 91
train linear regression time:  0.053563750348985195
(average_diff:0.012022632286996201, max_diff:0.16764438629180153, training_epochs:50, lr:0.05)
<_io.TextIOWrapper name='<stderr>' mode='w' encoding='utf-8'> node index is 83
train linear regression time:  0.05352379195392132
(average_diff:0.024212229327984693, max_diff:0.2064900613465482, training_epochs:50, lr:0.05)
<_io.TextIOWrapper name='<stderr>' mode='w' encoding='utf-8'> node index is 77
train linear regression time:  0.053399124648422
(average_diff:0.04412995788535295, max_diff:0.2721810268704407, training_epochs:50, lr:0.05)
<_io.TextIOWrapper name='<stderr>' mode='w' encoding='utf-8'> node index is 71
train linear regression time:  0.05401508370414376
<_io.TextIOWrapper name='<stderr>' mode='w' encoding='utf-8'> variance test passed, diff=0.011381889996943097, d = 0, back=0
<_io.TextIOWrapper name='<stderr>' mode='w' encoding='utf-8'> Will be split, p=0.011381889996943097, d=0, back=0
(average_diff:0.044739111321715604, max_diff:0.2679118770397475, training_epochs:50, lr:0.05)
<_io.TextIOWrapper name='<stderr>' mode='w' encoding='utf-8'> node index is 602
train linear regression time:  0.054143458139151335
(average_diff:0.006831772167422978, max_diff:0.008574748692254108, training_epochs:50, lr:0.05)
<_io.TextIOWrapper name='<stderr>' mode='w' encoding='utf-8'> node index is 603
train linear regression time:  0.05331683438271284
(average_diff:0.05280008638669763, max_diff:0.19777875118239435, training_epochs:50, lr:0.05)
<_io.TextIOWrapper name='<stderr>' mode='w' encoding='utf-8'> node index is 63
train linear regression time:  0.05357804195955396
(average_diff:0.04228269826513344, max_diff:0.0861090537244685, training_epochs:50, lr:0.05)
<_io.TextIOWrapper name='<stderr>' mode='w' encoding='utf-8'> node index is 501
train linear regression time:  0.05324895912781358
(average_diff:0.005167791582447984, max_diff:0.005376657511232952, training_epochs:50, lr:0.05)
<_io.TextIOWrapper name='<stderr>' mode='w' encoding='utf-8'> node index is 493
train linear regression time:  0.053132624831050634
(average_diff:5.747308618811453e-07, max_diff:6.386762894244891e-07, training_epochs:50, lr:0.05)
<_io.TextIOWrapper name='<stderr>' mode='w' encoding='utf-8'> node index is 485
train linear regression time:  0.053166750352829695
(average_diff:0.013847471514623776, max_diff:0.0224967411372351, training_epochs:50, lr:0.05)
<_io.TextIOWrapper name='<stderr>' mode='w' encoding='utf-8'> node index is 481
train linear regression time:  0.05319725023582578
(average_diff:2.7755575615628914e-17, max_diff:2.7755575615628914e-17, training_epochs:50, lr:0.05)
<_io.TextIOWrapper name='<stderr>' mode='w' encoding='utf-8'> node index is 475
train linear regression time:  0.05335979210212827
(average_diff:0.0028359156082092135, max_diff:0.005319933769729168, training_epochs:50, lr:0.05)
<_io.TextIOWrapper name='<stderr>' mode='w' encoding='utf-8'> node index is 469
train linear regression time:  0.05325108300894499
(average_diff:0.0067353326819365525, max_diff:0.013132130602707626, training_epochs:50, lr:0.05)
<_io.TextIOWrapper name='<stderr>' mode='w' encoding='utf-8'> node index is 465
train linear regression time:  0.05337066715583205
(average_diff:0.003938803365999444, max_diff:0.0040088170954247215, training_epochs:50, lr:0.05)
<_io.TextIOWrapper name='<stderr>' mode='w' encoding='utf-8'> node index is 587
train linear regression time:  0.05316683417186141
(average_diff:0.007328381326198848, max_diff:0.007761413638475906, training_epochs:50, lr:0.05)
<_io.TextIOWrapper name='<stderr>' mode='w' encoding='utf-8'> node index is 581
train linear regression time:  0.05338283395394683
(average_diff:0.004662859740670402, max_diff:0.009146185029549725, training_epochs:50, lr:0.05)
<_io.TextIOWrapper name='<stderr>' mode='w' encoding='utf-8'> node index is 571
train linear regression time:  0.05343587463721633
(average_diff:0.0, max_diff:0.0, training_epochs:50, lr:0.05)
<_io.TextIOWrapper name='<stderr>' mode='w' encoding='utf-8'> node index is 549
train linear regression time:  0.05449929181486368
(average_diff:0.017186774008889665, max_diff:0.025889945300659523, training_epochs:50, lr:0.05)
<_io.TextIOWrapper name='<stderr>' mode='w' encoding='utf-8'> node index is 537
train linear regression time:  0.05349545832723379
(average_diff:0.007328554695297959, max_diff:0.014673195549230633, training_epochs:50, lr:0.05)
<_io.TextIOWrapper name='<stderr>' mode='w' encoding='utf-8'> node index is 531
train linear regression time:  0.053086915984749794
(average_diff:0.00224280295473663, max_diff:0.0035036888031738656, training_epochs:50, lr:0.05)
<_io.TextIOWrapper name='<stderr>' mode='w' encoding='utf-8'> node index is 521
train linear regression time:  0.05335150007158518
(average_diff:0.033788279456381985, max_diff:0.05285351890363009, training_epochs:50, lr:0.05)
<_io.TextIOWrapper name='<stderr>' mode='w' encoding='utf-8'> node index is 511
train linear regression time:  0.05309033440425992
(average_diff:3.615729937678225e-11, max_diff:3.630845624158496e-11, training_epochs:50, lr:0.05)
<_io.TextIOWrapper name='<stderr>' mode='w' encoding='utf-8'> node index is 473
train linear regression time:  0.05308008287101984
(average_diff:2.8449465006019636e-16, max_diff:3.7470027081099033e-16, training_epochs:50, lr:0.05)
<_io.TextIOWrapper name='<stderr>' mode='w' encoding='utf-8'> node index is 471
train linear regression time:  0.053296083118766546
(average_diff:0.00021957063426882029, max_diff:0.0002241475035091589, training_epochs:50, lr:0.05)
<_io.TextIOWrapper name='<stderr>' mode='w' encoding='utf-8'> node index is 467
train linear regression time:  0.05310858320444822
(average_diff:0.011450216375992497, max_diff:0.023459211596520868, training_epochs:50, lr:0.05)
<_io.TextIOWrapper name='<stderr>' mode='w' encoding='utf-8'> node index is 461
train linear regression time:  0.05308041721582413
(average_diff:0.02698735849815259, max_diff:0.06749488223297173, training_epochs:50, lr:0.05)
<_io.TextIOWrapper name='<stderr>' mode='w' encoding='utf-8'> node index is 457
train linear regression time:  0.05318766599521041
(average_diff:0.0, max_diff:0.0, training_epochs:50, lr:0.05)
<_io.TextIOWrapper name='<stderr>' mode='w' encoding='utf-8'> node index is 449
train linear regression time:  0.053365041967481375
(average_diff:1.1796119636642288e-16, max_diff:1.8041124150158794e-16, training_epochs:50, lr:0.05)
<_io.TextIOWrapper name='<stderr>' mode='w' encoding='utf-8'> node index is 445
train linear regression time:  0.05363237485289574
(average_diff:0.040140915906806414, max_diff:0.06261326519021335, training_epochs:50, lr:0.05)
<_io.TextIOWrapper name='<stderr>' mode='w' encoding='utf-8'> node index is 433
train linear regression time:  0.05797208286821842
(average_diff:0.00877579081820116, max_diff:0.01318248582397269, training_epochs:50, lr:0.05)
<_io.TextIOWrapper name='<stderr>' mode='w' encoding='utf-8'> node index is 427
train linear regression time:  0.054193375166505575
(average_diff:4.409710152586399e-09, max_diff:4.8669230312547995e-09, training_epochs:50, lr:0.05)
<_io.TextIOWrapper name='<stderr>' mode='w' encoding='utf-8'> node index is 599
train linear regression time:  0.053822375(average_diff:9.59421639067197e-05, max_diff:0.00010398384608857614, training_epochs:50, lr:0.05)
<_io.TextIOWrapper name='<stderr>' mode='w' encoding='utf-8'> node index is 597
train linear regression time:  0.053371916990727186
(average_diff:0.016922663112798806, max_diff:0.02571292268653283, training_epochs:50, lr:0.05)
<_io.TextIOWrapper name='<stderr>' mode='w' encoding='utf-8'> node index is 595
train linear regression time:  0.053242791909724474
(average_diff:0.0, max_diff:0.0, training_epochs:50, lr:0.05)
<_io.TextIOWrapper name='<stderr>' mode='w' encoding='utf-8'> node index is 593
train linear regression time:  0.054446833208203316
(average_diff:0.00030495098415088406, max_diff:0.0003173351579321415, training_epochs:50, lr:0.05)
<_io.TextIOWrapper name='<stderr>' mode='w' encoding='utf-8'> node index is 589
train linear regression time:  0.053164124954491854
(average_diff:0.0, max_diff:0.0, training_epochs:50, lr:0.05)
<_io.TextIOWrapper name='<stderr>' mode='w' encoding='utf-8'> node index is 583
train linear regression time:  0.05390658276155591
(average_diff:0.002819707642134845, max_diff:0.004419446463749144, training_epochs:50, lr:0.05)
<_io.TextIOWrapper name='<stderr>' mode='w' encoding='utf-8'> node index is 573
train linear regression time:  0.054209708236157894
(average_diff:0.010819786533428235, max_diff:0.01727583462645854, training_epochs:50, lr:0.05)
<_io.TextIOWrapper name='<stderr>' mode='w' encoding='utf-8'> node index is 563
train linear regression time:  0.05308091687038541
(average_diff:0.010478694489255943, max_diff:0.014265127508221315, training_epochs:50, lr:0.05)
<_io.TextIOWrapper name='<stderr>' mode='w' encoding='utf-8'> node index is 551
train linear regression time:  0.05384799977764487
(average_diff:0.0, max_diff:0.0, training_epochs:50, lr:0.05)
<_io.TextIOWrapper name='<stderr>' mode='w' encoding='utf-8'> node index is 545
train linear regression time:  0.054151542019099
(average_diff:0.0048261775422871285, max_diff:0.0078043239675575915, training_epochs:50, lr:0.05)
<_io.TextIOWrapper name='<stderr>' mode='w' encoding='utf-8'> node index is 369
train linear regression time:  0.054996749851852655
(average_diff:0.010657804419072825, max_diff:0.019037014398405883, training_epochs:50, lr:0.05)
<_io.TextIOWrapper name='<stderr>' mode='w' encoding='utf-8'> node index is 355
train linear regression time:  0.05450429115444422
(average_diff:0.018987443513257495, max_diff:0.04524031308546955, training_epochs:50, lr:0.05)
<_io.TextIOWrapper name='<stderr>' mode='w' encoding='utf-8'> node index is 341
train linear regression time:  0.053919125348329544
(average_diff:0.08000164289497953, max_diff:0.23566355650858675, training_epochs:50, lr:0.05)
<_io.TextIOWrapper name='<stderr>' mode='w' encoding='utf-8'> node index is 329
train linear regression time:  0.05323841609060764
(average_diff:0.02266802058055351, max_diff:0.049485301492173506, training_epochs:50, lr:0.05)
<_io.TextIOWrapper name='<stderr>' mode='w' encoding='utf-8'> node index is 317
train linear regression time:  0.05324891675263643
(average_diff:0.06765489149693144, max_diff:0.2216492229630879, training_epochs:50, lr:0.05)
<_io.TextIOWrapper name='<stderr>' mode='w' encoding='utf-8'> node index is 305
train linear regression time:  0.05329299997538328
(average_diff:6.418319816250961e-07, max_diff:6.625887878503045e-07, training_epochs:50, lr:0.05)
<_io.TextIOWrapper name='<stderr>' mode='w' encoding='utf-8'> node index is 289
train linear regression time:  0.05335225025191903
(average_diff:0.005992960728581687, max_diff:0.011358338577824978, training_epochs:50, lr:0.05)
<_io.TextIOWrapper name='<stderr>' mode='w' encoding='utf-8'> node index is 257
train linear regression time:  0.053243457805365324
(average_diff:0.06814149609629426, max_diff:0.13923564541433708, training_epochs:50, lr:0.05)
<_io.TextIOWrapper name='<stderr>' mode='w' encoding='utf-8'> node index is 243
train linear regression time:  0.05319020804017782
(average_diff:0.05135015122650483, max_diff:0.07821299890982422, training_epochs:50, lr:0.05)
<_io.TextIOWrapper name='<stderr>' mode='w' encoding='utf-8'> node index is 231
train linear regression time:  0.05310316663235426
(average_diff:0.09140081678763508, max_diff:0.1821046480308248, training_epochs:50, lr:0.05)
<_io.TextIOWrapper name='<stderr>' mode='w' encoding='utf-8'> node index is 217
train linear regression time:  0.05312324967235327
(average_diff:0.02986985690892283, max_diff:0.06975195566627401, training_epochs:50, lr:0.05)
<_io.TextIOWrapper name='<stderr>' mode='w' encoding='utf-8'> node index is 275
train linear regression time:  0.05328316707164049
(average_diff:0.013273851949912383, max_diff:0.02704347048383049, training_epochs:50, lr:0.05)
<_io.TextIOWrapper name='<stderr>' mode='w' encoding='utf-8'> node index is 259
train linear regression time:  0.05309366714209318
(average_diff:0.04194486830928112, max_diff:0.0774039913511102, training_epochs:50, lr:0.05)
<_io.TextIOWrapper name='<stderr>' mode='w' encoding='utf-8'> node index is 245
train linear regression time:  0.05319320783019066
(average_diff:0.035089819951159486, max_diff:0.19053226758607095, training_epochs:50, lr:0.05)
<_io.TextIOWrapper name='<stderr>' mode='w' encoding='utf-8'> node index is 233
train linear regression time:  0.053141708951443434
(average_diff:0.0003413622886970641, max_diff:0.0006909937362393204, training_epochs:50, lr:0.05)
<_io.TextIOWrapper name='<stderr>' mode='w' encoding='utf-8'> node index is 219
train linear regression time:  0.053834374994039536
(average_diff:0.009970420671143976, max_diff:0.024129276129366106, training_epochs:50, lr:0.05)
<_io.TextIOWrapper name='<stderr>' mode='w' encoding='utf-8'> node index is 205
train linear regression time:  0.053777209017425776
(average_diff:0.02237334021121972, max_diff:0.050875695890698514, training_epochs:50, lr:0.05)
<_io.TextIOWrapper name='<stderr>' mode='w' encoding='utf-8'> node index is 197
train linear regression time:  0.05308908270671964
(average_diff:0.03173758480188202, max_diff:0.09694255832000714, training_epochs:50, lr:0.05)
<_io.TextIOWrapper name='<stderr>' mode='w' encoding='utf-8'> node index is 189
train linear regression time:  0.05314650014042854
(average_diff:0.03811844046882566, max_diff:0.1777083530467758, training_epochs:50, lr:0.05)
<_io.TextIOWrapper name='<stderr>' mode='w' encoding='utf-8'> node index is 181
train linear regression time:  0.053120207972824574
(average_diff:0.024085591098850546, max_diff:0.07414142160411363, training_epochs:50, lr:0.05)
<_io.TextIOWrapper name='<stderr>' mode='w' encoding='utf-8'> node index is 173
train linear regression time:  0.053598708007484674
(average_diff:0.019105226407409234, max_diff:0.04529761502775154, training_epochs:50, lr:0.05)
<_io.TextIOWrapper name='<stderr>' mode='w' encoding='utf-8'> node index is 163
train linear regression time:  0.05398183315992355
(average_diff:0.0, max_diff:0.0, training_epochs:50, lr:0.05)
<_io.TextIOWrapper name='<stderr>' mode='w' encoding='utf-8'> node index is 153
train linear regression time:  0.054451041854918
(average_diff:0.009614110662322678, max_diff:0.018350505239125736, training_epochs:50, lr:0.05)
<_io.TextIOWrapper name='<stderr>' mode='w' encoding='utf-8'> node index is 221
train linear regression time:  0.053325667046010494
(average_diff:0.12120530851390615, max_diff:0.33567999949931715, training_epochs:50, lr:0.05)
<_io.TextIOWrapper name='<stderr>' mode='w' encoding='utf-8'> node index is 207
train linear regression time:  0.05361591698601842
(average_diff:0.15804710081583168, max_diff:0.6657375909629601, training_epochs:50, lr:0.05)
<_io.TextIOWrapper name='<stderr>' mode='w' encoding='utf-8'> node index is 165
train linear regression time:  0.05418133409693837
(average_diff:0.1211040640291146, max_diff:0.31422015668047154, training_epochs:50, lr:0.05)
<_io.TextIOWrapper name='<stderr>' mode='w' encoding='utf-8'> node index is 155
train linear regression time:  0.05406937515363097
(average_diff:0.16241425873826995, max_diff:0.3264098366837372, training_epochs:50, lr:0.05)
<_io.TextIOWrapper name='<stderr>' mode='w' encoding='utf-8'> node index is 149
train linear regression time:  0.05645466689020395
(average_diff:0.046889813133113634, max_diff:0.14567430314360477, training_epochs:50, lr:0.05)
<_io.TextIOWrapper name='<stderr>' mode='w' encoding='utf-8'> node index is 147
train linear regression time:  0.05548612494021654
(average_diff:0.05077336540785543, max_diff:0.16107513025568543, training_epochs:50, lr:0.05)
<_io.TextIOWrapper name='<stderr>' mode='w' encoding='utf-8'> node index is 143
train linear regression time:  0.055338459089398384
(average_diff:0.03851435868363283, max_diff:0.09583343671527111, training_epochs:50, lr:0.05)
<_io.TextIOWrapper name='<stderr>' mode='w' encoding='utf-8'> node index is 137
train linear regression time:  0.055087834130972624
(average_diff:0.045366215259760215, max_diff:0.14901823329472796, training_epochs:50, lr:0.05)
<_io.TextIOWrapper name='<stderr>' mode='w' encoding='utf-8'> node index is 131
train linear regression time:  0.054764625150710344
(average_diff:0.02934222851652149, max_diff:0.06819746937864707, training_epochs:50, lr:0.05)
<_io.TextIOWrapper name='<stderr>' mode='w' encoding='utf-8'> node index is 123
train linear regression time:  0.05530629213899374
(average_diff:0.0338269817372184, max_diff:0.10155593593364665, training_epochs:50, lr:0.05)
<_io.TextIOWrapper name='<stderr>' mode='w' encoding='utf-8'> node index is 113
train linear regression time:  0.05517400009557605
(average_diff:0.09107388287022533, max_diff:0.5747644507080805, training_epochs:50, lr:0.05)
<_io.TextIOWrapper name='<stderr>' mode='w' encoding='utf-8'> node index is 103
train linear regression time:  0.055438749957829714
(average_diff:0.043526346058460216, max_diff:0.17540592963686819, training_epochs:50, lr:0.05)
<_io.TextIOWrapper name='<stderr>' mode='w' encoding='utf-8'> node index is 93
train linear regression time:  0.055812290869653225
(average_diff:0.02548193051825051, max_diff:0.07951833066722333, training_epochs:50, lr:0.05)
<_io.TextIOWrapper name='<stderr>' mode='w' encoding='utf-8'> node index is 139
train linear regression time:  0.0551643748767674
(average_diff:0.062308383228857886, max_diff:0.21693899788498822, training_epochs:50, lr:0.05)
<_io.TextIOWrapper name='<stderr>' mode='w' encoding='utf-8'> node index is 133
train linear regression time:  0.054935541935265064
(average_diff:0.03563232414587466, max_diff:0.2298960163131834, training_epochs:50, lr:0.05)
<_io.TextIOWrapper name='<stderr>' mode='w' encoding='utf-8'> node index is 125
train linear regression time:  0.05507187498733401
(average_diff:0.08043695895086714, max_diff:0.2949239915600303, training_epochs:50, lr:0.05)
<_io.TextIOWrapper name='<stderr>' mode='w' encoding='utf-8'> node index is 115
train linear regression time:  0.05548279220238328
(average_diff:0.07556235957154099, max_diff:0.2845137911702125, training_epochs:50, lr:0.05)
<_io.TextIOWrapper name='<stderr>' mode='w' encoding='utf-8'> node index is 105
train linear regression time:  0.05493133282288909
(average_diff:0.06111937480047486, max_diff:0.2238291009577812, training_epochs:50, lr:0.05)
<_io.TextIOWrapper name='<stderr>' mode='w' encoding='utf-8'> node index is 95
train linear regression time:  0.05519479187205434
(average_diff:0.07141332767461533, max_diff:0.24391905623461668, training_epochs:50, lr:0.05)
<_io.TextIOWrapper name='<stderr>' mode='w' encoding='utf-8'> node index is 85
train linear regression time:  0.05397979076951742
(average_diff:0.0817848933544196, max_diff:0.2577568636003292, training_epochs:50, lr:0.05)
<_io.TextIOWrapper name='<stderr>' mode='w' encoding='utf-8'> node index is 79
train linear regression time:  0.053662666119635105
(average_diff:0.10415407267048889, max_diff:0.43457544911125606, training_epochs:50, lr:0.05)
<_io.TextIOWrapper name='<stderr>' mode='w' encoding='utf-8'> node index is 73
train linear regression time:  0.05423687491565943
(average_diff:0.07668527119519715, max_diff:0.3402981765022042, training_epochs:50, lr:0.05)
<_io.TextIOWrapper name='<stderr>' mode='w' encoding='utf-8'> node index is 65
train linear regression time:  0.053711541928350925
(average_diff:0.0, max_diff:0.0, training_epochs:50, lr:0.05)
<_io.TextIOWrapper name='<stderr>' mode='w' encoding='utf-8'> node index is 575
train linear regression time:  0.053463291842490435
(average_diff:1.1102230246251565e-16, max_diff:1.1102230246251565e-16, training_epochs:50, lr:0.05)
<_io.TextIOWrapper name='<stderr>' mode='w' encoding='utf-8'> node index is 565
train linear regression time:  0.05347462510690093
(average_diff:0.007268311934742734, max_diff:0.01354224535858825, training_epochs:50, lr:0.05)
<_io.TextIOWrapper name='<stderr>' mode='w' encoding='utf-8'> node index is 557
train linear regression time:  0.05348824989050627
(average_diff:0.0, max_diff:0.0, training_epochs:50, lr:0.05)
<_io.TextIOWrapper name='<stderr>' mode='w' encoding='utf-8'> node index is 553
train linear regression time:  0.05357783380895853
(average_diff:0.008229491431670954, max_diff:0.008347550136409976, training_epochs:50, lr:0.05)
<_io.TextIOWrapper name='<stderr>' mode='w' encoding='utf-8'> node index is 539
train linear regression time:  0.053797584027051926
(average_diff:0.009988029970623832, max_diff:0.015240115926674846, training_epochs:50, lr:0.05)
<_io.TextIOWrapper name='<stderr>' mode='w' encoding='utf-8'> node index is 523
train linear regression time:  0.053581083193421364
(average_diff:1.942890293094024e-16, max_diff:1.942890293094024e-16, training_epochs:50, lr:0.05)
<_io.TextIOWrapper name='<stderr>' mode='w' encoding='utf-8'> node index is 513
train linear regression time:  0.05364662501960993
(average_diff:0.0, max_diff:0.0, training_epochs:50, lr:0.05)
<_io.TextIOWrapper name='<stderr>' mode='w' encoding='utf-8'> node index is 505
train linear regression time:  0.053457874804735184
(average_diff:0.0004976602878877431, max_diff:0.0007322709507108227, training_epochs:50, lr:0.05)
<_io.TextIOWrapper name='<stderr>' mode='w' encoding='utf-8'> node index is 495
train linear regression time:  0.05626395903527737
(average_diff:0.033112621106338405, max_diff:0.06950835261457282, training_epochs:50, lr:0.05)
<_io.TextIOWrapper name='<stderr>' mode='w' encoding='utf-8'> node index is 487
train linear regression time:  0.05603675032034516
(average_diff:0.0881695414207046, max_diff:0.5575612576839909, training_epochs:50, lr:0.05)
<_io.TextIOWrapper name='<stderr>' mode='w' encoding='utf-8'> node index is 47
train linear regression time:  0.055345125030726194
(average_diff:0.00011959654463967091, max_diff:0.00019216831955211344, training_epochs:50, lr:0.05)
<_io.TextIOWrapper name='<stderr>' mode='w' encoding='utf-8'> node index is 397
train linear regression time:  0.053743834141641855
(average_diff:0.09035150197504431, max_diff:0.21767881283118704, training_epochs:50, lr:0.05)
<_io.TextIOWrapper name='<stderr>' mode='w' encoding='utf-8'> node index is 383
train linear regression time:  0.05348549969494343
(average_diff:0.0834012487829958, max_diff:0.11922845757510281, training_epochs:50, lr:0.05)
<_io.TextIOWrapper name='<stderr>' mode='w' encoding='utf-8'> node index is 371
train linear regression time:  0.052929332945495844
(average_diff:0.18009130807719848, max_diff:0.5052308518947396, training_epochs:50, lr:0.05)
<_io.TextIOWrapper name='<stderr>' mode='w' encoding='utf-8'> node index is 357
train linear regression time:  0.053616791032254696
(average_diff:0.0825913200531228, max_diff:0.26097083259939047, training_epochs:50, lr:0.05)
<_io.TextIOWrapper name='<stderr>' mode='w' encoding='utf-8'> node index is 343
train linear regression time:  0.05370345804840326
(average_diff:0.1889102526633048, max_diff:0.4061474621023098, training_epochs:50, lr:0.05)
<_io.TextIOWrapper name='<stderr>' mode='w' encoding='utf-8'> node index is 331
train linear regression time:  0.05357370898127556
(average_diff:0.011760715348428263, max_diff:0.023406640856396654, training_epochs:50, lr:0.05)
<_io.TextIOWrapper name='<stderr>' mode='w' encoding='utf-8'> node index is 319
train linear regression time:  0.05338287493214011
(average_diff:0.18092195345234188, max_diff:0.5230686065316477, training_epochs:50, lr:0.05)
<_io.TextIOWrapper name='<stderr>' mode='w' encoding='utf-8'> node index is 307
train linear regression time:  0.05367141682654619
(average_diff:8.538913431814048e-05, max_diff:0.00012918987081400601, training_epochs:50, lr:0.05)
<_io.TextIOWrapper name='<stderr>' mode='w' encoding='utf-8'> node index is 293
train linear regression time:  0.05333804106339812
(average_diff:0.020270934417439906, max_diff:0.05811096341478317, training_epochs:50, lr:0.05)
<_io.TextIOWrapper name='<stderr>' mode='w' encoding='utf-8'> node index is 277
train linear regression time:  0.05337312538176775
(average_diff:0.01836227550714966, max_diff:0.03753269086341368, training_epochs:50, lr:0.05)
<_io.TextIOWrapper name='<stderr>' mode='w' encoding='utf-8'> node index is 261
train linear regression time:  0.05332420812919736
(average_diff:0.09426940334902326, max_diff:0.21925304909538457, training_epochs:50, lr:0.05)
<_io.TextIOWrapper name='<stderr>' mode='w' encoding='utf-8'> node index is 247
train linear regression time:  0.05329058365896344
(average_diff:0.04171827955828339, max_diff:0.07215912388724932, training_epochs:50, lr:0.05)
<_io.TextIOWrapper name='<stderr>' mode='w' encoding='utf-8'> node index is 533
train linear regression time:  0.05333587480708957
(average_diff:0.009016682201025306, max_diff:0.010592716960585391, training_epochs:50, lr:0.05)
<_io.TextIOWrapper name='<stderr>' mode='w' encoding='utf-8'> node index is 525
train linear regression time:  0.05320670921355486
(average_diff:0.00011020383680326873, max_diff:0.00012045139384830872, training_epochs:50, lr:0.05)
<_io.TextIOWrapper name='<stderr>' mode='w' encoding='utf-8'> node index is 515
train linear regression time:  0.05317087471485138
(average_diff:6.938893903907228e-17, max_diff:6.938893903907228e-17, training_epochs:50, lr:0.05)
<_io.TextIOWrapper name='<stderr>' mode='w' encoding='utf-8'> node index is 503
train linear regression time:  0.05317920818924904
(average_diff:0.10439217417696102, max_diff:0.14595514917913094, training_epochs:50, lr:0.05)
<_io.TextIOWrapper name='<stderr>' mode='w' encoding='utf-8'> node index is 497
train linear regression time:  0.0533695830963552
(average_diff:2.7755575615628914e-17, max_diff:2.7755575615628914e-17, training_epochs:50, lr:0.05)
<_io.TextIOWrapper name='<stderr>' mode='w' encoding='utf-8'> node index is 489
train linear regression time:  0.054216207936406136
(average_diff:0.0, max_diff:0.0, training_epochs:50, lr:0.05)
<_io.TextIOWrapper name='<stderr>' mode='w' encoding='utf-8'> node index is 483
train linear regression time:  0.05329024977982044
(average_diff:0.0, max_diff:0.0, training_epochs:50, lr:0.05)
<_io.TextIOWrapper name='<stderr>' mode='w' encoding='utf-8'> node index is 479
train linear regression time:  0.05331083294004202
(average_diff:0.025306562384554948, max_diff:0.050973549463316004, training_epochs:50, lr:0.05)
<_io.TextIOWrapper name='<stderr>' mode='w' encoding='utf-8'> node index is 463
train linear regression time:  0.053201207891106606
(average_diff:0.007330549806724734, max_diff:0.015105865126555762, training_epochs:50, lr:0.05)
<_io.TextIOWrapper name='<stderr>' mode='w' encoding='utf-8'> node index is 459
train linear regression time:  0.053266165778040886
(average_diff:2.845087776481847e-10, max_diff:3.1404084888109196e-10, training_epochs:50, lr:0.05)
<_io.TextIOWrapper name='<stderr>' mode='w' encoding='utf-8'> node index is 451
train linear regression time:  0.05334904231131077
(average_diff:0.0, max_diff:0.0, training_epochs:50, lr:0.05)
<_io.TextIOWrapper name='<stderr>' mode='w' encoding='utf-8'> node index is 439
train linear regression time:  0.05321600008755922
(average_diff:0.007958521085965786, max_diff:0.01820050160967157, training_epochs:50, lr:0.05)
<_io.TextIOWrapper name='<stderr>' mode='w' encoding='utf-8'> node index is 437
train linear regression time:  0.05316883325576782
(average_diff:0.031131819236347676, max_diff:0.0693888800189762, training_epochs:50, lr:0.05)
<_io.TextIOWrapper name='<stderr>' mode='w' encoding='utf-8'> node index is 117
train linear regression time:  0.05315195815637708
(average_diff:0.022208366055308973, max_diff:0.06001957007382615, training_epochs:50, lr:0.05)
<_io.TextIOWrapper name='<stderr>' mode='w' encoding='utf-8'> node index is 107
train linear regression time:  0.053215124644339085
(average_diff:0.035551859221077856, max_diff:0.14737729201379574, training_epochs:50, lr:0.05)
<_io.TextIOWrapper name='<stderr>' mode='w' encoding='utf-8'> node index is 97
train linear regression time:  0.05326170800253749
(average_diff:0.0504909232640429, max_diff:0.15685295759358703, training_epochs:50, lr:0.05)
<_io.TextIOWrapper name='<stderr>' mode='w' encoding='utf-8'> node index is 87
train linear regression time:  0.05320329172536731
(average_diff:0.059699651051487744, max_diff:0.3279378866958035, training_epochs:50, lr:0.05)
<_io.TextIOWrapper name='<stderr>' mode='w' encoding='utf-8'> node index is 81
train linear regression time:  0.0539729162119329
(average_diff:0.07086217412444198, max_diff:0.27582145428446736, training_epochs:50, lr:0.05)
<_io.TextIOWrapper name='<stderr>' mode='w' encoding='utf-8'> node index is 75
train linear regression time:  0.053371124900877476
(average_diff:0.12041278526320834, max_diff:0.20182517057484284, training_epochs:50, lr:0.05)
<_io.TextIOWrapper name='<stderr>' mode='w' encoding='utf-8'> node index is 567
train linear regression time:  0.053789665922522545
(average_diff:6.3716926488321945e-06, max_diff:7.135650223061285e-06, training_epochs:50, lr:0.05)
<_io.TextIOWrapper name='<stderr>' mode='w' encoding='utf-8'> node index is 559
train linear regression time:  0.05329074990004301
(average_diff:0.0004934793599838672, max_diff:0.0005048133048625447, training_epochs:50, lr:0.05)
<_io.TextIOWrapper name='<stderr>' mode='w' encoding='utf-8'> node index is 555
train linear regression time:  0.05320179183036089
(average_diff:0.02095040108105591, max_diff:0.043352744292411316, training_epochs:50, lr:0.05)
<_io.TextIOWrapper name='<stderr>' mode='w' encoding='utf-8'> node index is 547
train linear regression time:  0.05326662492007017
(average_diff:1.1102230246251565e-16, max_diff:1.1102230246251565e-16, training_epochs:50, lr:0.05)
<_io.TextIOWrapper name='<stderr>' mode='w' encoding='utf-8'> node index is 527
train linear regression time:  0.053265416994690895
(average_diff:3.4270400517399935e-08, max_diff:4.095631378486786e-08, training_epochs:50, lr:0.05)
<_io.TextIOWrapper name='<stderr>' mode='w' encoding='utf-8'> node index is 507
train linear regression time:  0.0539732500910759
(average_diff:0.16154076510067256, max_diff:0.5732426335313432, training_epochs:50, lr:0.05)
<_io.TextIOWrapper name='<stderr>' mode='w' encoding='utf-8'> node index is 59
train linear regression time:  0.054767957888543606
(average_diff:0.09463153013217009, max_diff:0.4058556077852692, training_epochs:50, lr:0.05)
<_io.TextIOWrapper name='<stderr>' mode='w' encoding='utf-8'> node index is 49
train linear regression time:  0.0534376660361886
(average_diff:5.551115123125783e-17, max_diff:1.1102230246251565e-16, training_epochs:50, lr:0.05)
<_io.TextIOWrapper name='<stderr>' mode='w' encoding='utf-8'> node index is 569
train linear regression time:  0.0532686673104763
(average_diff:0.0, max_diff:0.0, training_epochs:50, lr:0.05)
<_io.TextIOWrapper name='<stderr>' mode='w' encoding='utf-8'> node index is 561
train linear regression time:  0.053266957867890596
(average_diff:1.6653345369377348e-16, max_diff:1.6653345369377348e-16, training_epochs:50, lr:0.05)
<_io.TextIOWrapper name='<stderr>' mode='w' encoding='utf-8'> node index is 543
train linear regression time:  0.05326062487438321
(average_diff:5.680725062573444e-08, max_diff:5.690071352981718e-08, training_epochs:50, lr:0.05)
<_io.TextIOWrapper name='<stderr>' mode='w' encoding='utf-8'> node index is 535
train linear regression time:  0.05312712490558624
(average_diff:0.013820079500731781, max_diff:0.023107434583172548, training_epochs:50, lr:0.05)
<_io.TextIOWrapper name='<stderr>' mode='w' encoding='utf-8'> node index is 529
train linear regression time:  0.053373333998024464
(average_diff:1.1102230246251565e-16, max_diff:1.1102230246251565e-16, training_epochs:50, lr:0.05)
<_io.TextIOWrapper name='<stderr>' mode='w' encoding='utf-8'> node index is 517
train linear regression time:  0.053461375180631876
(average_diff:0.0018464263183486929, max_diff:0.0019014467659708156, training_epochs:50, lr:0.05)
<_io.TextIOWrapper name='<stderr>' mode='w' encoding='utf-8'> node index is 509
train linear regression time:  0.05363983288407326
(average_diff:0.0, max_diff:0.0, training_epochs:50, lr:0.05)
<_io.TextIOWrapper name='<stderr>' mode='w' encoding='utf-8'> node index is 499
train linear regression time:  0.05359433265402913
(average_diff:0.005982320758609346, max_diff:0.009519141661293085, training_epochs:50, lr:0.05)
<_io.TextIOWrapper name='<stderr>' mode='w' encoding='utf-8'> node index is 491
train linear regression time:  0.05345425009727478
(average_diff:0.010090761654670419, max_diff:0.01727785306297977, training_epochs:50, lr:0.05)
<_io.TextIOWrapper name='<stderr>' mode='w' encoding='utf-8'> node index is 385
train linear regression time:  0.053226458840072155
(average_diff:0.009058630988589545, max_diff:0.012935723059354864, training_epochs:50, lr:0.05)
<_io.TextIOWrapper name='<stderr>' mode='w' encoding='utf-8'> node index is 373
train linear regression time:  0.05316433310508728
(average_diff:0.0, max_diff:0.0, training_epochs:50, lr:0.05)
<_io.TextIOWrapper name='<stderr>' mode='w' encoding='utf-8'> node index is 359
train linear regression time:  0.05320333270356059
(average_diff:0.07236373330937206, max_diff:0.2170153129311589, training_epochs:50, lr:0.05)
<_io.TextIOWrapper name='<stderr>' mode='w' encoding='utf-8'> node index is 345
train linear regression time:  0.05398837476968765
(average_diff:0.0931999642624048, max_diff:0.1806456063897102, training_epochs:50, lr:0.05)
<_io.TextIOWrapper name='<stderr>' mode='w' encoding='utf-8'> node index is 321
train linear regression time:  0.054707958828657866
(average_diff:0.07223028810740621, max_diff:0.14032254507840408, training_epochs:50, lr:0.05)
<_io.TextIOWrapper name='<stderr>' mode='w' encoding='utf-8'> node index is 295
train linear regression time:  0.05606558406725526
(average_diff:0.18327448337419472, max_diff:0.36719268647242953, training_epochs:50, lr:0.05)
<_io.TextIOWrapper name='<stderr>' mode='w' encoding='utf-8'> node index is 279
train linear regression time:  0.05353249981999397
(average_diff:0.0003342184872983193, max_diff:0.00048199942892751535, training_epochs:50, lr:0.05)
<_io.TextIOWrapper name='<stderr>' mode='w' encoding='utf-8'> node index is 263
train linear regression time:  0.053243583999574184
(average_diff:0.02336067850714207, max_diff:0.06835070762287165, training_epochs:50, lr:0.05)
<_io.TextIOWrapper name='<stderr>' mode='w' encoding='utf-8'> node index is 249
train linear regression time:  0.05445774970576167
(average_diff:0.05498808762840612, max_diff:0.11165569315836699, training_epochs:50, lr:0.05)
<_io.TextIOWrapper name='<stderr>' mode='w' encoding='utf-8'> node index is 237
train linear regression time:  0.053521167021244764
(average_diff:0.026810872771852422, max_diff:0.04665342451804386, training_epochs:50, lr:0.05)
<_io.TextIOWrapper name='<stderr>' mode='w' encoding='utf-8'> node index is 265
train linear regression time:  0.0540261659771204
(average_diff:0.0, max_diff:0.0, training_epochs:50, lr:0.05)
<_io.TextIOWrapper name='<stderr>' mode='w' encoding='utf-8'> node index is 251
train linear regression time:  0.05307870917022228
(average_diff:0.08290400229055762, max_diff:0.37308236795232175, training_epochs:50, lr:0.05)
<_io.TextIOWrapper name='<stderr>' mode='w' encoding='utf-8'> node index is 239
train linear regression time:  0.053316792007535696
(average_diff:0.07548394083795532, max_diff:0.1973722307775439, training_epochs:50, lr:0.05)
<_io.TextIOWrapper name='<stderr>' mode='w' encoding='utf-8'> node index is 223
train linear regression time:  0.05316116660833359
(average_diff:0.013452987530833441, max_diff:0.027618442759344608, training_epochs:50, lr:0.05)
<_io.TextIOWrapper name='<stderr>' mode='w' encoding='utf-8'> node index is 209
train linear regression time:  0.05347937485203147
(average_diff:0.09678963554871743, max_diff:0.17838330555997106, training_epochs:50, lr:0.05)
<_io.TextIOWrapper name='<stderr>' mode='w' encoding='utf-8'> node index is 199
train linear regression time:  0.05325879203155637
(average_diff:0.1044894619490872, max_diff:0.4026536688707964, training_epochs:50, lr:0.05)
<_io.TextIOWrapper name='<stderr>' mode='w' encoding='utf-8'> node index is 191
train linear regression time:  0.053338208235800266
(average_diff:0.11720453755965808, max_diff:0.20331796852292228, training_epochs:50, lr:0.05)
<_io.TextIOWrapper name='<stderr>' mode='w' encoding='utf-8'> node index is 183
train linear regression time:  0.05326062487438321
(average_diff:0.1124713860602433, max_diff:0.21665010143290975, training_epochs:50, lr:0.05)
<_io.TextIOWrapper name='<stderr>' mode='w' encoding='utf-8'> node index is 175
train linear regression time:  0.05326033290475607
(average_diff:0.09124613625388081, max_diff:0.24347948641552408, training_epochs:50, lr:0.05)
<_io.TextIOWrapper name='<stderr>' mode='w' encoding='utf-8'> node index is 167
train linear regression time:  0.05336262518540025
(average_diff:0.07670137833873444, max_diff:0.17356201080042077, training_epochs:50, lr:0.05)
<_io.TextIOWrapper name='<stderr>' mode='w' encoding='utf-8'> node index is 157
train linear regression time:  0.05338700022548437
(average_diff:0.0, max_diff:0.0, training_epochs:50, lr:0.05)
<_io.TextIOWrapper name='<stderr>' mode='w' encoding='utf-8'> node index is 323
train linear regression time:  0.05330408317968249
(average_diff:0.0, max_diff:0.0, training_epochs:50, lr:0.05)
<_io.TextIOWrapper name='<stderr>' mode='w' encoding='utf-8'> node index is 309
train linear regression time:  0.05336204217746854
(average_diff:0.08808340521767635, max_diff:0.17589794563814298, training_epochs:50, lr:0.05)
<_io.TextIOWrapper name='<stderr>' mode='w' encoding='utf-8'> node index is 297
train linear regression time:  0.05324395885691047
(average_diff:0.15543614206902626, max_diff:0.26630943666479473, training_epochs:50, lr:0.05)
<_io.TextIOWrapper name='<stderr>' mode='w' encoding='utf-8'> node index is 283
train linear regression time:  0.05325454194098711
(average_diff:0.07652264091593036, max_diff:0.2130812129446678, training_epochs:50, lr:0.05)
<_io.TextIOWrapper name='<stderr>' mode='w' encoding='utf-8'> node index is 267
train linear regression time:  0.05330937495455146
(average_diff:0.16783138462180947, max_diff:0.6097402805570087, training_epochs:50, lr:0.05)
<_io.TextIOWrapper name='<stderr>' mode='w' encoding='utf-8'> node index is 225
train linear regression time:  0.05347987497225404
(average_diff:0.218716489401963, max_diff:0.423421833092541, training_epochs:50, lr:0.05)
<_io.TextIOWrapper name='<stderr>' mode='w' encoding='utf-8'> node index is 211
train linear regression time:  0.05340670794248581
(average_diff:0.13128423871303493, max_diff:0.318048913714567, training_epochs:50, lr:0.05)
<_io.TextIOWrapper name='<stderr>' mode='w' encoding='utf-8'> node index is 185
train linear regression time:  0.05428300006315112
(average_diff:0.11700255449091526, max_diff:0.4868029209653083, training_epochs:50, lr:0.05)
<_io.TextIOWrapper name='<stderr>' mode='w' encoding='utf-8'> node index is 177
train linear regression time:  0.05334108415991068
(average_diff:0.19795664889924913, max_diff:0.5270944274342121, training_epochs:50, lr:0.05)
<_io.TextIOWrapper name='<stderr>' mode='w' encoding='utf-8'> node index is 169
train linear regression time:  0.0532409162260592
(average_diff:0.026981048626023667, max_diff:0.05341169341515044, training_epochs:50, lr:0.05)
<_io.TextIOWrapper name='<stderr>' mode='w' encoding='utf-8'> node index is 159
train linear regression time:  0.0532900826074183
(average_diff:0.1186739788064103, max_diff:0.27108317260785647, training_epochs:50, lr:0.05)
<_io.TextIOWrapper name='<stderr>' mode='w' encoding='utf-8'> node index is 151
train linear regression time:  0.05316654173657298
(average_(average_diff:0.0389113658250138, max_diff:0.09505283524126418, training_epochs:50, lr:0.05)
<_io.TextIOWrapper name='<stderr>' mode='w' encoding='utf-8'> node index is 135
train linear regression time:  0.05362583277747035
(average_diff:0.051985619967723676, max_diff:0.10050684217859812, training_epochs:50, lr:0.05)
<_io.TextIOWrapper name='<stderr>' mode='w' encoding='utf-8'> node index is 129
train linear regression time:  0.05329929105937481
(average_diff:0.035015832392427566, max_diff:0.13766620636195387, training_epochs:50, lr:0.05)
<_io.TextIOWrapper name='<stderr>' mode='w' encoding='utf-8'> node index is 119
train linear regression time:  0.053374750073999166
(average_diff:0.03892118379708013, max_diff:0.10978154764919917, training_epochs:50, lr:0.05)
<_io.TextIOWrapper name='<stderr>' mode='w' encoding='utf-8'> node index is 109
train linear regression time:  0.05328145902603865
(average_diff:0.0418420427065695, max_diff:0.16200853490536476, training_epochs:50, lr:0.05)
<_io.TextIOWrapper name='<stderr>' mode='w' encoding='utf-8'> node index is 99
train linear regression time:  0.05344312498345971
(average_diff:2.7755575615628914e-17, max_diff:2.7755575615628914e-17, training_epochs:50, lr:0.05)
<_io.TextIOWrapper name='<stderr>' mode='w' encoding='utf-8'> node index is 447
train linear regression time:  0.053460500203073025
(average_diff:0.02669545361515155, max_diff:0.04233402822452337, training_epochs:50, lr:0.05)
<_io.TextIOWrapper name='<stderr>' mode='w' encoding='utf-8'> node index is 441
train linear regression time:  0.05319916596636176
(average_diff:0.01573285825583261, max_diff:0.03156937206969798, training_epochs:50, lr:0.05)
<_io.TextIOWrapper name='<stderr>' mode='w' encoding='utf-8'> node index is 435
train linear regression time:  0.05326333409175277
(average_diff:0.0, max_diff:0.0, training_epochs:50, lr:0.05)
<_io.TextIOWrapper name='<stderr>' mode='w' encoding='utf-8'> node index is 429
train linear regression time:  0.053283541928976774
(average_diff:0.0011428836866785401, max_diff:0.0017065556136398874, training_epochs:50, lr:0.05)
<_io.TextIOWrapper name='<stderr>' mode='w' encoding='utf-8'> node index is 421
train linear regression time:  0.05295358318835497
(average_diff:0.006689930935161594, max_diff:0.1875058104003577, training_epochs:50, lr:0.05)
<_io.TextIOWrapper name='<stderr>' mode='w' encoding='utf-8'> node index is 69
train linear regression time:  0.05608604196459055
(average_diff:0.0686742713698689, max_diff:0.2532600056119892, training_epochs:50, lr:0.05)
<_io.TextIOWrapper name='<stderr>' mode='w' encoding='utf-8'> node index is 61
train linear regression time:  0.0536250420846045
(average_diff:0.09456792464531937, max_diff:0.48016927495698386, training_epochs:50, lr:0.05)
<_io.TextIOWrapper name='<stderr>' mode='w' encoding='utf-8'> node index is 53
train linear regression time:  0.053574665915220976
(average_diff:0.02883166552291346, max_diff:0.053865868671711004, training_epochs:50, lr:0.05)
<_io.TextIOWrapper name='<stderr>' mode='w' encoding='utf-8'> node index is 401
train linear regression time:  0.053344291634857655
(average_diff:0.0006116791028859583, max_diff:0.0009412420867943999, training_epochs:50, lr:0.05)
<_io.TextIOWrapper name='<stderr>' mode='w' encoding='utf-8'> node index is 387
train linear regression time:  0.053669792134314775
(average_diff:0.009240972235420104, max_diff:0.020975391689971312, training_epochs:50, lr:0.05)
<_io.TextIOWrapper name='<stderr>' mode='w' encoding='utf-8'> node index is 375
train linear regression time:  0.05430587474256754
(average_diff:0.0063304901228632415, max_diff:0.008997398711957372, training_epochs:50, lr:0.05)
<_io.TextIOWrapper name='<stderr>' mode='w' encoding='utf-8'> node index is 361
train linear regression time:  0.053320708218961954
(average_diff:0.030778067229820127, max_diff:0.07127992383511245, training_epochs:50, lr:0.05)
<_io.TextIOWrapper name='<stderr>' mode='w' encoding='utf-8'> node index is 347
train linear regression time:  0.05341283418238163
(average_diff:0.17345821432402625, max_diff:0.2785968699504032, training_epochs:50, lr:0.05)
<_io.TextIOWrapper name='<stderr>' mode='w' encoding='utf-8'> node index is 311
train linear regression time:  0.053324750158935785
(average_diff:0.06576724370512682, max_diff:0.144753918763047, training_epochs:50, lr:0.05)
<_io.TextIOWrapper name='<stderr>' mode='w' encoding='utf-8'> node index is 299
train linear regression time:  0.0531651247292757
(average_diff:0.10997191321649095, max_diff:0.4598145239962127, training_epochs:50, lr:0.05)
<_io.TextIOWrapper name='<stderr>' mode='w' encoding='utf-8'> node index is 285
train linear regression time:  0.053136666771024466
(average_diff:0.01911510332670359, max_diff:0.03395155236719752, training_epochs:50, lr:0.05)
<_io.TextIOWrapper name='<stderr>' mode='w' encoding='utf-8'> node index is 269
train linear regression time:  0.05316970916464925
(average_diff:0.00208451122551806, max_diff:0.0021551575564977554, training_epochs:50, lr:0.05)
<_io.TextIOWrapper name='<stderr>' mode='w' encoding='utf-8'> node index is 415
train linear regression time:  0.053163833916187286
(average_diff:0.012484717061351958, max_diff:0.01798186224040202, training_epochs:50, lr:0.05)
<_io.TextIOWrapper name='<stderr>' mode='w' encoding='utf-8'> node index is 411
train linear regression time:  0.05317599978297949
(average_diff:2.7311139461083656e-11, max_diff:2.946637378542505e-11, training_epochs:50, lr:0.05)
<_io.TextIOWrapper name='<stderr>' mode='w' encoding='utf-8'> node index is 403
train linear regression time:  0.0531118749640882
(average_diff:0.05959851902009491, max_diff:0.11312391455269444, training_epochs:50, lr:0.05)
<_io.TextIOWrapper name='<stderr>' mode='w' encoding='utf-8'> node index is 389
train linear regression time:  0.053031207993626595
(average_diff:0.04252895644220944, max_diff:0.08624560370529372, training_epochs:50, lr:0.05)
<_io.TextIOWrapper name='<stderr>' mode='w' encoding='utf-8'> node index is 377
train linear regression time:  0.05314504122361541
(average_diff:0.013115171550787374, max_diff:0.02686529016893141, training_epochs:50, lr:0.05)
<_io.TextIOWrapper name='<stderr>' mode='w' encoding='utf-8'> node index is 363
train linear regression time:  0.0531811248511076
(average_diff:0.06599808006500026, max_diff:0.12111808881643144, training_epochs:50, lr:0.05)
<_io.TextIOWrapper name='<stderr>' mode='w' encoding='utf-8'> node index is 349
train linear regression time:  0.05333320889621973
(average_diff:0.04664131965799093, max_diff:0.08876302583992718, training_epochs:50, lr:0.05)
<_io.TextIOWrapper name='<stderr>' mode='w' encoding='utf-8'> node index is 335
train linear regression time:  0.05311837512999773
(average_diff:0.012208647953976881, max_diff:0.01462824197694046, training_epochs:50, lr:0.05)
<_io.TextIOWrapper name='<stderr>' mode='w' encoding='utf-8'> node index is 325
train linear regression time:  0.053153292275965214
(average_diff:0.09988154662165812, max_diff:0.24268317637531273, training_epochs:50, lr:0.05)
<_io.TextIOWrapper name='<stderr>' mode='w' encoding='utf-8'> node index is 313
train linear regression time:  0.053239834029227495
(average_diff:0.0, max_diff:0.0, training_epochs:50, lr:0.05)
<_io.TextIOWrapper name='<stderr>' mode='w' encoding='utf-8'> node index is 443
train linear regression time:  0.05311941681429744
(average_diff:0.10184618643056394, max_diff:0.23183324923066012, training_epochs:50, lr:0.05)
<_io.TextIOWrapper name='<stderr>' mode='w' encoding='utf-8'> node index is 431
train linear regression time:  0.05387745797634125
(average_diff:0.0, max_diff:0.0, training_epochs:50, lr:0.05)
<_io.TextIOWrapper name='<stderr>' mode='w' encoding='utf-8'> node index is 425
train linear regression time:  0.05451495898887515
(average_diff:0.0013224669732966692, max_diff:0.001937416155647298, training_epochs:50, lr:0.05)
<_io.TextIOWrapper name='<stderr>' mode='w' encoding='utf-8'> node index is 419
train linear regression time:  0.0563871250487864
(average_diff:0.0006084030889453492, max_diff:0.0009128800510689317, training_epochs:50,<_io.TextI<_io.TextIOWrapper name='<stderr>' mode='w' encoding='utf-8'> node index is 413
train linear regression time:  0.053559415973722935
(average_diff:0.01440572564017345, max_diff:0.026085532242738463, training_epochs:50, lr:0.05)
<_io.TextIOWrapper name='<stderr>' mode='w' encoding='utf-8'> node index is 405
train linear regression time:  0.05321291694417596
(average_diff:0.0, max_diff:0.0, training_epochs:50, lr:0.05)
<_io.TextIOWrapper name='<stderr>' mode='w' encoding='utf-8'> node index is 391
train linear regression time:  0.05330816702917218
(average_diff:3.6293190674996367e-13, max_diff:3.6648462042876417e-13, training_epochs:50, lr:0.05)
<_io.TextIOWrapper name='<stderr>' mode='w' encoding='utf-8'> node index is 379
train linear regression time:  0.05318429181352258
(average_diff:0.04574307429283474, max_diff:0.1317331645691543, training_epochs:50, lr:0.05)
<_io.TextIOWrapper name='<stderr>' mode='w' encoding='utf-8'> node index is 365
train linear regression time:  0.05328308278694749
(average_diff:0.053069648243502306, max_diff:0.07845825974133036, training_epochs:50, lr:0.05)
<_io.TextIOWrapper name='<stderr>' mode='w' encoding='utf-8'> node index is 351
train linear regression time:  0.05316975014284253
(average_diff:1.2460460751415048e-05, max_diff:1.2855740889133882e-05, training_epochs:50, lr:0.05)
<_io.TextIOWrapper name='<stderr>' mode='w' encoding='utf-8'> node index is 337
train linear regression time:  0.05306679243221879
(average_diff:0.13000610414668407, max_diff:0.5092760884318326, training_epochs:50, lr:0.05)
<_io.TextIOWrapper name='<stderr>' mode='w' encoding='utf-8'> node index is 393
train linear regression time:  0.05330395791679621
(average_diff:1.6653345369377348e-16, max_diff:2.220446049250313e-16, training_epochs:50, lr:0.05)
<_io.TextIOWrapper name='<stderr>' mode='w' encoding='utf-8'> node index is 301
train linear regression time:  0.05304474988952279
(average_diff:0.12189049630975826, max_diff:0.26681320818731885, training_epochs:50, lr:0.05)
<_io.TextIOWrapper name='<stderr>' mode='w' encoding='utf-8'> node index is 271
train linear regression time:  0.05314329219982028
(average_diff:0.07753136223803364, max_diff:0.2015997617312948, training_epochs:50, lr:0.05)
<_io.TextIOWrapper name='<stderr>' mode='w' encoding='utf-8'> node index is 253
train linear regression time:  0.053566791117191315
(average_diff:0.18129411630995618, max_diff:0.4573889988050037, training_epochs:50, lr:0.05)
<_io.TextIOWrapper name='<stderr>' mode='w' encoding='utf-8'> node index is 227
train linear regression time:  0.053949540946632624
(average_diff:0.16471616091277969, max_diff:0.3480613980521043, training_epochs:50, lr:0.05)
<_io.TextIOWrapper name='<stderr>' mode='w' encoding='utf-8'> node index is 213
train linear regression time:  0.05319566698744893
(average_diff:0.06278665217822699, max_diff:0.15747034409881003, training_epochs:50, lr:0.05)
<_io.TextIOWrapper name='<stderr>' mode='w' encoding='utf-8'> node index is 201
train linear regression time:  0.053187166806310415
(average_diff:2.7755575615628914e-17, max_diff:5.551115123125783e-17, training_epochs:50, lr:0.05)
<_io.TextIOWrapper name='<stderr>' mode='w' encoding='utf-8'> node index is 193
train linear regression time:  0.05320016713812947
(average_diff:0.03009290155884551, max_diff:0.07820402946737548, training_epochs:50, lr:0.05)
<_io.TextIOWrapper name='<stderr>' mode='w' encoding='utf-8'> node index is 187
train linear regression time:  0.053259582724422216
(average_diff:0.043390398813570354, max_diff:0.1322035927745755, training_epochs:50, lr:0.05)
<_io.TextIOWrapper name='<stderr>' mode='w' encoding='utf-8'> node index is 179
train linear regression time:  0.05315450020134449
(average_diff:0.0, max_diff:0.0, training_epochs:50, lr:0.05)
<_io.TextIOWrapper name='<stderr>' mode='w' encoding='utf-8'> node index is 171
train linear regression time:  0.05324079189449549
(average_diff:0.11395369276800771, max_diff:0.27594368039892414, training_epochs:50, lr:0.05)
<_io.TextIOWrapper name='<stderr>' mode='w' encoding='utf-8'> node index is 161
train linear regression time:  0.054167875088751316
(average_diff:0.00048448850221381273, max_diff:0.0007605895496856641, training_epochs:50, lr:0.05)
<_io.TextIOWrapper name='<stderr>' mode='w' encoding='utf-8'> node index is 367
train linear regression time:  0.053068291395902634
(average_diff:0.0, max_diff:0.0, training_epochs:50, lr:0.05)
<_io.TextIOWrapper name='<stderr>' mode='w' encoding='utf-8'> node index is 353
train linear regression time:  0.053820583038032055
(average_diff:2.5518139569635778e-05, max_diff:2.5814041466842852e-05, training_epochs:50, lr:0.05)
<_io.TextIOWrapper name='<stderr>' mode='w' encoding='utf-8'> node index is 339
train linear regression time:  0.05328429210931063
(average_diff:0.02893233356960556, max_diff:0.08881371084462986, training_epochs:50, lr:0.05)
<_io.TextIOWrapper name='<stderr>' mode='w' encoding='utf-8'> node index is 327
train linear regression time:  0.05304504092782736
(average_diff:0.027610106148619713, max_diff:0.15213734292073744, training_epochs:50, lr:0.05)
<_io.TextIOWrapper name='<stderr>' mode='w' encoding='utf-8'> node index is 315
train linear regression time:  0.053215582855045795
(average_diff:0.017117845094202055, max_diff:0.03599221210430803, training_epochs:50, lr:0.05)
<_io.TextIOWrapper name='<stderr>' mode='w' encoding='utf-8'> node index is 303
train linear regression time:  0.05326108308508992
(average_diff:0.0404321839950331, max_diff:0.08524685980472824, training_epochs:50, lr:0.05)
<_io.TextIOWrapper name='<stderr>' mode='w' encoding='utf-8'> node index is 287
train linear regression time:  0.05306929117068648
(average_diff:0.07350381168654573, max_diff:0.1567103583335856, training_epochs:50, lr:0.05)
<_io.TextIOWrapper name='<stderr>' mode='w' encoding='utf-8'> node index is 273
train linear regression time:  0.05310862511396408
(average_diff:0.09075876108026985, max_diff:0.5373371456733415, training_epochs:50, lr:0.05)
<_io.TextIOWrapper name='<stderr>' mode='w' encoding='utf-8'> node index is 255
train linear regression time:  0.05319754173979163
(average_diff:0.021743470157093353, max_diff:0.045006010597380075, training_epochs:50, lr:0.05)
<_io.TextIOWrapper name='<stderr>' mode='w' encoding='utf-8'> node index is 241
train linear regression time:  0.0531916250474751
(average_diff:0.1882828487467163, max_diff:0.4694272260684043, training_epochs:50, lr:0.05)
<_io.TextIOWrapper name='<stderr>' mode='w' encoding='utf-8'> node index is 229
train linear regression time:  0.05311379209160805
(average_diff:0.11857482015987804, max_diff:0.3805571681255202, training_epochs:50, lr:0.05)
<_io.TextIOWrapper name='<stderr>' mode='w' encoding='utf-8'> node index is 215
train linear regression time:  0.05311612505465746
(average_diff:0.05117688588841674, max_diff:0.12607863739915437, training_epochs:50, lr:0.05)
<_io.TextIOWrapper name='<stderr>' mode='w' encoding='utf-8'> node index is 203
train linear regression time:  0.053233624901622534
(average_diff:0.019616054617648027, max_diff:0.03838885909287304, training_epochs:50, lr:0.05)
<_io.TextIOWrapper name='<stderr>' mode='w' encoding='utf-8'> node index is 195
train linear regression time:  0.053066291846334934
(average_diff:0.15940870258377388, max_diff:0.34781624806400824, training_epochs:50, lr:0.05)
<_io.TextIOWrapper name='<stderr>' mode='w' encoding='utf-8'> node index is 7
train linear regression time:  0.053126666229218245
(average_diff:0.13605378371107316, max_diff:0.43834953798003995, training_epochs:50, lr:0.05)
<_io.TextIOWrapper name='<stderr>' mode='w' encoding='utf-8'> node index is 5
train linear regression time:  0.05332416668534279
testFringe time:  13.565796791110188
<_io.TextIOWrapper name='<stderr>' mode='w' encoding='utf-8'> =============== update finished ===============

*** Writing Game File 92***

<_io.TextIOWrapper name='../print_tree_record_numpy/print_DM_boost_linear_tree_split.txt' mode='w' encoding='UTF-8'> idx1(Q:0.3995, distinct_name:0, dictinctin_value:2.569683891588169, par:None)
	idx4(Q:0.4001, distinct_name:0, dictinctin_value:2.507749956207568, par:1)
		idx6(Q:0.4001, distinct_name:0, dictinctin_value:-0.050698982385153205, par:4)
			idx8(Q:0.4589, distinct_name:0, dictinctin_value:-0.5002368440471089, par:6)
				idx10(Q:0.5065, distinct_name:3, dictinctin_value:0.7373220788164561, par:8)
					idx12(Q:0.4812, distinct_name:1, dictinctin_value:0.8498558206992594, par:10)
						idx18(Q:0.4305, distinct_name:2, dictinctin_value:0.8559921607301466, par:12)
							idx24(Q:0.4243, distinct_name:0, dictinctin_value:-0.5901212893723445, par:18)
								idx30(Q:0.4318, distinct_name:2, dictinctin_value:0.5095422779981766, par:24)
									idx38(Q:0.4503, distinct_name:2, dictinctin_value:0.24909091887867726, par:30)
										idx44(Q:0.4793, distinct_name:2, dictinctin_value:-0.06052347242753761, par:38)
											idx54(Q:0.5249, distinct_name:2, dictinctin_value:-0.16873413911779458, par:44)
												idx62(Q:0.5492, distinct_name:2, dictinctin_value:-0.3117760123070312, par:54)
													idx70(Q:0.5933, distinct_name:2, dictinctin_value:-0.36929151673896154, par:62)
														idx76(Q:0.6200, distinct_name:2, dictinctin_value:-0.4513587540231024, par:70)
															idx82(Q:0.6557, distinct_name:2, dictinctin_value:-0.49926091712096626, par:76)
																idx90(Q:0.6722, distinct_name:2, dictinctin_value:-0.5261921216626007, par:82)
																	idx100(Q:0.6836, distinct_name:2, dictinctin_value:-0.5682634996789567, par:90)
																		idx110(Q:0.6999, distinct_name:2, dictinctin_value:-0.576514535000767, par:100)
																			idx120(Q:0.7031, par:110)
																			idx121(Q:0.3963, par:110)
																		idx111(Q:0.3635, par:100)
																	idx101(Q:0.3596, par:90)
																idx91(Q:0.3302, par:82)
															idx83(Q:0.2994, par:76)
														idx77(Q:0.2726, par:70)
													idx71(Q:0.2686, distinct_name:0, dictinctin_value:-0.603707487356605, par:62)
														idx602(Q:0.2711, par:71)
														idx603(Q:0.1432, par:71)
												idx63(Q:0.2211, par:54)
											idx55(Q:0.2431, distinct_name:0, dictinctin_value:-0.6476910175840919, par:44)
												idx464(Q:0.2464, distinct_name:3, dictinctin_value:0.6680194197252473, par:55)
													idx468(Q:0.2433, distinct_name:0, dictinctin_value:-0.6858015235311999, par:464)
														idx474(Q:0.2438, distinct_name:2, dictinctin_value:0.24031958562965672, par:468)
															idx480(Q:0.2423, distinct_name:2, dictinctin_value:0.22712878489931437, par:474)
																idx484(Q:0.2439, distinct_name:0, dictinctin_value:-0.6984661740702743, par:480)
																	idx492(Q:0.2421, distinct_name:2, dictinctin_value:0.2205862992769331, par:484)
																		idx500(Q:0.2418, distinct_name:1, dictinctin_value:0.7515347460969897, par:492)
																			idx518(Q:0.2411, par:500)
																			idx519(Q:0.2625, par:500)
																		idx501(Q:0.2751, par:492)
																	idx493(Q:0.3077, par:484)
																idx485(Q:0.1301, par:480)
															idx481(Q:0.2797, par:474)
														idx475(Q:0.1567, par:468)
													idx469(Q:0.3624, par:464)
												idx465(Q:0.1184, par:55)
										idx45(Q:0.2489, distinct_name:0, dictinctin_value:-0.6043607795061433, par:38)
											idx510(Q:0.2511, distinct_name:1, dictinctin_value:0.8144916165556727, par:45)
												idx520(Q:0.2448, distinct_name:1, dictinctin_value:0.7699133155688844, par:510)
													idx530(Q:0.2416, distinct_name:2, dictinctin_value:0.5073691095938268, par:520)
														idx536(Q:0.2412, distinct_name:0, dictinctin_value:-0.6190066933050004, par:530)
															idx548(Q:0.2401, distinct_name:0, dictinctin_value:-0.6463225202144014, par:536)
																idx570(Q:0.2392, distinct_name:0, dictinctin_value:-0.6564390430626009, par:548)
																	idx580(Q:0.2411, distinct_name:3, dictinctin_value:0.6572555751708343, par:570)
																		idx586(Q:0.2404, distinct_name:3, dictinctin_value:0.6217208412298194, par:580)
																			idx590(Q:0.2386, par:586)
																			idx591(Q:0.3104, par:586)
																		idx587(Q:0.2818, par:580)
																	idx581(Q:0.1275, par:570)
																idx571(Q:0.2672, par:548)
															idx549(Q:0.3743, par:536)
														idx537(Q:0.2606, par:530)
													idx531(Q:0.3479, par:520)
												idx521(Q:0.5313, par:510)
											idx511(Q:0.1507, par:45)
									idx39(Q:0.3187, distinct_name:1, dictinctin_value:0.8040063207197937, par:30)
										idx426(Q:0.3160, distinct_name:2, dictinctin_value:0.8419373683110459, par:39)
											idx432(Q:0.3181, distinct_name:0, dictinctin_value:-0.6009391153368029, par:426)
												idx444(Q:0.3200, distinct_name:0, dictinctin_value:-0.6041087413020046, par:432)
													idx448(Q:0.3198, distinct_name:0, dictinctin_value:-0.6100701052011255, par:444)
														idx456(Q:0.3204, distinct_name:0, dictinctin_value:-0.6407957166920598, par:448)
															idx460(Q:0.3249, distinct_name:0, dictinctin_value:-0.6555246386975058, par:456)
																idx466(Q:0.3270, distinct_name:0, dictinctin_value:-0.6720161756487143, par:460)
																	idx470(Q:0.3302, distinct_name:0, dictinctin_value:-0.6781083126032775, par:466)
																		idx472(Q:0.3303, distinct_name:0, dictinctin_value:-0.7020609777266955, par:470)
																			idx476(Q:0.3329, par:472)
																			idx477(Q:0.2334, par:472)
																		idx473(Q:0.3250, par:470)
																	idx471(Q:0.0686, par:466)
																idx467(Q:0.1550, par:460)
															idx461(Q:0.1355, par:456)
														idx457(Q:0.3007, par:448)
													idx449(Q:0.3527, par:444)
												idx445(Q:0.1599, par:432)
											idx433(Q:0.2225, par:426)
										idx427(Q:0.4793, par:39)
								idx31(Q:0.3536, distinct_name:0, dictinctin_value:-0.5002719881995846, par:24)
									idx544(Q:0.3539, distinct_name:1, dictinctin_value:0.7593054056611713, par:31)
										idx550(Q:0.3507, distinct_name:0, dictinctin_value:-0.5062520951871772, par:544)
											idx562(Q:0.3554, distinct_name:0, dictinctin_value:-0.5080035363270362, par:550)
												idx572(Q:0.3605, distinct_name:0, dictinctin_value:-0.5084639498879526, par:562)
													idx582(Q:0.3612, distinct_name:0, dictinctin_value:-0.5089199594147691, par:572)
														idx588(Q:0.3645, distinct_name:0, dictinctin_value:-0.5092872052358233, par:582)
															idx592(Q:0.3662, distinct_name:2, dictinctin_value:0.7693334693236122, par:588)
																idx594(Q:0.3717, distinct_name:2, dictinctin_value:0.7132889145486878, par:592)
																	idx596(Q:0.3769, distinct_name:0, dictinctin_value:-0.5099342225448047, par:594)
																		idx598(Q:0.3794, distinct_name:1, dictinctin_value:0.7481026625171042, par:596)
																			idx600(Q:0.3789, par:598)
																			idx601(Q:0.4108, par:598)
																		idx599(Q:0.2330, par:596)
																	idx597(Q:0.0754, par:594)
																idx595(Q:0.1530, par:592)
															idx593(Q:0.1559, par:588)
														idx589(Q:0.1598, par:582)
													idx583(Q:0.2789, par:572)
												idx573(Q:0.1450, par:562)
											idx563(Q:0.1519, par:550)
										idx551(Q:0.4899, par:544)
									idx545(Q:0.3129, par:31)
							idx25(Q:0.4571, distinct_name:0, dictinctin_value:-0.5389580903277561, par:18)
								idx216(Q:0.4597, distinct_name:0, dictinctin_value:-0.5573162410999996, par:25)
									idx230(Q:0.4610, distinct_name:0, dictinctin_value:-0.5917620279880862, par:216)
										idx242(Q:0.4728, distinct_name:1, dictinctin_value:0.8127647407611875, par:230)
											idx256(Q:0.4675, distinct_name:0, dictinctin_value:-0.6131626140571143, par:242)
												idx288(Q:0.4694, distinct_name:0, dictinctin_value:-0.7076582377440916, par:256)
													idx304(Q:0.4879, distinct_name:0, dictinctin_value:-0.717862250694298, par:288)
														idx316(Q:0.4908, distinct_name:0, dictinctin_value:-0.7734253050900186, par:304)
															idx328(Q:0.5028, distinct_name:0, dictinctin_value:-0.7970945326559435, par:316)
																idx340(Q:0.5043, distinct_name:3, dictinctin_value:0.6595389343928215, par:328)
																	idx354(Q:0.4993, distinct_name:3, dictinctin_value:0.6186331758365281, par:340)
																		idx368(Q:0.4942, distinct_name:3, dictinctin_value:0.5952455969358141, par:354)
																			idx380(Q:0.4927, par:368)
																			idx381(Q:0.5796, par:368)
																		idx369(Q:0.8791, par:354)
																	idx355(Q:0.7825, par:340)
																idx341(Q:0.4474, par:328)
															idx329(Q:0.3245, par:316)
														idx317(Q:0.3378, par:304)
													idx305(Q:0.3205, par:288)
												idx289(Q:0.1966, par:256)
											idx257(Q:0.7304, par:242)
										idx243(Q:0.2531, par:230)
									idx231(Q:0.3288, par:216)
								idx217(Q:0.3729, par:25)
						idx19(Q:0.6983, distinct_name:0, dictinctin_value:-0.5046072639210131, par:12)
							idx152(Q:0.6982, distinct_name:2, dictinctin_value:1.74305991171075, par:19)
								idx162(Q:0.6870, distinct_name:2, dictinctin_value:1.5651912903147052, par:152)
									idx172(Q:0.6777, distinct_name:2, dictinctin_value:1.0939968976733132, par:162)
										idx180(Q:0.6560, distinct_name:2, dictinctin_value:0.9064820637809338, par:172)
											idx188(Q:0.6449, distinct_name:2, dictinctin_value:0.8130327408821636, par:180)
												idx196(Q:0.6361, distinct_name:2, dictinctin_value:0.714578820015968, par:188)
													idx204(Q:0.6349, distinct_name:0, dictinctin_value:-0.5137296726081428, par:196)
														idx218(Q:0.6372, distinct_name:2, dictinctin_value:0.4860989258104936, par:204)
															idx232(Q:0.6352, distinct_name:1, dictinctin_value:2.2330900660097845, par:218)
																idx244(Q:0.6233, distinct_name:2, dictinctin_value:0.44559578649865966, par:232)
																	idx258(Q:0.6201, distinct_name:2, dictinctin_value:0.32419638005931734, par:244)
																		idx274(Q:0.6207, distinct_name:0, dictinctin_value:-0.5233031664270825, par:258)
																			idx290(Q:0.6212, par:274)
																			idx291(Q:0.5526, par:274)
																		idx275(Q:0.5985, par:258)
																	idx259(Q:0.7450, par:244)
																idx245(Q:0.9317, par:232)
															idx233(Q:0.6571, par:218)
														idx219(Q:0.4556, par:204)
													idx205(Q:0.6740, par:196)
												idx197(Q:0.8666, par:188)
											idx189(Q:0.8659, par:180)
										idx181(Q:0.9891, par:172)
									idx173(Q:1.0131, par:162)
								idx163(Q:1.0391, par:152)
							idx153(Q:0.7365, par:19)
					idx13(Q:0.5862, distinct_name:2, dictinctin_value:1.929601246827043, par:10)
						idx92(Q:0.5718, distinct_name:1, dictinctin_value:1.2557733390904973, par:13)
							idx102(Q:0.5388, distinct_name:2, dictinctin_value:1.4527612583425853, par:92)
								idx112(Q:0.5267, distinct_name:2, dictinctin_value:1.3531114404933846, par:102)
									idx122(Q:0.5244, distinct_name:2, dictinctin_value:1.0639310625609943, par:112)
										idx130(Q:0.5131, distinct_name:2, dictinctin_value:0.8759607452183222, par:122)
											idx136(Q:0.5054, distinct_name:2, dictinctin_value:0.6228991526328211, par:130)
												idx142(Q:0.5015, distinct_name:2, dictinctin_value:0.4885947458466264, par:136)
													idx146(Q:0.4926, distinct_name:1, dictinctin_value:1.1059975491047376, par:142)
														idx148(Q:0.4849, distinct_name:3, dictinctin_value:2.363964647313972, par:146)
															idx154(Q:0.4788, distinct_name:3, dictinctin_value:1.536573712246935, par:148)
																idx164(Q:0.4558, distinct_name:1, dictinctin_value:0.49075596239548774, par:154)
																	idx206(Q:0.4231, distinct_name:3, dictinctin_value:1.525286896575752, par:164)
																		idx220(Q:0.4226, distinct_name:2, dictinctin_value:0.38874536608000104, par:206)
																			idx234(Q:0.4250, par:220)
																			idx235(Q:0.3327, par:220)
																		idx221(Q:0.4555, par:206)
																	idx207(Q:0.6145, par:164)
																idx165(Q:0.5673, par:154)
															idx155(Q:0.6475, par:148)
														idx149(Q:0.7431, par:146)
													idx147(Q:0.5931, par:142)
												idx143(Q:0.5522, par:136)
											idx137(Q:0.6927, par:130)
										idx131(Q:0.7149, par:122)
									idx123(Q:0.6587, par:112)
								idx113(Q:0.7978, par:102)
							idx103(Q:0.9304, par:92)
						idx93(Q:1.0397, par:13)
				idx11(Q:0.3740, distinct_name:3, dictinctin_value:1.284568987543642, par:8)
					idx32(Q:0.3522, distinct_name:3, dictinctin_value:0.5763111575206541, par:11)
						idx40(Q:0.3347, distinct_name:2, dictinctin_value:1.4159847670297276, par:32)
							idx46(Q:0.3259, distinct_name:2, dictinctin_value:0.8764611652526798, par:40)
								idx56(Q:0.3320, distinct_name:2, dictinctin_value:0.6776552612944613, par:46)
									idx64(Q:0.3388, distinct_name:0, dictinctin_value:-0.10007893227380851, par:56)
										idx72(Q:0.3385, distinct_name:2, dictinctin_value:0.481251420222257, par:64)
											idx78(Q:0.3492, distinct_name:2, dictinctin_value:0.43236682950932387, par:72)
												idx84(Q:0.3561, distinct_name:2, dictinctin_value:0.2322739018313544, par:78)
													idx94(Q:0.3773, distinct_name:2, dictinctin_value:0.1692901075380102, par:84)
														idx104(Q:0.3855, distinct_name:2, dictinctin_value:0.044622068949871425, par:94)
															idx114(Q:0.4047, distinct_name:2, dictinctin_value:-0.04421252452423217, par:104)
																idx124(Q:0.4252, distinct_name:2, dictinctin_value:-0.12551407150931976, par:114)
																	idx132(Q:0.4410, distinct_name:2, dictinctin_value:-0.16179863391045127, par:124)
																		idx138(Q:0.4520, distinct_name:2, dictinctin_value:-0.1987692173924826, par:132)
																			idx144(Q:0.4687, par:138)
																			idx145(Q:0.1598, par:138)
																		idx139(Q:0.1698, par:132)
																	idx133(Q:0.1885, par:124)
																idx125(Q:0.1397, par:114)
															idx115(Q:0.1815, par:104)
														idx105(Q:0.2003, par:94)
													idx95(Q:0.1669, par:84)
												idx85(Q:0.1627, par:78)
											idx79(Q:0.2151, par:72)
										idx73(Q:0.3415, par:64)
									idx65(Q:0.2461, par:56)
								idx57(Q:0.2852, distinct_name:0, dictinctin_value:-0.07115888508263095, par:46)
									idx486(Q:0.2891, distinct_name:2, dictinctin_value:1.3997870335092657, par:57)
										idx494(Q:0.2891, distinct_name:0, dictinctin_value:-0.07160732513030894, par:486)
											idx504(Q:0.2862, distinct_name:0, dictinctin_value:-0.08350405569893737, par:494)
												idx512(Q:0.2876, distinct_name:1, dictinctin_value:1.8788415154351898, par:504)
													idx522(Q:0.2716, distinct_name:1, dictinctin_value:1.7168001155290575, par:512)
														idx538(Q:0.2652, distinct_name:0, dictinctin_value:-0.08454829370887558, par:522)
															idx552(Q:0.2630, distinct_name:3, dictinctin_value:0.4530042815419259, par:538)
																idx556(Q:0.2644, distinct_name:0, dictinctin_value:-0.08608502852647902, par:552)
																	idx564(Q:0.2655, distinct_name:0, dictinctin_value:-0.08644796937551802, par:556)
																		idx574(Q:0.2651, distinct_name:0, dictinctin_value:-0.08717123163966492, par:564)
																			idx584(Q:0.2665, par:574)
																			idx585(Q:0.1069, par:574)
																		idx575(Q:0.3124, par:564)
																	idx565(Q:0.1341, par:556)
																idx557(Q:0.2231, par:552)
															idx553(Q:0.5355, par:538)
														idx539(Q:0.6590, par:522)
													idx523(Q:0.9474, par:512)
												idx513(Q:0.1098, par:504)
											idx505(Q:0.6691, par:494)
										idx495(Q:0.2877, par:486)
									idx487(Q:0.1811, par:57)
							idx47(Q:0.4331, par:40)
						idx41(Q:0.4251, distinct_name:3, dictinctin_value:1.2541204520301295, par:32)
							idx246(Q:0.4188, distinct_name:0, dictinctin_value:-0.05401988313827026, par:41)
								idx260(Q:0.4192, distinct_name:2, dictinctin_value:2.0807886731763334, par:246)
									idx276(Q:0.4042, distinct_name:2, dictinctin_value:1.8994422532815647, par:260)
										idx292(Q:0.3989, distinct_name:1, dictinctin_value:1.2716943858922887, par:276)
											idx306(Q:0.3742, distinct_name:2, dictinctin_value:1.8085097405850585, par:292)
												idx318(Q:0.3657, distinct_name:0, dictinctin_value:-0.06832580226386262, par:306)
													idx330(Q:0.3603, distinct_name:1, dictinctin_value:1.0161843934440484, par:318)
														idx342(Q:0.3545, distinct_name:0, dictinctin_value:-0.11082738421514442, par:330)
															idx356(Q:0.3498, distinct_name:0, dictinctin_value:-0.1239714467724242, par:342)
																idx370(Q:0.3501, distinct_name:1, dictinctin_value:0.8661774768232812, par:356)
																	idx382(Q:0.3448, distinct_name:0, dictinctin_value:-0.13038566790821624, par:370)
																		idx396(Q:0.3449, distinct_name:1, dictinctin_value:0.7685182247259327, par:382)
																			idx406(Q:0.3385, par:396)
																			idx407(Q:0.5266, par:396)
																		idx397(Q:0.3395, par:382)
																	idx383(Q:0.4871, par:370)
																idx371(Q:0.3328, par:356)
															idx357(Q:0.4144, par:342)
														idx343(Q:0.4670, par:330)
													idx331(Q:0.5325, par:318)
												idx319(Q:0.8472, par:306)
											idx307(Q:0.6151, par:292)
										idx293(Q:0.8474, par:276)
									idx277(Q:0.8999, par:260)
								idx261(Q:0.3940, par:246)
							idx247(Q:0.6656, par:41)
					idx33(Q:0.5515, distinct_name:2, dictinctin_value:1.8206658800741853, par:11)
						idx436(Q:0.5386, distinct_name:0, dictinctin_value:-0.055487221535360155, par:33)
							idx438(Q:0.5360, distinct_name:0, dictinctin_value:-0.06661868934946451, par:436)
								idx450(Q:0.5387, distinct_name:2, dictinctin_value:1.6280055741424861, par:438)
									idx458(Q:0.5276, distinct_name:2, dictinctin_value:1.4609118350831285, par:450)
										idx462(Q:0.5190, distinct_name:0, dictinctin_value:-0.06716992247771125, par:458)
											idx478(Q:0.5204, distinct_name:0, dictinctin_value:-0.06950841565798693, par:462)
												idx482(Q:0.5193, distinct_name:0, dictinctin_value:-0.07617984110574617, par:478)
													idx488(Q:0.5217, distinct_name:0, dictinctin_value:-0.09812148969449835, par:482)
														idx496(Q:0.5237, distinct_name:0, dictinctin_value:-0.10012482464779363, par:488)
															idx502(Q:0.5264, distinct_name:2, dictinctin_value:1.4064514939244364, par:496)
																idx514(Q:0.5231, distinct_name:2, dictinctin_value:1.318805451770871, par:502)
																	idx524(Q:0.5153, distinct_name:0, dictinctin_value:-0.11118736531331526, par:514)
																		idx532(Q:0.5151, distinct_name:0, dictinctin_value:-0.12850307532465371, par:524)
																			idx540(Q:0.5194, par:532)
																			idx541(Q:0.3246, par:532)
																		idx533(Q:0.5230, par:524)
																	idx525(Q:0.7980, par:514)
																idx515(Q:0.7615, par:502)
															idx503(Q:0.1239, par:496)
														idx497(Q:0.4727, par:488)
													idx489(Q:0.1612, par:482)
												idx483(Q:0.6779, par:478)
											idx479(Q:0.3023, par:462)
										idx463(Q:0.8671, par:458)
									idx459(Q:0.9828, par:450)
								idx451(Q:0.3190, par:438)
							idx439(Q:0.9613, par:436)
						idx437(Q:0.9142, par:33)
			idx9(Q:0.3457, distinct_name:1, dictinctin_value:1.4532912275447858, par:6)
				idx14(Q:0.3247, distinct_name:0, dictinctin_value:0.6708677617788001, par:9)
					idx16(Q:0.3408, distinct_name:0, dictinctin_value:0.5219929201544601, par:14)
						idx20(Q:0.3416, distinct_name:0, dictinctin_value:0.38200451643824146, par:16)
							idx26(Q:0.3481, distinct_name:0, dictinctin_value:0.29175973898130836, par:20)
								idx34(Q:0.3483, distinct_name:3, dictinctin_value:1.2405945003824483, par:26)
									idx42(Q:0.3233, distinct_name:2, dictinctin_value:1.6139678071673451, par:34)
										idx48(Q:0.3174, distinct_name:1, dictinctin_value:1.0148453699076618, par:42)
											idx58(Q:0.3058, distinct_name:2, dictinctin_value:0.8422101128546527, par:48)
												idx66(Q:0.3140, distinct_name:2, dictinctin_value:0.5718071591898053, par:58)
													idx74(Q:0.3271, distinct_name:2, dictinctin_value:0.3335199702259944, par:66)
														idx80(Q:0.3507, distinct_name:2, dictinctin_value:0.2585267021680285, par:74)
															idx86(Q:0.3584, distinct_name:2, dictinctin_value:0.13295569297273957, par:80)
																idx96(Q:0.3754, distinct_name:2, dictinctin_value:0.0933394603867821, par:86)
																	idx106(Q:0.3836, distinct_name:2, dictinctin_value:0.047951172568074005, par:96)
																		idx116(Q:0.3915, distinct_name:2, dictinctin_value:-0.0025517231675584334, par:106)
																			idx126(Q:0.3988, par:116)
																			idx127(Q:0.1400, par:116)
																		idx117(Q:0.1509, par:106)
																	idx107(Q:0.1114, par:96)
																idx97(Q:0.1318, par:86)
															idx87(Q:0.1612, par:80)
														idx81(Q:0.1553, par:74)
													idx75(Q:0.2008, par:66)
												idx67(Q:0.2619, distinct_name:0, dictinctin_value:0.284001031471605, par:58)
													idx506(Q:0.2605, distinct_name:0, dictinctin_value:0.28239410324000885, par:67)
														idx526(Q:0.2587, distinct_name:1, dictinctin_value:0.83535054985968, par:506)
															idx546(Q:0.2373, distinct_name:2, dictinctin_value:1.5992728183505887, par:526)
																idx554(Q:0.2393, distinct_name:0, dictinctin_value:0.27983576931814547, par:546)
																	idx558(Q:0.2400, distinct_name:2, dictinctin_value:1.5459775970266707, par:554)
																		idx566(Q:0.2315, distinct_name:2, dictinctin_value:1.5137425616672946, par:558)
																			idx576(Q:0.2315, par:566)
																			idx577(Q:0.2291, par:566)
																		idx567(Q:0.4496, par:558)
																	idx559(Q:0.1898, par:554)
																idx555(Q:0.1136, par:546)
															idx547(Q:0.7287, par:526)
														idx527(Q:0.5128, par:506)
													idx507(Q:0.3576, par:67)
											idx59(Q:0.4294, par:48)
										idx49(Q:0.4307, par:42)
									idx43(Q:0.5359, distinct_name:3, dictinctin_value:2.7956706813891117, par:34)
										idx490(Q:0.5256, distinct_name:0, dictinctin_value:0.28758459307995216, par:43)
											idx498(Q:0.5206, distinct_name:2, dictinctin_value:1.7926081731949, par:490)
												idx508(Q:0.5138, distinct_name:0, dictinctin_value:0.2865220549225975, par:498)
													idx516(Q:0.5133, distinct_name:0, dictinctin_value:0.2785989659591723, par:508)
														idx528(Q:0.5204, distinct_name:3, dictinctin_value:2.7261255458914433, par:516)
															idx534(Q:0.5236, distinct_name:0, dictinctin_value:0.2763906794093015, par:528)
																idx542(Q:0.5253, distinct_name:0, dictinctin_value:0.2703031142425218, par:534)
																	idx560(Q:0.5240, distinct_name:3, dictinctin_value:2.563708411050972, par:542)
																		idx568(Q:0.5200, distinct_name:2, dictinctin_value:1.5803350412841866, par:560)
																			idx578(Q:0.5103, par:568)
																			idx579(Q:0.7504, par:568)
																		idx569(Q:0.7699, par:560)
																	idx561(Q:0.6884, par:542)
																idx543(Q:0.3073, par:534)
															idx535(Q:0.3125, par:528)
														idx529(Q:0.2106, par:516)
													idx517(Q:0.5832, par:508)
												idx509(Q:0.9712, par:498)
											idx499(Q:1.1979, par:490)
										idx491(Q:1.0038, par:43)
								idx35(Q:0.3472, distinct_name:1, dictinctin_value:1.344826515865718, par:26)
									idx236(Q:0.3453, distinct_name:3, dictinctin_value:1.6897348587436034, par:35)
										idx248(Q:0.3289, distinct_name:1, dictinctin_value:1.2341402111364463, par:236)
											idx262(Q:0.3292, distinct_name:3, dictinctin_value:1.3356049450605056, par:248)
												idx278(Q:0.3203, distinct_name:2, dictinctin_value:1.6241822054726756, par:262)
													idx294(Q:0.3117, distinct_name:0, dictinctin_value:0.3731119474318981, par:278)
														idx320(Q:0.3078, distinct_name:3, dictinctin_value:1.2759579982069145, par:294)
															idx344(Q:0.2983, distinct_name:0, dictinctin_value:0.37304242798500226, par:320)
																idx358(Q:0.2981, distinct_name:0, dictinctin_value:0.3707677109507447, par:344)
																	idx372(Q:0.3013, distinct_name:0, dictinctin_value:0.3697040787425107, par:358)
																		idx384(Q:0.3020, distinct_name:2, dictinctin_value:1.3789177574365135, par:372)
																			idx398(Q:0.3002, par:384)
																			idx399(Q:0.3408, par:384)
																		idx385(Q:0.2750, par:372)
																	idx373(Q:0.1232, par:358)
																idx359(Q:0.3297, par:344)
															idx345(Q:0.6603, par:320)
														idx321(Q:0.3682, par:294)
													idx295(Q:0.5111, par:278)
												idx279(Q:0.5343, par:262)
											idx263(Q:0.3069, par:248)
										idx249(Q:0.7456, par:236)
									idx237(Q:0.4358, par:35)
							idx27(Q:0.3184, distinct_name:2, dictinctin_value:1.5527241962490086, par:20)
								idx156(Q:0.3139, distinct_name:0, dictinctin_value:0.5137061072990365, par:27)
									idx166(Q:0.3195, distinct_name:0, dictinctin_value:0.5083060291160676, par:156)
										idx174(Q:0.3208, distinct_name:1, dictinctin_value:1.235555391656205, par:166)
											idx182(Q:0.3196, distinct_name:0, dictinctin_value:0.499318407708209, par:174)
												idx190(Q:0.3244, distinct_name:3, dictinctin_value:1.6437138459193195, par:182)
													idx198(Q:0.3161, distinct_name:0, dictinctin_value:0.4978828276393789, par:190)
														idx208(Q:0.3181, distinct_name:2, dictinctin_value:1.3588453420210258, par:198)
															idx222(Q:0.3148, distinct_name:2, dictinctin_value:0.9721483625475897, par:208)
																idx238(Q:0.3164, distinct_name:0, dictinctin_value:0.4972801494332726, par:222)
																	idx250(Q:0.3145, distinct_name:2, dictinctin_value:0.944961054171824, par:238)
																		idx264(Q:0.3178, distinct_name:2, dictinctin_value:0.872803430709856, par:250)
																			idx280(Q:0.3228, par:264)
																			idx281(Q:0.2116, par:264)
																		idx265(Q:0.1370, par:250)
																	idx251(Q:0.5718, par:238)
																idx239(Q:0.2951, par:222)
															idx223(Q:0.4173, par:208)
														idx209(Q:0.1910, par:198)
													idx199(Q:0.6506, par:190)
												idx191(Q:0.2488, par:182)
											idx183(Q:0.3519, par:174)
										idx175(Q:0.2904, par:166)
									idx167(Q:0.2346, par:156)
								idx157(Q:0.4373, par:27)
						idx21(Q:0.3377, distinct_name:1, dictinctin_value:1.3201670622027022, par:16)
							idx150(Q:0.3357, distinct_name:1, dictinctin_value:1.2234607090751204, par:21)
								idx158(Q:0.3367, distinct_name:1, dictinctin_value:1.0226433736171432, par:150)
									idx168(Q:0.3311, distinct_name:0, dictinctin_value:0.6649352976939671, par:158)
										idx176(Q:0.3302, distinct_name:2, dictinctin_value:1.8028367177150562, par:168)
											idx184(Q:0.3277, distinct_name:3, dictinctin_value:1.321083281680176, par:176)
												idx210(Q:0.3091, distinct_name:1, dictinctin_value:0.7493197611500411, par:184)
													idx224(Q:0.3019, distinct_name:2, dictinctin_value:1.1954012588052898, par:210)
														idx266(Q:0.3015, distinct_name:1, dictinctin_value:0.6035401367847275, par:224)
															idx282(Q:0.3013, distinct_name:1, dictinctin_value:0.5166827335099701, par:266)
																idx296(Q:0.3068, distinct_name:0, dictinctin_value:0.663963378246939, par:282)
																	idx308(Q:0.3051, distinct_name:0, dictinctin_value:0.6638782806630827, par:296)
																		idx322(Q:0.3034, distinct_name:2, dictinctin_value:1.1091905022156634, par:308)
																			idx332(Q:0.3067, par:322)
																			idx333(Q:0.1630, par:322)
																		idx323(Q:0.7405, par:308)
																	idx309(Q:0.7765, par:296)
																idx297(Q:0.1677, par:282)
															idx283(Q:0.3045, par:266)
														idx267(Q:0.3078, par:224)
													idx225(Q:0.3672, par:210)
												idx211(Q:0.5474, par:184)
											idx185(Q:0.4116, par:176)
										idx177(Q:0.3493, par:168)
									idx169(Q:0.4912, par:158)
								idx159(Q:0.2366, par:150)
							idx151(Q:0.4317, par:21)
					idx17(Q:0.3071, distinct_name:3, dictinctin_value:0.8871619234739136, par:14)
						idx22(Q:0.2750, distinct_name:1, dictinctin_value:0.895274831679809, par:17)
							idx28(Q:0.2602, distinct_name:3, dictinctin_value:0.4147697243292515, par:22)
								idx36(Q:0.2523, distinct_name:3, dictinctin_value:-0.009439492879810042, par:28)
									idx50(Q:0.2490, distinct_name:0, dictinctin_value:2.3121117874404824, par:36)
										idx52(Q:0.2504, distinct_name:0, dictinctin_value:1.9483716250181808, par:50)
											idx60(Q:0.2536, distinct_name:3, dictinctin_value:-0.018025248765568658, par:52)
												idx68(Q:0.2611, distinct_name:2, dictinctin_value:0.8033765660185509, par:60)
													idx88(Q:0.2675, distinct_name:2, dictinctin_value:0.6003623148969123, par:68)
														idx98(Q:0.2752, distinct_name:2, dictinctin_value:0.5329635912790776, par:88)
															idx108(Q:0.2797, distinct_name:2, dictinctin_value:0.3621996786015208, par:98)
																idx118(Q:0.2938, distinct_name:3, dictinctin_value:-0.05260374571449391, par:108)
																	idx128(Q:0.2957, distinct_name:2, dictinctin_value:0.22149263805201816, par:118)
																		idx134(Q:0.3099, distinct_name:2, dictinctin_value:0.13324256965432388, par:128)
																			idx140(Q:0.3215, par:134)
																			idx141(Q:0.1352, par:134)
																		idx135(Q:0.1477, par:128)
																	idx129(Q:0.2331, par:118)
																idx119(Q:0.1472, par:108)
															idx109(Q:0.1699, par:98)
														idx99(Q:0.1649, par:88)
													idx89(Q:0.2377, distinct_name:0, dictinctin_value:1.9001636825637473, par:68)
														idx420(Q:0.2358, distinct_name:0, dictinctin_value:1.8970534364477791, par:89)
															idx428(Q:0.2359, distinct_name:0, dictinctin_value:1.7864713255325577, par:420)
																idx434(Q:0.2374, distinct_name:0, dictinctin_value:1.7345810667045185, par:428)
																	idx440(Q:0.2346, distinct_name:0, dictinctin_value:1.7300479805066988, par:434)
																		idx446(Q:0.2351, distinct_name:0, dictinctin_value:1.6826477660222412, par:440)
																			idx452(Q:0.2328, par:446)
																			idx453(Q:0.3516, par:446)
																		idx447(Q:0.1492, par:440)
																	idx441(Q:0.3084, par:434)
																idx435(Q:0.1908, par:428)
															idx429(Q:0.2144, par:420)
														idx421(Q:0.2937, par:89)
												idx69(Q:0.1939, par:60)
											idx61(Q:0.1974, par:52)
										idx53(Q:0.1887, par:50)
									idx51(Q:0.2626, distinct_name:0, dictinctin_value:2.2255864685353126, par:36)
										idx268(Q:0.2636, distinct_name:0, dictinctin_value:1.8770234609938123, par:51)
											idx284(Q:0.2639, distinct_name:1, dictinctin_value:0.8208254329434517, par:268)
												idx298(Q:0.2655, distinct_name:0, dictinctin_value:1.7199871451158526, par:284)
													idx310(Q:0.2650, distinct_name:3, dictinctin_value:0.39481973457279324, par:298)
														idx346(Q:0.2663, distinct_name:2, dictinctin_value:2.0591657816242117, par:310)
															idx360(Q:0.2589, distinct_name:2, dictinctin_value:1.6416632040499568, par:346)
																idx374(Q:0.2580, distinct_name:0, dictinctin_value:1.6846076849979201, par:360)
																	idx386(Q:0.2589, distinct_name:2, dictinctin_value:1.5364517172370076, par:374)
																		idx400(Q:0.2580, distinct_name:2, dictinctin_value:1.321416179085615, par:386)
																			idx408(Q:0.2559, par:400)
																			idx409(Q:0.3184, par:400)
																		idx401(Q:0.2993, par:386)
																	idx387(Q:0.1886, par:374)
																idx375(Q:0.3030, par:360)
															idx361(Q:0.7383, par:346)
														idx347(Q:0.2160, par:310)
													idx311(Q:0.2837, par:298)
												idx299(Q:0.2089, par:284)
											idx285(Q:0.2572, par:268)
										idx269(Q:0.2326, par:51)
								idx37(Q:0.2967, distinct_name:1, dictinctin_value:0.7946772031835798, par:28)
									idx312(Q:0.2902, distinct_name:2, dictinctin_value:1.9378572482198, par:37)
										idx324(Q:0.2831, distinct_name:0, dictinctin_value:2.1880833067537604, par:312)
											idx334(Q:0.2836, distinct_name:0, dictinctin_value:2.1673152418059, par:324)
												idx348(Q:0.2814, distinct_name:0, dictinctin_value:2.0644684179947266, par:334)
													idx362(Q:0.2802, distinct_name:2, dictinctin_value:1.6060442338491094, par:348)
														idx376(Q:0.2716, distinct_name:0, dictinctin_value:1.8821116949330967, par:362)
															idx388(Q:0.2750, distinct_name:2, dictinctin_value:1.5867185725408008, par:376)
																idx402(Q:0.2752, distinct_name:0, dictinctin_value:1.8162737627685595, par:388)
																	idx410(Q:0.2779, distinct_name:2, dictinctin_value:1.474613989336331, par:402)
																		idx414(Q:0.2739, distinct_name:2, dictinctin_value:1.322085439542282, par:410)
																			idx422(Q:0.2739, par:414)
																			idx423(Q:0.2744, par:414)
																		idx415(Q:0.7277, par:410)
																	idx411(Q:0.1206, par:402)
																idx403(Q:0.2603, par:388)
															idx389(Q:0.1585, par:376)
														idx377(Q:0.5362, par:362)
													idx363(Q:0.3418, par:348)
												idx349(Q:0.4213, par:334)
											idx335(Q:0.2633, par:324)
										idx325(Q:0.5989, par:312)
									idx313(Q:0.4699, par:37)
							idx29(Q:0.3884, distinct_name:0, dictinctin_value:2.44084525907838, par:22)
								idx336(Q:0.3897, distinct_name:0, dictinctin_value:2.3332385876998147, par:29)
									idx350(Q:0.3918, distinct_name:2, dictinctin_value:1.313989803673234, par:336)
										idx364(Q:0.3586, distinct_name:2, dictinctin_value:1.2075088067941002, par:350)
											idx378(Q:0.3561, distinct_name:0, dictinctin_value:2.3276851139515355, par:364)
												idx390(Q:0.3551, distinct_name:2, dictinctin_value:1.1566628366759308, par:378)
													idx404(Q:0.3494, distinct_name:2, dictinctin_value:1.049026714172236, par:390)
														idx412(Q:0.3463, distinct_name:2, dictinctin_value:1.0138168631315498, par:404)
															idx418(Q:0.3436, distinct_name:0, dictinctin_value:2.3136303024689413, par:412)
																idx424(Q:0.3435, distinct_name:1, dictinctin_value:1.4142431093508798, par:418)
																	idx430(Q:0.3477, distinct_name:0, dictinctin_value:2.2572655688242222, par:424)
																		idx442(Q:0.3465, distinct_name:0, dictinctin_value:2.2507333712501807, par:430)
																			idx454(Q:0.3464, par:442)
																			idx455(Q:0.3551, par:442)
																		idx443(Q:0.5398, par:430)
																	idx431(Q:0.2625, par:424)
																idx425(Q:0.3611, par:418)
															idx419(Q:0.4918, par:412)
														idx413(Q:0.5241, par:404)
													idx405(Q:0.5944, par:390)
												idx391(Q:0.5313, par:378)
											idx379(Q:0.5828, par:364)
										idx365(Q:0.6713, par:350)
									idx351(Q:0.2484, par:336)
								idx337(Q:0.2579, par:29)
						idx23(Q:0.4632, distinct_name:0, dictinctin_value:2.1444723574903684, par:17)
							idx160(Q:0.4633, distinct_name:0, dictinctin_value:2.133798778100152, par:23)
								idx170(Q:0.4636, distinct_name:2, dictinctin_value:1.564504591409782, par:160)
									idx178(Q:0.4397, distinct_name:2, dictinctin_value:1.4113473869711974, par:170)
										idx186(Q:0.4349, distinct_name:0, dictinctin_value:2.1063540893171067, par:178)
											idx192(Q:0.4357, distinct_name:2, dictinctin_value:1.2195161175228741, par:186)
												idx200(Q:0.4305, distinct_name:0, dictinctin_value:1.9676721667093595, par:192)
													idx212(Q:0.4287, distinct_name:0, dictinctin_value:1.8926417272552991, par:200)
														idx226(Q:0.4291, distinct_name:0, dictinctin_value:1.7713311316515392, par:212)
															idx252(Q:0.4333, distinct_name:1, dictinctin_value:1.3213229930390704, par:226)
																idx270(Q:0.4287, distinct_name:0, dictinctin_value:1.7442155745503336, par:252)
																	idx300(Q:0.4270, distinct_name:0, dictinctin_value:1.3536781616204123, par:270)
																		idx392(Q:0.4263, distinct_name:0, dictinctin_value:1.2274516322533688, par:300)
																			idx416(Q:0.4262, par:392)
																			idx417(Q:0.4270, par:392)
																		idx393(Q:0.4300, par:300)
																	idx301(Q:0.6548, par:270)
																idx271(Q:0.6092, par:252)
															idx253(Q:0.3010, par:226)
														idx227(Q:0.4130, par:212)
													idx213(Q:0.4843, par:200)
												idx201(Q:0.5477, par:192)
											idx193(Q:0.3158, par:186)
										idx187(Q:0.6318, par:178)
									idx179(Q:0.8548, par:170)
								idx171(Q:0.3511, par:160)
							idx161(Q:0.4618, par:23)
				idx15(Q:0.6132, distinct_name:2, dictinctin_value:1.9938158806166744, par:9)
					idx194(Q:0.6021, distinct_name:3, dictinctin_value:2.0149638943737203, par:15)
						idx202(Q:0.5914, distinct_name:3, dictinctin_value:1.626087400144554, par:194)
							idx214(Q:0.5875, distinct_name:1, dictinctin_value:2.6727016574162166, par:202)
								idx228(Q:0.5753, distinct_name:2, dictinctin_value:1.776904010924299, par:214)
									idx240(Q:0.5709, distinct_name:2, dictinctin_value:1.4203463682180766, par:228)
										idx254(Q:0.5587, distinct_name:0, dictinctin_value:2.115573493736756, par:240)
											idx272(Q:0.5595, distinct_name:2, dictinctin_value:1.306259966260203, par:254)
												idx286(Q:0.5468, distinct_name:2, dictinctin_value:1.2529155214914378, par:272)
													idx302(Q:0.5429, distinct_name:2, dictinctin_value:0.808199081795812, par:286)
														idx314(Q:0.5190, distinct_name:2, dictinctin_value:0.7214446989843575, par:302)
															idx326(Q:0.5125, distinct_name:2, dictinctin_value:0.7041168221107604, par:314)
																idx338(Q:0.5117, distinct_name:0, dictinctin_value:2.1110030599556926, par:326)
																	idx352(Q:0.5125, distinct_name:0, dictinctin_value:2.0312710900603177, par:338)
																		idx366(Q:0.5108, distinct_name:2, dictinctin_value:0.6878681581259294, par:352)
																			idx394(Q:0.5088, par:366)
																			idx395(Q:0.7374, par:366)
																		idx367(Q:0.6383, par:352)
																	idx353(Q:0.3397, par:338)
																idx339(Q:0.6013, par:326)
															idx327(Q:0.6702, par:314)
														idx315(Q:0.8465, par:302)
													idx303(Q:0.8049, par:286)
												idx287(Q:0.8402, par:272)
											idx273(Q:0.5122, par:254)
										idx255(Q:0.7995, par:240)
									idx241(Q:0.9026, par:228)
								idx229(Q:0.8043, par:214)
							idx215(Q:0.7165, par:202)
						idx203(Q:0.9193, par:194)
					idx195(Q:0.9885, par:15)
		idx7(Q:0.3927, par:4)

idx5(Q:0.2837, par:1)
