WARNING:tensorflow:From /Users/keithwu/opt/anaconda3/envs/auction-gym/lib/python3.10/site-packages/tensorflow/python/compat/v2_compat.py:107: disable_resource_variables (from tensorflow.python.ops.variable_scope) is deprecated and will be removed in a future version.
Instructions for updating:
non-resource variables are not supported in the long term
<_io.TextIOWrapper name='<stderr>' mode='w' encoding='utf-8'> reading from ../UTree_model_numpy/DM/model_boost_linear_qsplit_noabs_save/, starting at 71
<_io.TextIOWrapper name='<stderr>' mode='w' encoding='utf-8'> =============== update starts ===============
(average_diff:0.0061776297048661095, max_diff:0.04303397034794765, training_epochs:50, lr:0.05)
<_io.TextIOWrapper name='<stderr>' mode='w' encoding='utf-8'> node index is 111
train linear regression time:  0.050706082955002785
(average_diff:0.0019310524500740858, max_diff:0.005368976446848639, training_epochs:50, lr:0.05)
<_io.TextIOWrapper name='<stderr>' mode='w' encoding='utf-8'> node index is 101
train linear regression time:  0.05189387500286102
(average_diff:0.010150600917800769, max_diff:0.03610485288742915, training_epochs:50, lr:0.05)
<_io.TextIOWrapper name='<stderr>' mode='w' encoding='utf-8'> node index is 91
train linear regression time:  0.052191250026226044
(average_diff:0.013849136250124263, max_diff:0.16677918820584312, training_epochs:50, lr:0.05)
<_io.TextIOWrapper name='<stderr>' mode='w' encoding='utf-8'> node index is 83
train linear regression time:  0.05234104208648205
(average_diff:0.015949089360333058, max_diff:0.1581238096714861, training_epochs:50, lr:0.05)
<_io.TextIOWrapper name='<stderr>' mode='w' encoding='utf-8'> node index is 77
train linear regression time:  0.05306354211643338
(average_diff:0.04619003885646333, max_diff:0.2726449052496713, training_epochs:50, lr:0.05)
<_io.TextIOWrapper name='<stderr>' mode='w' encoding='utf-8'> node index is 71
train linear regression time:  0.05128329200670123
(average_diff:0.049069233178217334, max_diff:0.20131589085291013, training_epochs:50, lr:0.05)
<_io.TextIOWrapper name='<stderr>' mode='w' encoding='utf-8'> node index is 63
train linear regression time:  0.05419254209846258
(average_diff:0.008002507503663625, max_diff:0.011463956670942993, training_epochs:50, lr:0.05)
<_io.TextIOWrapper name='<stderr>' mode='w' encoding='utf-8'> node index is 501
train linear regression time:  0.05229308409616351
(average_diff:0.026643796727473024, max_diff:0.027720658974099033, training_epochs:50, lr:0.05)
<_io.TextIOWrapper name='<stderr>' mode='w' encoding='utf-8'> node index is 493
train linear regression time:  0.05303070927038789
(average_diff:0.0007202638988919388, max_diff:0.0008004015529228387, training_epochs:50, lr:0.05)
<_io.TextIOWrapper name='<stderr>' mode='w' encoding='utf-8'> node index is 485
train linear regression time:  0.05166966700926423
(average_diff:0.02434165306906695, max_diff:0.03828168121449316, training_epochs:50, lr:0.05)
<_io.TextIOWrapper name='<stderr>' mode='w' encoding='utf-8'> node index is 481
train linear regression time:  0.05059041688218713
(average_diff:2.7755575615628914e-17, max_diff:2.7755575615628914e-17, training_epochs:50, lr:0.05)
<_io.TextIOWrapper name='<stderr>' mode='w' encoding='utf-8'> node index is 475
train linear regression time:  0.05184866674244404
(average_diff:0.01873907426016582, max_diff:0.04072739395667782, training_epochs:50, lr:0.05)
<_io.TextIOWrapper name='<stderr>' mode='w' encoding='utf-8'> node index is 469
train linear regression time:  0.05206170864403248
(average_diff:0.00038127852471125007, max_diff:0.000553321031971421, training_epochs:50, lr:0.05)
<_io.TextIOWrapper name='<stderr>' mode='w' encoding='utf-8'> node index is 465
train linear regression time:  0.05187600012868643
(average_diff:0.07486480910628852, max_diff:0.29076045694136277, training_epochs:50, lr:0.05)
<_io.TextIOWrapper name='<stderr>' mode='w' encoding='utf-8'> node index is 536
train linear regression time:  0.05327620776370168
(average_diff:0.00032334421769003585, max_diff:0.00040138927795463353, training_epochs:50, lr:0.05)
<_io.TextIOWrapper name='<stderr>' mode='w' encoding='utf-8'> node index is 537
train linear regression time:  0.051718834321945906
(average_diff:0.00525989874313428, max_diff:0.0074032782010393094, training_epochs:50, lr:0.05)
<_io.TextIOWrapper name='<stderr>' mode='w' encoding='utf-8'> node index is 531
train linear regression time:  0.05193929187953472
(average_diff:0.011759529827995349, max_diff:0.01782290682582105, training_epochs:50, lr:0.05)
<_io.TextIOWrapper name='<stderr>' mode='w' encoding='utf-8'> node index is 521
train linear regression time:  0.05259766709059477
(average_diff:1.249000902703301e-16, max_diff:1.249000902703301e-16, training_epochs:50, lr:0.05)
<_io.TextIOWrapper name='<stderr>' mode='w' encoding='utf-8'> node index is 511
train linear regression time:  0.05177983269095421
(average_diff:1.3773458781285441e-06, max_diff:1.3831036538847208e-06, training_epochs:50, lr:0.05)
<_io.TextIOWrapper name='<stderr>' mode='w' encoding='utf-8'> node index is 473
train linear regression time:  0.05065370863303542
(average_diff:2.8338534990846043e-10, max_diff:3.4386658798180036e-10, training_epochs:50, lr:0.05)
<_io.TextIOWrapper name='<stderr>' mode='w' encoding='utf-8'> node index is 471
train linear regression time:  0.054174999706447124
(average_diff:0.0019849027379776757, max_diff:0.0020262773066528073, training_epochs:50, lr:0.05)
<_io.TextIOWrapper name='<stderr>' mode='w' encoding='utf-8'> node index is 467
train linear regression time:  0.051569375209510326
(average_diff:0.0150917669447724, max_diff:0.02309889002624138, training_epochs:50, lr:0.05)
<_io.TextIOWrapper name='<stderr>' mode='w' encoding='utf-8'> node index is 461
train linear regression time:  0.05251208273693919
(average_diff:0.01107510726920459, max_diff:0.02187970249212967, training_epochs:50, lr:0.05)
<_io.TextIOWrapper name='<stderr>' mode='w' encoding='utf-8'> node index is 457
train linear regression time:  0.052317250054329634
(average_diff:0.0, max_diff:0.0, training_epochs:50, lr:0.05)
<_io.TextIOWrapper name='<stderr>' mode='w' encoding='utf-8'> node index is 449
train linear regression time:  0.05072624981403351
(average_diff:9.141568751980245e-11, max_diff:1.1002239397317481e-10, training_epochs:50, lr:0.05)
<_io.TextIOWrapper name='<stderr>' mode='w' encoding='utf-8'> node index is 445
train linear regression time:  0.05172804184257984
(average_diff:3.283151528421513e-12, max_diff:3.3643920982484588e-12, training_epochs:50, lr:0.05)
<_io.TextIOWrapper name='<stderr>' mode='w' encoding='utf-8'> node index is 433
train linear regression time:  0.051844167057424784
(average_diff:0.02257283607214222, max_diff:0.03259887726678201, training_epochs:50, lr:0.05)
<_io.TextIOWrapper name='<stderr>' mode='w' encoding='utf-8'> node index is 427
train linear regression time:  0.05149304214864969
(average_diff:0.09879961347692783, max_diff:0.3268336862167446, training_epochs:50, lr:0.05)
<_io.TextIOWrapper name='<stderr>' mode='w' encoding='utf-8'> node index is 31
train linear regression time:  0.05294395796954632
<_io.TextIOWrapper name='<stderr>' mode='w' encoding='utf-8'> variance test passed, diff=0.07456456736331288, d = 0, back=0
<_io.TextIOWrapper name='<stderr>' mode='w' encoding='utf-8'> Will be split, p=0.07456456736331288, d=0, back=0
(average_diff:0.09868023592961245, max_diff:0.3288579111444056, training_epochs:50, lr:0.05)
<_io.TextIOWrapper name='<stderr>' mode='w' encoding='utf-8'> node index is 544
train linear regression time:  0.0525996251963079
(average_diff:5.707688500783403e-05, max_diff:5.707688500783403e-05, training_epochs:50, lr:0.05)
<_io.TextIOWrapper name='<stderr>' mode='w' encoding='utf-8'> node index is 545
train linear regression time:  0.05085241701453924
(average_diff:2.443565733090125e-08, max_diff:2.5230501354833734e-08, training_epochs:50, lr:0.05)
<_io.TextIOWrapper name='<stderr>' mode='w' encoding='utf-8'> node index is 369
train linear regression time:  0.050910333171486855
(average_diff:0.013053893602135297, max_diff:0.016911333906538095, training_epochs:50, lr:0.05)
<_io.TextIOWrapper name='<stderr>' mode='w' encoding='utf-8'> node index is 355
train linear regression time:  0.0515217911452055
(average_diff:0.00043333022395939763, max_diff:0.000618839307855501, training_epochs:50, lr:0.05)
<_io.TextIOWrapper name='<stderr>' mode='w' encoding='utf-8'> node index is 341
train linear regression time:  0.050.05186729086562(average_diff:0.023297371666014782, max_diff:0.05069212353205088, training_epochs:50, lr:0.05)
<_io.TextIOWrapper name='<stderr>' mode='w' encoding='utf-8'> node index is 329
train linear regression time:  0.053318416234105825
(average_diff:0.007402312329014466, max_diff:0.012779664470487007, training_epochs:50, lr:0.05)
<_io.TextIOWrapper name='<stderr>' mode='w' encoding='utf-8'> node index is 317
train linear regression time:  0.05395370861515403
(average_diff:0.06113964064939245, max_diff:0.2255192722106956, training_epochs:50, lr:0.05)
<_io.TextIOWrapper name='<stderr>' mode='w' encoding='utf-8'> node index is 305
train linear regression time:  0.053227709140628576
(average_diff:2.7825580180086684e-05, max_diff:2.8725457712111546e-05, training_epochs:50, lr:0.05)
<_io.TextIOWrapper name='<stderr>' mode='w' encoding='utf-8'> node index is 289
train linear regression time:  0.051855749916285276
(average_diff:0.004731369806498753, max_diff:0.008200348338329277, training_epochs:50, lr:0.05)
<_io.TextIOWrapper name='<stderr>' mode='w' encoding='utf-8'> node index is 257
train linear regression time:  0.051802207715809345
(average_diff:0.06739579929442677, max_diff:0.13999447125545006, training_epochs:50, lr:0.05)
<_io.TextIOWrapper name='<stderr>' mode='w' encoding='utf-8'> node index is 243
train linear regression time:  0.05173912504687905
(average_diff:0.0550859581643556, max_diff:0.08390312166464517, training_epochs:50, lr:0.05)
<_io.TextIOWrapper name='<stderr>' mode='w' encoding='utf-8'> node index is 231
train linear regression time:  0.05150212487205863
(average_diff:0.09776366784938759, max_diff:0.16202421132824252, training_epochs:50, lr:0.05)
<_io.TextIOWrapper name='<stderr>' mode='w' encoding='utf-8'> node index is 217
train linear regression time:  0.051613083109259605
(average_diff:0.009850332317060858, max_diff:0.017760449244236032, training_epochs:50, lr:0.05)
<_io.TextIOWrapper name='<stderr>' mode='w' encoding='utf-8'> node index is 275
train linear regression time:  0.0514980829320848
(average_diff:0.01374802761415278, max_diff:0.024932876485896482, training_epochs:50, lr:0.05)
<_io.TextIOWrapper name='<stderr>' mode='w' encoding='utf-8'> node index is 259
train linear regression time:  0.05150395864620805
(average_diff:0.051931417993032136, max_diff:0.11299299705678356, training_epochs:50, lr:0.05)
<_io.TextIOWrapper name='<stderr>' mode='w' encoding='utf-8'> node index is 245
train linear regression time:  0.05177350016310811
(average_diff:0.02039106169286724, max_diff:0.048848496289237486, training_epochs:50, lr:0.05)
<_io.TextIOWrapper name='<stderr>' mode='w' encoding='utf-8'> node index is 233
train linear regression time:  0.05164995929226279
(average_diff:6.831202270518588e-13, max_diff:7.619460618002449e-13, training_epochs:50, lr:0.05)
<_io.TextIOWrapper name='<stderr>' mode='w' encoding='utf-8'> node index is 219
train linear regression time:  0.05218529189005494
(average_diff:0.0128179660258915, max_diff:0.02291235470527142, training_epochs:50, lr:0.05)
<_io.TextIOWrapper name='<stderr>' mode='w' encoding='utf-8'> node index is 205
train linear regression time:  0.05243137525394559
(average_diff:0.01506224096776052, max_diff:0.046143331776350216, training_epochs:50, lr:0.05)
<_io.TextIOWrapper name='<stderr>' mode='w' encoding='utf-8'> node index is 197
train linear regression time:  0.054107832722365856
(average_diff:0.030990444812001708, max_diff:0.06512186665524611, training_epochs:50, lr:0.05)
<_io.TextIOWrapper name='<stderr>' mode='w' encoding='utf-8'> node index is 189
train linear regression time:  0.05169224971905351
(average_diff:0.01908652682853364, max_diff:0.06171861555286873, training_epochs:50, lr:0.05)
<_io.TextIOWrapper name='<stderr>' mode='w' encoding='utf-8'> node index is 181
train linear regression time:  0.05211291695013642
(average_diff:0.02633198953126379, max_diff:0.07450415245190767, training_epochs:50, lr:0.05)
<_io.TextIOWrapper name='<stderr>' mode='w' encoding='utf-8'> node index is 173
train linear regression time:  0.05192958423867822
(average_diff:0.0204546820041159, max_diff:0.04869024180085768, training_epochs:50, lr:0.05)
<_io.TextIOWrapper name='<stderr>' mode='w' encoding='utf-8'> node index is 163
train linear regression time:  0.05249404162168503
(average_diff:0.0, max_diff:0.0, training_epochs:50, lr:0.05)
<_io.TextIOWrapper name='<stderr>' mode='w' encoding='utf-8'> node index is 153
train linear regression time:  0.05209454195573926
(average_diff:0.017211090198241616, max_diff:0.03230125252287841, training_epochs:50, lr:0.05)
<_io.TextIOWrapper name='<stderr>' mode='w' encoding='utf-8'> node index is 221
train linear regression time:  0.05116999987512827
(average_diff:0.11502490514738493, max_diff:0.31054752285971277, training_epochs:50, lr:0.05)
<_io.TextIOWrapper name='<stderr>' mode='w' encoding='utf-8'> node index is 207
train linear regression time:  0.05141108389943838
(average_diff:0.16318396602123522, max_diff:0.6368839159186156, training_epochs:50, lr:0.05)
<_io.TextIOWrapper name='<stderr>' mode='w' encoding='utf-8'> node index is 165
train linear regression time:  0.05197675013914704
(average_diff:0.12376293829337305, max_diff:0.32850370963363473, training_epochs:50, lr:0.05)
<_io.TextIOWrapper name='<stderr>' mode='w' encoding='utf-8'> node index is 155
train linear regression time:  0.05169612541794777
(average_diff:0.15928417610130405, max_diff:0.3032292082134139, training_epochs:50, lr:0.05)
<_io.TextIOWrapper name='<stderr>' mode='w' encoding='utf-8'> node index is 149
train linear regression time:  0.05173645820468664
(average_diff:0.04580531930378055, max_diff:0.14698409793754, training_epochs:50, lr:0.05)
<_io.TextIOWrapper name='<stderr>' mode='w' encoding='utf-8'> node index is 147
train linear regression time:  0.05266766715794802
(average_diff:0.05154806153098991, max_diff:0.15637876351335878, training_epochs:50, lr:0.05)
<_io.TextIOWrapper name='<stderr>' mode='w' encoding='utf-8'> node index is 143
train linear regression time:  0.05316329235211015
(average_diff:0.038690417624735185, max_diff:0.0909473300191126, training_epochs:50, lr:0.05)
<_io.TextIOWrapper name='<stderr>' mode='w' encoding='utf-8'> node index is 137
train linear regression time:  0.051133083179593086
(average_diff:0.04571267461194638, max_diff:0.13521486472548372, training_epochs:50, lr:0.05)
<_io.TextIOWrapper name='<stderr>' mode='w' encoding='utf-8'> node index is 131
train linear regression time:  0.05177462473511696
(average_diff:0.029279211594575312, max_diff:0.0687337257293602, training_epochs:50, lr:0.05)
<_io.TextIOWrapper name='<stderr>' mode='w' encoding='utf-8'> node index is 123
train linear regression time:  0.05108287511393428
(average_diff:0.03400031778495879, max_diff:0.09450220505523743, training_epochs:50, lr:0.05)
<_io.TextIOWrapper name='<stderr>' mode='w' encoding='utf-8'> node index is 113
train linear regression time:  0.053992040921002626
(average_diff:0.0930174609485872, max_diff:0.3644880518421182, training_epochs:50, lr:0.05)
<_io.TextIOWrapper name='<stderr>' mode='w' encoding='utf-8'> node index is 103
train linear regression time:  0.05198854207992554
(average_diff:0.04933751207438906, max_diff:0.16028486702919054, training_epochs:50, lr:0.05)
<_io.TextIOWrapper name='<stderr>' mode='w' encoding='utf-8'> node index is 93
train linear regression time:  0.05201066704466939
(average_diff:0.02374661795310312, max_diff:0.07429710721831603, training_epochs:50, lr:0.05)
<_io.TextIOWrapper name='<stderr>' mode='w' encoding='utf-8'> node index is 139
train linear regression time:  0.05252612475305796
(average_diff:0.06797991317073265, max_diff:0.21496580903372714, training_epochs:50, lr:0.05)
<_io.TextIOWrapper name='<stderr>' mode='w' encoding='utf-8'> node index is 133
train linear regression time:  0.052127167116850615
(average_diff:0.027281481040866654, max_diff:0.06556478188107547, training_epochs:50, lr:0.05)
<_io.TextIOWrapper name='<stderr>' mode='w' encoding='utf-8'> node index is 125
train linear regression time:  0.052098124753683805
(avera(average_diff:0.07188809801064405, max_diff:0.2504157233011184, training_epochs:50, lr<_io.TextIOWrapper name='<stderr>' mode='w' encoding='utf-8'> node index is 115
train linear regression time:  0.052026750054210424
(average_diff:0.07818410064114616, max_diff:0.2918823276301802, training_epochs:50, lr:0.05)
<_io.TextIOWrapper name='<stderr>' mode='w' encoding='utf-8'> node index is 105
train linear regression time:  0.05229829205200076
(average_diff:0.05891625133476114, max_diff:0.23911553507100541, training_epochs:50, lr:0.05)
<_io.TextIOWrapper name='<stderr>' mode='w' encoding='utf-8'> node index is 95
train linear regression time:  0.05261770775541663
(average_diff:0.07386132323612798, max_diff:0.1831681071091938, training_epochs:50, lr:0.05)
<_io.TextIOWrapper name='<stderr>' mode='w' encoding='utf-8'> node index is 85
train linear regression time:  0.05302845872938633
(average_diff:0.07520866503058642, max_diff:0.25423579970653926, training_epochs:50, lr:0.05)
<_io.TextIOWrapper name='<stderr>' mode='w' encoding='utf-8'> node index is 79
train linear regression time:  0.05358391581103206
(average_diff:0.11088581281248866, max_diff:0.42441267250024167, training_epochs:50, lr:0.05)
<_io.TextIOWrapper name='<stderr>' mode='w' encoding='utf-8'> node index is 73
train linear regression time:  0.0535826669074595
(average_diff:0.08264350395440957, max_diff:0.36655203090451216, training_epochs:50, lr:0.05)
<_io.TextIOWrapper name='<stderr>' mode='w' encoding='utf-8'> node index is 65
train linear regression time:  0.051688583102077246
(average_diff:0.07953971755406995, max_diff:0.44376975181231515, training_epochs:50, lr:0.05)
<_io.TextIOWrapper name='<stderr>' mode='w' encoding='utf-8'> node index is 538
train linear regression time:  0.05558270821347833
(average_diff:0.03471495497778637, max_diff:0.03521296905967508, training_epochs:50, lr:0.05)
<_io.TextIOWrapper name='<stderr>' mode='w' encoding='utf-8'> node index is 539
train linear regression time:  0.05313725024461746
(average_diff:0.00013413746747586996, max_diff:0.00014485506195771602, training_epochs:50, lr:0.05)
<_io.TextIOWrapper name='<stderr>' mode='w' encoding='utf-8'> node index is 523
train linear regression time:  0.05324083426967263
(average_diff:1.942890293094024e-16, max_diff:1.942890293094024e-16, training_epochs:50, lr:0.05)
<_io.TextIOWrapper name='<stderr>' mode='w' encoding='utf-8'> node index is 513
train linear regression time:  0.05326150031760335
(average_diff:0.0, max_diff:0.0, training_epochs:50, lr:0.05)
<_io.TextIOWrapper name='<stderr>' mode='w' encoding='utf-8'> node index is 505
train linear regression time:  0.052639915607869625
(average_diff:0.011802958344251898, max_diff:0.01736717939854615, training_epochs:50, lr:0.05)
<_io.TextIOWrapper name='<stderr>' mode='w' encoding='utf-8'> node index is 495
train linear regression time:  0.05293933302164078
(average_diff:0.020537230209695955, max_diff:0.02589491509270292, training_epochs:50, lr:0.05)
<_io.TextIOWrapper name='<stderr>' mode='w' encoding='utf-8'> node index is 487
train linear regression time:  0.05281720869243145
(average_diff:0.08689674856286572, max_diff:0.5812768247924407, training_epochs:50, lr:0.05)
<_io.TextIOWrapper name='<stderr>' mode='w' encoding='utf-8'> node index is 47
train linear regression time:  0.053420459385961294
(average_diff:0.003983096669872589, max_diff:0.006399806341927841, training_epochs:50, lr:0.05)
<_io.TextIOWrapper name='<stderr>' mode='w' encoding='utf-8'> node index is 397
train linear regression time:  0.05135049996897578
(average_diff:0.07463361814446756, max_diff:0.1262904330630772, training_epochs:50, lr:0.05)
<_io.TextIOWrapper name='<stderr>' mode='w' encoding='utf-8'> node index is 383
train linear regression time:  0.05176112521439791
(average_diff:1.1102230246251565e-16, max_diff:1.1102230246251565e-16, training_epochs:50, lr:0.05)
<_io.TextIOWrapper name='<stderr>' mode='w' encoding='utf-8'> node index is 371
train linear regression time:  0.05301216710358858
(average_diff:0.19041467882272112, max_diff:0.5004766333279208, training_epochs:50, lr:0.05)
<_io.TextIOWrapper name='<stderr>' mode='w' encoding='utf-8'> node index is 357
train linear regression time:  0.051670417189598083
(average_diff:0.10915974790070056, max_diff:0.23691009303372973, training_epochs:50, lr:0.05)
<_io.TextIOWrapper name='<stderr>' mode='w' encoding='utf-8'> node index is 343
train linear regression time:  0.05175745906308293
(average_diff:0.0029305249478922177, max_diff:0.004418462859399508, training_epochs:50, lr:0.05)
<_io.TextIOWrapper name='<stderr>' mode='w' encoding='utf-8'> node index is 331
train linear regression time:  0.05148441670462489
(average_diff:0.01286540870505834, max_diff:0.02504258255118086, training_epochs:50, lr:0.05)
<_io.TextIOWrapper name='<stderr>' mode='w' encoding='utf-8'> node index is 319
train linear regression time:  0.05157141713425517
(average_diff:0.16986783723009583, max_diff:0.4839925209834238, training_epochs:50, lr:0.05)
<_io.TextIOWrapper name='<stderr>' mode='w' encoding='utf-8'> node index is 307
train linear regression time:  0.05159012507647276
(average_diff:3.154148053852168e-10, max_diff:3.2275704331397037e-10, training_epochs:50, lr:0.05)
<_io.TextIOWrapper name='<stderr>' mode='w' encoding='utf-8'> node index is 293
train linear regression time:  0.05114016681909561
(average_diff:0.028576528932071455, max_diff:0.05855872296546716, training_epochs:50, lr:0.05)
<_io.TextIOWrapper name='<stderr>' mode='w' encoding='utf-8'> node index is 277
train linear regression time:  0.05199370812624693
(average_diff:0.025716062612147074, max_diff:0.04513983075584818, training_epochs:50, lr:0.05)
<_io.TextIOWrapper name='<stderr>' mode='w' encoding='utf-8'> node index is 261
train linear regression time:  0.051609375048428774
(average_diff:0.10414093423006657, max_diff:0.20108778159257246, training_epochs:50, lr:0.05)
<_io.TextIOWrapper name='<stderr>' mode='w' encoding='utf-8'> node index is 247
train linear regression time:  0.05170633317902684
(average_diff:0.0, max_diff:0.0, training_epochs:50, lr:0.05)
<_io.TextIOWrapper name='<stderr>' mode='w' encoding='utf-8'> node index is 533
train linear regression time:  0.05178412515670061
(average_diff:0.008247354293216472, max_diff:0.012428236358670741, training_epochs:50, lr:0.05)
<_io.TextIOWrapper name='<stderr>' mode='w' encoding='utf-8'> node index is 525
train linear regression time:  0.05159683292731643
(average_diff:0.008274778918567871, max_diff:0.009044228254112219, training_epochs:50, lr:0.05)
<_io.TextIOWrapper name='<stderr>' mode='w' encoding='utf-8'> node index is 515
train linear regression time:  0.05175395868718624
(average_diff:6.938893903907228e-17, max_diff:6.938893903907228e-17, training_epochs:50, lr:0.05)
<_io.TextIOWrapper name='<stderr>' mode='w' encoding='utf-8'> node index is 503
train linear regression time:  0.051491249818354845
(average_diff:0.02168587886279986, max_diff:0.031639271494505294, training_epochs:50, lr:0.05)
<_io.TextIOWrapper name='<stderr>' mode='w' encoding='utf-8'> node index is 497
train linear regression time:  0.0515284170396626
(average_diff:2.7755575615628914e-17, max_diff:2.7755575615628914e-17, training_epochs:50, lr:0.05)
<_io.TextIOWrapper name='<stderr>' mode='w' encoding='utf-8'> node index is 489
train linear regression time:  0.051647957880049944
(average_diff:0.0, max_diff:0.0, training_epochs:50, lr:0.05)
<_io.TextIOWrapper name='<stderr>' mode='w' encoding='utf-8'> node index is 483
train linear regression time:  0.051092667039483786
(average_diff:0.0, max_diff:0.0, training_epochs:50, lr:0.05)
<_io.TextIOWrapper name='<stderr>' mode='w' encoding='utf-8'> node index is 479
train linear regression time:  0.0520339161157608
(average_diff:0.0059220765884773945, max_diff:0.009370554716214952, training_epochs:50, lr:0.05)
<_io.TextIOWrapper name='<stderr>' mode='w' encoding='utf-8'> node index is 463
train linear regression time:  0.05120683275163174
(average_diff:0.0029669213651575266, max_diff:0.004532667222766351, training_epochs:50, lr:0.05)
<_io.TextIOWrapper name='<stderr>' mode='w' encoding='utf-8'> node index is 459
tratrain linear regression time:  0.0517222089692950(average_diff:0.0003854962328430911, max_diff:0.0004255107596815022, training_epochs:50, lr:0.05)
<_io.TextIOWrapper name='<stderr>' mode='w' encoding='utf-8'> node index is 451
train linear regression time:  0.0524967503733933
(average_diff:0.0, max_diff:0.0, training_epochs:50, lr:0.05)
<_io.TextIOWrapper name='<stderr>' mode='w' encoding='utf-8'> node index is 439
train linear regression time:  0.05265504214912653
(average_diff:0.00813427936669775, max_diff:0.01674474809810622, training_epochs:50, lr:0.05)
<_io.TextIOWrapper name='<stderr>' mode='w' encoding='utf-8'> node index is 437
train linear regression time:  0.050990958232432604
(average_diff:0.03130069099750575, max_diff:0.06791149980027227, training_epochs:50, lr:0.05)
<_io.TextIOWrapper name='<stderr>' mode='w' encoding='utf-8'> node index is 117
train linear regression time:  0.04967616684734821
(average_diff:0.02225546532535083, max_diff:0.06294690976786384, training_epochs:50, lr:0.05)
<_io.TextIOWrapper name='<stderr>' mode='w' encoding='utf-8'> node index is 107
train linear regression time:  0.052648541983217
(average_diff:0.04091254232702106, max_diff:0.13253003313917722, training_epochs:50, lr:0.05)
<_io.TextIOWrapper name='<stderr>' mode='w' encoding='utf-8'> node index is 97
train linear regression time:  0.053952207788825035
(average_diff:0.06232175613126887, max_diff:0.16156700383908795, training_epochs:50, lr:0.05)
<_io.TextIOWrapper name='<stderr>' mode='w' encoding='utf-8'> node index is 87
train linear regression time:  0.052060500252991915
(average_diff:0.06343391867268505, max_diff:0.3276081780955713, training_epochs:50, lr:0.05)
<_io.TextIOWrapper name='<stderr>' mode='w' encoding='utf-8'> node index is 81
train linear regression time:  0.052093375008553267
(average_diff:0.07462478378334149, max_diff:0.2683142419949752, training_epochs:50, lr:0.05)
<_io.TextIOWrapper name='<stderr>' mode='w' encoding='utf-8'> node index is 75
train linear regression time:  0.04912300035357475
(average_diff:0.09671633653000701, max_diff:0.3196327764092427, training_epochs:50, lr:0.05)
<_io.TextIOWrapper name='<stderr>' mode='w' encoding='utf-8'> node index is 526
train linear regression time:  0.05291416682302952
<_io.TextIOWrapper name='<stderr>' mode='w' encoding='utf-8'> variance test passed, diff=0.012806329286459292, d = 1, back=0
<_io.TextIOWrapper name='<stderr>' mode='w' encoding='utf-8'> Will be split, p=0.012806329286459292, d=1, back=0
(average_diff:0.08408099727264011, max_diff:0.2858499971015343, training_epochs:50, lr:0.05)
<_io.TextIOWrapper name='<stderr>' mode='w' encoding='utf-8'> node index is 546
train linear regression time:  0.0529185407795012
(average_diff:0.035992436667676174, max_diff:0.05796080071659837, training_epochs:50, lr:0.05)
<_io.TextIOWrapper name='<stderr>' mode='w' encoding='utf-8'> node index is 547
train linear regression time:  0.05201025027781725
(average_diff:1.1102230246251565e-16, max_diff:1.1102230246251565e-16, training_epochs:50, lr:0.05)
<_io.TextIOWrapper name='<stderr>' mode='w' encoding='utf-8'> node index is 527
train linear regression time:  0.05201412504538894
(average_diff:5.551115123125783e-17, max_diff:5.551115123125783e-17, training_epochs:50, lr:0.05)
<_io.TextIOWrapper name='<stderr>' mode='w' encoding='utf-8'> node index is 507
train linear regression time:  0.05192237487062812
(average_diff:0.16647712776272117, max_diff:0.5793602739264023, training_epochs:50, lr:0.05)
<_io.TextIOWrapper name='<stderr>' mode='w' encoding='utf-8'> node index is 59
train linear regression time:  0.052259040996432304
(average_diff:0.09924935608584601, max_diff:0.3215701247256875, training_epochs:50, lr:0.05)
<_io.TextIOWrapper name='<stderr>' mode='w' encoding='utf-8'> node index is 49
train linear regression time:  0.05209570797160268
(average_diff:0.1613025234777383, max_diff:0.6441162947102619, training_epochs:50, lr:0.05)
<_io.TextIOWrapper name='<stderr>' mode='w' encoding='utf-8'> node index is 542
train linear regression time:  0.05278366710990667
(average_diff:9.43689570931383e-16, max_diff:9.43689570931383e-16, training_epochs:50, lr:0.05)
<_io.TextIOWrapper name='<stderr>' mode='w' encoding='utf-8'> node index is 543
train linear regression time:  0.05102641601115465
(average_diff:0.01368467940570417, max_diff:0.013707194326718075, training_epochs:50, lr:0.05)
<_io.TextIOWrapper name='<stderr>' mode='w' encoding='utf-8'> node index is 535
train linear regression time:  0.05184070812538266
(average_diff:1.23515962113796e-06, max_diff:1.3720326937360916e-06, training_epochs:50, lr:0.05)
<_io.TextIOWrapper name='<stderr>' mode='w' encoding='utf-8'> node index is 529
train linear regression time:  0.0519349155947566
(average_diff:1.1102230246251565e-16, max_diff:1.1102230246251565e-16, training_epochs:50, lr:0.05)
<_io.TextIOWrapper name='<stderr>' mode='w' encoding='utf-8'> node index is 517
train linear regression time:  0.05284370807930827
(average_diff:0.024188334347922946, max_diff:0.02490910666893531, training_epochs:50, lr:0.05)
<_io.TextIOWrapper name='<stderr>' mode='w' encoding='utf-8'> node index is 509
train linear regression time:  0.05184258380904794
(average_diff:0.0, max_diff:0.0, training_epochs:50, lr:0.05)
<_io.TextIOWrapper name='<stderr>' mode='w' encoding='utf-8'> node index is 499
train linear regression time:  0.051944083999842405
(average_diff:0.012768642688912646, max_diff:0.020319471652584742, training_epochs:50, lr:0.05)
<_io.TextIOWrapper name='<stderr>' mode='w' encoding='utf-8'> node index is 491
train linear regression time:  0.05048945778980851
(average_diff:0.01325880875758478, max_diff:0.025787445659551378, training_epochs:50, lr:0.05)
<_io.TextIOWrapper name='<stderr>' mode='w' encoding='utf-8'> node index is 385
train linear regression time:  0.05329245934262872
(average_diff:4.253533791270803e-06, max_diff:5.894591230570789e-06, training_epochs:50, lr:0.05)
<_io.TextIOWrapper name='<stderr>' mode='w' encoding='utf-8'> node index is 373
train linear regression time:  0.05220720823854208
(average_diff:0.0, max_diff:0.0, training_epochs:50, lr:0.05)
<_io.TextIOWrapper name='<stderr>' mode='w' encoding='utf-8'> node index is 359
train linear regression time:  0.05097370874136686
(average_diff:0.07242926388094484, max_diff:0.21732192478682627, training_epochs:50, lr:0.05)
<_io.TextIOWrapper name='<stderr>' mode='w' encoding='utf-8'> node index is 345
train linear regression time:  0.05215749982744455
(average_diff:0.06376858144973109, max_diff:0.09306104237837845, training_epochs:50, lr:0.05)
<_io.TextIOWrapper name='<stderr>' mode='w' encoding='utf-8'> node index is 321
train linear regression time:  0.05190549977123737
(average_diff:0.058029703736791935, max_diff:0.1600285392637822, training_epochs:50, lr:0.05)
<_io.TextIOWrapper name='<stderr>' mode='w' encoding='utf-8'> node index is 295
train linear regression time:  0.051505208015441895
(average_diff:0.13314054417172852, max_diff:0.20472236868908644, training_epochs:50, lr:0.05)
<_io.TextIOWrapper name='<stderr>' mode='w' encoding='utf-8'> node index is 279
train linear regression time:  0.05178974987939
(average_diff:1.3877787807814457e-17, max_diff:2.7755575615628914e-17, training_epochs:50, lr:0.05)
<_io.TextIOWrapper name='<stderr>' mode='w' encoding='utf-8'> node index is 263
train linear regression time:  0.051710374653339386
(average_diff:0.0298012539389929, max_diff:0.0442633474613634, training_epochs:50, lr:0.05)
<_io.TextIOWrapper name='<stderr>' mode='w' encoding='utf-8'> node index is 249
train linear regression time:  0.0511551252566278
(average_diff:0.08329499798979773, max_diff:0.14478347124913737, training_epochs:50, lr:0.05)
<_io.TextIOWrapper name='<stderr>' mode='w' encoding='utf-8'> node index is 237
train linear regression time:  0.051955209113657475
(average_diff:0.0005843528415597604, max_diff:0.0009035503646849519, training_epochs:50, lr:0.05)
<_io.TextIOWrapper name='<stderr>' mode='w' encoding='utf-8'> node index is 265
train linear regression time:  0.05338933318853378
(average_diff:0.0, max_diff:0.0, training_epochs:50, lr:0.05)
<_io.Te<_io.TextIOWrapper name='<stderr>' mode='w' encoding='utf-8'> node index train linear regression time:  0.05435008276253939
(average_diff:0.08548675415325022, max_diff:0.36269720666662497, training_epochs:50, lr:0.05)
<_io.TextIOWrapper name='<stderr>' mode='w' encoding='utf-8'> node index is 239
train linear regression time:  0.051109666004776955
(average_diff:0.08679583841881236, max_diff:0.19909895221592244, training_epochs:50, lr:0.05)
<_io.TextIOWrapper name='<stderr>' mode='w' encoding='utf-8'> node index is 223
train linear regression time:  0.051059875171631575
(average_diff:0.012615450312883095, max_diff:0.028135606016377157, training_epochs:50, lr:0.05)
<_io.TextIOWrapper name='<stderr>' mode='w' encoding='utf-8'> node index is 209
train linear regression time:  0.05212116613984108
(average_diff:0.06176327780892447, max_diff:0.11438051163835228, training_epochs:50, lr:0.05)
<_io.TextIOWrapper name='<stderr>' mode='w' encoding='utf-8'> node index is 199
train linear regression time:  0.05231058411300182
(average_diff:0.08116406420016545, max_diff:0.20933938054129944, training_epochs:50, lr:0.05)
<_io.TextIOWrapper name='<stderr>' mode='w' encoding='utf-8'> node index is 191
train linear regression time:  0.054018749855458736
(average_diff:0.10871993590700493, max_diff:0.20827103144956044, training_epochs:50, lr:0.05)
<_io.TextIOWrapper name='<stderr>' mode='w' encoding='utf-8'> node index is 183
train linear regression time:  0.051967374980449677
(average_diff:0.10646106523908229, max_diff:0.2208956613898812, training_epochs:50, lr:0.05)
<_io.TextIOWrapper name='<stderr>' mode='w' encoding='utf-8'> node index is 175
train linear regression time:  0.05243770778179169
(average_diff:0.09897390869124909, max_diff:0.23943546265297694, training_epochs:50, lr:0.05)
<_io.TextIOWrapper name='<stderr>' mode='w' encoding='utf-8'> node index is 167
train linear regression time:  0.052199999801814556
(average_diff:0.08854492539762322, max_diff:0.19207661859393899, training_epochs:50, lr:0.05)
<_io.TextIOWrapper name='<stderr>' mode='w' encoding='utf-8'> node index is 157
train linear regression time:  0.05184024991467595
(average_diff:0.0, max_diff:0.0, training_epochs:50, lr:0.05)
<_io.TextIOWrapper name='<stderr>' mode='w' encoding='utf-8'> node index is 323
train linear regression time:  0.05209025042131543
(average_diff:0.0, max_diff:0.0, training_epochs:50, lr:0.05)
<_io.TextIOWrapper name='<stderr>' mode='w' encoding='utf-8'> node index is 309
train linear regression time:  0.05178129207342863
(average_diff:0.08588347765674548, max_diff:0.1648658367489378, training_epochs:50, lr:0.05)
<_io.TextIOWrapper name='<stderr>' mode='w' encoding='utf-8'> node index is 297
train linear regression time:  0.05186058301478624
(average_diff:0.15458750933702958, max_diff:0.268887822615382, training_epochs:50, lr:0.05)
<_io.TextIOWrapper name='<stderr>' mode='w' encoding='utf-8'> node index is 283
train linear regression time:  0.05188058316707611
(average_diff:0.07589424508153905, max_diff:0.20563851160949076, training_epochs:50, lr:0.05)
<_io.TextIOWrapper name='<stderr>' mode='w' encoding='utf-8'> node index is 267
train linear regression time:  0.0518301660194993
(average_diff:0.15375016718926426, max_diff:0.592337994720505, training_epochs:50, lr:0.05)
<_io.TextIOWrapper name='<stderr>' mode='w' encoding='utf-8'> node index is 225
train linear regression time:  0.05204195808619261
(average_diff:0.2155630106696342, max_diff:0.4015519326918914, training_epochs:50, lr:0.05)
<_io.TextIOWrapper name='<stderr>' mode='w' encoding='utf-8'> node index is 211
train linear regression time:  0.05105129210278392
(average_diff:0.13124119201699977, max_diff:0.2994569342022946, training_epochs:50, lr:0.05)
<_io.TextIOWrapper name='<stderr>' mode='w' encoding='utf-8'> node index is 185
train linear regression time:  0.05152437509968877
(average_diff:0.14566064135906084, max_diff:0.4636180404685346, training_epochs:50, lr:0.05)
<_io.TextIOWrapper name='<stderr>' mode='w' encoding='utf-8'> node index is 177
train linear regression time:  0.051971707958728075
(average_diff:0.17498624235283528, max_diff:0.42062456464102005, training_epochs:50, lr:0.05)
<_io.TextIOWrapper name='<stderr>' mode='w' encoding='utf-8'> node index is 169
train linear regression time:  0.05187495891004801
(average_diff:0.0, max_diff:0.0, training_epochs:50, lr:0.05)
<_io.TextIOWrapper name='<stderr>' mode='w' encoding='utf-8'> node index is 159
train linear regression time:  0.05187029205262661
(average_diff:0.127259881527301, max_diff:0.2540626951011905, training_epochs:50, lr:0.05)
<_io.TextIOWrapper name='<stderr>' mode='w' encoding='utf-8'> node index is 151
train linear regression time:  0.052916208282113075
(average_diff:0.039709595048458224, max_diff:0.09342772875458699, training_epochs:50, lr:0.05)
<_io.TextIOWrapper name='<stderr>' mode='w' encoding='utf-8'> node index is 135
train linear regression time:  0.05132408393546939
(average_diff:0.05111044563253746, max_diff:0.10840695803197159, training_epochs:50, lr:0.05)
<_io.TextIOWrapper name='<stderr>' mode='w' encoding='utf-8'> node index is 129
train linear regression time:  0.051933125127106905
(average_diff:0.03042364884365075, max_diff:0.10831032033795507, training_epochs:50, lr:0.05)
<_io.TextIOWrapper name='<stderr>' mode='w' encoding='utf-8'> node index is 119
train linear regression time:  0.05142362508922815
(average_diff:0.03913613625247845, max_diff:0.10607267226163691, training_epochs:50, lr:0.05)
<_io.TextIOWrapper name='<stderr>' mode='w' encoding='utf-8'> node index is 109
train linear regression time:  0.05340866697952151
(average_diff:0.04476952445037229, max_diff:0.16720169311045296, training_epochs:50, lr:0.05)
<_io.TextIOWrapper name='<stderr>' mode='w' encoding='utf-8'> node index is 99
train linear regression time:  0.05301050003618002
(average_diff:2.7755575615628914e-17, max_diff:2.7755575615628914e-17, training_epochs:50, lr:0.05)
<_io.TextIOWrapper name='<stderr>' mode='w' encoding='utf-8'> node index is 447
train linear regression time:  0.052047708071768284
(average_diff:0.007971712971487521, max_diff:0.010869374453740588, training_epochs:50, lr:0.05)
<_io.TextIOWrapper name='<stderr>' mode='w' encoding='utf-8'> node index is 441
train linear regression time:  0.05102658411487937
(average_diff:0.018163028447732692, max_diff:0.02986693461067716, training_epochs:50, lr:0.05)
<_io.TextIOWrapper name='<stderr>' mode='w' encoding='utf-8'> node index is 435
train linear regression time:  0.05103704193606973
(average_diff:0.0, max_diff:0.0, training_epochs:50, lr:0.05)
<_io.TextIOWrapper name='<stderr>' mode='w' encoding='utf-8'> node index is 429
train linear regression time:  0.05361000029370189
(average_diff:0.005685633737855245, max_diff:0.008489796718190723, training_epochs:50, lr:0.05)
<_io.TextIOWrapper name='<stderr>' mode='w' encoding='utf-8'> node index is 421
train linear regression time:  0.052119874861091375
(average_diff:0.005854886518521414, max_diff:0.2137308243387171, training_epochs:50, lr:0.05)
<_io.TextIOWrapper name='<stderr>' mode='w' encoding='utf-8'> node index is 69
train linear regression time:  0.05231949966400862
(average_diff:0.072090917129689, max_diff:0.23432698864882495, training_epochs:50, lr:0.05)
<_io.TextIOWrapper name='<stderr>' mode='w' encoding='utf-8'> node index is 61
train linear regression time:  0.051115624606609344
(average_diff:0.10990722721405966, max_diff:0.44138545813845664, training_epochs:50, lr:0.05)
<_io.TextIOWrapper name='<stderr>' mode='w' encoding='utf-8'> node index is 53
train linear regression time:  0.0524750417098403
(average_diff:0.03352338844166825, max_diff:0.06129398441690326, training_epochs:50, lr:0.05)
<_io.TextIOWrapper name='<stderr>' mode='w' encoding='utf-8'> node index is 401
train linear regression time:  0.05187379103153944
(average_diff:2.7755575615628914e-17, max_diff:2.7755575615628914e-17, training_epochs:50, lr:0.05)
<_io.TextIOWrapper name='<stderr>' mode='w' encoding='utf-8'> node index is 387
train linear regression time:  0.051867208909243345
(avera(average_diff:0.005090374019726097, max_diff:0.008038804114985643, training_epochs:50, lr:0.05)
<_io.TextIOWrapper name='<stderr>' mode='w' encoding='utnode index is 375
train linear regression time:  0.05187204200774431
(average_diff:0.018209934317121756, max_diff:0.023592705984419315, training_epochs:50, lr:0.05)
<_io.TextIOWrapper name='<stderr>' mode='w' encoding='utf-8'> node index is 361
train linear regression time:  0.051810457836836576
(average_diff:0.024368554633883155, max_diff:0.05199955690562355, training_epochs:50, lr:0.05)
<_io.TextIOWrapper name='<stderr>' mode='w' encoding='utf-8'> node index is 347
train linear regression time:  0.05139620788395405
(average_diff:0.09601014369744512, max_diff:0.1835363130029744, training_epochs:50, lr:0.05)
<_io.TextIOWrapper name='<stderr>' mode='w' encoding='utf-8'> node index is 311
train linear regression time:  0.05205870792269707
(average_diff:0.017017257310745906, max_diff:0.028252424263106632, training_epochs:50, lr:0.05)
<_io.TextIOWrapper name='<stderr>' mode='w' encoding='utf-8'> node index is 299
train linear regression time:  0.051920666359364986
(average_diff:0.12795802766671788, max_diff:0.4205327594605552, training_epochs:50, lr:0.05)
<_io.TextIOWrapper name='<stderr>' mode='w' encoding='utf-8'> node index is 285
train linear regression time:  0.0520988330245018
(average_diff:0.01835028946785316, max_diff:0.034461571508704936, training_epochs:50, lr:0.05)
<_io.TextIOWrapper name='<stderr>' mode='w' encoding='utf-8'> node index is 269
train linear regression time:  0.05227199988439679
(average_diff:0.005103360659688028, max_diff:0.005276319050057765, training_epochs:50, lr:0.05)
<_io.TextIOWrapper name='<stderr>' mode='w' encoding='utf-8'> node index is 415
train linear regression time:  0.05194354197010398
(average_diff:0.024319704784927662, max_diff:0.04856284915837322, training_epochs:50, lr:0.05)
<_io.TextIOWrapper name='<stderr>' mode='w' encoding='utf-8'> node index is 411
train linear regression time:  0.05201583309099078
(average_diff:1.0988382918852846e-07, max_diff:1.1855524340020906e-07, training_epochs:50, lr:0.05)
<_io.TextIOWrapper name='<stderr>' mode='w' encoding='utf-8'> node index is 403
train linear regression time:  0.052882584277540445
(average_diff:0.026859748515683905, max_diff:0.0621846261154895, training_epochs:50, lr:0.05)
<_io.TextIOWrapper name='<stderr>' mode='w' encoding='utf-8'> node index is 389
train linear regression time:  0.051835541147738695
(average_diff:0.04916311927796738, max_diff:0.11048620028497957, training_epochs:50, lr:0.05)
<_io.TextIOWrapper name='<stderr>' mode='w' encoding='utf-8'> node index is 377
train linear regression time:  0.05216541700065136
(average_diff:0.004629211288523875, max_diff:0.006970254195890646, training_epochs:50, lr:0.05)
<_io.TextIOWrapper name='<stderr>' mode='w' encoding='utf-8'> node index is 363
train linear regression time:  0.051888915710151196
(average_diff:0.01846349901040736, max_diff:0.02737706217836483, training_epochs:50, lr:0.05)
<_io.TextIOWrapper name='<stderr>' mode='w' encoding='utf-8'> node index is 349
train linear regression time:  0.05201004212722182
(average_diff:0.047156984310280696, max_diff:0.08924387943288858, training_epochs:50, lr:0.05)
<_io.TextIOWrapper name='<stderr>' mode='w' encoding='utf-8'> node index is 335
train linear regression time:  0.052084332797676325
(average_diff:0.010656686031778533, max_diff:0.026500340922947285, training_epochs:50, lr:0.05)
<_io.TextIOWrapper name='<stderr>' mode='w' encoding='utf-8'> node index is 325
train linear regression time:  0.0519512090831995
(average_diff:0.10118563143801818, max_diff:0.25871360515210196, training_epochs:50, lr:0.05)
<_io.TextIOWrapper name='<stderr>' mode='w' encoding='utf-8'> node index is 313
train linear regression time:  0.051354541443288326
(average_diff:0.0, max_diff:0.0, training_epochs:50, lr:0.05)
<_io.TextIOWrapper name='<stderr>' mode='w' encoding='utf-8'> node index is 443
train linear regression time:  0.05186954187229276
(average_diff:0.06362904157399459, max_diff:0.11450784461018404, training_epochs:50, lr:0.05)
<_io.TextIOWrapper name='<stderr>' mode='w' encoding='utf-8'> node index is 431
train linear regression time:  0.052787582855671644
(average_diff:0.0, max_diff:0.0, training_epochs:50, lr:0.05)
<_io.TextIOWrapper name='<stderr>' mode='w' encoding='utf-8'> node index is 425
train linear regression time:  0.05198741564527154
(average_diff:0.0030343242716059002, max_diff:0.004535102661292034, training_epochs:50, lr:0.05)
<_io.TextIOWrapper name='<stderr>' mode='w' encoding='utf-8'> node index is 419
train linear regression time:  0.051603375002741814
(average_diff:0.0015556384164236066, max_diff:0.002334161845721827, training_epochs:50, lr:0.05)
<_io.TextIOWrapper name='<stderr>' mode='w' encoding='utf-8'> node index is 413
train linear regression time:  0.05189525010064244
(average_diff:1.9372194693056954e-05, max_diff:1.9433357465015177e-05, training_epochs:50, lr:0.05)
<_io.TextIOWrapper name='<stderr>' mode='w' encoding='utf-8'> node index is 405
train linear regression time:  0.05160145787522197
(average_diff:0.0, max_diff:0.0, training_epochs:50, lr:0.05)
<_io.TextIOWrapper name='<stderr>' mode='w' encoding='utf-8'> node index is 391
train linear regression time:  0.051632583141326904
(average_diff:1.0902646507826574e-08, max_diff:1.1014139822407287e-08, training_epochs:50, lr:0.05)
<_io.TextIOWrapper name='<stderr>' mode='w' encoding='utf-8'> node index is 379
train linear regression time:  0.051939708180725574
(average_diff:0.043074860593849906, max_diff:0.12280696238406952, training_epochs:50, lr:0.05)
<_io.TextIOWrapper name='<stderr>' mode='w' encoding='utf-8'> node index is 365
train linear regression time:  0.051716874819248915
(average_diff:0.06304476410748434, max_diff:0.06343688312627271, training_epochs:50, lr:0.05)
<_io.TextIOWrapper name='<stderr>' mode='w' encoding='utf-8'> node index is 351
train linear regression time:  0.051719916984438896
(average_diff:0.000355315066838488, max_diff:0.0003665866394845507, training_epochs:50, lr:0.05)
<_io.TextIOWrapper name='<stderr>' mode='w' encoding='utf-8'> node index is 337
train linear regression time:  0.051913957577198744
(average_diff:0.13752811800901424, max_diff:0.4994647510703023, training_epochs:50, lr:0.05)
<_io.TextIOWrapper name='<stderr>' mode='w' encoding='utf-8'> node index is 393
train linear regression time:  0.05220116721466184
(average_diff:1.6653345369377348e-16, max_diff:2.220446049250313e-16, training_epochs:50, lr:0.05)
<_io.TextIOWrapper name='<stderr>' mode='w' encoding='utf-8'> node index is 301
train linear regression time:  0.05374320922419429
(average_diff:0.09020366362518624, max_diff:0.2041534980555753, training_epochs:50, lr:0.05)
<_io.TextIOWrapper name='<stderr>' mode='w' encoding='utf-8'> node index is 271
train linear regression time:  0.05165074998512864
(average_diff:0.08879817907827747, max_diff:0.18556986514756257, training_epochs:50, lr:0.05)
<_io.TextIOWrapper name='<stderr>' mode='w' encoding='utf-8'> node index is 253
train linear regression time:  0.05428379215300083
(average_diff:0.28599848412079104, max_diff:0.45509934694375154, training_epochs:50, lr:0.05)
<_io.TextIOWrapper name='<stderr>' mode='w' encoding='utf-8'> node index is 227
train linear regression time:  0.05120524996891618
(average_diff:0.12428836962741363, max_diff:0.2686533377455861, training_epochs:50, lr:0.05)
<_io.TextIOWrapper name='<stderr>' mode='w' encoding='utf-8'> node index is 213
train linear regression time:  0.05319979088380933
(average_diff:0.05561031928745486, max_diff:0.11563380290335151, training_epochs:50, lr:0.05)
<_io.TextIOWrapper name='<stderr>' mode='w' encoding='utf-8'> node index is 201
train linear regression time:  0.05218129092827439
(average_diff:3.1308289294429414e-14, max_diff:3.3584246494910985e-14, training_epochs:50, lr:0.05)
<_io.TextIOWrapper name='<stderr>' mode='w' encoding='utf-8'> node index is 193
train linear regression time:  0.050883874762803316
(average_diff:0.032857370425252615, max_diff:0.08198032924115572, training_epochs:50, lr:0.05)
<_<_io.TextIOWrapper name='<stderr>' mode='w' encoding='utf-8'> node index is 187
train linear regression time:  0.052194125019013(average_diff:0.02983612521976844, max_diff:0.06869694714023344, training_epochs:50, lr:0.05)
<_io.TextIOWrapper name='<stderr>' mode='w' encoding='utf-8'> node index is 179
train linear regression time:  0.05193370906636119
(average_diff:0.0, max_diff:0.0, training_epochs:50, lr:0.05)
<_io.TextIOWrapper name='<stderr>' mode='w' encoding='utf-8'> node index is 171
train linear regression time:  0.05164545774459839
(average_diff:0.06251127327432493, max_diff:0.16448612875308488, training_epochs:50, lr:0.05)
<_io.TextIOWrapper name='<stderr>' mode='w' encoding='utf-8'> node index is 161
train linear regression time:  0.05202937498688698
(average_diff:0.0017945492888278847, max_diff:0.0018565326619059963, training_epochs:50, lr:0.05)
<_io.TextIOWrapper name='<stderr>' mode='w' encoding='utf-8'> node index is 367
train linear regression time:  0.05372229218482971
(average_diff:0.0, max_diff:0.0, training_epochs:50, lr:0.05)
<_io.TextIOWrapper name='<stderr>' mode='w' encoding='utf-8'> node index is 353
train linear regression time:  0.050926709081977606
(average_diff:0.0001828001106766175, max_diff:0.00018491981456003614, training_epochs:50, lr:0.05)
<_io.TextIOWrapper name='<stderr>' mode='w' encoding='utf-8'> node index is 339
train linear regression time:  0.05393708264455199
(average_diff:0.022108476780092718, max_diff:0.041840411592000026, training_epochs:50, lr:0.05)
<_io.TextIOWrapper name='<stderr>' mode='w' encoding='utf-8'> node index is 327
train linear regression time:  0.0519743338227272
(average_diff:0.028352164698507216, max_diff:0.15639071745347766, training_epochs:50, lr:0.05)
<_io.TextIOWrapper name='<stderr>' mode='w' encoding='utf-8'> node index is 315
train linear regression time:  0.05311083374544978
(average_diff:2.169375790117556e-13, max_diff:3.3739677718358507e-13, training_epochs:50, lr:0.05)
<_io.TextIOWrapper name='<stderr>' mode='w' encoding='utf-8'> node index is 303
train linear regression time:  0.05227966606616974
(average_diff:0.03323868803856023, max_diff:0.055810276072624454, training_epochs:50, lr:0.05)
<_io.TextIOWrapper name='<stderr>' mode='w' encoding='utf-8'> node index is 287
train linear regression time:  0.05192795814946294
(average_diff:0.09849343109250082, max_diff:0.15547015181556856, training_epochs:50, lr:0.05)
<_io.TextIOWrapper name='<stderr>' mode='w' encoding='utf-8'> node index is 273
train linear regression time:  0.05187470791861415
(average_diff:0.11243465281993145, max_diff:0.48185375849216505, training_epochs:50, lr:0.05)
<_io.TextIOWrapper name='<stderr>' mode='w' encoding='utf-8'> node index is 255
train linear regression time:  0.05200129188597202
(average_diff:0.035401656191026115, max_diff:0.06990602609255958, training_epochs:50, lr:0.05)
<_io.TextIOWrapper name='<stderr>' mode='w' encoding='utf-8'> node index is 241
train linear regression time:  0.05382391717284918
(average_diff:0.174803300997123, max_diff:0.5214542150457471, training_epochs:50, lr:0.05)
<_io.TextIOWrapper name='<stderr>' mode='w' encoding='utf-8'> node index is 229
train linear regression time:  0.05166154121980071
(average_diff:0.12709458932691856, max_diff:0.3577254108430433, training_epochs:50, lr:0.05)
<_io.TextIOWrapper name='<stderr>' mode='w' encoding='utf-8'> node index is 215
train linear regression time:  0.051838249899446964
(average_diff:0.029924174236661494, max_diff:0.07288124450726752, training_epochs:50, lr:0.05)
<_io.TextIOWrapper name='<stderr>' mode='w' encoding='utf-8'> node index is 203
train linear regression time:  0.05185866728425026
(average_diff:0.02285055946759072, max_diff:0.038951749367678534, training_epochs:50, lr:0.05)
<_io.TextIOWrapper name='<stderr>' mode='w' encoding='utf-8'> node index is 195
train linear regression time:  0.05103804171085358
(average_diff:0.18096236262245866, max_diff:0.3497469503609376, training_epochs:50, lr:0.05)
<_io.TextIOWrapper name='<stderr>' mode='w' encoding='utf-8'> node index is 7
train linear regression time:  0.05098279099911451
(average_diff:0.13217552539751085, max_diff:0.45321395021788224, training_epochs:50, lr:0.05)
<_io.TextIOWrapper name='<stderr>' mode='w' encoding='utf-8'> node index is 5
train linear regression time:  0.05295537458732724
testFringe time:  12.314741000067443
<_io.TextIOWrapper name='<stderr>' mode='w' encoding='utf-8'> =============== update finished ===============

*** Writing Game File 72***

<_io.TextIOWrapper name='../print_tree_record_numpy/print_DM_boost_linear_tree_split.txt' mode='w' encoding='UTF-8'> idx1(Q:0.4013, distinct_name:0, dictinctin_value:2.569683891588169, par:None)
	idx4(Q:0.4020, distinct_name:0, dictinctin_value:2.507749956207568, par:1)
		idx6(Q:0.4019, distinct_name:0, dictinctin_value:-0.050698982385153205, par:4)
			idx8(Q:0.4620, distinct_name:0, dictinctin_value:-0.5002368440471089, par:6)
				idx10(Q:0.5083, distinct_name:3, dictinctin_value:0.7373220788164561, par:8)
					idx12(Q:0.4828, distinct_name:1, dictinctin_value:0.8498558206992594, par:10)
						idx18(Q:0.4293, distinct_name:2, dictinctin_value:0.8559921607301466, par:12)
							idx24(Q:0.4233, distinct_name:0, dictinctin_value:-0.5901212893723445, par:18)
								idx30(Q:0.4311, distinct_name:2, dictinctin_value:0.5095422779981766, par:24)
									idx38(Q:0.4511, distinct_name:2, dictinctin_value:0.24909091887867726, par:30)
										idx44(Q:0.4792, distinct_name:2, dictinctin_value:-0.06052347242753761, par:38)
											idx54(Q:0.5287, distinct_name:2, dictinctin_value:-0.16873413911779458, par:44)
												idx62(Q:0.5548, distinct_name:2, dictinctin_value:-0.3117760123070312, par:54)
													idx70(Q:0.5981, distinct_name:2, dictinctin_value:-0.36929151673896154, par:62)
														idx76(Q:0.6237, distinct_name:2, dictinctin_value:-0.4513587540231024, par:70)
															idx82(Q:0.6611, distinct_name:2, dictinctin_value:-0.49926091712096626, par:76)
																idx90(Q:0.6769, distinct_name:2, dictinctin_value:-0.5261921216626007, par:82)
																	idx100(Q:0.6878, distinct_name:2, dictinctin_value:-0.5682634996789567, par:90)
																		idx110(Q:0.7037, distinct_name:2, dictinctin_value:-0.576514535000767, par:100)
																			idx120(Q:0.7070, par:110)
																			idx121(Q:0.4001, par:110)
																		idx111(Q:0.3593, par:100)
																	idx101(Q:0.3735, par:90)
																idx91(Q:0.3277, par:82)
															idx83(Q:0.3009, par:76)
														idx77(Q:0.2725, par:70)
													idx71(Q:0.2731, par:62)
												idx63(Q:0.2222, par:54)
											idx55(Q:0.2398, distinct_name:0, dictinctin_value:-0.6476910175840919, par:44)
												idx464(Q:0.2429, distinct_name:3, dictinctin_value:0.6680194197252473, par:55)
													idx468(Q:0.2390, distinct_name:0, dictinctin_value:-0.6858015235311999, par:464)
														idx474(Q:0.2397, distinct_name:2, dictinctin_value:0.24031958562965672, par:468)
															idx480(Q:0.2379, distinct_name:2, dictinctin_value:0.22712878489931437, par:474)
																idx484(Q:0.2398, distinct_name:0, dictinctin_value:-0.6984661740702743, par:480)
																	idx492(Q:0.2375, distinct_name:2, dictinctin_value:0.2205862992769331, par:484)
																		idx500(Q:0.2410, distinct_name:1, dictinctin_value:0.7515347460969897, par:492)
																			idx518(Q:0.2430, par:500)
																			idx519(Q:0.1310, par:500)
																		idx501(Q:0.1474, par:492)
																	idx493(Q:0.3077, par:484)
																idx485(Q:0.1301, par:480)
															idx481(Q:0.2916, par:474)
														idx475(Q:0.1567, par:468)
													idx469(Q:0.3624, par:464)
												idx465(Q:0.1101, par:55)
										idx45(Q:0.2520, distinct_name:0, dictinctin_value:-0.6043607795061433, par:38)
											idx510(Q:0.2533, distinct_name:1, dictinctin_value:0.8144916165556727, par:45)
												idx520(Q:0.2454, distinct_name:1, dictinctin_value:0.7699133155688844, par:510)
													idx530(Q:0.2423, distinct_name:2, dictinctin_value:0.5073691095938268, par:520)
														idx536(Q:0.2430, par:530)
														idx537(Q:0.2094, par:530)
													idx531(Q:0.3493, par:520)
												idx521(Q:0.5313, par:510)
											idx511(Q:0.1130, par:45)
									idx39(Q:0.3096, distinct_name:1, dictinctin_value:0.8040063207197937, par:30)
										idx426(Q:0.3060, distinct_name:2, dictinctin_value:0.8419373683110459, par:39)
											idx432(Q:0.3076, distinct_name:0, dictinctin_value:-0.6009391153368029, par:426)
												idx444(Q:0.3098, distinct_name:0, dictinctin_value:-0.6041087413020046, par:432)
													idx448(Q:0.3095, distinct_name:0, dictinctin_value:-0.6100701052011255, par:444)
														idx456(Q:0.3094, distinct_name:0, dictinctin_value:-0.6407957166920598, par:448)
															idx460(Q:0.3138, distinct_name:0, dictinctin_value:-0.6555246386975058, par:456)
																idx466(Q:0.3163, distinct_name:0, dictinctin_value:-0.6720161756487143, par:460)
																	idx470(Q:0.3203, distinct_name:0, dictinctin_value:-0.6781083126032775, par:466)
																		idx472(Q:0.3202, distinct_name:0, dictinctin_value:-0.7020609777266955, par:470)
																			idx476(Q:0.3231, par:472)
																			idx477(Q:0.2334, par:472)
																		idx473(Q:0.3250, par:470)
																	idx471(Q:0.0686, par:466)
																idx467(Q:0.1550, par:460)
															idx461(Q:0.1206, par:456)
														idx457(Q:0.3118, par:448)
													idx449(Q:0.3527, par:444)
												idx445(Q:0.1599, par:432)
											idx433(Q:0.1937, par:426)
										idx427(Q:0.4793, par:39)
								idx31(Q:0.3449, distinct_name:0, dictinctin_value:-0.5002719881995846, par:24)
									idx544(Q:0.3452, par:31)
									idx545(Q:0.3129, par:31)
							idx25(Q:0.4555, distinct_name:0, dictinctin_value:-0.5389580903277561, par:18)
								idx216(Q:0.4574, distinct_name:0, dictinctin_value:-0.5573162410999996, par:25)
									idx230(Q:0.4590, distinct_name:0, dictinctin_value:-0.5917620279880862, par:216)
										idx242(Q:0.4720, distinct_name:1, dictinctin_value:0.8127647407611875, par:230)
											idx256(Q:0.4671, distinct_name:0, dictinctin_value:-0.6131626140571143, par:242)
												idx288(Q:0.4695, distinct_name:0, dictinctin_value:-0.7076582377440916, par:256)
													idx304(Q:0.4915, distinct_name:0, dictinctin_value:-0.717862250694298, par:288)
														idx316(Q:0.4946, distinct_name:0, dictinctin_value:-0.7734253050900186, par:304)
															idx328(Q:0.5008, distinct_name:0, dictinctin_value:-0.7970945326559435, par:316)
																idx340(Q:0.5025, distinct_name:3, dictinctin_value:0.6595389343928215, par:328)
																	idx354(Q:0.4961, distinct_name:3, dictinctin_value:0.6186331758365281, par:340)
																		idx368(Q:0.4912, distinct_name:3, dictinctin_value:0.5952455969358141, par:354)
																			idx380(Q:0.4892, par:368)
																			idx381(Q:0.5796, par:368)
																		idx369(Q:0.9254, par:354)
																	idx355(Q:0.7825, par:340)
																idx341(Q:0.3979, par:328)
															idx329(Q:0.3679, par:316)
														idx317(Q:0.3428, par:304)
													idx305(Q:0.2894, par:288)
												idx289(Q:0.1966, par:256)
											idx257(Q:0.6915, par:242)
										idx243(Q:0.2468, par:230)
									idx231(Q:0.3288, par:216)
								idx217(Q:0.4047, par:25)
						idx19(Q:0.7056, distinct_name:0, dictinctin_value:-0.5046072639210131, par:12)
							idx152(Q:0.7055, distinct_name:2, dictinctin_value:1.74305991171075, par:19)
								idx162(Q:0.6938, distinct_name:2, dictinctin_value:1.5651912903147052, par:152)
									idx172(Q:0.6839, distinct_name:2, dictinctin_value:1.0939968976733132, par:162)
										idx180(Q:0.6624, distinct_name:2, dictinctin_value:0.9064820637809338, par:172)
											idx188(Q:0.6512, distinct_name:2, dictinctin_value:0.8130327408821636, par:180)
												idx196(Q:0.6427, distinct_name:2, dictinctin_value:0.714578820015968, par:188)
													idx204(Q:0.6415, distinct_name:0, dictinctin_value:-0.5137296726081428, par:196)
														idx218(Q:0.6421, distinct_name:2, dictinctin_value:0.4860989258104936, par:204)
															idx232(Q:0.6427, distinct_name:1, dictinctin_value:2.2330900660097845, par:218)
																idx244(Q:0.6308, distinct_name:2, dictinctin_value:0.44559578649865966, par:232)
																	idx258(Q:0.6276, distinct_name:2, dictinctin_value:0.32419638005931734, par:244)
																		idx274(Q:0.6275, distinct_name:0, dictinctin_value:-0.5233031664270825, par:258)
																			idx290(Q:0.6275, par:274)
																			idx291(Q:0.6173, par:274)
																		idx275(Q:0.6332, par:258)
																	idx259(Q:0.7701, par:244)
																idx245(Q:0.9826, par:232)
															idx233(Q:0.6344, par:218)
														idx219(Q:0.5718, par:204)
													idx205(Q:0.6856, par:196)
												idx197(Q:0.8759, par:188)
											idx189(Q:0.8992, par:180)
										idx181(Q:0.9767, par:172)
									idx173(Q:1.0016, par:162)
								idx163(Q:1.0424, par:152)
							idx153(Q:0.7365, par:19)
					idx13(Q:0.5873, distinct_name:2, dictinctin_value:1.929601246827043, par:10)
						idx92(Q:0.5743, distinct_name:1, dictinctin_value:1.2557733390904973, par:13)
							idx102(Q:0.5438, distinct_name:2, dictinctin_value:1.4527612583425853, par:92)
								idx112(Q:0.5296, distinct_name:2, dictinctin_value:1.3531114404933846, par:102)
									idx122(Q:0.5268, distinct_name:2, dictinctin_value:1.0639310625609943, par:112)
										idx130(Q:0.5153, distinct_name:2, dictinctin_value:0.8759607452183222, par:122)
											idx136(Q:0.5064, distinct_name:2, dictinctin_value:0.6228991526328211, par:130)
												idx142(Q:0.5045, distinct_name:2, dictinctin_value:0.4885947458466264, par:136)
													idx146(Q:0.4977, distinct_name:1, dictinctin_value:1.1059975491047376, par:142)
														idx148(Q:0.4881, distinct_name:3, dictinctin_value:2.363964647313972, par:146)
															idx154(Q:0.4802, distinct_name:3, dictinctin_value:1.536573712246935, par:148)
																idx164(Q:0.4576, distinct_name:1, dictinctin_value:0.49075596239548774, par:154)
																	idx206(Q:0.4255, distinct_name:3, dictinctin_value:1.525286896575752, par:164)
																		idx220(Q:0.4249, distinct_name:2, dictinctin_value:0.38874536608000104, par:206)
																			idx234(Q:0.4290, par:220)
																			idx235(Q:0.2567, par:220)
																		idx221(Q:0.4555, par:206)
																	idx207(Q:0.6270, par:164)
																idx165(Q:0.5696, par:154)
															idx155(Q:0.6688, par:148)
														idx149(Q:0.7657, par:146)
													idx147(Q:0.5764, par:142)
												idx143(Q:0.5283, par:136)
											idx137(Q:0.6910, par:130)
										idx131(Q:0.7128, par:122)
									idx123(Q:0.6587, par:112)
								idx113(Q:0.8341, par:102)
							idx103(Q:0.9517, par:92)
						idx93(Q:1.0237, par:13)
				idx11(Q:0.3777, distinct_name:3, dictinctin_value:1.284568987543642, par:8)
					idx32(Q:0.3557, distinct_name:3, dictinctin_value:0.5763111575206541, par:11)
						idx40(Q:0.3398, distinct_name:2, dictinctin_value:1.4159847670297276, par:32)
							idx46(Q:0.3296, distinct_name:2, dictinctin_value:0.8764611652526798, par:40)
								idx56(Q:0.3378, distinct_name:2, dictinctin_value:0.6776552612944613, par:46)
									idx64(Q:0.3425, distinct_name:0, dictinctin_value:-0.10007893227380851, par:56)
										idx72(Q:0.3416, distinct_name:2, dictinctin_value:0.481251420222257, par:64)
											idx78(Q:0.3532, distinct_name:2, dictinctin_value:0.43236682950932387, par:72)
												idx84(Q:0.3587, distinct_name:2, dictinctin_value:0.2322739018313544, par:78)
													idx94(Q:0.3813, distinct_name:2, dictinctin_value:0.1692901075380102, par:84)
														idx104(Q:0.3912, distinct_name:2, dictinctin_value:0.044622068949871425, par:94)
															idx114(Q:0.4113, distinct_name:2, dictinctin_value:-0.04421252452423217, par:104)
																idx124(Q:0.4301, distinct_name:2, dictinctin_value:-0.12551407150931976, par:114)
																	idx132(Q:0.4475, distinct_name:2, dictinctin_value:-0.16179863391045127, par:124)
																		idx138(Q:0.4582, distinct_name:2, dictinctin_value:-0.1987692173924826, par:132)
																			idx144(Q:0.4747, par:138)
																			idx145(Q:0.1562, par:138)
																		idx139(Q:0.1615, par:132)
																	idx133(Q:0.1968, par:124)
																idx125(Q:0.1311, par:114)
															idx115(Q:0.1782, par:104)
														idx105(Q:0.1939, par:94)
													idx95(Q:0.1554, par:84)
												idx85(Q:0.1704, par:78)
											idx79(Q:0.2093, par:72)
										idx73(Q:0.3524, par:64)
									idx65(Q:0.2717, par:56)
								idx57(Q:0.2792, distinct_name:0, dictinctin_value:-0.07115888508263095, par:46)
									idx486(Q:0.2827, distinct_name:2, dictinctin_value:1.3997870335092657, par:57)
										idx494(Q:0.2825, distinct_name:0, dictinctin_value:-0.07160732513030894, par:486)
											idx504(Q:0.2789, distinct_name:0, dictinctin_value:-0.08350405569893737, par:494)
												idx512(Q:0.2805, distinct_name:1, dictinctin_value:1.8788415154351898, par:504)
													idx522(Q:0.2684, distinct_name:1, dictinctin_value:1.7168001155290575, par:512)
														idx538(Q:0.2606, par:522)
														idx539(Q:0.6590, par:522)
													idx523(Q:0.8978, par:512)
												idx513(Q:0.1098, par:504)
											idx505(Q:0.6691, par:494)
										idx495(Q:0.2877, par:486)
									idx487(Q:0.1831, par:57)
							idx47(Q:0.4423, par:40)
						idx41(Q:0.4214, distinct_name:3, dictinctin_value:1.2541204520301295, par:32)
							idx246(Q:0.4158, distinct_name:0, dictinctin_value:-0.05401988313827026, par:41)
								idx260(Q:0.4162, distinct_name:2, dictinctin_value:2.0807886731763334, par:246)
									idx276(Q:0.4045, distinct_name:2, dictinctin_value:1.8994422532815647, par:260)
										idx292(Q:0.3998, distinct_name:1, dictinctin_value:1.2716943858922887, par:276)
											idx306(Q:0.3780, distinct_name:2, dictinctin_value:1.8085097405850585, par:292)
												idx318(Q:0.3674, distinct_name:0, dictinctin_value:-0.06832580226386262, par:306)
													idx330(Q:0.3662, distinct_name:1, dictinctin_value:1.0161843934440484, par:318)
														idx342(Q:0.3611, distinct_name:0, dictinctin_value:-0.11082738421514442, par:330)
															idx356(Q:0.3554, distinct_name:0, dictinctin_value:-0.1239714467724242, par:342)
																idx370(Q:0.3567, distinct_name:1, dictinctin_value:0.8661774768232812, par:356)
																	idx382(Q:0.3526, distinct_name:0, dictinctin_value:-0.13038566790821624, par:370)
																		idx396(Q:0.3529, distinct_name:1, dictinctin_value:0.7685182247259327, par:382)
																			idx406(Q:0.3481, par:396)
																			idx407(Q:0.5249, par:396)
																		idx397(Q:0.3395, par:382)
																	idx383(Q:0.5070, par:370)
																idx371(Q:0.1581, par:356)
															idx357(Q:0.4285, par:342)
														idx343(Q:0.4879, par:330)
													idx331(Q:0.4363, par:318)
												idx319(Q:0.8472, par:306)
											idx307(Q:0.6079, par:292)
										idx293(Q:0.8758, par:276)
									idx277(Q:0.8867, par:260)
								idx261(Q:0.3940, par:246)
							idx247(Q:0.6588, par:41)
					idx33(Q:0.5667, distinct_name:2, dictinctin_value:1.8206658800741853, par:11)
						idx436(Q:0.5546, distinct_name:0, dictinctin_value:-0.055487221535360155, par:33)
							idx438(Q:0.5513, distinct_name:0, dictinctin_value:-0.06661868934946451, par:436)
								idx450(Q:0.5551, distinct_name:2, dictinctin_value:1.6280055741424861, par:438)
									idx458(Q:0.5453, distinct_name:2, dictinctin_value:1.4609118350831285, par:450)
										idx462(Q:0.5372, distinct_name:0, dictinctin_value:-0.06716992247771125, par:458)
											idx478(Q:0.5392, distinct_name:0, dictinctin_value:-0.06950841565798693, par:462)
												idx482(Q:0.5380, distinct_name:0, dictinctin_value:-0.07617984110574617, par:478)
													idx488(Q:0.5413, distinct_name:0, dictinctin_value:-0.09812148969449835, par:482)
														idx496(Q:0.5401, distinct_name:0, dictinctin_value:-0.10012482464779363, par:488)
															idx502(Q:0.5439, distinct_name:2, dictinctin_value:1.4064514939244364, par:496)
																idx514(Q:0.5398, distinct_name:2, dictinctin_value:1.318805451770871, par:502)
																	idx524(Q:0.5285, distinct_name:0, dictinctin_value:-0.11118736531331526, par:514)
																		idx532(Q:0.5291, distinct_name:0, dictinctin_value:-0.12850307532465371, par:524)
																			idx540(Q:0.5331, par:532)
																			idx541(Q:0.3260, par:532)
																		idx533(Q:0.4689, par:524)
																	idx525(Q:0.9326, par:514)
																idx515(Q:0.7615, par:502)
															idx503(Q:0.1239, par:496)
														idx497(Q:0.5885, par:488)
													idx489(Q:0.1612, par:482)
												idx483(Q:0.6779, par:478)
											idx479(Q:0.3023, par:462)
										idx463(Q:0.8604, par:458)
									idx459(Q:0.9430, par:450)
								idx451(Q:0.3190, par:438)
							idx439(Q:0.9613, par:436)
						idx437(Q:0.9447, par:33)
			idx9(Q:0.3456, distinct_name:1, dictinctin_value:1.4532912275447858, par:6)
				idx14(Q:0.3246, distinct_name:0, dictinctin_value:0.6708677617788001, par:9)
					idx16(Q:0.3398, distinct_name:0, dictinctin_value:0.5219929201544601, par:14)
						idx20(Q:0.3381, distinct_name:0, dictinctin_value:0.38200451643824146, par:16)
							idx26(Q:0.3448, distinct_name:0, dictinctin_value:0.29175973898130836, par:20)
								idx34(Q:0.3467, distinct_name:3, dictinctin_value:1.2405945003824483, par:26)
									idx42(Q:0.3161, distinct_name:2, dictinctin_value:1.6139678071673451, par:34)
										idx48(Q:0.3119, distinct_name:1, dictinctin_value:1.0148453699076618, par:42)
											idx58(Q:0.2982, distinct_name:2, dictinctin_value:0.8422101128546527, par:48)
												idx66(Q:0.3053, distinct_name:2, dictinctin_value:0.5718071591898053, par:58)
													idx74(Q:0.3186, distinct_name:2, dictinctin_value:0.3335199702259944, par:66)
														idx80(Q:0.3431, distinct_name:2, dictinctin_value:0.2585267021680285, par:74)
															idx86(Q:0.3490, distinct_name:2, dictinctin_value:0.13295569297273957, par:80)
																idx96(Q:0.3646, distinct_name:2, dictinctin_value:0.0933394603867821, par:86)
																	idx106(Q:0.3728, distinct_name:2, dictinctin_value:0.047951172568074005, par:96)
																		idx116(Q:0.3814, distinct_name:2, dictinctin_value:-0.0025517231675584334, par:106)
																			idx126(Q:0.3874, par:116)
																			idx127(Q:0.1318, par:116)
																		idx117(Q:0.1535, par:106)
																	idx107(Q:0.1150, par:96)
																idx97(Q:0.1350, par:86)
															idx87(Q:0.1678, par:80)
														idx81(Q:0.1570, par:74)
													idx75(Q:0.1912, par:66)
												idx67(Q:0.2592, distinct_name:0, dictinctin_value:0.284001031471605, par:58)
													idx506(Q:0.2596, distinct_name:0, dictinctin_value:0.28239410324000885, par:67)
														idx526(Q:0.2572, distinct_name:1, dictinctin_value:0.83535054985968, par:506)
															idx546(Q:0.2319, par:526)
															idx547(Q:0.7625, par:526)
														idx527(Q:0.5128, par:506)
													idx507(Q:0.2169, par:67)
											idx59(Q:0.4335, par:48)
										idx49(Q:0.4040, par:42)
									idx43(Q:0.5673, distinct_name:3, dictinctin_value:2.7956706813891117, par:34)
										idx490(Q:0.5552, distinct_name:0, dictinctin_value:0.28758459307995216, par:43)
											idx498(Q:0.5493, distinct_name:2, dictinctin_value:1.7926081731949, par:490)
												idx508(Q:0.5413, distinct_name:0, dictinctin_value:0.2865220549225975, par:498)
													idx516(Q:0.5409, distinct_name:0, dictinctin_value:0.2785989659591723, par:508)
														idx528(Q:0.5456, distinct_name:3, dictinctin_value:2.7261255458914433, par:516)
															idx534(Q:0.5502, distinct_name:0, dictinctin_value:0.2763906794093015, par:528)
																idx542(Q:0.5526, par:534)
																idx543(Q:0.3073, par:534)
															idx535(Q:0.3125, par:528)
														idx529(Q:0.3011, par:516)
													idx517(Q:0.5832, par:508)
												idx509(Q:0.9712, par:498)
											idx499(Q:1.1979, par:490)
										idx491(Q:1.0038, par:43)
								idx35(Q:0.3369, distinct_name:1, dictinctin_value:1.344826515865718, par:26)
									idx236(Q:0.3351, distinct_name:3, dictinctin_value:1.6897348587436034, par:35)
										idx248(Q:0.3258, distinct_name:1, dictinctin_value:1.2341402111364463, par:236)
											idx262(Q:0.3268, distinct_name:3, dictinctin_value:1.3356049450605056, par:248)
												idx278(Q:0.3221, distinct_name:2, dictinctin_value:1.6241822054726756, par:262)
													idx294(Q:0.3141, distinct_name:0, dictinctin_value:0.3731119474318981, par:278)
														idx320(Q:0.3113, distinct_name:3, dictinctin_value:1.2759579982069145, par:294)
															idx344(Q:0.2997, distinct_name:0, dictinctin_value:0.37304242798500226, par:320)
																idx358(Q:0.2995, distinct_name:0, dictinctin_value:0.3707677109507447, par:344)
																	idx372(Q:0.3025, distinct_name:0, dictinctin_value:0.3697040787425107, par:358)
																		idx384(Q:0.3043, distinct_name:2, dictinctin_value:1.3789177574365135, par:372)
																			idx398(Q:0.3020, par:384)
																			idx399(Q:0.3513, par:384)
																		idx385(Q:0.2247, par:372)
																	idx373(Q:0.1232, par:358)
																idx359(Q:0.3297, par:344)
															idx345(Q:0.6603, par:320)
														idx321(Q:0.3900, par:294)
													idx295(Q:0.5166, par:278)
												idx279(Q:0.4619, par:262)
											idx263(Q:0.2222, par:248)
										idx249(Q:0.7279, par:236)
									idx237(Q:0.4148, par:35)
							idx27(Q:0.3141, distinct_name:2, dictinctin_value:1.5527241962490086, par:20)
								idx156(Q:0.3103, distinct_name:0, dictinctin_value:0.5137061072990365, par:27)
									idx166(Q:0.3149, distinct_name:0, dictinctin_value:0.5083060291160676, par:156)
										idx174(Q:0.3144, distinct_name:1, dictinctin_value:1.235555391656205, par:166)
											idx182(Q:0.3142, distinct_name:0, dictinctin_value:0.499318407708209, par:174)
												idx190(Q:0.3214, distinct_name:3, dictinctin_value:1.6437138459193195, par:182)
													idx198(Q:0.3142, distinct_name:0, dictinctin_value:0.4978828276393789, par:190)
														idx208(Q:0.3168, distinct_name:2, dictinctin_value:1.3588453420210258, par:198)
															idx222(Q:0.3137, distinct_name:2, dictinctin_value:0.9721483625475897, par:208)
																idx238(Q:0.3160, distinct_name:0, dictinctin_value:0.4972801494332726, par:222)
																	idx250(Q:0.3136, distinct_name:2, dictinctin_value:0.944961054171824, par:238)
																		idx264(Q:0.3172, distinct_name:2, dictinctin_value:0.872803430709856, par:250)
																			idx280(Q:0.3221, par:264)
																			idx281(Q:0.2212, par:264)
																		idx265(Q:0.0703, par:250)
																	idx251(Q:0.5718, par:238)
																idx239(Q:0.2828, par:222)
															idx223(Q:0.4053, par:208)
														idx209(Q:0.1910, par:198)
													idx199(Q:0.6635, par:190)
												idx191(Q:0.2230, par:182)
											idx183(Q:0.3175, par:174)
										idx175(Q:0.3267, par:166)
									idx167(Q:0.2475, par:156)
								idx157(Q:0.4203, par:27)
						idx21(Q:0.3472, distinct_name:1, dictinctin_value:1.3201670622027022, par:16)
							idx150(Q:0.3455, distinct_name:1, dictinctin_value:1.2234607090751204, par:21)
								idx158(Q:0.3459, distinct_name:1, dictinctin_value:1.0226433736171432, par:150)
									idx168(Q:0.3398, distinct_name:0, dictinctin_value:0.6649352976939671, par:158)
										idx176(Q:0.3391, distinct_name:2, dictinctin_value:1.8028367177150562, par:168)
											idx184(Q:0.3356, distinct_name:3, dictinctin_value:1.321083281680176, par:176)
												idx210(Q:0.3145, distinct_name:1, dictinctin_value:0.7493197611500411, par:184)
													idx224(Q:0.3120, distinct_name:2, dictinctin_value:1.1954012588052898, par:210)
														idx266(Q:0.3124, distinct_name:1, dictinctin_value:0.6035401367847275, par:224)
															idx282(Q:0.3149, distinct_name:1, dictinctin_value:0.5166827335099701, par:266)
																idx296(Q:0.3217, distinct_name:0, dictinctin_value:0.663963378246939, par:282)
																	idx308(Q:0.3195, distinct_name:0, dictinctin_value:0.6638782806630827, par:296)
																		idx322(Q:0.3174, distinct_name:2, dictinctin_value:1.1091905022156634, par:308)
																			idx332(Q:0.3211, par:322)
																			idx333(Q:0.1698, par:322)
																		idx323(Q:0.7405, par:308)
																	idx309(Q:0.7765, par:296)
																idx297(Q:0.1763, par:282)
															idx283(Q:0.2633, par:266)
														idx267(Q:0.3074, par:224)
													idx225(Q:0.3344, par:210)
												idx211(Q:0.5583, par:184)
											idx185(Q:0.4344, par:176)
										idx177(Q:0.3575, par:168)
									idx169(Q:0.5250, par:158)
								idx159(Q:0.2851, par:150)
							idx151(Q:0.4182, par:21)
					idx17(Q:0.3078, distinct_name:3, dictinctin_value:0.8871619234739136, par:14)
						idx22(Q:0.2781, distinct_name:1, dictinctin_value:0.895274831679809, par:17)
							idx28(Q:0.2621, distinct_name:3, dictinctin_value:0.4147697243292515, par:22)
								idx36(Q:0.2537, distinct_name:3, dictinctin_value:-0.009439492879810042, par:28)
									idx50(Q:0.2496, distinct_name:0, dictinctin_value:2.3121117874404824, par:36)
										idx52(Q:0.2506, distinct_name:0, dictinctin_value:1.9483716250181808, par:50)
											idx60(Q:0.2529, distinct_name:3, dictinctin_value:-0.018025248765568658, par:52)
												idx68(Q:0.2602, distinct_name:2, dictinctin_value:0.8033765660185509, par:60)
													idx88(Q:0.2639, distinct_name:2, dictinctin_value:0.6003623148969123, par:68)
														idx98(Q:0.2715, distinct_name:2, dictinctin_value:0.5329635912790776, par:88)
															idx108(Q:0.2765, distinct_name:2, dictinctin_value:0.3621996786015208, par:98)
																idx118(Q:0.2900, distinct_name:3, dictinctin_value:-0.05260374571449391, par:108)
																	idx128(Q:0.2922, distinct_name:2, dictinctin_value:0.22149263805201816, par:118)
																		idx134(Q:0.3061, distinct_name:2, dictinctin_value:0.13324256965432388, par:128)
																			idx140(Q:0.3184, par:134)
																			idx141(Q:0.1310, par:134)
																		idx135(Q:0.1443, par:128)
																	idx129(Q:0.2327, par:118)
																idx119(Q:0.1424, par:108)
															idx109(Q:0.1719, par:98)
														idx99(Q:0.1688, par:88)
													idx89(Q:0.2477, distinct_name:0, dictinctin_value:1.9001636825637473, par:68)
														idx420(Q:0.2456, distinct_name:0, dictinctin_value:1.8970534364477791, par:89)
															idx428(Q:0.2458, distinct_name:0, dictinctin_value:1.7864713255325577, par:420)
																idx434(Q:0.2480, distinct_name:0, dictinctin_value:1.7345810667045185, par:428)
																	idx440(Q:0.2452, distinct_name:0, dictinctin_value:1.7300479805066988, par:434)
																		idx446(Q:0.2459, distinct_name:0, dictinctin_value:1.6826477660222412, par:440)
																			idx452(Q:0.2433, par:446)
																			idx453(Q:0.3516, par:446)
																		idx447(Q:0.1492, par:440)
																	idx441(Q:0.3355, par:434)
																idx435(Q:0.1908, par:428)
															idx429(Q:0.2144, par:420)
														idx421(Q:0.2937, par:89)
												idx69(Q:0.1947, par:60)
											idx61(Q:0.2089, par:52)
										idx53(Q:0.2033, par:50)
									idx51(Q:0.2677, distinct_name:0, dictinctin_value:2.2255864685353126, par:36)
										idx268(Q:0.2686, distinct_name:0, dictinctin_value:1.8770234609938123, par:51)
											idx284(Q:0.2682, distinct_name:1, dictinctin_value:0.8208254329434517, par:268)
												idx298(Q:0.2698, distinct_name:0, dictinctin_value:1.7199871451158526, par:284)
													idx310(Q:0.2718, distinct_name:3, dictinctin_value:0.39481973457279324, par:298)
														idx346(Q:0.2732, distinct_name:2, dictinctin_value:2.0591657816242117, par:310)
															idx360(Q:0.2632, distinct_name:2, dictinctin_value:1.6416632040499568, par:346)
																idx374(Q:0.2629, distinct_name:0, dictinctin_value:1.6846076849979201, par:360)
																	idx386(Q:0.2632, distinct_name:2, dictinctin_value:1.5364517172370076, par:374)
																		idx400(Q:0.2622, distinct_name:2, dictinctin_value:1.321416179085615, par:386)
																			idx408(Q:0.2594, par:400)
																			idx409(Q:0.3431, par:400)
																		idx401(Q:0.2993, par:386)
																	idx387(Q:0.2080, par:374)
																idx375(Q:0.2773, par:360)
															idx361(Q:0.7383, par:346)
														idx347(Q:0.2266, par:310)
													idx311(Q:0.2142, par:298)
												idx299(Q:0.2139, par:284)
											idx285(Q:0.2771, par:268)
										idx269(Q:0.2404, par:51)
								idx37(Q:0.3022, distinct_name:1, dictinctin_value:0.7946772031835798, par:28)
									idx312(Q:0.2938, distinct_name:2, dictinctin_value:1.9378572482198, par:37)
										idx324(Q:0.2838, distinct_name:0, dictinctin_value:2.1880833067537604, par:312)
											idx334(Q:0.2845, distinct_name:0, dictinctin_value:2.1673152418059, par:324)
												idx348(Q:0.2823, distinct_name:0, dictinctin_value:2.0644684179947266, par:334)
													idx362(Q:0.2811, distinct_name:2, dictinctin_value:1.6060442338491094, par:348)
														idx376(Q:0.2714, distinct_name:0, dictinctin_value:1.8821116949330967, par:362)
															idx388(Q:0.2749, distinct_name:2, dictinctin_value:1.5867185725408008, par:376)
																idx402(Q:0.2751, distinct_name:0, dictinctin_value:1.8162737627685595, par:388)
																	idx410(Q:0.2789, distinct_name:2, dictinctin_value:1.474613989336331, par:402)
																		idx414(Q:0.2734, distinct_name:2, dictinctin_value:1.322085439542282, par:410)
																			idx422(Q:0.2733, par:414)
																			idx423(Q:0.2744, par:414)
																		idx415(Q:0.7277, par:410)
																	idx411(Q:0.1206, par:402)
																idx403(Q:0.2603, par:388)
															idx389(Q:0.1720, par:376)
														idx377(Q:0.5646, par:362)
													idx363(Q:0.3605, par:348)
												idx349(Q:0.4164, par:334)
											idx335(Q:0.2633, par:324)
										idx325(Q:0.6817, par:312)
									idx313(Q:0.4699, par:37)
							idx29(Q:0.3960, distinct_name:0, dictinctin_value:2.44084525907838, par:22)
								idx336(Q:0.3977, distinct_name:0, dictinctin_value:2.3332385876998147, par:29)
									idx350(Q:0.3993, distinct_name:2, dictinctin_value:1.313989803673234, par:336)
										idx364(Q:0.3657, distinct_name:2, dictinctin_value:1.2075088067941002, par:350)
											idx378(Q:0.3626, distinct_name:0, dictinctin_value:2.3276851139515355, par:364)
												idx390(Q:0.3614, distinct_name:2, dictinctin_value:1.1566628366759308, par:378)
													idx404(Q:0.3586, distinct_name:2, dictinctin_value:1.049026714172236, par:390)
														idx412(Q:0.3549, distinct_name:2, dictinctin_value:1.0138168631315498, par:404)
															idx418(Q:0.3518, distinct_name:0, dictinctin_value:2.3136303024689413, par:412)
																idx424(Q:0.3517, distinct_name:1, dictinctin_value:1.4142431093508798, par:418)
																	idx430(Q:0.3556, distinct_name:0, dictinctin_value:2.2572655688242222, par:424)
																		idx442(Q:0.3541, distinct_name:0, dictinctin_value:2.2507333712501807, par:430)
																			idx454(Q:0.3541, par:442)
																			idx455(Q:0.3551, par:442)
																		idx443(Q:0.5398, par:430)
																	idx431(Q:0.2289, par:424)
																idx425(Q:0.3611, par:418)
															idx419(Q:0.4918, par:412)
														idx413(Q:0.5241, par:404)
													idx405(Q:0.5629, par:390)
												idx391(Q:0.5313, par:378)
											idx379(Q:0.5828, par:364)
										idx365(Q:0.7020, par:350)
									idx351(Q:0.2661, par:336)
								idx337(Q:0.2579, par:29)
						idx23(Q:0.4570, distinct_name:0, dictinctin_value:2.1444723574903684, par:17)
							idx160(Q:0.4586, distinct_name:0, dictinctin_value:2.133798778100152, par:23)
								idx170(Q:0.4590, distinct_name:2, dictinctin_value:1.564504591409782, par:160)
									idx178(Q:0.4369, distinct_name:2, dictinctin_value:1.4113473869711974, par:170)
										idx186(Q:0.4315, distinct_name:0, dictinctin_value:2.1063540893171067, par:178)
											idx192(Q:0.4325, distinct_name:2, dictinctin_value:1.2195161175228741, par:186)
												idx200(Q:0.4296, distinct_name:0, dictinctin_value:1.9676721667093595, par:192)
													idx212(Q:0.4272, distinct_name:0, dictinctin_value:1.8926417272552991, par:200)
														idx226(Q:0.4261, distinct_name:0, dictinctin_value:1.7713311316515392, par:212)
															idx252(Q:0.4308, distinct_name:1, dictinctin_value:1.3213229930390704, par:226)
																idx270(Q:0.4241, distinct_name:0, dictinctin_value:1.7442155745503336, par:252)
																	idx300(Q:0.4219, distinct_name:0, dictinctin_value:1.3536781616204123, par:270)
																		idx392(Q:0.4213, distinct_name:0, dictinctin_value:1.2274516322533688, par:300)
																			idx416(Q:0.4250, par:392)
																			idx417(Q:0.3919, par:392)
																		idx393(Q:0.4245, par:300)
																	idx301(Q:0.6548, par:270)
																idx271(Q:0.6678, par:252)
															idx253(Q:0.2546, par:226)
														idx227(Q:0.4779, par:212)
													idx213(Q:0.5051, par:200)
												idx201(Q:0.5086, par:192)
											idx193(Q:0.3158, par:186)
										idx187(Q:0.6250, par:178)
									idx179(Q:0.8875, par:170)
								idx171(Q:0.3511, par:160)
							idx161(Q:0.4030, par:23)
				idx15(Q:0.6058, distinct_name:2, dictinctin_value:1.9938158806166744, par:9)
					idx194(Q:0.5958, distinct_name:3, dictinctin_value:2.0149638943737203, par:15)
						idx202(Q:0.5862, distinct_name:3, dictinctin_value:1.626087400144554, par:194)
							idx214(Q:0.5830, distinct_name:1, dictinctin_value:2.6727016574162166, par:202)
								idx228(Q:0.5673, distinct_name:2, dictinctin_value:1.776904010924299, par:214)
									idx240(Q:0.5616, distinct_name:2, dictinctin_value:1.4203463682180766, par:228)
										idx254(Q:0.5507, distinct_name:0, dictinctin_value:2.115573493736756, par:240)
											idx272(Q:0.5516, distinct_name:2, dictinctin_value:1.306259966260203, par:254)
												idx286(Q:0.5391, distinct_name:2, dictinctin_value:1.2529155214914378, par:272)
													idx302(Q:0.5345, distinct_name:2, dictinctin_value:0.808199081795812, par:286)
														idx314(Q:0.5068, distinct_name:2, dictinctin_value:0.7214446989843575, par:302)
															idx326(Q:0.5012, distinct_name:2, dictinctin_value:0.7041168221107604, par:314)
																idx338(Q:0.5002, distinct_name:0, dictinctin_value:2.1110030599556926, par:326)
																	idx352(Q:0.5010, distinct_name:0, dictinctin_value:2.0312710900603177, par:338)
																		idx366(Q:0.4979, distinct_name:2, dictinctin_value:0.6878681581259294, par:352)
																			idx394(Q:0.4952, par:366)
																			idx395(Q:0.7374, par:366)
																		idx367(Q:0.7833, par:352)
																	idx353(Q:0.3397, par:338)
																idx339(Q:0.6013, par:326)
															idx327(Q:0.6781, par:314)
														idx315(Q:0.8479, par:302)
													idx303(Q:0.8603, par:286)
												idx287(Q:0.8446, par:272)
											idx273(Q:0.5122, par:254)
										idx255(Q:0.7862, par:240)
									idx241(Q:0.9026, par:228)
								idx229(Q:0.8349, par:214)
							idx215(Q:0.6883, par:202)
						idx203(Q:0.9146, par:194)
					idx195(Q:0.9952, par:15)
		idx7(Q:0.4254, par:4)
	idx5(Q:0.2910, par:1)
1)
