WARNING:tensorflow:From /Users/keithwu/opt/anaconda3/envs/auction-gym/lib/python3.10/site-packages/tensorflow/python/compat/v2_compat.py:107: disable_resource_variables (from tensorflow.python.ops.variable_scope) is deprecated and will be removed in a future version.
Instructions for updating:
non-resource variables are not supported in the long term
<_io.TextIOWrapper name='<stderr>' mode='w' encoding='utf-8'> reading from ../UTree_model_numpy/DM/model_boost_linear_qsplit_noabs_save/, starting at 82
<_io.TextIOWrapper name='<stderr>' mode='w' encoding='utf-8'> =============== update starts ===============
(average_diff:0.0056707915987024215, max_diff:0.04290166100018217, training_epochs:50, lr:0.05)
<_io.TextIOWrapper name='<stderr>' mode='w' encoding='utf-8'> node index is 111
train linear regression time:  0.05206820787861943
(average_diff:0.017087571482763943, max_diff:0.09284348504358322, training_epochs:50, lr:0.05)
<_io.TextIOWrapper name='<stderr>' mode='w' encoding='utf-8'> node index is 101
train linear regression time:  0.052803624887019396
(average_diff:0.009945276270601012, max_diff:0.038000294050320016, training_epochs:50, lr:0.05)
<_io.TextIOWrapper name='<stderr>' mode='w' encoding='utf-8'> node index is 91
train linear regression time:  0.05307912500575185
(average_diff:0.013168759234569668, max_diff:0.16550984436369656, training_epochs:50, lr:0.05)
<_io.TextIOWrapper name='<stderr>' mode='w' encoding='utf-8'> node index is 83
train linear regression time:  0.052845165599137545
(average_diff:0.026635319645130686, max_diff:0.20397008616129242, training_epochs:50, lr:0.05)
<_io.TextIOWrapper name='<stderr>' mode='w' encoding='utf-8'> node index is 77
train linear regression time:  0.052471083123236895
(average_diff:0.046164354395341486, max_diff:0.2605773381302564, training_epochs:50, lr:0.05)
<_io.TextIOWrapper name='<stderr>' mode='w' encoding='utf-8'> node index is 71
train linear regression time:  0.05318191600963473
(average_diff:0.0546019149050314, max_diff:0.1896287773384645, training_epochs:50, lr:0.05)
<_io.TextIOWrapper name='<stderr>' mode='w' encoding='utf-8'> node index is 63
train linear regression time:  0.05241458397358656
(average_diff:0.0468926673909598, max_diff:0.07955881026313641, training_epochs:50, lr:0.05)
<_io.TextIOWrapper name='<stderr>' mode='w' encoding='utf-8'> node index is 501
train linear regression time:  0.05210387520492077
(average_diff:0.010810256428260279, max_diff:0.011247173090488283, training_epochs:50, lr:0.05)
<_io.TextIOWrapper name='<stderr>' mode='w' encoding='utf-8'> node index is 493
train linear regression time:  0.05229308316484094
(average_diff:1.4242188403686129e-05, max_diff:1.5826795890808154e-05, training_epochs:50, lr:0.05)
<_io.TextIOWrapper name='<stderr>' mode='w' encoding='utf-8'> node index is 485
train linear regression time:  0.05233620898798108
(average_diff:0.01656611839134156, max_diff:0.029854457101357673, training_epochs:50, lr:0.05)
<_io.TextIOWrapper name='<stderr>' mode='w' encoding='utf-8'> node index is 481
train linear regression time:  0.05227141687646508
(average_diff:2.7755575615628914e-17, max_diff:2.7755575615628914e-17, training_epochs:50, lr:0.05)
<_io.TextIOWrapper name='<stderr>' mode='w' encoding='utf-8'> node index is 475
train linear regression time:  0.052357792388647795
(average_diff:0.006030218508833375, max_diff:0.010448643841705657, training_epochs:50, lr:0.05)
<_io.TextIOWrapper name='<stderr>' mode='w' encoding='utf-8'> node index is 469
train linear regression time:  0.052245082799345255
(average_diff:0.007870459077409415, max_diff:0.015718630997927918, training_epochs:50, lr:0.05)
<_io.TextIOWrapper name='<stderr>' mode='w' encoding='utf-8'> node index is 465
train linear regression time:  0.052441874984651804
(average_diff:0.014368373597184042, max_diff:0.014623776908250063, training_epochs:50, lr:0.05)
<_io.TextIOWrapper name='<stderr>' mode='w' encoding='utf-8'> node index is 587
train linear regression time:  0.05232162494212389
(average_diff:9.71445146547012e-17, max_diff:9.71445146547012e-17, training_epochs:50, lr:0.05)
<_io.TextIOWrapper name='<stderr>' mode='w' encoding='utf-8'> node index is 581
train linear regression time:  0.05308075016364455
(average_diff:0.004842374631896347, max_diff:0.007402952210819394, training_epochs:50, lr:0.05)
<_io.TextIOWrapper name='<stderr>' mode='w' encoding='utf-8'> node index is 571
train linear regression time:  0.05298862513154745
(average_diff:0.0, max_diff:0.0, training_epochs:50, lr:0.05)
<_io.TextIOWrapper name='<stderr>' mode='w' encoding='utf-8'> node index is 549
train linear regression time:  0.052231083158403635
(average_diff:2.014072242317866e-11, max_diff:2.5002111492256063e-11, training_epochs:50, lr:0.05)
<_io.TextIOWrapper name='<stderr>' mode='w' encoding='utf-8'> node index is 537
train linear regression time:  0.05236995825544
(average_diff:0.009112849452518126, max_diff:0.016593800319575136, training_epochs:50, lr:0.05)
<_io.TextIOWrapper name='<stderr>' mode='w' encoding='utf-8'> node index is 531
train linear regression time:  0.05226316722109914
(average_diff:0.004689315391936215, max_diff:0.007334012362223752, training_epochs:50, lr:0.05)
<_io.TextIOWrapper name='<stderr>' mode='w' encoding='utf-8'> node index is 521
train linear regression time:  0.05227266578003764
(average_diff:1.249000902703301e-16, max_diff:1.249000902703301e-16, training_epochs:50, lr:0.05)
<_io.TextIOWrapper name='<stderr>' mode='w' encoding='utf-8'> node index is 511
train linear regression time:  0.05229254113510251
(average_diff:4.1646383286408906e-09, max_diff:4.182047930179067e-09, training_epochs:50, lr:0.05)
<_io.TextIOWrapper name='<stderr>' mode='w' encoding='utf-8'> node index is 473
train linear regression time:  0.05217916611582041
(average_diff:2.8449465006019636e-16, max_diff:3.7470027081099033e-16, training_epochs:50, lr:0.05)
<_io.TextIOWrapper name='<stderr>' mode='w' encoding='utf-8'> node index is 471
train linear regression time:  0.0524037079885602
(average_diff:0.0005913553018739443, max_diff:0.000603681885983337, training_epochs:50, lr:0.05)
<_io.TextIOWrapper name='<stderr>' mode='w' encoding='utf-8'> node index is 467
train linear regression time:  0.052317415829747915
(average_diff:0.013726248609760613, max_diff:0.021008879097445476, training_epochs:50, lr:0.05)
<_io.TextIOWrapper name='<stderr>' mode='w' encoding='utf-8'> node index is 461
train linear regression time:  0.0523840831592679
(average_diff:0.00953756716799739, max_diff:0.01886241156477697, training_epochs:50, lr:0.05)
<_io.TextIOWrapper name='<stderr>' mode='w' encoding='utf-8'> node index is 457
train linear regression time:  0.052378457970917225
(average_diff:0.0, max_diff:0.0, training_epochs:50, lr:0.05)
<_io.TextIOWrapper name='<stderr>' mode='w' encoding='utf-8'> node index is 449
train linear regression time:  0.05226558307185769
(average_diff:7.563394355258879e-16, max_diff:1.0685896612017132e-15, training_epochs:50, lr:0.05)
<_io.TextIOWrapper name='<stderr>' mode='w' encoding='utf-8'> node index is 445
train linear regression time:  0.05239416705444455
(average_diff:2.7755575615628914e-16, max_diff:3.0531133177191805e-16, training_epochs:50, lr:0.05)
<_io.TextIOWrapper name='<stderr>' mode='w' encoding='utf-8'> node index is 433
train linear regression time:  0.052383999805897474
(average_diff:0.010842230683807444, max_diff:0.016531902569541124, training_epochs:50, lr:0.05)
<_io.TextIOWrapper name='<stderr>' mode='w' encoding='utf-8'> node index is 427
train linear regression time:  0.0534604168497026
(average_diff:0.09978074730575119, max_diff:0.3494604900588991, training_epochs:50, lr:0.05)
<_io.TextIOWrapper name='<stderr>' mode='w' encoding='utf-8'> node index is 598
train linear regression time:  0.053319540806114674
<_io.TextIOWrapper name='<stderr>' mode='w' encoding='utf-8'> variance test passed, diff=0.0644343245005459, d = 0, back=0
<_io.TextIOWrapper name='<stderr>' mode='w' encoding='utf-8'> variance test passed, diff=0.07764695561194943, d = 1, back=0
<_io.TextIOWrapper name='<stderr>' mode='w' encoding='utf-8'> Will be split, p=0.07764695561194943, d=1, back=0
(average_diff:0.00164124928090556, max_diff:0.0018113791533794221, training_epochs:50, lr:0.05)
<_io.TextIOWrapper name='<stderr>' mode='w' encoding='utf-8'> node index is 599
train linear regression time:  0.0524171250872314
(average_diff:0.004268502240755239, max_diff:0.004626279645550804, training_epochs:50, lr:0.05)
<_io.TextIOWrapper name='<stderr>' mode='w' encoding='utf-8'> node index is 597
train linear regression time:  0.05238833371549845
(average_diff:0.0177795728900242, max_diff:0.027017276613230362, training_epochs:50, lr:0.05)
<_io.TextIOWrapper name='<stderr>' mode='w' encoding='utf-8'> node index is 595
train linear regression time:  0.05252908309921622
(average_diff:5.551115123125783e-17, max_diff:5.551115123125783e-17, training_epochs:50, lr:0.05)
<_io.TextIOWrapper name='<stderr>' mode='w' encoding='utf-8'> node index is 593
train linear regression time:  0.05308562517166138
(average_diff:0.0010468268093809102, max_diff:0.0010893388385268543, training_epochs:50, lr:0.05)
<_io.TextIOWrapper name='<stderr>' mode='w' encoding='utf-8'> node index is 589
train linear regression time:  0.05216316692531109
(average_diff:0.0, max_diff:0.0, training_epochs:50, lr:0.05)
<_io.TextIOWrapper name='<stderr>' mode='w' encoding='utf-8'> node index is 583
train linear regression time:  0.05238424986600876
(average_diff:4.648946681368171e-07, max_diff:5.464832134871589e-07, training_epochs:50, lr:0.05)
<_io.TextIOWrapper name='<stderr>' mode='w' encoding='utf-8'> node index is 573
train linear regression time:  0.052104583010077477
(average_diff:1.3268456719214838e-05, max_diff:1.3871742937515696e-05, training_epochs:50, lr:0.05)
<_io.TextIOWrapper name='<stderr>' mode='w' encoding='utf-8'> node index is 563
train linear regression time:  0.052166542038321495
(average_diff:0.0008846053402435661, max_diff:0.0009524213021640804, training_epochs:50, lr:0.05)
<_io.TextIOWrapper name='<stderr>' mode='w' encoding='utf-8'> node index is 551
train linear regression time:  0.05210404098033905
(average_diff:0.0, max_diff:0.0, training_epochs:50, lr:0.05)
<_io.TextIOWrapper name='<stderr>' mode='w' encoding='utf-8'> node index is 545
train linear regression time:  0.05231937486678362
(average_diff:0.008403958970752079, max_diff:0.013507230392973524, training_epochs:50, lr:0.05)
<_io.TextIOWrapper name='<stderr>' mode='w' encoding='utf-8'> node index is 369
train linear regression time:  0.05272887507453561
(average_diff:0.011396296197706934, max_diff:0.01856804916191157, training_epochs:50, lr:0.05)
<_io.TextIOWrapper name='<stderr>' mode='w' encoding='utf-8'> node index is 355
train linear regression time:  0.05236620921641588
(average_diff:0.011323496969191948, max_diff:0.019870110887036774, training_epochs:50, lr:0.05)
<_io.TextIOWrapper name='<stderr>' mode='w' encoding='utf-8'> node index is 341
train linear regression time:  0.05224616592749953
(average_diff:0.020502359281644532, max_diff:0.05807375837206341, training_epochs:50, lr:0.05)
<_io.TextIOWrapper name='<stderr>' mode='w' encoding='utf-8'> node index is 329
train linear regression time:  0.052309167105704546
(average_diff:0.007409507086368384, max_diff:0.01282406853091178, training_epochs:50, lr:0.05)
<_io.TextIOWrapper name='<stderr>' mode='w' encoding='utf-8'> node index is 317
train linear regression time:  0.05226224986836314
(average_diff:0.06810210025490988, max_diff:0.2229147910311878, training_epochs:50, lr:0.05)
<_io.TextIOWrapper name='<stderr>' mode='w' encoding='utf-8'> node index is 305
train linear regression time:  0.0521937501616776
(average_diff:3.500109628247483e-06, max_diff:3.6133029559098917e-06, training_epochs:50, lr:0.05)
<_io.TextIOWrapper name='<stderr>' mode='w' encoding='utf-8'> node index is 289
train linear regression time:  0.052374708000570536
(average_diff:0.006051826455682678, max_diff:0.01299124488585035, training_epochs:50, lr:0.05)
<_io.TextIOWrapper name='<stderr>' mode='w' encoding='utf-8'> node index is 257
train linear regression time:  0.0521439160220325
(average_diff:0.06900358491783679, max_diff:0.13110150990598468, training_epochs:50, lr:0.05)
<_io.TextIOWrapper name='<stderr>' mode='w' encoding='utf-8'> node index is 243
train linear regression time:  0.05240312498062849
(average_diff:0.05299883929296944, max_diff:0.0807241665474078, training_epochs:50, lr:0.05)
<_io.TextIOWrapper name='<stderr>' mode='w' encoding='utf-8'> node index is 231
train linear regression time:  0.05212091701105237
(average_diff:0.09601337948982645, max_diff:0.18174471779437765, training_epochs:50, lr:0.05)
<_io.TextIOWrapper name='<stderr>' mode='w' encoding='utf-8'> node index is 217
train linear regression time:  0.05239145830273628
(average_diff:0.009350544263899233, max_diff:0.016706849458731576, training_epochs:50, lr:0.05)
<_io.TextIOWrapper name='<stderr>' mode='w' encoding='utf-8'> node index is 275
train linear regression time:  0.05225808313116431
(average_diff:0.013275059373844584, max_diff:0.027130417828205577, training_epochs:50, lr:0.05)
<_io.TextIOWrapper name='<stderr>' mode='w' encoding='utf-8'> node index is 259
train linear regression time:  0.052288458216935396
(average_diff:0.03806324379488726, max_diff:0.10360566578116348, training_epochs:50, lr:0.05)
<_io.TextIOWrapper name='<stderr>' mode='w' encoding='utf-8'> node index is 245
train linear regression time:  0.05323470802977681
(average_diff:0.019207022021162683, max_diff:0.05940127712004284, training_epochs:50, lr:0.05)
<_io.TextIOWrapper name='<stderr>' mode='w' encoding='utf-8'> node index is 233
train linear regression time:  0.05216658301651478
(average_diff:0.00039373218289695533, max_diff:0.0008238826483715767, training_epochs:50, lr:0.05)
<_io.TextIOWrapper name='<stderr>' mode='w' encoding='utf-8'> node index is 219
train linear regression time:  0.052303874865174294
(average_diff:0.010726689309527927, max_diff:0.023427212239259143, training_epochs:50, lr:0.05)
<_io.TextIOWrapper name='<stderr>' mode='w' encoding='utf-8'> node index is 205
train linear regression time:  0.0523356250487268
(average_diff:0.02414624888147342, max_diff:0.049887766526895416, training_epochs:50, lr:0.05)
<_io.TextIOWrapper name='<stderr>' mode='w' encoding='utf-8'> node index is 197
train linear regression time:  0.05217212485149503
(average_diff:0.032824716543414456, max_diff:0.10235460433595583, training_epochs:50, lr:0.05)
<_io.TextIOWrapper name='<stderr>' mode='w' encoding='utf-8'> node index is 189
train linear regression time:  0.052401790861040354
(average_diff:0.03900788179628633, max_diff:0.1798198279613703, training_epochs:50, lr:0.05)
<_io.TextIOWrapper name='<stderr>' mode='w' encoding='utf-8'> node index is 181
train linear regression time:  0.05223254160955548
(average_diff:0.026324506136691593, max_diff:0.07425807211538171, training_epochs:50, lr:0.05)
<_io.TextIOWrapper name='<stderr>' mode='w' encoding='utf-8'> node index is 173
train linear regression time:  0.05239162500947714
(average_diff:0.020561504464927115, max_diff:0.05044094170426061, training_epochs:50, lr:0.05)
<_io.TextIOWrapper name='<stderr>' mode='w' encoding='utf-8'> node index is 163
train linear regression time:  0.05231195827946067
(average_diff:0.0, max_diff:0.0, training_epochs:50, lr:0.05)
<_io.TextIOWrapper name='<stderr>' mode='w' encoding='utf-8'> node index is 153
train linear regression time:  0.05331624997779727
(average_diff:0.012406270576252723, max_diff:0.02356978267607912, training_epochs:50, lr:0.05)
<_io.TextIOWrapper name='<stderr>' mode='w' encoding='utf-8'> node index is 221
train linear regression time:  0.05349529115483165
(average_diff:0.11790450494552521, max_diff:0.3114865012000342, training_epochs:50, lr:0.05)
<_io.TextIOWrapper name='<stderr>' mode='w' encoding='utf-8'> node index is 207
train linear regression time:  0.053060625214129686
(average_diff:0.1562583758737165, max_diff:0.6520108169718044, training_epochs:50, lr:0.05)
<_io.TextIOWrapper name='<stderr>' mode='w' encoding='utf-8'> node index is 165
train linear regression time:  0.05327204195782542
(average_diff:0.12079129679368877, max_diff:0.3146032432620802, training_epochs:50, lr:0.05)
<_io.TextIOWrapper name='<stderr>' mode='w' encoding='utf-8'> node index is 155
train linear regression time:  0.052785000298172235
(average_diff:0.16250623798760738, max_diff:0.32444819008938397, training_epochs:50, lr:0.05)
<_io.TextIOWrapper name='<stderr>' mode='w' encoding='utf-8'> node index is 149
train linear regression time:  0.05318491579964757
(average_d(average_diff:0.045971620118023394, max_diff:0.15021138322896374, training_epochs:50, lr:0.05)
<_io.TextIOWrapper name='<stderr>' mode='w' encoding='utf-8'> node index is 147
train linear regression time:  0.05370995867997408
(average_diff:0.047974279338358974, max_diff:0.15846488307307754, training_epochs:50, lr:0.05)
<_io.TextIOWrapper name='<stderr>' mode='w' encoding='utf-8'> node index is 143
train linear regression time:  0.05568750016391277
(average_diff:0.03869052138770436, max_diff:0.09544620913165502, training_epochs:50, lr:0.05)
<_io.TextIOWrapper name='<stderr>' mode='w' encoding='utf-8'> node index is 137
train linear regression time:  0.05545941740274429
(average_diff:0.04600477216507663, max_diff:0.14498218319023326, training_epochs:50, lr:0.05)
<_io.TextIOWrapper name='<stderr>' mode='w' encoding='utf-8'> node index is 131
train linear regression time:  0.053151541855186224
(average_diff:0.029317170846814355, max_diff:0.06836870541175244, training_epochs:50, lr:0.05)
<_io.TextIOWrapper name='<stderr>' mode='w' encoding='utf-8'> node index is 123
train linear regression time:  0.05399250006303191
(average_diff:0.03535045444294272, max_diff:0.09891948731126332, training_epochs:50, lr:0.05)
<_io.TextIOWrapper name='<stderr>' mode='w' encoding='utf-8'> node index is 113
train linear regression time:  0.05470583261922002
(average_diff:0.09280544389453668, max_diff:0.5212911113982985, training_epochs:50, lr:0.05)
<_io.TextIOWrapper name='<stderr>' mode='w' encoding='utf-8'> node index is 103
train linear regression time:  0.05367845902219415
(average_diff:0.04607878003850469, max_diff:0.17453550049285182, training_epochs:50, lr:0.05)
<_io.TextIOWrapper name='<stderr>' mode='w' encoding='utf-8'> node index is 93
train linear regression time:  0.05360154202207923
(average_diff:0.022430827955988473, max_diff:0.07453888117817523, training_epochs:50, lr:0.05)
<_io.TextIOWrapper name='<stderr>' mode='w' encoding='utf-8'> node index is 139
train linear regression time:  0.05357908317819238
(average_diff:0.0661266679966078, max_diff:0.21357811458186943, training_epochs:50, lr:0.05)
<_io.TextIOWrapper name='<stderr>' mode='w' encoding='utf-8'> node index is 133
train linear regression time:  0.05254400009289384
(average_diff:0.03505485039142122, max_diff:0.2208267776715403, training_epochs:50, lr:0.05)
<_io.TextIOWrapper name='<stderr>' mode='w' encoding='utf-8'> node index is 125
train linear regression time:  0.0536007909104228
(average_diff:0.07804904555945359, max_diff:0.25473952976986414, training_epochs:50, lr:0.05)
<_io.TextIOWrapper name='<stderr>' mode='w' encoding='utf-8'> node index is 115
train linear regression time:  0.05452833278104663
(average_diff:0.07845997886042776, max_diff:0.28228986521069277, training_epochs:50, lr:0.05)
<_io.TextIOWrapper name='<stderr>' mode='w' encoding='utf-8'> node index is 105
train linear regression time:  0.05305112525820732
(average_diff:0.0618398149994528, max_diff:0.21068574270057217, training_epochs:50, lr:0.05)
<_io.TextIOWrapper name='<stderr>' mode='w' encoding='utf-8'> node index is 95
train linear regression time:  0.05264829192310572
(average_diff:0.07711543582653382, max_diff:0.2229800825240868, training_epochs:50, lr:0.05)
<_io.TextIOWrapper name='<stderr>' mode='w' encoding='utf-8'> node index is 85
train linear regression time:  0.05234420811757445
(average_diff:0.08220172745213027, max_diff:0.247862192227973, training_epochs:50, lr:0.05)
<_io.TextIOWrapper name='<stderr>' mode='w' encoding='utf-8'> node index is 79
train linear regression time:  0.05268154200166464
(average_diff:0.10183974078945866, max_diff:0.4109770142688488, training_epochs:50, lr:0.05)
<_io.TextIOWrapper name='<stderr>' mode='w' encoding='utf-8'> node index is 73
train linear regression time:  0.05238962499424815
(average_diff:0.0779277911258497, max_diff:0.36013084739816936, training_epochs:50, lr:0.05)
<_io.TextIOWrapper name='<stderr>' mode='w' encoding='utf-8'> node index is 65
train linear regression time:  0.052441916428506374
(average_diff:0.0, max_diff:0.0, training_epochs:50, lr:0.05)
<_io.TextIOWrapper name='<stderr>' mode='w' encoding='utf-8'> node index is 575
train linear regression time:  0.05225362488999963
(average_diff:1.1102230246251565e-16, max_diff:1.1102230246251565e-16, training_epochs:50, lr:0.05)
<_io.TextIOWrapper name='<stderr>' mode='w' encoding='utf-8'> node index is 565
train linear regression time:  0.05229854118078947
(average_diff:0.008524131555157986, max_diff:0.015809097981771075, training_epochs:50, lr:0.05)
<_io.TextIOWrapper name='<stderr>' mode='w' encoding='utf-8'> node index is 557
train linear regression time:  0.05238845804706216
(average_diff:0.0, max_diff:0.0, training_epochs:50, lr:0.05)
<_io.TextIOWrapper name='<stderr>' mode='w' encoding='utf-8'> node index is 553
train linear regression time:  0.052295458037406206
(average_diff:0.01572851139886766, max_diff:0.015954149604902934, training_epochs:50, lr:0.05)
<_io.TextIOWrapper name='<stderr>' mode='w' encoding='utf-8'> node index is 539
train linear regression time:  0.052210459019988775
(average_diff:1.4347300130723717e-06, max_diff:1.5493650568076944e-06, training_epochs:50, lr:0.05)
<_io.TextIOWrapper name='<stderr>' mode='w' encoding='utf-8'> node index is 523
train linear regression time:  0.05223083309829235
(average_diff:1.942890293094024e-16, max_diff:1.942890293094024e-16, training_epochs:50, lr:0.05)
<_io.TextIOWrapper name='<stderr>' mode='w' encoding='utf-8'> node index is 513
train linear regression time:  0.0528097078204155
(average_diff:0.0, max_diff:0.0, training_epochs:50, lr:0.05)
<_io.TextIOWrapper name='<stderr>' mode='w' encoding='utf-8'> node index is 505
train linear regression time:  0.05308141699060798
(average_diff:0.002068752141672551, max_diff:0.0030440184488038646, training_epochs:50, lr:0.05)
<_io.TextIOWrapper name='<stderr>' mode='w' encoding='utf-8'> node index is 495
train linear regression time:  0.052359084133058786
(average_diff:0.015965911644932013, max_diff:0.020162836815549187, training_epochs:50, lr:0.05)
<_io.TextIOWrapper name='<stderr>' mode='w' encoding='utf-8'> node index is 487
train linear regression time:  0.05239633424207568
(average_diff:0.08321059381280892, max_diff:0.5924110783623258, training_epochs:50, lr:0.05)
<_io.TextIOWrapper name='<stderr>' mode='w' encoding='utf-8'> node index is 47
train linear regression time:  0.05312800034880638
(average_diff:0.0005792442027452854, max_diff:0.0009307324503875086, training_epochs:50, lr:0.05)
<_io.TextIOWrapper name='<stderr>' mode='w' encoding='utf-8'> node index is 397
train linear regression time:  0.052288834005594254
(average_diff:0.055518238246765356, max_diff:0.11151300957686794, training_epochs:50, lr:0.05)
<_io.TextIOWrapper name='<stderr>' mode='w' encoding='utf-8'> node index is 383
train linear regression time:  0.05233095772564411
(average_diff:0.049572403809241605, max_diff:0.05147052406627389, training_epochs:50, lr:0.05)
<_io.TextIOWrapper name='<stderr>' mode='w' encoding='utf-8'> node index is 371
train linear regression time:  0.05234154220670462
(average_diff:0.1800708400984353, max_diff:0.507743663761786, training_epochs:50, lr:0.05)
<_io.TextIOWrapper name='<stderr>' mode='w' encoding='utf-8'> node index is 357
train linear regression time:  0.05228241579607129
(average_diff:0.09251427941716711, max_diff:0.24695908500922176, training_epochs:50, lr:0.05)
<_io.TextIOWrapper name='<stderr>' mode='w' encoding='utf-8'> node index is 343
train linear regression time:  0.05233945790678263
(average_diff:0.18752505115669665, max_diff:0.4110643048650655, training_epochs:50, lr:0.05)
<_io.TextIOWrapper name='<stderr>' mode='w' encoding='utf-8'> node index is 331
train linear regression time:  0.05237350007519126
(average_diff:0.012091096659578138, max_diff:0.024089767313772104, training_epochs:50, lr:0.05)
<_io.TextIOWrapper name='<stderr>' mode='w' encoding='utf-8'> node index is 319
train linear regression time:  0.05457458319142461
(average_diff:0.1771363455033764, max_diff:0.5454636074809883, training_epochs:50, lr:0.05)
<_io.TextIOWrapper name='<stderr>' mode='w' encoding='utf-8'> node index is 307
train linear regression time:  0.05280704190954566
(average_diff:9.754709058296118e-05, max_diff:0.0001477522881830895, training_epochs:50, lr:0.05)
<_io.TextIOWrapper name='<stderr>' mode='w' encoding='utf-8'> node index is 293
train linear regression time:  0.052262125071138144
(average_diff:0.024331689226334868, max_diff:0.061790967629524074, training_epochs:50, lr:0.05)
<_io.TextIOWrapper name='<stderr>' mode='w' encoding='utf-8'> node index is 277
train linear regression time:  0.05232804222032428
(average_diff:0.01939885756696646, max_diff:0.039911392005334806, training_epochs:50, lr:0.05)
<_io.TextIOWrapper name='<stderr>' mode='w' encoding='utf-8'> node index is 261
train linear regression time:  0.0523029169999063
(average_diff:0.09935734632858766, max_diff:0.23145465756123984, training_epochs:50, lr:0.05)
<_io.TextIOWrapper name='<stderr>' mode='w' encoding='utf-8'> node index is 247
train linear regression time:  0.05228587472811341
(average_diff:6.086965503859787e-08, max_diff:6.283706766030406e-08, training_epochs:50, lr:0.05)
<_io.TextIOWrapper name='<stderr>' mode='w' encoding='utf-8'> node index is 533
train linear regression time:  0.05229562520980835
(average_diff:0.0056549747401650014, max_diff:0.008510482437158351, training_epochs:50, lr:0.05)
<_io.TextIOWrapper name='<stderr>' mode='w' encoding='utf-8'> node index is 525
train linear regression time:  0.05213016690686345
(average_diff:0.0007694821910345651, max_diff:0.0008410342610573052, training_epochs:50, lr:0.05)
<_io.TextIOWrapper name='<stderr>' mode='w' encoding='utf-8'> node index is 515
train linear regression time:  0.05222495784983039
(average_diff:6.938893903907228e-17, max_diff:6.938893903907228e-17, training_epochs:50, lr:0.05)
<_io.TextIOWrapper name='<stderr>' mode='w' encoding='utf-8'> node index is 503
train linear regression time:  0.05246504209935665
(average_diff:0.018945639696882954, max_diff:0.027297552279843762, training_epochs:50, lr:0.05)
<_io.TextIOWrapper name='<stderr>' mode='w' encoding='utf-8'> node index is 497
train linear regression time:  0.05321850022301078
(average_diff:2.7755575615628914e-17, max_diff:2.7755575615628914e-17, training_epochs:50, lr:0.05)
<_io.TextIOWrapper name='<stderr>' mode='w' encoding='utf-8'> node index is 489
train linear regression time:  0.052300541661679745
(average_diff:0.0, max_diff:0.0, training_epochs:50, lr:0.05)
<_io.TextIOWrapper name='<stderr>' mode='w' encoding='utf-8'> node index is 483
train linear regression time:  0.05227058380842209
(average_diff:0.0, max_diff:0.0, training_epochs:50, lr:0.05)
<_io.TextIOWrapper name='<stderr>' mode='w' encoding='utf-8'> node index is 479
train linear regression time:  0.05230087507516146
(average_diff:0.0033292877710767352, max_diff:0.005267961792349896, training_epochs:50, lr:0.05)
<_io.TextIOWrapper name='<stderr>' mode='w' encoding='utf-8'> node index is 463
train linear regression time:  0.05231833318248391
(average_diff:0.0024070546892000313, max_diff:0.0036773669259996256, training_epochs:50, lr:0.05)
<_io.TextIOWrapper name='<stderr>' mode='w' encoding='utf-8'> node index is 459
train linear regression time:  0.052240667399019
(average_diff:1.634789016380367e-07, max_diff:1.8044801919359088e-07, training_epochs:50, lr:0.05)
<_io.TextIOWrapper name='<stderr>' mode='w' encoding='utf-8'> node index is 451
train linear regression time:  0.05226916680112481
(average_diff:0.0, max_diff:0.0, training_epochs:50, lr:0.05)
<_io.TextIOWrapper name='<stderr>' mode='w' encoding='utf-8'> node index is 439
train linear regression time:  0.05229525035247207
(average_diff:0.008046958699837384, max_diff:0.017806791818443135, training_epochs:50, lr:0.05)
<_io.TextIOWrapper name='<stderr>' mode='w' encoding='utf-8'> node index is 437
train linear regression time:  0.05239712493494153
(average_diff:0.03115500999931367, max_diff:0.06884471090106897, training_epochs:50, lr:0.05)
<_io.TextIOWrapper name='<stderr>' mode='w' encoding='utf-8'> node index is 117
train linear regression time:  0.052233874797821045
(average_diff:0.022712486592435514, max_diff:0.059685622754453896, training_epochs:50, lr:0.05)
<_io.TextIOWrapper name='<stderr>' mode='w' encoding='utf-8'> node index is 107
train linear regression time:  0.05234091589227319
(average_diff:0.0371864284342295, max_diff:0.14104058078898324, training_epochs:50, lr:0.05)
<_io.TextIOWrapper name='<stderr>' mode='w' encoding='utf-8'> node index is 97
train linear regression time:  0.05228587472811341
(average_diff:0.05471773687989483, max_diff:0.1578335568955132, training_epochs:50, lr:0.05)
<_io.TextIOWrapper name='<stderr>' mode='w' encoding='utf-8'> node index is 87
train linear regression time:  0.05255699995905161
(average_diff:0.060591573906432, max_diff:0.32808285289552797, training_epochs:50, lr:0.05)
<_io.TextIOWrapper name='<stderr>' mode='w' encoding='utf-8'> node index is 81
train linear regression time:  0.05246237525716424
(average_diff:0.07251712080258861, max_diff:0.2697351283247355, training_epochs:50, lr:0.05)
<_io.TextIOWrapper name='<stderr>' mode='w' encoding='utf-8'> node index is 75
train linear regression time:  0.05239700013771653
(average_diff:0.001116824450306142, max_diff:0.0018374973345181567, training_epochs:50, lr:0.05)
<_io.TextIOWrapper name='<stderr>' mode='w' encoding='utf-8'> node index is 567
train linear regression time:  0.05224729189649224
(average_diff:8.326672684688674e-17, max_diff:8.326672684688674e-17, training_epochs:50, lr:0.05)
<_io.TextIOWrapper name='<stderr>' mode='w' encoding='utf-8'> node index is 559
train linear regression time:  0.05221583414822817
(average_diff:0.0029328484370090557, max_diff:0.003000208381959274, training_epochs:50, lr:0.05)
<_io.TextIOWrapper name='<stderr>' mode='w' encoding='utf-8'> node index is 555
train linear regression time:  0.05223079212009907
(average_diff:0.022742397069849762, max_diff:0.05444964408727415, training_epochs:50, lr:0.05)
<_io.TextIOWrapper name='<stderr>' mode='w' encoding='utf-8'> node index is 547
train linear regression time:  0.052251958288252354
(average_diff:1.1102230246251565e-16, max_diff:1.1102230246251565e-16, training_epochs:50, lr:0.05)
<_io.TextIOWrapper name='<stderr>' mode='w' encoding='utf-8'> node index is 527
train linear regression time:  0.052512959111481905
(average_diff:5.551115123125783e-17, max_diff:5.551115123125783e-17, training_epochs:50, lr:0.05)
<_io.TextIOWrapper name='<stderr>' mode='w' encoding='utf-8'> node index is 507
train linear regression time:  0.05307862488552928
(average_diff:0.1628510533160845, max_diff:0.5751401352345398, training_epochs:50, lr:0.05)
<_io.TextIOWrapper name='<stderr>' mode='w' encoding='utf-8'> node index is 59
train linear regression time:  0.05429720925167203
(average_diff:0.09972087361169608, max_diff:0.3757168127017637, training_epochs:50, lr:0.05)
<_io.TextIOWrapper name='<stderr>' mode='w' encoding='utf-8'> node index is 49
train linear regression time:  0.053708374965935946
(average_diff:6.394884621840902e-14, max_diff:7.116529587847253e-14, training_epochs:50, lr:0.05)
<_io.TextIOWrapper name='<stderr>' mode='w' encoding='utf-8'> node index is 569
train linear regression time:  0.05236808303743601
(average_diff:0.0, max_diff:0.0, training_epochs:50, lr:0.05)
<_io.TextIOWrapper name='<stderr>' mode='w' encoding='utf-8'> node index is 561
train linear regression time:  0.05234070913866162
(average_diff:1.6653345369377348e-16, max_diff:1.6653345369377348e-16, training_epochs:50, lr:0.05)
<_io.TextIOWrapper name='<stderr>' mode='w' encoding='utf-8'> node index is 543
train linear regression time:  0.052295499946922064
(average_diff:1.500471172982687e-05, max_diff:1.5029398453603182e-05, training_epochs:50, lr:0.05)
<_io.TextIOWrapper name='<stderr>' mode='w' encoding='utf-8'> node index is 535
train linear regression time:  0.052444207947701216
(average_diff:0.05124471304896654, max_diff:0.0856824012602389, training_epochs:50, lr:0.05)
<_io.TextIOWrapper name='<stderr>' mode='w' encoding='utf-8'> node index is 529
train linear regression time:  0.05305304238572717
(average_diff:1.1102230246251565e-16, max_diff:1.1102230246251565e-16, training_epochs:50, lr:0.05)
<_io.TextIOWrapper name='<stderr>' mode='w' encoding='utf-8'> node index is 517
train linear regression time:  0.05251608416438103
(average_diff:0.005876317777584739, max_diff:0.006051422319411914, training_epochs:50, lr:0.05)
<_io.TextIOWrapper name='<stderr>' mode='w' encoding='utf-8'> node index is 509
train linear regression time:  0.05248795775696635
(average_diff:0.0, max_diff:0.0, training_epochs:50, lr:0.05)
<_io.TextIOWrapper name='<stderr>' mode='w' encoding='utf-8'> node index is 499
train linear regression time:  0.05233875010162592
(average_diff:0.008441232840298999, max_diff:0.01343179251749993, training_epochs:50, lr:0.05)
<_io.TextIOWrapper name='<stderr>' mode='w' encoding='utf-8'> node index is 491
train linear regression time:  0.05231104185804725
(average_diff:0.010671357079917104, max_diff:0.02092155604889584, training_epochs:50, lr:0.05)
<_io.TextIOWrapper name='<stderr>' mode='w' encoding='utf-8'> node index is 385
train linear regression time:  0.052198249846696854
(average_diff:1.3662306729463522e-07, max_diff:1.8933357237571613e-07, training_epochs:50, lr:0.05)
<_io.TextIOWrapper name='<stderr>' mode='w' encoding='utf-8'> node index is 373
train linear regression time:  0.05225454177707434
(average_diff:0.0, max_diff:0.0, training_epochs:50, lr:0.05)
<_io.TextIOWrapper name='<stderr>' mode='w' encoding='utf-8'> node index is 359
train linear regression time:  0.052290457766503096
(average_diff:0.07239323180222705, max_diff:0.21715307438082027, training_epochs:50, lr:0.05)
<_io.TextIOWrapper name='<stderr>' mode='w' encoding='utf-8'> node index is 345
train linear regression time:  0.05234533315524459
(average_diff:0.08014768337919215, max_diff:0.13517065717487187, training_epochs:50, lr:0.05)
<_io.TextIOWrapper name='<stderr>' mode='w' encoding='utf-8'> node index is 321
train linear regression time:  0.05230200011283159
(average_diff:0.07259419178930332, max_diff:0.13993623278893824, training_epochs:50, lr:0.05)
<_io.TextIOWrapper name='<stderr>' mode='w' encoding='utf-8'> node index is 295
train linear regression time:  0.052211500238627195
(average_diff:0.18629610783299713, max_diff:0.40429395863150275, training_epochs:50, lr:0.05)
<_io.TextIOWrapper name='<stderr>' mode='w' encoding='utf-8'> node index is 279
train linear regression time:  0.052288500126451254
(average_diff:0.00394109319539912, max_diff:0.005683721104078332, training_epochs:50, lr:0.05)
<_io.TextIOWrapper name='<stderr>' mode='w' encoding='utf-8'> node index is 263
train linear regression time:  0.05252429191023111
(average_diff:0.028615889548590203, max_diff:0.07120841959669544, training_epochs:50, lr:0.05)
<_io.TextIOWrapper name='<stderr>' mode='w' encoding='utf-8'> node index is 249
train linear regression time:  0.053295332938432693
(average_diff:0.05321660136422426, max_diff:0.11902125456023738, training_epochs:50, lr:0.05)
<_io.TextIOWrapper name='<stderr>' mode='w' encoding='utf-8'> node index is 237
train linear regression time:  0.0522874160669744
(average_diff:0.0001783386506377128, max_diff:0.0002757545465014444, training_epochs:50, lr:0.05)
<_io.TextIOWrapper name='<stderr>' mode='w' encoding='utf-8'> node index is 265
train linear regression time:  0.05219216598197818
(average_diff:0.0, max_diff:0.0, training_epochs:50, lr:0.05)
<_io.TextIOWrapper name='<stderr>' mode='w' encoding='utf-8'> node index is 251
train linear regression time:  0.0522467908449471
(average_diff:0.08256613165029643, max_diff:0.3594113358096809, training_epochs:50, lr:0.05)
<_io.TextIOWrapper name='<stderr>' mode='w' encoding='utf-8'> node index is 239
train linear regression time:  0.05236287508159876
(average_diff:0.08012559064080145, max_diff:0.2002198524992319, training_epochs:50, lr:0.05)
<_io.TextIOWrapper name='<stderr>' mode='w' encoding='utf-8'> node index is 223
train linear regression time:  0.05226150015369058
(average_diff:0.01338511461540172, max_diff:0.027640734623182173, training_epochs:50, lr:0.05)
<_io.TextIOWrapper name='<stderr>' mode='w' encoding='utf-8'> node index is 209
train linear regression time:  0.0523960841819644
(average_diff:0.10132139930003047, max_diff:0.2075291154927239, training_epochs:50, lr:0.05)
<_io.TextIOWrapper name='<stderr>' mode='w' encoding='utf-8'> node index is 199
train linear regression time:  0.052170957904309034
(average_diff:0.10341465316995789, max_diff:0.43645967948299197, training_epochs:50, lr:0.05)
<_io.TextIOWrapper name='<stderr>' mode='w' encoding='utf-8'> node index is 191
train linear regression time:  0.052376999985426664
(average_diff:0.12144939001235716, max_diff:0.2480944225445023, training_epochs:50, lr:0.05)
<_io.TextIOWrapper name='<stderr>' mode='w' encoding='utf-8'> node index is 183
train linear regression time:  0.052274666260927916
(average_diff:0.11644305266843472, max_diff:0.2103038821904628, training_epochs:50, lr:0.05)
<_io.TextIOWrapper name='<stderr>' mode='w' encoding='utf-8'> node index is 175
train linear regression time:  0.05223104218021035
(average_diff:0.09371111595691133, max_diff:0.2366929809344448, training_epochs:50, lr:0.05)
<_io.TextIOWrapper name='<stderr>' mode='w' encoding='utf-8'> node index is 167
train linear regression time:  0.052383000031113625
(average_diff:0.08899511241090467, max_diff:0.17785100996200198, training_epochs:50, lr:0.05)
<_io.TextIOWrapper name='<stderr>' mode='w' encoding='utf-8'> node index is 157
train linear regression time:  0.052259666845202446
(average_diff:0.0, max_diff:0.0, training_epochs:50, lr:0.05)
<_io.TextIOWrapper name='<stderr>' mode='w' encoding='utf-8'> node index is 323
train linear regression time:  0.05234962468966842
(average_diff:0.0, max_diff:0.0, training_epochs:50, lr:0.05)
<_io.TextIOWrapper name='<stderr>' mode='w' encoding='utf-8'> node index is 309
train linear regression time:  0.05318191694095731
(average_diff:0.08275615094331663, max_diff:0.17880462335045672, training_epochs:50, lr:0.05)
<_io.TextIOWrapper name='<stderr>' mode='w' encoding='utf-8'> node index is 297
train linear regression time:  0.05261441599577665
(average_diff:0.14538369418596805, max_diff:0.26285796749738977, training_epochs:50, lr:0.05)
<_io.TextIOWrapper name='<stderr>' mode='w' encoding='utf-8'> node index is 283
train linear regression time:  0.05240262486040592
(average_diff:0.07749139999062797, max_diff:0.201179391115695, training_epochs:50, lr:0.05)
<_io.TextIOWrapper name='<stderr>' mode='w' encoding='utf-8'> node index is 267
train linear regression time:  0.05249433405697346
(average_diff:0.1499399221617771, max_diff:0.5612213700914543, training_epochs:50, lr:0.05)
<_io.TextIOWrapper name='<stderr>' mode='w' encoding='utf-8'> node index is 225
train linear regression time:  0.0536665003746748
(average_diff:0.2233637163492872, max_diff:0.4250687357539388, training_epochs:50, lr:0.05)
<_io.TextIOWrapper name='<stderr>' mode='w' encoding='utf-8'> node index is 211
train linear regression time:  0.05279641691595316
(average_diff:0.13112533357921474, max_diff:0.31753637865481477, training_epochs:50, lr:0.05)
<_io.TextIOWrapper name='<stderr>' mode='w' encoding='utf-8'> node index is 185
train linear regression time:  0.05340329185128212
(average_diff:0.12392671344439996, max_diff:0.4612644849149984, training_epochs:50, lr:0.05)
<_io.TextIOWrapper name='<stderr>' mode='w' encoding='utf-8'> node index is 177
train linear regression time:  0.05276458291336894
(average_diff:0.1901464217149195, max_diff:0.4581662673413145, training_epochs:50, lr:0.05)
<_io.TextIOWrapper name='<stderr>' mode='w' encoding='utf-8'> node index is 169
train linear regression time:  0.05267779203131795
(average_diff:0.00224237701122193, max_diff:0.0033721197983095363, training_epochs:50, lr:0.05)
<_io.TextIOWrapper name='<stderr>' mode='w' encoding='utf-8'> node index is 159
train linear regression time:  0.052490583155304193
(average_diff:0.11948316498327022, max_diff:0.27135589639081914, training_epochs:50, lr:0.05)
<_io.TextIOWrapper name='<stderr>' mode='w' encoding='utf-8'> node index is 151
train linear regression time:  0.05246554221957922
(average_diff:0.037626901429476674, max_diff:0.09556257027298856, training_epochs:50, lr:0.05)
<_io.TextIOWrapper name='<stderr>' mode='w' encoding='utf-8'> node index is 135
train linear regression time:  0.05252983281388879
(average_diff:0.05112793473103177, max_diff:0.10576438381412717, training_epochs:50, lr:0.05)
<_io.TextIOWrapper name='<stderr>' mode='w' encoding='utf-8'> node index is 129
train linear regression time:  0.0524191246367991
(average_diff:0.032042816547152075, max_diff:0.11662613713527759, training_epochs:50, lr:0.05)
<_io.TextIOWrapper name='<stderr>' mode='w' encoding='utf-8'> node index is 119
train linear regression time:  0.05293870810419321
(average_diff:0.03871690792039457, max_diff:0.1063393361557104, training_epochs:50, lr:0.05)
<_io.TextIOWrapper name='<stderr>' mode='w' encoding='utf-8'> node index is 109
train linear regression time:  0.0526504167355597
(average_diff:0.04430519771918283, max_diff:0.16236746186689327, training_epochs:50, lr:0.05)
<_io.TextIOWrapper name='<stderr>' mode='w' encoding='utf-8'> node index is 99
train linear regression time:  0.052659334149211645
(average_diff:2.7755575615628914e-17, max_diff:2.7755575615628914e-17, training_epochs:50, lr:0.05)
<_io.TextIOWrapper name='<stderr>' mode='w' encoding='utf-8'> node index is 447
train linear regression time:  0.05258150026202202
(average_diff:0.0029076278909087733, max_diff:0.00396480108474162, training_epochs:50, lr:0.05)
<_io.TextIOWrapper name='<stderr>' mode='w' encoding='utf-8'> node index is 441
train linear regression time:  0.05241062492132187
(average_diff:0.016308544376767285, max_diff:0.03081498505910646, training_epochs:50, lr:0.05)
<_io.TextIOWrapper name='<stderr>' mode='w' encoding='utf-8'> node index is 435
train linear regression time:  0.05266516702249646
(average_diff:0.0, max_diff:0.0, training_epochs:50, lr:0.05)
<_io.TextIOWrapper name='<stderr>' mode='w' encoding='utf-8'> node index is 429
train linear regression time:  0.052956124767661095
(average_diff:0.0023526190769734092, max_diff:0.003512934290131664, training_epochs:50, lr:0.05)
<_io.TextIOWrapper name='<stderr>' mode='w' encoding='utf-8'> node index is 421
train linear regression time:  0.05229979194700718
(average_diff:0.007359063022064062, max_diff:0.19364058947014595, training_epochs:50, lr:0.05)
<_io.TextIOWrapper name='<stderr>' mode='w' encoding='utf-8'> node index is 69
train linear regression time:  0.05306808324530721
(average_diff:0.07018440825090605, max_diff:0.23856971967124607, training_epochs:50, lr:0.05)
<_io.TextIOWrapper name='<stderr>' mode='w' encoding='utf-8'> node index is 61
train linear regression time:  0.052553999703377485
(average_diff:0.0948874255375194, max_diff:0.48133634687269167, training_epochs:50, lr:0.05)
<_io.TextIOWrapper name='<stderr>' mode='w' encoding='utf-8'> node index is 53
train linear regression time:  0.052310416009277105
(average_diff:0.030957636193027153, max_diff:0.05664569840591421, training_epochs:50, lr:0.05)
<_io.TextIOWrapper name='<stderr>' mode='w' encoding='utf-8'> node index is 401
train linear regression time:  0.052379332948476076
(average_diff:7.964046089270482e-13, max_diff:8.739953205605389e-13, training_epochs:50, lr:0.05)
<_io.TextIOWrapper name='<stderr>' mode='w' encoding='utf-8'> node index is 387
train linear regression time:  0.05285050021484494
(average_diff:0.009245973067111451, max_diff:0.021421907281684804, training_epochs:50, lr:0.05)
<_io.TextIOWrapper name='<stderr>' mode='w' encoding='utf-8'> node index is 375
train linear regression time:  0.05445758393034339
(average_diff:0.010115883962885097, max_diff:0.013756064874920204, training_epochs:50, lr:0.05)
<_io.TextIOWrapper name='<stderr>' mode='w' encoding='utf-8'> node index is 361
train linear regression time:  0.053165792021900415
(average_diff:0.020413039942156902, max_diff:0.03896385439658598, training_epochs:50, lr:0.05)
<_io.TextIOWrapper name='<stderr>' mode='w' encoding='utf-8'> node index is 347
train linear regression time:  0.05238054087385535
(average_diff:0.09557660806862037, max_diff:0.17869748476025366, training_epochs:50, lr:0.05)
<_io.TextIOWrapper name='<stderr>' mode='w' encoding='utf-8'> node index is 311
train linear regression time:  0.05243612499907613
(average_diff:0.06634284599773611, max_diff:0.14695927234420875, training_epochs:50, lr:0.05)
<_io.TextIOWrapper name='<stderr>' mode='w' encoding='utf-8'> node index is 299
train linear regression time:  0.052326750010252
(average_diff:0.12708805335960635, max_diff:0.4508868079584038, training_epochs:50, lr:0.05)
<_io.TextIOWrapper name='<stderr>' mode='w' encoding='utf-8'> node index is 285
train linear regression time:  0.05224995827302337
(average_diff:0.021218991135622815, max_diff:0.04092685051052028, training_epochs:50, lr:0.05)
<_io.TextIOWrapper name='<stderr>' mode='w' encoding='utf-8'> node index is 269
train linear regression time:  0.05218716710805893
(average_diff:0.0031188008842467085, max_diff:0.0032245004059527904, training_epochs:50, lr:0.05)
<_io.TextIOWrapper name='<stderr>' mode='w' encoding='utf-8'> node index is 415
train linear regression time:  0.05226520821452141
(average_diff:0.014515095498337072, max_diff:0.026404096849404146, training_epochs:50, lr:0.05)
<_io.TextIOWrapper name='<stderr>' mode='w' encoding='utf-8'> node index is 411
train linear regression time:  0.052348166704177856
(average_diff:1.1439504205013051e-09, max_diff:1.2342245558905063e-09, training_epochs:50, lr:0.05)
<_io.TextIOWrapper name='<stderr>' mode='w' encoding='utf-8'> node index is 403
train linear regression time:  0.05216308310627937
(average_diff:0.059736850799115664, max_diff:0.11507214795367898, training_epochs:50, lr:0.05)
<_io.TextIOWrapper name='<stderr>' mode='w' encoding='utf-8'> node index is 389
train linear regression time:  0.052260166965425014
(average_diff:0.04714932414199326, max_diff:0.09315823267997841, training_epochs:50, lr:0.05)
<_io.TextIOWrapper name='<stderr>' mode='w' encoding='utf-8'> node index is 377
train linear regression time:  0.052157041151076555
(average_diff:0.01919036085814234, max_diff:0.027414408041927796, training_epochs:50, lr:0.05)
<_io.TextIOWrapper name='<stderr>' mode='w' encoding='utf-8'> node index is 363
train linear regression time:  0.05230895895510912
(average_diff:0.06384486710446699, max_diff:0.1283336866582075, training_epochs:50, lr:0.05)
<_io.TextIOWrapper name='<stderr>' mode='w' encoding='utf-8'> node index is 349
train linear regression time:  0.052198332734405994
(average_diff:0.046874290100530826, max_diff:0.08897928749593825, training_epochs:50, lr:0.05)
<_io.TextIOWrapper name='<stderr>' mode='w' encoding='utf-8'> node index is 335
train linear regression time:  0.05216320790350437
(average_diff:0.01378816549259744, max_diff:0.018073669426204364, training_epochs:50, lr:0.05)
<_io.TextIOWrapper name='<stderr>' mode='w' encoding='utf-8'> node index is 325
train linear regression time:  0.05228591710329056
(average_diff:0.10045461962891071, max_diff:0.24945009893671527, training_epochs:50, lr:0.05)
<_io.TextIOWrapper name='<stderr>' mode='w' encoding='utf-8'> node index is 313
train linear regression time:  0.05218104226514697
(average_diff:0.0, max_diff:0.0, training_epochs:50, lr:0.05)
<_io.TextIOWrapper name='<stderr>' mode='w' encoding='utf-8'> node index is 443
train linear regression time:  0.05222941702231765
(average_diff:0.07085909941749875, max_diff:0.13781405333856295, training_epochs:50, lr:0.05)
<_io.TextIOWrapper name='<stderr>' mode='w' encoding='utf-8'> node index is 431
train linear regression time:  0.05226279189810157
(average_diff:0.0, max_diff:0.0, training_epochs:50, lr:0.05)
<_io.TextIOWrapper name='<stderr>' mode='w' encoding='utf-8'> node index is 425
train linear regression time:  0.05242045782506466
(average_diff:0.0019293827000196884, max_diff:0.0028264718551361256, training_epochs:50, lr:0.05)
<_io.TextIOWrapper name='<stderr>' mode='w' encoding='utf-8'> node index is 419
train linear regression time:  0.05333387479186058
(average_diff:0.000928248321244903, max_diff:0.0013927926900759169, training_epochs:50, lr:0.05)
<_<_io.TextIOWrapper name='<stderr>' mode='w' encoding='utf-8'> node index is 413
train linear regression time:  0.052263875026255846
(average_diff:0.004677569393697197, max_diff:0.007073813210901947, training_epochs:50, lr:0.05)
<_io.TextIOWrapper name='<stderr>' mode='w' encoding='utf-8'> node index is 405
train linear regression time:  0.05218575010076165
(average_diff:0.0, max_diff:0.0, training_epochs:50, lr:0.05)
<_io.TextIOWrapper name='<stderr>' mode='w' encoding='utf-8'> node index is 391
train linear regression time:  0.052220541052520275
(average_diff:3.75653397277631e-11, max_diff:3.794953240543464e-11, training_epochs:50, lr:0.05)
<_io.TextIOWrapper name='<stderr>' mode='w' encoding='utf-8'> node index is 379
train linear regression time:  0.05213108332827687
(average_diff:0.04587881112511999, max_diff:0.12435380134702478, training_epochs:50, lr:0.05)
<_io.TextIOWrapper name='<stderr>' mode='w' encoding='utf-8'> node index is 365
train linear regression time:  0.05237675039097667
(average_diff:0.010179034891757713, max_diff:0.010242345354259552, training_epochs:50, lr:0.05)
<_io.TextIOWrapper name='<stderr>' mode='w' encoding='utf-8'> node index is 351
train linear regression time:  0.05238987458869815
(average_diff:5.627556792818511e-05, max_diff:5.806078395562131e-05, training_epochs:50, lr:0.05)
<_io.TextIOWrapper name='<stderr>' mode='w' encoding='utf-8'> node index is 337
train linear regression time:  0.05235641682520509
(average_diff:0.12990729319672284, max_diff:0.5150762456979048, training_epochs:50, lr:0.05)
<_io.TextIOWrapper name='<stderr>' mode='w' encoding='utf-8'> node index is 393
train linear regression time:  0.05238691670820117
(average_diff:1.6653345369377348e-16, max_diff:2.220446049250313e-16, training_epochs:50, lr:0.05)
<_io.TextIOWrapper name='<stderr>' mode='w' encoding='utf-8'> node index is 301
train linear regression time:  0.052232792135328054
(average_diff:0.12048894869372177, max_diff:0.28691889879353993, training_epochs:50, lr:0.05)
<_io.TextIOWrapper name='<stderr>' mode='w' encoding='utf-8'> node index is 271
train linear regression time:  0.052319291047751904
(average_diff:0.07735342445051917, max_diff:0.20421381566424746, training_epochs:50, lr:0.05)
<_io.TextIOWrapper name='<stderr>' mode='w' encoding='utf-8'> node index is 253
train linear regression time:  0.05229179188609123
(average_diff:0.2108029080929857, max_diff:0.4161986973071603, training_epochs:50, lr:0.05)
<_io.TextIOWrapper name='<stderr>' mode='w' encoding='utf-8'> node index is 227
train linear regression time:  0.052244999911636114
(average_diff:0.1462593181822799, max_diff:0.2388334473839538, training_epochs:50, lr:0.05)
<_io.TextIOWrapper name='<stderr>' mode='w' encoding='utf-8'> node index is 213
train linear regression time:  0.05330858426168561
(average_diff:0.06532391993182508, max_diff:0.15066745257571987, training_epochs:50, lr:0.05)
<_io.TextIOWrapper name='<stderr>' mode='w' encoding='utf-8'> node index is 201
train linear regression time:  0.053235084284096956
(average_diff:2.7755575615628914e-17, max_diff:5.551115123125783e-17, training_epochs:50, lr:0.05)
<_io.TextIOWrapper name='<stderr>' mode='w' encoding='utf-8'> node index is 193
train linear regression time:  0.05258679110556841
(average_diff:0.031660153517540486, max_diff:0.07690160073421332, training_epochs:50, lr:0.05)
<_io.TextIOWrapper name='<stderr>' mode='w' encoding='utf-8'> node index is 187
train linear regression time:  0.05264254240319133
(average_diff:0.03562058586155304, max_diff:0.11219311630977558, training_epochs:50, lr:0.05)
<_io.TextIOWrapper name='<stderr>' mode='w' encoding='utf-8'> node index is 179
train linear regression time:  0.05267099989578128
(average_diff:0.0, max_diff:0.0, training_epochs:50, lr:0.05)
<_io.TextIOWrapper name='<stderr>' mode='w' encoding='utf-8'> node index is 171
train linear regression time:  0.05250883428379893
(average_diff:0.112185603989093, max_diff:0.2735502786954012, training_epochs:50, lr:0.05)
<_io.TextIOWrapper name='<stderr>' mode='w' encoding='utf-8'> node index is 161
train linear regression time:  0.05366079183295369
(average_diff:1.1102230246251565e-16, max_diff:1.1102230246251565e-16, training_epochs:50, lr:0.05)
<_io.TextIOWrapper name='<stderr>' mode='w' encoding='utf-8'> node index is 367
train linear regression time:  0.05250383401289582
(average_diff:0.0, max_diff:0.0, training_epochs:50, lr:0.05)
<_io.TextIOWrapper name='<stderr>' mode='w' encoding='utf-8'> node index is 353
train linear regression time:  0.05273604206740856
(average_diff:6.18951128499301e-05, max_diff:6.261283293551578e-05, training_epochs:50, lr:0.05)
<_io.TextIOWrapper name='<stderr>' mode='w' encoding='utf-8'> node index is 339
train linear regression time:  0.05283487495034933
(average_diff:0.023159546302700465, max_diff:0.037436520107096305, training_epochs:50, lr:0.05)
<_io.TextIOWrapper name='<stderr>' mode='w' encoding='utf-8'> node index is 327
train linear regression time:  0.052887999918311834
(average_diff:0.02809290021608742, max_diff:0.15142830501697746, training_epochs:50, lr:0.05)
<_io.TextIOWrapper name='<stderr>' mode='w' encoding='utf-8'> node index is 315
train linear regression time:  0.0552519578486681
(average_diff:0.022880582971995633, max_diff:0.0481090424938726, training_epochs:50, lr:0.05)
<_io.TextIOWrapper name='<stderr>' mode='w' encoding='utf-8'> node index is 303
train linear regression time:  0.052935332991182804
(average_diff:0.04026222793035128, max_diff:0.08868684766905122, training_epochs:50, lr:0.05)
<_io.TextIOWrapper name='<stderr>' mode='w' encoding='utf-8'> node index is 287
train linear regression time:  0.0528719169087708
(average_diff:0.0832692412535958, max_diff:0.15812604990139034, training_epochs:50, lr:0.05)
<_io.TextIOWrapper name='<stderr>' mode='w' encoding='utf-8'> node index is 273
train linear regression time:  0.05306187504902482
(average_diff:0.10215265183390877, max_diff:0.5379731280249943, training_epochs:50, lr:0.05)
<_io.TextIOWrapper name='<stderr>' mode='w' encoding='utf-8'> node index is 255
train linear regression time:  0.05296966712921858
(average_diff:0.026698611023252522, max_diff:0.05527879614915554, training_epochs:50, lr:0.05)
<_io.TextIOWrapper name='<stderr>' mode='w' encoding='utf-8'> node index is 241
train linear regression time:  0.054951250087469816
(average_diff:0.17506898118870534, max_diff:0.524494754860066, training_epochs:50, lr:0.05)
<_io.TextIOWrapper name='<stderr>' mode='w' encoding='utf-8'> node index is 229
train linear regression time:  0.05504745803773403
(average_diff:0.13085723693064372, max_diff:0.3350272330654577, training_epochs:50, lr:0.05)
<_io.TextIOWrapper name='<stderr>' mode='w' encoding='utf-8'> node index is 215
train linear regression time:  0.05452329199761152
(average_diff:0.05619767080232067, max_diff:0.13622020389213685, training_epochs:50, lr:0.05)
<_io.TextIOWrapper name='<stderr>' mode='w' encoding='utf-8'> node index is 203
train linear regression time:  0.05473391665145755
(average_diff:0.02237906789626052, max_diff:0.05353538040069883, training_epochs:50, lr:0.05)
<_io.TextIOWrapper name='<stderr>' mode='w' encoding='utf-8'> node index is 195
train linear regression time:  0.054043457843363285
(average_diff:0.15958121321099605, max_diff:0.34790468350591086, training_epochs:50, lr:0.05)
<_io.TextIOWrapper name='<stderr>' mode='w' encoding='utf-8'> node index is 7
train linear regression time:  0.054611333180218935
(average_diff:0.13417263037995555, max_diff:0.4320107452134778, training_epochs:50, lr:0.05)
<_io.TextIOWrapper name='<stderr>' mode='w' encoding='utf-8'> node index is 5
train linear regression time:  0.05566370906308293
testFringe time:  13.25982354208827
<_io.TextIOWrapper name='<stderr>' mode='w' encoding='utf-8'> =============== update finished ===============

*** Writing Game File 83***

<_io.TextIOWrapper name='../print_tree_record_numpy/print_DM_boost_linear_tree_split.txt' mode='w' encoding='UTF-8'> idx1(Q:0.4014, distinct_name:0, dictinctin_value:2.569683891588169, par:None)
	idx4(Q:0.4021, distinct_name:0, dictinctin_value:2.507749956207568, par:1)
		idx6(Q:0.4020, distinct_name:0, dictinctin_value:-0.050698982385153205, par:4)
			idx8(Q:0.4617, distinct_name:0, dictinctin_value:-0.5002368440471089, par:6)
				idx10(Q:0.5087, distinct_name:3, dictinctin_value:0.7373220788164561, par:8)
					idx12(Q:0.4831, distinct_name:1, dictinctin_value:0.8498558206992594, par:10)
						idx18(Q:0.4318, distinct_name:2, dictinctin_value:0.8559921607301466, par:12)
							idx24(Q:0.4244, distinct_name:0, dictinctin_value:-0.5901212893723445, par:18)
								idx30(Q:0.4325, distinct_name:2, dictinctin_value:0.5095422779981766, par:24)
									idx38(Q:0.4519, distinct_name:2, dictinctin_value:0.24909091887867726, par:30)
										idx44(Q:0.4797, distinct_name:2, dictinctin_value:-0.06052347242753761, par:38)
											idx54(Q:0.5268, distinct_name:2, dictinctin_value:-0.16873413911779458, par:44)
												idx62(Q:0.5520, distinct_name:2, dictinctin_value:-0.3117760123070312, par:54)
													idx70(Q:0.5969, distinct_name:2, dictinctin_value:-0.36929151673896154, par:62)
														idx76(Q:0.6233, distinct_name:2, dictinctin_value:-0.4513587540231024, par:70)
															idx82(Q:0.6587, distinct_name:2, dictinctin_value:-0.49926091712096626, par:76)
																idx90(Q:0.6742, distinct_name:2, dictinctin_value:-0.5261921216626007, par:82)
																	idx100(Q:0.6860, distinct_name:2, dictinctin_value:-0.5682634996789567, par:90)
																		idx110(Q:0.7025, distinct_name:2, dictinctin_value:-0.576514535000767, par:100)
																			idx120(Q:0.7054, par:110)
																			idx121(Q:0.4001, par:110)
																		idx111(Q:0.3641, par:100)
																	idx101(Q:0.3598, par:90)
																idx91(Q:0.3270, par:82)
															idx83(Q:0.3016, par:76)
														idx77(Q:0.2698, par:70)
													idx71(Q:0.2705, par:62)
												idx63(Q:0.2253, par:54)
											idx55(Q:0.2449, distinct_name:0, dictinctin_value:-0.6476910175840919, par:44)
												idx464(Q:0.2484, distinct_name:3, dictinctin_value:0.6680194197252473, par:55)
													idx468(Q:0.2451, distinct_name:0, dictinctin_value:-0.6858015235311999, par:464)
														idx474(Q:0.2458, distinct_name:2, dictinctin_value:0.24031958562965672, par:468)
															idx480(Q:0.2433, distinct_name:2, dictinctin_value:0.22712878489931437, par:474)
																idx484(Q:0.2450, distinct_name:0, dictinctin_value:-0.6984661740702743, par:480)
																	idx492(Q:0.2431, distinct_name:2, dictinctin_value:0.2205862992769331, par:484)
																		idx500(Q:0.2428, distinct_name:1, dictinctin_value:0.7515347460969897, par:492)
																			idx518(Q:0.2421, par:500)
																			idx519(Q:0.2625, par:500)
																		idx501(Q:0.2751, par:492)
																	idx493(Q:0.3077, par:484)
																idx485(Q:0.1301, par:480)
															idx481(Q:0.3124, par:474)
														idx475(Q:0.1567, par:468)
													idx469(Q:0.3624, par:464)
												idx465(Q:0.1184, par:55)
										idx45(Q:0.2533, distinct_name:0, dictinctin_value:-0.6043607795061433, par:38)
											idx510(Q:0.2544, distinct_name:1, dictinctin_value:0.8144916165556727, par:45)
												idx520(Q:0.2475, distinct_name:1, dictinctin_value:0.7699133155688844, par:510)
													idx530(Q:0.2441, distinct_name:2, dictinctin_value:0.5073691095938268, par:520)
														idx536(Q:0.2447, distinct_name:0, dictinctin_value:-0.6190066933050004, par:530)
															idx548(Q:0.2436, distinct_name:0, dictinctin_value:-0.6463225202144014, par:536)
																idx570(Q:0.2442, distinct_name:0, dictinctin_value:-0.6564390430626009, par:548)
																	idx580(Q:0.2454, distinct_name:3, dictinctin_value:0.6572555751708343, par:570)
																		idx586(Q:0.2447, distinct_name:3, dictinctin_value:0.6217208412298194, par:580)
																			idx590(Q:0.2429, par:586)
																			idx591(Q:0.3104, par:586)
																		idx587(Q:0.2818, par:580)
																	idx581(Q:0.1052, par:570)
																idx571(Q:0.2225, par:548)
															idx549(Q:0.3743, par:536)
														idx537(Q:0.2094, par:530)
													idx531(Q:0.3479, par:520)
												idx521(Q:0.5313, par:510)
											idx511(Q:0.1130, par:45)
									idx39(Q:0.3088, distinct_name:1, dictinctin_value:0.8040063207197937, par:30)
										idx426(Q:0.3055, distinct_name:2, dictinctin_value:0.8419373683110459, par:39)
											idx432(Q:0.3070, distinct_name:0, dictinctin_value:-0.6009391153368029, par:426)
												idx444(Q:0.3089, distinct_name:0, dictinctin_value:-0.6041087413020046, par:432)
													idx448(Q:0.3086, distinct_name:0, dictinctin_value:-0.6100701052011255, par:444)
														idx456(Q:0.3086, distinct_name:0, dictinctin_value:-0.6407957166920598, par:448)
															idx460(Q:0.3125, distinct_name:0, dictinctin_value:-0.6555246386975058, par:456)
																idx466(Q:0.3147, distinct_name:0, dictinctin_value:-0.6720161756487143, par:460)
																	idx470(Q:0.3182, distinct_name:0, dictinctin_value:-0.6781083126032775, par:466)
																		idx472(Q:0.3181, distinct_name:0, dictinctin_value:-0.7020609777266955, par:470)
																			idx476(Q:0.3206, par:472)
																			idx477(Q:0.2334, par:472)
																		idx473(Q:0.3250, par:470)
																	idx471(Q:0.0686, par:466)
																idx467(Q:0.1550, par:460)
															idx461(Q:0.1206, par:456)
														idx457(Q:0.3118, par:448)
													idx449(Q:0.3527, par:444)
												idx445(Q:0.1599, par:432)
											idx433(Q:0.1937, par:426)
										idx427(Q:0.4793, par:39)
								idx31(Q:0.3458, distinct_name:0, dictinctin_value:-0.5002719881995846, par:24)
									idx544(Q:0.3461, distinct_name:1, dictinctin_value:0.7593054056611713, par:31)
										idx550(Q:0.3481, distinct_name:0, dictinctin_value:-0.5062520951871772, par:544)
											idx562(Q:0.3516, distinct_name:0, dictinctin_value:-0.5080035363270362, par:550)
												idx572(Q:0.3550, distinct_name:0, dictinctin_value:-0.5084639498879526, par:562)
													idx582(Q:0.3556, distinct_name:0, dictinctin_value:-0.5089199594147691, par:572)
														idx588(Q:0.3592, distinct_name:0, dictinctin_value:-0.5092872052358233, par:582)
															idx592(Q:0.3611, distinct_name:2, dictinctin_value:0.7693334693236122, par:588)
																idx594(Q:0.3670, distinct_name:2, dictinctin_value:0.7132889145486878, par:592)
																	idx596(Q:0.3726, distinct_name:0, dictinctin_value:-0.5099342225448047, par:594)
																		idx598(Q:0.3753, distinct_name:1, dictinctin_value:0.7481026625171042, par:596)
																			idx600(Q:0.3746, par:598)
																			idx601(Q:0.4108, par:598)
																		idx599(Q:0.2330, par:596)
																	idx597(Q:0.0754, par:594)
																idx595(Q:0.1530, par:592)
															idx593(Q:0.1559, par:588)
														idx589(Q:0.1598, par:582)
													idx583(Q:0.2789, par:572)
												idx573(Q:0.1588, par:562)
											idx563(Q:0.1492, par:550)
										idx551(Q:0.2268, par:544)
									idx545(Q:0.3129, par:31)
							idx25(Q:0.4648, distinct_name:0, dictinctin_value:-0.5389580903277561, par:18)
								idx216(Q:0.4667, distinct_name:0, dictinctin_value:-0.5573162410999996, par:25)
									idx230(Q:0.4682, distinct_name:0, dictinctin_value:-0.5917620279880862, par:216)
										idx242(Q:0.4813, distinct_name:1, dictinctin_value:0.8127647407611875, par:230)
											idx256(Q:0.4755, distinct_name:0, dictinctin_value:-0.6131626140571143, par:242)
												idx288(Q:0.4777, distinct_name:0, dictinctin_value:-0.7076582377440916, par:256)
													idx304(Q:0.4991, distinct_name:0, dictinctin_value:-0.717862250694298, par:288)
														idx316(Q:0.5019, distinct_name:0, dictinctin_value:-0.7734253050900186, par:304)
															idx328(Q:0.5091, distinct_name:0, dictinctin_value:-0.7970945326559435, par:316)
																idx340(Q:0.5101, distinct_name:3, dictinctin_value:0.6595389343928215, par:328)
																	idx354(Q:0.5048, distinct_name:3, dictinctin_value:0.6186331758365281, par:340)
																		idx368(Q:0.4993, distinct_name:3, dictinctin_value:0.5952455969358141, par:354)
																			idx380(Q:0.4976, par:368)
																			idx381(Q:0.5796, par:368)
																		idx369(Q:0.8791, par:354)
																	idx355(Q:0.7825, par:340)
																idx341(Q:0.4646, par:328)
															idx329(Q:0.3485, par:316)
														idx317(Q:0.3428, par:304)
													idx305(Q:0.2967, par:288)
												idx289(Q:0.1966, par:256)
											idx257(Q:0.7304, par:242)
										idx243(Q:0.2522, par:230)
									idx231(Q:0.3288, par:216)
								idx217(Q:0.4047, par:25)
						idx19(Q:0.6989, distinct_name:0, dictinctin_value:-0.5046072639210131, par:12)
							idx152(Q:0.6988, distinct_name:2, dictinctin_value:1.74305991171075, par:19)
								idx162(Q:0.6871, distinct_name:2, dictinctin_value:1.5651912903147052, par:152)
									idx172(Q:0.6782, distinct_name:2, dictinctin_value:1.0939968976733132, par:162)
										idx180(Q:0.6551, distinct_name:2, dictinctin_value:0.9064820637809338, par:172)
											idx188(Q:0.6443, distinct_name:2, dictinctin_value:0.8130327408821636, par:180)
												idx196(Q:0.6357, distinct_name:2, dictinctin_value:0.714578820015968, par:188)
													idx204(Q:0.6349, distinct_name:0, dictinctin_value:-0.5137296726081428, par:196)
														idx218(Q:0.6374, distinct_name:2, dictinctin_value:0.4860989258104936, par:204)
															idx232(Q:0.6365, distinct_name:1, dictinctin_value:2.2330900660097845, par:218)
																idx244(Q:0.6245, distinct_name:2, dictinctin_value:0.44559578649865966, par:232)
																	idx258(Q:0.6211, distinct_name:2, dictinctin_value:0.32419638005931734, par:244)
																		idx274(Q:0.6208, distinct_name:0, dictinctin_value:-0.5233031664270825, par:258)
																			idx290(Q:0.6213, par:274)
																			idx291(Q:0.5526, par:274)
																		idx275(Q:0.6332, par:258)
																	idx259(Q:0.7450, par:244)
																idx245(Q:0.9413, par:232)
															idx233(Q:0.6478, par:218)
														idx219(Q:0.4556, par:204)
													idx205(Q:0.6618, par:196)
												idx197(Q:0.8597, par:188)
											idx189(Q:0.8656, par:180)
										idx181(Q:0.9943, par:172)
									idx173(Q:1.0016, par:162)
								idx163(Q:1.0527, par:152)
							idx153(Q:0.7365, par:19)
					idx13(Q:0.5887, distinct_name:2, dictinctin_value:1.929601246827043, par:10)
						idx92(Q:0.5735, distinct_name:1, dictinctin_value:1.2557733390904973, par:13)
							idx102(Q:0.5419, distinct_name:2, dictinctin_value:1.4527612583425853, par:92)
								idx112(Q:0.5299, distinct_name:2, dictinctin_value:1.3531114404933846, par:102)
									idx122(Q:0.5274, distinct_name:2, dictinctin_value:1.0639310625609943, par:112)
										idx130(Q:0.5152, distinct_name:2, dictinctin_value:0.8759607452183222, par:122)
											idx136(Q:0.5069, distinct_name:2, dictinctin_value:0.6228991526328211, par:130)
												idx142(Q:0.5027, distinct_name:2, dictinctin_value:0.4885947458466264, par:136)
													idx146(Q:0.4935, distinct_name:1, dictinctin_value:1.1059975491047376, par:142)
														idx148(Q:0.4850, distinct_name:3, dictinctin_value:2.363964647313972, par:146)
															idx154(Q:0.4784, distinct_name:3, dictinctin_value:1.536573712246935, par:148)
																idx164(Q:0.4563, distinct_name:1, dictinctin_value:0.49075596239548774, par:154)
																	idx206(Q:0.4239, distinct_name:3, dictinctin_value:1.525286896575752, par:164)
																		idx220(Q:0.4234, distinct_name:2, dictinctin_value:0.38874536608000104, par:206)
																			idx234(Q:0.4261, par:220)
																			idx235(Q:0.3327, par:220)
																		idx221(Q:0.4555, par:206)
																	idx207(Q:0.6171, par:164)
																idx165(Q:0.5641, par:154)
															idx155(Q:0.6475, par:148)
														idx149(Q:0.7431, par:146)
													idx147(Q:0.5979, par:142)
												idx143(Q:0.5561, par:136)
											idx137(Q:0.6927, par:130)
										idx131(Q:0.7149, par:122)
									idx123(Q:0.6587, par:112)
								idx113(Q:0.8090, par:102)
							idx103(Q:0.9335, par:92)
						idx93(Q:1.0493, par:13)
				idx11(Q:0.3767, distinct_name:3, dictinctin_value:1.284568987543642, par:8)
					idx32(Q:0.3551, distinct_name:3, dictinctin_value:0.5763111575206541, par:11)
						idx40(Q:0.3389, distinct_name:2, dictinctin_value:1.4159847670297276, par:32)
							idx46(Q:0.3297, distinct_name:2, dictinctin_value:0.8764611652526798, par:40)
								idx56(Q:0.3369, distinct_name:2, dictinctin_value:0.6776552612944613, par:46)
									idx64(Q:0.3428, distinct_name:0, dictinctin_value:-0.10007893227380851, par:56)
										idx72(Q:0.3423, distinct_name:2, dictinctin_value:0.481251420222257, par:64)
											idx78(Q:0.3529, distinct_name:2, dictinctin_value:0.43236682950932387, par:72)
												idx84(Q:0.3591, distinct_name:2, dictinctin_value:0.2322739018313544, par:78)
													idx94(Q:0.3804, distinct_name:2, dictinctin_value:0.1692901075380102, par:84)
														idx104(Q:0.3889, distinct_name:2, dictinctin_value:0.044622068949871425, par:94)
															idx114(Q:0.4083, distinct_name:2, dictinctin_value:-0.04421252452423217, par:104)
																idx124(Q:0.4269, distinct_name:2, dictinctin_value:-0.12551407150931976, par:114)
																	idx132(Q:0.4425, distinct_name:2, dictinctin_value:-0.16179863391045127, par:124)
																		idx138(Q:0.4522, distinct_name:2, dictinctin_value:-0.1987692173924826, par:132)
																			idx144(Q:0.4700, par:138)
																			idx145(Q:0.1585, par:138)
																		idx139(Q:0.1639, par:132)
																	idx133(Q:0.1945, par:124)
																idx125(Q:0.1412, par:114)
															idx115(Q:0.1879, par:104)
														idx105(Q:0.2029, par:94)
													idx95(Q:0.1716, par:84)
												idx85(Q:0.1717, par:78)
											idx79(Q:0.2188, par:72)
										idx73(Q:0.3477, par:64)
									idx65(Q:0.2601, par:56)
								idx57(Q:0.2837, distinct_name:0, dictinctin_value:-0.07115888508263095, par:46)
									idx486(Q:0.2870, distinct_name:2, dictinctin_value:1.3997870335092657, par:57)
										idx494(Q:0.2870, distinct_name:0, dictinctin_value:-0.07160732513030894, par:486)
											idx504(Q:0.2838, distinct_name:0, dictinctin_value:-0.08350405569893737, par:494)
												idx512(Q:0.2853, distinct_name:1, dictinctin_value:1.8788415154351898, par:504)
													idx522(Q:0.2746, distinct_name:1, dictinctin_value:1.7168001155290575, par:512)
														idx538(Q:0.2678, distinct_name:0, dictinctin_value:-0.08454829370887558, par:522)
															idx552(Q:0.2654, distinct_name:3, dictinctin_value:0.4530042815419259, par:538)
																idx556(Q:0.2670, distinct_name:0, dictinctin_value:-0.08608502852647902, par:552)
																	idx564(Q:0.2682, distinct_name:0, dictinctin_value:-0.08644796937551802, par:556)
																		idx574(Q:0.2678, distinct_name:0, dictinctin_value:-0.08717123163966492, par:564)
																			idx584(Q:0.2693, par:574)
																			idx585(Q:0.1069, par:574)
																		idx575(Q:0.3124, par:564)
																	idx565(Q:0.1341, par:556)
																idx557(Q:0.2231, par:552)
															idx553(Q:0.5355, par:538)
														idx539(Q:0.6590, par:522)
													idx523(Q:0.8978, par:512)
												idx513(Q:0.1098, par:504)
											idx505(Q:0.6691, par:494)
										idx495(Q:0.2877, par:486)
									idx487(Q:0.1831, par:57)
							idx47(Q:0.4368, par:40)
						idx41(Q:0.4209, distinct_name:3, dictinctin_value:1.2541204520301295, par:32)
							idx246(Q:0.4139, distinct_name:0, dictinctin_value:-0.05401988313827026, par:41)
								idx260(Q:0.4142, distinct_name:2, dictinctin_value:2.0807886731763334, par:246)
									idx276(Q:0.3993, distinct_name:2, dictinctin_value:1.8994422532815647, par:260)
										idx292(Q:0.3935, distinct_name:1, dictinctin_value:1.2716943858922887, par:276)
											idx306(Q:0.3709, distinct_name:2, dictinctin_value:1.8085097405850585, par:292)
												idx318(Q:0.3616, distinct_name:0, dictinctin_value:-0.06832580226386262, par:306)
													idx330(Q:0.3555, distinct_name:1, dictinctin_value:1.0161843934440484, par:318)
														idx342(Q:0.3509, distinct_name:0, dictinctin_value:-0.11082738421514442, par:330)
															idx356(Q:0.3454, distinct_name:0, dictinctin_value:-0.1239714467724242, par:342)
																idx370(Q:0.3477, distinct_name:1, dictinctin_value:0.8661774768232812, par:356)
																	idx382(Q:0.3439, distinct_name:0, dictinctin_value:-0.13038566790821624, par:370)
																		idx396(Q:0.3440, distinct_name:1, dictinctin_value:0.7685182247259327, par:382)
																			idx406(Q:0.3374, par:396)
																			idx407(Q:0.5546, par:396)
																		idx397(Q:0.3395, par:382)
																	idx383(Q:0.5070, par:370)
																idx371(Q:0.1440, par:356)
															idx357(Q:0.4144, par:342)
														idx343(Q:0.4520, par:330)
													idx331(Q:0.5325, par:318)
												idx319(Q:0.8472, par:306)
											idx307(Q:0.5981, par:292)
										idx293(Q:0.8474, par:276)
									idx277(Q:0.9121, par:260)
								idx261(Q:0.3940, par:246)
							idx247(Q:0.6656, par:41)
					idx33(Q:0.5587, distinct_name:2, dictinctin_value:1.8206658800741853, par:11)
						idx436(Q:0.5441, distinct_name:0, dictinctin_value:-0.055487221535360155, par:33)
							idx438(Q:0.5413, distinct_name:0, dictinctin_value:-0.06661868934946451, par:436)
								idx450(Q:0.5444, distinct_name:2, dictinctin_value:1.6280055741424861, par:438)
									idx458(Q:0.5358, distinct_name:2, dictinctin_value:1.4609118350831285, par:450)
										idx462(Q:0.5287, distinct_name:0, dictinctin_value:-0.06716992247771125, par:458)
											idx478(Q:0.5304, distinct_name:0, dictinctin_value:-0.06950841565798693, par:462)
												idx482(Q:0.5293, distinct_name:0, dictinctin_value:-0.07617984110574617, par:478)
													idx488(Q:0.5320, distinct_name:0, dictinctin_value:-0.09812148969449835, par:482)
														idx496(Q:0.5333, distinct_name:0, dictinctin_value:-0.10012482464779363, par:488)
															idx502(Q:0.5365, distinct_name:2, dictinctin_value:1.4064514939244364, par:496)
																idx514(Q:0.5329, distinct_name:2, dictinctin_value:1.318805451770871, par:502)
																	idx524(Q:0.5233, distinct_name:0, dictinctin_value:-0.11118736531331526, par:514)
																		idx532(Q:0.5233, distinct_name:0, dictinctin_value:-0.12850307532465371, par:524)
																			idx540(Q:0.5266, par:532)
																			idx541(Q:0.3260, par:532)
																		idx533(Q:0.5198, par:524)
																	idx525(Q:0.9326, par:514)
																idx515(Q:0.7615, par:502)
															idx503(Q:0.1239, par:496)
														idx497(Q:0.4907, par:488)
													idx489(Q:0.1612, par:482)
												idx483(Q:0.6779, par:478)
											idx479(Q:0.3023, par:462)
										idx463(Q:0.8604, par:458)
									idx459(Q:0.9430, par:450)
								idx451(Q:0.3190, par:438)
							idx439(Q:0.9613, par:436)
						idx437(Q:0.9142, par:33)
			idx9(Q:0.3465, distinct_name:1, dictinctin_value:1.4532912275447858, par:6)
				idx14(Q:0.3253, distinct_name:0, dictinctin_value:0.6708677617788001, par:9)
					idx16(Q:0.3418, distinct_name:0, dictinctin_value:0.5219929201544601, par:14)
						idx20(Q:0.3417, distinct_name:0, dictinctin_value:0.38200451643824146, par:16)
							idx26(Q:0.3490, distinct_name:0, dictinctin_value:0.29175973898130836, par:20)
								idx34(Q:0.3493, distinct_name:3, dictinctin_value:1.2405945003824483, par:26)
									idx42(Q:0.3219, distinct_name:2, dictinctin_value:1.6139678071673451, par:34)
										idx48(Q:0.3176, distinct_name:1, dictinctin_value:1.0148453699076618, par:42)
											idx58(Q:0.3045, distinct_name:2, dictinctin_value:0.8422101128546527, par:48)
												idx66(Q:0.3125, distinct_name:2, dictinctin_value:0.5718071591898053, par:58)
													idx74(Q:0.3263, distinct_name:2, dictinctin_value:0.3335199702259944, par:66)
														idx80(Q:0.3502, distinct_name:2, dictinctin_value:0.2585267021680285, par:74)
															idx86(Q:0.3578, distinct_name:2, dictinctin_value:0.13295569297273957, par:80)
																idx96(Q:0.3750, distinct_name:2, dictinctin_value:0.0933394603867821, par:86)
																	idx106(Q:0.3836, distinct_name:2, dictinctin_value:0.047951172568074005, par:96)
																		idx116(Q:0.3926, distinct_name:2, dictinctin_value:-0.0025517231675584334, par:106)
																			idx126(Q:0.3997, par:116)
																			idx127(Q:0.1399, par:116)
																		idx117(Q:0.1509, par:106)
																	idx107(Q:0.1125, par:96)
																idx97(Q:0.1318, par:86)
															idx87(Q:0.1679, par:80)
														idx81(Q:0.1571, par:74)
													idx75(Q:0.1956, par:66)
												idx67(Q:0.2602, distinct_name:0, dictinctin_value:0.284001031471605, par:58)
													idx506(Q:0.2605, distinct_name:0, dictinctin_value:0.28239410324000885, par:67)
														idx526(Q:0.2585, distinct_name:1, dictinctin_value:0.83535054985968, par:506)
															idx546(Q:0.2339, distinct_name:2, dictinctin_value:1.5992728183505887, par:526)
																idx554(Q:0.2361, distinct_name:0, dictinctin_value:0.27983576931814547, par:546)
																	idx558(Q:0.2369, distinct_name:2, dictinctin_value:1.5459775970266707, par:554)
																		idx566(Q:0.2327, distinct_name:2, dictinctin_value:1.5137425616672946, par:558)
																			idx576(Q:0.2328, par:566)
																			idx577(Q:0.2291, par:566)
																		idx567(Q:0.3494, par:558)
																	idx559(Q:0.1412, par:554)
																idx555(Q:0.1136, par:546)
															idx547(Q:0.7287, par:526)
														idx527(Q:0.5128, par:506)
													idx507(Q:0.2169, par:67)
											idx59(Q:0.4358, par:48)
										idx49(Q:0.4003, par:42)
									idx43(Q:0.5449, distinct_name:3, dictinctin_value:2.7956706813891117, par:34)
										idx490(Q:0.5341, distinct_name:0, dictinctin_value:0.28758459307995216, par:43)
											idx498(Q:0.5289, distinct_name:2, dictinctin_value:1.7926081731949, par:490)
												idx508(Q:0.5218, distinct_name:0, dictinctin_value:0.2865220549225975, par:498)
													idx516(Q:0.5213, distinct_name:0, dictinctin_value:0.2785989659591723, par:508)
														idx528(Q:0.5290, distinct_name:3, dictinctin_value:2.7261255458914433, par:516)
															idx534(Q:0.5327, distinct_name:0, dictinctin_value:0.2763906794093015, par:528)
																idx542(Q:0.5346, distinct_name:0, dictinctin_value:0.2703031142425218, par:534)
																	idx560(Q:0.5333, distinct_name:3, dictinctin_value:2.563708411050972, par:542)
																		idx568(Q:0.5291, distinct_name:2, dictinctin_value:1.5803350412841866, par:560)
																			idx578(Q:0.5178, par:568)
																			idx579(Q:0.8446, par:568)
																		idx569(Q:0.7699, par:560)
																	idx561(Q:0.6884, par:542)
																idx543(Q:0.3073, par:534)
															idx535(Q:0.3125, par:528)
														idx529(Q:0.2106, par:516)
													idx517(Q:0.5832, par:508)
												idx509(Q:0.9712, par:498)
											idx499(Q:1.1979, par:490)
										idx491(Q:1.0038, par:43)
								idx35(Q:0.3480, distinct_name:1, dictinctin_value:1.344826515865718, par:26)
									idx236(Q:0.3460, distinct_name:3, dictinctin_value:1.6897348587436034, par:35)
										idx248(Q:0.3309, distinct_name:1, dictinctin_value:1.2341402111364463, par:236)
											idx262(Q:0.3312, distinct_name:3, dictinctin_value:1.3356049450605056, par:248)
												idx278(Q:0.3228, distinct_name:2, dictinctin_value:1.6241822054726756, par:262)
													idx294(Q:0.3134, distinct_name:0, dictinctin_value:0.3731119474318981, par:278)
														idx320(Q:0.3104, distinct_name:3, dictinctin_value:1.2759579982069145, par:294)
															idx344(Q:0.3001, distinct_name:0, dictinctin_value:0.37304242798500226, par:320)
																idx358(Q:0.2999, distinct_name:0, dictinctin_value:0.3707677109507447, par:344)
																	idx372(Q:0.3026, distinct_name:0, dictinctin_value:0.3697040787425107, par:358)
																		idx384(Q:0.3042, distinct_name:2, dictinctin_value:1.3789177574365135, par:372)
																			idx398(Q:0.3024, par:384)
																			idx399(Q:0.3408, par:384)
																		idx385(Q:0.2247, par:372)
																	idx373(Q:0.1232, par:358)
																idx359(Q:0.3297, par:344)
															idx345(Q:0.6603, par:320)
														idx321(Q:0.3696, par:294)
													idx295(Q:0.5111, par:278)
												idx279(Q:0.5479, par:262)
											idx263(Q:0.3069, par:248)
										idx249(Q:0.7521, par:236)
									idx237(Q:0.4358, par:35)
							idx27(Q:0.3156, distinct_name:2, dictinctin_value:1.5527241962490086, par:20)
								idx156(Q:0.3125, distinct_name:0, dictinctin_value:0.5137061072990365, par:27)
									idx166(Q:0.3175, distinct_name:0, dictinctin_value:0.5083060291160676, par:156)
										idx174(Q:0.3183, distinct_name:1, dictinctin_value:1.235555391656205, par:166)
											idx182(Q:0.3175, distinct_name:0, dictinctin_value:0.499318407708209, par:174)
												idx190(Q:0.3228, distinct_name:3, dictinctin_value:1.6437138459193195, par:182)
													idx198(Q:0.3144, distinct_name:0, dictinctin_value:0.4978828276393789, par:190)
														idx208(Q:0.3167, distinct_name:2, dictinctin_value:1.3588453420210258, par:198)
															idx222(Q:0.3144, distinct_name:2, dictinctin_value:0.9721483625475897, par:208)
																idx238(Q:0.3164, distinct_name:0, dictinctin_value:0.4972801494332726, par:222)
																	idx250(Q:0.3143, distinct_name:2, dictinctin_value:0.944961054171824, par:238)
																		idx264(Q:0.3173, distinct_name:2, dictinctin_value:0.872803430709856, par:250)
																			idx280(Q:0.3221, par:264)
																			idx281(Q:0.2160, par:264)
																		idx265(Q:0.0703, par:250)
																	idx251(Q:0.5718, par:238)
																idx239(Q:0.2888, par:222)
															idx223(Q:0.3837, par:208)
														idx209(Q:0.1910, par:198)
													idx199(Q:0.6572, par:190)
												idx191(Q:0.2488, par:182)
											idx183(Q:0.3393, par:174)
										idx175(Q:0.3000, par:166)
									idx167(Q:0.2426, par:156)
								idx157(Q:0.4016, par:27)
						idx21(Q:0.3422, distinct_name:1, dictinctin_value:1.3201670622027022, par:16)
							idx150(Q:0.3401, distinct_name:1, dictinctin_value:1.2234607090751204, par:21)
								idx158(Q:0.3406, distinct_name:1, dictinctin_value:1.0226433736171432, par:150)
									idx168(Q:0.3352, distinct_name:0, dictinctin_value:0.6649352976939671, par:158)
										idx176(Q:0.3344, distinct_name:2, dictinctin_value:1.8028367177150562, par:168)
											idx184(Q:0.3317, distinct_name:3, dictinctin_value:1.321083281680176, par:176)
												idx210(Q:0.3115, distinct_name:1, dictinctin_value:0.7493197611500411, par:184)
													idx224(Q:0.3088, distinct_name:2, dictinctin_value:1.1954012588052898, par:210)
														idx266(Q:0.3094, distinct_name:1, dictinctin_value:0.6035401367847275, par:224)
															idx282(Q:0.3128, distinct_name:1, dictinctin_value:0.5166827335099701, par:266)
																idx296(Q:0.3186, distinct_name:0, dictinctin_value:0.663963378246939, par:282)
																	idx308(Q:0.3166, distinct_name:0, dictinctin_value:0.6638782806630827, par:296)
																		idx322(Q:0.3148, distinct_name:2, dictinctin_value:1.1091905022156634, par:308)
																			idx332(Q:0.3188, par:322)
																			idx333(Q:0.1630, par:322)
																		idx323(Q:0.7405, par:308)
																	idx309(Q:0.7765, par:296)
																idx297(Q:0.1763, par:282)
															idx283(Q:0.2490, par:266)
														idx267(Q:0.3004, par:224)
													idx225(Q:0.3347, par:210)
												idx211(Q:0.5503, par:184)
											idx185(Q:0.4116, par:176)
										idx177(Q:0.3534, par:168)
									idx169(Q:0.4922, par:158)
								idx159(Q:0.2774, par:150)
							idx151(Q:0.4317, par:21)
					idx17(Q:0.3073, distinct_name:3, dictinctin_value:0.8871619234739136, par:14)
						idx22(Q:0.2763, distinct_name:1, dictinctin_value:0.895274831679809, par:17)
							idx28(Q:0.2609, distinct_name:3, dictinctin_value:0.4147697243292515, par:22)
								idx36(Q:0.2528, distinct_name:3, dictinctin_value:-0.009439492879810042, par:28)
									idx50(Q:0.2488, distinct_name:0, dictinctin_value:2.3121117874404824, par:36)
										idx52(Q:0.2504, distinct_name:0, dictinctin_value:1.9483716250181808, par:50)
											idx60(Q:0.2535, distinct_name:3, dictinctin_value:-0.018025248765568658, par:52)
												idx68(Q:0.2610, distinct_name:2, dictinctin_value:0.8033765660185509, par:60)
													idx88(Q:0.2662, distinct_name:2, dictinctin_value:0.6003623148969123, par:68)
														idx98(Q:0.2739, distinct_name:2, dictinctin_value:0.5329635912790776, par:88)
															idx108(Q:0.2785, distinct_name:2, dictinctin_value:0.3621996786015208, par:98)
																idx118(Q:0.2932, distinct_name:3, dictinctin_value:-0.05260374571449391, par:108)
																	idx128(Q:0.2953, distinct_name:2, dictinctin_value:0.22149263805201816, par:118)
																		idx134(Q:0.3093, distinct_name:2, dictinctin_value:0.13324256965432388, par:128)
																			idx140(Q:0.3218, par:134)
																			idx141(Q:0.1363, par:134)
																		idx135(Q:0.1468, par:128)
																	idx129(Q:0.2327, par:118)
																idx119(Q:0.1422, par:108)
															idx109(Q:0.1716, par:98)
														idx99(Q:0.1654, par:88)
													idx89(Q:0.2428, distinct_name:0, dictinctin_value:1.9001636825637473, par:68)
														idx420(Q:0.2408, distinct_name:0, dictinctin_value:1.8970534364477791, par:89)
															idx428(Q:0.2410, distinct_name:0, dictinctin_value:1.7864713255325577, par:420)
																idx434(Q:0.2427, distinct_name:0, dictinctin_value:1.7345810667045185, par:428)
																	idx440(Q:0.2401, distinct_name:0, dictinctin_value:1.7300479805066988, par:434)
																		idx446(Q:0.2407, distinct_name:0, dictinctin_value:1.6826477660222412, par:440)
																			idx452(Q:0.2383, par:446)
																			idx453(Q:0.3516, par:446)
																		idx447(Q:0.1492, par:440)
																	idx441(Q:0.3355, par:434)
																idx435(Q:0.1908, par:428)
															idx429(Q:0.2144, par:420)
														idx421(Q:0.2937, par:89)
												idx69(Q:0.1938, par:60)
											idx61(Q:0.2002, par:52)
										idx53(Q:0.1887, par:50)
									idx51(Q:0.2658, distinct_name:0, dictinctin_value:2.2255864685353126, par:36)
										idx268(Q:0.2671, distinct_name:0, dictinctin_value:1.8770234609938123, par:51)
											idx284(Q:0.2672, distinct_name:1, dictinctin_value:0.8208254329434517, par:268)
												idx298(Q:0.2692, distinct_name:0, dictinctin_value:1.7199871451158526, par:284)
													idx310(Q:0.2708, distinct_name:3, dictinctin_value:0.39481973457279324, par:298)
														idx346(Q:0.2720, distinct_name:2, dictinctin_value:2.0591657816242117, par:310)
															idx360(Q:0.2636, distinct_name:2, dictinctin_value:1.6416632040499568, par:346)
																idx374(Q:0.2627, distinct_name:0, dictinctin_value:1.6846076849979201, par:360)
																	idx386(Q:0.2630, distinct_name:2, dictinctin_value:1.5364517172370076, par:374)
																		idx400(Q:0.2621, distinct_name:2, dictinctin_value:1.321416179085615, par:386)
																			idx408(Q:0.2598, par:400)
																			idx409(Q:0.3431, par:400)
																		idx401(Q:0.2993, par:386)
																	idx387(Q:0.2383, par:374)
																idx375(Q:0.3030, par:360)
															idx361(Q:0.7383, par:346)
														idx347(Q:0.2266, par:310)
													idx311(Q:0.2142, par:298)
												idx299(Q:0.2089, par:284)
											idx285(Q:0.2635, par:268)
										idx269(Q:0.2326, par:51)
								idx37(Q:0.2989, distinct_name:1, dictinctin_value:0.7946772031835798, par:28)
									idx312(Q:0.2917, distinct_name:2, dictinctin_value:1.9378572482198, par:37)
										idx324(Q:0.2836, distinct_name:0, dictinctin_value:2.1880833067537604, par:312)
											idx334(Q:0.2841, distinct_name:0, dictinctin_value:2.1673152418059, par:324)
												idx348(Q:0.2816, distinct_name:0, dictinctin_value:2.0644684179947266, par:334)
													idx362(Q:0.2803, distinct_name:2, dictinctin_value:1.6060442338491094, par:348)
														idx376(Q:0.2715, distinct_name:0, dictinctin_value:1.8821116949330967, par:362)
															idx388(Q:0.2754, distinct_name:2, dictinctin_value:1.5867185725408008, par:376)
																idx402(Q:0.2756, distinct_name:0, dictinctin_value:1.8162737627685595, par:388)
																	idx410(Q:0.2787, distinct_name:2, dictinctin_value:1.474613989336331, par:402)
																		idx414(Q:0.2741, distinct_name:2, dictinctin_value:1.322085439542282, par:410)
																			idx422(Q:0.2741, par:414)
																			idx423(Q:0.2744, par:414)
																		idx415(Q:0.7277, par:410)
																	idx411(Q:0.1206, par:402)
																idx403(Q:0.2603, par:388)
															idx389(Q:0.1585, par:376)
														idx377(Q:0.5439, par:362)
													idx363(Q:0.3514, par:348)
												idx349(Q:0.4213, par:334)
											idx335(Q:0.2633, par:324)
										idx325(Q:0.5989, par:312)
									idx313(Q:0.4699, par:37)
							idx29(Q:0.3917, distinct_name:0, dictinctin_value:2.44084525907838, par:22)
								idx336(Q:0.3932, distinct_name:0, dictinctin_value:2.3332385876998147, par:29)
									idx350(Q:0.3945, distinct_name:2, dictinctin_value:1.313989803673234, par:336)
										idx364(Q:0.3598, distinct_name:2, dictinctin_value:1.2075088067941002, par:350)
											idx378(Q:0.3570, distinct_name:0, dictinctin_value:2.3276851139515355, par:364)
												idx390(Q:0.3559, distinct_name:2, dictinctin_value:1.1566628366759308, par:378)
													idx404(Q:0.3517, distinct_name:2, dictinctin_value:1.049026714172236, par:390)
														idx412(Q:0.3483, distinct_name:2, dictinctin_value:1.0138168631315498, par:404)
															idx418(Q:0.3455, distinct_name:0, dictinctin_value:2.3136303024689413, par:412)
																idx424(Q:0.3454, distinct_name:1, dictinctin_value:1.4142431093508798, par:418)
																	idx430(Q:0.3505, distinct_name:0, dictinctin_value:2.2572655688242222, par:424)
																		idx442(Q:0.3492, distinct_name:0, dictinctin_value:2.2507333712501807, par:430)
																			idx454(Q:0.3491, par:442)
																			idx455(Q:0.3551, par:442)
																		idx443(Q:0.5398, par:430)
																	idx431(Q:0.2225, par:424)
																idx425(Q:0.3611, par:418)
															idx419(Q:0.4918, par:412)
														idx413(Q:0.5241, par:404)
													idx405(Q:0.5763, par:390)
												idx391(Q:0.5313, par:378)
											idx379(Q:0.5828, par:364)
										idx365(Q:0.6781, par:350)
									idx351(Q:0.2661, par:336)
								idx337(Q:0.2579, par:29)
						idx23(Q:0.4620, distinct_name:0, dictinctin_value:2.1444723574903684, par:17)
							idx160(Q:0.4625, distinct_name:0, dictinctin_value:2.133798778100152, par:23)
								idx170(Q:0.4629, distinct_name:2, dictinctin_value:1.564504591409782, par:160)
									idx178(Q:0.4392, distinct_name:2, dictinctin_value:1.4113473869711974, par:170)
										idx186(Q:0.4337, distinct_name:0, dictinctin_value:2.1063540893171067, par:178)
											idx192(Q:0.4345, distinct_name:2, dictinctin_value:1.2195161175228741, par:186)
												idx200(Q:0.4289, distinct_name:0, dictinctin_value:1.9676721667093595, par:192)
													idx212(Q:0.4282, distinct_name:0, dictinctin_value:1.8926417272552991, par:200)
														idx226(Q:0.4274, distinct_name:0, dictinctin_value:1.7713311316515392, par:212)
															idx252(Q:0.4321, distinct_name:1, dictinctin_value:1.3213229930390704, par:226)
																idx270(Q:0.4269, distinct_name:0, dictinctin_value:1.7442155745503336, par:252)
																	idx300(Q:0.4249, distinct_name:0, dictinctin_value:1.3536781616204123, par:270)
																		idx392(Q:0.4268, distinct_name:0, dictinctin_value:1.2274516322533688, par:300)
																			idx416(Q:0.4295, par:392)
																			idx417(Q:0.4066, par:392)
																		idx393(Q:0.4162, par:300)
																	idx301(Q:0.6548, par:270)
																idx271(Q:0.6092, par:252)
															idx253(Q:0.3010, par:226)
														idx227(Q:0.4615, par:212)
													idx213(Q:0.4505, par:200)
												idx201(Q:0.5601, par:192)
											idx193(Q:0.3158, par:186)
										idx187(Q:0.6318, par:178)
									idx179(Q:0.8434, par:170)
								idx171(Q:0.3511, par:160)
							idx161(Q:0.4481, par:23)
				idx15(Q:0.6151, distinct_name:2, dictinctin_value:1.9938158806166744, par:9)
					idx194(Q:0.6028, distinct_name:3, dictinctin_value:2.0149638943737203, par:15)
						idx202(Q:0.5910, distinct_name:3, dictinctin_value:1.626087400144554, par:194)
							idx214(Q:0.5869, distinct_name:1, dictinctin_value:2.6727016574162166, par:202)
								idx228(Q:0.5731, distinct_name:2, dictinctin_value:1.776904010924299, par:214)
									idx240(Q:0.5681, distinct_name:2, dictinctin_value:1.4203463682180766, par:228)
										idx254(Q:0.5552, distinct_name:0, dictinctin_value:2.115573493736756, par:240)
											idx272(Q:0.5561, distinct_name:2, dictinctin_value:1.306259966260203, par:254)
												idx286(Q:0.5416, distinct_name:2, dictinctin_value:1.2529155214914378, par:272)
													idx302(Q:0.5370, distinct_name:2, dictinctin_value:0.808199081795812, par:286)
														idx314(Q:0.5123, distinct_name:2, dictinctin_value:0.7214446989843575, par:302)
															idx326(Q:0.5046, distinct_name:2, dictinctin_value:0.7041168221107604, par:314)
																idx338(Q:0.5036, distinct_name:0, dictinctin_value:2.1110030599556926, par:326)
																	idx352(Q:0.5044, distinct_name:0, dictinctin_value:2.0312710900603177, par:338)
																		idx366(Q:0.5016, distinct_name:2, dictinctin_value:0.6878681581259294, par:352)
																			idx394(Q:0.4993, par:366)
																			idx395(Q:0.7374, par:366)
																		idx367(Q:0.7833, par:352)
																	idx353(Q:0.3397, par:338)
																idx339(Q:0.6013, par:326)
															idx327(Q:0.6883, par:314)
														idx315(Q:0.8479, par:302)
													idx303(Q:0.8049, par:286)
												idx287(Q:0.8402, par:272)
											idx273(Q:0.5122, par:254)
										idx255(Q:0.8008, par:240)
									idx241(Q:0.9026, par:228)
								idx229(Q:0.8349, par:214)
							idx215(Q:0.7225, par:202)
						idx203(Q:0.9193, par:194)
					idx195(Q:0.9885, par:15)
		idx7(Q:0.3927, par:4)
	idx5(Q:0.2874, par:1)

