WARNING:tensorflow:From /Users/keithwu/opt/anaconda3/envs/auction-gym/lib/python3.10/site-packages/tensorflow/python/compat/v2_compat.py:107: disable_resource_variables (from tensorflow.python.ops.variable_scope) is deprecated and will be removed in a future version.
Instructions for updating:
non-resource variables are not supported in the long term
<_io.TextIOWrapper name='<stderr>' mode='w' encoding='utf-8'> reading from ../UTree_model_numpy/DM/model_boost_linear_qsplit_noabs_save/, starting at 68
<_io.TextIOWrapper name='<stderr>' mode='w' encoding='utf-8'> =============== update starts ===============
(average_diff:0.0013934815333219491, max_diff:0.0032442668315494916, training_epochs:50, lr:0.05)
<_io.TextIOWrapper name='<stderr>' mode='w' encoding='utf-8'> node index is 111
train linear regression time:  0.05047124996781349
(average_diff:0.0019305881467850394, max_diff:0.005367551939945536, training_epochs:50, lr:0.05)
<_io.TextIOWrapper name='<stderr>' mode='w' encoding='utf-8'> node index is 101
train linear regression time:  0.05149924987927079
(average_diff:0.010089121280686226, max_diff:0.03647171955541123, training_epochs:50, lr:0.05)
<_io.TextIOWrapper name='<stderr>' mode='w' encoding='utf-8'> node index is 91
train linear regression time:  0.05162212485447526
(average_diff:0.014608260309199695, max_diff:0.16327192617666034, training_epochs:50, lr:0.05)
<_io.TextIOWrapper name='<stderr>' mode='w' encoding='utf-8'> node index is 83
train linear regression time:  0.05060220928862691
(average_diff:0.016129242853141088, max_diff:0.15746658907317673, training_epochs:50, lr:0.05)
<_io.TextIOWrapper name='<stderr>' mode='w' encoding='utf-8'> node index is 77
train linear regression time:  0.05161720886826515
(average_diff:0.04749351141227096, max_diff:0.25806771361173425, training_epochs:50, lr:0.05)
<_io.TextIOWrapper name='<stderr>' mode='w' encoding='utf-8'> node index is 71
train linear regression time:  0.05075516691431403
(average_diff:0.05002589729113097, max_diff:0.19484320641000064, training_epochs:50, lr:0.05)
<_io.TextIOWrapper name='<stderr>' mode='w' encoding='utf-8'> node index is 63
train linear regression time:  0.052264958154410124
(average_diff:0.011784114440865343, max_diff:0.01674954639819129, training_epochs:50, lr:0.05)
<_io.TextIOWrapper name='<stderr>' mode='w' encoding='utf-8'> node index is 501
train linear regression time:  0.051618208177387714
(average_diff:1.6653345369377348e-16, max_diff:1.6653345369377348e-16, training_epochs:50, lr:0.05)
<_io.TextIOWrapper name='<stderr>' mode='w' encoding='utf-8'> node index is 493
train linear regression time:  0.05107491696253419
(average_diff:0.0020998859944509965, max_diff:0.0023335224957200668, training_epochs:50, lr:0.05)
<_io.TextIOWrapper name='<stderr>' mode='w' encoding='utf-8'> node index is 485
train linear regression time:  0.05232683289796114
(average_diff:0.026010252923936536, max_diff:0.04079644904953722, training_epochs:50, lr:0.05)
<_io.TextIOWrapper name='<stderr>' mode='w' encoding='utf-8'> node index is 481
train linear regression time:  0.05213774973526597
(average_diff:2.7755575615628914e-17, max_diff:2.7755575615628914e-17, training_epochs:50, lr:0.05)
<_io.TextIOWrapper name='<stderr>' mode='w' encoding='utf-8'> node index is 475
train linear regression time:  0.05177016602829099
(average_diff:0.026971703385335645, max_diff:0.05846308459351415, training_epochs:50, lr:0.05)
<_io.TextIOWrapper name='<stderr>' mode='w' encoding='utf-8'> node index is 469
train linear regression time:  0.05060399975627661
(average_diff:0.0008413094308647728, max_diff:0.001257027940846367, training_epochs:50, lr:0.05)
<_io.TextIOWrapper name='<stderr>' mode='w' encoding='utf-8'> node index is 465
train linear regression time:  0.05138249974697828
(average_diff:0.07403940525234574, max_diff:0.29659221324739293, training_epochs:50, lr:0.05)
<_io.TextIOWrapper name='<stderr>' mode='w' encoding='utf-8'> node index is 520
train linear regression time:  0.050345541909337044
<_io.TextIOWrapper name='<stderr>' mode='w' encoding='utf-8'> variance test passed, diff=0.021567977514866103, d = 0, back=0
<_io.TextIOWrapper name='<stderr>' mode='w' encoding='utf-8'> variance test passed, diff=0.028587501608834547, d = 1, back=0
<_io.TextIOWrapper name='<stderr>' mode='w' encoding='utf-8'> Will be split, p=0.028587501608834547, d=1, back=0
(average_diff:0.07286609552073924, max_diff:0.29849402010570647, training_epochs:50, lr:0.05)
<_io.TextIOWrapper name='<stderr>' mode='w' encoding='utf-8'> node index is 530
train linear regression time:  0.052343625109642744
(average_diff:0.007447032543938581, max_diff:0.010474634585295073, training_epochs:50, lr:0.05)
<_io.TextIOWrapper name='<stderr>' mode='w' encoding='utf-8'> node index is 531
train linear regression time:  0.05155920796096325
(average_diff:0.025821299866406744, max_diff:0.03459998519854135, training_epochs:50, lr:0.05)
<_io.TextIOWrapper name='<stderr>' mode='w' encoding='utf-8'> node index is 521
train linear regression time:  0.05172045901417732
(average_diff:2.3592239273284576e-16, max_diff:2.3592239273284576e-16, training_epochs:50, lr:0.05)
<_io.TextIOWrapper name='<stderr>' mode='w' encoding='utf-8'> node index is 511
train linear regression time:  0.05182879185304046
(average_diff:6.7014692376465845e-06, max_diff:6.7294836657016965e-06, training_epochs:50, lr:0.05)
<_io.TextIOWrapper name='<stderr>' mode='w' encoding='utf-8'> node index is 473
train linear regression time:  0.051831833086907864
(average_diff:1.834024777186416e-08, max_diff:2.225449201309626e-08, training_epochs:50, lr:0.05)
<_io.TextIOWrapper name='<stderr>' mode='w' encoding='utf-8'> node index is 471
train linear regression time:  0.05122225033119321
(average_diff:0.0027616203668763134, max_diff:0.00281918532929884, training_epochs:50, lr:0.05)
<_io.TextIOWrapper name='<stderr>' mode='w' encoding='utf-8'> node index is 467
train linear regression time:  0.05179983377456665
(average_diff:0.01548721201949294, max_diff:0.023704143363911745, training_epochs:50, lr:0.05)
<_io.TextIOWrapper name='<stderr>' mode='w' encoding='utf-8'> node index is 461
train linear regression time:  0.05156699987128377
(average_diff:0.011527547013784764, max_diff:0.022757010273346534, training_epochs:50, lr:0.05)
<_io.TextIOWrapper name='<stderr>' mode='w' encoding='utf-8'> node index is 457
train linear regression time:  0.05155012523755431
(average_diff:0.0, max_diff:0.0, training_epochs:50, lr:0.05)
<_io.TextIOWrapper name='<stderr>' mode='w' encoding='utf-8'> node index is 449
train linear regression time:  0.05200620787218213
(average_diff:2.5176667486914717e-09, max_diff:3.0301105097274572e-09, training_epochs:50, lr:0.05)
<_io.TextIOWrapper name='<stderr>' mode='w' encoding='utf-8'> node index is 445
train linear regression time:  0.05062108300626278
(average_diff:6.773698268958128e-11, max_diff:6.941378027924827e-11, training_epochs:50, lr:0.05)
<_io.TextIOWrapper name='<stderr>' mode='w' encoding='utf-8'> node index is 433
train linear regression time:  0.05111120827496052
(average_diff:0.030534841615761494, max_diff:0.04397843097854959, training_epochs:50, lr:0.05)
<_io.TextIOWrapper name='<stderr>' mode='w' encoding='utf-8'> node index is 427
train linear regression time:  0.051358249969780445
(average_diff:0.0973500460226873, max_diff:0.3162336346303975, training_epochs:50, lr:0.05)
<_io.TextIOWrapper name='<stderr>' mode='w' encoding='utf-8'> node index is 31
train linear regression time:  0.05018449993804097
(average_diff:8.884255142671549e-08, max_diff:9.173242565552187e-08, training_epochs:50, lr:0.05)
<_io.TextIOWrapper name='<stderr>' mode='w' encoding='utf-8'> node index is 369
train linear regression time:  0.05333041679114103
(average_diff:0.013282419263462825, max_diff:0.024039707651146713, training_epochs:50, lr:0.05)
<_io.TextIOWrapper name='<stderr>' mode='w' encoding='utf-8'> node index is 355
train linear regression time:  0.049469499848783016
(average_diff:0.0005469132626146345, max_diff:0.0007810473541422502, training_epochs:50, lr:0.05)
<_io.TextIOWrapper name='<stderr>' mode='w' encoding='utf-8'> node index is 341
train linear regression time:  0.05413766670972109
(average_diff:0.020107460485711905, max_diff:0.03993220024707056, training_epochs:50, lr:0.05)
<_io.TextIOWrapper name='<stderr>' mode='w' encoding='utf-8'> node index is 329
train linear regression time:  0.0523524172604084
(average_diff:0.007393548203093087, max_diff:0.012742401061922481, training_epochs:50, lr:0.05)
<_io.TextIOWrapper name='<stderr>' mode='w' encoding='utf-8'> node index is 317
train linear regression time:  0.05292187491431832
(average_diff:0.06437874645974051, max_diff:0.22301490243363617, training_epochs:50, lr:0.05)
<_io.TextIOWrapper name='<stderr>' mode='w' encoding='utf-8'> node index is 305
train linear regression time:  0.05176000017672777
(average_diff:4.897761799935868e-05, max_diff:5.0561551118724624e-05, training_epochs:50, lr:0.05)
<_io.TextIOWrapper name='<stderr>' mode='w' encoding='utf-8'> node index is 289
train linear regression time:  0.052094082813709974
(average_diff:0.005141898504690512, max_diff:0.009104513750293308, training_epochs:50, lr:0.05)
<_io.TextIOWrapper name='<stderr>' mode='w' encoding='utf-8'> node index is 257
train linear regression time:  0.05233362503349781
(average_diff:0.06741577739168933, max_diff:0.1397888598500106, training_epochs:50, lr:0.05)
<_io.TextIOWrapper name='<stderr>' mode='w' encoding='utf-8'> node index is 243
train linear regression time:  0.05157066602259874
(average_diff:0.055669303164317924, max_diff:0.08479163242374396, training_epochs:50, lr:0.05)
<_io.TextIOWrapper name='<stderr>' mode='w' encoding='utf-8'> node index is 231
train linear regression time:  0.05092108342796564
(average_diff:0.07889950776406156, max_diff:0.14799824012463414, training_epochs:50, lr:0.05)
<_io.TextIOWrapper name='<stderr>' mode='w' encoding='utf-8'> node index is 217
train linear regression time:  0.05156158283352852
(average_diff:0.009995202400779122, max_diff:0.018073971351266538, training_epochs:50, lr:0.05)
<_io.TextIOWrapper name='<stderr>' mode='w' encoding='utf-8'> node index is 275
train linear regression time:  0.05144474981352687
(average_diff:0.014017196763487583, max_diff:0.025317874779877014, training_epochs:50, lr:0.05)
<_io.TextIOWrapper name='<stderr>' mode='w' encoding='utf-8'> node index is 259
train linear regression time:  0.05133725004270673
(average_diff:0.016313292962481872, max_diff:0.04096976000059227, training_epochs:50, lr:0.05)
<_io.TextIOWrapper name='<stderr>' mode='w' encoding='utf-8'> node index is 245
train linear regression time:  0.05161608336493373
(average_diff:0.0214404455545675, max_diff:0.05362688012551753, training_epochs:50, lr:0.05)
<_io.TextIOWrapper name='<stderr>' mode='w' encoding='utf-8'> node index is 233
train linear regression time:  0.05144958384335041
(average_diff:7.190859019345908e-12, max_diff:8.020251129892131e-12, training_epochs:50, lr:0.05)
<_io.TextIOWrapper name='<stderr>' mode='w' encoding='utf-8'> node index is 219
train linear regression time:  0.050953458063304424
(average_diff:0.012899259306407356, max_diff:0.02300367141775783, training_epochs:50, lr:0.05)
<_io.TextIOWrapper name='<stderr>' mode='w' encoding='utf-8'> node index is 205
train linear regression time:  0.05292083276435733
(average_diff:0.003726820889171034, max_diff:0.008970481097560823, training_epochs:50, lr:0.05)
<_io.TextIOWrapper name='<stderr>' mode='w' encoding='utf-8'> node index is 197
train linear regression time:  0.051097874995321035
(average_diff:0.031001554744306728, max_diff:0.0651440520347929, training_epochs:50, lr:0.05)
<_io.TextIOWrapper name='<stderr>' mode='w' encoding='utf-8'> node index is 189
train linear regression time:  0.052468125242739916
(average_diff:0.019284420849468426, max_diff:0.061968213380495185, training_epochs:50, lr:0.05)
<_io.TextIOWrapper name='<stderr>' mode='w' encoding='utf-8'> node index is 181
train linear regression time:  0.052076749969273806
(average_diff:0.026364481426782004, max_diff:0.074527914188113, training_epochs:50, lr:0.05)
<_io.TextIOWrapper name='<stderr>' mode='w' encoding='utf-8'> node index is 173
train linear regression time:  0.05168095789849758
(average_diff:0.020482194982794324, max_diff:0.048502172218594986, training_epochs:50, lr:0.05)
<_io.TextIOWrapper name='<stderr>' mode='w' encoding='utf-8'> node index is 163
train linear regression time:  0.05162591580301523
(average_diff:0.0, max_diff:0.0, training_epochs:50, lr:0.05)
<_io.TextIOWrapper name='<stderr>' mode='w' encoding='utf-8'> node index is 153
train linear regression time:  0.0516158752143383
(average_diff:0.018915523401752815, max_diff:0.03530823289662299, training_epochs:50, lr:0.05)
<_io.TextIOWrapper name='<stderr>' mode='w' encoding='utf-8'> node index is 221
train linear regression time:  0.05145433312281966
(average_diff:0.10634924704481688, max_diff:0.2944611289395136, training_epochs:50, lr:0.05)
<_io.TextIOWrapper name='<stderr>' mode='w' encoding='utf-8'> node index is 207
train linear regression time:  0.05290141701698303
(average_diff:0.1646138713387983, max_diff:0.6488822786961697, training_epochs:50, lr:0.05)
<_io.TextIOWrapper name='<stderr>' mode='w' encoding='utf-8'> node index is 165
train linear regression time:  0.052318541798740625
(average_diff:0.08900312861049271, max_diff:0.2696194944617837, training_epochs:50, lr:0.05)
<_io.TextIOWrapper name='<stderr>' mode='w' encoding='utf-8'> node index is 155
train linear regression time:  0.051899167243391275
(average_diff:0.16488519537089255, max_diff:0.3014173295860705, training_epochs:50, lr:0.05)
<_io.TextIOWrapper name='<stderr>' mode='w' encoding='utf-8'> node index is 149
train linear regression time:  0.05279562482610345
(average_diff:0.045802315443079354, max_diff:0.14709536774676898, training_epochs:50, lr:0.05)
<_io.TextIOWrapper name='<stderr>' mode='w' encoding='utf-8'> node index is 147
train linear regression time:  0.05182629078626633
(average_diff:0.05152620484480318, max_diff:0.15657613086087274, training_epochs:50, lr:0.05)
<_io.TextIOWrapper name='<stderr>' mode='w' encoding='utf-8'> node index is 143
train linear regression time:  0.051542334258556366
(average_diff:0.040924668466015855, max_diff:0.08753377436787091, training_epochs:50, lr:0.05)
<_io.TextIOWrapper name='<stderr>' mode='w' encoding='utf-8'> node index is 137
train linear regression time:  0.05151308327913284
(average_diff:0.04609492962722701, max_diff:0.1359150584199449, training_epochs:50, lr:0.05)
<_io.TextIOWrapper name='<stderr>' mode='w' encoding='utf-8'> node index is 131
train linear regression time:  0.051570582669228315
(average_diff:0.0324233481530349, max_diff:0.06887263261410292, training_epochs:50, lr:0.05)
<_io.TextIOWrapper name='<stderr>' mode='w' encoding='utf-8'> node index is 123
train linear regression time:  0.051115000154823065
(average_diff:0.0338831567290972, max_diff:0.09527061368326384, training_epochs:50, lr:0.05)
<_io.TextIOWrapper name='<stderr>' mode='w' encoding='utf-8'> node index is 113
train linear regression time:  0.05398920830339193
(average_diff:0.0918452068788053, max_diff:0.3383419444619258, training_epochs:50, lr:0.05)
<_io.TextIOWrapper name='<stderr>' mode='w' encoding='utf-8'> node index is 103
train linear regression time:  0.05183558398857713
(average_diff:0.04975155540575641, max_diff:0.16130771927988763, training_epochs:50, lr:0.05)
<_io.TextIOWrapper name='<stderr>' mode='w' encoding='utf-8'> node index is 93
train linear regression time:  0.05241483310237527
(average_diff:0.023822650113579074, max_diff:0.07407945573097965, training_epochs:50, lr:0.05)
<_io.TextIOWrapper name='<stderr>' mode='w' encoding='utf-8'> node index is 139
train linear regression time:  0.051148708909749985
(average_diff:0.05928611455504029, max_diff:0.1769502414633664, training_epochs:50, lr:0.05)
<_io.TextIOWrapper name='<stderr>' mode='w' encoding='utf-8'> node index is 133
train linear regression time:  0.052112957928329706
(average_diff:0.028109278567798653, max_diff:0.06685480985429322, training_epochs:50, lr:0.05)
<_io.TextIOWrapper name='<stderr>' mode='w' encoding='utf-8'> node index is 125
train linear regression time:  0.05161933274939656
(average_diff:0.07177436347227098, max_diff:0.24764000838632322, training_epochs:50, lr:0.05)
<_io.TextIOWrapper name='<stderr>' mode='w' encoding='utf-8'> node index is 115
train linear regression time:  0.050979374907910824
(average_diff:0.08007596125179955, max_diff:0.29582562950176905, training_epochs:50, lr:0.05)
<_io.TextIOWrapper name='<stderr>' mode='w' encoding='utf-8'> node index istraintrain linear regression time:  0.05144770909100771
(average_diff:0.05851313610211842, max_diff:0.2249708965154188, training_epochs:50, lr:0.05)
<_io.TextIOWrapper name='<stderr>' mode='w' encoding='utf-8'> node index is 95
train linear regression time:  0.05163424974307418
(average_diff:0.07699097692386629, max_diff:0.19348839704329657, training_epochs:50, lr:0.05)
<_io.TextIOWrapper name='<stderr>' mode='w' encoding='utf-8'> node index is 85
train linear regression time:  0.05235983291640878
(average_diff:0.06976946193692678, max_diff:0.2384388597286881, training_epochs:50, lr:0.05)
<_io.TextIOWrapper name='<stderr>' mode='w' encoding='utf-8'> node index is 79
train linear regression time:  0.052552999928593636
(average_diff:0.11236747849896177, max_diff:0.43396416053386455, training_epochs:50, lr:0.05)
<_io.TextIOWrapper name='<stderr>' mode='w' encoding='utf-8'> node index is 73
train linear regression time:  0.05254045780748129
(average_diff:0.08348422121002388, max_diff:0.36753154596918103, training_epochs:50, lr:0.05)
<_io.TextIOWrapper name='<stderr>' mode='w' encoding='utf-8'> node index is 65
train linear regression time:  0.05176729103550315
(average_diff:0.08200817529586661, max_diff:0.45108390886572897, training_epochs:50, lr:0.05)
<_io.TextIOWrapper name='<stderr>' mode='w' encoding='utf-8'> node index is 522
train linear regression time:  0.05661012511700392
(average_diff:0.000462418856138902, max_diff:0.0004993661600808386, training_epochs:50, lr:0.05)
<_io.TextIOWrapper name='<stderr>' mode='w' encoding='utf-8'> node index is 523
train linear regression time:  0.051690708845853806
(average_diff:1.942890293094024e-16, max_diff:1.942890293094024e-16, training_epochs:50, lr:0.05)
<_io.TextIOWrapper name='<stderr>' mode='w' encoding='utf-8'> node index is 513
train linear regression time:  0.0543934591114521
(average_diff:0.0, max_diff:0.0, training_epochs:50, lr:0.05)
<_io.TextIOWrapper name='<stderr>' mode='w' encoding='utf-8'> node index is 505
train linear regression time:  0.051546541042625904
(average_diff:0.018981620931016796, max_diff:0.027928346817845617, training_epochs:50, lr:0.05)
<_io.TextIOWrapper name='<stderr>' mode='w' encoding='utf-8'> node index is 495
train linear regression time:  0.05460549984127283
(average_diff:0.003503776045397288, max_diff:0.004687414495957318, training_epochs:50, lr:0.05)
<_io.TextIOWrapper name='<stderr>' mode='w' encoding='utf-8'> node index is 487
train linear regression time:  0.05280045885592699
(average_diff:0.08720067012174855, max_diff:0.5835065045987029, training_epochs:50, lr:0.05)
<_io.TextIOWrapper name='<stderr>' mode='w' encoding='utf-8'> node index is 47
train linear regression time:  0.05195408407598734
(average_diff:0.006705408100291803, max_diff:0.0107493418866932, training_epochs:50, lr:0.05)
<_io.TextIOWrapper name='<stderr>' mode='w' encoding='utf-8'> node index is 397
train linear regression time:  0.051460832823067904
(average_diff:0.0821745846737684, max_diff:0.13135863321630603, training_epochs:50, lr:0.05)
<_io.TextIOWrapper name='<stderr>' mode='w' encoding='utf-8'> node index is 383
train linear regression time:  0.051865624729543924
(average_diff:1.1102230246251565e-16, max_diff:1.1102230246251565e-16, training_epochs:50, lr:0.05)
<_io.TextIOWrapper name='<stderr>' mode='w' encoding='utf-8'> node index is 371
train linear regression time:  0.05377254216000438
(average_diff:0.19052295799796487, max_diff:0.4855140857865823, training_epochs:50, lr:0.05)
<_io.TextIOWrapper name='<stderr>' mode='w' encoding='utf-8'> node index is 357
train linear regression time:  0.053152207750827074
(average_diff:0.10968029595210714, max_diff:0.23814473980661266, training_epochs:50, lr:0.05)
<_io.TextIOWrapper name='<stderr>' mode='w' encoding='utf-8'> node index is 343
train linear regression time:  0.05150645785033703
(average_diff:0.04486722087400926, max_diff:0.08001860126206939, training_epochs:50, lr:0.05)
<_io.TextIOWrapper name='<stderr>' mode='w' encoding='utf-8'> node index is 331
train linear regression time:  0.05116820801049471
(average_diff:0.013141500389156818, max_diff:0.025327793981543945, training_epochs:50, lr:0.05)
<_io.TextIOWrapper name='<stderr>' mode='w' encoding='utf-8'> node index is 319
train linear regression time:  0.05132483271881938
(average_diff:0.16452914046597136, max_diff:0.46615568033539967, training_epochs:50, lr:0.05)
<_io.TextIOWrapper name='<stderr>' mode='w' encoding='utf-8'> node index is 307
train linear regression time:  0.052056499756872654
(average_diff:1.3380410668339948e-09, max_diff:1.3691882072563999e-09, training_epochs:50, lr:0.05)
<_io.TextIOWrapper name='<stderr>' mode='w' encoding='utf-8'> node index is 293
train linear regression time:  0.05058075021952391
(average_diff:0.030357095392137778, max_diff:0.05947335625488637, training_epochs:50, lr:0.05)
<_io.TextIOWrapper name='<stderr>' mode='w' encoding='utf-8'> node index is 277
train linear regression time:  0.05161312501877546
(average_diff:0.03101976193038925, max_diff:0.047500846857788215, training_epochs:50, lr:0.05)
<_io.TextIOWrapper name='<stderr>' mode='w' encoding='utf-8'> node index is 261
train linear regression time:  0.05141829187050462
(average_diff:0.00010538054997560886, max_diff:0.00020009581741475824, training_epochs:50, lr:0.05)
<_io.TextIOWrapper name='<stderr>' mode='w' encoding='utf-8'> node index is 247
train linear regression time:  0.05053387489169836
(average_diff:0.1719184921679422, max_diff:0.6801377232680734, training_epochs:50, lr:0.05)
<_io.TextIOWrapper name='<stderr>' mode='w' encoding='utf-8'> node index is 524
train linear regression time:  0.05266999965533614
<_io.TextIOWrapper name='<stderr>' mode='w' encoding='utf-8'> variance test passed, diff=0.06124704723671955, d = 0, back=0
<_io.TextIOWrapper name='<stderr>' mode='w' encoding='utf-8'> Will be split, p=0.06124704723671955, d=0, back=0
(average_diff:0.17345762593853079, max_diff:0.6644205850790456, training_epochs:50, lr:0.05)
<_io.TextIOWrapper name='<stderr>' mode='w' encoding='utf-8'> node index is 532
train linear regression time:  0.05270295822992921
(average_diff:1.7831003340518237e-10, max_diff:1.7831003340518237e-10, training_epochs:50, lr:0.05)
<_io.TextIOWrapper name='<stderr>' mode='w' encoding='utf-8'> node index is 533
train linear regression time:  0.05070025008171797
(average_diff:0.0001034005753623446, max_diff:0.00010931068007724587, training_epochs:50, lr:0.05)
<_io.TextIOWrapper name='<stderr>' mode='w' encoding='utf-8'> node index is 525
train linear regression time:  0.05371879180893302
(average_diff:0.015815770413248553, max_diff:0.01728643617427439, training_epochs:50, lr:0.05)
<_io.TextIOWrapper name='<stderr>' mode='w' encoding='utf-8'> node index is 515
train linear regression time:  0.05125462496653199
(average_diff:6.938893903907228e-17, max_diff:6.938893903907228e-17, training_epochs:50, lr:0.05)
<_io.TextIOWrapper name='<stderr>' mode='w' encoding='utf-8'> node index is 503
train linear regression time:  0.05134495906531811
(average_diff:0.032794558029987875, max_diff:0.050938135511942484, training_epochs:50, lr:0.05)
<_io.TextIOWrapper name='<stderr>' mode='w' encoding='utf-8'> node index is 497
train linear regression time:  0.050289041828364134
(average_diff:2.7755575615628914e-17, max_diff:2.7755575615628914e-17, training_epochs:50, lr:0.05)
<_io.TextIOWrapper name='<stderr>' mode='w' encoding='utf-8'> node index is 489
train linear regression time:  0.053577416110783815
(average_diff:0.0, max_diff:0.0, training_epochs:50, lr:0.05)
<_io.TextIOWrapper name='<stderr>' mode='w' encoding='utf-8'> node index is 483
train linear regression time:  0.05152720818296075
(average_diff:0.0, max_diff:0.0, training_epochs:50, lr:0.05)
<_io.TextIOWrapper name='<stderr>' mode='w' encoding='utf-8'> node index is 479
train linear regression time:  0.05224312515929341
(average_diff:0.00692929873710076, max_diff:0.010964291863874598, training_epochs:50, lr:0.05)
<_io.TextIOWrapper name='<stderr>' mode='w' encoding='utf-8'> node index is 463
train linear regression time:  0.051809166092(averag(average_diff:0.0031407399314796747, max_diff:0.004798058513403425, training_epochs:50, lr:0.05)
<_io.TextIOWrapper name='<stderr>' mode='w' encoding='utf-8'> node index is 459
train linear regression time:  0.05076879169791937
(average_diff:0.0032048580638512902, max_diff:0.0035375224794371163, training_epochs:50, lr:0.05)
<_io.TextIOWrapper name='<stderr>' mode='w' encoding='utf-8'> node index is 451
train linear regression time:  0.05146483285352588
(average_diff:0.0, max_diff:0.0, training_epochs:50, lr:0.05)
<_io.TextIOWrapper name='<stderr>' mode='w' encoding='utf-8'> node index is 439
train linear regression time:  0.051659541204571724
(average_diff:0.008932556384641521, max_diff:0.018417341203705972, training_epochs:50, lr:0.05)
<_io.TextIOWrapper name='<stderr>' mode='w' encoding='utf-8'> node index is 437
train linear regression time:  0.0508627500385046
(average_diff:0.02870354251395157, max_diff:0.05438430761948984, training_epochs:50, lr:0.05)
<_io.TextIOWrapper name='<stderr>' mode='w' encoding='utf-8'> node index is 117
train linear regression time:  0.05018950020894408
(average_diff:0.022295320557430245, max_diff:0.06301272548295696, training_epochs:50, lr:0.05)
<_io.TextIOWrapper name='<stderr>' mode='w' encoding='utf-8'> node index is 107
train linear regression time:  0.05376362521201372
(average_diff:0.03952343416781492, max_diff:0.12675504744067811, training_epochs:50, lr:0.05)
<_io.TextIOWrapper name='<stderr>' mode='w' encoding='utf-8'> node index is 97
train linear regression time:  0.0515771247446537
(average_diff:0.06229606302064921, max_diff:0.16117208390181725, training_epochs:50, lr:0.05)
<_io.TextIOWrapper name='<stderr>' mode='w' encoding='utf-8'> node index is 87
train linear regression time:  0.051337750162929296
(average_diff:0.06505419626323998, max_diff:0.3069233500061629, training_epochs:50, lr:0.05)
<_io.TextIOWrapper name='<stderr>' mode='w' encoding='utf-8'> node index is 81
train linear regression time:  0.051587249618023634
(average_diff:0.07590226063314877, max_diff:0.26520698346744076, training_epochs:50, lr:0.05)
<_io.TextIOWrapper name='<stderr>' mode='w' encoding='utf-8'> node index is 75
train linear regression time:  0.051498832646757364
(average_diff:0.09414836220759183, max_diff:0.3190243314211021, training_epochs:50, lr:0.05)
<_io.TextIOWrapper name='<stderr>' mode='w' encoding='utf-8'> node index is 526
train linear regression time:  0.05294837476685643
(average_diff:1.3124945574816138e-11, max_diff:1.3124945574816138e-11, training_epochs:50, lr:0.05)
<_io.TextIOWrapper name='<stderr>' mode='w' encoding='utf-8'> node index is 527
train linear regression time:  0.05127679230645299
(average_diff:5.551115123125783e-17, max_diff:5.551115123125783e-17, training_epochs:50, lr:0.05)
<_io.TextIOWrapper name='<stderr>' mode='w' encoding='utf-8'> node index is 507
train linear regression time:  0.05151025019586086
(average_diff:0.1700594874765761, max_diff:0.5666900043349117, training_epochs:50, lr:0.05)
<_io.TextIOWrapper name='<stderr>' mode='w' encoding='utf-8'> node index is 59
train linear regression time:  0.05147308297455311
(average_diff:0.10090819914436992, max_diff:0.31805186758350074, training_epochs:50, lr:0.05)
<_io.TextIOWrapper name='<stderr>' mode='w' encoding='utf-8'> node index is 49
train linear regression time:  0.05064512509852648
(average_diff:0.16805638344647464, max_diff:0.621646630335372, training_epochs:50, lr:0.05)
<_io.TextIOWrapper name='<stderr>' mode='w' encoding='utf-8'> node index is 528
train linear regression time:  0.05158137483522296
<_io.TextIOWrapper name='<stderr>' mode='w' encoding='utf-8'> variance test passed, diff=0.024059933462884348, d = 0, back=0
<_io.TextIOWrapper name='<stderr>' mode='w' encoding='utf-8'> variance test passed, diff=0.040546803256383955, d = 2, back=0
<_io.TextIOWrapper name='<stderr>' mode='w' encoding='utf-8'> variance test passed, diff=0.04370667265403698, d = 3, back=0
<_io.TextIOWrapper name='<stderr>' mode='w' encoding='utf-8'> Will be split, p=0.04370667265403698, d=3, back=0
(average_diff:0.16343897114382494, max_diff:0.6167216453555919, training_epochs:50, lr:0.05)
<_io.TextIOWrapper name='<stderr>' mode='w' encoding='utf-8'> node index is 534
train linear regression time:  0.053156417328864336
(average_diff:0.08780298003001555, max_diff:0.08794743918039538, training_epochs:50, lr:0.05)
<_io.TextIOWrapper name='<stderr>' mode='w' encoding='utf-8'> node index is 535
train linear regression time:  0.05089975008741021
(average_diff:0.0012466484952107643, max_diff:0.0013847947637222469, training_epochs:50, lr:0.05)
<_io.TextIOWrapper name='<stderr>' mode='w' encoding='utf-8'> node index is 529
train linear regression time:  0.05180054111406207
(average_diff:1.1102230246251565e-16, max_diff:1.1102230246251565e-16, training_epochs:50, lr:0.05)
<_io.TextIOWrapper name='<stderr>' mode='w' encoding='utf-8'> node index is 517
train linear regression time:  0.05094483308494091
(average_diff:0.035579272221269664, max_diff:0.03663947563379033, training_epochs:50, lr:0.05)
<_io.TextIOWrapper name='<stderr>' mode='w' encoding='utf-8'> node index is 509
train linear regression time:  0.050800582859665155
(average_diff:0.0, max_diff:0.0, training_epochs:50, lr:0.05)
<_io.TextIOWrapper name='<stderr>' mode='w' encoding='utf-8'> node index is 499
train linear regression time:  0.050412874668836594
(average_diff:1.161873725286089e-06, max_diff:1.2595601457388028e-06, training_epochs:50, lr:0.05)
<_io.TextIOWrapper name='<stderr>' mode='w' encoding='utf-8'> node index is 491
train linear regression time:  0.0510834576562047
(average_diff:0.014192155959718327, max_diff:0.02684981471842579, training_epochs:50, lr:0.05)
<_io.TextIOWrapper name='<stderr>' mode='w' encoding='utf-8'> node index is 385
train linear regression time:  0.05147345783188939
(average_diff:1.0864061736124789e-05, max_diff:1.5055541641162407e-05, training_epochs:50, lr:0.05)
<_io.TextIOWrapper name='<stderr>' mode='w' encoding='utf-8'> node index is 373
train linear regression time:  0.050264999736100435
(average_diff:0.0, max_diff:0.0, training_epochs:50, lr:0.05)
<_io.TextIOWrapper name='<stderr>' mode='w' encoding='utf-8'> node index is 359
train linear regression time:  0.05116045894101262
(average_diff:0.072439086626597, max_diff:0.21736806588167495, training_epochs:50, lr:0.05)
<_io.TextIOWrapper name='<stderr>' mode='w' encoding='utf-8'> node index is 345
train linear regression time:  0.05155633296817541
(average_diff:0.06554926386228187, max_diff:0.0929446135102733, training_epochs:50, lr:0.05)
<_io.TextIOWrapper name='<stderr>' mode='w' encoding='utf-8'> node index is 321
train linear regression time:  0.051469209138303995
(average_diff:0.058654221234054185, max_diff:0.15908718203865707, training_epochs:50, lr:0.05)
<_io.TextIOWrapper name='<stderr>' mode='w' encoding='utf-8'> node index is 295
train linear regression time:  0.051844332832843065
(average_diff:0.07356462306310496, max_diff:0.13456273921470668, training_epochs:50, lr:0.05)
<_io.TextIOWrapper name='<stderr>' mode='w' encoding='utf-8'> node index is 279
train linear regression time:  0.05202954215928912
(average_diff:1.3877787807814457e-17, max_diff:2.7755575615628914e-17, training_epochs:50, lr:0.05)
<_io.TextIOWrapper name='<stderr>' mode='w' encoding='utf-8'> node index is 263
train linear regression time:  0.051835667341947556
(average_diff:0.031132866009914974, max_diff:0.04503358454841444, training_epochs:50, lr:0.05)
<_io.TextIOWrapper name='<stderr>' mode='w' encoding='utf-8'> node index is 249
train linear regression time:  0.0521847503259778
(average_diff:0.013243023242984228, max_diff:0.019712376028744483, training_epochs:50, lr:0.05)
<_io.TextIOWrapper name='<stderr>' mode='w' encoding='utf-8'> node index is 237
train linear regression time:  0.05150254210457206
(average_diff:0.0008076940660455856, max_diff:0.0012488897392563258, training_epochs:50, lr:0.05)
<_io.TextIOWrapper name='<stderr>' mode='w' encoding='utf-8'> node index is 265
train linear regression time:  0.05157595919445157
(average_diff:0.0, max_diff:0.0, training_epochs:50, lr:0.<_io<_io.TextIOWrapper name='<stderr>' mode='w' encoding='utf-8'> node index is 251
train linear regression time:  0.05087908310815692
(average_diff:0.08832549048391411, max_diff:0.3579763696061571, training_epochs:50, lr:0.05)
<_io.TextIOWrapper name='<stderr>' mode='w' encoding='utf-8'> node index is 239
train linear regression time:  0.050473541021347046
(average_diff:0.08704730799713929, max_diff:0.20048669040258432, training_epochs:50, lr:0.05)
<_io.TextIOWrapper name='<stderr>' mode='w' encoding='utf-8'> node index is 223
train linear regression time:  0.05073216697201133
(average_diff:0.012623338908749495, max_diff:0.029641647914502967, training_epochs:50, lr:0.05)
<_io.TextIOWrapper name='<stderr>' mode='w' encoding='utf-8'> node index is 209
train linear regression time:  0.05127841606736183
(average_diff:0.06765328598970131, max_diff:0.12343625260420477, training_epochs:50, lr:0.05)
<_io.TextIOWrapper name='<stderr>' mode='w' encoding='utf-8'> node index is 199
train linear regression time:  0.0515516665764153
(average_diff:0.08376678095820908, max_diff:0.21023751524591952, training_epochs:50, lr:0.05)
<_io.TextIOWrapper name='<stderr>' mode='w' encoding='utf-8'> node index is 191
train linear regression time:  0.05217287503182888
(average_diff:0.10969036293686814, max_diff:0.20956454298088517, training_epochs:50, lr:0.05)
<_io.TextIOWrapper name='<stderr>' mode='w' encoding='utf-8'> node index is 183
train linear regression time:  0.051166499964892864
(average_diff:0.08790237507492366, max_diff:0.1466814855349599, training_epochs:50, lr:0.05)
<_io.TextIOWrapper name='<stderr>' mode='w' encoding='utf-8'> node index is 175
train linear regression time:  0.050123749766498804
(average_diff:0.09091677169260563, max_diff:0.17900042322377063, training_epochs:50, lr:0.05)
<_io.TextIOWrapper name='<stderr>' mode='w' encoding='utf-8'> node index is 167
train linear regression time:  0.05344404187053442
(average_diff:0.09629724159896638, max_diff:0.18792340168404453, training_epochs:50, lr:0.05)
<_io.TextIOWrapper name='<stderr>' mode='w' encoding='utf-8'> node index is 157
train linear regression time:  0.05152658326551318
(average_diff:0.0, max_diff:0.0, training_epochs:50, lr:0.05)
<_io.TextIOWrapper name='<stderr>' mode='w' encoding='utf-8'> node index is 323
train linear regression time:  0.05165208410471678
(average_diff:0.0, max_diff:0.0, training_epochs:50, lr:0.05)
<_io.TextIOWrapper name='<stderr>' mode='w' encoding='utf-8'> node index is 309
train linear regression time:  0.05135316727682948
(average_diff:0.09333399686785962, max_diff:0.16607336322265648, training_epochs:50, lr:0.05)
<_io.TextIOWrapper name='<stderr>' mode='w' encoding='utf-8'> node index is 297
train linear regression time:  0.05141883296892047
(average_diff:0.1505940475932658, max_diff:0.29609657865758743, training_epochs:50, lr:0.05)
<_io.TextIOWrapper name='<stderr>' mode='w' encoding='utf-8'> node index is 283
train linear regression time:  0.05067720916122198
(average_diff:0.061167670128998416, max_diff:0.12327204018220064, training_epochs:50, lr:0.05)
<_io.TextIOWrapper name='<stderr>' mode='w' encoding='utf-8'> node index is 267
train linear regression time:  0.051446125376969576
(average_diff:0.1524646659022848, max_diff:0.6214068638277531, training_epochs:50, lr:0.05)
<_io.TextIOWrapper name='<stderr>' mode='w' encoding='utf-8'> node index is 225
train linear regression time:  0.050390582997351885
(average_diff:0.21924983031852271, max_diff:0.3962232852633987, training_epochs:50, lr:0.05)
<_io.TextIOWrapper name='<stderr>' mode='w' encoding='utf-8'> node index is 211
train linear regression time:  0.05425783386453986
(average_diff:0.13121693779326596, max_diff:0.29929094906059395, training_epochs:50, lr:0.05)
<_io.TextIOWrapper name='<stderr>' mode='w' encoding='utf-8'> node index is 185
train linear regression time:  0.05183987505733967
(average_diff:0.14561560277229746, max_diff:0.46412059221371016, training_epochs:50, lr:0.05)
<_io.TextIOWrapper name='<stderr>' mode='w' encoding='utf-8'> node index is 177
train linear regression time:  0.050776167307049036
(average_diff:0.1778504325192447, max_diff:0.41940045378971574, training_epochs:50, lr:0.05)
<_io.TextIOWrapper name='<stderr>' mode='w' encoding='utf-8'> node index is 169
train linear regression time:  0.05151254218071699
(average_diff:0.0, max_diff:0.0, training_epochs:50, lr:0.05)
<_io.TextIOWrapper name='<stderr>' mode='w' encoding='utf-8'> node index is 159
train linear regression time:  0.05153254186734557
(average_diff:0.12749540677786766, max_diff:0.2539860149544453, training_epochs:50, lr:0.05)
<_io.TextIOWrapper name='<stderr>' mode='w' encoding='utf-8'> node index is 151
train linear regression time:  0.050663957837969065
(average_diff:0.03892793660066963, max_diff:0.09660738518733164, training_epochs:50, lr:0.05)
<_io.TextIOWrapper name='<stderr>' mode='w' encoding='utf-8'> node index is 135
train linear regression time:  0.05115808406844735
(average_diff:0.05149895653856036, max_diff:0.11193721848301041, training_epochs:50, lr:0.05)
<_io.TextIOWrapper name='<stderr>' mode='w' encoding='utf-8'> node index is 129
train linear regression time:  0.0513352919369936
(average_diff:0.03157469219774491, max_diff:0.10508877417934853, training_epochs:50, lr:0.05)
<_io.TextIOWrapper name='<stderr>' mode='w' encoding='utf-8'> node index is 119
train linear regression time:  0.051164666656404734
(average_diff:0.03917273430790985, max_diff:0.10652981681968549, training_epochs:50, lr:0.05)
<_io.TextIOWrapper name='<stderr>' mode='w' encoding='utf-8'> node index is 109
train linear regression time:  0.051245249807834625
(average_diff:0.04317885009302535, max_diff:0.16841077935795257, training_epochs:50, lr:0.05)
<_io.TextIOWrapper name='<stderr>' mode='w' encoding='utf-8'> node index is 99
train linear regression time:  0.051247875206172466
(average_diff:2.7755575615628914e-17, max_diff:2.7755575615628914e-17, training_epochs:50, lr:0.05)
<_io.TextIOWrapper name='<stderr>' mode='w' encoding='utf-8'> node index is 447
train linear regression time:  0.05056620901450515
(average_diff:0.010494545230567615, max_diff:0.014307369093522482, training_epochs:50, lr:0.05)
<_io.TextIOWrapper name='<stderr>' mode='w' encoding='utf-8'> node index is 441
train linear regression time:  0.05017829081043601
(average_diff:0.018205294510858394, max_diff:0.03338202823125594, training_epochs:50, lr:0.05)
<_io.TextIOWrapper name='<stderr>' mode='w' encoding='utf-8'> node index is 435
train linear regression time:  0.05224324995651841
(average_diff:0.0, max_diff:0.0, training_epochs:50, lr:0.05)
<_io.TextIOWrapper name='<stderr>' mode='w' encoding='utf-8'> node index is 429
train linear regression time:  0.051733207888901234
(average_diff:0.00723261597617784, max_diff:0.010799752887644065, training_epochs:50, lr:0.05)
<_io.TextIOWrapper name='<stderr>' mode='w' encoding='utf-8'> node index is 421
train linear regression time:  0.05161608289927244
(average_diff:0.007662771415699504, max_diff:0.2153697640791723, training_epochs:50, lr:0.05)
<_io.TextIOWrapper name='<stderr>' mode='w' encoding='utf-8'> node index is 69
train linear regression time:  0.050453499890863895
(average_diff:0.0703016815484282, max_diff:0.24280653065940982, training_epochs:50, lr:0.05)
<_io.TextIOWrapper name='<stderr>' mode='w' encoding='utf-8'> node index is 61
train linear regression time:  0.05164299998432398
(average_diff:0.10991677802747123, max_diff:0.44069356135086163, training_epochs:50, lr:0.05)
<_io.TextIOWrapper name='<stderr>' mode='w' encoding='utf-8'> node index is 53
train linear regression time:  0.05170341581106186
(average_diff:0.026019360379346636, max_diff:0.031298036771164994, training_epochs:50, lr:0.05)
<_io.TextIOWrapper name='<stderr>' mode='w' encoding='utf-8'> node index is 401
train linear regression time:  0.051567249931395054
(average_diff:2.7755575615628914e-17, max_diff:2.7755575615628914e-17, training_epochs:50, lr:0.05)
<_io.TextIOWrapper name='<stderr>' mode='w' encoding='utf-8'> node index is 387
train linear regression time:  0.0516451(average_di(average_diff:0.0054053343565547765, max_diff:0.008713816074368386, training_epochs:50, lr:0.05)
<_io.TextIOWrapper name='<stderr>' mode='w' encoding='utf-8'> node index is 375
train linear regression time:  0.052868209313601255
(average_diff:0.021487972909851133, max_diff:0.02768761426370936, training_epochs:50, lr:0.05)
<_io.TextIOWrapper name='<stderr>' mode='w' encoding='utf-8'> node index is 361
train linear regression time:  0.05195524962618947
(average_diff:0.025994329965854313, max_diff:0.05736394766495104, training_epochs:50, lr:0.05)
<_io.TextIOWrapper name='<stderr>' mode='w' encoding='utf-8'> node index is 347
train linear regression time:  0.05076304171234369
(average_diff:0.09613498434459987, max_diff:0.18494035826940042, training_epochs:50, lr:0.05)
<_io.TextIOWrapper name='<stderr>' mode='w' encoding='utf-8'> node index is 311
train linear regression time:  0.051715792156755924
(average_diff:0.017140894763847232, max_diff:0.027312126030781966, training_epochs:50, lr:0.05)
<_io.TextIOWrapper name='<stderr>' mode='w' encoding='utf-8'> node index is 299
train linear regression time:  0.05171695817261934
(average_diff:0.13966526033837962, max_diff:0.42236998490409605, training_epochs:50, lr:0.05)
<_io.TextIOWrapper name='<stderr>' mode='w' encoding='utf-8'> node index is 285
train linear regression time:  0.051446459256112576
(average_diff:0.020050879801860388, max_diff:0.03637437979730451, training_epochs:50, lr:0.05)
<_io.TextIOWrapper name='<stderr>' mode='w' encoding='utf-8'> node index is 269
train linear regression time:  0.05157729238271713
(average_diff:0.005836924354022999, max_diff:0.006034744008227677, training_epochs:50, lr:0.05)
<_io.TextIOWrapper name='<stderr>' mode='w' encoding='utf-8'> node index is 415
train linear regression time:  0.051616416312754154
(average_diff:0.02916909876276108, max_diff:0.05832005797064266, training_epochs:50, lr:0.05)
<_io.TextIOWrapper name='<stderr>' mode='w' encoding='utf-8'> node index is 411
train linear regression time:  0.051517624873667955
(average_diff:3.8161273140102647e-07, max_diff:4.1172746334527943e-07, training_epochs:50, lr:0.05)
<_io.TextIOWrapper name='<stderr>' mode='w' encoding='utf-8'> node index is 403
train linear regression time:  0.05152912484481931
(average_diff:0.02780284380197703, max_diff:0.06228823346983112, training_epochs:50, lr:0.05)
<_io.TextIOWrapper name='<stderr>' mode='w' encoding='utf-8'> node index is 389
train linear regression time:  0.05140670808032155
(average_diff:0.05382584356403968, max_diff:0.11301404686129901, training_epochs:50, lr:0.05)
<_io.TextIOWrapper name='<stderr>' mode='w' encoding='utf-8'> node index is 377
train linear regression time:  0.05148804187774658
(average_diff:0.004701640538514407, max_diff:0.007081371654310331, training_epochs:50, lr:0.05)
<_io.TextIOWrapper name='<stderr>' mode='w' encoding='utf-8'> node index is 363
train linear regression time:  0.050775416661053896
(average_diff:1.1102230246251565e-16, max_diff:1.1102230246251565e-16, training_epochs:50, lr:0.05)
<_io.TextIOWrapper name='<stderr>' mode='w' encoding='utf-8'> node index is 349
train linear regression time:  0.051341500133275986
(average_diff:0.04646367143925734, max_diff:0.09115213146442266, training_epochs:50, lr:0.05)
<_io.TextIOWrapper name='<stderr>' mode='w' encoding='utf-8'> node index is 335
train linear regression time:  0.05165991606190801
(average_diff:0.012306689581438584, max_diff:0.030531033860958012, training_epochs:50, lr:0.05)
<_io.TextIOWrapper name='<stderr>' mode='w' encoding='utf-8'> node index is 325
train linear regression time:  0.05178958410397172
(average_diff:0.10141669695642035, max_diff:0.2614884849111272, training_epochs:50, lr:0.05)
<_io.TextIOWrapper name='<stderr>' mode='w' encoding='utf-8'> node index is 313
train linear regression time:  0.051861708983778954
(average_diff:0.0, max_diff:0.0, training_epochs:50, lr:0.05)
<_io.TextIOWrapper name='<stderr>' mode='w' encoding='utf-8'> node index is 443
train linear regression time:  0.05189220793545246
(average_diff:0.06519456571687701, max_diff:0.1149478165009713, training_epochs:50, lr:0.05)
<_io.TextIOWrapper name='<stderr>' mode='w' encoding='utf-8'> node index is 431
train linear regression time:  0.05161520838737488
(average_diff:0.0, max_diff:0.0, training_epochs:50, lr:0.05)
<_io.TextIOWrapper name='<stderr>' mode='w' encoding='utf-8'> node index is 425
train linear regression time:  0.05170537531375885
(average_diff:0.0034047320044302, max_diff:0.005239400925463544, training_epochs:50, lr:0.05)
<_io.TextIOWrapper name='<stderr>' mode='w' encoding='utf-8'> node index is 419
train linear regression time:  0.05296775000169873
(average_diff:0.0017908790119742595, max_diff:0.002687129230494356, training_epochs:50, lr:0.05)
<_io.TextIOWrapper name='<stderr>' mode='w' encoding='utf-8'> node index is 413
train linear regression time:  0.05090841604396701
(average_diff:4.456546979852982e-05, max_diff:4.4706173921493786e-05, training_epochs:50, lr:0.05)
<_io.TextIOWrapper name='<stderr>' mode='w' encoding='utf-8'> node index is 405
train linear regression time:  0.05092525016516447
(average_diff:0.0, max_diff:0.0, training_epochs:50, lr:0.05)
<_io.TextIOWrapper name='<stderr>' mode='w' encoding='utf-8'> node index is 391
train linear regression time:  0.0529082496650517
(average_diff:5.119051227353566e-08, max_diff:5.171400030423712e-08, training_epochs:50, lr:0.05)
<_io.TextIOWrapper name='<stderr>' mode='w' encoding='utf-8'> node index is 379
train linear regression time:  0.0515709170140326
(average_diff:0.0450773138006703, max_diff:0.12404137113232494, training_epochs:50, lr:0.05)
<_io.TextIOWrapper name='<stderr>' mode='w' encoding='utf-8'> node index is 365
train linear regression time:  0.05166787514463067
(average_diff:0.0, max_diff:0.0, training_epochs:50, lr:0.05)
<_io.TextIOWrapper name='<stderr>' mode='w' encoding='utf-8'> node index is 351
train linear regression time:  0.051263750065118074
(average_diff:0.0005873210304780246, max_diff:0.0006059524713580566, training_epochs:50, lr:0.05)
<_io.TextIOWrapper name='<stderr>' mode='w' encoding='utf-8'> node index is 337
train linear regression time:  0.05155658395960927
(average_diff:0.14133692806136136, max_diff:0.4996028298421688, training_epochs:50, lr:0.05)
<_io.TextIOWrapper name='<stderr>' mode='w' encoding='utf-8'> node index is 393
train linear regression time:  0.05154991615563631
(average_diff:1.6653345369377348e-16, max_diff:2.220446049250313e-16, training_epochs:50, lr:0.05)
<_io.TextIOWrapper name='<stderr>' mode='w' encoding='utf-8'> node index is 301
train linear regression time:  0.050511375069618225
(average_diff:0.08971734768470215, max_diff:0.20570373293224303, training_epochs:50, lr:0.05)
<_io.TextIOWrapper name='<stderr>' mode='w' encoding='utf-8'> node index is 271
train linear regression time:  0.051131708081811666
(average_diff:0.08880384431263584, max_diff:0.17985446361729818, training_epochs:50, lr:0.05)
<_io.TextIOWrapper name='<stderr>' mode='w' encoding='utf-8'> node index is 253
train linear regression time:  0.051269832998514175
(average_diff:0.3346921670400492, max_diff:0.44469962362853493, training_epochs:50, lr:0.05)
<_io.TextIOWrapper name='<stderr>' mode='w' encoding='utf-8'> node index is 227
train linear regression time:  0.05168879125267267
(average_diff:0.12082124593874585, max_diff:0.27664125130086004, training_epochs:50, lr:0.05)
<_io.TextIOWrapper name='<stderr>' mode='w' encoding='utf-8'> node index is 213
train linear regression time:  0.050911624915897846
(average_diff:0.05638391229306245, max_diff:0.114203703699222, training_epochs:50, lr:0.05)
<_io.TextIOWrapper name='<stderr>' mode='w' encoding='utf-8'> node index is 201
train linear regression time:  0.05144058307632804
(average_diff:1.001504434938738e-12, max_diff:1.0729750421489825e-12, training_epochs:50, lr:0.05)
<_io.TextIOWrapper name='<stderr>' mode='w' encoding='utf-8'> node index is 193
train linear regression time:  0.05153316678479314
(average_diff:0.032718049856730415, max_diff:0.08333413315806099, training_epochs:50, lr:0.05)
<_io.TextIOWrapper name='<stderr>' mode='w' encnode index is 1node index is 187
train linear regression time:  0.0514554581604898
(average_diff:0.029932846734464495, max_diff:0.06684544266668191, training_epochs:50, lr:0.05)
<_io.TextIOWrapper name='<stderr>' mode='w' encoding='utf-8'> node index is 179
train linear regression time:  0.051804292015731335
(average_diff:0.0, max_diff:0.0, training_epochs:50, lr:0.05)
<_io.TextIOWrapper name='<stderr>' mode='w' encoding='utf-8'> node index is 171
train linear regression time:  0.051456792280077934
(average_diff:0.064058781190189, max_diff:0.16909486479048103, training_epochs:50, lr:0.05)
<_io.TextIOWrapper name='<stderr>' mode='w' encoding='utf-8'> node index is 161
train linear regression time:  0.051428542006760836
(average_diff:0.0, max_diff:0.0, training_epochs:50, lr:0.05)
<_io.TextIOWrapper name='<stderr>' mode='w' encoding='utf-8'> node index is 367
train linear regression time:  0.05209804233163595
(average_diff:0.0, max_diff:0.0, training_epochs:50, lr:0.05)
<_io.TextIOWrapper name='<stderr>' mode='w' encoding='utf-8'> node index is 353
train linear regression time:  0.05227070767432451
(average_diff:0.00024560973200155045, max_diff:0.0002484577603797389, training_epochs:50, lr:0.05)
<_io.TextIOWrapper name='<stderr>' mode='w' encoding='utf-8'> node index is 339
train linear regression time:  0.0519572920165956
(average_diff:0.022083705773745816, max_diff:0.04219058168744427, training_epochs:50, lr:0.05)
<_io.TextIOWrapper name='<stderr>' mode='w' encoding='utf-8'> node index is 327
train linear regression time:  0.05126124992966652
(average_diff:0.017829527201739526, max_diff:0.0363230056674555, training_epochs:50, lr:0.05)
<_io.TextIOWrapper name='<stderr>' mode='w' encoding='utf-8'> node index is 315
train linear regression time:  0.05209279200062156
(average_diff:1.4668155579045106e-11, max_diff:2.2815749289861742e-11, training_epochs:50, lr:0.05)
<_io.TextIOWrapper name='<stderr>' mode='w' encoding='utf-8'> node index is 303
train linear regression time:  0.051487792283296585
(average_diff:0.03389929499131562, max_diff:0.05621674723222214, training_epochs:50, lr:0.05)
<_io.TextIOWrapper name='<stderr>' mode='w' encoding='utf-8'> node index is 287
train linear regression time:  0.05221508303657174
(average_diff:0.10330131294037077, max_diff:0.15276373922943054, training_epochs:50, lr:0.05)
<_io.TextIOWrapper name='<stderr>' mode='w' encoding='utf-8'> node index is 273
train linear regression time:  0.05149845825508237
(average_diff:0.11186075988512291, max_diff:0.48711806448116757, training_epochs:50, lr:0.05)
<_io.TextIOWrapper name='<stderr>' mode='w' encoding='utf-8'> node index is 255
train linear regression time:  0.051260583102703094
(average_diff:0.04791970444451407, max_diff:0.07198021486982642, training_epochs:50, lr:0.05)
<_io.TextIOWrapper name='<stderr>' mode='w' encoding='utf-8'> node index is 241
train linear regression time:  0.05127779208123684
(average_diff:0.1748942034515523, max_diff:0.5365464028302711, training_epochs:50, lr:0.05)
<_io.TextIOWrapper name='<stderr>' mode='w' encoding='utf-8'> node index is 229
train linear regression time:  0.05053704185411334
(average_diff:0.1273146973755102, max_diff:0.35944311673337936, training_epochs:50, lr:0.05)
<_io.TextIOWrapper name='<stderr>' mode='w' encoding='utf-8'> node index is 215
train linear regression time:  0.0502423751167953
(average_diff:0.030904180212284343, max_diff:0.07727211521294142, training_epochs:50, lr:0.05)
<_io.TextIOWrapper name='<stderr>' mode='w' encoding='utf-8'> node index is 203
train linear regression time:  0.05114266695454717
(average_diff:0.023242032965777253, max_diff:0.04178121363582199, training_epochs:50, lr:0.05)
<_io.TextIOWrapper name='<stderr>' mode='w' encoding='utf-8'> node index is 195
train linear regression time:  0.05272887507453561
(average_diff:0.18103998094687737, max_diff:0.34979363494149474, training_epochs:50, lr:0.05)
<_io.TextIOWrapper name='<stderr>' mode='w' encoding='utf-8'> node index is 7
train linear regression time:  0.05098625039681792
(average_diff:0.13125578835253662, max_diff:0.47028764432005765, training_epochs:50, lr:0.05)
<_io.TextIOWrapper name='<stderr>' mode='w' encoding='utf-8'> node index is 5
train linear regression time:  0.05550933303311467
testFringe time:  12.090151541866362
<_io.TextIOWrapper name='<stderr>' mode='w' encoding='utf-8'> =============== update finished ===============

*** Writing Game File 69***

<_io.TextIOWrapper name='../print_tree_record_numpy/print_DM_boost_linear_tree_split.txt' mode='w' encoding='UTF-8'> idx1(Q:0.4021, distinct_name:0, dictinctin_value:2.569683891588169, par:None)
	idx4(Q:0.4027, distinct_name:0, dictinctin_value:2.507749956207568, par:1)
		idx6(Q:0.4026, distinct_name:0, dictinctin_value:-0.050698982385153205, par:4)
			idx8(Q:0.4613, distinct_name:0, dictinctin_value:-0.5002368440471089, par:6)
				idx10(Q:0.5079, distinct_name:3, dictinctin_value:0.7373220788164561, par:8)
					idx12(Q:0.4837, distinct_name:1, dictinctin_value:0.8498558206992594, par:10)
						idx18(Q:0.4302, distinct_name:2, dictinctin_value:0.8559921607301466, par:12)
							idx24(Q:0.4255, distinct_name:0, dictinctin_value:-0.5901212893723445, par:18)
								idx30(Q:0.4337, distinct_name:2, dictinctin_value:0.5095422779981766, par:24)
									idx38(Q:0.4542, distinct_name:2, dictinctin_value:0.24909091887867726, par:30)
										idx44(Q:0.4838, distinct_name:2, dictinctin_value:-0.06052347242753761, par:38)
											idx54(Q:0.5335, distinct_name:2, dictinctin_value:-0.16873413911779458, par:44)
												idx62(Q:0.5594, distinct_name:2, dictinctin_value:-0.3117760123070312, par:54)
													idx70(Q:0.6022, distinct_name:2, dictinctin_value:-0.36929151673896154, par:62)
														idx76(Q:0.6284, distinct_name:2, dictinctin_value:-0.4513587540231024, par:70)
															idx82(Q:0.6631, distinct_name:2, dictinctin_value:-0.49926091712096626, par:76)
																idx90(Q:0.6796, distinct_name:2, dictinctin_value:-0.5261921216626007, par:82)
																	idx100(Q:0.6911, distinct_name:2, dictinctin_value:-0.5682634996789567, par:90)
																		idx110(Q:0.7068, distinct_name:2, dictinctin_value:-0.576514535000767, par:100)
																			idx120(Q:0.7103, par:110)
																			idx121(Q:0.4001, par:110)
																		idx111(Q:0.3617, par:100)
																	idx101(Q:0.3735, par:90)
																idx91(Q:0.3277, par:82)
															idx83(Q:0.3012, par:76)
														idx77(Q:0.2753, par:70)
													idx71(Q:0.2746, par:62)
												idx63(Q:0.2262, par:54)
											idx55(Q:0.2382, distinct_name:0, dictinctin_value:-0.6476910175840919, par:44)
												idx464(Q:0.2414, distinct_name:3, dictinctin_value:0.6680194197252473, par:55)
													idx468(Q:0.2372, distinct_name:0, dictinctin_value:-0.6858015235311999, par:464)
														idx474(Q:0.2379, distinct_name:2, dictinctin_value:0.24031958562965672, par:468)
															idx480(Q:0.2359, distinct_name:2, dictinctin_value:0.22712878489931437, par:474)
																idx484(Q:0.2379, distinct_name:0, dictinctin_value:-0.6984661740702743, par:480)
																	idx492(Q:0.2356, distinct_name:2, dictinctin_value:0.2205862992769331, par:484)
																		idx500(Q:0.2393, distinct_name:1, dictinctin_value:0.7515347460969897, par:492)
																			idx518(Q:0.2414, par:500)
																			idx519(Q:0.1310, par:500)
																		idx501(Q:0.1474, par:492)
																	idx493(Q:0.3634, par:484)
																idx485(Q:0.1301, par:480)
															idx481(Q:0.2916, par:474)
														idx475(Q:0.1567, par:468)
													idx469(Q:0.3624, par:464)
												idx465(Q:0.1101, par:55)
										idx45(Q:0.2521, distinct_name:0, dictinctin_value:-0.6043607795061433, par:38)
											idx510(Q:0.2535, distinct_name:1, dictinctin_value:0.8144916165556727, par:45)
												idx520(Q:0.2454, distinct_name:1, dictinctin_value:0.7699133155688844, par:510)
													idx530(Q:0.2422, par:520)
													idx531(Q:0.3493, par:520)
												idx521(Q:0.5313, par:510)
											idx511(Q:0.1130, par:45)
									idx39(Q:0.3089, distinct_name:1, dictinctin_value:0.8040063207197937, par:30)
										idx426(Q:0.3050, distinct_name:2, dictinctin_value:0.8419373683110459, par:39)
											idx432(Q:0.3067, distinct_name:0, dictinctin_value:-0.6009391153368029, par:426)
												idx444(Q:0.3090, distinct_name:0, dictinctin_value:-0.6041087413020046, par:432)
													idx448(Q:0.3086, distinct_name:0, dictinctin_value:-0.6100701052011255, par:444)
														idx456(Q:0.3085, distinct_name:0, dictinctin_value:-0.6407957166920598, par:448)
															idx460(Q:0.3132, distinct_name:0, dictinctin_value:-0.6555246386975058, par:456)
																idx466(Q:0.3158, distinct_name:0, dictinctin_value:-0.6720161756487143, par:460)
																	idx470(Q:0.3200, distinct_name:0, dictinctin_value:-0.6781083126032775, par:466)
																		idx472(Q:0.3199, distinct_name:0, dictinctin_value:-0.7020609777266955, par:470)
																			idx476(Q:0.3230, par:472)
																			idx477(Q:0.2334, par:472)
																		idx473(Q:0.3250, par:470)
																	idx471(Q:0.0686, par:466)
																idx467(Q:0.1550, par:460)
															idx461(Q:0.1206, par:456)
														idx457(Q:0.3118, par:448)
													idx449(Q:0.3527, par:444)
												idx445(Q:0.1599, par:432)
											idx433(Q:0.1937, par:426)
										idx427(Q:0.4793, par:39)
								idx31(Q:0.3444, par:24)
							idx25(Q:0.4514, distinct_name:0, dictinctin_value:-0.5389580903277561, par:18)
								idx216(Q:0.4549, distinct_name:0, dictinctin_value:-0.5573162410999996, par:25)
									idx230(Q:0.4566, distinct_name:0, dictinctin_value:-0.5917620279880862, par:216)
										idx242(Q:0.4704, distinct_name:1, dictinctin_value:0.8127647407611875, par:230)
											idx256(Q:0.4651, distinct_name:0, dictinctin_value:-0.6131626140571143, par:242)
												idx288(Q:0.4677, distinct_name:0, dictinctin_value:-0.7076582377440916, par:256)
													idx304(Q:0.4887, distinct_name:0, dictinctin_value:-0.717862250694298, par:288)
														idx316(Q:0.4919, distinct_name:0, dictinctin_value:-0.7734253050900186, par:304)
															idx328(Q:0.4980, distinct_name:0, dictinctin_value:-0.7970945326559435, par:316)
																idx340(Q:0.4997, distinct_name:3, dictinctin_value:0.6595389343928215, par:328)
																	idx354(Q:0.4929, distinct_name:3, dictinctin_value:0.6186331758365281, par:340)
																		idx368(Q:0.4876, distinct_name:3, dictinctin_value:0.5952455969358141, par:354)
																			idx380(Q:0.4852, par:368)
																			idx381(Q:0.5796, par:368)
																		idx369(Q:0.9254, par:354)
																	idx355(Q:0.7825, par:340)
																idx341(Q:0.3979, par:328)
															idx329(Q:0.3438, par:316)
														idx317(Q:0.3428, par:304)
													idx305(Q:0.2932, par:288)
												idx289(Q:0.1966, par:256)
											idx257(Q:0.6915, par:242)
										idx243(Q:0.2468, par:230)
									idx231(Q:0.3288, par:216)
								idx217(Q:0.3523, par:25)
						idx19(Q:0.7028, distinct_name:0, dictinctin_value:-0.5046072639210131, par:12)
							idx152(Q:0.7026, distinct_name:2, dictinctin_value:1.74305991171075, par:19)
								idx162(Q:0.6905, distinct_name:2, dictinctin_value:1.5651912903147052, par:152)
									idx172(Q:0.6800, distinct_name:2, dictinctin_value:1.0939968976733132, par:162)
										idx180(Q:0.6574, distinct_name:2, dictinctin_value:0.9064820637809338, par:172)
											idx188(Q:0.6455, distinct_name:2, dictinctin_value:0.8130327408821636, par:180)
												idx196(Q:0.6397, distinct_name:2, dictinctin_value:0.714578820015968, par:188)
													idx204(Q:0.6384, distinct_name:0, dictinctin_value:-0.5137296726081428, par:196)
														idx218(Q:0.6389, distinct_name:2, dictinctin_value:0.4860989258104936, par:204)
															idx232(Q:0.6393, distinct_name:1, dictinctin_value:2.2330900660097845, par:218)
																idx244(Q:0.6314, distinct_name:2, dictinctin_value:0.44559578649865966, par:232)
																	idx258(Q:0.6282, distinct_name:2, dictinctin_value:0.32419638005931734, par:244)
																		idx274(Q:0.6281, distinct_name:0, dictinctin_value:-0.5233031664270825, par:258)
																			idx290(Q:0.6282, par:274)
																			idx291(Q:0.6173, par:274)
																		idx275(Q:0.6332, par:258)
																	idx259(Q:0.7701, par:244)
																idx245(Q:0.9892, par:232)
															idx233(Q:0.6344, par:218)
														idx219(Q:0.5718, par:204)
													idx205(Q:0.6856, par:196)
												idx197(Q:0.8298, par:188)
											idx189(Q:0.8992, par:180)
										idx181(Q:0.9767, par:172)
									idx173(Q:1.0016, par:162)
								idx163(Q:1.0424, par:152)
							idx153(Q:0.7365, par:19)
					idx13(Q:0.5824, distinct_name:2, dictinctin_value:1.929601246827043, par:10)
						idx92(Q:0.5686, distinct_name:1, dictinctin_value:1.2557733390904973, par:13)
							idx102(Q:0.5390, distinct_name:2, dictinctin_value:1.4527612583425853, par:92)
								idx112(Q:0.5239, distinct_name:2, dictinctin_value:1.3531114404933846, par:102)
									idx122(Q:0.5220, distinct_name:2, dictinctin_value:1.0639310625609943, par:112)
										idx130(Q:0.5107, distinct_name:2, dictinctin_value:0.8759607452183222, par:122)
											idx136(Q:0.5028, distinct_name:2, dictinctin_value:0.6228991526328211, par:130)
												idx142(Q:0.5005, distinct_name:2, dictinctin_value:0.4885947458466264, par:136)
													idx146(Q:0.4930, distinct_name:1, dictinctin_value:1.1059975491047376, par:142)
														idx148(Q:0.4843, distinct_name:3, dictinctin_value:2.363964647313972, par:146)
															idx154(Q:0.4776, distinct_name:3, dictinctin_value:1.536573712246935, par:148)
																idx164(Q:0.4568, distinct_name:1, dictinctin_value:0.49075596239548774, par:154)
																	idx206(Q:0.4274, distinct_name:3, dictinctin_value:1.525286896575752, par:164)
																		idx220(Q:0.4269, distinct_name:2, dictinctin_value:0.38874536608000104, par:206)
																			idx234(Q:0.4311, par:220)
																			idx235(Q:0.2567, par:220)
																		idx221(Q:0.4555, par:206)
																	idx207(Q:0.6307, par:164)
																idx165(Q:0.5636, par:154)
															idx155(Q:0.6586, par:148)
														idx149(Q:0.7450, par:146)
													idx147(Q:0.5764, par:142)
												idx143(Q:0.5283, par:136)
											idx137(Q:0.6767, par:130)
										idx131(Q:0.7106, par:122)
									idx123(Q:0.6170, par:112)
								idx113(Q:0.8341, par:102)
							idx103(Q:0.9478, par:92)
						idx93(Q:1.0237, par:13)
				idx11(Q:0.3778, distinct_name:3, dictinctin_value:1.284568987543642, par:8)
					idx32(Q:0.3557, distinct_name:3, dictinctin_value:0.5763111575206541, par:11)
						idx40(Q:0.3393, distinct_name:2, dictinctin_value:1.4159847670297276, par:32)
							idx46(Q:0.3287, distinct_name:2, dictinctin_value:0.8764611652526798, par:40)
								idx56(Q:0.3366, distinct_name:2, dictinctin_value:0.6776552612944613, par:46)
									idx64(Q:0.3410, distinct_name:0, dictinctin_value:-0.10007893227380851, par:56)
										idx72(Q:0.3402, distinct_name:2, dictinctin_value:0.481251420222257, par:64)
											idx78(Q:0.3528, distinct_name:2, dictinctin_value:0.43236682950932387, par:72)
												idx84(Q:0.3577, distinct_name:2, dictinctin_value:0.2322739018313544, par:78)
													idx94(Q:0.3789, distinct_name:2, dictinctin_value:0.1692901075380102, par:84)
														idx104(Q:0.3890, distinct_name:2, dictinctin_value:0.044622068949871425, par:94)
															idx114(Q:0.4088, distinct_name:2, dictinctin_value:-0.04421252452423217, par:104)
																idx124(Q:0.4272, distinct_name:2, dictinctin_value:-0.12551407150931976, par:114)
																	idx132(Q:0.4446, distinct_name:2, dictinctin_value:-0.16179863391045127, par:124)
																		idx138(Q:0.4555, distinct_name:2, dictinctin_value:-0.1987692173924826, par:132)
																			idx144(Q:0.4725, par:138)
																			idx145(Q:0.1562, par:138)
																		idx139(Q:0.1615, par:132)
																	idx133(Q:0.1947, par:124)
																idx125(Q:0.1326, par:114)
															idx115(Q:0.1799, par:104)
														idx105(Q:0.1869, par:94)
													idx95(Q:0.1587, par:84)
												idx85(Q:0.1733, par:78)
											idx79(Q:0.1991, par:72)
										idx73(Q:0.3497, par:64)
									idx65(Q:0.2757, par:56)
								idx57(Q:0.2802, distinct_name:0, dictinctin_value:-0.07115888508263095, par:46)
									idx486(Q:0.2845, distinct_name:2, dictinctin_value:1.3997870335092657, par:57)
										idx494(Q:0.2844, distinct_name:0, dictinctin_value:-0.07160732513030894, par:486)
											idx504(Q:0.2806, distinct_name:0, dictinctin_value:-0.08350405569893737, par:494)
												idx512(Q:0.2823, distinct_name:1, dictinctin_value:1.8788415154351898, par:504)
													idx522(Q:0.2700, par:512)
													idx523(Q:0.8978, par:512)
												idx513(Q:0.1098, par:504)
											idx505(Q:0.6691, par:494)
										idx495(Q:0.2877, par:486)
									idx487(Q:0.1263, par:57)
							idx47(Q:0.4438, par:40)
						idx41(Q:0.4223, distinct_name:3, dictinctin_value:1.2541204520301295, par:32)
							idx246(Q:0.4184, distinct_name:0, dictinctin_value:-0.05401988313827026, par:41)
								idx260(Q:0.4189, distinct_name:2, dictinctin_value:2.0807886731763334, par:246)
									idx276(Q:0.4071, distinct_name:2, dictinctin_value:1.8994422532815647, par:260)
										idx292(Q:0.4024, distinct_name:1, dictinctin_value:1.2716943858922887, par:276)
											idx306(Q:0.3804, distinct_name:2, dictinctin_value:1.8085097405850585, par:292)
												idx318(Q:0.3697, distinct_name:0, dictinctin_value:-0.06832580226386262, par:306)
													idx330(Q:0.3685, distinct_name:1, dictinctin_value:1.0161843934440484, par:318)
														idx342(Q:0.3635, distinct_name:0, dictinctin_value:-0.11082738421514442, par:330)
															idx356(Q:0.3579, distinct_name:0, dictinctin_value:-0.1239714467724242, par:342)
																idx370(Q:0.3592, distinct_name:1, dictinctin_value:0.8661774768232812, par:356)
																	idx382(Q:0.3552, distinct_name:0, dictinctin_value:-0.13038566790821624, par:370)
																		idx396(Q:0.3555, distinct_name:1, dictinctin_value:0.7685182247259327, par:382)
																			idx406(Q:0.3507, par:396)
																			idx407(Q:0.5249, par:396)
																		idx397(Q:0.3395, par:382)
																	idx383(Q:0.5070, par:370)
																idx371(Q:0.1581, par:356)
															idx357(Q:0.4285, par:342)
														idx343(Q:0.4879, par:330)
													idx331(Q:0.4363, par:318)
												idx319(Q:0.8472, par:306)
											idx307(Q:0.6213, par:292)
										idx293(Q:0.8758, par:276)
									idx277(Q:0.8867, par:260)
								idx261(Q:0.3940, par:246)
							idx247(Q:0.6228, par:41)
					idx33(Q:0.5688, distinct_name:2, dictinctin_value:1.8206658800741853, par:11)
						idx436(Q:0.5564, distinct_name:0, dictinctin_value:-0.055487221535360155, par:33)
							idx438(Q:0.5531, distinct_name:0, dictinctin_value:-0.06661868934946451, par:436)
								idx450(Q:0.5570, distinct_name:2, dictinctin_value:1.6280055741424861, par:438)
									idx458(Q:0.5469, distinct_name:2, dictinctin_value:1.4609118350831285, par:450)
										idx462(Q:0.5386, distinct_name:0, dictinctin_value:-0.06716992247771125, par:458)
											idx478(Q:0.5407, distinct_name:0, dictinctin_value:-0.06950841565798693, par:462)
												idx482(Q:0.5394, distinct_name:0, dictinctin_value:-0.07617984110574617, par:478)
													idx488(Q:0.5429, distinct_name:0, dictinctin_value:-0.09812148969449835, par:482)
														idx496(Q:0.5416, distinct_name:0, dictinctin_value:-0.10012482464779363, par:488)
															idx502(Q:0.5456, distinct_name:2, dictinctin_value:1.4064514939244364, par:496)
																idx514(Q:0.5414, distinct_name:2, dictinctin_value:1.318805451770871, par:502)
																	idx524(Q:0.5327, distinct_name:0, dictinctin_value:-0.11118736531331526, par:514)
																		idx532(Q:0.5333, par:524)
																		idx533(Q:0.4689, par:524)
																	idx525(Q:0.9823, par:514)
																idx515(Q:0.7615, par:502)
															idx503(Q:0.1239, par:496)
														idx497(Q:0.5885, par:488)
													idx489(Q:0.1612, par:482)
												idx483(Q:0.6779, par:478)
											idx479(Q:0.3023, par:462)
										idx463(Q:0.8604, par:458)
									idx459(Q:0.9430, par:450)
								idx451(Q:0.3190, par:438)
							idx439(Q:0.9613, par:436)
						idx437(Q:0.9447, par:33)
			idx9(Q:0.3476, distinct_name:1, dictinctin_value:1.4532912275447858, par:6)
				idx14(Q:0.3268, distinct_name:0, dictinctin_value:0.6708677617788001, par:9)
					idx16(Q:0.3420, distinct_name:0, dictinctin_value:0.5219929201544601, par:14)
						idx20(Q:0.3404, distinct_name:0, dictinctin_value:0.38200451643824146, par:16)
							idx26(Q:0.3469, distinct_name:0, dictinctin_value:0.29175973898130836, par:20)
								idx34(Q:0.3498, distinct_name:3, dictinctin_value:1.2405945003824483, par:26)
									idx42(Q:0.3192, distinct_name:2, dictinctin_value:1.6139678071673451, par:34)
										idx48(Q:0.3147, distinct_name:1, dictinctin_value:1.0148453699076618, par:42)
											idx58(Q:0.3010, distinct_name:2, dictinctin_value:0.8422101128546527, par:48)
												idx66(Q:0.3075, distinct_name:2, dictinctin_value:0.5718071591898053, par:58)
													idx74(Q:0.3204, distinct_name:2, dictinctin_value:0.3335199702259944, par:66)
														idx80(Q:0.3452, distinct_name:2, dictinctin_value:0.2585267021680285, par:74)
															idx86(Q:0.3514, distinct_name:2, dictinctin_value:0.13295569297273957, par:80)
																idx96(Q:0.3673, distinct_name:2, dictinctin_value:0.0933394603867821, par:86)
																	idx106(Q:0.3758, distinct_name:2, dictinctin_value:0.047951172568074005, par:96)
																		idx116(Q:0.3840, distinct_name:2, dictinctin_value:-0.0025517231675584334, par:106)
																			idx126(Q:0.3903, par:116)
																			idx127(Q:0.1318, par:116)
																		idx117(Q:0.1586, par:106)
																	idx107(Q:0.1150, par:96)
																idx97(Q:0.1327, par:86)
															idx87(Q:0.1678, par:80)
														idx81(Q:0.1545, par:74)
													idx75(Q:0.1923, par:66)
												idx67(Q:0.2653, distinct_name:0, dictinctin_value:0.284001031471605, par:58)
													idx506(Q:0.2658, distinct_name:0, dictinctin_value:0.28239410324000885, par:67)
														idx526(Q:0.2634, par:506)
														idx527(Q:0.5128, par:506)
													idx507(Q:0.2169, par:67)
											idx59(Q:0.4397, par:48)
										idx49(Q:0.4121, par:42)
									idx43(Q:0.5653, distinct_name:3, dictinctin_value:2.7956706813891117, par:34)
										idx490(Q:0.5576, distinct_name:0, dictinctin_value:0.28758459307995216, par:43)
											idx498(Q:0.5516, distinct_name:2, dictinctin_value:1.7926081731949, par:490)
												idx508(Q:0.5436, distinct_name:0, dictinctin_value:0.2865220549225975, par:498)
													idx516(Q:0.5432, distinct_name:0, dictinctin_value:0.2785989659591723, par:508)
														idx528(Q:0.5480, distinct_name:3, dictinctin_value:2.7261255458914433, par:516)
															idx534(Q:0.5527, par:528)
															idx535(Q:0.3125, par:528)
														idx529(Q:0.3011, par:516)
													idx517(Q:0.5832, par:508)
												idx509(Q:0.9712, par:498)
											idx499(Q:1.1979, par:490)
										idx491(Q:0.9811, par:43)
								idx35(Q:0.3350, distinct_name:1, dictinctin_value:1.344826515865718, par:26)
									idx236(Q:0.3328, distinct_name:3, dictinctin_value:1.6897348587436034, par:35)
										idx248(Q:0.3231, distinct_name:1, dictinctin_value:1.2341402111364463, par:236)
											idx262(Q:0.3241, distinct_name:3, dictinctin_value:1.3356049450605056, par:248)
												idx278(Q:0.3230, distinct_name:2, dictinctin_value:1.6241822054726756, par:262)
													idx294(Q:0.3148, distinct_name:0, dictinctin_value:0.3731119474318981, par:278)
														idx320(Q:0.3119, distinct_name:3, dictinctin_value:1.2759579982069145, par:294)
															idx344(Q:0.3000, distinct_name:0, dictinctin_value:0.37304242798500226, par:320)
																idx358(Q:0.2998, distinct_name:0, dictinctin_value:0.3707677109507447, par:344)
																	idx372(Q:0.3029, distinct_name:0, dictinctin_value:0.3697040787425107, par:358)
																		idx384(Q:0.3048, distinct_name:2, dictinctin_value:1.3789177574365135, par:372)
																			idx398(Q:0.3025, par:384)
																			idx399(Q:0.3513, par:384)
																		idx385(Q:0.2247, par:372)
																	idx373(Q:0.1232, par:358)
																idx359(Q:0.3297, par:344)
															idx345(Q:0.6603, par:320)
														idx321(Q:0.3900, par:294)
													idx295(Q:0.5166, par:278)
												idx279(Q:0.3611, par:262)
											idx263(Q:0.2222, par:248)
										idx249(Q:0.7279, par:236)
									idx237(Q:0.4928, par:35)
							idx27(Q:0.3170, distinct_name:2, dictinctin_value:1.5527241962490086, par:20)
								idx156(Q:0.3132, distinct_name:0, dictinctin_value:0.5137061072990365, par:27)
									idx166(Q:0.3176, distinct_name:0, dictinctin_value:0.5083060291160676, par:156)
										idx174(Q:0.3173, distinct_name:1, dictinctin_value:1.235555391656205, par:166)
											idx182(Q:0.3173, distinct_name:0, dictinctin_value:0.499318407708209, par:174)
												idx190(Q:0.3239, distinct_name:3, dictinctin_value:1.6437138459193195, par:182)
													idx198(Q:0.3166, distinct_name:0, dictinctin_value:0.4978828276393789, par:190)
														idx208(Q:0.3194, distinct_name:2, dictinctin_value:1.3588453420210258, par:198)
															idx222(Q:0.3162, distinct_name:2, dictinctin_value:0.9721483625475897, par:208)
																idx238(Q:0.3177, distinct_name:0, dictinctin_value:0.4972801494332726, par:222)
																	idx250(Q:0.3152, distinct_name:2, dictinctin_value:0.944961054171824, par:238)
																		idx264(Q:0.3189, distinct_name:2, dictinctin_value:0.872803430709856, par:250)
																			idx280(Q:0.3241, par:264)
																			idx281(Q:0.2212, par:264)
																		idx265(Q:0.0703, par:250)
																	idx251(Q:0.5718, par:238)
																idx239(Q:0.2959, par:222)
															idx223(Q:0.4053, par:208)
														idx209(Q:0.1910, par:198)
													idx199(Q:0.6635, par:190)
												idx191(Q:0.2304, par:182)
											idx183(Q:0.3175, par:174)
										idx175(Q:0.3233, par:166)
									idx167(Q:0.2530, par:156)
								idx157(Q:0.4297, par:27)
						idx21(Q:0.3487, distinct_name:1, dictinctin_value:1.3201670622027022, par:16)
							idx150(Q:0.3470, distinct_name:1, dictinctin_value:1.2234607090751204, par:21)
								idx158(Q:0.3474, distinct_name:1, dictinctin_value:1.0226433736171432, par:150)
									idx168(Q:0.3411, distinct_name:0, dictinctin_value:0.6649352976939671, par:158)
										idx176(Q:0.3405, distinct_name:2, dictinctin_value:1.8028367177150562, par:168)
											idx184(Q:0.3369, distinct_name:3, dictinctin_value:1.321083281680176, par:176)
												idx210(Q:0.3161, distinct_name:1, dictinctin_value:0.7493197611500411, par:184)
													idx224(Q:0.3147, distinct_name:2, dictinctin_value:1.1954012588052898, par:210)
														idx266(Q:0.3139, distinct_name:1, dictinctin_value:0.6035401367847275, par:224)
															idx282(Q:0.3180, distinct_name:1, dictinctin_value:0.5166827335099701, par:266)
																idx296(Q:0.3233, distinct_name:0, dictinctin_value:0.663963378246939, par:282)
																	idx308(Q:0.3210, distinct_name:0, dictinctin_value:0.6638782806630827, par:296)
																		idx322(Q:0.3188, distinct_name:2, dictinctin_value:1.1091905022156634, par:308)
																			idx332(Q:0.3227, par:322)
																			idx333(Q:0.1698, par:322)
																		idx323(Q:0.7405, par:308)
																	idx309(Q:0.7765, par:296)
																idx297(Q:0.1859, par:282)
															idx283(Q:0.2295, par:266)
														idx267(Q:0.3255, par:224)
													idx225(Q:0.3275, par:210)
												idx211(Q:0.5543, par:184)
											idx185(Q:0.4344, par:176)
										idx177(Q:0.3575, par:168)
									idx169(Q:0.5420, par:158)
								idx159(Q:0.2851, par:150)
							idx151(Q:0.4182, par:21)
					idx17(Q:0.3101, distinct_name:3, dictinctin_value:0.8871619234739136, par:14)
						idx22(Q:0.2790, distinct_name:1, dictinctin_value:0.895274831679809, par:17)
							idx28(Q:0.2624, distinct_name:3, dictinctin_value:0.4147697243292515, par:22)
								idx36(Q:0.2536, distinct_name:3, dictinctin_value:-0.009439492879810042, par:28)
									idx50(Q:0.2504, distinct_name:0, dictinctin_value:2.3121117874404824, par:36)
										idx52(Q:0.2515, distinct_name:0, dictinctin_value:1.9483716250181808, par:50)
											idx60(Q:0.2539, distinct_name:3, dictinctin_value:-0.018025248765568658, par:52)
												idx68(Q:0.2614, distinct_name:2, dictinctin_value:0.8033765660185509, par:60)
													idx88(Q:0.2645, distinct_name:2, dictinctin_value:0.6003623148969123, par:68)
														idx98(Q:0.2722, distinct_name:2, dictinctin_value:0.5329635912790776, par:88)
															idx108(Q:0.2776, distinct_name:2, dictinctin_value:0.3621996786015208, par:98)
																idx118(Q:0.2909, distinct_name:3, dictinctin_value:-0.05260374571449391, par:108)
																	idx128(Q:0.2933, distinct_name:2, dictinctin_value:0.22149263805201816, par:118)
																		idx134(Q:0.3077, distinct_name:2, dictinctin_value:0.13324256965432388, par:128)
																			idx140(Q:0.3210, par:134)
																			idx141(Q:0.1310, par:134)
																		idx135(Q:0.1442, par:128)
																	idx129(Q:0.2327, par:118)
																idx119(Q:0.1418, par:108)
															idx109(Q:0.1719, par:98)
														idx99(Q:0.1717, par:88)
													idx89(Q:0.2513, distinct_name:0, dictinctin_value:1.9001636825637473, par:68)
														idx420(Q:0.2491, distinct_name:0, dictinctin_value:1.8970534364477791, par:89)
															idx428(Q:0.2494, distinct_name:0, dictinctin_value:1.7864713255325577, par:420)
																idx434(Q:0.2507, distinct_name:0, dictinctin_value:1.7345810667045185, par:428)
																	idx440(Q:0.2479, distinct_name:0, dictinctin_value:1.7300479805066988, par:434)
																		idx446(Q:0.2487, distinct_name:0, dictinctin_value:1.6826477660222412, par:440)
																			idx452(Q:0.2460, par:446)
																			idx453(Q:0.3516, par:446)
																		idx447(Q:0.1492, par:440)
																	idx441(Q:0.3355, par:434)
																idx435(Q:0.2094, par:428)
															idx429(Q:0.2144, par:420)
														idx421(Q:0.2937, par:89)
												idx69(Q:0.1947, par:60)
											idx61(Q:0.2072, par:52)
										idx53(Q:0.2033, par:50)
									idx51(Q:0.2649, distinct_name:0, dictinctin_value:2.2255864685353126, par:36)
										idx268(Q:0.2653, distinct_name:0, dictinctin_value:1.8770234609938123, par:51)
											idx284(Q:0.2651, distinct_name:1, dictinctin_value:0.8208254329434517, par:268)
												idx298(Q:0.2667, distinct_name:0, dictinctin_value:1.7199871451158526, par:284)
													idx310(Q:0.2688, distinct_name:3, dictinctin_value:0.39481973457279324, par:298)
														idx346(Q:0.2702, distinct_name:2, dictinctin_value:2.0591657816242117, par:310)
															idx360(Q:0.2593, distinct_name:2, dictinctin_value:1.6416632040499568, par:346)
																idx374(Q:0.2589, distinct_name:0, dictinctin_value:1.6846076849979201, par:360)
																	idx386(Q:0.2592, distinct_name:2, dictinctin_value:1.5364517172370076, par:374)
																		idx400(Q:0.2585, distinct_name:2, dictinctin_value:1.321416179085615, par:386)
																			idx408(Q:0.2553, par:400)
																			idx409(Q:0.3431, par:400)
																		idx401(Q:0.2866, par:386)
																	idx387(Q:0.2080, par:374)
																idx375(Q:0.2773, par:360)
															idx361(Q:0.7383, par:346)
														idx347(Q:0.2266, par:310)
													idx311(Q:0.2142, par:298)
												idx299(Q:0.2139, par:284)
											idx285(Q:0.2688, par:268)
										idx269(Q:0.2537, par:51)
								idx37(Q:0.3043, distinct_name:1, dictinctin_value:0.7946772031835798, par:28)
									idx312(Q:0.2955, distinct_name:2, dictinctin_value:1.9378572482198, par:37)
										idx324(Q:0.2849, distinct_name:0, dictinctin_value:2.1880833067537604, par:312)
											idx334(Q:0.2855, distinct_name:0, dictinctin_value:2.1673152418059, par:324)
												idx348(Q:0.2822, distinct_name:0, dictinctin_value:2.0644684179947266, par:334)
													idx362(Q:0.2809, distinct_name:2, dictinctin_value:1.6060442338491094, par:348)
														idx376(Q:0.2707, distinct_name:0, dictinctin_value:1.8821116949330967, par:362)
															idx388(Q:0.2743, distinct_name:2, dictinctin_value:1.5867185725408008, par:376)
																idx402(Q:0.2745, distinct_name:0, dictinctin_value:1.8162737627685595, par:388)
																	idx410(Q:0.2785, distinct_name:2, dictinctin_value:1.474613989336331, par:402)
																		idx414(Q:0.2726, distinct_name:2, dictinctin_value:1.322085439542282, par:410)
																			idx422(Q:0.2725, par:414)
																			idx423(Q:0.2744, par:414)
																		idx415(Q:0.7277, par:410)
																	idx411(Q:0.1206, par:402)
																idx403(Q:0.2603, par:388)
															idx389(Q:0.1720, par:376)
														idx377(Q:0.5646, par:362)
													idx363(Q:0.3605, par:348)
												idx349(Q:0.5786, par:334)
											idx335(Q:0.2620, par:324)
										idx325(Q:0.6817, par:312)
									idx313(Q:0.4699, par:37)
							idx29(Q:0.3990, distinct_name:0, dictinctin_value:2.44084525907838, par:22)
								idx336(Q:0.4008, distinct_name:0, dictinctin_value:2.3332385876998147, par:29)
									idx350(Q:0.4013, distinct_name:2, dictinctin_value:1.313989803673234, par:336)
										idx364(Q:0.3669, distinct_name:2, dictinctin_value:1.2075088067941002, par:350)
											idx378(Q:0.3638, distinct_name:0, dictinctin_value:2.3276851139515355, par:364)
												idx390(Q:0.3625, distinct_name:2, dictinctin_value:1.1566628366759308, par:378)
													idx404(Q:0.3596, distinct_name:2, dictinctin_value:1.049026714172236, par:390)
														idx412(Q:0.3558, distinct_name:2, dictinctin_value:1.0138168631315498, par:404)
															idx418(Q:0.3527, distinct_name:0, dictinctin_value:2.3136303024689413, par:412)
																idx424(Q:0.3526, distinct_name:1, dictinctin_value:1.4142431093508798, par:418)
																	idx430(Q:0.3566, distinct_name:0, dictinctin_value:2.2572655688242222, par:424)
																		idx442(Q:0.3551, distinct_name:0, dictinctin_value:2.2507333712501807, par:430)
																			idx454(Q:0.3551, par:442)
																			idx455(Q:0.3551, par:442)
																		idx443(Q:0.5398, par:430)
																	idx431(Q:0.2289, par:424)
																idx425(Q:0.3611, par:418)
															idx419(Q:0.4918, par:412)
														idx413(Q:0.5241, par:404)
													idx405(Q:0.5629, par:390)
												idx391(Q:0.5313, par:378)
											idx379(Q:0.5828, par:364)
										idx365(Q:0.7020, par:350)
									idx351(Q:0.3317, par:336)
								idx337(Q:0.2579, par:29)
						idx23(Q:0.4630, distinct_name:0, dictinctin_value:2.1444723574903684, par:17)
							idx160(Q:0.4649, distinct_name:0, dictinctin_value:2.133798778100152, par:23)
								idx170(Q:0.4653, distinct_name:2, dictinctin_value:1.564504591409782, par:160)
									idx178(Q:0.4428, distinct_name:2, dictinctin_value:1.4113473869711974, par:170)
										idx186(Q:0.4373, distinct_name:0, dictinctin_value:2.1063540893171067, par:178)
											idx192(Q:0.4384, distinct_name:2, dictinctin_value:1.2195161175228741, par:186)
												idx200(Q:0.4356, distinct_name:0, dictinctin_value:1.9676721667093595, par:192)
													idx212(Q:0.4333, distinct_name:0, dictinctin_value:1.8926417272552991, par:200)
														idx226(Q:0.4323, distinct_name:0, dictinctin_value:1.7713311316515392, par:212)
															idx252(Q:0.4375, distinct_name:1, dictinctin_value:1.3213229930390704, par:226)
																idx270(Q:0.4306, distinct_name:0, dictinctin_value:1.7442155745503336, par:252)
																	idx300(Q:0.4283, distinct_name:0, dictinctin_value:1.3536781616204123, par:270)
																		idx392(Q:0.4284, distinct_name:0, dictinctin_value:1.2274516322533688, par:300)
																			idx416(Q:0.4329, par:392)
																			idx417(Q:0.3923, par:392)
																		idx393(Q:0.4279, par:300)
																	idx301(Q:0.6548, par:270)
																idx271(Q:0.6678, par:252)
															idx253(Q:0.2546, par:226)
														idx227(Q:0.4779, par:212)
													idx213(Q:0.5051, par:200)
												idx201(Q:0.5086, par:192)
											idx193(Q:0.3158, par:186)
										idx187(Q:0.6250, par:178)
									idx179(Q:0.8875, par:170)
								idx171(Q:0.3511, par:160)
							idx161(Q:0.4030, par:23)
				idx15(Q:0.6052, distinct_name:2, dictinctin_value:1.9938158806166744, par:9)
					idx194(Q:0.5947, distinct_name:3, dictinctin_value:2.0149638943737203, par:15)
						idx202(Q:0.5854, distinct_name:3, dictinctin_value:1.626087400144554, par:194)
							idx214(Q:0.5820, distinct_name:1, dictinctin_value:2.6727016574162166, par:202)
								idx228(Q:0.5673, distinct_name:2, dictinctin_value:1.776904010924299, par:214)
									idx240(Q:0.5613, distinct_name:2, dictinctin_value:1.4203463682180766, par:228)
										idx254(Q:0.5498, distinct_name:0, dictinctin_value:2.115573493736756, par:240)
											idx272(Q:0.5507, distinct_name:2, dictinctin_value:1.306259966260203, par:254)
												idx286(Q:0.5376, distinct_name:2, dictinctin_value:1.2529155214914378, par:272)
													idx302(Q:0.5327, distinct_name:2, dictinctin_value:0.808199081795812, par:286)
														idx314(Q:0.5037, distinct_name:2, dictinctin_value:0.7214446989843575, par:302)
															idx326(Q:0.4977, distinct_name:2, dictinctin_value:0.7041168221107604, par:314)
																idx338(Q:0.4965, distinct_name:0, dictinctin_value:2.1110030599556926, par:326)
																	idx352(Q:0.4974, distinct_name:0, dictinctin_value:2.0312710900603177, par:338)
																		idx366(Q:0.4964, distinct_name:2, dictinctin_value:0.6878681581259294, par:352)
																			idx394(Q:0.4936, par:366)
																			idx395(Q:0.7374, par:366)
																		idx367(Q:0.6738, par:352)
																	idx353(Q:0.3397, par:338)
																idx339(Q:0.6013, par:326)
															idx327(Q:0.6781, par:314)
														idx315(Q:0.8628, par:302)
													idx303(Q:0.8603, par:286)
												idx287(Q:0.8446, par:272)
											idx273(Q:0.5122, par:254)
										idx255(Q:0.7862, par:240)
									idx241(Q:0.9026, par:228)
								idx229(Q:0.8242, par:214)
							idx215(Q:0.6883, par:202)
						idx203(Q:0.9283, par:194)
					idx195(Q:0.9952, par:15)
		idx7(Q:0.4254, par:4)
	idx5(Q:0.3008, par:1)
