WARNING:tensorflow:From /Users/keithwu/opt/anaconda3/envs/auction-gym/lib/python3.10/site-packages/tensorflow/python/compat/v2_compat.py:107: disable_resource_variables (from tensorflow.python.ops.variable_scope) is deprecated and will be removed in a future version.
Instructions for updating:
non-resource variables are not supported in the long term
<_io.TextIOWrapper name='<stderr>' mode='w' encoding='utf-8'> reading from ../UTree_model_numpy/DM/model_boost_linear_qsplit_noabs_save/, starting at 99
<_io.TextIOWrapper name='<stderr>' mode='w' encoding='utf-8'> =============== update starts ===============
(average_diff:0.017860874484229718, max_diff:0.12454504232382724, training_epochs:50, lr:0.05)
<_io.TextIOWrapper name='<stderr>' mode='w' encoding='utf-8'> node index is 111
train linear regression time:  0.05404087482020259
(average_diff:0.015099999775916298, max_diff:0.09625555336036432, training_epochs:50, lr:0.05)
<_io.TextIOWrapper name='<stderr>' mode='w' encoding='utf-8'> node index is 101
train linear regression time:  0.054426541086286306
(average_diff:0.008677188624635814, max_diff:0.044318363528170424, training_epochs:50, lr:0.05)
<_io.TextIOWrapper name='<stderr>' mode='w' encoding='utf-8'> node index is 91
train linear regression time:  0.05446795793250203
(average_diff:0.015260130937436825, max_diff:0.20043037252538543, training_epochs:50, lr:0.05)
<_io.TextIOWrapper name='<stderr>' mode='w' encoding='utf-8'> node index is 83
train linear regression time:  0.05495708296075463
(average_diff:0.022086938347769827, max_diff:0.2205026234550353, training_epochs:50, lr:0.05)
<_io.TextIOWrapper name='<stderr>' mode='w' encoding='utf-8'> node index is 77
train linear regression time:  0.05452079186215997
(average_diff:0.04517743937617355, max_diff:0.2813217481319012, training_epochs:50, lr:0.05)
<_io.TextIOWrapper name='<stderr>' mode='w' encoding='utf-8'> node index is 608
train linear regression time:  0.054892624728381634
(average_diff:4.605205106145149e-13, max_diff:4.605205106145149e-13, training_epochs:50, lr:0.05)
<_io.TextIOWrapper name='<stderr>' mode='w' encoding='utf-8'> node index is 609
train linear regression time:  0.054777832701802254
(average_diff:1.2487047507114823e-09, max_diff:1.8181660343952188e-09, training_epochs:50, lr:0.05)
<_io.TextIOWrapper name='<stderr>' mode='w' encoding='utf-8'> node index is 607
train linear regression time:  0.05436779232695699
(average_diff:6.781511635466086e-05, max_diff:7.168260859699571e-05, training_epochs:50, lr:0.05)
<_io.TextIOWrapper name='<stderr>' mode='w' encoding='utf-8'> node index is 605
train linear regression time:  0.055201875045895576
(average_diff:7.9917493178705e-09, max_diff:1.003066668614494e-08, training_epochs:50, lr:0.05)
<_io.TextIOWrapper name='<stderr>' mode='w' encoding='utf-8'> node index is 603
train linear regression time:  0.05405354080721736
(average_diff:0.051487947818712465, max_diff:0.20800093021915522, training_epochs:50, lr:0.05)
<_io.TextIOWrapper name='<stderr>' mode='w' encoding='utf-8'> node index is 63
train linear regression time:  0.05403550015762448
(average_diff:0.06119761642186534, max_diff:0.10962047668479691, training_epochs:50, lr:0.05)
<_io.TextIOWrapper name='<stderr>' mode='w' encoding='utf-8'> node index is 501
train linear regression time:  0.05393379181623459
(average_diff:0.002681566309910205, max_diff:0.002789946810358379, training_epochs:50, lr:0.05)
<_io.TextIOWrapper name='<stderr>' mode='w' encoding='utf-8'> node index is 493
train linear regression time:  0.053859082981944084
(average_diff:3.3132458811258036e-08, max_diff:3.68188265015279e-08, training_epochs:50, lr:0.05)
<_io.TextIOWrapper name='<stderr>' mode='w' encoding='utf-8'> node index is 485
train linear regression time:  0.05464616697281599
(average_diff:0.0119597880970274, max_diff:0.01979153298089764, training_epochs:50, lr:0.05)
<_io.TextIOWrapper name='<stderr>' mode='w' encoding='utf-8'> node index is 481
train linear regression time:  0.053919083904474974
(average_diff:2.7755575615628914e-17, max_diff:2.7755575615628914e-17, training_epochs:50, lr:0.05)
<_io.TextIOWrapper name='<stderr>' mode='w' encoding='utf-8'> node index is 475
train linear regression time:  0.05392358312383294
(average_diff:0.0020862371963896523, max_diff:0.0040319008075073715, training_epochs:50, lr:0.05)
<_io.TextIOWrapper name='<stderr>' mode='w' encoding='utf-8'> node index is 469
train linear regression time:  0.056991500314325094
(average_diff:0.014029628683462187, max_diff:0.021616137162991655, training_epochs:50, lr:0.05)
<_io.TextIOWrapper name='<stderr>' mode='w' encoding='utf-8'> node index is 465
train linear regression time:  0.05796566605567932
(average_diff:0.0044193274953452195, max_diff:0.006762701179852393, training_epochs:50, lr:0.05)
<_io.TextIOWrapper name='<stderr>' mode='w' encoding='utf-8'> node index is 587
train linear regression time:  0.054328625090420246
(average_diff:5.5099897465833714e-05, max_diff:5.835573732201893e-05, training_epochs:50, lr:0.05)
<_io.TextIOWrapper name='<stderr>' mode='w' encoding='utf-8'> node index is 581
train linear regression time:  0.054283874575048685
(average_diff:0.004554750273592426, max_diff:0.008194068408492794, training_epochs:50, lr:0.05)
<_io.TextIOWrapper name='<stderr>' mode='w' encoding='utf-8'> node index is 571
train linear regression time:  0.05445575015619397
(average_diff:0.0, max_diff:0.0, training_epochs:50, lr:0.05)
<_io.TextIOWrapper name='<stderr>' mode='w' encoding='utf-8'> node index is 549
train linear regression time:  0.054216291289776564
(average_diff:0.014080256566894692, max_diff:0.02121393483875683, training_epochs:50, lr:0.05)
<_io.TextIOWrapper name='<stderr>' mode='w' encoding='utf-8'> node index is 537
train linear regression time:  0.05429650004953146
(average_diff:0.00602637158109256, max_diff:0.009266264239262079, training_epochs:50, lr:0.05)
<_io.TextIOWrapper name='<stderr>' mode='w' encoding='utf-8'> node index is 531
train linear regression time:  0.05431737471371889
(average_diff:0.0011628359970347242, max_diff:0.0018164800508047585, training_epochs:50, lr:0.05)
<_io.TextIOWrapper name='<stderr>' mode='w' encoding='utf-8'> node index is 521
train linear regression time:  0.0546043342910707
(average_diff:0.02528223978165751, max_diff:0.03954697051725824, training_epochs:50, lr:0.05)
<_io.TextIOWrapper name='<stderr>' mode='w' encoding='utf-8'> node index is 511
train linear regression time:  0.056001375429332256
(average_diff:0.0039330645995344455, max_diff:0.005834946954787423, training_epochs:50, lr:0.05)
<_io.TextIOWrapper name='<stderr>' mode='w' encoding='utf-8'> node index is 473
train linear regression time:  0.05474904226139188
(average_diff:2.8449465006019636e-16, max_diff:3.7470027081099033e-16, training_epochs:50, lr:0.05)
<_io.TextIOWrapper name='<stderr>' mode='w' encoding='utf-8'> node index is 471
train linear regression time:  0.05685987509787083
(average_diff:0.02271235463142975, max_diff:0.03033245066652132, training_epochs:50, lr:0.05)
<_io.TextIOWrapper name='<stderr>' mode='w' encoding='utf-8'> node index is 467
train linear regression time:  0.05727833276614547
(average_diff:0.010406492935498595, max_diff:0.021314761806587035, training_epochs:50, lr:0.05)
<_io.TextIOWrapper name='<stderr>' mode='w' encoding='utf-8'> node index is 461
train linear regression time:  0.054564583115279675
(average_diff:0.0263328445851153, max_diff:0.06582154400591472, training_epochs:50, lr:0.05)
<_io.TextIOWrapper name='<stderr>' mode='w' encoding='utf-8'> node index is 457
train linear regression time:  0.055606209207326174
(average_diff:0.0, max_diff:0.0, training_epochs:50, lr:0.05)
<_io.TextIOWrapper name='<stderr>' mode='w' encoding='utf-8'> node index is 449
train linear regression time:  0.05425158282741904
(average_diff:1.1796119636642288e-16, max_diff:1.8041124150158794e-16, training_epochs:50, lr:0.05)
<_io.TextIOWrapper name='<stderr>' mode='w' encoding='utf-8'> node index is 445
train linear regression time:  0.054127625189721584
(average_diff:0.020006982766336813, max_diff:0.03742250094583541, training_epochs:50, lr:0.05)
<_io.TextIOWrapper name='<stderr>' mode='w' encoding='utf-8'> node index is 433
train linear regression time:  0.054129166062921286
(average_diff:0.007569285332050961, max_diff:0.011295535829907333, training_epochs:50, lr:0.05)
<_io.TextIOWrapper name='<stderr>' mode='w' encoding='utf-8'> node index is 427
train linear regression time:  0.055338915903121(av(average_diff:4.929390229335695e-14, max_diff:5.445643935786393e-14, training_epochs:50, lr:0.05)
<_io.TextIOWrapper name='<stderr>' mode='w' encoding='utf-8'> node index is 599
train linear regression time:  0.055529292207211256
(average_diff:3.2876393679763527e-06, max_diff:3.563202789172437e-06, training_epochs:50, lr:0.05)
<_io.TextIOWrapper name='<stderr>' mode='w' encoding='utf-8'> node index is 597
train linear regression time:  0.0549594578333199
(average_diff:0.016195886111699063, max_diff:0.02460863072489336, training_epochs:50, lr:0.05)
<_io.TextIOWrapper name='<stderr>' mode='w' encoding='utf-8'> node index is 595
train linear regression time:  0.05412095878273249
(average_diff:0.0, max_diff:0.0, training_epochs:50, lr:0.05)
<_io.TextIOWrapper name='<stderr>' mode='w' encoding='utf-8'> node index is 593
train linear regression time:  0.05436629196628928
(average_diff:0.000101882907604392, max_diff:0.00010602041067442336, training_epochs:50, lr:0.05)
<_io.TextIOWrapper name='<stderr>' mode='w' encoding='utf-8'> node index is 589
train linear regression time:  0.05402333289384842
(average_diff:0.0, max_diff:0.0, training_epochs:50, lr:0.05)
<_io.TextIOWrapper name='<stderr>' mode='w' encoding='utf-8'> node index is 583
train linear regression time:  0.05440283287316561
(average_diff:0.0464965618911458, max_diff:0.0860645474696651, training_epochs:50, lr:0.05)
<_io.TextIOWrapper name='<stderr>' mode='w' encoding='utf-8'> node index is 573
train linear regression time:  0.055351332761347294
(average_diff:0.015357990971786487, max_diff:0.02575075894515988, training_epochs:50, lr:0.05)
<_io.TextIOWrapper name='<stderr>' mode='w' encoding='utf-8'> node index is 563
train linear regression time:  0.054277374874800444
(average_diff:0.0018335378175066697, max_diff:0.0024961814389017623, training_epochs:50, lr:0.05)
<_io.TextIOWrapper name='<stderr>' mode='w' encoding='utf-8'> node index is 551
train linear regression time:  0.054264375008642673
(average_diff:0.0, max_diff:0.0, training_epochs:50, lr:0.05)
<_io.TextIOWrapper name='<stderr>' mode='w' encoding='utf-8'> node index is 545
train linear regression time:  0.054304291028529406
(average_diff:0.0031281734585310397, max_diff:0.005061250993026012, training_epochs:50, lr:0.05)
<_io.TextIOWrapper name='<stderr>' mode='w' encoding='utf-8'> node index is 369
train linear regression time:  0.05428412510082126
(average_diff:0.010268839012794434, max_diff:0.019162699134282035, training_epochs:50, lr:0.05)
<_io.TextIOWrapper name='<stderr>' mode='w' encoding='utf-8'> node index is 355
train linear regression time:  0.05453324969857931
(average_diff:0.019900807579689705, max_diff:0.04108363068419807, training_epochs:50, lr:0.05)
<_io.TextIOWrapper name='<stderr>' mode='w' encoding='utf-8'> node index is 341
train linear regression time:  0.054303084034472704
(average_diff:0.09731718790108809, max_diff:0.20763624842369433, training_epochs:50, lr:0.05)
<_io.TextIOWrapper name='<stderr>' mode='w' encoding='utf-8'> node index is 329
train linear regression time:  0.054483375046402216
(average_diff:0.019849267949388356, max_diff:0.03568081188668701, training_epochs:50, lr:0.05)
<_io.TextIOWrapper name='<stderr>' mode='w' encoding='utf-8'> node index is 317
train linear regression time:  0.054204124957323074
(average_diff:0.06768917576715894, max_diff:0.23339661857749003, training_epochs:50, lr:0.05)
<_io.TextIOWrapper name='<stderr>' mode='w' encoding='utf-8'> node index is 305
train linear regression time:  0.05435291584581137
(average_diff:0.006597722342047589, max_diff:0.010438043866192126, training_epochs:50, lr:0.05)
<_io.TextIOWrapper name='<stderr>' mode='w' encoding='utf-8'> node index is 289
train linear regression time:  0.05433175014331937
(average_diff:0.006000828200410424, max_diff:0.011494427744448643, training_epochs:50, lr:0.05)
<_io.TextIOWrapper name='<stderr>' mode='w' encoding='utf-8'> node index is 257
train linear regression time:  0.05426966678351164
(average_diff:0.07617029302484031, max_diff:0.20371537072936985, training_epochs:50, lr:0.05)
<_io.TextIOWrapper name='<stderr>' mode='w' encoding='utf-8'> node index is 243
train linear regression time:  0.05422387504950166
(average_diff:0.061768958390104954, max_diff:0.10141063431064856, training_epochs:50, lr:0.05)
<_io.TextIOWrapper name='<stderr>' mode='w' encoding='utf-8'> node index is 231
train linear regression time:  0.054420916829258204
(average_diff:0.09043702888965668, max_diff:0.18842286085941837, training_epochs:50, lr:0.05)
<_io.TextIOWrapper name='<stderr>' mode='w' encoding='utf-8'> node index is 217
train linear regression time:  0.05510795908048749
(average_diff:0.04018324779929083, max_diff:0.10650480803368234, training_epochs:50, lr:0.05)
<_io.TextIOWrapper name='<stderr>' mode='w' encoding='utf-8'> node index is 275
train linear regression time:  0.05426470935344696
(average_diff:0.015156038545405558, max_diff:0.02545337848506568, training_epochs:50, lr:0.05)
<_io.TextIOWrapper name='<stderr>' mode='w' encoding='utf-8'> node index is 259
train linear regression time:  0.05427325004711747
(average_diff:0.04200660634516718, max_diff:0.07676624896442197, training_epochs:50, lr:0.05)
<_io.TextIOWrapper name='<stderr>' mode='w' encoding='utf-8'> node index is 245
train linear regression time:  0.05425199959427118
(average_diff:0.03310943661978862, max_diff:0.21709268063047105, training_epochs:50, lr:0.05)
<_io.TextIOWrapper name='<stderr>' mode='w' encoding='utf-8'> node index is 233
train linear regression time:  0.05432470794767141
(average_diff:0.00033591740792905667, max_diff:0.0006794705582248706, training_epochs:50, lr:0.05)
<_io.TextIOWrapper name='<stderr>' mode='w' encoding='utf-8'> node index is 219
train linear regression time:  0.05420633405447006
(average_diff:0.009835167574896098, max_diff:0.024073756150008063, training_epochs:50, lr:0.05)
<_io.TextIOWrapper name='<stderr>' mode='w' encoding='utf-8'> node index is 205
train linear regression time:  0.05432358384132385
(average_diff:0.02167171233206813, max_diff:0.04906965238022287, training_epochs:50, lr:0.05)
<_io.TextIOWrapper name='<stderr>' mode='w' encoding='utf-8'> node index is 197
train linear regression time:  0.054201832972466946
(average_diff:0.03047966687911348, max_diff:0.09557960682232708, training_epochs:50, lr:0.05)
<_io.TextIOWrapper name='<stderr>' mode='w' encoding='utf-8'> node index is 189
train linear regression time:  0.0542496251873672
(average_diff:0.03919458825396024, max_diff:0.18908445830549958, training_epochs:50, lr:0.05)
<_io.TextIOWrapper name='<stderr>' mode='w' encoding='utf-8'> node index is 181
train linear regression time:  0.054399790707975626
(average_diff:0.024084411479774116, max_diff:0.07404039850767097, training_epochs:50, lr:0.05)
<_io.TextIOWrapper name='<stderr>' mode='w' encoding='utf-8'> node index is 173
train linear regression time:  0.054150540847331285
(average_diff:0.027625490418027452, max_diff:0.11186483194115693, training_epochs:50, lr:0.05)
<_io.TextIOWrapper name='<stderr>' mode='w' encoding='utf-8'> node index is 163
train linear regression time:  0.05432712519541383
(average_diff:0.0, max_diff:0.0, training_epochs:50, lr:0.05)
<_io.TextIOWrapper name='<stderr>' mode='w' encoding='utf-8'> node index is 153
train linear regression time:  0.0542217087931931
(average_diff:0.007700871917355079, max_diff:0.014730273356267087, training_epochs:50, lr:0.05)
<_io.TextIOWrapper name='<stderr>' mode='w' encoding='utf-8'> node index is 221
train linear regression time:  0.05434837518259883
(average_diff:0.11881102249529259, max_diff:0.3352288820128826, training_epochs:50, lr:0.05)
<_io.TextIOWrapper name='<stderr>' mode='w' encoding='utf-8'> node index is 207
train linear regression time:  0.054141208063811064
(average_diff:0.1546450451373046, max_diff:0.6717051910874883, training_epochs:50, lr:0.05)
<_io.TextIOWrapper name='<stderr>' mode='w' encoding='utf-8'> node index is 165
train linear regression time:  0.0548869171179831
(average_diff:0.1391853940366143, max_diff:0.29702790284525565, training_epochs:50, lr:0.05)
<_io.TextIOWrapper name='<stderr>' mode='w' encoding='utf-8'> nnode index is 155train linear regression time:  0.054274499882012606
(average_diff:0.16225971176496173, max_diff:0.32434533067064214, training_epochs:50, lr:0.05)
<_io.TextIOWrapper name='<stderr>' mode='w' encoding='utf-8'> node index is 149
train linear regression time:  0.054138916078954935
(average_diff:0.04855527090591739, max_diff:0.15057522924422942, training_epochs:50, lr:0.05)
<_io.TextIOWrapper name='<stderr>' mode='w' encoding='utf-8'> node index is 147
train linear regression time:  0.05435470771044493
(average_diff:0.05028556045571698, max_diff:0.16253875198483403, training_epochs:50, lr:0.05)
<_io.TextIOWrapper name='<stderr>' mode='w' encoding='utf-8'> node index is 143
train linear regression time:  0.0551466247998178
(average_diff:0.03837984177550779, max_diff:0.09581707249151705, training_epochs:50, lr:0.05)
<_io.TextIOWrapper name='<stderr>' mode='w' encoding='utf-8'> node index is 137
train linear regression time:  0.054708042182028294
(average_diff:0.04528833430222908, max_diff:0.14953587385137423, training_epochs:50, lr:0.05)
<_io.TextIOWrapper name='<stderr>' mode='w' encoding='utf-8'> node index is 131
train linear regression time:  0.054201957769691944
(average_diff:0.02935748677734823, max_diff:0.06809478552966647, training_epochs:50, lr:0.05)
<_io.TextIOWrapper name='<stderr>' mode='w' encoding='utf-8'> node index is 123
train linear regression time:  0.05437179235741496
(average_diff:0.03567757905444834, max_diff:0.10645661436590803, training_epochs:50, lr:0.05)
<_io.TextIOWrapper name='<stderr>' mode='w' encoding='utf-8'> node index is 113
train linear regression time:  0.054129499942064285
(average_diff:0.09898290768576887, max_diff:0.6339798614447104, training_epochs:50, lr:0.05)
<_io.TextIOWrapper name='<stderr>' mode='w' encoding='utf-8'> node index is 103
train linear regression time:  0.054218582808971405
(average_diff:0.04190210846047119, max_diff:0.1744960983734244, training_epochs:50, lr:0.05)
<_io.TextIOWrapper name='<stderr>' mode='w' encoding='utf-8'> node index is 93
train linear regression time:  0.05429791705682874
(average_diff:0.02327863365141675, max_diff:0.0836779923003704, training_epochs:50, lr:0.05)
<_io.TextIOWrapper name='<stderr>' mode='w' encoding='utf-8'> node index is 139
train linear regression time:  0.05424774996936321
(average_diff:0.06024924659717941, max_diff:0.2189340026850531, training_epochs:50, lr:0.05)
<_io.TextIOWrapper name='<stderr>' mode='w' encoding='utf-8'> node index is 133
train linear regression time:  0.053968166932463646
(average_diff:0.03484142708062467, max_diff:0.23427889914967032, training_epochs:50, lr:0.05)
<_io.TextIOWrapper name='<stderr>' mode='w' encoding='utf-8'> node index is 125
train linear regression time:  0.05405299970880151
(average_diff:0.07751508262673186, max_diff:0.29457183578129964, training_epochs:50, lr:0.05)
<_io.TextIOWrapper name='<stderr>' mode='w' encoding='utf-8'> node index is 115
train linear regression time:  0.05400120792910457
(average_diff:0.07645969128321652, max_diff:0.31814635824362647, training_epochs:50, lr:0.05)
<_io.TextIOWrapper name='<stderr>' mode='w' encoding='utf-8'> node index is 105
train linear regression time:  0.05407362477853894
(average_diff:0.06228826106033795, max_diff:0.23849181660864366, training_epochs:50, lr:0.05)
<_io.TextIOWrapper name='<stderr>' mode='w' encoding='utf-8'> node index is 95
train linear regression time:  0.05414570774883032
(average_diff:0.06886042518635585, max_diff:0.24506446419425126, training_epochs:50, lr:0.05)
<_io.TextIOWrapper name='<stderr>' mode='w' encoding='utf-8'> node index is 85
train linear regression time:  0.054089624900370836
(average_diff:0.0779971794451223, max_diff:0.2689841432004872, training_epochs:50, lr:0.05)
<_io.TextIOWrapper name='<stderr>' mode='w' encoding='utf-8'> node index is 79
train linear regression time:  0.05406666733324528
(average_diff:0.10477918488360476, max_diff:0.4435652470819951, training_epochs:50, lr:0.05)
<_io.TextIOWrapper name='<stderr>' mode='w' encoding='utf-8'> node index is 73
train linear regression time:  0.054818375036120415
(average_diff:0.0788578675077937, max_diff:0.3540260521608334, training_epochs:50, lr:0.05)
<_io.TextIOWrapper name='<stderr>' mode='w' encoding='utf-8'> node index is 65
train linear regression time:  0.054041999857872725
(average_diff:0.0, max_diff:0.0, training_epochs:50, lr:0.05)
<_io.TextIOWrapper name='<stderr>' mode='w' encoding='utf-8'> node index is 575
train linear regression time:  0.053873041179031134
(average_diff:1.1102230246251565e-16, max_diff:1.1102230246251565e-16, training_epochs:50, lr:0.05)
<_io.TextIOWrapper name='<stderr>' mode='w' encoding='utf-8'> node index is 565
train linear regression time:  0.05400154087692499
(average_diff:0.0062790089385848374, max_diff:0.01183303589145146, training_epochs:50, lr:0.05)
<_io.TextIOWrapper name='<stderr>' mode='w' encoding='utf-8'> node index is 557
train linear regression time:  0.0541247078217566
(average_diff:0.0, max_diff:0.0, training_epochs:50, lr:0.05)
<_io.TextIOWrapper name='<stderr>' mode='w' encoding='utf-8'> node index is 553
train linear regression time:  0.05476174969226122
(average_diff:0.0046271710467762905, max_diff:0.004693551554603048, training_epochs:50, lr:0.05)
<_io.TextIOWrapper name='<stderr>' mode='w' encoding='utf-8'> node index is 539
train linear regression time:  0.053856708109378815
(average_diff:0.00017379479874531553, max_diff:0.00027987560625397645, training_epochs:50, lr:0.05)
<_io.TextIOWrapper name='<stderr>' mode='w' encoding='utf-8'> node index is 523
train linear regression time:  0.05447379220277071
(average_diff:0.00051707899995726, max_diff:0.0006034253170826565, training_epochs:50, lr:0.05)
<_io.TextIOWrapper name='<stderr>' mode='w' encoding='utf-8'> node index is 513
train linear regression time:  0.05407149996608496
(average_diff:0.0, max_diff:0.0, training_epochs:50, lr:0.05)
<_io.TextIOWrapper name='<stderr>' mode='w' encoding='utf-8'> node index is 505
train linear regression time:  0.05375437485054135
(average_diff:0.018210946670557837, max_diff:0.032957237072974155, training_epochs:50, lr:0.05)
<_io.TextIOWrapper name='<stderr>' mode='w' encoding='utf-8'> node index is 495
train linear regression time:  0.054013415705412626
(average_diff:0.0318924892517903, max_diff:0.07011539388586334, training_epochs:50, lr:0.05)
<_io.TextIOWrapper name='<stderr>' mode='w' encoding='utf-8'> node index is 487
train linear regression time:  0.05394995817914605
(average_diff:0.09068375402537818, max_diff:0.5695787319368443, training_epochs:50, lr:0.05)
<_io.TextIOWrapper name='<stderr>' mode='w' encoding='utf-8'> node index is 47
train linear regression time:  0.05474066687747836
(average_diff:2.9424058523524106e-05, max_diff:4.727872279165768e-05, training_epochs:50, lr:0.05)
<_io.TextIOWrapper name='<stderr>' mode='w' encoding='utf-8'> node index is 397
train linear regression time:  0.05532629182562232
(average_diff:0.08586178592909713, max_diff:0.20048542427775026, training_epochs:50, lr:0.05)
<_io.TextIOWrapper name='<stderr>' mode='w' encoding='utf-8'> node index is 383
train linear regression time:  0.054003582801669836
(average_diff:0.04628920968248815, max_diff:0.08596103080757428, training_epochs:50, lr:0.05)
<_io.TextIOWrapper name='<stderr>' mode='w' encoding='utf-8'> node index is 371
train linear regression time:  0.05396379204466939
(average_diff:0.16705282622091394, max_diff:0.540523164970018, training_epochs:50, lr:0.05)
<_io.TextIOWrapper name='<stderr>' mode='w' encoding='utf-8'> node index is 357
train linear regression time:  0.05394970811903477
(average_diff:0.1373275174706664, max_diff:0.4270910489652514, training_epochs:50, lr:0.05)
<_io.TextIOWrapper name='<stderr>' mode='w' encoding='utf-8'> node index is 343
train linear regression time:  0.05401070835068822
(average_diff:0.16832039539332963, max_diff:0.40473784569369486, training_epochs:50, lr:0.05)
<_io.TextIOWrapper name='<stderr>' mode='w' encoding='utf-8'> node index is 331
train linear regression time:  0.05410070763900876
(average_diff:0.011495705504357245, max_diff:0.022860290618109458, training_epochs:50, lr:0.05<_<_io.TextIOWrapper name='<stderr>' mode='w' encoding='utf-8'> node index is 319
train linear regression time:  0.05316754197701812
(average_diff:0.17641484381392628, max_diff:0.5467669994103777, training_epochs:50, lr:0.05)
<_io.TextIOWrapper name='<stderr>' mode='w' encoding='utf-8'> node index is 307
train linear regression time:  0.05635283328592777
(average_diff:0.03353587020089849, max_diff:0.06650305884590169, training_epochs:50, lr:0.05)
<_io.TextIOWrapper name='<stderr>' mode='w' encoding='utf-8'> node index is 293
train linear regression time:  0.0545649160631001
(average_diff:0.01733257062217905, max_diff:0.05024623768137859, training_epochs:50, lr:0.05)
<_io.TextIOWrapper name='<stderr>' mode='w' encoding='utf-8'> node index is 277
train linear regression time:  0.05436029098927975
(average_diff:0.017688654814662648, max_diff:0.036050382220045446, training_epochs:50, lr:0.05)
<_io.TextIOWrapper name='<stderr>' mode='w' encoding='utf-8'> node index is 261
train linear regression time:  0.05434150015935302
(average_diff:0.09085333288619027, max_diff:0.2109940864054215, training_epochs:50, lr:0.05)
<_io.TextIOWrapper name='<stderr>' mode='w' encoding='utf-8'> node index is 247
train linear regression time:  0.05591941624879837
(average_diff:0.02363584331884601, max_diff:0.042406936517797256, training_epochs:50, lr:0.05)
<_io.TextIOWrapper name='<stderr>' mode='w' encoding='utf-8'> node index is 533
train linear regression time:  0.05434116581454873
(average_diff:0.0019086088037481713, max_diff:0.0035662557304213527, training_epochs:50, lr:0.05)
<_io.TextIOWrapper name='<stderr>' mode='w' encoding='utf-8'> node index is 525
train linear regression time:  0.05441375030204654
(average_diff:1.9587221801731225e-05, max_diff:2.14085846379497e-05, training_epochs:50, lr:0.05)
<_io.TextIOWrapper name='<stderr>' mode='w' encoding='utf-8'> node index is 515
train linear regression time:  0.05471395794302225
(average_diff:6.938893903907228e-17, max_diff:6.938893903907228e-17, training_epochs:50, lr:0.05)
<_io.TextIOWrapper name='<stderr>' mode='w' encoding='utf-8'> node index is 503
train linear regression time:  0.05468641687184572
(average_diff:0.08504031837615379, max_diff:0.13514732798849183, training_epochs:50, lr:0.05)
<_io.TextIOWrapper name='<stderr>' mode='w' encoding='utf-8'> node index is 497
train linear regression time:  0.054419207852333784
(average_diff:2.7755575615628914e-17, max_diff:2.7755575615628914e-17, training_epochs:50, lr:0.05)
<_io.TextIOWrapper name='<stderr>' mode='w' encoding='utf-8'> node index is 489
train linear regression time:  0.05439154198393226
(average_diff:0.0, max_diff:0.0, training_epochs:50, lr:0.05)
<_io.TextIOWrapper name='<stderr>' mode='w' encoding='utf-8'> node index is 483
train linear regression time:  0.05452254228293896
(average_diff:0.0, max_diff:0.0, training_epochs:50, lr:0.05)
<_io.TextIOWrapper name='<stderr>' mode='w' encoding='utf-8'> node index is 479
train linear regression time:  0.05459125014021993
(average_diff:0.024346196311422735, max_diff:0.04890631342019347, training_epochs:50, lr:0.05)
<_io.TextIOWrapper name='<stderr>' mode='w' encoding='utf-8'> node index is 463
train linear regression time:  0.05429850006476045
(average_diff:0.006360116397000348, max_diff:0.012932001953886885, training_epochs:50, lr:0.05)
<_io.TextIOWrapper name='<stderr>' mode='w' encoding='utf-8'> node index is 459
train linear regression time:  0.0543598341755569
(average_diff:1.0030309915975977e-12, max_diff:1.1071144001562061e-12, training_epochs:50, lr:0.05)
<_io.TextIOWrapper name='<stderr>' mode='w' encoding='utf-8'> node index is 451
train linear regression time:  0.05428687483072281
(average_diff:0.0, max_diff:0.0, training_epochs:50, lr:0.05)
<_io.TextIOWrapper name='<stderr>' mode='w' encoding='utf-8'> node index is 439
train linear regression time:  0.055260749999433756
(average_diff:0.007963288241795022, max_diff:0.018264601708030792, training_epochs:50, lr:0.05)
<_io.TextIOWrapper name='<stderr>' mode='w' encoding='utf-8'> node index is 437
train linear regression time:  0.05418829107657075
(average_diff:0.03399757511759514, max_diff:0.0788751933425953, training_epochs:50, lr:0.05)
<_io.TextIOWrapper name='<stderr>' mode='w' encoding='utf-8'> node index is 117
train linear regression time:  0.05652670795097947
(average_diff:0.021431192469972812, max_diff:0.059881582238079725, training_epochs:50, lr:0.05)
<_io.TextIOWrapper name='<stderr>' mode='w' encoding='utf-8'> node index is 107
train linear regression time:  0.05477899964898825
(average_diff:0.03438400231346438, max_diff:0.14585750160513855, training_epochs:50, lr:0.05)
<_io.TextIOWrapper name='<stderr>' mode='w' encoding='utf-8'> node index is 97
train linear regression time:  0.05458249989897013
(average_diff:0.049651758538186624, max_diff:0.15973098633581206, training_epochs:50, lr:0.05)
<_io.TextIOWrapper name='<stderr>' mode='w' encoding='utf-8'> node index is 87
train linear regression time:  0.05400187522172928
(average_diff:0.061429054492903264, max_diff:0.30622652627785774, training_epochs:50, lr:0.05)
<_io.TextIOWrapper name='<stderr>' mode='w' encoding='utf-8'> node index is 81
train linear regression time:  0.05485091684386134
(average_diff:0.07265642425670435, max_diff:0.2846326589359004, training_epochs:50, lr:0.05)
<_io.TextIOWrapper name='<stderr>' mode='w' encoding='utf-8'> node index is 75
train linear regression time:  0.05629229173064232
(average_diff:0.10933461409813967, max_diff:0.18361633938059618, training_epochs:50, lr:0.05)
<_io.TextIOWrapper name='<stderr>' mode='w' encoding='utf-8'> node index is 567
train linear regression time:  0.05445262510329485
(average_diff:2.1705415242934123e-12, max_diff:2.4307500456899334e-12, training_epochs:50, lr:0.05)
<_io.TextIOWrapper name='<stderr>' mode='w' encoding='utf-8'> node index is 559
train linear regression time:  0.05529512511566281
(average_diff:0.00010121634658358247, max_diff:0.00010354102434320667, training_epochs:50, lr:0.05)
<_io.TextIOWrapper name='<stderr>' mode='w' encoding='utf-8'> node index is 555
train linear regression time:  0.05433074990287423
(average_diff:0.02182153452232105, max_diff:0.045533420161736116, training_epochs:50, lr:0.05)
<_io.TextIOWrapper name='<stderr>' mode='w' encoding='utf-8'> node index is 547
train linear regression time:  0.05426454218104482
(average_diff:6.092726013871841e-05, max_diff:6.407564376029184e-05, training_epochs:50, lr:0.05)
<_io.TextIOWrapper name='<stderr>' mode='w' encoding='utf-8'> node index is 527
train linear regression time:  0.05395608302205801
(average_diff:0.03617263037958279, max_diff:0.04783686677287938, training_epochs:50, lr:0.05)
<_io.TextIOWrapper name='<stderr>' mode='w' encoding='utf-8'> node index is 507
train linear regression time:  0.0536899589933455
(average_diff:0.16027674129859773, max_diff:0.5810952809460836, training_epochs:50, lr:0.05)
<_io.TextIOWrapper name='<stderr>' mode='w' encoding='utf-8'> node index is 610
train linear regression time:  0.04983149981126189
<_io.TextIOWrapper name='<stderr>' mode='w' encoding='utf-8'> variance test passed, diff=0.05592720444799071, d = 0, back=0
<_io.TextIOWrapper name='<stderr>' mode='w' encoding='utf-8'> Will be split, p=0.05592720444799071, d=0, back=0
(average_diff:0.1579770601621959, max_diff:0.5899627555171616, training_epochs:50, lr:0.05)
<_io.TextIOWrapper name='<stderr>' mode='w' encoding='utf-8'> node index is 612
train linear regression time:  0.05487079173326492
(average_diff:3.105515844481488e-12, max_diff:3.105515844481488e-12, training_epochs:50, lr:0.05)
<_io.TextIOWrapper name='<stderr>' mode='w' encoding='utf-8'> node index is 613
train linear regression time:  0.05420995783060789
(average_diff:6.387113060668526e-13, max_diff:6.387113060668526e-13, training_epochs:50, lr:0.05)
<_io.TextIOWrapper name='<stderr>' mode='w' encoding='utf-8'> node index is 611
train linear regression time:  0.054200292099267244
(average_diff:0.09298413934303851, max_diff:0.406815802385591, training_epochs:50, lr:0.05)
<_io.TextIOWrapper name='<stderr>' mode='w' encoding='utf-8'> node index is 49
train linear regression time:  0.050.0544299171306
(average_diff:5.551115123125783e-17, max_diff:1.1102230246251565e-16, training_epochs:50, lr:0.05)
<_io.TextIOWrapper name='<stderr>' mode='w' encoding='utf-8'> node index is 569
train linear regression time:  0.05414787493646145
(average_diff:0.0, max_diff:0.0, training_epochs:50, lr:0.05)
<_io.TextIOWrapper name='<stderr>' mode='w' encoding='utf-8'> node index is 561
train linear regression time:  0.054255958180874586
(average_diff:1.6653345369377348e-16, max_diff:1.6653345369377348e-16, training_epochs:50, lr:0.05)
<_io.TextIOWrapper name='<stderr>' mode='w' encoding='utf-8'> node index is 543
train linear regression time:  0.054253832902759314
(average_diff:3.996423192376142e-10, max_diff:4.002997933127972e-10, training_epochs:50, lr:0.05)
<_io.TextIOWrapper name='<stderr>' mode='w' encoding='utf-8'> node index is 535
train linear regression time:  0.054418541956692934
(average_diff:0.0043112920602474845, max_diff:0.0072085619511680354, training_epochs:50, lr:0.05)
<_io.TextIOWrapper name='<stderr>' mode='w' encoding='utf-8'> node index is 529
train linear regression time:  0.05434433277696371
(average_diff:1.1102230246251565e-16, max_diff:1.1102230246251565e-16, training_epochs:50, lr:0.05)
<_io.TextIOWrapper name='<stderr>' mode='w' encoding='utf-8'> node index is 517
train linear regression time:  0.054251749999821186
(average_diff:0.0006598153112656879, max_diff:0.0006794767152508152, training_epochs:50, lr:0.05)
<_io.TextIOWrapper name='<stderr>' mode='w' encoding='utf-8'> node index is 509
train linear regression time:  0.05453270813450217
(average_diff:0.0, max_diff:0.0, training_epochs:50, lr:0.05)
<_io.TextIOWrapper name='<stderr>' mode='w' encoding='utf-8'> node index is 499
train linear regression time:  0.0552132916636765
(average_diff:0.003933949349833987, max_diff:0.007028178165264243, training_epochs:50, lr:0.05)
<_io.TextIOWrapper name='<stderr>' mode='w' encoding='utf-8'> node index is 491
train linear regression time:  0.05442450009286404
(average_diff:0.009154492810663214, max_diff:0.015451403850074125, training_epochs:50, lr:0.05)
<_io.TextIOWrapper name='<stderr>' mode='w' encoding='utf-8'> node index is 385
train linear regression time:  0.054246415849775076
(average_diff:0.11799717120784727, max_diff:0.22807095525581, training_epochs:50, lr:0.05)
<_io.TextIOWrapper name='<stderr>' mode='w' encoding='utf-8'> node index is 373
train linear regression time:  0.05441729165613651
(average_diff:0.0, max_diff:0.0, training_epochs:50, lr:0.05)
<_io.TextIOWrapper name='<stderr>' mode='w' encoding='utf-8'> node index is 359
train linear regression time:  0.05425366712734103
(average_diff:0.07233749936931766, max_diff:0.2168931511109698, training_epochs:50, lr:0.05)
<_io.TextIOWrapper name='<stderr>' mode='w' encoding='utf-8'> node index is 345
train linear regression time:  0.054195291362702847
(average_diff:0.09078361063134646, max_diff:0.17897245275464593, training_epochs:50, lr:0.05)
<_io.TextIOWrapper name='<stderr>' mode='w' encoding='utf-8'> node index is 321
train linear regression time:  0.054324083030223846
(average_diff:0.07948983917304436, max_diff:0.12009409491580864, training_epochs:50, lr:0.05)
<_io.TextIOWrapper name='<stderr>' mode='w' encoding='utf-8'> node index is 295
train linear regression time:  0.05431187525391579
(average_diff:0.19959304655657853, max_diff:0.33079596174344006, training_epochs:50, lr:0.05)
<_io.TextIOWrapper name='<stderr>' mode='w' encoding='utf-8'> node index is 279
train linear regression time:  0.0542088751681149
(average_diff:0.021304909344102917, max_diff:0.03506697023504157, training_epochs:50, lr:0.05)
<_io.TextIOWrapper name='<stderr>' mode='w' encoding='utf-8'> node index is 263
train linear regression time:  0.05422062473371625
(average_diff:0.06393457966258728, max_diff:0.22558283332656373, training_epochs:50, lr:0.05)
<_io.TextIOWrapper name='<stderr>' mode='w' encoding='utf-8'> node index is 249
train linear regression time:  0.05424266681075096
(average_diff:0.047508055442204336, max_diff:0.10883917579515584, training_epochs:50, lr:0.05)
<_io.TextIOWrapper name='<stderr>' mode='w' encoding='utf-8'> node index is 237
train linear regression time:  0.054286499973386526
(average_diff:0.020467750966588545, max_diff:0.05047307613019944, training_epochs:50, lr:0.05)
<_io.TextIOWrapper name='<stderr>' mode='w' encoding='utf-8'> node index is 265
train linear regression time:  0.054249000269919634
(average_diff:0.0, max_diff:0.0, training_epochs:50, lr:0.05)
<_io.TextIOWrapper name='<stderr>' mode='w' encoding='utf-8'> node index is 251
train linear regression time:  0.05437058303505182
(average_diff:0.07323879185112349, max_diff:0.367849709260342, training_epochs:50, lr:0.05)
<_io.TextIOWrapper name='<stderr>' mode='w' encoding='utf-8'> node index is 239
train linear regression time:  0.054309249855577946
(average_diff:0.08030950518296506, max_diff:0.17618894482161124, training_epochs:50, lr:0.05)
<_io.TextIOWrapper name='<stderr>' mode='w' encoding='utf-8'> node index is 223
train linear regression time:  0.054314292035996914
(average_diff:0.013461402645607115, max_diff:0.02761562765678316, training_epochs:50, lr:0.05)
<_io.TextIOWrapper name='<stderr>' mode='w' encoding='utf-8'> node index is 209
train linear regression time:  0.05528783332556486
(average_diff:0.08512014863175175, max_diff:0.17578858182084528, training_epochs:50, lr:0.05)
<_io.TextIOWrapper name='<stderr>' mode='w' encoding='utf-8'> node index is 199
train linear regression time:  0.055062499828636646
(average_diff:0.10312089900002111, max_diff:0.4071834843594365, training_epochs:50, lr:0.05)
<_io.TextIOWrapper name='<stderr>' mode='w' encoding='utf-8'> node index is 191
train linear regression time:  0.054367042146623135
(average_diff:0.1148949460568688, max_diff:0.20040614534809503, training_epochs:50, lr:0.05)
<_io.TextIOWrapper name='<stderr>' mode='w' encoding='utf-8'> node index is 183
train linear regression time:  0.055586500093340874
(average_diff:0.10878314789193312, max_diff:0.22562439473372842, training_epochs:50, lr:0.05)
<_io.TextIOWrapper name='<stderr>' mode='w' encoding='utf-8'> node index is 175
train linear regression time:  0.054352458100765944
(average_diff:0.09165905484148248, max_diff:0.2620899861959346, training_epochs:50, lr:0.05)
<_io.TextIOWrapper name='<stderr>' mode='w' encoding='utf-8'> node index is 167
train linear regression time:  0.05434566596522927
(average_diff:0.10219349624872251, max_diff:0.41886232118825906, training_epochs:50, lr:0.05)
<_io.TextIOWrapper name='<stderr>' mode='w' encoding='utf-8'> node index is 157
train linear regression time:  0.05395333282649517
(average_diff:0.0, max_diff:0.0, training_epochs:50, lr:0.05)
<_io.TextIOWrapper name='<stderr>' mode='w' encoding='utf-8'> node index is 323
train linear regression time:  0.056720041669905186
(average_diff:0.0, max_diff:0.0, training_epochs:50, lr:0.05)
<_io.TextIOWrapper name='<stderr>' mode='w' encoding='utf-8'> node index is 309
train linear regression time:  0.05415474995970726
(average_diff:0.08798328431930762, max_diff:0.17548078186335586, training_epochs:50, lr:0.05)
<_io.TextIOWrapper name='<stderr>' mode='w' encoding='utf-8'> node index is 297
train linear regression time:  0.05411362508311868
(average_diff:0.1556039831140629, max_diff:0.2642072393059505, training_epochs:50, lr:0.05)
<_io.TextIOWrapper name='<stderr>' mode='w' encoding='utf-8'> node index is 283
train linear regression time:  0.05407920805737376
(average_diff:0.07310775390282015, max_diff:0.2091786755018597, training_epochs:50, lr:0.05)
<_io.TextIOWrapper name='<stderr>' mode='w' encoding='utf-8'> node index is 267
train linear regression time:  0.05419366713613272
(average_diff:0.1721395537144791, max_diff:0.6462754369819828, training_epochs:50, lr:0.05)
<_io.TextIOWrapper name='<stderr>' mode='w' encoding='utf-8'> node index is 225
train linear regression time:  0.0542434579692781
(average_diff:0.21323151287137704, max_diff:0.4419502281762798, training_epochs:50, lr:0.05)
<_io.TextIOWrapper name='<stderr>' mode='w' encoding='utf-8'> node index is 211
train linear regression time:  0.05441608326509595
(average_diff:0.13135628191354165, max_diff:0.31835229877540866, training_epochs:50, lr:0.05)
<_io.TextIOWrapper name='<stderr>' mode='w' encoding='utf-8'> node index is 185
train linear regression time:  0.054414540994912386
(average_diff:0.1073004288739849, max_diff:0.5042790953928364, training_epochs:50, lr:0.05)
<_io.TextIOWrapper name='<stderr>' mode='w' encoding='utf-8'> node index is 177
train linear regression time:  0.058219249825924635
(average_diff:0.1916596154907655, max_diff:0.5827831066583621, training_epochs:50, lr:0.05)
<_io.TextIOWrapper name='<stderr>' mode='w' encoding='utf-8'> node index is 169
train linear regression time:  0.05683299992233515
(average_diff:0.061268899532047595, max_diff:0.1551709470605236, training_epochs:50, lr:0.05)
<_io.TextIOWrapper name='<stderr>' mode='w' encoding='utf-8'> node index is 159
train linear regression time:  0.054523250088095665
(average_diff:0.11815028186544513, max_diff:0.27016857389527194, training_epochs:50, lr:0.05)
<_io.TextIOWrapper name='<stderr>' mode='w' encoding='utf-8'> node index is 151
train linear regression time:  0.054150457959622145
(average_diff:0.03844802694198551, max_diff:0.1020005279211671, training_epochs:50, lr:0.05)
<_io.TextIOWrapper name='<stderr>' mode='w' encoding='utf-8'> node index is 135
train linear regression time:  0.05430458299815655
(average_diff:0.05379172241247146, max_diff:0.09815353585806372, training_epochs:50, lr:0.05)
<_io.TextIOWrapper name='<stderr>' mode='w' encoding='utf-8'> node index is 129
train linear regression time:  0.05426637502387166
(average_diff:0.034496664804619125, max_diff:0.13490534550002758, training_epochs:50, lr:0.05)
<_io.TextIOWrapper name='<stderr>' mode='w' encoding='utf-8'> node index is 119
train linear regression time:  0.054340542294085026
(average_diff:0.03886542642386114, max_diff:0.11034817495091509, training_epochs:50, lr:0.05)
<_io.TextIOWrapper name='<stderr>' mode='w' encoding='utf-8'> node index is 109
train linear regression time:  0.054811584297567606
(average_diff:0.04119321826466424, max_diff:0.1602945803485305, training_epochs:50, lr:0.05)
<_io.TextIOWrapper name='<stderr>' mode='w' encoding='utf-8'> node index is 99
train linear regression time:  0.05511354096233845
(average_diff:2.7755575615628914e-17, max_diff:2.7755575615628914e-17, training_epochs:50, lr:0.05)
<_io.TextIOWrapper name='<stderr>' mode='w' encoding='utf-8'> node index is 447
train linear regression time:  0.05434887483716011
(average_diff:0.019657369834130467, max_diff:0.040605551907548665, training_epochs:50, lr:0.05)
<_io.TextIOWrapper name='<stderr>' mode='w' encoding='utf-8'> node index is 441
train linear regression time:  0.05513720819726586
(average_diff:0.01382949838087758, max_diff:0.03217432099123918, training_epochs:50, lr:0.05)
<_io.TextIOWrapper name='<stderr>' mode='w' encoding='utf-8'> node index is 435
train linear regression time:  0.05426533427089453
(average_diff:0.0, max_diff:0.0, training_epochs:50, lr:0.05)
<_io.TextIOWrapper name='<stderr>' mode='w' encoding='utf-8'> node index is 429
train linear regression time:  0.054229707922786474
(average_diff:0.0006015770994815909, max_diff:0.0008982758159239435, training_epochs:50, lr:0.05)
<_io.TextIOWrapper name='<stderr>' mode='w' encoding='utf-8'> node index is 421
train linear regression time:  0.05418533273041248
(average_diff:0.005036290162717865, max_diff:0.1831878115749196, training_epochs:50, lr:0.05)
<_io.TextIOWrapper name='<stderr>' mode='w' encoding='utf-8'> node index is 69
train linear regression time:  0.05498812487348914
(average_diff:0.07548968175887961, max_diff:0.24286836190778893, training_epochs:50, lr:0.05)
<_io.TextIOWrapper name='<stderr>' mode='w' encoding='utf-8'> node index is 61
train linear regression time:  0.054418208077549934
(average_diff:0.09440482854775055, max_diff:0.47977694349453903, training_epochs:50, lr:0.05)
<_io.TextIOWrapper name='<stderr>' mode='w' encoding='utf-8'> node index is 53
train linear regression time:  0.05420524999499321
(average_diff:0.027026187211702572, max_diff:0.051862222593544616, training_epochs:50, lr:0.05)
<_io.TextIOWrapper name='<stderr>' mode='w' encoding='utf-8'> node index is 401
train linear regression time:  0.054236208088696
(average_diff:0.044374674373344816, max_diff:0.0686072728379016, training_epochs:50, lr:0.05)
<_io.TextIOWrapper name='<stderr>' mode='w' encoding='utf-8'> node index is 387
train linear regression time:  0.05415474995970726
(average_diff:0.009190972938280102, max_diff:0.020636227105987837, training_epochs:50, lr:0.05)
<_io.TextIOWrapper name='<stderr>' mode='w' encoding='utf-8'> node index is 375
train linear regression time:  0.054261124692857265
(average_diff:0.03385336823501391, max_diff:0.05915556101526043, training_epochs:50, lr:0.05)
<_io.TextIOWrapper name='<stderr>' mode='w' encoding='utf-8'> node index is 361
train linear regression time:  0.054202666971832514
(average_diff:0.04958954611718125, max_diff:0.09861716608858198, training_epochs:50, lr:0.05)
<_io.TextIOWrapper name='<stderr>' mode='w' encoding='utf-8'> node index is 347
train linear regression time:  0.054186458233743906
(average_diff:0.15847775076330062, max_diff:0.2962585698334731, training_epochs:50, lr:0.05)
<_io.TextIOWrapper name='<stderr>' mode='w' encoding='utf-8'> node index is 311
train linear regression time:  0.05422529112547636
(average_diff:0.06509146247981948, max_diff:0.14435334656768584, training_epochs:50, lr:0.05)
<_io.TextIOWrapper name='<stderr>' mode='w' encoding='utf-8'> node index is 299
train linear regression time:  0.05422233324497938
(average_diff:0.11059561654205786, max_diff:0.4603832135445775, training_epochs:50, lr:0.05)
<_io.TextIOWrapper name='<stderr>' mode='w' encoding='utf-8'> node index is 285
train linear regression time:  0.05419862503185868
(average_diff:0.1064491519505934, max_diff:0.32118082307382223, training_epochs:50, lr:0.05)
<_io.TextIOWrapper name='<stderr>' mode='w' encoding='utf-8'> node index is 269
train linear regression time:  0.05421162536367774
(average_diff:0.006644307898763783, max_diff:0.010228561328819996, training_epochs:50, lr:0.05)
<_io.TextIOWrapper name='<stderr>' mode='w' encoding='utf-8'> node index is 415
train linear regression time:  0.05435645813122392
(average_diff:0.01107773405488996, max_diff:0.016004598571499856, training_epochs:50, lr:0.05)
<_io.TextIOWrapper name='<stderr>' mode='w' encoding='utf-8'> node index is 411
train linear regression time:  0.0551102920435369
(average_diff:9.873907247381908e-13, max_diff:1.065314503279069e-12, training_epochs:50, lr:0.05)
<_io.TextIOWrapper name='<stderr>' mode='w' encoding='utf-8'> node index is 403
train linear regression time:  0.05398379219695926
(average_diff:0.07048194256772089, max_diff:0.13432571553845707, training_epochs:50, lr:0.05)
<_io.TextIOWrapper name='<stderr>' mode='w' encoding='utf-8'> node index is 389
train linear regression time:  0.054207833018153906
(average_diff:0.03978580603367332, max_diff:0.08412379535365522, training_epochs:50, lr:0.05)
<_io.TextIOWrapper name='<stderr>' mode='w' encoding='utf-8'> node index is 377
train linear regression time:  0.05410345923155546
(average_diff:0.007404413005313748, max_diff:0.014778878240813309, training_epochs:50, lr:0.05)
<_io.TextIOWrapper name='<stderr>' mode='w' encoding='utf-8'> node index is 363
train linear regression time:  0.05412662494927645
(average_diff:0.0673917714057365, max_diff:0.1166230395316265, training_epochs:50, lr:0.05)
<_io.TextIOWrapper name='<stderr>' mode='w' encoding='utf-8'> node index is 349
train linear regression time:  0.05412808386608958
(average_diff:0.04644004799008176, max_diff:0.08857056733822849, training_epochs:50, lr:0.05)
<_io.TextIOWrapper name='<stderr>' mode='w' encoding='utf-8'> node index is 335
train linear regression time:  0.05428658379241824
(average_diff:0.010945999998009229, max_diff:0.012886847299965587, training_epochs:50, lr:0.05)
<_io.TextIOWrapper name='<stderr>' mode='w' encoding='utf-8'> node index is 325
train linear regression time:  0.05422458332031965
(average_diff:0.127483520304126, max_diff:0.40057784748951614, training_epochs:50, lr:0.05)
<_io.TextIOWrapper name='<stderr>' mode='w' encoding='utf-8'> node index is 313
train linear regression time:  0.05431533418595791
(average_diff:1.1102230246251565e-16, max_diff:1.1102230246251565e-16, training_epochs:50, lr:0.05)
<_io.TextIOWrapper name='<stderr>' mode='w' encoding='utf-8'> node index is 443
train linear regression time:  0.05463795782998204
(average_diff:0.10154682167467305, max_diff:0.22321579388331209, training_epochs:50, lr:0.05)
<_io.TextIOWrapper name='<stderr>' mode='w' encoding='utf-8'> node index is 431
train linear regression time:  0.05425558378919959
(average_diff:0.0, max_diff:0.0, training_epochs:50, lr:0.05)
<_io.TextIOWrapper name='<stderr>' mode='w' encoding='utf-8'> node index is 425
train linear regression time:  0.05420133285224438
(average_diff:0.0009451191257430399, max_diff:0.0013846029591365605, training_epochs:50, lr:0.05)
<_io.TextIOWrapper name='<stderr>' mode='w' encoding='utf-8'> node index is 419
train linear regression time:  0.05420291610062122
(average_diff:0.0004179309274476665, max_diff:0.0006270855840871392, training_epochs:50, lr:0.05)
<_io.TextIOWrapper name='<stderr>' mode='w' encoding='utf-8'> node index is 413
train linear regression time:  0.05423212517052889
(average_diff:0.023293366150001937, max_diff:0.030901791281982005, training_epochs:50, lr:0.05)
<_io.TextIOWrapper name='<stderr>' mode='w' encoding='utf-8'> node index is 405
train linear regression time:  0.05425325036048889
(average_diff:0.0, max_diff:0.0, training_epochs:50, lr:0.05)
<_io.TextIOWrapper name='<stderr>' mode='w' encoding='utf-8'> node index is 391
train linear regression time:  0.054076040629297495
(average_diff:5.9396931817445875e-15, max_diff:5.995204332975845e-15, training_epochs:50, lr:0.05)
<_io.TextIOWrapper name='<stderr>' mode='w' encoding='utf-8'> node index is 379
train linear regression time:  0.05419341707602143
(average_diff:0.041746046187452444, max_diff:0.13170705319982923, training_epochs:50, lr:0.05)
<_io.TextIOWrapper name='<stderr>' mode='w' encoding='utf-8'> node index is 365
train linear regression time:  0.05489716678857803
(average_diff:0.0489950769332697, max_diff:0.07261030604009344, training_epochs:50, lr:0.05)
<_io.TextIOWrapper name='<stderr>' mode='w' encoding='utf-8'> node index is 351
train linear regression time:  0.05425341706722975
(average_diff:3.2621377249603123e-06, max_diff:3.3656217192923332e-06, training_epochs:50, lr:0.05)
<_io.TextIOWrapper name='<stderr>' mode='w' encoding='utf-8'> node index is 337
train linear regression time:  0.05409570783376694
(average_diff:0.1356686409542627, max_diff:0.5085915520505007, training_epochs:50, lr:0.05)
<_io.TextIOWrapper name='<stderr>' mode='w' encoding='utf-8'> node index is 393
train linear regression time:  0.05803383281454444
(average_diff:0.028618214227862666, max_diff:0.04333010048711805, training_epochs:50, lr:0.05)
<_io.TextIOWrapper name='<stderr>' mode='w' encoding='utf-8'> node index is 301
train linear regression time:  0.05370595818385482
(average_diff:0.12231139410606263, max_diff:0.26751547412868937, training_epochs:50, lr:0.05)
<_io.TextIOWrapper name='<stderr>' mode='w' encoding='utf-8'> node index is 271
train linear regression time:  0.054098916705697775
(average_diff:0.15280860289099346, max_diff:0.3197305819516621, training_epochs:50, lr:0.05)
<_io.TextIOWrapper name='<stderr>' mode='w' encoding='utf-8'> node index is 253
train linear regression time:  0.05366549966856837
(average_diff:0.1813751844860023, max_diff:0.45339193162136693, training_epochs:50, lr:0.05)
<_io.TextIOWrapper name='<stderr>' mode='w' encoding='utf-8'> node index is 227
train linear regression time:  0.0540521671064198
(average_diff:0.15175849851440526, max_diff:0.355640587740712, training_epochs:50, lr:0.05)
<_io.TextIOWrapper name='<stderr>' mode='w' encoding='utf-8'> node index is 213
train linear regression time:  0.054114666767418385
(average_diff:0.06265413085449739, max_diff:0.15756826010962313, training_epochs:50, lr:0.05)
<_io.TextIOWrapper name='<stderr>' mode='w' encoding='utf-8'> node index is 201
train linear regression time:  0.05408704234287143
(average_diff:2.7755575615628914e-17, max_diff:5.551115123125783e-17, training_epochs:50, lr:0.05)
<_io.TextIOWrapper name='<stderr>' mode='w' encoding='utf-8'> node index is 193
train linear regression time:  0.054101584013551474
(average_diff:0.02953000819784584, max_diff:0.08115701559337768, training_epochs:50, lr:0.05)
<_io.TextIOWrapper name='<stderr>' mode='w' encoding='utf-8'> node index is 187
train linear regression time:  0.054145042318850756
(average_diff:0.044105152283658716, max_diff:0.13193326736794153, training_epochs:50, lr:0.05)
<_io.TextIOWrapper name='<stderr>' mode='w' encoding='utf-8'> node index is 179
train linear regression time:  0.05421383399516344
(average_diff:0.0, max_diff:0.0, training_epochs:50, lr:0.05)
<_io.TextIOWrapper name='<stderr>' mode='w' encoding='utf-8'> node index is 171
train linear regression time:  0.05420074984431267
(average_diff:0.09806388810236646, max_diff:0.2779368194979183, training_epochs:50, lr:0.05)
<_io.TextIOWrapper name='<stderr>' mode='w' encoding='utf-8'> node index is 161
train linear regression time:  0.054115625098347664
(average_diff:1.269755137552527e-06, max_diff:1.9933651344006265e-06, training_epochs:50, lr:0.05)
<_io.TextIOWrapper name='<stderr>' mode='w' encoding='utf-8'> node index is 367
train linear regression time:  0.05426612542942166
(average_diff:0.0, max_diff:0.0, training_epochs:50, lr:0.05)
<_io.TextIOWrapper name='<stderr>' mode='w' encoding='utf-8'> node index is 353
train linear regression time:  0.05420804210007191
(average_diff:1.1609086043584682e-05, max_diff:1.1743702071354e-05, training_epochs:50, lr:0.05)
<_io.TextIOWrapper name='<stderr>' mode='w' encoding='utf-8'> node index is 339
train linear regression time:  0.054206041153520346
(average_diff:0.025812080029611804, max_diff:0.0839426277693961, training_epochs:50, lr:0.05)
<_io.TextIOWrapper name='<stderr>' mode='w' encoding='utf-8'> node index is 327
train linear regression time:  0.05419795820489526
(average_diff:0.02743207022661982, max_diff:0.1495894337328828, training_epochs:50, lr:0.05)
<_io.TextIOWrapper name='<stderr>' mode='w' encoding='utf-8'> node index is 315
train linear regression time:  0.054142667446285486
(average_diff:0.013226150336864834, max_diff:0.02780948218769541, training_epochs:50, lr:0.05)
<_io.TextIOWrapper name='<stderr>' mode='w' encoding='utf-8'> node index is 303
train linear regression time:  0.0542072500102222
(average_diff:0.040493502210727506, max_diff:0.08368916553087846, training_epochs:50, lr:0.05)
<_io.TextIOWrapper name='<stderr>' mode='w' encoding='utf-8'> node index is 287
train linear regression time:  0.05429616617038846
(average_diff:0.1737711625156612, max_diff:0.3476128282654137, training_epochs:50, lr:0.05)
<_io.TextIOWrapper name='<stderr>' mode='w' encoding='utf-8'> node index is 273
train linear regression time:  0.0552004580385983
(average_diff:0.09050072131721362, max_diff:0.534763281535244, training_epochs:50, lr:0.05)
<_io.TextIOWrapper name='<stderr>' mode='w' encoding='utf-8'> node index is 255
train linear regression time:  0.05420504091307521
(average_diff:0.024312288260583893, max_diff:0.044336968165476054, training_epochs:50, lr:0.05)
<_io.TextIOWrapper name='<stderr>' mode='w' encoding='utf-8'> node index is 241
train linear regression time:  0.054293000139296055
(average_diff:0.1859649838725303, max_diff:0.47076852252349227, training_epochs:50, lr:0.05)
<_io.TextIOWrapper name='<stderr>' mode='w' encoding='utf-8'> node index is 229
train linear regression time:  0.05428720824420452
(average_diff:0.11032489414386074, max_diff:0.4247212793273637, training_epochs:50, lr:0.05)
<_io.TextIOWrapper name='<stderr>' mode='w' encoding='utf-8'> node index is 215
train linear regression time:  0.05433033313602209
(average_diff:0.04792184258080459, max_diff:0.1202168496589624, training_epochs:50, lr:0.05)
<_io.TextIOWrapper name='<stderr>' mode='w' encoding='utf-8'> node index is 203
train linear regression time:  0.054246791172772646
(average_diff:0.018513168511562195, max_diff:0.03302599490627667, training_epochs:50, lr:0.05)
<_io.TextIOWrapper name='<stderr>' mode='w' encoding='utf-8'> node index is 195
train linear regression time:  0.0541683747433126
(average_diff:0.19943854870065358, max_diff:0.41347850998553914, training_epochs:50, lr:0.05)
<_io.TextIOWrapper name='<stderr>' mode='w' encoding='utf-8'> node index is 7
train linear regression time:  0.05410295771434903
(average_diff:0.1344045498867296, max_diff:0.4439790652309629, training_epochs:50, lr:0.05)
<_io.TextIOWrapper name='<stderr>' mode='w' encoding='utf-8'> node index is 5
train linear regression time:  0.0544446250423789
testFringe time:  14.04895354155451
<_io.TextIOWrapper name='<stderr>' mode='w' encoding='utf-8'> =============== update finished ===============

*** Writing Game File 100***

<_io.TextIOWrapper name='../print_tree_record_numpy/print_DM_boost_linear_tree_split.txt' mode='w' encoding='UTF-8'> idx1(Q:0.3996, distinct_name:0, dictinctin_value:2.569683891588169, par:None)
	idx4(Q:0.4003, distinct_name:0, dictinctin_value:2.507749956207568, par:1)
		idx6(Q:0.4003, distinct_name:0, dictinctin_value:-0.050698982385153205, par:4)
			idx8(Q:0.4589, distinct_name:0, dictinctin_value:-0.5002368440471089, par:6)
				idx10(Q:0.5051, distinct_name:3, dictinctin_value:0.7373220788164561, par:8)
					idx12(Q:0.4800, distinct_name:1, dictinctin_value:0.8498558206992594, par:10)
						idx18(Q:0.4298, distinct_name:2, dictinctin_value:0.8559921607301466, par:12)
							idx24(Q:0.4238, distinct_name:0, dictinctin_value:-0.5901212893723445, par:18)
								idx30(Q:0.4329, distinct_name:2, dictinctin_value:0.5095422779981766, par:24)
									idx38(Q:0.4510, distinct_name:2, dictinctin_value:0.24909091887867726, par:30)
										idx44(Q:0.4804, distinct_name:2, dictinctin_value:-0.06052347242753761, par:38)
											idx54(Q:0.5269, distinct_name:2, dictinctin_value:-0.16873413911779458, par:44)
												idx62(Q:0.5520, distinct_name:2, dictinctin_value:-0.3117760123070312, par:54)
													idx70(Q:0.5953, distinct_name:2, dictinctin_value:-0.36929151673896154, par:62)
														idx76(Q:0.6225, distinct_name:2, dictinctin_value:-0.4513587540231024, par:70)
															idx82(Q:0.6577, distinct_name:2, dictinctin_value:-0.49926091712096626, par:76)
																idx90(Q:0.6747, distinct_name:2, dictinctin_value:-0.5261921216626007, par:82)
																	idx100(Q:0.6865, distinct_name:2, dictinctin_value:-0.5682634996789567, par:90)
																		idx110(Q:0.7018, distinct_name:2, dictinctin_value:-0.576514535000767, par:100)
																			idx120(Q:0.7048, par:110)
																			idx121(Q:0.3963, par:110)
																		idx111(Q:0.3744, par:100)
																	idx101(Q:0.3564, par:90)
																idx91(Q:0.3320, par:82)
															idx83(Q:0.3049, par:76)
														idx77(Q:0.2733, par:70)
													idx71(Q:0.2663, distinct_name:0, dictinctin_value:-0.603707487356605, par:62)
														idx602(Q:0.2687, distinct_name:0, dictinctin_value:-0.6138379954103756, par:71)
															idx604(Q:0.2701, distinct_name:0, dictinctin_value:-0.6471412536059391, par:602)
																idx606(Q:0.2712, distinct_name:0, dictinctin_value:-0.6587609279641117, par:604)
																	idx608(Q:0.2719, par:606)
																	idx609(Q:0.2049, par:606)
																idx607(Q:0.2102, par:604)
															idx605(Q:0.1982, par:602)
														idx603(Q:0.1432, par:71)
												idx63(Q:0.2180, par:54)
											idx55(Q:0.2450, distinct_name:0, dictinctin_value:-0.6476910175840919, par:44)
												idx464(Q:0.2483, distinct_name:3, dictinctin_value:0.6680194197252473, par:55)
													idx468(Q:0.2455, distinct_name:0, dictinctin_value:-0.6858015235311999, par:464)
														idx474(Q:0.2460, distinct_name:2, dictinctin_value:0.24031958562965672, par:468)
															idx480(Q:0.2448, distinct_name:2, dictinctin_value:0.22712878489931437, par:474)
																idx484(Q:0.2462, distinct_name:0, dictinctin_value:-0.6984661740702743, par:480)
																	idx492(Q:0.2447, distinct_name:2, dictinctin_value:0.2205862992769331, par:484)
																		idx500(Q:0.2425, distinct_name:1, dictinctin_value:0.7515347460969897, par:492)
																			idx518(Q:0.2420, par:500)
																			idx519(Q:0.2572, par:500)
																		idx501(Q:0.3166, par:492)
																	idx493(Q:0.3077, par:484)
																idx485(Q:0.1301, par:480)
															idx481(Q:0.2797, par:474)
														idx475(Q:0.1567, par:468)
													idx469(Q:0.3624, par:464)
												idx465(Q:0.1355, par:55)
										idx45(Q:0.2493, distinct_name:0, dictinctin_value:-0.6043607795061433, par:38)
											idx510(Q:0.2512, distinct_name:1, dictinctin_value:0.8144916165556727, par:45)
												idx520(Q:0.2455, distinct_name:1, dictinctin_value:0.7699133155688844, par:510)
													idx530(Q:0.2408, distinct_name:2, dictinctin_value:0.5073691095938268, par:520)
														idx536(Q:0.2404, distinct_name:0, dictinctin_value:-0.6190066933050004, par:530)
															idx548(Q:0.2394, distinct_name:0, dictinctin_value:-0.6463225202144014, par:536)
																idx570(Q:0.2386, distinct_name:0, dictinctin_value:-0.6564390430626009, par:548)
																	idx580(Q:0.2403, distinct_name:3, dictinctin_value:0.6572555751708343, par:570)
																		idx586(Q:0.2394, distinct_name:3, dictinctin_value:0.6217208412298194, par:580)
																			idx590(Q:0.2363, par:586)
																			idx591(Q:0.3351, par:586)
																		idx587(Q:0.2792, par:580)
																	idx581(Q:0.1275, par:570)
																idx571(Q:0.2672, par:548)
															idx549(Q:0.3743, par:536)
														idx537(Q:0.2606, par:530)
													idx531(Q:0.3809, par:520)
												idx521(Q:0.5313, par:510)
											idx511(Q:0.1507, par:45)
									idx39(Q:0.3192, distinct_name:1, dictinctin_value:0.8040063207197937, par:30)
										idx426(Q:0.3167, distinct_name:2, dictinctin_value:0.8419373683110459, par:39)
											idx432(Q:0.3187, distinct_name:0, dictinctin_value:-0.6009391153368029, par:426)
												idx444(Q:0.3205, distinct_name:0, dictinctin_value:-0.6041087413020046, par:432)
													idx448(Q:0.3203, distinct_name:0, dictinctin_value:-0.6100701052011255, par:444)
														idx456(Q:0.3208, distinct_name:0, dictinctin_value:-0.6407957166920598, par:448)
															idx460(Q:0.3251, distinct_name:0, dictinctin_value:-0.6555246386975058, par:456)
																idx466(Q:0.3286, distinct_name:0, dictinctin_value:-0.6720161756487143, par:460)
																	idx470(Q:0.3317, distinct_name:0, dictinctin_value:-0.6781083126032775, par:466)
																		idx472(Q:0.3325, distinct_name:0, dictinctin_value:-0.7020609777266955, par:470)
																			idx476(Q:0.3350, par:472)
																			idx477(Q:0.2334, par:472)
																		idx473(Q:0.2839, par:470)
																	idx471(Q:0.0686, par:466)
																idx467(Q:0.1268, par:460)
															idx461(Q:0.1355, par:456)
														idx457(Q:0.3007, par:448)
													idx449(Q:0.3527, par:444)
												idx445(Q:0.1599, par:432)
											idx433(Q:0.2225, par:426)
										idx427(Q:0.4793, par:39)
								idx31(Q:0.3428, distinct_name:0, dictinctin_value:-0.5002719881995846, par:24)
									idx544(Q:0.3430, distinct_name:1, dictinctin_value:0.7593054056611713, par:31)
										idx550(Q:0.3401, distinct_name:0, dictinctin_value:-0.5062520951871772, par:544)
											idx562(Q:0.3405, distinct_name:0, dictinctin_value:-0.5080035363270362, par:550)
												idx572(Q:0.3455, distinct_name:0, dictinctin_value:-0.5084639498879526, par:562)
													idx582(Q:0.3460, distinct_name:0, dictinctin_value:-0.5089199594147691, par:572)
														idx588(Q:0.3487, distinct_name:0, dictinctin_value:-0.5092872052358233, par:582)
															idx592(Q:0.3501, distinct_name:2, dictinctin_value:0.7693334693236122, par:588)
																idx594(Q:0.3545, distinct_name:2, dictinctin_value:0.7132889145486878, par:592)
																	idx596(Q:0.3587, distinct_name:0, dictinctin_value:-0.5099342225448047, par:594)
																		idx598(Q:0.3606, distinct_name:1, dictinctin_value:0.7481026625171042, par:596)
																			idx600(Q:0.3598, par:598)
																			idx601(Q:0.4108, par:598)
																		idx599(Q:0.2330, par:596)
																	idx597(Q:0.0754, par:594)
																idx595(Q:0.1530, par:592)
															idx593(Q:0.1559, par:588)
														idx589(Q:0.1598, par:582)
													idx583(Q:0.2789, par:572)
												idx573(Q:0.1620, par:562)
											idx563(Q:0.3302, par:550)
										idx551(Q:0.4899, par:544)
									idx545(Q:0.3129, par:31)
							idx25(Q:0.4557, distinct_name:0, dictinctin_value:-0.5389580903277561, par:18)
								idx216(Q:0.4581, distinct_name:0, dictinctin_value:-0.5573162410999996, par:25)
									idx230(Q:0.4579, distinct_name:0, dictinctin_value:-0.5917620279880862, par:216)
										idx242(Q:0.4688, distinct_name:1, dictinctin_value:0.8127647407611875, par:230)
											idx256(Q:0.4639, distinct_name:0, dictinctin_value:-0.6131626140571143, par:242)
												idx288(Q:0.4660, distinct_name:0, dictinctin_value:-0.7076582377440916, par:256)
													idx304(Q:0.4823, distinct_name:0, dictinctin_value:-0.717862250694298, par:288)
														idx316(Q:0.4859, distinct_name:0, dictinctin_value:-0.7734253050900186, par:304)
															idx328(Q:0.5001, distinct_name:0, dictinctin_value:-0.7970945326559435, par:316)
																idx340(Q:0.5013, distinct_name:3, dictinctin_value:0.6595389343928215, par:328)
																	idx354(Q:0.4968, distinct_name:3, dictinctin_value:0.6186331758365281, par:340)
																		idx368(Q:0.4920, distinct_name:3, dictinctin_value:0.5952455969358141, par:354)
																			idx380(Q:0.4905, par:368)
																			idx381(Q:0.5796, par:368)
																		idx369(Q:0.8791, par:354)
																	idx355(Q:0.7825, par:340)
																idx341(Q:0.4474, par:328)
															idx329(Q:0.3132, par:316)
														idx317(Q:0.3173, par:304)
													idx305(Q:0.3309, par:288)
												idx289(Q:0.2426, par:256)
											idx257(Q:0.7304, par:242)
										idx243(Q:0.2706, par:230)
									idx231(Q:0.4790, par:216)
								idx217(Q:0.3729, par:25)
						idx19(Q:0.6947, distinct_name:0, dictinctin_value:-0.5046072639210131, par:12)
							idx152(Q:0.6946, distinct_name:2, dictinctin_value:1.74305991171075, par:19)
								idx162(Q:0.6830, distinct_name:2, dictinctin_value:1.5651912903147052, par:152)
									idx172(Q:0.6744, distinct_name:2, dictinctin_value:1.0939968976733132, par:162)
										idx180(Q:0.6523, distinct_name:2, dictinctin_value:0.9064820637809338, par:172)
											idx188(Q:0.6394, distinct_name:2, dictinctin_value:0.8130327408821636, par:180)
												idx196(Q:0.6311, distinct_name:2, dictinctin_value:0.714578820015968, par:188)
													idx204(Q:0.6298, distinct_name:0, dictinctin_value:-0.5137296726081428, par:196)
														idx218(Q:0.6318, distinct_name:2, dictinctin_value:0.4860989258104936, par:204)
															idx232(Q:0.6318, distinct_name:1, dictinctin_value:2.2330900660097845, par:218)
																idx244(Q:0.6207, distinct_name:2, dictinctin_value:0.44559578649865966, par:232)
																	idx258(Q:0.6175, distinct_name:2, dictinctin_value:0.32419638005931734, par:244)
																		idx274(Q:0.6170, distinct_name:0, dictinctin_value:-0.5233031664270825, par:258)
																			idx290(Q:0.6174, par:274)
																			idx291(Q:0.5526, par:274)
																		idx275(Q:0.6340, par:258)
																	idx259(Q:0.7355, par:244)
																idx245(Q:0.9317, par:232)
															idx233(Q:0.6323, par:218)
														idx219(Q:0.4556, par:204)
													idx205(Q:0.6740, par:196)
												idx197(Q:0.8532, par:188)
											idx189(Q:0.8794, par:180)
										idx181(Q:0.9839, par:172)
									idx173(Q:1.0131, par:162)
								idx163(Q:1.0269, par:152)
							idx153(Q:0.7365, par:19)
					idx13(Q:0.5858, distinct_name:2, dictinctin_value:1.929601246827043, par:10)
						idx92(Q:0.5720, distinct_name:1, dictinctin_value:1.2557733390904973, par:13)
							idx102(Q:0.5407, distinct_name:2, dictinctin_value:1.4527612583425853, par:92)
								idx112(Q:0.5292, distinct_name:2, dictinctin_value:1.3531114404933846, par:102)
									idx122(Q:0.5271, distinct_name:2, dictinctin_value:1.0639310625609943, par:112)
										idx130(Q:0.5168, distinct_name:2, dictinctin_value:0.8759607452183222, par:122)
											idx136(Q:0.5099, distinct_name:2, dictinctin_value:0.6228991526328211, par:130)
												idx142(Q:0.5062, distinct_name:2, dictinctin_value:0.4885947458466264, par:136)
													idx146(Q:0.4983, distinct_name:1, dictinctin_value:1.1059975491047376, par:142)
														idx148(Q:0.4914, distinct_name:3, dictinctin_value:2.363964647313972, par:146)
															idx154(Q:0.4838, distinct_name:3, dictinctin_value:1.536573712246935, par:148)
																idx164(Q:0.4572, distinct_name:1, dictinctin_value:0.49075596239548774, par:154)
																	idx206(Q:0.4238, distinct_name:3, dictinctin_value:1.525286896575752, par:164)
																		idx220(Q:0.4233, distinct_name:2, dictinctin_value:0.38874536608000104, par:206)
																			idx234(Q:0.4265, par:220)
																			idx235(Q:0.3138, par:220)
																		idx221(Q:0.4555, par:206)
																	idx207(Q:0.6156, par:164)
																idx165(Q:0.5771, par:154)
															idx155(Q:0.6877, par:148)
														idx149(Q:0.7431, par:146)
													idx147(Q:0.5875, par:142)
												idx143(Q:0.5535, par:136)
											idx137(Q:0.6927, par:130)
										idx131(Q:0.7149, par:122)
									idx123(Q:0.6587, par:112)
								idx113(Q:0.7973, par:102)
							idx103(Q:0.9183, par:92)
						idx93(Q:1.0340, par:13)
				idx11(Q:0.3758, distinct_name:3, dictinctin_value:1.284568987543642, par:8)
					idx32(Q:0.3542, distinct_name:3, dictinctin_value:0.5763111575206541, par:11)
						idx40(Q:0.3363, distinct_name:2, dictinctin_value:1.4159847670297276, par:32)
							idx46(Q:0.3286, distinct_name:2, dictinctin_value:0.8764611652526798, par:40)
								idx56(Q:0.3338, distinct_name:2, dictinctin_value:0.6776552612944613, par:46)
									idx64(Q:0.3410, distinct_name:0, dictinctin_value:-0.10007893227380851, par:56)
										idx72(Q:0.3395, distinct_name:2, dictinctin_value:0.481251420222257, par:64)
											idx78(Q:0.3503, distinct_name:2, dictinctin_value:0.43236682950932387, par:72)
												idx84(Q:0.3569, distinct_name:2, dictinctin_value:0.2322739018313544, par:78)
													idx94(Q:0.3782, distinct_name:2, dictinctin_value:0.1692901075380102, par:84)
														idx104(Q:0.3876, distinct_name:2, dictinctin_value:0.044622068949871425, par:94)
															idx114(Q:0.4067, distinct_name:2, dictinctin_value:-0.04421252452423217, par:104)
																idx124(Q:0.4266, distinct_name:2, dictinctin_value:-0.12551407150931976, par:114)
																	idx132(Q:0.4425, distinct_name:2, dictinctin_value:-0.16179863391045127, par:124)
																		idx138(Q:0.4533, distinct_name:2, dictinctin_value:-0.1987692173924826, par:132)
																			idx144(Q:0.4699, par:138)
																			idx145(Q:0.1612, par:138)
																		idx139(Q:0.1684, par:132)
																	idx133(Q:0.1852, par:124)
																idx125(Q:0.1396, par:114)
															idx115(Q:0.1802, par:104)
														idx105(Q:0.1942, par:94)
													idx95(Q:0.1673, par:84)
												idx85(Q:0.1621, par:78)
											idx79(Q:0.2112, par:72)
										idx73(Q:0.3549, par:64)
									idx65(Q:0.2445, par:56)
								idx57(Q:0.2923, distinct_name:0, dictinctin_value:-0.07115888508263095, par:46)
									idx486(Q:0.2963, distinct_name:2, dictinctin_value:1.3997870335092657, par:57)
										idx494(Q:0.2936, distinct_name:0, dictinctin_value:-0.07160732513030894, par:486)
											idx504(Q:0.2907, distinct_name:0, dictinctin_value:-0.08350405569893737, par:494)
												idx512(Q:0.2928, distinct_name:1, dictinctin_value:1.8788415154351898, par:504)
													idx522(Q:0.2775, distinct_name:1, dictinctin_value:1.7168001155290575, par:512)
														idx538(Q:0.2714, distinct_name:0, dictinctin_value:-0.08454829370887558, par:522)
															idx552(Q:0.2693, distinct_name:3, dictinctin_value:0.4530042815419259, par:538)
																idx556(Q:0.2708, distinct_name:0, dictinctin_value:-0.08608502852647902, par:552)
																	idx564(Q:0.2720, distinct_name:0, dictinctin_value:-0.08644796937551802, par:556)
																		idx574(Q:0.2716, distinct_name:0, dictinctin_value:-0.08717123163966492, par:564)
																			idx584(Q:0.2730, par:574)
																			idx585(Q:0.1069, par:574)
																		idx575(Q:0.3124, par:564)
																	idx565(Q:0.1341, par:556)
																idx557(Q:0.2231, par:552)
															idx553(Q:0.5355, par:538)
														idx539(Q:0.6590, par:522)
													idx523(Q:0.9474, par:512)
												idx513(Q:0.1541, par:504)
											idx505(Q:0.6691, par:494)
										idx495(Q:0.3896, par:486)
									idx487(Q:0.1811, par:57)
							idx47(Q:0.4245, par:40)
						idx41(Q:0.4267, distinct_name:3, dictinctin_value:1.2541204520301295, par:32)
							idx246(Q:0.4211, distinct_name:0, dictinctin_value:-0.05401988313827026, par:41)
								idx260(Q:0.4214, distinct_name:2, dictinctin_value:2.0807886731763334, par:246)
									idx276(Q:0.4080, distinct_name:2, dictinctin_value:1.8994422532815647, par:260)
										idx292(Q:0.4014, distinct_name:1, dictinctin_value:1.2716943858922887, par:276)
											idx306(Q:0.3777, distinct_name:2, dictinctin_value:1.8085097405850585, par:292)
												idx318(Q:0.3702, distinct_name:0, dictinctin_value:-0.06832580226386262, par:306)
													idx330(Q:0.3654, distinct_name:1, dictinctin_value:1.0161843934440484, par:318)
														idx342(Q:0.3562, distinct_name:0, dictinctin_value:-0.11082738421514442, par:330)
															idx356(Q:0.3531, distinct_name:0, dictinctin_value:-0.1239714467724242, par:342)
																idx370(Q:0.3505, distinct_name:1, dictinctin_value:0.8661774768232812, par:356)
																	idx382(Q:0.3457, distinct_name:0, dictinctin_value:-0.13038566790821624, par:370)
																		idx396(Q:0.3458, distinct_name:1, dictinctin_value:0.7685182247259327, par:382)
																			idx406(Q:0.3402, par:396)
																			idx407(Q:0.5266, par:396)
																		idx397(Q:0.3395, par:382)
																	idx383(Q:0.4871, par:370)
																idx371(Q:0.4861, par:356)
															idx357(Q:0.3954, par:342)
														idx343(Q:0.5259, par:330)
													idx331(Q:0.5138, par:318)
												idx319(Q:0.8472, par:306)
											idx307(Q:0.6154, par:292)
										idx293(Q:0.8722, par:276)
									idx277(Q:0.8999, par:260)
								idx261(Q:0.3940, par:246)
							idx247(Q:0.6656, par:41)
					idx33(Q:0.5563, distinct_name:2, dictinctin_value:1.8206658800741853, par:11)
						idx436(Q:0.5443, distinct_name:0, dictinctin_value:-0.055487221535360155, par:33)
							idx438(Q:0.5419, distinct_name:0, dictinctin_value:-0.06661868934946451, par:436)
								idx450(Q:0.5445, distinct_name:2, dictinctin_value:1.6280055741424861, par:438)
									idx458(Q:0.5342, distinct_name:2, dictinctin_value:1.4609118350831285, par:450)
										idx462(Q:0.5262, distinct_name:0, dictinctin_value:-0.06716992247771125, par:458)
											idx478(Q:0.5276, distinct_name:0, dictinctin_value:-0.06950841565798693, par:462)
												idx482(Q:0.5267, distinct_name:0, dictinctin_value:-0.07617984110574617, par:478)
													idx488(Q:0.5289, distinct_name:0, dictinctin_value:-0.09812148969449835, par:482)
														idx496(Q:0.5277, distinct_name:0, dictinctin_value:-0.10012482464779363, par:488)
															idx502(Q:0.5303, distinct_name:2, dictinctin_value:1.4064514939244364, par:496)
																idx514(Q:0.5273, distinct_name:2, dictinctin_value:1.318805451770871, par:502)
																	idx524(Q:0.5201, distinct_name:0, dictinctin_value:-0.11118736531331526, par:514)
																		idx532(Q:0.5200, distinct_name:0, dictinctin_value:-0.12850307532465371, par:524)
																			idx540(Q:0.5265, par:532)
																			idx541(Q:0.2899, par:532)
																		idx533(Q:0.5230, par:524)
																	idx525(Q:0.7980, par:514)
																idx515(Q:0.7615, par:502)
															idx503(Q:0.1239, par:496)
														idx497(Q:0.5558, par:488)
													idx489(Q:0.1612, par:482)
												idx483(Q:0.6779, par:478)
											idx479(Q:0.3023, par:462)
										idx463(Q:0.8671, par:458)
									idx459(Q:0.9828, par:450)
								idx451(Q:0.3190, par:438)
							idx439(Q:0.9613, par:436)
						idx437(Q:0.9142, par:33)
			idx9(Q:0.3463, distinct_name:1, dictinctin_value:1.4532912275447858, par:6)
				idx14(Q:0.3259, distinct_name:0, dictinctin_value:0.6708677617788001, par:9)
					idx16(Q:0.3435, distinct_name:0, dictinctin_value:0.5219929201544601, par:14)
						idx20(Q:0.3445, distinct_name:0, dictinctin_value:0.38200451643824146, par:16)
							idx26(Q:0.3498, distinct_name:0, dictinctin_value:0.29175973898130836, par:20)
								idx34(Q:0.3505, distinct_name:3, dictinctin_value:1.2405945003824483, par:26)
									idx42(Q:0.3254, distinct_name:2, dictinctin_value:1.6139678071673451, par:34)
										idx48(Q:0.3200, distinct_name:1, dictinctin_value:1.0148453699076618, par:42)
											idx58(Q:0.3085, distinct_name:2, dictinctin_value:0.8422101128546527, par:48)
												idx66(Q:0.3159, distinct_name:2, dictinctin_value:0.5718071591898053, par:58)
													idx74(Q:0.3288, distinct_name:2, dictinctin_value:0.3335199702259944, par:66)
														idx80(Q:0.3534, distinct_name:2, dictinctin_value:0.2585267021680285, par:74)
															idx86(Q:0.3609, distinct_name:2, dictinctin_value:0.13295569297273957, par:80)
																idx96(Q:0.3781, distinct_name:2, dictinctin_value:0.0933394603867821, par:86)
																	idx106(Q:0.3863, distinct_name:2, dictinctin_value:0.047951172568074005, par:96)
																		idx116(Q:0.3939, distinct_name:2, dictinctin_value:-0.0025517231675584334, par:106)
																			idx126(Q:0.4007, par:116)
																			idx127(Q:0.1400, par:116)
																		idx117(Q:0.1579, par:106)
																	idx107(Q:0.1104, par:96)
																idx97(Q:0.1320, par:86)
															idx87(Q:0.1594, par:80)
														idx81(Q:0.1572, par:74)
													idx75(Q:0.2046, par:66)
												idx67(Q:0.2686, distinct_name:0, dictinctin_value:0.284001031471605, par:58)
													idx506(Q:0.2682, distinct_name:0, dictinctin_value:0.28239410324000885, par:67)
														idx526(Q:0.2674, distinct_name:1, dictinctin_value:0.83535054985968, par:506)
															idx546(Q:0.2448, distinct_name:2, dictinctin_value:1.5992728183505887, par:526)
																idx554(Q:0.2467, distinct_name:0, dictinctin_value:0.27983576931814547, par:546)
																	idx558(Q:0.2476, distinct_name:2, dictinctin_value:1.5459775970266707, par:554)
																		idx566(Q:0.2398, distinct_name:2, dictinctin_value:1.5137425616672946, par:558)
																			idx576(Q:0.2400, par:566)
																			idx577(Q:0.2344, par:566)
																		idx567(Q:0.4496, par:558)
																	idx559(Q:0.1898, par:554)
																idx555(Q:0.1136, par:546)
															idx547(Q:0.7155, par:526)
														idx527(Q:0.3231, par:506)
													idx507(Q:0.2847, par:67)
											idx59(Q:0.4299, distinct_name:0, dictinctin_value:0.28981411892366654, par:48)
												idx610(Q:0.4296, distinct_name:0, dictinctin_value:0.2809422087967517, par:59)
													idx612(Q:0.4300, par:610)
													idx613(Q:0.3923, par:610)
												idx611(Q:0.4562, par:59)
										idx49(Q:0.4295, par:42)
									idx43(Q:0.5379, distinct_name:3, dictinctin_value:2.7956706813891117, par:34)
										idx490(Q:0.5254, distinct_name:0, dictinctin_value:0.28758459307995216, par:43)
											idx498(Q:0.5208, distinct_name:2, dictinctin_value:1.7926081731949, par:490)
												idx508(Q:0.5146, distinct_name:0, dictinctin_value:0.2865220549225975, par:498)
													idx516(Q:0.5141, distinct_name:0, dictinctin_value:0.2785989659591723, par:508)
														idx528(Q:0.5206, distinct_name:3, dictinctin_value:2.7261255458914433, par:516)
															idx534(Q:0.5236, distinct_name:0, dictinctin_value:0.2763906794093015, par:528)
																idx542(Q:0.5252, distinct_name:0, dictinctin_value:0.2703031142425218, par:534)
																	idx560(Q:0.5240, distinct_name:3, dictinctin_value:2.563708411050972, par:542)
																		idx568(Q:0.5203, distinct_name:2, dictinctin_value:1.5803350412841866, par:560)
																			idx578(Q:0.5077, par:568)
																			idx579(Q:0.7891, par:568)
																		idx569(Q:0.7699, par:560)
																	idx561(Q:0.6884, par:542)
																idx543(Q:0.3073, par:534)
															idx535(Q:0.3125, par:528)
														idx529(Q:0.2106, par:516)
													idx517(Q:0.5832, par:508)
												idx509(Q:0.9712, par:498)
											idx499(Q:1.1979, par:490)
										idx491(Q:0.9972, par:43)
								idx35(Q:0.3473, distinct_name:1, dictinctin_value:1.344826515865718, par:26)
									idx236(Q:0.3456, distinct_name:3, dictinctin_value:1.6897348587436034, par:35)
										idx248(Q:0.3297, distinct_name:1, dictinctin_value:1.2341402111364463, par:236)
											idx262(Q:0.3303, distinct_name:3, dictinctin_value:1.3356049450605056, par:248)
												idx278(Q:0.3204, distinct_name:2, dictinctin_value:1.6241822054726756, par:262)
													idx294(Q:0.3117, distinct_name:0, dictinctin_value:0.3731119474318981, par:278)
														idx320(Q:0.3051, distinct_name:3, dictinctin_value:1.2759579982069145, par:294)
															idx344(Q:0.2965, distinct_name:0, dictinctin_value:0.37304242798500226, par:320)
																idx358(Q:0.2963, distinct_name:0, dictinctin_value:0.3707677109507447, par:344)
																	idx372(Q:0.2979, distinct_name:0, dictinctin_value:0.3697040787425107, par:358)
																		idx384(Q:0.2984, distinct_name:2, dictinctin_value:1.3789177574365135, par:372)
																			idx398(Q:0.2967, par:384)
																			idx399(Q:0.3408, par:384)
																		idx385(Q:0.2750, par:372)
																	idx373(Q:0.2409, par:358)
																idx359(Q:0.3297, par:344)
															idx345(Q:0.6603, par:320)
														idx321(Q:0.4044, par:294)
													idx295(Q:0.5022, par:278)
												idx279(Q:0.5644, par:262)
											idx263(Q:0.2832, par:248)
										idx249(Q:0.6651, par:236)
									idx237(Q:0.4238, par:35)
							idx27(Q:0.3258, distinct_name:2, dictinctin_value:1.5527241962490086, par:20)
								idx156(Q:0.3202, distinct_name:0, dictinctin_value:0.5137061072990365, par:27)
									idx166(Q:0.3260, distinct_name:0, dictinctin_value:0.5083060291160676, par:156)
										idx174(Q:0.3274, distinct_name:1, dictinctin_value:1.235555391656205, par:166)
											idx182(Q:0.3266, distinct_name:0, dictinctin_value:0.499318407708209, par:174)
												idx190(Q:0.3318, distinct_name:3, dictinctin_value:1.6437138459193195, par:182)
													idx198(Q:0.3229, distinct_name:0, dictinctin_value:0.4978828276393789, par:190)
														idx208(Q:0.3249, distinct_name:2, dictinctin_value:1.3588453420210258, par:198)
															idx222(Q:0.3216, distinct_name:2, dictinctin_value:0.9721483625475897, par:208)
																idx238(Q:0.3239, distinct_name:0, dictinctin_value:0.4972801494332726, par:222)
																	idx250(Q:0.3222, distinct_name:2, dictinctin_value:0.944961054171824, par:238)
																		idx264(Q:0.3254, distinct_name:2, dictinctin_value:0.872803430709856, par:250)
																			idx280(Q:0.3302, par:264)
																			idx281(Q:0.2116, par:264)
																		idx265(Q:0.1370, par:250)
																	idx251(Q:0.5718, par:238)
																idx239(Q:0.2950, par:222)
															idx223(Q:0.4145, par:208)
														idx209(Q:0.1910, par:198)
													idx199(Q:0.6695, par:190)
												idx191(Q:0.2470, par:182)
											idx183(Q:0.3519, par:174)
										idx175(Q:0.2957, par:166)
									idx167(Q:0.2383, par:156)
								idx157(Q:0.4616, par:27)
						idx21(Q:0.3391, distinct_name:1, dictinctin_value:1.3201670622027022, par:16)
							idx150(Q:0.3373, distinct_name:1, dictinctin_value:1.2234607090751204, par:21)
								idx158(Q:0.3381, distinct_name:1, dictinctin_value:1.0226433736171432, par:150)
									idx168(Q:0.3308, distinct_name:0, dictinctin_value:0.6649352976939671, par:158)
										idx176(Q:0.3305, distinct_name:2, dictinctin_value:1.8028367177150562, par:168)
											idx184(Q:0.3281, distinct_name:3, dictinctin_value:1.321083281680176, par:176)
												idx210(Q:0.3100, distinct_name:1, dictinctin_value:0.7493197611500411, par:184)
													idx224(Q:0.3029, distinct_name:2, dictinctin_value:1.1954012588052898, par:210)
														idx266(Q:0.3025, distinct_name:1, dictinctin_value:0.6035401367847275, par:224)
															idx282(Q:0.3024, distinct_name:1, dictinctin_value:0.5166827335099701, par:266)
																idx296(Q:0.3075, distinct_name:0, dictinctin_value:0.663963378246939, par:282)
																	idx308(Q:0.3059, distinct_name:0, dictinctin_value:0.6638782806630827, par:296)
																		idx322(Q:0.3043, distinct_name:2, dictinctin_value:1.1091905022156634, par:308)
																			idx332(Q:0.3074, par:322)
																			idx333(Q:0.1630, par:322)
																		idx323(Q:0.7405, par:308)
																	idx309(Q:0.7765, par:296)
																idx297(Q:0.1677, par:282)
															idx283(Q:0.3045, par:266)
														idx267(Q:0.3083, par:224)
													idx225(Q:0.3686, par:210)
												idx211(Q:0.5368, par:184)
											idx185(Q:0.4116, par:176)
										idx177(Q:0.3365, par:168)
									idx169(Q:0.5307, par:158)
								idx159(Q:0.2684, par:150)
							idx151(Q:0.4317, par:21)
					idx17(Q:0.3066, distinct_name:3, dictinctin_value:0.8871619234739136, par:14)
						idx22(Q:0.2744, distinct_name:1, dictinctin_value:0.895274831679809, par:17)
							idx28(Q:0.2590, distinct_name:3, dictinctin_value:0.4147697243292515, par:22)
								idx36(Q:0.2517, distinct_name:3, dictinctin_value:-0.009439492879810042, par:28)
									idx50(Q:0.2470, distinct_name:0, dictinctin_value:2.3121117874404824, par:36)
										idx52(Q:0.2483, distinct_name:0, dictinctin_value:1.9483716250181808, par:50)
											idx60(Q:0.2517, distinct_name:3, dictinctin_value:-0.018025248765568658, par:52)
												idx68(Q:0.2589, distinct_name:2, dictinctin_value:0.8033765660185509, par:60)
													idx88(Q:0.2653, distinct_name:2, dictinctin_value:0.6003623148969123, par:68)
														idx98(Q:0.2731, distinct_name:2, dictinctin_value:0.5329635912790776, par:88)
															idx108(Q:0.2771, distinct_name:2, dictinctin_value:0.3621996786015208, par:98)
																idx118(Q:0.2906, distinct_name:3, dictinctin_value:-0.05260374571449391, par:108)
																	idx128(Q:0.2927, distinct_name:2, dictinctin_value:0.22149263805201816, par:118)
																		idx134(Q:0.3076, distinct_name:2, dictinctin_value:0.13324256965432388, par:128)
																			idx140(Q:0.3187, par:134)
																			idx141(Q:0.1385, par:134)
																		idx135(Q:0.1430, par:128)
																	idx129(Q:0.2252, par:118)
																idx119(Q:0.1459, par:108)
															idx109(Q:0.1699, par:98)
														idx99(Q:0.1633, par:88)
													idx89(Q:0.2356, distinct_name:0, dictinctin_value:1.9001636825637473, par:68)
														idx420(Q:0.2339, distinct_name:0, dictinctin_value:1.8970534364477791, par:89)
															idx428(Q:0.2340, distinct_name:0, dictinctin_value:1.7864713255325577, par:420)
																idx434(Q:0.2360, distinct_name:0, dictinctin_value:1.7345810667045185, par:428)
																	idx440(Q:0.2334, distinct_name:0, dictinctin_value:1.7300479805066988, par:434)
																		idx446(Q:0.2340, distinct_name:0, dictinctin_value:1.6826477660222412, par:440)
																			idx452(Q:0.2325, par:446)
																			idx453(Q:0.2802, par:446)
																		idx447(Q:0.1492, par:440)
																	idx441(Q:0.3084, par:434)
																idx435(Q:0.1741, par:428)
															idx429(Q:0.2144, par:420)
														idx421(Q:0.2937, par:89)
												idx69(Q:0.1940, par:60)
											idx61(Q:0.1941, par:52)
										idx53(Q:0.1887, par:50)
									idx51(Q:0.2667, distinct_name:0, dictinctin_value:2.2255864685353126, par:36)
										idx268(Q:0.2656, distinct_name:0, dictinctin_value:1.8770234609938123, par:51)
											idx284(Q:0.2663, distinct_name:1, dictinctin_value:0.8208254329434517, par:268)
												idx298(Q:0.2678, distinct_name:0, dictinctin_value:1.7199871451158526, par:284)
													idx310(Q:0.2674, distinct_name:3, dictinctin_value:0.39481973457279324, par:298)
														idx346(Q:0.2689, distinct_name:2, dictinctin_value:2.0591657816242117, par:310)
															idx360(Q:0.2588, distinct_name:2, dictinctin_value:1.6416632040499568, par:346)
																idx374(Q:0.2580, distinct_name:0, dictinctin_value:1.6846076849979201, par:360)
																	idx386(Q:0.2567, distinct_name:2, dictinctin_value:1.5364517172370076, par:374)
																		idx400(Q:0.2559, distinct_name:2, dictinctin_value:1.321416179085615, par:386)
																			idx408(Q:0.2539, par:400)
																			idx409(Q:0.3184, par:400)
																		idx401(Q:0.2993, par:386)
																	idx387(Q:0.3396, par:374)
																idx375(Q:0.3030, par:360)
															idx361(Q:0.6598, par:346)
														idx347(Q:0.2212, par:310)
													idx311(Q:0.2816, par:298)
												idx299(Q:0.2089, par:284)
											idx285(Q:0.2534, par:268)
										idx269(Q:0.2944, par:51)
								idx37(Q:0.2934, distinct_name:1, dictinctin_value:0.7946772031835798, par:28)
									idx312(Q:0.2883, distinct_name:2, dictinctin_value:1.9378572482198, par:37)
										idx324(Q:0.2816, distinct_name:0, dictinctin_value:2.1880833067537604, par:312)
											idx334(Q:0.2820, distinct_name:0, dictinctin_value:2.1673152418059, par:324)
												idx348(Q:0.2799, distinct_name:0, dictinctin_value:2.0644684179947266, par:334)
													idx362(Q:0.2788, distinct_name:2, dictinctin_value:1.6060442338491094, par:348)
														idx376(Q:0.2708, distinct_name:0, dictinctin_value:1.8821116949330967, par:362)
															idx388(Q:0.2741, distinct_name:2, dictinctin_value:1.5867185725408008, par:376)
																idx402(Q:0.2742, distinct_name:0, dictinctin_value:1.8162737627685595, par:388)
																	idx410(Q:0.2767, distinct_name:2, dictinctin_value:1.474613989336331, par:402)
																		idx414(Q:0.2733, distinct_name:2, dictinctin_value:1.322085439542282, par:410)
																			idx422(Q:0.2733, par:414)
																			idx423(Q:0.2720, par:414)
																		idx415(Q:0.5515, par:410)
																	idx411(Q:0.1206, par:402)
																idx403(Q:0.2603, par:388)
															idx389(Q:0.1672, par:376)
														idx377(Q:0.5362, par:362)
													idx363(Q:0.3418, par:348)
												idx349(Q:0.4213, par:334)
											idx335(Q:0.2633, par:324)
										idx325(Q:0.5989, par:312)
									idx313(Q:0.4281, par:37)
							idx29(Q:0.3925, distinct_name:0, dictinctin_value:2.44084525907838, par:22)
								idx336(Q:0.3937, distinct_name:0, dictinctin_value:2.3332385876998147, par:29)
									idx350(Q:0.3957, distinct_name:2, dictinctin_value:1.313989803673234, par:336)
										idx364(Q:0.3638, distinct_name:2, dictinctin_value:1.2075088067941002, par:350)
											idx378(Q:0.3615, distinct_name:0, dictinctin_value:2.3276851139515355, par:364)
												idx390(Q:0.3606, distinct_name:2, dictinctin_value:1.1566628366759308, par:378)
													idx404(Q:0.3510, distinct_name:2, dictinctin_value:1.049026714172236, par:390)
														idx412(Q:0.3481, distinct_name:2, dictinctin_value:1.0138168631315498, par:404)
															idx418(Q:0.3457, distinct_name:0, dictinctin_value:2.3136303024689413, par:412)
																idx424(Q:0.3456, distinct_name:1, dictinctin_value:1.4142431093508798, par:418)
																	idx430(Q:0.3495, distinct_name:0, dictinctin_value:2.2572655688242222, par:424)
																		idx442(Q:0.3493, distinct_name:0, dictinctin_value:2.2507333712501807, par:430)
																			idx454(Q:0.3493, par:442)
																			idx455(Q:0.3551, par:442)
																		idx443(Q:0.3689, par:430)
																	idx431(Q:0.2625, par:424)
																idx425(Q:0.3611, par:418)
															idx419(Q:0.4918, par:412)
														idx413(Q:0.5241, par:404)
													idx405(Q:0.6554, par:390)
												idx391(Q:0.5313, par:378)
											idx379(Q:0.5828, par:364)
										idx365(Q:0.6762, par:350)
									idx351(Q:0.2484, par:336)
								idx337(Q:0.2579, par:29)
						idx23(Q:0.4595, distinct_name:0, dictinctin_value:2.1444723574903684, par:17)
							idx160(Q:0.4606, distinct_name:0, dictinctin_value:2.133798778100152, par:23)
								idx170(Q:0.4609, distinct_name:2, dictinctin_value:1.564504591409782, par:160)
									idx178(Q:0.4369, distinct_name:2, dictinctin_value:1.4113473869711974, par:170)
										idx186(Q:0.4312, distinct_name:0, dictinctin_value:2.1063540893171067, par:178)
											idx192(Q:0.4318, distinct_name:2, dictinctin_value:1.2195161175228741, par:186)
												idx200(Q:0.4270, distinct_name:0, dictinctin_value:1.9676721667093595, par:192)
													idx212(Q:0.4252, distinct_name:0, dictinctin_value:1.8926417272552991, par:200)
														idx226(Q:0.4255, distinct_name:0, dictinctin_value:1.7713311316515392, par:212)
															idx252(Q:0.4292, distinct_name:1, dictinctin_value:1.3213229930390704, par:226)
																idx270(Q:0.4249, distinct_name:0, dictinctin_value:1.7442155745503336, par:252)
																	idx300(Q:0.4225, distinct_name:0, dictinctin_value:1.3536781616204123, par:270)
																		idx392(Q:0.4235, distinct_name:0, dictinctin_value:1.2274516322533688, par:300)
																			idx416(Q:0.4236, par:392)
																			idx417(Q:0.4231, par:392)
																		idx393(Q:0.4184, par:300)
																	idx301(Q:0.6620, par:270)
																idx271(Q:0.6092, par:252)
															idx253(Q:0.3405, par:226)
														idx227(Q:0.4130, par:212)
													idx213(Q:0.4799, par:200)
												idx201(Q:0.5477, par:192)
											idx193(Q:0.3158, par:186)
										idx187(Q:0.6615, par:178)
									idx179(Q:0.8550, par:170)
								idx171(Q:0.3511, par:160)
							idx161(Q:0.4350, par:23)
				idx15(Q:0.6066, distinct_name:2, dictinctin_value:1.9938158806166744, par:9)
					idx194(Q:0.5962, distinct_name:3, dictinctin_value:2.0149638943737203, par:15)
						idx202(Q:0.5863, distinct_name:3, dictinctin_value:1.626087400144554, par:194)
							idx214(Q:0.5816, distinct_name:1, dictinctin_value:2.6727016574162166, par:202)
								idx228(Q:0.5685, distinct_name:2, dictinctin_value:1.776904010924299, par:214)
									idx240(Q:0.5635, distinct_name:2, dictinctin_value:1.4203463682180766, par:228)
										idx254(Q:0.5520, distinct_name:0, dictinctin_value:2.115573493736756, par:240)
											idx272(Q:0.5529, distinct_name:2, dictinctin_value:1.306259966260203, par:254)
												idx286(Q:0.5409, distinct_name:2, dictinctin_value:1.2529155214914378, par:272)
													idx302(Q:0.5372, distinct_name:2, dictinctin_value:0.808199081795812, par:286)
														idx314(Q:0.5151, distinct_name:2, dictinctin_value:0.7214446989843575, par:302)
															idx326(Q:0.5079, distinct_name:2, dictinctin_value:0.7041168221107604, par:314)
																idx338(Q:0.5072, distinct_name:0, dictinctin_value:2.1110030599556926, par:326)
																	idx352(Q:0.5079, distinct_name:0, dictinctin_value:2.0312710900603177, par:338)
																		idx366(Q:0.5063, distinct_name:2, dictinctin_value:0.6878681581259294, par:352)
																			idx394(Q:0.5044, par:366)
																			idx395(Q:0.7374, par:366)
																		idx367(Q:0.6383, par:352)
																	idx353(Q:0.3397, par:338)
																idx339(Q:0.6013, par:326)
															idx327(Q:0.6820, par:314)
														idx315(Q:0.8465, par:302)
													idx303(Q:0.8049, par:286)
												idx287(Q:0.8402, par:272)
											idx273(Q:0.5061, par:254)
										idx255(Q:0.7995, par:240)
									idx241(Q:0.8938, par:228)
								idx229(Q:0.7945, par:214)
							idx215(Q:0.7358, par:202)
						idx203(Q:0.9193, par:194)
					idx195(Q:0.9885, par:15)
		idx7(Q:0.3537, par:4)
	idx5(Q:0.2809, par:1)
r:1)
