WARNING:tensorflow:From /Users/keithwu/opt/anaconda3/envs/auction-gym/lib/python3.10/site-packages/tensorflow/python/compat/v2_compat.py:107: disable_resource_variables (from tensorflow.python.ops.variable_scope) is deprecated and will be removed in a future version.
Instructions for updating:
non-resource variables are not supported in the long term
<_io.TextIOWrapper name='<stderr>' mode='w' encoding='utf-8'> reading from ../UTree_model_numpy/DM/model_boost_linear_qsplit_noabs_save/, starting at 57
<_io.TextIOWrapper name='<stderr>' mode='w' encoding='utf-8'> =============== update starts ===============
(average_diff:0.0011804097562452339, max_diff:0.002555499030733377, training_epochs:50, lr:0.05)
<_io.TextIOWrapper name='<stderr>' mode='w' encoding='utf-8'> node index is 111
train linear regression time:  0.05084329191595316
(average_diff:0.0018895722013395583, max_diff:0.005628573489539268, training_epochs:50, lr:0.05)
<_io.TextIOWrapper name='<stderr>' mode='w' encoding='utf-8'> node index is 101
train linear regression time:  0.0513217500410974
(average_diff:0.003070366041528265, max_diff:0.009638228916802327, training_epochs:50, lr:0.05)
<_io.TextIOWrapper name='<stderr>' mode='w' encoding='utf-8'> node index is 91
train linear regression time:  0.05117004178464413
(average_diff:0.013853886621388135, max_diff:0.16306880359039613, training_epochs:50, lr:0.05)
<_io.TextIOWrapper name='<stderr>' mode='w' encoding='utf-8'> node index is 83
train linear regression time:  0.05053162481635809
(average_diff:0.017997412346209964, max_diff:0.15091883958220909, training_epochs:50, lr:0.05)
<_io.TextIOWrapper name='<stderr>' mode='w' encoding='utf-8'> node index is 77
train linear regression time:  0.05296716606244445
(average_diff:0.051206362248802074, max_diff:0.25322935379333383, training_epochs:50, lr:0.05)
<_io.TextIOWrapper name='<stderr>' mode='w' encoding='utf-8'> node index is 71
train linear regression time:  0.05164516670629382
(average_diff:0.05011282454484891, max_diff:0.20251535272616777, training_epochs:50, lr:0.05)
<_io.TextIOWrapper name='<stderr>' mode='w' encoding='utf-8'> node index is 63
train linear regression time:  0.05106404237449169
(average_diff:0.06939081514542988, max_diff:0.26152314422766426, training_epochs:50, lr:0.05)
<_io.TextIOWrapper name='<stderr>' mode='w' encoding='utf-8'> node index is 55
train linear regression time:  0.051405500154942274
<_io.TextIOWrapper name='<stderr>' mode='w' encoding='utf-8'> variance test passed, diff=0.020328494698015717, d = 0, back=0
<_io.TextIOWrapper name='<stderr>' mode='w' encoding='utf-8'> Will be split, p=0.020328494698015717, d=0, back=0
(average_diff:0.06883429472895998, max_diff:0.25636983123220874, training_epochs:50, lr:0.05)
<_io.TextIOWrapper name='<stderr>' mode='w' encoding='utf-8'> node index is 464
train linear regression time:  0.05310945771634579
(average_diff:0.029187019172938488, max_diff:0.05101397225919968, training_epochs:50, lr:0.05)
<_io.TextIOWrapper name='<stderr>' mode='w' encoding='utf-8'> node index is 465
train linear regression time:  0.05033558374270797
(average_diff:0.06960066085704267, max_diff:0.30905517742743793, training_epochs:50, lr:0.05)
<_io.TextIOWrapper name='<stderr>' mode='w' encoding='utf-8'> node index is 45
train linear regression time:  0.05122408317402005
(average_diff:0.07094053481255184, max_diff:0.3554150892517732, training_epochs:50, lr:0.05)
<_io.TextIOWrapper name='<stderr>' mode='w' encoding='utf-8'> node index is 460
train linear regression time:  0.05228504212573171
<_io.TextIOWrapper name='<stderr>' mode='w' encoding='utf-8'> variance test passed, diff=0.04316066472460795, d = 0, back=0
<_io.TextIOWrapper name='<stderr>' mode='w' encoding='utf-8'> Will be split, p=0.04316066472460795, d=0, back=0
(average_diff:0.07374176925275779, max_diff:0.36918758807395535, training_epochs:50, lr:0.05)
<_io.TextIOWrapper name='<stderr>' mode='w' encoding='utf-8'> node index is 466
train linear regression time:  0.05244308291003108
(average_diff:0.009269691548745476, max_diff:0.009452086675561605, training_epochs:50, lr:0.05)
<_io.TextIOWrapper name='<stderr>' mode='w' encoding='utf-8'> node index is 467
train linear regression time:  0.05130662536248565
(average_diff:0.017770693734973534, max_diff:0.027271043833349773, training_epochs:50, lr:0.05)
<_io.TextIOWrapper name='<stderr>' mode='w' encoding='utf-8'> node index is 461
train linear regression time:  0.05042462470009923
(average_diff:0.009653327380277446, max_diff:0.014635787382652532, training_epochs:50, lr:0.05)
<_io.TextIOWrapper name='<stderr>' mode='w' encoding='utf-8'> node index is 457
train linear regression time:  0.05176333384588361
(average_diff:2.220446049250313e-16, max_diff:2.220446049250313e-16, training_epochs:50, lr:0.05)
<_io.TextIOWrapper name='<stderr>' mode='w' encoding='utf-8'> node index is 449
train linear regression time:  0.051496332976967096
(average_diff:0.00047964014572699637, max_diff:0.0005772656973063311, training_epochs:50, lr:0.05)
<_io.TextIOWrapper name='<stderr>' mode='w' encoding='utf-8'> node index is 445
train linear regression time:  0.0509595419280231
(average_diff:4.474790851388688e-06, max_diff:4.585565154729965e-06, training_epochs:50, lr:0.05)
<_io.TextIOWrapper name='<stderr>' mode='w' encoding='utf-8'> node index is 433
train linear regression time:  0.04989837482571602
(average_diff:0.0011674387320917134, max_diff:0.001195786337724103, training_epochs:50, lr:0.05)
<_io.TextIOWrapper name='<stderr>' mode='w' encoding='utf-8'> node index is 427
train linear regression time:  0.05046604201197624
(average_diff:0.0973715186552252, max_diff:0.31625965969179426, training_epochs:50, lr:0.05)
<_io.TextIOWrapper name='<stderr>' mode='w' encoding='utf-8'> node index is 31
train linear regression time:  0.051257249899208546
(average_diff:1.0095860754621988e-05, max_diff:1.0424259341279551e-05, training_epochs:50, lr:0.05)
<_io.TextIOWrapper name='<stderr>' mode='w' encoding='utf-8'> node index is 369
train linear regression time:  0.05006370786577463
(average_diff:0.004514354282632027, max_diff:0.006907572657170347, training_epochs:50, lr:0.05)
<_io.TextIOWrapper name='<stderr>' mode='w' encoding='utf-8'> node index is 355
train linear regression time:  0.05246399994939566
(average_diff:0.0012841522757790862, max_diff:0.0018338990949364198, training_epochs:50, lr:0.05)
<_io.TextIOWrapper name='<stderr>' mode='w' encoding='utf-8'> node index is 341
train linear regression time:  0.050746915861964226
(average_diff:0.008703562271042764, max_diff:0.019379219414142224, training_epochs:50, lr:0.05)
<_io.TextIOWrapper name='<stderr>' mode='w' encoding='utf-8'> node index is 329
train linear regression time:  0.05038766609504819
(average_diff:0.007275428122141412, max_diff:0.012287833696345396, training_epochs:50, lr:0.05)
<_io.TextIOWrapper name='<stderr>' mode='w' encoding='utf-8'> node index is 317
train linear regression time:  0.05286674993112683
(average_diff:0.07059106179077829, max_diff:0.22658822011949745, training_epochs:50, lr:0.05)
<_io.TextIOWrapper name='<stderr>' mode='w' encoding='utf-8'> node index is 305
train linear regression time:  0.050898415967822075
(average_diff:0.00038936798597653116, max_diff:0.0004019601224212882, training_epochs:50, lr:0.05)
<_io.TextIOWrapper name='<stderr>' mode='w' encoding='utf-8'> node index is 289
train linear regression time:  0.050905917305499315
(average_diff:0.007019387579416625, max_diff:0.013245690995781656, training_epochs:50, lr:0.05)
<_io.TextIOWrapper name='<stderr>' mode='w' encoding='utf-8'> node index is 257
train linear regression time:  0.05075174989178777
(average_diff:0.07397922003054143, max_diff:0.13432880353947674, training_epochs:50, lr:0.05)
<_io.TextIOWrapper name='<stderr>' mode='w' encoding='utf-8'> node index is 243
train linear regression time:  0.052286042366176844
(average_diff:0.057861586141476844, max_diff:0.08813076623361812, training_epochs:50, lr:0.05)
<_io.TextIOWrapper name='<stderr>' mode='w' encoding='utf-8'> node index is 231
train linear regression time:  0.05123791703954339
(average_diff:0.0814200412803445, max_diff:0.13733446804197585, training_epochs:50, lr:0.05)
<_io.TextIOWrapper name='<stderr>' mode='w' encoding='utf-8'> node index is 217
train linear regression time:  0.05052708322182298
(average_diff:0.009521810394342656, max_diff:0.021452534605380658, training_epochs:50, lr:0.05)
<_io.TextIOWrapper name='<stderr>' mode='w' encoding='utf-8'> node index is 275
train linear regression time:  0.05048829084262252
(average_diff:0.006502077649484239, max_diff:0.013011015272466175, training_epochs:50, lr:0.05)
<_io.TextIOWrapper name='<stderr>' mode='w' encoding='utf-8'> node index is 259
train linear regression time:  0.051073667127639055
(average_diff:0.023409871592265957, max_diff:0.03593725228403055, training_epochs:50, lr:0.05)
<_io.TextIOWrapper name='<stderr>' mode='w' encoding='utf-8'> node index is 245
train linear regression time:  0.05108841694891453
(average_diff:0.022830991674063033, max_diff:0.042947346165133404, training_epochs:50, lr:0.05)
<_io.TextIOWrapper name='<stderr>' mode='w' encoding='utf-8'> node index is 233
train linear regression time:  0.051037915982306004
(average_diff:4.029252004267292e-08, max_diff:4.494014438360949e-08, training_epochs:50, lr:0.05)
<_io.TextIOWrapper name='<stderr>' mode='w' encoding='utf-8'> node index is 219
train linear regression time:  0.05025887489318848
(average_diff:0.013349470831780936, max_diff:0.023574096921613608, training_epochs:50, lr:0.05)
<_io.TextIOWrapper name='<stderr>' mode='w' encoding='utf-8'> node index is 205
train linear regression time:  0.051427667029201984
(average_diff:0.004231890477228225, max_diff:0.009082802293172487, training_epochs:50, lr:0.05)
<_io.TextIOWrapper name='<stderr>' mode='w' encoding='utf-8'> node index is 197
train linear regression time:  0.050641041714698076
(average_diff:0.032614138604503205, max_diff:0.06515483177855186, training_epochs:50, lr:0.05)
<_io.TextIOWrapper name='<stderr>' mode='w' encoding='utf-8'> node index is 189
train linear regression time:  0.050580792129039764
(average_diff:0.022281646879115692, max_diff:0.06107050004968262, training_epochs:50, lr:0.05)
<_io.TextIOWrapper name='<stderr>' mode='w' encoding='utf-8'> node index is 181
train linear regression time:  0.051223999820649624
(average_diff:0.028083396066700628, max_diff:0.07445551186193844, training_epochs:50, lr:0.05)
<_io.TextIOWrapper name='<stderr>' mode='w' encoding='utf-8'> node index is 173
train linear regression time:  0.049768750090152025
(average_diff:0.02588815563805713, max_diff:0.04449788332733995, training_epochs:50, lr:0.05)
<_io.TextIOWrapper name='<stderr>' mode='w' encoding='utf-8'> node index is 163
train linear regression time:  0.052202874794602394
(average_diff:0.0, max_diff:0.0, training_epochs:50, lr:0.05)
<_io.TextIOWrapper name='<stderr>' mode='w' encoding='utf-8'> node index is 153
train linear regression time:  0.05136358318850398
(average_diff:0.027654400522325345, max_diff:0.04995427959778209, training_epochs:50, lr:0.05)
<_io.TextIOWrapper name='<stderr>' mode='w' encoding='utf-8'> node index is 221
train linear regression time:  0.0499747502617538
(average_diff:0.10839896361375911, max_diff:0.27543854836853154, training_epochs:50, lr:0.05)
<_io.TextIOWrapper name='<stderr>' mode='w' encoding='utf-8'> node index is 207
train linear regression time:  0.05125591717660427
(average_diff:0.14671080403456951, max_diff:0.3417994422697924, training_epochs:50, lr:0.05)
<_io.TextIOWrapper name='<stderr>' mode='w' encoding='utf-8'> node index is 165
train linear regression time:  0.05105962511152029
(average_diff:0.0826017494640255, max_diff:0.22706550244986168, training_epochs:50, lr:0.05)
<_io.TextIOWrapper name='<stderr>' mode='w' encoding='utf-8'> node index is 155
train linear regression time:  0.05125241680070758
(average_diff:0.1306086356160147, max_diff:0.2101692169914272, training_epochs:50, lr:0.05)
<_io.TextIOWrapper name='<stderr>' mode='w' encoding='utf-8'> node index is 149
train linear regression time:  0.0502705411054194
(average_diff:0.048467508913878556, max_diff:0.14245124761573577, training_epochs:50, lr:0.05)
<_io.TextIOWrapper name='<stderr>' mode='w' encoding='utf-8'> node index is 147
train linear regression time:  0.04964995803311467
(average_diff:0.05349821610976127, max_diff:0.13292527292286427, training_epochs:50, lr:0.05)
<_io.TextIOWrapper name='<stderr>' mode='w' encoding='utf-8'> node index is 143
train linear regression time:  0.05045733321458101
(average_diff:0.03255036851507362, max_diff:0.07727724995725338, training_epochs:50, lr:0.05)
<_io.TextIOWrapper name='<stderr>' mode='w' encoding='utf-8'> node index is 137
train linear regression time:  0.051149625331163406
(average_diff:0.04401593845282642, max_diff:0.15486802746931339, training_epochs:50, lr:0.05)
<_io.TextIOWrapper name='<stderr>' mode='w' encoding='utf-8'> node index is 131
train linear regression time:  0.052064333111047745
(average_diff:0.03232434914063466, max_diff:0.06960675408938438, training_epochs:50, lr:0.05)
<_io.TextIOWrapper name='<stderr>' mode='w' encoding='utf-8'> node index is 123
train linear regression time:  0.050400958862155676
(average_diff:0.03795409707711266, max_diff:0.09566634952925013, training_epochs:50, lr:0.05)
<_io.TextIOWrapper name='<stderr>' mode='w' encoding='utf-8'> node index is 113
train linear regression time:  0.05122866574674845
(average_diff:0.07202279730287352, max_diff:0.2861142315971291, training_epochs:50, lr:0.05)
<_io.TextIOWrapper name='<stderr>' mode='w' encoding='utf-8'> node index is 103
train linear regression time:  0.050679999869316816
(average_diff:0.05432843865616987, max_diff:0.11248573091755709, training_epochs:50, lr:0.05)
<_io.TextIOWrapper name='<stderr>' mode='w' encoding='utf-8'> node index is 93
train linear regression time:  0.05025608278810978
(average_diff:0.02407940672966822, max_diff:0.07936166055304697, training_epochs:50, lr:0.05)
<_io.TextIOWrapper name='<stderr>' mode='w' encoding='utf-8'> node index is 139
train linear regression time:  0.050267249811440706
(average_diff:0.05902689222262339, max_diff:0.1670773997999786, training_epochs:50, lr:0.05)
<_io.TextIOWrapper name='<stderr>' mode='w' encoding='utf-8'> node index is 133
train linear regression time:  0.05083358287811279
(average_diff:0.026441339765434335, max_diff:0.08311089257354756, training_epochs:50, lr:0.05)
<_io.TextIOWrapper name='<stderr>' mode='w' encoding='utf-8'> node index is 125
train linear regression time:  0.05055966693907976
(average_diff:0.06925278748740937, max_diff:0.21582918157089992, training_epochs:50, lr:0.05)
<_io.TextIOWrapper name='<stderr>' mode='w' encoding='utf-8'> node index is 115
train linear regression time:  0.052891542203724384
(average_diff:0.05571193165887143, max_diff:0.21625661809832392, training_epochs:50, lr:0.05)
<_io.TextIOWrapper name='<stderr>' mode='w' encoding='utf-8'> node index is 105
train linear regression time:  0.05236987490206957
(average_diff:0.05318889041593269, max_diff:0.2022526301512989, training_epochs:50, lr:0.05)
<_io.TextIOWrapper name='<stderr>' mode='w' encoding='utf-8'> node index is 95
train linear regression time:  0.05375737510621548
(average_diff:0.06354325012938702, max_diff:0.11495014194551809, training_epochs:50, lr:0.05)
<_io.TextIOWrapper name='<stderr>' mode='w' encoding='utf-8'> node index is 85
train linear regression time:  0.052491082809865475
(average_diff:0.07181413675489848, max_diff:0.2512970176694552, training_epochs:50, lr:0.05)
<_io.TextIOWrapper name='<stderr>' mode='w' encoding='utf-8'> node index is 79
train linear regression time:  0.05068604229018092
(average_diff:0.10982431080673961, max_diff:0.41016025445414733, training_epochs:50, lr:0.05)
<_io.TextIOWrapper name='<stderr>' mode='w' encoding='utf-8'> node index is 73
train linear regression time:  0.050863290671259165
(average_diff:0.08503197452255529, max_diff:0.36109539706144067, training_epochs:50, lr:0.05)
<_io.TextIOWrapper name='<stderr>' mode='w' encoding='utf-8'> node index is 65
train linear regression time:  0.05166183412075043
(average_diff:0.08424044519528963, max_diff:0.4634020922213463, training_epochs:50, lr:0.05)
<_io.TextIOWrapper name='<stderr>' mode='w' encoding='utf-8'> node index is 57
train linear regression time:  0.053381457924842834
(average_diff:0.08731711994446532, max_diff:0.5825521398505021, training_epochs:50, lr:0.05)
<_io.TextIOWrapper name='<stderr>' mode='w' encoding='utf-8'> node index is 47
train linear regression time:  0.051595875062048435
(average_diff:0.0016988147385739241, max_diff:0.002119910660810312, training_epochs:5
<_io.TextIOWrapper name='<stderr>' mode='w' encoding='utf-8'> node index is 397
train linear regression time:  0.051332040689885616
(average_diff:0.12167121488439225, max_diff:0.1834052539915466, training_epochs:50, lr:0.05)
<_io.TextIOWrapper name='<stderr>' mode='w' encoding='utf-8'> node index is 383
train linear regression time:  0.05183120910078287
(average_diff:1.1102230246251565e-16, max_diff:1.1102230246251565e-16, training_epochs:50, lr:0.05)
<_io.TextIOWrapper name='<stderr>' mode='w' encoding='utf-8'> node index is 371
train linear regression time:  0.051812333054840565
(average_diff:0.11868348245950236, max_diff:0.343389232523469, training_epochs:50, lr:0.05)
<_io.TextIOWrapper name='<stderr>' mode='w' encoding='utf-8'> node index is 357
train linear regression time:  0.05212333286181092
(average_diff:0.11176301996214008, max_diff:0.24331453245382173, training_epochs:50, lr:0.05)
<_io.TextIOWrapper name='<stderr>' mode='w' encoding='utf-8'> node index is 343
train linear regression time:  0.051651000045239925
(average_diff:3.750416643910626e-12, max_diff:4.421740751325842e-12, training_epochs:50, lr:0.05)
<_io.TextIOWrapper name='<stderr>' mode='w' encoding='utf-8'> node index is 331
train linear regression time:  0.05134266708046198
(average_diff:0.01448108771958001, max_diff:0.026285977226179646, training_epochs:50, lr:0.05)
<_io.TextIOWrapper name='<stderr>' mode='w' encoding='utf-8'> node index is 319
train linear regression time:  0.05160566605627537
(average_diff:0.18383218263482817, max_diff:0.4780409180757057, training_epochs:50, lr:0.05)
<_io.TextIOWrapper name='<stderr>' mode='w' encoding='utf-8'> node index is 307
train linear regression time:  0.05053441599011421
(average_diff:2.6768432104251616e-07, max_diff:2.7391553336642005e-07, training_epochs:50, lr:0.05)
<_io.TextIOWrapper name='<stderr>' mode='w' encoding='utf-8'> node index is 293
train linear regression time:  0.0508435838855803
(average_diff:0.00013158514465264984, max_diff:0.0001818019872981136, training_epochs:50, lr:0.05)
<_io.TextIOWrapper name='<stderr>' mode='w' encoding='utf-8'> node index is 277
train linear regression time:  0.054369375109672546
(average_diff:0.011564739882798611, max_diff:0.017350175532284184, training_epochs:50, lr:0.05)
<_io.TextIOWrapper name='<stderr>' mode='w' encoding='utf-8'> node index is 261
train linear regression time:  0.05168600007891655
(average_diff:0.0001380435432049576, max_diff:0.0002760834127452094, training_epochs:50, lr:0.05)
<_io.TextIOWrapper name='<stderr>' mode='w' encoding='utf-8'> node index is 247
train linear regression time:  0.05124212522059679
(average_diff:0.17716693230449077, max_diff:0.7249209404998402, training_epochs:50, lr:0.05)
<_io.TextIOWrapper name='<stderr>' mode='w' encoding='utf-8'> node index is 462
train linear regression time:  0.052482707891613245
(average_diff:0.01337530474396135, max_diff:0.021020807956300125, training_epochs:50, lr:0.05)
<_io.TextIOWrapper name='<stderr>' mode='w' encoding='utf-8'> node index is 463
train linear regression time:  0.05138295888900757
(average_diff:0.0036301565390446378, max_diff:0.005462003048354314, training_epochs:50, lr:0.05)
<_io.TextIOWrapper name='<stderr>' mode='w' encoding='utf-8'> node index is 459
train linear regression time:  0.05133608402684331
(average_diff:0.0, max_diff:0.0, training_epochs:50, lr:0.05)
<_io.TextIOWrapper name='<stderr>' mode='w' encoding='utf-8'> node index is 451
train linear regression time:  0.05081825004890561
(average_diff:0.0, max_diff:0.0, training_epochs:50, lr:0.05)
<_io.TextIOWrapper name='<stderr>' mode='w' encoding='utf-8'> node index is 439
train linear regression time:  0.05183345777913928
(average_diff:0.013589038844714463, max_diff:0.028332137292877202, training_epochs:50, lr:0.05)
<_io.TextIOWrapper name='<stderr>' mode='w' encoding='utf-8'> node index is 437
train linear regression time:  0.050912332721054554
(average_diff:0.029644025887785374, max_diff:0.056207489436719965, training_epochs:50, lr:0.05)
<_io.TextIOWrapper name='<stderr>' mode='w' encoding='utf-8'> node index is 117
train linear regression time:  0.05132783344015479
(average_diff:0.020848912629935632, max_diff:0.055449401472950424, training_epochs:50, lr:0.05)
<_io.TextIOWrapper name='<stderr>' mode='w' encoding='utf-8'> node index is 107
train linear regression time:  0.050234667025506496
(average_diff:0.03947684285371847, max_diff:0.13110995407010118, training_epochs:50, lr:0.05)
<_io.TextIOWrapper name='<stderr>' mode='w' encoding='utf-8'> node index is 97
train linear regression time:  0.049804999958723783
(average_diff:0.06362340641348754, max_diff:0.14966389963783383, training_epochs:50, lr:0.05)
<_io.TextIOWrapper name='<stderr>' mode='w' encoding='utf-8'> node index is 87
train linear regression time:  0.051660457625985146
(average_diff:0.0598446847319763, max_diff:0.33585682734751954, training_epochs:50, lr:0.05)
<_io.TextIOWrapper name='<stderr>' mode='w' encoding='utf-8'> node index is 81
train linear regression time:  0.05090570775792003
(average_diff:0.07946573545320755, max_diff:0.2660079667103868, training_epochs:50, lr:0.05)
<_io.TextIOWrapper name='<stderr>' mode='w' encoding='utf-8'> node index is 75
train linear regression time:  0.050934792030602694
(average_diff:0.09089335282223808, max_diff:0.3162834180821874, training_epochs:50, lr:0.05)
<_io.TextIOWrapper name='<stderr>' mode='w' encoding='utf-8'> node index is 67
train linear regression time:  0.050960749853402376
(average_diff:0.16399255645841285, max_diff:0.531077012724515, training_epochs:50, lr:0.05)
<_io.TextIOWrapper name='<stderr>' mode='w' encoding='utf-8'> node index is 59
train linear regression time:  0.05081662489101291
(average_diff:0.11013644959312024, max_diff:0.29465500783598864, training_epochs:50, lr:0.05)
<_io.TextIOWrapper name='<stderr>' mode='w' encoding='utf-8'> node index is 49
train linear regression time:  0.05043295817449689
(average_diff:0.1725828944966226, max_diff:0.6653226908704326, training_epochs:50, lr:0.05)
<_io.TextIOWrapper name='<stderr>' mode='w' encoding='utf-8'> node index is 43
train linear regression time:  0.0517340418882668
(average_diff:0.022799197732008825, max_diff:0.03402823506942759, training_epochs:50, lr:0.05)
<_io.TextIOWrapper name='<stderr>' mode='w' encoding='utf-8'> node index is 385
train linear regression time:  0.049382375087589025
(average_diff:0.0003381797107074221, max_diff:0.00046867448830828495, training_epochs:50, lr:0.05)
<_io.TextIOWrapper name='<stderr>' mode='w' encoding='utf-8'> node index is 373
train linear regression time:  0.04920925013720989
(average_diff:0.0, max_diff:0.0, training_epochs:50, lr:0.05)
<_io.TextIOWrapper name='<stderr>' mode='w' encoding='utf-8'> node index is 359
train linear regression time:  0.05244341678917408
(average_diff:0.07250094535185654, max_diff:0.2175227669855408, training_epochs:50, lr:0.05)
<_io.TextIOWrapper name='<stderr>' mode='w' encoding='utf-8'> node index is 345
train linear regression time:  0.05086512491106987
(average_diff:0.049031108479429854, max_diff:0.07612743511016734, training_epochs:50, lr:0.05)
<_io.TextIOWrapper name='<stderr>' mode='w' encoding='utf-8'> node index is 321
train linear regression time:  0.05009562522172928
(average_diff:0.06389904163392944, max_diff:0.1593372666501069, training_epochs:50, lr:0.05)
<_io.TextIOWrapper name='<stderr>' mode='w' encoding='utf-8'> node index is 295
train linear regression time:  0.05086483433842659
(average_diff:0.008098114481228727, max_diff:0.01615405076267845, training_epochs:50, lr:0.05)
<_io.TextIOWrapper name='<stderr>' mode='w' encoding='utf-8'> node index is 279
train linear regression time:  0.05059091607108712
(average_diff:1.3877787807814457e-17, max_diff:2.7755575615628914e-17, training_epochs:50, lr:0.05)
<_io.TextIOWrapper name='<stderr>' mode='w' encoding='utf-8'> node index is 263
train linear regression time:  0.050880917347967625
(average_diff:0.021608838569527427, max_diff:0.03751391320613229, training_epochs:50, lr:0.05)
<_io.Te<_io.TextIOWrapper name='<stderr>' mode='w' encoding='utf-8'> node index is 249
train linear regression time:  0.05211795819(average_diff:0.0, max_diff:0.0, training_epochs:50, lr:0.05)
<_io.TextIOWrapper name='<stderr>' mode='w' encoding='utf-8'> node index is 237
train linear regression time:  0.0524384593591094
(average_diff:0.002646528505833618, max_diff:0.004092171076317402, training_epochs:50, lr:0.05)
<_io.TextIOWrapper name='<stderr>' mode='w' encoding='utf-8'> node index is 265
train linear regression time:  0.05015120794996619
(average_diff:0.0, max_diff:0.0, training_epochs:50, lr:0.05)
<_io.TextIOWrapper name='<stderr>' mode='w' encoding='utf-8'> node index is 251
train linear regression time:  0.050748415756970644
(average_diff:0.09648369753426457, max_diff:0.3510162622106047, training_epochs:50, lr:0.05)
<_io.TextIOWrapper name='<stderr>' mode='w' encoding='utf-8'> node index is 239
train linear regression time:  0.05364045826718211
(average_diff:0.08723549143462106, max_diff:0.20450046011612533, training_epochs:50, lr:0.05)
<_io.TextIOWrapper name='<stderr>' mode='w' encoding='utf-8'> node index is 223
train linear regression time:  0.05020345887169242
(average_diff:0.017109569177548255, max_diff:0.02882482808022291, training_epochs:50, lr:0.05)
<_io.TextIOWrapper name='<stderr>' mode='w' encoding='utf-8'> node index is 209
train linear regression time:  0.05171770788729191
(average_diff:0.09448570978316265, max_diff:0.1646639622712276, training_epochs:50, lr:0.05)
<_io.TextIOWrapper name='<stderr>' mode='w' encoding='utf-8'> node index is 199
train linear regression time:  0.05292558390647173
(average_diff:0.07340603982887568, max_diff:0.1531714832068325, training_epochs:50, lr:0.05)
<_io.TextIOWrapper name='<stderr>' mode='w' encoding='utf-8'> node index is 191
train linear regression time:  0.05124845774844289
(average_diff:0.12143259547050213, max_diff:0.21209401660035182, training_epochs:50, lr:0.05)
<_io.TextIOWrapper name='<stderr>' mode='w' encoding='utf-8'> node index is 183
train linear regression time:  0.0509336250834167
(average_diff:0.09404612228622088, max_diff:0.16634033008242938, training_epochs:50, lr:0.05)
<_io.TextIOWrapper name='<stderr>' mode='w' encoding='utf-8'> node index is 175
train linear regression time:  0.050738791935145855
(average_diff:0.09163154472621285, max_diff:0.18485002363824177, training_epochs:50, lr:0.05)
<_io.TextIOWrapper name='<stderr>' mode='w' encoding='utf-8'> node index is 167
train linear regression time:  0.05078379204496741
(average_diff:0.10478436879620837, max_diff:0.19440055898697417, training_epochs:50, lr:0.05)
<_io.TextIOWrapper name='<stderr>' mode='w' encoding='utf-8'> node index is 157
train linear regression time:  0.05145283276215196
(average_diff:0.0, max_diff:0.0, training_epochs:50, lr:0.05)
<_io.TextIOWrapper name='<stderr>' mode='w' encoding='utf-8'> node index is 323
train linear regression time:  0.05133216688409448
(average_diff:0.0, max_diff:0.0, training_epochs:50, lr:0.05)
<_io.TextIOWrapper name='<stderr>' mode='w' encoding='utf-8'> node index is 309
train linear regression time:  0.05128679238259792
(average_diff:0.10650394316469966, max_diff:0.18044483612076595, training_epochs:50, lr:0.05)
<_io.TextIOWrapper name='<stderr>' mode='w' encoding='utf-8'> node index is 297
train linear regression time:  0.050926916766911745
(average_diff:0.16294369588889152, max_diff:0.30557159814785073, training_epochs:50, lr:0.05)
<_io.TextIOWrapper name='<stderr>' mode='w' encoding='utf-8'> node index is 283
train linear regression time:  0.05249712476506829
(average_diff:0.059745356291287, max_diff:0.1359295312165609, training_epochs:50, lr:0.05)
<_io.TextIOWrapper name='<stderr>' mode='w' encoding='utf-8'> node index is 267
train linear regression time:  0.05059991590678692
(average_diff:0.1546266635285661, max_diff:0.5665495312725699, training_epochs:50, lr:0.05)
<_io.TextIOWrapper name='<stderr>' mode='w' encoding='utf-8'> node index is 225
train linear regression time:  0.050194500014185905
(average_diff:0.21834876603761758, max_diff:0.4128763766402987, training_epochs:50, lr:0.05)
<_io.TextIOWrapper name='<stderr>' mode='w' encoding='utf-8'> node index is 211
train linear regression time:  0.050544582773
(average_diff:0.1338869222365597, max_diff:0.2701502894359654, training_epochs:50, lr:0.05)
<_io.TextIOWrapper name='<stderr>' mode='w' encoding='utf-8'> node index is 185
train linear regression time:  0.049947291146963835
(average_diff:0.16095969097951476, max_diff:0.4429358949620117, training_epochs:50, lr:0.05)
<_io.TextIOWrapper name='<stderr>' mode='w' encoding='utf-8'> node index is 177
train linear regression time:  0.04971524979919195
(average_diff:0.17889227172852956, max_diff:0.42564879474542033, training_epochs:50, lr:0.05)
<_io.TextIOWrapper name='<stderr>' mode='w' encoding='utf-8'> node index is 169
train linear regression time:  0.050153291784226894
(average_diff:0.0, max_diff:0.0, training_epochs:50, lr:0.05)
<_io.TextIOWrapper name='<stderr>' mode='w' encoding='utf-8'> node index is 159
train linear regression time:  0.051075625233352184
(average_diff:0.12896415120778212, max_diff:0.2480365824923142, training_epochs:50, lr:0.05)
<_io.TextIOWrapper name='<stderr>' mode='w' encoding='utf-8'> node index is 151
train linear regression time:  0.050067291129380465
(average_diff:0.03302985571366784, max_diff:0.08976045172787839, training_epochs:50, lr:0.05)
<_io.TextIOWrapper name='<stderr>' mode='w' encoding='utf-8'> node index is 135
train linear regression time:  0.050976000260561705
(average_diff:0.04727520452464791, max_diff:0.10780024519572107, training_epochs:50, lr:0.05)
<_io.TextIOWrapper name='<stderr>' mode='w' encoding='utf-8'> node index is 129
train linear regression time:  0.049600125290453434
(average_diff:0.03317902373977666, max_diff:0.10394483052073678, training_epochs:50, lr:0.05)
<_io.TextIOWrapper name='<stderr>' mode='w' encoding='utf-8'> node index is 119
train linear regression time:  0.05241545895114541
(average_diff:0.04152816555838321, max_diff:0.10593651485326622, training_epochs:50, lr:0.05)
<_io.TextIOWrapper name='<stderr>' mode='w' encoding='utf-8'> node index is 109
train linear regression time:  0.049794832710176706
(average_diff:0.04507306025026759, max_diff:0.1664087383630713, training_epochs:50, lr:0.05)
<_io.TextIOWrapper name='<stderr>' mode='w' encoding='utf-8'> node index is 99
train linear regression time:  0.050834041088819504
(average_diff:2.7755575615628914e-17, max_diff:2.7755575615628914e-17, training_epochs:50, lr:0.05)
<_io.TextIOWrapper name='<stderr>' mode='w' encoding='utf-8'> node index is 447
train linear regression time:  0.0510151251219213
(average_diff:0.02851862966458109, max_diff:0.0391479787593762, training_epochs:50, lr:0.05)
<_io.TextIOWrapper name='<stderr>' mode='w' encoding='utf-8'> node index is 441
train linear regression time:  0.05051495786756277
(average_diff:0.006640218970041976, max_diff:0.00973232123732315, training_epochs:50, lr:0.05)
<_io.TextIOWrapper name='<stderr>' mode='w' encoding='utf-8'> node index is 435
train linear regression time:  0.05005145911127329
(average_diff:0.0, max_diff:0.0, training_epochs:50, lr:0.05)
<_io.TextIOWrapper name='<stderr>' mode='w' encoding='utf-8'> node index is 429
train linear regression time:  0.04978229198604822
(average_diff:0.017479245071842203, max_diff:0.026100034629271462, training_epochs:50, lr:0.05)
<_io.TextIOWrapper name='<stderr>' mode='w' encoding='utf-8'> node index is 421
train linear regression time:  0.05228362465277314
(average_diff:0.003271423838661196, max_diff:0.061947408132441484, training_epochs:50, lr:0.05)
<_io.TextIOWrapper name='<stderr>' mode='w' encoding='utf-8'> node index is 69
train linear regression time:  0.050964999943971634
(average_diff:0.0726022981712289, max_diff:0.2335335073609105, training_epochs:50, lr:0.05)
<_io.TextIOWrapper name='<stderr>' mode='w' encoding='utf-8'> node index is 61
train linear regression time:  0.05103454226627946
(average_diff:0.06277976696418344, max_diff:0.12088773036188391, training_epochs:50, lr:0.05)
<_io.TextIOWra<_io.TextIOWrapper name='<stderr>' mode='w' encoding='utf-8'> node index is 53
train linear regression time:  0.05131245916709304
(average_diff:0.040320303601679104, max_diff:0.06280940325366507, training_epochs:50, lr:0.05)
<_io.TextIOWrapper name='<stderr>' mode='w' encoding='utf-8'> node index is 401
train linear regression time:  0.051473542116582394
(average_diff:2.7755575615628914e-17, max_diff:2.7755575615628914e-17, training_epochs:50, lr:0.05)
<_io.TextIOWrapper name='<stderr>' mode='w' encoding='utf-8'> node index is 387
train linear regression time:  0.050850083120167255
(average_diff:0.0066482496560326745, max_diff:0.01244132366255235, training_epochs:50, lr:0.05)
<_io.TextIOWrapper name='<stderr>' mode='w' encoding='utf-8'> node index is 375
train linear regression time:  0.05101437494158745
(average_diff:0.03812917951156044, max_diff:0.062142537351672744, training_epochs:50, lr:0.05)
<_io.TextIOWrapper name='<stderr>' mode='w' encoding='utf-8'> node index is 361
train linear regression time:  0.05117279104888439
(average_diff:0.035277337819535536, max_diff:0.09005546502447637, training_epochs:50, lr:0.05)
<_io.TextIOWrapper name='<stderr>' mode='w' encoding='utf-8'> node index is 347
train linear regression time:  0.04984825011342764
(average_diff:0.05916959779749138, max_diff:0.12592481182979487, training_epochs:50, lr:0.05)
<_io.TextIOWrapper name='<stderr>' mode='w' encoding='utf-8'> node index is 311
train linear regression time:  0.04985149996355176
(average_diff:0.014046797070738262, max_diff:0.02947923365609534, training_epochs:50, lr:0.05)
<_io.TextIOWrapper name='<stderr>' mode='w' encoding='utf-8'> node index is 299
train linear regression time:  0.051360916811972857
(average_diff:0.15310363916463807, max_diff:0.4304041029292098, training_epochs:50, lr:0.05)
<_io.TextIOWrapper name='<stderr>' mode='w' encoding='utf-8'> node index is 285
train linear regression time:  0.05151579203084111
(average_diff:0.0041173566440571435, max_diff:0.007167277121562676, training_epochs:50, lr:0.05)
<_io.TextIOWrapper name='<stderr>' mode='w' encoding='utf-8'> node index is 269
train linear regression time:  0.05104908300563693
(average_diff:0.00955108428766882, max_diff:0.009874780823116436, training_epochs:50, lr:0.05)
<_io.TextIOWrapper name='<stderr>' mode='w' encoding='utf-8'> node index is 415
train linear regression time:  0.051275291945785284
(average_diff:0.06002513172467637, max_diff:0.12030638137799643, training_epochs:50, lr:0.05)
<_io.TextIOWrapper name='<stderr>' mode='w' encoding='utf-8'> node index is 411
train linear regression time:  0.04945970792323351
(average_diff:3.665636917181414e-05, max_diff:3.954908380349176e-05, training_epochs:50, lr:0.05)
<_io.TextIOWrapper name='<stderr>' mode='w' encoding='utf-8'> node index is 403
train linear regression time:  0.05352462502196431
(average_diff:0.019566811046613973, max_diff:0.04237163108578232, training_epochs:50, lr:0.05)
<_io.TextIOWrapper name='<stderr>' mode='w' encoding='utf-8'> node index is 389
train linear regression time:  0.05201979074627161
(average_diff:0.07190062513189421, max_diff:0.14399594883052969, training_epochs:50, lr:0.05)
<_io.TextIOWrapper name='<stderr>' mode='w' encoding='utf-8'> node index is 377
train linear regression time:  0.05084691708907485
(average_diff:1.2288358766737728e-05, max_diff:1.2638150350963162e-05, training_epochs:50, lr:0.05)
<_io.TextIOWrapper name='<stderr>' mode='w' encoding='utf-8'> node index is 363
train linear regression time:  0.05020974995568395
(average_diff:9.25459708867038e-12, max_diff:1.1449952097564164e-11, training_epochs:50, lr:0.05)
<_io.TextIOWrapper name='<stderr>' mode='w' encoding='utf-8'> node index is 349
train linear regression time:  0.051117208786308765
(average_diff:0.04421984672759614, max_diff:0.08907215335673155, training_epochs:50, lr:0.05)
<_io.TextIOWrapper name='<stderr>' mode='w' encoding='utf-8'> node index is 335
train linear regression time:  0.05030629178509116
(average_diff:0.019103638899052068, max_diff:0.03691410671024864, training_epochs:50, lr:0.05)
<_io.TextIOWrapper name='<stderr>' mode='w' encoding='utf-8'> node index is 325
train linear regression time:  0.05101283406838775
(average_diff:0.06983845285760756, max_diff:0.2548221423680205, training_epochs:50, lr:0.05)
<_io.TextIOWrapper name='<stderr>' mode='w' encoding='utf-8'> node index is 313
train linear regression time:  0.05021470878273249
(average_diff:0.0, max_diff:0.0, training_epochs:50, lr:0.05)
<_io.TextIOWrapper name='<stderr>' mode='w' encoding='utf-8'> node index is 443
train linear regression time:  0.05103195924311876
(average_diff:0.07876334846437913, max_diff:0.12709527222608252, training_epochs:50, lr:0.05)
<_io.TextIOWrapper name='<stderr>' mode='w' encoding='utf-8'> node index is 431
train linear regression time:  0.05062766699120402
(average_diff:0.0, max_diff:0.0, training_epochs:50, lr:0.05)
<_io.TextIOWrapper name='<stderr>' mode='w' encoding='utf-8'> node index is 425
train linear regression time:  0.05065833404660225
(average_diff:5.947436145717355e-05, max_diff:6.140755429556721e-05, training_epochs:50, lr:0.05)
<_io.TextIOWrapper name='<stderr>' mode='w' encoding='utf-8'> node index is 419
train linear regression time:  0.050493750255554914
(average_diff:0.0030008994171890255, max_diff:0.004503848546384137, training_epochs:50, lr:0.05)
<_io.TextIOWrapper name='<stderr>' mode='w' encoding='utf-8'> node index is 413
train linear regression time:  0.05029804212972522
(average_diff:0.0009455197187210329, max_diff:0.0009485049564714743, training_epochs:50, lr:0.05)
<_io.TextIOWrapper name='<stderr>' mode='w' encoding='utf-8'> node index is 405
train linear regression time:  0.05058695888146758
(average_diff:0.0, max_diff:0.0, training_epochs:50, lr:0.05)
<_io.TextIOWrapper name='<stderr>' mode='w' encoding='utf-8'> node index is 391
train linear regression time:  0.05098595796152949
(average_diff:1.4857091851561144e-05, max_diff:1.5009024475154398e-05, training_epochs:50, lr:0.05)
<_io.TextIOWrapper name='<stderr>' mode='w' encoding='utf-8'> node index is 379
train linear regression time:  0.05092308297753334
(average_diff:0.03862403943067657, max_diff:0.08920211935179567, training_epochs:50, lr:0.05)
<_io.TextIOWrapper name='<stderr>' mode='w' encoding='utf-8'> node index is 365
train linear regression time:  0.051793333142995834
(average_diff:0.0, max_diff:0.0, training_epochs:50, lr:0.05)
<_io.TextIOWrapper name='<stderr>' mode='w' encoding='utf-8'> node index is 351
train linear regression time:  0.05105558270588517
(average_diff:0.0037082524243261666, max_diff:0.003825888405717265, training_epochs:50, lr:0.05)
<_io.TextIOWrapper name='<stderr>' mode='w' encoding='utf-8'> node index is 337
train linear regression time:  0.050761290825903416
(average_diff:0.1367191723814901, max_diff:0.5274448000440765, training_epochs:50, lr:0.05)
<_io.TextIOWrapper name='<stderr>' mode='w' encoding='utf-8'> node index is 393
train linear regression time:  0.05004658317193389
(average_diff:1.6653345369377348e-16, max_diff:2.220446049250313e-16, training_epochs:50, lr:0.05)
<_io.TextIOWrapper name='<stderr>' mode='w' encoding='utf-8'> node index is 301
train linear regression time:  0.05072641698643565
(average_diff:0.09929983839084741, max_diff:0.2113401177142114, training_epochs:50, lr:0.05)
<_io.TextIOWrapper name='<stderr>' mode='w' encoding='utf-8'> node index is 271
train linear regression time:  0.05117599992081523
(average_diff:0.09031505244458186, max_diff:0.1365366651872551, training_epochs:50, lr:0.05)
<_io.TextIOWrapper name='<stderr>' mode='w' encoding='utf-8'> node index is 253
train linear regression time:  0.05213491711765528
(average_diff:0.0013154674837567483, max_diff:0.0019227881482767883, training_epochs:50, lr:0.05)
<_io.TextIOWrapper name='<stderr>' mode='w' encoding='utf-8'> node index is 227
train linear regression time:  0.05137179093435407
(average_diff:0.0001720209995473565, max_diff:0.00023896968103842564, training_epochs:50, lr:0.05)
<_io.TextIOWrapper name='<stderr>' mode='w' encoding='utf-8'> node index is 213
train linear regression time:  0.05035541672259569
(average_diff:0.05348532042739964, max_diff:0.11214812551504447, training_epochs:50, lr:0.05)
<_io.TextIOWrapper name='<stderr>' mode='w' encoding='utf-8'> node index is 201
train linear regression time:  0.0523753329180181
(average_diff:3.3154695738835116e-07, max_diff:3.5522169367085965e-07, training_epochs:50, lr:0.05)
<_io.TextIOWrapper name='<stderr>' mode='w' encoding='utf-8'> node index is 193
train linear regression time:  0.05115016596391797
(average_diff:0.03509879968842773, max_diff:0.09522826245954868, training_epochs:50, lr:0.05)
<_io.TextIOWrapper name='<stderr>' mode='w' encoding='utf-8'> node index is 187
train linear regression time:  0.05236395774409175
(average_diff:0.03143948459450904, max_diff:0.06590733564060658, training_epochs:50, lr:0.05)
<_io.TextIOWrapper name='<stderr>' mode='w' encoding='utf-8'> node index is 179
train linear regression time:  0.05124079203233123
(average_diff:0.0, max_diff:0.0, training_epochs:50, lr:0.05)
<_io.TextIOWrapper name='<stderr>' mode='w' encoding='utf-8'> node index is 171
train linear regression time:  0.05060979072004557
(average_diff:0.036760102838791074, max_diff:0.05562717630099695, training_epochs:50, lr:0.05)
<_io.TextIOWrapper name='<stderr>' mode='w' encoding='utf-8'> node index is 161
train linear regression time:  0.051185792312026024
(average_diff:0.0, max_diff:0.0, training_epochs:50, lr:0.05)
<_io.TextIOWrapper name='<stderr>' mode='w' encoding='utf-8'> node index is 367
train linear regression time:  0.05099650006741285
(average_diff:0.0, max_diff:0.0, training_epochs:50, lr:0.05)
<_io.TextIOWrapper name='<stderr>' mode='w' encoding='utf-8'> node index is 353
train linear regression time:  0.05109720770269632
(average_diff:0.0007253801491888812, max_diff:0.0007337914740701557, training_epochs:50, lr:0.05)
<_io.TextIOWrapper name='<stderr>' mode='w' encoding='utf-8'> node index is 339
train linear regression time:  0.051885999739170074
(average_diff:0.020349567895556087, max_diff:0.04132493600091569, training_epochs:50, lr:0.05)
<_io.TextIOWrapper name='<stderr>' mode='w' encoding='utf-8'> node index is 327
train linear regression time:  0.05245912540704012
(average_diff:0.01380572143263177, max_diff:0.02613535579776205, training_epochs:50, lr:0.05)
<_io.TextIOWrapper name='<stderr>' mode='w' encoding='utf-8'> node index is 315
train linear regression time:  0.04993466613814235
(average_diff:7.708619474862861e-05, max_diff:0.00011486262484905474, training_epochs:50, lr:0.05)
<_io.TextIOWrapper name='<stderr>' mode='w' encoding='utf-8'> node index is 303
train linear regression time:  0.05339675024151802
(average_diff:0.026567825259869088, max_diff:0.08094622736354162, training_epochs:50, lr:0.05)
<_io.TextIOWrapper name='<stderr>' mode='w' encoding='utf-8'> node index is 287
train linear regression time:  0.050392959266901016
(average_diff:0.18361249966266935, max_diff:0.22829851559859485, training_epochs:50, lr:0.05)
<_io.TextIOWrapper name='<stderr>' mode='w' encoding='utf-8'> node index is 273
train linear regression time:  0.049356792122125626
(average_diff:0.11441037958436677, max_diff:0.48473889114933577, training_epochs:50, lr:0.05)
<_io.TextIOWrapper name='<stderr>' mode='w' encoding='utf-8'> node index is 255
train linear regression time:  0.05030766688287258
(average_diff:5.551115123125783e-17, max_diff:1.1102230246251565e-16, training_epochs:50, lr:0.05)
<_io.TextIOWrapper name='<stderr>' mode='w' encoding='utf-8'> node index is 241
train linear regression time:  0.05027300026267767
(average_diff:0.16993945379375236, max_diff:0.47100805072890556, training_epochs:50, lr:0.05)
<_io.TextIOWrapper name='<stderr>' mode='w' encoding='utf-8'> node index is 229
train linear regression time:  0.05023604165762663
(average_diff:0.13460851221158252, max_diff:0.3516996918314642, training_epochs:50, lr:0.05)
<_io.TextIOWrapper name='<stderr>' mode='w' encoding='utf-8'> node index is 215
train linear regression time:  0.05012441612780094
(average_diff:0.015779367552982333, max_diff:0.029938431364774254, training_epochs:50, lr:0.05)
<_io.TextIOWrapper name='<stderr>' mode='w' encoding='utf-8'> node index is 203
train linear regression time:  0.05124112498015165
(average_diff:0.006876234024665373, max_diff:0.01733737369781374, training_epochs:50, lr:0.05)
<_io.TextIOWrapper name='<stderr>' mode='w' encoding='utf-8'> node index is 195
train linear regression time:  0.05069266585633159
(average_diff:0.21742912482993068, max_diff:0.3358645521401009, training_epochs:50, lr:0.05)
<_io.TextIOWrapper name='<stderr>' mode='w' encoding='utf-8'> node index is 7
train linear regression time:  0.05048366589471698
(average_diff:0.11777165587027584, max_diff:0.3214193579741033, training_epochs:50, lr:0.05)
<_io.TextIOWrapper name='<stderr>' mode='w' encoding='utf-8'> node index is 5
train linear regression time:  0.05047579202800989
testFringe time:  10.326955290976912
<_io.TextIOWrapper name='<stderr>' mode='w' encoding='utf-8'> =============== update finished ===============

*** Writing Game File 58***

<_io.TextIOWrapper name='../print_tree_record_numpy/print_DM_boost_linear_tree_split.txt' mode='w' encoding='UTF-8'> idx1(Q:0.4008, distinct_name:0, dictinctin_value:2.569683891588169, par:None)
	idx4(Q:0.4013, distinct_name:0, dictinctin_value:2.507749956207568, par:1)
		idx6(Q:0.4013, distinct_name:0, dictinctin_value:-0.050698982385153205, par:4)
			idx8(Q:0.4569, distinct_name:0, dictinctin_value:-0.5002368440471089, par:6)
				idx10(Q:0.5048, distinct_name:3, dictinctin_value:0.7373220788164561, par:8)
					idx12(Q:0.4803, distinct_name:1, dictinctin_value:0.8498558206992594, par:10)
						idx18(Q:0.4274, distinct_name:2, dictinctin_value:0.8559921607301466, par:12)
							idx24(Q:0.4228, distinct_name:0, dictinctin_value:-0.5901212893723445, par:18)
								idx30(Q:0.4307, distinct_name:2, dictinctin_value:0.5095422779981766, par:24)
									idx38(Q:0.4520, distinct_name:2, dictinctin_value:0.24909091887867726, par:30)
										idx44(Q:0.4832, distinct_name:2, dictinctin_value:-0.06052347242753761, par:38)
											idx54(Q:0.5357, distinct_name:2, dictinctin_value:-0.16873413911779458, par:44)
												idx62(Q:0.5570, distinct_name:2, dictinctin_value:-0.3117760123070312, par:54)
													idx70(Q:0.5974, distinct_name:2, dictinctin_value:-0.36929151673896154, par:62)
														idx76(Q:0.6226, distinct_name:2, dictinctin_value:-0.4513587540231024, par:70)
															idx82(Q:0.6577, distinct_name:2, dictinctin_value:-0.49926091712096626, par:76)
																idx90(Q:0.6739, distinct_name:2, dictinctin_value:-0.5261921216626007, par:82)
																	idx100(Q:0.6872, distinct_name:2, dictinctin_value:-0.5682634996789567, par:90)
																		idx110(Q:0.7036, distinct_name:2, dictinctin_value:-0.576514535000767, par:100)
																			idx120(Q:0.7077, par:110)
																			idx121(Q:0.4001, par:110)
																		idx111(Q:0.3601, par:100)
																	idx101(Q:0.3735, par:90)
																idx91(Q:0.3238, par:82)
															idx83(Q:0.2957, par:76)
														idx77(Q:0.2765, par:70)
													idx71(Q:0.2798, par:62)
												idx63(Q:0.2393, par:54)
											idx55(Q:0.2266, distinct_name:0, dictinctin_value:-0.6476910175840919, par:44)
												idx464(Q:0.2301, par:55)
												idx465(Q:0.1101, par:55)
										idx45(Q:0.2394, par:38)
									idx39(Q:0.3006, distinct_name:1, dictinctin_value:0.8040063207197937, par:30)
										idx426(Q:0.2987, distinct_name:2, dictinctin_value:0.8419373683110459, par:39)
											idx432(Q:0.3006, distinct_name:0, dictinctin_value:-0.6009391153368029, par:426)
												idx444(Q:0.3032, distinct_name:0, dictinctin_value:-0.6041087413020046, par:432)
													idx448(Q:0.3027, distinct_name:0, dictinctin_value:-0.6100701052011255, par:444)
														idx456(Q:0.3028, distinct_name:0, dictinctin_value:-0.6407957166920598, par:448)
															idx460(Q:0.3082, distinct_name:0, dictinctin_value:-0.6555246386975058, par:456)
																idx466(Q:0.3112, par:460)
																idx467(Q:0.1550, par:460)
															idx461(Q:0.1206, par:456)
														idx457(Q:0.3005, par:448)
													idx449(Q:0.3527, par:444)
												idx445(Q:0.1599, par:432)
											idx433(Q:0.1937, par:426)
										idx427(Q:0.4094, par:39)
								idx31(Q:0.3463, par:24)
							idx25(Q:0.4484, distinct_name:0, dictinctin_value:-0.5389580903277561, par:18)
								idx216(Q:0.4525, distinct_name:0, dictinctin_value:-0.5573162410999996, par:25)
									idx230(Q:0.4545, distinct_name:0, dictinctin_value:-0.5917620279880862, par:216)
										idx242(Q:0.4684, distinct_name:1, dictinctin_value:0.8127647407611875, par:230)
											idx256(Q:0.4619, distinct_name:0, dictinctin_value:-0.6131626140571143, par:242)
												idx288(Q:0.4650, distinct_name:0, dictinctin_value:-0.7076582377440916, par:256)
													idx304(Q:0.4850, distinct_name:0, dictinctin_value:-0.717862250694298, par:288)
														idx316(Q:0.4888, distinct_name:0, dictinctin_value:-0.7734253050900186, par:304)
															idx328(Q:0.4934, distinct_name:0, dictinctin_value:-0.7970945326559435, par:316)
																idx340(Q:0.4954, distinct_name:3, dictinctin_value:0.6595389343928215, par:328)
																	idx354(Q:0.4877, distinct_name:3, dictinctin_value:0.6186331758365281, par:340)
																		idx368(Q:0.4811, distinct_name:3, dictinctin_value:0.5952455969358141, par:354)
																			idx380(Q:0.4826, par:368)
																			idx381(Q:0.3866, par:368)
																		idx369(Q:0.9254, par:354)
																	idx355(Q:0.8422, par:340)
																idx341(Q:0.3979, par:328)
															idx329(Q:0.3830, par:316)
														idx317(Q:0.3428, par:304)
													idx305(Q:0.2976, par:288)
												idx289(Q:0.1966, par:256)
											idx257(Q:0.6915, par:242)
										idx243(Q:0.2314, par:230)
									idx231(Q:0.3288, par:216)
								idx217(Q:0.3523, par:25)
						idx19(Q:0.7037, distinct_name:0, dictinctin_value:-0.5046072639210131, par:12)
							idx152(Q:0.7036, distinct_name:2, dictinctin_value:1.74305991171075, par:19)
								idx162(Q:0.6949, distinct_name:2, dictinctin_value:1.5651912903147052, par:152)
									idx172(Q:0.6841, distinct_name:2, dictinctin_value:1.0939968976733132, par:162)
										idx180(Q:0.6627, distinct_name:2, dictinctin_value:0.9064820637809338, par:172)
											idx188(Q:0.6495, distinct_name:2, dictinctin_value:0.8130327408821636, par:180)
												idx196(Q:0.6436, distinct_name:2, dictinctin_value:0.714578820015968, par:188)
													idx204(Q:0.6421, distinct_name:0, dictinctin_value:-0.5137296726081428, par:196)
														idx218(Q:0.6428, distinct_name:2, dictinctin_value:0.4860989258104936, par:204)
															idx232(Q:0.6436, distinct_name:1, dictinctin_value:2.2330900660097845, par:218)
																idx244(Q:0.6368, distinct_name:2, dictinctin_value:0.44559578649865966, par:232)
																	idx258(Q:0.6309, distinct_name:2, dictinctin_value:0.32419638005931734, par:244)
																		idx274(Q:0.6305, distinct_name:0, dictinctin_value:-0.5233031664270825, par:258)
																			idx290(Q:0.6305, par:274)
																			idx291(Q:0.6173, par:274)
																		idx275(Q:0.6453, par:258)
																	idx259(Q:0.9001, par:244)
																idx245(Q:0.9544, par:232)
															idx233(Q:0.6310, par:218)
														idx219(Q:0.5718, par:204)
													idx205(Q:0.6856, par:196)
												idx197(Q:0.8253, par:188)
											idx189(Q:0.8990, par:180)
										idx181(Q:0.9887, par:172)
									idx173(Q:0.9845, par:162)
								idx163(Q:1.0699, par:152)
							idx153(Q:0.7365, par:19)
					idx13(Q:0.5808, distinct_name:2, dictinctin_value:1.929601246827043, par:10)
						idx92(Q:0.5679, distinct_name:1, dictinctin_value:1.2557733390904973, par:13)
							idx102(Q:0.5384, distinct_name:2, dictinctin_value:1.4527612583425853, par:92)
								idx112(Q:0.5230, distinct_name:2, dictinctin_value:1.3531114404933846, par:102)
									idx122(Q:0.5207, distinct_name:2, dictinctin_value:1.0639310625609943, par:112)
										idx130(Q:0.5080, distinct_name:2, dictinctin_value:0.8759607452183222, par:122)
											idx136(Q:0.5023, distinct_name:2, dictinctin_value:0.6228991526328211, par:130)
												idx142(Q:0.4984, distinct_name:2, dictinctin_value:0.4885947458466264, par:136)
													idx146(Q:0.4898, distinct_name:1, dictinctin_value:1.1059975491047376, par:142)
														idx148(Q:0.4827, distinct_name:3, dictinctin_value:2.363964647313972, par:146)
															idx154(Q:0.4749, distinct_name:3, dictinctin_value:1.536573712246935, par:148)
																idx164(Q:0.4497, distinct_name:1, dictinctin_value:0.49075596239548774, par:154)
																	idx206(Q:0.4215, distinct_name:3, dictinctin_value:1.525286896575752, par:164)
																		idx220(Q:0.4208, distinct_name:2, dictinctin_value:0.38874536608000104, par:206)
																			idx234(Q:0.4254, par:220)
																			idx235(Q:0.2567, par:220)
																		idx221(Q:0.4555, par:206)
																	idx207(Q:0.6312, par:164)
																idx165(Q:0.5988, par:154)
															idx155(Q:0.6840, par:148)
														idx149(Q:0.7311, par:146)
													idx147(Q:0.5810, par:142)
												idx143(Q:0.5544, par:136)
											idx137(Q:0.6332, par:130)
										idx131(Q:0.7284, par:122)
									idx123(Q:0.6170, par:112)
								idx113(Q:0.8426, par:102)
							idx103(Q:0.9427, par:92)
						idx93(Q:1.0393, par:13)
				idx11(Q:0.3744, distinct_name:3, dictinctin_value:1.284568987543642, par:8)
					idx32(Q:0.3480, distinct_name:3, dictinctin_value:0.5763111575206541, par:11)
						idx40(Q:0.3326, distinct_name:2, dictinctin_value:1.4159847670297276, par:32)
							idx46(Q:0.3223, distinct_name:2, dictinctin_value:0.8764611652526798, par:40)
								idx56(Q:0.3313, distinct_name:2, dictinctin_value:0.6776552612944613, par:46)
									idx64(Q:0.3360, distinct_name:0, dictinctin_value:-0.10007893227380851, par:56)
										idx72(Q:0.3353, distinct_name:2, dictinctin_value:0.481251420222257, par:64)
											idx78(Q:0.3482, distinct_name:2, dictinctin_value:0.43236682950932387, par:72)
												idx84(Q:0.3528, distinct_name:2, dictinctin_value:0.2322739018313544, par:78)
													idx94(Q:0.3746, distinct_name:2, dictinctin_value:0.1692901075380102, par:84)
														idx104(Q:0.3854, distinct_name:2, dictinctin_value:0.044622068949871425, par:94)
															idx114(Q:0.4042, distinct_name:2, dictinctin_value:-0.04421252452423217, par:104)
																idx124(Q:0.4249, distinct_name:2, dictinctin_value:-0.12551407150931976, par:114)
																	idx132(Q:0.4442, distinct_name:2, dictinctin_value:-0.16179863391045127, par:124)
																		idx138(Q:0.4551, distinct_name:2, dictinctin_value:-0.1987692173924826, par:132)
																			idx144(Q:0.4740, par:138)
																			idx145(Q:0.1575, par:138)
																		idx139(Q:0.1611, par:132)
																	idx133(Q:0.1963, par:124)
																idx125(Q:0.1283, par:114)
															idx115(Q:0.1890, par:104)
														idx105(Q:0.1700, par:94)
													idx95(Q:0.1509, par:84)
												idx85(Q:0.1631, par:78)
											idx79(Q:0.1933, par:72)
										idx73(Q:0.3428, par:64)
									idx65(Q:0.2721, par:56)
								idx57(Q:0.2658, par:46)
							idx47(Q:0.4335, par:40)
						idx41(Q:0.4106, distinct_name:3, dictinctin_value:1.2541204520301295, par:32)
							idx246(Q:0.4059, distinct_name:0, dictinctin_value:-0.05401988313827026, par:41)
								idx260(Q:0.4055, distinct_name:2, dictinctin_value:2.0807886731763334, par:246)
									idx276(Q:0.3971, distinct_name:2, dictinctin_value:1.8994422532815647, par:260)
										idx292(Q:0.3915, distinct_name:1, dictinctin_value:1.2716943858922887, par:276)
											idx306(Q:0.3695, distinct_name:2, dictinctin_value:1.8085097405850585, par:292)
												idx318(Q:0.3570, distinct_name:0, dictinctin_value:-0.06832580226386262, par:306)
													idx330(Q:0.3543, distinct_name:1, dictinctin_value:1.0161843934440484, par:318)
														idx342(Q:0.3478, distinct_name:0, dictinctin_value:-0.11082738421514442, par:330)
															idx356(Q:0.3464, distinct_name:0, dictinctin_value:-0.1239714467724242, par:342)
																idx370(Q:0.3479, distinct_name:1, dictinctin_value:0.8661774768232812, par:356)
																	idx382(Q:0.3435, distinct_name:0, dictinctin_value:-0.13038566790821624, par:370)
																		idx396(Q:0.3425, distinct_name:1, dictinctin_value:0.7685182247259327, par:382)
																			idx406(Q:0.3365, par:396)
																			idx407(Q:0.5249, par:396)
																		idx397(Q:0.4086, par:382)
																	idx383(Q:0.5360, par:370)
																idx371(Q:0.1581, par:356)
															idx357(Q:0.3656, par:342)
														idx343(Q:0.4879, par:330)
													idx331(Q:0.5556, par:318)
												idx319(Q:0.8472, par:306)
											idx307(Q:0.6198, par:292)
										idx293(Q:0.8758, par:276)
									idx277(Q:0.8918, par:260)
								idx261(Q:0.4273, par:246)
							idx247(Q:0.6228, par:41)
					idx33(Q:0.5931, distinct_name:2, dictinctin_value:1.8206658800741853, par:11)
						idx436(Q:0.5801, distinct_name:0, dictinctin_value:-0.055487221535360155, par:33)
							idx438(Q:0.5765, distinct_name:0, dictinctin_value:-0.06661868934946451, par:436)
								idx450(Q:0.5779, distinct_name:2, dictinctin_value:1.6280055741424861, par:438)
									idx458(Q:0.5673, distinct_name:2, dictinctin_value:1.4609118350831285, par:450)
										idx462(Q:0.5585, par:458)
										idx463(Q:0.8604, par:458)
									idx459(Q:0.9430, par:450)
								idx451(Q:0.4295, par:438)
							idx439(Q:0.9613, par:436)
						idx437(Q:0.9447, par:33)
			idx9(Q:0.3486, distinct_name:1, dictinctin_value:1.4532912275447858, par:6)
				idx14(Q:0.3293, distinct_name:0, dictinctin_value:0.6708677617788001, par:9)
					idx16(Q:0.3464, distinct_name:0, dictinctin_value:0.5219929201544601, par:14)
						idx20(Q:0.3467, distinct_name:0, dictinctin_value:0.38200451643824146, par:16)
							idx26(Q:0.3529, distinct_name:0, dictinctin_value:0.29175973898130836, par:20)
								idx34(Q:0.3541, distinct_name:3, dictinctin_value:1.2405945003824483, par:26)
									idx42(Q:0.3234, distinct_name:2, dictinctin_value:1.6139678071673451, par:34)
										idx48(Q:0.3193, distinct_name:1, dictinctin_value:1.0148453699076618, par:42)
											idx58(Q:0.3066, distinct_name:2, dictinctin_value:0.8422101128546527, par:48)
												idx66(Q:0.3142, distinct_name:2, dictinctin_value:0.5718071591898053, par:58)
													idx74(Q:0.3272, distinct_name:2, dictinctin_value:0.3335199702259944, par:66)
														idx80(Q:0.3530, distinct_name:2, dictinctin_value:0.2585267021680285, par:74)
															idx86(Q:0.3593, distinct_name:2, dictinctin_value:0.13295569297273957, par:80)
																idx96(Q:0.3756, distinct_name:2, dictinctin_value:0.0933394603867821, par:86)
																	idx106(Q:0.3819, distinct_name:2, dictinctin_value:0.047951172568074005, par:96)
																		idx116(Q:0.3903, distinct_name:2, dictinctin_value:-0.0025517231675584334, par:106)
																			idx126(Q:0.3967, par:116)
																			idx127(Q:0.1413, par:116)
																		idx117(Q:0.1601, par:106)
																	idx107(Q:0.1173, par:96)
																idx97(Q:0.1293, par:86)
															idx87(Q:0.1781, par:80)
														idx81(Q:0.1514, par:74)
													idx75(Q:0.1898, par:66)
												idx67(Q:0.2655, par:58)
											idx59(Q:0.4511, par:48)
										idx49(Q:0.4080, par:42)
									idx43(Q:0.5615, par:34)
								idx35(Q:0.3477, distinct_name:1, dictinctin_value:1.344826515865718, par:26)
									idx236(Q:0.3458, distinct_name:3, dictinctin_value:1.6897348587436034, par:35)
										idx248(Q:0.3374, distinct_name:1, dictinctin_value:1.2341402111364463, par:236)
											idx262(Q:0.3388, distinct_name:3, dictinctin_value:1.3356049450605056, par:248)
												idx278(Q:0.3389, distinct_name:2, dictinctin_value:1.6241822054726756, par:262)
													idx294(Q:0.3293, distinct_name:0, dictinctin_value:0.3731119474318981, par:278)
														idx320(Q:0.3256, distinct_name:3, dictinctin_value:1.2759579982069145, par:294)
															idx344(Q:0.3114, distinct_name:0, dictinctin_value:0.37304242798500226, par:320)
																idx358(Q:0.3112, distinct_name:0, dictinctin_value:0.3707677109507447, par:344)
																	idx372(Q:0.3154, distinct_name:0, dictinctin_value:0.3697040787425107, par:358)
																		idx384(Q:0.3160, distinct_name:2, dictinctin_value:1.3789177574365135, par:372)
																			idx398(Q:0.3122, par:384)
																			idx399(Q:0.3864, par:384)
																		idx385(Q:0.2850, par:372)
																	idx373(Q:0.1232, par:358)
																idx359(Q:0.3297, par:344)
															idx345(Q:0.6603, par:320)
														idx321(Q:0.4193, par:294)
													idx295(Q:0.5491, par:278)
												idx279(Q:0.3342, par:262)
											idx263(Q:0.2222, par:248)
										idx249(Q:0.6936, par:236)
									idx237(Q:0.5098, par:35)
							idx27(Q:0.3254, distinct_name:2, dictinctin_value:1.5527241962490086, par:20)
								idx156(Q:0.3210, distinct_name:0, dictinctin_value:0.5137061072990365, par:27)
									idx166(Q:0.3264, distinct_name:0, dictinctin_value:0.5083060291160676, par:156)
										idx174(Q:0.3278, distinct_name:1, dictinctin_value:1.235555391656205, par:166)
											idx182(Q:0.3289, distinct_name:0, dictinctin_value:0.499318407708209, par:174)
												idx190(Q:0.3355, distinct_name:3, dictinctin_value:1.6437138459193195, par:182)
													idx198(Q:0.3275, distinct_name:0, dictinctin_value:0.4978828276393789, par:190)
														idx208(Q:0.3304, distinct_name:2, dictinctin_value:1.3588453420210258, par:198)
															idx222(Q:0.3273, distinct_name:2, dictinctin_value:0.9721483625475897, par:208)
																idx238(Q:0.3281, distinct_name:0, dictinctin_value:0.4972801494332726, par:222)
																	idx250(Q:0.3253, distinct_name:2, dictinctin_value:0.944961054171824, par:238)
																		idx264(Q:0.3297, distinct_name:2, dictinctin_value:0.872803430709856, par:250)
																			idx280(Q:0.3350, par:264)
																			idx281(Q:0.2195, par:264)
																		idx265(Q:0.0703, par:250)
																	idx251(Q:0.5718, par:238)
																idx239(Q:0.3161, par:222)
															idx223(Q:0.4053, par:208)
														idx209(Q:0.1809, par:198)
													idx199(Q:0.6635, par:190)
												idx191(Q:0.2422, par:182)
											idx183(Q:0.3014, par:174)
										idx175(Q:0.2861, par:166)
									idx167(Q:0.2476, par:156)
								idx157(Q:0.4526, par:27)
						idx21(Q:0.3452, distinct_name:1, dictinctin_value:1.3201670622027022, par:16)
							idx150(Q:0.3430, distinct_name:1, dictinctin_value:1.2234607090751204, par:21)
								idx158(Q:0.3434, distinct_name:1, dictinctin_value:1.0226433736171432, par:150)
									idx168(Q:0.3356, distinct_name:0, dictinctin_value:0.6649352976939671, par:158)
										idx176(Q:0.3344, distinct_name:2, dictinctin_value:1.8028367177150562, par:168)
											idx184(Q:0.3292, distinct_name:3, dictinctin_value:1.321083281680176, par:176)
												idx210(Q:0.3059, distinct_name:1, dictinctin_value:0.7493197611500411, par:184)
													idx224(Q:0.3024, distinct_name:2, dictinctin_value:1.1954012588052898, par:210)
														idx266(Q:0.3012, distinct_name:1, dictinctin_value:0.6035401367847275, par:224)
															idx282(Q:0.3038, distinct_name:1, dictinctin_value:0.5166827335099701, par:266)
																idx296(Q:0.3090, distinct_name:0, dictinctin_value:0.663963378246939, par:282)
																	idx308(Q:0.3061, distinct_name:0, dictinctin_value:0.6638782806630827, par:296)
																		idx322(Q:0.3034, distinct_name:2, dictinctin_value:1.1091905022156634, par:308)
																			idx332(Q:0.3064, par:322)
																			idx333(Q:0.1856, par:322)
																		idx323(Q:0.7405, par:308)
																	idx309(Q:0.7765, par:296)
																idx297(Q:0.1817, par:282)
															idx283(Q:0.2386, par:266)
														idx267(Q:0.3173, par:224)
													idx225(Q:0.3383, par:210)
												idx211(Q:0.5654, par:184)
											idx185(Q:0.4562, par:176)
										idx177(Q:0.3649, par:168)
									idx169(Q:0.5420, par:158)
								idx159(Q:0.2851, par:150)
							idx151(Q:0.4182, par:21)
					idx17(Q:0.3103, distinct_name:3, dictinctin_value:0.8871619234739136, par:14)
						idx22(Q:0.2798, distinct_name:1, dictinctin_value:0.895274831679809, par:17)
							idx28(Q:0.2646, distinct_name:3, dictinctin_value:0.4147697243292515, par:22)
								idx36(Q:0.2577, distinct_name:3, dictinctin_value:-0.009439492879810042, par:28)
									idx50(Q:0.2544, distinct_name:0, dictinctin_value:2.3121117874404824, par:36)
										idx52(Q:0.2553, distinct_name:0, dictinctin_value:1.9483716250181808, par:50)
											idx60(Q:0.2579, distinct_name:3, dictinctin_value:-0.018025248765568658, par:52)
												idx68(Q:0.2664, distinct_name:2, dictinctin_value:0.8033765660185509, par:60)
													idx88(Q:0.2696, distinct_name:2, dictinctin_value:0.6003623148969123, par:68)
														idx98(Q:0.2773, distinct_name:2, dictinctin_value:0.5329635912790776, par:88)
															idx108(Q:0.2842, distinct_name:2, dictinctin_value:0.3621996786015208, par:98)
																idx118(Q:0.2986, distinct_name:3, dictinctin_value:-0.05260374571449391, par:108)
																	idx128(Q:0.3008, distinct_name:2, dictinctin_value:0.22149263805201816, par:118)
																		idx134(Q:0.3172, distinct_name:2, dictinctin_value:0.13324256965432388, par:128)
																			idx140(Q:0.3294, par:134)
																			idx141(Q:0.1356, par:134)
																		idx135(Q:0.1373, par:128)
																	idx129(Q:0.2473, par:118)
																idx119(Q:0.1450, par:108)
															idx109(Q:0.1590, par:98)
														idx99(Q:0.1705, par:88)
													idx89(Q:0.2570, distinct_name:0, dictinctin_value:1.9001636825637473, par:68)
														idx420(Q:0.2547, distinct_name:0, dictinctin_value:1.8970534364477791, par:89)
															idx428(Q:0.2550, distinct_name:0, dictinctin_value:1.7864713255325577, par:420)
																idx434(Q:0.2558, distinct_name:0, dictinctin_value:1.7345810667045185, par:428)
																	idx440(Q:0.2528, distinct_name:0, dictinctin_value:1.7300479805066988, par:434)
																		idx446(Q:0.2538, distinct_name:0, dictinctin_value:1.6826477660222412, par:440)
																			idx452(Q:0.2509, par:446)
																			idx453(Q:0.3516, par:446)
																		idx447(Q:0.1492, par:440)
																	idx441(Q:0.3355, par:434)
																idx435(Q:0.2269, par:428)
															idx429(Q:0.2144, par:420)
														idx421(Q:0.2937, par:89)
												idx69(Q:0.1908, par:60)
											idx61(Q:0.2128, par:52)
										idx53(Q:0.1990, par:50)
									idx51(Q:0.2692, distinct_name:0, dictinctin_value:2.2255864685353126, par:36)
										idx268(Q:0.2679, distinct_name:0, dictinctin_value:1.8770234609938123, par:51)
											idx284(Q:0.2687, distinct_name:1, dictinctin_value:0.8208254329434517, par:268)
												idx298(Q:0.2702, distinct_name:0, dictinctin_value:1.7199871451158526, par:284)
													idx310(Q:0.2728, distinct_name:3, dictinctin_value:0.39481973457279324, par:298)
														idx346(Q:0.2747, distinct_name:2, dictinctin_value:2.0591657816242117, par:310)
															idx360(Q:0.2648, distinct_name:2, dictinctin_value:1.6416632040499568, par:346)
																idx374(Q:0.2645, distinct_name:0, dictinctin_value:1.6846076849979201, par:360)
																	idx386(Q:0.2649, distinct_name:2, dictinctin_value:1.5364517172370076, par:374)
																		idx400(Q:0.2642, distinct_name:2, dictinctin_value:1.321416179085615, par:386)
																			idx408(Q:0.2605, par:400)
																			idx409(Q:0.3431, par:400)
																		idx401(Q:0.2866, par:386)
																	idx387(Q:0.2080, par:374)
																idx375(Q:0.2773, par:360)
															idx361(Q:0.7470, par:346)
														idx347(Q:0.2266, par:310)
													idx311(Q:0.1886, par:298)
												idx299(Q:0.2215, par:284)
											idx285(Q:0.2549, par:268)
										idx269(Q:0.3223, par:51)
								idx37(Q:0.2986, distinct_name:1, dictinctin_value:0.7946772031835798, par:28)
									idx312(Q:0.2906, distinct_name:2, dictinctin_value:1.9378572482198, par:37)
										idx324(Q:0.2818, distinct_name:0, dictinctin_value:2.1880833067537604, par:312)
											idx334(Q:0.2839, distinct_name:0, dictinctin_value:2.1673152418059, par:324)
												idx348(Q:0.2797, distinct_name:0, dictinctin_value:2.0644684179947266, par:334)
													idx362(Q:0.2785, distinct_name:2, dictinctin_value:1.6060442338491094, par:348)
														idx376(Q:0.2705, distinct_name:0, dictinctin_value:1.8821116949330967, par:362)
															idx388(Q:0.2741, distinct_name:2, dictinctin_value:1.5867185725408008, par:376)
																idx402(Q:0.2743, distinct_name:0, dictinctin_value:1.8162737627685595, par:388)
																	idx410(Q:0.2792, distinct_name:2, dictinctin_value:1.474613989336331, par:402)
																		idx414(Q:0.2720, distinct_name:2, dictinctin_value:1.322085439542282, par:410)
																			idx422(Q:0.2718, par:414)
																			idx423(Q:0.2744, par:414)
																		idx415(Q:0.7277, par:410)
																	idx411(Q:0.1206, par:402)
																idx403(Q:0.2603, par:388)
															idx389(Q:0.1750, par:376)
														idx377(Q:0.5524, par:362)
													idx363(Q:0.3687, par:348)
												idx349(Q:0.5786, par:334)
											idx335(Q:0.2062, par:324)
										idx325(Q:0.6207, par:312)
									idx313(Q:0.4336, par:37)
							idx29(Q:0.3862, distinct_name:0, dictinctin_value:2.44084525907838, par:22)
								idx336(Q:0.3881, distinct_name:0, dictinctin_value:2.3332385876998147, par:29)
									idx350(Q:0.3885, distinct_name:2, dictinctin_value:1.313989803673234, par:336)
										idx364(Q:0.3646, distinct_name:2, dictinctin_value:1.2075088067941002, par:350)
											idx378(Q:0.3610, distinct_name:0, dictinctin_value:2.3276851139515355, par:364)
												idx390(Q:0.3596, distinct_name:2, dictinctin_value:1.1566628366759308, par:378)
													idx404(Q:0.3561, distinct_name:2, dictinctin_value:1.049026714172236, par:390)
														idx412(Q:0.3518, distinct_name:2, dictinctin_value:1.0138168631315498, par:404)
															idx418(Q:0.3492, distinct_name:0, dictinctin_value:2.3136303024689413, par:412)
																idx424(Q:0.3491, distinct_name:1, dictinctin_value:1.4142431093508798, par:418)
																	idx430(Q:0.3536, distinct_name:0, dictinctin_value:2.2572655688242222, par:424)
																		idx442(Q:0.3518, distinct_name:0, dictinctin_value:2.2507333712501807, par:430)
																			idx454(Q:0.3518, par:442)
																			idx455(Q:0.3551, par:442)
																		idx443(Q:0.5398, par:430)
																	idx431(Q:0.2289, par:424)
																idx425(Q:0.3611, par:418)
															idx419(Q:0.4940, par:412)
														idx413(Q:0.5241, par:404)
													idx405(Q:0.5629, par:390)
												idx391(Q:0.5313, par:378)
											idx379(Q:0.5828, par:364)
										idx365(Q:0.6827, par:350)
									idx351(Q:0.3317, par:336)
								idx337(Q:0.2579, par:29)
						idx23(Q:0.4581, distinct_name:0, dictinctin_value:2.1444723574903684, par:17)
							idx160(Q:0.4592, distinct_name:0, dictinctin_value:2.133798778100152, par:23)
								idx170(Q:0.4597, distinct_name:2, dictinctin_value:1.564504591409782, par:160)
									idx178(Q:0.4377, distinct_name:2, dictinctin_value:1.4113473869711974, par:170)
										idx186(Q:0.4312, distinct_name:0, dictinctin_value:2.1063540893171067, par:178)
											idx192(Q:0.4324, distinct_name:2, dictinctin_value:1.2195161175228741, par:186)
												idx200(Q:0.4284, distinct_name:0, dictinctin_value:1.9676721667093595, par:192)
													idx212(Q:0.4263, distinct_name:0, dictinctin_value:1.8926417272552991, par:200)
														idx226(Q:0.4294, distinct_name:0, dictinctin_value:1.7713311316515392, par:212)
															idx252(Q:0.4347, distinct_name:1, dictinctin_value:1.3213229930390704, par:226)
																idx270(Q:0.4281, distinct_name:0, dictinctin_value:1.7442155745503336, par:252)
																	idx300(Q:0.4255, distinct_name:0, dictinctin_value:1.3536781616204123, par:270)
																		idx392(Q:0.4252, distinct_name:0, dictinctin_value:1.2274516322533688, par:300)
																			idx416(Q:0.4285, par:392)
																			idx417(Q:0.3950, par:392)
																		idx393(Q:0.4269, par:300)
																	idx301(Q:0.6548, par:270)
																idx271(Q:0.6640, par:252)
															idx253(Q:0.2398, par:226)
														idx227(Q:0.2344, par:212)
													idx213(Q:0.5294, par:200)
												idx201(Q:0.5263, par:192)
											idx193(Q:0.3158, par:186)
										idx187(Q:0.6250, par:178)
									idx179(Q:0.8746, par:170)
								idx171(Q:0.3511, par:160)
							idx161(Q:0.4103, par:23)
				idx15(Q:0.5919, distinct_name:2, dictinctin_value:1.9938158806166744, par:9)
					idx194(Q:0.5829, distinct_name:3, dictinctin_value:2.0149638943737203, par:15)
						idx202(Q:0.5733, distinct_name:3, dictinctin_value:1.626087400144554, par:194)
							idx214(Q:0.5704, distinct_name:1, dictinctin_value:2.6727016574162166, par:202)
								idx228(Q:0.5541, distinct_name:2, dictinctin_value:1.776904010924299, par:214)
									idx240(Q:0.5504, distinct_name:2, dictinctin_value:1.4203463682180766, par:228)
										idx254(Q:0.5369, distinct_name:0, dictinctin_value:2.115573493736756, par:240)
											idx272(Q:0.5370, distinct_name:2, dictinctin_value:1.306259966260203, par:254)
												idx286(Q:0.5227, distinct_name:2, dictinctin_value:1.2529155214914378, par:272)
													idx302(Q:0.5164, distinct_name:2, dictinctin_value:0.808199081795812, par:286)
														idx314(Q:0.4990, distinct_name:2, dictinctin_value:0.7214446989843575, par:302)
															idx326(Q:0.4922, distinct_name:2, dictinctin_value:0.7041168221107604, par:314)
																idx338(Q:0.4907, distinct_name:0, dictinctin_value:2.1110030599556926, par:326)
																	idx352(Q:0.4917, distinct_name:0, dictinctin_value:2.0312710900603177, par:338)
																		idx366(Q:0.4905, distinct_name:2, dictinctin_value:0.6878681581259294, par:352)
																			idx394(Q:0.4870, par:366)
																			idx395(Q:0.7374, par:366)
																		idx367(Q:0.6738, par:352)
																	idx353(Q:0.3397, par:338)
																idx339(Q:0.6013, par:326)
															idx327(Q:0.7013, par:314)
														idx315(Q:0.8522, par:302)
													idx303(Q:0.8603, par:286)
												idx287(Q:0.8319, par:272)
											idx273(Q:0.5330, par:254)
										idx255(Q:0.7899, par:240)
									idx241(Q:0.9017, par:228)
								idx229(Q:0.8067, par:214)
							idx215(Q:0.6587, par:202)
						idx203(Q:0.9177, par:194)
					idx195(Q:0.9754, par:15)
		idx7(Q:0.3579, par:4)
	idx5(Q:0.30
6, par:1)
