WARNING:tensorflow:From /Users/keithwu/opt/anaconda3/envs/auction-gym/lib/python3.10/site-packages/tensorflow/python/compat/v2_compat.py:107: disable_resource_variables (from tensorflow.python.ops.variable_scope) is deprecated and will be removed in a future version.
Instructions for updating:
non-resource variables are not supported in the long term
<_io.TextIOWrapper name='<stderr>' mode='w' encoding='utf-8'> reading from ../UTree_model_numpy/DM/model_boost_linear_qsplit_noabs_save/, starting at 2
<_io.TextIOWrapper name='<stderr>' mode='w' encoding='utf-8'> =============== update starts ===============
(average_diff:0.19311268604037812, max_diff:0.7045515478943514, training_epochs:50, lr:0.05)
<_io.TextIOWrapper name='<stderr>' mode='w' encoding='utf-8'> node index is 8
train linear regression time:  0.047623082995414734
<_io.TextIOWrapper name='<stderr>' mode='w' encoding='utf-8'> variance test passed, diff=0.04323031351937512, d = 0, back=0
<_io.TextIOWrapper name='<stderr>' mode='w' encoding='utf-8'> Will be split, p=0.04323031351937512, d=0, back=0
(average_diff:0.21059267540722618, max_diff:0.6939669598952011, training_epochs:50, lr:0.05)
<_io.TextIOWrapper name='<stderr>' mode='w' encoding='utf-8'> node index is 10
train linear regression time:  0.046625000424683094
(average_diff:0.1544415849343418, max_diff:0.4304775246934771, training_epochs:50, lr:0.05)
<_io.TextIOWrapper name='<stderr>' mode='w' encoding='utf-8'> node index is 11
train linear regression time:  0.0450573330745101
(average_diff:0.16816582758263762, max_diff:0.7055822915348648, training_epochs:50, lr:0.05)
<_io.TextIOWrapper name='<stderr>' mode='w' encoding='utf-8'> node index is 9
train linear regression time:  0.04756850004196167
(average_diff:0.0, max_diff:0.0, training_epochs:50, lr:0.05)
<_io.TextIOWrapper name='<stderr>' mode='w' encoding='utf-8'> node index is 7
train linear regression time:  0.04543166607618332
(average_diff:0.005631624591128925, max_diff:0.005792777737272936, training_epochs:50, lr:0.05)
<_io.TextIOWrapper name='<stderr>' mode='w' encoding='utf-8'> node index is 5
train linear regression time:  0.04512308398261666
testFringe time:  0.2792627499438822
<_io.TextIOWrapper name='<stderr>' mode='w' encoding='utf-8'> =============== update finished ===============

*** Writing Game File 3***

<_io.TextIOWrapper name='../print_tree_record_numpy/print_DM_boost_linear_tree_split.txt' mode='w' encoding='UTF-8'> idx1(Q:0.3968, distinct_name:0, dictinctin_value:2.569683891588169, par:None)
	idx4(Q:0.3980, distinct_name:0, dictinctin_value:2.507749956207568, par:1)
		idx6(Q:0.3945, distinct_name:0, dictinctin_value:-0.050698982385153205, par:4)
			idx8(Q:0.4734, distinct_name:0, dictinctin_value:-0.5002368440471089, par:6)
				idx10(Q:0.5418, par:8)
				idx11(Q:0.3364, par:8)
			idx9(Q:0.3156, par:6)
		idx7(Q:1.1647, par:4)
	idx5(Q:0.3511, par:1)
)
