WARNING:tensorflow:From /Users/keithwu/opt/anaconda3/envs/auction-gym/lib/python3.10/site-packages/tensorflow/python/compat/v2_compat.py:107: disable_resource_variables (from tensorflow.python.ops.variable_scope) is deprecated and will be removed in a future version.
Instructions for updating:
non-resource variables are not supported in the long term
<_io.TextIOWrapper name='<stderr>' mode='w' encoding='utf-8'> reading from ../UTree_model_numpy/DM/model_boost_linear_qsplit_noabs_save/, starting at 93
<_io.TextIOWrapper name='<stderr>' mode='w' encoding='utf-8'> =============== update starts ===============
(average_diff:0.0051954859869433, max_diff:0.04321942322181538, training_epochs:50, lr:0.05)
<_io.TextIOWrapper name='<stderr>' mode='w' encoding='utf-8'> node index is 111
train linear regression time:  0.052758625242859125
(average_diff:0.015717572678862427, max_diff:0.0942361508169138, training_epochs:50, lr:0.05)
<_io.TextIOWrapper name='<stderr>' mode='w' encoding='utf-8'> node index is 101
train linear regression time:  0.053840083070099354
(average_diff:0.009056339344615213, max_diff:0.04198989948397325, training_epochs:50, lr:0.05)
<_io.TextIOWrapper name='<stderr>' mode='w' encoding='utf-8'> node index is 91
train linear regression time:  0.053763624746352434
(average_diff:0.011881861204112646, max_diff:0.16887288723905183, training_epochs:50, lr:0.05)
<_io.TextIOWrapper name='<stderr>' mode='w' encoding='utf-8'> node index is 83
train linear regression time:  0.05390112521126866
(average_diff:0.023634410648993333, max_diff:0.20676382577976876, training_epochs:50, lr:0.05)
<_io.TextIOWrapper name='<stderr>' mode='w' encoding='utf-8'> node index is 77
train linear regression time:  0.05369449965655804
(average_diff:0.04370598824304305, max_diff:0.27764477750184624, training_epochs:50, lr:0.05)
<_io.TextIOWrapper name='<stderr>' mode='w' encoding='utf-8'> node index is 602
train linear regression time:  0.05051908269524574
<_io.TextIOWrapper name='<stderr>' mode='w' encoding='utf-8'> variance test passed, diff=0.010942529389819915, d = 0, back=0
<_io.TextIOWrapper name='<stderr>' mode='w' encoding='utf-8'> Will be split, p=0.010942529389819915, d=0, back=0
(average_diff:0.04447413715628619, max_diff:0.2767930517859253, training_epochs:50, lr:0.05)
<_io.TextIOWrapper name='<stderr>' mode='w' encoding='utf-8'> node index is 604
train linear regression time:  0.05480249971151352
(average_diff:0.006053384688520944, max_diff:0.006389844433674546, training_epochs:50, lr:0.05)
<_io.TextIOWrapper name='<stderr>' mode='w' encoding='utf-8'> node index is 605
train linear regression time:  0.054080375004559755
(average_diff:0.00022467798048997345, max_diff:0.0002819995778273743, training_epochs:50, lr:0.05)
<_io.TextIOWrapper name='<stderr>' mode='w' encoding='utf-8'> node index is 603
train linear regression time:  0.05452154204249382
(average_diff:0.05436644911388359, max_diff:0.19108287184133627, training_epochs:50, lr:0.05)
<_io.TextIOWrapper name='<stderr>' mode='w' encoding='utf-8'> node index is 63
train linear regression time:  0.055503458250314
(average_diff:0.042058891300360425, max_diff:0.08633153766730631, training_epochs:50, lr:0.05)
<_io.TextIOWrapper name='<stderr>' mode='w' encoding='utf-8'> node index is 501
train linear regression time:  0.06252366723492742
(average_diff:0.004386073224218551, max_diff:0.004563344548551285, training_epochs:50, lr:0.05)
<_io.TextIOWrapper name='<stderr>' mode='w' encoding='utf-8'> node index is 493
train linear regression time:  0.056931041181087494
(average_diff:2.8161890500838505e-07, max_diff:3.129522517381078e-07, training_epochs:50, lr:0.05)
<_io.TextIOWrapper name='<stderr>' mode='w' encoding='utf-8'> node index is 485
train linear regression time:  0.05526383267715573
(average_diff:0.013348411492332039, max_diff:0.021793221772680227, training_epochs:50, lr:0.05)
<_io.TextIOWrapper name='<stderr>' mode='w' encoding='utf-8'> node index is 481
train linear regression time:  0.05471900012344122
(average_diff:2.7755575615628914e-17, max_diff:2.7755575615628914e-17, training_epochs:50, lr:0.05)
<_io.TextIOWrapper name='<stderr>' mode='w' encoding='utf-8'> node index is 475
train linear regression time:  0.05359479086473584
(average_diff:0.002578133352267052, max_diff:0.004875727812630737, training_epochs:50, lr:0.05)
<_io.TextIOWrapper name='<stderr>' mode='w' encoding='utf-8'> node index is 469
train linear regression time:  0.05363312503322959
(average_diff:0.006535829418538343, max_diff:0.012696995520345145, training_epochs:50, lr:0.05)
<_io.TextIOWrapper name='<stderr>' mode='w' encoding='utf-8'> node index is 465
train linear regression time:  0.053506874945014715
(average_diff:0.004502838319152648, max_diff:0.006910941868117526, training_epochs:50, lr:0.05)
<_io.TextIOWrapper name='<stderr>' mode='w' encoding='utf-8'> node index is 587
train linear regression time:  0.05356275010854006
(average_diff:0.0021579617485094973, max_diff:0.0022854751957566977, training_epochs:50, lr:0.05)
<_io.TextIOWrapper name='<stderr>' mode='w' encoding='utf-8'> node index is 581
train linear regression time:  0.053729332983493805
(average_diff:0.00440544486134228, max_diff:0.008722006448718289, training_epochs:50, lr:0.05)
<_io.TextIOWrapper name='<stderr>' mode='w' encoding='utf-8'> node index is 571
train linear regression time:  0.053660749923437834
(average_diff:0.0, max_diff:0.0, training_epochs:50, lr:0.05)
<_io.TextIOWrapper name='<stderr>' mode='w' encoding='utf-8'> node index is 549
train linear regression time:  0.053701499942690134
(average_diff:0.016354521849572035, max_diff:0.02464031889042917, training_epochs:50, lr:0.05)
<_io.TextIOWrapper name='<stderr>' mode='w' encoding='utf-8'> node index is 537
train linear regression time:  0.05370091600343585
(average_diff:0.010729139856028413, max_diff:0.018139918521172027, training_epochs:50, lr:0.05)
<_io.TextIOWrapper name='<stderr>' mode='w' encoding='utf-8'> node index is 531
train linear regression time:  0.05364929186180234
(average_diff:0.0019031852139646162, max_diff:0.0029730599052165685, training_epochs:50, lr:0.05)
<_io.TextIOWrapper name='<stderr>' mode='w' encoding='utf-8'> node index is 521
train linear regression time:  0.053559542167931795
(average_diff:0.03142474083995656, max_diff:0.04915519625027952, training_epochs:50, lr:0.05)
<_io.TextIOWrapper name='<stderr>' mode='w' encoding='utf-8'> node index is 511
train linear regression time:  0.053606875240802765
(average_diff:1.2592510367781529e-11, max_diff:1.2645218205875608e-11, training_epochs:50, lr:0.05)
<_io.TextIOWrapper name='<stderr>' mode='w' encoding='utf-8'> node index is 473
train linear regression time:  0.053547415882349014
(average_diff:2.8449465006019636e-16, max_diff:3.7470027081099033e-16, training_epochs:50, lr:0.05)
<_io.TextIOWrapper name='<stderr>' mode='w' encoding='utf-8'> node index is 471
train linear regression time:  0.053713416680693626
(average_diff:0.00017618046787055974, max_diff:0.00017985288502617158, training_epochs:50, lr:0.05)
<_io.TextIOWrapper name='<stderr>' mode='w' encoding='utf-8'> node index is 467
train linear regression time:  0.05539629189297557
(average_diff:0.011177896295515365, max_diff:0.0228996876028828, training_epochs:50, lr:0.05)
<_io.TextIOWrapper name='<stderr>' mode='w' encoding='utf-8'> node index is 461
train linear regression time:  0.05355804180726409
(average_diff:0.026753369251737324, max_diff:0.06689600944408691, training_epochs:50, lr:0.05)
<_io.TextIOWrapper name='<stderr>' mode='w' encoding='utf-8'> node index is 457
train linear regression time:  0.053752374835312366
(average_diff:0.0, max_diff:0.0, training_epochs:50, lr:0.05)
<_io.TextIOWrapper name='<stderr>' mode='w' encoding='utf-8'> node index is 449
train linear regression time:  0.05381108308210969
(average_diff:1.1796119636642288e-16, max_diff:1.8041124150158794e-16, training_epochs:50, lr:0.05)
<_io.TextIOWrapper name='<stderr>' mode='w' encoding='utf-8'> node index is 445
train linear regression time:  0.05375654203817248
(average_diff:0.028982435698688795, max_diff:0.0547033142852372, training_epochs:50, lr:0.05)
<_io.TextIOWrapper name='<stderr>' mode='w' encoding='utf-8'> node index is 433
train linear regression time:  0.0535583752207458
(average_diff:0.008436029030633138, max_diff:0.01264557252267895, training_epochs:50, lr:0.05)
<_io.TextIOWrapper name='<stderr>' mode='w' encoding='utf-8'> node index is 427
train linear regression time:  0.05359312519431(ave(average_diff:2.5495447419920936e-10, max_diff:2.8138891217110995e-10, training_epochs:50, lr:0.05)
<_io.TextIOWrapper name='<stderr>' mode='w' encoding='utf-8'> node index is 599
train linear regression time:  0.05364549998193979
(average_diff:4.127890565123679e-05, max_diff:4.473882177720434e-05, training_epochs:50, lr:0.05)
<_io.TextIOWrapper name='<stderr>' mode='w' encoding='utf-8'> node index is 597
train linear regression time:  0.053639291785657406
(average_diff:0.01673796711119133, max_diff:0.025432288723452073, training_epochs:50, lr:0.05)
<_io.TextIOWrapper name='<stderr>' mode='w' encoding='utf-8'> node index is 595
train linear regression time:  0.0552177089266479
(average_diff:0.0, max_diff:0.0, training_epochs:50, lr:0.05)
<_io.TextIOWrapper name='<stderr>' mode='w' encoding='utf-8'> node index is 593
train linear regression time:  0.05379804177209735
(average_diff:0.00023184506824516782, max_diff:0.00024126038337679567, training_epochs:50, lr:0.05)
<_io.TextIOWrapper name='<stderr>' mode='w' encoding='utf-8'> node index is 589
train linear regression time:  0.053898666985332966
(average_diff:0.0, max_diff:0.0, training_epochs:50, lr:0.05)
<_io.TextIOWrapper name='<stderr>' mode='w' encoding='utf-8'> node index is 583
train linear regression time:  0.05384762538596988
(average_diff:0.0014659053177257751, max_diff:0.0022975828899358675, training_epochs:50, lr:0.05)
<_io.TextIOWrapper name='<stderr>' mode='w' encoding='utf-8'> node index is 573
train linear regression time:  0.05470137484371662
(average_diff:0.006665847550478082, max_diff:0.010219119162315382, training_epochs:50, lr:0.05)
<_io.TextIOWrapper name='<stderr>' mode='w' encoding='utf-8'> node index is 563
train linear regression time:  0.054944415576756
(average_diff:0.006777169054398531, max_diff:0.009226446018108875, training_epochs:50, lr:0.05)
<_io.TextIOWrapper name='<stderr>' mode='w' encoding='utf-8'> node index is 551
train linear regression time:  0.05544658424332738
(average_diff:0.0, max_diff:0.0, training_epochs:50, lr:0.05)
<_io.TextIOWrapper name='<stderr>' mode='w' encoding='utf-8'> node index is 545
train linear regression time:  0.055175541900098324
(average_diff:0.00432422709923815, max_diff:0.006994422308666315, training_epochs:50, lr:0.05)
<_io.TextIOWrapper name='<stderr>' mode='w' encoding='utf-8'> node index is 369
train linear regression time:  0.053689292166382074
(average_diff:0.010543138859959972, max_diff:0.019087294974470925, training_epochs:50, lr:0.05)
<_io.TextIOWrapper name='<stderr>' mode='w' encoding='utf-8'> node index is 355
train linear regression time:  0.05350799998268485
(average_diff:0.01935218529771678, max_diff:0.043209402277957165, training_epochs:50, lr:0.05)
<_io.TextIOWrapper name='<stderr>' mode='w' encoding='utf-8'> node index is 341
train linear regression time:  0.05378529243171215
(average_diff:0.09175404547008315, max_diff:0.19150503040165578, training_epochs:50, lr:0.05)
<_io.TextIOWrapper name='<stderr>' mode='w' encoding='utf-8'> node index is 329
train linear regression time:  0.05447341687977314
(average_diff:0.026943442314689935, max_diff:0.0498177878304963, training_epochs:50, lr:0.05)
<_io.TextIOWrapper name='<stderr>' mode='w' encoding='utf-8'> node index is 317
train linear regression time:  0.0536762080155313
(average_diff:0.06766143861741214, max_diff:0.22171268928371332, training_epochs:50, lr:0.05)
<_io.TextIOWrapper name='<stderr>' mode='w' encoding='utf-8'> node index is 305
train linear regression time:  0.053607374895364046
(average_diff:4.402699720698622e-07, max_diff:4.545082756407526e-07, training_epochs:50, lr:0.05)
<_io.TextIOWrapper name='<stderr>' mode='w' encoding='utf-8'> node index is 289
train linear regression time:  0.05335179204121232
(average_diff:0.005995431705148768, max_diff:0.011400040874665396, training_epochs:50, lr:0.05)
<_io.TextIOWrapper name='<stderr>' mode='w' encoding='utf-8'> node index is 257
train linear regression time:  0.05361399985849857
(average_diff:0.0681222366544678, max_diff:0.13950042200888485, training_epochs:50, lr:0.05)
<_io.TextIOWrapper name='<stderr>' mode='w' encoding='utf-8'> node index is 243
train linear regression time:  0.053517792373895645
(average_diff:0.05099079801827858, max_diff:0.07766565695635527, training_epochs:50, lr:0.05)
<_io.TextIOWrapper name='<stderr>' mode='w' encoding='utf-8'> node index is 231
train linear regression time:  0.05352029204368591
(average_diff:0.09095718793642822, max_diff:0.18472906744367698, training_epochs:50, lr:0.05)
<_io.TextIOWrapper name='<stderr>' mode='w' encoding='utf-8'> node index is 217
train linear regression time:  0.05354995792731643
(average_diff:0.028171664412189434, max_diff:0.06754527289486523, training_epochs:50, lr:0.05)
<_io.TextIOWrapper name='<stderr>' mode='w' encoding='utf-8'> node index is 275
train linear regression time:  0.05341412499547005
(average_diff:0.013269595542811858, max_diff:0.02703148866345817, training_epochs:50, lr:0.05)
<_io.TextIOWrapper name='<stderr>' mode='w' encoding='utf-8'> node index is 259
train linear regression time:  0.0558635420165956
(average_diff:0.042040246381862344, max_diff:0.07719374444642324, training_epochs:50, lr:0.05)
<_io.TextIOWrapper name='<stderr>' mode='w' encoding='utf-8'> node index is 245
train linear regression time:  0.05360541678965092
(average_diff:0.033742162243178206, max_diff:0.19562910585232623, training_epochs:50, lr:0.05)
<_io.TextIOWrapper name='<stderr>' mode='w' encoding='utf-8'> node index is 233
train linear regression time:  0.053528499789536
(average_diff:0.00033972879254992594, max_diff:0.0006873844783001348, training_epochs:50, lr:0.05)
<_io.TextIOWrapper name='<stderr>' mode='w' encoding='utf-8'> node index is 219
train linear regression time:  0.0533609171397984
(average_diff:0.009926843143461072, max_diff:0.024138231592644943, training_epochs:50, lr:0.05)
<_io.TextIOWrapper name='<stderr>' mode='w' encoding='utf-8'> node index is 205
train linear regression time:  0.05344529217109084
(average_diff:0.022331790992609537, max_diff:0.05140094924896166, training_epochs:50, lr:0.05)
<_io.TextIOWrapper name='<stderr>' mode='w' encoding='utf-8'> node index is 197
train linear regression time:  0.053644999861717224
(average_diff:0.031737654236548896, max_diff:0.0963695166254635, training_epochs:50, lr:0.05)
<_io.TextIOWrapper name='<stderr>' mode='w' encoding='utf-8'> node index is 189
train linear regression time:  0.05368575034663081
(average_diff:0.038027965712434955, max_diff:0.1810735967233743, training_epochs:50, lr:0.05)
<_io.TextIOWrapper name='<stderr>' mode='w' encoding='utf-8'> node index is 181
train linear regression time:  0.0537562919780612
(average_diff:0.024084419833229478, max_diff:0.07413287312036565, training_epochs:50, lr:0.05)
<_io.TextIOWrapper name='<stderr>' mode='w' encoding='utf-8'> node index is 173
train linear regression time:  0.05362404091283679
(average_diff:0.019071462737583592, max_diff:0.04551404786626301, training_epochs:50, lr:0.05)
<_io.TextIOWrapper name='<stderr>' mode='w' encoding='utf-8'> node index is 163
train linear regression time:  0.05360704194754362
(average_diff:0.0, max_diff:0.0, training_epochs:50, lr:0.05)
<_io.TextIOWrapper name='<stderr>' mode='w' encoding='utf-8'> node index is 153
train linear regression time:  0.05565104214474559
(average_diff:0.0090924996847261, max_diff:0.017366476261356234, training_epochs:50, lr:0.05)
<_io.TextIOWrapper name='<stderr>' mode='w' encoding='utf-8'> node index is 221
train linear regression time:  0.05360979214310646
(average_diff:0.1193068378591873, max_diff:0.3539186057359427, training_epochs:50, lr:0.05)
<_io.TextIOWrapper name='<stderr>' mode='w' encoding='utf-8'> node index is 207
train linear regression time:  0.054010292049497366
(average_diff:0.15606075963511615, max_diff:0.6607066175560812, training_epochs:50, lr:0.05)
<_io.TextIOWrapper name='<stderr>' mode='w' encoding='utf-8'> node index is 165
train linear regression time:  0.05581395793706179
(average_diff:0.11514201663790309, max_diff:0.31477918836528135, training_epochs:50, lr:0.05)
<_io.TextIOWrapper name='<stderr>' mode='w' encoding='utf-8'> nodnode index is 1train linear regression time:  0.054651041980832815
(average_diff:0.16238033010084912, max_diff:0.3258980627588767, training_epochs:50, lr:0.05)
<_io.TextIOWrapper name='<stderr>' mode='w' encoding='utf-8'> node index is 149
train linear regression time:  0.054519500117748976
(average_diff:0.04674862943312223, max_diff:0.14812112054756052, training_epochs:50, lr:0.05)
<_io.TextIOWrapper name='<stderr>' mode='w' encoding='utf-8'> node index is 147
train linear regression time:  0.05517441686242819
(average_diff:0.04957252136542466, max_diff:0.1596866405165801, training_epochs:50, lr:0.05)
<_io.TextIOWrapper name='<stderr>' mode='w' encoding='utf-8'> node index is 143
train linear regression time:  0.0552643327973783
(average_diff:0.038479786372826855, max_diff:0.09583985090290459, training_epochs:50, lr:0.05)
<_io.TextIOWrapper name='<stderr>' mode='w' encoding='utf-8'> node index is 137
train linear regression time:  0.05568775022402406
(average_diff:0.045333745733592806, max_diff:0.14923247282177587, training_epochs:50, lr:0.05)
<_io.TextIOWrapper name='<stderr>' mode='w' encoding='utf-8'> node index is 131
train linear regression time:  0.05541208432987332
(average_diff:0.029346574070486204, max_diff:0.06816816280611232, training_epochs:50, lr:0.05)
<_io.TextIOWrapper name='<stderr>' mode='w' encoding='utf-8'> node index is 123
train linear regression time:  0.05494545819237828
(average_diff:0.033784290611122016, max_diff:0.10194577790939041, training_epochs:50, lr:0.05)
<_io.TextIOWrapper name='<stderr>' mode='w' encoding='utf-8'> node index is 113
train linear regression time:  0.0554134170524776
(average_diff:0.09099754716552932, max_diff:0.5827313805223819, training_epochs:50, lr:0.05)
<_io.TextIOWrapper name='<stderr>' mode='w' encoding='utf-8'> node index is 103
train linear regression time:  0.0552202919498086
(average_diff:0.04345460696836614, max_diff:0.17544318490866073, training_epochs:50, lr:0.05)
<_io.TextIOWrapper name='<stderr>' mode='w' encoding='utf-8'> node index is 93
train linear regression time:  0.05542362481355667
(average_diff:0.025128134066481955, max_diff:0.0810342040322716, training_epochs:50, lr:0.05)
<_io.TextIOWrapper name='<stderr>' mode='w' encoding='utf-8'> node index is 139
train linear regression time:  0.054582500364631414
(average_diff:0.062273821920437275, max_diff:0.2167439982813611, training_epochs:50, lr:0.05)
<_io.TextIOWrapper name='<stderr>' mode='w' encoding='utf-8'> node index is 133
train linear regression time:  0.055374833289533854
(average_diff:0.03482282846348657, max_diff:0.23597129427207686, training_epochs:50, lr:0.05)
<_io.TextIOWrapper name='<stderr>' mode='w' encoding='utf-8'> node index is 125
train linear regression time:  0.05542104225605726
(average_diff:0.07867426290833145, max_diff:0.3045954170734777, training_epochs:50, lr:0.05)
<_io.TextIOWrapper name='<stderr>' mode='w' encoding='utf-8'> node index is 115
train linear regression time:  0.05468337517231703
(average_diff:0.0757154857115068, max_diff:0.2918362818537774, training_epochs:50, lr:0.05)
<_io.TextIOWrapper name='<stderr>' mode='w' encoding='utf-8'> node index is 105
train linear regression time:  0.05470066564157605
(average_diff:0.06173930857022357, max_diff:0.244763974990228, training_epochs:50, lr:0.05)
<_io.TextIOWrapper name='<stderr>' mode='w' encoding='utf-8'> node index is 95
train linear regression time:  0.05548512516543269
(average_diff:0.06902921795201326, max_diff:0.24458637975703496, training_epochs:50, lr:0.05)
<_io.TextIOWrapper name='<stderr>' mode='w' encoding='utf-8'> node index is 85
train linear regression time:  0.05419450020417571
(average_diff:0.08152662678264516, max_diff:0.2588149470350846, training_epochs:50, lr:0.05)
<_io.TextIOWrapper name='<stderr>' mode='w' encoding='utf-8'> node index is 79
train linear regression time:  0.05373883433640003
(average_diff:0.10302616484855101, max_diff:0.44165456650746676, training_epochs:50, lr:0.05)
<_io.TextIOWrapper name='<stderr>' mode='w' encoding='utf-8'> node index is 73
train linear regression time:  0.05442729126662016
(average_diff:0.07779861589309107, max_diff:0.33936265966023926, training_epochs:50, lr:0.05)
<_io.TextIOWrapper name='<stderr>' mode='w' encoding='utf-8'> node index is 65
train linear regression time:  0.053776083048433065
(average_diff:0.0, max_diff:0.0, training_epochs:50, lr:0.05)
<_io.TextIOWrapper name='<stderr>' mode='w' encoding='utf-8'> node index is 575
train linear regression time:  0.054159124847501516
(average_diff:1.1102230246251565e-16, max_diff:1.1102230246251565e-16, training_epochs:50, lr:0.05)
<_io.TextIOWrapper name='<stderr>' mode='w' encoding='utf-8'> node index is 565
train linear regression time:  0.053991292137652636
(average_diff:0.007007689550650023, max_diff:0.013091926087992978, training_epochs:50, lr:0.05)
<_io.TextIOWrapper name='<stderr>' mode='w' encoding='utf-8'> node index is 557
train linear regression time:  0.05358020821586251
(average_diff:0.0, max_diff:0.0, training_epochs:50, lr:0.05)
<_io.TextIOWrapper name='<stderr>' mode='w' encoding='utf-8'> node index is 553
train linear regression time:  0.05372837511822581
(average_diff:0.007126210331616756, max_diff:0.007228441577427636, training_epochs:50, lr:0.05)
<_io.TextIOWrapper name='<stderr>' mode='w' encoding='utf-8'> node index is 539
train linear regression time:  0.053705000318586826
(average_diff:0.0016284920571395893, max_diff:0.002409293812824398, training_epochs:50, lr:0.05)
<_io.TextIOWrapper name='<stderr>' mode='w' encoding='utf-8'> node index is 523
train linear regression time:  0.05376445921137929
(average_diff:1.942890293094024e-16, max_diff:1.942890293094024e-16, training_epochs:50, lr:0.05)
<_io.TextIOWrapper name='<stderr>' mode='w' encoding='utf-8'> node index is 513
train linear regression time:  0.053731999825686216
(average_diff:0.0, max_diff:0.0, training_epochs:50, lr:0.05)
<_io.TextIOWrapper name='<stderr>' mode='w' encoding='utf-8'> node index is 505
train linear regression time:  0.0536463325843215
(average_diff:0.000362599604038986, max_diff:0.000533538968728986, training_epochs:50, lr:0.05)
<_io.TextIOWrapper name='<stderr>' mode='w' encoding='utf-8'> node index is 495
train linear regression time:  0.05377970915287733
(average_diff:0.03277522052893489, max_diff:0.0696888364530792, training_epochs:50, lr:0.05)
<_io.TextIOWrapper name='<stderr>' mode='w' encoding='utf-8'> node index is 487
train linear regression time:  0.053616332821547985
(average_diff:0.09184809065757348, max_diff:0.5436738260812874, training_epochs:50, lr:0.05)
<_io.TextIOWrapper name='<stderr>' mode='w' encoding='utf-8'> node index is 47
train linear regression time:  0.05451429169625044
(average_diff:8.422957670120117e-05, max_diff:0.00013534050051379476, training_epochs:50, lr:0.05)
<_io.TextIOWrapper name='<stderr>' mode='w' encoding='utf-8'> node index is 397
train linear regression time:  0.0536487502977252
(average_diff:0.08916361543225272, max_diff:0.21310193391194518, training_epochs:50, lr:0.05)
<_io.TextIOWrapper name='<stderr>' mode='w' encoding='utf-8'> node index is 383
train linear regression time:  0.05387729126960039
(average_diff:0.0780806436434646, max_diff:0.11162221410424678, training_epochs:50, lr:0.05)
<_io.TextIOWrapper name='<stderr>' mode='w' encoding='utf-8'> node index is 371
train linear regression time:  0.05363766709342599
(average_diff:0.18009634666047566, max_diff:0.5047493040375854, training_epochs:50, lr:0.05)
<_io.TextIOWrapper name='<stderr>' mode='w' encoding='utf-8'> node index is 357
train linear regression time:  0.05393974995240569
(average_diff:0.08182458252844141, max_diff:0.2592820806302655, training_epochs:50, lr:0.05)
<_io.TextIOWrapper name='<stderr>' mode='w' encoding='utf-8'> node index is 343
train linear regression time:  0.05458758398890495
(average_diff:0.18913018948831992, max_diff:0.40556323465577704, training_epochs:50, lr:0.05)
<_io.TextIOWrapper name='<stderr>' mode='w' encoding='utf-8'> node index is 331
train linear regression time:  0.053703167010098696
(average_diff:0.011692110505316183, max_diff:0.023265058597534805, training_epochs:50, lr:0.05)
<_io.TextIOWrapper name='<stderr>' mode='w' encoding='utf-8'> node index is 319
train linear regression time:  0.053625083062797785
(average_diff:0.1800296229047549, max_diff:0.522753865869366, training_epochs:50, lr:0.05)
<_io.TextIOWrapper name='<stderr>' mode='w' encoding='utf-8'> node index is 307
train linear regression time:  0.053814082872122526
(average_diff:8.351210060760413e-05, max_diff:0.00012634767848351824, training_epochs:50, lr:0.05)
<_io.TextIOWrapper name='<stderr>' mode='w' encoding='utf-8'> node index is 293
train linear regression time:  0.05368766700848937
(average_diff:0.019358819593516763, max_diff:0.05581372714881727, training_epochs:50, lr:0.05)
<_io.TextIOWrapper name='<stderr>' mode='w' encoding='utf-8'> node index is 277
train linear regression time:  0.05359916714951396
(average_diff:0.018178282688978066, max_diff:0.03712252625880444, training_epochs:50, lr:0.05)
<_io.TextIOWrapper name='<stderr>' mode='w' encoding='utf-8'> node index is 261
train linear regression time:  0.053724207915365696
(average_diff:0.09333082316227835, max_diff:0.2169838332096634, training_epochs:50, lr:0.05)
<_io.TextIOWrapper name='<stderr>' mode='w' encoding='utf-8'> node index is 247
train linear regression time:  0.05379854189231992
(average_diff:0.03512067573087474, max_diff:0.06287175306036707, training_epochs:50, lr:0.05)
<_io.TextIOWrapper name='<stderr>' mode='w' encoding='utf-8'> node index is 533
train linear regression time:  0.05366099998354912
(average_diff:0.005946396843475921, max_diff:0.006804098577172124, training_epochs:50, lr:0.05)
<_io.TextIOWrapper name='<stderr>' mode='w' encoding='utf-8'> node index is 525
train linear regression time:  0.0539659159258008
(average_diff:7.155512529655184e-05, max_diff:7.82088430762995e-05, training_epochs:50, lr:0.05)
<_io.TextIOWrapper name='<stderr>' mode='w' encoding='utf-8'> node index is 515
train linear regression time:  0.05439862469211221
(average_diff:6.938893903907228e-17, max_diff:6.938893903907228e-17, training_epochs:50, lr:0.05)
<_io.TextIOWrapper name='<stderr>' mode='w' encoding='utf-8'> node index is 503
train linear regression time:  0.05376108270138502
(average_diff:0.10352185045040725, max_diff:0.1399730050121138, training_epochs:50, lr:0.05)
<_io.TextIOWrapper name='<stderr>' mode='w' encoding='utf-8'> node index is 497
train linear regression time:  0.05375470779836178
(average_diff:2.7755575615628914e-17, max_diff:2.7755575615628914e-17, training_epochs:50, lr:0.05)
<_io.TextIOWrapper name='<stderr>' mode='w' encoding='utf-8'> node index is 489
train linear regression time:  0.05370754236355424
(average_diff:0.0, max_diff:0.0, training_epochs:50, lr:0.05)
<_io.TextIOWrapper name='<stderr>' mode='w' encoding='utf-8'> node index is 483
train linear regression time:  0.05374775035306811
(average_diff:0.0, max_diff:0.0, training_epochs:50, lr:0.05)
<_io.TextIOWrapper name='<stderr>' mode='w' encoding='utf-8'> node index is 479
train linear regression time:  0.05358479218557477
(average_diff:0.025055633256982235, max_diff:0.05042686418562259, training_epochs:50, lr:0.05)
<_io.TextIOWrapper name='<stderr>' mode='w' encoding='utf-8'> node index is 463
train linear regression time:  0.05376870883628726
(average_diff:0.007014104395941662, max_diff:0.014396971245681733, training_epochs:50, lr:0.05)
<_io.TextIOWrapper name='<stderr>' mode='w' encoding='utf-8'> node index is 459
train linear regression time:  0.05389720806851983
(average_diff:6.932718288332751e-11, max_diff:7.652339872876723e-11, training_epochs:50, lr:0.05)
<_io.TextIOWrapper name='<stderr>' mode='w' encoding='utf-8'> node index is 451
train linear regression time:  0.05394949996843934
(average_diff:0.0, max_diff:0.0, training_epochs:50, lr:0.05)
<_io.TextIOWrapper name='<stderr>' mode='w' encoding='utf-8'> node index is 439
train linear regression time:  0.05478458432480693
(average_diff:0.007951508672274435, max_diff:0.018229295273966883, training_epochs:50, lr:0.05)
<_io.TextIOWrapper name='<stderr>' mode='w' encoding='utf-8'> node index is 437
train linear regression time:  0.054567457642406225
(average_diff:0.031130415781301216, max_diff:0.06938543609711367, training_epochs:50, lr:0.05)
<_io.TextIOWrapper name='<stderr>' mode='w' encoding='utf-8'> node index is 117
train linear regression time:  0.053814500104635954
(average_diff:0.022191641333904753, max_diff:0.06016901111562452, training_epochs:50, lr:0.05)
<_io.TextIOWrapper name='<stderr>' mode='w' encoding='utf-8'> node index is 107
train linear regression time:  0.053736708126962185
(average_diff:0.035280166865132294, max_diff:0.14601617940842093, training_epochs:50, lr:0.05)
<_io.TextIOWrapper name='<stderr>' mode='w' encoding='utf-8'> node index is 97
train linear regression time:  0.053748250007629395
(average_diff:0.04970209953242896, max_diff:0.15941677218236805, training_epochs:50, lr:0.05)
<_io.TextIOWrapper name='<stderr>' mode='w' encoding='utf-8'> node index is 87
train linear regression time:  0.05380420899018645
(average_diff:0.0584108038614247, max_diff:0.3285198857279919, training_epochs:50, lr:0.05)
<_io.TextIOWrapper name='<stderr>' mode='w' encoding='utf-8'> node index is 81
train linear regression time:  0.054569290950894356
(average_diff:0.07031063348106242, max_diff:0.2664317174671074, training_epochs:50, lr:0.05)
<_io.TextIOWrapper name='<stderr>' mode='w' encoding='utf-8'> node index is 75
train linear regression time:  0.054411124903708696
(average_diff:0.11361555566993846, max_diff:0.18080710488382712, training_epochs:50, lr:0.05)
<_io.TextIOWrapper name='<stderr>' mode='w' encoding='utf-8'> node index is 567
train linear regression time:  0.05356883304193616
(average_diff:1.539337602107782e-07, max_diff:1.723902157968471e-07, training_epochs:50, lr:0.05)
<_io.TextIOWrapper name='<stderr>' mode='w' encoding='utf-8'> node index is 559
train linear regression time:  0.053664667066186666
(average_diff:0.0003320965844154644, max_diff:0.0003397239842367339, training_epochs:50, lr:0.05)
<_io.TextIOWrapper name='<stderr>' mode='w' encoding='utf-8'> node index is 555
train linear regression time:  0.05366366729140282
(average_diff:0.02068564967527529, max_diff:0.04221487541304614, training_epochs:50, lr:0.05)
<_io.TextIOWrapper name='<stderr>' mode='w' encoding='utf-8'> node index is 547
train linear regression time:  0.05359816690906882
(average_diff:1.1102230246251565e-16, max_diff:1.1102230246251565e-16, training_epochs:50, lr:0.05)
<_io.TextIOWrapper name='<stderr>' mode='w' encoding='utf-8'> node index is 527
train linear regression time:  0.05363116692751646
(average_diff:6.971226373941874e-11, max_diff:8.331263456895499e-11, training_epochs:50, lr:0.05)
<_io.TextIOWrapper name='<stderr>' mode='w' encoding='utf-8'> node index is 507
train linear regression time:  0.05347779206931591
(average_diff:0.1599305263375078, max_diff:0.5835509081868797, training_epochs:50, lr:0.05)
<_io.TextIOWrapper name='<stderr>' mode='w' encoding='utf-8'> node index is 59
train linear regression time:  0.054394999984651804
(average_diff:0.09444307492361986, max_diff:0.4005050446899546, training_epochs:50, lr:0.05)
<_io.TextIOWrapper name='<stderr>' mode='w' encoding='utf-8'> node index is 49
train linear regression time:  0.054372208658605814
(average_diff:5.551115123125783e-17, max_diff:1.1102230246251565e-16, training_epochs:50, lr:0.05)
<_io.TextIOWrapper name='<stderr>' mode='w' encoding='utf-8'> node index is 569
train linear regression time:  0.05379187501966953
(average_diff:0.0, max_diff:0.0, training_epochs:50, lr:0.05)
<_io.TextIOWrapper name='<stderr>' mode='w' encoding='utf-8'> node index is 561
train linear regression time:  0.05365629168227315
(average_diff:1.6653345369377348e-16, max_diff:1.6653345369377348e-16, training_epochs:50, lr:0.05)
<_io.TextIOWrapper name='<stderr>' mode='w' encoding='utf-8'> node index is 543
train linear regression time:  0.05365874990820885
(average_diff:1.6452075118911225e-08, max_diff:1.6479143050140976e-08, training_epochs:50, lr:0.05)
<_io.TextIOWrapper name='<stderr>' mode='w' encoding='utf-8'> node index is 535
train linear regression time:  0.05377158289775252
(average_diff:0.010328440859313047, max_diff:0.01726934866691926, training_epochs:50, lr:0.05)
<_io.TextIOWrapper name='<stderr>' mode='w' encoding='utf-8'> node index is 529
train linear regression time:  0.05591475032269955
(average_diff:1.1102230246251565e-16, max_diff:1.1102230246251565e-16, training_epochs:50, lr:0.05)
<_io.TextIOWrapper name='<stderr>' mode='w' encoding='utf-8'> node index is 517
train linear regression time:  0.053738624788820744
(average_diff:0.0014275935716145383, max_diff:0.0014701334967401891, training_epochs:50, lr:0.05)
<_io.TextIOWrapper name='<stderr>' mode='w' encoding='utf-8'> node index is 509
train linear regression time:  0.053607458248734474
(average_diff:0.0, max_diff:0.0, training_epochs:50, lr:0.05)
<_io.TextIOWrapper name='<stderr>' mode='w' encoding='utf-8'> node index is 499
train linear regression time:  0.05367629090324044
(average_diff:0.004875953157402413, max_diff:0.00831160273888576, training_epochs:50, lr:0.05)
<_io.TextIOWrapper name='<stderr>' mode='w' encoding='utf-8'> node index is 491
train linear regression time:  0.05354625033214688
(average_diff:0.009846345155973532, max_diff:0.016819974432050327, training_epochs:50, lr:0.05)
<_io.TextIOWrapper name='<stderr>' mode='w' encoding='utf-8'> node index is 385
train linear regression time:  0.05348733300343156
(average_diff:0.006680046260783435, max_diff:0.009844834805735059, training_epochs:50, lr:0.05)
<_io.TextIOWrapper name='<stderr>' mode='w' encoding='utf-8'> node index is 373
train linear regression time:  0.05334950005635619
(average_diff:0.0, max_diff:0.0, training_epochs:50, lr:0.05)
<_io.TextIOWrapper name='<stderr>' mode='w' encoding='utf-8'> node index is 359
train linear regression time:  0.0533477496355772
(average_diff:0.0723571759655435, max_diff:0.21698474667596018, training_epochs:50, lr:0.05)
<_io.TextIOWrapper name='<stderr>' mode='w' encoding='utf-8'> node index is 345
train linear regression time:  0.05349962506443262
(average_diff:0.09318561646786261, max_diff:0.18055641053732788, training_epochs:50, lr:0.05)
<_io.TextIOWrapper name='<stderr>' mode='w' encoding='utf-8'> node index is 321
train linear regression time:  0.05333241680637002
(average_diff:0.07753384393572206, max_diff:0.12900771496297508, training_epochs:50, lr:0.05)
<_io.TextIOWrapper name='<stderr>' mode='w' encoding='utf-8'> node index is 295
train linear regression time:  0.053409791085869074
(average_diff:0.1826679480898606, max_diff:0.3652092374329195, training_epochs:50, lr:0.05)
<_io.TextIOWrapper name='<stderr>' mode='w' encoding='utf-8'> node index is 279
train linear regression time:  0.0533653749153018
(average_diff:0.0206628858921366, max_diff:0.04200202479518583, training_epochs:50, lr:0.05)
<_io.TextIOWrapper name='<stderr>' mode='w' encoding='utf-8'> node index is 263
train linear regression time:  0.053322500083595514
(average_diff:0.03881582416447527, max_diff:0.1680600698263969, training_epochs:50, lr:0.05)
<_io.TextIOWrapper name='<stderr>' mode='w' encoding='utf-8'> node index is 249
train linear regression time:  0.05337912496179342
(average_diff:0.05505248376666555, max_diff:0.11097948335274299, training_epochs:50, lr:0.05)
<_io.TextIOWrapper name='<stderr>' mode='w' encoding='utf-8'> node index is 237
train linear regression time:  0.053297916892915964
(average_diff:0.024308783135901228, max_diff:0.04818724023064455, training_epochs:50, lr:0.05)
<_io.TextIOWrapper name='<stderr>' mode='w' encoding='utf-8'> node index is 265
train linear regression time:  0.05337758269160986
(average_diff:0.0, max_diff:0.0, training_epochs:50, lr:0.05)
<_io.TextIOWrapper name='<stderr>' mode='w' encoding='utf-8'> node index is 251
train linear regression time:  0.053260665852576494
(average_diff:0.08018837863971864, max_diff:0.37091476316499705, training_epochs:50, lr:0.05)
<_io.TextIOWrapper name='<stderr>' mode='w' encoding='utf-8'> node index is 239
train linear regression time:  0.053416125010699034
(average_diff:0.07542564584201347, max_diff:0.19677537858528804, training_epochs:50, lr:0.05)
<_io.TextIOWrapper name='<stderr>' mode='w' encoding='utf-8'> node index is 223
train linear regression time:  0.05333245825022459
(average_diff:0.013456663004842221, max_diff:0.027617229064090087, training_epochs:50, lr:0.05)
<_io.TextIOWrapper name='<stderr>' mode='w' encoding='utf-8'> node index is 209
train linear regression time:  0.05356666585430503
(average_diff:0.08600670357824496, max_diff:0.175811462153932, training_epochs:50, lr:0.05)
<_io.TextIOWrapper name='<stderr>' mode='w' encoding='utf-8'> node index is 199
train linear regression time:  0.05480283312499523
(average_diff:0.10449029321504634, max_diff:0.40262141361904513, training_epochs:50, lr:0.05)
<_io.TextIOWrapper name='<stderr>' mode='w' encoding='utf-8'> node index is 191
train linear regression time:  0.05351112503558397
(average_diff:0.11662381939051937, max_diff:0.20253020126055343, training_epochs:50, lr:0.05)
<_io.TextIOWrapper name='<stderr>' mode='w' encoding='utf-8'> node index is 183
train linear regression time:  0.053468375001102686
(average_diff:0.11506635481687513, max_diff:0.22062169773944645, training_epochs:50, lr:0.05)
<_io.TextIOWrapper name='<stderr>' mode='w' encoding='utf-8'> node index is 175
train linear regression time:  0.05335120763629675
(average_diff:0.0886064301755252, max_diff:0.24395217608497777, training_epochs:50, lr:0.05)
<_io.TextIOWrapper name='<stderr>' mode='w' encoding='utf-8'> node index is 167
train linear regression time:  0.053370042238384485
(average_diff:0.10265444162320103, max_diff:0.4215335094991852, training_epochs:50, lr:0.05)
<_io.TextIOWrapper name='<stderr>' mode='w' encoding='utf-8'> node index is 157
train linear regression time:  0.05342920869588852
(average_diff:0.0, max_diff:0.0, training_epochs:50, lr:0.05)
<_io.TextIOWrapper name='<stderr>' mode='w' encoding='utf-8'> node index is 323
train linear regression time:  0.05336241703480482
(average_diff:0.0, max_diff:0.0, training_epochs:50, lr:0.05)
<_io.TextIOWrapper name='<stderr>' mode='w' encoding='utf-8'> node index is 309
train linear regression time:  0.05344708263874054
(average_diff:0.08805816882040952, max_diff:0.17575272143161663, training_epochs:50, lr:0.05)
<_io.TextIOWrapper name='<stderr>' mode='w' encoding='utf-8'> node index is 297
train linear regression time:  0.05327737471088767
(average_diff:0.15559912546913723, max_diff:0.2646765322000852, training_epochs:50, lr:0.05)
<_io.TextIOWrapper name='<stderr>' mode='w' encoding='utf-8'> node index is 283
train linear regression time:  0.05345629155635834
(average_diff:0.0765498050275656, max_diff:0.21273648603958556, training_epochs:50, lr:0.05)
<_io.TextIOWrapper name='<stderr>' mode='w' encoding='utf-8'> node index is 267
train linear regression time:  0.05349350022152066
(average_diff:0.17060989692075285, max_diff:0.6262724294954471, training_epochs:50, lr:0.05)
<_io.TextIOWrapper name='<stderr>' mode='w' encoding='utf-8'> node index is 225
train linear regression time:  0.053442582953721285
(average_diff:0.21867040836459903, max_diff:0.4228934582346472, training_epochs:50, lr:0.05)
<_io.TextIOWrapper name='<stderr>' mode='w' encoding='utf-8'> node index is 211
train linear regression time:  0.05353016685694456
(average_diff:0.13130723885432502, max_diff:0.3181358950574859, training_epochs:50, lr:0.05)
<_io.TextIOWrapper name='<stderr>' mode='w' encoding='utf-8'> node index is 185
train linear regression time:  0.05340166576206684
(average_diff:0.11142102576326687, max_diff:0.4880661938242586, training_epochs:50, lr:0.05)
<_io.TextIOWrapper name='<stderr>' mode='w' encoding='utf-8'> node index is 177
train linear regression time:  0.053505083080381155
(average_diff:0.19786843347149385, max_diff:0.5269581958642917, training_epochs:50, lr:0.05)
<_io.TextIOWrapper name='<stderr>' mode='w' encoding='utf-8'> node index is 169
train linear regression time:  0.05345837492495775
(average_diff:0.06602822613424185, max_diff:0.15849935159609008, training_epochs:50, lr:0.05)
<_io.TextIOWrapper name='<stderr>' mode='w' encoding='utf-8'> node index is 159
train linear regression time:  0.05329658417031169
(average_dif(average_diff:0.11854018563384407, max_diff:0.27086325227749936, training_epochs:50, lr:0.05)
<_io.TextIOWrapper name='<stderr>' mode='w' encoding='utf-8'> node index is 151
train linear regression time:  0.05342470807954669
(average_diff:0.03961414355374471, max_diff:0.09411966403665517, training_epochs:50, lr:0.05)
<_io.TextIOWrapper name='<stderr>' mode='w' encoding='utf-8'> node index is 135
train linear regression time:  0.05352358426898718
(average_diff:0.0548864750148974, max_diff:0.09356506322722014, training_epochs:50, lr:0.05)
<_io.TextIOWrapper name='<stderr>' mode='w' encoding='utf-8'> node index is 129
train linear regression time:  0.053925459273159504
(average_diff:0.0347264208286754, max_diff:0.13541785523354305, training_epochs:50, lr:0.05)
<_io.TextIOWrapper name='<stderr>' mode='w' encoding='utf-8'> node index is 119
train linear regression time:  0.05416566599160433
(average_diff:0.03889939064953446, max_diff:0.11001705698066866, training_epochs:50, lr:0.05)
<_io.TextIOWrapper name='<stderr>' mode='w' encoding='utf-8'> node index is 109
train linear regression time:  0.053349165711551905
(average_diff:0.042489454101083, max_diff:0.1590814480744685, training_epochs:50, lr:0.05)
<_io.TextIOWrapper name='<stderr>' mode='w' encoding='utf-8'> node index is 99
train linear regression time:  0.053485834039747715
(average_diff:2.7755575615628914e-17, max_diff:2.7755575615628914e-17, training_epochs:50, lr:0.05)
<_io.TextIOWrapper name='<stderr>' mode='w' encoding='utf-8'> node index is 447
train linear regression time:  0.053302917163819075
(average_diff:0.022944370625567218, max_diff:0.03887579365967242, training_epochs:50, lr:0.05)
<_io.TextIOWrapper name='<stderr>' mode='w' encoding='utf-8'> node index is 441
train linear regression time:  0.053562999702990055
(average_diff:0.015636337310403675, max_diff:0.031696824587160694, training_epochs:50, lr:0.05)
<_io.TextIOWrapper name='<stderr>' mode='w' encoding='utf-8'> node index is 435
train linear regression time:  0.05353775015100837
(average_diff:0.0, max_diff:0.0, training_epochs:50, lr:0.05)
<_io.TextIOWrapper name='<stderr>' mode='w' encoding='utf-8'> node index is 429
train linear regression time:  0.05355291673913598
(average_diff:0.0009734739831178396, max_diff:0.0014535927933752857, training_epochs:50, lr:0.05)
<_io.TextIOWrapper name='<stderr>' mode='w' encoding='utf-8'> node index is 421
train linear regression time:  0.05338345794007182
(average_diff:0.006271368752494768, max_diff:0.18621632835387242, training_epochs:50, lr:0.05)
<_io.TextIOWrapper name='<stderr>' mode='w' encoding='utf-8'> node index is 69
train linear regression time:  0.05435183271765709
(average_diff:0.07216096289863916, max_diff:0.24691586246255498, training_epochs:50, lr:0.05)
<_io.TextIOWrapper name='<stderr>' mode='w' encoding='utf-8'> node index is 61
train linear regression time:  0.053744417149573565
(average_diff:0.09452622355121211, max_diff:0.4800703765474409, training_epochs:50, lr:0.05)
<_io.TextIOWrapper name='<stderr>' mode='w' encoding='utf-8'> node index is 53
train linear regression time:  0.05337570887058973
(average_diff:0.028370744057959967, max_diff:0.053330011984937364, training_epochs:50, lr:0.05)
<_io.TextIOWrapper name='<stderr>' mode='w' encoding='utf-8'> node index is 401
train linear regression time:  0.053322417195886374
(average_diff:0.00043441421510380385, max_diff:0.0006684696933601381, training_epochs:50, lr:0.05)
<_io.TextIOWrapper name='<stderr>' mode='w' encoding='utf-8'> node index is 387
train linear regression time:  0.05326383374631405
(average_diff:0.009230686281438766, max_diff:0.020887160469445887, training_epochs:50, lr:0.05)
<_io.TextIOWrapper name='<stderr>' mode='w' encoding='utf-8'> node index is 375
train linear regression time:  0.05342354206368327
(average_diff:0.045496934481815375, max_diff:0.09179328097456263, training_epochs:50, lr:0.05)
<_io.TextIOWrapper name='<stderr>' mode='w' encoding='utf-8'> node index is 361
train linear regression time:  0.053263500332832336
(average_diff:0.042812528311718945, max_diff:0.07663236504215482, training_epochs:50, lr:0.05)
<_io.TextIOWrapper name='<stderr>' mode='w' encoding='utf-8'> node index is 347
train linear regression time:  0.05330004217103124
(average_diff:0.1730532623570561, max_diff:0.27717167546050137, training_epochs:50, lr:0.05)
<_io.TextIOWrapper name='<stderr>' mode='w' encoding='utf-8'> node index is 311
train linear regression time:  0.0533635001629591
(average_diff:0.06559144962176536, max_diff:0.1446367722650968, training_epochs:50, lr:0.05)
<_io.TextIOWrapper name='<stderr>' mode='w' encoding='utf-8'> node index is 299
train linear regression time:  0.053281249944120646
(average_diff:0.1100051680744955, max_diff:0.4590000510989759, training_epochs:50, lr:0.05)
<_io.TextIOWrapper name='<stderr>' mode='w' encoding='utf-8'> node index is 285
train linear regression time:  0.05342958401888609
(average_diff:0.018729842446004577, max_diff:0.032690392161670495, training_epochs:50, lr:0.05)
<_io.TextIOWrapper name='<stderr>' mode='w' encoding='utf-8'> node index is 269
train linear regression time:  0.054543083999305964
(average_diff:0.001905983057872429, max_diff:0.0019705788769304178, training_epochs:50, lr:0.05)
<_io.TextIOWrapper name='<stderr>' mode='w' encoding='utf-8'> node index is 415
train linear regression time:  0.05406716698780656
(average_diff:0.012104739960866112, max_diff:0.017450435270383063, training_epochs:50, lr:0.05)
<_io.TextIOWrapper name='<stderr>' mode='w' encoding='utf-8'> node index is 411
train linear regression time:  0.05367495911195874
(average_diff:1.1909126462761321e-11, max_diff:1.2848833108591862e-11, training_epochs:50, lr:0.05)
<_io.TextIOWrapper name='<stderr>' mode='w' encoding='utf-8'> node index is 403
train linear regression time:  0.05328670796006918
(average_diff:0.05955066246465235, max_diff:0.11288954821528496, training_epochs:50, lr:0.05)
<_io.TextIOWrapper name='<stderr>' mode='w' encoding='utf-8'> node index is 389
train linear regression time:  0.05337837478145957
(average_diff:0.04181436759454774, max_diff:0.0856936063100629, training_epochs:50, lr:0.05)
<_io.TextIOWrapper name='<stderr>' mode='w' encoding='utf-8'> node index is 377
train linear regression time:  0.05337695870548487
(average_diff:0.011366538805078496, max_diff:0.02311035370045822, training_epochs:50, lr:0.05)
<_io.TextIOWrapper name='<stderr>' mode='w' encoding='utf-8'> node index is 363
train linear regression time:  0.053417582996189594
(average_diff:0.06639962782240172, max_diff:0.11985143720705355, training_epochs:50, lr:0.05)
<_io.TextIOWrapper name='<stderr>' mode='w' encoding='utf-8'> node index is 349
train linear regression time:  0.0532901668921113
(average_diff:0.04659050130550907, max_diff:0.08871489731991311, training_epochs:50, lr:0.05)
<_io.TextIOWrapper name='<stderr>' mode='w' encoding='utf-8'> node index is 335
train linear regression time:  0.05332087492570281
(average_diff:0.011878389523975135, max_diff:0.014084816789731058, training_epochs:50, lr:0.05)
<_io.TextIOWrapper name='<stderr>' mode='w' encoding='utf-8'> node index is 325
train linear regression time:  0.053774125408381224
(average_diff:0.09975541925270434, max_diff:0.24126702385267595, training_epochs:50, lr:0.05)
<_io.TextIOWrapper name='<stderr>' mode='w' encoding='utf-8'> node index is 313
train linear regression time:  0.053718290757387877
(average_diff:0.0002181939246503617, max_diff:0.0002657400043323821, training_epochs:50, lr:0.05)
<_io.TextIOWrapper name='<stderr>' mode='w' encoding='utf-8'> node index is 443
train linear regression time:  0.05332716600969434
(average_diff:0.10205922299972257, max_diff:0.22751123637126158, training_epochs:50, lr:0.05)
<_io.TextIOWrapper name='<stderr>' mode='w' encoding='utf-8'> node index is 431
train linear regression time:  0.05334958294406533
(average_diff:0.0, max_diff:0.0, training_epochs:50, lr:0.05)
<_io.TextIOWrapper name='<stderr>' mode='w' encoding='utf-8'> node index is 425
train linear regression time:  0.053540832828730345
(average_diff:0.0012159389892689536, max_diff:0.001781353810430597, training_epoch<_io.TextIOWrap<_io.TextIOWrapper name='<stderr>' mode='w' encoding='utf-8'> node index is 419
train linear regression time:  0.05332845915108919
(average_diff:0.0005538851038873563, max_diff:0.0008310783937660604, training_epochs:50, lr:0.05)
<_io.TextIOWrapper name='<stderr>' mode='w' encoding='utf-8'> node index is 413
train linear regression time:  0.053277124650776386
(average_diff:0.029100652874959488, max_diff:0.06290651096122124, training_epochs:50, lr:0.05)
<_io.TextIOWrapper name='<stderr>' mode='w' encoding='utf-8'> node index is 405
train linear regression time:  0.053321042098104954
(average_diff:0.0, max_diff:0.0, training_epochs:50, lr:0.05)
<_io.TextIOWrapper name='<stderr>' mode='w' encoding='utf-8'> node index is 391
train linear regression time:  0.05327245919033885
(average_diff:1.2945200467129325e-13, max_diff:1.3067324999838092e-13, training_epochs:50, lr:0.05)
<_io.TextIOWrapper name='<stderr>' mode='w' encoding='utf-8'> node index is 379
train linear regression time:  0.053343832958489656
(average_diff:0.04519898392008999, max_diff:0.1315093624346002, training_epochs:50, lr:0.05)
<_io.TextIOWrapper name='<stderr>' mode='w' encoding='utf-8'> node index is 365
train linear regression time:  0.05342079186812043
(average_diff:0.05195647404073938, max_diff:0.07692536131904659, training_epochs:50, lr:0.05)
<_io.TextIOWrapper name='<stderr>' mode='w' encoding='utf-8'> node index is 351
train linear regression time:  0.05577212478965521
(average_diff:8.91304602930465e-06, max_diff:9.195792400634728e-06, training_epochs:50, lr:0.05)
<_io.TextIOWrapper name='<stderr>' mode='w' encoding='utf-8'> node index is 337
train linear regression time:  0.05521666584536433
(average_diff:0.13391522511948242, max_diff:0.5258200792594434, training_epochs:50, lr:0.05)
<_io.TextIOWrapper name='<stderr>' mode='w' encoding='utf-8'> node index is 393
train linear regression time:  0.05377683416008949
(average_diff:1.6653345369377348e-16, max_diff:2.220446049250313e-16, training_epochs:50, lr:0.05)
<_io.TextIOWrapper name='<stderr>' mode='w' encoding='utf-8'> node index is 301
train linear regression time:  0.053507833275943995
(average_diff:0.12221828499866975, max_diff:0.26746425885185693, training_epochs:50, lr:0.05)
<_io.TextIOWrapper name='<stderr>' mode='w' encoding='utf-8'> node index is 271
train linear regression time:  0.05363129172474146
(average_diff:0.08145952846201784, max_diff:0.20751995420074637, training_epochs:50, lr:0.05)
<_io.TextIOWrapper name='<stderr>' mode='w' encoding='utf-8'> node index is 253
train linear regression time:  0.0536638330668211
(average_diff:0.18106183832809553, max_diff:0.4549872260106158, training_epochs:50, lr:0.05)
<_io.TextIOWrapper name='<stderr>' mode='w' encoding='utf-8'> node index is 227
train linear regression time:  0.05343720829114318
(average_diff:0.16458539104913528, max_diff:0.3482451038877804, training_epochs:50, lr:0.05)
<_io.TextIOWrapper name='<stderr>' mode='w' encoding='utf-8'> node index is 213
train linear regression time:  0.05348429176956415
(average_diff:0.0627488032815259, max_diff:0.15767137974715248, training_epochs:50, lr:0.05)
<_io.TextIOWrapper name='<stderr>' mode='w' encoding='utf-8'> node index is 201
train linear regression time:  0.05328845884650946
(average_diff:2.7755575615628914e-17, max_diff:5.551115123125783e-17, training_epochs:50, lr:0.05)
<_io.TextIOWrapper name='<stderr>' mode='w' encoding='utf-8'> node index is 193
train linear regression time:  0.053360624704509974
(average_diff:0.02989061179723615, max_diff:0.07826666138591104, training_epochs:50, lr:0.05)
<_io.TextIOWrapper name='<stderr>' mode='w' encoding='utf-8'> node index is 187
train linear regression time:  0.05341449985280633
(average_diff:0.04359020796785519, max_diff:0.13543768673421874, training_epochs:50, lr:0.05)
<_io.TextIOWrapper name='<stderr>' mode='w' encoding='utf-8'> node index is 179
train linear regression time:  0.053440208081156015
(average_diff:0.0, max_diff:0.0, training_epochs:50, lr:0.05)
<_io.TextIOWrapper name='<stderr>' mode='w' encoding='utf-8'> node index is 171
train linear regression time:  0.05348920915275812
(average_diff:0.11407518959860145, max_diff:0.27693213786193177, training_epochs:50, lr:0.05)
<_io.TextIOWrapper name='<stderr>' mode='w' encoding='utf-8'> node index is 161
train linear regression time:  0.0544578330591321
(average_diff:0.00010962070748234594, max_diff:0.0001720915236729792, training_epochs:50, lr:0.05)
<_io.TextIOWrapper name='<stderr>' mode='w' encoding='utf-8'> node index is 367
train linear regression time:  0.05343424994498491
(average_diff:0.0, max_diff:0.0, training_epochs:50, lr:0.05)
<_io.TextIOWrapper name='<stderr>' mode='w' encoding='utf-8'> node index is 353
train linear regression time:  0.053298250306397676
(average_diff:2.0957345050420795e-05, max_diff:2.1200361127071687e-05, training_epochs:50, lr:0.05)
<_io.TextIOWrapper name='<stderr>' mode='w' encoding='utf-8'> node index is 339
train linear regression time:  0.05338237481191754
(average_diff:0.028478638266265354, max_diff:0.08752244287157618, training_epochs:50, lr:0.05)
<_io.TextIOWrapper name='<stderr>' mode='w' encoding='utf-8'> node index is 327
train linear regression time:  0.053411458153277636
(average_diff:0.0275587843647392, max_diff:0.15147688964623318, training_epochs:50, lr:0.05)
<_io.TextIOWrapper name='<stderr>' mode='w' encoding='utf-8'> node index is 315
train linear regression time:  0.053661542013287544
(average_diff:0.016048896736522794, max_diff:0.03374462686118207, training_epochs:50, lr:0.05)
<_io.TextIOWrapper name='<stderr>' mode='w' encoding='utf-8'> node index is 303
train linear regression time:  0.05890758289024234
(average_diff:0.040453305974978794, max_diff:0.08476056035991686, training_epochs:50, lr:0.05)
<_io.TextIOWrapper name='<stderr>' mode='w' encoding='utf-8'> node index is 287
train linear regression time:  0.0562497079372406
(average_diff:0.0716256865069601, max_diff:0.1562457433190133, training_epochs:50, lr:0.05)
<_io.TextIOWrapper name='<stderr>' mode='w' encoding='utf-8'> node index is 273
train linear regression time:  0.05368479201570153
(average_diff:0.09068233668132315, max_diff:0.5365090148586649, training_epochs:50, lr:0.05)
<_io.TextIOWrapper name='<stderr>' mode='w' encoding='utf-8'> node index is 255
train linear regression time:  0.053764875046908855
(average_diff:0.02077004472019986, max_diff:0.04299071646326802, training_epochs:50, lr:0.05)
<_io.TextIOWrapper name='<stderr>' mode='w' encoding='utf-8'> node index is 241
train linear regression time:  0.05353595782071352
(average_diff:0.20200099083353365, max_diff:0.4688774301103364, training_epochs:50, lr:0.05)
<_io.TextIOWrapper name='<stderr>' mode='w' encoding='utf-8'> node index is 229
train linear regression time:  0.054072000086307526
(average_diff:0.11840194602969725, max_diff:0.38085740613910024, training_epochs:50, lr:0.05)
<_io.TextIOWrapper name='<stderr>' mode='w' encoding='utf-8'> node index is 215
train linear regression time:  0.0535266250371933
(average_diff:0.050278858251020846, max_diff:0.12440733765098544, training_epochs:50, lr:0.05)
<_io.TextIOWrapper name='<stderr>' mode='w' encoding='utf-8'> node index is 203
train linear regression time:  0.05351916700601578
(average_diff:0.01929774811189793, max_diff:0.036212361138476146, training_epochs:50, lr:0.05)
<_io.TextIOWrapper name='<stderr>' mode='w' encoding='utf-8'> node index is 195
train linear regression time:  0.05354120908305049
(average_diff:0.15937043925652689, max_diff:0.3477966229987116, training_epochs:50, lr:0.05)
<_io.TextIOWrapper name='<stderr>' mode='w' encoding='utf-8'> node index is 7
train linear regression time:  0.05327320797368884
(average_diff:0.1345288866660347, max_diff:0.4299732658820797, training_epochs:50, lr:0.05)
<_io.TextIOWrapper name='<stderr>' mode='w' encoding='utf-8'> node index is 5
train linear regression time:  0.0536060412414372
testFringe time:  13.71657537529245
<_io.TextIOWrapper name='<stderr>' mode='w' encoding='utf-8'> =============== update finished ===============

*** Writing Game File 94***

<_io.TextIOWrapper name='../print_tree_record_numpy/print_DM_boost_linear_tree_split.txt' mode='w' encoding='UTF-8'> idx1(Q:0.3994, distinct_name:0, dictinctin_value:2.569683891588169, par:None)
	idx4(Q:0.4000, distinct_name:0, dictinctin_value:2.507749956207568, par:1)
		idx6(Q:0.4000, distinct_name:0, dictinctin_value:-0.050698982385153205, par:4)
			idx8(Q:0.4583, distinct_name:0, dictinctin_value:-0.5002368440471089, par:6)
				idx10(Q:0.5054, distinct_name:3, dictinctin_value:0.7373220788164561, par:8)
					idx12(Q:0.4798, distinct_name:1, dictinctin_value:0.8498558206992594, par:10)
						idx18(Q:0.4297, distinct_name:2, dictinctin_value:0.8559921607301466, par:12)
							idx24(Q:0.4234, distinct_name:0, dictinctin_value:-0.5901212893723445, par:18)
								idx30(Q:0.4317, distinct_name:2, dictinctin_value:0.5095422779981766, par:24)
									idx38(Q:0.4500, distinct_name:2, dictinctin_value:0.24909091887867726, par:30)
										idx44(Q:0.4794, distinct_name:2, dictinctin_value:-0.06052347242753761, par:38)
											idx54(Q:0.5242, distinct_name:2, dictinctin_value:-0.16873413911779458, par:44)
												idx62(Q:0.5478, distinct_name:2, dictinctin_value:-0.3117760123070312, par:54)
													idx70(Q:0.5916, distinct_name:2, dictinctin_value:-0.36929151673896154, par:62)
														idx76(Q:0.6191, distinct_name:2, dictinctin_value:-0.4513587540231024, par:70)
															idx82(Q:0.6537, distinct_name:2, dictinctin_value:-0.49926091712096626, par:76)
																idx90(Q:0.6697, distinct_name:2, dictinctin_value:-0.5261921216626007, par:82)
																	idx100(Q:0.6806, distinct_name:2, dictinctin_value:-0.5682634996789567, par:90)
																		idx110(Q:0.6963, distinct_name:2, dictinctin_value:-0.576514535000767, par:100)
																			idx120(Q:0.6994, par:110)
																			idx121(Q:0.3963, par:110)
																		idx111(Q:0.3635, par:100)
																	idx101(Q:0.3596, par:90)
																idx91(Q:0.3302, par:82)
															idx83(Q:0.2994, par:76)
														idx77(Q:0.2730, par:70)
													idx71(Q:0.2672, distinct_name:0, dictinctin_value:-0.603707487356605, par:62)
														idx602(Q:0.2696, distinct_name:0, dictinctin_value:-0.6138379954103756, par:71)
															idx604(Q:0.2711, par:602)
															idx605(Q:0.1982, par:602)
														idx603(Q:0.1432, par:71)
												idx63(Q:0.2211, par:54)
											idx55(Q:0.2432, distinct_name:0, dictinctin_value:-0.6476910175840919, par:44)
												idx464(Q:0.2464, distinct_name:3, dictinctin_value:0.6680194197252473, par:55)
													idx468(Q:0.2433, distinct_name:0, dictinctin_value:-0.6858015235311999, par:464)
														idx474(Q:0.2439, distinct_name:2, dictinctin_value:0.24031958562965672, par:468)
															idx480(Q:0.2424, distinct_name:2, dictinctin_value:0.22712878489931437, par:474)
																idx484(Q:0.2440, distinct_name:0, dictinctin_value:-0.6984661740702743, par:480)
																	idx492(Q:0.2422, distinct_name:2, dictinctin_value:0.2205862992769331, par:484)
																		idx500(Q:0.2419, distinct_name:1, dictinctin_value:0.7515347460969897, par:492)
																			idx518(Q:0.2412, par:500)
																			idx519(Q:0.2625, par:500)
																		idx501(Q:0.2751, par:492)
																	idx493(Q:0.3077, par:484)
																idx485(Q:0.1301, par:480)
															idx481(Q:0.2797, par:474)
														idx475(Q:0.1567, par:468)
													idx469(Q:0.3624, par:464)
												idx465(Q:0.1184, par:55)
										idx45(Q:0.2484, distinct_name:0, dictinctin_value:-0.6043607795061433, par:38)
											idx510(Q:0.2504, distinct_name:1, dictinctin_value:0.8144916165556727, par:45)
												idx520(Q:0.2444, distinct_name:1, dictinctin_value:0.7699133155688844, par:510)
													idx530(Q:0.2393, distinct_name:2, dictinctin_value:0.5073691095938268, par:520)
														idx536(Q:0.2388, distinct_name:0, dictinctin_value:-0.6190066933050004, par:530)
															idx548(Q:0.2378, distinct_name:0, dictinctin_value:-0.6463225202144014, par:536)
																idx570(Q:0.2368, distinct_name:0, dictinctin_value:-0.6564390430626009, par:548)
																	idx580(Q:0.2386, distinct_name:3, dictinctin_value:0.6572555751708343, par:570)
																		idx586(Q:0.2376, distinct_name:3, dictinctin_value:0.6217208412298194, par:580)
																			idx590(Q:0.2357, par:586)
																			idx591(Q:0.3104, par:586)
																		idx587(Q:0.2792, par:580)
																	idx581(Q:0.1275, par:570)
																idx571(Q:0.2672, par:548)
															idx549(Q:0.3743, par:536)
														idx537(Q:0.2606, par:530)
													idx531(Q:0.3809, par:520)
												idx521(Q:0.5313, par:510)
											idx511(Q:0.1507, par:45)
									idx39(Q:0.3196, distinct_name:1, dictinctin_value:0.8040063207197937, par:30)
										idx426(Q:0.3170, distinct_name:2, dictinctin_value:0.8419373683110459, par:39)
											idx432(Q:0.3191, distinct_name:0, dictinctin_value:-0.6009391153368029, par:426)
												idx444(Q:0.3209, distinct_name:0, dictinctin_value:-0.6041087413020046, par:432)
													idx448(Q:0.3207, distinct_name:0, dictinctin_value:-0.6100701052011255, par:444)
														idx456(Q:0.3213, distinct_name:0, dictinctin_value:-0.6407957166920598, par:448)
															idx460(Q:0.3258, distinct_name:0, dictinctin_value:-0.6555246386975058, par:456)
																idx466(Q:0.3278, distinct_name:0, dictinctin_value:-0.6720161756487143, par:460)
																	idx470(Q:0.3310, distinct_name:0, dictinctin_value:-0.6781083126032775, par:466)
																		idx472(Q:0.3311, distinct_name:0, dictinctin_value:-0.7020609777266955, par:470)
																			idx476(Q:0.3336, par:472)
																			idx477(Q:0.2334, par:472)
																		idx473(Q:0.3250, par:470)
																	idx471(Q:0.0686, par:466)
																idx467(Q:0.1550, par:460)
															idx461(Q:0.1355, par:456)
														idx457(Q:0.3007, par:448)
													idx449(Q:0.3527, par:444)
												idx445(Q:0.1599, par:432)
											idx433(Q:0.2225, par:426)
										idx427(Q:0.4793, par:39)
								idx31(Q:0.3455, distinct_name:0, dictinctin_value:-0.5002719881995846, par:24)
									idx544(Q:0.3458, distinct_name:1, dictinctin_value:0.7593054056611713, par:31)
										idx550(Q:0.3426, distinct_name:0, dictinctin_value:-0.5062520951871772, par:544)
											idx562(Q:0.3469, distinct_name:0, dictinctin_value:-0.5080035363270362, par:550)
												idx572(Q:0.3516, distinct_name:0, dictinctin_value:-0.5084639498879526, par:562)
													idx582(Q:0.3522, distinct_name:0, dictinctin_value:-0.5089199594147691, par:572)
														idx588(Q:0.3552, distinct_name:0, dictinctin_value:-0.5092872052358233, par:582)
															idx592(Q:0.3568, distinct_name:2, dictinctin_value:0.7693334693236122, par:588)
																idx594(Q:0.3618, distinct_name:2, dictinctin_value:0.7132889145486878, par:592)
																	idx596(Q:0.3666, distinct_name:0, dictinctin_value:-0.5099342225448047, par:594)
																		idx598(Q:0.3689, distinct_name:1, dictinctin_value:0.7481026625171042, par:596)
																			idx600(Q:0.3681, par:598)
																			idx601(Q:0.4108, par:598)
																		idx599(Q:0.2330, par:596)
																	idx597(Q:0.0754, par:594)
																idx595(Q:0.1530, par:592)
															idx593(Q:0.1559, par:588)
														idx589(Q:0.1598, par:582)
													idx583(Q:0.2789, par:572)
												idx573(Q:0.1450, par:562)
											idx563(Q:0.1519, par:550)
										idx551(Q:0.4899, par:544)
									idx545(Q:0.3129, par:31)
							idx25(Q:0.4569, distinct_name:0, dictinctin_value:-0.5389580903277561, par:18)
								idx216(Q:0.4595, distinct_name:0, dictinctin_value:-0.5573162410999996, par:25)
									idx230(Q:0.4607, distinct_name:0, dictinctin_value:-0.5917620279880862, par:216)
										idx242(Q:0.4722, distinct_name:1, dictinctin_value:0.8127647407611875, par:230)
											idx256(Q:0.4670, distinct_name:0, dictinctin_value:-0.6131626140571143, par:242)
												idx288(Q:0.4688, distinct_name:0, dictinctin_value:-0.7076582377440916, par:256)
													idx304(Q:0.4866, distinct_name:0, dictinctin_value:-0.717862250694298, par:288)
														idx316(Q:0.4905, distinct_name:0, dictinctin_value:-0.7734253050900186, par:304)
															idx328(Q:0.5045, distinct_name:0, dictinctin_value:-0.7970945326559435, par:316)
																idx340(Q:0.5059, distinct_name:3, dictinctin_value:0.6595389343928215, par:328)
																	idx354(Q:0.5011, distinct_name:3, dictinctin_value:0.6186331758365281, par:340)
																		idx368(Q:0.4962, distinct_name:3, dictinctin_value:0.5952455969358141, par:354)
																			idx380(Q:0.4947, par:368)
																			idx381(Q:0.5796, par:368)
																		idx369(Q:0.8791, par:354)
																	idx355(Q:0.7825, par:340)
																idx341(Q:0.4474, par:328)
															idx329(Q:0.3221, par:316)
														idx317(Q:0.3173, par:304)
													idx305(Q:0.3205, par:288)
												idx289(Q:0.1966, par:256)
											idx257(Q:0.7304, par:242)
										idx243(Q:0.2531, par:230)
									idx231(Q:0.3288, par:216)
								idx217(Q:0.3729, par:25)
						idx19(Q:0.6973, distinct_name:0, dictinctin_value:-0.5046072639210131, par:12)
							idx152(Q:0.6972, distinct_name:2, dictinctin_value:1.74305991171075, par:19)
								idx162(Q:0.6860, distinct_name:2, dictinctin_value:1.5651912903147052, par:152)
									idx172(Q:0.6768, distinct_name:2, dictinctin_value:1.0939968976733132, par:162)
										idx180(Q:0.6544, distinct_name:2, dictinctin_value:0.9064820637809338, par:172)
											idx188(Q:0.6434, distinct_name:2, dictinctin_value:0.8130327408821636, par:180)
												idx196(Q:0.6346, distinct_name:2, dictinctin_value:0.714578820015968, par:188)
													idx204(Q:0.6334, distinct_name:0, dictinctin_value:-0.5137296726081428, par:196)
														idx218(Q:0.6357, distinct_name:2, dictinctin_value:0.4860989258104936, par:204)
															idx232(Q:0.6351, distinct_name:1, dictinctin_value:2.2330900660097845, par:218)
																idx244(Q:0.6232, distinct_name:2, dictinctin_value:0.44559578649865966, par:232)
																	idx258(Q:0.6201, distinct_name:2, dictinctin_value:0.32419638005931734, par:244)
																		idx274(Q:0.6206, distinct_name:0, dictinctin_value:-0.5233031664270825, par:258)
																			idx290(Q:0.6212, par:274)
																			idx291(Q:0.5526, par:274)
																		idx275(Q:0.5985, par:258)
																	idx259(Q:0.7450, par:244)
																idx245(Q:0.9317, par:232)
															idx233(Q:0.6412, par:218)
														idx219(Q:0.4556, par:204)
													idx205(Q:0.6740, par:196)
												idx197(Q:0.8666, par:188)
											idx189(Q:0.8659, par:180)
										idx181(Q:0.9893, par:172)
									idx173(Q:1.0131, par:162)
								idx163(Q:1.0391, par:152)
							idx153(Q:0.7365, par:19)
					idx13(Q:0.5865, distinct_name:2, dictinctin_value:1.929601246827043, par:10)
						idx92(Q:0.5724, distinct_name:1, dictinctin_value:1.2557733390904973, par:13)
							idx102(Q:0.5394, distinct_name:2, dictinctin_value:1.4527612583425853, par:92)
								idx112(Q:0.5275, distinct_name:2, dictinctin_value:1.3531114404933846, par:102)
									idx122(Q:0.5253, distinct_name:2, dictinctin_value:1.0639310625609943, par:112)
										idx130(Q:0.5142, distinct_name:2, dictinctin_value:0.8759607452183222, par:122)
											idx136(Q:0.5067, distinct_name:2, dictinctin_value:0.6228991526328211, par:130)
												idx142(Q:0.5027, distinct_name:2, dictinctin_value:0.4885947458466264, par:136)
													idx146(Q:0.4942, distinct_name:1, dictinctin_value:1.1059975491047376, par:142)
														idx148(Q:0.4866, distinct_name:3, dictinctin_value:2.363964647313972, par:146)
															idx154(Q:0.4795, distinct_name:3, dictinctin_value:1.536573712246935, par:148)
																idx164(Q:0.4558, distinct_name:1, dictinctin_value:0.49075596239548774, par:154)
																	idx206(Q:0.4233, distinct_name:3, dictinctin_value:1.525286896575752, par:164)
																		idx220(Q:0.4228, distinct_name:2, dictinctin_value:0.38874536608000104, par:206)
																			idx234(Q:0.4252, par:220)
																			idx235(Q:0.3327, par:220)
																		idx221(Q:0.4555, par:206)
																	idx207(Q:0.6134, par:164)
																idx165(Q:0.5686, par:154)
															idx155(Q:0.6703, par:148)
														idx149(Q:0.7431, par:146)
													idx147(Q:0.5931, par:142)
												idx143(Q:0.5544, par:136)
											idx137(Q:0.6927, par:130)
										idx131(Q:0.7149, par:122)
									idx123(Q:0.6587, par:112)
								idx113(Q:0.7978, par:102)
							idx103(Q:0.9300, par:92)
						idx93(Q:1.0397, par:13)
				idx11(Q:0.3742, distinct_name:3, dictinctin_value:1.284568987543642, par:8)
					idx32(Q:0.3522, distinct_name:3, dictinctin_value:0.5763111575206541, par:11)
						idx40(Q:0.3350, distinct_name:2, dictinctin_value:1.4159847670297276, par:32)
							idx46(Q:0.3263, distinct_name:2, dictinctin_value:0.8764611652526798, par:40)
								idx56(Q:0.3321, distinct_name:2, dictinctin_value:0.6776552612944613, par:46)
									idx64(Q:0.3390, distinct_name:0, dictinctin_value:-0.10007893227380851, par:56)
										idx72(Q:0.3383, distinct_name:2, dictinctin_value:0.481251420222257, par:64)
											idx78(Q:0.3488, distinct_name:2, dictinctin_value:0.43236682950932387, par:72)
												idx84(Q:0.3558, distinct_name:2, dictinctin_value:0.2322739018313544, par:78)
													idx94(Q:0.3773, distinct_name:2, dictinctin_value:0.1692901075380102, par:84)
														idx104(Q:0.3858, distinct_name:2, dictinctin_value:0.044622068949871425, par:94)
															idx114(Q:0.4051, distinct_name:2, dictinctin_value:-0.04421252452423217, par:104)
																idx124(Q:0.4263, distinct_name:2, dictinctin_value:-0.12551407150931976, par:114)
																	idx132(Q:0.4421, distinct_name:2, dictinctin_value:-0.16179863391045127, par:124)
																		idx138(Q:0.4529, distinct_name:2, dictinctin_value:-0.1987692173924826, par:132)
																			idx144(Q:0.4694, par:138)
																			idx145(Q:0.1598, par:138)
																		idx139(Q:0.1698, par:132)
																	idx133(Q:0.1885, par:124)
																idx125(Q:0.1396, par:114)
															idx115(Q:0.1818, par:104)
														idx105(Q:0.1984, par:94)
													idx95(Q:0.1678, par:84)
												idx85(Q:0.1621, par:78)
											idx79(Q:0.2151, par:72)
										idx73(Q:0.3452, par:64)
									idx65(Q:0.2442, par:56)
								idx57(Q:0.2877, distinct_name:0, dictinctin_value:-0.07115888508263095, par:46)
									idx486(Q:0.2917, distinct_name:2, dictinctin_value:1.3997870335092657, par:57)
										idx494(Q:0.2918, distinct_name:0, dictinctin_value:-0.07160732513030894, par:486)
											idx504(Q:0.2889, distinct_name:0, dictinctin_value:-0.08350405569893737, par:494)
												idx512(Q:0.2903, distinct_name:1, dictinctin_value:1.8788415154351898, par:504)
													idx522(Q:0.2745, distinct_name:1, dictinctin_value:1.7168001155290575, par:512)
														idx538(Q:0.2683, distinct_name:0, dictinctin_value:-0.08454829370887558, par:522)
															idx552(Q:0.2661, distinct_name:3, dictinctin_value:0.4530042815419259, par:538)
																idx556(Q:0.2676, distinct_name:0, dictinctin_value:-0.08608502852647902, par:552)
																	idx564(Q:0.2687, distinct_name:0, dictinctin_value:-0.08644796937551802, par:556)
																		idx574(Q:0.2683, distinct_name:0, dictinctin_value:-0.08717123163966492, par:564)
																			idx584(Q:0.2697, par:574)
																			idx585(Q:0.1069, par:574)
																		idx575(Q:0.3124, par:564)
																	idx565(Q:0.1341, par:556)
																idx557(Q:0.2231, par:552)
															idx553(Q:0.5355, par:538)
														idx539(Q:0.6590, par:522)
													idx523(Q:0.9474, par:512)
												idx513(Q:0.1098, par:504)
											idx505(Q:0.6691, par:494)
										idx495(Q:0.2877, par:486)
									idx487(Q:0.1811, par:57)
							idx47(Q:0.4327, par:40)
						idx41(Q:0.4233, distinct_name:3, dictinctin_value:1.2541204520301295, par:32)
							idx246(Q:0.4171, distinct_name:0, dictinctin_value:-0.05401988313827026, par:41)
								idx260(Q:0.4175, distinct_name:2, dictinctin_value:2.0807886731763334, par:246)
									idx276(Q:0.4028, distinct_name:2, dictinctin_value:1.8994422532815647, par:260)
										idx292(Q:0.3977, distinct_name:1, dictinctin_value:1.2716943858922887, par:276)
											idx306(Q:0.3737, distinct_name:2, dictinctin_value:1.8085097405850585, par:292)
												idx318(Q:0.3655, distinct_name:0, dictinctin_value:-0.06832580226386262, par:306)
													idx330(Q:0.3603, distinct_name:1, dictinctin_value:1.0161843934440484, par:318)
														idx342(Q:0.3547, distinct_name:0, dictinctin_value:-0.11082738421514442, par:330)
															idx356(Q:0.3502, distinct_name:0, dictinctin_value:-0.1239714467724242, par:342)
																idx370(Q:0.3505, distinct_name:1, dictinctin_value:0.8661774768232812, par:356)
																	idx382(Q:0.3454, distinct_name:0, dictinctin_value:-0.13038566790821624, par:370)
																		idx396(Q:0.3455, distinct_name:1, dictinctin_value:0.7685182247259327, par:382)
																			idx406(Q:0.3394, par:396)
																			idx407(Q:0.5266, par:396)
																		idx397(Q:0.3395, par:382)
																	idx383(Q:0.4871, par:370)
																idx371(Q:0.3328, par:356)
															idx357(Q:0.4144, par:342)
														idx343(Q:0.4670, par:330)
													idx331(Q:0.5325, par:318)
												idx319(Q:0.8472, par:306)
											idx307(Q:0.6151, par:292)
										idx293(Q:0.8474, par:276)
									idx277(Q:0.8999, par:260)
								idx261(Q:0.3940, par:246)
							idx247(Q:0.6656, par:41)
					idx33(Q:0.5553, distinct_name:2, dictinctin_value:1.8206658800741853, par:11)
						idx436(Q:0.5426, distinct_name:0, dictinctin_value:-0.055487221535360155, par:33)
							idx438(Q:0.5402, distinct_name:0, dictinctin_value:-0.06661868934946451, par:436)
								idx450(Q:0.5428, distinct_name:2, dictinctin_value:1.6280055741424861, par:438)
									idx458(Q:0.5320, distinct_name:2, dictinctin_value:1.4609118350831285, par:450)
										idx462(Q:0.5236, distinct_name:0, dictinctin_value:-0.06716992247771125, par:458)
											idx478(Q:0.5250, distinct_name:0, dictinctin_value:-0.06950841565798693, par:462)
												idx482(Q:0.5240, distinct_name:0, dictinctin_value:-0.07617984110574617, par:478)
													idx488(Q:0.5263, distinct_name:0, dictinctin_value:-0.09812148969449835, par:482)
														idx496(Q:0.5285, distinct_name:0, dictinctin_value:-0.10012482464779363, par:488)
															idx502(Q:0.5312, distinct_name:2, dictinctin_value:1.4064514939244364, par:496)
																idx514(Q:0.5281, distinct_name:2, dictinctin_value:1.318805451770871, par:502)
																	idx524(Q:0.5205, distinct_name:0, dictinctin_value:-0.11118736531331526, par:514)
																		idx532(Q:0.5204, distinct_name:0, dictinctin_value:-0.12850307532465371, par:524)
																			idx540(Q:0.5248, par:532)
																			idx541(Q:0.3246, par:532)
																		idx533(Q:0.5230, par:524)
																	idx525(Q:0.7980, par:514)
																idx515(Q:0.7615, par:502)
															idx503(Q:0.1239, par:496)
														idx497(Q:0.4727, par:488)
													idx489(Q:0.1612, par:482)
												idx483(Q:0.6779, par:478)
											idx479(Q:0.3023, par:462)
										idx463(Q:0.8671, par:458)
									idx459(Q:0.9828, par:450)
								idx451(Q:0.3190, par:438)
							idx439(Q:0.9613, par:436)
						idx437(Q:0.9142, par:33)
			idx9(Q:0.3461, distinct_name:1, dictinctin_value:1.4532912275447858, par:6)
				idx14(Q:0.3255, distinct_name:0, dictinctin_value:0.6708677617788001, par:9)
					idx16(Q:0.3416, distinct_name:0, dictinctin_value:0.5219929201544601, par:14)
						idx20(Q:0.3426, distinct_name:0, dictinctin_value:0.38200451643824146, par:16)
							idx26(Q:0.3480, distinct_name:0, dictinctin_value:0.29175973898130836, par:20)
								idx34(Q:0.3483, distinct_name:3, dictinctin_value:1.2405945003824483, par:26)
									idx42(Q:0.3234, distinct_name:2, dictinctin_value:1.6139678071673451, par:34)
										idx48(Q:0.3177, distinct_name:1, dictinctin_value:1.0148453699076618, par:42)
											idx58(Q:0.3065, distinct_name:2, dictinctin_value:0.8422101128546527, par:48)
												idx66(Q:0.3140, distinct_name:2, dictinctin_value:0.5718071591898053, par:58)
													idx74(Q:0.3271, distinct_name:2, dictinctin_value:0.3335199702259944, par:66)
														idx80(Q:0.3518, distinct_name:2, dictinctin_value:0.2585267021680285, par:74)
															idx86(Q:0.3597, distinct_name:2, dictinctin_value:0.13295569297273957, par:80)
																idx96(Q:0.3769, distinct_name:2, dictinctin_value:0.0933394603867821, par:86)
																	idx106(Q:0.3850, distinct_name:2, dictinctin_value:0.047951172568074005, par:96)
																		idx116(Q:0.3928, distinct_name:2, dictinctin_value:-0.0025517231675584334, par:106)
																			idx126(Q:0.3999, par:116)
																			idx127(Q:0.1400, par:116)
																		idx117(Q:0.1509, par:106)
																	idx107(Q:0.1114, par:96)
																idx97(Q:0.1320, par:86)
															idx87(Q:0.1594, par:80)
														idx81(Q:0.1535, par:74)
													idx75(Q:0.1998, par:66)
												idx67(Q:0.2667, distinct_name:0, dictinctin_value:0.284001031471605, par:58)
													idx506(Q:0.2655, distinct_name:0, dictinctin_value:0.28239410324000885, par:67)
														idx526(Q:0.2637, distinct_name:1, dictinctin_value:0.83535054985968, par:506)
															idx546(Q:0.2432, distinct_name:2, dictinctin_value:1.5992728183505887, par:526)
																idx554(Q:0.2452, distinct_name:0, dictinctin_value:0.27983576931814547, par:546)
																	idx558(Q:0.2460, distinct_name:2, dictinctin_value:1.5459775970266707, par:554)
																		idx566(Q:0.2380, distinct_name:2, dictinctin_value:1.5137425616672946, par:558)
																			idx576(Q:0.2381, par:566)
																			idx577(Q:0.2344, par:566)
																		idx567(Q:0.4496, par:558)
																	idx559(Q:0.1898, par:554)
																idx555(Q:0.1136, par:546)
															idx547(Q:0.7287, par:526)
														idx527(Q:0.5128, par:506)
													idx507(Q:0.3576, par:67)
											idx59(Q:0.4265, par:48)
										idx49(Q:0.4307, par:42)
									idx43(Q:0.5367, distinct_name:3, dictinctin_value:2.7956706813891117, par:34)
										idx490(Q:0.5232, distinct_name:0, dictinctin_value:0.28758459307995216, par:43)
											idx498(Q:0.5183, distinct_name:2, dictinctin_value:1.7926081731949, par:490)
												idx508(Q:0.5115, distinct_name:0, dictinctin_value:0.2865220549225975, par:498)
													idx516(Q:0.5110, distinct_name:0, dictinctin_value:0.2785989659591723, par:508)
														idx528(Q:0.5179, distinct_name:3, dictinctin_value:2.7261255458914433, par:516)
															idx534(Q:0.5211, distinct_name:0, dictinctin_value:0.2763906794093015, par:528)
																idx542(Q:0.5228, distinct_name:0, dictinctin_value:0.2703031142425218, par:534)
																	idx560(Q:0.5215, distinct_name:3, dictinctin_value:2.563708411050972, par:542)
																		idx568(Q:0.5175, distinct_name:2, dictinctin_value:1.5803350412841866, par:560)
																			idx578(Q:0.5077, par:568)
																			idx579(Q:0.7504, par:568)
																		idx569(Q:0.7699, par:560)
																	idx561(Q:0.6884, par:542)
																idx543(Q:0.3073, par:534)
															idx535(Q:0.3125, par:528)
														idx529(Q:0.2106, par:516)
													idx517(Q:0.5832, par:508)
												idx509(Q:0.9712, par:498)
											idx499(Q:1.1979, par:490)
										idx491(Q:0.9972, par:43)
								idx35(Q:0.3469, distinct_name:1, dictinctin_value:1.344826515865718, par:26)
									idx236(Q:0.3450, distinct_name:3, dictinctin_value:1.6897348587436034, par:35)
										idx248(Q:0.3289, distinct_name:1, dictinctin_value:1.2341402111364463, par:236)
											idx262(Q:0.3296, distinct_name:3, dictinctin_value:1.3356049450605056, par:248)
												idx278(Q:0.3210, distinct_name:2, dictinctin_value:1.6241822054726756, par:262)
													idx294(Q:0.3122, distinct_name:0, dictinctin_value:0.3731119474318981, par:278)
														idx320(Q:0.3084, distinct_name:3, dictinctin_value:1.2759579982069145, par:294)
															idx344(Q:0.2992, distinct_name:0, dictinctin_value:0.37304242798500226, par:320)
																idx358(Q:0.2990, distinct_name:0, dictinctin_value:0.3707677109507447, par:344)
																	idx372(Q:0.3022, distinct_name:0, dictinctin_value:0.3697040787425107, par:358)
																		idx384(Q:0.3028, distinct_name:2, dictinctin_value:1.3789177574365135, par:372)
																			idx398(Q:0.3012, par:384)
																			idx399(Q:0.3408, par:384)
																		idx385(Q:0.2750, par:372)
																	idx373(Q:0.1232, par:358)
																idx359(Q:0.3297, par:344)
															idx345(Q:0.6603, par:320)
														idx321(Q:0.3682, par:294)
													idx295(Q:0.5050, par:278)
												idx279(Q:0.5343, par:262)
											idx263(Q:0.2832, par:248)
										idx249(Q:0.6902, par:236)
									idx237(Q:0.4358, par:35)
							idx27(Q:0.3233, distinct_name:2, dictinctin_value:1.5527241962490086, par:20)
								idx156(Q:0.3186, distinct_name:0, dictinctin_value:0.5137061072990365, par:27)
									idx166(Q:0.3245, distinct_name:0, dictinctin_value:0.5083060291160676, par:156)
										idx174(Q:0.3256, distinct_name:1, dictinctin_value:1.235555391656205, par:166)
											idx182(Q:0.3246, distinct_name:0, dictinctin_value:0.499318407708209, par:174)
												idx190(Q:0.3296, distinct_name:3, dictinctin_value:1.6437138459193195, par:182)
													idx198(Q:0.3201, distinct_name:0, dictinctin_value:0.4978828276393789, par:190)
														idx208(Q:0.3222, distinct_name:2, dictinctin_value:1.3588453420210258, par:198)
															idx222(Q:0.3190, distinct_name:2, dictinctin_value:0.9721483625475897, par:208)
																idx238(Q:0.3208, distinct_name:0, dictinctin_value:0.4972801494332726, par:222)
																	idx250(Q:0.3190, distinct_name:2, dictinctin_value:0.944961054171824, par:238)
																		idx264(Q:0.3223, distinct_name:2, dictinctin_value:0.872803430709856, par:250)
																			idx280(Q:0.3273, par:264)
																			idx281(Q:0.2116, par:264)
																		idx265(Q:0.1370, par:250)
																	idx251(Q:0.5718, par:238)
																idx239(Q:0.2976, par:222)
															idx223(Q:0.4173, par:208)
														idx209(Q:0.1910, par:198)
													idx199(Q:0.6695, par:190)
												idx191(Q:0.2488, par:182)
											idx183(Q:0.3519, par:174)
										idx175(Q:0.3018, par:166)
									idx167(Q:0.2351, par:156)
								idx157(Q:0.4374, par:27)
						idx21(Q:0.3377, distinct_name:1, dictinctin_value:1.3201670622027022, par:16)
							idx150(Q:0.3357, distinct_name:1, dictinctin_value:1.2234607090751204, par:21)
								idx158(Q:0.3365, distinct_name:1, dictinctin_value:1.0226433736171432, par:150)
									idx168(Q:0.3310, distinct_name:0, dictinctin_value:0.6649352976939671, par:158)
										idx176(Q:0.3301, distinct_name:2, dictinctin_value:1.8028367177150562, par:168)
											idx184(Q:0.3276, distinct_name:3, dictinctin_value:1.321083281680176, par:176)
												idx210(Q:0.3094, distinct_name:1, dictinctin_value:0.7493197611500411, par:184)
													idx224(Q:0.3012, distinct_name:2, dictinctin_value:1.1954012588052898, par:210)
														idx266(Q:0.3007, distinct_name:1, dictinctin_value:0.6035401367847275, par:224)
															idx282(Q:0.3005, distinct_name:1, dictinctin_value:0.5166827335099701, par:266)
																idx296(Q:0.3059, distinct_name:0, dictinctin_value:0.663963378246939, par:282)
																	idx308(Q:0.3042, distinct_name:0, dictinctin_value:0.6638782806630827, par:296)
																		idx322(Q:0.3025, distinct_name:2, dictinctin_value:1.1091905022156634, par:308)
																			idx332(Q:0.3057, par:322)
																			idx333(Q:0.1630, par:322)
																		idx323(Q:0.7405, par:308)
																	idx309(Q:0.7765, par:296)
																idx297(Q:0.1677, par:282)
															idx283(Q:0.3045, par:266)
														idx267(Q:0.3078, par:224)
													idx225(Q:0.3746, par:210)
												idx211(Q:0.5474, par:184)
											idx185(Q:0.4116, par:176)
										idx177(Q:0.3493, par:168)
									idx169(Q:0.4912, par:158)
								idx159(Q:0.2684, par:150)
							idx151(Q:0.4317, par:21)
					idx17(Q:0.3077, distinct_name:3, dictinctin_value:0.8871619234739136, par:14)
						idx22(Q:0.2756, distinct_name:1, dictinctin_value:0.895274831679809, par:17)
							idx28(Q:0.2605, distinct_name:3, dictinctin_value:0.4147697243292515, par:22)
								idx36(Q:0.2527, distinct_name:3, dictinctin_value:-0.009439492879810042, par:28)
									idx50(Q:0.2495, distinct_name:0, dictinctin_value:2.3121117874404824, par:36)
										idx52(Q:0.2508, distinct_name:0, dictinctin_value:1.9483716250181808, par:50)
											idx60(Q:0.2541, distinct_name:3, dictinctin_value:-0.018025248765568658, par:52)
												idx68(Q:0.2616, distinct_name:2, dictinctin_value:0.8033765660185509, par:60)
													idx88(Q:0.2683, distinct_name:2, dictinctin_value:0.6003623148969123, par:68)
														idx98(Q:0.2761, distinct_name:2, dictinctin_value:0.5329635912790776, par:88)
															idx108(Q:0.2805, distinct_name:2, dictinctin_value:0.3621996786015208, par:98)
																idx118(Q:0.2947, distinct_name:3, dictinctin_value:-0.05260374571449391, par:108)
																	idx128(Q:0.2970, distinct_name:2, dictinctin_value:0.22149263805201816, par:118)
																		idx134(Q:0.3118, distinct_name:2, dictinctin_value:0.13324256965432388, par:128)
																			idx140(Q:0.3232, par:134)
																			idx141(Q:0.1352, par:134)
																		idx135(Q:0.1467, par:128)
																	idx129(Q:0.2252, par:118)
																idx119(Q:0.1466, par:108)
															idx109(Q:0.1699, par:98)
														idx99(Q:0.1639, par:88)
													idx89(Q:0.2370, distinct_name:0, dictinctin_value:1.9001636825637473, par:68)
														idx420(Q:0.2352, distinct_name:0, dictinctin_value:1.8970534364477791, par:89)
															idx428(Q:0.2353, distinct_name:0, dictinctin_value:1.7864713255325577, par:420)
																idx434(Q:0.2367, distinct_name:0, dictinctin_value:1.7345810667045185, par:428)
																	idx440(Q:0.2339, distinct_name:0, dictinctin_value:1.7300479805066988, par:434)
																		idx446(Q:0.2345, distinct_name:0, dictinctin_value:1.6826477660222412, par:440)
																			idx452(Q:0.2321, par:446)
																			idx453(Q:0.3516, par:446)
																		idx447(Q:0.1492, par:440)
																	idx441(Q:0.3084, par:434)
																idx435(Q:0.1908, par:428)
															idx429(Q:0.2144, par:420)
														idx421(Q:0.2937, par:89)
												idx69(Q:0.1940, par:60)
											idx61(Q:0.1972, par:52)
										idx53(Q:0.1887, par:50)
									idx51(Q:0.2632, distinct_name:0, dictinctin_value:2.2255864685353126, par:36)
										idx268(Q:0.2642, distinct_name:0, dictinctin_value:1.8770234609938123, par:51)
											idx284(Q:0.2646, distinct_name:1, dictinctin_value:0.8208254329434517, par:268)
												idx298(Q:0.2662, distinct_name:0, dictinctin_value:1.7199871451158526, par:284)
													idx310(Q:0.2657, distinct_name:3, dictinctin_value:0.39481973457279324, par:298)
														idx346(Q:0.2668, distinct_name:2, dictinctin_value:2.0591657816242117, par:310)
															idx360(Q:0.2578, distinct_name:2, dictinctin_value:1.6416632040499568, par:346)
																idx374(Q:0.2570, distinct_name:0, dictinctin_value:1.6846076849979201, par:360)
																	idx386(Q:0.2578, distinct_name:2, dictinctin_value:1.5364517172370076, par:374)
																		idx400(Q:0.2569, distinct_name:2, dictinctin_value:1.321416179085615, par:386)
																			idx408(Q:0.2549, par:400)
																			idx409(Q:0.3184, par:400)
																		idx401(Q:0.2993, par:386)
																	idx387(Q:0.1886, par:374)
																idx375(Q:0.3030, par:360)
															idx361(Q:0.6501, par:346)
														idx347(Q:0.2293, par:310)
													idx311(Q:0.2837, par:298)
												idx299(Q:0.2089, par:284)
											idx285(Q:0.2572, par:268)
										idx269(Q:0.2326, par:51)
								idx37(Q:0.2963, distinct_name:1, dictinctin_value:0.7946772031835798, par:28)
									idx312(Q:0.2899, distinct_name:2, dictinctin_value:1.9378572482198, par:37)
										idx324(Q:0.2829, distinct_name:0, dictinctin_value:2.1880833067537604, par:312)
											idx334(Q:0.2834, distinct_name:0, dictinctin_value:2.1673152418059, par:324)
												idx348(Q:0.2812, distinct_name:0, dictinctin_value:2.0644684179947266, par:334)
													idx362(Q:0.2800, distinct_name:2, dictinctin_value:1.6060442338491094, par:348)
														idx376(Q:0.2715, distinct_name:0, dictinctin_value:1.8821116949330967, par:362)
															idx388(Q:0.2749, distinct_name:2, dictinctin_value:1.5867185725408008, par:376)
																idx402(Q:0.2750, distinct_name:0, dictinctin_value:1.8162737627685595, par:388)
																	idx410(Q:0.2777, distinct_name:2, dictinctin_value:1.474613989336331, par:402)
																		idx414(Q:0.2737, distinct_name:2, dictinctin_value:1.322085439542282, par:410)
																			idx422(Q:0.2738, par:414)
																			idx423(Q:0.2720, par:414)
																		idx415(Q:0.7277, par:410)
																	idx411(Q:0.1206, par:402)
																idx403(Q:0.2603, par:388)
															idx389(Q:0.1585, par:376)
														idx377(Q:0.5362, par:362)
													idx363(Q:0.3418, par:348)
												idx349(Q:0.4213, par:334)
											idx335(Q:0.2633, par:324)
										idx325(Q:0.5989, par:312)
									idx313(Q:0.4699, par:37)
							idx29(Q:0.3911, distinct_name:0, dictinctin_value:2.44084525907838, par:22)
								idx336(Q:0.3924, distinct_name:0, dictinctin_value:2.3332385876998147, par:29)
									idx350(Q:0.3945, distinct_name:2, dictinctin_value:1.313989803673234, par:336)
										idx364(Q:0.3625, distinct_name:2, dictinctin_value:1.2075088067941002, par:350)
											idx378(Q:0.3601, distinct_name:0, dictinctin_value:2.3276851139515355, par:364)
												idx390(Q:0.3591, distinct_name:2, dictinctin_value:1.1566628366759308, par:378)
													idx404(Q:0.3513, distinct_name:2, dictinctin_value:1.049026714172236, par:390)
														idx412(Q:0.3483, distinct_name:2, dictinctin_value:1.0138168631315498, par:404)
															idx418(Q:0.3457, distinct_name:0, dictinctin_value:2.3136303024689413, par:412)
																idx424(Q:0.3457, distinct_name:1, dictinctin_value:1.4142431093508798, par:418)
																	idx430(Q:0.3498, distinct_name:0, dictinctin_value:2.2572655688242222, par:424)
																		idx442(Q:0.3496, distinct_name:0, dictinctin_value:2.2507333712501807, par:430)
																			idx454(Q:0.3496, par:442)
																			idx455(Q:0.3551, par:442)
																		idx443(Q:0.3689, par:430)
																	idx431(Q:0.2625, par:424)
																idx425(Q:0.3611, par:418)
															idx419(Q:0.4918, par:412)
														idx413(Q:0.5241, par:404)
													idx405(Q:0.6303, par:390)
												idx391(Q:0.5313, par:378)
											idx379(Q:0.5828, par:364)
										idx365(Q:0.6713, par:350)
									idx351(Q:0.2484, par:336)
								idx337(Q:0.2579, par:29)
						idx23(Q:0.4619, distinct_name:0, dictinctin_value:2.1444723574903684, par:17)
							idx160(Q:0.4619, distinct_name:0, dictinctin_value:2.133798778100152, par:23)
								idx170(Q:0.4622, distinct_name:2, dictinctin_value:1.564504591409782, par:160)
									idx178(Q:0.4390, distinct_name:2, dictinctin_value:1.4113473869711974, par:170)
										idx186(Q:0.4343, distinct_name:0, dictinctin_value:2.1063540893171067, par:178)
											idx192(Q:0.4351, distinct_name:2, dictinctin_value:1.2195161175228741, par:186)
												idx200(Q:0.4300, distinct_name:0, dictinctin_value:1.9676721667093595, par:192)
													idx212(Q:0.4283, distinct_name:0, dictinctin_value:1.8926417272552991, par:200)
														idx226(Q:0.4287, distinct_name:0, dictinctin_value:1.7713311316515392, par:212)
															idx252(Q:0.4327, distinct_name:1, dictinctin_value:1.3213229930390704, par:226)
																idx270(Q:0.4283, distinct_name:0, dictinctin_value:1.7442155745503336, par:252)
																	idx300(Q:0.4267, distinct_name:0, dictinctin_value:1.3536781616204123, par:270)
																		idx392(Q:0.4277, distinct_name:0, dictinctin_value:1.2274516322533688, par:300)
																			idx416(Q:0.4277, par:392)
																			idx417(Q:0.4270, par:392)
																		idx393(Q:0.4227, par:300)
																	idx301(Q:0.6548, par:270)
																idx271(Q:0.6092, par:252)
															idx253(Q:0.3127, par:226)
														idx227(Q:0.4130, par:212)
													idx213(Q:0.4843, par:200)
												idx201(Q:0.5477, par:192)
											idx193(Q:0.3158, par:186)
										idx187(Q:0.6318, par:178)
									idx179(Q:0.8548, par:170)
								idx171(Q:0.3511, par:160)
							idx161(Q:0.4618, par:23)
				idx15(Q:0.6103, distinct_name:2, dictinctin_value:1.9938158806166744, par:9)
					idx194(Q:0.5994, distinct_name:3, dictinctin_value:2.0149638943737203, par:15)
						idx202(Q:0.5889, distinct_name:3, dictinctin_value:1.626087400144554, par:194)
							idx214(Q:0.5849, distinct_name:1, dictinctin_value:2.6727016574162166, par:202)
								idx228(Q:0.5732, distinct_name:2, dictinctin_value:1.776904010924299, par:214)
									idx240(Q:0.5688, distinct_name:2, dictinctin_value:1.4203463682180766, par:228)
										idx254(Q:0.5568, distinct_name:0, dictinctin_value:2.115573493736756, par:240)
											idx272(Q:0.5576, distinct_name:2, dictinctin_value:1.306259966260203, par:254)
												idx286(Q:0.5451, distinct_name:2, dictinctin_value:1.2529155214914378, par:272)
													idx302(Q:0.5412, distinct_name:2, dictinctin_value:0.808199081795812, par:286)
														idx314(Q:0.5178, distinct_name:2, dictinctin_value:0.7214446989843575, par:302)
															idx326(Q:0.5114, distinct_name:2, dictinctin_value:0.7041168221107604, par:314)
																idx338(Q:0.5106, distinct_name:0, dictinctin_value:2.1110030599556926, par:326)
																	idx352(Q:0.5113, distinct_name:0, dictinctin_value:2.0312710900603177, par:338)
																		idx366(Q:0.5097, distinct_name:2, dictinctin_value:0.6878681581259294, par:352)
																			idx394(Q:0.5077, par:366)
																			idx395(Q:0.7374, par:366)
																		idx367(Q:0.6383, par:352)
																	idx353(Q:0.3397, par:338)
																idx339(Q:0.6013, par:326)
															idx327(Q:0.6702, par:314)
														idx315(Q:0.8465, par:302)
													idx303(Q:0.8049, par:286)
												idx287(Q:0.8402, par:272)
											idx273(Q:0.5122, par:254)
										idx255(Q:0.7995, par:240)
									idx241(Q:0.9026, par:228)
								idx229(Q:0.7859, par:214)
							idx215(Q:0.7165, par:202)
						idx203(Q:0.9193, par:194)
					idx195(Q:0.9885, par:15)
		idx7(Q:0.3927, par:4)
	idx5(Q:0.2870, par
1)
