WARNING:tensorflow:From /Users/keithwu/opt/anaconda3/envs/auction-gym/lib/python3.10/site-packages/tensorflow/python/compat/v2_compat.py:107: disable_resource_variables (from tensorflow.python.ops.variable_scope) is deprecated and will be removed in a future version.
Instructions for updating:
non-resource variables are not supported in the long term
<_io.TextIOWrapper name='<stderr>' mode='w' encoding='utf-8'> reading from ../UTree_model_numpy/DM/model_boost_linear_qsplit_noabs_save/, starting at 36
<_io.TextIOWrapper name='<stderr>' mode='w' encoding='utf-8'> =============== update starts ===============
(average_diff:0.0011675049730342612, max_diff:0.0025611273980545857, training_epochs:50, lr:0.05)
<_io.TextIOWrapper name='<stderr>' mode='w' encoding='utf-8'> node index is 111
train linear regression time:  0.048151582945138216
(average_diff:0.0018675357132611164, max_diff:0.004400591934925868, training_epochs:50, lr:0.05)
<_io.TextIOWrapper name='<stderr>' mode='w' encoding='utf-8'> node index is 101
train linear regression time:  0.04796037496998906
(average_diff:0.0025575343820258, max_diff:0.007111608580383455, training_epochs:50, lr:0.05)
<_io.TextIOWrapper name='<stderr>' mode='w' encoding='utf-8'> node index is 91
train linear regression time:  0.04856816725805402
(average_diff:0.018646080720157072, max_diff:0.13900197738207734, training_epochs:50, lr:0.05)
<_io.TextIOWrapper name='<stderr>' mode='w' encoding='utf-8'> node index is 83
train linear regression time:  0.04730754066258669
(average_diff:0.02486296410795558, max_diff:0.11279045788360836, training_epochs:50, lr:0.05)
<_io.TextIOWrapper name='<stderr>' mode='w' encoding='utf-8'> node index is 77
train linear regression time:  0.050067916978150606
(average_diff:0.0387002482559997, max_diff:0.11336012130844689, training_epochs:50, lr:0.05)
<_io.TextIOWrapper name='<stderr>' mode='w' encoding='utf-8'> node index is 71
train linear regression time:  0.04828933393582702
(average_diff:0.0484863235160673, max_diff:0.13659394547226006, training_epochs:50, lr:0.05)
<_io.TextIOWrapper name='<stderr>' mode='w' encoding='utf-8'> node index is 63
train linear regression time:  0.048144124913960695
(average_diff:0.06854169340871248, max_diff:0.19929299347924373, training_epochs:50, lr:0.05)
<_io.TextIOWrapper name='<stderr>' mode='w' encoding='utf-8'> node index is 55
train linear regression time:  0.04812620906159282
(average_diff:0.06994607170053883, max_diff:0.22806981275463123, training_epochs:50, lr:0.05)
<_io.TextIOWrapper name='<stderr>' mode='w' encoding='utf-8'> node index is 45
train linear regression time:  0.048233665991574526
(average_diff:0.06657198719398655, max_diff:0.25044021983658066, training_epochs:50, lr:0.05)
<_io.TextIOWrapper name='<stderr>' mode='w' encoding='utf-8'> node index is 39
train linear regression time:  0.04806620813906193
(average_diff:0.09917060456498226, max_diff:0.3102620201239112, training_epochs:50, lr:0.05)
<_io.TextIOWrapper name='<stderr>' mode='w' encoding='utf-8'> node index is 31
train linear regression time:  0.04848604183644056
(average_diff:0.058282114276879536, max_diff:0.3572157730665746, training_epochs:50, lr:0.05)
<_io.TextIOWrapper name='<stderr>' mode='w' encoding='utf-8'> node index is 288
train linear regression time:  0.048804167192429304
<_io.TextIOWrapper name='<stderr>' mode='w' encoding='utf-8'> variance test passed, diff=0.033323701825631984, d = 0, back=0
<_io.TextIOWrapper name='<stderr>' mode='w' encoding='utf-8'> Will be split, p=0.033323701825631984, d=0, back=0
(average_diff:0.04107559103140415, max_diff:0.27625870924078416, training_epochs:50, lr:0.05)
<_io.TextIOWrapper name='<stderr>' mode='w' encoding='utf-8'> node index is 304
train linear regression time:  0.04900083318352699
(average_diff:0.06873351635326813, max_diff:0.1279687247740609, training_epochs:50, lr:0.05)
<_io.TextIOWrapper name='<stderr>' mode='w' encoding='utf-8'> node index is 305
train linear regression time:  0.04825808433815837
(average_diff:0.020381411585006733, max_diff:0.021040545164291893, training_epochs:50, lr:0.05)
<_io.TextIOWrapper name='<stderr>' mode='w' encoding='utf-8'> node index is 289
train linear regression time:  0.04869962530210614
(average_diff:0.01524619010589919, max_diff:0.023198957632673545, training_epochs:50, lr:0.05)
<_io.TextIOWrapper name='<stderr>' mode='w' encoding='utf-8'> node index is 257
train linear regression time:  0.04824924981221557
(average_diff:0.035297489269354346, max_diff:0.06413809607427212, training_epochs:50, lr:0.05)
<_io.TextIOWrapper name='<stderr>' mode='w' encoding='utf-8'> node index is 243
train linear regression time:  0.049007915891706944
(average_diff:2.220446049250313e-16, max_diff:2.220446049250313e-16, training_epochs:50, lr:0.05)
<_io.TextIOWrapper name='<stderr>' mode='w' encoding='utf-8'> node index is 231
train linear regression time:  0.048629708122462034
(average_diff:0.0631898452705317, max_diff:0.1328038300657901, training_epochs:50, lr:0.05)
<_io.TextIOWrapper name='<stderr>' mode='w' encoding='utf-8'> node index is 217
train linear regression time:  0.04923795908689499
(average_diff:0.016225932729958165, max_diff:0.021352513958201147, training_epochs:50, lr:0.05)
<_io.TextIOWrapper name='<stderr>' mode='w' encoding='utf-8'> node index is 275
train linear regression time:  0.04805037472397089
(average_diff:0.012868110217316708, max_diff:0.02707946545524198, training_epochs:50, lr:0.05)
<_io.TextIOWrapper name='<stderr>' mode='w' encoding='utf-8'> node index is 259
train linear regression time:  0.04827291704714298
(average_diff:0.022934471924781485, max_diff:0.036029028027461996, training_epochs:50, lr:0.05)
<_io.TextIOWrapper name='<stderr>' mode='w' encoding='utf-8'> node index is 245
train linear regression time:  0.04830116592347622
(average_diff:0.020115295544728885, max_diff:0.04429428227102966, training_epochs:50, lr:0.05)
<_io.TextIOWrapper name='<stderr>' mode='w' encoding='utf-8'> node index is 233
train linear regression time:  0.04861162509769201
(average_diff:2.220446049250313e-16, max_diff:2.220446049250313e-16, training_epochs:50, lr:0.05)
<_io.TextIOWrapper name='<stderr>' mode='w' encoding='utf-8'> node index is 219
train linear regression time:  0.04835312534123659
(average_diff:0.01324228229747868, max_diff:0.034563963287537636, training_epochs:50, lr:0.05)
<_io.TextIOWrapper name='<stderr>' mode='w' encoding='utf-8'> node index is 205
train linear regression time:  0.04817675007507205
(average_diff:0.008638207529182762, max_diff:0.015323324736977506, training_epochs:50, lr:0.05)
<_io.TextIOWrapper name='<stderr>' mode='w' encoding='utf-8'> node index is 197
train linear regression time:  0.04816100001335144
(average_diff:0.01475680807476252, max_diff:0.028572109447403515, training_epochs:50, lr:0.05)
<_io.TextIOWrapper name='<stderr>' mode='w' encoding='utf-8'> node index is 189
train linear regression time:  0.04816641705110669
(average_diff:0.021910276920457914, max_diff:0.04035363192002195, training_epochs:50, lr:0.05)
<_io.TextIOWrapper name='<stderr>' mode='w' encoding='utf-8'> node index is 181
train linear regression time:  0.048252790700644255
(average_diff:0.03641735045834976, max_diff:0.06557924833384077, training_epochs:50, lr:0.05)
<_io.TextIOWrapper name='<stderr>' mode='w' encoding='utf-8'> node index is 173
train linear regression time:  0.04821641696617007
(average_diff:0.021463256507196382, max_diff:0.03432036634430857, training_epochs:50, lr:0.05)
<_io.TextIOWrapper name='<stderr>' mode='w' encoding='utf-8'> node index is 163
train linear regression time:  0.04829624993726611
(average_diff:0.0, max_diff:0.0, training_epochs:50, lr:0.05)
<_io.TextIOWrapper name='<stderr>' mode='w' encoding='utf-8'> node index is 153
train linear regression time:  0.04827641602605581
(average_diff:0.0853631096103787, max_diff:0.13289843844423765, training_epochs:50, lr:0.05)
<_io.TextIOWrapper name='<stderr>' mode='w' encoding='utf-8'> node index is 221
train linear regression time:  0.04846233315765858
(average_diff:0.11121908321051015, max_diff:0.2872832746033903, training_epochs:50, lr:0.05)
<_io.TextIOWrapper name='<stderr>' mode='w' encoding='utf-8'> node index is 207
train linear regression time:  0.04833858320489526
(average_diff:0.14356130145093965, max_diff:0.38654935640551, training_epochs:50, lr:0.05)
<_io.TextIOWrapper name='<stderr>' mode='w' encoding='utf-8'> node index is 165
train linear regression time:  0.04863433400169015
(averag(average_diff:0.06433418924608633, max_diff:0.1612882559628835, training_epochs:50, lr:0.05)
<_io.TextIOWrapper name='<stderr>' mode='w' encoding='utf-8'> node index is 155
train linear regression time:  0.0492810420691967
(average_diff:0.13068357580798218, max_diff:0.21196850828275704, training_epochs:50, lr:0.05)
<_io.TextIOWrapper name='<stderr>' mode='w' encoding='utf-8'> node index is 149
train linear regression time:  0.04739133268594742
(average_diff:0.05011585321257908, max_diff:0.12059597324384955, training_epochs:50, lr:0.05)
<_io.TextIOWrapper name='<stderr>' mode='w' encoding='utf-8'> node index is 147
train linear regression time:  0.047052249778062105
(average_diff:0.05901574232137536, max_diff:0.10986851496767217, training_epochs:50, lr:0.05)
<_io.TextIOWrapper name='<stderr>' mode='w' encoding='utf-8'> node index is 143
train linear regression time:  0.04864654177799821
(average_diff:0.03457936933661367, max_diff:0.06492400830997203, training_epochs:50, lr:0.05)
<_io.TextIOWrapper name='<stderr>' mode='w' encoding='utf-8'> node index is 137
train linear regression time:  0.04820537520572543
(average_diff:0.03349988296524698, max_diff:0.06718971337729243, training_epochs:50, lr:0.05)
<_io.TextIOWrapper name='<stderr>' mode='w' encoding='utf-8'> node index is 131
train linear regression time:  0.05051487497985363
(average_diff:0.020843640616322684, max_diff:0.06357248034400587, training_epochs:50, lr:0.05)
<_io.TextIOWrapper name='<stderr>' mode='w' encoding='utf-8'> node index is 123
train linear regression time:  0.04833966679871082
(average_diff:0.03831501901086588, max_diff:0.09737873265211666, training_epochs:50, lr:0.05)
<_io.TextIOWrapper name='<stderr>' mode='w' encoding='utf-8'> node index is 113
train linear regression time:  0.0484490841627121
(average_diff:0.07114116668294292, max_diff:0.28567711240412097, training_epochs:50, lr:0.05)
<_io.TextIOWrapper name='<stderr>' mode='w' encoding='utf-8'> node index is 103
train linear regression time:  0.0482725421898067
(average_diff:0.05588276564685858, max_diff:0.08885660209885304, training_epochs:50, lr:0.05)
<_io.TextIOWrapper name='<stderr>' mode='w' encoding='utf-8'> node index is 93
train linear regression time:  0.048016457818448544
(average_diff:0.018690766190852946, max_diff:0.03339280285759744, training_epochs:50, lr:0.05)
<_io.TextIOWrapper name='<stderr>' mode='w' encoding='utf-8'> node index is 139
train linear regression time:  0.04902274999767542
(average_diff:0.06097875626688555, max_diff:0.1868337742191023, training_epochs:50, lr:0.05)
<_io.TextIOWrapper name='<stderr>' mode='w' encoding='utf-8'> node index is 133
train linear regression time:  0.04972208430990577
(average_diff:0.020396661658103207, max_diff:0.04714367903353778, training_epochs:50, lr:0.05)
<_io.TextIOWrapper name='<stderr>' mode='w' encoding='utf-8'> node index is 125
train linear regression time:  0.04787650005891919
(average_diff:0.06612865685423196, max_diff:0.2099470981096958, training_epochs:50, lr:0.05)
<_io.TextIOWrapper name='<stderr>' mode='w' encoding='utf-8'> node index is 115
train linear regression time:  0.049432416912168264
(average_diff:0.0647378835490364, max_diff:0.2142574152853401, training_epochs:50, lr:0.05)
<_io.TextIOWrapper name='<stderr>' mode='w' encoding='utf-8'> node index is 105
train linear regression time:  0.048183209262788296
(average_diff:0.036906858918932264, max_diff:0.19297401664684244, training_epochs:50, lr:0.05)
<_io.TextIOWrapper name='<stderr>' mode='w' encoding='utf-8'> node index is 95
train linear regression time:  0.04820445831865072
(average_diff:0.06520771792338893, max_diff:0.11105546851063328, training_epochs:50, lr:0.05)
<_io.TextIOWrapper name='<stderr>' mode='w' encoding='utf-8'> node index is 85
train linear regression time:  0.047739624977111816
(average_diff:0.0537230881665513, max_diff:0.12749124386852972, training_epochs:50, lr:0.05)
<_io.TextIOWrapper name='<stderr>' mode='w' encoding='utf-8'> node index is 79
train linear regression time:  0.049560833256691694
(average_diff:0.1363713476860237, max_diff:0.40432334158981664, training_epochs:50, lr:0.05)
<_io.TextIOWrapper name='<stderr>' mode='w' encoding='utf-8'> node index is 73
train linear regression time:  0.04849304165691137
(average_diff:0.08252265882790295, max_diff:0.31275083484065147, training_epochs:50, lr:0.05)
<_io.TextIOWrapper name='<stderr>' mode='w' encoding='utf-8'> node index is 65
train linear regression time:  0.048121083062142134
(average_diff:0.08839495190657908, max_diff:0.3739894048706641, training_epochs:50, lr:0.05)
<_io.TextIOWrapper name='<stderr>' mode='w' encoding='utf-8'> node index is 57
train linear regression time:  0.048091667238622904
(average_diff:0.09373463963907668, max_diff:0.5223430641829797, training_epochs:50, lr:0.05)
<_io.TextIOWrapper name='<stderr>' mode='w' encoding='utf-8'> node index is 47
train linear regression time:  0.0470139579847455
(average_diff:0.17473214531123982, max_diff:0.680639059053693, training_epochs:50, lr:0.05)
<_io.TextIOWrapper name='<stderr>' mode='w' encoding='utf-8'> node index is 292
train linear regression time:  0.04833487467840314
<_io.TextIOWrapper name='<stderr>' mode='w' encoding='utf-8'> variance test passed, diff=0.02116641001774939, d = 0, back=0
<_io.TextIOWrapper name='<stderr>' mode='w' encoding='utf-8'> variance test passed, diff=0.0411538044638934, d = 1, back=0
<_io.TextIOWrapper name='<stderr>' mode='w' encoding='utf-8'> Will be split, p=0.0411538044638934, d=1, back=0
(average_diff:0.17245322613852757, max_diff:0.6958402633424636, training_epochs:50, lr:0.05)
<_io.TextIOWrapper name='<stderr>' mode='w' encoding='utf-8'> node index is 306
train linear regression time:  0.048684750217944384
(average_diff:0.12947840535755714, max_diff:0.2364526873524861, training_epochs:50, lr:0.05)
<_io.TextIOWrapper name='<stderr>' mode='w' encoding='utf-8'> node index is 307
train linear regression time:  0.04822174971923232
(average_diff:0.006618112475570814, max_diff:0.006772170297640656, training_epochs:50, lr:0.05)
<_io.TextIOWrapper name='<stderr>' mode='w' encoding='utf-8'> node index is 293
train linear regression time:  0.04792300006374717
(average_diff:0.004906487084582356, max_diff:0.005287200199775133, training_epochs:50, lr:0.05)
<_io.TextIOWrapper name='<stderr>' mode='w' encoding='utf-8'> node index is 277
train linear regression time:  0.05018345918506384
(average_diff:2.90878432451791e-14, max_diff:2.90878432451791e-14, training_epochs:50, lr:0.05)
<_io.TextIOWrapper name='<stderr>' mode='w' encoding='utf-8'> node index is 261
train linear regression time:  0.048323709052056074
(average_diff:0.013017387596977478, max_diff:0.019627875407521422, training_epochs:50, lr:0.05)
<_io.TextIOWrapper name='<stderr>' mode='w' encoding='utf-8'> node index is 247
train linear regression time:  0.04820920806378126
(average_diff:0.16540040915786042, max_diff:0.8099143104104659, training_epochs:50, lr:0.05)
<_io.TextIOWrapper name='<stderr>' mode='w' encoding='utf-8'> node index is 33
train linear regression time:  0.04825425008311868
(average_diff:0.033882011018788113, max_diff:0.047452695631853226, training_epochs:50, lr:0.05)
<_io.TextIOWrapper name='<stderr>' mode='w' encoding='utf-8'> node index is 117
train linear regression time:  0.04798345919698477
(average_diff:0.020636532567777664, max_diff:0.038631592742875934, training_epochs:50, lr:0.05)
<_io.TextIOWrapper name='<stderr>' mode='w' encoding='utf-8'> node index is 107
train linear regression time:  0.04743012506514788
(average_diff:0.03593767125121889, max_diff:0.11351449275767178, training_epochs:50, lr:0.05)
<_io.TextIOWrapper name='<stderr>' mode='w' encoding='utf-8'> node index is 97
train linear regression time:  0.050730583257973194
(average_diff:0.07056842103452571, max_diff:0.1532368620221538, training_epochs:50, lr:0.05)
<_io.TextIOWrapper name='<stderr>' mode='w' encoding='utf-8'> node index is 87
train linear regression time:  0.048233207780867815
(average_diff:0.06712880842843433, max_diff:0.32166990143323826, training_epochs:50, lr:0.05)
<_io.TextIOWrapper name='<stderr>' mode='w' encoding='utf-8'> node index train train linear regression time:  0.04771349998190999
(average_diff:0.057283585547420024, max_diff:0.1935760472432564, training_epochs:50, lr:0.05)
<_io.TextIOWrapper name='<stderr>' mode='w' encoding='utf-8'> node index is 75
train linear regression time:  0.04898266587406397
(average_diff:0.09222204168253138, max_diff:0.2789099435467055, training_epochs:50, lr:0.05)
<_io.TextIOWrapper name='<stderr>' mode='w' encoding='utf-8'> node index is 67
train linear regression time:  0.04852216737344861
(average_diff:0.16774743949245702, max_diff:0.4479675703806747, training_epochs:50, lr:0.05)
<_io.TextIOWrapper name='<stderr>' mode='w' encoding='utf-8'> node index is 59
train linear regression time:  0.04800112498924136
(average_diff:0.12168548620353854, max_diff:0.25516536912812426, training_epochs:50, lr:0.05)
<_io.TextIOWrapper name='<stderr>' mode='w' encoding='utf-8'> node index is 49
train linear regression time:  0.05104108387604356
(average_diff:0.16470675216412714, max_diff:0.6119655502163981, training_epochs:50, lr:0.05)
<_io.TextIOWrapper name='<stderr>' mode='w' encoding='utf-8'> node index is 43
train linear regression time:  0.049149707891047
(average_diff:0.17815636874439533, max_diff:0.7741256334066227, training_epochs:50, lr:0.05)
<_io.TextIOWrapper name='<stderr>' mode='w' encoding='utf-8'> node index is 294
train linear regression time:  0.04874112503603101
(average_diff:0.062308545101213066, max_diff:0.15974737848068193, training_epochs:50, lr:0.05)
<_io.TextIOWrapper name='<stderr>' mode='w' encoding='utf-8'> node index is 295
train linear regression time:  0.05088087497279048
(average_diff:0.01606820472296901, max_diff:0.023160919920099332, training_epochs:50, lr:0.05)
<_io.TextIOWrapper name='<stderr>' mode='w' encoding='utf-8'> node index is 279
train linear regression time:  0.04840070800855756
(average_diff:2.0738155583066575e-07, max_diff:2.301721095387954e-07, training_epochs:50, lr:0.05)
<_io.TextIOWrapper name='<stderr>' mode='w' encoding='utf-8'> node index is 263
train linear regression time:  0.050923542119562626
(average_diff:0.021865490349250737, max_diff:0.03798311080239847, training_epochs:50, lr:0.05)
<_io.TextIOWrapper name='<stderr>' mode='w' encoding='utf-8'> node index is 249
train linear regression time:  0.048004917334765196
(average_diff:5.54789547635437e-12, max_diff:6.423528375876231e-12, training_epochs:50, lr:0.05)
<_io.TextIOWrapper name='<stderr>' mode='w' encoding='utf-8'> node index is 237
train linear regression time:  0.04918512515723705
(average_diff:0.025512937466939705, max_diff:0.039452267690142456, training_epochs:50, lr:0.05)
<_io.TextIOWrapper name='<stderr>' mode='w' encoding='utf-8'> node index is 265
train linear regression time:  0.04885516595095396
(average_diff:2.026739887028839e-12, max_diff:3.967437489649228e-12, training_epochs:50, lr:0.05)
<_io.TextIOWrapper name='<stderr>' mode='w' encoding='utf-8'> node index is 251
train linear regression time:  0.04838354233652353
(average_diff:0.046610302908416654, max_diff:0.11015190279823595, training_epochs:50, lr:0.05)
<_io.TextIOWrapper name='<stderr>' mode='w' encoding='utf-8'> node index is 239
train linear regression time:  0.048245709389448166
(average_diff:0.01781674138645875, max_diff:0.023726059285398837, training_epochs:50, lr:0.05)
<_io.TextIOWrapper name='<stderr>' mode='w' encoding='utf-8'> node index is 223
train linear regression time:  0.046699459198862314
(average_diff:0.0, max_diff:0.0, training_epochs:50, lr:0.05)
<_io.TextIOWrapper name='<stderr>' mode='w' encoding='utf-8'> node index is 209
train linear regression time:  0.049299333710223436
(average_diff:0.0009603186282043005, max_diff:0.0014586906004148137, training_epochs:50, lr:0.05)
<_io.TextIOWrapper name='<stderr>' mode='w' encoding='utf-8'> node index is 199
train linear regression time:  0.047901208978146315
(average_diff:0.07464962202937615, max_diff:0.15484420202624882, training_epochs:50, lr:0.05)
<_io.TextIOWrapper name='<stderr>' mode='w' encoding='utf-8'> node index is 191
train linear regression time:  0.047825916670262814
(average_diff:0.08480370903398338, max_diff:0.126986552217204, training_epochs:50, lr:0.05)
<_io.TextIOWrapper name='<stderr>' mode='w' encoding='utf-8'> node index is 183
train linear regression time:  0.047009625006467104
(average_diff:0.05553681178740291, max_diff:0.062358700918015, training_epochs:50, lr:0.05)
<_io.TextIOWrapper name='<stderr>' mode='w' encoding='utf-8'> node index is 175
train linear regression time:  0.047712374944239855
(average_diff:0.0836350904534729, max_diff:0.20771084767046527, training_epochs:50, lr:0.05)
<_io.TextIOWrapper name='<stderr>' mode='w' encoding='utf-8'> node index is 167
train linear regression time:  0.04831708315759897
(average_diff:0.03242064501044449, max_diff:0.0666443532919791, training_epochs:50, lr:0.05)
<_io.TextIOWrapper name='<stderr>' mode='w' encoding='utf-8'> node index is 157
train linear regression time:  0.04795129084959626
(average_diff:0.12399664278050017, max_diff:0.6183327646481676, training_epochs:50, lr:0.05)
<_io.TextIOWrapper name='<stderr>' mode='w' encoding='utf-8'> node index is 296
train linear regression time:  0.048232417088001966
<_io.TextIOWrapper name='<stderr>' mode='w' encoding='utf-8'> variance test passed, diff=0.043136700817664776, d = 0, back=0
<_io.TextIOWrapper name='<stderr>' mode='w' encoding='utf-8'> Will be split, p=0.043136700817664776, d=0, back=0
(average_diff:0.12254935319573984, max_diff:0.5944013605562002, training_epochs:50, lr:0.05)
<_io.TextIOWrapper name='<stderr>' mode='w' encoding='utf-8'> node index is 308
train linear regression time:  0.048685625195503235
(average_diff:1.1102230246251565e-16, max_diff:1.1102230246251565e-16, training_epochs:50, lr:0.05)
<_io.TextIOWrapper name='<stderr>' mode='w' encoding='utf-8'> node index is 309
train linear regression time:  0.04770291596651077
(average_diff:0.08433186333565265, max_diff:0.1163499154806754, training_epochs:50, lr:0.05)
<_io.TextIOWrapper name='<stderr>' mode='w' encoding='utf-8'> node index is 297
train linear regression time:  0.04799658292904496
(average_diff:0.06101177209999179, max_diff:0.14107527455162014, training_epochs:50, lr:0.05)
<_io.TextIOWrapper name='<stderr>' mode='w' encoding='utf-8'> node index is 283
train linear regression time:  0.048098208382725716
(average_diff:0.061188829803924226, max_diff:0.1445539869442264, training_epochs:50, lr:0.05)
<_io.TextIOWrapper name='<stderr>' mode='w' encoding='utf-8'> node index is 267
train linear regression time:  0.04789187526330352
(average_diff:0.13777454563203406, max_diff:0.30369145502015193, training_epochs:50, lr:0.05)
<_io.TextIOWrapper name='<stderr>' mode='w' encoding='utf-8'> node index is 225
train linear regression time:  0.04805037518963218
(average_diff:0.2587403364875194, max_diff:0.4642242635930819, training_epochs:50, lr:0.05)
<_io.TextIOWrapper name='<stderr>' mode='w' encoding='utf-8'> node index is 211
train linear regression time:  0.048014792148023844
(average_diff:0.024130185807694937, max_diff:0.059525297494781554, training_epochs:50, lr:0.05)
<_io.TextIOWrapper name='<stderr>' mode='w' encoding='utf-8'> node index is 185
train linear regression time:  0.04743366688489914
(average_diff:0.005267527980811301, max_diff:0.013179750281939295, training_epochs:50, lr:0.05)
<_io.TextIOWrapper name='<stderr>' mode='w' encoding='utf-8'> node index is 177
train linear regression time:  0.0489400839433074
(average_diff:0.1995321373403914, max_diff:0.40009669751398896, training_epochs:50, lr:0.05)
<_io.TextIOWrapper name='<stderr>' mode='w' encoding='utf-8'> node index is 169
train linear regression time:  0.04718079185113311
(average_diff:0.0, max_diff:0.0, training_epochs:50, lr:0.05)
<_io.TextIOWrapper name='<stderr>' mode='w' encoding='utf-8'> node index is 159
train linear regression time:  0.04824629193171859
(average_diff:0.04048167636770314, max_diff:0.080692101127947, training_epochs:50, lr:0.05)
<_io.TextIOWrapper name='<stderr>' mode='w' encoding='utf-8'> node index is 151
train linear regression time:  0.04735708422958851
(average_diff:0.03583111147229519, max_diff:0.07902174969872768, training_epochs:50, lr:0.05)
<_io.TextIOWrapper name='<stderr>' mode='w' encoding='utf-8'> node index is 135
train linear regression time:  0.04915541596710682
(average_diff:0.025008457118566505, max_diff:0.042787766066898714, training_epochs:50, lr:0.05)
<_io.TextIOWrapper name='<stderr>' mode='w' encoding='utf-8'> node index is 129
train linear regression time:  0.04824170796200633
(average_diff:0.024248635443685492, max_diff:0.0819152663266662, training_epochs:50, lr:0.05)
<_io.TextIOWrapper name='<stderr>' mode='w' encoding='utf-8'> node index is 119
train linear regression time:  0.047763416077941656
(average_diff:0.04081867846489701, max_diff:0.10021655369029198, training_epochs:50, lr:0.05)
<_io.TextIOWrapper name='<stderr>' mode='w' encoding='utf-8'> node index is 109
train linear regression time:  0.048978082835674286
(average_diff:0.04588258820087162, max_diff:0.16662752419329213, training_epochs:50, lr:0.05)
<_io.TextIOWrapper name='<stderr>' mode='w' encoding='utf-8'> node index is 99
train linear regression time:  0.04849179182201624
(average_diff:0.0687768879822668, max_diff:0.29644764354679265, training_epochs:50, lr:0.05)
<_io.TextIOWrapper name='<stderr>' mode='w' encoding='utf-8'> node index is 89
train linear regression time:  0.04751741699874401
(average_diff:0.006115501826572983, max_diff:0.0687334071992845, training_epochs:50, lr:0.05)
<_io.TextIOWrapper name='<stderr>' mode='w' encoding='utf-8'> node index is 69
train linear regression time:  0.04803370777517557
(average_diff:0.0675060534059223, max_diff:0.20499574321231462, training_epochs:50, lr:0.05)
<_io.TextIOWrapper name='<stderr>' mode='w' encoding='utf-8'> node index is 61
train linear regression time:  0.048181707970798016
(average_diff:0.02612297144158348, max_diff:0.06880143516704626, training_epochs:50, lr:0.05)
<_io.TextIOWrapper name='<stderr>' mode='w' encoding='utf-8'> node index is 53
train linear regression time:  0.04785970877856016
(average_diff:0.12593694370801914, max_diff:0.7623011622826952, training_epochs:50, lr:0.05)
<_io.TextIOWrapper name='<stderr>' mode='w' encoding='utf-8'> node index is 298
train linear regression time:  0.04881229205057025
<_io.TextIOWrapper name='<stderr>' mode='w' encoding='utf-8'> variance test passed, diff=0.021833150575801808, d = 0, back=0
<_io.TextIOWrapper name='<stderr>' mode='w' encoding='utf-8'> Will be split, p=0.021833150575801808, d=0, back=0
(average_diff:0.1280703835311455, max_diff:0.7348519026055876, training_epochs:50, lr:0.05)
<_io.TextIOWrapper name='<stderr>' mode='w' encoding='utf-8'> node index is 310
train linear regression time:  0.04862937517464161
(average_diff:0.07025343637085017, max_diff:0.12699495266041533, training_epochs:50, lr:0.05)
<_io.TextIOWrapper name='<stderr>' mode='w' encoding='utf-8'> node index is 311
train linear regression time:  0.04799012513831258
(average_diff:0.06197402343097119, max_diff:0.10616828349103291, training_epochs:50, lr:0.05)
<_io.TextIOWrapper name='<stderr>' mode='w' encoding='utf-8'> node index is 299
train linear regression time:  0.04802241688594222
(average_diff:0.014474865916071325, max_diff:0.03584859196630508, training_epochs:50, lr:0.05)
<_io.TextIOWrapper name='<stderr>' mode='w' encoding='utf-8'> node index is 285
train linear regression time:  0.047946833074092865
(average_diff:0.00680767529781819, max_diff:0.010011012140745845, training_epochs:50, lr:0.05)
<_io.TextIOWrapper name='<stderr>' mode='w' encoding='utf-8'> node index is 269
train linear regression time:  0.04799129208549857
(average_diff:0.16108656303047447, max_diff:0.7081505954791927, training_epochs:50, lr:0.05)
<_io.TextIOWrapper name='<stderr>' mode='w' encoding='utf-8'> node index is 37
train linear regression time:  0.049084583297371864
<_io.TextIOWrapper name='<stderr>' mode='w' encoding='utf-8'> variance test passed, diff=0.01682846580989337, d = 1, back=0
<_io.TextIOWrapper name='<stderr>' mode='w' encoding='utf-8'> Will be split, p=0.01682846580989337, d=1, back=0
(average_diff:0.15868416358652093, max_diff:0.6944161112685904, training_epochs:50, lr:0.05)
<_io.TextIOWrapper name='<stderr>' mode='w' encoding='utf-8'> node index is 312
train linear regression time:  0.04853441612794995
(average_diff:0.030914862512797552, max_diff:0.08257648162356368, training_epochs:50, lr:0.05)
<_io.TextIOWrapper name='<stderr>' mode='w' encoding='utf-8'> node index is 313
train linear regression time:  0.04811429185792804
(average_diff:0.1923034444766759, max_diff:0.6852073606092192, training_epochs:50, lr:0.05)
<_io.TextIOWrapper name='<stderr>' mode='w' encoding='utf-8'> node index is 29
train linear regression time:  0.048761332873255014
(average_diff:0.1655625352187415, max_diff:0.6979116921944412, training_epochs:50, lr:0.05)
<_io.TextIOWrapper name='<stderr>' mode='w' encoding='utf-8'> node index is 300
train linear regression time:  0.049487417098134756
(average_diff:3.974408668178109e-05, max_diff:4.227472214257677e-05, training_epochs:50, lr:0.05)
<_io.TextIOWrapper name='<stderr>' mode='w' encoding='utf-8'> node index is 301
train linear regression time:  0.0476106246933341
(average_diff:0.014489435159586617, max_diff:0.020953238797030815, training_epochs:50, lr:0.05)
<_io.TextIOWrapper name='<stderr>' mode='w' encoding='utf-8'> node index is 271
train linear regression time:  0.04898104164749384
(average_diff:0.06995964230498292, max_diff:0.10257045981120344, training_epochs:50, lr:0.05)
<_io.TextIOWrapper name='<stderr>' mode='w' encoding='utf-8'> node index is 253
train linear regression time:  0.04778262507170439
(average_diff:6.938893903907228e-17, max_diff:6.938893903907228e-17, training_epochs:50, lr:0.05)
<_io.TextIOWrapper name='<stderr>' mode='w' encoding='utf-8'> node index is 227
train linear regression time:  0.04915512492880225
(average_diff:0.00024774920895154207, max_diff:0.0003746362120168878, training_epochs:50, lr:0.05)
<_io.TextIOWrapper name='<stderr>' mode='w' encoding='utf-8'> node index is 213
train linear regression time:  0.04877541586756706
(average_diff:0.013938275941937407, max_diff:0.022682289077043505, training_epochs:50, lr:0.05)
<_io.TextIOWrapper name='<stderr>' mode='w' encoding='utf-8'> node index is 201
train linear regression time:  0.04825166705995798
(average_diff:0.0, max_diff:0.0, training_epochs:50, lr:0.05)
<_io.TextIOWrapper name='<stderr>' mode='w' encoding='utf-8'> node index is 193
train linear regression time:  0.047965249978005886
(average_diff:0.04902079493472808, max_diff:0.10281913597884862, training_epochs:50, lr:0.05)
<_io.TextIOWrapper name='<stderr>' mode='w' encoding='utf-8'> node index is 187
train linear regression time:  0.047427583020180464
(average_diff:0.035576266278991464, max_diff:0.05692503990715014, training_epochs:50, lr:0.05)
<_io.TextIOWrapper name='<stderr>' mode='w' encoding='utf-8'> node index is 179
train linear regression time:  0.04793395893648267
(average_diff:0.0, max_diff:0.0, training_epochs:50, lr:0.05)
<_io.TextIOWrapper name='<stderr>' mode='w' encoding='utf-8'> node index is 171
train linear regression time:  0.04755258280783892
(average_diff:5.551115123125783e-17, max_diff:5.551115123125783e-17, training_epochs:50, lr:0.05)
<_io.TextIOWrapper name='<stderr>' mode='w' encoding='utf-8'> node index is 161
train linear regression time:  0.04808454215526581
(average_diff:0.14250581566919754, max_diff:0.704507186050396, training_epochs:50, lr:0.05)
<_io.TextIOWrapper name='<stderr>' mode='w' encoding='utf-8'> node index is 302
train linear regression time:  0.04855887498706579
<_io.TextIOWrapper name='<stderr>' mode='w' encoding='utf-8'> variance test passed, diff=0.019915540360535264, d = 1, back=0
<_io.TextIOWrapper name='<stderr>' mode='w' encoding='utf-8'> variance test passed, diff=0.04131999740646258, d = 2, back=0
<_io.TextIOWrapper name='<stderr>' mode='w' encoding='utf-8'> Will be split, p=0.04131999740646258, d=2, back=0
(average_diff:0.14069858052690276, max_diff:0.6901016202033944, training_epochs:50, lr:0.05)
<_io.TextIOWrapper name='<stderr>' mode='w' encoding='utf-8'> node index is 314(average_diff:0.04782679168142540.0481610419228673
(average_diff:0.04698871292036316, max_diff:0.06570147683129168, training_epochs:50, lr:0.05)
<_io.TextIOWrapper name='<stderr>' mode='w' encoding='utf-8'> node index is 315
train linear regression time:  0.05021033436059952
(average_diff:0.0002652671917320326, max_diff:0.0002919212849160635, training_epochs:50, lr:0.05)
<_io.TextIOWrapper name='<stderr>' mode='w' encoding='utf-8'> node index is 303
train linear regression time:  0.048057416919618845
(average_diff:0.014302199021800938, max_diff:0.02177602192530914, training_epochs:50, lr:0.05)
<_io.TextIOWrapper name='<stderr>' mode='w' encoding='utf-8'> node index is 287
train linear regression time:  0.048147082794457674
(average_diff:0.0, max_diff:0.0, training_epochs:50, lr:0.05)
<_io.TextIOWrapper name='<stderr>' mode='w' encoding='utf-8'> node index is 273
train linear regression time:  0.04816658329218626
(average_diff:0.008876435174588276, max_diff:0.018409103027776652, training_epochs:50, lr:0.05)
<_io.TextIOWrapper name='<stderr>' mode='w' encoding='utf-8'> node index is 255
train linear regression time:  0.048060250002890825
(average_diff:4.168298262108294e-09, max_diff:4.574868484041872e-09, training_epochs:50, lr:0.05)
<_io.TextIOWrapper name='<stderr>' mode='w' encoding='utf-8'> node index is 241
train linear regression time:  0.04807491693645716
(average_diff:0.0342094689717183, max_diff:0.06268791373410842, training_epochs:50, lr:0.05)
<_io.TextIOWrapper name='<stderr>' mode='w' encoding='utf-8'> node index is 229
train linear regression time:  0.04793366603553295
(average_diff:0.013883691017378047, max_diff:0.02989842731366099, training_epochs:50, lr:0.05)
<_io.TextIOWrapper name='<stderr>' mode='w' encoding='utf-8'> node index is 215
train linear regression time:  0.048325750045478344
(average_diff:0.017928030465359162, max_diff:0.028218391172348145, training_epochs:50, lr:0.05)
<_io.TextIOWrapper name='<stderr>' mode='w' encoding='utf-8'> node index is 203
train linear regression time:  0.04804633278399706
(average_diff:0.006039689830788064, max_diff:0.006099167832641417, training_epochs:50, lr:0.05)
<_io.TextIOWrapper name='<stderr>' mode='w' encoding='utf-8'> node index is 195
train linear regression time:  0.04781895782798529
(average_diff:8.688782392138328e-05, max_diff:0.000134875233583992, training_epochs:50, lr:0.05)
<_io.TextIOWrapper name='<stderr>' mode='w' encoding='utf-8'> node index is 7
train linear regression time:  0.04828516719862819
(average_diff:0.08622733738749727, max_diff:0.274511688985059, training_epochs:50, lr:0.05)
<_io.TextIOWrapper name='<stderr>' mode='w' encoding='utf-8'> node index is 5
train linear regression time:  0.04821312474086881
testFringe time:  7.295931333210319
<_io.TextIOWrapper name='<stderr>' mode='w' encoding='utf-8'> =============== update finished ===============

*** Writing Game File 37***

<_io.TextIOWrapper name='../print_tree_record_numpy/print_DM_boost_linear_tree_split.txt' mode='w' encoding='UTF-8'> idx1(Q:0.3989, distinct_name:0, dictinctin_value:2.569683891588169, par:None)
	idx4(Q:0.3997, distinct_name:0, dictinctin_value:2.507749956207568, par:1)
		idx6(Q:0.3995, distinct_name:0, dictinctin_value:-0.050698982385153205, par:4)
			idx8(Q:0.4612, distinct_name:0, dictinctin_value:-0.5002368440471089, par:6)
				idx10(Q:0.5100, distinct_name:3, dictinctin_value:0.7373220788164561, par:8)
					idx12(Q:0.4856, distinct_name:1, dictinctin_value:0.8498558206992594, par:10)
						idx18(Q:0.4314, distinct_name:2, dictinctin_value:0.8559921607301466, par:12)
							idx24(Q:0.4255, distinct_name:0, dictinctin_value:-0.5901212893723445, par:18)
								idx30(Q:0.4348, distinct_name:2, dictinctin_value:0.5095422779981766, par:24)
									idx38(Q:0.4584, distinct_name:2, dictinctin_value:0.24909091887867726, par:30)
										idx44(Q:0.4953, distinct_name:2, dictinctin_value:-0.06052347242753761, par:38)
											idx54(Q:0.5403, distinct_name:2, dictinctin_value:-0.16873413911779458, par:44)
												idx62(Q:0.5653, distinct_name:2, dictinctin_value:-0.3117760123070312, par:54)
													idx70(Q:0.5982, distinct_name:2, dictinctin_value:-0.36929151673896154, par:62)
														idx76(Q:0.6237, distinct_name:2, dictinctin_value:-0.4513587540231024, par:70)
															idx82(Q:0.6586, distinct_name:2, dictinctin_value:-0.49926091712096626, par:76)
																idx90(Q:0.6738, distinct_name:2, dictinctin_value:-0.5261921216626007, par:82)
																	idx100(Q:0.6846, distinct_name:2, dictinctin_value:-0.5682634996789567, par:90)
																		idx110(Q:0.7011, distinct_name:2, dictinctin_value:-0.576514535000767, par:100)
																			idx120(Q:0.7073, par:110)
																			idx121(Q:0.4001, par:110)
																		idx111(Q:0.3552, par:100)
																	idx101(Q:0.3513, par:90)
																idx91(Q:0.3311, par:82)
															idx83(Q:0.2944, par:76)
														idx77(Q:0.2796, par:70)
													idx71(Q:0.2787, par:62)
												idx63(Q:0.2389, par:54)
											idx55(Q:0.2354, par:44)
										idx45(Q:0.2220, par:38)
									idx39(Q:0.2889, par:30)
								idx31(Q:0.3471, par:24)
							idx25(Q:0.4586, distinct_name:0, dictinctin_value:-0.5389580903277561, par:18)
								idx216(Q:0.4614, distinct_name:0, dictinctin_value:-0.5573162410999996, par:25)
									idx230(Q:0.4646, distinct_name:0, dictinctin_value:-0.5917620279880862, par:216)
										idx242(Q:0.4788, distinct_name:1, dictinctin_value:0.8127647407611875, par:230)
											idx256(Q:0.4733, distinct_name:0, dictinctin_value:-0.6131626140571143, par:242)
												idx288(Q:0.4784, distinct_name:0, dictinctin_value:-0.7076582377440916, par:256)
													idx304(Q:0.4959, par:288)
													idx305(Q:0.2604, par:288)
												idx289(Q:0.1966, par:256)
											idx257(Q:0.6802, par:242)
										idx243(Q:0.1433, par:230)
									idx231(Q:0.0898, par:216)
								idx217(Q:0.3907, par:25)
						idx19(Q:0.7233, distinct_name:0, dictinctin_value:-0.5046072639210131, par:12)
							idx152(Q:0.7232, distinct_name:2, dictinctin_value:1.74305991171075, par:19)
								idx162(Q:0.7109, distinct_name:2, dictinctin_value:1.5651912903147052, par:152)
									idx172(Q:0.6992, distinct_name:2, dictinctin_value:1.0939968976733132, par:162)
										idx180(Q:0.6754, distinct_name:2, dictinctin_value:0.9064820637809338, par:172)
											idx188(Q:0.6672, distinct_name:2, dictinctin_value:0.8130327408821636, par:180)
												idx196(Q:0.6587, distinct_name:2, dictinctin_value:0.714578820015968, par:188)
													idx204(Q:0.6585, distinct_name:0, dictinctin_value:-0.5137296726081428, par:196)
														idx218(Q:0.6570, distinct_name:2, dictinctin_value:0.4860989258104936, par:204)
															idx232(Q:0.6586, distinct_name:1, dictinctin_value:2.2330900660097845, par:218)
																idx244(Q:0.6521, distinct_name:2, dictinctin_value:0.44559578649865966, par:232)
																	idx258(Q:0.6425, distinct_name:2, dictinctin_value:0.32419638005931734, par:244)
																		idx274(Q:0.6396, distinct_name:0, dictinctin_value:-0.5233031664270825, par:258)
																			idx290(Q:0.6398, par:274)
																			idx291(Q:0.6173, par:274)
																		idx275(Q:0.7402, par:258)
																	idx259(Q:0.9001, par:244)
																idx245(Q:0.8923, par:232)
															idx233(Q:0.6349, par:218)
														idx219(Q:0.8415, par:204)
													idx205(Q:0.6639, par:196)
												idx197(Q:0.8789, par:188)
											idx189(Q:0.8530, par:180)
										idx181(Q:0.9930, par:172)
									idx173(Q:1.0000, par:162)
								idx163(Q:1.0990, par:152)
							idx153(Q:0.7365, par:19)
					idx13(Q:0.5844, distinct_name:2, dictinctin_value:1.929601246827043, par:10)
						idx92(Q:0.5727, distinct_name:1, dictinctin_value:1.2557733390904973, par:13)
							idx102(Q:0.5427, distinct_name:2, dictinctin_value:1.4527612583425853, par:92)
								idx112(Q:0.5259, distinct_name:2, dictinctin_value:1.3531114404933846, par:102)
									idx122(Q:0.5249, distinct_name:2, dictinctin_value:1.0639310625609943, par:112)
										idx130(Q:0.5106, distinct_name:2, dictinctin_value:0.8759607452183222, par:122)
											idx136(Q:0.5067, distinct_name:2, dictinctin_value:0.6228991526328211, par:130)
												idx142(Q:0.5005, distinct_name:2, dictinctin_value:0.4885947458466264, par:136)
													idx146(Q:0.4911, distinct_name:1, dictinctin_value:1.1059975491047376, par:142)
														idx148(Q:0.4800, distinct_name:3, dictinctin_value:2.363964647313972, par:146)
															idx154(Q:0.4675, distinct_name:3, dictinctin_value:1.536573712246935, par:148)
																idx164(Q:0.4491, distinct_name:1, dictinctin_value:0.49075596239548774, par:154)
																	idx206(Q:0.4159, distinct_name:3, dictinctin_value:1.525286896575752, par:164)
																		idx220(Q:0.4158, distinct_name:2, dictinctin_value:0.38874536608000104, par:206)
																			idx234(Q:0.4205, par:220)
																			idx235(Q:0.2794, par:220)
																		idx221(Q:0.4195, par:206)
																	idx207(Q:0.6625, par:164)
																idx165(Q:0.5804, par:154)
															idx155(Q:0.7353, par:148)
														idx149(Q:0.7311, par:146)
													idx147(Q:0.6058, par:142)
												idx143(Q:0.5881, par:136)
											idx137(Q:0.5862, par:130)
										idx131(Q:0.7896, par:122)
									idx123(Q:0.5539, par:112)
								idx113(Q:0.8561, par:102)
							idx103(Q:0.9547, par:92)
						idx93(Q:1.0454, par:13)
				idx11(Q:0.3755, distinct_name:3, dictinctin_value:1.284568987543642, par:8)
					idx32(Q:0.3509, distinct_name:3, dictinctin_value:0.5763111575206541, par:11)
						idx40(Q:0.3344, distinct_name:2, dictinctin_value:1.4159847670297276, par:32)
							idx46(Q:0.3258, distinct_name:2, dictinctin_value:0.8764611652526798, par:40)
								idx56(Q:0.3345, distinct_name:2, dictinctin_value:0.6776552612944613, par:46)
									idx64(Q:0.3400, distinct_name:0, dictinctin_value:-0.10007893227380851, par:56)
										idx72(Q:0.3371, distinct_name:2, dictinctin_value:0.481251420222257, par:64)
											idx78(Q:0.3491, distinct_name:2, dictinctin_value:0.43236682950932387, par:72)
												idx84(Q:0.3556, distinct_name:2, dictinctin_value:0.2322739018313544, par:78)
													idx94(Q:0.3791, distinct_name:2, dictinctin_value:0.1692901075380102, par:84)
														idx104(Q:0.3912, distinct_name:2, dictinctin_value:0.044622068949871425, par:94)
															idx114(Q:0.4120, distinct_name:2, dictinctin_value:-0.04421252452423217, par:104)
																idx124(Q:0.4343, distinct_name:2, dictinctin_value:-0.12551407150931976, par:114)
																	idx132(Q:0.4539, distinct_name:2, dictinctin_value:-0.16179863391045127, par:124)
																		idx138(Q:0.4632, distinct_name:2, dictinctin_value:-0.1987692173924826, par:132)
																			idx144(Q:0.4841, par:138)
																			idx145(Q:0.1461, par:138)
																		idx139(Q:0.1770, par:132)
																	idx133(Q:0.1767, par:124)
																idx125(Q:0.1187, par:114)
															idx115(Q:0.1897, par:104)
														idx105(Q:0.1593, par:94)
													idx95(Q:0.1322, par:84)
												idx85(Q:0.1706, par:78)
											idx79(Q:0.1950, par:72)
										idx73(Q:0.3724, par:64)
									idx65(Q:0.2635, par:56)
								idx57(Q:0.2756, par:46)
							idx47(Q:0.4163, par:40)
						idx41(Q:0.4179, distinct_name:3, dictinctin_value:1.2541204520301295, par:32)
							idx246(Q:0.4139, distinct_name:0, dictinctin_value:-0.05401988313827026, par:41)
								idx260(Q:0.4162, distinct_name:2, dictinctin_value:2.0807886731763334, par:246)
									idx276(Q:0.4064, distinct_name:2, dictinctin_value:1.8994422532815647, par:260)
										idx292(Q:0.3976, distinct_name:1, dictinctin_value:1.2716943858922887, par:276)
											idx306(Q:0.3747, par:292)
											idx307(Q:0.7241, par:292)
										idx293(Q:0.8758, par:276)
									idx277(Q:0.9535, par:260)
								idx261(Q:0.1560, par:246)
							idx247(Q:0.5663, par:41)
					idx33(Q:0.5895, par:11)
			idx9(Q:0.3423, distinct_name:1, dictinctin_value:1.4532912275447858, par:6)
				idx14(Q:0.3245, distinct_name:0, dictinctin_value:0.6708677617788001, par:9)
					idx16(Q:0.3379, distinct_name:0, dictinctin_value:0.5219929201544601, par:14)
						idx20(Q:0.3433, distinct_name:0, dictinctin_value:0.38200451643824146, par:16)
							idx26(Q:0.3562, distinct_name:0, dictinctin_value:0.29175973898130836, par:20)
								idx34(Q:0.3571, distinct_name:3, dictinctin_value:1.2405945003824483, par:26)
									idx42(Q:0.3232, distinct_name:2, dictinctin_value:1.6139678071673451, par:34)
										idx48(Q:0.3171, distinct_name:1, dictinctin_value:1.0148453699076618, par:42)
											idx58(Q:0.3049, distinct_name:2, dictinctin_value:0.8422101128546527, par:48)
												idx66(Q:0.3115, distinct_name:2, dictinctin_value:0.5718071591898053, par:58)
													idx74(Q:0.3225, distinct_name:2, dictinctin_value:0.3335199702259944, par:66)
														idx80(Q:0.3513, distinct_name:2, dictinctin_value:0.2585267021680285, par:74)
															idx86(Q:0.3591, distinct_name:2, dictinctin_value:0.13295569297273957, par:80)
																idx96(Q:0.3791, distinct_name:2, dictinctin_value:0.0933394603867821, par:86)
																	idx106(Q:0.3857, distinct_name:2, dictinctin_value:0.047951172568074005, par:96)
																		idx116(Q:0.3938, distinct_name:2, dictinctin_value:-0.0025517231675584334, par:106)
																			idx126(Q:0.4026, par:116)
																			idx127(Q:0.1245, par:116)
																		idx117(Q:0.1691, par:106)
																	idx107(Q:0.1199, par:96)
																idx97(Q:0.1227, par:86)
															idx87(Q:0.1962, par:80)
														idx81(Q:0.1536, par:74)
													idx75(Q:0.1889, par:66)
												idx67(Q:0.2704, par:58)
											idx59(Q:0.4285, par:48)
										idx49(Q:0.4351, par:42)
									idx43(Q:0.5545, par:34)
								idx35(Q:0.3526, distinct_name:1, dictinctin_value:1.344826515865718, par:26)
									idx236(Q:0.3499, distinct_name:3, dictinctin_value:1.6897348587436034, par:35)
										idx248(Q:0.3374, distinct_name:1, dictinctin_value:1.2341402111364463, par:236)
											idx262(Q:0.3395, distinct_name:3, dictinctin_value:1.3356049450605056, par:248)
												idx278(Q:0.3392, distinct_name:2, dictinctin_value:1.6241822054726756, par:262)
													idx294(Q:0.3303, par:278)
													idx295(Q:0.5179, par:278)
												idx279(Q:0.3495, par:262)
											idx263(Q:0.2222, par:248)
										idx249(Q:0.6936, par:236)
									idx237(Q:0.5098, par:35)
							idx27(Q:0.2977, distinct_name:2, dictinctin_value:1.5527241962490086, par:20)
								idx156(Q:0.2925, distinct_name:0, dictinctin_value:0.5137061072990365, par:27)
									idx166(Q:0.2967, distinct_name:0, dictinctin_value:0.5083060291160676, par:156)
										idx174(Q:0.2961, distinct_name:1, dictinctin_value:1.235555391656205, par:166)
											idx182(Q:0.2946, distinct_name:0, dictinctin_value:0.499318407708209, par:174)
												idx190(Q:0.2983, distinct_name:3, dictinctin_value:1.6437138459193195, par:182)
													idx198(Q:0.2928, distinct_name:0, dictinctin_value:0.4978828276393789, par:190)
														idx208(Q:0.2933, distinct_name:2, dictinctin_value:1.3588453420210258, par:198)
															idx222(Q:0.2874, distinct_name:2, dictinctin_value:0.9721483625475897, par:208)
																idx238(Q:0.2883, distinct_name:0, dictinctin_value:0.4972801494332726, par:222)
																	idx250(Q:0.2833, distinct_name:2, dictinctin_value:0.944961054171824, par:238)
																		idx264(Q:0.2891, distinct_name:2, dictinctin_value:0.872803430709856, par:250)
																			idx280(Q:0.2939, par:264)
																			idx281(Q:0.2171, par:264)
																		idx265(Q:0.0703, par:250)
																	idx251(Q:0.5718, par:238)
																idx239(Q:0.2743, par:222)
															idx223(Q:0.4758, par:208)
														idx209(Q:0.2388, par:198)
													idx199(Q:0.5336, par:190)
												idx191(Q:0.2494, par:182)
											idx183(Q:0.3709, par:174)
										idx175(Q:0.3108, par:166)
									idx167(Q:0.2432, par:156)
								idx157(Q:0.5138, par:27)
						idx21(Q:0.3134, distinct_name:1, dictinctin_value:1.3201670622027022, par:16)
							idx150(Q:0.3123, distinct_name:1, dictinctin_value:1.2234607090751204, par:21)
								idx158(Q:0.3126, distinct_name:1, dictinctin_value:1.0226433736171432, par:150)
									idx168(Q:0.3032, distinct_name:0, dictinctin_value:0.6649352976939671, par:158)
										idx176(Q:0.3000, distinct_name:2, dictinctin_value:1.8028367177150562, par:168)
											idx184(Q:0.2998, distinct_name:3, dictinctin_value:1.321083281680176, par:176)
												idx210(Q:0.2811, distinct_name:1, dictinctin_value:0.7493197611500411, par:184)
													idx224(Q:0.2787, distinct_name:2, dictinctin_value:1.1954012588052898, par:210)
														idx266(Q:0.2769, distinct_name:1, dictinctin_value:0.6035401367847275, par:224)
															idx282(Q:0.2835, distinct_name:1, dictinctin_value:0.5166827335099701, par:266)
																idx296(Q:0.2864, distinct_name:0, dictinctin_value:0.663963378246939, par:282)
																	idx308(Q:0.2815, par:296)
																	idx309(Q:0.7765, par:296)
																idx297(Q:0.2084, par:282)
															idx283(Q:0.1398, par:266)
														idx267(Q:0.3004, par:224)
													idx225(Q:0.3026, par:210)
												idx211(Q:0.5249, par:184)
											idx185(Q:0.3046, par:176)
										idx177(Q:0.3835, par:168)
									idx169(Q:0.5192, par:158)
								idx159(Q:0.2851, par:150)
							idx151(Q:0.3573, par:21)
					idx17(Q:0.3100, distinct_name:3, dictinctin_value:0.8871619234739136, par:14)
						idx22(Q:0.2831, distinct_name:1, dictinctin_value:0.895274831679809, par:17)
							idx28(Q:0.2677, distinct_name:3, dictinctin_value:0.4147697243292515, par:22)
								idx36(Q:0.2589, distinct_name:3, dictinctin_value:-0.009439492879810042, par:28)
									idx50(Q:0.2579, distinct_name:0, dictinctin_value:2.3121117874404824, par:36)
										idx52(Q:0.2598, distinct_name:0, dictinctin_value:1.9483716250181808, par:50)
											idx60(Q:0.2628, distinct_name:3, dictinctin_value:-0.018025248765568658, par:52)
												idx68(Q:0.2722, distinct_name:2, dictinctin_value:0.8033765660185509, par:60)
													idx88(Q:0.2757, distinct_name:2, dictinctin_value:0.6003623148969123, par:68)
														idx98(Q:0.2832, distinct_name:2, dictinctin_value:0.5329635912790776, par:88)
															idx108(Q:0.2918, distinct_name:2, dictinctin_value:0.3621996786015208, par:98)
																idx118(Q:0.3056, distinct_name:3, dictinctin_value:-0.05260374571449391, par:108)
																	idx128(Q:0.3087, distinct_name:2, dictinctin_value:0.22149263805201816, par:118)
																		idx134(Q:0.3239, distinct_name:2, dictinctin_value:0.13324256965432388, par:128)
																			idx140(Q:0.3384, par:134)
																			idx141(Q:0.1330, par:134)
																		idx135(Q:0.1426, par:128)
																	idx129(Q:0.2163, par:118)
																idx119(Q:0.1477, par:108)
															idx109(Q:0.1594, par:98)
														idx99(Q:0.1749, par:88)
													idx89(Q:0.2597, par:68)
												idx69(Q:0.1888, par:60)
											idx61(Q:0.1991, par:52)
										idx53(Q:0.1623, par:50)
									idx51(Q:0.2623, distinct_name:0, dictinctin_value:2.2255864685353126, par:36)
										idx268(Q:0.2609, distinct_name:0, dictinctin_value:1.8770234609938123, par:51)
											idx284(Q:0.2645, distinct_name:1, dictinctin_value:0.8208254329434517, par:268)
												idx298(Q:0.2669, distinct_name:0, dictinctin_value:1.7199871451158526, par:284)
													idx310(Q:0.2692, par:298)
													idx311(Q:0.2090, par:298)
												idx299(Q:0.2035, par:284)
											idx285(Q:0.1958, par:268)
										idx269(Q:0.3171, par:51)
								idx37(Q:0.3114, distinct_name:1, dictinctin_value:0.7946772031835798, par:28)
									idx312(Q:0.3025, par:37)
									idx313(Q:0.4600, par:37)
							idx29(Q:0.3838, par:22)
						idx23(Q:0.4572, distinct_name:0, dictinctin_value:2.1444723574903684, par:17)
							idx160(Q:0.4593, distinct_name:0, dictinctin_value:2.133798778100152, par:23)
								idx170(Q:0.4601, distinct_name:2, dictinctin_value:1.564504591409782, par:160)
									idx178(Q:0.4403, distinct_name:2, dictinctin_value:1.4113473869711974, par:170)
										idx186(Q:0.4323, distinct_name:0, dictinctin_value:2.1063540893171067, par:178)
											idx192(Q:0.4333, distinct_name:2, dictinctin_value:1.2195161175228741, par:186)
												idx200(Q:0.4287, distinct_name:0, dictinctin_value:1.9676721667093595, par:192)
													idx212(Q:0.4277, distinct_name:0, dictinctin_value:1.8926417272552991, par:200)
														idx226(Q:0.4310, distinct_name:0, dictinctin_value:1.7713311316515392, par:212)
															idx252(Q:0.4382, distinct_name:1, dictinctin_value:1.3213229930390704, par:226)
																idx270(Q:0.4323, distinct_name:0, dictinctin_value:1.7442155745503336, par:252)
																	idx300(Q:0.4280, par:270)
																	idx301(Q:0.6548, par:270)
																idx271(Q:0.6417, par:252)
															idx253(Q:0.1744, par:226)
														idx227(Q:0.0541, par:212)
													idx213(Q:0.4691, par:200)
												idx201(Q:0.5386, par:192)
											idx193(Q:0.3129, par:186)
										idx187(Q:0.6809, par:178)
									idx179(Q:0.8729, par:170)
								idx171(Q:0.3511, par:160)
							idx161(Q:0.1799, par:23)
				idx15(Q:0.5802, distinct_name:2, dictinctin_value:1.9938158806166744, par:9)
					idx194(Q:0.5735, distinct_name:3, dictinctin_value:2.0149638943737203, par:15)
						idx202(Q:0.5571, distinct_name:3, dictinctin_value:1.626087400144554, par:194)
							idx214(Q:0.5513, distinct_name:1, dictinctin_value:2.6727016574162166, par:202)
								idx228(Q:0.5320, distinct_name:2, dictinctin_value:1.776904010924299, par:214)
									idx240(Q:0.5256, distinct_name:2, dictinctin_value:1.4203463682180766, par:228)
										idx254(Q:0.5115, distinct_name:0, dictinctin_value:2.115573493736756, par:240)
											idx272(Q:0.5098, distinct_name:2, dictinctin_value:1.306259966260203, par:254)
												idx286(Q:0.4992, distinct_name:2, dictinctin_value:1.2529155214914378, par:272)
													idx302(Q:0.4932, distinct_name:2, dictinctin_value:0.808199081795812, par:286)
														idx314(Q:0.4783, par:302)
														idx315(Q:0.8655, par:302)
													idx303(Q:0.8104, par:286)
												idx287(Q:0.7919, par:272)
											idx273(Q:0.6978, par:254)
										idx255(Q:0.9152, par:240)
									idx241(Q:0.9017, par:228)
								idx229(Q:1.0042, par:214)
							idx215(Q:0.7337, par:202)
						idx203(Q:0.9177, par:194)
					idx195(Q:1.0231, par
15)
		idx7(Q:0.5135, par:4)
	idx5(Q:0.2634, par:1)
