WARNING:tensorflow:From /Users/keithwu/opt/anaconda3/envs/auction-gym/lib/python3.10/site-packages/tensorflow/python/compat/v2_compat.py:107: disable_resource_variables (from tensorflow.python.ops.variable_scope) is deprecated and will be removed in a future version.
Instructions for updating:
non-resource variables are not supported in the long term
<_io.TextIOWrapper name='<stderr>' mode='w' encoding='utf-8'> reading from ../UTree_model_numpy/DM/model_boost_linear_qsplit_noabs_save/, starting at 8
<_io.TextIOWrapper name='<stderr>' mode='w' encoding='utf-8'> =============== update starts ===============
(average_diff:0.07091971394212536, max_diff:0.2903708847606128, training_epochs:50, lr:0.05)
<_io.TextIOWrapper name='<stderr>' mode='w' encoding='utf-8'> node index is 38
train linear regression time:  0.04781491681933403
<_io.TextIOWrapper name='<stderr>' mode='w' encoding='utf-8'> variance test passed, diff=0.055231247264865384, d = 1, back=0
<_io.TextIOWrapper name='<stderr>' mode='w' encoding='utf-8'> variance test passed, diff=0.09411295238994842, d = 2, back=0
<_io.TextIOWrapper name='<stderr>' mode='w' encoding='utf-8'> Will be split, p=0.09411295238994842, d=2, back=0
(average_diff:0.05201090239299006, max_diff:0.3280415868667797, training_epochs:50, lr:0.05)
<_io.TextIOWrapper name='<stderr>' mode='w' encoding='utf-8'> node index is 44
train linear regression time:  0.04822604125365615
(average_diff:0.042647206473580924, max_diff:0.1030794949472017, training_epochs:50, lr:0.05)
<_io.TextIOWrapper name='<stderr>' mode='w' encoding='utf-8'> node index is 45
train linear regression time:  0.04694183403626084
(average_diff:0.07065962935321869, max_diff:0.1374759479223469, training_epochs:50, lr:0.05)
<_io.TextIOWrapper name='<stderr>' mode='w' encoding='utf-8'> node index is 39
train linear regression time:  0.04504612507298589
(average_diff:0.06564774417740081, max_diff:0.15707772044269053, training_epochs:50, lr:0.05)
<_io.TextIOWrapper name='<stderr>' mode='w' encoding='utf-8'> node index is 31
train linear regression time:  0.04532033437862992
(average_diff:0.0683876685184457, max_diff:0.14139432836744376, training_epochs:50, lr:0.05)
<_io.TextIOWrapper name='<stderr>' mode='w' encoding='utf-8'> node index is 25
train linear regression time:  0.04631824977695942
(average_diff:0.19129191873187118, max_diff:0.5397343677705919, training_epochs:50, lr:0.05)
<_io.TextIOWrapper name='<stderr>' mode='w' encoding='utf-8'> node index is 19
train linear regression time:  0.048301332630217075
(average_diff:0.17660314648885728, max_diff:0.8231650847086893, training_epochs:50, lr:0.05)
<_io.TextIOWrapper name='<stderr>' mode='w' encoding='utf-8'> node index is 13
train linear regression time:  0.046508749946951866
(average_diff:0.17258039542306022, max_diff:0.5857818343755272, training_epochs:50, lr:0.05)
<_io.TextIOWrapper name='<stderr>' mode='w' encoding='utf-8'> node index is 40
train linear regression time:  0.046589083038270473
<_io.TextIOWrapper name='<stderr>' mode='w' encoding='utf-8'> variance test passed, diff=0.0104752294737459, d = 2, back=0
<_io.TextIOWrapper name='<stderr>' mode='w' encoding='utf-8'> Will be split, p=0.0104752294737459, d=2, back=0
(average_diff:0.14192395167050847, max_diff:0.4563962178540344, training_epochs:50, lr:0.05)
<_io.TextIOWrapper name='<stderr>' mode='w' encoding='utf-8'> node index is 46
train linear regression time:  0.046629125252366066
(average_diff:0.07882068131670693, max_diff:0.15794421181292856, training_epochs:50, lr:0.05)
<_io.TextIOWrapper name='<stderr>' mode='w' encoding='utf-8'> node index is 47
train linear regression time:  0.04592558369040489
(average_diff:0.13027128714744743, max_diff:0.3389039774080834, training_epochs:50, lr:0.05)
<_io.TextIOWrapper name='<stderr>' mode='w' encoding='utf-8'> node index is 41
train linear regression time:  0.04651154112070799
(average_diff:0.0695614038074395, max_diff:0.2015416808249315, training_epochs:50, lr:0.05)
<_io.TextIOWrapper name='<stderr>' mode='w' encoding='utf-8'> node index is 33
train linear regression time:  0.04554404178634286
(average_diff:0.20624707519886418, max_diff:0.7143069478536872, training_epochs:50, lr:0.05)
<_io.TextIOWrapper name='<stderr>' mode='w' encoding='utf-8'> node index is 42
train linear regression time:  0.0469689997844398
<_io.TextIOWrapper name='<stderr>' mode='w' encoding='utf-8'> variance test passed, diff=0.011465834884485354, d = 0, back=0
<_io.TextIOWrapper name='<stderr>' mode='w' encoding='utf-8'> variance test passed, diff=0.014272977415186905, d = 1, back=0
<_io.TextIOWrapper name='<stderr>' mode='w' encoding='utf-8'> variance test passed, diff=0.03902639799096426, d = 2, back=0
<_io.TextIOWrapper name='<stderr>' mode='w' encoding='utf-8'> Will be split, p=0.03902639799096426, d=2, back=0
(average_diff:0.1569523680346098, max_diff:0.898171996874798, training_epochs:50, lr:0.05)
<_io.TextIOWrapper name='<stderr>' mode='w' encoding='utf-8'> node index is 48
train linear regression time:  0.04661954194307327
(average_diff:0.10449770486132612, max_diff:0.16427778590103875, training_epochs:50, lr:0.05)
<_io.TextIOWrapper name='<stderr>' mode='w' encoding='utf-8'> node index is 49
train linear regression time:  0.045715125277638435
(average_diff:0.12959329478563397, max_diff:0.3469134463264469, training_epochs:50, lr:0.05)
<_io.TextIOWrapper name='<stderr>' mode='w' encoding='utf-8'> node index is 43
train linear regression time:  0.0452162497676909
(average_diff:0.19174052330098748, max_diff:0.5859198876828029, training_epochs:50, lr:0.05)
<_io.TextIOWrapper name='<stderr>' mode='w' encoding='utf-8'> node index is 35
train linear regression time:  0.045114375185221434
(average_diff:0.12372374583830145, max_diff:0.434897497193235, training_epochs:50, lr:0.05)
<_io.TextIOWrapper name='<stderr>' mode='w' encoding='utf-8'> node index is 27
train linear regression time:  0.047433583065867424
(average_diff:0.13982576528870524, max_diff:0.5671368518200062, training_epochs:50, lr:0.05)
<_io.TextIOWrapper name='<stderr>' mode='w' encoding='utf-8'> node index is 21
train linear regression time:  0.04855266725644469
(average_diff:0.13925408361265385, max_diff:0.8255919752893704, training_epochs:50, lr:0.05)
<_io.TextIOWrapper name='<stderr>' mode='w' encoding='utf-8'> node index is 36
train linear regression time:  0.04651175020262599
<_io.TextIOWrapper name='<stderr>' mode='w' encoding='utf-8'> variance test passed, diff=0.015598067801185441, d = 1, back=0
<_io.TextIOWrapper name='<stderr>' mode='w' encoding='utf-8'> variance test passed, diff=0.017651316591060534, d = 3, back=0
<_io.TextIOWrapper name='<stderr>' mode='w' encoding='utf-8'> Will be split, p=0.017651316591060534, d=3, back=0
(average_diff:0.14518407705596537, max_diff:0.8589285509597949, training_epochs:50, lr:0.05)
<_io.TextIOWrapper name='<stderr>' mode='w' encoding='utf-8'> node index is 50
train linear regression time:  0.048722167033702135
<_io.TextIOWrapper name='<stderr>' mode='w' encoding='utf-8'> variance test passed, diff=0.04999536968462439, d = 0, back=0
<_io.TextIOWrapper name='<stderr>' mode='w' encoding='utf-8'> Will be split, p=0.04999536968462439, d=0, back=0
(average_diff:0.14461514281205756, max_diff:0.8192891160091, training_epochs:50, lr:0.05)
<_io.TextIOWrapper name='<stderr>' mode='w' encoding='utf-8'> node index is 52
train linear regression time:  0.04626829223707318
(average_diff:0.0, max_diff:0.0, training_epochs:50, lr:0.05)
<_io.TextIOWrapper name='<stderr>' mode='w' encoding='utf-8'> node index is 53
train linear regression time:  0.0444778329692781
(average_diff:0.10711734781959609, max_diff:0.3390150043923034, training_epochs:50, lr:0.05)
<_io.TextIOWrapper name='<stderr>' mode='w' encoding='utf-8'> node index is 51
train linear regression time:  0.045987708028405905
(average_diff:0.19583868148381348, max_diff:0.5819646361310311, training_epochs:50, lr:0.05)
<_io.TextIOWrapper name='<stderr>' mode='w' encoding='utf-8'> node index is 37
train linear regression time:  0.04737429181113839
(average_diff:0.17126119446893467, max_diff:0.49258912184242243, training_epochs:50, lr:0.05)
<_io.TextIOWrapper name='<stderr>' mode='w' encoding='utf-8'> node index is 29
train linear regression time:  0.045377083122730255
(average_diff:0.20380574644608643, max_diff:0.6967066659841826, training_epochs:50, lr:0.05)
<_io.TextIOWrapper name='<stderr>' mode='w' encoding='utf-8'> node index is 23
train linear regression time:  0.04539387486875057
(average_diff:0.1414100280386748, max_diff:0.36963537145058123, training_epochs:50, lr:0.05)
<_io.TextIOWrapper name='<stderr>' mode='w' encoding='utf-8'> node index is 15
train linear regression time:  0.04563433304429054
(average_diff:7.228993349345236e-07, max_diff:8.707403433561023e-07, training_epochs:50, lr:0.05)
<_io.TextIOWrapper name='<stderr>' mode='w' encoding='utf-8'> node index is 7
train linear regression time:  0.045814457815140486
(average_diff:0.009404984954872034, max_diff:0.01765912072130893, training_epochs:50, lr:0.05)
<_io.TextIOWrapper name='<stderr>' mode='w' encoding='utf-8'> node index is 5
train linear regression time:  0.04612679220736027
testFringe time:  1.454058500006795
<_io.TextIOWrapper name='<stderr>' mode='w' encoding='utf-8'> =============== update finished ===============

*** Writing Game File 9***

<_io.TextIOWrapper name='../print_tree_record_numpy/print_DM_boost_linear_tree_split.txt' mode='w' encoding='UTF-8'> idx1(Q:0.4085, distinct_name:0, dictinctin_value:2.569683891588169, par:None)
	idx4(Q:0.4091, distinct_name:0, dictinctin_value:2.507749956207568, par:1)
		idx6(Q:0.4082, distinct_name:0, dictinctin_value:-0.050698982385153205, par:4)
			idx8(Q:0.4802, distinct_name:0, dictinctin_value:-0.5002368440471089, par:6)
				idx10(Q:0.5298, distinct_name:3, dictinctin_value:0.7373220788164561, par:8)
					idx12(Q:0.5134, distinct_name:1, dictinctin_value:0.8498558206992594, par:10)
						idx18(Q:0.4577, distinct_name:2, dictinctin_value:0.8559921607301466, par:12)
							idx24(Q:0.4602, distinct_name:0, dictinctin_value:-0.5901212893723445, par:18)
								idx30(Q:0.4747, distinct_name:2, dictinctin_value:0.5095422779981766, par:24)
									idx38(Q:0.4922, distinct_name:2, dictinctin_value:0.24909091887867726, par:30)
										idx44(Q:0.5336, par:38)
										idx45(Q:0.1473, par:38)
									idx39(Q:0.3536, par:30)
								idx31(Q:0.2830, par:24)
							idx25(Q:0.4450, par:18)
						idx19(Q:0.7142, par:12)
					idx13(Q:0.5890, par:10)
				idx11(Q:0.3893, distinct_name:3, dictinctin_value:1.284568987543642, par:8)
					idx32(Q:0.3668, distinct_name:3, dictinctin_value:0.5763111575206541, par:11)
						idx40(Q:0.3591, distinct_name:2, dictinctin_value:1.4159847670297276, par:32)
							idx46(Q:0.3540, par:40)
							idx47(Q:0.4010, par:40)
						idx41(Q:0.4082, par:32)
					idx33(Q:0.5882, par:11)
			idx9(Q:0.3458, distinct_name:1, dictinctin_value:1.4532912275447858, par:6)
				idx14(Q:0.3337, distinct_name:0, dictinctin_value:0.6708677617788001, par:9)
					idx16(Q:0.3349, distinct_name:0, dictinctin_value:0.5219929201544601, par:14)
						idx20(Q:0.3483, distinct_name:0, dictinctin_value:0.38200451643824146, par:16)
							idx26(Q:0.3651, distinct_name:0, dictinctin_value:0.29175973898130836, par:20)
								idx34(Q:0.3808, distinct_name:3, dictinctin_value:1.2405945003824483, par:26)
									idx42(Q:0.3635, distinct_name:2, dictinctin_value:1.6139678071673451, par:34)
										idx48(Q:0.3521, par:42)
										idx49(Q:0.5059, par:42)
									idx43(Q:0.4906, par:34)
								idx35(Q:0.2948, par:26)
							idx27(Q:0.2680, par:20)
						idx21(Q:0.2899, par:16)
					idx17(Q:0.3323, distinct_name:3, dictinctin_value:0.8871619234739136, par:14)
						idx22(Q:0.3009, distinct_name:1, dictinctin_value:0.895274831679809, par:17)
							idx28(Q:0.2721, distinct_name:3, dictinctin_value:0.4147697243292515, par:22)
								idx36(Q:0.2501, distinct_name:3, dictinctin_value:-0.009439492879810042, par:28)
									idx50(Q:0.2497, distinct_name:0, dictinctin_value:2.3121117874404824, par:36)
										idx52(Q:0.2497, par:50)
										idx53(Q:0.2505, par:50)
									idx51(Q:0.2515, par:36)
								idx37(Q:0.4223, par:28)
							idx29(Q:0.4658, par:22)
						idx23(Q:0.4665, par:17)
				idx15(Q:0.5443, par:9)
		idx7(Q:0.6670, par:4)
	idx5(Q:0.3571, par:1)

