WARNING:tensorflow:From /Users/keithwu/opt/anaconda3/envs/auction-gym/lib/python3.10/site-packages/tensorflow/python/compat/v2_compat.py:107: disable_resource_variables (from tensorflow.python.ops.variable_scope) is deprecated and will be removed in a future version.
Instructions for updating:
non-resource variables are not supported in the long term
<_io.TextIOWrapper name='<stderr>' mode='w' encoding='utf-8'> reading from ../UTree_model_numpy/DM/model_boost_linear_qsplit_noabs_save/, starting at 17
<_io.TextIOWrapper name='<stderr>' mode='w' encoding='utf-8'> =============== update starts ===============
(average_diff:0.03565656137748631, max_diff:0.506147677214212, training_epochs:50, lr:0.05)
<_io.TextIOWrapper name='<stderr>' mode='w' encoding='utf-8'> node index is 110
train linear regression time:  0.05520991701632738
<_io.TextIOWrapper name='<stderr>' mode='w' encoding='utf-8'> variance test passed, diff=0.02179884886245973, d = 1, back=0
<_io.TextIOWrapper name='<stderr>' mode='w' encoding='utf-8'> variance test passed, diff=0.06799772597935694, d = 2, back=0
<_io.TextIOWrapper name='<stderr>' mode='w' encoding='utf-8'> Will be split, p=0.06799772597935694, d=2, back=0
(average_diff:0.00607808238594576, max_diff:0.009027318678672236, training_epochs:50, lr:0.05)
<_io.TextIOWrapper name='<stderr>' mode='w' encoding='utf-8'> node index is 111
train linear regression time:  0.04502633307129145
(average_diff:0.0014476874380097888, max_diff:0.0020516433854050886, training_epochs:50, lr:0.05)
<_io.TextIOWrapper name='<stderr>' mode='w' encoding='utf-8'> node index is 101
train linear regression time:  0.04828554159030318
(average_diff:0.0026121267303991363, max_diff:0.004401692870420915, training_epochs:50, lr:0.05)
<_io.TextIOWrapper name='<stderr>' mode='w' encoding='utf-8'> node index is 91
train linear regression time:  0.04625883372500539
(average_diff:0.0019119281211018553, max_diff:0.004989417770806637, training_epochs:50, lr:0.05)
<_io.TextIOWrapper name='<stderr>' mode='w' encoding='utf-8'> node index is 83
train linear regression time:  0.046420084312558174
(average_diff:0.03357365849202652, max_diff:0.08935672296528463, training_epochs:50, lr:0.05)
<_io.TextIOWrapper name='<stderr>' mode='w' encoding='utf-8'> node index is 77
train linear regression time:  0.04596554208546877
(average_diff:0.025011853790320504, max_diff:0.08013807094761571, training_epochs:50, lr:0.05)
<_io.TextIOWrapper name='<stderr>' mode='w' encoding='utf-8'> node index is 71
train linear regression time:  0.04807929089292884
(average_diff:0.04835659894212986, max_diff:0.15507168853770487, training_epochs:50, lr:0.05)
<_io.TextIOWrapper name='<stderr>' mode='w' encoding='utf-8'> node index is 63
train linear regression time:  0.04578066663816571
(average_diff:0.07252685130204166, max_diff:0.17466559334195073, training_epochs:50, lr:0.05)
<_io.TextIOWrapper name='<stderr>' mode='w' encoding='utf-8'> node index is 55
train linear regression time:  0.045632416382431984
(average_diff:0.06898706869863207, max_diff:0.19891591160156927, training_epochs:50, lr:0.05)
<_io.TextIOWrapper name='<stderr>' mode='w' encoding='utf-8'> node index is 45
train linear regression time:  0.046311791986227036
(average_diff:0.06247687351111886, max_diff:0.17450736251817667, training_epochs:50, lr:0.05)
<_io.TextIOWrapper name='<stderr>' mode='w' encoding='utf-8'> node index is 39
train linear regression time:  0.045532166957855225
(average_diff:0.09717173497551544, max_diff:0.20795315653034435, training_epochs:50, lr:0.05)
<_io.TextIOWrapper name='<stderr>' mode='w' encoding='utf-8'> node index is 31
train linear regression time:  0.04802995780482888
(average_diff:0.07404754391129005, max_diff:0.3598238931817806, training_epochs:50, lr:0.05)
<_io.TextIOWrapper name='<stderr>' mode='w' encoding='utf-8'> node index is 25
train linear regression time:  0.046522415708750486
(average_diff:0.17596169954914426, max_diff:0.5963003969446239, training_epochs:50, lr:0.05)
<_io.TextIOWrapper name='<stderr>' mode='w' encoding='utf-8'> node index is 19
train linear regression time:  0.04659433290362358
(average_diff:0.17984638593126706, max_diff:0.7842542071893212, training_epochs:50, lr:0.05)
<_io.TextIOWrapper name='<stderr>' mode='w' encoding='utf-8'> node index is 112
train linear regression time:  0.04723654082044959
<_io.TextIOWrapper name='<stderr>' mode='w' encoding='utf-8'> variance test passed, diff=0.06182400484771035, d = 2, back=0
<_io.TextIOWrapper name='<stderr>' mode='w' encoding='utf-8'> Will be split, p=0.06182400484771035, d=2, back=0
(average_diff:0.17770495407470524, max_diff:0.746246785898026, training_epochs:50, lr:0.05)
<_io.TextIOWrapper name='<stderr>' mode='w' encoding='utf-8'> node index is 122
train linear regression time:  0.04658862529322505
(average_diff:0.038689748782679695, max_diff:0.04289781588810926, training_epochs:50, lr:0.05)
<_io.TextIOWrapper name='<stderr>' mode='w' encoding='utf-8'> node index is 123
train linear regression time:  0.04787408420816064
(average_diff:0.028002101076998385, max_diff:0.05030301394670322, training_epochs:50, lr:0.05)
<_io.TextIOWrapper name='<stderr>' mode='w' encoding='utf-8'> node index is 113
train linear regression time:  0.045665291137993336
(average_diff:0.030699529572110033, max_diff:0.05437030843947732, training_epochs:50, lr:0.05)
<_io.TextIOWrapper name='<stderr>' mode='w' encoding='utf-8'> node index is 103
train linear regression time:  0.04577249987050891
(average_diff:0.037218150846085596, max_diff:0.06272224045025343, training_epochs:50, lr:0.05)
<_io.TextIOWrapper name='<stderr>' mode='w' encoding='utf-8'> node index is 93
train linear regression time:  0.04474449995905161
(average_diff:0.04391128986382854, max_diff:0.3019799606776507, training_epochs:50, lr:0.05)
<_io.TextIOWrapper name='<stderr>' mode='w' encoding='utf-8'> node index is 114
train linear regression time:  0.04742912482470274
<_io.TextIOWrapper name='<stderr>' mode='w' encoding='utf-8'> variance test passed, diff=0.023958735328724327, d = 0, back=0
<_io.TextIOWrapper name='<stderr>' mode='w' encoding='utf-8'> variance test passed, diff=0.07520181402378602, d = 2, back=0
<_io.TextIOWrapper name='<stderr>' mode='w' encoding='utf-8'> Will be split, p=0.07520181402378602, d=2, back=0
(average_diff:0.04128949766373216, max_diff:0.3047573895602016, training_epochs:50, lr:0.05)
<_io.TextIOWrapper name='<stderr>' mode='w' encoding='utf-8'> node index is 124
train linear regression time:  0.046915499959141016
(average_diff:0.023251579058028465, max_diff:0.05729466711788701, training_epochs:50, lr:0.05)
<_io.TextIOWrapper name='<stderr>' mode='w' encoding='utf-8'> node index is 125
train linear regression time:  0.046945708338171244
(average_diff:0.05699466185173241, max_diff:0.10582593524050903, training_epochs:50, lr:0.05)
<_io.TextIOWrapper name='<stderr>' mode='w' encoding='utf-8'> node index is 115
train linear regression time:  0.046995250042527914
(average_diff:0.05801238250095549, max_diff:0.11689158344283122, training_epochs:50, lr:0.05)
<_io.TextIOWrapper name='<stderr>' mode='w' encoding='utf-8'> node index is 105
train linear regression time:  0.046267999801784754
(average_diff:0.05321718530085331, max_diff:0.14031725405455686, training_epochs:50, lr:0.05)
<_io.TextIOWrapper name='<stderr>' mode='w' encoding='utf-8'> node index is 95
train linear regression time:  0.04673366667702794
(average_diff:0.06031456199770758, max_diff:0.1007847812692802, training_epochs:50, lr:0.05)
<_io.TextIOWrapper name='<stderr>' mode='w' encoding='utf-8'> node index is 85
train linear regression time:  0.04718695906922221
(average_diff:0.050299793112061536, max_diff:0.12650707131733957, training_epochs:50, lr:0.05)
<_io.TextIOWrapper name='<stderr>' mode='w' encoding='utf-8'> node index is 79
train linear regression time:  0.046359708067029715
(average_diff:0.10908059192761849, max_diff:0.38078199824835435, training_epochs:50, lr:0.05)
<_io.TextIOWrapper name='<stderr>' mode='w' encoding='utf-8'> node index is 73
train linear regression time:  0.04590008268132806
(average_diff:0.12248369590773897, max_diff:0.3062953096559007, training_epochs:50, lr:0.05)
<_io.TextIOWrapper name='<stderr>' mode='w' encoding='utf-8'> node index is 65
train linear regression time:  0.04782787477597594
(average_diff:0.10330443251690065, max_diff:0.3047326529200787, training_epochs:50, lr:0.05)
<_io.TextIOWrapper name='<stderr>' mode='w' encoding='utf-8'> node index is 57
train linear regression time:  0.045884542167(avera(average_diff:0.06936326664516393, max_diff:0.2110164339496336, training_epochs:50, lr:0.05)
<_io.TextIOWrapper name='<stderr>' mode='w' encoding='utf-8'> node index is 47
train linear regression time:  0.04976887535303831
(average_diff:0.17642999455801212, max_diff:0.5520275562288902, training_epochs:50, lr:0.05)
<_io.TextIOWrapper name='<stderr>' mode='w' encoding='utf-8'> node index is 41
train linear regression time:  0.047417915891855955
(average_diff:0.16295531723102394, max_diff:0.5795490916953707, training_epochs:50, lr:0.05)
<_io.TextIOWrapper name='<stderr>' mode='w' encoding='utf-8'> node index is 33
train linear regression time:  0.04607887472957373
(average_diff:0.05452585402014243, max_diff:0.2534069128844236, training_epochs:50, lr:0.05)
<_io.TextIOWrapper name='<stderr>' mode='w' encoding='utf-8'> node index is 116
train linear regression time:  0.04674858273938298
<_io.TextIOWrapper name='<stderr>' mode='w' encoding='utf-8'> variance test passed, diff=0.04489880535464416, d = 1, back=0
<_io.TextIOWrapper name='<stderr>' mode='w' encoding='utf-8'> variance test passed, diff=0.093617278370863, d = 2, back=0
<_io.TextIOWrapper name='<stderr>' mode='w' encoding='utf-8'> Will be split, p=0.093617278370863, d=2, back=0
(average_diff:0.033065146209507616, max_diff:0.048741197500647426, training_epochs:50, lr:0.05)
<_io.TextIOWrapper name='<stderr>' mode='w' encoding='utf-8'> node index is 117
train linear regression time:  0.048342708963900805
(average_diff:0.02319672473862202, max_diff:0.04742485461073122, training_epochs:50, lr:0.05)
<_io.TextIOWrapper name='<stderr>' mode='w' encoding='utf-8'> node index is 107
train linear regression time:  0.045643209014087915
(average_diff:0.02731595092887744, max_diff:0.055120893560328385, training_epochs:50, lr:0.05)
<_io.TextIOWrapper name='<stderr>' mode='w' encoding='utf-8'> node index is 97
train linear regression time:  0.04753295797854662
(average_diff:0.046503354542296205, max_diff:0.09401967555517549, training_epochs:50, lr:0.05)
<_io.TextIOWrapper name='<stderr>' mode='w' encoding='utf-8'> node index is 87
train linear regression time:  0.04652333306148648
(average_diff:0.05906505231795467, max_diff:0.11372297920116575, training_epochs:50, lr:0.05)
<_io.TextIOWrapper name='<stderr>' mode='w' encoding='utf-8'> node index is 81
train linear regression time:  0.04638441698625684
(average_diff:0.062087687413558364, max_diff:0.1180416866627585, training_epochs:50, lr:0.05)
<_io.TextIOWrapper name='<stderr>' mode='w' encoding='utf-8'> node index is 75
train linear regression time:  0.04402683302760124
(average_diff:0.09037658390189211, max_diff:0.326791744061959, training_epochs:50, lr:0.05)
<_io.TextIOWrapper name='<stderr>' mode='w' encoding='utf-8'> node index is 67
train linear regression time:  0.04605141608044505
(average_diff:0.1678415403934414, max_diff:0.48616438467464085, training_epochs:50, lr:0.05)
<_io.TextIOWrapper name='<stderr>' mode='w' encoding='utf-8'> node index is 59
train linear regression time:  0.0461065829731524
(average_diff:0.1145833125226312, max_diff:0.26316033224663327, training_epochs:50, lr:0.05)
<_io.TextIOWrapper name='<stderr>' mode='w' encoding='utf-8'> node index is 49
train linear regression time:  0.047195374965667725
(average_diff:0.16675834179809113, max_diff:0.5272086092780266, training_epochs:50, lr:0.05)
<_io.TextIOWrapper name='<stderr>' mode='w' encoding='utf-8'> node index is 43
train linear regression time:  0.04648683313280344
(average_diff:0.19548246363724087, max_diff:0.5926491414599923, training_epochs:50, lr:0.05)
<_io.TextIOWrapper name='<stderr>' mode='w' encoding='utf-8'> node index is 35
train linear regression time:  0.04651133390143514
(average_diff:0.1395139379978384, max_diff:0.60186573880793, training_epochs:50, lr:0.05)
<_io.TextIOWrapper name='<stderr>' mode='w' encoding='utf-8'> node index is 27
train linear regression time:  0.046870541758835316
(average_diff:0.1634453834341474, max_diff:0.5977584826669563, training_epochs:50, lr:0.05)
<_io.TextIOWrapper name='<stderr>' mode='w' encoding='utf-8'> node index is 21
train linear regression time:  0.046598332934081554
(average_diff:0.0928592740306698, max_diff:0.3242353918910834, training_epochs:50, lr:0.05)
<_io.TextIOWrapper name='<stderr>' mode='w' encoding='utf-8'> node index is 118
train linear regression time:  0.047601290978491306
<_io.TextIOWrapper name='<stderr>' mode='w' encoding='utf-8'> variance test passed, diff=0.0664882503899318, d = 2, back=0
<_io.TextIOWrapper name='<stderr>' mode='w' encoding='utf-8'> variance test passed, diff=0.069286332231805, d = 3, back=0
<_io.TextIOWrapper name='<stderr>' mode='w' encoding='utf-8'> Will be split, p=0.069286332231805, d=3, back=0
(average_diff:0.09170227763686623, max_diff:0.34292410049396815, training_epochs:50, lr:0.05)
<_io.TextIOWrapper name='<stderr>' mode='w' encoding='utf-8'> node index is 128
train linear regression time:  0.04749216604977846
(average_diff:0.032180002268036384, max_diff:0.03984449890930081, training_epochs:50, lr:0.05)
<_io.TextIOWrapper name='<stderr>' mode='w' encoding='utf-8'> node index is 129
train linear regression time:  0.04556479211896658
(average_diff:0.014617071442715844, max_diff:0.0325901023401306, training_epochs:50, lr:0.05)
<_io.TextIOWrapper name='<stderr>' mode='w' encoding='utf-8'> node index is 119
train linear regression time:  0.046664458233863115
(average_diff:0.045490997754475515, max_diff:0.07760942375460124, training_epochs:50, lr:0.05)
<_io.TextIOWrapper name='<stderr>' mode='w' encoding='utf-8'> node index is 109
train linear regression time:  0.04639562498778105
(average_diff:0.045260803070312945, max_diff:0.1640140561406171, training_epochs:50, lr:0.05)
<_io.TextIOWrapper name='<stderr>' mode='w' encoding='utf-8'> node index is 99
train linear regression time:  0.046958459075540304
(average_diff:0.09001874993139265, max_diff:0.269864411869537, training_epochs:50, lr:0.05)
<_io.TextIOWrapper name='<stderr>' mode='w' encoding='utf-8'> node index is 89
train linear regression time:  0.04722399963065982
(average_diff:0.0008068598131928735, max_diff:0.008462787928776291, training_epochs:50, lr:0.05)
<_io.TextIOWrapper name='<stderr>' mode='w' encoding='utf-8'> node index is 69
train linear regression time:  0.04679220914840698
(average_diff:0.04106285102350781, max_diff:0.07217999819734733, training_epochs:50, lr:0.05)
<_io.TextIOWrapper name='<stderr>' mode='w' encoding='utf-8'> node index is 61
train linear regression time:  0.04695070767775178
(average_diff:0.019060123231746478, max_diff:0.028619865537168165, training_epochs:50, lr:0.05)
<_io.TextIOWrapper name='<stderr>' mode='w' encoding='utf-8'> node index is 53
train linear regression time:  0.04639504197984934
(average_diff:0.11382149539279443, max_diff:0.3442587657801412, training_epochs:50, lr:0.05)
<_io.TextIOWrapper name='<stderr>' mode='w' encoding='utf-8'> node index is 51
train linear regression time:  0.04645241657271981
(average_diff:0.17693578890340228, max_diff:0.6925291974821657, training_epochs:50, lr:0.05)
<_io.TextIOWrapper name='<stderr>' mode='w' encoding='utf-8'> node index is 37
train linear regression time:  0.04632799979299307
(average_diff:0.17596014838947915, max_diff:0.6254965110453455, training_epochs:50, lr:0.05)
<_io.TextIOWrapper name='<stderr>' mode='w' encoding='utf-8'> node index is 29
train linear regression time:  0.04652241710573435
(average_diff:0.18792781435117303, max_diff:0.7986729347493611, training_epochs:50, lr:0.05)
<_io.TextIOWrapper name='<stderr>' mode='w' encoding='utf-8'> node index is 23
train linear regression time:  0.046591083984822035
(average_diff:0.17154814022086248, max_diff:0.6114166817507322, training_epochs:50, lr:0.05)
<_io.TextIOWrapper name='<stderr>' mode='w' encoding='utf-8'> node index is 15
train linear regression time:  0.046388208866119385
(average_diff:2.373101715136272e-15, max_diff:2.7478019859472624e-15, training_epochs:50, lr:0.05)
<_io.TextIOWrapper name='<stderr>' mode='w' encoding='utf-8'> node index is 7
train linear regression time:  0.04696695879101753
(average_diff:0.08819151196974936, max_diff:0.260133720474959, training_epochs:50, lr:0.05)
<_io.TextIOWrapper name='<stderr>' mode='w' encoding='utf-8'> node index is 5
train linear regression time:  0.04818395804613829
testFringe time:  3.075154958292842
<_io.TextIOWrapper name='<stderr>' mode='w' encoding='utf-8'> =============== update finished ===============

*** Writing Game File 18***

<_io.TextIOWrapper name='../print_tree_record_numpy/print_DM_boost_linear_tree_split.txt' mode='w' encoding='UTF-8'> idx1(Q:0.4045, distinct_name:0, dictinctin_value:2.569683891588169, par:None)
	idx4(Q:0.4052, distinct_name:0, dictinctin_value:2.507749956207568, par:1)
		idx6(Q:0.4048, distinct_name:0, dictinctin_value:-0.050698982385153205, par:4)
			idx8(Q:0.4679, distinct_name:0, dictinctin_value:-0.5002368440471089, par:6)
				idx10(Q:0.5300, distinct_name:3, dictinctin_value:0.7373220788164561, par:8)
					idx12(Q:0.5096, distinct_name:1, dictinctin_value:0.8498558206992594, par:10)
						idx18(Q:0.4504, distinct_name:2, dictinctin_value:0.8559921607301466, par:12)
							idx24(Q:0.4550, distinct_name:0, dictinctin_value:-0.5901212893723445, par:18)
								idx30(Q:0.4619, distinct_name:2, dictinctin_value:0.5095422779981766, par:24)
									idx38(Q:0.4795, distinct_name:2, dictinctin_value:0.24909091887867726, par:30)
										idx44(Q:0.5103, distinct_name:2, dictinctin_value:-0.06052347242753761, par:38)
											idx54(Q:0.5508, distinct_name:2, dictinctin_value:-0.16873413911779458, par:44)
												idx62(Q:0.5805, distinct_name:2, dictinctin_value:-0.3117760123070312, par:54)
													idx70(Q:0.6138, distinct_name:2, dictinctin_value:-0.36929151673896154, par:62)
														idx76(Q:0.6423, distinct_name:2, dictinctin_value:-0.4513587540231024, par:70)
															idx82(Q:0.6767, distinct_name:2, dictinctin_value:-0.49926091712096626, par:76)
																idx90(Q:0.6886, distinct_name:2, dictinctin_value:-0.5261921216626007, par:82)
																	idx100(Q:0.6985, distinct_name:2, dictinctin_value:-0.5682634996789567, par:90)
																		idx110(Q:0.7114, distinct_name:2, dictinctin_value:-0.576514535000767, par:100)
																			idx120(Q:0.7239, par:110)
																			idx121(Q:0.4001, par:110)
																		idx111(Q:0.3630, par:100)
																	idx101(Q:0.3316, par:90)
																idx91(Q:0.3462, par:82)
															idx83(Q:0.2823, par:76)
														idx77(Q:0.2881, par:70)
													idx71(Q:0.2758, par:62)
												idx63(Q:0.2291, par:54)
											idx55(Q:0.2221, par:44)
										idx45(Q:0.2330, par:38)
									idx39(Q:0.3418, par:30)
								idx31(Q:0.3876, par:24)
							idx25(Q:0.4275, par:18)
						idx19(Q:0.7399, par:12)
					idx13(Q:0.5962, distinct_name:2, dictinctin_value:1.929601246827043, par:10)
						idx92(Q:0.5835, distinct_name:1, dictinctin_value:1.2557733390904973, par:13)
							idx102(Q:0.5505, distinct_name:2, dictinctin_value:1.4527612583425853, par:92)
								idx112(Q:0.5265, distinct_name:2, dictinctin_value:1.3531114404933846, par:102)
									idx122(Q:0.5191, par:112)
									idx123(Q:0.7132, par:112)
								idx113(Q:0.9065, par:102)
							idx103(Q:0.9167, par:92)
						idx93(Q:1.1123, par:13)
				idx11(Q:0.3600, distinct_name:3, dictinctin_value:1.284568987543642, par:8)
					idx32(Q:0.3407, distinct_name:3, dictinctin_value:0.5763111575206541, par:11)
						idx40(Q:0.3269, distinct_name:2, dictinctin_value:1.4159847670297276, par:32)
							idx46(Q:0.3182, distinct_name:2, dictinctin_value:0.8764611652526798, par:40)
								idx56(Q:0.3279, distinct_name:2, dictinctin_value:0.6776552612944613, par:46)
									idx64(Q:0.3306, distinct_name:0, dictinctin_value:-0.10007893227380851, par:56)
										idx72(Q:0.3308, distinct_name:2, dictinctin_value:0.481251420222257, par:64)
											idx78(Q:0.3373, distinct_name:2, dictinctin_value:0.43236682950932387, par:72)
												idx84(Q:0.3475, distinct_name:2, dictinctin_value:0.2322739018313544, par:78)
													idx94(Q:0.3668, distinct_name:2, dictinctin_value:0.1692901075380102, par:84)
														idx104(Q:0.3792, distinct_name:2, dictinctin_value:0.044622068949871425, par:94)
															idx114(Q:0.3976, distinct_name:2, dictinctin_value:-0.04421252452423217, par:104)
																idx124(Q:0.4257, par:114)
																idx125(Q:0.1158, par:114)
															idx115(Q:0.1551, par:104)
														idx105(Q:0.1560, par:94)
													idx95(Q:0.1450, par:84)
												idx85(Q:0.1601, par:78)
											idx79(Q:0.2252, par:72)
										idx73(Q:0.3277, par:64)
									idx65(Q:0.2880, par:56)
								idx57(Q:0.2525, par:46)
							idx47(Q:0.3972, par:40)
						idx41(Q:0.4013, par:32)
					idx33(Q:0.5753, par:11)
			idx9(Q:0.3503, distinct_name:1, dictinctin_value:1.4532912275447858, par:6)
				idx14(Q:0.3310, distinct_name:0, dictinctin_value:0.6708677617788001, par:9)
					idx16(Q:0.3438, distinct_name:0, dictinctin_value:0.5219929201544601, par:14)
						idx20(Q:0.3510, distinct_name:0, dictinctin_value:0.38200451643824146, par:16)
							idx26(Q:0.3640, distinct_name:0, dictinctin_value:0.29175973898130836, par:20)
								idx34(Q:0.3772, distinct_name:3, dictinctin_value:1.2405945003824483, par:26)
									idx42(Q:0.3507, distinct_name:2, dictinctin_value:1.6139678071673451, par:34)
										idx48(Q:0.3433, distinct_name:1, dictinctin_value:1.0148453699076618, par:42)
											idx58(Q:0.3346, distinct_name:2, dictinctin_value:0.8422101128546527, par:48)
												idx66(Q:0.3472, distinct_name:2, dictinctin_value:0.5718071591898053, par:58)
													idx74(Q:0.3560, distinct_name:2, dictinctin_value:0.3335199702259944, par:66)
														idx80(Q:0.3806, distinct_name:2, dictinctin_value:0.2585267021680285, par:74)
															idx86(Q:0.3925, distinct_name:2, dictinctin_value:0.13295569297273957, par:80)
																idx96(Q:0.4111, distinct_name:2, dictinctin_value:0.0933394603867821, par:86)
																	idx106(Q:0.4220, distinct_name:2, dictinctin_value:0.047951172568074005, par:96)
																		idx116(Q:0.4370, distinct_name:2, dictinctin_value:-0.0025517231675584334, par:106)
																			idx126(Q:0.4495, par:116)
																			idx127(Q:0.1264, par:116)
																		idx117(Q:0.1611, par:106)
																	idx107(Q:0.1127, par:96)
																idx97(Q:0.1276, par:86)
															idx87(Q:0.1732, par:80)
														idx81(Q:0.1571, par:74)
													idx75(Q:0.2057, par:66)
												idx67(Q:0.2536, par:58)
											idx59(Q:0.4246, par:48)
										idx49(Q:0.4834, par:42)
									idx43(Q:0.5224, par:34)
								idx35(Q:0.3115, par:26)
							idx27(Q:0.3016, par:20)
						idx21(Q:0.3094, par:16)
					idx17(Q:0.3171, distinct_name:3, dictinctin_value:0.8871619234739136, par:14)
						idx22(Q:0.2883, distinct_name:1, dictinctin_value:0.895274831679809, par:17)
							idx28(Q:0.2693, distinct_name:3, dictinctin_value:0.4147697243292515, par:22)
								idx36(Q:0.2586, distinct_name:3, dictinctin_value:-0.009439492879810042, par:28)
									idx50(Q:0.2549, distinct_name:0, dictinctin_value:2.3121117874404824, par:36)
										idx52(Q:0.2555, distinct_name:0, dictinctin_value:1.9483716250181808, par:50)
											idx60(Q:0.2600, distinct_name:3, dictinctin_value:-0.018025248765568658, par:52)
												idx68(Q:0.2687, distinct_name:2, dictinctin_value:0.8033765660185509, par:60)
													idx88(Q:0.2687, distinct_name:2, dictinctin_value:0.6003623148969123, par:68)
														idx98(Q:0.2784, distinct_name:2, dictinctin_value:0.5329635912790776, par:88)
															idx108(Q:0.2846, distinct_name:2, dictinctin_value:0.3621996786015208, par:98)
																idx118(Q:0.2939, distinct_name:3, dictinctin_value:-0.05260374571449391, par:108)
																	idx128(Q:0.2986, par:118)
																	idx129(Q:0.1770, par:118)
																idx119(Q:0.1633, par:108)
															idx109(Q:0.1910, par:98)
														idx99(Q:0.1634, par:88)
													idx89(Q:0.2685, par:68)
												idx69(Q:0.1887, par:60)
											idx61(Q:0.1792, par:52)
										idx53(Q:0.2130, par:50)
									idx51(Q:0.2715, par:36)
								idx37(Q:0.3245, par:28)
							idx29(Q:0.4142, par:22)
						idx23(Q:0.4471, par:17)
				idx15(Q:0.6028, par:9)
		idx7(Q:0.6670, par:4)
	idx5(Q:0.2993, par:1)
