WARNING:tensorflow:From /Users/keithwu/opt/anaconda3/envs/auction-gym/lib/python3.10/site-packages/tensorflow/python/compat/v2_compat.py:107: disable_resource_variables (from tensorflow.python.ops.variable_scope) is deprecated and will be removed in a future version.
Instructions for updating:
non-resource variables are not supported in the long term
<_io.TextIOWrapper name='<stderr>' mode='w' encoding='utf-8'> reading from ../UTree_model_numpy/DM/model_boost_linear_qsplit_noabs_save/, starting at 23
<_io.TextIOWrapper name='<stderr>' mode='w' encoding='utf-8'> =============== update starts ===============
(average_diff:0.0012141451027926472, max_diff:0.002537601549023938, training_epochs:50, lr:0.05)
<_io.TextIOWrapper name='<stderr>' mode='w' encoding='utf-8'> node index is 111
train linear regression time:  0.048333541955798864
(average_diff:0.004647258007482585, max_diff:0.005488222689697175, training_epochs:50, lr:0.05)
<_io.TextIOWrapper name='<stderr>' mode='w' encoding='utf-8'> node index is 101
train linear regression time:  0.047592957969754934
(average_diff:0.001804207738216888, max_diff:0.002668531642515126, training_epochs:50, lr:0.05)
<_io.TextIOWrapper name='<stderr>' mode='w' encoding='utf-8'> node index is 91
train linear regression time:  0.047820040956139565
(average_diff:0.022321809581177403, max_diff:0.12011874441247086, training_epochs:50, lr:0.05)
<_io.TextIOWrapper name='<stderr>' mode='w' encoding='utf-8'> node index is 83
train linear regression time:  0.04761012503877282
(average_diff:0.03151991807970928, max_diff:0.10065732997174254, training_epochs:50, lr:0.05)
<_io.TextIOWrapper name='<stderr>' mode='w' encoding='utf-8'> node index is 77
train linear regression time:  0.04855625005438924
(average_diff:0.03546600952890746, max_diff:0.11368375099889205, training_epochs:50, lr:0.05)
<_io.TextIOWrapper name='<stderr>' mode='w' encoding='utf-8'> node index is 71
train linear regression time:  0.04703758284449577
(average_diff:0.05038248706991877, max_diff:0.12115887305086068, training_epochs:50, lr:0.05)
<_io.TextIOWrapper name='<stderr>' mode='w' encoding='utf-8'> node index is 63
train linear regression time:  0.05042424984276295
(average_diff:0.0657449348908383, max_diff:0.17761926412585774, training_epochs:50, lr:0.05)
<_io.TextIOWrapper name='<stderr>' mode='w' encoding='utf-8'> node index is 55
train linear regression time:  0.04874366568401456
(average_diff:0.07389592155623319, max_diff:0.20929186935296962, training_epochs:50, lr:0.05)
<_io.TextIOWrapper name='<stderr>' mode='w' encoding='utf-8'> node index is 45
train linear regression time:  0.04719354072585702
(average_diff:0.06641406701858044, max_diff:0.1860237610009171, training_epochs:50, lr:0.05)
<_io.TextIOWrapper name='<stderr>' mode='w' encoding='utf-8'> node index is 39
train linear regression time:  0.04884879197925329
(average_diff:0.09511911535597527, max_diff:0.21692055082934092, training_epochs:50, lr:0.05)
<_io.TextIOWrapper name='<stderr>' mode='w' encoding='utf-8'> node index is 31
train linear regression time:  0.04711891710758209
(average_diff:0.06981517840595637, max_diff:0.38889729299782005, training_epochs:50, lr:0.05)
<_io.TextIOWrapper name='<stderr>' mode='w' encoding='utf-8'> node index is 25
train linear regression time:  0.04697408294305205
(average_diff:0.17458724970556425, max_diff:0.578250737743471, training_epochs:50, lr:0.05)
<_io.TextIOWrapper name='<stderr>' mode='w' encoding='utf-8'> node index is 19
train linear regression time:  0.050566500052809715
<_io.TextIOWrapper name='<stderr>' mode='w' encoding='utf-8'> variance test passed, diff=0.0671831183957845, d = 0, back=0
<_io.TextIOWrapper name='<stderr>' mode='w' encoding='utf-8'> Will be split, p=0.0671831183957845, d=0, back=0
(average_diff:0.17628033691151102, max_diff:0.5829828533918857, training_epochs:50, lr:0.05)
<_io.TextIOWrapper name='<stderr>' mode='w' encoding='utf-8'> node index is 152
train linear regression time:  0.049743708688765764
(average_diff:1.6132388136469444e-07, max_diff:1.6132388136469444e-07, training_epochs:50, lr:0.05)
<_io.TextIOWrapper name='<stderr>' mode='w' encoding='utf-8'> node index is 153
train linear regression time:  0.04720600042492151
(average_diff:0.13510329667702864, max_diff:0.4495750433662691, training_epochs:50, lr:0.05)
<_io.TextIOWrapper name='<stderr>' mode='w' encoding='utf-8'> node index is 148
train linear regression time:  0.04830508306622505
<_io.TextIOWrapper name='<stderr>' mode='w' encoding='utf-8'> variance test passed, diff=0.034696650909607815, d = 3, back=0
<_io.TextIOWrapper name='<stderr>' mode='w' encoding='utf-8'> Will be split, p=0.034696650909607815, d=3, back=0
(average_diff:0.12821240480824447, max_diff:0.433208243927787, training_epochs:50, lr:0.05)
<_io.TextIOWrapper name='<stderr>' mode='w' encoding='utf-8'> node index is 154
train linear regression time:  0.04758279165253043
(average_diff:0.08290747207106486, max_diff:0.16610888651858302, training_epochs:50, lr:0.05)
<_io.TextIOWrapper name='<stderr>' mode='w' encoding='utf-8'> node index is 155
train linear regression time:  0.047172417398542166
(average_diff:0.05492354541715852, max_diff:0.15013587504771952, training_epochs:50, lr:0.05)
<_io.TextIOWrapper name='<stderr>' mode='w' encoding='utf-8'> node index is 149
train linear regression time:  0.046405416913330555
(average_diff:0.030465022699359405, max_diff:0.0694987805593652, training_epochs:50, lr:0.05)
<_io.TextIOWrapper name='<stderr>' mode='w' encoding='utf-8'> node index is 147
train linear regression time:  0.04667262500151992
(average_diff:0.05602200601755764, max_diff:0.10856159750820654, training_epochs:50, lr:0.05)
<_io.TextIOWrapper name='<stderr>' mode='w' encoding='utf-8'> node index is 143
train linear regression time:  0.04841170785948634
(average_diff:0.03930918801939354, max_diff:0.08222456102511388, training_epochs:50, lr:0.05)
<_io.TextIOWrapper name='<stderr>' mode='w' encoding='utf-8'> node index is 137
train linear regression time:  0.04898699978366494
(average_diff:0.017395553358391904, max_diff:0.037688204092741096, training_epochs:50, lr:0.05)
<_io.TextIOWrapper name='<stderr>' mode='w' encoding='utf-8'> node index is 131
train linear regression time:  0.046755332965403795
(average_diff:0.028742355316371676, max_diff:0.07707308077821284, training_epochs:50, lr:0.05)
<_io.TextIOWrapper name='<stderr>' mode='w' encoding='utf-8'> node index is 123
train linear regression time:  0.04626125004142523
(average_diff:0.02444392363239445, max_diff:0.05228653831086383, training_epochs:50, lr:0.05)
<_io.TextIOWrapper name='<stderr>' mode='w' encoding='utf-8'> node index is 113
train linear regression time:  0.04724754113703966
(average_diff:0.07807838886394582, max_diff:0.2681830110875463, training_epochs:50, lr:0.05)
<_io.TextIOWrapper name='<stderr>' mode='w' encoding='utf-8'> node index is 103
train linear regression time:  0.04844225011765957
(average_diff:0.01032359279939484, max_diff:0.017255534088105984, training_epochs:50, lr:0.05)
<_io.TextIOWrapper name='<stderr>' mode='w' encoding='utf-8'> node index is 93
train linear regression time:  0.04969200026243925
(average_diff:0.000847400124871063, max_diff:0.0013067488952558104, training_epochs:50, lr:0.05)
<_io.TextIOWrapper name='<stderr>' mode='w' encoding='utf-8'> node index is 139
train linear regression time:  0.04820025013759732
(average_diff:0.005531335394380892, max_diff:0.012014811338985132, training_epochs:50, lr:0.05)
<_io.TextIOWrapper name='<stderr>' mode='w' encoding='utf-8'> node index is 133
train linear regression time:  0.04691112507134676
(average_diff:0.022768061814312734, max_diff:0.04443749130366409, training_epochs:50, lr:0.05)
<_io.TextIOWrapper name='<stderr>' mode='w' encoding='utf-8'> node index is 125
train linear regression time:  0.047089499887079
(average_diff:0.07188390757393524, max_diff:0.22829823882969014, training_epochs:50, lr:0.05)
<_io.TextIOWrapper name='<stderr>' mode='w' encoding='utf-8'> node index is 115
train linear regression time:  0.04682624991983175
(average_diff:0.057447425330171234, max_diff:0.1136655858237011, training_epochs:50, lr:0.05)
<_io.TextIOWrapper name='<stderr>' mode='w' encoding='utf-8'> node index is 105
train linear regression time:  0.048650375101715326
(average_diff:0.049606557063580956, max_diff:0.1388711060370854, training_epochs:50, lr:0.05)
<_io.TextIOWrapper name='<stderr>' mode='w' encoding='utf-8'> node index is 95
train linear regression time:  0.050471790600568056
(average_diff:0.059176313507558545, max_diff:0.09849509630804704, training_epochs:50, lr:0.05)
<_io.TextIOWrapper name='<stderr>' mode='w' encoding='utf-8'> node index is 85
train linear regression time:  0.04716250021010637
(average_diff:0.05994506162247704, max_diff:0.119381386848048, training_epochs:50, lr:0.05)
<_io.TextIOWrapper name='<stderr>' mode='w' encoding='utf-8'> node index is 79
train linear regression time:  0.046949957963079214
(average_diff:0.15026238931610428, max_diff:0.3036417203966358, training_epochs:50, lr:0.05)
<_io.TextIOWrapper name='<stderr>' mode='w' encoding='utf-8'> node index is 73
train linear regression time:  0.04663066705688834
(average_diff:0.10915919527440555, max_diff:0.3203927288318634, training_epochs:50, lr:0.05)
<_io.TextIOWrapper name='<stderr>' mode='w' encoding='utf-8'> node index is 65
train linear regression time:  0.048368040937930346
(average_diff:0.0979267852968535, max_diff:0.30973840487974635, training_epochs:50, lr:0.05)
<_io.TextIOWrapper name='<stderr>' mode='w' encoding='utf-8'> node index is 57
train linear regression time:  0.04887220822274685
(average_diff:0.0660426882521918, max_diff:0.1951848478801611, training_epochs:50, lr:0.05)
<_io.TextIOWrapper name='<stderr>' mode='w' encoding='utf-8'> node index is 47
train linear regression time:  0.04711129097267985
(average_diff:0.19337495966036952, max_diff:0.7614536866283779, training_epochs:50, lr:0.05)
<_io.TextIOWrapper name='<stderr>' mode='w' encoding='utf-8'> node index is 41
train linear regression time:  0.048089792020618916
(average_diff:0.14978305336368927, max_diff:0.5987971192001, training_epochs:50, lr:0.05)
<_io.TextIOWrapper name='<stderr>' mode='w' encoding='utf-8'> node index is 33
train linear regression time:  0.047645332757383585
(average_diff:0.034324509962138455, max_diff:0.04552296677656792, training_epochs:50, lr:0.05)
<_io.TextIOWrapper name='<stderr>' mode='w' encoding='utf-8'> node index is 117
train linear regression time:  0.04687470942735672
(average_diff:0.019702999698942437, max_diff:0.03971799460654836, training_epochs:50, lr:0.05)
<_io.TextIOWrapper name='<stderr>' mode='w' encoding='utf-8'> node index is 107
train linear regression time:  0.046755167189985514
(average_diff:0.023173809549684104, max_diff:0.0511769111869249, training_epochs:50, lr:0.05)
<_io.TextIOWrapper name='<stderr>' mode='w' encoding='utf-8'> node index is 97
train linear regression time:  0.04707654193043709
(average_diff:0.05539723016439776, max_diff:0.11470589014433513, training_epochs:50, lr:0.05)
<_io.TextIOWrapper name='<stderr>' mode='w' encoding='utf-8'> node index is 87
train linear regression time:  0.048013083171099424
(average_diff:0.058734810581887065, max_diff:0.13453820270745154, training_epochs:50, lr:0.05)
<_io.TextIOWrapper name='<stderr>' mode='w' encoding='utf-8'> node index is 81
train linear regression time:  0.048077540937811136
(average_diff:0.07501797330572707, max_diff:0.20010776269580938, training_epochs:50, lr:0.05)
<_io.TextIOWrapper name='<stderr>' mode='w' encoding='utf-8'> node index is 75
train linear regression time:  0.047395875211805105
(average_diff:0.0857531557059994, max_diff:0.35640325597366584, training_epochs:50, lr:0.05)
<_io.TextIOWrapper name='<stderr>' mode='w' encoding='utf-8'> node index is 67
train linear regression time:  0.049172209110111
(average_diff:0.19415519819850316, max_diff:0.4337941409883468, training_epochs:50, lr:0.05)
<_io.TextIOWrapper name='<stderr>' mode='w' encoding='utf-8'> node index is 59
train linear regression time:  0.0472035831771791
(average_diff:0.10305565727037634, max_diff:0.2969644011437109, training_epochs:50, lr:0.05)
<_io.TextIOWrapper name='<stderr>' mode='w' encoding='utf-8'> node index is 49
train linear regression time:  0.04853583313524723
(average_diff:0.1680460008370817, max_diff:0.5718025507985736, training_epochs:50, lr:0.05)
<_io.TextIOWrapper name='<stderr>' mode='w' encoding='utf-8'> node index is 43
train linear regression time:  0.049358540680259466
(average_diff:0.1869000329188227, max_diff:0.587555501012264, training_epochs:50, lr:0.05)
<_io.TextIOWrapper name='<stderr>' mode='w' encoding='utf-8'> node index is 35
train linear regression time:  0.04787237476557493
(average_diff:0.1341767446623647, max_diff:0.5875392443347482, training_epochs:50, lr:0.05)
<_io.TextIOWrapper name='<stderr>' mode='w' encoding='utf-8'> node index is 27
train linear regression time:  0.049936166033148766
<_io.TextIOWrapper name='<stderr>' mode='w' encoding='utf-8'> variance test passed, diff=0.0310771294751336, d = 0, back=0
<_io.TextIOWrapper name='<stderr>' mode='w' encoding='utf-8'> variance test passed, diff=0.038206669532394266, d = 1, back=0
<_io.TextIOWrapper name='<stderr>' mode='w' encoding='utf-8'> variance test passed, diff=0.04334400894696574, d = 2, back=0
<_io.TextIOWrapper name='<stderr>' mode='w' encoding='utf-8'> Will be split, p=0.04334400894696574, d=2, back=0
(average_diff:0.12281653138913513, max_diff:0.6369163524538144, training_epochs:50, lr:0.05)
<_io.TextIOWrapper name='<stderr>' mode='w' encoding='utf-8'> node index is 156
train linear regression time:  0.04878837522119284
(average_diff:0.0002635038349848573, max_diff:0.0002822525841436052, training_epochs:50, lr:0.05)
<_io.TextIOWrapper name='<stderr>' mode='w' encoding='utf-8'> node index is 157
train linear regression time:  0.04597270907834172
(average_diff:0.1623527770741292, max_diff:0.602413710674564, training_epochs:50, lr:0.05)
<_io.TextIOWrapper name='<stderr>' mode='w' encoding='utf-8'> node index is 150
train linear regression time:  0.047918166033923626
<_io.TextIOWrapper name='<stderr>' mode='w' encoding='utf-8'> variance test passed, diff=0.04649958226638069, d = 0, back=0
<_io.TextIOWrapper name='<stderr>' mode='w' encoding='utf-8'> variance test passed, diff=0.046993224682554346, d = 1, back=0
<_io.TextIOWrapper name='<stderr>' mode='w' encoding='utf-8'> Will be split, p=0.046993224682554346, d=1, back=0
(average_diff:0.16353883789196766, max_diff:0.5904210721659693, training_epochs:50, lr:0.05)
<_io.TextIOWrapper name='<stderr>' mode='w' encoding='utf-8'> node index is 158
train linear regression time:  0.04861295782029629
(average_diff:0.00020508295960069978, max_diff:0.00024097892315028124, training_epochs:50, lr:0.05)
<_io.TextIOWrapper name='<stderr>' mode='w' encoding='utf-8'> node index is 159
train linear regression time:  0.04961570771411061
(average_diff:0.000843997926121387, max_diff:0.0008623356265875515, training_epochs:50, lr:0.05)
<_io.TextIOWrapper name='<stderr>' mode='w' encoding='utf-8'> node index is 151
train linear regression time:  0.04822483425959945
(average_diff:0.034068022064482846, max_diff:0.0763480676876911, training_epochs:50, lr:0.05)
<_io.TextIOWrapper name='<stderr>' mode='w' encoding='utf-8'> node index is 135
train linear regression time:  0.04686054075136781
(average_diff:0.02733988405295116, max_diff:0.04398248261537502, training_epochs:50, lr:0.05)
<_io.TextIOWrapper name='<stderr>' mode='w' encoding='utf-8'> node index is 129
train linear regression time:  0.046682207845151424
(average_diff:0.02486624428773846, max_diff:0.08084894604565458, training_epochs:50, lr:0.05)
<_io.TextIOWrapper name='<stderr>' mode='w' encoding='utf-8'> node index is 119
train linear regression time:  0.047070832923054695
(average_diff:0.05073134383531953, max_diff:0.09073157620344457, training_epochs:50, lr:0.05)
<_io.TextIOWrapper name='<stderr>' mode='w' encoding='utf-8'> node index is 109
train linear regression time:  0.04660254158079624
(average_diff:0.04703476284555088, max_diff:0.17539337211738154, training_epochs:50, lr:0.05)
<_io.TextIOWrapper name='<stderr>' mode='w' encoding='utf-8'> node index is 99
train linear regression time:  0.04813374998047948
(average_diff:0.0785669291848253, max_diff:0.2735242236565786, training_epochs:50, lr:0.05)
<_io.TextIOWrapper name='<stderr>' mode='w' encoding='utf-8'> node index is 89
train linear regression time:  0.04700200026854873
(average_diff:0.0001801865270086912, max_diff:0.00251751442689184, training_epochs:50, lr:0.05)
<_io.TextIOWrapper name='<stderr>' mode='w' encoding='utf-8'> node index is 69
train linear regression time:  0.046920166816562414
(average_diff:0.03741887391301658, max_diff:0.06991205131179179, training_epochs:50, lr:0.05)
<_io.TextIOWrapper name='<stderr>' mode='w' encoding='utf-8'> node index is 61
train linear regression time:  0.04627500008791685
(average_diff:0.0086251203699566, max_diff:0.017278524232139214, training_epochs:50, lr:0.05)
<_io.TextIOWrapper name='<stderr>' mode='w' encoding='utf-8'> node index is 53
train linear regression time:  0.05038974992930889
(average_diff:0.10277622373073626, max_diff:0.37591962101141896, training_epochs:50, lr:0.05)
<_io.TextIOWrapper name='<stderr>' mode='w' encoding='utf-8'> node index is 51
train linear regression time:  0.051173041108995676
(average_diff:0.15766624239672533, max_diff:0.6293264823798029, training_epochs:50, lr:0.05)
<_io.TextIOWrapper name='<stderr>' mode='w' encoding='utf-8'> node index is 37
train linear regression time:  0.04863812495023012
(average_diff:0.1868861636783201, max_diff:0.6371710296099053, training_epochs:50, lr:0.05)
<_io.TextIOWrapper name='<stderr>' mode='w' encoding='utf-8'> node index is 29
train linear regression time:  0.046168250031769276
(average_diff:0.18774414760993757, max_diff:0.8624349787018347, training_epochs:50, lr:0.05)
<_io.TextIOWrapper name='<stderr>' mode='w' encoding='utf-8'> node index is 23
train linear regression time:  0.04776883404701948
<_io.TextIOWrapper name='<stderr>' mode='w' encoding='utf-8'> variance test passed, diff=0.06137109379378041, d = 0, back=0
<_io.TextIOWrapper name='<stderr>' mode='w' encoding='utf-8'> Will be split, p=0.06137109379378041, d=0, back=0
(average_diff:0.1883510567961598, max_diff:0.8283935455442895, training_epochs:50, lr:0.05)
<_io.TextIOWrapper name='<stderr>' mode='w' encoding='utf-8'> node index is 160
train linear regression time:  0.047678499948233366
(average_diff:5.551115123125783e-17, max_diff:5.551115123125783e-17, training_epochs:50, lr:0.05)
<_io.TextIOWrapper name='<stderr>' mode='w' encoding='utf-8'> node index is 161
train linear regression time:  0.04663812508806586
(average_diff:0.16507945998299758, max_diff:0.6563022867661323, training_epochs:50, lr:0.05)
<_io.TextIOWrapper name='<stderr>' mode='w' encoding='utf-8'> node index is 15
train linear regression time:  0.047764915972948074
(average_diff:0.03438404642393999, max_diff:0.05337406420935922, training_epochs:50, lr:0.05)
<_io.TextIOWrapper name='<stderr>' mode='w' encoding='utf-8'> node index is 7
train linear regression time:  0.04562145797535777
(average_diff:0.09769642807396217, max_diff:0.24013095493762399, training_epochs:50, lr:0.05)
<_io.TextIOWrapper name='<stderr>' mode='w' encoding='utf-8'> node index is 5
train linear regression time:  0.0496265827678144
testFringe time:  3.7318965001031756
<_io.TextIOWrapper name='<stderr>' mode='w' encoding='utf-8'> =============== update finished ===============

*** Writing Game File 24***

<_io.TextIOWrapper name='../print_tree_record_numpy/print_DM_boost_linear_tree_split.txt' mode='w' encoding='UTF-8'> idx1(Q:0.4063, distinct_name:0, dictinctin_value:2.569683891588169, par:None)
	idx4(Q:0.4070, distinct_name:0, dictinctin_value:2.507749956207568, par:1)
		idx6(Q:0.4068, distinct_name:0, dictinctin_value:-0.050698982385153205, par:4)
			idx8(Q:0.4715, distinct_name:0, dictinctin_value:-0.5002368440471089, par:6)
				idx10(Q:0.5201, distinct_name:3, dictinctin_value:0.7373220788164561, par:8)
					idx12(Q:0.4983, distinct_name:1, dictinctin_value:0.8498558206992594, par:10)
						idx18(Q:0.4443, distinct_name:2, dictinctin_value:0.8559921607301466, par:12)
							idx24(Q:0.4435, distinct_name:0, dictinctin_value:-0.5901212893723445, par:18)
								idx30(Q:0.4506, distinct_name:2, dictinctin_value:0.5095422779981766, par:24)
									idx38(Q:0.4690, distinct_name:2, dictinctin_value:0.24909091887867726, par:30)
										idx44(Q:0.4979, distinct_name:2, dictinctin_value:-0.06052347242753761, par:38)
											idx54(Q:0.5397, distinct_name:2, dictinctin_value:-0.16873413911779458, par:44)
												idx62(Q:0.5677, distinct_name:2, dictinctin_value:-0.3117760123070312, par:54)
													idx70(Q:0.6047, distinct_name:2, dictinctin_value:-0.36929151673896154, par:62)
														idx76(Q:0.6302, distinct_name:2, dictinctin_value:-0.4513587540231024, par:70)
															idx82(Q:0.6669, distinct_name:2, dictinctin_value:-0.49926091712096626, par:76)
																idx90(Q:0.6799, distinct_name:2, dictinctin_value:-0.5261921216626007, par:82)
																	idx100(Q:0.6886, distinct_name:2, dictinctin_value:-0.5682634996789567, par:90)
																		idx110(Q:0.7063, distinct_name:2, dictinctin_value:-0.576514535000767, par:100)
																			idx120(Q:0.7155, par:110)
																			idx121(Q:0.4001, par:110)
																		idx111(Q:0.3390, par:100)
																	idx101(Q:0.3647, par:90)
																idx91(Q:0.3440, par:82)
															idx83(Q:0.2749, par:76)
														idx77(Q:0.2925, par:70)
													idx71(Q:0.2707, par:62)
												idx63(Q:0.2484, par:54)
											idx55(Q:0.2362, par:44)
										idx45(Q:0.2341, par:38)
									idx39(Q:0.3217, par:30)
								idx31(Q:0.3685, par:24)
							idx25(Q:0.4484, par:18)
						idx19(Q:0.7378, distinct_name:0, dictinctin_value:-0.5046072639210131, par:12)
							idx152(Q:0.7378, par:19)
							idx153(Q:0.7365, par:19)
					idx13(Q:0.5873, distinct_name:2, dictinctin_value:1.929601246827043, par:10)
						idx92(Q:0.5783, distinct_name:1, dictinctin_value:1.2557733390904973, par:13)
							idx102(Q:0.5445, distinct_name:2, dictinctin_value:1.4527612583425853, par:92)
								idx112(Q:0.5279, distinct_name:2, dictinctin_value:1.3531114404933846, par:102)
									idx122(Q:0.5266, distinct_name:2, dictinctin_value:1.0639310625609943, par:112)
										idx130(Q:0.5070, distinct_name:2, dictinctin_value:0.8759607452183222, par:122)
											idx136(Q:0.4993, distinct_name:2, dictinctin_value:0.6228991526328211, par:130)
												idx142(Q:0.4874, distinct_name:2, dictinctin_value:0.4885947458466264, par:136)
													idx146(Q:0.4720, distinct_name:1, dictinctin_value:1.1059975491047376, par:142)
														idx148(Q:0.4589, distinct_name:3, dictinctin_value:2.363964647313972, par:146)
															idx154(Q:0.4507, par:148)
															idx155(Q:0.6643, par:148)
														idx149(Q:0.6985, par:146)
													idx147(Q:0.6569, par:142)
												idx143(Q:0.6289, par:136)
											idx137(Q:0.6196, par:130)
										idx131(Q:0.9177, par:122)
									idx123(Q:0.5602, par:112)
								idx113(Q:0.9065, par:102)
							idx103(Q:0.9386, par:92)
						idx93(Q:1.1123, par:13)
				idx11(Q:0.3836, distinct_name:3, dictinctin_value:1.284568987543642, par:8)
					idx32(Q:0.3655, distinct_name:3, dictinctin_value:0.5763111575206541, par:11)
						idx40(Q:0.3452, distinct_name:2, dictinctin_value:1.4159847670297276, par:32)
							idx46(Q:0.3373, distinct_name:2, dictinctin_value:0.8764611652526798, par:40)
								idx56(Q:0.3489, distinct_name:2, dictinctin_value:0.6776552612944613, par:46)
									idx64(Q:0.3534, distinct_name:0, dictinctin_value:-0.10007893227380851, par:56)
										idx72(Q:0.3468, distinct_name:2, dictinctin_value:0.481251420222257, par:64)
											idx78(Q:0.3589, distinct_name:2, dictinctin_value:0.43236682950932387, par:72)
												idx84(Q:0.3681, distinct_name:2, dictinctin_value:0.2322739018313544, par:78)
													idx94(Q:0.3861, distinct_name:2, dictinctin_value:0.1692901075380102, par:84)
														idx104(Q:0.3967, distinct_name:2, dictinctin_value:0.044622068949871425, par:94)
															idx114(Q:0.4149, distinct_name:2, dictinctin_value:-0.04421252452423217, par:104)
																idx124(Q:0.4381, distinct_name:2, dictinctin_value:-0.12551407150931976, par:114)
																	idx132(Q:0.4555, distinct_name:2, dictinctin_value:-0.16179863391045127, par:124)
																		idx138(Q:0.4660, distinct_name:2, dictinctin_value:-0.1987692173924826, par:132)
																			idx144(Q:0.4834, par:138)
																			idx145(Q:0.1407, par:138)
																		idx139(Q:0.1455, par:132)
																	idx133(Q:0.1353, par:124)
																idx125(Q:0.1158, par:114)
															idx115(Q:0.2012, par:104)
														idx105(Q:0.1560, par:94)
													idx95(Q:0.1489, par:84)
												idx85(Q:0.1601, par:78)
											idx79(Q:0.1909, par:72)
										idx73(Q:0.4290, par:64)
									idx65(Q:0.2807, par:56)
								idx57(Q:0.2563, par:46)
							idx47(Q:0.4107, par:40)
						idx41(Q:0.4403, par:32)
					idx33(Q:0.5674, par:11)
			idx9(Q:0.3497, distinct_name:1, dictinctin_value:1.4532912275447858, par:6)
				idx14(Q:0.3292, distinct_name:0, dictinctin_value:0.6708677617788001, par:9)
					idx16(Q:0.3414, distinct_name:0, dictinctin_value:0.5219929201544601, par:14)
						idx20(Q:0.3474, distinct_name:0, dictinctin_value:0.38200451643824146, par:16)
							idx26(Q:0.3599, distinct_name:0, dictinctin_value:0.29175973898130836, par:20)
								idx34(Q:0.3692, distinct_name:3, dictinctin_value:1.2405945003824483, par:26)
									idx42(Q:0.3405, distinct_name:2, dictinctin_value:1.6139678071673451, par:34)
										idx48(Q:0.3326, distinct_name:1, dictinctin_value:1.0148453699076618, par:42)
											idx58(Q:0.3218, distinct_name:2, dictinctin_value:0.8422101128546527, par:48)
												idx66(Q:0.3352, distinct_name:2, dictinctin_value:0.5718071591898053, par:58)
													idx74(Q:0.3458, distinct_name:2, dictinctin_value:0.3335199702259944, par:66)
														idx80(Q:0.3758, distinct_name:2, dictinctin_value:0.2585267021680285, par:74)
															idx86(Q:0.3856, distinct_name:2, dictinctin_value:0.13295569297273957, par:80)
																idx96(Q:0.4020, distinct_name:2, dictinctin_value:0.0933394603867821, par:86)
																	idx106(Q:0.4102, distinct_name:2, dictinctin_value:0.047951172568074005, par:96)
																		idx116(Q:0.4214, distinct_name:2, dictinctin_value:-0.0025517231675584334, par:106)
																			idx126(Q:0.4330, par:116)
																			idx127(Q:0.1213, par:116)
																		idx117(Q:0.1611, par:106)
																	idx107(Q:0.1127, par:96)
																idx97(Q:0.1241, par:86)
															idx87(Q:0.2091, par:80)
														idx81(Q:0.1432, par:74)
													idx75(Q:0.2042, par:66)
												idx67(Q:0.2450, par:58)
											idx59(Q:0.4386, par:48)
										idx49(Q:0.4617, par:42)
									idx43(Q:0.5419, par:34)
								idx35(Q:0.3230, par:26)
							idx27(Q:0.2975, distinct_name:2, dictinctin_value:1.5527241962490086, par:20)
								idx156(Q:0.2902, par:27)
								idx157(Q:0.6662, par:27)
						idx21(Q:0.3125, distinct_name:1, dictinctin_value:1.3201670622027022, par:16)
							idx150(Q:0.3132, distinct_name:1, dictinctin_value:1.2234607090751204, par:21)
								idx158(Q:0.3138, par:150)
								idx159(Q:0.2851, par:150)
							idx151(Q:0.2769, par:21)
					idx17(Q:0.3164, distinct_name:3, dictinctin_value:0.8871619234739136, par:14)
						idx22(Q:0.2867, distinct_name:1, dictinctin_value:0.895274831679809, par:17)
							idx28(Q:0.2664, distinct_name:3, dictinctin_value:0.4147697243292515, par:22)
								idx36(Q:0.2569, distinct_name:3, dictinctin_value:-0.009439492879810042, par:28)
									idx50(Q:0.2553, distinct_name:0, dictinctin_value:2.3121117874404824, par:36)
										idx52(Q:0.2561, distinct_name:0, dictinctin_value:1.9483716250181808, par:50)
											idx60(Q:0.2602, distinct_name:3, dictinctin_value:-0.018025248765568658, par:52)
												idx68(Q:0.2688, distinct_name:2, dictinctin_value:0.8033765660185509, par:60)
													idx88(Q:0.2721, distinct_name:2, dictinctin_value:0.6003623148969123, par:68)
														idx98(Q:0.2801, distinct_name:2, dictinctin_value:0.5329635912790776, par:88)
															idx108(Q:0.2876, distinct_name:2, dictinctin_value:0.3621996786015208, par:98)
																idx118(Q:0.3017, distinct_name:3, dictinctin_value:-0.05260374571449391, par:108)
																	idx128(Q:0.3068, distinct_name:2, dictinctin_value:0.22149263805201816, par:118)
																		idx134(Q:0.3159, distinct_name:2, dictinctin_value:0.13324256965432388, par:128)
																			idx140(Q:0.3315, par:134)
																			idx141(Q:0.1309, par:134)
																		idx135(Q:0.1396, par:128)
																	idx129(Q:0.1616, par:118)
																idx119(Q:0.1555, par:108)
															idx109(Q:0.1739, par:98)
														idx99(Q:0.1830, par:88)
													idx89(Q:0.2558, par:68)
												idx69(Q:0.1876, par:60)
											idx61(Q:0.1758, par:52)
										idx53(Q:0.2003, par:50)
									idx51(Q:0.2633, par:36)
								idx37(Q:0.3135, par:28)
							idx29(Q:0.4153, par:22)
						idx23(Q:0.4565, distinct_name:0, dictinctin_value:2.1444723574903684, par:17)
							idx160(Q:0.4592, par:23)
							idx161(Q:0.1799, par:23)
				idx15(Q:0.6134, par:9)
		idx7(Q:0.5135, par:4)
	idx5(Q:0.2940, par:1)
1)
