WARNING:tensorflow:From /Users/keithwu/opt/anaconda3/envs/auction-gym/lib/python3.10/site-packages/tensorflow/python/compat/v2_compat.py:107: disable_resource_variables (from tensorflow.python.ops.variable_scope) is deprecated and will be removed in a future version.
Instructions for updating:
non-resource variables are not supported in the long term
<_io.TextIOWrapper name='<stderr>' mode='w' encoding='utf-8'> reading from ../UTree_model_numpy/DM/model_boost_linear_qsplit_noabs_save/, starting at 60
<_io.TextIOWrapper name='<stderr>' mode='w' encoding='utf-8'> =============== update starts ===============
(average_diff:0.0011691620826536112, max_diff:0.0026355320094580414, training_epochs:50, lr:0.05)
<_io.TextIOWrapper name='<stderr>' mode='w' encoding='utf-8'> node index is 111
train linear regression time:  0.05270816711708903
(average_diff:0.0019198376536074416, max_diff:0.005420789421660799, training_epochs:50, lr:0.05)
<_io.TextIOWrapper name='<stderr>' mode='w' encoding='utf-8'> node index is 101
train linear regression time:  0.05211087502539158
(average_diff:0.0030672936572495157, max_diff:0.009646029833662695, training_epochs:50, lr:0.05)
<_io.TextIOWrapper name='<stderr>' mode='w' encoding='utf-8'> node index is 91
train linear regression time:  0.05105804093182087
(average_diff:0.01391615031757449, max_diff:0.16290857230043357, training_epochs:50, lr:0.05)
<_io.TextIOWrapper name='<stderr>' mode='w' encoding='utf-8'> node index is 83
train linear regression time:  0.05106370896100998
(average_diff:0.017599005085437196, max_diff:0.15076455273303707, training_epochs:50, lr:0.05)
<_io.TextIOWrapper name='<stderr>' mode='w' encoding='utf-8'> node index is 77
train linear regression time:  0.05030645802617073
(average_diff:0.048051691225318834, max_diff:0.2561881606994623, training_epochs:50, lr:0.05)
<_io.TextIOWrapper name='<stderr>' mode='w' encoding='utf-8'> node index is 71
train linear regression time:  0.05112308403477073
(average_diff:0.04802767010764264, max_diff:0.2077878147861143, training_epochs:50, lr:0.05)
<_io.TextIOWrapper name='<stderr>' mode='w' encoding='utf-8'> node index is 63
train linear regression time:  0.05136958369985223
(average_diff:0.06928568417462122, max_diff:0.2646460877084377, training_epochs:50, lr:0.05)
<_io.TextIOWrapper name='<stderr>' mode='w' encoding='utf-8'> node index is 468
train linear regression time:  0.05183124961331487
<_io.TextIOWrapper name='<stderr>' mode='w' encoding='utf-8'> variance test passed, diff=0.020657777353938787, d = 0, back=0
<_io.TextIOWrapper name='<stderr>' mode='w' encoding='utf-8'> Will be split, p=0.020657777353938787, d=0, back=0
(average_diff:0.06811391961364054, max_diff:0.26200396975495094, training_epochs:50, lr:0.05)
<_io.TextIOWrapper name='<stderr>' mode='w' encoding='utf-8'> node index is 474
train linear regression time:  0.05195595882833004
(average_diff:8.45201467147838e-09, max_diff:8.45201467147838e-09, training_epochs:50, lr:0.05)
<_io.TextIOWrapper name='<stderr>' mode='w' encoding='utf-8'> node index is 475
train linear regression time:  0.050801499746739864
(average_diff:0.018239452342381113, max_diff:0.019333152262502373, training_epochs:50, lr:0.05)
<_io.TextIOWrapper name='<stderr>' mode='w' encoding='utf-8'> node index is 469
train linear regression time:  0.053048374596983194
(average_diff:0.008834935145755294, max_diff:0.014903993210664379, training_epochs:50, lr:0.05)
<_io.TextIOWrapper name='<stderr>' mode='w' encoding='utf-8'> node index is 465
train linear regression time:  0.0519705000333488
(average_diff:0.07339881406085771, max_diff:0.29570894910738166, training_epochs:50, lr:0.05)
<_io.TextIOWrapper name='<stderr>' mode='w' encoding='utf-8'> node index is 45
train linear regression time:  0.052449749782681465
(average_diff:0.07285012864417764, max_diff:0.3626748919894691, training_epochs:50, lr:0.05)
<_io.TextIOWrapper name='<stderr>' mode='w' encoding='utf-8'> node index is 472
train linear regression time:  0.051430707797408104
<_io.TextIOWrapper name='<stderr>' mode='w' encoding='utf-8'> variance test passed, diff=0.044282911022417715, d = 0, back=0
<_io.TextIOWrapper name='<stderr>' mode='w' encoding='utf-8'> Will be split, p=0.044282911022417715, d=0, back=0
(average_diff:0.00045552136521512243, max_diff:0.00045742126799053207, training_epochs:50, lr:0.05)
<_io.TextIOWrapper name='<stderr>' mode='w' encoding='utf-8'> node index is 473
train linear regression time:  0.05060995928943157
(average_diff:0.0012382622029580917, max_diff:0.0015025367493837066, training_epochs:50, lr:0.05)
<_io.TextIOWrapper name='<stderr>' mode='w' encoding='utf-8'> node index is 471
train linear regression time:  0.05018079187721014
(average_diff:0.006662388697194668, max_diff:0.006801263743018288, training_epochs:50, lr:0.05)
<_io.TextIOWrapper name='<stderr>' mode='w' encoding='utf-8'> node index is 467
train linear regression time:  0.05036987503990531
(average_diff:0.016599089728965958, max_diff:0.025406518298664804, training_epochs:50, lr:0.05)
<_io.TextIOWrapper name='<stderr>' mode='w' encoding='utf-8'> node index is 461
train linear regression time:  0.051478167064487934
(average_diff:0.012694393344902632, max_diff:0.02516246706630143, training_epochs:50, lr:0.05)
<_io.TextIOWrapper name='<stderr>' mode='w' encoding='utf-8'> node index is 457
train linear regression time:  0.0524102090857923
(average_diff:0.0, max_diff:0.0, training_epochs:50, lr:0.05)
<_io.TextIOWrapper name='<stderr>' mode='w' encoding='utf-8'> node index is 449
train linear regression time:  0.05470854137092829
(average_diff:1.7415585840903358e-05, max_diff:2.0960339525380456e-05, training_epochs:50, lr:0.05)
<_io.TextIOWrapper name='<stderr>' mode='w' encoding='utf-8'> node index is 445
train linear regression time:  0.06313104182481766
(average_diff:2.1689107837508104e-07, max_diff:2.222602585033595e-07, training_epochs:50, lr:0.05)
<_io.TextIOWrapper name='<stderr>' mode='w' encoding='utf-8'> node index is 433
train linear regression time:  0.05875774985179305
(average_diff:0.0010625224579028925, max_diff:0.0010883224992963014, training_epochs:50, lr:0.05)
<_io.TextIOWrapper name='<stderr>' mode='w' encoding='utf-8'> node index is 427
train linear regression time:  0.054000708274543285
(average_diff:0.09914496961087985, max_diff:0.30323709541906374, training_epochs:50, lr:0.05)
<_io.TextIOWrapper name='<stderr>' mode='w' encoding='utf-8'> node index is 31
train linear regression time:  0.05584916612133384
(average_diff:2.776811204474594e-06, max_diff:2.8671354369569357e-06, training_epochs:50, lr:0.05)
<_io.TextIOWrapper name='<stderr>' mode='w' encoding='utf-8'> node index is 369
train linear regression time:  0.05384941678494215
(average_diff:0.0038580678989564485, max_diff:0.005902649589256348, training_epochs:50, lr:0.05)
<_io.TextIOWrapper name='<stderr>' mode='w' encoding='utf-8'> node index is 355
train linear regression time:  0.05149916606023908
(average_diff:0.001017459314482272, max_diff:0.0014530346214766676, training_epochs:50, lr:0.05)
<_io.TextIOWrapper name='<stderr>' mode='w' encoding='utf-8'> node index is 341
train linear regression time:  0.051578667014837265
(average_diff:0.021150462631945106, max_diff:0.04842623909099186, training_epochs:50, lr:0.05)
<_io.TextIOWrapper name='<stderr>' mode='w' encoding='utf-8'> node index is 329
train linear regression time:  0.051328917033970356
(average_diff:0.0073295376078711845, max_diff:0.012492763108972016, training_epochs:50, lr:0.05)
<_io.TextIOWrapper name='<stderr>' mode='w' encoding='utf-8'> node index is 317
train linear regression time:  0.04990466684103012
(average_diff:0.07029225226244742, max_diff:0.2292979924498393, training_epochs:50, lr:0.05)
<_io.TextIOWrapper name='<stderr>' mode='w' encoding='utf-8'> node index is 305
train linear regression time:  0.05121583305299282
(average_diff:0.00022121104610409864, max_diff:0.00022836499757401818, training_epochs:50, lr:0.05)
<_io.TextIOWrapper name='<stderr>' mode='w' encoding='utf-8'> node index is 289
train linear regression time:  0.051122166216373444
(average_diff:0.006442459750666219, max_diff:0.01197051918657277, training_epochs:50, lr:0.05)
<_io.TextIOWrapper name='<stderr>' mode='w' encoding='utf-8'> node index is 257
train linear regression time:  0.050990208983421326
(average_diff:0.07113299554462194, max_diff:0.12390207169318068, training_epochs:50, lr:0.05)
<_io.TextIOWrapper name='<stderr>' mode='w' encoding='utf-8'> node index is 243
train linear regression time: 00.05082558328285813
(average_diff:0.057255268744869886, max_diff:0.08720726550874866, training_epochs:50, lr:0.05)
<_io.TextIOWrapper name='<stderr>' mode='w' encoding='utf-8'> node index is 231
train linear regression time:  0.05006354209035635
(average_diff:0.08028766504408064, max_diff:0.14213491857672506, training_epochs:50, lr:0.05)
<_io.TextIOWrapper name='<stderr>' mode='w' encoding='utf-8'> node index is 217
train linear regression time:  0.050112207885831594
(average_diff:0.01018488195202033, max_diff:0.019159720794265978, training_epochs:50, lr:0.05)
<_io.TextIOWrapper name='<stderr>' mode='w' encoding='utf-8'> node index is 275
train linear regression time:  0.0495042921975255
(average_diff:0.015032327324188754, max_diff:0.026227412636952607, training_epochs:50, lr:0.05)
<_io.TextIOWrapper name='<stderr>' mode='w' encoding='utf-8'> node index is 259
train linear regression time:  0.052571041975170374
(average_diff:0.02005112055693664, max_diff:0.0314411310558006, training_epochs:50, lr:0.05)
<_io.TextIOWrapper name='<stderr>' mode='w' encoding='utf-8'> node index is 245
train linear regression time:  0.05079837515950203
(average_diff:0.02264044230639692, max_diff:0.03967669366480253, training_epochs:50, lr:0.05)
<_io.TextIOWrapper name='<stderr>' mode='w' encoding='utf-8'> node index is 233
train linear regression time:  0.050924208015203476
(average_diff:3.827544448053999e-09, max_diff:4.269040343451991e-09, training_epochs:50, lr:0.05)
<_io.TextIOWrapper name='<stderr>' mode='w' encoding='utf-8'> node index is 219
train linear regression time:  0.050715167075395584
(average_diff:0.013193890288059205, max_diff:0.023355833133459125, training_epochs:50, lr:0.05)
<_io.TextIOWrapper name='<stderr>' mode='w' encoding='utf-8'> node index is 205
train linear regression time:  0.05090737482532859
(average_diff:0.003843381950154815, max_diff:0.008611257238638648, training_epochs:50, lr:0.05)
<_io.TextIOWrapper name='<stderr>' mode='w' encoding='utf-8'> node index is 197
train linear regression time:  0.05105154123157263
(average_diff:0.031013975732035452, max_diff:0.06534740915272075, training_epochs:50, lr:0.05)
<_io.TextIOWrapper name='<stderr>' mode='w' encoding='utf-8'> node index is 189
train linear regression time:  0.05003949999809265
(average_diff:0.02143072908177017, max_diff:0.061610889892688925, training_epochs:50, lr:0.05)
<_io.TextIOWrapper name='<stderr>' mode='w' encoding='utf-8'> node index is 181
train linear regression time:  0.050781792029738426
(average_diff:0.02809996842847431, max_diff:0.07409926227702401, training_epochs:50, lr:0.05)
<_io.TextIOWrapper name='<stderr>' mode='w' encoding='utf-8'> node index is 173
train linear regression time:  0.04988249996677041
(average_diff:0.02610561792703947, max_diff:0.04230337615921642, training_epochs:50, lr:0.05)
<_io.TextIOWrapper name='<stderr>' mode='w' encoding='utf-8'> node index is 163
train linear regression time:  0.05063233291730285
(average_diff:0.0, max_diff:0.0, training_epochs:50, lr:0.05)
<_io.TextIOWrapper name='<stderr>' mode='w' encoding='utf-8'> node index is 153
train linear regression time:  0.050131416879594326
(average_diff:0.024769746924608413, max_diff:0.045256949215891074, training_epochs:50, lr:0.05)
<_io.TextIOWrapper name='<stderr>' mode='w' encoding='utf-8'> node index is 221
train linear regression time:  0.052469917107373476
(average_diff:0.10694049869946974, max_diff:0.27683031849350637, training_epochs:50, lr:0.05)
<_io.TextIOWrapper name='<stderr>' mode='w' encoding='utf-8'> node index is 207
train linear regression time:  0.050400542095303535
(average_diff:0.14622823639349372, max_diff:0.3325594127494045, training_epochs:50, lr:0.05)
<_io.TextIOWrapper name='<stderr>' mode='w' encoding='utf-8'> node index is 165
train linear regression time:  0.05085545778274536
(average_diff:0.08352364149509492, max_diff:0.22882379318666873, training_epochs:50, lr:0.05)
<_io.TextIOWrapper name='<stderr>' mode='w' encoding='utf-8'> node index is 155
train linear regression time:  0.05124841723591089
(average_diff:0.1642378224856027, max_diff:0.2876863634885076, training_epochs:50, lr:0.05)
<_io.TextIOWrapper name='<stderr>' mode='w' encoding='utf-8'> node index is 149
train linear regression time:  0.05177487526088953
(average_diff:0.04759538439244219, max_diff:0.1441105287840934, training_epochs:50, lr:0.05)
<_io.TextIOWrapper name='<stderr>' mode='w' encoding='utf-8'> node index is 147
train linear regression time:  0.05086962506175041
(average_diff:0.05137375061578675, max_diff:0.13447713220926888, training_epochs:50, lr:0.05)
<_io.TextIOWrapper name='<stderr>' mode='w' encoding='utf-8'> node index is 143
train linear regression time:  0.05025537498295307
(average_diff:0.03946403971592436, max_diff:0.09179393108074207, training_epochs:50, lr:0.05)
<_io.TextIOWrapper name='<stderr>' mode='w' encoding='utf-8'> node index is 137
train linear regression time:  0.05106583284214139
(average_diff:0.04199310354026437, max_diff:0.15586271874749924, training_epochs:50, lr:0.05)
<_io.TextIOWrapper name='<stderr>' mode='w' encoding='utf-8'> node index is 131
train linear regression time:  0.05031829094514251
(average_diff:0.03234667802369243, max_diff:0.06932478347220689, training_epochs:50, lr:0.05)
<_io.TextIOWrapper name='<stderr>' mode='w' encoding='utf-8'> node index is 123
train linear regression time:  0.053029333241283894
(average_diff:0.036901191243840184, max_diff:0.09430476461285175, training_epochs:50, lr:0.05)
<_io.TextIOWrapper name='<stderr>' mode='w' encoding='utf-8'> node index is 113
train linear regression time:  0.05010029207915068
(average_diff:0.0898283887905815, max_diff:0.34776374229467377, training_epochs:50, lr:0.05)
<_io.TextIOWrapper name='<stderr>' mode='w' encoding='utf-8'> node index is 103
train linear regression time:  0.050660000182688236
(average_diff:0.05363430723233945, max_diff:0.11274649532962866, training_epochs:50, lr:0.05)
<_io.TextIOWrapper name='<stderr>' mode='w' encoding='utf-8'> node index is 93
train linear regression time:  0.050014832988381386
(average_diff:0.024070263573826578, max_diff:0.07868500678608129, training_epochs:50, lr:0.05)
<_io.TextIOWrapper name='<stderr>' mode='w' encoding='utf-8'> node index is 139
train linear regression time:  0.05002516694366932
(average_diff:0.0594220210134779, max_diff:0.17623131848335416, training_epochs:50, lr:0.05)
<_io.TextIOWrapper name='<stderr>' mode='w' encoding='utf-8'> node index is 133
train linear regression time:  0.05254970910027623
(average_diff:0.026295622179643204, max_diff:0.08156338468367144, training_epochs:50, lr:0.05)
<_io.TextIOWrapper name='<stderr>' mode='w' encoding='utf-8'> node index is 125
train linear regression time:  0.05108395777642727
(average_diff:0.06917006420499962, max_diff:0.21454017376334145, training_epochs:50, lr:0.05)
<_io.TextIOWrapper name='<stderr>' mode='w' encoding='utf-8'> node index is 115
train linear regression time:  0.04989145835861564
(average_diff:0.05567866228234764, max_diff:0.22147346308511157, training_epochs:50, lr:0.05)
<_io.TextIOWrapper name='<stderr>' mode='w' encoding='utf-8'> node index is 105
train linear regression time:  0.04994258377701044
(average_diff:0.05327605762364336, max_diff:0.1930881572126255, training_epochs:50, lr:0.05)
<_io.TextIOWrapper name='<stderr>' mode='w' encoding='utf-8'> node index is 95
train linear regression time:  0.05184525018557906
(average_diff:0.06345166195396205, max_diff:0.11474497758691346, training_epochs:50, lr:0.05)
<_io.TextIOWrapper name='<stderr>' mode='w' encoding='utf-8'> node index is 85
train linear regression time:  0.05174437491223216
(average_diff:0.06988615842115009, max_diff:0.2511541378441649, training_epochs:50, lr:0.05)
<_io.TextIOWrapper name='<stderr>' mode='w' encoding='utf-8'> node index is 79
train linear regression time:  0.05211958382278681
(average_diff:0.10784297206284671, max_diff:0.41567283867275895, training_epochs:50, lr:0.05)
<_io.TextIOWrapper name='<stderr>' mode='w' encoding='utf-8'> node index is 73
train linear regression time:  0.052001416217535734
(average_diff:0.08472244615267359, max_diff:0.36493438788949745, training_epochs:50, lr:0.05)
<_io.TextIOWrapper name='<stderr>' mode='w' encoding='utf-8'> node index is 65
train linear regression time:  0.05231770873069763
(average_diff:0.08553390970733132, max_diff:0.46358328533345267, training_epochs:50, lr:0.05)
<_io.TextIOWrapper name='<stderr>' mode='w' encoding='utf-8'> node index is 57
train linear regression time:  0.054435832891613245
(average_diff:0.08713653101296062, max_diff:0.6079197898043547, training_epochs:50, lr:0.05)
<_io.TextIOWrapper name='<stderr>' mode='w' encoding='utf-8'> node index is 47
train linear regression time:  0.058927999809384346
(average_diff:5.516751303418638e-05, max_diff:6.88422323847776e-05, training_epochs:50, lr:0.05)
<_io.TextIOWrapper name='<stderr>' mode='w' encoding='utf-8'> node index is 397
train linear regression time:  0.0572006250731647
(average_diff:0.10713328874009272, max_diff:0.14775604411277826, training_epochs:50, lr:0.05)
<_io.TextIOWrapper name='<stderr>' mode='w' encoding='utf-8'> node index is 383
train linear regression time:  0.054225875064730644
(average_diff:1.1102230246251565e-16, max_diff:1.1102230246251565e-16, training_epochs:50, lr:0.05)
<_io.TextIOWrapper name='<stderr>' mode='w' encoding='utf-8'> node index is 371
train linear regression time:  0.05815916694700718
(average_diff:0.1473457554264339, max_diff:0.31474415135009504, training_epochs:50, lr:0.05)
<_io.TextIOWrapper name='<stderr>' mode='w' encoding='utf-8'> node index is 357
train linear regression time:  0.05374137498438358
(average_diff:0.1111664681744379, max_diff:0.24179310727720038, training_epochs:50, lr:0.05)
<_io.TextIOWrapper name='<stderr>' mode='w' encoding='utf-8'> node index is 343
train linear regression time:  0.05494137527421117
(average_diff:1.8984813721090177e-14, max_diff:2.2426505097428162e-14, training_epochs:50, lr:0.05)
<_io.TextIOWrapper name='<stderr>' mode='w' encoding='utf-8'> node index is 331
train linear regression time:  0.055020750034600496
(average_diff:0.01399826688058936, max_diff:0.026104922638781947, training_epochs:50, lr:0.05)
<_io.TextIOWrapper name='<stderr>' mode='w' encoding='utf-8'> node index is 319
train linear regression time:  0.05532366596162319
(average_diff:0.18066078108310096, max_diff:0.4696119908782408, training_epochs:50, lr:0.05)
<_io.TextIOWrapper name='<stderr>' mode='w' encoding='utf-8'> node index is 307
train linear regression time:  0.054566791746765375
(average_diff:6.310090949757097e-08, max_diff:6.456978585145379e-08, training_epochs:50, lr:0.05)
<_io.TextIOWrapper name='<stderr>' mode='w' encoding='utf-8'> node index is 293
train linear regression time:  0.050835167057812214
(average_diff:0.03321782688028274, max_diff:0.06777418353631459, training_epochs:50, lr:0.05)
<_io.TextIOWrapper name='<stderr>' mode='w' encoding='utf-8'> node index is 277
train linear regression time:  0.05069120926782489
(average_diff:0.054275604390337163, max_diff:0.08030421082539368, training_epochs:50, lr:0.05)
<_io.TextIOWrapper name='<stderr>' mode='w' encoding='utf-8'> node index is 261
train linear regression time:  0.0513263326138258
(average_diff:0.0001330864763325612, max_diff:0.00025349521304252054, training_epochs:50, lr:0.05)
<_io.TextIOWrapper name='<stderr>' mode='w' encoding='utf-8'> node index is 247
train linear regression time:  0.05058858264237642
(average_diff:0.18122377315674862, max_diff:0.7150170965571772, training_epochs:50, lr:0.05)
<_io.TextIOWrapper name='<stderr>' mode='w' encoding='utf-8'> node index is 462
train linear regression time:  0.050770875066518784
<_io.TextIOWrapper name='<stderr>' mode='w' encoding='utf-8'> variance test passed, diff=0.06510924088233283, d = 0, back=0
<_io.TextIOWrapper name='<stderr>' mode='w' encoding='utf-8'> Will be split, p=0.06510924088233283, d=0, back=0
(average_diff:0.1782818721688456, max_diff:0.7189631183275733, training_epochs:50, lr:0.05)
<_io.TextIOWrapper name='<stderr>' mode='w' encoding='utf-8'> node index is 478
train linear regression time:  0.05193266738206148
(average_diff:8.663070261150096e-13, max_diff:8.663070261150096e-13, training_epochs:50, lr:0.05)
<_io.TextIOWrapper name='<stderr>' mode='w' encoding='utf-8'> node index is 479
train linear regression time:  0.049848082941025496
(average_diff:0.010516565942381114, max_diff:0.01668930961754589, training_epochs:50, lr:0.05)
<_io.TextIOWrapper name='<stderr>' mode='w' encoding='utf-8'> node index is 463
train linear regression time:  0.050961915869265795
(average_diff:0.003613995603559239, max_diff:0.005500848219779475, training_epochs:50, lr:0.05)
<_io.TextIOWrapper name='<stderr>' mode='w' encoding='utf-8'> node index is 459
train linear regression time:  0.05072733387351036
(average_diff:0.0, max_diff:0.0, training_epochs:50, lr:0.05)
<_io.TextIOWrapper name='<stderr>' mode='w' encoding='utf-8'> node index is 451
train linear regression time:  0.051079957745969296
(average_diff:0.0, max_diff:0.0, training_epochs:50, lr:0.05)
<_io.TextIOWrapper name='<stderr>' mode='w' encoding='utf-8'> node index is 439
train linear regression time:  0.050159874837845564
(average_diff:0.011927091760524422, max_diff:0.024766576359396608, training_epochs:50, lr:0.05)
<_io.TextIOWrapper name='<stderr>' mode='w' encoding='utf-8'> node index is 437
train linear regression time:  0.05085850041359663
(average_diff:0.02958269744319328, max_diff:0.05585048307065696, training_epochs:50, lr:0.05)
<_io.TextIOWrapper name='<stderr>' mode='w' encoding='utf-8'> node index is 117
train linear regression time:  0.05120466696098447
(average_diff:0.02084475637850645, max_diff:0.055543963703446456, training_epochs:50, lr:0.05)
<_io.TextIOWrapper name='<stderr>' mode='w' encoding='utf-8'> node index is 107
train linear regression time:  0.050683250185102224
(average_diff:0.037304791126745576, max_diff:0.13230792942421665, training_epochs:50, lr:0.05)
<_io.TextIOWrapper name='<stderr>' mode='w' encoding='utf-8'> node index is 97
train linear regression time:  0.051189625170081854
(average_diff:0.06362240933473039, max_diff:0.14970819465758917, training_epochs:50, lr:0.05)
<_io.TextIOWrapper name='<stderr>' mode='w' encoding='utf-8'> node index is 87
train linear regression time:  0.05106558371335268
(average_diff:0.05880904164443394, max_diff:0.3648807392404396, training_epochs:50, lr:0.05)
<_io.TextIOWrapper name='<stderr>' mode='w' encoding='utf-8'> node index is 81
train linear regression time:  0.05111091723665595
(average_diff:0.07835521129167063, max_diff:0.2755896507627176, training_epochs:50, lr:0.05)
<_io.TextIOWrapper name='<stderr>' mode='w' encoding='utf-8'> node index is 75
train linear regression time:  0.0512881251052022
(average_diff:0.09341785218933185, max_diff:0.33154777821707504, training_epochs:50, lr:0.05)
<_io.TextIOWrapper name='<stderr>' mode='w' encoding='utf-8'> node index is 67
train linear regression time:  0.0537686669267714
(average_diff:0.15887869923982717, max_diff:0.5619809271696988, training_epochs:50, lr:0.05)
<_io.TextIOWrapper name='<stderr>' mode='w' encoding='utf-8'> node index is 59
train linear regression time:  0.05074883298948407
(average_diff:0.10742805555124203, max_diff:0.2998819456810055, training_epochs:50, lr:0.05)
<_io.TextIOWrapper name='<stderr>' mode='w' encoding='utf-8'> node index is 49
train linear regression time:  0.05101291695609689
(average_diff:0.1706400596023024, max_diff:0.6600280271130158, training_epochs:50, lr:0.05)
<_io.TextIOWrapper name='<stderr>' mode='w' encoding='utf-8'> node index is 43
train linear regression time:  0.0518111246638
(average_diff:0.021158389275174095, max_diff:0.03159623505616438, training_epochs:50, lr:0.05)
<_io.TextIOWrapper name='<stderr>' mode='w' encoding='utf-8'> node index is 385
train linear regression time:  0.05115179205313325
(average_diff:0.00013241877968022306, max_diff:0.00018351044598563515, training_epochs:50, lr:0.05)
<_io.TextIOWrapper name='<stderr>' mode='w' encoding='utf-8'> node index is 373
train linear regression time:  0.05050054099410772
(average_diff:0.0, max_diff:0.0, training_epochs:50, lr:0.05)
<_io.TextIOWrapper name='<stderr>' mode='w' encoding='utf-8'> node index is 359
train linear regression time:  0.052740707993507385
(average_diff:0.07246587698606761, max_diff:0.21749095323633244, training_epochs:50, lr:0.05)
<_io.TextIOWrapper name='<stderr>' mode='w' encoding='utf-8'> node index is 345
train linear regression time:  0.052596124820411205
(average_diff:0.04337050381442483, max_diff:0.07600875411518343, training_epochs:50, lr:0.05)
<_io.TextIOWrapper name='<stderr>' mode='w' encoding='utf-8'> node index is 321
train linear regression time:  0.05336191691458225
(average_diff:0.06401632526450471, max_diff:0.1586923497173644, training_epochs:50, lr:0.05)
<_io.TextIOWrapper name='<stderr>' mode='w' encoding='utf-8'> node index is 295
train linear regression time:  0.052521083038300276
(average_diff:0.010780632018963987, max_diff:0.0163865194907456, training_epochs:50, lr:0.05)
<_io.TextIOWrapper name='<stderr>' mode='w' encoding='utf-8'> node index is 279
train linear regression time:  0.05374699970707297
(average_diff:1.3877787807814457e-17, max_diff:2.7755575615628914e-17, training_epochs:50, lr:0.05)
<_io.TextIOWrapper name='<stderr>' mode='w' encoding='utf-8'> node index is 263
train linear regression time:  0.05547433393076062
(average_diff:0.034553890007996656, max_diff:0.049736271268952414, training_epochs:50, lr:0.05)
<_io.TextIOWrapper name='<stderr>' mode='w' encoding='utf-8'> node index is 249
train linear regression time:  0.054474125150591135
(average_diff:0.0, max_diff:0.0, training_epochs:50, lr:0.05)
<_io.TextIOWrapper name='<stderr>' mode='w' encoding='utf-8'> node index is 237
train linear regression time:  0.05603583389893174
(average_diff:0.0019147181063549276, max_diff:0.002960615779069059, training_epochs:50, lr:0.05)
<_io.TextIOWrapper name='<stderr>' mode='w' encoding='utf-8'> node index is 265
train linear regression time:  0.054156333673745394
(average_diff:0.0, max_diff:0.0, training_epochs:50, lr:0.05)
<_io.TextIOWrapper name='<stderr>' mode='w' encoding='utf-8'> node index is 251
train linear regression time:  0.05227487487718463
(average_diff:0.09616089529416356, max_diff:0.3495523716675981, training_epochs:50, lr:0.05)
<_io.TextIOWrapper name='<stderr>' mode='w' encoding='utf-8'> node index is 239
train linear regression time:  0.051823082845658064
(average_diff:0.08770270088989658, max_diff:0.2041636214693094, training_epochs:50, lr:0.05)
<_io.TextIOWrapper name='<stderr>' mode='w' encoding='utf-8'> node index is 223
train linear regression time:  0.0521938749589026
(average_diff:0.01715765249179024, max_diff:0.028801141774194516, training_epochs:50, lr:0.05)
<_io.TextIOWrapper name='<stderr>' mode='w' encoding='utf-8'> node index is 209
train linear regression time:  0.053305791690945625
(average_diff:0.08626368834644518, max_diff:0.152039476435596, training_epochs:50, lr:0.05)
<_io.TextIOWrapper name='<stderr>' mode='w' encoding='utf-8'> node index is 199
train linear regression time:  0.05369362514466047
(average_diff:0.0857945022064889, max_diff:0.20732878173369354, training_epochs:50, lr:0.05)
<_io.TextIOWrapper name='<stderr>' mode='w' encoding='utf-8'> node index is 191
train linear regression time:  0.053735415916889906
(average_diff:0.12040942339344592, max_diff:0.21058636421584037, training_epochs:50, lr:0.05)
<_io.TextIOWrapper name='<stderr>' mode='w' encoding='utf-8'> node index is 183
train linear regression time:  0.05375862494111061
(average_diff:0.09772265998194507, max_diff:0.15049601150616593, training_epochs:50, lr:0.05)
<_io.TextIOWrapper name='<stderr>' mode='w' encoding='utf-8'> node index is 175
train linear regression time:  0.05129183316603303
(average_diff:0.08909560327057875, max_diff:0.1847054198976713, training_epochs:50, lr:0.05)
<_io.TextIOWrapper name='<stderr>' mode='w' encoding='utf-8'> node index is 167
train linear regression time:  0.05209145788103342
(average_diff:0.10634120023887421, max_diff:0.21502230121112353, training_epochs:50, lr:0.05)
<_io.TextIOWrapper name='<stderr>' mode='w' encoding='utf-8'> node index is 157
train linear regression time:  0.05118216713890433
(average_diff:0.0, max_diff:0.0, training_epochs:50, lr:0.05)
<_io.TextIOWrapper name='<stderr>' mode='w' encoding='utf-8'> node index is 323
train linear regression time:  0.05379120819270611
(average_diff:0.0, max_diff:0.0, training_epochs:50, lr:0.05)
<_io.TextIOWrapper name='<stderr>' mode='w' encoding='utf-8'> node index is 309
train linear regression time:  0.05095162522047758
(average_diff:0.10130359468567349, max_diff:0.1772436923317276, training_epochs:50, lr:0.05)
<_io.TextIOWrapper name='<stderr>' mode='w' encoding='utf-8'> node index is 297
train linear regression time:  0.050804708153009415
(average_diff:0.15889084849289686, max_diff:0.2826815843431363, training_epochs:50, lr:0.05)
<_io.TextIOWrapper name='<stderr>' mode='w' encoding='utf-8'> node index is 283
train linear regression time:  0.05053166626021266
(average_diff:0.061118831411291444, max_diff:0.13627453009525417, training_epochs:50, lr:0.05)
<_io.TextIOWrapper name='<stderr>' mode='w' encoding='utf-8'> node index is 267
train linear regression time:  0.05084120808169246
(average_diff:0.1589708451593195, max_diff:0.6030988648665445, training_epochs:50, lr:0.05)
<_io.TextIOWrapper name='<stderr>' mode='w' encoding='utf-8'> node index is 225
train linear regression time:  0.05086645809933543
(average_diff:0.21369041179948223, max_diff:0.39347147883981354, training_epochs:50, lr:0.05)
<_io.TextIOWrapper name='<stderr>' mode='w' encoding='utf-8'> node index is 211
train linear regression time:  0.050576040986925364
(average_diff:0.13101626328763505, max_diff:0.2986541454154097, training_epochs:50, lr:0.05)
<_io.TextIOWrapper name='<stderr>' mode='w' encoding='utf-8'> node index is 185
train linear regression time:  0.05143116693943739
(average_diff:0.1501362771628023, max_diff:0.4644996157149338, training_epochs:50, lr:0.05)
<_io.TextIOWrapper name='<stderr>' mode='w' encoding='utf-8'> node index is 177
train linear regression time:  0.051581083331257105
(average_diff:0.1786076277013109, max_diff:0.4239334578538995, training_epochs:50, lr:0.05)
<_io.TextIOWrapper name='<stderr>' mode='w' encoding='utf-8'> node index is 169
train linear regression time:  0.05217858264222741
(average_diff:0.0, max_diff:0.0, training_epochs:50, lr:0.05)
<_io.TextIOWrapper name='<stderr>' mode='w' encoding='utf-8'> node index is 159
train linear regression time:  0.0506370416842401
(average_diff:0.12839228535653893, max_diff:0.25126866482950433, training_epochs:50, lr:0.05)
<_io.TextIOWrapper name='<stderr>' mode='w' encoding='utf-8'> node index is 151
train linear regression time:  0.04970524972304702
(average_diff:0.03576061957113878, max_diff:0.10565897700150334, training_epochs:50, lr:0.05)
<_io.TextIOWrapper name='<stderr>' mode='w' encoding='utf-8'> node index is 135
train linear regression time:  0.050403665751218796
(average_diff:0.04729253162428707, max_diff:0.11026670346767803, training_epochs:50, lr:0.05)
<_io.TextIOWrapper name='<stderr>' mode='w' encoding='utf-8'> node index is 129
train linear regression time:  0.05104379169642925
(average_diff:0.033458619984474566, max_diff:0.10368501094190996, training_epochs:50, lr:0.05)
<_io.TextIOWrapper name='<stderr>' mode='w' encoding='utf-8'> node index is 119
train linear regression time:  0.051187584176659584
(average_diff:0.04173836868712694, max_diff:0.10772760498929496, training_epochs:50, lr:0.05)
<_io.TextIOWrapper name='<stderr>' mode='w' encoding='utf-8'> node index is 109
train linear regression time:  0.05065966723486781
(average_diff:0.04599921782132974, max_diff:0.16774857012283645, training_epochs:50, lr:0.05)
<_io.TextIOWrapper name='<stderr>' mode='w' encoding='utf-8'> node index is 99
train linear regression time:  0.05347616598010063
(average_diff:2.7755575615628914e-17, max_diff:2.7755575615628914e-17, training_epochs:50, lr:0.05)
<_io.TextIOWrapper name='<stderr>' mode='w' encoding='utf-8'> node index is 447
train linear regression time:  0.05090762488543987
(average_diff:0.021789439499530633, max_diff:0.029612345915450144, training_epochs:50, lr:0.05)
<_io.TextIOWrapper name='<stderr>' mode='w' encoding='utf-8'> node index is 441
train linear regression time:  0.05003312509506941
(average_diff:0.004239577269577531, max_diff:0.006206553985887875, training_epochs:50, lr:0.05)
<_io.TextIOWrapper name='<stderr>' mode='w' encoding='utf-8'> node index is 435
train linear regression time:  0.05076137511059642
(average_diff:0.0, max_diff:0.0, training_epochs:50, lr:0.05)
<_io.TextIOWrapper name='<stderr>' mode='w' encoding='utf-8'> node index is 429
train linear regression time:  0.05089633306488395
(average_diff:0.013740614159529088, max_diff:0.020517505413828935, training_epochs:50, lr:0.05)
<_io.TextIOWrapper name='<stderr>' mode='w' encoding='utf-8'> node index is 421
train linear regression time:  0.05072004068642855
(average_diff:0.008338622015284814, max_diff:0.22743314477009507, training_epochs:50, lr:0.05)
<_io.TextIOWrapper name='<stderr>' mode='w' encoding='utf-8'> node index is 69
train linear regression time:  0.05090120807290077
(average_diff:0.07151609227341113, max_diff:0.23908300567102525, training_epochs:50, lr:0.05)
<_io.TextIOWrapper name='<stderr>' mode='w' encoding='utf-8'> node index is 61
train linear regression time:  0.05086229182779789
(average_diff:0.06237698931138689, max_diff:0.12178115866001485, training_epochs:50, lr:0.05)
<_io.TextIOWrapper name='<stderr>' mode='w' encoding='utf-8'> node index is 53
train linear regression time:  0.05065408302471042
(average_diff:0.035334868337851426, max_diff:0.050478711765079565, training_epochs:50, lr:0.05)
<_io.TextIOWrapper name='<stderr>' mode='w' encoding='utf-8'> node index is 401
train linear regression time:  0.05107904085889459
(average_diff:2.7755575615628914e-17, max_diff:2.7755575615628914e-17, training_epochs:50, lr:0.05)
<_io.TextIOWrapper name='<stderr>' mode='w' encoding='utf-8'> node index is 387
train linear regression time:  0.05281354207545519
(average_diff:0.006210014688914807, max_diff:0.011140102114025607, training_epochs:50, lr:0.05)
<_io.TextIOWrapper name='<stderr>' mode='w' encoding='utf-8'> node index is 375
train linear regression time:  0.050772791262716055
(average_diff:0.02719840706827033, max_diff:0.044519784426993225, training_epochs:50, lr:0.05)
<_io.TextIOWrapper name='<stderr>' mode='w' encoding='utf-8'> node index is 361
train linear regression time:  0.05143166705965996
(average_diff:0.03211564428330204, max_diff:0.07798185345946682, training_epochs:50, lr:0.05)
<_io.TextIOWrapper name='<stderr>' mode='w' encoding='utf-8'> node index is 347
train linear regression time:  0.051494000013917685
(average_diff:0.10989215551742253, max_diff:0.18452374181781195, training_epochs:50, lr:0.05)
<_io.TextIOWrapper name='<stderr>' mode='w' encoding='utf-8'> node index is 311
train linear regression time:  0.050984958186745644
(average_diff:0.014044988491159552, max_diff:0.02899875544249836, training_epochs:50, lr:0.05)
<_io.TextIOWrapper name='<stderr>' mode='w' encoding='utf-8'> node index is 299
train linear regression time:  0.05082899983972311
(average_diff:0.14053166437125106, max_diff:0.42876050427890017, training_epochs:50, lr:0.05)
<_io.TextIOWrapper name='<stderr>' mode='w' encoding='utf-8'> node index is 285
train linear regression time:  0.05077295796945691
(average_diff:0.004044296359557081, max_diff:0.007083783546266653, training_epochs:50, lr:0.05)
<_io.TextIOWrapper name='<stderr>' mode='w' encoding='utf-8'> node index is 269
train linear regression time:  0.05142466723918915
(average_diff:0.008350738309202022, max_diff:0.008633753826362556, training_epochs:50, lr:0.05)
<_io.TextIOWrapper name='<stderr>' mode='w' encoding='utf-8'> node index is 415
train linear regression time:  0.05055666621774435
(average_diff:0.04875084525731781, max_diff:0.09773520665095298, training_epochs:50, lr:0.05)
<_io.TextIOWrapper name='<stderr>' mode='w' encoding='utf-8'> node index is 411
train linear regression time:  0.05308495927602053
(average_diff:1.055505196019546e-05, max_diff:1.1387997337242162e-05, training_epochs:50, lr:0.05)
<_io.TextIOWrapper name='<stderr>' mode='w' encoding='utf-8'> node index is 403
train linear regression time:  0.05029812501743436
(average_diff:0.03084100440250404, max_diff:0.06639075271490422, training_epochs:50, lr:0.05)
<_io.TextIOWrapper name='<stderr>' mode='w' encoding='utf-8'> node index is 389
train linear regression time:  0.050697332713752985
(average_diff:0.06184370148138629, max_diff:0.14509264108725517, training_epochs:50, lr:0.05)
<_io.TextIOWrapper name='<stderr>' mode='w' encoding='utf-8'> node index is 377
train linear regression time:  0.05074887489899993
(average_diff:0.005800298437638074, max_diff:0.008801706435902834, training_epochs:50, lr:0.05)
<_io.TextIOWrapper name='<stderr>' mode='w' encoding='utf-8'> node index is 363
train linear regression time:  0.05024912487715483
(average_diff:3.191891195797325e-16, max_diff:5.273559366969494e-16, training_epochs:50, lr:0.05)
<_io.TextIOWrapper name='<stderr>' mode='w' encoding='utf-8'> node index is 349
train linear regression time:  0.05349095771089196
(average_diff:0.04414549519333694, max_diff:0.08892238661145727, training_epochs:50, lr:0.05)
<_io.TextIOWrapper name='<stderr>' mode='w' encoding='utf-8'> node index is 335
train linear regression time:  0.05018408317118883
(average_diff:0.01751117597913849, max_diff:0.034214077660176034, training_epochs:50, lr:0.05)
<_io.TextIOWrapper name='<stderr>' mode='w' encoding='utf-8'> node index is 325
train linear regression time:  0.049845749977976084
(average_diff:0.10268482387117392, max_diff:0.2703515362549401, training_epochs:50, lr:0.05)
<_io.TextIOWrapper name='<stderr>' mode='w' encoding='utf-8'> node index is 313
train linear regression time:  0.052666916977614164
(average_diff:0.0, max_diff:0.0, training_epochs:50, lr:0.05)
<_io.TextIOWrapper name='<stderr>' mode='w' encoding='utf-8'> node index is 443
train linear regression time:  0.05057008285075426
(average_diff:0.07147023575056329, max_diff:0.11628195785526656, training_epochs:50, lr:0.05)
<_io.TextIOWrapper name='<stderr>' mode='w' encoding='utf-8'> node index is 431
train linear regression time:  0.052336125168949366
(average_diff:0.0, max_diff:0.0, training_epochs:50, lr:0.05)
<_io.TextIOWrapper name='<stderr>' mode='w' encoding='utf-8'> node index is 425
train linear regression time:  0.05041533289477229
(average_diff:1.7416692174337944e-05, max_diff:1.7982815521511153e-05, training_epochs:50, lr:0.05)
<_io.TextIOWrapper name='<stderr>' mode='w' encoding='utf-8'> node index is 419
train linear regression time:  0.05065870890393853
(average_diff:0.002607065072538939, max_diff:0.003911799115097925, training_epochs:50, lr:0.05)
<_io.TextIOWrapper name='<stderr>' mode='w' encoding='utf-8'> node index is 413
train linear regression time:  0.050798125099390745
(average_diff:0.0004110086163122695, max_diff:0.0004123062713615733, training_epochs:50, lr:0.05)
<_io.TextIOWrapper name='<stderr>' mode='w' encoding='utf-8'> node index is 405
train linear regression time:  0.05261129094287753
(average_diff:0.0, max_diff:0.0, training_epochs:50, lr:0.05)
<_io.TextIOWrapper name='<stderr>' mode='w' encoding='utf-8'> node index is 391
train linear regression time:  0.05053133424371481
(average_diff:3.1642898858930124e-06, max_diff:3.1966487666901244e-06, training_epochs:50, lr:0.05)
<_io.TextIOWrapper name='<stderr>' mode='w' encoding='utf-8'> node index is 379
train linear regression time:  0.05083349999040365
(average_diff:0.045206789430299925, max_diff:0.10064650413075737, training_epochs:50, lr:0.05)
<_io.TextIOWrapper name='<stderr>' mode='w' encoding='utf-8'> node index is 365
train linear regression time:  0.050713499542325735
(average_diff:0.0, max_diff:0.0, training_epochs:50, lr:0.05)
<_io.TextIOWrapper name='<stderr>' mode='w' encoding='utf-8'> node index is 351
train linear regression time:  0.050091042183339596
(average_diff:0.002243403334171709, max_diff:0.0023145702674528257, training_epochs:50, lr:0.05)
<_io.TextIOWrapper name='<stderr>' mode='w' encoding='utf-8'> node index is 337
train linear regression time:  0.051447208039462566
(average_diff:0.1523017362416267, max_diff:0.48712166102430654, training_epochs:50, lr:0.05)
<_io.TextIOWrapper name='<stderr>' mode='w' encoding='utf-8'> node index is 393
train linear regression time:  0.05140350013971329
(average_diff:1.6653345369377348e-16, max_diff:2.220446049250313e-16, training_epochs:50, lr:0.05)
<_io.TextIOWrapper name='<stderr>' mode='w' encoding='utf-8'> node index is 301
train linear regression time:  0.050669874995946884
(average_diff:0.08613858917374236, max_diff:0.2098115402056993, training_epochs:50, lr:0.05)
<_io.TextIOWrapper name='<stderr>' mode='w' encoding='utf-8'> node index is 271
train linear regression time:  0.050746167078614235
(average_diff:0.09032590715086244, max_diff:0.1356424075168739, training_epochs:50, lr:0.05)
<_io.TextIOWrapper name='<stderr>' mode='w' encoding='utf-8'> node index is 253
train linear regression time:  0.050530083011835814
(average_diff:0.00048057567166026144, max_diff:0.0007024462541350696, training_epochs:50, lr:0.05)
<_io.TextIOWrapper name='<stderr>' mode='w' encoding='utf-8'> node index is 227
train linear regression time:  0.051410417072474957
(average_diff:0.05787797807055679, max_diff:0.12666540394882925, training_epochs:50, lr:0.05)
<_io.TextIOWrapper name='<stderr>' mode='w' encoding='utf-8'> node index is 213
train linear regression time:  0.05066116712987423
(average_diff:0.0532591562043835, max_diff:0.11152606888753933, training_epochs:50, lr:0.05)
<_io.TextIOWrapper name='<stderr>' mode='w' encoding='utf-8'> node index is 201
train linear regression time:  0.05120699992403388
(average_diff:1.0354347379504247e-08, max_diff:1.1093719054500184e-08, training_epochs:50, lr:0.05)
<_io.TextIOWrapper name='<stderr>' mode='w' encoding='utf-8'> node index is 193
train linear regression time:  0.05028658313676715
(average_diff:0.03261819313103269, max_diff:0.0901651336300241, training_epochs:50, lr:0.05)
<_io.TextIOWrapper name='<stderr>' mode='w' encoding='utf-8'> node index is 187
train linear regression time:  0.05073387501761317
(average_diff:0.029769591673998803, max_diff:0.06518016600228649, training_epochs:50, lr:0.05)
<_io.TextIOWrapper name='<stderr>' mode='w' encoding='utf-8'> node index is 179
train linear regression time:  0.05098529206588864
(average_diff:0.0, max_diff:0.0, training_epochs:50, lr:0.05)
<_io.TextIOWrapper name='<stderr>' mode='w' encoding='utf-8'> node index is 171
train linear regression time:  0.05072837509214878
(average_diff:0.025631831158206775, max_diff:0.05608003395571143, training_epochs:50, lr:0.05)
<_io.TextIOWrapper name='<stderr>' mode='w' encoding='utf-8'> node index is 161
train linear regression time:  0.04981775023043156
(average_diff:0.0, max_diff:0.0, training_epochs:50, lr:0.05)
<_io.TextIOWrapper name='<stderr>' mode='w' encoding='utf-8'> node index is 367
train linear regression time:  0.05113929230719805
(average_diff:0.0, max_diff:0.0, training_epochs:50, lr:0.05)
<_io.TextIOWrapper name='<stderr>' mode='w' encoding='utf-8'> node index is 353
train linear regression time:  0.05057995906099677
(average_diff:0.0005398791427104754, max_diff:0.0005461394448031953, training_epochs:50, lr:0.05)
<_io.TextIOWrapper name='<stderr>' mode='w' encoding='utf-8'> node index is 339
train linear regression time:  0.05089691607281566
(average_diff:0.020366270376004247, max_diff:0.04129978858807615, training_epochs:50, lr:0.05)
<_io.TextIOWrapper name='<stderr>' mode='w' encoding='utf-8'> node index is 327
train linear regression time:  0.05089091695845127
(average_diff:0.014064090397840536, max_diff:0.029696530316699277, training_epochs:50, lr:0.05)
<_io.TextIOWrapper name='<stderr>' mode='w' encoding='utf-8'> node index is 315
train linear regression time:  0.05244137533009052
(average_diff:1.1127286955921651e-06, max_diff:1.7306171967712558e-06, training_epochs:50, lr:0.05)
<_io.TextIOWrapper name='<stderr>' mode='w' encoding='utf-8'> node index is 303
train linear regression time:  0.05074583273380995
(average_diff:0.03631456767274049, max_diff:0.06532477350288068, training_epochs:50, lr:0.05)
<_io.TextIOWrapper name='<stderr>' mode='w' encoding='utf-8'> node index is 287
train linear regression time:  0.05089920898899436
(average_diff:0.13900563206384994, max_diff:0.19771912635378627, training_epochs:50, lr:0.05)
<_io.TextIOWrapper name='<stderr>' mode='w' encoding='utf-8'> node index is 273
train linear regression time:  0.050803832709789276
(average_diff:0.1155857213599871, max_diff:0.48024426115298635, training_epochs:50, lr:0.05)
<_io.TextIOWrapper name='<stderr>' mode='w' encoding='utf-8'> node index is 255
train linear regression time:  0.05052729230374098
(average_diff:5.551115123125783e-17, max_diff:1.1102230246251565e-16, training_epochs:50, lr:0.05)
<_io.TextIOWrapper name='<stderr>' mode='w' encoding='utf-8'> node index is 241
train linear regression time:  0.050797708332538605
(average_diff:0.1744286996127178, max_diff:0.5379764504053137, training_epochs:50, lr:0.05)
<_io.TextIOWrapper name='<stderr>' mode='w' encoding='utf-8'> node index is 229
train linear regression time:  0.05092062475159764
(average_diff:0.1342233327484569, max_diff:0.3500660551101412, training_epochs:50, lr:0.05)
<_io.TextIOWrapper name='<stderr>' mode='w' encoding='utf-8'> node index is 215
train linear regression time:  0.049880709033459425
(average_diff:0.03521006370559595, max_diff:0.09338936342250892, training_epochs:50, lr:0.05)
<_io.TextIOWrapper name='<stderr>' mode='w' encoding='utf-8'> node index is 203
train linear regression time:  0.052961624693125486
(average_diff:0.020628606354397987, max_diff:0.054673373570824024, training_epochs:50, lr:0.05)
<_io.TextIOWrapper name='<stderr>' mode='w' encoding='utf-8'> node index is 195
train linear regression time:  0.050779541954398155
(average_diff:0.21660442713810588, max_diff:0.3351181690666968, training_epochs:50, lr:0.05)
<_io.TextIOWrapper name='<stderr>' mode='w' encoding='utf-8'> node index is 7
train linear regression time:  0.05055779172107577
(average_diff:0.11980222228240839, max_diff:0.31537542990439876, training_epochs:50, lr:0.05)
<_io.TextIOWrapper name='<stderr>' mode='w' encoding='utf-8'> node index is 5
train linear regression time:  0.050269541796296835
testFringe time:  10.722749375272542
<_io.TextIOWrapper name='<stderr>' mode='w' encoding='utf-8'> =============== update finished ===============

*** Writing Game File 61***

<_io.TextIOWrapper name='../print_tree_record_numpy/print_DM_boost_linear_tree_split.txt' mode='w' encoding='UTF-8'> idx1(Q:0.4008, distinct_name:0, dictinctin_value:2.569683891588169, par:None)
	idx4(Q:0.4013, distinct_name:0, dictinctin_value:2.507749956207568, par:1)
		idx6(Q:0.4013, distinct_name:0, dictinctin_value:-0.050698982385153205, par:4)
			idx8(Q:0.4581, distinct_name:0, dictinctin_value:-0.5002368440471089, par:6)
				idx10(Q:0.5052, distinct_name:3, dictinctin_value:0.7373220788164561, par:8)
					idx12(Q:0.4793, distinct_name:1, dictinctin_value:0.8498558206992594, par:10)
						idx18(Q:0.4266, distinct_name:2, dictinctin_value:0.8559921607301466, par:12)
							idx24(Q:0.4227, distinct_name:0, dictinctin_value:-0.5901212893723445, par:18)
								idx30(Q:0.4304, distinct_name:2, dictinctin_value:0.5095422779981766, par:24)
									idx38(Q:0.4515, distinct_name:2, dictinctin_value:0.24909091887867726, par:30)
										idx44(Q:0.4824, distinct_name:2, dictinctin_value:-0.06052347242753761, par:38)
											idx54(Q:0.5335, distinct_name:2, dictinctin_value:-0.16873413911779458, par:44)
												idx62(Q:0.5562, distinct_name:2, dictinctin_value:-0.3117760123070312, par:54)
													idx70(Q:0.6000, distinct_name:2, dictinctin_value:-0.36929151673896154, par:62)
														idx76(Q:0.6253, distinct_name:2, dictinctin_value:-0.4513587540231024, par:70)
															idx82(Q:0.6596, distinct_name:2, dictinctin_value:-0.49926091712096626, par:76)
																idx90(Q:0.6754, distinct_name:2, dictinctin_value:-0.5261921216626007, par:82)
																	idx100(Q:0.6884, distinct_name:2, dictinctin_value:-0.5682634996789567, par:90)
																		idx110(Q:0.7042, distinct_name:2, dictinctin_value:-0.576514535000767, par:100)
																			idx120(Q:0.7082, par:110)
																			idx121(Q:0.4001, par:110)
																		idx111(Q:0.3601, par:100)
																	idx101(Q:0.3735, par:90)
																idx91(Q:0.3238, par:82)
															idx83(Q:0.2957, par:76)
														idx77(Q:0.2786, par:70)
													idx71(Q:0.2746, par:62)
												idx63(Q:0.2326, par:54)
											idx55(Q:0.2296, distinct_name:0, dictinctin_value:-0.6476910175840919, par:44)
												idx464(Q:0.2331, distinct_name:3, dictinctin_value:0.6680194197252473, par:55)
													idx468(Q:0.2301, distinct_name:0, dictinctin_value:-0.6858015235311999, par:464)
														idx474(Q:0.2308, par:468)
														idx475(Q:0.1567, par:468)
													idx469(Q:0.3863, par:464)
												idx465(Q:0.1101, par:55)
										idx45(Q:0.2446, par:38)
									idx39(Q:0.3056, distinct_name:1, dictinctin_value:0.8040063207197937, par:30)
										idx426(Q:0.3039, distinct_name:2, dictinctin_value:0.8419373683110459, par:39)
											idx432(Q:0.3058, distinct_name:0, dictinctin_value:-0.6009391153368029, par:426)
												idx444(Q:0.3082, distinct_name:0, dictinctin_value:-0.6041087413020046, par:432)
													idx448(Q:0.3079, distinct_name:0, dictinctin_value:-0.6100701052011255, par:444)
														idx456(Q:0.3077, distinct_name:0, dictinctin_value:-0.6407957166920598, par:448)
															idx460(Q:0.3128, distinct_name:0, dictinctin_value:-0.6555246386975058, par:456)
																idx466(Q:0.3157, distinct_name:0, dictinctin_value:-0.6720161756487143, par:460)
																	idx470(Q:0.3204, distinct_name:0, dictinctin_value:-0.6781083126032775, par:466)
																		idx472(Q:0.3203, distinct_name:0, dictinctin_value:-0.7020609777266955, par:470)
																			idx476(Q:0.3238, par:472)
																			idx477(Q:0.2334, par:472)
																		idx473(Q:0.3250, par:470)
																	idx471(Q:0.0686, par:466)
																idx467(Q:0.1550, par:460)
															idx461(Q:0.1206, par:456)
														idx457(Q:0.3118, par:448)
													idx449(Q:0.3527, par:444)
												idx445(Q:0.1599, par:432)
											idx433(Q:0.1937, par:426)
										idx427(Q:0.4094, par:39)
								idx31(Q:0.3496, par:24)
							idx25(Q:0.4440, distinct_name:0, dictinctin_value:-0.5389580903277561, par:18)
								idx216(Q:0.4476, distinct_name:0, dictinctin_value:-0.5573162410999996, par:25)
									idx230(Q:0.4494, distinct_name:0, dictinctin_value:-0.5917620279880862, par:216)
										idx242(Q:0.4620, distinct_name:1, dictinctin_value:0.8127647407611875, par:230)
											idx256(Q:0.4557, distinct_name:0, dictinctin_value:-0.6131626140571143, par:242)
												idx288(Q:0.4586, distinct_name:0, dictinctin_value:-0.7076582377440916, par:256)
													idx304(Q:0.4765, distinct_name:0, dictinctin_value:-0.717862250694298, par:288)
														idx316(Q:0.4799, distinct_name:0, dictinctin_value:-0.7734253050900186, par:304)
															idx328(Q:0.4862, distinct_name:0, dictinctin_value:-0.7970945326559435, par:316)
																idx340(Q:0.4880, distinct_name:3, dictinctin_value:0.6595389343928215, par:328)
																	idx354(Q:0.4806, distinct_name:3, dictinctin_value:0.6186331758365281, par:340)
																		idx368(Q:0.4744, distinct_name:3, dictinctin_value:0.5952455969358141, par:354)
																			idx380(Q:0.4757, par:368)
																			idx381(Q:0.4140, par:368)
																		idx369(Q:0.9254, par:354)
																	idx355(Q:0.8422, par:340)
																idx341(Q:0.3979, par:328)
															idx329(Q:0.3438, par:316)
														idx317(Q:0.3428, par:304)
													idx305(Q:0.2976, par:288)
												idx289(Q:0.1966, par:256)
											idx257(Q:0.6915, par:242)
										idx243(Q:0.2531, par:230)
									idx231(Q:0.3288, par:216)
								idx217(Q:0.3523, par:25)
						idx19(Q:0.6986, distinct_name:0, dictinctin_value:-0.5046072639210131, par:12)
							idx152(Q:0.6984, distinct_name:2, dictinctin_value:1.74305991171075, par:19)
								idx162(Q:0.6891, distinct_name:2, dictinctin_value:1.5651912903147052, par:152)
									idx172(Q:0.6789, distinct_name:2, dictinctin_value:1.0939968976733132, par:162)
										idx180(Q:0.6560, distinct_name:2, dictinctin_value:0.9064820637809338, par:172)
											idx188(Q:0.6421, distinct_name:2, dictinctin_value:0.8130327408821636, par:180)
												idx196(Q:0.6363, distinct_name:2, dictinctin_value:0.714578820015968, par:188)
													idx204(Q:0.6347, distinct_name:0, dictinctin_value:-0.5137296726081428, par:196)
														idx218(Q:0.6353, distinct_name:2, dictinctin_value:0.4860989258104936, par:204)
															idx232(Q:0.6355, distinct_name:1, dictinctin_value:2.2330900660097845, par:218)
																idx244(Q:0.6289, distinct_name:2, dictinctin_value:0.44559578649865966, par:232)
																	idx258(Q:0.6251, distinct_name:2, dictinctin_value:0.32419638005931734, par:244)
																		idx274(Q:0.6248, distinct_name:0, dictinctin_value:-0.5233031664270825, par:258)
																			idx290(Q:0.6249, par:274)
																			idx291(Q:0.6173, par:274)
																		idx275(Q:0.6332, par:258)
																	idx259(Q:0.7701, par:244)
																idx245(Q:0.9544, par:232)
															idx233(Q:0.6321, par:218)
														idx219(Q:0.5718, par:204)
													idx205(Q:0.6856, par:196)
												idx197(Q:0.8253, par:188)
											idx189(Q:0.8992, par:180)
										idx181(Q:0.9857, par:172)
									idx173(Q:0.9845, par:162)
								idx163(Q:1.0540, par:152)
							idx153(Q:0.7365, par:19)
					idx13(Q:0.5869, distinct_name:2, dictinctin_value:1.929601246827043, par:10)
						idx92(Q:0.5746, distinct_name:1, dictinctin_value:1.2557733390904973, par:13)
							idx102(Q:0.5452, distinct_name:2, dictinctin_value:1.4527612583425853, par:92)
								idx112(Q:0.5304, distinct_name:2, dictinctin_value:1.3531114404933846, par:102)
									idx122(Q:0.5284, distinct_name:2, dictinctin_value:1.0639310625609943, par:112)
										idx130(Q:0.5154, distinct_name:2, dictinctin_value:0.8759607452183222, par:122)
											idx136(Q:0.5085, distinct_name:2, dictinctin_value:0.6228991526328211, par:130)
												idx142(Q:0.5061, distinct_name:2, dictinctin_value:0.4885947458466264, par:136)
													idx146(Q:0.4963, distinct_name:1, dictinctin_value:1.1059975491047376, par:142)
														idx148(Q:0.4873, distinct_name:3, dictinctin_value:2.363964647313972, par:146)
															idx154(Q:0.4799, distinct_name:3, dictinctin_value:1.536573712246935, par:148)
																idx164(Q:0.4523, distinct_name:1, dictinctin_value:0.49075596239548774, par:154)
																	idx206(Q:0.4243, distinct_name:3, dictinctin_value:1.525286896575752, par:164)
																		idx220(Q:0.4237, distinct_name:2, dictinctin_value:0.38874536608000104, par:206)
																			idx234(Q:0.4283, par:220)
																			idx235(Q:0.2567, par:220)
																		idx221(Q:0.4555, par:206)
																	idx207(Q:0.6294, par:164)
																idx165(Q:0.6121, par:154)
															idx155(Q:0.6840, par:148)
														idx149(Q:0.7713, par:146)
													idx147(Q:0.5965, par:142)
												idx143(Q:0.5389, par:136)
											idx137(Q:0.6542, par:130)
										idx131(Q:0.7388, par:122)
									idx123(Q:0.6170, par:112)
								idx113(Q:0.8319, par:102)
							idx103(Q:0.9504, par:92)
						idx93(Q:1.0393, par:13)
				idx11(Q:0.3761, distinct_name:3, dictinctin_value:1.284568987543642, par:8)
					idx32(Q:0.3512, distinct_name:3, dictinctin_value:0.5763111575206541, par:11)
						idx40(Q:0.3360, distinct_name:2, dictinctin_value:1.4159847670297276, par:32)
							idx46(Q:0.3253, distinct_name:2, dictinctin_value:0.8764611652526798, par:40)
								idx56(Q:0.3327, distinct_name:2, dictinctin_value:0.6776552612944613, par:46)
									idx64(Q:0.3372, distinct_name:0, dictinctin_value:-0.10007893227380851, par:56)
										idx72(Q:0.3363, distinct_name:2, dictinctin_value:0.481251420222257, par:64)
											idx78(Q:0.3493, distinct_name:2, dictinctin_value:0.43236682950932387, par:72)
												idx84(Q:0.3538, distinct_name:2, dictinctin_value:0.2322739018313544, par:78)
													idx94(Q:0.3760, distinct_name:2, dictinctin_value:0.1692901075380102, par:84)
														idx104(Q:0.3871, distinct_name:2, dictinctin_value:0.044622068949871425, par:94)
															idx114(Q:0.4053, distinct_name:2, dictinctin_value:-0.04421252452423217, par:104)
																idx124(Q:0.4250, distinct_name:2, dictinctin_value:-0.12551407150931976, par:114)
																	idx132(Q:0.4442, distinct_name:2, dictinctin_value:-0.16179863391045127, par:124)
																		idx138(Q:0.4546, distinct_name:2, dictinctin_value:-0.1987692173924826, par:132)
																			idx144(Q:0.4725, par:138)
																			idx145(Q:0.1575, par:138)
																		idx139(Q:0.1611, par:132)
																	idx133(Q:0.1947, par:124)
																idx125(Q:0.1283, par:114)
															idx115(Q:0.1890, par:104)
														idx105(Q:0.1671, par:94)
													idx95(Q:0.1530, par:84)
												idx85(Q:0.1631, par:78)
											idx79(Q:0.1903, par:72)
										idx73(Q:0.3465, par:64)
									idx65(Q:0.2721, par:56)
								idx57(Q:0.2799, par:46)
							idx47(Q:0.4407, par:40)
						idx41(Q:0.4135, distinct_name:3, dictinctin_value:1.2541204520301295, par:32)
							idx246(Q:0.4090, distinct_name:0, dictinctin_value:-0.05401988313827026, par:41)
								idx260(Q:0.4093, distinct_name:2, dictinctin_value:2.0807886731763334, par:246)
									idx276(Q:0.3989, distinct_name:2, dictinctin_value:1.8994422532815647, par:260)
										idx292(Q:0.3935, distinct_name:1, dictinctin_value:1.2716943858922887, par:276)
											idx306(Q:0.3723, distinct_name:2, dictinctin_value:1.8085097405850585, par:292)
												idx318(Q:0.3601, distinct_name:0, dictinctin_value:-0.06832580226386262, par:306)
													idx330(Q:0.3575, distinct_name:1, dictinctin_value:1.0161843934440484, par:318)
														idx342(Q:0.3513, distinct_name:0, dictinctin_value:-0.11082738421514442, par:330)
															idx356(Q:0.3495, distinct_name:0, dictinctin_value:-0.1239714467724242, par:342)
																idx370(Q:0.3509, distinct_name:1, dictinctin_value:0.8661774768232812, par:356)
																	idx382(Q:0.3462, distinct_name:0, dictinctin_value:-0.13038566790821624, par:370)
																		idx396(Q:0.3452, distinct_name:1, dictinctin_value:0.7685182247259327, par:382)
																			idx406(Q:0.3395, par:396)
																			idx407(Q:0.5249, par:396)
																		idx397(Q:0.4086, par:382)
																	idx383(Q:0.5070, par:370)
																idx371(Q:0.1581, par:356)
															idx357(Q:0.3737, par:342)
														idx343(Q:0.4879, par:330)
													idx331(Q:0.5556, par:318)
												idx319(Q:0.8472, par:306)
											idx307(Q:0.6198, par:292)
										idx293(Q:0.8758, par:276)
									idx277(Q:0.8690, par:260)
								idx261(Q:0.3940, par:246)
							idx247(Q:0.6228, par:41)
					idx33(Q:0.5890, distinct_name:2, dictinctin_value:1.8206658800741853, par:11)
						idx436(Q:0.5759, distinct_name:0, dictinctin_value:-0.055487221535360155, par:33)
							idx438(Q:0.5724, distinct_name:0, dictinctin_value:-0.06661868934946451, par:436)
								idx450(Q:0.5737, distinct_name:2, dictinctin_value:1.6280055741424861, par:438)
									idx458(Q:0.5630, distinct_name:2, dictinctin_value:1.4609118350831285, par:450)
										idx462(Q:0.5542, distinct_name:0, dictinctin_value:-0.06716992247771125, par:458)
											idx478(Q:0.5567, par:462)
											idx479(Q:0.3023, par:462)
										idx463(Q:0.8604, par:458)
									idx459(Q:0.9430, par:450)
								idx451(Q:0.4295, par:438)
							idx439(Q:0.9613, par:436)
						idx437(Q:0.9447, par:33)
			idx9(Q:0.3483, distinct_name:1, dictinctin_value:1.4532912275447858, par:6)
				idx14(Q:0.3287, distinct_name:0, dictinctin_value:0.6708677617788001, par:9)
					idx16(Q:0.3454, distinct_name:0, dictinctin_value:0.5219929201544601, par:14)
						idx20(Q:0.3434, distinct_name:0, dictinctin_value:0.38200451643824146, par:16)
							idx26(Q:0.3498, distinct_name:0, dictinctin_value:0.29175973898130836, par:20)
								idx34(Q:0.3506, distinct_name:3, dictinctin_value:1.2405945003824483, par:26)
									idx42(Q:0.3203, distinct_name:2, dictinctin_value:1.6139678071673451, par:34)
										idx48(Q:0.3164, distinct_name:1, dictinctin_value:1.0148453699076618, par:42)
											idx58(Q:0.3038, distinct_name:2, dictinctin_value:0.8422101128546527, par:48)
												idx66(Q:0.3119, distinct_name:2, dictinctin_value:0.5718071591898053, par:58)
													idx74(Q:0.3252, distinct_name:2, dictinctin_value:0.3335199702259944, par:66)
														idx80(Q:0.3518, distinct_name:2, dictinctin_value:0.2585267021680285, par:74)
															idx86(Q:0.3577, distinct_name:2, dictinctin_value:0.13295569297273957, par:80)
																idx96(Q:0.3747, distinct_name:2, dictinctin_value:0.0933394603867821, par:86)
																	idx106(Q:0.3807, distinct_name:2, dictinctin_value:0.047951172568074005, par:96)
																		idx116(Q:0.3887, distinct_name:2, dictinctin_value:-0.0025517231675584334, par:106)
																			idx126(Q:0.3948, par:116)
																			idx127(Q:0.1413, par:116)
																		idx117(Q:0.1601, par:106)
																	idx107(Q:0.1173, par:96)
																idx97(Q:0.1278, par:86)
															idx87(Q:0.1781, par:80)
														idx81(Q:0.1494, par:74)
													idx75(Q:0.1874, par:66)
												idx67(Q:0.2600, par:58)
											idx59(Q:0.4347, par:48)
										idx49(Q:0.4030, par:42)
									idx43(Q:0.5581, par:34)
								idx35(Q:0.3462, distinct_name:1, dictinctin_value:1.344826515865718, par:26)
									idx236(Q:0.3444, distinct_name:3, dictinctin_value:1.6897348587436034, par:35)
										idx248(Q:0.3336, distinct_name:1, dictinctin_value:1.2341402111364463, par:236)
											idx262(Q:0.3349, distinct_name:3, dictinctin_value:1.3356049450605056, par:248)
												idx278(Q:0.3352, distinct_name:2, dictinctin_value:1.6241822054726756, par:262)
													idx294(Q:0.3261, distinct_name:0, dictinctin_value:0.3731119474318981, par:278)
														idx320(Q:0.3226, distinct_name:3, dictinctin_value:1.2759579982069145, par:294)
															idx344(Q:0.3092, distinct_name:0, dictinctin_value:0.37304242798500226, par:320)
																idx358(Q:0.3091, distinct_name:0, dictinctin_value:0.3707677109507447, par:344)
																	idx372(Q:0.3129, distinct_name:0, dictinctin_value:0.3697040787425107, par:358)
																		idx384(Q:0.3135, distinct_name:2, dictinctin_value:1.3789177574365135, par:372)
																			idx398(Q:0.3098, par:384)
																			idx399(Q:0.3864, par:384)
																		idx385(Q:0.2850, par:372)
																	idx373(Q:0.1232, par:358)
																idx359(Q:0.3297, par:344)
															idx345(Q:0.6603, par:320)
														idx321(Q:0.4193, par:294)
													idx295(Q:0.5491, par:278)
												idx279(Q:0.3230, par:262)
											idx263(Q:0.2222, par:248)
										idx249(Q:0.7279, par:236)
									idx237(Q:0.5098, par:35)
							idx27(Q:0.3210, distinct_name:2, dictinctin_value:1.5527241962490086, par:20)
								idx156(Q:0.3170, distinct_name:0, dictinctin_value:0.5137061072990365, par:27)
									idx166(Q:0.3217, distinct_name:0, dictinctin_value:0.5083060291160676, par:156)
										idx174(Q:0.3238, distinct_name:1, dictinctin_value:1.235555391656205, par:166)
											idx182(Q:0.3247, distinct_name:0, dictinctin_value:0.499318407708209, par:174)
												idx190(Q:0.3316, distinct_name:3, dictinctin_value:1.6437138459193195, par:182)
													idx198(Q:0.3236, distinct_name:0, dictinctin_value:0.4978828276393789, par:190)
														idx208(Q:0.3264, distinct_name:2, dictinctin_value:1.3588453420210258, par:198)
															idx222(Q:0.3232, distinct_name:2, dictinctin_value:0.9721483625475897, par:208)
																idx238(Q:0.3237, distinct_name:0, dictinctin_value:0.4972801494332726, par:222)
																	idx250(Q:0.3210, distinct_name:2, dictinctin_value:0.944961054171824, par:238)
																		idx264(Q:0.3252, distinct_name:2, dictinctin_value:0.872803430709856, par:250)
																			idx280(Q:0.3301, par:264)
																			idx281(Q:0.2195, par:264)
																		idx265(Q:0.0703, par:250)
																	idx251(Q:0.5718, par:238)
																idx239(Q:0.3161, par:222)
															idx223(Q:0.4053, par:208)
														idx209(Q:0.1809, par:198)
													idx199(Q:0.6635, par:190)
												idx191(Q:0.2381, par:182)
											idx183(Q:0.3014, par:174)
										idx175(Q:0.2655, par:166)
									idx167(Q:0.2552, par:156)
								idx157(Q:0.4297, par:27)
						idx21(Q:0.3538, distinct_name:1, dictinctin_value:1.3201670622027022, par:16)
							idx150(Q:0.3520, distinct_name:1, dictinctin_value:1.2234607090751204, par:21)
								idx158(Q:0.3525, distinct_name:1, dictinctin_value:1.0226433736171432, par:150)
									idx168(Q:0.3456, distinct_name:0, dictinctin_value:0.6649352976939671, par:158)
										idx176(Q:0.3447, distinct_name:2, dictinctin_value:1.8028367177150562, par:168)
											idx184(Q:0.3408, distinct_name:3, dictinctin_value:1.321083281680176, par:176)
												idx210(Q:0.3198, distinct_name:1, dictinctin_value:0.7493197611500411, par:184)
													idx224(Q:0.3168, distinct_name:2, dictinctin_value:1.1954012588052898, par:210)
														idx266(Q:0.3156, distinct_name:1, dictinctin_value:0.6035401367847275, par:224)
															idx282(Q:0.3185, distinct_name:1, dictinctin_value:0.5166827335099701, par:266)
																idx296(Q:0.3246, distinct_name:0, dictinctin_value:0.663963378246939, par:282)
																	idx308(Q:0.3220, distinct_name:0, dictinctin_value:0.6638782806630827, par:296)
																		idx322(Q:0.3195, distinct_name:2, dictinctin_value:1.1091905022156634, par:308)
																			idx332(Q:0.3227, par:322)
																			idx333(Q:0.1856, par:322)
																		idx323(Q:0.7405, par:308)
																	idx309(Q:0.7765, par:296)
																idx297(Q:0.1859, par:282)
															idx283(Q:0.2386, par:266)
														idx267(Q:0.3330, par:224)
													idx225(Q:0.3440, par:210)
												idx211(Q:0.5601, par:184)
											idx185(Q:0.4344, par:176)
										idx177(Q:0.3676, par:168)
									idx169(Q:0.5420, par:158)
								idx159(Q:0.2851, par:150)
							idx151(Q:0.4182, par:21)
					idx17(Q:0.3102, distinct_name:3, dictinctin_value:0.8871619234739136, par:14)
						idx22(Q:0.2794, distinct_name:1, dictinctin_value:0.895274831679809, par:17)
							idx28(Q:0.2642, distinct_name:3, dictinctin_value:0.4147697243292515, par:22)
								idx36(Q:0.2567, distinct_name:3, dictinctin_value:-0.009439492879810042, par:28)
									idx50(Q:0.2530, distinct_name:0, dictinctin_value:2.3121117874404824, par:36)
										idx52(Q:0.2538, distinct_name:0, dictinctin_value:1.9483716250181808, par:50)
											idx60(Q:0.2564, distinct_name:3, dictinctin_value:-0.018025248765568658, par:52)
												idx68(Q:0.2641, distinct_name:2, dictinctin_value:0.8033765660185509, par:60)
													idx88(Q:0.2671, distinct_name:2, dictinctin_value:0.6003623148969123, par:68)
														idx98(Q:0.2754, distinct_name:2, dictinctin_value:0.5329635912790776, par:88)
															idx108(Q:0.2816, distinct_name:2, dictinctin_value:0.3621996786015208, par:98)
																idx118(Q:0.2953, distinct_name:3, dictinctin_value:-0.05260374571449391, par:108)
																	idx128(Q:0.2973, distinct_name:2, dictinctin_value:0.22149263805201816, par:118)
																		idx134(Q:0.3129, distinct_name:2, dictinctin_value:0.13324256965432388, par:128)
																			idx140(Q:0.3257, par:134)
																			idx141(Q:0.1306, par:134)
																		idx135(Q:0.1421, par:128)
																	idx129(Q:0.2473, par:118)
																idx119(Q:0.1436, par:108)
															idx109(Q:0.1686, par:98)
														idx99(Q:0.1703, par:88)
													idx89(Q:0.2553, distinct_name:0, dictinctin_value:1.9001636825637473, par:68)
														idx420(Q:0.2531, distinct_name:0, dictinctin_value:1.8970534364477791, par:89)
															idx428(Q:0.2534, distinct_name:0, dictinctin_value:1.7864713255325577, par:420)
																idx434(Q:0.2541, distinct_name:0, dictinctin_value:1.7345810667045185, par:428)
																	idx440(Q:0.2512, distinct_name:0, dictinctin_value:1.7300479805066988, par:434)
																		idx446(Q:0.2521, distinct_name:0, dictinctin_value:1.6826477660222412, par:440)
																			idx452(Q:0.2493, par:446)
																			idx453(Q:0.3516, par:446)
																		idx447(Q:0.1492, par:440)
																	idx441(Q:0.3355, par:434)
																idx435(Q:0.2269, par:428)
															idx429(Q:0.2144, par:420)
														idx421(Q:0.2937, par:89)
												idx69(Q:0.1947, par:60)
											idx61(Q:0.2106, par:52)
										idx53(Q:0.1990, par:50)
									idx51(Q:0.2696, distinct_name:0, dictinctin_value:2.2255864685353126, par:36)
										idx268(Q:0.2685, distinct_name:0, dictinctin_value:1.8770234609938123, par:51)
											idx284(Q:0.2684, distinct_name:1, dictinctin_value:0.8208254329434517, par:268)
												idx298(Q:0.2698, distinct_name:0, dictinctin_value:1.7199871451158526, par:284)
													idx310(Q:0.2717, distinct_name:3, dictinctin_value:0.39481973457279324, par:298)
														idx346(Q:0.2735, distinct_name:2, dictinctin_value:2.0591657816242117, par:310)
															idx360(Q:0.2643, distinct_name:2, dictinctin_value:1.6416632040499568, par:346)
																idx374(Q:0.2639, distinct_name:0, dictinctin_value:1.6846076849979201, par:360)
																	idx386(Q:0.2643, distinct_name:2, dictinctin_value:1.5364517172370076, par:374)
																		idx400(Q:0.2637, distinct_name:2, dictinctin_value:1.321416179085615, par:386)
																			idx408(Q:0.2603, par:400)
																			idx409(Q:0.3431, par:400)
																		idx401(Q:0.2866, par:386)
																	idx387(Q:0.2080, par:374)
																idx375(Q:0.2773, par:360)
															idx361(Q:0.7470, par:346)
														idx347(Q:0.2266, par:310)
													idx311(Q:0.2173, par:298)
												idx299(Q:0.2215, par:284)
											idx285(Q:0.2688, par:268)
										idx269(Q:0.3223, par:51)
								idx37(Q:0.3003, distinct_name:1, dictinctin_value:0.7946772031835798, par:28)
									idx312(Q:0.2899, distinct_name:2, dictinctin_value:1.9378572482198, par:37)
										idx324(Q:0.2817, distinct_name:0, dictinctin_value:2.1880833067537604, par:312)
											idx334(Q:0.2836, distinct_name:0, dictinctin_value:2.1673152418059, par:324)
												idx348(Q:0.2798, distinct_name:0, dictinctin_value:2.0644684179947266, par:334)
													idx362(Q:0.2782, distinct_name:2, dictinctin_value:1.6060442338491094, par:348)
														idx376(Q:0.2681, distinct_name:0, dictinctin_value:1.8821116949330967, par:362)
															idx388(Q:0.2722, distinct_name:2, dictinctin_value:1.5867185725408008, par:376)
																idx402(Q:0.2724, distinct_name:0, dictinctin_value:1.8162737627685595, par:388)
																	idx410(Q:0.2769, distinct_name:2, dictinctin_value:1.474613989336331, par:402)
																		idx414(Q:0.2701, distinct_name:2, dictinctin_value:1.322085439542282, par:410)
																			idx422(Q:0.2698, par:414)
																			idx423(Q:0.2744, par:414)
																		idx415(Q:0.7277, par:410)
																	idx411(Q:0.1206, par:402)
																idx403(Q:0.2603, par:388)
															idx389(Q:0.1720, par:376)
														idx377(Q:0.5727, par:362)
													idx363(Q:0.3605, par:348)
												idx349(Q:0.5786, par:334)
											idx335(Q:0.2062, par:324)
										idx325(Q:0.6207, par:312)
									idx313(Q:0.4699, par:37)
							idx29(Q:0.3888, distinct_name:0, dictinctin_value:2.44084525907838, par:22)
								idx336(Q:0.3907, distinct_name:0, dictinctin_value:2.3332385876998147, par:29)
									idx350(Q:0.3911, distinct_name:2, dictinctin_value:1.313989803673234, par:336)
										idx364(Q:0.3633, distinct_name:2, dictinctin_value:1.2075088067941002, par:350)
											idx378(Q:0.3597, distinct_name:0, dictinctin_value:2.3276851139515355, par:364)
												idx390(Q:0.3584, distinct_name:2, dictinctin_value:1.1566628366759308, par:378)
													idx404(Q:0.3550, distinct_name:2, dictinctin_value:1.049026714172236, par:390)
														idx412(Q:0.3507, distinct_name:2, dictinctin_value:1.0138168631315498, par:404)
															idx418(Q:0.3483, distinct_name:0, dictinctin_value:2.3136303024689413, par:412)
																idx424(Q:0.3482, distinct_name:1, dictinctin_value:1.4142431093508798, par:418)
																	idx430(Q:0.3524, distinct_name:0, dictinctin_value:2.2572655688242222, par:424)
																		idx442(Q:0.3508, distinct_name:0, dictinctin_value:2.2507333712501807, par:430)
																			idx454(Q:0.3507, par:442)
																			idx455(Q:0.3551, par:442)
																		idx443(Q:0.5398, par:430)
																	idx431(Q:0.2289, par:424)
																idx425(Q:0.3611, par:418)
															idx419(Q:0.4940, par:412)
														idx413(Q:0.5241, par:404)
													idx405(Q:0.5629, par:390)
												idx391(Q:0.5313, par:378)
											idx379(Q:0.5828, par:364)
										idx365(Q:0.6858, par:350)
									idx351(Q:0.3317, par:336)
								idx337(Q:0.2579, par:29)
						idx23(Q:0.4643, distinct_name:0, dictinctin_value:2.1444723574903684, par:17)
							idx160(Q:0.4655, distinct_name:0, dictinctin_value:2.133798778100152, par:23)
								idx170(Q:0.4660, distinct_name:2, dictinctin_value:1.564504591409782, par:160)
									idx178(Q:0.4426, distinct_name:2, dictinctin_value:1.4113473869711974, par:170)
										idx186(Q:0.4365, distinct_name:0, dictinctin_value:2.1063540893171067, par:178)
											idx192(Q:0.4377, distinct_name:2, dictinctin_value:1.2195161175228741, par:186)
												idx200(Q:0.4341, distinct_name:0, dictinctin_value:1.9676721667093595, par:192)
													idx212(Q:0.4316, distinct_name:0, dictinctin_value:1.8926417272552991, par:200)
														idx226(Q:0.4348, distinct_name:0, dictinctin_value:1.7713311316515392, par:212)
															idx252(Q:0.4401, distinct_name:1, dictinctin_value:1.3213229930390704, par:226)
																idx270(Q:0.4324, distinct_name:0, dictinctin_value:1.7442155745503336, par:252)
																	idx300(Q:0.4299, distinct_name:0, dictinctin_value:1.3536781616204123, par:270)
																		idx392(Q:0.4262, distinct_name:0, dictinctin_value:1.2274516322533688, par:300)
																			idx416(Q:0.4280, par:392)
																			idx417(Q:0.4119, par:392)
																		idx393(Q:0.4465, par:300)
																	idx301(Q:0.6548, par:270)
																idx271(Q:0.6678, par:252)
															idx253(Q:0.2398, par:226)
														idx227(Q:0.2344, par:212)
													idx213(Q:0.5269, par:200)
												idx201(Q:0.5263, par:192)
											idx193(Q:0.3158, par:186)
										idx187(Q:0.6250, par:178)
									idx179(Q:0.8823, par:170)
								idx171(Q:0.3511, par:160)
							idx161(Q:0.4103, par:23)
				idx15(Q:0.5969, distinct_name:2, dictinctin_value:1.9938158806166744, par:9)
					idx194(Q:0.5869, distinct_name:3, dictinctin_value:2.0149638943737203, par:15)
						idx202(Q:0.5759, distinct_name:3, dictinctin_value:1.626087400144554, par:194)
							idx214(Q:0.5732, distinct_name:1, dictinctin_value:2.6727016574162166, par:202)
								idx228(Q:0.5553, distinct_name:2, dictinctin_value:1.776904010924299, par:214)
									idx240(Q:0.5518, distinct_name:2, dictinctin_value:1.4203463682180766, par:228)
										idx254(Q:0.5389, distinct_name:0, dictinctin_value:2.115573493736756, par:240)
											idx272(Q:0.5391, distinct_name:2, dictinctin_value:1.306259966260203, par:254)
												idx286(Q:0.5231, distinct_name:2, dictinctin_value:1.2529155214914378, par:272)
													idx302(Q:0.5171, distinct_name:2, dictinctin_value:0.808199081795812, par:286)
														idx314(Q:0.4984, distinct_name:2, dictinctin_value:0.7214446989843575, par:302)
															idx326(Q:0.4918, distinct_name:2, dictinctin_value:0.7041168221107604, par:314)
																idx338(Q:0.4904, distinct_name:0, dictinctin_value:2.1110030599556926, par:326)
																	idx352(Q:0.4914, distinct_name:0, dictinctin_value:2.0312710900603177, par:338)
																		idx366(Q:0.4902, distinct_name:2, dictinctin_value:0.6878681581259294, par:352)
																			idx394(Q:0.4868, par:366)
																			idx395(Q:0.7374, par:366)
																		idx367(Q:0.6738, par:352)
																	idx353(Q:0.3397, par:338)
																idx339(Q:0.6013, par:326)
															idx327(Q:0.7013, par:314)
														idx315(Q:0.8502, par:302)
													idx303(Q:0.8603, par:286)
												idx287(Q:0.8446, par:272)
											idx273(Q:0.5330, par:254)
										idx255(Q:0.7899, par:240)
									idx241(Q:0.9017, par:228)
								idx229(Q:0.8242, par:214)
							idx215(Q:0.6587, par:202)
						idx203(Q:0.9283, par:194)
					idx195(Q:0.9735, par:15)
		idx7(Q:0.3579, par:4)
	idx5(Q:0.3066, par:1)
1)
