WARNING:tensorflow:From /Users/keithwu/opt/anaconda3/envs/auction-gym/lib/python3.10/site-packages/tensorflow/python/compat/v2_compat.py:107: disable_resource_variables (from tensorflow.python.ops.variable_scope) is deprecated and will be removed in a future version.
Instructions for updating:
non-resource variables are not supported in the long term
<_io.TextIOWrapper name='<stderr>' mode='w' encoding='utf-8'> reading from ../UTree_model_numpy/DM/model_boost_linear_qsplit_noabs_save/, starting at 80
<_io.TextIOWrapper name='<stderr>' mode='w' encoding='utf-8'> =============== update starts ===============
(average_diff:0.0059154215949560164, max_diff:0.042726014814233104, training_epochs:50, lr:0.05)
<_io.TextIOWrapper name='<stderr>' mode='w' encoding='utf-8'> node index is 111
train linear regression time:  0.05835699988529086
(average_diff:0.018619870411332846, max_diff:0.08132624311348899, training_epochs:50, lr:0.05)
<_io.TextIOWrapper name='<stderr>' mode='w' encoding='utf-8'> node index is 101
train linear regression time:  0.053000499960035086
(average_diff:0.00979928566333586, max_diff:0.035866795050561784, training_epochs:50, lr:0.05)
<_io.TextIOWrapper name='<stderr>' mode='w' encoding='utf-8'> node index is 91
train linear regression time:  0.05259362515062094
(average_diff:0.013179264280437326, max_diff:0.1664379255760419, training_epochs:50, lr:0.05)
<_io.TextIOWrapper name='<stderr>' mode='w' encoding='utf-8'> node index is 83
train linear regression time:  0.0535222077742219
(average_diff:0.027146190496402288, max_diff:0.2031387921932153, training_epochs:50, lr:0.05)
<_io.TextIOWrapper name='<stderr>' mode='w' encoding='utf-8'> node index is 77
train linear regression time:  0.05260445922613144
(average_diff:0.045652893305581636, max_diff:0.2705137645802146, training_epochs:50, lr:0.05)
<_io.TextIOWrapper name='<stderr>' mode='w' encoding='utf-8'> node index is 71
train linear regression time:  0.05443716701120138
(average_diff:0.054591507210646754, max_diff:0.19087681082285896, training_epochs:50, lr:0.05)
<_io.TextIOWrapper name='<stderr>' mode='w' encoding='utf-8'> node index is 63
train linear regression time:  0.052469207905232906
(average_diff:0.05231348546351426, max_diff:0.07417857844525902, training_epochs:50, lr:0.05)
<_io.TextIOWrapper name='<stderr>' mode='w' encoding='utf-8'> node index is 501
train linear regression time:  0.05217225011438131
(average_diff:0.012736940155398474, max_diff:0.013251727331505259, training_epochs:50, lr:0.05)
<_io.TextIOWrapper name='<stderr>' mode='w' encoding='utf-8'> node index is 493
train linear regression time:  0.0522258747369051
(average_diff:2.906560983607226e-05, max_diff:3.2299493678958346e-05, training_epochs:50, lr:0.05)
<_io.TextIOWrapper name='<stderr>' mode='w' encoding='utf-8'> node index is 485
train linear regression time:  0.05236237496137619
(average_diff:0.017216550278712876, max_diff:0.030915527886121813, training_epochs:50, lr:0.05)
<_io.TextIOWrapper name='<stderr>' mode='w' encoding='utf-8'> node index is 481
train linear regression time:  0.052227791864424944
(average_diff:2.7755575615628914e-17, max_diff:2.7755575615628914e-17, training_epochs:50, lr:0.05)
<_io.TextIOWrapper name='<stderr>' mode='w' encoding='utf-8'> node index is 475
train linear regression time:  0.05222908267751336
(average_diff:0.007270948601421398, max_diff:0.013482962670197496, training_epochs:50, lr:0.05)
<_io.TextIOWrapper name='<stderr>' mode='w' encoding='utf-8'> node index is 469
train linear regression time:  0.05294462526217103
(average_diff:0.008354533463126194, max_diff:0.016653533456495007, training_epochs:50, lr:0.05)
<_io.TextIOWrapper name='<stderr>' mode='w' encoding='utf-8'> node index is 465
train linear regression time:  0.05237516714259982
(average_diff:0.019156057207409524, max_diff:0.019496563417430585, training_epochs:50, lr:0.05)
<_io.TextIOWrapper name='<stderr>' mode='w' encoding='utf-8'> node index is 587
train linear regression time:  0.05231237504631281
(average_diff:9.71445146547012e-17, max_diff:9.71445146547012e-17, training_epochs:50, lr:0.05)
<_io.TextIOWrapper name='<stderr>' mode='w' encoding='utf-8'> node index is 581
train linear regression time:  0.052336249966174364
(average_diff:0.008410420761542725, max_diff:0.012878537239337864, training_epochs:50, lr:0.05)
<_io.TextIOWrapper name='<stderr>' mode='w' encoding='utf-8'> node index is 571
train linear regression time:  0.052167042158544064
(average_diff:5.551115123125783e-17, max_diff:5.551115123125783e-17, training_epochs:50, lr:0.05)
<_io.TextIOWrapper name='<stderr>' mode='w' encoding='utf-8'> node index is 549
train linear regression time:  0.05230025015771389
(average_diff:4.113218654566708e-10, max_diff:5.106018940992385e-10, training_epochs:50, lr:0.05)
<_io.TextIOWrapper name='<stderr>' mode='w' encoding='utf-8'> node index is 537
train linear regression time:  0.05219216737896204
(average_diff:0.01094117636329231, max_diff:0.020551231449040253, training_epochs:50, lr:0.05)
<_io.TextIOWrapper name='<stderr>' mode='w' encoding='utf-8'> node index is 531
train linear regression time:  0.05217474978417158
(average_diff:0.005517807393720431, max_diff:0.008640004456505812, training_epochs:50, lr:0.05)
<_io.TextIOWrapper name='<stderr>' mode='w' encoding='utf-8'> node index is 521
train linear regression time:  0.05225033266469836
(average_diff:1.249000902703301e-16, max_diff:1.249000902703301e-16, training_epochs:50, lr:0.05)
<_io.TextIOWrapper name='<stderr>' mode='w' encoding='utf-8'> node index is 511
train linear regression time:  0.0524794589728117
(average_diff:1.1958094181530043e-08, max_diff:1.2008083138947967e-08, training_epochs:50, lr:0.05)
<_io.TextIOWrapper name='<stderr>' mode='w' encoding='utf-8'> node index is 473
train linear regression time:  0.05232004076242447
(average_diff:1.1726730697603216e-15, max_diff:1.5959455978986625e-15, training_epochs:50, lr:0.05)
<_io.TextIOWrapper name='<stderr>' mode='w' encoding='utf-8'> node index is 471
train linear regression time:  0.05224858410656452
(average_diff:0.0007369957650816411, max_diff:0.0007523581711644522, training_epochs:50, lr:0.05)
<_io.TextIOWrapper name='<stderr>' mode='w' encoding='utf-8'> node index is 467
train linear regression time:  0.052211124915629625
(average_diff:0.013964990016037427, max_diff:0.021374287701254213, training_epochs:50, lr:0.05)
<_io.TextIOWrapper name='<stderr>' mode='w' encoding='utf-8'> node index is 461
train linear regression time:  0.053751041647046804
(average_diff:0.009801976077803254, max_diff:0.019383526524413996, training_epochs:50, lr:0.05)
<_io.TextIOWrapper name='<stderr>' mode='w' encoding='utf-8'> node index is 457
train linear regression time:  0.052259666845202446
(average_diff:0.0, max_diff:0.0, training_epochs:50, lr:0.05)
<_io.TextIOWrapper name='<stderr>' mode='w' encoding='utf-8'> node index is 449
train linear regression time:  0.053346707951277494
(average_diff:4.447830992404533e-15, max_diff:5.342948306008566e-15, training_epochs:50, lr:0.05)
<_io.TextIOWrapper name='<stderr>' mode='w' encoding='utf-8'> node index is 445
train linear regression time:  0.05346862506121397
(average_diff:5.551115123125783e-16, max_diff:5.828670879282072e-16, training_epochs:50, lr:0.05)
<_io.TextIOWrapper name='<stderr>' mode='w' encoding='utf-8'> node index is 433
train linear regression time:  0.05263812514021993
(average_diff:0.011483890946627662, max_diff:0.017595641852847788, training_epochs:50, lr:0.05)
<_io.TextIOWrapper name='<stderr>' mode='w' encoding='utf-8'> node index is 427
train linear regression time:  0.052282082848250866
(average_diff:0.10082576305972156, max_diff:0.33854345462848767, training_epochs:50, lr:0.05)
<_io.TextIOWrapper name='<stderr>' mode='w' encoding='utf-8'> node index is 594
train linear regression time:  0.05329379113391042
<_io.TextIOWrapper name='<stderr>' mode='w' encoding='utf-8'> variance test passed, diff=0.08189234436320796, d = 0, back=0
<_io.TextIOWrapper name='<stderr>' mode='w' encoding='utf-8'> variance test passed, diff=0.08420234308799295, d = 2, back=0
<_io.TextIOWrapper name='<stderr>' mode='w' encoding='utf-8'> Will be split, p=0.08420234308799295, d=2, back=0
(average_diff:0.1008831950448534, max_diff:0.34153856175203534, training_epochs:50, lr:0.05)
<_io.TextIOWrapper name='<stderr>' mode='w' encoding='utf-8'> node index is 596
train linear regression time:  0.053238917142152786
(average_diff:0.009369372565365724, max_diff:0.010157549467460017, training_epochs:50, lr:0<_io.<_io.TextIOWrapper name='<stderr>' mode='w' encoding='utf-8'> node index is 597
train linear regression time:  0.05238904198631644
(average_diff:0.01798317922738897, max_diff:0.02740187040002448, training_epochs:50, lr:0.05)
<_io.TextIOWrapper name='<stderr>' mode='w' encoding='utf-8'> node index is 595
train linear regression time:  0.05269441707059741
(average_diff:1.2872480859016378e-12, max_diff:1.2872480859016378e-12, training_epochs:50, lr:0.05)
<_io.TextIOWrapper name='<stderr>' mode='w' encoding='utf-8'> node index is 593
train linear regression time:  0.05262358300387859
(average_diff:0.0013769146273943517, max_diff:0.0014328316465926916, training_epochs:50, lr:0.05)
<_io.TextIOWrapper name='<stderr>' mode='w' encoding='utf-8'> node index is 589
train linear regression time:  0.0525502092204988
(average_diff:0.0, max_diff:0.0, training_epochs:50, lr:0.05)
<_io.TextIOWrapper name='<stderr>' mode='w' encoding='utf-8'> node index is 583
train linear regression time:  0.052444207947701216
(average_diff:8.097023371525514e-06, max_diff:9.518042805273241e-06, training_epochs:50, lr:0.05)
<_io.TextIOWrapper name='<stderr>' mode='w' encoding='utf-8'> node index is 573
train linear regression time:  0.052554457914084196
(average_diff:6.0935601121983596e-05, max_diff:6.370620279391725e-05, training_epochs:50, lr:0.05)
<_io.TextIOWrapper name='<stderr>' mode='w' encoding='utf-8'> node index is 563
train linear regression time:  0.05248429113999009
(average_diff:0.002086979083689461, max_diff:0.0022469718936238003, training_epochs:50, lr:0.05)
<_io.TextIOWrapper name='<stderr>' mode='w' encoding='utf-8'> node index is 551
train linear regression time:  0.0531961671076715
(average_diff:5.551115123125783e-17, max_diff:5.551115123125783e-17, training_epochs:50, lr:0.05)
<_io.TextIOWrapper name='<stderr>' mode='w' encoding='utf-8'> node index is 545
train linear regression time:  0.05258987518027425
(average_diff:0.009883891559814026, max_diff:0.015817612707685447, training_epochs:50, lr:0.05)
<_io.TextIOWrapper name='<stderr>' mode='w' encoding='utf-8'> node index is 369
train linear regression time:  0.052513249684125185
(average_diff:0.011628522814908004, max_diff:0.018388361209227155, training_epochs:50, lr:0.05)
<_io.TextIOWrapper name='<stderr>' mode='w' encoding='utf-8'> node index is 355
train linear regression time:  0.05245174979791045
(average_diff:0.012824290432719853, max_diff:0.019896469819000007, training_epochs:50, lr:0.05)
<_io.TextIOWrapper name='<stderr>' mode='w' encoding='utf-8'> node index is 341
train linear regression time:  0.05325741693377495
(average_diff:0.02050276603634895, max_diff:0.05799974498635185, training_epochs:50, lr:0.05)
<_io.TextIOWrapper name='<stderr>' mode='w' encoding='utf-8'> node index is 329
train linear regression time:  0.05309866601601243
(average_diff:0.007409777099347526, max_diff:0.01282183174084417, training_epochs:50, lr:0.05)
<_io.TextIOWrapper name='<stderr>' mode='w' encoding='utf-8'> node index is 317
train linear regression time:  0.05241566617041826
(average_diff:0.06805655580027023, max_diff:0.22423440677273018, training_epochs:50, lr:0.05)
<_io.TextIOWrapper name='<stderr>' mode='w' encoding='utf-8'> node index is 305
train linear regression time:  0.052400541957467794
(average_diff:5.102510825034934e-06, max_diff:5.267525707688958e-06, training_epochs:50, lr:0.05)
<_io.TextIOWrapper name='<stderr>' mode='w' encoding='utf-8'> node index is 289
train linear regression time:  0.05233187507838011
(average_diff:0.006097636298800224, max_diff:0.013588084133451805, training_epochs:50, lr:0.05)
<_io.TextIOWrapper name='<stderr>' mode='w' encoding='utf-8'> node index is 257
train linear regression time:  0.052407083101570606
(average_diff:0.06448913888183501, max_diff:0.132865741173064, training_epochs:50, lr:0.05)
<_io.TextIOWrapper name='<stderr>' mode='w' encoding='utf-8'> node index is 243
train linear regression time:  0.05250545870512724
(average_diff:0.05337234399719806, max_diff:0.08129306308085324, training_epochs:50, lr:0.05)
<_io.TextIOWrapper name='<stderr>' mode='w' encoding='utf-8'> node index is 231
train linear regression time:  0.052330708131194115
(average_diff:0.09612190173966612, max_diff:0.18010515859213302, training_epochs:50, lr:0.05)
<_io.TextIOWrapper name='<stderr>' mode='w' encoding='utf-8'> node index is 217
train linear regression time:  0.05247537512332201
(average_diff:0.00943744971302471, max_diff:0.016888516496945227, training_epochs:50, lr:0.05)
<_io.TextIOWrapper name='<stderr>' mode='w' encoding='utf-8'> node index is 275
train linear regression time:  0.052343124989420176
(average_diff:0.013298303569453536, max_diff:0.02717539918870937, training_epochs:50, lr:0.05)
<_io.TextIOWrapper name='<stderr>' mode='w' encoding='utf-8'> node index is 259
train linear regression time:  0.052363334223628044
(average_diff:0.038336260512365716, max_diff:0.1063474779543292, training_epochs:50, lr:0.05)
<_io.TextIOWrapper name='<stderr>' mode='w' encoding='utf-8'> node index is 245
train linear regression time:  0.05261016683652997
(average_diff:0.01787431826496423, max_diff:0.04601826548420507, training_epochs:50, lr:0.05)
<_io.TextIOWrapper name='<stderr>' mode='w' encoding='utf-8'> node index is 233
train linear regression time:  0.0523506673052907
(average_diff:0.00046767787105807257, max_diff:0.0010129368853468712, training_epochs:50, lr:0.05)
<_io.TextIOWrapper name='<stderr>' mode='w' encoding='utf-8'> node index is 219
train linear regression time:  0.052498791832476854
(average_diff:0.010753682647679421, max_diff:0.023555132920018762, training_epochs:50, lr:0.05)
<_io.TextIOWrapper name='<stderr>' mode='w' encoding='utf-8'> node index is 205
train linear regression time:  0.052421709056943655
(average_diff:0.02426490237539609, max_diff:0.05180364450128716, training_epochs:50, lr:0.05)
<_io.TextIOWrapper name='<stderr>' mode='w' encoding='utf-8'> node index is 197
train linear regression time:  0.052403584122657776
(average_diff:0.03450632895351421, max_diff:0.10589778149413304, training_epochs:50, lr:0.05)
<_io.TextIOWrapper name='<stderr>' mode='w' encoding='utf-8'> node index is 189
train linear regression time:  0.052493915893137455
(average_diff:0.039028036921682815, max_diff:0.1816283913326986, training_epochs:50, lr:0.05)
<_io.TextIOWrapper name='<stderr>' mode='w' encoding='utf-8'> node index is 181
train linear regression time:  0.052399291191250086
(average_diff:0.02632231757909741, max_diff:0.07430347153043049, training_epochs:50, lr:0.05)
<_io.TextIOWrapper name='<stderr>' mode='w' encoding='utf-8'> node index is 173
train linear regression time:  0.05344195803627372
(average_diff:0.020135254716712746, max_diff:0.04751735127403456, training_epochs:50, lr:0.05)
<_io.TextIOWrapper name='<stderr>' mode='w' encoding='utf-8'> node index is 163
train linear regression time:  0.053546249866485596
(average_diff:0.0, max_diff:0.0, training_epochs:50, lr:0.05)
<_io.TextIOWrapper name='<stderr>' mode='w' encoding='utf-8'> node index is 153
train linear regression time:  0.0533455410040915
(average_diff:0.013145516878772051, max_diff:0.024935658649660186, training_epochs:50, lr:0.05)
<_io.TextIOWrapper name='<stderr>' mode='w' encoding='utf-8'> node index is 221
train linear regression time:  0.0545262498781085
(average_diff:0.11615442025242238, max_diff:0.3091155155209966, training_epochs:50, lr:0.05)
<_io.TextIOWrapper name='<stderr>' mode='w' encoding='utf-8'> node index is 207
train linear regression time:  0.0542497499845922
(average_diff:0.15820073447635363, max_diff:0.6503496458254469, training_epochs:50, lr:0.05)
<_io.TextIOWrapper name='<stderr>' mode='w' encoding='utf-8'> node index is 165
train linear regression time:  0.05423537502065301
(average_diff:0.12104070445252184, max_diff:0.31368579691053877, training_epochs:50, lr:0.05)
<_io.TextIOWrapper name='<stderr>' mode='w' encoding='utf-8'> node index is 155
train linear regression time:  0.053266000002622604
(average_diff:0.15906028037782008, max_diff:0.30511827545815373, training_epochs:50, lr:0.05)
<_io.TextIOWrapper name='<stderr>' mode='w' encoding='utf-8'> node indextrain litrain linear regression time:  0.05378554109483957
(average_diff:0.046902411667574924, max_diff:0.15060177603680627, training_epochs:50, lr:0.05)
<_io.TextIOWrapper name='<stderr>' mode='w' encoding='utf-8'> node index is 147
train linear regression time:  0.05348466709256172
(average_diff:0.04801370980906713, max_diff:0.1581884472528146, training_epochs:50, lr:0.05)
<_io.TextIOWrapper name='<stderr>' mode='w' encoding='utf-8'> node index is 143
train linear regression time:  0.05294524971395731
(average_diff:0.038727102814203995, max_diff:0.09514577644383415, training_epochs:50, lr:0.05)
<_io.TextIOWrapper name='<stderr>' mode='w' encoding='utf-8'> node index is 137
train linear regression time:  0.05718841729685664
(average_diff:0.045698329709426694, max_diff:0.14436189327114157, training_epochs:50, lr:0.05)
<_io.TextIOWrapper name='<stderr>' mode='w' encoding='utf-8'> node index is 131
train linear regression time:  0.05381370801478624
(average_diff:0.02931019489550507, max_diff:0.06841768737911458, training_epochs:50, lr:0.05)
<_io.TextIOWrapper name='<stderr>' mode='w' encoding='utf-8'> node index is 123
train linear regression time:  0.05362008325755596
(average_diff:0.03569178158999487, max_diff:0.09718136736946215, training_epochs:50, lr:0.05)
<_io.TextIOWrapper name='<stderr>' mode='w' encoding='utf-8'> node index is 113
train linear regression time:  0.052996791899204254
(average_diff:0.09401138056424176, max_diff:0.5139127246029386, training_epochs:50, lr:0.05)
<_io.TextIOWrapper name='<stderr>' mode='w' encoding='utf-8'> node index is 103
train linear regression time:  0.05338154174387455
(average_diff:0.04750483184533025, max_diff:0.17131092430490713, training_epochs:50, lr:0.05)
<_io.TextIOWrapper name='<stderr>' mode='w' encoding='utf-8'> node index is 93
train linear regression time:  0.05410987511277199
(average_diff:0.022434825502442968, max_diff:0.07449455382003187, training_epochs:50, lr:0.05)
<_io.TextIOWrapper name='<stderr>' mode='w' encoding='utf-8'> node index is 139
train linear regression time:  0.05496774986386299
(average_diff:0.06612070669571925, max_diff:0.21398643549289081, training_epochs:50, lr:0.05)
<_io.TextIOWrapper name='<stderr>' mode='w' encoding='utf-8'> node index is 133
train linear regression time:  0.05308500025421381
(average_diff:0.026390641018735766, max_diff:0.0698115843553644, training_epochs:50, lr:0.05)
<_io.TextIOWrapper name='<stderr>' mode='w' encoding='utf-8'> node index is 125
train linear regression time:  0.05262608313933015
(average_diff:0.07937258971018475, max_diff:0.25214456134706426, training_epochs:50, lr:0.05)
<_io.TextIOWrapper name='<stderr>' mode='w' encoding='utf-8'> node index is 115
train linear regression time:  0.05272337514907122
(average_diff:0.07851082075231196, max_diff:0.2821183129286689, training_epochs:50, lr:0.05)
<_io.TextIOWrapper name='<stderr>' mode='w' encoding='utf-8'> node index is 105
train linear regression time:  0.05263183265924454
(average_diff:0.062310212585334895, max_diff:0.22004203551933715, training_epochs:50, lr:0.05)
<_io.TextIOWrapper name='<stderr>' mode='w' encoding='utf-8'> node index is 95
train linear regression time:  0.05280983308330178
(average_diff:0.07724936942199896, max_diff:0.2226619291544888, training_epochs:50, lr:0.05)
<_io.TextIOWrapper name='<stderr>' mode='w' encoding='utf-8'> node index is 85
train linear regression time:  0.05334045784547925
(average_diff:0.07746460190304877, max_diff:0.2819998925978386, training_epochs:50, lr:0.05)
<_io.TextIOWrapper name='<stderr>' mode='w' encoding='utf-8'> node index is 79
train linear regression time:  0.05310329096391797
(average_diff:0.1040372906006613, max_diff:0.4172502104296149, training_epochs:50, lr:0.05)
<_io.TextIOWrapper name='<stderr>' mode='w' encoding='utf-8'> node index is 73
train linear regression time:  0.05303600011393428
(average_diff:0.07814839257941633, max_diff:0.35779879424637373, training_epochs:50, lr:0.05)
<_io.TextIOWrapper name='<stderr>' mode='w' encoding='utf-8'> node index is 65
train linear regression time:  0.05257179215550423
(average_diff:0.0, max_diff:0.0, training_epochs:50, lr:0.05)
<_io.TextIOWrapper name='<stderr>' mode='w' encoding='utf-8'> node index is 575
train linear regression time:  0.052354666870087385
(average_diff:1.1102230246251565e-16, max_diff:1.1102230246251565e-16, training_epochs:50, lr:0.05)
<_io.TextIOWrapper name='<stderr>' mode='w' encoding='utf-8'> node index is 565
train linear regression time:  0.05239300010725856
(average_diff:0.00879891505316837, max_diff:0.016389287002123137, training_epochs:50, lr:0.05)
<_io.TextIOWrapper name='<stderr>' mode='w' encoding='utf-8'> node index is 557
train linear regression time:  0.05251908302307129
(average_diff:0.0, max_diff:0.0, training_epochs:50, lr:0.05)
<_io.TextIOWrapper name='<stderr>' mode='w' encoding='utf-8'> node index is 553
train linear regression time:  0.054042250383645296
(average_diff:0.018163602218650043, max_diff:0.018424173770262287, training_epochs:50, lr:0.05)
<_io.TextIOWrapper name='<stderr>' mode='w' encoding='utf-8'> node index is 539
train linear regression time:  0.052941208239644766
(average_diff:3.274114061924127e-06, max_diff:3.5357160398374887e-06, training_epochs:50, lr:0.05)
<_io.TextIOWrapper name='<stderr>' mode='w' encoding='utf-8'> node index is 523
train linear regression time:  0.05231487471610308
(average_diff:1.942890293094024e-16, max_diff:1.942890293094024e-16, training_epochs:50, lr:0.05)
<_io.TextIOWrapper name='<stderr>' mode='w' encoding='utf-8'> node index is 513
train linear regression time:  0.052464124746620655
(average_diff:0.0, max_diff:0.0, training_epochs:50, lr:0.05)
<_io.TextIOWrapper name='<stderr>' mode='w' encoding='utf-8'> node index is 505
train linear regression time:  0.05231104092672467
(average_diff:0.002839318562223562, max_diff:0.004177850942755634, training_epochs:50, lr:0.05)
<_io.TextIOWrapper name='<stderr>' mode='w' encoding='utf-8'> node index is 495
train linear regression time:  0.05231466703116894
(average_diff:0.01654959262632814, max_diff:0.020892067705072223, training_epochs:50, lr:0.05)
<_io.TextIOWrapper name='<stderr>' mode='w' encoding='utf-8'> node index is 487
train linear regression time:  0.053507250268012285
(average_diff:0.0841782634640687, max_diff:0.5985608011437589, training_epochs:50, lr:0.05)
<_io.TextIOWrapper name='<stderr>' mode='w' encoding='utf-8'> node index is 47
train linear regression time:  0.053285958245396614
(average_diff:0.0008224617507946128, max_diff:0.0013215356094996716, training_epochs:50, lr:0.05)
<_io.TextIOWrapper name='<stderr>' mode='w' encoding='utf-8'> node index is 397
train linear regression time:  0.052389583084732294
(average_diff:0.05670767034726046, max_diff:0.11381962828760073, training_epochs:50, lr:0.05)
<_io.TextIOWrapper name='<stderr>' mode='w' encoding='utf-8'> node index is 383
train linear regression time:  0.052594459149986506
(average_diff:1.1102230246251565e-16, max_diff:1.1102230246251565e-16, training_epochs:50, lr:0.05)
<_io.TextIOWrapper name='<stderr>' mode='w' encoding='utf-8'> node index is 371
train linear regression time:  0.05253425007686019
(average_diff:0.18010106241201104, max_diff:0.5081256946461074, training_epochs:50, lr:0.05)
<_io.TextIOWrapper name='<stderr>' mode='w' encoding='utf-8'> node index is 357
train linear regression time:  0.05262874998152256
(average_diff:0.09349783933466022, max_diff:0.2474054737527846, training_epochs:50, lr:0.05)
<_io.TextIOWrapper name='<stderr>' mode='w' encoding='utf-8'> node index is 343
train linear regression time:  0.05265191663056612
(average_diff:0.21292347734973852, max_diff:0.41735692285131043, training_epochs:50, lr:0.05)
<_io.TextIOWrapper name='<stderr>' mode='w' encoding='utf-8'> node index is 331
train linear regression time:  0.053388833068311214
(average_diff:0.01216974821120731, max_diff:0.024252692767318784, training_epochs:50, lr:0.05)
<_io.TextIOWrapper name='<stderr>' mode='w' encoding='utf-8'> node index is 319
train linear regression time:  0.05243874993175268
(average_diff:0.17747159595978393, max_diff:0.5455120971872888, training_epochs:<_io.TextIOWr<_io.TextIOWrapper name='<stderr>' mode='w' encoding='utf-8'> node index is 307
train linear regression time:  0.05257016699761152
(average_diff:0.00010406461114883155, max_diff:0.00015783217527431948, training_epochs:50, lr:0.05)
<_io.TextIOWrapper name='<stderr>' mode='w' encoding='utf-8'> node index is 293
train linear regression time:  0.05258145835250616
(average_diff:0.02523321928838997, max_diff:0.06231643070516135, training_epochs:50, lr:0.05)
<_io.TextIOWrapper name='<stderr>' mode='w' encoding='utf-8'> node index is 277
train linear regression time:  0.0529836667701602
(average_diff:0.019696137940448923, max_diff:0.040611486883366105, training_epochs:50, lr:0.05)
<_io.TextIOWrapper name='<stderr>' mode='w' encoding='utf-8'> node index is 261
train linear regression time:  0.052532332949340343
(average_diff:0.10076197901245397, max_diff:0.23458211914766314, training_epochs:50, lr:0.05)
<_io.TextIOWrapper name='<stderr>' mode='w' encoding='utf-8'> node index is 247
train linear regression time:  0.05253220861777663
(average_diff:7.711361723061749e-07, max_diff:7.96060629415507e-07, training_epochs:50, lr:0.05)
<_io.TextIOWrapper name='<stderr>' mode='w' encoding='utf-8'> node index is 533
train linear regression time:  0.05245745927095413
(average_diff:0.006061329446622632, max_diff:0.009122027979175162, training_epochs:50, lr:0.05)
<_io.TextIOWrapper name='<stderr>' mode='w' encoding='utf-8'> node index is 525
train linear regression time:  0.05262666707858443
(average_diff:0.0011850987536165536, max_diff:0.0012952978849164465, training_epochs:50, lr:0.05)
<_io.TextIOWrapper name='<stderr>' mode='w' encoding='utf-8'> node index is 515
train linear regression time:  0.05259216716513038
(average_diff:6.938893903907228e-17, max_diff:6.938893903907228e-17, training_epochs:50, lr:0.05)
<_io.TextIOWrapper name='<stderr>' mode='w' encoding='utf-8'> node index is 503
train linear regression time:  0.05245245900005102
(average_diff:0.01916609038264136, max_diff:0.02731802499571323, training_epochs:50, lr:0.05)
<_io.TextIOWrapper name='<stderr>' mode='w' encoding='utf-8'> node index is 497
train linear regression time:  0.052405166905373335
(average_diff:2.7755575615628914e-17, max_diff:2.7755575615628914e-17, training_epochs:50, lr:0.05)
<_io.TextIOWrapper name='<stderr>' mode='w' encoding='utf-8'> node index is 489
train linear regression time:  0.05270133260637522
(average_diff:0.0, max_diff:0.0, training_epochs:50, lr:0.05)
<_io.TextIOWrapper name='<stderr>' mode='w' encoding='utf-8'> node index is 483
train linear regression time:  0.052366208750754595
(average_diff:0.0, max_diff:0.0, training_epochs:50, lr:0.05)
<_io.TextIOWrapper name='<stderr>' mode='w' encoding='utf-8'> node index is 479
train linear regression time:  0.052466458175331354
(average_diff:0.0036968189970842205, max_diff:0.005849509735703862, training_epochs:50, lr:0.05)
<_io.TextIOWrapper name='<stderr>' mode='w' encoding='utf-8'> node index is 463
train linear regression time:  0.05254549998790026
(average_diff:0.0025003484736989545, max_diff:0.0038198959641255747, training_epochs:50, lr:0.05)
<_io.TextIOWrapper name='<stderr>' mode='w' encoding='utf-8'> node index is 459
train linear regression time:  0.052420916967093945
(average_diff:6.708943779687448e-07, max_diff:7.40533245557895e-07, training_epochs:50, lr:0.05)
<_io.TextIOWrapper name='<stderr>' mode='w' encoding='utf-8'> node index is 451
train linear regression time:  0.05249587493017316
(average_diff:0.0, max_diff:0.0, training_epochs:50, lr:0.05)
<_io.TextIOWrapper name='<stderr>' mode='w' encoding='utf-8'> node index is 439
train linear regression time:  0.052454457618296146
(average_diff:0.008089567679889128, max_diff:0.017609541516950267, training_epochs:50, lr:0.05)
<_io.TextIOWrapper name='<stderr>' mode='w' encoding='utf-8'> node index is 437
train linear regression time:  0.05276974989101291
(average_diff:0.03127473450593532, max_diff:0.06528377316307082, training_epochs:50, lr:0.05)
<_io.TextIOWrapper name='<stderr>' mode='w' encoding='utf-8'> node index is 117
train linear regression time:  0.05335737532004714
(average_diff:0.022719505067805457, max_diff:0.059642346433648644, training_epochs:50, lr:0.05)
<_io.TextIOWrapper name='<stderr>' mode='w' encoding='utf-8'> node index is 107
train linear regression time:  0.05260620778426528
(average_diff:0.038346661138616144, max_diff:0.13805937090846554, training_epochs:50, lr:0.05)
<_io.TextIOWrapper name='<stderr>' mode='w' encoding='utf-8'> node index is 97
train linear regression time:  0.05253216717392206
(average_diff:0.05129203723396575, max_diff:0.1690203982259063, training_epochs:50, lr:0.05)
<_io.TextIOWrapper name='<stderr>' mode='w' encoding='utf-8'> node index is 87
train linear regression time:  0.05235154088586569
(average_diff:0.06152951007487315, max_diff:0.31472599075906993, training_epochs:50, lr:0.05)
<_io.TextIOWrapper name='<stderr>' mode='w' encoding='utf-8'> node index is 81
train linear regression time:  0.05257608322426677
(average_diff:0.07355929472128664, max_diff:0.26519060140669615, training_epochs:50, lr:0.05)
<_io.TextIOWrapper name='<stderr>' mode='w' encoding='utf-8'> node index is 75
train linear regression time:  0.052577916998416185
(average_diff:0.0017098893756359868, max_diff:0.002382474338882723, training_epochs:50, lr:0.05)
<_io.TextIOWrapper name='<stderr>' mode='w' encoding='utf-8'> node index is 567
train linear regression time:  0.052386374678462744
(average_diff:8.326672684688674e-17, max_diff:8.326672684688674e-17, training_epochs:50, lr:0.05)
<_io.TextIOWrapper name='<stderr>' mode='w' encoding='utf-8'> node index is 559
train linear regression time:  0.052441457752138376
(average_diff:0.004358070024033933, max_diff:0.004458163623554362, training_epochs:50, lr:0.05)
<_io.TextIOWrapper name='<stderr>' mode='w' encoding='utf-8'> node index is 555
train linear regression time:  0.05237829079851508
(average_diff:0.0233059751285765, max_diff:0.058313202023898114, training_epochs:50, lr:0.05)
<_io.TextIOWrapper name='<stderr>' mode='w' encoding='utf-8'> node index is 547
train linear regression time:  0.052461166866123676
(average_diff:1.1102230246251565e-16, max_diff:1.1102230246251565e-16, training_epochs:50, lr:0.05)
<_io.TextIOWrapper name='<stderr>' mode='w' encoding='utf-8'> node index is 527
train linear regression time:  0.05244145868346095
(average_diff:5.551115123125783e-17, max_diff:5.551115123125783e-17, training_epochs:50, lr:0.05)
<_io.TextIOWrapper name='<stderr>' mode='w' encoding='utf-8'> node index is 507
train linear regression time:  0.05244424985721707
(average_diff:0.1650071658015703, max_diff:0.5721445222005883, training_epochs:50, lr:0.05)
<_io.TextIOWrapper name='<stderr>' mode='w' encoding='utf-8'> node index is 59
train linear regression time:  0.0532085420563817
(average_diff:0.10065267850165106, max_diff:0.3671045851654011, training_epochs:50, lr:0.05)
<_io.TextIOWrapper name='<stderr>' mode='w' encoding='utf-8'> node index is 49
train linear regression time:  0.05257229087874293
(average_diff:2.4596713554814187e-11, max_diff:2.7380431255608073e-11, training_epochs:50, lr:0.05)
<_io.TextIOWrapper name='<stderr>' mode='w' encoding='utf-8'> node index is 569
train linear regression time:  0.05245970841497183
(average_diff:0.0, max_diff:0.0, training_epochs:50, lr:0.05)
<_io.TextIOWrapper name='<stderr>' mode='w' encoding='utf-8'> node index is 561
train linear regression time:  0.052399166859686375
(average_diff:1.6653345369377348e-16, max_diff:1.6653345369377348e-16, training_epochs:50, lr:0.05)
<_io.TextIOWrapper name='<stderr>' mode='w' encoding='utf-8'> node index is 543
train linear regression time:  0.05243741720914841
(average_diff:5.180965995707498e-05, max_diff:5.1894900565729873e-05, training_epochs:50, lr:0.05)
<_io.TextIOWrapper name='<stderr>' mode='w' encoding='utf-8'> node index is 535
train linear regression time:  0.05245629092678428
(average_diff:0.06855444642953716, max_diff:0.11463783501017782, training_epochs:50, lr:0.05)
<_io.TextIOWrapper name='<stderr>' mode='w' encoding='utf-8'> node index is 529
train linear regression time:  0.0(average_diff:1.1102230246251565e-16, max_diff:1.1102230246251565e-16, training_epochs:50, lr:0.05)
<_io.TextIOWrapper name='<stderr>' mode='w' encoding='utf-8'> node index is 517
train linear regression time:  0.052748958114534616
(average_diff:0.007600333887214872, max_diff:0.007826811255088328, training_epochs:50, lr:0.05)
<_io.TextIOWrapper name='<stderr>' mode='w' encoding='utf-8'> node index is 509
train linear regression time:  0.05327216628938913
(average_diff:0.0, max_diff:0.0, training_epochs:50, lr:0.05)
<_io.TextIOWrapper name='<stderr>' mode='w' encoding='utf-8'> node index is 499
train linear regression time:  0.05253091733902693
(average_diff:0.009112470659564035, max_diff:0.01449987431187838, training_epochs:50, lr:0.05)
<_io.TextIOWrapper name='<stderr>' mode='w' encoding='utf-8'> node index is 491
train linear regression time:  0.052350041922181845
(average_diff:0.011095743371260122, max_diff:0.021752284966964575, training_epochs:50, lr:0.05)
<_io.TextIOWrapper name='<stderr>' mode='w' encoding='utf-8'> node index is 385
train linear regression time:  0.05240895785391331
(average_diff:2.552817445304149e-07, max_diff:3.537719233670522e-07, training_epochs:50, lr:0.05)
<_io.TextIOWrapper name='<stderr>' mode='w' encoding='utf-8'> node index is 373
train linear regression time:  0.052354250103235245
(average_diff:0.0, max_diff:0.0, training_epochs:50, lr:0.05)
<_io.TextIOWrapper name='<stderr>' mode='w' encoding='utf-8'> node index is 359
train linear regression time:  0.05239891726523638
(average_diff:0.07239978487586439, max_diff:0.21718373551322617, training_epochs:50, lr:0.05)
<_io.TextIOWrapper name='<stderr>' mode='w' encoding='utf-8'> node index is 345
train linear regression time:  0.05243895808234811
(average_diff:0.08003337051207927, max_diff:0.1558452287857156, training_epochs:50, lr:0.05)
<_io.TextIOWrapper name='<stderr>' mode='w' encoding='utf-8'> node index is 321
train linear regression time:  0.05248141614720225
(average_diff:0.07261331373310624, max_diff:0.13993410742317175, training_epochs:50, lr:0.05)
<_io.TextIOWrapper name='<stderr>' mode='w' encoding='utf-8'> node index is 295
train linear regression time:  0.05242120800539851
(average_diff:0.1970271866631663, max_diff:0.446934550318297, training_epochs:50, lr:0.05)
<_io.TextIOWrapper name='<stderr>' mode='w' encoding='utf-8'> node index is 279
train linear regression time:  0.05240004230290651
(average_diff:0.0068194127937656794, max_diff:0.009834743446361982, training_epochs:50, lr:0.05)
<_io.TextIOWrapper name='<stderr>' mode='w' encoding='utf-8'> node index is 263
train linear regression time:  0.05238129198551178
(average_diff:0.02892055078566512, max_diff:0.07217476328341454, training_epochs:50, lr:0.05)
<_io.TextIOWrapper name='<stderr>' mode='w' encoding='utf-8'> node index is 249
train linear regression time:  0.052463042084127665
(average_diff:0.05217765433666486, max_diff:0.12268395246646618, training_epochs:50, lr:0.05)
<_io.TextIOWrapper name='<stderr>' mode='w' encoding='utf-8'> node index is 237
train linear regression time:  0.05239545879885554
(average_diff:0.00022128907035621806, max_diff:0.00034216624956853736, training_epochs:50, lr:0.05)
<_io.TextIOWrapper name='<stderr>' mode='w' encoding='utf-8'> node index is 265
train linear regression time:  0.05259150033816695
(average_diff:0.0, max_diff:0.0, training_epochs:50, lr:0.05)
<_io.TextIOWrapper name='<stderr>' mode='w' encoding='utf-8'> node index is 251
train linear regression time:  0.052480459213256836
(average_diff:0.08257029702491796, max_diff:0.36046929395265537, training_epochs:50, lr:0.05)
<_io.TextIOWrapper name='<stderr>' mode='w' encoding='utf-8'> node index is 239
train linear regression time:  0.052553458139300346
(average_diff:0.08024520962906662, max_diff:0.20099643614890794, training_epochs:50, lr:0.05)
<_io.TextIOWrapper name='<stderr>' mode='w' encoding='utf-8'> node index is 223
train linear regression time:  0.05254883412271738
(average_diff:0.013340172663887599, max_diff:0.02765580696130221, training_epochs:50, lr:0.05)
<_io.TextIOWrapper name='<stderr>' mode='w' encoding='utf-8'> node index is 209
train linear regression time:  0.052385167218744755
(average_diff:0.10159553012766599, max_diff:0.2175661759218267, training_epochs:50, lr:0.05)
<_io.TextIOWrapper name='<stderr>' mode='w' encoding='utf-8'> node index is 199
train linear regression time:  0.052489290945231915
(average_diff:0.07769901522805078, max_diff:0.20774970161711473, training_epochs:50, lr:0.05)
<_io.TextIOWrapper name='<stderr>' mode='w' encoding='utf-8'> node index is 191
train linear regression time:  0.05266766715794802
(average_diff:0.10589825627645301, max_diff:0.20419377083052437, training_epochs:50, lr:0.05)
<_io.TextIOWrapper name='<stderr>' mode='w' encoding='utf-8'> node index is 183
train linear regression time:  0.053487665951251984
(average_diff:0.11818072327786022, max_diff:0.20783226086385764, training_epochs:50, lr:0.05)
<_io.TextIOWrapper name='<stderr>' mode='w' encoding='utf-8'> node index is 175
train linear regression time:  0.052546709310263395
(average_diff:0.09575516155806774, max_diff:0.23599771359673838, training_epochs:50, lr:0.05)
<_io.TextIOWrapper name='<stderr>' mode='w' encoding='utf-8'> node index is 167
train linear regression time:  0.052479667123407125
(average_diff:0.08935486594212357, max_diff:0.17803953662839067, training_epochs:50, lr:0.05)
<_io.TextIOWrapper name='<stderr>' mode='w' encoding='utf-8'> node index is 157
train linear regression time:  0.05256966594606638
(average_diff:0.0, max_diff:0.0, training_epochs:50, lr:0.05)
<_io.TextIOWrapper name='<stderr>' mode='w' encoding='utf-8'> node index is 323
train linear regression time:  0.05256683332845569
(average_diff:0.0, max_diff:0.0, training_epochs:50, lr:0.05)
<_io.TextIOWrapper name='<stderr>' mode='w' encoding='utf-8'> node index is 309
train linear regression time:  0.05260633444413543
(average_diff:0.08278806155550786, max_diff:0.17790564341645954, training_epochs:50, lr:0.05)
<_io.TextIOWrapper name='<stderr>' mode='w' encoding='utf-8'> node index is 297
train linear regression time:  0.05257687531411648
(average_diff:0.1508004596623719, max_diff:0.2394204271472993, training_epochs:50, lr:0.05)
<_io.TextIOWrapper name='<stderr>' mode='w' encoding='utf-8'> node index is 283
train linear regression time:  0.053411999717354774
(average_diff:0.07752554308867401, max_diff:0.20142767868141892, training_epochs:50, lr:0.05)
<_io.TextIOWrapper name='<stderr>' mode='w' encoding='utf-8'> node index is 267
train linear regression time:  0.0525579578243196
(average_diff:0.1498861154148758, max_diff:0.5617550285914767, training_epochs:50, lr:0.05)
<_io.TextIOWrapper name='<stderr>' mode='w' encoding='utf-8'> node index is 225
train linear regression time:  0.05244233412668109
(average_diff:0.22334015163627569, max_diff:0.4234569641536874, training_epochs:50, lr:0.05)
<_io.TextIOWrapper name='<stderr>' mode='w' encoding='utf-8'> node index is 211
train linear regression time:  0.052538291085511446
(average_diff:0.1310717180071487, max_diff:0.317389697279038, training_epochs:50, lr:0.05)
<_io.TextIOWrapper name='<stderr>' mode='w' encoding='utf-8'> node index is 185
train linear regression time:  0.05236658314242959
(average_diff:0.1301521550485689, max_diff:0.4689013078600994, training_epochs:50, lr:0.05)
<_io.TextIOWrapper name='<stderr>' mode='w' encoding='utf-8'> node index is 177
train linear regression time:  0.05248454213142395
(average_diff:0.18712356794512805, max_diff:0.4302665783657398, training_epochs:50, lr:0.05)
<_io.TextIOWrapper name='<stderr>' mode='w' encoding='utf-8'> node index is 169
train linear regression time:  0.05236370908096433
(average_diff:0.0022903463619226385, max_diff:0.0034442568191587197, training_epochs:50, lr:0.05)
<_io.TextIOWrapper name='<stderr>' mode='w' encoding='utf-8'> node index is 159
train linear regression time:  0.05217829206958413
(average_diff:0.11985926157950695, max_diff:0.2707289632097498, training_epochs:50, lr:0.05)
<_io.TextIOWrapper name='<stderr>' mode='w' encoding='utf-8'> node index is 151
train linear regression time:  0.052090625278651714
(0.05212225019931793
(average_diff:0.038534265530429795, max_diff:0.09533607181727186, training_epochs:50, lr:0.05)
<_io.TextIOWrapper name='<stderr>' mode='w' encoding='utf-8'> node index is 135
train linear regression time:  0.05215945793315768
(average_diff:0.0511230701388889, max_diff:0.1060180480828522, training_epochs:50, lr:0.05)
<_io.TextIOWrapper name='<stderr>' mode='w' encoding='utf-8'> node index is 129
train linear regression time:  0.05225491616874933
(average_diff:0.03136417196421915, max_diff:0.12477033766418166, training_epochs:50, lr:0.05)
<_io.TextIOWrapper name='<stderr>' mode='w' encoding='utf-8'> node index is 119
train linear regression time:  0.05229250015690923
(average_diff:0.03908982900220398, max_diff:0.1056189738893139, training_epochs:50, lr:0.05)
<_io.TextIOWrapper name='<stderr>' mode='w' encoding='utf-8'> node index is 109
train linear regression time:  0.05225800024345517
(average_diff:0.044374396143148635, max_diff:0.16229137927581166, training_epochs:50, lr:0.05)
<_io.TextIOWrapper name='<stderr>' mode='w' encoding='utf-8'> node index is 99
train linear regression time:  0.053708957973867655
(average_diff:2.7755575615628914e-17, max_diff:2.7755575615628914e-17, training_epochs:50, lr:0.05)
<_io.TextIOWrapper name='<stderr>' mode='w' encoding='utf-8'> node index is 447
train linear regression time:  0.05217345803976059
(average_diff:0.0034928667778380967, max_diff:0.004762817626189353, training_epochs:50, lr:0.05)
<_io.TextIOWrapper name='<stderr>' mode='w' encoding='utf-8'> node index is 441
train linear regression time:  0.05235970811918378
(average_diff:0.01648753425113657, max_diff:0.03059350842993913, training_epochs:50, lr:0.05)
<_io.TextIOWrapper name='<stderr>' mode='w' encoding='utf-8'> node index is 435
train linear regression time:  0.05240974994376302
(average_diff:0.0, max_diff:0.0, training_epochs:50, lr:0.05)
<_io.TextIOWrapper name='<stderr>' mode='w' encoding='utf-8'> node index is 429
train linear regression time:  0.052197917364537716
(average_diff:0.0027620357715466837, max_diff:0.004124275904843683, training_epochs:50, lr:0.05)
<_io.TextIOWrapper name='<stderr>' mode='w' encoding='utf-8'> node index is 421
train linear regression time:  0.05218774965032935
(average_diff:0.007018849235887203, max_diff:0.1957200727471371, training_epochs:50, lr:0.05)
<_io.TextIOWrapper name='<stderr>' mode='w' encoding='utf-8'> node index is 69
train linear regression time:  0.052887000143527985
(average_diff:0.06957213571997732, max_diff:0.2399244762710594, training_epochs:50, lr:0.05)
<_io.TextIOWrapper name='<stderr>' mode='w' encoding='utf-8'> node index is 61
train linear regression time:  0.05232754070311785
(average_diff:0.10173565975783298, max_diff:0.48254643908303935, training_epochs:50, lr:0.05)
<_io.TextIOWrapper name='<stderr>' mode='w' encoding='utf-8'> node index is 53
train linear regression time:  0.05244466569274664
(average_diff:0.03143472043237337, max_diff:0.057363274246461704, training_epochs:50, lr:0.05)
<_io.TextIOWrapper name='<stderr>' mode='w' encoding='utf-8'> node index is 401
train linear regression time:  0.05262354202568531
(average_diff:1.140780900299454e-09, max_diff:1.2520075254318641e-09, training_epochs:50, lr:0.05)
<_io.TextIOWrapper name='<stderr>' mode='w' encoding='utf-8'> node index is 387
train linear regression time:  0.05267716571688652
(average_diff:0.009209037041201268, max_diff:0.02159129594780279, training_epochs:50, lr:0.05)
<_io.TextIOWrapper name='<stderr>' mode='w' encoding='utf-8'> node index is 375
train linear regression time:  0.05238608317449689
(average_diff:0.011239583473294651, max_diff:0.015130728000631755, training_epochs:50, lr:0.05)
<_io.TextIOWrapper name='<stderr>' mode='w' encoding='utf-8'> node index is 361
train linear regression time:  0.052583915647119284
(average_diff:0.02094965024462195, max_diff:0.040731899506450925, training_epochs:50, lr:0.05)
<_io.TextIOWrapper name='<stderr>' mode='w' encoding='utf-8'> node index is 347
train linear regression time:  0.05260562477633357
(average_diff:0.09565299296205933, max_diff:0.17954898242687317, training_epochs:50, lr:0.05)
<_io.TextIOWrapper name='<stderr>' mode='w' encoding='utf-8'> node index is 311
train linear regression time:  0.05248558335006237
(average_diff:0.06531832827977699, max_diff:0.15368580762855044, training_epochs:50, lr:0.05)
<_io.TextIOWrapper name='<stderr>' mode='w' encoding='utf-8'> node index is 299
train linear regression time:  0.0524234171025455
(average_diff:0.1272263474931173, max_diff:0.452500011697019, training_epochs:50, lr:0.05)
<_io.TextIOWrapper name='<stderr>' mode='w' encoding='utf-8'> node index is 285
train linear regression time:  0.05240308400243521
(average_diff:0.021835497878354697, max_diff:0.04382064423416612, training_epochs:50, lr:0.05)
<_io.TextIOWrapper name='<stderr>' mode='w' encoding='utf-8'> node index is 269
train linear regression time:  0.05226283287629485
(average_diff:0.003410930347211516, max_diff:0.003526530451115062, training_epochs:50, lr:0.05)
<_io.TextIOWrapper name='<stderr>' mode='w' encoding='utf-8'> node index is 415
train linear regression time:  0.052184542175382376
(average_diff:0.01505835949895186, max_diff:0.02926265261629374, training_epochs:50, lr:0.05)
<_io.TextIOWrapper name='<stderr>' mode='w' encoding='utf-8'> node index is 411
train linear regression time:  0.05216725030913949
(average_diff:2.6234124733681696e-09, max_diff:2.8304374954934985e-09, training_epochs:50, lr:0.05)
<_io.TextIOWrapper name='<stderr>' mode='w' encoding='utf-8'> node index is 403
train linear regression time:  0.05391999986022711
(average_diff:0.05886494563180914, max_diff:0.12240736185936263, training_epochs:50, lr:0.05)
<_io.TextIOWrapper name='<stderr>' mode='w' encoding='utf-8'> node index is 389
train linear regression time:  0.05216099973767996
(average_diff:0.047827216346428426, max_diff:0.09378140219198994, training_epochs:50, lr:0.05)
<_io.TextIOWrapper name='<stderr>' mode='w' encoding='utf-8'> node index is 377
train linear regression time:  0.05225845891982317
(average_diff:0.025918563418004123, max_diff:0.030851443339287743, training_epochs:50, lr:0.05)
<_io.TextIOWrapper name='<stderr>' mode='w' encoding='utf-8'> node index is 363
train linear regression time:  0.05207129195332527
(average_diff:0.06482685840832976, max_diff:0.13034449143700627, training_epochs:50, lr:0.05)
<_io.TextIOWrapper name='<stderr>' mode='w' encoding='utf-8'> node index is 349
train linear regression time:  0.05216758279129863
(average_diff:0.04692704335472155, max_diff:0.0890271928595604, training_epochs:50, lr:0.05)
<_io.TextIOWrapper name='<stderr>' mode='w' encoding='utf-8'> node index is 335
train linear regression time:  0.052194375079125166
(average_diff:0.014143899179326009, max_diff:0.019332124761047065, training_epochs:50, lr:0.05)
<_io.TextIOWrapper name='<stderr>' mode='w' encoding='utf-8'> node index is 325
train linear regression time:  0.05215450003743172
(average_diff:0.10058348697852282, max_diff:0.2510469937077559, training_epochs:50, lr:0.05)
<_io.TextIOWrapper name='<stderr>' mode='w' encoding='utf-8'> node index is 313
train linear regression time:  0.05238766688853502
(average_diff:0.0, max_diff:0.0, training_epochs:50, lr:0.05)
<_io.TextIOWrapper name='<stderr>' mode='w' encoding='utf-8'> node index is 443
train linear regression time:  0.05234891688451171
(average_diff:0.07307981326800099, max_diff:0.1358315260800293, training_epochs:50, lr:0.05)
<_io.TextIOWrapper name='<stderr>' mode='w' encoding='utf-8'> node index is 431
train linear regression time:  0.0523930829949677
(average_diff:0.0, max_diff:0.0, training_epochs:50, lr:0.05)
<_io.TextIOWrapper name='<stderr>' mode='w' encoding='utf-8'> node index is 425
train linear regression time:  0.05215433333069086
(average_diff:0.0020979233282806264, max_diff:0.0030746428047752627, training_epochs:50, lr:0.05)
<_io.TextIOWrapper name='<stderr>' mode='w' encoding='utf-8'> node index is 419
train linear regression time:  0.05218883324414492
(average_diff:0.0010196142521077627, max_diff:0.0015298829467619846, training_epochs:<_io.TextIOWr<_io.TextIOWrapper name='<stderr>' mode='w' encoding='utf-8'> node index is 413
train linear regression time:  0.05230499990284443
(average_diff:0.005001725102905012, max_diff:0.007562641637269385, training_epochs:50, lr:0.05)
<_io.TextIOWrapper name='<stderr>' mode='w' encoding='utf-8'> node index is 405
train linear regression time:  0.052183208987116814
(average_diff:0.0, max_diff:0.0, training_epochs:50, lr:0.05)
<_io.TextIOWrapper name='<stderr>' mode='w' encoding='utf-8'> node index is 391
train linear regression time:  0.05216474970802665
(average_diff:1.0533168781634572e-10, max_diff:1.0640888170598828e-10, training_epochs:50, lr:0.05)
<_io.TextIOWrapper name='<stderr>' mode='w' encoding='utf-8'> node index is 379
train linear regression time:  0.05202400032430887
(average_diff:0.04847755227010141, max_diff:0.12567597496855742, training_epochs:50, lr:0.05)
<_io.TextIOWrapper name='<stderr>' mode='w' encoding='utf-8'> node index is 365
train linear regression time:  0.05210179090499878
(average_diff:0.014180649870531511, max_diff:0.014268849145946949, training_epochs:50, lr:0.05)
<_io.TextIOWrapper name='<stderr>' mode='w' encoding='utf-8'> node index is 351
train linear regression time:  0.05216262489557266
(average_diff:7.8673385409192e-05, max_diff:8.11691219024524e-05, training_epochs:50, lr:0.05)
<_io.TextIOWrapper name='<stderr>' mode='w' encoding='utf-8'> node index is 337
train linear regression time:  0.05209825001657009
(average_diff:0.13114481578134704, max_diff:0.5148266928642116, training_epochs:50, lr:0.05)
<_io.TextIOWrapper name='<stderr>' mode='w' encoding='utf-8'> node index is 393
train linear regression time:  0.052297750022262335
(average_diff:1.6653345369377348e-16, max_diff:2.220446049250313e-16, training_epochs:50, lr:0.05)
<_io.TextIOWrapper name='<stderr>' mode='w' encoding='utf-8'> node index is 301
train linear regression time:  0.05286954203620553
(average_diff:0.1304793936120446, max_diff:0.3318635423675026, training_epochs:50, lr:0.05)
<_io.TextIOWrapper name='<stderr>' mode='w' encoding='utf-8'> node index is 271
train linear regression time:  0.05267316708341241
(average_diff:0.07718669200137367, max_diff:0.20613876389138447, training_epochs:50, lr:0.05)
<_io.TextIOWrapper name='<stderr>' mode='w' encoding='utf-8'> node index is 253
train linear regression time:  0.05216266680508852
(average_diff:0.21191466658910607, max_diff:0.4209689475956685, training_epochs:50, lr:0.05)
<_io.TextIOWrapper name='<stderr>' mode='w' encoding='utf-8'> node index is 227
train linear regression time:  0.05214125011116266
(average_diff:0.12678734667732403, max_diff:0.2628227658863723, training_epochs:50, lr:0.05)
<_io.TextIOWrapper name='<stderr>' mode='w' encoding='utf-8'> node index is 213
train linear regression time:  0.05214266711845994
(average_diff:0.06612675236078246, max_diff:0.15058177922616153, training_epochs:50, lr:0.05)
<_io.TextIOWrapper name='<stderr>' mode='w' encoding='utf-8'> node index is 201
train linear regression time:  0.0521034998819232
(average_diff:2.7755575615628914e-17, max_diff:5.551115123125783e-17, training_epochs:50, lr:0.05)
<_io.TextIOWrapper name='<stderr>' mode='w' encoding='utf-8'> node index is 193
train linear regression time:  0.05204654112458229
(average_diff:0.032793225543235334, max_diff:0.07958051954749312, training_epochs:50, lr:0.05)
<_io.TextIOWrapper name='<stderr>' mode='w' encoding='utf-8'> node index is 187
train linear regression time:  0.05212512519210577
(average_diff:0.03775166417214047, max_diff:0.11551812086187951, training_epochs:50, lr:0.05)
<_io.TextIOWrapper name='<stderr>' mode='w' encoding='utf-8'> node index is 179
train linear regression time:  0.05202054092660546
(average_diff:0.0, max_diff:0.0, training_epochs:50, lr:0.05)
<_io.TextIOWrapper name='<stderr>' mode='w' encoding='utf-8'> node index is 171
train linear regression time:  0.05214670766144991
(average_diff:0.11604095391544714, max_diff:0.25110920596922043, training_epochs:50, lr:0.05)
<_io.TextIOWrapper name='<stderr>' mode='w' encoding='utf-8'> node index is 161
train linear regression time:  0.05211304174736142
(average_diff:1.1102230246251565e-16, max_diff:1.1102230246251565e-16, training_epochs:50, lr:0.05)
<_io.TextIOWrapper name='<stderr>' mode='w' encoding='utf-8'> node index is 367
train linear regression time:  0.05211979104205966
(average_diff:0.0, max_diff:0.0, training_epochs:50, lr:0.05)
<_io.TextIOWrapper name='<stderr>' mode='w' encoding='utf-8'> node index is 353
train linear regression time:  0.05216066678985953
(average_diff:7.536489591508655e-05, max_diff:7.623880820073481e-05, training_epochs:50, lr:0.05)
<_io.TextIOWrapper name='<stderr>' mode='w' encoding='utf-8'> node index is 339
train linear regression time:  0.05202787509188056
(average_diff:0.023543499767950695, max_diff:0.03852758798065381, training_epochs:50, lr:0.05)
<_io.TextIOWrapper name='<stderr>' mode='w' encoding='utf-8'> node index is 327
train linear regression time:  0.052168166264891624
(average_diff:0.028144293544815662, max_diff:0.152257390398021, training_epochs:50, lr:0.05)
<_io.TextIOWrapper name='<stderr>' mode='w' encoding='utf-8'> node index is 315
train linear regression time:  0.05206258315593004
(average_diff:0.024404746554572337, max_diff:0.05131394589209948, training_epochs:50, lr:0.05)
<_io.TextIOWrapper name='<stderr>' mode='w' encoding='utf-8'> node index is 303
train linear regression time:  0.05221216706559062
(average_diff:0.04020152630222761, max_diff:0.0898408044638539, training_epochs:50, lr:0.05)
<_io.TextIOWrapper name='<stderr>' mode='w' encoding='utf-8'> node index is 287
train linear regression time:  0.0519962920807302
(average_diff:0.0857561622478794, max_diff:0.15816537070684444, training_epochs:50, lr:0.05)
<_io.TextIOWrapper name='<stderr>' mode='w' encoding='utf-8'> node index is 273
train linear regression time:  0.052080707624554634
(average_diff:0.11192624593254767, max_diff:0.5263055791855856, training_epochs:50, lr:0.05)
<_io.TextIOWrapper name='<stderr>' mode='w' encoding='utf-8'> node index is 255
train linear regression time:  0.05211795913055539
(average_diff:0.0279279037744303, max_diff:0.05783864174279141, training_epochs:50, lr:0.05)
<_io.TextIOWrapper name='<stderr>' mode='w' encoding='utf-8'> node index is 241
train linear regression time:  0.052364416886121035
(average_diff:0.17503229463134987, max_diff:0.524014352978464, training_epochs:50, lr:0.05)
<_io.TextIOWrapper name='<stderr>' mode='w' encoding='utf-8'> node index is 229
train linear regression time:  0.053053791634738445
(average_diff:0.1364411494160633, max_diff:0.32610565218881227, training_epochs:50, lr:0.05)
<_io.TextIOWrapper name='<stderr>' mode='w' encoding='utf-8'> node index is 215
train linear regression time:  0.05204645823687315
(average_diff:0.06160348298338022, max_diff:0.1401434876391825, training_epochs:50, lr:0.05)
<_io.TextIOWrapper name='<stderr>' mode='w' encoding='utf-8'> node index is 203
train linear regression time:  0.05346745811402798
(average_diff:0.023652307517048943, max_diff:0.05790810997408724, training_epochs:50, lr:0.05)
<_io.TextIOWrapper name='<stderr>' mode='w' encoding='utf-8'> node index is 195
train linear regression time:  0.052910415921360254
(average_diff:0.15962013595921185, max_diff:0.3479242239927901, training_epochs:50, lr:0.05)
<_io.TextIOWrapper name='<stderr>' mode='w' encoding='utf-8'> node index is 7
train linear regression time:  0.05198400001972914
(average_diff:0.13230090509671968, max_diff:0.466633048246312, training_epochs:50, lr:0.05)
<_io.TextIOWrapper name='<stderr>' mode='w' encoding='utf-8'> node index is 5
train linear regression time:  0.05250033317133784
testFringe time:  13.250609791837633
<_io.TextIOWrapper name='<stderr>' mode='w' encoding='utf-8'> =============== update finished ===============

*** Writing Game File 81***

<_io.TextIOWrapper name='../print_tree_record_numpy/print_DM_boost_linear_tree_split.txt' mode='w' encoding='UTF-8'> idx1(Q:0.4015, distinct_name:0, dictinctin_value:2.569683891588169, par:None)
	idx4(Q:0.4022, distinct_name:0, dictinctin_value:2.507749956207568, par:1)
		idx6(Q:0.4022, distinct_name:0, dictinctin_value:-0.050698982385153205, par:4)
			idx8(Q:0.4622, distinct_name:0, dictinctin_value:-0.5002368440471089, par:6)
				idx10(Q:0.5086, distinct_name:3, dictinctin_value:0.7373220788164561, par:8)
					idx12(Q:0.4831, distinct_name:1, dictinctin_value:0.8498558206992594, par:10)
						idx18(Q:0.4313, distinct_name:2, dictinctin_value:0.8559921607301466, par:12)
							idx24(Q:0.4236, distinct_name:0, dictinctin_value:-0.5901212893723445, par:18)
								idx30(Q:0.4314, distinct_name:2, dictinctin_value:0.5095422779981766, par:24)
									idx38(Q:0.4506, distinct_name:2, dictinctin_value:0.24909091887867726, par:30)
										idx44(Q:0.4792, distinct_name:2, dictinctin_value:-0.06052347242753761, par:38)
											idx54(Q:0.5267, distinct_name:2, dictinctin_value:-0.16873413911779458, par:44)
												idx62(Q:0.5525, distinct_name:2, dictinctin_value:-0.3117760123070312, par:54)
													idx70(Q:0.5976, distinct_name:2, dictinctin_value:-0.36929151673896154, par:62)
														idx76(Q:0.6243, distinct_name:2, dictinctin_value:-0.4513587540231024, par:70)
															idx82(Q:0.6601, distinct_name:2, dictinctin_value:-0.49926091712096626, par:76)
																idx90(Q:0.6746, distinct_name:2, dictinctin_value:-0.5261921216626007, par:82)
																	idx100(Q:0.6862, distinct_name:2, dictinctin_value:-0.5682634996789567, par:90)
																		idx110(Q:0.7016, distinct_name:2, dictinctin_value:-0.576514535000767, par:100)
																			idx120(Q:0.7045, par:110)
																			idx121(Q:0.4001, par:110)
																		idx111(Q:0.3626, par:100)
																	idx101(Q:0.3565, par:90)
																idx91(Q:0.3280, par:82)
															idx83(Q:0.3023, par:76)
														idx77(Q:0.2680, par:70)
													idx71(Q:0.2720, par:62)
												idx63(Q:0.2253, par:54)
											idx55(Q:0.2433, distinct_name:0, dictinctin_value:-0.6476910175840919, par:44)
												idx464(Q:0.2469, distinct_name:3, dictinctin_value:0.6680194197252473, par:55)
													idx468(Q:0.2435, distinct_name:0, dictinctin_value:-0.6858015235311999, par:464)
														idx474(Q:0.2441, distinct_name:2, dictinctin_value:0.24031958562965672, par:468)
															idx480(Q:0.2415, distinct_name:2, dictinctin_value:0.22712878489931437, par:474)
																idx484(Q:0.2433, distinct_name:0, dictinctin_value:-0.6984661740702743, par:480)
																	idx492(Q:0.2413, distinct_name:2, dictinctin_value:0.2205862992769331, par:484)
																		idx500(Q:0.2409, distinct_name:1, dictinctin_value:0.7515347460969897, par:492)
																			idx518(Q:0.2429, par:500)
																			idx519(Q:0.1614, par:500)
																		idx501(Q:0.2751, par:492)
																	idx493(Q:0.3077, par:484)
																idx485(Q:0.1301, par:480)
															idx481(Q:0.3124, par:474)
														idx475(Q:0.1567, par:468)
													idx469(Q:0.3624, par:464)
												idx465(Q:0.1184, par:55)
										idx45(Q:0.2451, distinct_name:0, dictinctin_value:-0.6043607795061433, par:38)
											idx510(Q:0.2462, distinct_name:1, dictinctin_value:0.8144916165556727, par:45)
												idx520(Q:0.2389, distinct_name:1, dictinctin_value:0.7699133155688844, par:510)
													idx530(Q:0.2350, distinct_name:2, dictinctin_value:0.5073691095938268, par:520)
														idx536(Q:0.2355, distinct_name:0, dictinctin_value:-0.6190066933050004, par:530)
															idx548(Q:0.2342, distinct_name:0, dictinctin_value:-0.6463225202144014, par:536)
																idx570(Q:0.2346, distinct_name:0, dictinctin_value:-0.6564390430626009, par:548)
																	idx580(Q:0.2358, distinct_name:3, dictinctin_value:0.6572555751708343, par:570)
																		idx586(Q:0.2349, distinct_name:3, dictinctin_value:0.6217208412298194, par:580)
																			idx590(Q:0.2352, par:586)
																			idx591(Q:0.2181, par:586)
																		idx587(Q:0.2818, par:580)
																	idx581(Q:0.1052, par:570)
																idx571(Q:0.2225, par:548)
															idx549(Q:0.3743, par:536)
														idx537(Q:0.2094, par:530)
													idx531(Q:0.3479, par:520)
												idx521(Q:0.5313, par:510)
											idx511(Q:0.1130, par:45)
									idx39(Q:0.3097, distinct_name:1, dictinctin_value:0.8040063207197937, par:30)
										idx426(Q:0.3064, distinct_name:2, dictinctin_value:0.8419373683110459, par:39)
											idx432(Q:0.3079, distinct_name:0, dictinctin_value:-0.6009391153368029, par:426)
												idx444(Q:0.3098, distinct_name:0, dictinctin_value:-0.6041087413020046, par:432)
													idx448(Q:0.3095, distinct_name:0, dictinctin_value:-0.6100701052011255, par:444)
														idx456(Q:0.3095, distinct_name:0, dictinctin_value:-0.6407957166920598, par:448)
															idx460(Q:0.3135, distinct_name:0, dictinctin_value:-0.6555246386975058, par:456)
																idx466(Q:0.3157, distinct_name:0, dictinctin_value:-0.6720161756487143, par:460)
																	idx470(Q:0.3193, distinct_name:0, dictinctin_value:-0.6781083126032775, par:466)
																		idx472(Q:0.3192, distinct_name:0, dictinctin_value:-0.7020609777266955, par:470)
																			idx476(Q:0.3218, par:472)
																			idx477(Q:0.2334, par:472)
																		idx473(Q:0.3250, par:470)
																	idx471(Q:0.0686, par:466)
																idx467(Q:0.1550, par:460)
															idx461(Q:0.1206, par:456)
														idx457(Q:0.3118, par:448)
													idx449(Q:0.3527, par:444)
												idx445(Q:0.1599, par:432)
											idx433(Q:0.1937, par:426)
										idx427(Q:0.4793, par:39)
								idx31(Q:0.3476, distinct_name:0, dictinctin_value:-0.5002719881995846, par:24)
									idx544(Q:0.3479, distinct_name:1, dictinctin_value:0.7593054056611713, par:31)
										idx550(Q:0.3501, distinct_name:0, dictinctin_value:-0.5062520951871772, par:544)
											idx562(Q:0.3537, distinct_name:0, dictinctin_value:-0.5080035363270362, par:550)
												idx572(Q:0.3572, distinct_name:0, dictinctin_value:-0.5084639498879526, par:562)
													idx582(Q:0.3580, distinct_name:0, dictinctin_value:-0.5089199594147691, par:572)
														idx588(Q:0.3617, distinct_name:0, dictinctin_value:-0.5092872052358233, par:582)
															idx592(Q:0.3637, distinct_name:2, dictinctin_value:0.7693334693236122, par:588)
																idx594(Q:0.3699, distinct_name:2, dictinctin_value:0.7132889145486878, par:592)
																	idx596(Q:0.3758, par:594)
																	idx597(Q:0.0754, par:594)
																idx595(Q:0.1530, par:592)
															idx593(Q:0.1559, par:588)
														idx589(Q:0.1598, par:582)
													idx583(Q:0.2789, par:572)
												idx573(Q:0.1588, par:562)
											idx563(Q:0.1492, par:550)
										idx551(Q:0.2268, par:544)
									idx545(Q:0.3129, par:31)
							idx25(Q:0.4654, distinct_name:0, dictinctin_value:-0.5389580903277561, par:18)
								idx216(Q:0.4674, distinct_name:0, dictinctin_value:-0.5573162410999996, par:25)
									idx230(Q:0.4689, distinct_name:0, dictinctin_value:-0.5917620279880862, par:216)
										idx242(Q:0.4812, distinct_name:1, dictinctin_value:0.8127647407611875, par:230)
											idx256(Q:0.4753, distinct_name:0, dictinctin_value:-0.6131626140571143, par:242)
												idx288(Q:0.4775, distinct_name:0, dictinctin_value:-0.7076582377440916, par:256)
													idx304(Q:0.4993, distinct_name:0, dictinctin_value:-0.717862250694298, par:288)
														idx316(Q:0.5021, distinct_name:0, dictinctin_value:-0.7734253050900186, par:304)
															idx328(Q:0.5094, distinct_name:0, dictinctin_value:-0.7970945326559435, par:316)
																idx340(Q:0.5105, distinct_name:3, dictinctin_value:0.6595389343928215, par:328)
																	idx354(Q:0.5051, distinct_name:3, dictinctin_value:0.6186331758365281, par:340)
																		idx368(Q:0.4994, distinct_name:3, dictinctin_value:0.5952455969358141, par:354)
																			idx380(Q:0.4978, par:368)
																			idx381(Q:0.5796, par:368)
																		idx369(Q:0.8791, par:354)
																	idx355(Q:0.7825, par:340)
																idx341(Q:0.4646, par:328)
															idx329(Q:0.3485, par:316)
														idx317(Q:0.3428, par:304)
													idx305(Q:0.2967, par:288)
												idx289(Q:0.1966, par:256)
											idx257(Q:0.7304, par:242)
										idx243(Q:0.2570, par:230)
									idx231(Q:0.3288, par:216)
								idx217(Q:0.4047, par:25)
						idx19(Q:0.7000, distinct_name:0, dictinctin_value:-0.5046072639210131, par:12)
							idx152(Q:0.6999, distinct_name:2, dictinctin_value:1.74305991171075, par:19)
								idx162(Q:0.6894, distinct_name:2, dictinctin_value:1.5651912903147052, par:152)
									idx172(Q:0.6804, distinct_name:2, dictinctin_value:1.0939968976733132, par:162)
										idx180(Q:0.6570, distinct_name:2, dictinctin_value:0.9064820637809338, par:172)
											idx188(Q:0.6475, distinct_name:2, dictinctin_value:0.8130327408821636, par:180)
												idx196(Q:0.6389, distinct_name:2, dictinctin_value:0.714578820015968, par:188)
													idx204(Q:0.6382, distinct_name:0, dictinctin_value:-0.5137296726081428, par:196)
														idx218(Q:0.6408, distinct_name:2, dictinctin_value:0.4860989258104936, par:204)
															idx232(Q:0.6412, distinct_name:1, dictinctin_value:2.2330900660097845, par:218)
																idx244(Q:0.6292, distinct_name:2, dictinctin_value:0.44559578649865966, par:232)
																	idx258(Q:0.6259, distinct_name:2, dictinctin_value:0.32419638005931734, par:244)
																		idx274(Q:0.6257, distinct_name:0, dictinctin_value:-0.5233031664270825, par:258)
																			idx290(Q:0.6263, par:274)
																			idx291(Q:0.5526, par:274)
																		idx275(Q:0.6332, par:258)
																	idx259(Q:0.7450, par:244)
																idx245(Q:0.9413, par:232)
															idx233(Q:0.6358, par:218)
														idx219(Q:0.4556, par:204)
													idx205(Q:0.6618, par:196)
												idx197(Q:0.8597, par:188)
											idx189(Q:0.8521, par:180)
										idx181(Q:0.9943, par:172)
									idx173(Q:1.0016, par:162)
								idx163(Q:1.0424, par:152)
							idx153(Q:0.7365, par:19)
					idx13(Q:0.5879, distinct_name:2, dictinctin_value:1.929601246827043, par:10)
						idx92(Q:0.5744, distinct_name:1, dictinctin_value:1.2557733390904973, par:13)
							idx102(Q:0.5423, distinct_name:2, dictinctin_value:1.4527612583425853, par:92)
								idx112(Q:0.5301, distinct_name:2, dictinctin_value:1.3531114404933846, par:102)
									idx122(Q:0.5276, distinct_name:2, dictinctin_value:1.0639310625609943, par:112)
										idx130(Q:0.5158, distinct_name:2, dictinctin_value:0.8759607452183222, par:122)
											idx136(Q:0.5074, distinct_name:2, dictinctin_value:0.6228991526328211, par:130)
												idx142(Q:0.5032, distinct_name:2, dictinctin_value:0.4885947458466264, par:136)
													idx146(Q:0.4946, distinct_name:1, dictinctin_value:1.1059975491047376, par:142)
														idx148(Q:0.4860, distinct_name:3, dictinctin_value:2.363964647313972, par:146)
															idx154(Q:0.4793, distinct_name:3, dictinctin_value:1.536573712246935, par:148)
																idx164(Q:0.4571, distinct_name:1, dictinctin_value:0.49075596239548774, par:154)
																	idx206(Q:0.4246, distinct_name:3, dictinctin_value:1.525286896575752, par:164)
																		idx220(Q:0.4241, distinct_name:2, dictinctin_value:0.38874536608000104, par:206)
																			idx234(Q:0.4269, par:220)
																			idx235(Q:0.3327, par:220)
																		idx221(Q:0.4555, par:206)
																	idx207(Q:0.6194, par:164)
																idx165(Q:0.5667, par:154)
															idx155(Q:0.6475, par:148)
														idx149(Q:0.7657, par:146)
													idx147(Q:0.5929, par:142)
												idx143(Q:0.5561, par:136)
											idx137(Q:0.6927, par:130)
										idx131(Q:0.7114, par:122)
									idx123(Q:0.6587, par:112)
								idx113(Q:0.8090, par:102)
							idx103(Q:0.9335, par:92)
						idx93(Q:1.0370, par:13)
				idx11(Q:0.3777, distinct_name:3, dictinctin_value:1.284568987543642, par:8)
					idx32(Q:0.3558, distinct_name:3, dictinctin_value:0.5763111575206541, par:11)
						idx40(Q:0.3384, distinct_name:2, dictinctin_value:1.4159847670297276, par:32)
							idx46(Q:0.3289, distinct_name:2, dictinctin_value:0.8764611652526798, par:40)
								idx56(Q:0.3359, distinct_name:2, dictinctin_value:0.6776552612944613, par:46)
									idx64(Q:0.3417, distinct_name:0, dictinctin_value:-0.10007893227380851, par:56)
										idx72(Q:0.3413, distinct_name:2, dictinctin_value:0.481251420222257, par:64)
											idx78(Q:0.3519, distinct_name:2, dictinctin_value:0.43236682950932387, par:72)
												idx84(Q:0.3584, distinct_name:2, dictinctin_value:0.2322739018313544, par:78)
													idx94(Q:0.3797, distinct_name:2, dictinctin_value:0.1692901075380102, par:84)
														idx104(Q:0.3885, distinct_name:2, dictinctin_value:0.044622068949871425, par:94)
															idx114(Q:0.4075, distinct_name:2, dictinctin_value:-0.04421252452423217, par:104)
																idx124(Q:0.4267, distinct_name:2, dictinctin_value:-0.12551407150931976, par:114)
																	idx132(Q:0.4429, distinct_name:2, dictinctin_value:-0.16179863391045127, par:124)
																		idx138(Q:0.4529, distinct_name:2, dictinctin_value:-0.1987692173924826, par:132)
																			idx144(Q:0.4715, par:138)
																			idx145(Q:0.1585, par:138)
																		idx139(Q:0.1639, par:132)
																	idx133(Q:0.1945, par:124)
																idx125(Q:0.1324, par:114)
															idx115(Q:0.1902, par:104)
														idx105(Q:0.2029, par:94)
													idx95(Q:0.1729, par:84)
												idx85(Q:0.1717, par:78)
											idx79(Q:0.2190, par:72)
										idx73(Q:0.3449, par:64)
									idx65(Q:0.2600, par:56)
								idx57(Q:0.2847, distinct_name:0, dictinctin_value:-0.07115888508263095, par:46)
									idx486(Q:0.2881, distinct_name:2, dictinctin_value:1.3997870335092657, par:57)
										idx494(Q:0.2881, distinct_name:0, dictinctin_value:-0.07160732513030894, par:486)
											idx504(Q:0.2849, distinct_name:0, dictinctin_value:-0.08350405569893737, par:494)
												idx512(Q:0.2864, distinct_name:1, dictinctin_value:1.8788415154351898, par:504)
													idx522(Q:0.2756, distinct_name:1, dictinctin_value:1.7168001155290575, par:512)
														idx538(Q:0.2688, distinct_name:0, dictinctin_value:-0.08454829370887558, par:522)
															idx552(Q:0.2664, distinct_name:3, dictinctin_value:0.4530042815419259, par:538)
																idx556(Q:0.2680, distinct_name:0, dictinctin_value:-0.08608502852647902, par:552)
																	idx564(Q:0.2693, distinct_name:0, dictinctin_value:-0.08644796937551802, par:556)
																		idx574(Q:0.2689, distinct_name:0, dictinctin_value:-0.08717123163966492, par:564)
																			idx584(Q:0.2704, par:574)
																			idx585(Q:0.1069, par:574)
																		idx575(Q:0.3124, par:564)
																	idx565(Q:0.1341, par:556)
																idx557(Q:0.2231, par:552)
															idx553(Q:0.5355, par:538)
														idx539(Q:0.6590, par:522)
													idx523(Q:0.8978, par:512)
												idx513(Q:0.1098, par:504)
											idx505(Q:0.6691, par:494)
										idx495(Q:0.2877, par:486)
									idx487(Q:0.1831, par:57)
							idx47(Q:0.4402, par:40)
						idx41(Q:0.4265, distinct_name:3, dictinctin_value:1.2541204520301295, par:32)
							idx246(Q:0.4195, distinct_name:0, dictinctin_value:-0.05401988313827026, par:41)
								idx260(Q:0.4199, distinct_name:2, dictinctin_value:2.0807886731763334, par:246)
									idx276(Q:0.4048, distinct_name:2, dictinctin_value:1.8994422532815647, par:260)
										idx292(Q:0.3989, distinct_name:1, dictinctin_value:1.2716943858922887, par:276)
											idx306(Q:0.3762, distinct_name:2, dictinctin_value:1.8085097405850585, par:292)
												idx318(Q:0.3667, distinct_name:0, dictinctin_value:-0.06832580226386262, par:306)
													idx330(Q:0.3602, distinct_name:1, dictinctin_value:1.0161843934440484, par:318)
														idx342(Q:0.3556, distinct_name:0, dictinctin_value:-0.11082738421514442, par:330)
															idx356(Q:0.3504, distinct_name:0, dictinctin_value:-0.1239714467724242, par:342)
																idx370(Q:0.3515, distinct_name:1, dictinctin_value:0.8661774768232812, par:356)
																	idx382(Q:0.3477, distinct_name:0, dictinctin_value:-0.13038566790821624, par:370)
																		idx396(Q:0.3479, distinct_name:1, dictinctin_value:0.7685182247259327, par:382)
																			idx406(Q:0.3412, par:396)
																			idx407(Q:0.5546, par:396)
																		idx397(Q:0.3395, par:382)
																	idx383(Q:0.5070, par:370)
																idx371(Q:0.1581, par:356)
															idx357(Q:0.4144, par:342)
														idx343(Q:0.4520, par:330)
													idx331(Q:0.5768, par:318)
												idx319(Q:0.8472, par:306)
											idx307(Q:0.5981, par:292)
										idx293(Q:0.8474, par:276)
									idx277(Q:0.9121, par:260)
								idx261(Q:0.3940, par:246)
							idx247(Q:0.6656, par:41)
					idx33(Q:0.5632, distinct_name:2, dictinctin_value:1.8206658800741853, par:11)
						idx436(Q:0.5483, distinct_name:0, dictinctin_value:-0.055487221535360155, par:33)
							idx438(Q:0.5453, distinct_name:0, dictinctin_value:-0.06661868934946451, par:436)
								idx450(Q:0.5486, distinct_name:2, dictinctin_value:1.6280055741424861, par:438)
									idx458(Q:0.5398, distinct_name:2, dictinctin_value:1.4609118350831285, par:450)
										idx462(Q:0.5326, distinct_name:0, dictinctin_value:-0.06716992247771125, par:458)
											idx478(Q:0.5343, distinct_name:0, dictinctin_value:-0.06950841565798693, par:462)
												idx482(Q:0.5332, distinct_name:0, dictinctin_value:-0.07617984110574617, par:478)
													idx488(Q:0.5361, distinct_name:0, dictinctin_value:-0.09812148969449835, par:482)
														idx496(Q:0.5376, distinct_name:0, dictinctin_value:-0.10012482464779363, par:488)
															idx502(Q:0.5409, distinct_name:2, dictinctin_value:1.4064514939244364, par:496)
																idx514(Q:0.5373, distinct_name:2, dictinctin_value:1.318805451770871, par:502)
																	idx524(Q:0.5273, distinct_name:0, dictinctin_value:-0.11118736531331526, par:514)
																		idx532(Q:0.5274, distinct_name:0, dictinctin_value:-0.12850307532465371, par:524)
																			idx540(Q:0.5309, par:532)
																			idx541(Q:0.3260, par:532)
																		idx533(Q:0.5198, par:524)
																	idx525(Q:0.9326, par:514)
																idx515(Q:0.7615, par:502)
															idx503(Q:0.1239, par:496)
														idx497(Q:0.4907, par:488)
													idx489(Q:0.1612, par:482)
												idx483(Q:0.6779, par:478)
											idx479(Q:0.3023, par:462)
										idx463(Q:0.8604, par:458)
									idx459(Q:0.9430, par:450)
								idx451(Q:0.3190, par:438)
							idx439(Q:0.9613, par:436)
						idx437(Q:0.9142, par:33)
			idx9(Q:0.3462, distinct_name:1, dictinctin_value:1.4532912275447858, par:6)
				idx14(Q:0.3248, distinct_name:0, dictinctin_value:0.6708677617788001, par:9)
					idx16(Q:0.3407, distinct_name:0, dictinctin_value:0.5219929201544601, par:14)
						idx20(Q:0.3396, distinct_name:0, dictinctin_value:0.38200451643824146, par:16)
							idx26(Q:0.3463, distinct_name:0, dictinctin_value:0.29175973898130836, par:20)
								idx34(Q:0.3458, distinct_name:3, dictinctin_value:1.2405945003824483, par:26)
									idx42(Q:0.3176, distinct_name:2, dictinctin_value:1.6139678071673451, par:34)
										idx48(Q:0.3137, distinct_name:1, dictinctin_value:1.0148453699076618, par:42)
											idx58(Q:0.2998, distinct_name:2, dictinctin_value:0.8422101128546527, par:48)
												idx66(Q:0.3075, distinct_name:2, dictinctin_value:0.5718071591898053, par:58)
													idx74(Q:0.3211, distinct_name:2, dictinctin_value:0.3335199702259944, par:66)
														idx80(Q:0.3454, distinct_name:2, dictinctin_value:0.2585267021680285, par:74)
															idx86(Q:0.3530, distinct_name:2, dictinctin_value:0.13295569297273957, par:80)
																idx96(Q:0.3690, distinct_name:2, dictinctin_value:0.0933394603867821, par:86)
																	idx106(Q:0.3778, distinct_name:2, dictinctin_value:0.047951172568074005, par:96)
																		idx116(Q:0.3869, distinct_name:2, dictinctin_value:-0.0025517231675584334, par:106)
																			idx126(Q:0.3939, par:116)
																			idx127(Q:0.1251, par:116)
																		idx117(Q:0.1509, par:106)
																	idx107(Q:0.1125, par:96)
																idx97(Q:0.1324, par:86)
															idx87(Q:0.1599, par:80)
														idx81(Q:0.1571, par:74)
													idx75(Q:0.1941, par:66)
												idx67(Q:0.2583, distinct_name:0, dictinctin_value:0.284001031471605, par:58)
													idx506(Q:0.2587, distinct_name:0, dictinctin_value:0.28239410324000885, par:67)
														idx526(Q:0.2566, distinct_name:1, dictinctin_value:0.83535054985968, par:506)
															idx546(Q:0.2315, distinct_name:2, dictinctin_value:1.5992728183505887, par:526)
																idx554(Q:0.2336, distinct_name:0, dictinctin_value:0.27983576931814547, par:546)
																	idx558(Q:0.2344, distinct_name:2, dictinctin_value:1.5459775970266707, par:554)
																		idx566(Q:0.2301, distinct_name:2, dictinctin_value:1.5137425616672946, par:558)
																			idx576(Q:0.2301, par:566)
																			idx577(Q:0.2291, par:566)
																		idx567(Q:0.3494, par:558)
																	idx559(Q:0.1412, par:554)
																idx555(Q:0.1136, par:546)
															idx547(Q:0.7287, par:526)
														idx527(Q:0.5128, par:506)
													idx507(Q:0.2169, par:67)
											idx59(Q:0.4357, par:48)
										idx49(Q:0.3915, par:42)
									idx43(Q:0.5470, distinct_name:3, dictinctin_value:2.7956706813891117, par:34)
										idx490(Q:0.5360, distinct_name:0, dictinctin_value:0.28758459307995216, par:43)
											idx498(Q:0.5306, distinct_name:2, dictinctin_value:1.7926081731949, par:490)
												idx508(Q:0.5233, distinct_name:0, dictinctin_value:0.2865220549225975, par:498)
													idx516(Q:0.5228, distinct_name:0, dictinctin_value:0.2785989659591723, par:508)
														idx528(Q:0.5308, distinct_name:3, dictinctin_value:2.7261255458914433, par:516)
															idx534(Q:0.5346, distinct_name:0, dictinctin_value:0.2763906794093015, par:528)
																idx542(Q:0.5366, distinct_name:0, dictinctin_value:0.2703031142425218, par:534)
																	idx560(Q:0.5352, distinct_name:3, dictinctin_value:2.563708411050972, par:542)
																		idx568(Q:0.5310, distinct_name:2, dictinctin_value:1.5803350412841866, par:560)
																			idx578(Q:0.5226, par:568)
																			idx579(Q:0.8323, par:568)
																		idx569(Q:0.7699, par:560)
																	idx561(Q:0.6884, par:542)
																idx543(Q:0.3073, par:534)
															idx535(Q:0.3125, par:528)
														idx529(Q:0.2106, par:516)
													idx517(Q:0.5832, par:508)
												idx509(Q:0.9712, par:498)
											idx499(Q:1.1979, par:490)
										idx491(Q:1.0038, par:43)
								idx35(Q:0.3482, distinct_name:1, dictinctin_value:1.344826515865718, par:26)
									idx236(Q:0.3461, distinct_name:3, dictinctin_value:1.6897348587436034, par:35)
										idx248(Q:0.3308, distinct_name:1, dictinctin_value:1.2341402111364463, par:236)
											idx262(Q:0.3311, distinct_name:3, dictinctin_value:1.3356049450605056, par:248)
												idx278(Q:0.3224, distinct_name:2, dictinctin_value:1.6241822054726756, par:262)
													idx294(Q:0.3128, distinct_name:0, dictinctin_value:0.3731119474318981, par:278)
														idx320(Q:0.3097, distinct_name:3, dictinctin_value:1.2759579982069145, par:294)
															idx344(Q:0.2991, distinct_name:0, dictinctin_value:0.37304242798500226, par:320)
																idx358(Q:0.2989, distinct_name:0, dictinctin_value:0.3707677109507447, par:344)
																	idx372(Q:0.3017, distinct_name:0, dictinctin_value:0.3697040787425107, par:358)
																		idx384(Q:0.3033, distinct_name:2, dictinctin_value:1.3789177574365135, par:372)
																			idx398(Q:0.3012, par:384)
																			idx399(Q:0.3513, par:384)
																		idx385(Q:0.2247, par:372)
																	idx373(Q:0.1232, par:358)
																idx359(Q:0.3297, par:344)
															idx345(Q:0.6603, par:320)
														idx321(Q:0.3696, par:294)
													idx295(Q:0.5111, par:278)
												idx279(Q:0.5479, par:262)
											idx263(Q:0.3069, par:248)
										idx249(Q:0.7521, par:236)
									idx237(Q:0.4358, par:35)
							idx27(Q:0.3158, distinct_name:2, dictinctin_value:1.5527241962490086, par:20)
								idx156(Q:0.3126, distinct_name:0, dictinctin_value:0.5137061072990365, par:27)
									idx166(Q:0.3174, distinct_name:0, dictinctin_value:0.5083060291160676, par:156)
										idx174(Q:0.3175, distinct_name:1, dictinctin_value:1.235555391656205, par:166)
											idx182(Q:0.3176, distinct_name:0, dictinctin_value:0.499318407708209, par:174)
												idx190(Q:0.3236, distinct_name:3, dictinctin_value:1.6437138459193195, par:182)
													idx198(Q:0.3151, distinct_name:0, dictinctin_value:0.4978828276393789, par:190)
														idx208(Q:0.3174, distinct_name:2, dictinctin_value:1.3588453420210258, par:198)
															idx222(Q:0.3151, distinct_name:2, dictinctin_value:0.9721483625475897, par:208)
																idx238(Q:0.3172, distinct_name:0, dictinctin_value:0.4972801494332726, par:222)
																	idx250(Q:0.3151, distinct_name:2, dictinctin_value:0.944961054171824, par:238)
																		idx264(Q:0.3182, distinct_name:2, dictinctin_value:0.872803430709856, par:250)
																			idx280(Q:0.3232, par:264)
																			idx281(Q:0.2160, par:264)
																		idx265(Q:0.0703, par:250)
																	idx251(Q:0.5718, par:238)
																idx239(Q:0.2888, par:222)
															idx223(Q:0.3837, par:208)
														idx209(Q:0.1910, par:198)
													idx199(Q:0.6572, par:190)
												idx191(Q:0.2322, par:182)
											idx183(Q:0.3175, par:174)
										idx175(Q:0.3138, par:166)
									idx167(Q:0.2444, par:156)
								idx157(Q:0.4016, par:27)
						idx21(Q:0.3457, distinct_name:1, dictinctin_value:1.3201670622027022, par:16)
							idx150(Q:0.3436, distinct_name:1, dictinctin_value:1.2234607090751204, par:21)
								idx158(Q:0.3441, distinct_name:1, dictinctin_value:1.0226433736171432, par:150)
									idx168(Q:0.3384, distinct_name:0, dictinctin_value:0.6649352976939671, par:158)
										idx176(Q:0.3384, distinct_name:2, dictinctin_value:1.8028367177150562, par:168)
											idx184(Q:0.3358, distinct_name:3, dictinctin_value:1.321083281680176, par:176)
												idx210(Q:0.3153, distinct_name:1, dictinctin_value:0.7493197611500411, par:184)
													idx224(Q:0.3131, distinct_name:2, dictinctin_value:1.1954012588052898, par:210)
														idx266(Q:0.3140, distinct_name:1, dictinctin_value:0.6035401367847275, par:224)
															idx282(Q:0.3169, distinct_name:1, dictinctin_value:0.5166827335099701, par:266)
																idx296(Q:0.3230, distinct_name:0, dictinctin_value:0.663963378246939, par:282)
																	idx308(Q:0.3210, distinct_name:0, dictinctin_value:0.6638782806630827, par:296)
																		idx322(Q:0.3192, distinct_name:2, dictinctin_value:1.1091905022156634, par:308)
																			idx332(Q:0.3234, par:322)
																			idx333(Q:0.1630, par:322)
																		idx323(Q:0.7405, par:308)
																	idx309(Q:0.7765, par:296)
																idx297(Q:0.1763, par:282)
															idx283(Q:0.2565, par:266)
														idx267(Q:0.3004, par:224)
													idx225(Q:0.3347, par:210)
												idx211(Q:0.5503, par:184)
											idx185(Q:0.4116, par:176)
										idx177(Q:0.3370, par:168)
									idx169(Q:0.5158, par:158)
								idx159(Q:0.2774, par:150)
							idx151(Q:0.4317, par:21)
					idx17(Q:0.3074, distinct_name:3, dictinctin_value:0.8871619234739136, par:14)
						idx22(Q:0.2762, distinct_name:1, dictinctin_value:0.895274831679809, par:17)
							idx28(Q:0.2612, distinct_name:3, dictinctin_value:0.4147697243292515, par:22)
								idx36(Q:0.2529, distinct_name:3, dictinctin_value:-0.009439492879810042, par:28)
									idx50(Q:0.2490, distinct_name:0, dictinctin_value:2.3121117874404824, par:36)
										idx52(Q:0.2503, distinct_name:0, dictinctin_value:1.9483716250181808, par:50)
											idx60(Q:0.2533, distinct_name:3, dictinctin_value:-0.018025248765568658, par:52)
												idx68(Q:0.2607, distinct_name:2, dictinctin_value:0.8033765660185509, par:60)
													idx88(Q:0.2661, distinct_name:2, dictinctin_value:0.6003623148969123, par:68)
														idx98(Q:0.2739, distinct_name:2, dictinctin_value:0.5329635912790776, par:88)
															idx108(Q:0.2785, distinct_name:2, dictinctin_value:0.3621996786015208, par:98)
																idx118(Q:0.2933, distinct_name:3, dictinctin_value:-0.05260374571449391, par:108)
																	idx128(Q:0.2954, distinct_name:2, dictinctin_value:0.22149263805201816, par:118)
																		idx134(Q:0.3092, distinct_name:2, dictinctin_value:0.13324256965432388, par:128)
																			idx140(Q:0.3219, par:134)
																			idx141(Q:0.1363, par:134)
																		idx135(Q:0.1474, par:128)
																	idx129(Q:0.2327, par:118)
																idx119(Q:0.1397, par:108)
															idx109(Q:0.1719, par:98)
														idx99(Q:0.1654, par:88)
													idx89(Q:0.2417, distinct_name:0, dictinctin_value:1.9001636825637473, par:68)
														idx420(Q:0.2397, distinct_name:0, dictinctin_value:1.8970534364477791, par:89)
															idx428(Q:0.2399, distinct_name:0, dictinctin_value:1.7864713255325577, par:420)
																idx434(Q:0.2416, distinct_name:0, dictinctin_value:1.7345810667045185, par:428)
																	idx440(Q:0.2389, distinct_name:0, dictinctin_value:1.7300479805066988, par:434)
																		idx446(Q:0.2396, distinct_name:0, dictinctin_value:1.6826477660222412, par:440)
																			idx452(Q:0.2371, par:446)
																			idx453(Q:0.3516, par:446)
																		idx447(Q:0.1492, par:440)
																	idx441(Q:0.3355, par:434)
																idx435(Q:0.1908, par:428)
															idx429(Q:0.2144, par:420)
														idx421(Q:0.2937, par:89)
												idx69(Q:0.1938, par:60)
											idx61(Q:0.2018, par:52)
										idx53(Q:0.1927, par:50)
									idx51(Q:0.2658, distinct_name:0, dictinctin_value:2.2255864685353126, par:36)
										idx268(Q:0.2671, distinct_name:0, dictinctin_value:1.8770234609938123, par:51)
											idx284(Q:0.2673, distinct_name:1, dictinctin_value:0.8208254329434517, par:268)
												idx298(Q:0.2693, distinct_name:0, dictinctin_value:1.7199871451158526, par:284)
													idx310(Q:0.2710, distinct_name:3, dictinctin_value:0.39481973457279324, par:298)
														idx346(Q:0.2722, distinct_name:2, dictinctin_value:2.0591657816242117, par:310)
															idx360(Q:0.2636, distinct_name:2, dictinctin_value:1.6416632040499568, par:346)
																idx374(Q:0.2627, distinct_name:0, dictinctin_value:1.6846076849979201, par:360)
																	idx386(Q:0.2629, distinct_name:2, dictinctin_value:1.5364517172370076, par:374)
																		idx400(Q:0.2621, distinct_name:2, dictinctin_value:1.321416179085615, par:386)
																			idx408(Q:0.2596, par:400)
																			idx409(Q:0.3431, par:400)
																		idx401(Q:0.2993, par:386)
																	idx387(Q:0.2383, par:374)
																idx375(Q:0.3030, par:360)
															idx361(Q:0.7383, par:346)
														idx347(Q:0.2266, par:310)
													idx311(Q:0.2142, par:298)
												idx299(Q:0.2089, par:284)
											idx285(Q:0.2635, par:268)
										idx269(Q:0.2326, par:51)
								idx37(Q:0.3014, distinct_name:1, dictinctin_value:0.7946772031835798, par:28)
									idx312(Q:0.2939, distinct_name:2, dictinctin_value:1.9378572482198, par:37)
										idx324(Q:0.2855, distinct_name:0, dictinctin_value:2.1880833067537604, par:312)
											idx334(Q:0.2862, distinct_name:0, dictinctin_value:2.1673152418059, par:324)
												idx348(Q:0.2836, distinct_name:0, dictinctin_value:2.0644684179947266, par:334)
													idx362(Q:0.2822, distinct_name:2, dictinctin_value:1.6060442338491094, par:348)
														idx376(Q:0.2730, distinct_name:0, dictinctin_value:1.8821116949330967, par:362)
															idx388(Q:0.2772, distinct_name:2, dictinctin_value:1.5867185725408008, par:376)
																idx402(Q:0.2774, distinct_name:0, dictinctin_value:1.8162737627685595, par:388)
																	idx410(Q:0.2808, distinct_name:2, dictinctin_value:1.474613989336331, par:402)
																		idx414(Q:0.2759, distinct_name:2, dictinctin_value:1.322085439542282, par:410)
																			idx422(Q:0.2759, par:414)
																			idx423(Q:0.2744, par:414)
																		idx415(Q:0.7277, par:410)
																	idx411(Q:0.1206, par:402)
																idx403(Q:0.2603, par:388)
															idx389(Q:0.1585, par:376)
														idx377(Q:0.5439, par:362)
													idx363(Q:0.3514, par:348)
												idx349(Q:0.4213, par:334)
											idx335(Q:0.2633, par:324)
										idx325(Q:0.5989, par:312)
									idx313(Q:0.4699, par:37)
							idx29(Q:0.3890, distinct_name:0, dictinctin_value:2.44084525907838, par:22)
								idx336(Q:0.3905, distinct_name:0, dictinctin_value:2.3332385876998147, par:29)
									idx350(Q:0.3919, distinct_name:2, dictinctin_value:1.313989803673234, par:336)
										idx364(Q:0.3582, distinct_name:2, dictinctin_value:1.2075088067941002, par:350)
											idx378(Q:0.3553, distinct_name:0, dictinctin_value:2.3276851139515355, par:364)
												idx390(Q:0.3542, distinct_name:2, dictinctin_value:1.1566628366759308, par:378)
													idx404(Q:0.3498, distinct_name:2, dictinctin_value:1.049026714172236, par:390)
														idx412(Q:0.3463, distinct_name:2, dictinctin_value:1.0138168631315498, par:404)
															idx418(Q:0.3434, distinct_name:0, dictinctin_value:2.3136303024689413, par:412)
																idx424(Q:0.3432, distinct_name:1, dictinctin_value:1.4142431093508798, par:418)
																	idx430(Q:0.3484, distinct_name:0, dictinctin_value:2.2572655688242222, par:424)
																		idx442(Q:0.3470, distinct_name:0, dictinctin_value:2.2507333712501807, par:430)
																			idx454(Q:0.3470, par:442)
																			idx455(Q:0.3551, par:442)
																		idx443(Q:0.5398, par:430)
																	idx431(Q:0.2225, par:424)
																idx425(Q:0.3611, par:418)
															idx419(Q:0.4918, par:412)
														idx413(Q:0.5241, par:404)
													idx405(Q:0.5763, par:390)
												idx391(Q:0.5313, par:378)
											idx379(Q:0.5828, par:364)
										idx365(Q:0.6741, par:350)
									idx351(Q:0.2661, par:336)
								idx337(Q:0.2579, par:29)
						idx23(Q:0.4621, distinct_name:0, dictinctin_value:2.1444723574903684, par:17)
							idx160(Q:0.4633, distinct_name:0, dictinctin_value:2.133798778100152, par:23)
								idx170(Q:0.4637, distinct_name:2, dictinctin_value:1.564504591409782, par:160)
									idx178(Q:0.4405, distinct_name:2, dictinctin_value:1.4113473869711974, par:170)
										idx186(Q:0.4358, distinct_name:0, dictinctin_value:2.1063540893171067, par:178)
											idx192(Q:0.4367, distinct_name:2, dictinctin_value:1.2195161175228741, par:186)
												idx200(Q:0.4306, distinct_name:0, dictinctin_value:1.9676721667093595, par:192)
													idx212(Q:0.4286, distinct_name:0, dictinctin_value:1.8926417272552991, par:200)
														idx226(Q:0.4278, distinct_name:0, dictinctin_value:1.7713311316515392, par:212)
															idx252(Q:0.4325, distinct_name:1, dictinctin_value:1.3213229930390704, par:226)
																idx270(Q:0.4273, distinct_name:0, dictinctin_value:1.7442155745503336, par:252)
																	idx300(Q:0.4253, distinct_name:0, dictinctin_value:1.3536781616204123, par:270)
																		idx392(Q:0.4273, distinct_name:0, dictinctin_value:1.2274516322533688, par:300)
																			idx416(Q:0.4301, par:392)
																			idx417(Q:0.4066, par:392)
																		idx393(Q:0.4162, par:300)
																	idx301(Q:0.6548, par:270)
																idx271(Q:0.6092, par:252)
															idx253(Q:0.3010, par:226)
														idx227(Q:0.4615, par:212)
													idx213(Q:0.5051, par:200)
												idx201(Q:0.5838, par:192)
											idx193(Q:0.3158, par:186)
										idx187(Q:0.6250, par:178)
									idx179(Q:0.8522, par:170)
								idx171(Q:0.3511, par:160)
							idx161(Q:0.4274, par:23)
				idx15(Q:0.6144, distinct_name:2, dictinctin_value:1.9938158806166744, par:9)
					idx194(Q:0.6020, distinct_name:3, dictinctin_value:2.0149638943737203, par:15)
						idx202(Q:0.5910, distinct_name:3, dictinctin_value:1.626087400144554, par:194)
							idx214(Q:0.5868, distinct_name:1, dictinctin_value:2.6727016574162166, par:202)
								idx228(Q:0.5729, distinct_name:2, dictinctin_value:1.776904010924299, par:214)
									idx240(Q:0.5679, distinct_name:2, dictinctin_value:1.4203463682180766, par:228)
										idx254(Q:0.5548, distinct_name:0, dictinctin_value:2.115573493736756, par:240)
											idx272(Q:0.5557, distinct_name:2, dictinctin_value:1.306259966260203, par:254)
												idx286(Q:0.5410, distinct_name:2, dictinctin_value:1.2529155214914378, par:272)
													idx302(Q:0.5363, distinct_name:2, dictinctin_value:0.808199081795812, par:286)
														idx314(Q:0.5112, distinct_name:2, dictinctin_value:0.7214446989843575, par:302)
															idx326(Q:0.5033, distinct_name:2, dictinctin_value:0.7041168221107604, par:314)
																idx338(Q:0.5023, distinct_name:0, dictinctin_value:2.1110030599556926, par:326)
																	idx352(Q:0.5032, distinct_name:0, dictinctin_value:2.0312710900603177, par:338)
																		idx366(Q:0.5003, distinct_name:2, dictinctin_value:0.6878681581259294, par:352)
																			idx394(Q:0.4979, par:366)
																			idx395(Q:0.7374, par:366)
																		idx367(Q:0.7833, par:352)
																	idx353(Q:0.3397, par:338)
																idx339(Q:0.6013, par:326)
															idx327(Q:0.6883, par:314)
														idx315(Q:0.8479, par:302)
													idx303(Q:0.8049, par:286)
												idx287(Q:0.8402, par:272)
											idx273(Q:0.5122, par:254)
										idx255(Q:0.8008, par:240)
									idx241(Q:0.9026, par:228)
								idx229(Q:0.8349, par:214)
							idx215(Q:0.7225, par:202)
						idx203(Q:0.9203, par:194)
					idx195(Q:0.9885, par:15)
		idx7(Q:0.3927, par:4)
	idx5(Q:
.2806, par:1)
