WARNING:tensorflow:From /Users/keithwu/opt/anaconda3/envs/auction-gym/lib/python3.10/site-packages/tensorflow/python/compat/v2_compat.py:107: disable_resource_variables (from tensorflow.python.ops.variable_scope) is deprecated and will be removed in a future version.
Instructions for updating:
non-resource variables are not supported in the long term
<_io.TextIOWrapper name='<stderr>' mode='w' encoding='utf-8'> reading from ../UTree_model_numpy/DM/model_boost_linear_qsplit_noabs_save/, starting at 74
<_io.TextIOWrapper name='<stderr>' mode='w' encoding='utf-8'> =============== update starts ===============
(average_diff:0.006206731983772285, max_diff:0.04272727271327437, training_epochs:50, lr:0.05)
<_io.TextIOWrapper name='<stderr>' mode='w' encoding='utf-8'> node index is 111
train linear regression time:  0.0513588753528893
(average_diff:0.015702921939051193, max_diff:0.08152877815718171, training_epochs:50, lr:0.05)
<_io.TextIOWrapper name='<stderr>' mode='w' encoding='utf-8'> node index is 101
train linear regression time:  0.052221457939594984
(average_diff:0.010170295122499711, max_diff:0.0359773612828449, training_epochs:50, lr:0.05)
<_io.TextIOWrapper name='<stderr>' mode='w' encoding='utf-8'> node index is 91
train linear regression time:  0.051989125087857246
(average_diff:0.013666110740497643, max_diff:0.16591232608165127, training_epochs:50, lr:0.05)
<_io.TextIOWrapper name='<stderr>' mode='w' encoding='utf-8'> node index is 83
train linear regression time:  0.05199420778080821
(average_diff:0.02608274209074252, max_diff:0.21290147070492424, training_epochs:50, lr:0.05)
<_io.TextIOWrapper name='<stderr>' mode='w' encoding='utf-8'> node index is 77
train linear regression time:  0.05271166702732444
(average_diff:0.04685431951777164, max_diff:0.269648177510157, training_epochs:50, lr:0.05)
<_io.TextIOWrapper name='<stderr>' mode='w' encoding='utf-8'> node index is 71
train linear regression time:  0.053018166683614254
(average_diff:0.04889822857032187, max_diff:0.19933977399389002, training_epochs:50, lr:0.05)
<_io.TextIOWrapper name='<stderr>' mode='w' encoding='utf-8'> node index is 63
train linear regression time:  0.05226516677066684
(average_diff:0.011936605482394228, max_diff:0.017463406134739984, training_epochs:50, lr:0.05)
<_io.TextIOWrapper name='<stderr>' mode='w' encoding='utf-8'> node index is 501
train linear regression time:  0.05175550002604723
(average_diff:0.0208330302956177, max_diff:0.02167503604462656, training_epochs:50, lr:0.05)
<_io.TextIOWrapper name='<stderr>' mode='w' encoding='utf-8'> node index is 493
train linear regression time:  0.05176491662859917
(average_diff:0.00024705154728300177, max_diff:0.00027453887721086423, training_epochs:50, lr:0.05)
<_io.TextIOWrapper name='<stderr>' mode='w' encoding='utf-8'> node index is 485
train linear regression time:  0.05105983326211572
(average_diff:0.02278779280101989, max_diff:0.03586318376159631, training_epochs:50, lr:0.05)
<_io.TextIOWrapper name='<stderr>' mode='w' encoding='utf-8'> node index is 481
train linear regression time:  0.05208804178982973
(average_diff:2.7755575615628914e-17, max_diff:2.7755575615628914e-17, training_epochs:50, lr:0.05)
<_io.TextIOWrapper name='<stderr>' mode='w' encoding='utf-8'> node index is 475
train linear regression time:  0.05154858389869332
(average_diff:0.013026309618838883, max_diff:0.028310444447070815, training_epochs:50, lr:0.05)
<_io.TextIOWrapper name='<stderr>' mode='w' encoding='utf-8'> node index is 469
train linear regression time:  0.05351666687056422
(average_diff:0.00017158629349385093, max_diff:0.00024638261484277724, training_epochs:50, lr:0.05)
<_io.TextIOWrapper name='<stderr>' mode='w' encoding='utf-8'> node index is 465
train linear regression time:  0.0521248341538012
(average_diff:0.07398834171675145, max_diff:0.2932527336813222, training_epochs:50, lr:0.05)
<_io.TextIOWrapper name='<stderr>' mode='w' encoding='utf-8'> node index is 548
train linear regression time:  0.05278362473472953
(average_diff:3.5332847758695607e-13, max_diff:3.5332847758695607e-13, training_epochs:50, lr:0.05)
<_io.TextIOWrapper name='<stderr>' mode='w' encoding='utf-8'> node index is 549
train linear regression time:  0.05174016719684005
(average_diff:3.5035149972828528e-06, max_diff:4.349152630978015e-06, training_epochs:50, lr:0.05)
<_io.TextIOWrapper name='<stderr>' mode='w' encoding='utf-8'> node index is 537
train linear regression time:  0.05291883321478963
(average_diff:0.003973638503123471, max_diff:0.006300677033443891, training_epochs:50, lr:0.05)
<_io.TextIOWrapper name='<stderr>' mode='w' encoding='utf-8'> node index is 531
train linear regression time:  0.052297750022262335
(average_diff:0.008839725452417735, max_diff:0.0140727224208258, training_epochs:50, lr:0.05)
<_io.TextIOWrapper name='<stderr>' mode='w' encoding='utf-8'> node index is 521
train linear regression time:  0.05085779167711735
(average_diff:1.249000902703301e-16, max_diff:1.249000902703301e-16, training_epochs:50, lr:0.05)
<_io.TextIOWrapper name='<stderr>' mode='w' encoding='utf-8'> node index is 511
train linear regression time:  0.05324350018054247
(average_diff:2.830844403056698e-07, max_diff:2.842678298309309e-07, training_epochs:50, lr:0.05)
<_io.TextIOWrapper name='<stderr>' mode='w' encoding='utf-8'> node index is 473
train linear regression time:  0.05206774966791272
(average_diff:4.378754303591137e-12, max_diff:5.313291473463266e-12, training_epochs:50, lr:0.05)
<_io.TextIOWrapper name='<stderr>' mode='w' encoding='utf-8'> node index is 471
train linear regression time:  0.05273524997755885
(average_diff:0.0014266402893340219, max_diff:0.0014563780822726968, training_epochs:50, lr:0.05)
<_io.TextIOWrapper name='<stderr>' mode='w' encoding='utf-8'> node index is 467
train linear regression time:  0.05128679098561406
(average_diff:0.014706419041145988, max_diff:0.02250909103978388, training_epochs:50, lr:0.05)
<_io.TextIOWrapper name='<stderr>' mode='w' encoding='utf-8'> node index is 461
train linear regression time:  0.054096000269055367
(average_diff:0.010635930240913888, max_diff:0.02102199990036191, training_epochs:50, lr:0.05)
<_io.TextIOWrapper name='<stderr>' mode='w' encoding='utf-8'> node index is 457
train linear regression time:  0.05219004163518548
(average_diff:0.0, max_diff:0.0, training_epochs:50, lr:0.05)
<_io.TextIOWrapper name='<stderr>' mode='w' encoding='utf-8'> node index is 449
train linear regression time:  0.050807209219783545
(average_diff:3.31926847119135e-12, max_diff:3.994873876145277e-12, training_epochs:50, lr:0.05)
<_io.TextIOWrapper name='<stderr>' mode='w' encoding='utf-8'> node index is 445
train linear regression time:  0.0520627498626709
(average_diff:1.5912271500440056e-13, max_diff:1.6295298443935735e-13, training_epochs:50, lr:0.05)
<_io.TextIOWrapper name='<stderr>' mode='w' encoding='utf-8'> node index is 433
train linear regression time:  0.04799612471833825
(average_diff:0.01684053317839405, max_diff:0.02440210169181478, training_epochs:50, lr:0.05)
<_io.TextIOWrapper name='<stderr>' mode='w' encoding='utf-8'> node index is 427
train linear regression time:  0.05190708301961422
(average_diff:0.10010541103430365, max_diff:0.32596619714949593, training_epochs:50, lr:0.05)
<_io.TextIOWrapper name='<stderr>' mode='w' encoding='utf-8'> node index is 550
train linear regression time:  0.0525590842589736
<_io.TextIOWrapper name='<stderr>' mode='w' encoding='utf-8'> variance test passed, diff=0.07862306772323117, d = 0, back=0
<_io.TextIOWrapper name='<stderr>' mode='w' encoding='utf-8'> Will be split, p=0.07862306772323117, d=0, back=0
(average_diff:0.09951895870644988, max_diff:0.3250267252261545, training_epochs:50, lr:0.05)
<_io.TextIOWrapper name='<stderr>' mode='w' encoding='utf-8'> node index is 562
train linear regression time:  0.053096374962478876
(average_diff:0.00589058439395844, max_diff:0.006417181071954076, training_epochs:50, lr:0.05)
<_io.TextIOWrapper name='<stderr>' mode='w' encoding='utf-8'> node index is 563
train linear regression time:  0.052681165747344494
(average_diff:0.027404615645202135, max_diff:0.029505519049799006, training_epochs:50, lr:0.05)
<_io.TextIOWrapper name='<stderr>' mode='w' encoding='utf-8'> node index is 551
train linear regression time:  0.05257962504401803
(average_diff:9.992007221626409e-15, max_diff:9.992007221626409e-15, training_epochs:50, lr:0.05)
<_io.TextIOWrapper name='<stderr>' mode='w' encoding='utf-8'> node index is 545
train linear regression time:  0.052666916977614164
(average_diff:6.720893619416302e-09, max_diff:6.93951118790892e-09, training_epochs:50, lr:0.05)
<_io.TextIOWrapper name='<stderr>' mode='w' encoding='utf-8'> node index is 369
train linear regression time:  0.05143279209733009
(average_diff:0.012530092690320127, max_diff:0.01757981881683457, training_epochs:50, lr:0.05)
<_io.TextIOWrapper name='<stderr>' mode='w' encoding='utf-8'> node index is 355
train linear regression time:  0.0517619582824409
(average_diff:0.02627715325811525, max_diff:0.05856177728721507, training_epochs:50, lr:0.05)
<_io.TextIOWrapper name='<stderr>' mode='w' encoding='utf-8'> node index is 341
train linear regression time:  0.05162845831364393
(average_diff:0.022413414946730374, max_diff:0.054607995564907474, training_epochs:50, lr:0.05)
<_io.TextIOWrapper name='<stderr>' mode='w' encoding='utf-8'> node index is 329
train linear regression time:  0.0517133753746748
(average_diff:0.007407071180111528, max_diff:0.012802117146381464, training_epochs:50, lr:0.05)
<_io.TextIOWrapper name='<stderr>' mode='w' encoding='utf-8'> node index is 317
train linear regression time:  0.050656083039939404
(average_diff:0.06907600407983913, max_diff:0.22590146689500204, training_epochs:50, lr:0.05)
<_io.TextIOWrapper name='<stderr>' mode='w' encoding='utf-8'> node index is 305
train linear regression time:  0.05306416703388095
(average_diff:1.5808504863719375e-05, max_diff:1.6319750927654142e-05, training_epochs:50, lr:0.05)
<_io.TextIOWrapper name='<stderr>' mode='w' encoding='utf-8'> node index is 289
train linear regression time:  0.051964249927550554
(average_diff:0.0043572102205788, max_diff:0.007376311593823903, training_epochs:50, lr:0.05)
<_io.TextIOWrapper name='<stderr>' mode='w' encoding='utf-8'> node index is 257
train linear regression time:  0.05195195786654949
(average_diff:0.06442983449424325, max_diff:0.13423818188530784, training_epochs:50, lr:0.05)
<_io.TextIOWrapper name='<stderr>' mode='w' encoding='utf-8'> node index is 243
train linear regression time:  0.051930750254541636
(average_diff:0.054508725893844506, max_diff:0.08302392139228268, training_epochs:50, lr:0.05)
<_io.TextIOWrapper name='<stderr>' mode='w' encoding='utf-8'> node index is 231
train linear regression time:  0.051318165846168995
(average_diff:0.09684627626833568, max_diff:0.16927839931541586, training_epochs:50, lr:0.05)
<_io.TextIOWrapper name='<stderr>' mode='w' encoding='utf-8'> node index is 217
train linear regression time:  0.05159749975427985
(average_diff:0.009708734486640946, max_diff:0.017459264344984238, training_epochs:50, lr:0.05)
<_io.TextIOWrapper name='<stderr>' mode='w' encoding='utf-8'> node index is 275
train linear regression time:  0.05293658282607794
(average_diff:0.013526733682250481, max_diff:0.02461129123787531, training_epochs:50, lr:0.05)
<_io.TextIOWrapper name='<stderr>' mode='w' encoding='utf-8'> node index is 259
train linear regression time:  0.05194820882752538
(average_diff:0.04182670688505457, max_diff:0.11910614022212673, training_epochs:50, lr:0.05)
<_io.TextIOWrapper name='<stderr>' mode='w' encoding='utf-8'> node index is 245
train linear regression time:  0.05151725001633167
(average_diff:0.02064248653985596, max_diff:0.0510859585316199, training_epochs:50, lr:0.05)
<_io.TextIOWrapper name='<stderr>' mode='w' encoding='utf-8'> node index is 233
train linear regression time:  0.050805417355149984
(average_diff:0.005150392302552639, max_diff:0.005725158329213442, training_epochs:50, lr:0.05)
<_io.TextIOWrapper name='<stderr>' mode='w' encoding='utf-8'> node index is 219
train linear regression time:  0.05360608268529177
(average_diff:0.012746814563904394, max_diff:0.022829978372883364, training_epochs:50, lr:0.05)
<_io.TextIOWrapper name='<stderr>' mode='w' encoding='utf-8'> node index is 205
train linear regression time:  0.051810957957059145
(average_diff:0.0153418254679747, max_diff:0.044570047904077814, training_epochs:50, lr:0.05)
<_io.TextIOWrapper name='<stderr>' mode='w' encoding='utf-8'> node index is 197
train linear regression time:  0.051915999967604876
(average_diff:0.030978896356118682, max_diff:0.06510460047186395, training_epochs:50, lr:0.05)
<_io.TextIOWrapper name='<stderr>' mode='w' encoding='utf-8'> node index is 189
train linear regression time:  0.05273420875892043
(average_diff:0.03944456463816175, max_diff:0.21356272780140828, training_epochs:50, lr:0.05)
<_io.TextIOWrapper name='<stderr>' mode='w' encoding='utf-8'> node index is 181
train linear regression time:  0.051872333977371454
(average_diff:0.02632195132517351, max_diff:0.07444204600336624, training_epochs:50, lr:0.05)
<_io.TextIOWrapper name='<stderr>' mode='w' encoding='utf-8'> node index is 173
train linear regression time:  0.05116941640153527
(average_diff:0.020338568722146597, max_diff:0.04849937200789567, training_epochs:50, lr:0.05)
<_io.TextIOWrapper name='<stderr>' mode='w' encoding='utf-8'> node index is 163
train linear regression time:  0.052116625010967255
(average_diff:0.0, max_diff:0.0, training_epochs:50, lr:0.05)
<_io.TextIOWrapper name='<stderr>' mode='w' encoding='utf-8'> node index is 153
train linear regression time:  0.05198508407920599
(average_diff:0.015701390039817048, max_diff:0.029596773702004642, training_epochs:50, lr:0.05)
<_io.TextIOWrapper name='<stderr>' mode='w' encoding='utf-8'> node index is 221
train linear regression time:  0.05216445913538337
(average_diff:0.11333880790890678, max_diff:0.32369058063084855, training_epochs:50, lr:0.05)
<_io.TextIOWrapper name='<stderr>' mode='w' encoding='utf-8'> node index is 207
train linear regression time:  0.052389082964509726
(average_diff:0.1610350254439266, max_diff:0.6494021040351108, training_epochs:50, lr:0.05)
<_io.TextIOWrapper name='<stderr>' mode='w' encoding='utf-8'> node index is 165
train linear regression time:  0.05223874980583787
(average_diff:0.12671636691874913, max_diff:0.3028770699338078, training_epochs:50, lr:0.05)
<_io.TextIOWrapper name='<stderr>' mode='w' encoding='utf-8'> node index is 155
train linear regression time:  0.05159829184412956
(average_diff:0.1591654583716012, max_diff:0.30679246873640226, training_epochs:50, lr:0.05)
<_io.TextIOWrapper name='<stderr>' mode='w' encoding='utf-8'> node index is 149
train linear regression time:  0.0519510000012815
(average_diff:0.045808650042992706, max_diff:0.14687836051376055, training_epochs:50, lr:0.05)
<_io.TextIOWrapper name='<stderr>' mode='w' encoding='utf-8'> node index is 147
train linear regression time:  0.05203520879149437
(average_diff:0.050134862622271924, max_diff:0.15712649215016417, training_epochs:50, lr:0.05)
<_io.TextIOWrapper name='<stderr>' mode='w' encoding='utf-8'> node index is 143
train linear regression time:  0.05229308409616351
(average_diff:0.03860062488442847, max_diff:0.09133797015359846, training_epochs:50, lr:0.05)
<_io.TextIOWrapper name='<stderr>' mode='w' encoding='utf-8'> node index is 137
train linear regression time:  0.05099241714924574
(average_diff:0.04561126204583772, max_diff:0.13578730005571915, training_epochs:50, lr:0.05)
<_io.TextIOWrapper name='<stderr>' mode='w' encoding='utf-8'> node index is 131
train linear regression time:  0.05123320873826742
(average_diff:0.02928605292647745, max_diff:0.06859839623887132, training_epochs:50, lr:0.05)
<_io.TextIOWrapper name='<stderr>' mode='w' encoding='utf-8'> node index is 123
train linear regression time:  0.05423416709527373
(average_diff:0.034067482277406726, max_diff:0.09441901824826016, training_epochs:50, lr:0.05)
<_io.TextIOWrapper name='<stderr>' mode='w' encoding='utf-8'> node index is 113
train linear regression time:  0.051449916791170835
(average_diff:0.09310268782087017, max_diff:0.3739551744584254, training_epochs:50, lr:0.05)
<_io.TextIOWrapper name='<stderr>' mode='w' encoding='utf-8'> node index is 103
train linear regression time:  0.052458041813224554
(average_diff:0.05102146868901912, max_diff:0.17364458197025956, training_epochs:50, lr:0.05)
<_io.TextIOWrapper name='<stderr>' mode='w' encoding='utf-8'> node index is 93
train linear regression time:  0.051539374981075525
(average_diff:0.023743649247624826, max_diff:0.07432503072116356, training_epochs:50, lr:0.05)
<_io.TextIOWrapper name='<stderr>' mode='w' encoding='utf-8'> node index is 139
train linear regression time:  0.05498395813629031
(average_diff:0.06791906363493323, max_diff:0.21372073394418395, training_epochs:50, lr:0.05)
<_io.TextIOWrapper name='<stderr>' mode='w' encoding='utf-8'> node index is 133
train linear regression time:  0.05271025002002716
(average_diff:0.02773245796373627, max_diff:0.06927977427440381, training_epochs:50, lr:0.05)
<_io.TextIOWrapper name='<stderr>' mode='w' encoding='utf-8'> node index is 125
train linear regression time:  0.05285704089328647
(average_diff:0.07055105653941368, max_diff:0.25087600712655844, training_epochs:50, lr:0.05)
<_io.TextIOWrapper name='<stderr>' mode='w' encoding='utf-8'> node index is 115
train linear regression time:  0.05511825019493699
(average_diff:0.07866941934127286, max_diff:0.28158994698717327, training_epochs:50, lr:0.05)
<_io.TextIOWrapper name='<stderr>' mode='w' encoding='utf-8'> node index is 105
train linear regression time:  0.05443129222840071
(average_diff:0.06478959958114282, max_diff:0.22675697610432172, training_epochs:50, lr:0.05)
<_io.TextIOWrapper name='<stderr>' mode='w' encoding='utf-8'> node index is 95
train linear regression time:  0.05347258411347866
(average_diff:0.07141042706281345, max_diff:0.17038337834394912, training_epochs:50, lr:0.05)
<_io.TextIOWrapper name='<stderr>' mode='w' encoding='utf-8'> node index is 85
train linear regression time:  0.05344087537378073
(average_diff:0.07602631517309445, max_diff:0.25579526158798976, training_epochs:50, lr:0.05)
<_io.TextIOWrapper name='<stderr>' mode='w' encoding='utf-8'> node index is 79
train linear regression time:  0.05345425009727478
(average_diff:0.11050257370049225, max_diff:0.424001372050545, training_epochs:50, lr:0.05)
<_io.TextIOWrapper name='<stderr>' mode='w' encoding='utf-8'> node index is 73
train linear regression time:  0.04923495836555958
(average_diff:0.08172529741002375, max_diff:0.3541723311696414, training_epochs:50, lr:0.05)
<_io.TextIOWrapper name='<stderr>' mode='w' encoding='utf-8'> node index is 65
train linear regression time:  0.054221333004534245
(average_diff:0.07921577684473281, max_diff:0.2206225340920034, training_epochs:50, lr:0.05)
<_io.TextIOWrapper name='<stderr>' mode='w' encoding='utf-8'> node index is 556
train linear regression time:  0.05428083427250385
<_io.TextIOWrapper name='<stderr>' mode='w' encoding='utf-8'> variance test passed, diff=0.030021252973823524, d = 0, back=0
<_io.TextIOWrapper name='<stderr>' mode='w' encoding='utf-8'> Will be split, p=0.030021252973823524, d=0, back=0
(average_diff:0.07818867375387979, max_diff:0.22457231790308663, training_epochs:50, lr:0.05)
<_io.TextIOWrapper name='<stderr>' mode='w' encoding='utf-8'> node index is 564
train linear regression time:  0.05358537519350648
(average_diff:1.1099967462124827e-05, max_diff:1.1099967462124827e-05, training_epochs:50, lr:0.05)
<_io.TextIOWrapper name='<stderr>' mode='w' encoding='utf-8'> node index is 565
train linear regression time:  0.05287570878863335
(average_diff:0.009325417405852403, max_diff:0.018535243646626343, training_epochs:50, lr:0.05)
<_io.TextIOWrapper name='<stderr>' mode='w' encoding='utf-8'> node index is 557
train linear regression time:  0.05308874975889921
(average_diff:0.0, max_diff:0.0, training_epochs:50, lr:0.05)
<_io.TextIOWrapper name='<stderr>' mode='w' encoding='utf-8'> node index is 553
train linear regression time:  0.052587250247597694
(average_diff:0.02797338773117114, max_diff:0.02837468858312875, training_epochs:50, lr:0.05)
<_io.TextIOWrapper name='<stderr>' mode='w' encoding='utf-8'> node index is 539
train linear regression time:  0.052368249744176865
(average_diff:3.8910308137130034e-05, max_diff:4.2019244898994224e-05, training_epochs:50, lr:0.05)
<_io.TextIOWrapper name='<stderr>' mode='w' encoding='utf-8'> node index is 523
train linear regression time:  0.0519987503066659
(average_diff:1.942890293094024e-16, max_diff:1.942890293094024e-16, training_epochs:50, lr:0.05)
<_io.TextIOWrapper name='<stderr>' mode='w' encoding='utf-8'> node index is 513
train linear regression time:  0.05224129185080528
(average_diff:0.0, max_diff:0.0, training_epochs:50, lr:0.05)
<_io.TextIOWrapper name='<stderr>' mode='w' encoding='utf-8'> node index is 505
train linear regression time:  0.052185249980539083
(average_diff:0.007340592635958432, max_diff:0.010801148502763647, training_epochs:50, lr:0.05)
<_io.TextIOWrapper name='<stderr>' mode='w' encoding='utf-8'> node index is 495
train linear regression time:  0.05236895801499486
(average_diff:0.018553495256655932, max_diff:0.02264066806566843, training_epochs:50, lr:0.05)
<_io.TextIOWrapper name='<stderr>' mode='w' encoding='utf-8'> node index is 487
train linear regression time:  0.05203970894217491
(average_diff:0.08718933536197254, max_diff:0.587926838510316, training_epochs:50, lr:0.05)
<_io.TextIOWrapper name='<stderr>' mode='w' encoding='utf-8'> node index is 47
train linear regression time:  0.0532383332028985
(average_diff:0.0023543829357513396, max_diff:0.0037830315796620467, training_epochs:50, lr:0.05)
<_io.TextIOWrapper name='<stderr>' mode='w' encoding='utf-8'> node index is 397
train linear regression time:  0.05212179198861122
(average_diff:0.06791646265599928, max_diff:0.12171274987041097, training_epochs:50, lr:0.05)
<_io.TextIOWrapper name='<stderr>' mode='w' encoding='utf-8'> node index is 383
train linear regression time:  0.0520989578217268
(average_diff:1.1102230246251565e-16, max_diff:1.1102230246251565e-16, training_epochs:50, lr:0.05)
<_io.TextIOWrapper name='<stderr>' mode='w' encoding='utf-8'> node index is 371
train linear regression time:  0.052073916886001825
(average_diff:0.1904770982626308, max_diff:0.4998007513770619, training_epochs:50, lr:0.05)
<_io.TextIOWrapper name='<stderr>' mode='w' encoding='utf-8'> node index is 357
train linear regression time:  0.05237554106861353
(average_diff:0.10865799153573866, max_diff:0.23573924654317735, training_epochs:50, lr:0.05)
<_io.TextIOWrapper name='<stderr>' mode='w' encoding='utf-8'> node index is 343
train linear regression time:  0.051336624659597874
(average_diff:0.09315302837343668, max_diff:0.11646210720825129, training_epochs:50, lr:0.05)
<_io.TextIOWrapper name='<stderr>' mode='w' encoding='utf-8'> node index is 331
train linear regression time:  0.05423504067584872
(average_diff:0.012604088972266392, max_diff:0.0247684960039094, training_epochs:50, lr:0.05)
<_io.TextIOWrapper name='<stderr>' mode='w' encoding='utf-8'> node index is 319
train linear regression time:  0.052091208286583424
(average_diff:0.16188341871938558, max_diff:0.47747958138295565, training_epochs:50, lr:0.05)
<_io.TextIOWrapper name='<stderr>' mode='w' encoding='utf-8'> node index is 307
train linear regression time:  0.0519485417753458
(average_diff:7.435235760411274e-11, max_diff:7.608313978835213e-11, training_epochs:50, lr:0.05)
<_io.TextIOWrapper name='<stderr>' mode='w' encoding='utf-8'> node index is 293
train linear regression time:  0.05189537489786744
(average_diff:0.030468969302850774, max_diff:0.06282457868121694, training_epochs:50, lr:0.05)
<_io.TextIOWrapper name='<stderr>' mode='w' encoding='utf-8'> node index is 277
train linear regression time:  0.05178249999880791
(average_diff:0.02162918425620714, max_diff:0.04331719269449094, training_epochs:50, lr:0.05)
<_io.TextIOWrapper name='<stderr>' mode='w' encoding='utf-8'> node index is 261
train linear regression time:  0.05182704236358404
(average_diff:0.09567660594793616, max_diff:0.2065389353765259, training_epochs:50, lr:0.05)
<_io.TextIOWrapper name='<stderr>' mode='w' encoding='utf-8'> node index is 247
train linear regression time:  0.05198329081758857
(average_diff:0.00156791234462339, max_diff:0.0016185899881164811, training_epochs:50, lr:0.05)
<_io.TextIOWrapper name='<stderr>' mode='w' encoding='utf-8'> node index is 533
train linear regression time:  0.051817082799971104
(average_diff:0.007464135943335208, max_diff:0.01123318868700418, training_epochs:50, lr:0.05)
<_io.TextIOWrapper name='<stderr>' mode='w' encoding='utf-8'> node index is 525
train linear regression time:  0.052104624919593334
(average_diff:0.004329347503288006, max_diff:0.004731921830956165, training_epochs:50, lr:0.05)
<_io.TextIOWrapper name='<stderr>' mode='w' encoding='utf-8'> node index is 515
train linear regression time:  0.05114524997770786
(average_diff:6.938893903907228e-17, max_diff:6.938893903907228e-17, training_epochs:50, lr:0.05)
<_io.TextIOWrapper name='<stderr>' mode='w' encoding='utf-8'> node index is 503
train linear regression time:  0.05220774980261922
(average_diff:0.018224014919260883, max_diff:0.026889291510113877, training_epochs:50, lr:0.05)
<_io.TextIOWrapper name='<stderr>' mode='w' encoding='utf-8'> node index is 497
train linear regression time:  0.05242212489247322
(average_diff:2.7755575615628914e-17, max_diff:2.7755575615628914e-17, training_epochs:50, lr:0.05)
<_io.TextIOWrapper name='<stderr>' mode='w' encoding='utf-8'> node index is 489
train linear regression time:  0.05195641703903675
(average_diff:0.0, max_diff:0.0, training_epochs:50, lr:0.05)
<_io.TextIOWrapper name='<stderr>' mode='w' encoding='utf-8'> node index is 483
train linear regression time:  0.05121508287265897
(average_diff:0.0, max_diff:0.0, training_epochs:50, lr:0.05)
<_io.TextIOWrapper name='<stderr>' mode='w' encoding='utf-8'> node index is 479
train linear regression time:  0.05287241702899337
(average_diff:0.005061261101190169, max_diff:0.00800847867047183, training_epochs:50, lr:0.05)
<_io.TextIOWrapper name='<stderr>' mode='w' encoding='utf-8'> node index is 463
train linear regression time:  0.052659417036920786
(average_diff:0.0028024803190817757, max_diff:0.004281470869404003, training_epochs:50, lr:0.05)
<_io.TextIOWrapper name='<stderr>' mode='w' encoding='utf-8'> node index is 459
train linear regression time:  0.05232408316805959
(average_diff:4.636940000946055e-05, max_diff:5.118254587982429e-05, training_epochs:50, lr:0.05)
<_io.TextIOWrapper name='<stderr>' mode='w' encoding='utf-8'> node index is 451
train linear regression time:  0.05133733293041587
(average_diff:0.0, max_diff:0.0, training_epochs:50, lr:0.05)
<_io.TextIOWrapper name='<stderr>' mode='w' encoding='utf-8'> node index is 439
train linear regression time:  0.05395287508144975
(average_diff:0.007445384650939607, max_diff:0.015308424690835154, training_epochs:50, lr:0.05)
<_io.TextIOWrapper name='<stderr>' mode='w' encoding='utf-8'> node index is 437
train linear regression time:  0.051807125099003315
(average_diff:0.031297304031217436, max_diff:0.0673868278827001, training_epochs:50, lr:0.05)
<_io.TextIOWrapper name='<stderr>' mode='w' encoding='utf-8'> node index is 117
train linear regression time:  0.052036124747246504
(average_diff:0.022251299663271436, max_diff:0.06303601791890219, training_epochs:50, lr:0.05)
<_io.TextIOWrapper name='<stderr>' mode='w' encoding='utf-8'> node index is 107
train linear regression time:  0.05205983342602849
(average_diff:0.03993531925907036, max_diff:0.1354856866629675, training_epochs:50, lr:0.05)
<_io.TextIOWrapper name='<stderr>' mode='w' encoding='utf-8'> node index is 97
train linear regression time:  0.053329375106841326
(average_diff:0.05874387210555753, max_diff:0.16434001310325852, training_epochs:50, lr:0.05)
<_io.TextIOWrapper name='<stderr>' mode='w' encoding='utf-8'> node index is 87
train linear regression time:  0.0524250827729702
(average_diff:0.06309022077905353, max_diff:0.3225631249309535, training_epochs:50, lr:0.05)
<_io.TextIOWrapper name='<stderr>' mode='w' encoding='utf-8'> node index is 81
train linear regression time:  0.04802354099228978
(average_diff:0.07309334454583642, max_diff:0.27909728867296885, training_epochs:50, lr:0.05)
<_io.TextIOWrapper name='<stderr>' mode='w' encoding='utf-8'> node index is 75
train linear regression time:  0.051992792170494795
(average_diff:0.08984138327776195, max_diff:0.35023548473309374, training_epochs:50, lr:0.05)
<_io.TextIOWrapper name='<stderr>' mode='w' encoding='utf-8'> node index is 558
train linear regression time:  0.052614834159612656
<_io.TextIOWrapper name='<stderr>' mode='w' encoding='utf-8'> variance test passed, diff=0.023145461298524156, d = 2, back=0
<_io.TextIOWrapper name='<stderr>' mode='w' encoding='utf-8'> Will be split, p=0.023145461298524156, d=2, back=0
(average_diff:0.09019504398783683, max_diff:0.3454248404425505, training_epochs:50, lr:0.05)
<_io.TextIOWrapper name='<stderr>' mode='w' encoding='utf-8'> node index is 566
train linear regression time:  0.05361133301630616
(average_diff:0.029626690412087597, max_diff:0.047115334112483975, training_epochs:50, lr:0.05)
<_io.TextIOWrapper name='<stderr>' mode='w' encoding='utf-8'> node index is 567
train linear regression time:  0.05215179221704602
(average_diff:1.8041124150158794e-15, max_diff:1.8041124150158794e-15, training_epochs:50, lr:0.05)
<_io.TextIOWrapper name='<stderr>' mode='w' encoding='utf-8'> node index is 559
train linear regression time:  0.051519874949008226
(average_diff:0.014299075381361076, max_diff:0.01462748816886597, training_epochs:50, lr:0.05)
<_io.TextIOWrapper name='<stderr>' mode='w' encoding='utf-8'> node index is 555
train linear regression time:  0.051557875238358974
(average_diff:0.013191888068447377, max_diff:0.03232574036921709, training_epochs:50, lr:0.05)
<_io.TextIOWrapper name='<stderr>' mode='w' encoding='utf-8'> node index is 547
train linear regression time:  0.05213095806539059
(average_diff:1.1102230246251565e-16, max_diff:1.1102230246251565e-16, training_epochs:50, lr:0.05)
<_io.TextIOWrapper name='<stderr>' mode='w' encoding='utf-8'> node index is 527
train linear regression time:  0.05179279204457998
(average_diff:5.551115123125783e-17, max_diff:5.551115123125783e-17, training_epochs:50, lr:0.05)
<_io.TextIOWrapper name='<stderr>' mode='w' encoding='utf-8'> node index is 507
train linear regression time:  0.053791250102221966
(average_diff:0.1601840781585297, max_diff:0.5788834861096233, training_epochs:50, lr:0.05)
<_io.TextIOWrapper name='<stderr>' mode='w' encoding='utf-8'> node index is 59
train linear regression time:  0.0495122498832643
(average_diff:0.10037545974933951, max_diff:0.34992553296548934, training_epochs:50, lr:0.05)
<_io.TextIOWrapper name='<stderr>' mode='w' encoding='utf-8'> node index is 49
train linear regression time:  0.05212966678664088
(average_diff:0.16249854361112787, max_diff:0.6301433482243315, training_epochs:50, lr:0.05)
<_io.TextIOWrapper name='<stderr>' mode='w' encoding='utf-8'> node index is 560
train linear regression time:  0.05228641629219055
<_io.TextIOWrapper name='<stderr>' mode='w' encoding='utf-8'> variance test passed, diff=0.023067529573854544, d = 1, back=0
<_io.TextIOWrapper name='<stderr>' mode='w' encoding='utf-8'> variance test passed, diff=0.03983878142214739, d = 2, back=0
<_io.TextIOWrapper name='<stderr>' mode='w' encoding='utf-8'> variance test passed, diff=0.04958337410855043, d = 3, back=0
<_io.TextIOWrapper name='<stderr>' mode='w' encoding='utf-8'> Will be split, p=0.04958337410855043, d=3, back=0
(average_diff:0.1639126927142878, max_diff:0.6427637655969123, training_epochs:50, lr:0.05)
<_io.TextIOWrapper name='<stderr>' mode='w' encoding='utf-8'> node index is 568
train linear regression time:  0.05296433391049504
(average_diff:0.0014018889760178954, max_diff:0.001560552867683418, training_epochs:50, lr:0.05)
<_io.TextIOWrapper name='<stderr>' mode='w' encoding='utf-8'> node index is 569
train linear regression time:  0.052261958830058575
(average_diff:0.0, max_diff:0.0, training_epochs:50, lr:0.05)
<_io.TextIOWrapper name='<stderr>' mode='w' encoding='utf-8'> node index is 561
train linear regression time:  0.05206029210239649
(average_diff:1.6653345369377348e-16, max_diff:1.6653345369377348e-16, training_epochs:50, lr:0.05)
<_io.TextIOWrapper name='<stderr>' mode='w' encoding='utf-8'> node index is 543
train linear regression time:  0.050964334048330784
(average_diff:0.0021328484565431016, max_diff:0.002136357556983881, training_epochs:50, lr:0.05)
<_io.TextIOWrapper name='<stderr>' mode='w' encoding='utf-8'> node index is 535
train linear regression time:  0.052134249825030565
(average_diff:1.2237766217060297e-09, max_diff:1.3593883518847605e-09, training_epochs:50, lr:0.05)
<_io.TextIOWrapper name='<stderr>' mode='w' encoding='utf-8'> node index is 529
train linear regression time:  0.05218350002542138
(average_diff:1.1102230246251565e-16, max_diff:1.1102230246251565e-16, training_epochs:50, lr:0.05)
<_io.TextIOWrapper name='<stderr>' mode='w' encoding='utf-8'> node index is 517
train linear regression time:  0.05223883409053087
(average_diff:0.016444280110292475, max_diff:0.016934292434910958, training_epochs:50, lr:0.05)
<_io.TextIOWrapper name='<stderr>' mode='w' encoding='utf-8'> node index is 509
train linear regression time:  0.05218537477776408
(average_diff:0.0, max_diff:0.0, training_epochs:50, lr:0.05)
<_io.TextIOWrapper name='<stderr>' mode='w' encoding='utf-8'> node index is 499
train linear regression time:  0.05127670802175999
(average_diff:0.011463458357514389, max_diff:0.01824080074421275, training_epochs:50, lr:0.05)
<_io.TextIOWrapper name='<stderr>' mode='w' encoding='utf-8'> node index is 491
train linear regression time:  0.05435570888221264
(average_diff:0.012479460829845464, max_diff:0.02442262816893792, training_epochs:50, lr:0.05)
<_io.TextIOWrapper name='<stderr>' mode='w' encoding='utf-8'> node index is 385
train linear regression time:  0.05209154216572642
(average_diff:1.6653547130855244e-06, max_diff:2.3078651197883104e-06, training_epochs:50, lr:0.05)
<_io.TextIOWrapper name='<stderr>' mode='w' encoding='utf-8'> node index is 373
train linear regression time:  0.05232975026592612
(average_diff:0.0, max_diff:0.0, training_epochs:50, lr:0.05)
<_io.TextIOWrapper name='<stderr>' mode='w' encoding='utf-8'> node index is 359
train linear regression time:  0.052165791392326355
(average_diff:0.07241943934429018, max_diff:0.21727582271561546, training_epochs:50, lr:0.05)
<_io.TextIOWrapper name='<stderr>' mode='w' encoding='utf-8'> node index is 345
train linear regression time:  0.052207957953214645
(average_diff:0.06654407429482843, max_diff:0.11360425525610748, training_epochs:50, lr:0.05)
<_io.TextIOWrapper name='<stderr>' mode='w' encoding='utf-8'> node index is 321
train linear regression time:  0.05123745882883668
(average_diff:0.0785597310972573, max_diff:0.1348805680734208, training_epochs:50, lr:0.05)
<_io.TextIOWrapper name='<stderr>' mode='w' encoding='utf-8'> node index is 295
train linear regression time:  0.051992209162563086
(average_diff:0.13075545003417227, max_diff:0.19969574368380438, training_epochs:50, lr:0.05)
<_io.TextIOWrapper name='<stderr>' mode='w' encoding='utf-8'> node index is 279
train linear regression time:  0.05236825020983815
(average_diff:0.03533134862787521, max_diff:0.05095648198777103, training_epochs:50, lr:0.05)
<_io.TextIOWrapper name='<stderr>' mode='w' encoding='utf-8'> node index is 263
train linear regression time:  0.052419334184378386
(average_diff:0.03793968971431766, max_diff:0.07053942905508814, training_epochs:50, lr:0.05)
<_io.TextIOWrapper name='<stderr>' mode='w' encoding='utf-8'> node index is 249
train linear regression time:  0.05227250000461936
(average_diff:0.07453659550711739, max_diff:0.13545410709921857, training_epochs:50, lr:0.05)
<_io.TextIOWrapper name='<stderr>' mode='w' encoding='utf-8'> node index is 237
train linear regression time:  0.05152270803228021
(average_diff:0.0004227692857901426, max_diff:0.0006537032340487581, training_epochs:50, lr:0.05)
<_io.TextIOWrapper name='<stderr>' mode='w' encoding='utf-8'> node index is 265
train linear regression time:  0.05322741623967886
(average_diff:0.0, max_diff:0.0, training_epochs:50, lr:0.05)
<_io.TextIOWrapper name='<stderr>' mode='w' encoding='utf-8'> node index is 251
train linear regression time:  0.052183250430971384
(average_diff:0.0820232593567988, max_diff:0.35880288158954865, training_epochs:50, lr:0.05)
<_io.TextIOWrapper name='<stderr>' mode='w' encoding='utf-8'> node index is 239
train linear regression time:  0.052053624764084816
(average_diff:0.08151935302119584, max_diff:0.20488131368958035, training_epochs:50, lr:0.05)
<_io.TextIOWrapper name='<stderr>' mode='w' encoding='utf-8'> node index is 223
train linear regression time:  0.05217387480661273
(average_diff:0.012976386340967053, max_diff:0.027802820534748418, training_epochs:50, lr:0.05)
<_io.TextIOWrapper name='<stderr>' mode='w' encoding='utf-8'> node index is 209
train linear regression time:  0.051680624950677156
(average_diff:0.05717998668815481, max_diff:0.10611388836540381, training_epochs:50, lr:0.05)
<_io.TextIOWrapper name='<stderr>' mode='w' encoding='utf-8'> node index is 199
train linear regression time:  0.05328187486156821
(average_diff:0.08112119465856063, max_diff:0.20878224949146282, training_epochs:50, lr:0.05)
<_io.TextIOWrapper name='<stderr>' mode='w' encoding='utf-8'> node index is 191
train linear regression time:  0.05232062516734004
(average_diff:0.10776863748818491, max_diff:0.20691043025378708, training_epochs:50, lr:0.05)
<_io.TextIOWrapper name='<stderr>' mode='w' encoding='utf-8'> node index is 183
train linear regression time:  0.052014708053320646
(average_diff:0.1033832368713101, max_diff:0.21826619715817647, training_epochs:50, lr:0.05)
<_io.TextIOWrapper name='<stderr>' mode='w' encoding='utf-8'> node index is 175
train linear regression time:  0.05123345786705613
(average_diff:0.09814613486703218, max_diff:0.2386115477881734, training_epochs:50, lr:0.05)
<_io.TextIOWrapper name='<stderr>' mode='w' encoding='utf-8'> node index is 167
train linear regression time:  0.05191762465983629
(average_diff:0.08751749881756356, max_diff:0.1730690646121823, training_epochs:50, lr:0.05)
<_io.TextIOWrapper name='<stderr>' mode='w' encoding='utf-8'> node index is 157
train linear regression time:  0.05155754229053855
(average_diff:0.0, max_diff:0.0, training_epochs:50, lr:0.05)
<_io.TextIOWrapper name='<stderr>' mode='w' encoding='utf-8'> node index is 323
train linear regression time:  0.05267362482845783
(average_diff:0.0, max_diff:0.0, training_epochs:50, lr:0.05)
<_io.TextIOWrapper name='<stderr>' mode='w' encoding='utf-8'> node index is 309
train linear regression time:  0.05110125010833144
(average_diff:0.08396324566035807, max_diff:0.1718203079489819, training_epochs:50, lr:0.05)
<_io.TextIOWrapper name='<stderr>' mode='w' encoding='utf-8'> node index is 297
train linear regression time:  0.05352554190903902
(average_diff:0.15406421985010962, max_diff:0.2705651593404832, training_epochs:50, lr:0.05)
<_io.TextIOWrapper name='<stderr>' mode='w' encoding='utf-8'> node index is 283
train linear regression time:  0.05173774994909763
(average_diff:0.07617064029952561, max_diff:0.19797398873702549, training_epochs:50, lr:0.05)
<_io.TextIOWrapper name='<stderr>' mode='w' encoding='utf-8'> node index is 267
train linear regression time:  0.0516204172745347
(average_diff:0.15031173071169496, max_diff:0.5852590478397826, training_epochs:50, lr:0.05)
<_io.TextIOWrapper name='<stderr>' mode='w' encoding='utf-8'> node index is 225
train linear regression time:  0.052064208779484034
(average_diff:0.21548551497570514, max_diff:0.4018110576972802, training_epochs:50, lr:0.05)
<_io.TextIOWrapper name='<stderr>' mode='w' encoding='utf-8'> node index is 211
train linear regression time:  0.054688542149960995
(average_diff:0.13124996674917122, max_diff:0.29959243352434684, training_epochs:50, lr:0.05)
<_io.TextIOWrapper name='<stderr>' mode='w' encoding='utf-8'> node index is 185
train linear regression time:  0.052241249941289425
(average_diff:0.1374455243671458, max_diff:0.46909392778689857, training_epochs:50, lr:0.05)
<_io.TextIOWrapper name='<stderr>' mode='w' encoding='utf-8'> node index is 177
train linear regression time:  0.05230062501505017
(average_diff:0.17473452027234415, max_diff:0.4204962427895852, training_epochs:50, lr:0.05)
<_io.TextIOWrapper name='<stderr>' mode='w' encoding='utf-8'> node index is 169
train linear regression time:  0.053579125087708235
(average_diff:0.002438014223744104, max_diff:0.003668068134915159, training_epochs:50, lr:0.05)
<_io.TextIOWrapper name='<stderr>' mode='w' encoding='utf-8'> node index is 159
train linear regression time:  0.05397424986585975
(average_diff:0.12380485268414988, max_diff:0.25923899769004366, training_epochs:50, lr:0.05)
<_io.TextIOWrapper name='<stderr>' mode='w' encoding='utf-8'> node index is 151
train linear regression time:  0.05282058333978057
(average_diff:0.039212511194161054, max_diff:0.09574474508384917, training_epochs:50, lr:0.05)
<_io.TextIOWrapper name='<stderr>' mode='w' encoding='utf-8'> node index is 135
train linear regression time:  0.05491258297115564
(average_diff:0.05110230631054568, max_diff:0.10724426459596315, training_epochs:50, lr:0.05)
<_io.TextIOWrapper name='<stderr>' mode='w' encoding='utf-8'> node index is 129
train linear regression time:  0.052159084007143974
(average_diff:0.031187968325144567, max_diff:0.12155365494876808, training_epochs:50, lr:0.05)
<_io.TextIOWrapper name='<stderr>' mode='w' encoding='utf-8'> node index is 119
train linear regression time:  0.052212958224117756
(average_diff:0.03911366958041815, max_diff:0.1058336299119938, training_epochs:50, lr:0.05)
<_io.TextIOWrapper name='<stderr>' mode='w' encoding='utf-8'> node index is 109
train linear regression time:  0.05230104178190231
(average_diff:0.045177223427823425, max_diff:0.16472665929739377, training_epochs:50, lr:0.05)
<_io.TextIOWrapper name='<stderr>' mode='w' encoding='utf-8'> node index is 99
train linear regression time:  0.05220987508073449
(average_diff:2.7755575615628914e-17, max_diff:2.7755575615628914e-17, training_epochs:50, lr:0.05)
<_io.TextIOWrapper name='<stderr>' mode='w' encoding='utf-8'> node index is 447
train linear regression time:  0.052219666074961424
(average_diff:0.006054867683311177, max_diff:0.008256144988551761, training_epochs:50, lr:0.05)
<_io.TextIOWrapper name='<stderr>' mode='w' encoding='utf-8'> node index is 441
train linear regression time:  0.052237083204090595
(average_diff:0.017290751010968802, max_diff:0.030207383599245047, training_epochs:50, lr:0.05)
<_io.TextIOWrapper name='<stderr>' mode='w' encoding='utf-8'> node index is 435
train linear regression time:  0.05194958299398422
(average_diff:0.0, max_diff:0.0, training_epochs:50, lr:0.05)
<_io.TextIOWrapper name='<stderr>' mode='w' encoding='utf-8'> node index is 429
train linear regression time:  0.052097707986831665
(average_diff:0.004469535104243333, max_diff:0.006673916437353294, training_epochs:50, lr:0.05)
<_io.TextIOWrapper name='<stderr>' mode='w' encoding='utf-8'> node index is 421
train linear regression time:  0.051221542060375214
(average_diff:0.007839941655142211, max_diff:0.20394758358538545, training_epochs:50, lr:0.05)
<_io.TextIOWrapper name='<stderr>' mode='w' encoding='utf-8'> node index is 69
train linear regression time:  0.052934540901333094
(average_diff:0.07049408202701815, max_diff:0.23452495923686306, training_epochs:50, lr:0.05)
<_io.TextIOWrapper name='<stderr>' mode='w' encoding='utf-8'> node index is 61
train linear regression time:  0.051963542122393847
(average_diff:0.10982910198136675, max_diff:0.44148761929813274, training_epochs:50, lr:0.05)
<_io.TextIOWrapper name='<stderr>' mode='w' encoding='utf-8'> node index is 53
train linear regression time:  0.051892375107854605
(average_diff:0.032847343709831375, max_diff:0.05980239124683523, training_epochs:50, lr:0.05)
<_io.TextIOWrapper name='<stderr>' mode='w' encoding='utf-8'> node index is 401
train linear regression time:  0.05237350007519126
(average_diff:2.7755575615628914e-17, max_diff:2.7755575615628914e-17, training_epochs:50, lr:0.05)
<_io.TextIOWrapper name='<stderr>' mode='w' encoding='utf-8'> node index is 387
train linear regression time:  0.05278420774266124
(average_diff:0.004782453462144572, max_diff:0.007443643775997932, training_epochs:50, lr:0.05)
<_io.TextIOWrapper name='<stderr>' mode='w' encoding='utf-8'> node index is 375
train linear regression time:  0.05191491590812802
(average_diff:0.015474692582737731, max_diff:0.020258845350493826, training_epochs:50, lr:0.05)
<_io.TextIOWrapper name='<stderr>' mode='w' encoding='utf-8'> node index is 361
train linear regression time:  0.051954417023807764
(average_diff:0.0230149866283334, max_diff:0.0475376772824167, training_epochs:50, lr:0.05)
<_io.TextIOWrapper name='<stderr>' mode='w' encoding='utf-8'> node index is 347
train linear regression time:  0.05186120793223381
(average_diff:0.09588858578191503, max_diff:0.18217795721229396, training_epochs:50, lr:0.05)
<_io.TextIOWrapper name='<stderr>' mode='w' encoding='utf-8'> node index is 311
train linear regression time:  0.05202808417379856
(average_diff:0.027621450314865324, max_diff:0.06224721051006704, training_epochs:50, lr:0.05)
<_io.TextIOWrapper name='<stderr>' mode='w' encoding='utf-8'> node index is 299
train linear regression time:  0.05099366698414087
(average_diff:0.12772262767466172, max_diff:0.45714292444184945, training_epochs:50, lr:0.05)
<_io.TextIOWrapper name='<stderr>' mode='w' encoding='utf-8'> node index is 285
train linear regression time:  0.05187029205262661
(average_diff:0.018114532299934653, max_diff:0.03318430876926515, training_epochs:50, lr:0.05)
<_io.TextIOWrapper name='<stderr>' mode='w' encoding='utf-8'> node index is 269
train linear regression time:  0.05120979202911258
(average_diff:0.004461988616470791, max_diff:0.004613210217375707, training_epochs:50, lr:0.05)
<_io.TextIOWrapper name='<stderr>' mode='w' encoding='utf-8'> node index is 415
train linear regression time:  0.0506891249679029
(average_diff:0.020415658181444432, max_diff:0.040710428029084145, training_epochs:50, lr:0.05)
<_io.TextIOWrapper name='<stderr>' mode='w' encoding='utf-8'> node index is 411
train linear regression time:  0.05182287469506264
(average_diff:3.1640600375859584e-08, max_diff:3.4137498772235375e-08, training_epochs:50, lr:0.05)
<_io.TextIOWrapper name='<stderr>' mode='w' encoding='utf-8'> node index is 403
train linear regression time:  0.05202100006863475
(average_diff:0.025989874636336893, max_diff:0.062092143979299436, training_epochs:50, lr:0.05)
<_io.TextIOWrapper name='<stderr>' mode='w' encoding='utf-8'> node index is 389
train linear regression time:  0.052149500232189894
(average_diff:0.04574130914304944, max_diff:0.10821554363459085, training_epochs:50, lr:0.05)
<_io.TextIOWrapper name='<stderr>' mode='w' encoding='utf-8'> node index is 377
train linear regression time:  0.05199529184028506
(average_diff:0.004578502730838059, max_diff:0.006893272982170184, training_epochs:50, lr:0.05)
<_io.TextIOWrapper name='<stderr>' mode='w' encoding='utf-8'> node index is 363
train linear regression time:  0.05257141683250666
(average_diff:0.01625217690584145, max_diff:0.024098747072120952, training_epochs:50, lr:0.05)
<_io.TextIOWrapper name='<stderr>' mode='w' encoding='utf-8'> node index is 349
train linear regression time:  0.052232290618121624
(average_diff:0.047087419707021995, max_diff:0.0891705754914971, training_epochs:50, lr:0.05)
<_io.TextIOWrapper name='<stderr>' mode='w' encoding='utf-8'> node index is 335
train linear regression time:  0.052194083109498024
(average_diff:0.015080196010249056, max_diff:0.026272094808224122, training_epochs:50, lr:0.05)
<_io.TextIOWrapper name='<stderr>' mode='w' encoding='utf-8'> node index is 325
train linear regression time:  0.05186904175207019
(average_diff:0.10097757221360397, max_diff:0.256062710478631, training_epochs:50, lr:0.05)
<_io.TextIOWrapper name='<stderr>' mode='w' encoding='utf-8'> node index is 313
train linear regression time:  0.05216204095631838
(average_diff:0.0, max_diff:0.0, training_epochs:50, lr:0.05)
<_io.TextIOWrapper name='<stderr>' mode='w' encoding='utf-8'> node index is 443
train linear regression time:  0.051133083179593086
(average_diff:0.09673871498074764, max_diff:0.15927120944465148, training_epochs:50, lr:0.05)
<_io.TextIOWrapper name='<stderr>' mode='w' encoding='utf-8'> node index is 431
train linear regression time:  0.05214649997651577
(average_diff:0.0, max_diff:0.0, training_epochs:50, lr:0.05)
<_io.TextIOWrapper name='<stderr>' mode='w' encoding='utf-8'> node index is 425
train linear regression time:  0.05144874984398484
(average_diff:0.002690896415014595, max_diff:0.0039702701325000644, training_epochs:50, lr:0.05)
<_io.TextIOWrapper name='<stderr>' mode='w' encoding='utf-8'> node index is 419
train linear regression time:  0.05292708287015557
(average_diff:0.0013512978075173228, max_diff:0.002027558429517906, training_epochs:50, lr:0.05)
<_io.TextIOWrapper name='<stderr>' mode='w' encoding='utf-8'> node index is 413
train linear regression time:  0.05236066598445177
(average_diff:8.420912624096388e-06, max_diff:8.447499511454737e-06, training_epochs:50, lr:0.05)
<_io.TextIOWrapper name='<stderr>' mode='w' encoding='utf-8'> node index is 405
train linear regression time:  0.051955875009298325
(average_diff:0.0, max_diff:0.0, training_epochs:50, lr:0.05)
<_io.TextIOWrapper name='<stderr>' mode='w' encoding='utf-8'> node index is 391
train linear regression time:  0.05153187504038215
(average_diff:2.32206504025001e-09, max_diff:2.3458111009233562e-09, training_epochs:50, lr:0.05)
<_io.TextIOWrapper name='<stderr>' mode='w' encoding='utf-8'> node index is 379
train linear regression time:  0.05083212489262223
(average_diff:0.04903147113416569, max_diff:0.13488959977157777, training_epochs:50, lr:0.05)
<_io.TextIOWrapper name='<stderr>' mode='w' encoding='utf-8'> node index is 365
train linear regression time:  0.05252774991095066
(average_diff:0.038341114025926534, max_diff:0.038579583948432195, training_epochs:50, lr:0.05)
<_io.TextIOWrapper name='<stderr>' mode='w' encoding='utf-8'> node index is 351
train linear regression time:  0.05217341613024473
(average_diff:0.00021495705103509455, max_diff:0.00022177608079951283, training_epochs:50, lr:0.05)
<_io.TextIOWrapper name='<stderr>' mode='w' encoding='utf-8'> node index is 337
train linear regression time:  0.05217091692611575
(average_diff:0.13207207897589957, max_diff:0.5044832590811976, training_epochs:50, lr:0.05)
<_io.TextIOWrapper name='<stderr>' mode='w' encoding='utf-8'> node index is 393
train linear regression time:  0.05077799968421459
(average_diff:1.6653345369377348e-16, max_diff:2.220446049250313e-16, training_epochs:50, lr:0.05)
<_io.TextIOWrapper name='<stderr>' mode='w' encoding='utf-8'> node index is 301
train linear regression time:  0.05209725024178624
(average_diff:0.09045326807631986, max_diff:0.20265908554451423, training_epochs:50, lr:0.05)
<_io.TextIOWrapper name='<stderr>' mode='w' encoding='utf-8'> node index is 271
train linear regression time:  0.05283237528055906
(average_diff:0.07461809626719933, max_diff:0.19130299276321927, training_epochs:50, lr:0.05)
<_io.TextIOWrapper name='<stderr>' mode='w' encoding='utf-8'> node index is 253
train linear regression time:  0.05213720817118883
(average_diff:0.2230296137010025, max_diff:0.44574455040970207, training_epochs:50, lr:0.05)
<_io.TextIOWrapper name='<stderr>' mode='w' encoding='utf-8'> node index is 227
train linear regression time:  0.0521789169870317
(average_diff:0.1258158653724585, max_diff:0.26512045131078754, training_epochs:50, lr:0.05)
<_io.TextIOWrapper name='<stderr>' mode='w' encoding='utf-8'> node index is 213
train linear regression time:  0.05159837519749999
(average_diff:0.05234691419407235, max_diff:0.11933590349026985, training_epochs:50, lr:0.05)
<_io.TextIOWrapper name='<stderr>' mode='w' encoding='utf-8'> node index is 201
train linear regression time:  0.05322445882484317
(average_diff:1.0269562977782698e-15, max_diff:1.1102230246251565e-15, training_epochs:50, lr:0.05)
<_io.TextIOWrapper name='<stderr>' mode='w' encoding='utf-8'> node index is 193
train linear regression time:  0.052734208293259144
(average_diff:0.03289777813039273, max_diff:0.08096685693100664, training_epochs:50, lr:0.05)
<_io.TextIOWrapper name='<stderr>' mode='w' encoding='utf-8'> node index is 187
train linear regression time:  0.052593374624848366
(average_diff:0.039469697590390845, max_diff:0.13503638670515195, training_epochs:50, lr:0.05)
<_io.TextIOWrapper name='<stderr>' mode='w' encoding='utf-8'> node index is 179
train linear regression time:  0.05248595820739865
(average_diff:0.0, max_diff:0.0, training_epochs:50, lr:0.05)
<_io.TextIOWrapper name='<stderr>' mode='w' encoding='utf-8'> node index is 171
train linear regression time:  0.05220162495970726
(average_diff:0.1161147284532857, max_diff:0.26306545096144884, training_epochs:50, lr:0.05)
<_io.TextIOWrapper name='<stderr>' mode='w' encoding='utf-8'> node index is 161
train linear regression time:  0.05450808396562934
(average_diff:6.564630450345277e-09, max_diff:6.791371465197926e-09, training_epochs:50, lr:0.05)
<_io.TextIOWrapper name='<stderr>' mode='w' encoding='utf-8'> node index is 367
train linear regression time:  0.051649332977831364
(average_diff:0.0, max_diff:0.0, training_epochs:50, lr:0.05)
<_io.TextIOWrapper name='<stderr>' mode='w' encoding='utf-8'> node index is 353
train linear regression time:  0.05449625011533499
(average_diff:0.00013605275406253226, max_diff:0.00013763038741354539, training_epochs:50, lr:0.05)
<_io.TextIOWrapper name='<stderr>' mode='w' encoding='utf-8'> node index is 339
train linear regression time:  0.05230499990284443
(average_diff:0.022127554599362036, max_diff:0.0415149216139048, training_epochs:50, lr:0.05)
<_io.TextIOWrapper name='<stderr>' mode='w' encoding='utf-8'> node index is 327
train linear regression time:  0.05184858292341232
(average_diff:0.02830197277394501, max_diff:0.15484165921428317, training_epochs:50, lr:0.05)
<_io.TextIOWrapper name='<stderr>' mode='w' encoding='utf-8'> node index is 315
train linear regression time:  0.052295791916549206
(average_diff:0.029811635573257278, max_diff:0.06286974853609362, training_epochs:50, lr:0.05)
<_io.TextIOWrapper name='<stderr>' mode='w' encoding='utf-8'> node index is 303
train linear regression time:  0.051768166944384575
(average_diff:0.04000559728853873, max_diff:0.09476125473300456, training_epochs:50, lr:0.05)
<_io.TextIOWrapper name='<stderr>' mode='w' encoding='utf-8'> node index is 287
train linear regression time:  0.05228066723793745
(average_diff:0.09396309311662435, max_diff:0.1570730529742318, training_epochs:50, lr:0.05)
<_io.TextIOWrapper name='<stderr>' mode='w' encoding='utf-8'> node index is 273
train linear regression time:  0.052160541992634535
(average_diff:0.1127901957740076, max_diff:0.4792109098284014, training_epochs:50, lr:0.05)
<_io.TextIOWrapper name='<stderr>' mode='w' encoding='utf-8'> node index is 255
train linear regression time:  0.053104833234101534
(average_diff:0.0317613278528866, max_diff:0.06595865593418682, training_epochs:50, lr:0.05)
<_io.TextIOWrapper name='<stderr>' mode='w' encoding='utf-8'> node index is 241
train linear regression time:  0.052349832840263844
(average_diff:0.1749037986242476, max_diff:0.5223354939077676, training_epochs:50, lr:0.05)
<_io.TextIOWrapper name='<stderr>' mode='w' encoding='utf-8'> node index is 229
train linear regression time:  0.05213591689243913
(average_diff:0.1267073856318728, max_diff:0.3571928880057562, training_epochs:50, lr:0.05)
<_io.TextIOWrapper name='<stderr>' mode='w' encoding='utf-8'> node index is 215
train linear regression time:  0.051893667317926884
(average_diff:0.02843435406531797, max_diff:0.0671788178793169, training_epochs:50, lr:0.05)
<_io.TextIOWrapper name='<stderr>' mode='w' encoding='utf-8'> node index is 203
train linear regression time:  0.05221350025385618
(average_diff:0.020558931104766295, max_diff:0.0357035200610456, training_epochs:50, lr:0.05)
<_io.TextIOWrapper name='<stderr>' mode='w' encoding='utf-8'> node index is 195
train linear regression time:  0.051965707913041115
(average_diff:0.18090554419637075, max_diff:0.3496991645301345, training_epochs:50, lr:0.05)
<_io.TextIOWrapper name='<stderr>' mode='w' encoding='utf-8'> node index is 7
train linear regression time:  0.05314574996009469
(average_diff:0.13167198173841174, max_diff:0.4595249563902882, training_epochs:50, lr:0.05)
<_io.TextIOWrapper name='<stderr>' mode='w' encoding='utf-8'> node index is 5
train linear regression time:  0.05373254185542464
testFringe time:  13.107647959142923
<_io.TextIOWrapper name='<stderr>' mode='w' encoding='utf-8'> =============== update finished ===============

*** Writing Game File 75***

<_io.TextIOWrapper name='../print_tree_record_numpy/print_DM_boost_linear_tree_split.txt' mode='w' encoding='UTF-8'> idx1(Q:0.4013, distinct_name:0, dictinctin_value:2.569683891588169, par:None)
	idx4(Q:0.4019, distinct_name:0, dictinctin_value:2.507749956207568, par:1)
		idx6(Q:0.4018, distinct_name:0, dictinctin_value:-0.050698982385153205, par:4)
			idx8(Q:0.4626, distinct_name:0, dictinctin_value:-0.5002368440471089, par:6)
				idx10(Q:0.5086, distinct_name:3, dictinctin_value:0.7373220788164561, par:8)
					idx12(Q:0.4833, distinct_name:1, dictinctin_value:0.8498558206992594, par:10)
						idx18(Q:0.4309, distinct_name:2, dictinctin_value:0.8559921607301466, par:12)
							idx24(Q:0.4244, distinct_name:0, dictinctin_value:-0.5901212893723445, par:18)
								idx30(Q:0.4320, distinct_name:2, dictinctin_value:0.5095422779981766, par:24)
									idx38(Q:0.4515, distinct_name:2, dictinctin_value:0.24909091887867726, par:30)
										idx44(Q:0.4791, distinct_name:2, dictinctin_value:-0.06052347242753761, par:38)
											idx54(Q:0.5284, distinct_name:2, dictinctin_value:-0.16873413911779458, par:44)
												idx62(Q:0.5542, distinct_name:2, dictinctin_value:-0.3117760123070312, par:54)
													idx70(Q:0.5975, distinct_name:2, dictinctin_value:-0.36929151673896154, par:62)
														idx76(Q:0.6240, distinct_name:2, dictinctin_value:-0.4513587540231024, par:70)
															idx82(Q:0.6614, distinct_name:2, dictinctin_value:-0.49926091712096626, par:76)
																idx90(Q:0.6766, distinct_name:2, dictinctin_value:-0.5261921216626007, par:82)
																	idx100(Q:0.6884, distinct_name:2, dictinctin_value:-0.5682634996789567, par:90)
																		idx110(Q:0.7037, distinct_name:2, dictinctin_value:-0.576514535000767, par:100)
																			idx120(Q:0.7069, par:110)
																			idx121(Q:0.4001, par:110)
																		idx111(Q:0.3593, par:100)
																	idx101(Q:0.3591, par:90)
																idx91(Q:0.3277, par:82)
															idx83(Q:0.3028, par:76)
														idx77(Q:0.2646, par:70)
													idx71(Q:0.2717, par:62)
												idx63(Q:0.2214, par:54)
											idx55(Q:0.2386, distinct_name:0, dictinctin_value:-0.6476910175840919, par:44)
												idx464(Q:0.2415, distinct_name:3, dictinctin_value:0.6680194197252473, par:55)
													idx468(Q:0.2377, distinct_name:0, dictinctin_value:-0.6858015235311999, par:464)
														idx474(Q:0.2384, distinct_name:2, dictinctin_value:0.24031958562965672, par:468)
															idx480(Q:0.2366, distinct_name:2, dictinctin_value:0.22712878489931437, par:474)
																idx484(Q:0.2384, distinct_name:0, dictinctin_value:-0.6984661740702743, par:480)
																	idx492(Q:0.2362, distinct_name:2, dictinctin_value:0.2205862992769331, par:484)
																		idx500(Q:0.2397, distinct_name:1, dictinctin_value:0.7515347460969897, par:492)
																			idx518(Q:0.2417, par:500)
																			idx519(Q:0.1310, par:500)
																		idx501(Q:0.1652, par:492)
																	idx493(Q:0.3077, par:484)
																idx485(Q:0.1301, par:480)
															idx481(Q:0.2916, par:474)
														idx475(Q:0.1567, par:468)
													idx469(Q:0.3624, par:464)
												idx465(Q:0.1101, par:55)
										idx45(Q:0.2510, distinct_name:0, dictinctin_value:-0.6043607795061433, par:38)
											idx510(Q:0.2522, distinct_name:1, dictinctin_value:0.8144916165556727, par:45)
												idx520(Q:0.2444, distinct_name:1, dictinctin_value:0.7699133155688844, par:510)
													idx530(Q:0.2413, distinct_name:2, dictinctin_value:0.5073691095938268, par:520)
														idx536(Q:0.2419, distinct_name:0, dictinctin_value:-0.6190066933050004, par:530)
															idx548(Q:0.2406, par:536)
															idx549(Q:0.3743, par:536)
														idx537(Q:0.2094, par:530)
													idx531(Q:0.3493, par:520)
												idx521(Q:0.5313, par:510)
											idx511(Q:0.1130, par:45)
									idx39(Q:0.3144, distinct_name:1, dictinctin_value:0.8040063207197937, par:30)
										idx426(Q:0.3110, distinct_name:2, dictinctin_value:0.8419373683110459, par:39)
											idx432(Q:0.3126, distinct_name:0, dictinctin_value:-0.6009391153368029, par:426)
												idx444(Q:0.3147, distinct_name:0, dictinctin_value:-0.6041087413020046, par:432)
													idx448(Q:0.3145, distinct_name:0, dictinctin_value:-0.6100701052011255, par:444)
														idx456(Q:0.3146, distinct_name:0, dictinctin_value:-0.6407957166920598, par:448)
															idx460(Q:0.3189, distinct_name:0, dictinctin_value:-0.6555246386975058, par:456)
																idx466(Q:0.3213, distinct_name:0, dictinctin_value:-0.6720161756487143, par:460)
																	idx470(Q:0.3252, distinct_name:0, dictinctin_value:-0.6781083126032775, par:466)
																		idx472(Q:0.3252, distinct_name:0, dictinctin_value:-0.7020609777266955, par:470)
																			idx476(Q:0.3281, par:472)
																			idx477(Q:0.2334, par:472)
																		idx473(Q:0.3250, par:470)
																	idx471(Q:0.0686, par:466)
																idx467(Q:0.1550, par:460)
															idx461(Q:0.1206, par:456)
														idx457(Q:0.3118, par:448)
													idx449(Q:0.3527, par:444)
												idx445(Q:0.1599, par:432)
											idx433(Q:0.1937, par:426)
										idx427(Q:0.4793, par:39)
								idx31(Q:0.3480, distinct_name:0, dictinctin_value:-0.5002719881995846, par:24)
									idx544(Q:0.3484, distinct_name:1, dictinctin_value:0.7593054056611713, par:31)
										idx550(Q:0.3507, distinct_name:0, dictinctin_value:-0.5062520951871772, par:544)
											idx562(Q:0.3548, par:550)
											idx563(Q:0.1492, par:550)
										idx551(Q:0.2268, par:544)
									idx545(Q:0.3129, par:31)
							idx25(Q:0.4595, distinct_name:0, dictinctin_value:-0.5389580903277561, par:18)
								idx216(Q:0.4614, distinct_name:0, dictinctin_value:-0.5573162410999996, par:25)
									idx230(Q:0.4630, distinct_name:0, dictinctin_value:-0.5917620279880862, par:216)
										idx242(Q:0.4760, distinct_name:1, dictinctin_value:0.8127647407611875, par:230)
											idx256(Q:0.4714, distinct_name:0, dictinctin_value:-0.6131626140571143, par:242)
												idx288(Q:0.4737, distinct_name:0, dictinctin_value:-0.7076582377440916, par:256)
													idx304(Q:0.4959, distinct_name:0, dictinctin_value:-0.717862250694298, par:288)
														idx316(Q:0.4990, distinct_name:0, dictinctin_value:-0.7734253050900186, par:304)
															idx328(Q:0.5051, distinct_name:0, dictinctin_value:-0.7970945326559435, par:316)
																idx340(Q:0.5062, distinct_name:3, dictinctin_value:0.6595389343928215, par:328)
																	idx354(Q:0.5002, distinct_name:3, dictinctin_value:0.6186331758365281, par:340)
																		idx368(Q:0.4955, distinct_name:3, dictinctin_value:0.5952455969358141, par:354)
																			idx380(Q:0.4936, par:368)
																			idx381(Q:0.5796, par:368)
																		idx369(Q:0.9254, par:354)
																	idx355(Q:0.7825, par:340)
																idx341(Q:0.4646, par:328)
															idx329(Q:0.3679, par:316)
														idx317(Q:0.3428, par:304)
													idx305(Q:0.2987, par:288)
												idx289(Q:0.1966, par:256)
											idx257(Q:0.6915, par:242)
										idx243(Q:0.2570, par:230)
									idx231(Q:0.3288, par:216)
								idx217(Q:0.4047, par:25)
						idx19(Q:0.7011, distinct_name:0, dictinctin_value:-0.5046072639210131, par:12)
							idx152(Q:0.7010, distinct_name:2, dictinctin_value:1.74305991171075, par:19)
								idx162(Q:0.6896, distinct_name:2, dictinctin_value:1.5651912903147052, par:152)
									idx172(Q:0.6799, distinct_name:2, dictinctin_value:1.0939968976733132, par:162)
										idx180(Q:0.6574, distinct_name:2, dictinctin_value:0.9064820637809338, par:172)
											idx188(Q:0.6464, distinct_name:2, dictinctin_value:0.8130327408821636, par:180)
												idx196(Q:0.6381, distinct_name:2, dictinctin_value:0.714578820015968, par:188)
													idx204(Q:0.6368, distinct_name:0, dictinctin_value:-0.5137296726081428, par:196)
														idx218(Q:0.6396, distinct_name:2, dictinctin_value:0.4860989258104936, par:204)
															idx232(Q:0.6402, distinct_name:1, dictinctin_value:2.2330900660097845, par:218)
																idx244(Q:0.6285, distinct_name:2, dictinctin_value:0.44559578649865966, par:232)
																	idx258(Q:0.6254, distinct_name:2, dictinctin_value:0.32419638005931734, par:244)
																		idx274(Q:0.6252, distinct_name:0, dictinctin_value:-0.5233031664270825, par:258)
																			idx290(Q:0.6252, par:274)
																			idx291(Q:0.6173, par:274)
																		idx275(Q:0.6332, par:258)
																	idx259(Q:0.7701, par:244)
																idx245(Q:0.9463, par:232)
															idx233(Q:0.6324, par:218)
														idx219(Q:0.4556, par:204)
													idx205(Q:0.6856, par:196)
												idx197(Q:0.8759, par:188)
											idx189(Q:0.8992, par:180)
										idx181(Q:0.9858, par:172)
									idx173(Q:1.0016, par:162)
								idx163(Q:1.0424, par:152)
							idx153(Q:0.7365, par:19)
					idx13(Q:0.5872, distinct_name:2, dictinctin_value:1.929601246827043, par:10)
						idx92(Q:0.5735, distinct_name:1, dictinctin_value:1.2557733390904973, par:13)
							idx102(Q:0.5420, distinct_name:2, dictinctin_value:1.4527612583425853, par:92)
								idx112(Q:0.5283, distinct_name:2, dictinctin_value:1.3531114404933846, par:102)
									idx122(Q:0.5256, distinct_name:2, dictinctin_value:1.0639310625609943, par:112)
										idx130(Q:0.5143, distinct_name:2, dictinctin_value:0.8759607452183222, par:122)
											idx136(Q:0.5057, distinct_name:2, dictinctin_value:0.6228991526328211, par:130)
												idx142(Q:0.5030, distinct_name:2, dictinctin_value:0.4885947458466264, par:136)
													idx146(Q:0.4963, distinct_name:1, dictinctin_value:1.1059975491047376, par:142)
														idx148(Q:0.4871, distinct_name:3, dictinctin_value:2.363964647313972, par:146)
															idx154(Q:0.4799, distinct_name:3, dictinctin_value:1.536573712246935, par:148)
																idx164(Q:0.4562, distinct_name:1, dictinctin_value:0.49075596239548774, par:154)
																	idx206(Q:0.4236, distinct_name:3, dictinctin_value:1.525286896575752, par:164)
																		idx220(Q:0.4230, distinct_name:2, dictinctin_value:0.38874536608000104, par:206)
																			idx234(Q:0.4269, par:220)
																			idx235(Q:0.2567, par:220)
																		idx221(Q:0.4555, par:206)
																	idx207(Q:0.6214, par:164)
																idx165(Q:0.5730, par:154)
															idx155(Q:0.6475, par:148)
														idx149(Q:0.7657, par:146)
													idx147(Q:0.5764, par:142)
												idx143(Q:0.5362, par:136)
											idx137(Q:0.6910, par:130)
										idx131(Q:0.7128, par:122)
									idx123(Q:0.6587, par:112)
								idx113(Q:0.8341, par:102)
							idx103(Q:0.9569, par:92)
						idx93(Q:1.0306, par:13)
				idx11(Q:0.3789, distinct_name:3, dictinctin_value:1.284568987543642, par:8)
					idx32(Q:0.3569, distinct_name:3, dictinctin_value:0.5763111575206541, par:11)
						idx40(Q:0.3410, distinct_name:2, dictinctin_value:1.4159847670297276, par:32)
							idx46(Q:0.3315, distinct_name:2, dictinctin_value:0.8764611652526798, par:40)
								idx56(Q:0.3395, distinct_name:2, dictinctin_value:0.6776552612944613, par:46)
									idx64(Q:0.3443, distinct_name:0, dictinctin_value:-0.10007893227380851, par:56)
										idx72(Q:0.3432, distinct_name:2, dictinctin_value:0.481251420222257, par:64)
											idx78(Q:0.3546, distinct_name:2, dictinctin_value:0.43236682950932387, par:72)
												idx84(Q:0.3603, distinct_name:2, dictinctin_value:0.2322739018313544, par:78)
													idx94(Q:0.3817, distinct_name:2, dictinctin_value:0.1692901075380102, par:84)
														idx104(Q:0.3913, distinct_name:2, dictinctin_value:0.044622068949871425, par:94)
															idx114(Q:0.4115, distinct_name:2, dictinctin_value:-0.04421252452423217, par:104)
																idx124(Q:0.4303, distinct_name:2, dictinctin_value:-0.12551407150931976, par:114)
																	idx132(Q:0.4472, distinct_name:2, dictinctin_value:-0.16179863391045127, par:124)
																		idx138(Q:0.4576, distinct_name:2, dictinctin_value:-0.1987692173924826, par:132)
																			idx144(Q:0.4763, par:138)
																			idx145(Q:0.1560, par:138)
																		idx139(Q:0.1615, par:132)
																	idx133(Q:0.1968, par:124)
																idx125(Q:0.1340, par:114)
															idx115(Q:0.1763, par:104)
														idx105(Q:0.2029, par:94)
													idx95(Q:0.1692, par:84)
												idx85(Q:0.1721, par:78)
											idx79(Q:0.2093, par:72)
										idx73(Q:0.3552, par:64)
									idx65(Q:0.2746, par:56)
								idx57(Q:0.2825, distinct_name:0, dictinctin_value:-0.07115888508263095, par:46)
									idx486(Q:0.2860, distinct_name:2, dictinctin_value:1.3997870335092657, par:57)
										idx494(Q:0.2859, distinct_name:0, dictinctin_value:-0.07160732513030894, par:486)
											idx504(Q:0.2825, distinct_name:0, dictinctin_value:-0.08350405569893737, par:494)
												idx512(Q:0.2841, distinct_name:1, dictinctin_value:1.8788415154351898, par:504)
													idx522(Q:0.2727, distinct_name:1, dictinctin_value:1.7168001155290575, par:512)
														idx538(Q:0.2654, distinct_name:0, dictinctin_value:-0.08454829370887558, par:522)
															idx552(Q:0.2628, distinct_name:3, dictinctin_value:0.4530042815419259, par:538)
																idx556(Q:0.2644, distinct_name:0, dictinctin_value:-0.08608502852647902, par:552)
																	idx564(Q:0.2657, par:556)
																	idx565(Q:0.1341, par:556)
																idx557(Q:0.2231, par:552)
															idx553(Q:0.5355, par:538)
														idx539(Q:0.6590, par:522)
													idx523(Q:0.8978, par:512)
												idx513(Q:0.1098, par:504)
											idx505(Q:0.6691, par:494)
										idx495(Q:0.2877, par:486)
									idx487(Q:0.1831, par:57)
							idx47(Q:0.4387, par:40)
						idx41(Q:0.4220, distinct_name:3, dictinctin_value:1.2541204520301295, par:32)
							idx246(Q:0.4145, distinct_name:0, dictinctin_value:-0.05401988313827026, par:41)
								idx260(Q:0.4149, distinct_name:2, dictinctin_value:2.0807886731763334, par:246)
									idx276(Q:0.4014, distinct_name:2, dictinctin_value:1.8994422532815647, par:260)
										idx292(Q:0.3969, distinct_name:1, dictinctin_value:1.2716943858922887, par:276)
											idx306(Q:0.3741, distinct_name:2, dictinctin_value:1.8085097405850585, par:292)
												idx318(Q:0.3638, distinct_name:0, dictinctin_value:-0.06832580226386262, par:306)
													idx330(Q:0.3624, distinct_name:1, dictinctin_value:1.0161843934440484, par:318)
														idx342(Q:0.3573, distinct_name:0, dictinctin_value:-0.11082738421514442, par:330)
															idx356(Q:0.3516, distinct_name:0, dictinctin_value:-0.1239714467724242, par:342)
																idx370(Q:0.3528, distinct_name:1, dictinctin_value:0.8661774768232812, par:356)
																	idx382(Q:0.3488, distinct_name:0, dictinctin_value:-0.13038566790821624, par:370)
																		idx396(Q:0.3490, distinct_name:1, dictinctin_value:0.7685182247259327, par:382)
																			idx406(Q:0.3442, par:396)
																			idx407(Q:0.5249, par:396)
																		idx397(Q:0.3395, par:382)
																	idx383(Q:0.5070, par:370)
																idx371(Q:0.1581, par:356)
															idx357(Q:0.4285, par:342)
														idx343(Q:0.4879, par:330)
													idx331(Q:0.4271, par:318)
												idx319(Q:0.8472, par:306)
											idx307(Q:0.6109, par:292)
										idx293(Q:0.8758, par:276)
									idx277(Q:0.8869, par:260)
								idx261(Q:0.3940, par:246)
							idx247(Q:0.6951, par:41)
					idx33(Q:0.5669, distinct_name:2, dictinctin_value:1.8206658800741853, par:11)
						idx436(Q:0.5554, distinct_name:0, dictinctin_value:-0.055487221535360155, par:33)
							idx438(Q:0.5523, distinct_name:0, dictinctin_value:-0.06661868934946451, par:436)
								idx450(Q:0.5559, distinct_name:2, dictinctin_value:1.6280055741424861, par:438)
									idx458(Q:0.5466, distinct_name:2, dictinctin_value:1.4609118350831285, par:450)
										idx462(Q:0.5389, distinct_name:0, dictinctin_value:-0.06716992247771125, par:458)
											idx478(Q:0.5409, distinct_name:0, dictinctin_value:-0.06950841565798693, par:462)
												idx482(Q:0.5397, distinct_name:0, dictinctin_value:-0.07617984110574617, par:478)
													idx488(Q:0.5429, distinct_name:0, dictinctin_value:-0.09812148969449835, par:482)
														idx496(Q:0.5417, distinct_name:0, dictinctin_value:-0.10012482464779363, par:488)
															idx502(Q:0.5454, distinct_name:2, dictinctin_value:1.4064514939244364, par:496)
																idx514(Q:0.5416, distinct_name:2, dictinctin_value:1.318805451770871, par:502)
																	idx524(Q:0.5309, distinct_name:0, dictinctin_value:-0.11118736531331526, par:514)
																		idx532(Q:0.5311, distinct_name:0, dictinctin_value:-0.12850307532465371, par:524)
																			idx540(Q:0.5350, par:532)
																			idx541(Q:0.3260, par:532)
																		idx533(Q:0.5198, par:524)
																	idx525(Q:0.9326, par:514)
																idx515(Q:0.7615, par:502)
															idx503(Q:0.1239, par:496)
														idx497(Q:0.5885, par:488)
													idx489(Q:0.1612, par:482)
												idx483(Q:0.6779, par:478)
											idx479(Q:0.3023, par:462)
										idx463(Q:0.8604, par:458)
									idx459(Q:0.9430, par:450)
								idx451(Q:0.3190, par:438)
							idx439(Q:0.9613, par:436)
						idx437(Q:0.9447, par:33)
			idx9(Q:0.3454, distinct_name:1, dictinctin_value:1.4532912275447858, par:6)
				idx14(Q:0.3244, distinct_name:0, dictinctin_value:0.6708677617788001, par:9)
					idx16(Q:0.3392, distinct_name:0, dictinctin_value:0.5219929201544601, par:14)
						idx20(Q:0.3377, distinct_name:0, dictinctin_value:0.38200451643824146, par:16)
							idx26(Q:0.3443, distinct_name:0, dictinctin_value:0.29175973898130836, par:20)
								idx34(Q:0.3453, distinct_name:3, dictinctin_value:1.2405945003824483, par:26)
									idx42(Q:0.3154, distinct_name:2, dictinctin_value:1.6139678071673451, par:34)
										idx48(Q:0.3116, distinct_name:1, dictinctin_value:1.0148453699076618, par:42)
											idx58(Q:0.2986, distinct_name:2, dictinctin_value:0.8422101128546527, par:48)
												idx66(Q:0.3058, distinct_name:2, dictinctin_value:0.5718071591898053, par:58)
													idx74(Q:0.3200, distinct_name:2, dictinctin_value:0.3335199702259944, par:66)
														idx80(Q:0.3445, distinct_name:2, dictinctin_value:0.2585267021680285, par:74)
															idx86(Q:0.3513, distinct_name:2, dictinctin_value:0.13295569297273957, par:80)
																idx96(Q:0.3669, distinct_name:2, dictinctin_value:0.0933394603867821, par:86)
																	idx106(Q:0.3747, distinct_name:2, dictinctin_value:0.047951172568074005, par:96)
																		idx116(Q:0.3830, distinct_name:2, dictinctin_value:-0.0025517231675584334, par:106)
																			idx126(Q:0.3902, par:116)
																			idx127(Q:0.1251, par:116)
																		idx117(Q:0.1535, par:106)
																	idx107(Q:0.1150, par:96)
																idx97(Q:0.1347, par:86)
															idx87(Q:0.1603, par:80)
														idx81(Q:0.1573, par:74)
													idx75(Q:0.1877, par:66)
												idx67(Q:0.2594, distinct_name:0, dictinctin_value:0.284001031471605, par:58)
													idx506(Q:0.2597, distinct_name:0, dictinctin_value:0.28239410324000885, par:67)
														idx526(Q:0.2575, distinct_name:1, dictinctin_value:0.83535054985968, par:506)
															idx546(Q:0.2336, distinct_name:2, dictinctin_value:1.5992728183505887, par:526)
																idx554(Q:0.2360, distinct_name:0, dictinctin_value:0.27983576931814547, par:546)
																	idx558(Q:0.2369, distinct_name:2, dictinctin_value:1.5459775970266707, par:554)
																		idx566(Q:0.2338, par:558)
																		idx567(Q:0.3405, par:558)
																	idx559(Q:0.1412, par:554)
																idx555(Q:0.1136, par:546)
															idx547(Q:0.7625, par:526)
														idx527(Q:0.5128, par:506)
													idx507(Q:0.2169, par:67)
											idx59(Q:0.4255, par:48)
										idx49(Q:0.3932, par:42)
									idx43(Q:0.5666, distinct_name:3, dictinctin_value:2.7956706813891117, par:34)
										idx490(Q:0.5549, distinct_name:0, dictinctin_value:0.28758459307995216, par:43)
											idx498(Q:0.5491, distinct_name:2, dictinctin_value:1.7926081731949, par:490)
												idx508(Q:0.5414, distinct_name:0, dictinctin_value:0.2865220549225975, par:498)
													idx516(Q:0.5410, distinct_name:0, dictinctin_value:0.2785989659591723, par:508)
														idx528(Q:0.5455, distinct_name:3, dictinctin_value:2.7261255458914433, par:516)
															idx534(Q:0.5500, distinct_name:0, dictinctin_value:0.2763906794093015, par:528)
																idx542(Q:0.5524, distinct_name:0, dictinctin_value:0.2703031142425218, par:534)
																	idx560(Q:0.5510, distinct_name:3, dictinctin_value:2.563708411050972, par:542)
																		idx568(Q:0.5467, par:560)
																		idx569(Q:0.7699, par:560)
																	idx561(Q:0.6884, par:542)
																idx543(Q:0.3073, par:534)
															idx535(Q:0.3125, par:528)
														idx529(Q:0.3011, par:516)
													idx517(Q:0.5832, par:508)
												idx509(Q:0.9712, par:498)
											idx499(Q:1.1979, par:490)
										idx491(Q:1.0038, par:43)
								idx35(Q:0.3400, distinct_name:1, dictinctin_value:1.344826515865718, par:26)
									idx236(Q:0.3384, distinct_name:3, dictinctin_value:1.6897348587436034, par:35)
										idx248(Q:0.3267, distinct_name:1, dictinctin_value:1.2341402111364463, par:236)
											idx262(Q:0.3270, distinct_name:3, dictinctin_value:1.3356049450605056, par:248)
												idx278(Q:0.3225, distinct_name:2, dictinctin_value:1.6241822054726756, par:262)
													idx294(Q:0.3143, distinct_name:0, dictinctin_value:0.3731119474318981, par:278)
														idx320(Q:0.3099, distinct_name:3, dictinctin_value:1.2759579982069145, par:294)
															idx344(Q:0.2985, distinct_name:0, dictinctin_value:0.37304242798500226, par:320)
																idx358(Q:0.2984, distinct_name:0, dictinctin_value:0.3707677109507447, par:344)
																	idx372(Q:0.3013, distinct_name:0, dictinctin_value:0.3697040787425107, par:358)
																		idx384(Q:0.3030, distinct_name:2, dictinctin_value:1.3789177574365135, par:372)
																			idx398(Q:0.3007, par:384)
																			idx399(Q:0.3513, par:384)
																		idx385(Q:0.2247, par:372)
																	idx373(Q:0.1232, par:358)
																idx359(Q:0.3297, par:344)
															idx345(Q:0.6603, par:320)
														idx321(Q:0.4082, par:294)
													idx295(Q:0.5039, par:278)
												idx279(Q:0.4619, par:262)
											idx263(Q:0.3069, par:248)
										idx249(Q:0.7629, par:236)
									idx237(Q:0.4148, par:35)
							idx27(Q:0.3136, distinct_name:2, dictinctin_value:1.5527241962490086, par:20)
								idx156(Q:0.3103, distinct_name:0, dictinctin_value:0.5137061072990365, par:27)
									idx166(Q:0.3150, distinct_name:0, dictinctin_value:0.5083060291160676, par:156)
										idx174(Q:0.3145, distinct_name:1, dictinctin_value:1.235555391656205, par:166)
											idx182(Q:0.3143, distinct_name:0, dictinctin_value:0.499318407708209, par:174)
												idx190(Q:0.3212, distinct_name:3, dictinctin_value:1.6437138459193195, par:182)
													idx198(Q:0.3143, distinct_name:0, dictinctin_value:0.4978828276393789, par:190)
														idx208(Q:0.3168, distinct_name:2, dictinctin_value:1.3588453420210258, par:198)
															idx222(Q:0.3143, distinct_name:2, dictinctin_value:0.9721483625475897, par:208)
																idx238(Q:0.3160, distinct_name:0, dictinctin_value:0.4972801494332726, par:222)
																	idx250(Q:0.3136, distinct_name:2, dictinctin_value:0.944961054171824, par:238)
																		idx264(Q:0.3170, distinct_name:2, dictinctin_value:0.872803430709856, par:250)
																			idx280(Q:0.3218, par:264)
																			idx281(Q:0.2212, par:264)
																		idx265(Q:0.0703, par:250)
																	idx251(Q:0.5718, par:238)
																idx239(Q:0.2927, par:222)
															idx223(Q:0.3837, par:208)
														idx209(Q:0.1910, par:198)
													idx199(Q:0.6635, par:190)
												idx191(Q:0.2230, par:182)
											idx183(Q:0.3175, par:174)
										idx175(Q:0.3267, par:166)
									idx167(Q:0.2464, par:156)
								idx157(Q:0.4033, par:27)
						idx21(Q:0.3460, distinct_name:1, dictinctin_value:1.3201670622027022, par:16)
							idx150(Q:0.3438, distinct_name:1, dictinctin_value:1.2234607090751204, par:21)
								idx158(Q:0.3443, distinct_name:1, dictinctin_value:1.0226433736171432, par:150)
									idx168(Q:0.3385, distinct_name:0, dictinctin_value:0.6649352976939671, par:158)
										idx176(Q:0.3382, distinct_name:2, dictinctin_value:1.8028367177150562, par:168)
											idx184(Q:0.3348, distinct_name:3, dictinctin_value:1.321083281680176, par:176)
												idx210(Q:0.3146, distinct_name:1, dictinctin_value:0.7493197611500411, par:184)
													idx224(Q:0.3129, distinct_name:2, dictinctin_value:1.1954012588052898, par:210)
														idx266(Q:0.3133, distinct_name:1, dictinctin_value:0.6035401367847275, par:224)
															idx282(Q:0.3157, distinct_name:1, dictinctin_value:0.5166827335099701, par:266)
																idx296(Q:0.3221, distinct_name:0, dictinctin_value:0.663963378246939, par:282)
																	idx308(Q:0.3200, distinct_name:0, dictinctin_value:0.6638782806630827, par:296)
																		idx322(Q:0.3181, distinct_name:2, dictinctin_value:1.1091905022156634, par:308)
																			idx332(Q:0.3225, par:322)
																			idx333(Q:0.1630, par:322)
																		idx323(Q:0.7405, par:308)
																	idx309(Q:0.7765, par:296)
																idx297(Q:0.1763, par:282)
															idx283(Q:0.2633, par:266)
														idx267(Q:0.3074, par:224)
													idx225(Q:0.3288, par:210)
												idx211(Q:0.5583, par:184)
											idx185(Q:0.4344, par:176)
										idx177(Q:0.3465, par:168)
									idx169(Q:0.5250, par:158)
								idx159(Q:0.2774, par:150)
							idx151(Q:0.4317, par:21)
					idx17(Q:0.3082, distinct_name:3, dictinctin_value:0.8871619234739136, par:14)
						idx22(Q:0.2767, distinct_name:1, dictinctin_value:0.895274831679809, par:17)
							idx28(Q:0.2611, distinct_name:3, dictinctin_value:0.4147697243292515, par:22)
								idx36(Q:0.2527, distinct_name:3, dictinctin_value:-0.009439492879810042, par:28)
									idx50(Q:0.2490, distinct_name:0, dictinctin_value:2.3121117874404824, par:36)
										idx52(Q:0.2499, distinct_name:0, dictinctin_value:1.9483716250181808, par:50)
											idx60(Q:0.2524, distinct_name:3, dictinctin_value:-0.018025248765568658, par:52)
												idx68(Q:0.2598, distinct_name:2, dictinctin_value:0.8033765660185509, par:60)
													idx88(Q:0.2634, distinct_name:2, dictinctin_value:0.6003623148969123, par:68)
														idx98(Q:0.2710, distinct_name:2, dictinctin_value:0.5329635912790776, par:88)
															idx108(Q:0.2757, distinct_name:2, dictinctin_value:0.3621996786015208, par:98)
																idx118(Q:0.2899, distinct_name:3, dictinctin_value:-0.05260374571449391, par:108)
																	idx128(Q:0.2920, distinct_name:2, dictinctin_value:0.22149263805201816, par:118)
																		idx134(Q:0.3060, distinct_name:2, dictinctin_value:0.13324256965432388, par:128)
																			idx140(Q:0.3184, par:134)
																			idx141(Q:0.1372, par:134)
																		idx135(Q:0.1453, par:128)
																	idx129(Q:0.2327, par:118)
																idx119(Q:0.1420, par:108)
															idx109(Q:0.1719, par:98)
														idx99(Q:0.1671, par:88)
													idx89(Q:0.2474, distinct_name:0, dictinctin_value:1.9001636825637473, par:68)
														idx420(Q:0.2453, distinct_name:0, dictinctin_value:1.8970534364477791, par:89)
															idx428(Q:0.2455, distinct_name:0, dictinctin_value:1.7864713255325577, par:420)
																idx434(Q:0.2476, distinct_name:0, dictinctin_value:1.7345810667045185, par:428)
																	idx440(Q:0.2448, distinct_name:0, dictinctin_value:1.7300479805066988, par:434)
																		idx446(Q:0.2456, distinct_name:0, dictinctin_value:1.6826477660222412, par:440)
																			idx452(Q:0.2430, par:446)
																			idx453(Q:0.3516, par:446)
																		idx447(Q:0.1492, par:440)
																	idx441(Q:0.3355, par:434)
																idx435(Q:0.1908, par:428)
															idx429(Q:0.2144, par:420)
														idx421(Q:0.2937, par:89)
												idx69(Q:0.1937, par:60)
											idx61(Q:0.2067, par:52)
										idx53(Q:0.2033, par:50)
									idx51(Q:0.2653, distinct_name:0, dictinctin_value:2.2255864685353126, par:36)
										idx268(Q:0.2661, distinct_name:0, dictinctin_value:1.8770234609938123, par:51)
											idx284(Q:0.2663, distinct_name:1, dictinctin_value:0.8208254329434517, par:268)
												idx298(Q:0.2684, distinct_name:0, dictinctin_value:1.7199871451158526, par:284)
													idx310(Q:0.2702, distinct_name:3, dictinctin_value:0.39481973457279324, par:298)
														idx346(Q:0.2715, distinct_name:2, dictinctin_value:2.0591657816242117, par:310)
															idx360(Q:0.2621, distinct_name:2, dictinctin_value:1.6416632040499568, par:346)
																idx374(Q:0.2617, distinct_name:0, dictinctin_value:1.6846076849979201, par:360)
																	idx386(Q:0.2620, distinct_name:2, dictinctin_value:1.5364517172370076, par:374)
																		idx400(Q:0.2610, distinct_name:2, dictinctin_value:1.321416179085615, par:386)
																			idx408(Q:0.2583, par:400)
																			idx409(Q:0.3431, par:400)
																		idx401(Q:0.2993, par:386)
																	idx387(Q:0.2080, par:374)
																idx375(Q:0.2773, par:360)
															idx361(Q:0.7383, par:346)
														idx347(Q:0.2266, par:310)
													idx311(Q:0.2142, par:298)
												idx299(Q:0.2014, par:284)
											idx285(Q:0.2635, par:268)
										idx269(Q:0.2404, par:51)
								idx37(Q:0.3022, distinct_name:1, dictinctin_value:0.7946772031835798, par:28)
									idx312(Q:0.2939, distinct_name:2, dictinctin_value:1.9378572482198, par:37)
										idx324(Q:0.2847, distinct_name:0, dictinctin_value:2.1880833067537604, par:312)
											idx334(Q:0.2854, distinct_name:0, dictinctin_value:2.1673152418059, par:324)
												idx348(Q:0.2833, distinct_name:0, dictinctin_value:2.0644684179947266, par:334)
													idx362(Q:0.2821, distinct_name:2, dictinctin_value:1.6060442338491094, par:348)
														idx376(Q:0.2726, distinct_name:0, dictinctin_value:1.8821116949330967, par:362)
															idx388(Q:0.2761, distinct_name:2, dictinctin_value:1.5867185725408008, par:376)
																idx402(Q:0.2763, distinct_name:0, dictinctin_value:1.8162737627685595, par:388)
																	idx410(Q:0.2800, distinct_name:2, dictinctin_value:1.474613989336331, par:402)
																		idx414(Q:0.2746, distinct_name:2, dictinctin_value:1.322085439542282, par:410)
																			idx422(Q:0.2746, par:414)
																			idx423(Q:0.2744, par:414)
																		idx415(Q:0.7277, par:410)
																	idx411(Q:0.1206, par:402)
																idx403(Q:0.2603, par:388)
															idx389(Q:0.1720, par:376)
														idx377(Q:0.5646, par:362)
													idx363(Q:0.3605, par:348)
												idx349(Q:0.4164, par:334)
											idx335(Q:0.2633, par:324)
										idx325(Q:0.5989, par:312)
									idx313(Q:0.4699, par:37)
							idx29(Q:0.3892, distinct_name:0, dictinctin_value:2.44084525907838, par:22)
								idx336(Q:0.3907, distinct_name:0, dictinctin_value:2.3332385876998147, par:29)
									idx350(Q:0.3922, distinct_name:2, dictinctin_value:1.313989803673234, par:336)
										idx364(Q:0.3594, distinct_name:2, dictinctin_value:1.2075088067941002, par:350)
											idx378(Q:0.3565, distinct_name:0, dictinctin_value:2.3276851139515355, par:364)
												idx390(Q:0.3553, distinct_name:2, dictinctin_value:1.1566628366759308, par:378)
													idx404(Q:0.3525, distinct_name:2, dictinctin_value:1.049026714172236, par:390)
														idx412(Q:0.3489, distinct_name:2, dictinctin_value:1.0138168631315498, par:404)
															idx418(Q:0.3459, distinct_name:0, dictinctin_value:2.3136303024689413, par:412)
																idx424(Q:0.3458, distinct_name:1, dictinctin_value:1.4142431093508798, par:418)
																	idx430(Q:0.3506, distinct_name:0, dictinctin_value:2.2572655688242222, par:424)
																		idx442(Q:0.3492, distinct_name:0, dictinctin_value:2.2507333712501807, par:430)
																			idx454(Q:0.3491, par:442)
																			idx455(Q:0.3551, par:442)
																		idx443(Q:0.5398, par:430)
																	idx431(Q:0.2157, par:424)
																idx425(Q:0.3611, par:418)
															idx419(Q:0.4918, par:412)
														idx413(Q:0.5241, par:404)
													idx405(Q:0.5629, par:390)
												idx391(Q:0.5313, par:378)
											idx379(Q:0.5828, par:364)
										idx365(Q:0.6868, par:350)
									idx351(Q:0.2661, par:336)
								idx337(Q:0.2579, par:29)
						idx23(Q:0.4608, distinct_name:0, dictinctin_value:2.1444723574903684, par:17)
							idx160(Q:0.4620, distinct_name:0, dictinctin_value:2.133798778100152, par:23)
								idx170(Q:0.4624, distinct_name:2, dictinctin_value:1.564504591409782, par:160)
									idx178(Q:0.4376, distinct_name:2, dictinctin_value:1.4113473869711974, par:170)
										idx186(Q:0.4325, distinct_name:0, dictinctin_value:2.1063540893171067, par:178)
											idx192(Q:0.4334, distinct_name:2, dictinctin_value:1.2195161175228741, par:186)
												idx200(Q:0.4290, distinct_name:0, dictinctin_value:1.9676721667093595, par:192)
													idx212(Q:0.4267, distinct_name:0, dictinctin_value:1.8926417272552991, par:200)
														idx226(Q:0.4259, distinct_name:0, dictinctin_value:1.7713311316515392, par:212)
															idx252(Q:0.4300, distinct_name:1, dictinctin_value:1.3213229930390704, par:226)
																idx270(Q:0.4236, distinct_name:0, dictinctin_value:1.7442155745503336, par:252)
																	idx300(Q:0.4215, distinct_name:0, dictinctin_value:1.3536781616204123, par:270)
																		idx392(Q:0.4208, distinct_name:0, dictinctin_value:1.2274516322533688, par:300)
																			idx416(Q:0.4237, par:392)
																			idx417(Q:0.3988, par:392)
																		idx393(Q:0.4246, par:300)
																	idx301(Q:0.6548, par:270)
																idx271(Q:0.6678, par:252)
															idx253(Q:0.3067, par:226)
														idx227(Q:0.4615, par:212)
													idx213(Q:0.5051, par:200)
												idx201(Q:0.5443, par:192)
											idx193(Q:0.3158, par:186)
										idx187(Q:0.6250, par:178)
									idx179(Q:0.8522, par:170)
								idx171(Q:0.3511, par:160)
							idx161(Q:0.4274, par:23)
				idx15(Q:0.6071, distinct_name:2, dictinctin_value:1.9938158806166744, par:9)
					idx194(Q:0.5961, distinct_name:3, dictinctin_value:2.0149638943737203, par:15)
						idx202(Q:0.5868, distinct_name:3, dictinctin_value:1.626087400144554, par:194)
							idx214(Q:0.5837, distinct_name:1, dictinctin_value:2.6727016574162166, par:202)
								idx228(Q:0.5687, distinct_name:2, dictinctin_value:1.776904010924299, par:214)
									idx240(Q:0.5633, distinct_name:2, dictinctin_value:1.4203463682180766, par:228)
										idx254(Q:0.5529, distinct_name:0, dictinctin_value:2.115573493736756, par:240)
											idx272(Q:0.5538, distinct_name:2, dictinctin_value:1.306259966260203, par:254)
												idx286(Q:0.5381, distinct_name:2, dictinctin_value:1.2529155214914378, par:272)
													idx302(Q:0.5332, distinct_name:2, dictinctin_value:0.808199081795812, par:286)
														idx314(Q:0.5061, distinct_name:2, dictinctin_value:0.7214446989843575, par:302)
															idx326(Q:0.5008, distinct_name:2, dictinctin_value:0.7041168221107604, par:314)
																idx338(Q:0.4997, distinct_name:0, dictinctin_value:2.1110030599556926, par:326)
																	idx352(Q:0.5005, distinct_name:0, dictinctin_value:2.0312710900603177, par:338)
																		idx366(Q:0.4975, distinct_name:2, dictinctin_value:0.6878681581259294, par:352)
																			idx394(Q:0.4949, par:366)
																			idx395(Q:0.7374, par:366)
																		idx367(Q:0.7833, par:352)
																	idx353(Q:0.3397, par:338)
																idx339(Q:0.6013, par:326)
															idx327(Q:0.6781, par:314)
														idx315(Q:0.8479, par:302)
													idx303(Q:0.8049, par:286)
												idx287(Q:0.8402, par:272)
											idx273(Q:0.5122, par:254)
										idx255(Q:0.7862, par:240)
									idx241(Q:0.9026, par:228)
								idx229(Q:0.8349, par:214)
							idx215(Q:0.6883, par:202)
						idx203(Q:0.9146, par:194)
					idx195(Q:0.9950, par:15)
		idx7(Q:0.4254, par:4)
	idx5(Q:0.2910, par:1)
