WARNING:tensorflow:From /Users/keithwu/opt/anaconda3/envs/auction-gym/lib/python3.10/site-packages/tensorflow/python/compat/v2_compat.py:107: disable_resource_variables (from tensorflow.python.ops.variable_scope) is deprecated and will be removed in a future version.
Instructions for updating:
non-resource variables are not supported in the long term
<_io.TextIOWrapper name='<stderr>' mode='w' encoding='utf-8'> reading from ../UTree_model_numpy/DM/model_boost_linear_qsplit_noabs_save/, starting at 29
<_io.TextIOWrapper name='<stderr>' mode='w' encoding='utf-8'> =============== update starts ===============
(average_diff:0.0011554524416437476, max_diff:0.0026398112719721034, training_epochs:50, lr:0.05)
<_io.TextIOWrapper name='<stderr>' mode='w' encoding='utf-8'> node index is 111
train linear regression time:  0.047111124731600285
(average_diff:0.0036070015237273656, max_diff:0.004375979006600417, training_epochs:50, lr:0.05)
<_io.TextIOWrapper name='<stderr>' mode='w' encoding='utf-8'> node index is 101
train linear regression time:  0.04718249989673495
(average_diff:0.0018778590942629403, max_diff:0.004688434041257905, training_epochs:50, lr:0.05)
<_io.TextIOWrapper name='<stderr>' mode='w' encoding='utf-8'> node index is 91
train linear regression time:  0.05061412509530783
(average_diff:0.0209848348935014, max_diff:0.13139325946033278, training_epochs:50, lr:0.05)
<_io.TextIOWrapper name='<stderr>' mode='w' encoding='utf-8'> node index is 83
train linear regression time:  0.049050332978367805
(average_diff:0.025774721826880658, max_diff:0.10492451068176123, training_epochs:50, lr:0.05)
<_io.TextIOWrapper name='<stderr>' mode='w' encoding='utf-8'> node index is 77
train linear regression time:  0.04967974964529276
(average_diff:0.034050117034635806, max_diff:0.11178856265561896, training_epochs:50, lr:0.05)
<_io.TextIOWrapper name='<stderr>' mode='w' encoding='utf-8'> node index is 71
train linear regression time:  0.04770433297380805
(average_diff:0.04777695115074889, max_diff:0.1307452197538197, training_epochs:50, lr:0.05)
<_io.TextIOWrapper name='<stderr>' mode='w' encoding='utf-8'> node index is 63
train linear regression time:  0.04746608389541507
(average_diff:0.06481556071916238, max_diff:0.16617184598615065, training_epochs:50, lr:0.05)
<_io.TextIOWrapper name='<stderr>' mode='w' encoding='utf-8'> node index is 55
train linear regression time:  0.04677708400413394
(average_diff:0.07038893244763618, max_diff:0.21186708327050008, training_epochs:50, lr:0.05)
<_io.TextIOWrapper name='<stderr>' mode='w' encoding='utf-8'> node index is 45
train linear regression time:  0.04934883303940296
(average_diff:0.06895590197331823, max_diff:0.22550231835758217, training_epochs:50, lr:0.05)
<_io.TextIOWrapper name='<stderr>' mode='w' encoding='utf-8'> node index is 39
train linear regression time:  0.048429334070533514
(average_diff:0.0989681865607937, max_diff:0.2979241663202922, training_epochs:50, lr:0.05)
<_io.TextIOWrapper name='<stderr>' mode='w' encoding='utf-8'> node index is 31
train linear regression time:  0.04730720818042755
(average_diff:0.07230885505056105, max_diff:0.41601195523669315, training_epochs:50, lr:0.05)
<_io.TextIOWrapper name='<stderr>' mode='w' encoding='utf-8'> node index is 25
train linear regression time:  0.04792479099705815
(average_diff:0.15650424299583168, max_diff:0.5140459851318653, training_epochs:50, lr:0.05)
<_io.TextIOWrapper name='<stderr>' mode='w' encoding='utf-8'> node index is 196
train linear regression time:  0.04823904111981392
<_io.TextIOWrapper name='<stderr>' mode='w' encoding='utf-8'> variance test passed, diff=0.03152704311522785, d = 1, back=0
<_io.TextIOWrapper name='<stderr>' mode='w' encoding='utf-8'> variance test passed, diff=0.04223903413793913, d = 2, back=0
<_io.TextIOWrapper name='<stderr>' mode='w' encoding='utf-8'> Will be split, p=0.04223903413793913, d=2, back=0
(average_diff:0.15321958147745887, max_diff:0.5168966332679727, training_epochs:50, lr:0.05)
<_io.TextIOWrapper name='<stderr>' mode='w' encoding='utf-8'> node index is 204
train linear regression time:  0.04816720820963383
(average_diff:0.021688992791637895, max_diff:0.03994277621066533, training_epochs:50, lr:0.05)
<_io.TextIOWrapper name='<stderr>' mode='w' encoding='utf-8'> node index is 205
train linear regression time:  0.04706745781004429
(average_diff:0.014045089233247654, max_diff:0.026380613509885853, training_epochs:50, lr:0.05)
<_io.TextIOWrapper name='<stderr>' mode='w' encoding='utf-8'> node index is 197
train linear regression time:  0.046594833955168724
(average_diff:0.019121489916421576, max_diff:0.029344094385674202, training_epochs:50, lr:0.05)
<_io.TextIOWrapper name='<stderr>' mode='w' encoding='utf-8'> node index is 189
train linear regression time:  0.04710170906037092
(average_diff:0.016718814033682822, max_diff:0.039108385768931164, training_epochs:50, lr:0.05)
<_io.TextIOWrapper name='<stderr>' mode='w' encoding='utf-8'> node index is 181
train linear regression time:  0.047211790923029184
(average_diff:0.03920404876315362, max_diff:0.0624255806604308, training_epochs:50, lr:0.05)
<_io.TextIOWrapper name='<stderr>' mode='w' encoding='utf-8'> node index is 173
train linear regression time:  0.04595004115253687
(average_diff:0.01494478051758047, max_diff:0.03415435605274464, training_epochs:50, lr:0.05)
<_io.TextIOWrapper name='<stderr>' mode='w' encoding='utf-8'> node index is 163
train linear regression time:  0.0481777498498559
(average_diff:0.0, max_diff:0.0, training_epochs:50, lr:0.05)
<_io.TextIOWrapper name='<stderr>' mode='w' encoding='utf-8'> node index is 153
train linear regression time:  0.047196832951158285
(average_diff:0.128113453444401, max_diff:0.47517939592572467, training_epochs:50, lr:0.05)
<_io.TextIOWrapper name='<stderr>' mode='w' encoding='utf-8'> node index is 164
train linear regression time:  0.04797008307650685
<_io.TextIOWrapper name='<stderr>' mode='w' encoding='utf-8'> variance test passed, diff=0.013448058471270577, d = 1, back=0
<_io.TextIOWrapper name='<stderr>' mode='w' encoding='utf-8'> Will be split, p=0.013448058471270577, d=1, back=0
(average_diff:0.10456099506453605, max_diff:0.334934973634697, training_epochs:50, lr:0.05)
<_io.TextIOWrapper name='<stderr>' mode='w' encoding='utf-8'> node index is 206
train linear regression time:  0.04784649983048439
(average_diff:0.11861080325815888, max_diff:0.25633918874382744, training_epochs:50, lr:0.05)
<_io.TextIOWrapper name='<stderr>' mode='w' encoding='utf-8'> node index is 207
train linear regression time:  0.0469477497972548
(average_diff:0.13746795537680864, max_diff:0.32093537644556874, training_epochs:50, lr:0.05)
<_io.TextIOWrapper name='<stderr>' mode='w' encoding='utf-8'> node index is 165
train linear regression time:  0.04801258398219943
(average_diff:0.06080822051200658, max_diff:0.1524471026532508, training_epochs:50, lr:0.05)
<_io.TextIOWrapper name='<stderr>' mode='w' encoding='utf-8'> node index is 155
train linear regression time:  0.047315750271081924
(average_diff:0.14184768896069322, max_diff:0.24128926961833874, training_epochs:50, lr:0.05)
<_io.TextIOWrapper name='<stderr>' mode='w' encoding='utf-8'> node index is 149
train linear regression time:  0.05116966599598527
(average_diff:0.04536441855123062, max_diff:0.11048067668566233, training_epochs:50, lr:0.05)
<_io.TextIOWrapper name='<stderr>' mode='w' encoding='utf-8'> node index is 147
train linear regression time:  0.050348874647170305
(average_diff:0.056584572831557683, max_diff:0.09236832805155704, training_epochs:50, lr:0.05)
<_io.TextIOWrapper name='<stderr>' mode='w' encoding='utf-8'> node index is 143
train linear regression time:  0.04753450024873018
(average_diff:0.03441147720336984, max_diff:0.07346296755474346, training_epochs:50, lr:0.05)
<_io.TextIOWrapper name='<stderr>' mode='w' encoding='utf-8'> node index is 137
train linear regression time:  0.04840929200872779
(average_diff:0.01695116665710128, max_diff:0.03514283759270942, training_epochs:50, lr:0.05)
<_io.TextIOWrapper name='<stderr>' mode='w' encoding='utf-8'> node index is 131
train linear regression time:  0.0483577917329967
(average_diff:0.026096249734711096, max_diff:0.06266719017523698, training_epochs:50, lr:0.05)
<_io.TextIOWrapper name='<stderr>' mode='w' encoding='utf-8'> node index is 123
train linear regression time:  0.047788459341973066
(average_diff:0.04245279049253819, max_diff:0.11535187764387944, training_epochs:50, lr:0.05)
<_io.Tex<_io.TextIOWrapper name='<stderr>' mode='w' encoding='node index is 113
train linear regression time:  0.049172958359122276
(average_diff:0.07363385218892465, max_diff:0.2659078431014089, training_epochs:50, lr:0.05)
<_io.TextIOWrapper name='<stderr>' mode='w' encoding='utf-8'> node index is 103
train linear regression time:  0.04761029127985239
(average_diff:0.09197870264086837, max_diff:0.13911550555541685, training_epochs:50, lr:0.05)
<_io.TextIOWrapper name='<stderr>' mode='w' encoding='utf-8'> node index is 93
train linear regression time:  0.047812375240027905
(average_diff:0.0023205258581087186, max_diff:0.003990384800306723, training_epochs:50, lr:0.05)
<_io.TextIOWrapper name='<stderr>' mode='w' encoding='utf-8'> node index is 139
train linear regression time:  0.04857095889747143
(average_diff:0.005201471162954319, max_diff:0.012874467840916837, training_epochs:50, lr:0.05)
<_io.TextIOWrapper name='<stderr>' mode='w' encoding='utf-8'> node index is 133
train linear regression time:  0.0468723326921463
(average_diff:0.023138972079690144, max_diff:0.04494936961352186, training_epochs:50, lr:0.05)
<_io.TextIOWrapper name='<stderr>' mode='w' encoding='utf-8'> node index is 125
train linear regression time:  0.047869041096419096
(average_diff:0.05843392260851851, max_diff:0.19399971749499234, training_epochs:50, lr:0.05)
<_io.TextIOWrapper name='<stderr>' mode='w' encoding='utf-8'> node index is 115
train linear regression time:  0.0471991254016757
(average_diff:0.054469680099064124, max_diff:0.11555701931211464, training_epochs:50, lr:0.05)
<_io.TextIOWrapper name='<stderr>' mode='w' encoding='utf-8'> node index is 105
train linear regression time:  0.04760570917278528
(average_diff:0.042983171266543656, max_diff:0.19069278633656073, training_epochs:50, lr:0.05)
<_io.TextIOWrapper name='<stderr>' mode='w' encoding='utf-8'> node index is 95
train linear regression time:  0.04734050016850233
(average_diff:0.06537194105003562, max_diff:0.11164570895185774, training_epochs:50, lr:0.05)
<_io.TextIOWrapper name='<stderr>' mode='w' encoding='utf-8'> node index is 85
train linear regression time:  0.04748362489044666
(average_diff:0.06002023288131134, max_diff:0.11926801355527356, training_epochs:50, lr:0.05)
<_io.TextIOWrapper name='<stderr>' mode='w' encoding='utf-8'> node index is 79
train linear regression time:  0.047679082956165075
(average_diff:0.14104876271381436, max_diff:0.37617953893666956, training_epochs:50, lr:0.05)
<_io.TextIOWrapper name='<stderr>' mode='w' encoding='utf-8'> node index is 73
train linear regression time:  0.0467162923887372
(average_diff:0.0933179400400184, max_diff:0.30312378392913275, training_epochs:50, lr:0.05)
<_io.TextIOWrapper name='<stderr>' mode='w' encoding='utf-8'> node index is 65
train linear regression time:  0.048956834245473146
(average_diff:0.09061533907482193, max_diff:0.3273695595632679, training_epochs:50, lr:0.05)
<_io.TextIOWrapper name='<stderr>' mode='w' encoding='utf-8'> node index is 57
train linear regression time:  0.046576292254030704
(average_diff:0.06366846008743436, max_diff:0.18550342575959633, training_epochs:50, lr:0.05)
<_io.TextIOWrapper name='<stderr>' mode='w' encoding='utf-8'> node index is 47
train linear regression time:  0.04606979200616479
(average_diff:0.185980341960211, max_diff:0.7399006815793402, training_epochs:50, lr:0.05)
<_io.TextIOWrapper name='<stderr>' mode='w' encoding='utf-8'> node index is 41
train linear regression time:  0.04972620913758874
(average_diff:0.15402503358863393, max_diff:0.8220223919383359, training_epochs:50, lr:0.05)
<_io.TextIOWrapper name='<stderr>' mode='w' encoding='utf-8'> node index is 33
train linear regression time:  0.04818454198539257
(average_diff:0.03427432123078833, max_diff:0.04527980202576787, training_epochs:50, lr:0.05)
<_io.TextIOWrapper name='<stderr>' mode='w' encoding='utf-8'> node index is 117
train linear regression time:  0.0478132083080709
(average_diff:0.01791864237543981, max_diff:0.0360771598022724, training_epochs:50, lr:0.05)
<_io.TextIOWrapper name='<stderr>' mode='w' encoding='utf-8'> node index is 107
train linear regression time:  0.04819054203107953
(average_diff:0.03657328515546241, max_diff:0.12556869732220477, training_epochs:50, lr:0.05)
<_io.TextIOWrapper name='<stderr>' mode='w' encoding='utf-8'> node index is 97
train linear regression time:  0.04804887482896447
(average_diff:0.06670615161869145, max_diff:0.13817900613394885, training_epochs:50, lr:0.05)
<_io.TextIOWrapper name='<stderr>' mode='w' encoding='utf-8'> node index is 87
train linear regression time:  0.048394666984677315
(average_diff:0.06658826190778969, max_diff:0.29331200262259083, training_epochs:50, lr:0.05)
<_io.TextIOWrapper name='<stderr>' mode='w' encoding='utf-8'> node index is 81
train linear regression time:  0.04793579084798694
(average_diff:0.06433114998989686, max_diff:0.20172707290542718, training_epochs:50, lr:0.05)
<_io.TextIOWrapper name='<stderr>' mode='w' encoding='utf-8'> node index is 75
train linear regression time:  0.048053874634206295
(average_diff:0.09554349215408052, max_diff:0.29624947079684594, training_epochs:50, lr:0.05)
<_io.TextIOWrapper name='<stderr>' mode='w' encoding='utf-8'> node index is 67
train linear regression time:  0.04819337511435151
(average_diff:0.17603385077571754, max_diff:0.40283852750488636, training_epochs:50, lr:0.05)
<_io.TextIOWrapper name='<stderr>' mode='w' encoding='utf-8'> node index is 59
train linear regression time:  0.04726725025102496
(average_diff:0.10455282726972681, max_diff:0.3109102107261328, training_epochs:50, lr:0.05)
<_io.TextIOWrapper name='<stderr>' mode='w' encoding='utf-8'> node index is 49
train linear regression time:  0.04710483318194747
(average_diff:0.17494526394116305, max_diff:0.5996469522989676, training_epochs:50, lr:0.05)
<_io.TextIOWrapper name='<stderr>' mode='w' encoding='utf-8'> node index is 43
train linear regression time:  0.04668925004079938
(average_diff:0.19600625298957985, max_diff:0.6204899203179557, training_epochs:50, lr:0.05)
<_io.TextIOWrapper name='<stderr>' mode='w' encoding='utf-8'> node index is 35
train linear regression time:  0.04770670924335718
(average_diff:0.12866601590661209, max_diff:0.6556798670659807, training_epochs:50, lr:0.05)
<_io.TextIOWrapper name='<stderr>' mode='w' encoding='utf-8'> node index is 198
train linear regression time:  0.047607917338609695
<_io.TextIOWrapper name='<stderr>' mode='w' encoding='utf-8'> variance test passed, diff=0.04627753808065334, d = 0, back=0
<_io.TextIOWrapper name='<stderr>' mode='w' encoding='utf-8'> Will be split, p=0.04627753808065334, d=0, back=0
(average_diff:0.12872787430772997, max_diff:0.6693252586142174, training_epochs:50, lr:0.05)
<_io.TextIOWrapper name='<stderr>' mode='w' encoding='utf-8'> node index is 208
train linear regression time:  0.047820959240198135
(average_diff:1.0350298871031338e-05, max_diff:1.0350298871031338e-05, training_epochs:50, lr:0.05)
<_io.TextIOWrapper name='<stderr>' mode='w' encoding='utf-8'> node index is 209
train linear regression time:  0.04747016681358218
(average_diff:0.01631680764449171, max_diff:0.024417719641344315, training_epochs:50, lr:0.05)
<_io.TextIOWrapper name='<stderr>' mode='w' encoding='utf-8'> node index is 199
train linear regression time:  0.046291207894682884
(average_diff:0.048278739011112105, max_diff:0.10623074248844272, training_epochs:50, lr:0.05)
<_io.TextIOWrapper name='<stderr>' mode='w' encoding='utf-8'> node index is 191
train linear regression time:  0.0488962079398334
(average_diff:2.1116469683946093e-10, max_diff:2.5182478324836666e-10, training_epochs:50, lr:0.05)
<_io.TextIOWrapper name='<stderr>' mode='w' encoding='utf-8'> node index is 183
train linear regression time:  0.04704120894894004
(average_diff:0.0549403679613422, max_diff:0.0969796779892404, training_epochs:50, lr:0.05)
<_io.TextIOWrapper name='<stderr>' mode='w' encoding='utf-8'> node index is 175
train linear regression time:  0.04735891707241535
(average_diff:0.07725639985866825, max_diff:0.1673210794010924, training_epochs:50, lr:0.05)
<_io.TextIOWrapper name='<stderr>' mode='w' encoding='utf-8'> node index is 167
traintrain linear regression time:  0.04725454095751047
(average_diff:3.895933188058365e-06, max_diff:4.173135506158054e-06, training_epochs:50, lr:0.05)
<_io.TextIOWrapper name='<stderr>' mode='w' encoding='utf-8'> node index is 157
train linear regression time:  0.047007333021610975
(average_diff:0.15621425954980556, max_diff:0.6836336800325238, training_epochs:50, lr:0.05)
<_io.TextIOWrapper name='<stderr>' mode='w' encoding='utf-8'> node index is 184
train linear regression time:  0.04886470781639218
<_io.TextIOWrapper name='<stderr>' mode='w' encoding='utf-8'> variance test passed, diff=0.010304863306485633, d = 3, back=0
<_io.TextIOWrapper name='<stderr>' mode='w' encoding='utf-8'> Will be split, p=0.010304863306485633, d=3, back=0
(average_diff:0.1373128338105713, max_diff:0.5554336513158008, training_epochs:50, lr:0.05)
<_io.TextIOWrapper name='<stderr>' mode='w' encoding='utf-8'> node index is 210
train linear regression time:  0.04779695812612772
(average_diff:0.29385790443677073, max_diff:0.4266460431317533, training_epochs:50, lr:0.05)
<_io.TextIOWrapper name='<stderr>' mode='w' encoding='utf-8'> node index is 211
train linear regression time:  0.04726641625165939
(average_diff:0.027869605402926934, max_diff:0.05669208589044708, training_epochs:50, lr:0.05)
<_io.TextIOWrapper name='<stderr>' mode='w' encoding='utf-8'> node index is 185
train linear regression time:  0.0460944171063602
(average_diff:0.0029297513650708372, max_diff:0.006052132198615556, training_epochs:50, lr:0.05)
<_io.TextIOWrapper name='<stderr>' mode='w' encoding='utf-8'> node index is 177
train linear regression time:  0.04866033419966698
(average_diff:0.1131546230632468, max_diff:0.1889632863315695, training_epochs:50, lr:0.05)
<_io.TextIOWrapper name='<stderr>' mode='w' encoding='utf-8'> node index is 169
train linear regression time:  0.04922775039449334
(average_diff:0.0, max_diff:0.0, training_epochs:50, lr:0.05)
<_io.TextIOWrapper name='<stderr>' mode='w' encoding='utf-8'> node index is 159
train linear regression time:  0.046509541105479
(average_diff:0.05670824545232559, max_diff:0.08626252910673682, training_epochs:50, lr:0.05)
<_io.TextIOWrapper name='<stderr>' mode='w' encoding='utf-8'> node index is 151
train linear regression time:  0.047036665957421064
(average_diff:0.03288782230121561, max_diff:0.08188159532085638, training_epochs:50, lr:0.05)
<_io.TextIOWrapper name='<stderr>' mode='w' encoding='utf-8'> node index is 135
train linear regression time:  0.0474048750475049
(average_diff:0.025715339626631733, max_diff:0.04588789307223373, training_epochs:50, lr:0.05)
<_io.TextIOWrapper name='<stderr>' mode='w' encoding='utf-8'> node index is 129
train linear regression time:  0.04582099989056587
(average_diff:0.025538528542974497, max_diff:0.07914116224194086, training_epochs:50, lr:0.05)
<_io.TextIOWrapper name='<stderr>' mode='w' encoding='utf-8'> node index is 119
train linear regression time:  0.049342290963977575
(average_diff:0.040648547200743, max_diff:0.10211772266293812, training_epochs:50, lr:0.05)
<_io.TextIOWrapper name='<stderr>' mode='w' encoding='utf-8'> node index is 109
train linear regression time:  0.04760429123416543
(average_diff:0.04586321966979353, max_diff:0.16719197187173762, training_epochs:50, lr:0.05)
<_io.TextIOWrapper name='<stderr>' mode='w' encoding='utf-8'> node index is 99
train linear regression time:  0.04717220924794674
(average_diff:0.07316003771152993, max_diff:0.2645751150583713, training_epochs:50, lr:0.05)
<_io.TextIOWrapper name='<stderr>' mode='w' encoding='utf-8'> node index is 89
train linear regression time:  0.04737008363008499
(average_diff:0.004629573444527163, max_diff:0.08521706752569086, training_epochs:50, lr:0.05)
<_io.TextIOWrapper name='<stderr>' mode='w' encoding='utf-8'> node index is 69
train linear regression time:  0.04718833277001977
(average_diff:0.03513836247563042, max_diff:0.06957911440758982, training_epochs:50, lr:0.05)
<_io.TextIOWrapper name='<stderr>' mode='w' encoding='utf-8'> node index is 61
train linear regression time:  0.046280667185783386
(average_diff:0.01250111305432069, max_diff:0.02501243868016878, training_epochs:50, lr:0.05)
<_io.TextIOWrapper name='<stderr>' mode='w' encoding='utf-8'> node index is 53
train linear regression time:  0.04716329229995608
(average_diff:0.11860170847186238, max_diff:0.7661882687836852, training_epochs:50, lr:0.05)
<_io.TextIOWrapper name='<stderr>' mode='w' encoding='utf-8'> node index is 51
train linear regression time:  0.046817416325211525
(average_diff:0.15364242711320797, max_diff:0.5961707414745476, training_epochs:50, lr:0.05)
<_io.TextIOWrapper name='<stderr>' mode='w' encoding='utf-8'> node index is 37
train linear regression time:  0.04986833408474922
(average_diff:0.190590804835328, max_diff:0.6364619681691768, training_epochs:50, lr:0.05)
<_io.TextIOWrapper name='<stderr>' mode='w' encoding='utf-8'> node index is 29
train linear regression time:  0.04743287479504943
(average_diff:0.1808675107940242, max_diff:0.704442986813767, training_epochs:50, lr:0.05)
<_io.TextIOWrapper name='<stderr>' mode='w' encoding='utf-8'> node index is 200
train linear regression time:  0.04777779197320342
<_io.TextIOWrapper name='<stderr>' mode='w' encoding='utf-8'> variance test passed, diff=0.02640475698927003, d = 0, back=0
<_io.TextIOWrapper name='<stderr>' mode='w' encoding='utf-8'> Will be split, p=0.02640475698927003, d=0, back=0
(average_diff:0.1826943538536034, max_diff:0.7097883906919065, training_epochs:50, lr:0.05)
<_io.TextIOWrapper name='<stderr>' mode='w' encoding='utf-8'> node index is 212
train linear regression time:  0.047143083065748215
(average_diff:0.028193910910839837, max_diff:0.04287195225174528, training_epochs:50, lr:0.05)
<_io.TextIOWrapper name='<stderr>' mode='w' encoding='utf-8'> node index is 213
train linear regression time:  0.046861416194587946
(average_diff:0.04250687496704551, max_diff:0.0687796839815758, training_epochs:50, lr:0.05)
<_io.TextIOWrapper name='<stderr>' mode='w' encoding='utf-8'> node index is 201
train linear regression time:  0.046951791271567345
(average_diff:0.0, max_diff:0.0, training_epochs:50, lr:0.05)
<_io.TextIOWrapper name='<stderr>' mode='w' encoding='utf-8'> node index is 193
train linear regression time:  0.04696329217404127
(average_diff:0.017688828419049212, max_diff:0.026804352010452503, training_epochs:50, lr:0.05)
<_io.TextIOWrapper name='<stderr>' mode='w' encoding='utf-8'> node index is 187
train linear regression time:  0.04688787506893277
(average_diff:0.022809274392184137, max_diff:0.03580451650437444, training_epochs:50, lr:0.05)
<_io.TextIOWrapper name='<stderr>' mode='w' encoding='utf-8'> node index is 179
train linear regression time:  0.04726000037044287
(average_diff:0.0, max_diff:0.0, training_epochs:50, lr:0.05)
<_io.TextIOWrapper name='<stderr>' mode='w' encoding='utf-8'> node index is 171
train linear regression time:  0.04964054189622402
(average_diff:5.551115123125783e-17, max_diff:5.551115123125783e-17, training_epochs:50, lr:0.05)
<_io.TextIOWrapper name='<stderr>' mode='w' encoding='utf-8'> node index is 161
train linear regression time:  0.04749770835042
(average_diff:0.15854580757378994, max_diff:0.7162154055313554, training_epochs:50, lr:0.05)
<_io.TextIOWrapper name='<stderr>' mode='w' encoding='utf-8'> node index is 202
train linear regression time:  0.0480086668394506
<_io.TextIOWrapper name='<stderr>' mode='w' encoding='utf-8'> variance test passed, diff=0.032380521400290616, d = 0, back=0
<_io.TextIOWrapper name='<stderr>' mode='w' encoding='utf-8'> variance test passed, diff=0.051856917577399866, d = 1, back=0
<_io.TextIOWrapper name='<stderr>' mode='w' encoding='utf-8'> variance test passed, diff=0.05703345232384617, d = 3, back=0
<_io.TextIOWrapper name='<stderr>' mode='w' encoding='utf-8'> Will be split, p=0.05703345232384617, d=3, back=0
(average_diff:0.1623716650276932, max_diff:0.7043786775259335, training_epochs:50, lr:0.05)
<_io.TextIOWrapper name='<stderr>' mode='w' encoding='utf-8'> node index is 214
train linear regression time:  0.047745749820023775
(average_diff:0.041224981590408216, max_diff:0.0846520862998591, training_epochs:50, lr:0.05)
<_io.TextIOWrapper name='<stderr>' mode='w' encoding='utf-8'> node index is 215
train linear regression time:  0.04702041717246175
(average_diff:0.026828124899307394, max_diff:0.05052535547699477, training_epochs:50, lr:0.05)
<_io.TextIOWrapper name='<stderr>' mode='w' encoding='utf-8'> node index is 203
train linear regression time:  0.04693312477320433
(average_diff:0.019719548754302263, max_diff:0.019913744050785054, training_epochs:50, lr:0.05)
<_io.TextIOWrapper name='<stderr>' mode='w' encoding='utf-8'> node index is 195
train linear regression time:  0.04766966728493571
(average_diff:0.0021754939410830823, max_diff:0.00337700082959394, training_epochs:50, lr:0.05)
<_io.TextIOWrapper name='<stderr>' mode='w' encoding='utf-8'> node index is 7
train linear regression time:  0.04709412483498454
(average_diff:0.10027972156965193, max_diff:0.2662594941567979, training_epochs:50, lr:0.05)
<_io.TextIOWrapper name='<stderr>' mode='w' encoding='utf-8'> node index is 5
train linear regression time:  0.0463464162312448
testFringe time:  5.0751954996958375
<_io.TextIOWrapper name='<stderr>' mode='w' encoding='utf-8'> =============== update finished ===============

*** Writing Game File 30***

<_io.TextIOWrapper name='../print_tree_record_numpy/print_DM_boost_linear_tree_split.txt' mode='w' encoding='UTF-8'> idx1(Q:0.4025, distinct_name:0, dictinctin_value:2.569683891588169, par:None)
	idx4(Q:0.4034, distinct_name:0, dictinctin_value:2.507749956207568, par:1)
		idx6(Q:0.4031, distinct_name:0, dictinctin_value:-0.050698982385153205, par:4)
			idx8(Q:0.4624, distinct_name:0, dictinctin_value:-0.5002368440471089, par:6)
				idx10(Q:0.5076, distinct_name:3, dictinctin_value:0.7373220788164561, par:8)
					idx12(Q:0.4827, distinct_name:1, dictinctin_value:0.8498558206992594, par:10)
						idx18(Q:0.4310, distinct_name:2, dictinctin_value:0.8559921607301466, par:12)
							idx24(Q:0.4278, distinct_name:0, dictinctin_value:-0.5901212893723445, par:18)
								idx30(Q:0.4358, distinct_name:2, dictinctin_value:0.5095422779981766, par:24)
									idx38(Q:0.4592, distinct_name:2, dictinctin_value:0.24909091887867726, par:30)
										idx44(Q:0.4923, distinct_name:2, dictinctin_value:-0.06052347242753761, par:38)
											idx54(Q:0.5348, distinct_name:2, dictinctin_value:-0.16873413911779458, par:44)
												idx62(Q:0.5634, distinct_name:2, dictinctin_value:-0.3117760123070312, par:54)
													idx70(Q:0.5974, distinct_name:2, dictinctin_value:-0.36929151673896154, par:62)
														idx76(Q:0.6250, distinct_name:2, dictinctin_value:-0.4513587540231024, par:70)
															idx82(Q:0.6631, distinct_name:2, dictinctin_value:-0.49926091712096626, par:76)
																idx90(Q:0.6780, distinct_name:2, dictinctin_value:-0.5261921216626007, par:82)
																	idx100(Q:0.6853, distinct_name:2, dictinctin_value:-0.5682634996789567, par:90)
																		idx110(Q:0.7038, distinct_name:2, dictinctin_value:-0.576514535000767, par:100)
																			idx120(Q:0.7113, par:110)
																			idx121(Q:0.4001, par:110)
																		idx111(Q:0.3486, par:100)
																	idx101(Q:0.3647, par:90)
																idx91(Q:0.3335, par:82)
															idx83(Q:0.2890, par:76)
														idx77(Q:0.2813, par:70)
													idx71(Q:0.2708, par:62)
												idx63(Q:0.2366, par:54)
											idx55(Q:0.2304, par:44)
										idx45(Q:0.2230, par:38)
									idx39(Q:0.2927, par:30)
								idx31(Q:0.3560, par:24)
							idx25(Q:0.4457, par:18)
						idx19(Q:0.7058, distinct_name:0, dictinctin_value:-0.5046072639210131, par:12)
							idx152(Q:0.7055, distinct_name:2, dictinctin_value:1.74305991171075, par:19)
								idx162(Q:0.6935, distinct_name:2, dictinctin_value:1.5651912903147052, par:152)
									idx172(Q:0.6783, distinct_name:2, dictinctin_value:1.0939968976733132, par:162)
										idx180(Q:0.6600, distinct_name:2, dictinctin_value:0.9064820637809338, par:172)
											idx188(Q:0.6525, distinct_name:2, dictinctin_value:0.8130327408821636, par:180)
												idx196(Q:0.6444, distinct_name:2, dictinctin_value:0.714578820015968, par:188)
													idx204(Q:0.6434, par:196)
													idx205(Q:0.6639, par:196)
												idx197(Q:0.8649, par:188)
											idx189(Q:0.8254, par:180)
										idx181(Q:0.9758, par:172)
									idx173(Q:1.0000, par:162)
								idx163(Q:1.0876, par:152)
							idx153(Q:0.7365, par:19)
					idx13(Q:0.5845, distinct_name:2, dictinctin_value:1.929601246827043, par:10)
						idx92(Q:0.5724, distinct_name:1, dictinctin_value:1.2557733390904973, par:13)
							idx102(Q:0.5428, distinct_name:2, dictinctin_value:1.4527612583425853, par:92)
								idx112(Q:0.5259, distinct_name:2, dictinctin_value:1.3531114404933846, par:102)
									idx122(Q:0.5248, distinct_name:2, dictinctin_value:1.0639310625609943, par:112)
										idx130(Q:0.5097, distinct_name:2, dictinctin_value:0.8759607452183222, par:122)
											idx136(Q:0.5040, distinct_name:2, dictinctin_value:0.6228991526328211, par:130)
												idx142(Q:0.4969, distinct_name:2, dictinctin_value:0.4885947458466264, par:136)
													idx146(Q:0.4862, distinct_name:1, dictinctin_value:1.1059975491047376, par:142)
														idx148(Q:0.4735, distinct_name:3, dictinctin_value:2.363964647313972, par:146)
															idx154(Q:0.4590, distinct_name:3, dictinctin_value:1.536573712246935, par:148)
																idx164(Q:0.4471, distinct_name:1, dictinctin_value:0.49075596239548774, par:154)
																	idx206(Q:0.4082, par:164)
																	idx207(Q:0.6635, par:164)
																idx165(Q:0.5525, par:154)
															idx155(Q:0.7499, par:148)
														idx149(Q:0.7386, par:146)
													idx147(Q:0.6098, par:142)
												idx143(Q:0.5990, par:136)
											idx137(Q:0.6196, par:130)
										idx131(Q:0.9177, par:122)
									idx123(Q:0.5602, par:112)
								idx113(Q:0.8714, par:102)
							idx103(Q:0.9520, par:92)
						idx93(Q:1.0289, par:13)
				idx11(Q:0.3808, distinct_name:3, dictinctin_value:1.284568987543642, par:8)
					idx32(Q:0.3598, distinct_name:3, dictinctin_value:0.5763111575206541, par:11)
						idx40(Q:0.3421, distinct_name:2, dictinctin_value:1.4159847670297276, par:32)
							idx46(Q:0.3339, distinct_name:2, dictinctin_value:0.8764611652526798, par:40)
								idx56(Q:0.3419, distinct_name:2, dictinctin_value:0.6776552612944613, par:46)
									idx64(Q:0.3486, distinct_name:0, dictinctin_value:-0.10007893227380851, par:56)
										idx72(Q:0.3467, distinct_name:2, dictinctin_value:0.481251420222257, par:64)
											idx78(Q:0.3591, distinct_name:2, dictinctin_value:0.43236682950932387, par:72)
												idx84(Q:0.3681, distinct_name:2, dictinctin_value:0.2322739018313544, par:78)
													idx94(Q:0.3925, distinct_name:2, dictinctin_value:0.1692901075380102, par:84)
														idx104(Q:0.4031, distinct_name:2, dictinctin_value:0.044622068949871425, par:94)
															idx114(Q:0.4240, distinct_name:2, dictinctin_value:-0.04421252452423217, par:104)
																idx124(Q:0.4499, distinct_name:2, dictinctin_value:-0.12551407150931976, par:114)
																	idx132(Q:0.4670, distinct_name:2, dictinctin_value:-0.16179863391045127, par:124)
																		idx138(Q:0.4782, distinct_name:2, dictinctin_value:-0.1987692173924826, par:132)
																			idx144(Q:0.4932, par:138)
																			idx145(Q:0.1407, par:138)
																		idx139(Q:0.1491, par:132)
																	idx133(Q:0.1385, par:124)
																idx125(Q:0.1173, par:114)
															idx115(Q:0.1854, par:104)
														idx105(Q:0.1501, par:94)
													idx95(Q:0.1343, par:84)
												idx85(Q:0.1706, par:78)
											idx79(Q:0.1946, par:72)
										idx73(Q:0.3682, par:64)
									idx65(Q:0.2537, par:56)
								idx57(Q:0.2814, par:46)
							idx47(Q:0.4106, par:40)
						idx41(Q:0.4264, par:32)
					idx33(Q:0.5599, par:11)
			idx9(Q:0.3486, distinct_name:1, dictinctin_value:1.4532912275447858, par:6)
				idx14(Q:0.3303, distinct_name:0, dictinctin_value:0.6708677617788001, par:9)
					idx16(Q:0.3449, distinct_name:0, dictinctin_value:0.5219929201544601, par:14)
						idx20(Q:0.3512, distinct_name:0, dictinctin_value:0.38200451643824146, par:16)
							idx26(Q:0.3609, distinct_name:0, dictinctin_value:0.29175973898130836, par:20)
								idx34(Q:0.3639, distinct_name:3, dictinctin_value:1.2405945003824483, par:26)
									idx42(Q:0.3299, distinct_name:2, dictinctin_value:1.6139678071673451, par:34)
										idx48(Q:0.3231, distinct_name:1, dictinctin_value:1.0148453699076618, par:42)
											idx58(Q:0.3093, distinct_name:2, dictinctin_value:0.8422101128546527, par:48)
												idx66(Q:0.3184, distinct_name:2, dictinctin_value:0.5718071591898053, par:58)
													idx74(Q:0.3288, distinct_name:2, dictinctin_value:0.3335199702259944, par:66)
														idx80(Q:0.3586, distinct_name:2, dictinctin_value:0.2585267021680285, par:74)
															idx86(Q:0.3670, distinct_name:2, dictinctin_value:0.13295569297273957, par:80)
																idx96(Q:0.3871, distinct_name:2, dictinctin_value:0.0933394603867821, par:86)
																	idx106(Q:0.3939, distinct_name:2, dictinctin_value:0.047951172568074005, par:96)
																		idx116(Q:0.4028, distinct_name:2, dictinctin_value:-0.0025517231675584334, par:106)
																			idx126(Q:0.4120, par:116)
																			idx127(Q:0.1213, par:116)
																		idx117(Q:0.1611, par:106)
																	idx107(Q:0.1127, par:96)
																idx97(Q:0.1267, par:86)
															idx87(Q:0.2061, par:80)
														idx81(Q:0.1509, par:74)
													idx75(Q:0.1897, par:66)
												idx67(Q:0.2587, par:58)
											idx59(Q:0.4575, par:48)
										idx49(Q:0.4418, par:42)
									idx43(Q:0.5587, par:34)
								idx35(Q:0.3487, par:26)
							idx27(Q:0.3146, distinct_name:2, dictinctin_value:1.5527241962490086, par:20)
								idx156(Q:0.3091, distinct_name:0, dictinctin_value:0.5137061072990365, par:27)
									idx166(Q:0.3097, distinct_name:0, dictinctin_value:0.5083060291160676, par:156)
										idx174(Q:0.3079, distinct_name:1, dictinctin_value:1.235555391656205, par:166)
											idx182(Q:0.3042, distinct_name:0, dictinctin_value:0.499318407708209, par:174)
												idx190(Q:0.3106, distinct_name:3, dictinctin_value:1.6437138459193195, par:182)
													idx198(Q:0.3040, distinct_name:0, dictinctin_value:0.4978828276393789, par:190)
														idx208(Q:0.3046, par:198)
														idx209(Q:0.2388, par:198)
													idx199(Q:0.5336, par:190)
												idx191(Q:0.2202, par:182)
											idx183(Q:0.5155, par:174)
										idx175(Q:0.3529, par:166)
									idx167(Q:0.2973, par:156)
								idx157(Q:0.6662, par:27)
						idx21(Q:0.3144, distinct_name:1, dictinctin_value:1.3201670622027022, par:16)
							idx150(Q:0.3126, distinct_name:1, dictinctin_value:1.2234607090751204, par:21)
								idx158(Q:0.3130, distinct_name:1, dictinctin_value:1.0226433736171432, par:150)
									idx168(Q:0.3060, distinct_name:0, dictinctin_value:0.6649352976939671, par:158)
										idx176(Q:0.3020, distinct_name:2, dictinctin_value:1.8028367177150562, par:168)
											idx184(Q:0.3018, distinct_name:3, dictinctin_value:1.321083281680176, par:176)
												idx210(Q:0.2798, par:184)
												idx211(Q:0.5471, par:184)
											idx185(Q:0.3046, par:176)
										idx177(Q:0.3982, par:168)
									idx169(Q:0.5219, par:158)
								idx159(Q:0.2851, par:150)
							idx151(Q:0.3921, par:21)
					idx17(Q:0.3152, distinct_name:3, dictinctin_value:0.8871619234739136, par:14)
						idx22(Q:0.2868, distinct_name:1, dictinctin_value:0.895274831679809, par:17)
							idx28(Q:0.2686, distinct_name:3, dictinctin_value:0.4147697243292515, par:22)
								idx36(Q:0.2602, distinct_name:3, dictinctin_value:-0.009439492879810042, par:28)
									idx50(Q:0.2566, distinct_name:0, dictinctin_value:2.3121117874404824, par:36)
										idx52(Q:0.2578, distinct_name:0, dictinctin_value:1.9483716250181808, par:50)
											idx60(Q:0.2618, distinct_name:3, dictinctin_value:-0.018025248765568658, par:52)
												idx68(Q:0.2705, distinct_name:2, dictinctin_value:0.8033765660185509, par:60)
													idx88(Q:0.2731, distinct_name:2, dictinctin_value:0.6003623148969123, par:68)
														idx98(Q:0.2815, distinct_name:2, dictinctin_value:0.5329635912790776, par:88)
															idx108(Q:0.2916, distinct_name:2, dictinctin_value:0.3621996786015208, par:98)
																idx118(Q:0.3042, distinct_name:3, dictinctin_value:-0.05260374571449391, par:108)
																	idx128(Q:0.3067, distinct_name:2, dictinctin_value:0.22149263805201816, par:118)
																		idx134(Q:0.3201, distinct_name:2, dictinctin_value:0.13324256965432388, par:128)
																			idx140(Q:0.3368, par:134)
																			idx141(Q:0.1330, par:134)
																		idx135(Q:0.1427, par:128)
																	idx129(Q:0.2323, par:118)
																idx119(Q:0.1510, par:108)
															idx109(Q:0.1594, par:98)
														idx99(Q:0.1749, par:88)
													idx89(Q:0.2602, par:68)
												idx69(Q:0.1890, par:60)
											idx61(Q:0.1727, par:52)
										idx53(Q:0.1842, par:50)
									idx51(Q:0.2740, par:36)
								idx37(Q:0.3109, par:28)
							idx29(Q:0.4062, par:22)
						idx23(Q:0.4594, distinct_name:0, dictinctin_value:2.1444723574903684, par:17)
							idx160(Q:0.4619, distinct_name:0, dictinctin_value:2.133798778100152, par:23)
								idx170(Q:0.4628, distinct_name:2, dictinctin_value:1.564504591409782, par:160)
									idx178(Q:0.4485, distinct_name:2, dictinctin_value:1.4113473869711974, par:170)
										idx186(Q:0.4383, distinct_name:0, dictinctin_value:2.1063540893171067, par:178)
											idx192(Q:0.4395, distinct_name:2, dictinctin_value:1.2195161175228741, par:186)
												idx200(Q:0.4361, distinct_name:0, dictinctin_value:1.9676721667093595, par:192)
													idx212(Q:0.4351, par:200)
													idx213(Q:0.4691, par:200)
												idx201(Q:0.5274, par:192)
											idx193(Q:0.3129, par:186)
										idx187(Q:0.8154, par:178)
									idx179(Q:0.8595, par:170)
								idx171(Q:0.3511, par:160)
							idx161(Q:0.1799, par:23)
				idx15(Q:0.5885, distinct_name:2, dictinctin_value:1.9938158806166744, par:9)
					idx194(Q:0.5805, distinct_name:3, dictinctin_value:2.0149638943737203, par:15)
						idx202(Q:0.5637, distinct_name:3, dictinctin_value:1.626087400144554, par:194)
							idx214(Q:0.5569, par:202)
							idx215(Q:0.7337, par:202)
						idx203(Q:0.9313, par:194)
					idx195(Q:1.0231, par:15)
		idx7(Q:0.5135, par:4)
	idx5(Q:0.2675, par:1)
.2675, par:1)
