WARNING:tensorflow:From /Users/keithwu/opt/anaconda3/envs/auction-gym/lib/python3.10/site-packages/tensorflow/python/compat/v2_compat.py:107: disable_resource_variables (from tensorflow.python.ops.variable_scope) is deprecated and will be removed in a future version.
Instructions for updating:
non-resource variables are not supported in the long term
<_io.TextIOWrapper name='<stderr>' mode='w' encoding='utf-8'> reading from ../UTree_model_numpy/DM/model_boost_linear_qsplit_noabs_save/, starting at 50
<_io.TextIOWrapper name='<stderr>' mode='w' encoding='utf-8'> =============== update starts ===============
(average_diff:0.0012526958242718804, max_diff:0.0023170921539786837, training_epochs:50, lr:0.05)
<_io.TextIOWrapper name='<stderr>' mode='w' encoding='utf-8'> node index is 111
train linear regression time:  0.052380332723259926
(average_diff:0.0009134990894571112, max_diff:0.0014844145728725722, training_epochs:50, lr:0.05)
<_io.TextIOWrapper name='<stderr>' mode='w' encoding='utf-8'> node index is 101
train linear regression time:  0.05022962484508753
(average_diff:0.0030905742604370005, max_diff:0.00956370004266105, training_epochs:50, lr:0.05)
<_io.TextIOWrapper name='<stderr>' mode='w' encoding='utf-8'> node index is 91
train linear regression time:  0.050023999996483326
(average_diff:0.014019277523287082, max_diff:0.15435956601840908, training_epochs:50, lr:0.05)
<_io.TextIOWrapper name='<stderr>' mode='w' encoding='utf-8'> node index is 83
train linear regression time:  0.051729667000472546
(average_diff:0.02162310866217626, max_diff:0.12719527598506764, training_epochs:50, lr:0.05)
<_io.TextIOWrapper name='<stderr>' mode='w' encoding='utf-8'> node index is 77
train linear regression time:  0.04969183309003711
(average_diff:0.04839199957871816, max_diff:0.2558587049458664, training_epochs:50, lr:0.05)
<_io.TextIOWrapper name='<stderr>' mode='w' encoding='utf-8'> node index is 71
train linear regression time:  0.0508282077498734
(average_diff:0.05302221366165595, max_diff:0.20213789988762193, training_epochs:50, lr:0.05)
<_io.TextIOWrapper name='<stderr>' mode='w' encoding='utf-8'> node index is 63
train linear regression time:  0.05014979187399149
(average_diff:0.07212638514069396, max_diff:0.2603827345799817, training_epochs:50, lr:0.05)
<_io.TextIOWrapper name='<stderr>' mode='w' encoding='utf-8'> node index is 55
train linear regression time:  0.05096220877021551
(average_diff:0.07209579543433586, max_diff:0.30787531037882077, training_epochs:50, lr:0.05)
<_io.TextIOWrapper name='<stderr>' mode='w' encoding='utf-8'> node index is 45
train linear regression time:  0.05009104125201702
(average_diff:0.07415533293387748, max_diff:0.36095603575616686, training_epochs:50, lr:0.05)
<_io.TextIOWrapper name='<stderr>' mode='w' encoding='utf-8'> node index is 426
train linear regression time:  0.05023508332669735
<_io.TextIOWrapper name='<stderr>' mode='w' encoding='utf-8'> variance test passed, diff=0.03777044673737228, d = 0, back=0
<_io.TextIOWrapper name='<stderr>' mode='w' encoding='utf-8'> variance test passed, diff=0.038893959056393236, d = 2, back=0
<_io.TextIOWrapper name='<stderr>' mode='w' encoding='utf-8'> Will be split, p=0.038893959056393236, d=2, back=0
(average_diff:0.07502376618764178, max_diff:0.36520146634580486, training_epochs:50, lr:0.05)
<_io.TextIOWrapper name='<stderr>' mode='w' encoding='utf-8'> node index is 432
train linear regression time:  0.05059908330440521
(average_diff:0.005635321383048356, max_diff:0.005774835584954008, training_epochs:50, lr:0.05)
<_io.TextIOWrapper name='<stderr>' mode='w' encoding='utf-8'> node index is 433
train linear regression time:  0.0487573747523129
(average_diff:0.0014543135485266534, max_diff:0.0014896270147263801, training_epochs:50, lr:0.05)
<_io.TextIOWrapper name='<stderr>' mode='w' encoding='utf-8'> node index is 427
train linear regression time:  0.050012582913041115
(average_diff:0.09873727694782983, max_diff:0.3272305941772831, training_epochs:50, lr:0.05)
<_io.TextIOWrapper name='<stderr>' mode='w' encoding='utf-8'> node index is 31
train linear regression time:  0.05012945784255862
(average_diff:0.00020521212437635272, max_diff:0.00021188727305621047, training_epochs:50, lr:0.05)
<_io.TextIOWrapper name='<stderr>' mode='w' encoding='utf-8'> node index is 369
train linear regression time:  0.04985991679131985
(average_diff:0.0065308366943022484, max_diff:0.010006577458286148, training_epochs:50, lr:0.05)
<_io.TextIOWrapper name='<stderr>' mode='w' encoding='utf-8'> node index is 355
train linear regression time:  0.049847125075757504
(average_diff:0.002210626178434113, max_diff:0.0031569983980931915, training_epochs:50, lr:0.05)
<_io.TextIOWrapper name='<stderr>' mode='w' encoding='utf-8'> node index is 341
train linear regression time:  0.049622458871454
(average_diff:0.010571028914014947, max_diff:0.0190955024711435, training_epochs:50, lr:0.05)
<_io.TextIOWrapper name='<stderr>' mode='w' encoding='utf-8'> node index is 329
train linear regression time:  0.04867504118010402
(average_diff:0.0072525119881651536, max_diff:0.014572819790867386, training_epochs:50, lr:0.05)
<_io.TextIOWrapper name='<stderr>' mode='w' encoding='utf-8'> node index is 317
train linear regression time:  0.05235362518578768
(average_diff:0.059255713586061895, max_diff:0.15148199932874507, training_epochs:50, lr:0.05)
<_io.TextIOWrapper name='<stderr>' mode='w' encoding='utf-8'> node index is 305
train linear regression time:  0.04814529186114669
(average_diff:0.0014565260182233045, max_diff:0.0015036299790453095, training_epochs:50, lr:0.05)
<_io.TextIOWrapper name='<stderr>' mode='w' encoding='utf-8'> node index is 289
train linear regression time:  0.051995042245835066
(average_diff:0.0085945360525306, max_diff:0.01683255534707062, training_epochs:50, lr:0.05)
<_io.TextIOWrapper name='<stderr>' mode='w' encoding='utf-8'> node index is 257
train linear regression time:  0.04886429104954004
(average_diff:0.06936809766619541, max_diff:0.12775763011206287, training_epochs:50, lr:0.05)
<_io.TextIOWrapper name='<stderr>' mode='w' encoding='utf-8'> node index is 243
train linear regression time:  0.049627709202468395
(average_diff:0.059301413864691094, max_diff:0.09032381225556788, training_epochs:50, lr:0.05)
<_io.TextIOWrapper name='<stderr>' mode='w' encoding='utf-8'> node index is 231
train linear regression time:  0.049008042085915804
(average_diff:0.06578908415172478, max_diff:0.10923342750761184, training_epochs:50, lr:0.05)
<_io.TextIOWrapper name='<stderr>' mode='w' encoding='utf-8'> node index is 217
train linear regression time:  0.051248792093247175
(average_diff:0.01076272027814269, max_diff:0.021094401979568467, training_epochs:50, lr:0.05)
<_io.TextIOWrapper name='<stderr>' mode='w' encoding='utf-8'> node index is 275
train linear regression time:  0.049650250002741814
(average_diff:0.008078362056823857, max_diff:0.016169980479012525, training_epochs:50, lr:0.05)
<_io.TextIOWrapper name='<stderr>' mode='w' encoding='utf-8'> node index is 259
train linear regression time:  0.050406415946781635
(average_diff:0.03415423857284755, max_diff:0.05785699242552189, training_epochs:50, lr:0.05)
<_io.TextIOWrapper name='<stderr>' mode='w' encoding='utf-8'> node index is 245
train linear regression time:  0.04968187492340803
(average_diff:0.026398160685785075, max_diff:0.05124139725374577, training_epochs:50, lr:0.05)
<_io.TextIOWrapper name='<stderr>' mode='w' encoding='utf-8'> node index is 233
train linear regression time:  0.050553249660879374
(average_diff:9.785902447101424e-06, max_diff:1.0914677668227846e-05, training_epochs:50, lr:0.05)
<_io.TextIOWrapper name='<stderr>' mode='w' encoding='utf-8'> node index is 219
train linear regression time:  0.04969391692429781
(average_diff:0.011838154222944966, max_diff:0.02400220895292393, training_epochs:50, lr:0.05)
<_io.TextIOWrapper name='<stderr>' mode='w' encoding='utf-8'> node index is 205
train linear regression time:  0.0495016248896718
(average_diff:0.003888970081541676, max_diff:0.009044767239630769, training_epochs:50, lr:0.05)
<_io.TextIOWrapper name='<stderr>' mode='w' encoding='utf-8'> node index is 197
train linear regression time:  0.04976024990901351
(average_diff:0.035286971031891656, max_diff:0.06942709185264129, training_epochs:50, lr:0.05)
<_io.TextIOWrapper name='<stderr>' mode='w' encoding='utf-8'> node index is 189
train linear regression time:  0.049507999792695045
(average_diff:0.020554167789857185, max_diff:0.043252072768815375, training_epochs:50, lr:0.05)
<_io.TextIOWrapper name='<stderr>' mode='w' encoding='utf-8'> node index is 181
train linear regression time:  0.04984895884990692
(average_diff:0.028766832556210445, max_diff:0.07680071728571325, training_epochs:50, lr:0.05)
<_io.TextIOWrapper name='<stderr>' mode='w' encoding='utf-8'> node index is 173
train linear regression time:  0.04980891617015004
(average_diff:0.028395012023941475, max_diff:0.04745005357387022, training_epochs:50, lr:0.05)
<_io.TextIOWrapper name='<stderr>' mode='w' encoding='utf-8'> node index is 163
train linear regression time:  0.049599708057940006
(average_diff:0.0, max_diff:0.0, training_epochs:50, lr:0.05)
<_io.TextIOWrapper name='<stderr>' mode='w' encoding='utf-8'> node index is 153
train linear regression time:  0.049777708016335964
(average_diff:0.036379696585565766, max_diff:0.06471761763844308, training_epochs:50, lr:0.05)
<_io.TextIOWrapper name='<stderr>' mode='w' encoding='utf-8'> node index is 221
train linear regression time:  0.04916037525981665
(average_diff:0.11191922701504095, max_diff:0.27398444451649495, training_epochs:50, lr:0.05)
<_io.TextIOWrapper name='<stderr>' mode='w' encoding='utf-8'> node index is 207
train linear regression time:  0.049887582659721375
(average_diff:0.14588063441755422, max_diff:0.36892673232346707, training_epochs:50, lr:0.05)
<_io.TextIOWrapper name='<stderr>' mode='w' encoding='utf-8'> node index is 165
train linear regression time:  0.05160254193469882
(average_diff:0.06328425094778638, max_diff:0.15835167291821184, training_epochs:50, lr:0.05)
<_io.TextIOWrapper name='<stderr>' mode='w' encoding='utf-8'> node index is 155
train linear regression time:  0.049676625058054924
(average_diff:0.13060930208098698, max_diff:0.21016517371435717, training_epochs:50, lr:0.05)
<_io.TextIOWrapper name='<stderr>' mode='w' encoding='utf-8'> node index is 149
train linear regression time:  0.05003512464463711
(average_diff:0.042630938592609476, max_diff:0.16675215770559879, training_epochs:50, lr:0.05)
<_io.TextIOWrapper name='<stderr>' mode='w' encoding='utf-8'> node index is 147
train linear regression time:  0.04994012461975217
(average_diff:0.05675306773549363, max_diff:0.1303050092006124, training_epochs:50, lr:0.05)
<_io.TextIOWrapper name='<stderr>' mode='w' encoding='utf-8'> node index is 143
train linear regression time:  0.04996350035071373
(average_diff:0.030714861482590203, max_diff:0.07257607357839135, training_epochs:50, lr:0.05)
<_io.TextIOWrapper name='<stderr>' mode='w' encoding='utf-8'> node index is 137
train linear regression time:  0.05002699978649616
(average_diff:0.04623538192671509, max_diff:0.13798802753885064, training_epochs:50, lr:0.05)
<_io.TextIOWrapper name='<stderr>' mode='w' encoding='utf-8'> node index is 131
train linear regression time:  0.04968474991619587
(average_diff:0.03229711025804671, max_diff:0.07060268646473833, training_epochs:50, lr:0.05)
<_io.TextIOWrapper name='<stderr>' mode='w' encoding='utf-8'> node index is 123
train linear regression time:  0.04977079201489687
(average_diff:0.03358982623208337, max_diff:0.10699473246835262, training_epochs:50, lr:0.05)
<_io.TextIOWrapper name='<stderr>' mode='w' encoding='utf-8'> node index is 113
train linear regression time:  0.049783042166382074
(average_diff:0.06777859681088991, max_diff:0.2848652072162863, training_epochs:50, lr:0.05)
<_io.TextIOWrapper name='<stderr>' mode='w' encoding='utf-8'> node index is 103
train linear regression time:  0.04970216704532504
(average_diff:0.060001897732506436, max_diff:0.10973774436569139, training_epochs:50, lr:0.05)
<_io.TextIOWrapper name='<stderr>' mode='w' encoding='utf-8'> node index is 93
train linear regression time:  0.049718666821718216
(average_diff:0.01756051105104866, max_diff:0.03501238461080694, training_epochs:50, lr:0.05)
<_io.TextIOWrapper name='<stderr>' mode='w' encoding='utf-8'> node index is 139
train linear regression time:  0.04967108415439725
(average_diff:0.05245690618368976, max_diff:0.18632322394502376, training_epochs:50, lr:0.05)
<_io.TextIOWrapper name='<stderr>' mode='w' encoding='utf-8'> node index is 133
train linear regression time:  0.049549249932169914
(average_diff:0.027539997102231654, max_diff:0.08434444771303903, training_epochs:50, lr:0.05)
<_io.TextIOWrapper name='<stderr>' mode='w' encoding='utf-8'> node index is 125
train linear regression time:  0.049728583078831434
(average_diff:0.06397881551664955, max_diff:0.23543422434338462, training_epochs:50, lr:0.05)
<_io.TextIOWrapper name='<stderr>' mode='w' encoding='utf-8'> node index is 115
train linear regression time:  0.049584874883294106
(average_diff:0.057030338843896536, max_diff:0.20999712442928192, training_epochs:50, lr:0.05)
<_io.TextIOWrapper name='<stderr>' mode='w' encoding='utf-8'> node index is 105
train linear regression time:  0.050083208829164505
(average_diff:0.04552797849600036, max_diff:0.17713962207443057, training_epochs:50, lr:0.05)
<_io.TextIOWrapper name='<stderr>' mode='w' encoding='utf-8'> node index is 95
train linear regression time:  0.05004645884037018
(average_diff:0.06379125618161098, max_diff:0.11549437996288922, training_epochs:50, lr:0.05)
<_io.TextIOWrapper name='<stderr>' mode='w' encoding='utf-8'> node index is 85
train linear regression time:  0.04985295794904232
(average_diff:0.0674634368543187, max_diff:0.2346715318897325, training_epochs:50, lr:0.05)
<_io.TextIOWrapper name='<stderr>' mode='w' encoding='utf-8'> node index is 79
train linear regression time:  0.050115040969103575
(average_diff:0.1082183941701098, max_diff:0.430408926981657, training_epochs:50, lr:0.05)
<_io.TextIOWrapper name='<stderr>' mode='w' encoding='utf-8'> node index is 73
train linear regression time:  0.05037458334118128
(average_diff:0.08980961711033086, max_diff:0.3588292622576439, training_epochs:50, lr:0.05)
<_io.TextIOWrapper name='<stderr>' mode='w' encoding='utf-8'> node index is 65
train linear regression time:  0.05027837539091706
(average_diff:0.08578121880513441, max_diff:0.45361162199089944, training_epochs:50, lr:0.05)
<_io.TextIOWrapper name='<stderr>' mode='w' encoding='utf-8'> node index is 57
train linear regression time:  0.05156920896843076
(average_diff:0.08596718396981642, max_diff:0.5521122368294715, training_epochs:50, lr:0.05)
<_io.TextIOWrapper name='<stderr>' mode='w' encoding='utf-8'> node index is 47
train linear regression time:  0.04997166711837053
(average_diff:0.0, max_diff:0.0, training_epochs:50, lr:0.05)
<_io.TextIOWrapper name='<stderr>' mode='w' encoding='utf-8'> node index is 397
train linear regression time:  0.049260042142122984
(average_diff:0.1425244020316347, max_diff:0.2148390161451172, training_epochs:50, lr:0.05)
<_io.TextIOWrapper name='<stderr>' mode='w' encoding='utf-8'> node index is 383
train linear regression time:  0.0495403753593564
(average_diff:1.1102230246251565e-16, max_diff:1.1102230246251565e-16, training_epochs:50, lr:0.05)
<_io.TextIOWrapper name='<stderr>' mode='w' encoding='utf-8'> node index is 371
train linear regression time:  0.05009629111737013
(average_diff:0.10149474186095826, max_diff:0.1828730138167356, training_epochs:50, lr:0.05)
<_io.TextIOWrapper name='<stderr>' mode='w' encoding='utf-8'> node index is 357
train linear regression time:  0.05044350028038025
(average_diff:0.11324309198860259, max_diff:0.24741204310096565, training_epochs:50, lr:0.05)
<_io.TextIOWrapper name='<stderr>' mode='w' encoding='utf-8'> node index is 343
train linear regression time:  0.049130292143672705
(average_diff:8.506264388974394e-07, max_diff:1.0028957906360603e-06, training_epochs:50, lr:0.05)
<_io.TextIOWrapper name='<stderr>' mode='w' encoding='utf-8'> node index is 331
train linear regression time:  0.051207167096436024
(average_diff:0.016578594511464966, max_diff:0.024594968408172324, training_epochs:50, lr:0.05)
<_io.TextIOWrapper name='<stderr>' mode='w' encoding='utf-8'> node index is 319
train linear regression time:  0.05101425014436245
(average_diff:0.1712299874273048, max_diff:0.35612822485102247, training_epochs:50, lr:0.05)
<_io.TextIOWrapper name='<stderr>' mode='w' encoding='utf-8'> node index is 307
train linear regression time:  0.05002612480893731(average_diff:7.798181470730636e-06, max_diff:7.979709188532524e-06, training_epochs:50, lr:0.05)
<_io.TextIOWrapper name='<stderr>' mode='w' encoding='utf-8'> node index is 293
train linear regression time:  0.05044024996459484
(average_diff:0.00027672773349962654, max_diff:0.0002982000976707866, training_epochs:50, lr:0.05)
<_io.TextIOWrapper name='<stderr>' mode='w' encoding='utf-8'> node index is 277
train linear regression time:  0.050717833917587996
(average_diff:0.00042056846078256105, max_diff:0.0005780598305341056, training_epochs:50, lr:0.05)
<_io.TextIOWrapper name='<stderr>' mode='w' encoding='utf-8'> node index is 261
train linear regression time:  0.04961945815011859
(average_diff:0.009047522559612498, max_diff:0.017818041553878783, training_epochs:50, lr:0.05)
<_io.TextIOWrapper name='<stderr>' mode='w' encoding='utf-8'> node index is 247
train linear regression time:  0.04979329137131572
(average_diff:0.16871687000672878, max_diff:0.8465325493633975, training_epochs:50, lr:0.05)
<_io.TextIOWrapper name='<stderr>' mode='w' encoding='utf-8'> node index is 33
train linear regression time:  0.050739750266075134
(average_diff:0.026264035105977235, max_diff:0.044634419602919195, training_epochs:50, lr:0.05)
<_io.TextIOWrapper name='<stderr>' mode='w' encoding='utf-8'> node index is 117
train linear regression time:  0.050615624990314245
(average_diff:0.023060763817536377, max_diff:0.05580297975390976, training_epochs:50, lr:0.05)
<_io.TextIOWrapper name='<stderr>' mode='w' encoding='utf-8'> node index is 107
train linear regression time:  0.04989095777273178
(average_diff:0.03858177421422241, max_diff:0.13793915748325147, training_epochs:50, lr:0.05)
<_io.TextIOWrapper name='<stderr>' mode='w' encoding='utf-8'> node index is 97
train linear regression time:  0.05024054180830717
(average_diff:0.06362450409851132, max_diff:0.14955618543565807, training_epochs:50, lr:0.05)
<_io.TextIOWrapper name='<stderr>' mode='w' encoding='utf-8'> node index is 87
train linear regression time:  0.05064533371478319
(average_diff:0.06036364885466389, max_diff:0.34690060254622046, training_epochs:50, lr:0.05)
<_io.TextIOWrapper name='<stderr>' mode='w' encoding='utf-8'> node index is 81
train linear regression time:  0.05140958400443196
(average_diff:0.07774708327518774, max_diff:0.2398553481768967, training_epochs:50, lr:0.05)
<_io.TextIOWrapper name='<stderr>' mode='w' encoding='utf-8'> node index is 75
train linear regression time:  0.05069125024601817
(average_diff:0.0900626768409957, max_diff:0.27306918344017606, training_epochs:50, lr:0.05)
<_io.TextIOWrapper name='<stderr>' mode='w' encoding='utf-8'> node index is 67
train linear regression time:  0.049528750125318766
(average_diff:0.15935710909548265, max_diff:0.4641541234855504, training_epochs:50, lr:0.05)
<_io.TextIOWrapper name='<stderr>' mode='w' encoding='utf-8'> node index is 59
train linear regression time:  0.05221075005829334
(average_diff:0.113053845142987, max_diff:0.2728788036239964, training_epochs:50, lr:0.05)
<_io.TextIOWrapper name='<stderr>' mode='w' encoding='utf-8'> node index is 49
train linear regression time:  0.0499567911028862
(average_diff:0.177000184603495, max_diff:0.6660819187474651, training_epochs:50, lr:0.05)
<_io.TextIOWrapper name='<stderr>' mode='w' encoding='utf-8'> node index is 43
train linear regression time:  0.050254249945282936
(average_diff:0.0007756330463208339, max_diff:0.0008630386790255962, training_epochs:50, lr:0.05)
<_io.TextIOWrapper name='<stderr>' mode='w' encoding='utf-8'> node index is 385
train linear regression time:  0.05023245792835951
(average_diff:0.0030112292886824987, max_diff:0.004174874153521024, training_epochs:50, lr:0.05)
<_io.TextIOWrapper name='<stderr>' mode='w' encoding='utf-8'> node index is 373
train linear regression time:  0.04976791609078646
(average_diff:0.0, max_diff:0.0, training_epochs:50, lr:0.05)
<_io.TextIOWrapper name='<stderr>' mode='w' encoding='utf-8'> node index is 359
train linear regression time:  0.04954104218631983
(average_diff:0.0678364546702503, max_diff:0.13791765411142992, training_epochs:50, lr:0.05)
<_io.TextIOWrapper name='<stderr>' mode='w' encoding='utf-8'> node index is 345
train linear regression time:  0.04989037476480007
(average_diff:0.05747774078530786, max_diff:0.09616908751870326, training_epochs:50, lr:0.05)
<_io.TextIOWrapper name='<stderr>' mode='w' encoding='utf-8'> node index is 321
train linear regression time:  0.04963779170066118
(average_diff:0.06335064376569884, max_diff:0.16150101263760702, training_epochs:50, lr:0.05)
<_io.TextIOWrapper name='<stderr>' mode='w' encoding='utf-8'> node index is 295
train linear regression time:  0.04967541713267565
(average_diff:0.008122846832941844, max_diff:0.016201157293151358, training_epochs:50, lr:0.05)
<_io.TextIOWrapper name='<stderr>' mode='w' encoding='utf-8'> node index is 279
train linear regression time:  0.049460040871053934
(average_diff:1.3877787807814457e-17, max_diff:2.7755575615628914e-17, training_epochs:50, lr:0.05)
<_io.TextIOWrapper name='<stderr>' mode='w' encoding='utf-8'> node index is 263
train linear regression time:  0.048446625005453825
(average_diff:0.021649658701851326, max_diff:0.03758479851261387, training_epochs:50, lr:0.05)
<_io.TextIOWrapper name='<stderr>' mode='w' encoding='utf-8'> node index is 249
train linear regression time:  0.05147275002673268
(average_diff:0.0, max_diff:0.0, training_epochs:50, lr:0.05)
<_io.TextIOWrapper name='<stderr>' mode='w' encoding='utf-8'> node index is 237
train linear regression time:  0.04974962491542101
(average_diff:0.005632189830716322, max_diff:0.008708723246616784, training_epochs:50, lr:0.05)
<_io.TextIOWrapper name='<stderr>' mode='w' encoding='utf-8'> node index is 265
train linear regression time:  0.04952433379366994
(average_diff:0.0, max_diff:0.0, training_epochs:50, lr:0.05)
<_io.TextIOWrapper name='<stderr>' mode='w' encoding='utf-8'> node index is 251
train linear regression time:  0.04946266673505306
(average_diff:0.04910772742520454, max_diff:0.12538766378722527, training_epochs:50, lr:0.05)
<_io.TextIOWrapper name='<stderr>' mode='w' encoding='utf-8'> node index is 239
train linear regression time:  0.05164195830002427
(average_diff:0.09378027630862563, max_diff:0.19602682293329388, training_epochs:50, lr:0.05)
<_io.TextIOWrapper name='<stderr>' mode='w' encoding='utf-8'> node index is 223
train linear regression time:  0.05014483304694295
(average_diff:0.01624769856451033, max_diff:0.029199658113442162, training_epochs:50, lr:0.05)
<_io.TextIOWrapper name='<stderr>' mode='w' encoding='utf-8'> node index is 209
train linear regression time:  0.04985987488180399
(average_diff:3.641434501544527e-06, max_diff:5.531214624987513e-06, training_epochs:50, lr:0.05)
<_io.TextIOWrapper name='<stderr>' mode='w' encoding='utf-8'> node index is 199
train linear regression time:  0.05118820769712329
(average_diff:0.0743615766043206, max_diff:0.1438045210453439, training_epochs:50, lr:0.05)
<_io.TextIOWrapper name='<stderr>' mode='w' encoding='utf-8'> node index is 191
train linear regression time:  0.049037333112210035
(average_diff:0.1341188278199521, max_diff:0.23680606571454127, training_epochs:50, lr:0.05)
<_io.TextIOWrapper name='<stderr>' mode='w' encoding='utf-8'> node index is 183
train linear regression time:  0.04911537514999509
(average_diff:0.0753005736033684, max_diff:0.18564420084483363, training_epochs:50, lr:0.05)
<_io.TextIOWrapper name='<stderr>' mode='w' encoding='utf-8'> node index is 175
train linear regression time:  0.051595000084489584
(average_diff:0.08672660623418237, max_diff:0.19620891246000854, training_epochs:50, lr:0.05)
<_io.TextIOWrapper name='<stderr>' mode='w' encoding='utf-8'> node index is 167
train linear regression time:  0.04992441600188613
(average_diff:0.05427389612090485, max_diff:0.15658851993686385, training_epochs:50, lr:0.05)
<_io.TextIOWrapper name='<stderr>' mode='w' encoding='utf-8'> node index is 157
train linear regression time:  0.04935083398595452
(average_diff:0.0, max_diff:0.0, training_epochs:50, lr:0.05)
<_io.TextIOWrapper name='<stderr>' mode='w' encoding='utf-8'> node index is 3train linear regression time:  0.04976766696199775
(average_diff:0.0, max_diff:0.0, training_epochs:50, lr:0.05)
<_io.TextIOWrapper name='<stderr>' mode='w' encoding='utf-8'> node index is 309
train linear regression time:  0.049879665952175856
(average_diff:0.07181767476260831, max_diff:0.1240649950411595, training_epochs:50, lr:0.05)
<_io.TextIOWrapper name='<stderr>' mode='w' encoding='utf-8'> node index is 297
train linear regression time:  0.049742958042770624
(average_diff:0.025213291782358673, max_diff:0.0694762234403705, training_epochs:50, lr:0.05)
<_io.TextIOWrapper name='<stderr>' mode='w' encoding='utf-8'> node index is 283
train linear regression time:  0.049823290668427944
(average_diff:0.05518729206079752, max_diff:0.1470643783068249, training_epochs:50, lr:0.05)
<_io.TextIOWrapper name='<stderr>' mode='w' encoding='utf-8'> node index is 267
train linear regression time:  0.04828495904803276
(average_diff:0.12225700591223906, max_diff:0.31044902546337116, training_epochs:50, lr:0.05)
<_io.TextIOWrapper name='<stderr>' mode='w' encoding='utf-8'> node index is 225
train linear regression time:  0.051596374716609716
(average_diff:0.23373764457269133, max_diff:0.44796504176616686, training_epochs:50, lr:0.05)
<_io.TextIOWrapper name='<stderr>' mode='w' encoding='utf-8'> node index is 211
train linear regression time:  0.04993083281442523
(average_diff:0.1338139158533183, max_diff:0.22823123559871805, training_epochs:50, lr:0.05)
<_io.TextIOWrapper name='<stderr>' mode='w' encoding='utf-8'> node index is 185
train linear regression time:  0.04978566663339734
(average_diff:0.16202230208220428, max_diff:0.45301039256302017, training_epochs:50, lr:0.05)
<_io.TextIOWrapper name='<stderr>' mode='w' encoding='utf-8'> node index is 177
train linear regression time:  0.04778504138812423
(average_diff:0.17955784756422596, max_diff:0.429684596578185, training_epochs:50, lr:0.05)
<_io.TextIOWrapper name='<stderr>' mode='w' encoding='utf-8'> node index is 169
train linear regression time:  0.05177091574296355
(average_diff:0.0, max_diff:0.0, training_epochs:50, lr:0.05)
<_io.TextIOWrapper name='<stderr>' mode='w' encoding='utf-8'> node index is 159
train linear regression time:  0.04974074987694621
(average_diff:0.1318001565215579, max_diff:0.24935134897207448, training_epochs:50, lr:0.05)
<_io.TextIOWrapper name='<stderr>' mode='w' encoding='utf-8'> node index is 151
train linear regression time:  0.049300208222121
(average_diff:0.03319313454655747, max_diff:0.0795433311145299, training_epochs:50, lr:0.05)
<_io.TextIOWrapper name='<stderr>' mode='w' encoding='utf-8'> node index is 135
train linear regression time:  0.0518954168073833
(average_diff:0.04543041605942072, max_diff:0.11247289496389473, training_epochs:50, lr:0.05)
<_io.TextIOWrapper name='<stderr>' mode='w' encoding='utf-8'> node index is 129
train linear regression time:  0.049773457925766706
(average_diff:0.03324290701968442, max_diff:0.09687804341439732, training_epochs:50, lr:0.05)
<_io.TextIOWrapper name='<stderr>' mode='w' encoding='utf-8'> node index is 119
train linear regression time:  0.04923312505707145
(average_diff:0.04223696566493948, max_diff:0.10518495002767048, training_epochs:50, lr:0.05)
<_io.TextIOWrapper name='<stderr>' mode='w' encoding='utf-8'> node index is 109
train linear regression time:  0.04920474998652935
(average_diff:0.044340015829138345, max_diff:0.1630977213558104, training_epochs:50, lr:0.05)
<_io.TextIOWrapper name='<stderr>' mode='w' encoding='utf-8'> node index is 99
train linear regression time:  0.05222829198464751
(average_diff:0.07955436125174453, max_diff:0.34463340311845625, training_epochs:50, lr:0.05)
<_io.TextIOWrapper name='<stderr>' mode='w' encoding='utf-8'> node index is 428
train linear regression time:  0.050438415724784136
<_io.TextIOWrapper name='<stderr>' mode='w' encoding='utf-8'> variance test passed, diff=0.0270655157514271, d = 0, back=0
<_io.TextIOWrapper name='<stderr>' mode='w' encoding='utf-8'> Will be split, p=0.0270655157514271, d=0, back=0
(average_diff:0.07965140991692678, max_diff:0.34274938173673675, training_epochs:50, lr:0.05)
<_io.TextIOWrapper name='<stderr>' mode='w' encoding='utf-8'> node index is 434
train linear regression time:  0.04965083301067352
(average_diff:0.03180126067320143, max_diff:0.04793130744842827, training_epochs:50, lr:0.05)
<_io.TextIOWrapper name='<stderr>' mode='w' encoding='utf-8'> node index is 435
train linear regression time:  0.05650904215872288
(average_diff:0.0, max_diff:0.0, training_epochs:50, lr:0.05)
<_io.TextIOWrapper name='<stderr>' mode='w' encoding='utf-8'> node index is 429
train linear regression time:  0.05097537487745285
(average_diff:0.03064746702852907, max_diff:0.04576283952129198, training_epochs:50, lr:0.05)
<_io.TextIOWrapper name='<stderr>' mode='w' encoding='utf-8'> node index is 421
train linear regression time:  0.051904458086937666
(average_diff:0.004146974706877852, max_diff:0.062033717883435924, training_epochs:50, lr:0.05)
<_io.TextIOWrapper name='<stderr>' mode='w' encoding='utf-8'> node index is 69
train linear regression time:  0.049361334182322025
(average_diff:0.0709879964001249, max_diff:0.21087314963292259, training_epochs:50, lr:0.05)
<_io.TextIOWrapper name='<stderr>' mode='w' encoding='utf-8'> node index is 61
train linear regression time:  0.050630749668926
(average_diff:0.026476549171259682, max_diff:0.06383874666326114, training_epochs:50, lr:0.05)
<_io.TextIOWrapper name='<stderr>' mode='w' encoding='utf-8'> node index is 53
train linear regression time:  0.05129912495613098
(average_diff:0.013911420240398311, max_diff:0.021104504694931997, training_epochs:50, lr:0.05)
<_io.TextIOWrapper name='<stderr>' mode='w' encoding='utf-8'> node index is 401
train linear regression time:  0.05236812541261315
(average_diff:2.7755575615628914e-17, max_diff:2.7755575615628914e-17, training_epochs:50, lr:0.05)
<_io.TextIOWrapper name='<stderr>' mode='w' encoding='utf-8'> node index is 387
train linear regression time:  0.04965758277103305
(average_diff:0.009346169066532982, max_diff:0.017196700685232214, training_epochs:50, lr:0.05)
<_io.TextIOWrapper name='<stderr>' mode='w' encoding='utf-8'> node index is 375
train linear regression time:  0.04950295761227608
(average_diff:0.010533422812856186, max_diff:0.011045715529555689, training_epochs:50, lr:0.05)
<_io.TextIOWrapper name='<stderr>' mode='w' encoding='utf-8'> node index is 361
train linear regression time:  0.049459250178188086
(average_diff:0.0391739567136159, max_diff:0.10390859898579399, training_epochs:50, lr:0.05)
<_io.TextIOWrapper name='<stderr>' mode='w' encoding='utf-8'> node index is 347
train linear regression time:  0.05204075016081333
(average_diff:0.05980661644784646, max_diff:0.12890393097655245, training_epochs:50, lr:0.05)
<_io.TextIOWrapper name='<stderr>' mode='w' encoding='utf-8'> node index is 311
train linear regression time:  0.05004362529143691
(average_diff:0.013678741171151523, max_diff:0.03142437473309562, training_epochs:50, lr:0.05)
<_io.TextIOWrapper name='<stderr>' mode='w' encoding='utf-8'> node index is 299
train linear regression time:  0.04992079176008701
(average_diff:0.14829371959017096, max_diff:0.3659632823824023, training_epochs:50, lr:0.05)
<_io.TextIOWrapper name='<stderr>' mode='w' encoding='utf-8'> node index is 285
train linear regression time:  0.0486696669831872
(average_diff:0.004278699468466415, max_diff:0.007131311174079613, training_epochs:50, lr:0.05)
<_io.TextIOWrapper name='<stderr>' mode='w' encoding='utf-8'> node index is 269
train linear regression time:  0.04956837510690093
(average_diff:0.01306624766600678, max_diff:0.013509076875068193, training_epochs:50, lr:0.05)
<_io.TextIOWrapper name='<stderr>' mode='w' encoding='utf-8'> node index is 415
train linear regression time:  0.04950737487524748
(average_diff:0.00959495559089378, max_diff:0.0096661642547895, training_epochs:50, lr:0.05)
<_io.TextIOWrapper name='<stderr>' mode='w' encoding='utf-8'> node index is 411
train linear regression time:  0.04874299978837371
(average_diff:0.0006695103204389791, max_diff:0.0007223443120140116, training_epochs:50, lr:0.05<_<_io.TextIOWrapper name='<stderr>' mode='w' encoding='utf-8'> node index is 403
train linear regression time:  0.051456083077937365
(average_diff:0.0007844452367937182, max_diff:0.0011868067194504561, training_epochs:50, lr:0.05)
<_io.TextIOWrapper name='<stderr>' mode='w' encoding='utf-8'> node index is 389
train linear regression time:  0.049252250231802464
(average_diff:0.02663842152947384, max_diff:0.04228281960839919, training_epochs:50, lr:0.05)
<_io.TextIOWrapper name='<stderr>' mode='w' encoding='utf-8'> node index is 377
train linear regression time:  0.060176124796271324
(average_diff:0.00027146984778758654, max_diff:0.00027919731326470076, training_epochs:50, lr:0.05)
<_io.TextIOWrapper name='<stderr>' mode='w' encoding='utf-8'> node index is 363
train linear regression time:  0.05046829208731651
(average_diff:0.0, max_diff:0.0, training_epochs:50, lr:0.05)
<_io.TextIOWrapper name='<stderr>' mode='w' encoding='utf-8'> node index is 349
train linear regression time:  0.04978050012141466
(average_diff:0.04450449148450261, max_diff:0.08973633224516023, training_epochs:50, lr:0.05)
<_io.TextIOWrapper name='<stderr>' mode='w' encoding='utf-8'> node index is 335
train linear regression time:  0.0517941671423614
(average_diff:0.012680080015928685, max_diff:0.01892160273294452, training_epochs:50, lr:0.05)
<_io.TextIOWrapper name='<stderr>' mode='w' encoding='utf-8'> node index is 325
train linear regression time:  0.050644833128899336
(average_diff:0.06913370403856808, max_diff:0.22164149111976228, training_epochs:50, lr:0.05)
<_io.TextIOWrapper name='<stderr>' mode='w' encoding='utf-8'> node index is 313
train linear regression time:  0.04988199984654784
(average_diff:0.161462120289603, max_diff:0.4706628996503798, training_epochs:50, lr:0.05)
<_io.TextIOWrapper name='<stderr>' mode='w' encoding='utf-8'> node index is 430
train linear regression time:  0.05035416688770056
(average_diff:0.0845495374825162, max_diff:0.12901171768848885, training_epochs:50, lr:0.05)
<_io.TextIOWrapper name='<stderr>' mode='w' encoding='utf-8'> node index is 431
train linear regression time:  0.0495327920652926
(average_diff:0.0, max_diff:0.0, training_epochs:50, lr:0.05)
<_io.TextIOWrapper name='<stderr>' mode='w' encoding='utf-8'> node index is 425
train linear regression time:  0.04972862498834729
(average_diff:0.0010443499467604478, max_diff:0.001078296168097237, training_epochs:50, lr:0.05)
<_io.TextIOWrapper name='<stderr>' mode='w' encoding='utf-8'> node index is 419
train linear regression time:  0.049241458997130394
(average_diff:1.5168206428939346e-06, max_diff:1.6530237794132319e-06, training_epochs:50, lr:0.05)
<_io.TextIOWrapper name='<stderr>' mode='w' encoding='utf-8'> node index is 413
train linear regression time:  0.04914491716772318
(average_diff:0.006605663905282666, max_diff:0.006626519607037751, training_epochs:50, lr:0.05)
<_io.TextIOWrapper name='<stderr>' mode='w' encoding='utf-8'> node index is 405
train linear regression time:  0.050085249822586775
(average_diff:0.0, max_diff:0.0, training_epochs:50, lr:0.05)
<_io.TextIOWrapper name='<stderr>' mode='w' encoding='utf-8'> node index is 391
train linear regression time:  0.049040417186915874
(average_diff:0.0005484471034839511, max_diff:0.0005540556713040656, training_epochs:50, lr:0.05)
<_io.TextIOWrapper name='<stderr>' mode='w' encoding='utf-8'> node index is 379
train linear regression time:  0.04963641660287976
(average_diff:0.039106431596575814, max_diff:0.10029389381690645, training_epochs:50, lr:0.05)
<_io.TextIOWrapper name='<stderr>' mode='w' encoding='utf-8'> node index is 365
train linear regression time:  0.04875087505206466
(average_diff:0.0, max_diff:0.0, training_epochs:50, lr:0.05)
<_io.TextIOWrapper name='<stderr>' mode='w' encoding='utf-8'> node index is 351
train linear regression time:  0.049377833027392626
(average_diff:2.7755575615628914e-17, max_diff:2.7755575615628914e-17, training_epochs:50, lr:0.05)
<_io.TextIOWrapper name='<stderr>' mode='w' encoding='utf-8'> node index is 337
train linear regression time:  0.04945812514051795
(average_diff:0.13552030435089565, max_diff:0.4875451781485604, training_epochs:50, lr:0.05)
<_io.TextIOWrapper name='<stderr>' mode='w' encoding='utf-8'> node index is 393
train linear regression time:  0.04897095821797848
(average_diff:1.6653345369377348e-16, max_diff:2.220446049250313e-16, training_epochs:50, lr:0.05)
<_io.TextIOWrapper name='<stderr>' mode='w' encoding='utf-8'> node index is 301
train linear regression time:  0.049754582811146975
(average_diff:0.004045644504317085, max_diff:0.005853668507830756, training_epochs:50, lr:0.05)
<_io.TextIOWrapper name='<stderr>' mode='w' encoding='utf-8'> node index is 271
train linear regression time:  0.04975183308124542
(average_diff:0.08963313227386667, max_diff:0.14223184299663572, training_epochs:50, lr:0.05)
<_io.TextIOWrapper name='<stderr>' mode='w' encoding='utf-8'> node index is 253
train linear regression time:  0.049866124987602234
(average_diff:0.013788176497722881, max_diff:0.020153510989857903, training_epochs:50, lr:0.05)
<_io.TextIOWrapper name='<stderr>' mode='w' encoding='utf-8'> node index is 227
train linear regression time:  0.04965825006365776
(average_diff:0.0026435203211365166, max_diff:0.004646945821787152, training_epochs:50, lr:0.05)
<_io.TextIOWrapper name='<stderr>' mode='w' encoding='utf-8'> node index is 213
train linear regression time:  0.05053287511691451
(average_diff:0.054229186341504795, max_diff:0.11540729047409701, training_epochs:50, lr:0.05)
<_io.TextIOWrapper name='<stderr>' mode='w' encoding='utf-8'> node index is 201
train linear regression time:  0.049841041676700115
(average_diff:0.001079436554394908, max_diff:0.0011565157589564778, training_epochs:50, lr:0.05)
<_io.TextIOWrapper name='<stderr>' mode='w' encoding='utf-8'> node index is 193
train linear regression time:  0.04909879108890891
(average_diff:0.04225459309884584, max_diff:0.10177348525315821, training_epochs:50, lr:0.05)
<_io.TextIOWrapper name='<stderr>' mode='w' encoding='utf-8'> node index is 187
train linear regression time:  0.05089679127559066
(average_diff:0.03163768719729125, max_diff:0.06495110103481738, training_epochs:50, lr:0.05)
<_io.TextIOWrapper name='<stderr>' mode='w' encoding='utf-8'> node index is 179
train linear regression time:  0.05022108415141702
(average_diff:0.0, max_diff:0.0, training_epochs:50, lr:0.05)
<_io.TextIOWrapper name='<stderr>' mode='w' encoding='utf-8'> node index is 171
train linear regression time:  0.049771124962717295
(average_diff:0.023753531148620194, max_diff:0.047400577907586394, training_epochs:50, lr:0.05)
<_io.TextIOWrapper name='<stderr>' mode='w' encoding='utf-8'> node index is 161
train linear regression time:  0.04890300007537007
(average_diff:0.0, max_diff:0.0, training_epochs:50, lr:0.05)
<_io.TextIOWrapper name='<stderr>' mode='w' encoding='utf-8'> node index is 367
train linear regression time:  0.04972716607153416
(average_diff:0.0, max_diff:0.0, training_epochs:50, lr:0.05)
<_io.TextIOWrapper name='<stderr>' mode='w' encoding='utf-8'> node index is 353
train linear regression time:  0.05001450004056096
(average_diff:0.0014449747978774186, max_diff:0.0014617303604383958, training_epochs:50, lr:0.05)
<_io.TextIOWrapper name='<stderr>' mode='w' encoding='utf-8'> node index is 339
train linear regression time:  0.04961016681045294
(average_diff:0.022012292015737532, max_diff:0.044968734829329615, training_epochs:50, lr:0.05)
<_io.TextIOWrapper name='<stderr>' mode='w' encoding='utf-8'> node index is 327
train linear regression time:  0.04957037465646863
(average_diff:0.001990513202768579, max_diff:0.004005963729690087, training_epochs:50, lr:0.05)
<_io.TextIOWrapper name='<stderr>' mode='w' encoding='utf-8'> node index is 315
train linear regression time:  0.05011091707274318
(average_diff:5.551115123125783e-17, max_diff:1.1102230246251565e-16, training_epochs:50, lr:0.05)
<_io.TextIOWrapper name='<stderr>' mode='w' encoding='utf-8'> node index is 303
train linear regression time:  0.04904525028541684
(average_diff:0.01003867617200902, max_diff:0.013674169029355587, training_epochs:50, lr:0.05)
<_io.TextIOWrapper name='<stderr>' mode='w' encoding='utf-8'> node index is 287
train linear regression time:  0.051701875403523445
(average_diff:6.728090307106527e-13, max_diff:7.538691892960969e-13, training_epochs:50, lr:0.05)
<_io.TextIOWrapper name='<stderr>' mode='w' encoding='utf-8'> node index is 273
train linear regression time:  0.04976758407428861
(average_diff:0.016206477819161957, max_diff:0.02883174061928495, training_epochs:50, lr:0.05)
<_io.TextIOWrapper name='<stderr>' mode='w' encoding='utf-8'> node index is 255
train linear regression time:  0.05031470861285925
(average_diff:5.551115123125783e-17, max_diff:1.1102230246251565e-16, training_epochs:50, lr:0.05)
<_io.TextIOWrapper name='<stderr>' mode='w' encoding='utf-8'> node index is 241
train linear regression time:  0.04906366718932986
(average_diff:0.17397000371119162, max_diff:0.46376608400765534, training_epochs:50, lr:0.05)
<_io.TextIOWrapper name='<stderr>' mode='w' encoding='utf-8'> node index is 229
train linear regression time:  0.05067595932632685
(average_diff:0.024054017575572063, max_diff:0.03497562213284061, training_epochs:50, lr:0.05)
<_io.TextIOWrapper name='<stderr>' mode='w' encoding='utf-8'> node index is 215
train linear regression time:  0.049561125226318836
(average_diff:0.01576487129463529, max_diff:0.02942841408132013, training_epochs:50, lr:0.05)
<_io.TextIOWrapper name='<stderr>' mode='w' encoding='utf-8'> node index is 203
train linear regression time:  0.052391374949365854
(average_diff:0.01682509969686008, max_diff:0.026948520183008307, training_epochs:50, lr:0.05)
<_io.TextIOWrapper name='<stderr>' mode='w' encoding='utf-8'> node index is 195
train linear regression time:  0.05024179117754102
(average_diff:0.23632049864784613, max_diff:0.3296205717690972, training_epochs:50, lr:0.05)
<_io.TextIOWrapper name='<stderr>' mode='w' encoding='utf-8'> node index is 7
train linear regression time:  0.05126170814037323
(average_diff:0.11947836954623993, max_diff:0.32544746157529686, training_epochs:50, lr:0.05)
<_io.TextIOWrapper name='<stderr>' mode='w' encoding='utf-8'> node index is 5
train linear regression time:  0.05007895827293396
testFringe time:  9.516979542095214
<_io.TextIOWrapper name='<stderr>' mode='w' encoding='utf-8'> =============== update finished ===============

*** Writing Game File 51***

<_io.TextIOWrapper name='../print_tree_record_numpy/print_DM_boost_linear_tree_split.txt' mode='w' encoding='UTF-8'> idx1(Q:0.4005, distinct_name:0, dictinctin_value:2.569683891588169, par:None)
	idx4(Q:0.4011, distinct_name:0, dictinctin_value:2.507749956207568, par:1)
		idx6(Q:0.4010, distinct_name:0, dictinctin_value:-0.050698982385153205, par:4)
			idx8(Q:0.4558, distinct_name:0, dictinctin_value:-0.5002368440471089, par:6)
				idx10(Q:0.5050, distinct_name:3, dictinctin_value:0.7373220788164561, par:8)
					idx12(Q:0.4791, distinct_name:1, dictinctin_value:0.8498558206992594, par:10)
						idx18(Q:0.4263, distinct_name:2, dictinctin_value:0.8559921607301466, par:12)
							idx24(Q:0.4191, distinct_name:0, dictinctin_value:-0.5901212893723445, par:18)
								idx30(Q:0.4271, distinct_name:2, dictinctin_value:0.5095422779981766, par:24)
									idx38(Q:0.4484, distinct_name:2, dictinctin_value:0.24909091887867726, par:30)
										idx44(Q:0.4785, distinct_name:2, dictinctin_value:-0.06052347242753761, par:38)
											idx54(Q:0.5307, distinct_name:2, dictinctin_value:-0.16873413911779458, par:44)
												idx62(Q:0.5529, distinct_name:2, dictinctin_value:-0.3117760123070312, par:54)
													idx70(Q:0.5918, distinct_name:2, dictinctin_value:-0.36929151673896154, par:62)
														idx76(Q:0.6135, distinct_name:2, dictinctin_value:-0.4513587540231024, par:70)
															idx82(Q:0.6488, distinct_name:2, dictinctin_value:-0.49926091712096626, par:76)
																idx90(Q:0.6666, distinct_name:2, dictinctin_value:-0.5261921216626007, par:82)
																	idx100(Q:0.6797, distinct_name:2, dictinctin_value:-0.5682634996789567, par:90)
																		idx110(Q:0.6941, distinct_name:2, dictinctin_value:-0.576514535000767, par:100)
																			idx120(Q:0.6985, par:110)
																			idx121(Q:0.4001, par:110)
																		idx111(Q:0.3583, par:100)
																	idx101(Q:0.3616, par:90)
																idx91(Q:0.3238, par:82)
															idx83(Q:0.2937, par:76)
														idx77(Q:0.2828, par:70)
													idx71(Q:0.2840, par:62)
												idx63(Q:0.2399, par:54)
											idx55(Q:0.2268, par:44)
										idx45(Q:0.2345, par:38)
									idx39(Q:0.2993, distinct_name:1, dictinctin_value:0.8040063207197937, par:30)
										idx426(Q:0.2971, distinct_name:2, dictinctin_value:0.8419373683110459, par:39)
											idx432(Q:0.2992, par:426)
											idx433(Q:0.1937, par:426)
										idx427(Q:0.4094, par:39)
								idx31(Q:0.3448, par:24)
							idx25(Q:0.4600, distinct_name:0, dictinctin_value:-0.5389580903277561, par:18)
								idx216(Q:0.4631, distinct_name:0, dictinctin_value:-0.5573162410999996, par:25)
									idx230(Q:0.4655, distinct_name:0, dictinctin_value:-0.5917620279880862, par:216)
										idx242(Q:0.4769, distinct_name:1, dictinctin_value:0.8127647407611875, par:230)
											idx256(Q:0.4698, distinct_name:0, dictinctin_value:-0.6131626140571143, par:242)
												idx288(Q:0.4735, distinct_name:0, dictinctin_value:-0.7076582377440916, par:256)
													idx304(Q:0.4899, distinct_name:0, dictinctin_value:-0.717862250694298, par:288)
														idx316(Q:0.4942, distinct_name:0, dictinctin_value:-0.7734253050900186, par:304)
															idx328(Q:0.4989, distinct_name:0, dictinctin_value:-0.7970945326559435, par:316)
																idx340(Q:0.5013, distinct_name:3, dictinctin_value:0.6595389343928215, par:328)
																	idx354(Q:0.4930, distinct_name:3, dictinctin_value:0.6186331758365281, par:340)
																		idx368(Q:0.4859, distinct_name:3, dictinctin_value:0.5952455969358141, par:354)
																			idx380(Q:0.4875, par:368)
																			idx381(Q:0.3866, par:368)
																		idx369(Q:0.9254, par:354)
																	idx355(Q:0.8422, par:340)
																idx341(Q:0.3979, par:328)
															idx329(Q:0.3740, par:316)
														idx317(Q:0.3428, par:304)
													idx305(Q:0.2681, par:288)
												idx289(Q:0.1966, par:256)
											idx257(Q:0.6915, par:242)
										idx243(Q:0.2432, par:230)
									idx231(Q:0.3288, par:216)
								idx217(Q:0.3872, par:25)
						idx19(Q:0.7110, distinct_name:0, dictinctin_value:-0.5046072639210131, par:12)
							idx152(Q:0.7109, distinct_name:2, dictinctin_value:1.74305991171075, par:19)
								idx162(Q:0.7009, distinct_name:2, dictinctin_value:1.5651912903147052, par:152)
									idx172(Q:0.6896, distinct_name:2, dictinctin_value:1.0939968976733132, par:162)
										idx180(Q:0.6665, distinct_name:2, dictinctin_value:0.9064820637809338, par:172)
											idx188(Q:0.6538, distinct_name:2, dictinctin_value:0.8130327408821636, par:180)
												idx196(Q:0.6474, distinct_name:2, dictinctin_value:0.714578820015968, par:188)
													idx204(Q:0.6455, distinct_name:0, dictinctin_value:-0.5137296726081428, par:196)
														idx218(Q:0.6463, distinct_name:2, dictinctin_value:0.4860989258104936, par:204)
															idx232(Q:0.6463, distinct_name:1, dictinctin_value:2.2330900660097845, par:218)
																idx244(Q:0.6384, distinct_name:2, dictinctin_value:0.44559578649865966, par:232)
																	idx258(Q:0.6314, distinct_name:2, dictinctin_value:0.32419638005931734, par:244)
																		idx274(Q:0.6310, distinct_name:0, dictinctin_value:-0.5233031664270825, par:258)
																			idx290(Q:0.6311, par:274)
																			idx291(Q:0.6173, par:274)
																		idx275(Q:0.6453, par:258)
																	idx259(Q:0.9001, par:244)
																idx245(Q:0.9544, par:232)
															idx233(Q:0.6464, par:218)
														idx219(Q:0.5718, par:204)
													idx205(Q:0.7042, par:196)
												idx197(Q:0.8789, par:188)
											idx189(Q:0.8989, par:180)
										idx181(Q:1.0086, par:172)
									idx173(Q:0.9934, par:162)
								idx163(Q:1.0699, par:152)
							idx153(Q:0.7365, par:19)
					idx13(Q:0.5851, distinct_name:2, dictinctin_value:1.929601246827043, par:10)
						idx92(Q:0.5719, distinct_name:1, dictinctin_value:1.2557733390904973, par:13)
							idx102(Q:0.5425, distinct_name:2, dictinctin_value:1.4527612583425853, par:92)
								idx112(Q:0.5253, distinct_name:2, dictinctin_value:1.3531114404933846, par:102)
									idx122(Q:0.5228, distinct_name:2, dictinctin_value:1.0639310625609943, par:112)
										idx130(Q:0.5102, distinct_name:2, dictinctin_value:0.8759607452183222, par:122)
											idx136(Q:0.5053, distinct_name:2, dictinctin_value:0.6228991526328211, par:130)
												idx142(Q:0.5015, distinct_name:2, dictinctin_value:0.4885947458466264, par:136)
													idx146(Q:0.4920, distinct_name:1, dictinctin_value:1.1059975491047376, par:142)
														idx148(Q:0.4839, distinct_name:3, dictinctin_value:2.363964647313972, par:146)
															idx154(Q:0.4751, distinct_name:3, dictinctin_value:1.536573712246935, par:148)
																idx164(Q:0.4505, distinct_name:1, dictinctin_value:0.49075596239548774, par:154)
																	idx206(Q:0.4215, distinct_name:3, dictinctin_value:1.525286896575752, par:164)
																		idx220(Q:0.4206, distinct_name:2, dictinctin_value:0.38874536608000104, par:206)
																			idx234(Q:0.4243, par:220)
																			idx235(Q:0.2794, par:220)
																		idx221(Q:0.4555, par:206)
																	idx207(Q:0.6173, par:164)
																idx165(Q:0.5943, par:154)
															idx155(Q:0.7353, par:148)
														idx149(Q:0.7311, par:146)
													idx147(Q:0.5982, par:142)
												idx143(Q:0.5533, par:136)
											idx137(Q:0.6190, par:130)
										idx131(Q:0.7127, par:122)
									idx123(Q:0.6170, par:112)
								idx113(Q:0.8578, par:102)
							idx103(Q:0.9384, par:92)
						idx93(Q:1.0393, par:13)
				idx11(Q:0.3711, distinct_name:3, dictinctin_value:1.284568987543642, par:8)
					idx32(Q:0.3456, distinct_name:3, dictinctin_value:0.5763111575206541, par:11)
						idx40(Q:0.3326, distinct_name:2, dictinctin_value:1.4159847670297276, par:32)
							idx46(Q:0.3245, distinct_name:2, dictinctin_value:0.8764611652526798, par:40)
								idx56(Q:0.3329, distinct_name:2, dictinctin_value:0.6776552612944613, par:46)
									idx64(Q:0.3375, distinct_name:0, dictinctin_value:-0.10007893227380851, par:56)
										idx72(Q:0.3365, distinct_name:2, dictinctin_value:0.481251420222257, par:64)
											idx78(Q:0.3490, distinct_name:2, dictinctin_value:0.43236682950932387, par:72)
												idx84(Q:0.3542, distinct_name:2, dictinctin_value:0.2322739018313544, par:78)
													idx94(Q:0.3767, distinct_name:2, dictinctin_value:0.1692901075380102, par:84)
														idx104(Q:0.3881, distinct_name:2, dictinctin_value:0.044622068949871425, par:94)
															idx114(Q:0.4079, distinct_name:2, dictinctin_value:-0.04421252452423217, par:104)
																idx124(Q:0.4293, distinct_name:2, dictinctin_value:-0.12551407150931976, par:114)
																	idx132(Q:0.4493, distinct_name:2, dictinctin_value:-0.16179863391045127, par:124)
																		idx138(Q:0.4602, distinct_name:2, dictinctin_value:-0.1987692173924826, par:132)
																			idx144(Q:0.4804, par:138)
																			idx145(Q:0.1585, par:138)
																		idx139(Q:0.1691, par:132)
																	idx133(Q:0.1762, par:124)
																idx125(Q:0.1281, par:114)
															idx115(Q:0.1779, par:104)
														idx105(Q:0.1621, par:94)
													idx95(Q:0.1435, par:84)
												idx85(Q:0.1631, par:78)
											idx79(Q:0.1920, par:72)
										idx73(Q:0.3469, par:64)
									idx65(Q:0.2745, par:56)
								idx57(Q:0.2709, par:46)
							idx47(Q:0.4173, par:40)
						idx41(Q:0.3996, distinct_name:3, dictinctin_value:1.2541204520301295, par:32)
							idx246(Q:0.3938, distinct_name:0, dictinctin_value:-0.05401988313827026, par:41)
								idx260(Q:0.3917, distinct_name:2, dictinctin_value:2.0807886731763334, par:246)
									idx276(Q:0.3843, distinct_name:2, dictinctin_value:1.8994422532815647, par:260)
										idx292(Q:0.3777, distinct_name:1, dictinctin_value:1.2716943858922887, par:276)
											idx306(Q:0.3613, distinct_name:2, dictinctin_value:1.8085097405850585, par:292)
												idx318(Q:0.3508, distinct_name:0, dictinctin_value:-0.06832580226386262, par:306)
													idx330(Q:0.3477, distinct_name:1, dictinctin_value:1.0161843934440484, par:318)
														idx342(Q:0.3400, distinct_name:0, dictinctin_value:-0.11082738421514442, par:330)
															idx356(Q:0.3437, distinct_name:0, dictinctin_value:-0.1239714467724242, par:342)
																idx370(Q:0.3453, distinct_name:1, dictinctin_value:0.8661774768232812, par:356)
																	idx382(Q:0.3403, distinct_name:0, dictinctin_value:-0.13038566790821624, par:370)
																		idx396(Q:0.3372, distinct_name:1, dictinctin_value:0.7685182247259327, par:382)
																			idx406(Q:0.3305, par:396)
																			idx407(Q:0.5249, par:396)
																		idx397(Q:0.6955, par:382)
																	idx383(Q:0.5360, par:370)
																idx371(Q:0.1581, par:356)
															idx357(Q:0.2765, par:342)
														idx343(Q:0.4879, par:330)
													idx331(Q:0.5556, par:318)
												idx319(Q:0.8384, par:306)
											idx307(Q:0.6052, par:292)
										idx293(Q:0.8758, par:276)
									idx277(Q:0.9535, par:260)
								idx261(Q:0.5523, par:246)
							idx247(Q:0.6228, par:41)
					idx33(Q:0.5810, par:11)
			idx9(Q:0.3483, distinct_name:1, dictinctin_value:1.4532912275447858, par:6)
				idx14(Q:0.3312, distinct_name:0, dictinctin_value:0.6708677617788001, par:9)
					idx16(Q:0.3491, distinct_name:0, dictinctin_value:0.5219929201544601, par:14)
						idx20(Q:0.3503, distinct_name:0, dictinctin_value:0.38200451643824146, par:16)
							idx26(Q:0.3599, distinct_name:0, dictinctin_value:0.29175973898130836, par:20)
								idx34(Q:0.3621, distinct_name:3, dictinctin_value:1.2405945003824483, par:26)
									idx42(Q:0.3289, distinct_name:2, dictinctin_value:1.6139678071673451, par:34)
										idx48(Q:0.3235, distinct_name:1, dictinctin_value:1.0148453699076618, par:42)
											idx58(Q:0.3107, distinct_name:2, dictinctin_value:0.8422101128546527, par:48)
												idx66(Q:0.3165, distinct_name:2, dictinctin_value:0.5718071591898053, par:58)
													idx74(Q:0.3300, distinct_name:2, dictinctin_value:0.3335199702259944, par:66)
														idx80(Q:0.3567, distinct_name:2, dictinctin_value:0.2585267021680285, par:74)
															idx86(Q:0.3641, distinct_name:2, dictinctin_value:0.13295569297273957, par:80)
																idx96(Q:0.3828, distinct_name:2, dictinctin_value:0.0933394603867821, par:86)
																	idx106(Q:0.3894, distinct_name:2, dictinctin_value:0.047951172568074005, par:96)
																		idx116(Q:0.3983, distinct_name:2, dictinctin_value:-0.0025517231675584334, par:106)
																			idx126(Q:0.4061, par:116)
																			idx127(Q:0.1413, par:116)
																		idx117(Q:0.1672, par:106)
																	idx107(Q:0.1183, par:96)
																idx97(Q:0.1264, par:86)
															idx87(Q:0.1781, par:80)
														idx81(Q:0.1519, par:74)
													idx75(Q:0.1794, par:66)
												idx67(Q:0.2780, par:58)
											idx59(Q:0.4584, par:48)
										idx49(Q:0.4321, par:42)
									idx43(Q:0.5730, par:34)
								idx35(Q:0.3506, distinct_name:1, dictinctin_value:1.344826515865718, par:26)
									idx236(Q:0.3485, distinct_name:3, dictinctin_value:1.6897348587436034, par:35)
										idx248(Q:0.3391, distinct_name:1, dictinctin_value:1.2341402111364463, par:236)
											idx262(Q:0.3407, distinct_name:3, dictinctin_value:1.3356049450605056, par:248)
												idx278(Q:0.3409, distinct_name:2, dictinctin_value:1.6241822054726756, par:262)
													idx294(Q:0.3300, distinct_name:0, dictinctin_value:0.3731119474318981, par:278)
														idx320(Q:0.3262, distinct_name:3, dictinctin_value:1.2759579982069145, par:294)
															idx344(Q:0.3141, distinct_name:0, dictinctin_value:0.37304242798500226, par:320)
																idx358(Q:0.3140, distinct_name:0, dictinctin_value:0.3707677109507447, par:344)
																	idx372(Q:0.3188, distinct_name:0, dictinctin_value:0.3697040787425107, par:358)
																		idx384(Q:0.3182, distinct_name:2, dictinctin_value:1.3789177574365135, par:372)
																			idx398(Q:0.3130, par:384)
																			idx399(Q:0.4354, par:384)
																		idx385(Q:0.3531, par:372)
																	idx373(Q:0.1232, par:358)
																idx359(Q:0.3297, par:344)
															idx345(Q:0.7029, par:320)
														idx321(Q:0.4278, par:294)
													idx295(Q:0.5491, par:278)
												idx279(Q:0.3342, par:262)
											idx263(Q:0.2222, par:248)
										idx249(Q:0.6936, par:236)
									idx237(Q:0.5098, par:35)
							idx27(Q:0.3166, distinct_name:2, dictinctin_value:1.5527241962490086, par:20)
								idx156(Q:0.3128, distinct_name:0, dictinctin_value:0.5137061072990365, par:27)
									idx166(Q:0.3174, distinct_name:0, dictinctin_value:0.5083060291160676, par:156)
										idx174(Q:0.3180, distinct_name:1, dictinctin_value:1.235555391656205, par:166)
											idx182(Q:0.3178, distinct_name:0, dictinctin_value:0.499318407708209, par:174)
												idx190(Q:0.3218, distinct_name:3, dictinctin_value:1.6437138459193195, par:182)
													idx198(Q:0.3182, distinct_name:0, dictinctin_value:0.4978828276393789, par:190)
														idx208(Q:0.3214, distinct_name:2, dictinctin_value:1.3588453420210258, par:198)
															idx222(Q:0.3204, distinct_name:2, dictinctin_value:0.9721483625475897, par:208)
																idx238(Q:0.3224, distinct_name:0, dictinctin_value:0.4972801494332726, par:222)
																	idx250(Q:0.3191, distinct_name:2, dictinctin_value:0.944961054171824, par:238)
																		idx264(Q:0.3242, distinct_name:2, dictinctin_value:0.872803430709856, par:250)
																			idx280(Q:0.3295, par:264)
																			idx281(Q:0.2171, par:264)
																		idx265(Q:0.0703, par:250)
																	idx251(Q:0.5718, par:238)
																idx239(Q:0.2850, par:222)
															idx223(Q:0.3459, par:208)
														idx209(Q:0.1809, par:198)
													idx199(Q:0.5336, par:190)
												idx191(Q:0.2632, par:182)
											idx183(Q:0.3235, par:174)
										idx175(Q:0.3017, par:166)
									idx167(Q:0.2568, par:156)
								idx157(Q:0.4384, par:27)
						idx21(Q:0.3437, distinct_name:1, dictinctin_value:1.3201670622027022, par:16)
							idx150(Q:0.3410, distinct_name:1, dictinctin_value:1.2234607090751204, par:21)
								idx158(Q:0.3415, distinct_name:1, dictinctin_value:1.0226433736171432, par:150)
									idx168(Q:0.3322, distinct_name:0, dictinctin_value:0.6649352976939671, par:158)
										idx176(Q:0.3298, distinct_name:2, dictinctin_value:1.8028367177150562, par:168)
											idx184(Q:0.3257, distinct_name:3, dictinctin_value:1.321083281680176, par:176)
												idx210(Q:0.2990, distinct_name:1, dictinctin_value:0.7493197611500411, par:184)
													idx224(Q:0.2995, distinct_name:2, dictinctin_value:1.1954012588052898, par:210)
														idx266(Q:0.3004, distinct_name:1, dictinctin_value:0.6035401367847275, par:224)
															idx282(Q:0.3070, distinct_name:1, dictinctin_value:0.5166827335099701, par:266)
																idx296(Q:0.3130, distinct_name:0, dictinctin_value:0.663963378246939, par:282)
																	idx308(Q:0.3096, distinct_name:0, dictinctin_value:0.6638782806630827, par:296)
																		idx322(Q:0.3065, distinct_name:2, dictinctin_value:1.1091905022156634, par:308)
																			idx332(Q:0.3099, par:322)
																			idx333(Q:0.1554, par:322)
																		idx323(Q:0.7405, par:308)
																	idx309(Q:0.7765, par:296)
																idx297(Q:0.1679, par:282)
															idx283(Q:0.1419, par:266)
														idx267(Q:0.2888, par:224)
													idx225(Q:0.2940, par:210)
												idx211(Q:0.5784, par:184)
											idx185(Q:0.4474, par:176)
										idx177(Q:0.3872, par:168)
									idx169(Q:0.5420, par:158)
								idx159(Q:0.2851, par:150)
							idx151(Q:0.4182, par:21)
					idx17(Q:0.3117, distinct_name:3, dictinctin_value:0.8871619234739136, par:14)
						idx22(Q:0.2824, distinct_name:1, dictinctin_value:0.895274831679809, par:17)
							idx28(Q:0.2664, distinct_name:3, dictinctin_value:0.4147697243292515, par:22)
								idx36(Q:0.2587, distinct_name:3, dictinctin_value:-0.009439492879810042, par:28)
									idx50(Q:0.2563, distinct_name:0, dictinctin_value:2.3121117874404824, par:36)
										idx52(Q:0.2577, distinct_name:0, dictinctin_value:1.9483716250181808, par:50)
											idx60(Q:0.2601, distinct_name:3, dictinctin_value:-0.018025248765568658, par:52)
												idx68(Q:0.2689, distinct_name:2, dictinctin_value:0.8033765660185509, par:60)
													idx88(Q:0.2722, distinct_name:2, dictinctin_value:0.6003623148969123, par:68)
														idx98(Q:0.2805, distinct_name:2, dictinctin_value:0.5329635912790776, par:88)
															idx108(Q:0.2879, distinct_name:2, dictinctin_value:0.3621996786015208, par:98)
																idx118(Q:0.3034, distinct_name:3, dictinctin_value:-0.05260374571449391, par:108)
																	idx128(Q:0.3059, distinct_name:2, dictinctin_value:0.22149263805201816, par:118)
																		idx134(Q:0.3204, distinct_name:2, dictinctin_value:0.13324256965432388, par:128)
																			idx140(Q:0.3334, par:134)
																			idx141(Q:0.1375, par:134)
																		idx135(Q:0.1464, par:128)
																	idx129(Q:0.2486, par:118)
																idx119(Q:0.1465, par:108)
															idx109(Q:0.1542, par:98)
														idx99(Q:0.1689, par:88)
													idx89(Q:0.2597, distinct_name:0, dictinctin_value:1.9001636825637473, par:68)
														idx420(Q:0.2571, distinct_name:0, dictinctin_value:1.8970534364477791, par:89)
															idx428(Q:0.2575, distinct_name:0, dictinctin_value:1.7864713255325577, par:420)
																idx434(Q:0.2585, par:428)
																idx435(Q:0.2269, par:428)
															idx429(Q:0.2144, par:420)
														idx421(Q:0.2937, par:89)
												idx69(Q:0.1903, par:60)
											idx61(Q:0.2110, par:52)
										idx53(Q:0.1623, par:50)
									idx51(Q:0.2672, distinct_name:0, dictinctin_value:2.2255864685353126, par:36)
										idx268(Q:0.2657, distinct_name:0, dictinctin_value:1.8770234609938123, par:51)
											idx284(Q:0.2649, distinct_name:1, dictinctin_value:0.8208254329434517, par:268)
												idx298(Q:0.2665, distinct_name:0, dictinctin_value:1.7199871451158526, par:284)
													idx310(Q:0.2694, distinct_name:3, dictinctin_value:0.39481973457279324, par:298)
														idx346(Q:0.2711, distinct_name:2, dictinctin_value:2.0591657816242117, par:310)
															idx360(Q:0.2635, distinct_name:2, dictinctin_value:1.6416632040499568, par:346)
																idx374(Q:0.2630, distinct_name:0, dictinctin_value:1.6846076849979201, par:360)
																	idx386(Q:0.2635, distinct_name:2, dictinctin_value:1.5364517172370076, par:374)
																		idx400(Q:0.2655, distinct_name:2, dictinctin_value:1.321416179085615, par:386)
																			idx408(Q:0.2625, par:400)
																			idx409(Q:0.3535, par:400)
																		idx401(Q:0.1825, par:386)
																	idx387(Q:0.2080, par:374)
																idx375(Q:0.2773, par:360)
															idx361(Q:0.7517, par:346)
														idx347(Q:0.2259, par:310)
													idx311(Q:0.1886, par:298)
												idx299(Q:0.2215, par:284)
											idx285(Q:0.2809, par:268)
										idx269(Q:0.3223, par:51)
								idx37(Q:0.3043, distinct_name:1, dictinctin_value:0.7946772031835798, par:28)
									idx312(Q:0.2987, distinct_name:2, dictinctin_value:1.9378572482198, par:37)
										idx324(Q:0.2886, distinct_name:0, dictinctin_value:2.1880833067537604, par:312)
											idx334(Q:0.2911, distinct_name:0, dictinctin_value:2.1673152418059, par:324)
												idx348(Q:0.2862, distinct_name:0, dictinctin_value:2.0644684179947266, par:334)
													idx362(Q:0.2849, distinct_name:2, dictinctin_value:1.6060442338491094, par:348)
														idx376(Q:0.2771, distinct_name:0, dictinctin_value:1.8821116949330967, par:362)
															idx388(Q:0.2783, distinct_name:2, dictinctin_value:1.5867185725408008, par:376)
																idx402(Q:0.2786, distinct_name:0, dictinctin_value:1.8162737627685595, par:388)
																	idx410(Q:0.2816, distinct_name:2, dictinctin_value:1.474613989336331, par:402)
																		idx414(Q:0.2737, distinct_name:2, dictinctin_value:1.322085439542282, par:410)
																			idx422(Q:0.2737, par:414)
																			idx423(Q:0.2744, par:414)
																		idx415(Q:0.7277, par:410)
																	idx411(Q:0.1050, par:402)
																idx403(Q:0.2603, par:388)
															idx389(Q:0.2323, par:376)
														idx377(Q:0.6011, par:362)
													idx363(Q:0.3687, par:348)
												idx349(Q:0.9252, par:334)
											idx335(Q:0.2062, par:324)
										idx325(Q:0.7470, par:312)
									idx313(Q:0.4133, par:37)
							idx29(Q:0.3916, distinct_name:0, dictinctin_value:2.44084525907838, par:22)
								idx336(Q:0.3928, distinct_name:0, dictinctin_value:2.3332385876998147, par:29)
									idx350(Q:0.3933, distinct_name:2, dictinctin_value:1.313989803673234, par:336)
										idx364(Q:0.3695, distinct_name:2, dictinctin_value:1.2075088067941002, par:350)
											idx378(Q:0.3656, distinct_name:0, dictinctin_value:2.3276851139515355, par:364)
												idx390(Q:0.3641, distinct_name:2, dictinctin_value:1.1566628366759308, par:378)
													idx404(Q:0.3605, distinct_name:2, dictinctin_value:1.049026714172236, par:390)
														idx412(Q:0.3568, distinct_name:2, dictinctin_value:1.0138168631315498, par:404)
															idx418(Q:0.3541, distinct_name:0, dictinctin_value:2.3136303024689413, par:412)
																idx424(Q:0.3541, distinct_name:1, dictinctin_value:1.4142431093508798, par:418)
																	idx430(Q:0.3597, par:424)
																	idx431(Q:0.1674, par:424)
																idx425(Q:0.3611, par:418)
															idx419(Q:0.4940, par:412)
														idx413(Q:0.5554, par:404)
													idx405(Q:0.5629, par:390)
												idx391(Q:0.5313, par:378)
											idx379(Q:0.5828, par:364)
										idx365(Q:0.6919, par:350)
									idx351(Q:0.3317, par:336)
								idx337(Q:0.2493, par:29)
						idx23(Q:0.4596, distinct_name:0, dictinctin_value:2.1444723574903684, par:17)
							idx160(Q:0.4598, distinct_name:0, dictinctin_value:2.133798778100152, par:23)
								idx170(Q:0.4603, distinct_name:2, dictinctin_value:1.564504591409782, par:160)
									idx178(Q:0.4344, distinct_name:2, dictinctin_value:1.4113473869711974, par:170)
										idx186(Q:0.4294, distinct_name:0, dictinctin_value:2.1063540893171067, par:178)
											idx192(Q:0.4307, distinct_name:2, dictinctin_value:1.2195161175228741, par:186)
												idx200(Q:0.4259, distinct_name:0, dictinctin_value:1.9676721667093595, par:192)
													idx212(Q:0.4233, distinct_name:0, dictinctin_value:1.8926417272552991, par:200)
														idx226(Q:0.4270, distinct_name:0, dictinctin_value:1.7713311316515392, par:212)
															idx252(Q:0.4333, distinct_name:1, dictinctin_value:1.3213229930390704, par:226)
																idx270(Q:0.4290, distinct_name:0, dictinctin_value:1.7442155745503336, par:252)
																	idx300(Q:0.4259, distinct_name:0, dictinctin_value:1.3536781616204123, par:270)
																		idx392(Q:0.4226, distinct_name:0, dictinctin_value:1.2274516322533688, par:300)
																			idx416(Q:0.4243, par:392)
																			idx417(Q:0.4058, par:392)
																		idx393(Q:0.4420, par:300)
																	idx301(Q:0.6548, par:270)
																idx271(Q:0.6417, par:252)
															idx253(Q:0.2398, par:226)
														idx227(Q:0.2344, par:212)
													idx213(Q:0.5294, par:200)
												idx201(Q:0.5263, par:192)
											idx193(Q:0.3158, par:186)
										idx187(Q:0.6087, par:178)
									idx179(Q:0.8746, par:170)
								idx171(Q:0.3511, par:160)
							idx161(Q:0.4501, par:23)
				idx15(Q:0.5756, distinct_name:2, dictinctin_value:1.9938158806166744, par:9)
					idx194(Q:0.5679, distinct_name:3, dictinctin_value:2.0149638943737203, par:15)
						idx202(Q:0.5559, distinct_name:3, dictinctin_value:1.626087400144554, par:194)
							idx214(Q:0.5500, distinct_name:1, dictinctin_value:2.6727016574162166, par:202)
								idx228(Q:0.5306, distinct_name:2, dictinctin_value:1.776904010924299, par:214)
									idx240(Q:0.5258, distinct_name:2, dictinctin_value:1.4203463682180766, par:228)
										idx254(Q:0.5104, distinct_name:0, dictinctin_value:2.115573493736756, par:240)
											idx272(Q:0.5111, distinct_name:2, dictinctin_value:1.306259966260203, par:254)
												idx286(Q:0.5009, distinct_name:2, dictinctin_value:1.2529155214914378, par:272)
													idx302(Q:0.4964, distinct_name:2, dictinctin_value:0.808199081795812, par:286)
														idx314(Q:0.4855, distinct_name:2, dictinctin_value:0.7214446989843575, par:302)
															idx326(Q:0.4772, distinct_name:2, dictinctin_value:0.7041168221107604, par:314)
																idx338(Q:0.4753, distinct_name:0, dictinctin_value:2.1110030599556926, par:326)
																	idx352(Q:0.4763, distinct_name:0, dictinctin_value:2.0312710900603177, par:338)
																		idx366(Q:0.4748, distinct_name:2, dictinctin_value:0.6878681581259294, par:352)
																			idx394(Q:0.4705, par:366)
																			idx395(Q:0.7374, par:366)
																		idx367(Q:0.6738, par:352)
																	idx353(Q:0.3397, par:338)
																idx339(Q:0.6013, par:326)
															idx327(Q:0.7013, par:314)
														idx315(Q:0.8655, par:302)
													idx303(Q:0.8104, par:286)
												idx287(Q:0.7985, par:272)
											idx273(Q:0.4635, par:254)
										idx255(Q:0.9036, par:240)
									idx241(Q:0.9017, par:228)
								idx229(Q:0.8024, par:214)
							idx215(Q:0.7201, par:202)
						idx203(Q:0.9177, par:194)
					idx195(Q:1.0366, par:15)
		idx7(Q:0.3852, par:4)
	idx5(Q:0.3086, par:1

