WARNING:tensorflow:From /Users/keithwu/opt/anaconda3/envs/auction-gym/lib/python3.10/site-packages/tensorflow/python/compat/v2_compat.py:107: disable_resource_variables (from tensorflow.python.ops.variable_scope) is deprecated and will be removed in a future version.
Instructions for updating:
non-resource variables are not supported in the long term
<_io.TextIOWrapper name='<stderr>' mode='w' encoding='utf-8'> reading from ../UTree_model_numpy/DM/model_boost_linear_qsplit_noabs_save/, starting at 98
<_io.TextIOWrapper name='<stderr>' mode='w' encoding='utf-8'> =============== update starts ===============
(average_diff:0.017521784854905593, max_diff:0.12619032697905574, training_epochs:50, lr:0.05)
<_io.TextIOWrapper name='<stderr>' mode='w' encoding='utf-8'> node index is 111
train linear regression time:  0.05249645793810487
(average_diff:0.015566304165014103, max_diff:0.09582486555613509, training_epochs:50, lr:0.05)
<_io.TextIOWrapper name='<stderr>' mode='w' encoding='utf-8'> node index is 101
train linear regression time:  0.05852099973708391
(average_diff:0.008679315613024279, max_diff:0.044297387307373204, training_epochs:50, lr:0.05)
<_io.TextIOWrapper name='<stderr>' mode='w' encoding='utf-8'> node index is 91
train linear regression time:  0.055782292038202286
(average_diff:0.015607238264728615, max_diff:0.20065969995455807, training_epochs:50, lr:0.05)
<_io.TextIOWrapper name='<stderr>' mode='w' encoding='utf-8'> node index is 83
train linear regression time:  0.05497050005942583
(average_diff:0.02250590007161477, max_diff:0.21675145110124472, training_epochs:50, lr:0.05)
<_io.TextIOWrapper name='<stderr>' mode='w' encoding='utf-8'> node index is 77
train linear regression time:  0.05441129207611084
(average_diff:0.045649747002849496, max_diff:0.27787614669783467, training_epochs:50, lr:0.05)
<_io.TextIOWrapper name='<stderr>' mode='w' encoding='utf-8'> node index is 608
train linear regression time:  0.05471920920535922
(average_diff:5.25219978619873e-10, max_diff:5.25219978619873e-10, training_epochs:50, lr:0.05)
<_io.TextIOWrapper name='<stderr>' mode='w' encoding='utf-8'> node index is 609
train linear regression time:  0.054028666112571955
(average_diff:2.093077872133975e-08, max_diff:3.0476083795472064e-08, training_epochs:50, lr:0.05)
<_io.TextIOWrapper name='<stderr>' mode='w' encoding='utf-8'> node index is 607
train linear regression time:  0.053959041833877563
(average_diff:0.00014440686543831793, max_diff:0.00015264238078985248, training_epochs:50, lr:0.05)
<_io.TextIOWrapper name='<stderr>' mode='w' encoding='utf-8'> node index is 605
train linear regression time:  0.054260332603007555
(average_diff:4.406850262483886e-08, max_diff:5.531160246485811e-08, training_epochs:50, lr:0.05)
<_io.TextIOWrapper name='<stderr>' mode='w' encoding='utf-8'> node index is 603
train linear regression time:  0.05389758292585611
(average_diff:0.051563495203050466, max_diff:0.21032219344635994, training_epochs:50, lr:0.05)
<_io.TextIOWrapper name='<stderr>' mode='w' encoding='utf-8'> node index is 63
train linear regression time:  0.05407075025141239
(average_diff:0.06296769642626066, max_diff:0.12681943158239534, training_epochs:50, lr:0.05)
<_io.TextIOWrapper name='<stderr>' mode='w' encoding='utf-8'> node index is 501
train linear regression time:  0.05420083366334438
(average_diff:0.0029107378739502976, max_diff:0.0030283807703003207, training_epochs:50, lr:0.05)
<_io.TextIOWrapper name='<stderr>' mode='w' encoding='utf-8'> node index is 493
train linear regression time:  0.05421870807185769
(average_diff:4.733201820067423e-08, max_diff:5.259825038017585e-08, training_epochs:50, lr:0.05)
<_io.TextIOWrapper name='<stderr>' mode='w' encoding='utf-8'> node index is 485
train linear regression time:  0.05406487500295043
(average_diff:0.012180794421046366, max_diff:0.020111881929664566, training_epochs:50, lr:0.05)
<_io.TextIOWrapper name='<stderr>' mode='w' encoding='utf-8'> node index is 481
train linear regression time:  0.0536311250180006
(average_diff:2.7755575615628914e-17, max_diff:2.7755575615628914e-17, training_epochs:50, lr:0.05)
<_io.TextIOWrapper name='<stderr>' mode='w' encoding='utf-8'> node index is 475
train linear regression time:  0.054862957913428545
(average_diff:0.002146201641155629, max_diff:0.004134435726827923, training_epochs:50, lr:0.05)
<_io.TextIOWrapper name='<stderr>' mode='w' encoding='utf-8'> node index is 469
train linear regression time:  0.05494629219174385
(average_diff:0.014246753902587067, max_diff:0.022468649011256614, training_epochs:50, lr:0.05)
<_io.TextIOWrapper name='<stderr>' mode='w' encoding='utf-8'> node index is 465
train linear regression time:  0.05412395903840661
(average_diff:0.004437166842762842, max_diff:0.006792508932767338, training_epochs:50, lr:0.05)
<_io.TextIOWrapper name='<stderr>' mode='w' encoding='utf-8'> node index is 587
train linear regression time:  0.05365141713991761
(average_diff:0.00010153901573565355, max_diff:0.00010753893206214005, training_epochs:50, lr:0.05)
<_io.TextIOWrapper name='<stderr>' mode='w' encoding='utf-8'> node index is 581
train linear regression time:  0.055333000142127275
(average_diff:0.004502633091097764, max_diff:0.008252099115547473, training_epochs:50, lr:0.05)
<_io.TextIOWrapper name='<stderr>' mode='w' encoding='utf-8'> node index is 571
train linear regression time:  0.054579915944486856
(average_diff:0.0, max_diff:0.0, training_epochs:50, lr:0.05)
<_io.TextIOWrapper name='<stderr>' mode='w' encoding='utf-8'> node index is 549
train linear regression time:  0.055045208893716335
(average_diff:0.014436072739243614, max_diff:0.02175002314550334, training_epochs:50, lr:0.05)
<_io.TextIOWrapper name='<stderr>' mode='w' encoding='utf-8'> node index is 537
train linear regression time:  0.05421925010159612
(average_diff:0.006538181981066959, max_diff:0.009176886185376765, training_epochs:50, lr:0.05)
<_io.TextIOWrapper name='<stderr>' mode='w' encoding='utf-8'> node index is 531
train linear regression time:  0.054298833943903446
(average_diff:0.0012623516303928624, max_diff:0.0019719374536530943, training_epochs:50, lr:0.05)
<_io.TextIOWrapper name='<stderr>' mode='w' encoding='utf-8'> node index is 521
train linear regression time:  0.05422816704958677
(average_diff:0.02621550516425422, max_diff:0.04100680235531294, training_epochs:50, lr:0.05)
<_io.TextIOWrapper name='<stderr>' mode='w' encoding='utf-8'> node index is 511
train linear regression time:  0.0543806659989059
(average_diff:0.0039744619176823965, max_diff:0.005900849195955737, training_epochs:50, lr:0.05)
<_io.TextIOWrapper name='<stderr>' mode='w' encoding='utf-8'> node index is 473
train linear regression time:  0.054125667084008455
(average_diff:2.8449465006019636e-16, max_diff:3.7470027081099033e-16, training_epochs:50, lr:0.05)
<_io.TextIOWrapper name='<stderr>' mode='w' encoding='utf-8'> node index is 471
train linear regression time:  0.055081916972994804
(average_diff:0.00010160533577167896, max_diff:0.00010372326168414658, training_epochs:50, lr:0.05)
<_io.TextIOWrapper name='<stderr>' mode='w' encoding='utf-8'> node index is 467
train linear regression time:  0.05425050016492605
(average_diff:0.010530473688429767, max_diff:0.021569490050933837, training_epochs:50, lr:0.05)
<_io.TextIOWrapper name='<stderr>' mode='w' encoding='utf-8'> node index is 461
train linear regression time:  0.05418783286586404
(average_diff:0.02638191398382147, max_diff:0.06594669807320647, training_epochs:50, lr:0.05)
<_io.TextIOWrapper name='<stderr>' mode='w' encoding='utf-8'> node index is 457
train linear regression time:  0.05410700011998415
(average_diff:0.0, max_diff:0.0, training_epochs:50, lr:0.05)
<_io.TextIOWrapper name='<stderr>' mode='w' encoding='utf-8'> node index is 449
train linear regression time:  0.05416362499818206
(average_diff:1.1796119636642288e-16, max_diff:1.8041124150158794e-16, training_epochs:50, lr:0.05)
<_io.TextIOWrapper name='<stderr>' mode='w' encoding='utf-8'> node index is 445
train linear regression time:  0.054099292028695345
(average_diff:0.021297548720179825, max_diff:0.03984876437663129, training_epochs:50, lr:0.05)
<_io.TextIOWrapper name='<stderr>' mode='w' encoding='utf-8'> node index is 433
train linear regression time:  0.05402566632255912
(average_diff:0.007700770691341785, max_diff:0.01149855118066867, training_epochs:50, lr:0.05)
<_io.TextIOWrapper name='<stderr>' mode='w' encoding='utf-8'> node index is 427
train linear regression time:  0.054193874821(average_diff:2.0491941477018827e-13, max_diff:2.2620794126737565e-13, training_epochs:50, lr:0.05)
<_io.TextIOWrapper name='<stderr>' mode='w' encoding='utf-8'> node index is 599
train linear regression time:  0.05414479225873947
(average_diff:5.0121589979627845e-06, max_diff:5.43226823947196e-06, training_epochs:50, lr:0.05)
<_io.TextIOWrapper name='<stderr>' mode='w' encoding='utf-8'> node index is 597
train linear regression time:  0.05418400000780821
(average_diff:0.01628499814800286, max_diff:0.024744030861657745, training_epochs:50, lr:0.05)
<_io.TextIOWrapper name='<stderr>' mode='w' encoding='utf-8'> node index is 595
train linear regression time:  0.05421658372506499
(average_diff:0.0, max_diff:0.0, training_epochs:50, lr:0.05)
<_io.TextIOWrapper name='<stderr>' mode='w' encoding='utf-8'> node index is 593
train linear regression time:  0.05417341599240899
(average_diff:0.00011684696037007891, max_diff:0.00012159215923229771, training_epochs:50, lr:0.05)
<_io.TextIOWrapper name='<stderr>' mode='w' encoding='utf-8'> node index is 589
train linear regression time:  0.054118957836180925
(average_diff:0.0, max_diff:0.0, training_epochs:50, lr:0.05)
<_io.TextIOWrapper name='<stderr>' mode='w' encoding='utf-8'> node index is 583
train linear regression time:  0.055710624903440475
(average_diff:0.04866412812189772, max_diff:0.09827917063690092, training_epochs:50, lr:0.05)
<_io.TextIOWrapper name='<stderr>' mode='w' encoding='utf-8'> node index is 573
train linear regression time:  0.0546977911144495
(average_diff:0.016467004632281356, max_diff:0.03223703880728479, training_epochs:50, lr:0.05)
<_io.TextIOWrapper name='<stderr>' mode='w' encoding='utf-8'> node index is 563
train linear regression time:  0.054679375141859055
(average_diff:0.0022799024805213084, max_diff:0.0031038630346388596, training_epochs:50, lr:0.05)
<_io.TextIOWrapper name='<stderr>' mode='w' encoding='utf-8'> node index is 551
train linear regression time:  0.05417179176583886
(average_diff:0.0, max_diff:0.0, training_epochs:50, lr:0.05)
<_io.TextIOWrapper name='<stderr>' mode='w' encoding='utf-8'> node index is 545
train linear regression time:  0.0541532919742167
(average_diff:0.0033006197918350097, max_diff:0.005340146798679113, training_epochs:50, lr:0.05)
<_io.TextIOWrapper name='<stderr>' mode='w' encoding='utf-8'> node index is 369
train linear regression time:  0.05390766682103276
(average_diff:0.010308489658549802, max_diff:0.019156678110985315, training_epochs:50, lr:0.05)
<_io.TextIOWrapper name='<stderr>' mode='w' encoding='utf-8'> node index is 355
train linear regression time:  0.053883582819253206
(average_diff:0.019837633077563654, max_diff:0.04126880193600302, training_epochs:50, lr:0.05)
<_io.TextIOWrapper name='<stderr>' mode='w' encoding='utf-8'> node index is 341
train linear regression time:  0.053978875279426575
(average_diff:0.09736443899339035, max_diff:0.20851497547165987, training_epochs:50, lr:0.05)
<_io.TextIOWrapper name='<stderr>' mode='w' encoding='utf-8'> node index is 329
train linear regression time:  0.05387816671282053
(average_diff:0.02082642239051658, max_diff:0.03733068512092827, training_epochs:50, lr:0.05)
<_io.TextIOWrapper name='<stderr>' mode='w' encoding='utf-8'> node index is 317
train linear regression time:  0.05390979070216417
(average_diff:0.06775696042634814, max_diff:0.23278312728606512, training_epochs:50, lr:0.05)
<_io.TextIOWrapper name='<stderr>' mode='w' encoding='utf-8'> node index is 305
train linear regression time:  0.05400612484663725
(average_diff:0.007929877869647084, max_diff:0.012757888328689182, training_epochs:50, lr:0.05)
<_io.TextIOWrapper name='<stderr>' mode='w' encoding='utf-8'> node index is 289
train linear regression time:  0.05388600006699562
(average_diff:0.006000124888828728, max_diff:0.01148138714889535, training_epochs:50, lr:0.05)
<_io.TextIOWrapper name='<stderr>' mode='w' encoding='utf-8'> node index is 257
train linear regression time:  0.053883583284914494
(average_diff:0.07623789619229746, max_diff:0.20400312932809045, training_epochs:50, lr:0.05)
<_io.TextIOWrapper name='<stderr>' mode='w' encoding='utf-8'> node index is 243
train linear regression time:  0.054022209253162146
(average_diff:0.07340100070429337, max_diff:0.12481128663275975, training_epochs:50, lr:0.05)
<_io.TextIOWrapper name='<stderr>' mode='w' encoding='utf-8'> node index is 231
train linear regression time:  0.05719683272764087
(average_diff:0.09048370185892618, max_diff:0.18808191304257968, training_epochs:50, lr:0.05)
<_io.TextIOWrapper name='<stderr>' mode='w' encoding='utf-8'> node index is 217
train linear regression time:  0.05504304124042392
(average_diff:0.041645086734174296, max_diff:0.11422857487397153, training_epochs:50, lr:0.05)
<_io.TextIOWrapper name='<stderr>' mode='w' encoding='utf-8'> node index is 275
train linear regression time:  0.05387916695326567
(average_diff:0.015155147116472208, max_diff:0.02645017631975044, training_epochs:50, lr:0.05)
<_io.TextIOWrapper name='<stderr>' mode='w' encoding='utf-8'> node index is 259
train linear regression time:  0.05380099965259433
(average_diff:0.04201826352455756, max_diff:0.0767821769460647, training_epochs:50, lr:0.05)
<_io.TextIOWrapper name='<stderr>' mode='w' encoding='utf-8'> node index is 245
train linear regression time:  0.05392479104921222
(average_diff:0.03313978623370606, max_diff:0.21519704157283936, training_epochs:50, lr:0.05)
<_io.TextIOWrapper name='<stderr>' mode='w' encoding='utf-8'> node index is 233
train linear regression time:  0.054250875022262335
(average_diff:0.0003365150439998549, max_diff:0.0006806883952316101, training_epochs:50, lr:0.05)
<_io.TextIOWrapper name='<stderr>' mode='w' encoding='utf-8'> node index is 219
train linear regression time:  0.05476162489503622
(average_diff:0.009847895685534713, max_diff:0.02409038669782082, training_epochs:50, lr:0.05)
<_io.TextIOWrapper name='<stderr>' mode='w' encoding='utf-8'> node index is 205
train linear regression time:  0.05389158288016915
(average_diff:0.021682892216888277, max_diff:0.04921004027699549, training_epochs:50, lr:0.05)
<_io.TextIOWrapper name='<stderr>' mode='w' encoding='utf-8'> node index is 197
train linear regression time:  0.053886791691184044
(average_diff:0.030507551008119953, max_diff:0.09563560429051238, training_epochs:50, lr:0.05)
<_io.TextIOWrapper name='<stderr>' mode='w' encoding='utf-8'> node index is 189
train linear regression time:  0.05397829180583358
(average_diff:0.039788159184139034, max_diff:0.18671122288267283, training_epochs:50, lr:0.05)
<_io.TextIOWrapper name='<stderr>' mode='w' encoding='utf-8'> node index is 181
train linear regression time:  0.053868125192821026
(average_diff:0.02408433309503999, max_diff:0.07405888188884968, training_epochs:50, lr:0.05)
<_io.TextIOWrapper name='<stderr>' mode='w' encoding='utf-8'> node index is 173
train linear regression time:  0.054021041840314865
(average_diff:0.02778429397419347, max_diff:0.1132446301350114, training_epochs:50, lr:0.05)
<_io.TextIOWrapper name='<stderr>' mode='w' encoding='utf-8'> node index is 163
train linear regression time:  0.0539946248754859
(average_diff:0.0, max_diff:0.0, training_epochs:50, lr:0.05)
<_io.TextIOWrapper name='<stderr>' mode='w' encoding='utf-8'> node index is 153
train linear regression time:  0.05415233410894871
(average_diff:0.007916213197687011, max_diff:0.015139130787641397, training_epochs:50, lr:0.05)
<_io.TextIOWrapper name='<stderr>' mode='w' encoding='utf-8'> node index is 221
train linear regression time:  0.05493804207071662
(average_diff:0.1190400607238864, max_diff:0.351414630189002, training_epochs:50, lr:0.05)
<_io.TextIOWrapper name='<stderr>' mode='w' encoding='utf-8'> node index is 207
train linear regression time:  0.05532808415591717
(average_diff:0.15662984838191327, max_diff:0.6763263850779426, training_epochs:50, lr:0.05)
<_io.TextIOWrapper name='<stderr>' mode='w' encoding='utf-8'> node index is 165
train linear regression time:  0.05634037544950843
(average_diff:0.1373087795775426, max_diff:0.3016151560726602, training_epochs:50, lr:0.05)
<_io.TextIOWrapper name='<stderr>' mode='w' encoding='utf-8'> node index is node index is 155
train linear regression time:  0.055385041050612926
(average_diff:0.16228067002238997, max_diff:0.32460398486292646, training_epochs:50, lr:0.05)
<_io.TextIOWrapper name='<stderr>' mode='w' encoding='utf-8'> node index is 149
train linear regression time:  0.05559933418408036
(average_diff:0.04838933889015391, max_diff:0.1538320603325349, training_epochs:50, lr:0.05)
<_io.TextIOWrapper name='<stderr>' mode='w' encoding='utf-8'> node index is 147
train linear regression time:  0.05503954226151109
(average_diff:0.050333894589277485, max_diff:0.16093330514444765, training_epochs:50, lr:0.05)
<_io.TextIOWrapper name='<stderr>' mode='w' encoding='utf-8'> node index is 143
train linear regression time:  0.05612537497654557
(average_diff:0.03839621705191125, max_diff:0.09582331629979257, training_epochs:50, lr:0.05)
<_io.TextIOWrapper name='<stderr>' mode='w' encoding='utf-8'> node index is 137
train linear regression time:  0.05581858288496733
(average_diff:0.045292822613582, max_diff:0.1495053397741335, training_epochs:50, lr:0.05)
<_io.TextIOWrapper name='<stderr>' mode='w' encoding='utf-8'> node index is 131
train linear regression time:  0.05561787495389581
(average_diff:0.029355868053848645, max_diff:0.06810565470212698, training_epochs:50, lr:0.05)
<_io.TextIOWrapper name='<stderr>' mode='w' encoding='utf-8'> node index is 123
train linear regression time:  0.05566025013104081
(average_diff:0.03373129888318119, max_diff:0.10257215958566257, training_epochs:50, lr:0.05)
<_io.TextIOWrapper name='<stderr>' mode='w' encoding='utf-8'> node index is 113
train linear regression time:  0.0554877920076251
(average_diff:0.09042913673962817, max_diff:0.5828717196228432, training_epochs:50, lr:0.05)
<_io.TextIOWrapper name='<stderr>' mode='w' encoding='utf-8'> node index is 103
train linear regression time:  0.0562629159539938
(average_diff:0.04191178147024994, max_diff:0.17456683066627943, training_epochs:50, lr:0.05)
<_io.TextIOWrapper name='<stderr>' mode='w' encoding='utf-8'> node index is 93
train linear regression time:  0.05587937496602535
(average_diff:0.024636922925709723, max_diff:0.08331182500366738, training_epochs:50, lr:0.05)
<_io.TextIOWrapper name='<stderr>' mode='w' encoding='utf-8'> node index is 139
train linear regression time:  0.055510916747152805
(average_diff:0.060266205131554125, max_diff:0.21892316030561637, training_epochs:50, lr:0.05)
<_io.TextIOWrapper name='<stderr>' mode='w' encoding='utf-8'> node index is 133
train linear regression time:  0.05517354095354676
(average_diff:0.034837782397138514, max_diff:0.23456902373230454, training_epochs:50, lr:0.05)
<_io.TextIOWrapper name='<stderr>' mode='w' encoding='utf-8'> node index is 125
train linear regression time:  0.054282667115330696
(average_diff:0.07899212186632978, max_diff:0.29461013228293514, training_epochs:50, lr:0.05)
<_io.TextIOWrapper name='<stderr>' mode='w' encoding='utf-8'> node index is 115
train linear regression time:  0.05558979185298085
(average_diff:0.07650474830641096, max_diff:0.31751586353132066, training_epochs:50, lr:0.05)
<_io.TextIOWrapper name='<stderr>' mode='w' encoding='utf-8'> node index is 105
train linear regression time:  0.05432779109105468
(average_diff:0.062428000201646766, max_diff:0.23087687981059213, training_epochs:50, lr:0.05)
<_io.TextIOWrapper name='<stderr>' mode='w' encoding='utf-8'> node index is 95
train linear regression time:  0.05417166696861386
(average_diff:0.06888512872573299, max_diff:0.24499943590157225, training_epochs:50, lr:0.05)
<_io.TextIOWrapper name='<stderr>' mode='w' encoding='utf-8'> node index is 85
train linear regression time:  0.05392900016158819
(average_diff:0.07913930880759243, max_diff:0.26540907505402284, training_epochs:50, lr:0.05)
<_io.TextIOWrapper name='<stderr>' mode='w' encoding='utf-8'> node index is 79
train linear regression time:  0.054071415681391954
(average_diff:0.10439074396285053, max_diff:0.44375259496905106, training_epochs:50, lr:0.05)
<_io.TextIOWrapper name='<stderr>' mode='w' encoding='utf-8'> node index is 73
train linear regression time:  0.05466029094532132
(average_diff:0.07892278091569718, max_diff:0.3556978767545006, training_epochs:50, lr:0.05)
<_io.TextIOWrapper name='<stderr>' mode='w' encoding='utf-8'> node index is 65
train linear regression time:  0.05393354222178459
(average_diff:0.0, max_diff:0.0, training_epochs:50, lr:0.05)
<_io.TextIOWrapper name='<stderr>' mode='w' encoding='utf-8'> node index is 575
train linear regression time:  0.05386799992993474
(average_diff:1.1102230246251565e-16, max_diff:1.1102230246251565e-16, training_epochs:50, lr:0.05)
<_io.TextIOWrapper name='<stderr>' mode='w' encoding='utf-8'> node index is 565
train linear regression time:  0.053898666985332966
(average_diff:0.0063949723468478825, max_diff:0.012033796428050858, training_epochs:50, lr:0.05)
<_io.TextIOWrapper name='<stderr>' mode='w' encoding='utf-8'> node index is 557
train linear regression time:  0.05387879069894552
(average_diff:0.0, max_diff:0.0, training_epochs:50, lr:0.05)
<_io.TextIOWrapper name='<stderr>' mode='w' encoding='utf-8'> node index is 553
train linear regression time:  0.05376437492668629
(average_diff:0.004972476442065721, max_diff:0.00504381063482473, training_epochs:50, lr:0.05)
<_io.TextIOWrapper name='<stderr>' mode='w' encoding='utf-8'> node index is 539
train linear regression time:  0.05386916687712073
(average_diff:0.00023140679155501478, max_diff:0.0003720184888653666, training_epochs:50, lr:0.05)
<_io.TextIOWrapper name='<stderr>' mode='w' encoding='utf-8'> node index is 523
train linear regression time:  0.053807290736585855
(average_diff:0.0012010854354689293, max_diff:0.001401653054564439, training_epochs:50, lr:0.05)
<_io.TextIOWrapper name='<stderr>' mode='w' encoding='utf-8'> node index is 513
train linear regression time:  0.05382224963977933
(average_diff:0.0, max_diff:0.0, training_epochs:50, lr:0.05)
<_io.TextIOWrapper name='<stderr>' mode='w' encoding='utf-8'> node index is 505
train linear regression time:  0.05489191599190235
(average_diff:0.018301237042611523, max_diff:0.03449898335157009, training_epochs:50, lr:0.05)
<_io.TextIOWrapper name='<stderr>' mode='w' encoding='utf-8'> node index is 495
train linear regression time:  0.053688999731093645
(average_diff:0.032029798524500955, max_diff:0.07005033040792856, training_epochs:50, lr:0.05)
<_io.TextIOWrapper name='<stderr>' mode='w' encoding='utf-8'> node index is 487
train linear regression time:  0.05394804198294878
(average_diff:0.09354965540705208, max_diff:0.553636211872832, training_epochs:50, lr:0.05)
<_io.TextIOWrapper name='<stderr>' mode='w' encoding='utf-8'> node index is 47
train linear regression time:  0.05474250018596649
(average_diff:3.506142658536715e-05, max_diff:5.6336873680631894e-05, training_epochs:50, lr:0.05)
<_io.TextIOWrapper name='<stderr>' mode='w' encoding='utf-8'> node index is 397
train linear regression time:  0.05412908270955086
(average_diff:0.08638634388592727, max_diff:0.2024804768188763, training_epochs:50, lr:0.05)
<_io.TextIOWrapper name='<stderr>' mode='w' encoding='utf-8'> node index is 383
train linear regression time:  0.05383925000205636
(average_diff:0.046926642363165516, max_diff:0.09085227345948149, training_epochs:50, lr:0.05)
<_io.TextIOWrapper name='<stderr>' mode='w' encoding='utf-8'> node index is 371
train linear regression time:  0.05380770796909928
(average_diff:0.17725271950359547, max_diff:0.5411999431994755, training_epochs:50, lr:0.05)
<_io.TextIOWrapper name='<stderr>' mode='w' encoding='utf-8'> node index is 357
train linear regression time:  0.05379058374091983
(average_diff:0.1354478605772722, max_diff:0.43457258632202256, training_epochs:50, lr:0.05)
<_io.TextIOWrapper name='<stderr>' mode='w' encoding='utf-8'> node index is 343
train linear regression time:  0.05382762476801872
(average_diff:0.1895611755792717, max_diff:0.4044183643734863, training_epochs:50, lr:0.05)
<_io.TextIOWrapper name='<stderr>' mode='w' encoding='utf-8'> node index is 331
train linear regression time:  0.05382720800116658
(average_diff:0.011527502689452518, max_diff:0.022925762831730423, training_epochs:50<_io.TextIOWrapper name='<stderr>' mode='w' encoding='utf-8'> node index is 319
train linear regression time:  0.05390066700056195
(average_diff:0.17700903225432688, max_diff:0.5273457141671011, training_epochs:50, lr:0.05)
<_io.TextIOWrapper name='<stderr>' mode='w' encoding='utf-8'> node index is 307
train linear regression time:  0.054057374596595764
(average_diff:0.036845955564537014, max_diff:0.0728398383888802, training_epochs:50, lr:0.05)
<_io.TextIOWrapper name='<stderr>' mode='w' encoding='utf-8'> node index is 293
train linear regression time:  0.053866667207330465
(average_diff:0.01761644343221916, max_diff:0.05105114401958266, training_epochs:50, lr:0.05)
<_io.TextIOWrapper name='<stderr>' mode='w' encoding='utf-8'> node index is 277
train linear regression time:  0.05385783314704895
(average_diff:0.017764909887575737, max_diff:0.03621553121770413, training_epochs:50, lr:0.05)
<_io.TextIOWrapper name='<stderr>' mode='w' encoding='utf-8'> node index is 261
train linear regression time:  0.054026625119149685
(average_diff:0.09123362432464585, max_diff:0.21191344772612508, training_epochs:50, lr:0.05)
<_io.TextIOWrapper name='<stderr>' mode='w' encoding='utf-8'> node index is 247
train linear regression time:  0.05414433404803276
(average_diff:0.025240441970548907, max_diff:0.04527551360259885, training_epochs:50, lr:0.05)
<_io.TextIOWrapper name='<stderr>' mode='w' encoding='utf-8'> node index is 533
train linear regression time:  0.05410679196938872
(average_diff:0.0021895316345340587, max_diff:0.0038813370014786353, training_epochs:50, lr:0.05)
<_io.TextIOWrapper name='<stderr>' mode='w' encoding='utf-8'> node index is 525
train linear regression time:  0.05372537486255169
(average_diff:2.4308089428715096e-05, max_diff:2.6568432991092017e-05, training_epochs:50, lr:0.05)
<_io.TextIOWrapper name='<stderr>' mode='w' encoding='utf-8'> node index is 515
train linear regression time:  0.05600183317437768
(average_diff:6.938893903907228e-17, max_diff:6.938893903907228e-17, training_epochs:50, lr:0.05)
<_io.TextIOWrapper name='<stderr>' mode='w' encoding='utf-8'> node index is 503
train linear regression time:  0.05512237502261996
(average_diff:0.08631857360196757, max_diff:0.14206237126496285, training_epochs:50, lr:0.05)
<_io.TextIOWrapper name='<stderr>' mode='w' encoding='utf-8'> node index is 497
train linear regression time:  0.055009457748383284
(average_diff:2.7755575615628914e-17, max_diff:2.7755575615628914e-17, training_epochs:50, lr:0.05)
<_io.TextIOWrapper name='<stderr>' mode='w' encoding='utf-8'> node index is 489
train linear regression time:  0.05314333364367485
(average_diff:0.0, max_diff:0.0, training_epochs:50, lr:0.05)
<_io.TextIOWrapper name='<stderr>' mode='w' encoding='utf-8'> node index is 483
train linear regression time:  0.053979416843503714
(average_diff:0.0, max_diff:0.0, training_epochs:50, lr:0.05)
<_io.TextIOWrapper name='<stderr>' mode='w' encoding='utf-8'> node index is 479
train linear regression time:  0.05424533411860466
(average_diff:0.024461721039959722, max_diff:0.04915250002804572, training_epochs:50, lr:0.05)
<_io.TextIOWrapper name='<stderr>' mode='w' encoding='utf-8'> node index is 463
train linear regression time:  0.05404041660949588
(average_diff:0.0064446618918228005, max_diff:0.013121380060127086, training_epochs:50, lr:0.05)
<_io.TextIOWrapper name='<stderr>' mode='w' encoding='utf-8'> node index is 459
train linear regression time:  0.054124374873936176
(average_diff:2.0319856908201928e-12, max_diff:2.2429835766502038e-12, training_epochs:50, lr:0.05)
<_io.TextIOWrapper name='<stderr>' mode='w' encoding='utf-8'> node index is 451
train linear regression time:  0.05394087499007583
(average_diff:0.0, max_diff:0.0, training_epochs:50, lr:0.05)
<_io.TextIOWrapper name='<stderr>' mode='w' encoding='utf-8'> node index is 439
train linear regression time:  0.05386875011026859
(average_diff:0.007959688990622512, max_diff:0.01826231193936123, training_epochs:50, lr:0.05)
<_io.TextIOWrapper name='<stderr>' mode='w' encoding='utf-8'> node index is 437
train linear regression time:  0.054173041600733995
(average_diff:0.03419151152803552, max_diff:0.0804381956049472, training_epochs:50, lr:0.05)
<_io.TextIOWrapper name='<stderr>' mode='w' encoding='utf-8'> node index is 117
train linear regression time:  0.05388933280482888
(average_diff:0.021431499094461893, max_diff:0.05984845941767793, training_epochs:50, lr:0.05)
<_io.TextIOWrapper name='<stderr>' mode='w' encoding='utf-8'> node index is 107
train linear regression time:  0.05399804236367345
(average_diff:0.03491217226516443, max_diff:0.1437765431928716, training_epochs:50, lr:0.05)
<_io.TextIOWrapper name='<stderr>' mode='w' encoding='utf-8'> node index is 97
train linear regression time:  0.054018665570765734
(average_diff:0.049658833364936726, max_diff:0.15970979606126567, training_epochs:50, lr:0.05)
<_io.TextIOWrapper name='<stderr>' mode='w' encoding='utf-8'> node index is 87
train linear regression time:  0.054056667257100344
(average_diff:0.05919568470594793, max_diff:0.3215007803979991, training_epochs:50, lr:0.05)
<_io.TextIOWrapper name='<stderr>' mode='w' encoding='utf-8'> node index is 81
train linear regression time:  0.05488045793026686
(average_diff:0.07263792415008852, max_diff:0.28580638381281187, training_epochs:50, lr:0.05)
<_io.TextIOWrapper name='<stderr>' mode='w' encoding='utf-8'> node index is 75
train linear regression time:  0.05454337503761053
(average_diff:0.10968046876271689, max_diff:0.18396142218309286, training_epochs:50, lr:0.05)
<_io.TextIOWrapper name='<stderr>' mode='w' encoding='utf-8'> node index is 567
train linear regression time:  0.053823750000447035
(average_diff:1.3964718270642607e-11, max_diff:1.563907336965542e-11, training_epochs:50, lr:0.05)
<_io.TextIOWrapper name='<stderr>' mode='w' encoding='utf-8'> node index is 559
train linear regression time:  0.05371908424422145
(average_diff:0.00012338232485911704, max_diff:0.00012621609782373366, training_epochs:50, lr:0.05)
<_io.TextIOWrapper name='<stderr>' mode='w' encoding='utf-8'> node index is 555
train linear regression time:  0.05389241594821215
(average_diff:0.02193541278754569, max_diff:0.045792627366318506, training_epochs:50, lr:0.05)
<_io.TextIOWrapper name='<stderr>' mode='w' encoding='utf-8'> node index is 547
train linear regression time:  0.05389370862394571
(average_diff:0.00019953333631157755, max_diff:0.00020984411487903754, training_epochs:50, lr:0.05)
<_io.TextIOWrapper name='<stderr>' mode='w' encoding='utf-8'> node index is 527
train linear regression time:  0.05526879196986556
(average_diff:0.03977618590260927, max_diff:0.05596347979696395, training_epochs:50, lr:0.05)
<_io.TextIOWrapper name='<stderr>' mode='w' encoding='utf-8'> node index is 507
train linear regression time:  0.05502258287742734
(average_diff:0.1557189285347339, max_diff:0.6144054037684417, training_epochs:50, lr:0.05)
<_io.TextIOWrapper name='<stderr>' mode='w' encoding='utf-8'> node index is 59
train linear regression time:  0.05455129174515605
<_io.TextIOWrapper name='<stderr>' mode='w' encoding='utf-8'> variance test passed, diff=0.05437839385970914, d = 0, back=0
<_io.TextIOWrapper name='<stderr>' mode='w' encoding='utf-8'> Will be split, p=0.05437839385970914, d=0, back=0
(average_diff:0.15894400280207022, max_diff:0.5953548158036409, training_epochs:50, lr:0.05)
<_io.TextIOWrapper name='<stderr>' mode='w' encoding='utf-8'> node index is 610
train linear regression time:  0.05460216570645571
(average_diff:7.488557174362143e-08, max_diff:7.488557174362143e-08, training_epochs:50, lr:0.05)
<_io.TextIOWrapper name='<stderr>' mode='w' encoding='utf-8'> node index is 611
train linear regression time:  0.05380087485536933
(average_diff:0.09258272111554357, max_diff:0.41924096797887334, training_epochs:50, lr:0.05)
<_io.TextIOWrapper name='<stderr>' mode='w' encoding='utf-8'> node index is 49
train linear regression time:  0.05401829071342945
(average_diff:5.551115123125783e-17, max_diff:1.1102230246251565e-16, training_epochs:50, lr:0.05)
<_io.TextIOWrapper name='<stderr>' mode='w' encoding='utf-8'> node index is 569
train linear regression time:  0.05375370.05373974982649088
(average_diff:0.0, max_diff:0.0, training_epochs:50, lr:0.05)
<_io.TextIOWrapper name='<stderr>' mode='w' encoding='utf-8'> node index is 561
train linear regression time:  0.05387075012549758
(average_diff:1.6653345369377348e-16, max_diff:1.6653345369377348e-16, training_epochs:50, lr:0.05)
<_io.TextIOWrapper name='<stderr>' mode='w' encoding='utf-8'> node index is 543
train linear regression time:  0.053799333050847054
(average_diff:7.426137760280227e-10, max_diff:7.438356042221983e-10, training_epochs:50, lr:0.05)
<_io.TextIOWrapper name='<stderr>' mode='w' encoding='utf-8'> node index is 535
train linear regression time:  0.053803292103111744
(average_diff:0.004987068475999008, max_diff:0.008338472912895856, training_epochs:50, lr:0.05)
<_io.TextIOWrapper name='<stderr>' mode='w' encoding='utf-8'> node index is 529
train linear regression time:  0.05369979189708829
(average_diff:1.1102230246251565e-16, max_diff:1.1102230246251565e-16, training_epochs:50, lr:0.05)
<_io.TextIOWrapper name='<stderr>' mode='w' encoding='utf-8'> node index is 517
train linear regression time:  0.054699667263776064
(average_diff:0.0007503883594784377, max_diff:0.0007727486903612579, training_epochs:50, lr:0.05)
<_io.TextIOWrapper name='<stderr>' mode='w' encoding='utf-8'> node index is 509
train linear regression time:  0.05408425023779273
(average_diff:0.0, max_diff:0.0, training_epochs:50, lr:0.05)
<_io.TextIOWrapper name='<stderr>' mode='w' encoding='utf-8'> node index is 499
train linear regression time:  0.05381008377298713
(average_diff:0.004077089730031402, max_diff:0.007224768572215656, training_epochs:50, lr:0.05)
<_io.TextIOWrapper name='<stderr>' mode='w' encoding='utf-8'> node index is 491
train linear regression time:  0.05387704120948911
(average_diff:0.009265411365171946, max_diff:0.015673649696035657, training_epochs:50, lr:0.05)
<_io.TextIOWrapper name='<stderr>' mode='w' encoding='utf-8'> node index is 385
train linear regression time:  0.053768415935337543
(average_diff:0.12174341809825949, max_diff:0.25574234729183354, training_epochs:50, lr:0.05)
<_io.TextIOWrapper name='<stderr>' mode='w' encoding='utf-8'> node index is 373
train linear regression time:  0.05399533314630389
(average_diff:0.0, max_diff:0.0, training_epochs:50, lr:0.05)
<_io.TextIOWrapper name='<stderr>' mode='w' encoding='utf-8'> node index is 359
train linear regression time:  0.05366799980401993
(average_diff:0.07234077927462096, max_diff:0.21690840629774627, training_epochs:50, lr:0.05)
<_io.TextIOWrapper name='<stderr>' mode='w' encoding='utf-8'> node index is 345
train linear regression time:  0.054325916804373264
(average_diff:0.09086559946192369, max_diff:0.1790362142207901, training_epochs:50, lr:0.05)
<_io.TextIOWrapper name='<stderr>' mode='w' encoding='utf-8'> node index is 321
train linear regression time:  0.054649540688842535
(average_diff:0.07951201951375617, max_diff:0.1203075405092649, training_epochs:50, lr:0.05)
<_io.TextIOWrapper name='<stderr>' mode='w' encoding='utf-8'> node index is 295
train linear regression time:  0.053808874916285276
(average_diff:0.20006257856646958, max_diff:0.33359976740955877, training_epochs:50, lr:0.05)
<_io.TextIOWrapper name='<stderr>' mode='w' encoding='utf-8'> node index is 279
train linear regression time:  0.05401800014078617
(average_diff:0.021147210091582665, max_diff:0.03557132013987929, training_epochs:50, lr:0.05)
<_io.TextIOWrapper name='<stderr>' mode='w' encoding='utf-8'> node index is 263
train linear regression time:  0.053031083196401596
(average_diff:0.06402935793365465, max_diff:0.22632560285804101, training_epochs:50, lr:0.05)
<_io.TextIOWrapper name='<stderr>' mode='w' encoding='utf-8'> node index is 249
train linear regression time:  0.05416129203513265
(average_diff:0.05502028402155023, max_diff:0.10985550379854947, training_epochs:50, lr:0.05)
<_io.TextIOWrapper name='<stderr>' mode='w' encoding='utf-8'> node index is 237
train linear regression time:  0.054221208207309246
(average_diff:0.020860572248026947, max_diff:0.050248334433551506, training_epochs:50, lr:0.05)
<_io.TextIOWrapper name='<stderr>' mode='w' encoding='utf-8'> node index is 265
train linear regression time:  0.05425966717302799
(average_diff:0.0, max_diff:0.0, training_epochs:50, lr:0.05)
<_io.TextIOWrapper name='<stderr>' mode='w' encoding='utf-8'> node index is 251
train linear regression time:  0.05431241588667035
(average_diff:0.07459880838959919, max_diff:0.37122443668708094, training_epochs:50, lr:0.05)
<_io.TextIOWrapper name='<stderr>' mode='w' encoding='utf-8'> node index is 239
train linear regression time:  0.0542772919870913
(average_diff:0.06983787776339419, max_diff:0.19581382024179578, training_epochs:50, lr:0.05)
<_io.TextIOWrapper name='<stderr>' mode='w' encoding='utf-8'> node index is 223
train linear regression time:  0.054200416430830956
(average_diff:0.013460989117337344, max_diff:0.027615772480877154, training_epochs:50, lr:0.05)
<_io.TextIOWrapper name='<stderr>' mode='w' encoding='utf-8'> node index is 209
train linear regression time:  0.05414979159832001
(average_diff:0.08524310265913829, max_diff:0.17580633286034325, training_epochs:50, lr:0.05)
<_io.TextIOWrapper name='<stderr>' mode='w' encoding='utf-8'> node index is 199
train linear regression time:  0.05431441590189934
(average_diff:0.10306057411488678, max_diff:0.40793703921431645, training_epochs:50, lr:0.05)
<_io.TextIOWrapper name='<stderr>' mode='w' encoding='utf-8'> node index is 191
train linear regression time:  0.05421966593712568
(average_diff:0.11518098552087111, max_diff:0.2007531614665971, training_epochs:50, lr:0.05)
<_io.TextIOWrapper name='<stderr>' mode='w' encoding='utf-8'> node index is 183
train linear regression time:  0.05417391564697027
(average_diff:0.10880539804351516, max_diff:0.2256038183868948, training_epochs:50, lr:0.05)
<_io.TextIOWrapper name='<stderr>' mode='w' encoding='utf-8'> node index is 175
train linear regression time:  0.054226208943873644
(average_diff:0.09170078063082655, max_diff:0.26197889985054107, training_epochs:50, lr:0.05)
<_io.TextIOWrapper name='<stderr>' mode='w' encoding='utf-8'> node index is 167
train linear regression time:  0.05423062480986118
(average_diff:0.10237887171322847, max_diff:0.42008606921502856, training_epochs:50, lr:0.05)
<_io.TextIOWrapper name='<stderr>' mode='w' encoding='utf-8'> node index is 157
train linear regression time:  0.05427716672420502
(average_diff:0.0, max_diff:0.0, training_epochs:50, lr:0.05)
<_io.TextIOWrapper name='<stderr>' mode='w' encoding='utf-8'> node index is 323
train linear regression time:  0.05428916634991765
(average_diff:0.0, max_diff:0.0, training_epochs:50, lr:0.05)
<_io.TextIOWrapper name='<stderr>' mode='w' encoding='utf-8'> node index is 309
train linear regression time:  0.054007917176932096
(average_diff:0.08799568970297403, max_diff:0.17551495129687972, training_epochs:50, lr:0.05)
<_io.TextIOWrapper name='<stderr>' mode='w' encoding='utf-8'> node index is 297
train linear regression time:  0.05482233315706253
(average_diff:0.15560787432106502, max_diff:0.2642419811736415, training_epochs:50, lr:0.05)
<_io.TextIOWrapper name='<stderr>' mode='w' encoding='utf-8'> node index is 283
train linear regression time:  0.05383962485939264
(average_diff:0.07306976776844994, max_diff:0.20942111730463836, training_epochs:50, lr:0.05)
<_io.TextIOWrapper name='<stderr>' mode='w' encoding='utf-8'> node index is 267
train linear regression time:  0.0541042503900826
(average_diff:0.17224698410740358, max_diff:0.6439151356010917, training_epochs:50, lr:0.05)
<_io.TextIOWrapper name='<stderr>' mode='w' encoding='utf-8'> node index is 225
train linear regression time:  0.05386016704142094
(average_diff:0.21328623100600774, max_diff:0.4422283157607445, training_epochs:50, lr:0.05)
<_io.TextIOWrapper name='<stderr>' mode='w' encoding='utf-8'> node index is 211
train linear regression time:  0.05397274997085333
(average_diff:0.13134995629560328, max_diff:0.3183203712713673, training_epochs:50, lr:0.05)
<_io.TextIOWrapper name='<stderr>' mode='w' encoding='utf-8'> node index is 185
train linear regression time:  0.05383(average_diff:0.10738853130409169, max_diff:0.5041415931863265, training_epochs:50, lr:0.05)
<_io.TextIOWrapper name='<stderr>' mode='w' encoding='utf-8'> node index is 177
train linear regression time:  0.05407183291390538
(average_diff:0.19182141222380877, max_diff:0.5818498977525891, training_epochs:50, lr:0.05)
<_io.TextIOWrapper name='<stderr>' mode='w' encoding='utf-8'> node index is 169
train linear regression time:  0.05396283324807882
(average_diff:0.061351304963282484, max_diff:0.15533866679190456, training_epochs:50, lr:0.05)
<_io.TextIOWrapper name='<stderr>' mode='w' encoding='utf-8'> node index is 159
train linear regression time:  0.05466487491503358
(average_diff:0.11821470916668408, max_diff:0.2702857461553919, training_epochs:50, lr:0.05)
<_io.TextIOWrapper name='<stderr>' mode='w' encoding='utf-8'> node index is 151
train linear regression time:  0.05990716675296426
(average_diff:0.039101938372415164, max_diff:0.09923574737182117, training_epochs:50, lr:0.05)
<_io.TextIOWrapper name='<stderr>' mode='w' encoding='utf-8'> node index is 135
train linear regression time:  0.05494920862838626
(average_diff:0.05392755383231152, max_diff:0.0970099943396335, training_epochs:50, lr:0.05)
<_io.TextIOWrapper name='<stderr>' mode='w' encoding='utf-8'> node index is 129
train linear regression time:  0.053834499791264534
(average_diff:0.03496105868923252, max_diff:0.1321473625158348, training_epochs:50, lr:0.05)
<_io.TextIOWrapper name='<stderr>' mode='w' encoding='utf-8'> node index is 119
train linear regression time:  0.05396525003015995
(average_diff:0.03886905972047303, max_diff:0.11031718496641357, training_epochs:50, lr:0.05)
<_io.TextIOWrapper name='<stderr>' mode='w' encoding='utf-8'> node index is 109
train linear regression time:  0.053952458780258894
(average_diff:0.04134962540610058, max_diff:0.1611097259972522, training_epochs:50, lr:0.05)
<_io.TextIOWrapper name='<stderr>' mode='w' encoding='utf-8'> node index is 99
train linear regression time:  0.054011874832212925
(average_diff:2.7755575615628914e-17, max_diff:2.7755575615628914e-17, training_epochs:50, lr:0.05)
<_io.TextIOWrapper name='<stderr>' mode='w' encoding='utf-8'> node index is 447
train linear regression time:  0.053959083277732134
(average_diff:0.019754008110028504, max_diff:0.04039423710318801, training_epochs:50, lr:0.05)
<_io.TextIOWrapper name='<stderr>' mode='w' encoding='utf-8'> node index is 441
train linear regression time:  0.05395962484180927
(average_diff:0.01384514285357937, max_diff:0.032243491817405184, training_epochs:50, lr:0.05)
<_io.TextIOWrapper name='<stderr>' mode='w' encoding='utf-8'> node index is 435
train linear regression time:  0.053833166137337685
(average_diff:0.0, max_diff:0.0, training_epochs:50, lr:0.05)
<_io.TextIOWrapper name='<stderr>' mode='w' encoding='utf-8'> node index is 429
train linear regression time:  0.05401474982500076
(average_diff:0.0006518236857978495, max_diff:0.0009733040930302861, training_epochs:50, lr:0.05)
<_io.TextIOWrapper name='<stderr>' mode='w' encoding='utf-8'> node index is 421
train linear regression time:  0.054355042055249214
(average_diff:0.006745943274221132, max_diff:0.18190861597544505, training_epochs:50, lr:0.05)
<_io.TextIOWrapper name='<stderr>' mode='w' encoding='utf-8'> node index is 69
train linear regression time:  0.05564875015988946
(average_diff:0.07561802902878162, max_diff:0.24656029514660682, training_epochs:50, lr:0.05)
<_io.TextIOWrapper name='<stderr>' mode='w' encoding='utf-8'> node index is 61
train linear regression time:  0.05416624993085861
(average_diff:0.09442489823862038, max_diff:0.4798256345648504, training_epochs:50, lr:0.05)
<_io.TextIOWrapper name='<stderr>' mode='w' encoding='utf-8'> node index is 53
train linear regression time:  0.054318665992468596
(average_diff:0.027245922344410707, max_diff:0.05209360719758788, training_epochs:50, lr:0.05)
<_io.TextIOWrapper name='<stderr>' mode='w' encoding='utf-8'> node index is 401
train linear regression time:  0.054131540935486555
(average_diff:0.04526182900055378, max_diff:0.06983156663830645, training_epochs:50, lr:0.05)
<_io.TextIOWrapper name='<stderr>' mode='w' encoding='utf-8'> node index is 387
train linear regression time:  0.05482858419418335
(average_diff:0.009198296150227275, max_diff:0.020676721305889434, training_epochs:50, lr:0.05)
<_io.TextIOWrapper name='<stderr>' mode='w' encoding='utf-8'> node index is 375
train linear regression time:  0.05387595808133483
(average_diff:0.03511325060540451, max_diff:0.05992371111129824, training_epochs:50, lr:0.05)
<_io.TextIOWrapper name='<stderr>' mode='w' encoding='utf-8'> node index is 361
train linear regression time:  0.053942374885082245
(average_diff:0.041326906449368185, max_diff:0.06920336083178436, training_epochs:50, lr:0.05)
<_io.TextIOWrapper name='<stderr>' mode='w' encoding='utf-8'> node index is 347
train linear regression time:  0.05388049967586994
(average_diff:0.15864947318244388, max_diff:0.29692926319273394, training_epochs:50, lr:0.05)
<_io.TextIOWrapper name='<stderr>' mode='w' encoding='utf-8'> node index is 311
train linear regression time:  0.05379649996757507
(average_diff:0.06517178605535186, max_diff:0.14439563847707043, training_epochs:50, lr:0.05)
<_io.TextIOWrapper name='<stderr>' mode='w' encoding='utf-8'> node index is 299
train linear regression time:  0.05375933274626732
(average_diff:0.11058557027571825, max_diff:0.4605288564371927, training_epochs:50, lr:0.05)
<_io.TextIOWrapper name='<stderr>' mode='w' encoding='utf-8'> node index is 285
train linear regression time:  0.05391845805570483
(average_diff:0.1067990161979972, max_diff:0.3217325796671461, training_epochs:50, lr:0.05)
<_io.TextIOWrapper name='<stderr>' mode='w' encoding='utf-8'> node index is 269
train linear regression time:  0.05397812509909272
(average_diff:0.011706358898161906, max_diff:0.017001065935139892, training_epochs:50, lr:0.05)
<_io.TextIOWrapper name='<stderr>' mode='w' encoding='utf-8'> node index is 415
train linear regression time:  0.05412108404561877
(average_diff:0.0112384925870401, max_diff:0.016231808759731042, training_epochs:50, lr:0.05)
<_io.TextIOWrapper name='<stderr>' mode='w' encoding='utf-8'> node index is 411
train linear regression time:  0.054057749919593334
(average_diff:1.4952900029285843e-12, max_diff:1.613265077082815e-12, training_epochs:50, lr:0.05)
<_io.TextIOWrapper name='<stderr>' mode='w' encoding='utf-8'> node index is 403
train linear regression time:  0.05408654175698757
(average_diff:0.07067926877270099, max_diff:0.1347721131484293, training_epochs:50, lr:0.05)
<_io.TextIOWrapper name='<stderr>' mode='w' encoding='utf-8'> node index is 389
train linear regression time:  0.05395929096266627
(average_diff:0.040112500687877486, max_diff:0.08437630719820921, training_epochs:50, lr:0.05)
<_io.TextIOWrapper name='<stderr>' mode='w' encoding='utf-8'> node index is 377
train linear regression time:  0.05370195768773556
(average_diff:0.007952055118935842, max_diff:0.015915056723552923, training_epochs:50, lr:0.05)
<_io.TextIOWrapper name='<stderr>' mode='w' encoding='utf-8'> node index is 363
train linear regression time:  0.05706479120999575
(average_diff:0.067246372717197, max_diff:0.11710741631805816, training_epochs:50, lr:0.05)
<_io.TextIOWrapper name='<stderr>' mode='w' encoding='utf-8'> node index is 349
train linear regression time:  0.054646916687488556
(average_diff:0.046464918135952354, max_diff:0.08859460844490619, training_epochs:50, lr:0.05)
<_io.TextIOWrapper name='<stderr>' mode='w' encoding='utf-8'> node index is 335
train linear regression time:  0.05498216627165675
(average_diff:0.01109528247580282, max_diff:0.013021472844596427, training_epochs:50, lr:0.05)
<_io.TextIOWrapper name='<stderr>' mode='w' encoding='utf-8'> node index is 325
train linear regression time:  0.055706124752759933
(average_diff:0.1281480641841931, max_diff:0.4030117070374318, training_epochs:50, lr:0.05)
<_io.TextIOWrapper name='<stderr>' mode='w' encoding='utf-8'> node index is 313
train linear regression time:  0.05621766718104482
(average_diff:1.1102230246251565e-16, max_diff:1.1102230246251565e-16, training_epochs:50, lr:0.05)
<_io.TextI<_io.TextIOWrapper name='<stderr>' mode='w' encoding='utf-8'> node index is 443
train linear regression time:  0.05529904179275036
(average_diff:0.10162933652162075, max_diff:0.2236601932150883, training_epochs:50, lr:0.05)
<_io.TextIOWrapper name='<stderr>' mode='w' encoding='utf-8'> node index is 431
train linear regression time:  0.054468332789838314
(average_diff:0.0, max_diff:0.0, training_epochs:50, lr:0.05)
<_io.TextIOWrapper name='<stderr>' mode='w' encoding='utf-8'> node index is 425
train linear regression time:  0.05487287463620305
(average_diff:0.0009856537424066854, max_diff:0.0014439862562354855, training_epochs:50, lr:0.05)
<_io.TextIOWrapper name='<stderr>' mode='w' encoding='utf-8'> node index is 419
train linear regression time:  0.056836791802197695
(average_diff:0.00043801640172245565, max_diff:0.0006572228879813125, training_epochs:50, lr:0.05)
<_io.TextIOWrapper name='<stderr>' mode='w' encoding='utf-8'> node index is 413
train linear regression time:  0.057090708054602146
(average_diff:0.021435131851829804, max_diff:0.02880060720855715, training_epochs:50, lr:0.05)
<_io.TextIOWrapper name='<stderr>' mode='w' encoding='utf-8'> node index is 405
train linear regression time:  0.05468950001522899
(average_diff:0.0, max_diff:0.0, training_epochs:50, lr:0.05)
<_io.TextIOWrapper name='<stderr>' mode='w' encoding='utf-8'> node index is 391
train linear regression time:  0.054451750125736
(average_diff:9.880984919163893e-15, max_diff:1.0103029524088925e-14, training_epochs:50, lr:0.05)
<_io.TextIOWrapper name='<stderr>' mode='w' encoding='utf-8'> node index is 379
train linear regression time:  0.05423812521621585
(average_diff:0.04196365003053315, max_diff:0.13166481589340517, training_epochs:50, lr:0.05)
<_io.TextIOWrapper name='<stderr>' mode='w' encoding='utf-8'> node index is 365
train linear regression time:  0.054231374990195036
(average_diff:0.04946823614019246, max_diff:0.07330857921675626, training_epochs:50, lr:0.05)
<_io.TextIOWrapper name='<stderr>' mode='w' encoding='utf-8'> node index is 351
train linear regression time:  0.054244874976575375
(average_diff:3.857058881243103e-06, max_diff:3.979415413385423e-06, training_epochs:50, lr:0.05)
<_io.TextIOWrapper name='<stderr>' mode='w' encoding='utf-8'> node index is 337
train linear regression time:  0.0541061251424253
(average_diff:0.136472351768738, max_diff:0.5113465636173071, training_epochs:50, lr:0.05)
<_io.TextIOWrapper name='<stderr>' mode='w' encoding='utf-8'> node index is 393
train linear regression time:  0.05432933382689953
(average_diff:0.02865075137637711, max_diff:0.0433793680163328, training_epochs:50, lr:0.05)
<_io.TextIOWrapper name='<stderr>' mode='w' encoding='utf-8'> node index is 301
train linear regression time:  0.0541124171577394
(average_diff:0.12234928719131387, max_diff:0.26762202118837164, training_epochs:50, lr:0.05)
<_io.TextIOWrapper name='<stderr>' mode='w' encoding='utf-8'> node index is 271
train linear regression time:  0.05423262482509017
(average_diff:0.15199986866010456, max_diff:0.3076130195778263, training_epochs:50, lr:0.05)
<_io.TextIOWrapper name='<stderr>' mode='w' encoding='utf-8'> node index is 253
train linear regression time:  0.05419591721147299
(average_diff:0.1813362562168539, max_diff:0.4535694725090913, training_epochs:50, lr:0.05)
<_io.TextIOWrapper name='<stderr>' mode='w' encoding='utf-8'> node index is 227
train linear regression time:  0.054135499987751245
(average_diff:0.15168173504019494, max_diff:0.35612205047005985, training_epochs:50, lr:0.05)
<_io.TextIOWrapper name='<stderr>' mode='w' encoding='utf-8'> node index is 213
train linear regression time:  0.05543525004759431
(average_diff:0.06266879336876546, max_diff:0.1576139548748048, training_epochs:50, lr:0.05)
<_io.TextIOWrapper name='<stderr>' mode='w' encoding='utf-8'> node index is 201
train linear regression time:  0.054240917321294546
(average_diff:2.7755575615628914e-17, max_diff:5.551115123125783e-17, training_epochs:50, lr:0.05)
<_io.TextIOWrapper name='<stderr>' mode='w' encoding='utf-8'> node index is 193
train linear regression time:  0.054129333700984716
(average_diff:0.029669267386801947, max_diff:0.08107469755424718, training_epochs:50, lr:0.05)
<_io.TextIOWrapper name='<stderr>' mode='w' encoding='utf-8'> node index is 187
train linear regression time:  0.054072458297014236
(average_diff:0.043461880177228206, max_diff:0.13443745493055193, training_epochs:50, lr:0.05)
<_io.TextIOWrapper name='<stderr>' mode='w' encoding='utf-8'> node index is 179
train linear regression time:  0.054071290884166956
(average_diff:0.0, max_diff:0.0, training_epochs:50, lr:0.05)
<_io.TextIOWrapper name='<stderr>' mode='w' encoding='utf-8'> node index is 171
train linear regression time:  0.05406670784577727
(average_diff:0.11032537689845483, max_diff:0.27892132709111456, training_epochs:50, lr:0.05)
<_io.TextIOWrapper name='<stderr>' mode='w' encoding='utf-8'> node index is 161
train linear regression time:  0.054110290948301554
(average_diff:2.6694108151148477e-06, max_diff:4.190658727087904e-06, training_epochs:50, lr:0.05)
<_io.TextIOWrapper name='<stderr>' mode='w' encoding='utf-8'> node index is 367
train linear regression time:  0.054177832789719105
(average_diff:0.0, max_diff:0.0, training_epochs:50, lr:0.05)
<_io.TextIOWrapper name='<stderr>' mode='w' encoding='utf-8'> node index is 353
train linear regression time:  0.0540611669421196
(average_diff:1.2810155523235167e-05, max_diff:1.2958698849097061e-05, training_epochs:50, lr:0.05)
<_io.TextIOWrapper name='<stderr>' mode='w' encoding='utf-8'> node index is 339
train linear regression time:  0.05404112488031387
(average_diff:0.02586034055511065, max_diff:0.08431406165693789, training_epochs:50, lr:0.05)
<_io.TextIOWrapper name='<stderr>' mode='w' encoding='utf-8'> node index is 327
train linear regression time:  0.05409016693010926
(average_diff:0.027451017763650488, max_diff:0.14989610149267585, training_epochs:50, lr:0.05)
<_io.TextIOWrapper name='<stderr>' mode='w' encoding='utf-8'> node index is 315
train linear regression time:  0.05406933277845383
(average_diff:0.01365951909216423, max_diff:0.028720689180981473, training_epochs:50, lr:0.05)
<_io.TextIOWrapper name='<stderr>' mode='w' encoding='utf-8'> node index is 303
train linear regression time:  0.0538048748858273
(average_diff:0.040488807820017764, max_diff:0.08383415491122137, training_epochs:50, lr:0.05)
<_io.TextIOWrapper name='<stderr>' mode='w' encoding='utf-8'> node index is 287
train linear regression time:  0.054173875134438276
(average_diff:0.19823020244618159, max_diff:0.43182961284440685, training_epochs:50, lr:0.05)
<_io.TextIOWrapper name='<stderr>' mode='w' encoding='utf-8'> node index is 273
train linear regression time:  0.053915958385914564
(average_diff:0.09052459749158424, max_diff:0.5350056139075039, training_epochs:50, lr:0.05)
<_io.TextIOWrapper name='<stderr>' mode='w' encoding='utf-8'> node index is 255
train linear regression time:  0.053822292014956474
(average_diff:0.024506104102471515, max_diff:0.045342972068221576, training_epochs:50, lr:0.05)
<_io.TextIOWrapper name='<stderr>' mode='w' encoding='utf-8'> node index is 241
train linear regression time:  0.053971916902810335
(average_diff:0.19225089162270934, max_diff:0.46548812941887613, training_epochs:50, lr:0.05)
<_io.TextIOWrapper name='<stderr>' mode='w' encoding='utf-8'> node index is 229
train linear regression time:  0.05381295830011368
(average_diff:0.11120155769270115, max_diff:0.42336244643237, training_epochs:50, lr:0.05)
<_io.TextIOWrapper name='<stderr>' mode='w' encoding='utf-8'> node index is 215
train linear regression time:  0.05385579168796539
(average_diff:0.04828378559379495, max_diff:0.12084215452424718, training_epochs:50, lr:0.05)
<_io.TextIOWrapper name='<stderr>' mode='w' encoding='utf-8'> node index is 203
train linear regression time:  0.053880332969129086
(average_diff:0.0186289394939849, max_diff:0.03289804144951369, training_epochs:50, lr:0.05)
<_io.TextIOWrapper name='<stderr>' mode='w' encoding='utf-8'> node index is 195
train linear regression time:  0.0551534(average_dif(average_diff:0.1999337525301683, max_diff:0.3886035034482862, training_epochs:50, lr:0.05)
<_io.TextIOWrapper name='<stderr>' mode='w' encoding='utf-8'> node index is 7
train linear regression time:  0.055419332813471556
(average_diff:0.13203016069960472, max_diff:0.4550122738262262, training_epochs:50, lr:0.05)
<_io.TextIOWrapper name='<stderr>' mode='w' encoding='utf-8'> node index is 5
train linear regression time:  0.05553016671910882
testFringe time:  13.965292250271887
<_io.TextIOWrapper name='<stderr>' mode='w' encoding='utf-8'> =============== update finished ===============

*** Writing Game File 99***

<_io.TextIOWrapper name='../print_tree_record_numpy/print_DM_boost_linear_tree_split.txt' mode='w' encoding='UTF-8'> idx1(Q:0.3998, distinct_name:0, dictinctin_value:2.569683891588169, par:None)
	idx4(Q:0.4005, distinct_name:0, dictinctin_value:2.507749956207568, par:1)
		idx6(Q:0.4005, distinct_name:0, dictinctin_value:-0.050698982385153205, par:4)
			idx8(Q:0.4596, distinct_name:0, dictinctin_value:-0.5002368440471089, par:6)
				idx10(Q:0.5057, distinct_name:3, dictinctin_value:0.7373220788164561, par:8)
					idx12(Q:0.4805, distinct_name:1, dictinctin_value:0.8498558206992594, par:10)
						idx18(Q:0.4301, distinct_name:2, dictinctin_value:0.8559921607301466, par:12)
							idx24(Q:0.4239, distinct_name:0, dictinctin_value:-0.5901212893723445, par:18)
								idx30(Q:0.4327, distinct_name:2, dictinctin_value:0.5095422779981766, par:24)
									idx38(Q:0.4507, distinct_name:2, dictinctin_value:0.24909091887867726, par:30)
										idx44(Q:0.4797, distinct_name:2, dictinctin_value:-0.06052347242753761, par:38)
											idx54(Q:0.5256, distinct_name:2, dictinctin_value:-0.16873413911779458, par:44)
												idx62(Q:0.5507, distinct_name:2, dictinctin_value:-0.3117760123070312, par:54)
													idx70(Q:0.5942, distinct_name:2, dictinctin_value:-0.36929151673896154, par:62)
														idx76(Q:0.6216, distinct_name:2, dictinctin_value:-0.4513587540231024, par:70)
															idx82(Q:0.6571, distinct_name:2, dictinctin_value:-0.49926091712096626, par:76)
																idx90(Q:0.6742, distinct_name:2, dictinctin_value:-0.5261921216626007, par:82)
																	idx100(Q:0.6855, distinct_name:2, dictinctin_value:-0.5682634996789567, par:90)
																		idx110(Q:0.7009, distinct_name:2, dictinctin_value:-0.576514535000767, par:100)
																			idx120(Q:0.7039, par:110)
																			idx121(Q:0.3963, par:110)
																		idx111(Q:0.3744, par:100)
																	idx101(Q:0.3561, par:90)
																idx91(Q:0.3320, par:82)
															idx83(Q:0.3049, par:76)
														idx77(Q:0.2733, par:70)
													idx71(Q:0.2663, distinct_name:0, dictinctin_value:-0.603707487356605, par:62)
														idx602(Q:0.2687, distinct_name:0, dictinctin_value:-0.6138379954103756, par:71)
															idx604(Q:0.2701, distinct_name:0, dictinctin_value:-0.6471412536059391, par:602)
																idx606(Q:0.2712, distinct_name:0, dictinctin_value:-0.6587609279641117, par:604)
																	idx608(Q:0.2719, par:606)
																	idx609(Q:0.2049, par:606)
																idx607(Q:0.2102, par:604)
															idx605(Q:0.1982, par:602)
														idx603(Q:0.1432, par:71)
												idx63(Q:0.2180, par:54)
											idx55(Q:0.2461, distinct_name:0, dictinctin_value:-0.6476910175840919, par:44)
												idx464(Q:0.2494, distinct_name:3, dictinctin_value:0.6680194197252473, par:55)
													idx468(Q:0.2466, distinct_name:0, dictinctin_value:-0.6858015235311999, par:464)
														idx474(Q:0.2472, distinct_name:2, dictinctin_value:0.24031958562965672, par:468)
															idx480(Q:0.2459, distinct_name:2, dictinctin_value:0.22712878489931437, par:474)
																idx484(Q:0.2474, distinct_name:0, dictinctin_value:-0.6984661740702743, par:480)
																	idx492(Q:0.2459, distinct_name:2, dictinctin_value:0.2205862992769331, par:484)
																		idx500(Q:0.2437, distinct_name:1, dictinctin_value:0.7515347460969897, par:492)
																			idx518(Q:0.2432, par:500)
																			idx519(Q:0.2572, par:500)
																		idx501(Q:0.3166, par:492)
																	idx493(Q:0.3077, par:484)
																idx485(Q:0.1301, par:480)
															idx481(Q:0.2797, par:474)
														idx475(Q:0.1567, par:468)
													idx469(Q:0.3624, par:464)
												idx465(Q:0.1355, par:55)
										idx45(Q:0.2480, distinct_name:0, dictinctin_value:-0.6043607795061433, par:38)
											idx510(Q:0.2499, distinct_name:1, dictinctin_value:0.8144916165556727, par:45)
												idx520(Q:0.2441, distinct_name:1, dictinctin_value:0.7699133155688844, par:510)
													idx530(Q:0.2392, distinct_name:2, dictinctin_value:0.5073691095938268, par:520)
														idx536(Q:0.2387, distinct_name:0, dictinctin_value:-0.6190066933050004, par:530)
															idx548(Q:0.2377, distinct_name:0, dictinctin_value:-0.6463225202144014, par:536)
																idx570(Q:0.2368, distinct_name:0, dictinctin_value:-0.6564390430626009, par:548)
																	idx580(Q:0.2385, distinct_name:3, dictinctin_value:0.6572555751708343, par:570)
																		idx586(Q:0.2375, distinct_name:3, dictinctin_value:0.6217208412298194, par:580)
																			idx590(Q:0.2357, par:586)
																			idx591(Q:0.3104, par:586)
																		idx587(Q:0.2792, par:580)
																	idx581(Q:0.1275, par:570)
																idx571(Q:0.2672, par:548)
															idx549(Q:0.3743, par:536)
														idx537(Q:0.2606, par:530)
													idx531(Q:0.3809, par:520)
												idx521(Q:0.5313, par:510)
											idx511(Q:0.1507, par:45)
									idx39(Q:0.3202, distinct_name:1, dictinctin_value:0.8040063207197937, par:30)
										idx426(Q:0.3176, distinct_name:2, dictinctin_value:0.8419373683110459, par:39)
											idx432(Q:0.3197, distinct_name:0, dictinctin_value:-0.6009391153368029, par:426)
												idx444(Q:0.3214, distinct_name:0, dictinctin_value:-0.6041087413020046, par:432)
													idx448(Q:0.3213, distinct_name:0, dictinctin_value:-0.6100701052011255, par:444)
														idx456(Q:0.3219, distinct_name:0, dictinctin_value:-0.6407957166920598, par:448)
															idx460(Q:0.3262, distinct_name:0, dictinctin_value:-0.6555246386975058, par:456)
																idx466(Q:0.3282, distinct_name:0, dictinctin_value:-0.6720161756487143, par:460)
																	idx470(Q:0.3313, distinct_name:0, dictinctin_value:-0.6781083126032775, par:466)
																		idx472(Q:0.3322, distinct_name:0, dictinctin_value:-0.7020609777266955, par:470)
																			idx476(Q:0.3346, par:472)
																			idx477(Q:0.2334, par:472)
																		idx473(Q:0.2839, par:470)
																	idx471(Q:0.0686, par:466)
																idx467(Q:0.1550, par:460)
															idx461(Q:0.1355, par:456)
														idx457(Q:0.3007, par:448)
													idx449(Q:0.3527, par:444)
												idx445(Q:0.1599, par:432)
											idx433(Q:0.2225, par:426)
										idx427(Q:0.4793, par:39)
								idx31(Q:0.3455, distinct_name:0, dictinctin_value:-0.5002719881995846, par:24)
									idx544(Q:0.3457, distinct_name:1, dictinctin_value:0.7593054056611713, par:31)
										idx550(Q:0.3428, distinct_name:0, dictinctin_value:-0.5062520951871772, par:544)
											idx562(Q:0.3433, distinct_name:0, dictinctin_value:-0.5080035363270362, par:550)
												idx572(Q:0.3485, distinct_name:0, dictinctin_value:-0.5084639498879526, par:562)
													idx582(Q:0.3490, distinct_name:0, dictinctin_value:-0.5089199594147691, par:572)
														idx588(Q:0.3518, distinct_name:0, dictinctin_value:-0.5092872052358233, par:582)
															idx592(Q:0.3532, distinct_name:2, dictinctin_value:0.7693334693236122, par:588)
																idx594(Q:0.3577, distinct_name:2, dictinctin_value:0.7132889145486878, par:592)
																	idx596(Q:0.3620, distinct_name:0, dictinctin_value:-0.5099342225448047, par:594)
																		idx598(Q:0.3640, distinct_name:1, dictinctin_value:0.7481026625171042, par:596)
																			idx600(Q:0.3633, par:598)
																			idx601(Q:0.4108, par:598)
																		idx599(Q:0.2330, par:596)
																	idx597(Q:0.0754, par:594)
																idx595(Q:0.1530, par:592)
															idx593(Q:0.1559, par:588)
														idx589(Q:0.1598, par:582)
													idx583(Q:0.2789, par:572)
												idx573(Q:0.1620, par:562)
											idx563(Q:0.3302, par:550)
										idx551(Q:0.4899, par:544)
									idx545(Q:0.3129, par:31)
							idx25(Q:0.4567, distinct_name:0, dictinctin_value:-0.5389580903277561, par:18)
								idx216(Q:0.4592, distinct_name:0, dictinctin_value:-0.5573162410999996, par:25)
									idx230(Q:0.4589, distinct_name:0, dictinctin_value:-0.5917620279880862, par:216)
										idx242(Q:0.4701, distinct_name:1, dictinctin_value:0.8127647407611875, par:230)
											idx256(Q:0.4651, distinct_name:0, dictinctin_value:-0.6131626140571143, par:242)
												idx288(Q:0.4673, distinct_name:0, dictinctin_value:-0.7076582377440916, par:256)
													idx304(Q:0.4840, distinct_name:0, dictinctin_value:-0.717862250694298, par:288)
														idx316(Q:0.4877, distinct_name:0, dictinctin_value:-0.7734253050900186, par:304)
															idx328(Q:0.5024, distinct_name:0, dictinctin_value:-0.7970945326559435, par:316)
																idx340(Q:0.5037, distinct_name:3, dictinctin_value:0.6595389343928215, par:328)
																	idx354(Q:0.4991, distinct_name:3, dictinctin_value:0.6186331758365281, par:340)
																		idx368(Q:0.4943, distinct_name:3, dictinctin_value:0.5952455969358141, par:354)
																			idx380(Q:0.4928, par:368)
																			idx381(Q:0.5796, par:368)
																		idx369(Q:0.8791, par:354)
																	idx355(Q:0.7825, par:340)
																idx341(Q:0.4474, par:328)
															idx329(Q:0.3132, par:316)
														idx317(Q:0.3173, par:304)
													idx305(Q:0.3309, par:288)
												idx289(Q:0.2426, par:256)
											idx257(Q:0.7304, par:242)
										idx243(Q:0.2706, par:230)
									idx231(Q:0.4790, par:216)
								idx217(Q:0.3729, par:25)
						idx19(Q:0.6975, distinct_name:0, dictinctin_value:-0.5046072639210131, par:12)
							idx152(Q:0.6974, distinct_name:2, dictinctin_value:1.74305991171075, par:19)
								idx162(Q:0.6857, distinct_name:2, dictinctin_value:1.5651912903147052, par:152)
									idx172(Q:0.6770, distinct_name:2, dictinctin_value:1.0939968976733132, par:162)
										idx180(Q:0.6558, distinct_name:2, dictinctin_value:0.9064820637809338, par:172)
											idx188(Q:0.6429, distinct_name:2, dictinctin_value:0.8130327408821636, par:180)
												idx196(Q:0.6345, distinct_name:2, dictinctin_value:0.714578820015968, par:188)
													idx204(Q:0.6334, distinct_name:0, dictinctin_value:-0.5137296726081428, par:196)
														idx218(Q:0.6355, distinct_name:2, dictinctin_value:0.4860989258104936, par:204)
															idx232(Q:0.6350, distinct_name:1, dictinctin_value:2.2330900660097845, par:218)
																idx244(Q:0.6238, distinct_name:2, dictinctin_value:0.44559578649865966, par:232)
																	idx258(Q:0.6206, distinct_name:2, dictinctin_value:0.32419638005931734, par:244)
																		idx274(Q:0.6202, distinct_name:0, dictinctin_value:-0.5233031664270825, par:258)
																			idx290(Q:0.6207, par:274)
																			idx291(Q:0.5526, par:274)
																		idx275(Q:0.6340, par:258)
																	idx259(Q:0.7355, par:244)
																idx245(Q:0.9317, par:232)
															idx233(Q:0.6400, par:218)
														idx219(Q:0.4556, par:204)
													idx205(Q:0.6740, par:196)
												idx197(Q:0.8532, par:188)
											idx189(Q:0.8794, par:180)
										idx181(Q:0.9805, par:172)
									idx173(Q:1.0131, par:162)
								idx163(Q:1.0269, par:152)
							idx153(Q:0.7365, par:19)
					idx13(Q:0.5864, distinct_name:2, dictinctin_value:1.929601246827043, par:10)
						idx92(Q:0.5725, distinct_name:1, dictinctin_value:1.2557733390904973, par:13)
							idx102(Q:0.5404, distinct_name:2, dictinctin_value:1.4527612583425853, par:92)
								idx112(Q:0.5292, distinct_name:2, dictinctin_value:1.3531114404933846, par:102)
									idx122(Q:0.5271, distinct_name:2, dictinctin_value:1.0639310625609943, par:112)
										idx130(Q:0.5168, distinct_name:2, dictinctin_value:0.8759607452183222, par:122)
											idx136(Q:0.5098, distinct_name:2, dictinctin_value:0.6228991526328211, par:130)
												idx142(Q:0.5062, distinct_name:2, dictinctin_value:0.4885947458466264, par:136)
													idx146(Q:0.4982, distinct_name:1, dictinctin_value:1.1059975491047376, par:142)
														idx148(Q:0.4912, distinct_name:3, dictinctin_value:2.363964647313972, par:146)
															idx154(Q:0.4836, distinct_name:3, dictinctin_value:1.536573712246935, par:148)
																idx164(Q:0.4565, distinct_name:1, dictinctin_value:0.49075596239548774, par:154)
																	idx206(Q:0.4226, distinct_name:3, dictinctin_value:1.525286896575752, par:164)
																		idx220(Q:0.4222, distinct_name:2, dictinctin_value:0.38874536608000104, par:206)
																			idx234(Q:0.4254, par:220)
																			idx235(Q:0.3138, par:220)
																		idx221(Q:0.4555, par:206)
																	idx207(Q:0.6156, par:164)
																idx165(Q:0.5792, par:154)
															idx155(Q:0.6877, par:148)
														idx149(Q:0.7431, par:146)
													idx147(Q:0.5875, par:142)
												idx143(Q:0.5535, par:136)
											idx137(Q:0.6927, par:130)
										idx131(Q:0.7149, par:122)
									idx123(Q:0.6587, par:112)
								idx113(Q:0.7978, par:102)
							idx103(Q:0.9313, par:92)
						idx93(Q:1.0340, par:13)
				idx11(Q:0.3765, distinct_name:3, dictinctin_value:1.284568987543642, par:8)
					idx32(Q:0.3548, distinct_name:3, dictinctin_value:0.5763111575206541, par:11)
						idx40(Q:0.3368, distinct_name:2, dictinctin_value:1.4159847670297276, par:32)
							idx46(Q:0.3291, distinct_name:2, dictinctin_value:0.8764611652526798, par:40)
								idx56(Q:0.3348, distinct_name:2, dictinctin_value:0.6776552612944613, par:46)
									idx64(Q:0.3420, distinct_name:0, dictinctin_value:-0.10007893227380851, par:56)
										idx72(Q:0.3408, distinct_name:2, dictinctin_value:0.481251420222257, par:64)
											idx78(Q:0.3515, distinct_name:2, dictinctin_value:0.43236682950932387, par:72)
												idx84(Q:0.3583, distinct_name:2, dictinctin_value:0.2322739018313544, par:78)
													idx94(Q:0.3794, distinct_name:2, dictinctin_value:0.1692901075380102, par:84)
														idx104(Q:0.3890, distinct_name:2, dictinctin_value:0.044622068949871425, par:94)
															idx114(Q:0.4079, distinct_name:2, dictinctin_value:-0.04421252452423217, par:104)
																idx124(Q:0.4281, distinct_name:2, dictinctin_value:-0.12551407150931976, par:114)
																	idx132(Q:0.4443, distinct_name:2, dictinctin_value:-0.16179863391045127, par:124)
																		idx138(Q:0.4546, distinct_name:2, dictinctin_value:-0.1987692173924826, par:132)
																			idx144(Q:0.4714, par:138)
																			idx145(Q:0.1612, par:138)
																		idx139(Q:0.1698, par:132)
																	idx133(Q:0.1852, par:124)
																idx125(Q:0.1396, par:114)
															idx115(Q:0.1815, par:104)
														idx105(Q:0.1942, par:94)
													idx95(Q:0.1666, par:84)
												idx85(Q:0.1621, par:78)
											idx79(Q:0.2132, par:72)
										idx73(Q:0.3522, par:64)
									idx65(Q:0.2462, par:56)
								idx57(Q:0.2897, distinct_name:0, dictinctin_value:-0.07115888508263095, par:46)
									idx486(Q:0.2937, distinct_name:2, dictinctin_value:1.3997870335092657, par:57)
										idx494(Q:0.2908, distinct_name:0, dictinctin_value:-0.07160732513030894, par:486)
											idx504(Q:0.2879, distinct_name:0, dictinctin_value:-0.08350405569893737, par:494)
												idx512(Q:0.2900, distinct_name:1, dictinctin_value:1.8788415154351898, par:504)
													idx522(Q:0.2745, distinct_name:1, dictinctin_value:1.7168001155290575, par:512)
														idx538(Q:0.2683, distinct_name:0, dictinctin_value:-0.08454829370887558, par:522)
															idx552(Q:0.2662, distinct_name:3, dictinctin_value:0.4530042815419259, par:538)
																idx556(Q:0.2676, distinct_name:0, dictinctin_value:-0.08608502852647902, par:552)
																	idx564(Q:0.2687, distinct_name:0, dictinctin_value:-0.08644796937551802, par:556)
																		idx574(Q:0.2683, distinct_name:0, dictinctin_value:-0.08717123163966492, par:564)
																			idx584(Q:0.2697, par:574)
																			idx585(Q:0.1069, par:574)
																		idx575(Q:0.3124, par:564)
																	idx565(Q:0.1341, par:556)
																idx557(Q:0.2231, par:552)
															idx553(Q:0.5355, par:538)
														idx539(Q:0.6590, par:522)
													idx523(Q:0.9474, par:512)
												idx513(Q:0.1541, par:504)
											idx505(Q:0.6691, par:494)
										idx495(Q:0.3896, par:486)
									idx487(Q:0.1811, par:57)
							idx47(Q:0.4238, par:40)
						idx41(Q:0.4280, distinct_name:3, dictinctin_value:1.2541204520301295, par:32)
							idx246(Q:0.4223, distinct_name:0, dictinctin_value:-0.05401988313827026, par:41)
								idx260(Q:0.4227, distinct_name:2, dictinctin_value:2.0807886731763334, par:246)
									idx276(Q:0.4091, distinct_name:2, dictinctin_value:1.8994422532815647, par:260)
										idx292(Q:0.4023, distinct_name:1, dictinctin_value:1.2716943858922887, par:276)
											idx306(Q:0.3783, distinct_name:2, dictinctin_value:1.8085097405850585, par:292)
												idx318(Q:0.3706, distinct_name:0, dictinctin_value:-0.06832580226386262, par:306)
													idx330(Q:0.3659, distinct_name:1, dictinctin_value:1.0161843934440484, par:318)
														idx342(Q:0.3566, distinct_name:0, dictinctin_value:-0.11082738421514442, par:330)
															idx356(Q:0.3532, distinct_name:0, dictinctin_value:-0.1239714467724242, par:342)
																idx370(Q:0.3506, distinct_name:1, dictinctin_value:0.8661774768232812, par:356)
																	idx382(Q:0.3458, distinct_name:0, dictinctin_value:-0.13038566790821624, par:370)
																		idx396(Q:0.3459, distinct_name:1, dictinctin_value:0.7685182247259327, par:382)
																			idx406(Q:0.3401, par:396)
																			idx407(Q:0.5266, par:396)
																		idx397(Q:0.3395, par:382)
																	idx383(Q:0.4871, par:370)
																idx371(Q:0.4861, par:356)
															idx357(Q:0.4015, par:342)
														idx343(Q:0.5259, par:330)
													idx331(Q:0.5325, par:318)
												idx319(Q:0.8472, par:306)
											idx307(Q:0.6241, par:292)
										idx293(Q:0.8722, par:276)
									idx277(Q:0.8999, par:260)
								idx261(Q:0.3940, par:246)
							idx247(Q:0.6656, par:41)
					idx33(Q:0.5572, distinct_name:2, dictinctin_value:1.8206658800741853, par:11)
						idx436(Q:0.5451, distinct_name:0, dictinctin_value:-0.055487221535360155, par:33)
							idx438(Q:0.5428, distinct_name:0, dictinctin_value:-0.06661868934946451, par:436)
								idx450(Q:0.5453, distinct_name:2, dictinctin_value:1.6280055741424861, par:438)
									idx458(Q:0.5350, distinct_name:2, dictinctin_value:1.4609118350831285, par:450)
										idx462(Q:0.5270, distinct_name:0, dictinctin_value:-0.06716992247771125, par:458)
											idx478(Q:0.5284, distinct_name:0, dictinctin_value:-0.06950841565798693, par:462)
												idx482(Q:0.5275, distinct_name:0, dictinctin_value:-0.07617984110574617, par:478)
													idx488(Q:0.5297, distinct_name:0, dictinctin_value:-0.09812148969449835, par:482)
														idx496(Q:0.5286, distinct_name:0, dictinctin_value:-0.10012482464779363, par:488)
															idx502(Q:0.5312, distinct_name:2, dictinctin_value:1.4064514939244364, par:496)
																idx514(Q:0.5282, distinct_name:2, dictinctin_value:1.318805451770871, par:502)
																	idx524(Q:0.5209, distinct_name:0, dictinctin_value:-0.11118736531331526, par:514)
																		idx532(Q:0.5209, distinct_name:0, dictinctin_value:-0.12850307532465371, par:524)
																			idx540(Q:0.5274, par:532)
																			idx541(Q:0.2899, par:532)
																		idx533(Q:0.5230, par:524)
																	idx525(Q:0.7980, par:514)
																idx515(Q:0.7615, par:502)
															idx503(Q:0.1239, par:496)
														idx497(Q:0.5558, par:488)
													idx489(Q:0.1612, par:482)
												idx483(Q:0.6779, par:478)
											idx479(Q:0.3023, par:462)
										idx463(Q:0.8671, par:458)
									idx459(Q:0.9828, par:450)
								idx451(Q:0.3190, par:438)
							idx439(Q:0.9613, par:436)
						idx437(Q:0.9142, par:33)
			idx9(Q:0.3462, distinct_name:1, dictinctin_value:1.4532912275447858, par:6)
				idx14(Q:0.3257, distinct_name:0, dictinctin_value:0.6708677617788001, par:9)
					idx16(Q:0.3432, distinct_name:0, dictinctin_value:0.5219929201544601, par:14)
						idx20(Q:0.3441, distinct_name:0, dictinctin_value:0.38200451643824146, par:16)
							idx26(Q:0.3494, distinct_name:0, dictinctin_value:0.29175973898130836, par:20)
								idx34(Q:0.3497, distinct_name:3, dictinctin_value:1.2405945003824483, par:26)
									idx42(Q:0.3249, distinct_name:2, dictinctin_value:1.6139678071673451, par:34)
										idx48(Q:0.3195, distinct_name:1, dictinctin_value:1.0148453699076618, par:42)
											idx58(Q:0.3084, distinct_name:2, dictinctin_value:0.8422101128546527, par:48)
												idx66(Q:0.3158, distinct_name:2, dictinctin_value:0.5718071591898053, par:58)
													idx74(Q:0.3288, distinct_name:2, dictinctin_value:0.3335199702259944, par:66)
														idx80(Q:0.3537, distinct_name:2, dictinctin_value:0.2585267021680285, par:74)
															idx86(Q:0.3613, distinct_name:2, dictinctin_value:0.13295569297273957, par:80)
																idx96(Q:0.3787, distinct_name:2, dictinctin_value:0.0933394603867821, par:86)
																	idx106(Q:0.3869, distinct_name:2, dictinctin_value:0.047951172568074005, par:96)
																		idx116(Q:0.3946, distinct_name:2, dictinctin_value:-0.0025517231675584334, par:106)
																			idx126(Q:0.4014, par:116)
																			idx127(Q:0.1400, par:116)
																		idx117(Q:0.1579, par:106)
																	idx107(Q:0.1104, par:96)
																idx97(Q:0.1320, par:86)
															idx87(Q:0.1594, par:80)
														idx81(Q:0.1543, par:74)
													idx75(Q:0.2046, par:66)
												idx67(Q:0.2686, distinct_name:0, dictinctin_value:0.284001031471605, par:58)
													idx506(Q:0.2682, distinct_name:0, dictinctin_value:0.28239410324000885, par:67)
														idx526(Q:0.2674, distinct_name:1, dictinctin_value:0.83535054985968, par:506)
															idx546(Q:0.2448, distinct_name:2, dictinctin_value:1.5992728183505887, par:526)
																idx554(Q:0.2467, distinct_name:0, dictinctin_value:0.27983576931814547, par:546)
																	idx558(Q:0.2476, distinct_name:2, dictinctin_value:1.5459775970266707, par:554)
																		idx566(Q:0.2398, distinct_name:2, dictinctin_value:1.5137425616672946, par:558)
																			idx576(Q:0.2400, par:566)
																			idx577(Q:0.2344, par:566)
																		idx567(Q:0.4496, par:558)
																	idx559(Q:0.1898, par:554)
																idx555(Q:0.1136, par:546)
															idx547(Q:0.7155, par:526)
														idx527(Q:0.3231, par:506)
													idx507(Q:0.2847, par:67)
											idx59(Q:0.4260, distinct_name:0, dictinctin_value:0.28981411892366654, par:48)
												idx610(Q:0.4257, par:59)
												idx611(Q:0.4562, par:59)
										idx49(Q:0.4307, par:42)
									idx43(Q:0.5348, distinct_name:3, dictinctin_value:2.7956706813891117, par:34)
										idx490(Q:0.5221, distinct_name:0, dictinctin_value:0.28758459307995216, par:43)
											idx498(Q:0.5174, distinct_name:2, dictinctin_value:1.7926081731949, par:490)
												idx508(Q:0.5111, distinct_name:0, dictinctin_value:0.2865220549225975, par:498)
													idx516(Q:0.5106, distinct_name:0, dictinctin_value:0.2785989659591723, par:508)
														idx528(Q:0.5171, distinct_name:3, dictinctin_value:2.7261255458914433, par:516)
															idx534(Q:0.5201, distinct_name:0, dictinctin_value:0.2763906794093015, par:528)
																idx542(Q:0.5216, distinct_name:0, dictinctin_value:0.2703031142425218, par:534)
																	idx560(Q:0.5204, distinct_name:3, dictinctin_value:2.563708411050972, par:542)
																		idx568(Q:0.5166, distinct_name:2, dictinctin_value:1.5803350412841866, par:560)
																			idx578(Q:0.5038, par:568)
																			idx579(Q:0.7891, par:568)
																		idx569(Q:0.7699, par:560)
																	idx561(Q:0.6884, par:542)
																idx543(Q:0.3073, par:534)
															idx535(Q:0.3125, par:528)
														idx529(Q:0.2106, par:516)
													idx517(Q:0.5832, par:508)
												idx509(Q:0.9712, par:498)
											idx499(Q:1.1979, par:490)
										idx491(Q:0.9972, par:43)
								idx35(Q:0.3481, distinct_name:1, dictinctin_value:1.344826515865718, par:26)
									idx236(Q:0.3464, distinct_name:3, dictinctin_value:1.6897348587436034, par:35)
										idx248(Q:0.3302, distinct_name:1, dictinctin_value:1.2341402111364463, par:236)
											idx262(Q:0.3309, distinct_name:3, dictinctin_value:1.3356049450605056, par:248)
												idx278(Q:0.3208, distinct_name:2, dictinctin_value:1.6241822054726756, par:262)
													idx294(Q:0.3120, distinct_name:0, dictinctin_value:0.3731119474318981, par:278)
														idx320(Q:0.3053, distinct_name:3, dictinctin_value:1.2759579982069145, par:294)
															idx344(Q:0.2966, distinct_name:0, dictinctin_value:0.37304242798500226, par:320)
																idx358(Q:0.2964, distinct_name:0, dictinctin_value:0.3707677109507447, par:344)
																	idx372(Q:0.2981, distinct_name:0, dictinctin_value:0.3697040787425107, par:358)
																		idx384(Q:0.2986, distinct_name:2, dictinctin_value:1.3789177574365135, par:372)
																			idx398(Q:0.2969, par:384)
																			idx399(Q:0.3408, par:384)
																		idx385(Q:0.2750, par:372)
																	idx373(Q:0.2409, par:358)
																idx359(Q:0.3297, par:344)
															idx345(Q:0.6603, par:320)
														idx321(Q:0.4044, par:294)
													idx295(Q:0.5022, par:278)
												idx279(Q:0.5644, par:262)
											idx263(Q:0.2832, par:248)
										idx249(Q:0.6651, par:236)
									idx237(Q:0.4358, par:35)
							idx27(Q:0.3253, distinct_name:2, dictinctin_value:1.5527241962490086, par:20)
								idx156(Q:0.3195, distinct_name:0, dictinctin_value:0.5137061072990365, par:27)
									idx166(Q:0.3254, distinct_name:0, dictinctin_value:0.5083060291160676, par:156)
										idx174(Q:0.3268, distinct_name:1, dictinctin_value:1.235555391656205, par:166)
											idx182(Q:0.3260, distinct_name:0, dictinctin_value:0.499318407708209, par:174)
												idx190(Q:0.3312, distinct_name:3, dictinctin_value:1.6437138459193195, par:182)
													idx198(Q:0.3222, distinct_name:0, dictinctin_value:0.4978828276393789, par:190)
														idx208(Q:0.3241, distinct_name:2, dictinctin_value:1.3588453420210258, par:198)
															idx222(Q:0.3202, distinct_name:2, dictinctin_value:0.9721483625475897, par:208)
																idx238(Q:0.3225, distinct_name:0, dictinctin_value:0.4972801494332726, par:222)
																	idx250(Q:0.3208, distinct_name:2, dictinctin_value:0.944961054171824, par:238)
																		idx264(Q:0.3240, distinct_name:2, dictinctin_value:0.872803430709856, par:250)
																			idx280(Q:0.3289, par:264)
																			idx281(Q:0.2116, par:264)
																		idx265(Q:0.1370, par:250)
																	idx251(Q:0.5718, par:238)
																idx239(Q:0.2925, par:222)
															idx223(Q:0.4399, par:208)
														idx209(Q:0.1910, par:198)
													idx199(Q:0.6695, par:190)
												idx191(Q:0.2470, par:182)
											idx183(Q:0.3519, par:174)
										idx175(Q:0.2957, par:166)
									idx167(Q:0.2383, par:156)
								idx157(Q:0.4616, par:27)
						idx21(Q:0.3396, distinct_name:1, dictinctin_value:1.3201670622027022, par:16)
							idx150(Q:0.3378, distinct_name:1, dictinctin_value:1.2234607090751204, par:21)
								idx158(Q:0.3385, distinct_name:1, dictinctin_value:1.0226433736171432, par:150)
									idx168(Q:0.3312, distinct_name:0, dictinctin_value:0.6649352976939671, par:158)
										idx176(Q:0.3309, distinct_name:2, dictinctin_value:1.8028367177150562, par:168)
											idx184(Q:0.3285, distinct_name:3, dictinctin_value:1.321083281680176, par:176)
												idx210(Q:0.3102, distinct_name:1, dictinctin_value:0.7493197611500411, par:184)
													idx224(Q:0.3031, distinct_name:2, dictinctin_value:1.1954012588052898, par:210)
														idx266(Q:0.3027, distinct_name:1, dictinctin_value:0.6035401367847275, par:224)
															idx282(Q:0.3026, distinct_name:1, dictinctin_value:0.5166827335099701, par:266)
																idx296(Q:0.3078, distinct_name:0, dictinctin_value:0.663963378246939, par:282)
																	idx308(Q:0.3062, distinct_name:0, dictinctin_value:0.6638782806630827, par:296)
																		idx322(Q:0.3046, distinct_name:2, dictinctin_value:1.1091905022156634, par:308)
																			idx332(Q:0.3077, par:322)
																			idx333(Q:0.1630, par:322)
																		idx323(Q:0.7405, par:308)
																	idx309(Q:0.7765, par:296)
																idx297(Q:0.1677, par:282)
															idx283(Q:0.3045, par:266)
														idx267(Q:0.3083, par:224)
													idx225(Q:0.3686, par:210)
												idx211(Q:0.5368, par:184)
											idx185(Q:0.4116, par:176)
										idx177(Q:0.3365, par:168)
									idx169(Q:0.5307, par:158)
								idx159(Q:0.2684, par:150)
							idx151(Q:0.4317, par:21)
					idx17(Q:0.3066, distinct_name:3, dictinctin_value:0.8871619234739136, par:14)
						idx22(Q:0.2746, distinct_name:1, dictinctin_value:0.895274831679809, par:17)
							idx28(Q:0.2595, distinct_name:3, dictinctin_value:0.4147697243292515, par:22)
								idx36(Q:0.2523, distinct_name:3, dictinctin_value:-0.009439492879810042, par:28)
									idx50(Q:0.2476, distinct_name:0, dictinctin_value:2.3121117874404824, par:36)
										idx52(Q:0.2489, distinct_name:0, dictinctin_value:1.9483716250181808, par:50)
											idx60(Q:0.2524, distinct_name:3, dictinctin_value:-0.018025248765568658, par:52)
												idx68(Q:0.2596, distinct_name:2, dictinctin_value:0.8033765660185509, par:60)
													idx88(Q:0.2661, distinct_name:2, dictinctin_value:0.6003623148969123, par:68)
														idx98(Q:0.2739, distinct_name:2, dictinctin_value:0.5329635912790776, par:88)
															idx108(Q:0.2781, distinct_name:2, dictinctin_value:0.3621996786015208, par:98)
																idx118(Q:0.2913, distinct_name:3, dictinctin_value:-0.05260374571449391, par:108)
																	idx128(Q:0.2934, distinct_name:2, dictinctin_value:0.22149263805201816, par:118)
																		idx134(Q:0.3081, distinct_name:2, dictinctin_value:0.13324256965432388, par:128)
																			idx140(Q:0.3192, par:134)
																			idx141(Q:0.1385, par:134)
																		idx135(Q:0.1445, par:128)
																	idx129(Q:0.2252, par:118)
																idx119(Q:0.1479, par:108)
															idx109(Q:0.1699, par:98)
														idx99(Q:0.1624, par:88)
													idx89(Q:0.2363, distinct_name:0, dictinctin_value:1.9001636825637473, par:68)
														idx420(Q:0.2346, distinct_name:0, dictinctin_value:1.8970534364477791, par:89)
															idx428(Q:0.2347, distinct_name:0, dictinctin_value:1.7864713255325577, par:420)
																idx434(Q:0.2368, distinct_name:0, dictinctin_value:1.7345810667045185, par:428)
																	idx440(Q:0.2342, distinct_name:0, dictinctin_value:1.7300479805066988, par:434)
																		idx446(Q:0.2348, distinct_name:0, dictinctin_value:1.6826477660222412, par:440)
																			idx452(Q:0.2333, par:446)
																			idx453(Q:0.2928, par:446)
																		idx447(Q:0.1492, par:440)
																	idx441(Q:0.3084, par:434)
																idx435(Q:0.1741, par:428)
															idx429(Q:0.2144, par:420)
														idx421(Q:0.2937, par:89)
												idx69(Q:0.1940, par:60)
											idx61(Q:0.1941, par:52)
										idx53(Q:0.1887, par:50)
									idx51(Q:0.2670, distinct_name:0, dictinctin_value:2.2255864685353126, par:36)
										idx268(Q:0.2660, distinct_name:0, dictinctin_value:1.8770234609938123, par:51)
											idx284(Q:0.2666, distinct_name:1, dictinctin_value:0.8208254329434517, par:268)
												idx298(Q:0.2682, distinct_name:0, dictinctin_value:1.7199871451158526, par:284)
													idx310(Q:0.2678, distinct_name:3, dictinctin_value:0.39481973457279324, par:298)
														idx346(Q:0.2689, distinct_name:2, dictinctin_value:2.0591657816242117, par:310)
															idx360(Q:0.2588, distinct_name:2, dictinctin_value:1.6416632040499568, par:346)
																idx374(Q:0.2580, distinct_name:0, dictinctin_value:1.6846076849979201, par:360)
																	idx386(Q:0.2567, distinct_name:2, dictinctin_value:1.5364517172370076, par:374)
																		idx400(Q:0.2559, distinct_name:2, dictinctin_value:1.321416179085615, par:386)
																			idx408(Q:0.2539, par:400)
																			idx409(Q:0.3184, par:400)
																		idx401(Q:0.2993, par:386)
																	idx387(Q:0.3396, par:374)
																idx375(Q:0.3030, par:360)
															idx361(Q:0.6598, par:346)
														idx347(Q:0.2293, par:310)
													idx311(Q:0.2816, par:298)
												idx299(Q:0.2089, par:284)
											idx285(Q:0.2534, par:268)
										idx269(Q:0.2944, par:51)
								idx37(Q:0.2932, distinct_name:1, dictinctin_value:0.7946772031835798, par:28)
									idx312(Q:0.2880, distinct_name:2, dictinctin_value:1.9378572482198, par:37)
										idx324(Q:0.2813, distinct_name:0, dictinctin_value:2.1880833067537604, par:312)
											idx334(Q:0.2816, distinct_name:0, dictinctin_value:2.1673152418059, par:324)
												idx348(Q:0.2796, distinct_name:0, dictinctin_value:2.0644684179947266, par:334)
													idx362(Q:0.2784, distinct_name:2, dictinctin_value:1.6060442338491094, par:348)
														idx376(Q:0.2703, distinct_name:0, dictinctin_value:1.8821116949330967, par:362)
															idx388(Q:0.2736, distinct_name:2, dictinctin_value:1.5867185725408008, par:376)
																idx402(Q:0.2737, distinct_name:0, dictinctin_value:1.8162737627685595, par:388)
																	idx410(Q:0.2763, distinct_name:2, dictinctin_value:1.474613989336331, par:402)
																		idx414(Q:0.2728, distinct_name:2, dictinctin_value:1.322085439542282, par:410)
																			idx422(Q:0.2728, par:414)
																			idx423(Q:0.2720, par:414)
																		idx415(Q:0.5515, par:410)
																	idx411(Q:0.1206, par:402)
																idx403(Q:0.2603, par:388)
															idx389(Q:0.1672, par:376)
														idx377(Q:0.5362, par:362)
													idx363(Q:0.3418, par:348)
												idx349(Q:0.4213, par:334)
											idx335(Q:0.2633, par:324)
										idx325(Q:0.5989, par:312)
									idx313(Q:0.4281, par:37)
							idx29(Q:0.3907, distinct_name:0, dictinctin_value:2.44084525907838, par:22)
								idx336(Q:0.3919, distinct_name:0, dictinctin_value:2.3332385876998147, par:29)
									idx350(Q:0.3939, distinct_name:2, dictinctin_value:1.313989803673234, par:336)
										idx364(Q:0.3616, distinct_name:2, dictinctin_value:1.2075088067941002, par:350)
											idx378(Q:0.3593, distinct_name:0, dictinctin_value:2.3276851139515355, par:364)
												idx390(Q:0.3584, distinct_name:2, dictinctin_value:1.1566628366759308, par:378)
													idx404(Q:0.3510, distinct_name:2, dictinctin_value:1.049026714172236, par:390)
														idx412(Q:0.3481, distinct_name:2, dictinctin_value:1.0138168631315498, par:404)
															idx418(Q:0.3457, distinct_name:0, dictinctin_value:2.3136303024689413, par:412)
																idx424(Q:0.3456, distinct_name:1, dictinctin_value:1.4142431093508798, par:418)
																	idx430(Q:0.3495, distinct_name:0, dictinctin_value:2.2572655688242222, par:424)
																		idx442(Q:0.3493, distinct_name:0, dictinctin_value:2.2507333712501807, par:430)
																			idx454(Q:0.3493, par:442)
																			idx455(Q:0.3551, par:442)
																		idx443(Q:0.3689, par:430)
																	idx431(Q:0.2625, par:424)
																idx425(Q:0.3611, par:418)
															idx419(Q:0.4918, par:412)
														idx413(Q:0.5241, par:404)
													idx405(Q:0.6303, par:390)
												idx391(Q:0.5313, par:378)
											idx379(Q:0.5828, par:364)
										idx365(Q:0.6762, par:350)
									idx351(Q:0.2484, par:336)
								idx337(Q:0.2579, par:29)
						idx23(Q:0.4596, distinct_name:0, dictinctin_value:2.1444723574903684, par:17)
							idx160(Q:0.4601, distinct_name:0, dictinctin_value:2.133798778100152, par:23)
								idx170(Q:0.4604, distinct_name:2, dictinctin_value:1.564504591409782, par:160)
									idx178(Q:0.4377, distinct_name:2, dictinctin_value:1.4113473869711974, par:170)
										idx186(Q:0.4320, distinct_name:0, dictinctin_value:2.1063540893171067, par:178)
											idx192(Q:0.4326, distinct_name:2, dictinctin_value:1.2195161175228741, par:186)
												idx200(Q:0.4278, distinct_name:0, dictinctin_value:1.9676721667093595, par:192)
													idx212(Q:0.4260, distinct_name:0, dictinctin_value:1.8926417272552991, par:200)
														idx226(Q:0.4264, distinct_name:0, dictinctin_value:1.7713311316515392, par:212)
															idx252(Q:0.4301, distinct_name:1, dictinctin_value:1.3213229930390704, par:226)
																idx270(Q:0.4258, distinct_name:0, dictinctin_value:1.7442155745503336, par:252)
																	idx300(Q:0.4234, distinct_name:0, dictinctin_value:1.3536781616204123, par:270)
																		idx392(Q:0.4246, distinct_name:0, dictinctin_value:1.2274516322533688, par:300)
																			idx416(Q:0.4248, par:392)
																			idx417(Q:0.4231, par:392)
																		idx393(Q:0.4184, par:300)
																	idx301(Q:0.6620, par:270)
																idx271(Q:0.6092, par:252)
															idx253(Q:0.3405, par:226)
														idx227(Q:0.4130, par:212)
													idx213(Q:0.4799, par:200)
												idx201(Q:0.5477, par:192)
											idx193(Q:0.3158, par:186)
										idx187(Q:0.6615, par:178)
									idx179(Q:0.8480, par:170)
								idx171(Q:0.3511, par:160)
							idx161(Q:0.4457, par:23)
				idx15(Q:0.6078, distinct_name:2, dictinctin_value:1.9938158806166744, par:9)
					idx194(Q:0.5974, distinct_name:3, dictinctin_value:2.0149638943737203, par:15)
						idx202(Q:0.5874, distinct_name:3, dictinctin_value:1.626087400144554, par:194)
							idx214(Q:0.5826, distinct_name:1, dictinctin_value:2.6727016574162166, par:202)
								idx228(Q:0.5707, distinct_name:2, dictinctin_value:1.776904010924299, par:214)
									idx240(Q:0.5656, distinct_name:2, dictinctin_value:1.4203463682180766, par:228)
										idx254(Q:0.5541, distinct_name:0, dictinctin_value:2.115573493736756, par:240)
											idx272(Q:0.5550, distinct_name:2, dictinctin_value:1.306259966260203, par:254)
												idx286(Q:0.5431, distinct_name:2, dictinctin_value:1.2529155214914378, par:272)
													idx302(Q:0.5394, distinct_name:2, dictinctin_value:0.808199081795812, par:286)
														idx314(Q:0.5172, distinct_name:2, dictinctin_value:0.7214446989843575, par:302)
															idx326(Q:0.5100, distinct_name:2, dictinctin_value:0.7041168221107604, par:314)
																idx338(Q:0.5093, distinct_name:0, dictinctin_value:2.1110030599556926, par:326)
																	idx352(Q:0.5099, distinct_name:0, dictinctin_value:2.0312710900603177, par:338)
																		idx366(Q:0.5084, distinct_name:2, dictinctin_value:0.6878681581259294, par:352)
																			idx394(Q:0.5065, par:366)
																			idx395(Q:0.7374, par:366)
																		idx367(Q:0.6383, par:352)
																	idx353(Q:0.3397, par:338)
																idx339(Q:0.6013, par:326)
															idx327(Q:0.6820, par:314)
														idx315(Q:0.8465, par:302)
													idx303(Q:0.8049, par:286)
												idx287(Q:0.8402, par:272)
											idx273(Q:0.5061, par:254)
										idx255(Q:0.7995, par:240)
									idx241(Q:0.8938, par:228)
								idx229(Q:0.7858, par:214)
							idx215(Q:0.7358, par:202)
						idx203(Q:0.9193, par:194)
					idx195(Q:0.9885, par:15)
		idx7(Q:0.3309, par:4)
	idx5(Q:
.2809, par:1)
