WARNING:tensorflow:From /Users/keithwu/opt/anaconda3/envs/auction-gym/lib/python3.10/site-packages/tensorflow/python/compat/v2_compat.py:107: disable_resource_variables (from tensorflow.python.ops.variable_scope) is deprecated and will be removed in a future version.
Instructions for updating:
non-resource variables are not supported in the long term
<_io.TextIOWrapper name='<stderr>' mode='w' encoding='utf-8'> reading from ../UTree_model_numpy/DM/model_boost_linear_qsplit_noabs_save/, starting at 22
<_io.TextIOWrapper name='<stderr>' mode='w' encoding='utf-8'> =============== update starts ===============
(average_diff:0.001231777573194854, max_diff:0.002589128180036704, training_epochs:50, lr:0.05)
<_io.TextIOWrapper name='<stderr>' mode='w' encoding='utf-8'> node index is 111
train linear regression time:  0.048029833007603884
(average_diff:0.004870961095603421, max_diff:0.00552896960775906, training_epochs:50, lr:0.05)
<_io.TextIOWrapper name='<stderr>' mode='w' encoding='utf-8'> node index is 101
train linear regression time:  0.05030091665685177
(average_diff:0.0018066818017075843, max_diff:0.0026514363169179433, training_epochs:50, lr:0.05)
<_io.TextIOWrapper name='<stderr>' mode='w' encoding='utf-8'> node index is 91
train linear regression time:  0.05082958424463868
(average_diff:0.02196317086168781, max_diff:0.12201782393390334, training_epochs:50, lr:0.05)
<_io.TextIOWrapper name='<stderr>' mode='w' encoding='utf-8'> node index is 83
train linear regression time:  0.04547962499782443
(average_diff:0.033830566344259114, max_diff:0.09989698158052857, training_epochs:50, lr:0.05)
<_io.TextIOWrapper name='<stderr>' mode='w' encoding='utf-8'> node index is 77
train linear regression time:  0.04886620817705989
(average_diff:0.035557678874740796, max_diff:0.11373779574193704, training_epochs:50, lr:0.05)
<_io.TextIOWrapper name='<stderr>' mode='w' encoding='utf-8'> node index is 71
train linear regression time:  0.049214666709303856
(average_diff:0.05058434834590334, max_diff:0.12036078085453777, training_epochs:50, lr:0.05)
<_io.TextIOWrapper name='<stderr>' mode='w' encoding='utf-8'> node index is 63
train linear regression time:  0.04893120937049389
(average_diff:0.0663223981568004, max_diff:0.17211833779991417, training_epochs:50, lr:0.05)
<_io.TextIOWrapper name='<stderr>' mode='w' encoding='utf-8'> node index is 55
train linear regression time:  0.04802054213359952
(average_diff:0.07293271356850144, max_diff:0.2239401115093278, training_epochs:50, lr:0.05)
<_io.TextIOWrapper name='<stderr>' mode='w' encoding='utf-8'> node index is 45
train linear regression time:  0.04870045790448785
(average_diff:0.06660182665877815, max_diff:0.18540759852802358, training_epochs:50, lr:0.05)
<_io.TextIOWrapper name='<stderr>' mode='w' encoding='utf-8'> node index is 39
train linear regression time:  0.04877575021237135
(average_diff:0.09511181981011951, max_diff:0.219910625315757, training_epochs:50, lr:0.05)
<_io.TextIOWrapper name='<stderr>' mode='w' encoding='utf-8'> node index is 31
train linear regression time:  0.049474249593913555
(average_diff:0.06981440164855145, max_diff:0.3804019545645686, training_epochs:50, lr:0.05)
<_io.TextIOWrapper name='<stderr>' mode='w' encoding='utf-8'> node index is 25
train linear regression time:  0.04961050022393465
(average_diff:0.17550890225770588, max_diff:0.566463865472626, training_epochs:50, lr:0.05)
<_io.TextIOWrapper name='<stderr>' mode='w' encoding='utf-8'> node index is 19
train linear regression time:  0.04788416717201471
(average_diff:0.14321108934005328, max_diff:0.48568405905607026, training_epochs:50, lr:0.05)
<_io.TextIOWrapper name='<stderr>' mode='w' encoding='utf-8'> node index is 146
train linear regression time:  0.049599249847233295
<_io.TextIOWrapper name='<stderr>' mode='w' encoding='utf-8'> variance test passed, diff=0.014646493482435755, d = 1, back=0
<_io.TextIOWrapper name='<stderr>' mode='w' encoding='utf-8'> Will be split, p=0.014646493482435755, d=1, back=0
(average_diff:0.1367870013841722, max_diff:0.4556729471834561, training_epochs:50, lr:0.05)
<_io.TextIOWrapper name='<stderr>' mode='w' encoding='utf-8'> node index is 148
train linear regression time:  0.050458542071282864
(average_diff:0.08480908606510384, max_diff:0.22527131074897488, training_epochs:50, lr:0.05)
<_io.TextIOWrapper name='<stderr>' mode='w' encoding='utf-8'> node index is 149
train linear regression time:  0.050383583176881075
(average_diff:0.028761420822089864, max_diff:0.06584276348898599, training_epochs:50, lr:0.05)
<_io.TextIOWrapper name='<stderr>' mode='w' encoding='utf-8'> node index is 147
train linear regression time:  0.047097666189074516
(average_diff:0.04818001550490417, max_diff:0.11953680203646894, training_epochs:50, lr:0.05)
<_io.TextIOWrapper name='<stderr>' mode='w' encoding='utf-8'> node index is 143
train linear regression time:  0.04678491689264774
(average_diff:0.04052004635974003, max_diff:0.08574877669493619, training_epochs:50, lr:0.05)
<_io.TextIOWrapper name='<stderr>' mode='w' encoding='utf-8'> node index is 137
train linear regression time:  0.04923629201948643
(average_diff:0.005086638788617681, max_diff:0.008852540140675269, training_epochs:50, lr:0.05)
<_io.TextIOWrapper name='<stderr>' mode='w' encoding='utf-8'> node index is 131
train linear regression time:  0.050033167004585266
(average_diff:0.011227162351191566, max_diff:0.024459544860156113, training_epochs:50, lr:0.05)
<_io.TextIOWrapper name='<stderr>' mode='w' encoding='utf-8'> node index is 123
train linear regression time:  0.04807491600513458
(average_diff:0.024556730355480345, max_diff:0.0522692519550525, training_epochs:50, lr:0.05)
<_io.TextIOWrapper name='<stderr>' mode='w' encoding='utf-8'> node index is 113
train linear regression time:  0.04675783310085535
(average_diff:0.07811025228999777, max_diff:0.2469115495811578, training_epochs:50, lr:0.05)
<_io.TextIOWrapper name='<stderr>' mode='w' encoding='utf-8'> node index is 103
train linear regression time:  0.048718624748289585
(average_diff:0.012803454838038464, max_diff:0.021414735252239803, training_epochs:50, lr:0.05)
<_io.TextIOWrapper name='<stderr>' mode='w' encoding='utf-8'> node index is 93
train linear regression time:  0.050195416901260614
(average_diff:0.001520230837721577, max_diff:0.0024383404014366172, training_epochs:50, lr:0.05)
<_io.TextIOWrapper name='<stderr>' mode='w' encoding='utf-8'> node index is 139
train linear regression time:  0.04941679211333394
(average_diff:0.005739238219343511, max_diff:0.012152922640935482, training_epochs:50, lr:0.05)
<_io.TextIOWrapper name='<stderr>' mode='w' encoding='utf-8'> node index is 133
train linear regression time:  0.04795320797711611
(average_diff:0.022766430030752103, max_diff:0.04413666819461887, training_epochs:50, lr:0.05)
<_io.TextIOWrapper name='<stderr>' mode='w' encoding='utf-8'> node index is 125
train linear regression time:  0.048489749897271395
(average_diff:0.05151371467355799, max_diff:0.10650705458686964, training_epochs:50, lr:0.05)
<_io.TextIOWrapper name='<stderr>' mode='w' encoding='utf-8'> node index is 115
train linear regression time:  0.046867416240274906
(average_diff:0.057532884944744615, max_diff:0.11424108103393114, training_epochs:50, lr:0.05)
<_io.TextIOWrapper name='<stderr>' mode='w' encoding='utf-8'> node index is 105
train linear regression time:  0.048419582657516
(average_diff:0.04969449814115982, max_diff:0.13925514302376846, training_epochs:50, lr:0.05)
<_io.TextIOWrapper name='<stderr>' mode='w' encoding='utf-8'> node index is 95
train linear regression time:  0.04672337509691715
(average_diff:0.059216227033830705, max_diff:0.09869022421012846, training_epochs:50, lr:0.05)
<_io.TextIOWrapper name='<stderr>' mode='w' encoding='utf-8'> node index is 85
train linear regression time:  0.05185737507417798
(average_diff:0.05888249516969987, max_diff:0.1124573684779358, training_epochs:50, lr:0.05)
<_io.TextIOWrapper name='<stderr>' mode='w' encoding='utf-8'> node index is 79
train linear regression time:  0.04706195881590247
(average_diff:0.16124195542464365, max_diff:0.3017782609711186, training_epochs:50, lr:0.05)
<_io.TextIOWrapper name='<stderr>' mode='w' encoding='utf-8'> node index is 73
train linear regression time:  0.04771637497469783
(average_diff:0.10931586217255503, max_diff:0.3212701104099511, training_epochs:50, lr:0.05)
<_io.TextIOWrapper name='<stderr>' mode='w' encoding='utf-8'> node index is 65
train linear regression time:  0.047694457694888115((average_diff:0.09549437674306614, max_diff:0.29835513350194404, training_epochs:50, lr:0.05)
<_io.TextIOWrapper name='<stderr>' mode='w' encoding='utf-8'> node index is 57
train linear regression time:  0.04825325030833483
(average_diff:0.06646741514392088, max_diff:0.19746916165611944, training_epochs:50, lr:0.05)
<_io.TextIOWrapper name='<stderr>' mode='w' encoding='utf-8'> node index is 47
train linear regression time:  0.04723145766183734
(average_diff:0.1934256040539438, max_diff:0.7788809028454996, training_epochs:50, lr:0.05)
<_io.TextIOWrapper name='<stderr>' mode='w' encoding='utf-8'> node index is 41
train linear regression time:  0.04682212509214878
(average_diff:0.15002005142453945, max_diff:0.6009606085419661, training_epochs:50, lr:0.05)
<_io.TextIOWrapper name='<stderr>' mode='w' encoding='utf-8'> node index is 33
train linear regression time:  0.04866416705772281
(average_diff:0.034320769872518274, max_diff:0.04559451024025357, training_epochs:50, lr:0.05)
<_io.TextIOWrapper name='<stderr>' mode='w' encoding='utf-8'> node index is 117
train linear regression time:  0.05186445778235793
(average_diff:0.020066522710485653, max_diff:0.040478614545284855, training_epochs:50, lr:0.05)
<_io.TextIOWrapper name='<stderr>' mode='w' encoding='utf-8'> node index is 107
train linear regression time:  0.04957358306273818
(average_diff:0.023412444479723144, max_diff:0.051737199047782886, training_epochs:50, lr:0.05)
<_io.TextIOWrapper name='<stderr>' mode='w' encoding='utf-8'> node index is 97
train linear regression time:  0.04752066591754556
(average_diff:0.05649541677190251, max_diff:0.12151244122765081, training_epochs:50, lr:0.05)
<_io.TextIOWrapper name='<stderr>' mode='w' encoding='utf-8'> node index is 87
train linear regression time:  0.04677354218438268
(average_diff:0.06050547122291698, max_diff:0.13132618697369114, training_epochs:50, lr:0.05)
<_io.TextIOWrapper name='<stderr>' mode='w' encoding='utf-8'> node index is 81
train linear regression time:  0.04669541725888848
(average_diff:0.06619039912874641, max_diff:0.17163217652664398, training_epochs:50, lr:0.05)
<_io.TextIOWrapper name='<stderr>' mode='w' encoding='utf-8'> node index is 75
train linear regression time:  0.04736754111945629
(average_diff:0.08534203443163418, max_diff:0.352059627897678, training_epochs:50, lr:0.05)
<_io.TextIOWrapper name='<stderr>' mode='w' encoding='utf-8'> node index is 67
train linear regression time:  0.04901895811781287
(average_diff:0.19486234368841374, max_diff:0.43129907655813704, training_epochs:50, lr:0.05)
<_io.TextIOWrapper name='<stderr>' mode='w' encoding='utf-8'> node index is 59
train linear regression time:  0.04705950012430549
(average_diff:0.10939303239590789, max_diff:0.2957586394114293, training_epochs:50, lr:0.05)
<_io.TextIOWrapper name='<stderr>' mode='w' encoding='utf-8'> node index is 49
train linear regression time:  0.048200083896517754
(average_diff:0.1729360612596548, max_diff:0.5639575099895382, training_epochs:50, lr:0.05)
<_io.TextIOWrapper name='<stderr>' mode='w' encoding='utf-8'> node index is 43
train linear regression time:  0.04575862502679229
(average_diff:0.18451692773258052, max_diff:0.6033501511486895, training_epochs:50, lr:0.05)
<_io.TextIOWrapper name='<stderr>' mode='w' encoding='utf-8'> node index is 35
train linear regression time:  0.047410250175744295
(average_diff:0.13651258403849703, max_diff:0.5737659851164377, training_epochs:50, lr:0.05)
<_io.TextIOWrapper name='<stderr>' mode='w' encoding='utf-8'> node index is 27
train linear regression time:  0.04889116669073701
(average_diff:0.15717762602121735, max_diff:0.5763403424110961, training_epochs:50, lr:0.05)
<_io.TextIOWrapper name='<stderr>' mode='w' encoding='utf-8'> node index is 21
train linear regression time:  0.05023304186761379
<_io.TextIOWrapper name='<stderr>' mode='w' encoding='utf-8'> variance test passed, diff=0.04509670729805482, d = 0, back=0
<_io.TextIOWrapper name='<stderr>' mode='w' encoding='utf-8'> variance test passed, diff=0.045887014814794895, d = 1, back=0
<_io.TextIOWrapper name='<stderr>' mode='w' encoding='utf-8'> Will be split, p=0.045887014814794895, d=1, back=0
(average_diff:0.1625622510087067, max_diff:0.5682989791952302, training_epochs:50, lr:0.05)
<_io.TextIOWrapper name='<stderr>' mode='w' encoding='utf-8'> node index is 150
train linear regression time:  0.05011412501335144
(average_diff:0.000959721816004816, max_diff:0.0009805683502194795, training_epochs:50, lr:0.05)
<_io.TextIOWrapper name='<stderr>' mode='w' encoding='utf-8'> node index is 151
train linear regression time:  0.049588000401854515
(average_diff:0.03417482612076137, max_diff:0.07633240289846423, training_epochs:50, lr:0.05)
<_io.TextIOWrapper name='<stderr>' mode='w' encoding='utf-8'> node index is 135
train linear regression time:  0.049969958141446114
(average_diff:0.027693382658247258, max_diff:0.044624727403739683, training_epochs:50, lr:0.05)
<_io.TextIOWrapper name='<stderr>' mode='w' encoding='utf-8'> node index is 129
train linear regression time:  0.04813345801085234
(average_diff:0.024624039806577014, max_diff:0.07997010226265568, training_epochs:50, lr:0.05)
<_io.TextIOWrapper name='<stderr>' mode='w' encoding='utf-8'> node index is 119
train linear regression time:  0.05197549983859062
(average_diff:0.05192710264474061, max_diff:0.09407079036626365, training_epochs:50, lr:0.05)
<_io.TextIOWrapper name='<stderr>' mode='w' encoding='utf-8'> node index is 109
train linear regression time:  0.04884179076179862
(average_diff:0.04674294109438588, max_diff:0.17567343480116915, training_epochs:50, lr:0.05)
<_io.TextIOWrapper name='<stderr>' mode='w' encoding='utf-8'> node index is 99
train linear regression time:  0.046397958882153034
(average_diff:0.08004316071895771, max_diff:0.2731799613649303, training_epochs:50, lr:0.05)
<_io.TextIOWrapper name='<stderr>' mode='w' encoding='utf-8'> node index is 89
train linear regression time:  0.04868841636925936
(average_diff:0.0002166804602263, max_diff:0.00291040092635568, training_epochs:50, lr:0.05)
<_io.TextIOWrapper name='<stderr>' mode='w' encoding='utf-8'> node index is 69
train linear regression time:  0.05017612501978874
(average_diff:0.03744782239717728, max_diff:0.07038521237055861, training_epochs:50, lr:0.05)
<_io.TextIOWrapper name='<stderr>' mode='w' encoding='utf-8'> node index is 61
train linear regression time:  0.04973349999636412
(average_diff:0.00793512717754293, max_diff:0.011757864799552264, training_epochs:50, lr:0.05)
<_io.TextIOWrapper name='<stderr>' mode='w' encoding='utf-8'> node index is 53
train linear regression time:  0.04886374995112419
(average_diff:0.10181168387581198, max_diff:0.38225934956044477, training_epochs:50, lr:0.05)
<_io.TextIOWrapper name='<stderr>' mode='w' encoding='utf-8'> node index is 51
train linear regression time:  0.04776704125106335
(average_diff:0.15921422040041444, max_diff:0.6392223367572638, training_epochs:50, lr:0.05)
<_io.TextIOWrapper name='<stderr>' mode='w' encoding='utf-8'> node index is 37
train linear regression time:  0.047516667284071445
(average_diff:0.18227612083643557, max_diff:0.6436573091476351, training_epochs:50, lr:0.05)
<_io.TextIOWrapper name='<stderr>' mode='w' encoding='utf-8'> node index is 29
train linear regression time:  0.047674375120550394
(average_diff:0.18852547906594835, max_diff:0.845681504655387, training_epochs:50, lr:0.05)
<_io.TextIOWrapper name='<stderr>' mode='w' encoding='utf-8'> node index is 23
train linear regression time:  0.04825812531635165
(average_diff:0.16603516425999731, max_diff:0.6879993048184428, training_epochs:50, lr:0.05)
<_io.TextIOWrapper name='<stderr>' mode='w' encoding='utf-8'> node index is 15
train linear regression time:  0.052419417072087526
(average_diff:0.054469932311470654, max_diff:0.08455321484930547, training_epochs:50, lr:0.05)
<_io.TextIOWrapper name='<stderr>' mode='w' encoding='utf-8'> node index is 7
train linear regression time:  0.04876800021156669
(average_diff:0.09792995436168252, max_diff:0.23997453727898477, training_epochs:50, lr:0.05)
<_io.TextIOWrapper name='<stderr>' mode='w' encoding='utf-8'> node index is 5
train linear regression time:  0.047052749898284674
testFringe time:  3.3721905830316246
<_io.TextIOWrapper name='<stderr>' mode='w' encoding='utf-8'> =============== update finished ===============

*** Writing Game File 23***

<_io.TextIOWrapper name='../print_tree_record_numpy/print_DM_boost_linear_tree_split.txt' mode='w' encoding='UTF-8'> idx1(Q:0.4061, distinct_name:0, dictinctin_value:2.569683891588169, par:None)
	idx4(Q:0.4068, distinct_name:0, dictinctin_value:2.507749956207568, par:1)
		idx6(Q:0.4065, distinct_name:0, dictinctin_value:-0.050698982385153205, par:4)
			idx8(Q:0.4710, distinct_name:0, dictinctin_value:-0.5002368440471089, par:6)
				idx10(Q:0.5203, distinct_name:3, dictinctin_value:0.7373220788164561, par:8)
					idx12(Q:0.4990, distinct_name:1, dictinctin_value:0.8498558206992594, par:10)
						idx18(Q:0.4437, distinct_name:2, dictinctin_value:0.8559921607301466, par:12)
							idx24(Q:0.4422, distinct_name:0, dictinctin_value:-0.5901212893723445, par:18)
								idx30(Q:0.4484, distinct_name:2, dictinctin_value:0.5095422779981766, par:24)
									idx38(Q:0.4661, distinct_name:2, dictinctin_value:0.24909091887867726, par:30)
										idx44(Q:0.4955, distinct_name:2, dictinctin_value:-0.06052347242753761, par:38)
											idx54(Q:0.5364, distinct_name:2, dictinctin_value:-0.16873413911779458, par:44)
												idx62(Q:0.5654, distinct_name:2, dictinctin_value:-0.3117760123070312, par:54)
													idx70(Q:0.6042, distinct_name:2, dictinctin_value:-0.36929151673896154, par:62)
														idx76(Q:0.6274, distinct_name:2, dictinctin_value:-0.4513587540231024, par:70)
															idx82(Q:0.6658, distinct_name:2, dictinctin_value:-0.49926091712096626, par:76)
																idx90(Q:0.6795, distinct_name:2, dictinctin_value:-0.5261921216626007, par:82)
																	idx100(Q:0.6887, distinct_name:2, dictinctin_value:-0.5682634996789567, par:90)
																		idx110(Q:0.7075, distinct_name:2, dictinctin_value:-0.576514535000767, par:100)
																			idx120(Q:0.7173, par:110)
																			idx121(Q:0.4001, par:110)
																		idx111(Q:0.3390, par:100)
																	idx101(Q:0.3647, par:90)
																idx91(Q:0.3440, par:82)
															idx83(Q:0.2749, par:76)
														idx77(Q:0.2885, par:70)
													idx71(Q:0.2707, par:62)
												idx63(Q:0.2484, par:54)
											idx55(Q:0.2368, par:44)
										idx45(Q:0.2150, par:38)
									idx39(Q:0.3283, par:30)
								idx31(Q:0.3768, par:24)
							idx25(Q:0.4513, par:18)
						idx19(Q:0.7350, par:12)
					idx13(Q:0.5873, distinct_name:2, dictinctin_value:1.929601246827043, par:10)
						idx92(Q:0.5778, distinct_name:1, dictinctin_value:1.2557733390904973, par:13)
							idx102(Q:0.5442, distinct_name:2, dictinctin_value:1.4527612583425853, par:92)
								idx112(Q:0.5266, distinct_name:2, dictinctin_value:1.3531114404933846, par:102)
									idx122(Q:0.5232, distinct_name:2, dictinctin_value:1.0639310625609943, par:112)
										idx130(Q:0.5089, distinct_name:2, dictinctin_value:0.8759607452183222, par:122)
											idx136(Q:0.5010, distinct_name:2, dictinctin_value:0.6228991526328211, par:130)
												idx142(Q:0.4865, distinct_name:2, dictinctin_value:0.4885947458466264, par:136)
													idx146(Q:0.4736, distinct_name:1, dictinctin_value:1.1059975491047376, par:142)
														idx148(Q:0.4601, par:146)
														idx149(Q:0.6985, par:146)
													idx147(Q:0.6382, par:142)
												idx143(Q:0.6679, par:136)
											idx137(Q:0.6196, par:130)
										idx131(Q:0.9049, par:122)
									idx123(Q:0.6218, par:112)
								idx113(Q:0.9065, par:102)
							idx103(Q:0.9399, par:92)
						idx93(Q:1.1123, par:13)
				idx11(Q:0.3824, distinct_name:3, dictinctin_value:1.284568987543642, par:8)
					idx32(Q:0.3634, distinct_name:3, dictinctin_value:0.5763111575206541, par:11)
						idx40(Q:0.3431, distinct_name:2, dictinctin_value:1.4159847670297276, par:32)
							idx46(Q:0.3345, distinct_name:2, dictinctin_value:0.8764611652526798, par:40)
								idx56(Q:0.3474, distinct_name:2, dictinctin_value:0.6776552612944613, par:46)
									idx64(Q:0.3520, distinct_name:0, dictinctin_value:-0.10007893227380851, par:56)
										idx72(Q:0.3435, distinct_name:2, dictinctin_value:0.481251420222257, par:64)
											idx78(Q:0.3539, distinct_name:2, dictinctin_value:0.43236682950932387, par:72)
												idx84(Q:0.3634, distinct_name:2, dictinctin_value:0.2322739018313544, par:78)
													idx94(Q:0.3818, distinct_name:2, dictinctin_value:0.1692901075380102, par:84)
														idx104(Q:0.3928, distinct_name:2, dictinctin_value:0.044622068949871425, par:94)
															idx114(Q:0.4109, distinct_name:2, dictinctin_value:-0.04421252452423217, par:104)
																idx124(Q:0.4347, distinct_name:2, dictinctin_value:-0.12551407150931976, par:114)
																	idx132(Q:0.4526, distinct_name:2, dictinctin_value:-0.16179863391045127, par:124)
																		idx138(Q:0.4635, distinct_name:2, dictinctin_value:-0.1987692173924826, par:132)
																			idx144(Q:0.4816, par:138)
																			idx145(Q:0.1407, par:138)
																		idx139(Q:0.1455, par:132)
																	idx133(Q:0.1353, par:124)
																idx125(Q:0.1158, par:114)
															idx115(Q:0.1500, par:104)
														idx105(Q:0.1560, par:94)
													idx95(Q:0.1489, par:84)
												idx85(Q:0.1601, par:78)
											idx79(Q:0.1939, par:72)
										idx73(Q:0.4504, par:64)
									idx65(Q:0.2807, par:56)
								idx57(Q:0.2461, par:46)
							idx47(Q:0.4107, par:40)
						idx41(Q:0.4380, par:32)
					idx33(Q:0.5674, par:11)
			idx9(Q:0.3496, distinct_name:1, dictinctin_value:1.4532912275447858, par:6)
				idx14(Q:0.3298, distinct_name:0, dictinctin_value:0.6708677617788001, par:9)
					idx16(Q:0.3432, distinct_name:0, dictinctin_value:0.5219929201544601, par:14)
						idx20(Q:0.3498, distinct_name:0, dictinctin_value:0.38200451643824146, par:16)
							idx26(Q:0.3632, distinct_name:0, dictinctin_value:0.29175973898130836, par:20)
								idx34(Q:0.3732, distinct_name:3, dictinctin_value:1.2405945003824483, par:26)
									idx42(Q:0.3441, distinct_name:2, dictinctin_value:1.6139678071673451, par:34)
										idx48(Q:0.3375, distinct_name:1, dictinctin_value:1.0148453699076618, par:42)
											idx58(Q:0.3256, distinct_name:2, dictinctin_value:0.8422101128546527, par:48)
												idx66(Q:0.3394, distinct_name:2, dictinctin_value:0.5718071591898053, par:58)
													idx74(Q:0.3487, distinct_name:2, dictinctin_value:0.3335199702259944, par:66)
														idx80(Q:0.3753, distinct_name:2, dictinctin_value:0.2585267021680285, par:74)
															idx86(Q:0.3854, distinct_name:2, dictinctin_value:0.13295569297273957, par:80)
																idx96(Q:0.4024, distinct_name:2, dictinctin_value:0.0933394603867821, par:86)
																	idx106(Q:0.4109, distinct_name:2, dictinctin_value:0.047951172568074005, par:96)
																		idx116(Q:0.4226, distinct_name:2, dictinctin_value:-0.0025517231675584334, par:106)
																			idx126(Q:0.4347, par:116)
																			idx127(Q:0.1213, par:116)
																		idx117(Q:0.1611, par:106)
																	idx107(Q:0.1127, par:96)
																idx97(Q:0.1241, par:86)
															idx87(Q:0.2091, par:80)
														idx81(Q:0.1499, par:74)
													idx75(Q:0.2118, par:66)
												idx67(Q:0.2480, par:58)
											idx59(Q:0.4544, par:48)
										idx49(Q:0.4452, par:42)
									idx43(Q:0.5483, par:34)
								idx35(Q:0.3225, par:26)
							idx27(Q:0.2980, par:20)
						idx21(Q:0.3121, distinct_name:1, dictinctin_value:1.3201670622027022, par:16)
							idx150(Q:0.3128, par:21)
							idx151(Q:0.2769, par:21)
					idx17(Q:0.3157, distinct_name:3, dictinctin_value:0.8871619234739136, par:14)
						idx22(Q:0.2856, distinct_name:1, dictinctin_value:0.895274831679809, par:17)
							idx28(Q:0.2678, distinct_name:3, dictinctin_value:0.4147697243292515, par:22)
								idx36(Q:0.2583, distinct_name:3, dictinctin_value:-0.009439492879810042, par:28)
									idx50(Q:0.2570, distinct_name:0, dictinctin_value:2.3121117874404824, par:36)
										idx52(Q:0.2575, distinct_name:0, dictinctin_value:1.9483716250181808, par:50)
											idx60(Q:0.2619, distinct_name:3, dictinctin_value:-0.018025248765568658, par:52)
												idx68(Q:0.2708, distinct_name:2, dictinctin_value:0.8033765660185509, par:60)
													idx88(Q:0.2719, distinct_name:2, dictinctin_value:0.6003623148969123, par:68)
														idx98(Q:0.2802, distinct_name:2, dictinctin_value:0.5329635912790776, par:88)
															idx108(Q:0.2880, distinct_name:2, dictinctin_value:0.3621996786015208, par:98)
																idx118(Q:0.3015, distinct_name:3, dictinctin_value:-0.05260374571449391, par:108)
																	idx128(Q:0.3068, distinct_name:2, dictinctin_value:0.22149263805201816, par:118)
																		idx134(Q:0.3162, distinct_name:2, dictinctin_value:0.13324256965432388, par:128)
																			idx140(Q:0.3325, par:134)
																			idx141(Q:0.1309, par:134)
																		idx135(Q:0.1396, par:128)
																	idx129(Q:0.1616, par:118)
																idx119(Q:0.1571, par:108)
															idx109(Q:0.1739, par:98)
														idx99(Q:0.1830, par:88)
													idx89(Q:0.2662, par:68)
												idx69(Q:0.1873, par:60)
											idx61(Q:0.1758, par:52)
										idx53(Q:0.2130, par:50)
									idx51(Q:0.2633, par:36)
								idx37(Q:0.3145, par:28)
							idx29(Q:0.4010, par:22)
						idx23(Q:0.4560, par:17)
				idx15(Q:0.6110, par:9)
		idx7(Q:0.5135, par:4)
	idx5(Q:0.2940, par:1)
