WARNING:tensorflow:From /Users/keithwu/opt/anaconda3/envs/auction-gym/lib/python3.10/site-packages/tensorflow/python/compat/v2_compat.py:107: disable_resource_variables (from tensorflow.python.ops.variable_scope) is deprecated and will be removed in a future version.
Instructions for updating:
non-resource variables are not supported in the long term
<_io.TextIOWrapper name='<stderr>' mode='w' encoding='utf-8'> reading from ../UTree_model_numpy/DM/model_boost_linear_qsplit_noabs_save/, starting at 59
<_io.TextIOWrapper name='<stderr>' mode='w' encoding='utf-8'> =============== update starts ===============
(average_diff:0.0011720851348120361, max_diff:0.002617730866421142, training_epochs:50, lr:0.05)
<_io.TextIOWrapper name='<stderr>' mode='w' encoding='utf-8'> node index is 111
train linear regression time:  0.05204754229635
(average_diff:0.0019138571880942812, max_diff:0.005459784278974755, training_epochs:50, lr:0.05)
<_io.TextIOWrapper name='<stderr>' mode='w' encoding='utf-8'> node index is 101
train linear regression time:  0.04987512482330203
(average_diff:0.0030681508704354862, max_diff:0.009644122885941853, training_epochs:50, lr:0.05)
<_io.TextIOWrapper name='<stderr>' mode='w' encoding='utf-8'> node index is 91
train linear regression time:  0.053553415928035975
(average_diff:0.013900939433860221, max_diff:0.16295130728671361, training_epochs:50, lr:0.05)
<_io.TextIOWrapper name='<stderr>' mode='w' encoding='utf-8'> node index is 83
train linear regression time:  0.049937875010073185
(average_diff:0.017570146335692344, max_diff:0.15083642355466387, training_epochs:50, lr:0.05)
<_io.TextIOWrapper name='<stderr>' mode='w' encoding='utf-8'> node index is 77
train linear regression time:  0.0521274171769619
(average_diff:0.048015610739322284, max_diff:0.2548426788412836, training_epochs:50, lr:0.05)
<_io.TextIOWrapper name='<stderr>' mode='w' encoding='utf-8'> node index is 71
train linear regression time:  0.051377332769334316
(average_diff:0.048193835104944856, max_diff:0.20699823925937744, training_epochs:50, lr:0.05)
<_io.TextIOWrapper name='<stderr>' mode='w' encoding='utf-8'> node index is 63
train linear regression time:  0.05037508299574256
(average_diff:0.0700300762159568, max_diff:0.26604741524833564, training_epochs:50, lr:0.05)
<_io.TextIOWrapper name='<stderr>' mode='w' encoding='utf-8'> node index is 468
train linear regression time:  0.052339290734380484
(average_diff:0.0236434296481427, max_diff:0.025061170532797272, training_epochs:50, lr:0.05)
<_io.TextIOWrapper name='<stderr>' mode='w' encoding='utf-8'> node index is 469
train linear regression time:  0.0520760421641171
(average_diff:0.012739798974715971, max_diff:0.021855678739656714, training_epochs:50, lr:0.05)
<_io.TextIOWrapper name='<stderr>' mode='w' encoding='utf-8'> node index is 465
train linear regression time:  0.05084479134529829
(average_diff:0.07388289726248645, max_diff:0.2999932770732594, training_epochs:50, lr:0.05)
<_io.TextIOWrapper name='<stderr>' mode='w' encoding='utf-8'> node index is 45
train linear regression time:  0.05163308419287205
(average_diff:0.07025294760331523, max_diff:0.36130920978728026, training_epochs:50, lr:0.05)
<_io.TextIOWrapper name='<stderr>' mode='w' encoding='utf-8'> node index is 470
train linear regression time:  0.05032770801335573
<_io.TextIOWrapper name='<stderr>' mode='w' encoding='utf-8'> variance test passed, diff=0.041599276771890084, d = 0, back=0
<_io.TextIOWrapper name='<stderr>' mode='w' encoding='utf-8'> Will be split, p=0.041599276771890084, d=0, back=0
(average_diff:0.07166799041381804, max_diff:0.35964832921696177, training_epochs:50, lr:0.05)
<_io.TextIOWrapper name='<stderr>' mode='w' encoding='utf-8'> node index is 472
train linear regression time:  0.05073012504726648
(average_diff:0.000771931490415545, max_diff:0.0007804760476160522, training_epochs:50, lr:0.05)
<_io.TextIOWrapper name='<stderr>' mode='w' encoding='utf-8'> node index is 473
train linear regression time:  0.049579749815166
(average_diff:0.004971512593684148, max_diff:0.006032551388700666, training_epochs:50, lr:0.05)
<_io.TextIOWrapper name='<stderr>' mode='w' encoding='utf-8'> node index is 471
train linear regression time:  0.05129829095676541
(average_diff:0.007437692436217211, max_diff:0.00759272840349054, training_epochs:50, lr:0.05)
<_io.TextIOWrapper name='<stderr>' mode='w' encoding='utf-8'> node index is 467
train linear regression time:  0.05058245826512575
(average_diff:0.016766579676448793, max_diff:0.025665176480826335, training_epochs:50, lr:0.05)
<_io.TextIOWrapper name='<stderr>' mode='w' encoding='utf-8'> node index is 461
train linear regression time:  0.05030795792117715
(average_diff:0.006673804566103596, max_diff:0.010118417303273841, training_epochs:50, lr:0.05)
<_io.TextIOWrapper name='<stderr>' mode='w' encoding='utf-8'> node index is 457
train linear regression time:  0.05181241640821099
(average_diff:0.0, max_diff:0.0, training_epochs:50, lr:0.05)
<_io.TextIOWrapper name='<stderr>' mode='w' encoding='utf-8'> node index is 449
train linear regression time:  0.050644208677113056
(average_diff:5.2593317658423955e-05, max_diff:6.329811727014134e-05, training_epochs:50, lr:0.05)
<_io.TextIOWrapper name='<stderr>' mode='w' encoding='utf-8'> node index is 445
train linear regression time:  0.05024620797485113
(average_diff:5.948653954701566e-07, max_diff:6.095914020509685e-07, training_epochs:50, lr:0.05)
<_io.TextIOWrapper name='<stderr>' mode='w' encoding='utf-8'> node index is 433
train linear regression time:  0.04952912498265505
(average_diff:0.0010964027380301333, max_diff:0.0011230254562744624, training_epochs:50, lr:0.05)
<_io.TextIOWrapper name='<stderr>' mode='w' encoding='utf-8'> node index is 427
train linear regression time:  0.05281408317387104
(average_diff:0.09738732874563077, max_diff:0.31611764905175055, training_epochs:50, lr:0.05)
<_io.TextIOWrapper name='<stderr>' mode='w' encoding='utf-8'> node index is 31
train linear regression time:  0.05182075034826994
(average_diff:4.269844109450194e-06, max_diff:4.408733779492913e-06, training_epochs:50, lr:0.05)
<_io.TextIOWrapper name='<stderr>' mode='w' encoding='utf-8'> node index is 369
train linear regression time:  0.05090400017797947
(average_diff:0.004065367288826301, max_diff:0.006219990941792153, training_epochs:50, lr:0.05)
<_io.TextIOWrapper name='<stderr>' mode='w' encoding='utf-8'> node index is 355
train linear regression time:  0.04998566675931215
(average_diff:0.0010995547944266382, max_diff:0.0015702752550116883, training_epochs:50, lr:0.05)
<_io.TextIOWrapper name='<stderr>' mode='w' encoding='utf-8'> node index is 341
train linear regression time:  0.05072916625067592
(average_diff:0.021190208907736607, max_diff:0.05295269014257997, training_epochs:50, lr:0.05)
<_io.TextIOWrapper name='<stderr>' mode='w' encoding='utf-8'> node index is 329
train linear regression time:  0.049846624955534935
(average_diff:0.007314195514613795, max_diff:0.012434415774707108, training_epochs:50, lr:0.05)
<_io.TextIOWrapper name='<stderr>' mode='w' encoding='utf-8'> node index is 317
train linear regression time:  0.04967424971982837
(average_diff:0.0703667657154687, max_diff:0.2287432305232622, training_epochs:50, lr:0.05)
<_io.TextIOWrapper name='<stderr>' mode='w' encoding='utf-8'> node index is 305
train linear regression time:  0.05278012482449412
(average_diff:0.0002670901999825351, max_diff:0.0002757278804349089, training_epochs:50, lr:0.05)
<_io.TextIOWrapper name='<stderr>' mode='w' encoding='utf-8'> node index is 289
train linear regression time:  0.05044966610148549
(average_diff:0.006628844445275872, max_diff:0.012381944819126911, training_epochs:50, lr:0.05)
<_io.TextIOWrapper name='<stderr>' mode='w' encoding='utf-8'> node index is 257
train linear regression time:  0.05067333299666643
(average_diff:0.0711118253696737, max_diff:0.12461183132452147, training_epochs:50, lr:0.05)
<_io.TextIOWrapper name='<stderr>' mode='w' encoding='utf-8'> node index is 243
train linear regression time:  0.049859791062772274
(average_diff:0.057456665296720694, max_diff:0.08751401880769924, training_epochs:50, lr:0.05)
<_io.TextIOWrapper name='<stderr>' mode='w' encoding='utf-8'> node index is 231
train linear regression time:  0.05030491715297103
(average_diff:0.08060711110196705, max_diff:0.14078133965628536, training_epochs:50, lr:0.05)
<_io.TextIOWrapper name='<stderr>' mode='w' encoding='utf-8'> node index is 217
train linear regression time:  0.050815291702747345
(average_diff:0.009257550814090054, max_diff:0.0213779573625964, training_epochs:50, lr:0.05)
<_io.TextIOWrapper name='<stderr>' mode='w' encoding='utf-8'> node index is 275
train linear regression time:  0.05134449992328882
(average_diff:0.015311773673149055, max_diff:0.025617300202087412, training_epochs:50, lr:0.05)
<_io.TextIOWrapper name='<stderr>' mode='w' encoding='utf-8'> node index is 259
train linear regression time:  0.05207929201424122
(average_diff:0.02110551594007204, max_diff:0.032879354003090944, training_epochs:50, lr:0.05)
<_io.TextIOWrapper name='<stderr>' mode='w' encoding='utf-8'> node index is 245
train linear regression time:  0.05088187474757433
(average_diff:0.023202531078232325, max_diff:0.03972020912040741, training_epochs:50, lr:0.05)
<_io.TextIOWrapper name='<stderr>' mode='w' encoding='utf-8'> node index is 233
train linear regression time:  0.05052095837891102
(average_diff:8.388577138473963e-09, max_diff:9.356175112440468e-09, training_epochs:50, lr:0.05)
<_io.TextIOWrapper name='<stderr>' mode='w' encoding='utf-8'> node index is 219
train linear regression time:  0.05072624981403351
(average_diff:0.013242202534916512, max_diff:0.023420748433775396, training_epochs:50, lr:0.05)
<_io.TextIOWrapper name='<stderr>' mode='w' encoding='utf-8'> node index is 205
train linear regression time:  0.05062783416360617
(average_diff:0.003937394703018127, max_diff:0.008787559401586154, training_epochs:50, lr:0.05)
<_io.TextIOWrapper name='<stderr>' mode='w' encoding='utf-8'> node index is 197
train linear regression time:  0.05025387508794665
(average_diff:0.031008233683739547, max_diff:0.06546614458738287, training_epochs:50, lr:0.05)
<_io.TextIOWrapper name='<stderr>' mode='w' encoding='utf-8'> node index is 189
train linear regression time:  0.04984595812857151
(average_diff:0.022413049785345713, max_diff:0.061716369241565094, training_epochs:50, lr:0.05)
<_io.TextIOWrapper name='<stderr>' mode='w' encoding='utf-8'> node index is 181
train linear regression time:  0.0507405842654407
(average_diff:0.028095837867124624, max_diff:0.0741899255460372, training_epochs:50, lr:0.05)
<_io.TextIOWrapper name='<stderr>' mode='w' encoding='utf-8'> node index is 173
train linear regression time:  0.050781582947820425
(average_diff:0.02542625417043959, max_diff:0.043706168092855435, training_epochs:50, lr:0.05)
<_io.TextIOWrapper name='<stderr>' mode='w' encoding='utf-8'> node index is 163
train linear regression time:  0.05096441740170121
(average_diff:0.0, max_diff:0.0, training_epochs:50, lr:0.05)
<_io.TextIOWrapper name='<stderr>' mode='w' encoding='utf-8'> node index is 153
train linear regression time:  0.0509788328781724
(average_diff:0.02567940954923527, max_diff:0.046751992427546574, training_epochs:50, lr:0.05)
<_io.TextIOWrapper name='<stderr>' mode='w' encoding='utf-8'> node index is 221
train linear regression time:  0.0507281250320375
(average_diff:0.10845557345393189, max_diff:0.275526619885643, training_epochs:50, lr:0.05)
<_io.TextIOWrapper name='<stderr>' mode='w' encoding='utf-8'> node index is 207
train linear regression time:  0.05066479183733463
(average_diff:0.14667985856472956, max_diff:0.341277141045047, training_epochs:50, lr:0.05)
<_io.TextIOWrapper name='<stderr>' mode='w' encoding='utf-8'> node index is 165
train linear regression time:  0.05077079124748707
(average_diff:0.08339966480012553, max_diff:0.22863269885318277, training_epochs:50, lr:0.05)
<_io.TextIOWrapper name='<stderr>' mode='w' encoding='utf-8'> node index is 155
train linear regression time:  0.050673124846071005
(average_diff:0.13060848506718442, max_diff:0.2101713080048202, training_epochs:50, lr:0.05)
<_io.TextIOWrapper name='<stderr>' mode='w' encoding='utf-8'> node index is 149
train linear regression time:  0.049775832798331976
(average_diff:0.04779468232834832, max_diff:0.14204285518745344, training_epochs:50, lr:0.05)
<_io.TextIOWrapper name='<stderr>' mode='w' encoding='utf-8'> node index is 147
train linear regression time:  0.05285162525251508
(average_diff:0.05143853842339025, max_diff:0.13397874667994003, training_epochs:50, lr:0.05)
<_io.TextIOWrapper name='<stderr>' mode='w' encoding='utf-8'> node index is 143
train linear regression time:  0.05018083285540342
(average_diff:0.04007852958694752, max_diff:0.08861750076268704, training_epochs:50, lr:0.05)
<_io.TextIOWrapper name='<stderr>' mode='w' encoding='utf-8'> node index is 137
train linear regression time:  0.050417874939739704
(average_diff:0.042105153920539914, max_diff:0.15550425329241768, training_epochs:50, lr:0.05)
<_io.TextIOWrapper name='<stderr>' mode='w' encoding='utf-8'> node index is 131
train linear regression time:  0.05051929084584117
(average_diff:0.03233812290297815, max_diff:0.06940735751858557, training_epochs:50, lr:0.05)
<_io.TextIOWrapper name='<stderr>' mode='w' encoding='utf-8'> node index is 123
train linear regression time:  0.05078616691753268
(average_diff:0.03791519633375902, max_diff:0.09545094866360726, training_epochs:50, lr:0.05)
<_io.TextIOWrapper name='<stderr>' mode='w' encoding='utf-8'> node index is 113
train linear regression time:  0.05318362498655915
(average_diff:0.07187989409313618, max_diff:0.28961816089157666, training_epochs:50, lr:0.05)
<_io.TextIOWrapper name='<stderr>' mode='w' encoding='utf-8'> node index is 103
train linear regression time:  0.0507185417227447
(average_diff:0.053849399954335665, max_diff:0.11268858082571176, training_epochs:50, lr:0.05)
<_io.TextIOWrapper name='<stderr>' mode='w' encoding='utf-8'> node index is 93
train linear regression time:  0.0505082500167191
(average_diff:0.024073253608346154, max_diff:0.07890541746194499, training_epochs:50, lr:0.05)
<_io.TextIOWrapper name='<stderr>' mode='w' encoding='utf-8'> node index is 139
train linear regression time:  0.05053670797497034
(average_diff:0.058952642213368704, max_diff:0.1670683551840419, training_epochs:50, lr:0.05)
<_io.TextIOWrapper name='<stderr>' mode='w' encoding='utf-8'> node index is 133
train linear regression time:  0.050377583131194115
(average_diff:0.02634256804733358, max_diff:0.0820866518279639, training_epochs:50, lr:0.05)
<_io.TextIOWrapper name='<stderr>' mode='w' encoding='utf-8'> node index is 125
train linear regression time:  0.05137045914307237
(average_diff:0.06919108599133239, max_diff:0.21488513931419595, training_epochs:50, lr:0.05)
<_io.TextIOWrapper name='<stderr>' mode='w' encoding='utf-8'> node index is 115
train linear regression time:  0.050961666740477085
(average_diff:0.05562777592853087, max_diff:0.22146264853894299, training_epochs:50, lr:0.05)
<_io.TextIOWrapper name='<stderr>' mode='w' encoding='utf-8'> node index is 105
train linear regression time:  0.04971162509173155
(average_diff:0.05394874115290919, max_diff:0.19756457685741813, training_epochs:50, lr:0.05)
<_io.TextIOWrapper name='<stderr>' mode='w' encoding='utf-8'> node index is 95
train linear regression time:  0.050207416992634535
(average_diff:0.06348129640431131, max_diff:0.11481165602568097, training_epochs:50, lr:0.05)
<_io.TextIOWrapper name='<stderr>' mode='w' encoding='utf-8'> node index is 85
train linear regression time:  0.05112274968996644
(average_diff:0.07169492848382286, max_diff:0.25070984354205017, training_epochs:50, lr:0.05)
<_io.TextIOWrapper name='<stderr>' mode='w' encoding='utf-8'> node index is 79
train linear regression time:  0.05045012477785349
(average_diff:0.10831376380387771, max_diff:0.40775013303581, training_epochs:50, lr:0.05)
<_io.TextIOWrapper name='<stderr>' mode='w' encoding='utf-8'> node index is 73
train linear regression time:  0.05078220833092928
(average_diff:0.08481175362614479, max_diff:0.36825184442652664, training_epochs:50, lr:0.05)
<_io.TextIOWrapper name='<stderr>' mode='w' encoding='utf-8'> node index is 65
train linear regression time:  0.050878750160336494
(average_diff:0.08626883459339214, max_diff:0.4494637407527429, training_epochs:50, lr:0.05)
<_io.TextIOWrapper name='<stderr>' mode='w' encoding='utf-8'> node index is 57
train linear regression time:  0.0517576658166945
(average_diff:0.08718744105643118, max_diff:0.6142287160777888, training_epochs:50, lr:0.05)
<_io.TextIOWrapper name='<stderr>' mode='w' encoding='utf-8'> node index is 47
train linear regression time:  0.05104004219174385
(average_diff:0.00017291696764153847, max_diff:0.00021577898685164187, training_epochs:50, lr:0.05)
<_io.TextIOWrapper name='<stderr>' mode='w' encoding='utf-8'> node index is 397
train linear regression time:  0.051330499816685915
(average_diff:0.11083451590830923, max_diff:0.15014878806812737, training_epochs:50, lr:0.05)
<_io.TextIOWrapper name='<stderr>' mode='w' encoding='utf-8'> node index is 383
train linear regression time:  0.05183262471109629
(average_diff:1.1102230246251565e-16, max_diff:1.1102230246251565e-16, training_epochs:50, lr:0.05)
<_io.TextIOWrapper name='<stderr>' mode='w' encoding='utf-8'> node index is 371
train linear regression time:  0.05143087496981025
(average_diff:0.14933874279721845, max_diff:0.31373382611578604, training_epochs:50, lr:0.05)
<_io.TextIOWrapper name='<stderr>' mode='w' encoding='utf-8'> node index is 357
train linear regression time:  0.05040162522345781
(average_diff:0.11136284034766371, max_diff:0.24229006010573673, training_epochs:50, lr:0.05)
<_io.TextIOWrapper name='<stderr>' mode='w' encoding='utf-8'> node index is 343
train linear regression time:  0.05215170793235302
(average_diff:1.1057821325266559e-13, max_diff:1.305622276959184e-13, training_epochs:50, lr:0.05)
<_io.TextIOWrapper name='<stderr>' mode='w' encoding='utf-8'> node index is 331
train linear regression time:  0.05141079192981124
(average_diff:0.014136617866877532, max_diff:0.02618514685508644, training_epochs:50, lr:0.05)
<_io.TextIOWrapper name='<stderr>' mode='w' encoding='utf-8'> node index is 319
train linear regression time:  0.05393541604280472
(average_diff:0.18170475189867358, max_diff:0.4722661564473494, training_epochs:50, lr:0.05)
<_io.TextIOWrapper name='<stderr>' mode='w' encoding='utf-8'> node index is 307
train linear regression time:  0.05175212491303682
(average_diff:1.0214835816091394e-07, max_diff:1.0452618925960167e-07, training_epochs:50, lr:0.05)
<_io.TextIOWrapper name='<stderr>' mode='w' encoding='utf-8'> node index is 293
train linear regression time:  0.051332791335880756
(average_diff:0.03801325306135511, max_diff:0.07716700150624078, training_epochs:50, lr:0.05)
<_io.TextIOWrapper name='<stderr>' mode='w' encoding='utf-8'> node index is 277
train linear regression time:  0.05209362506866455
(average_diff:0.05835514679115151, max_diff:0.0867872102256399, training_epochs:50, lr:0.05)
<_io.TextIOWrapper name='<stderr>' mode='w' encoding='utf-8'> node index is 261
train linear regression time:  0.050615417305380106
(average_diff:0.00013638064997653632, max_diff:0.00026101974489078916, training_epochs:50, lr:0.05)
<_io.TextIOWrapper name='<stderr>' mode='w' encoding='utf-8'> node index is 247
train linear regression time:  0.05141729116439819
(average_diff:0.1769260465508224, max_diff:0.7289131198364065, training_epochs:50, lr:0.05)
<_io.TextIOWrapper name='<stderr>' mode='w' encoding='utf-8'> node index is 462
train linear regression time:  0.051773457787930965
(average_diff:0.011075152808694089, max_diff:0.017651974757662336, training_epochs:50, lr:0.05)
<_io.TextIOWrapper name='<stderr>' mode='w' encoding='utf-8'> node index is 463
train linear regression time:  0.050022624898701906
(average_diff:0.003650030174202401, max_diff:0.0055397484039446665, training_epochs:50, lr:0.05)
<_io.TextIOWrapper name='<stderr>' mode='w' encoding='utf-8'> node index is 459
train linear regression time:  0.051110874861478806
(average_diff:0.0, max_diff:0.0, training_epochs:50, lr:0.05)
<_io.TextIOWrapper name='<stderr>' mode='w' encoding='utf-8'> node index is 451
train linear regression time:  0.05256387498229742
(average_diff:0.0, max_diff:0.0, training_epochs:50, lr:0.05)
<_io.TextIOWrapper name='<stderr>' mode='w' encoding='utf-8'> node index is 439
train linear regression time:  0.05057679209858179
(average_diff:0.01243643673458747, max_diff:0.025856675880305602, training_epochs:50, lr:0.05)
<_io.TextIOWrapper name='<stderr>' mode='w' encoding='utf-8'> node index is 437
train linear regression time:  0.050875499844551086
(average_diff:0.02960300715995831, max_diff:0.055968105962500986, training_epochs:50, lr:0.05)
<_io.TextIOWrapper name='<stderr>' mode='w' encoding='utf-8'> node index is 117
train linear regression time:  0.05032487493008375
(average_diff:0.02084595586969921, max_diff:0.05551352428805802, training_epochs:50, lr:0.05)
<_io.TextIOWrapper name='<stderr>' mode='w' encoding='utf-8'> node index is 107
train linear regression time:  0.05120216589421034
(average_diff:0.03946428501767534, max_diff:0.13121125613506274, training_epochs:50, lr:0.05)
<_io.TextIOWrapper name='<stderr>' mode='w' encoding='utf-8'> node index is 97
train linear regression time:  0.050502749625593424
(average_diff:0.06362277873705743, max_diff:0.14969356466359285, training_epochs:50, lr:0.05)
<_io.TextIOWrapper name='<stderr>' mode='w' encoding='utf-8'> node index is 87
train linear regression time:  0.05103370826691389
(average_diff:0.0591868721733163, max_diff:0.35597443380645283, training_epochs:50, lr:0.05)
<_io.TextIOWrapper name='<stderr>' mode='w' encoding='utf-8'> node index is 81
train linear regression time:  0.05100387521088123
(average_diff:0.07894600585231444, max_diff:0.27213085920343705, training_epochs:50, lr:0.05)
<_io.TextIOWrapper name='<stderr>' mode='w' encoding='utf-8'> node index is 75
train linear regression time:  0.05025895871222019
(average_diff:0.09171405945954847, max_diff:0.33539860897842666, training_epochs:50, lr:0.05)
<_io.TextIOWrapper name='<stderr>' mode='w' encoding='utf-8'> node index is 67
train linear regression time:  0.05345945758745074
(average_diff:0.16175863876903732, max_diff:0.5725982120314754, training_epochs:50, lr:0.05)
<_io.TextIOWrapper name='<stderr>' mode='w' encoding='utf-8'> node index is 59
train linear regression time:  0.05135866580531001
(average_diff:0.10771245832784651, max_diff:0.2987568373780518, training_epochs:50, lr:0.05)
<_io.TextIOWrapper name='<stderr>' mode='w' encoding='utf-8'> node index is 49
train linear regression time:  0.05072433268651366
(average_diff:0.17238390923055547, max_diff:0.6327896411963256, training_epochs:50, lr:0.05)
<_io.TextIOWrapper name='<stderr>' mode='w' encoding='utf-8'> node index is 43
train linear regression time:  0.051487792283296585
(average_diff:0.02171320791281651, max_diff:0.0324233997335428, training_epochs:50, lr:0.05)
<_io.TextIOWrapper name='<stderr>' mode='w' encoding='utf-8'> node index is 385
train linear regression time:  0.050077250227332115
(average_diff:0.00018100344145060196, max_diff:0.00025084240913553213, training_epochs:50, lr:0.05)
<_io.TextIOWrapper name='<stderr>' mode='w' encoding='utf-8'> node index is 373
train linear regression time:  0.0501713752746582
(average_diff:0.0, max_diff:0.0, training_epochs:50, lr:0.05)
<_io.TextIOWrapper name='<stderr>' mode='w' encoding='utf-8'> node index is 359
train linear regression time:  0.05028033396229148
(average_diff:0.07247065991402028, max_diff:0.21750551170082283, training_epochs:50, lr:0.05)
<_io.TextIOWrapper name='<stderr>' mode='w' encoding='utf-8'> node index is 345
train linear regression time:  0.050594540778547525
(average_diff:0.04492236712584976, max_diff:0.07627167256372402, training_epochs:50, lr:0.05)
<_io.TextIOWrapper name='<stderr>' mode='w' encoding='utf-8'> node index is 321
train linear regression time:  0.05045650014653802
(average_diff:0.06398291448845077, max_diff:0.15889367219344525, training_epochs:50, lr:0.05)
<_io.TextIOWrapper name='<stderr>' mode='w' encoding='utf-8'> node index is 295
train linear regression time:  0.05071950005367398
(average_diff:0.010862932256715918, max_diff:0.016012775419365632, training_epochs:50, lr:0.05)
<_io.TextIOWrapper name='<stderr>' mode='w' encoding='utf-8'> node index is 279
train linear regression time:  0.050610417034476995
(average_diff:1.3877787807814457e-17, max_diff:2.7755575615628914e-17, training_epochs:50, lr:0.05)
<_io.TextIOWrapper name='<stderr>' mode='w' encoding='utf-8'> node index is 263
train linear regression time:  0.05051345797255635
(average_diff:0.0344412189010337, max_diff:0.05591358861781237, training_epochs:50, lr:0.05)
<_io.TextIOWrapper name='<stderr>' mode='w' encoding='utf-8'> node index is 249
train linear regression time:  0.05081854201853275
(average_diff:0.0, max_diff:0.0, training_epochs:50, lr:0.05)
<_io.TextIOWrapper name='<stderr>' mode='w' encoding='utf-8'> node index is 237
train linear regression time:  0.050359416753053665
(average_diff:0.0021328587166316235, max_diff:0.0032979137503460765, training_epochs:50, lr:0.05)
<_io.TextIOWrapper name='<stderr>' mode='w' encoding='utf-8'> node index is 265
train linear regression time:  0.05071724997833371
(average_diff:0.0, max_diff:0.0, training_epochs:50, lr:0.05)
<_io.TextIOWrapper name='<stderr>' mode='w' encoding='utf-8'> node index is 251
train linear regression time:  0.0505306669510901
(average_diff:0.09626724974381715, max_diff:0.35003220470260044, training_epochs:50, lr:0.05)
<_io.TextIOWrapper name='<stderr>' mode='w' encoding='utf-8'> node index is 239
train linear regression time:  0.051017708145082
(average_diff:0.08774045289915114, max_diff:0.20449523530281954, training_epochs:50, lr:0.05)
<_io.TextIOWrapper name='<stderr>' mode='w' encoding='utf-8'> node index is 223
train linear regression time:  0.05095037491992116
(average_diff:0.017147979470463866, max_diff:0.028809088362050372, training_epochs:50, lr:0.05)
<_io.TextIOWrapper name='<stderr>' mode='w' encoding='utf-8'> node index is 209
train linear regression time:  0.05069254199042916
(average_diff:0.0889245143026753, max_diff:0.15612758446485903, training_epochs:50, lr:0.05)
<_io.TextIOWrapper name='<stderr>' mode='w' encoding='utf-8'> node index is 199
train linear regression time:  0.05076599959284067
(average_diff:0.08570647072520166, max_diff:0.21030827103998131, training_epochs:50, lr:0.05)
<_io.TextIOWrapper name='<stderr>' mode='w' encoding='utf-8'> node index is 191
train linear regression time:  0.050474208779633045
(average_diff:0.12074942276567747, max_diff:0.21108371459311126, training_epochs:50, lr:0.05)
<_io.TextIOWrapper name='<stderr>' mode='w' encoding='utf-8'> node index is 183
train linear regression time:  0.05043275002390146
(average_diff:0.09773395167859782, max_diff:0.14660918979108384, training_epochs:50, lr:0.05)
<_io.TextIOWrapper name='<stderr>' mode='w' encoding='utf-8'> node index is 175
train linear regression time:  0.05212845792993903
(average_diff:0.08907151273449328, max_diff:0.1853511324119696, training_epochs:50, lr:0.05)
<_io.TextIOWrapper name='<stderr>' mode='w' encoding='utf-8'> node index is 167
train linear regression time:  0.05208270903676748
(average_diff:0.10822043558660288, max_diff:0.21729911959929027, training_epochs:50, lr:0.05)
<_io.TextIOWrapper name='<stderr>' mode='w' encoding='utf-8'> node index is 157
train linear regression time:  0.05235733324661851
(average_diff:0.0, max_diff:0.0, training_epochs:50, lr:0.05)
<_io.TextIOWrapper name='<stderr>' mode='w' encoding='utf-8'> node index is 323
train linear regression time:  0.050618582870811224
(average_diff:0.0, max_diff:0.0, training_epochs:50, lr:0.05)
<_io.TextIOWrapper name='<stderr>' mode='w' encoding='utf-8'> node index is 309
train linear regression time:  0.05005170777440071
(average_diff:0.10386510176783642, max_diff:0.17847243337239976, training_epochs:50, lr:0.05)
<_io.TextIOWrapper name='<stderr>' mode='w' encoding='utf-8'> node index is 297
train linear regression time:  0.050434958189725876
(average_diff:0.1595980134850775, max_diff:0.28032966428381967, training_epochs:50, lr:0.05)
<_io.TextIOWrapper name='<stderr>' mode='w' encoding='utf-8'> node index is 283
train linear regression time:  0.05172766698524356
(average_diff:0.061124176029123185, max_diff:0.13748309812095735, training_epochs:50, lr:0.05)
<_io.TextIOWrapper name='<stderr>' mode='w' encoding='utf-8'> node index is 267
train linear regression time:  0.05044300016015768
(average_diff:0.15783312528235152, max_diff:0.5965885936538042, training_epochs:50, lr:0.05)
<_io.TextIOWrapper name='<stderr>' mode='w' encoding='utf-8'> node index is 225
train linear regression time:  0.051563875284045935
(average_diff:0.21387869363572223, max_diff:0.39643395266067466, training_epochs:50, lr:0.05)
<_io.TextIOWrapper name='<stderr>' mode='w' encoding='utf-8'> node index is 211
train linear regression time:  0.049748499877750874
(average_diff:0.13092259974716977, max_diff:0.29854461975208396, training_epochs:50, lr:0.05)
<_io.TextIOWrapper name='<stderr>' mode='w' encoding='utf-8'> node index is 185
train linear regression time:  0.05064295791089535
(average_diff:0.1609519217850558, max_diff:0.44298538220099654, training_epochs:50, lr:0.05)
<_io.TextIOWrapper name='<stderr>' mode='w' encoding='utf-8'> node index is 177
train linear regression time:  0.050495958887040615
(average_diff:0.17870246791421288, max_diff:0.4245042918045658, training_epochs:50, lr:0.05)
<_io.TextIOWrapper name='<stderr>' mode='w' encoding='utf-8'> node index is 169
train linear regression time:  0.05053245788440108
(average_diff:0.0, max_diff:0.0, training_epochs:50, lr:0.05)
<_io.TextIOWrapper name='<stderr>' mode='w' encoding='utf-8'> node index is 159
train linear regression time:  0.049383291974663734
(average_diff:0.12855997735505428, max_diff:0.25040706189916545, training_epochs:50, lr:0.05)
<_io.TextIOWrapper name='<stderr>' mode='w' encoding='utf-8'> node index is 151
train linear regression time:  0.05167566705495119
(average_diff:0.032960847213316435, max_diff:0.09095163629337855, training_epochs:50, lr:0.05)
<_io.TextIOWrapper name='<stderr>' mode='w' encoding='utf-8'> node index is 135
train linear regression time:  0.05062775034457445
(average_diff:0.04731534632339009, max_diff:0.10952707813925461, training_epochs:50, lr:0.05)
<_io.TextIOWrapper name='<stderr>' mode='w' encoding='utf-8'> node index is 129
train linear regression time:  0.05022524995729327
(average_diff:0.03344061043725677, max_diff:0.10362588663862254, training_epochs:50, lr:0.05)
<_io.TextIOWrapper name='<stderr>' mode='w' encoding='utf-8'> node index is 119
train linear regression time:  0.051112042274326086
(average_diff:0.041470668706514204, max_diff:0.10614499476243633, training_epochs:50, lr:0.05)
<_io.TextIOWrapper name='<stderr>' mode='w' encoding='utf-8'> node index is 109
train linear regression time:  0.0513777919113636
(average_diff:0.04810235577350259, max_diff:0.16776048980771935, training_epochs:50, lr:0.05)
<_io.TextIOWrapper name='<stderr>' mode='w' encoding='utf-8'> node index is 99
train linear regression time:  0.05078729102388024
(average_diff:2.7755575615628914e-17, max_diff:2.7755575615628914e-17, training_epochs:50, lr:0.05)
<_io.TextIOWrapper name='<stderr>' mode='w' encoding='utf-8'> node index is 447
train linear regression time:  0.05104908300563693
(average_diff:0.0238499416646335, max_diff:0.03236651701459292, training_epochs:50, lr:0.05)
<_io.TextIOWrapper name='<stderr>' mode='w' encoding='utf-8'> node index is 441
train linear regression time:  0.05151962488889694
(average_diff:0.0049238303631187474, max_diff:0.007210247263050418, training_epochs:50, lr:0.05)
<_io.TextIOWrapper name='<stderr>' mode='w' encoding='utf-8'> node index is 435
train linear regression time:  0.05116899963468313
(average_diff:0.0, max_diff:0.0, training_epochs:50, lr:0.05)
<_io.TextIOWrapper name='<stderr>' mode='w' encoding='utf-8'> node index is 429
train linear regression time:  0.05100250011309981
(average_diff:0.014888295738502005, max_diff:0.022231225247348968, training_epochs:50, lr:0.05)
<_io.TextIOWrapper name='<stderr>' mode='w' encoding='utf-8'> node index is 421
train linear regression time:  0.050286083947867155
(average_diff:0.008682124222093865, max_diff:0.22978667452486035, training_epochs:50, lr:0.05)
<_io.TextIOWrapper name='<stderr>' mode='w' encoding='utf-8'> node index is 69
train linear regression time:  0.051445750053972006
(average_diff:0.07184997515948228, max_diff:0.23472515769090163, training_epochs:50, lr:0.05)
<_io.TextIOWrapper name='<stderr>' mode='w' encoding='utf-8'> node index is 61
train linear regression time:  0.05092608369886875
(average_diff:0.06246374405298551, max_diff:0.12167180208213677, training_epochs:50, lr:0.05)
<_io.TextIOWrapper name='<stderr>' mode='w' encoding='utf-8'> node index is 53
train linear regression time:  0.052942749578505754
(average_diff:0.03688217437610181, max_diff:0.05428098280263277, training_epochs:50, lr:0.05)
<_io.TextIOWrapper name='<stderr>' mode='w' encoding='utf-8'> node index is 401
train linear regression time:  0.05101616680622101
(average_diff:2.7755575615628914e-17, max_diff:2.7755575615628914e-17, training_epochs:50, lr:0.05)
<_io.TextIOWrapper name='<stderr>' mode='w' encoding='utf-8'> node index is 387
train linear regression time:  0.050947458017617464
(average_diff:0.006296028730763369, max_diff:0.011541242927216033, training_epochs:50, lr:0.05)
<_io.TextIOWrapper name='<stderr>' mode='w' encoding='utf-8'> node index is 375
train linear regression time:  0.05004187487065792
(average_diff:0.03041013659730174, max_diff:0.04970474825075988, training_epochs:50, lr:0.05)
<_io.TextIOWrapper name='<stderr>' mode='w' encoding='utf-8'> node index is 361
train linear regression time:  0.05335883283987641
(average_diff:0.03311437767401958, max_diff:0.08156086455205833, training_epochs:50, lr:0.05)
<_io.TextIOWrapper name='<stderr>' mode='w' encoding='utf-8'> node index is 347
train linear regression time:  0.05284795770421624
(average_diff:0.058959010304022466, max_diff:0.12513038382950498, training_epochs:50, lr:0.05)
<_io.TextIOWrapper name='<stderr>' mode='w' encoding='utf-8'> node index is 311
train linear regression time:  0.05318741733208299
(average_diff:0.014048137302308963, max_diff:0.029146807362474714, training_epochs:50, lr:0.05)
<_io.TextIOWrapper name='<stderr>' mode='w' encoding='utf-8'> node index is 299
train linear regression time:  0.05108749959617853
(average_diff:0.14081044756642938, max_diff:0.42959542881123813, training_epochs:50, lr:0.05)
<_io.TextIOWrapper name='<stderr>' mode='w' encoding='utf-8'> node index is 285
train linear regression time:  0.04956849990412593
(average_diff:0.004068699024184039, max_diff:0.007114711772108651, training_epochs:50, lr:0.05)
<_io.TextIOWrapper name='<stderr>' mode='w' encoding='utf-8'> node index is 269
train linear regression time:  0.052854500245302916
(average_diff:0.00873308074034651, max_diff:0.009029054254378277, training_epochs:50, lr:0.05)
<_io.TextIOWrapper name='<stderr>' mode='w' encoding='utf-8'> node index is 415
train linear regression time:  0.051942499820142984
(average_diff:0.0521385399883493, max_diff:0.10454740415752084, training_epochs:50, lr:0.05)
<_io.TextIOWrapper name='<stderr>' mode='w' encoding='utf-8'> node index is 411
train linear regression time:  0.05151158291846514
(average_diff:1.5984169108321233e-05, max_diff:1.7245549896960366e-05, training_epochs:50, lr:0.05)
<_io.TextIOWrapper name='<stderr>' mode='w' encoding='utf-8'> node index is 403
train linear regression time:  0.05017224978655577
(average_diff:0.018289147607643275, max_diff:0.03987350678649362, training_epochs:50, lr:0.05)
<_io.TextIOWrapper name='<stderr>' mode='w' encoding='utf-8'> node index is 389
train linear regression time:  0.05156920803710818
(average_diff:0.07023400075829479, max_diff:0.14005900316064723, training_epochs:50, lr:0.05)
<_io.TextIOWrapper name='<stderr>' mode='w' encoding='utf-8'> node index is 377
train linear regression time:  0.05283616669476032
(average_diff:5.074915557956583e-06, max_diff:5.219374454912273e-06, training_epochs:50, lr:0.05)
<_io.TextIOWrapper name='<stderr>' mode='w' encoding='utf-8'> node index is 363
train linear regression time:  0.05216912506148219
(average_diff:1.0200174038743626e-14, max_diff:1.2628786905111156e-14, training_epochs:50, lr:0.05)
<_io.TextIOWrapper name='<stderr>' mode='w' encoding='utf-8'> node index is 349
train linear regression time:  0.050842958968132734
(average_diff:0.04417026503350975, max_diff:0.08897228057140025, training_epochs:50, lr:0.05)
<_io.TextIOWrapper name='<stderr>' mode='w' encoding='utf-8'> node index is 335
train linear regression time:  0.05244254181161523
(average_diff:0.01796099764713794, max_diff:0.03508591086530655, training_epochs:50, lr:0.05)
<_io.TextIOWrapper name='<stderr>' mode='w' encoding='utf-8'> node index is 325
train linear regression time:  0.05436737462878227
(average_diff:0.10306053690967032, max_diff:0.2773806445164311, training_epochs:50, lr:0.05)
<_io.TextIOWrapper name='<stderr>' mode='w' encoding='utf-8'> node index is 313
train linear regression time:  0.054418666288256645
(average_diff:0.0, max_diff:0.0, training_epochs:50, lr:0.05)
<_io.TextIOWrapper name='<stderr>' mode='w' encoding='utf-8'> node index is 443
train linear regression time:  0.05205237492918968
(average_diff:0.07306850084690451, max_diff:0.11986004062368587, training_epochs:50, lr:0.05)
<_io.TextIOWrapper name='<stderr>' mode='w' encoding='utf-8'> node index is 431
train linear regression time:  0.052684416994452477
(average_diff:0.0, max_diff:0.0, training_epochs:50, lr:0.05)
<_io.TextIOWrapper name='<stderr>' mode='w' encoding='utf-8'> node index is 425
train linear regression time:  0.050806916784495115
(average_diff:2.622730781781657e-05, max_diff:2.7079817074115997e-05, training_epochs:50, lr:0.05)
<_io.TextIOWrapper name='<stderr>' mode='w' encoding='utf-8'> node index is 419
train linear regression time:  0.04974370822310448
(average_diff:0.0027323380089494718, max_diff:0.004099824245296146, training_epochs:50, lr:0.05)
<_io.TextIOWrapper name='<stderr>' mode='w' encoding='utf-8'> node index is 413
train linear regression time:  0.05280762491747737
(average_diff:0.0005425721290943653, max_diff:0.0005442851624346545, training_epochs:50, lr:0.05)
<_io.TextIOWrapper name='<stderr>' mode='w' encoding='utf-8'> node index is 405
train linear regression time:  0.052433833945542574
(average_diff:0.0, max_diff:0.0, training_epochs:50, lr:0.05)
<_io.TextIOWrapper name='<stderr>' mode='w' encoding='utf-8'> node index is 391
train linear regression time:  0.05175049975514412
(average_diff:5.2986119118969555e-06, max_diff:5.35279694469093e-06, training_epochs:50, lr:0.05)
<_io.TextIOWrapper name='<stderr>' mode='w' encoding='utf-8'> node index is 379
train linear regression time:  0.050795875024050474
(average_diff:0.03980941043806887, max_diff:0.0921669324006611, training_epochs:50, lr:0.05)
<_io.TextIOWrapper name='<stderr>' mode='w' encoding='utf-8'> node index is 365
train linear regression time:  0.04960050014778972
(average_diff:0.0, max_diff:0.0, training_epochs:50, lr:0.05)
<_io.TextIOWrapper name='<stderr>' mode='w' encoding='utf-8'> node index is 351
train linear regression time:  0.05046854121610522
(average_diff:0.002652536307095568, max_diff:0.0027366820652467705, training_epochs:50, lr:0.05)
<_io.TextIOWrapper name='<stderr>' mode='w' encoding='utf-8'> node index is 337
train linear regression time:  0.0498451660387218
(average_diff:0.15255077578886433, max_diff:0.4871218548525468, training_epochs:50, lr:0.05)
<_io.TextIOWrapper name='<stderr>' mode='w' encoding='utf-8'> node index is 393
train linear regression time:  0.05033362517133355
(average_diff:1.6653345369377348e-16, max_diff:2.220446049250313e-16, training_epochs:50, lr:0.05)
<_io.TextIOWrapper name='<stderr>' mode='w' encoding='utf-8'> node index is 301
train linear regression time:  0.05060641700401902
(average_diff:0.0852945883774248, max_diff:0.21024861716795112, training_epochs:50, lr:0.05)
<_io.TextIOWrapper name='<stderr>' mode='w' encoding='utf-8'> node index is 271
train linear regression time:  0.05053304182365537
(average_diff:0.0903311306832535, max_diff:0.13589137588720868, training_epochs:50, lr:0.05)
<_io.TextIOWrapper name='<stderr>' mode='w' encoding='utf-8'> node index is 253
train linear regression time:  0.0495916660875082
(average_diff:0.0006722558033749835, max_diff:0.0009826206334111465, training_epochs:50, lr:0.05)
<_io.TextIOWrapper name='<stderr>' mode='w' encoding='utf-8'> node index is 227
train linear regression time:  0.05105883302167058
(average_diff:7.887946396724355e-05, max_diff:0.00010597856396887817, training_epochs:50, lr:0.05)
<_io.TextI<_io.TextIOWrapper name='<stderr>' mode='w' encodin node index is 213
train linear regression time:  0.05216091591864824
(average_diff:0.05333221967801122, max_diff:0.1117041430686164, training_epochs:50, lr:0.05)
<_io.TextIOWrapper name='<stderr>' mode='w' encoding='utf-8'> node index is 201
train linear regression time:  0.05085958307608962
(average_diff:3.287987579425611e-08, max_diff:3.5227725458941705e-08, training_epochs:50, lr:0.05)
<_io.TextIOWrapper name='<stderr>' mode='w' encoding='utf-8'> node index is 193
train linear regression time:  0.05088295927271247
(average_diff:0.03336293467074371, max_diff:0.0916225118898975, training_epochs:50, lr:0.05)
<_io.TextIOWrapper name='<stderr>' mode='w' encoding='utf-8'> node index is 187
train linear regression time:  0.0506218746304512
(average_diff:0.029847740630637887, max_diff:0.06550291159529376, training_epochs:50, lr:0.05)
<_io.TextIOWrapper name='<stderr>' mode='w' encoding='utf-8'> node index is 179
train linear regression time:  0.050540500320494175
(average_diff:0.0, max_diff:0.0, training_epochs:50, lr:0.05)
<_io.TextIOWrapper name='<stderr>' mode='w' encoding='utf-8'> node index is 171
train linear regression time:  0.050603791140019894
(average_diff:0.02819430810378414, max_diff:0.05513905183034029, training_epochs:50, lr:0.05)
<_io.TextIOWrapper name='<stderr>' mode='w' encoding='utf-8'> node index is 161
train linear regression time:  0.050456540659070015
(average_diff:0.0, max_diff:0.0, training_epochs:50, lr:0.05)
<_io.TextIOWrapper name='<stderr>' mode='w' encoding='utf-8'> node index is 367
train linear regression time:  0.05195604218170047
(average_diff:0.0, max_diff:0.0, training_epochs:50, lr:0.05)
<_io.TextIOWrapper name='<stderr>' mode='w' encoding='utf-8'> node index is 353
train linear regression time:  0.05236333282664418
(average_diff:0.0005957347336320584, max_diff:0.0006026427230403364, training_epochs:50, lr:0.05)
<_io.TextIOWrapper name='<stderr>' mode='w' encoding='utf-8'> node index is 339
train linear regression time:  0.05220887530595064
(average_diff:0.020365268398000725, max_diff:0.04132395693238555, training_epochs:50, lr:0.05)
<_io.TextIOWrapper name='<stderr>' mode='w' encoding='utf-8'> node index is 327
train linear regression time:  0.0522209582850337
(average_diff:0.0141564059636895, max_diff:0.03631754748364091, training_epochs:50, lr:0.05)
<_io.TextIOWrapper name='<stderr>' mode='w' encoding='utf-8'> node index is 315
train linear regression time:  0.053257416002452374
(average_diff:4.534802007053844e-06, max_diff:7.048113092822383e-06, training_epochs:50, lr:0.05)
<_io.TextIOWrapper name='<stderr>' mode='w' encoding='utf-8'> node index is 303
train linear regression time:  0.05065541714429855
(average_diff:0.03650149521793522, max_diff:0.07214452639918245, training_epochs:50, lr:0.05)
<_io.TextIOWrapper name='<stderr>' mode='w' encoding='utf-8'> node index is 287
train linear regression time:  0.049968583043664694
(average_diff:0.15231374581122006, max_diff:0.2072543594413134, training_epochs:50, lr:0.05)
<_io.TextIOWrapper name='<stderr>' mode='w' encoding='utf-8'> node index is 273
train linear regression time:  0.050437374971807
(average_diff:0.11525484138882311, max_diff:0.48151083234575076, training_epochs:50, lr:0.05)
<_io.TextIOWrapper name='<stderr>' mode='w' encoding='utf-8'> node index is 255
train linear regression time:  0.05135116679593921
(average_diff:5.551115123125783e-17, max_diff:1.1102230246251565e-16, training_epochs:50, lr:0.05)
<_io.TextIOWrapper name='<stderr>' mode='w' encoding='utf-8'> node index is 241
train linear regression time:  0.05444074980914593
(average_diff:0.17370500461225483, max_diff:0.5387280476523537, training_epochs:50, lr:0.05)
<_io.TextIOWrapper name='<stderr>' mode='w' encoding='utf-8'> node index is 229
train linear regression time:  0.05194641603156924
(average_diff:0.1343691373501465, max_diff:0.35055145537448085, training_epochs:50, lr:0.05)
<_io.TextIOWrapper name='<stderr>' mode='w' encoding='utf-8'> node index is 215
train linear regression time:  0.05488312477245927
(average_diff:0.034723098904906005, max_diff:0.09798189816639091, training_epochs:50, lr:0.05)
<_io.TextIOWrapper name='<stderr>' mode='w' encoding='utf-8'> node index is 203
train linear regression time:  0.0535415830090642
(average_diff:0.007254716871659905, max_diff:0.016357118047658714, training_epochs:50, lr:0.05)
<_io.TextIOWrapper name='<stderr>' mode='w' encoding='utf-8'> node index is 195
train linear regression time:  0.05119679169729352
(average_diff:0.2168393633830271, max_diff:0.3353320251811529, training_epochs:50, lr:0.05)
<_io.TextIOWrapper name='<stderr>' mode='w' encoding='utf-8'> node index is 7
train linear regression time:  0.04839291702955961
(average_diff:0.12005785812235956, max_diff:0.3154146216406801, training_epochs:50, lr:0.05)
<_io.TextIOWrapper name='<stderr>' mode='w' encoding='utf-8'> node index is 5
train linear regression time:  0.049815624952316284
testFringe time:  10.406554999761283
<_io.TextIOWrapper name='<stderr>' mode='w' encoding='utf-8'> =============== update finished ===============

*** Writing Game File 60***

<_io.TextIOWrapper name='../print_tree_record_numpy/print_DM_boost_linear_tree_split.txt' mode='w' encoding='UTF-8'> idx1(Q:0.4004, distinct_name:0, dictinctin_value:2.569683891588169, par:None)
	idx4(Q:0.4009, distinct_name:0, dictinctin_value:2.507749956207568, par:1)
		idx6(Q:0.4009, distinct_name:0, dictinctin_value:-0.050698982385153205, par:4)
			idx8(Q:0.4567, distinct_name:0, dictinctin_value:-0.5002368440471089, par:6)
				idx10(Q:0.5033, distinct_name:3, dictinctin_value:0.7373220788164561, par:8)
					idx12(Q:0.4783, distinct_name:1, dictinctin_value:0.8498558206992594, par:10)
						idx18(Q:0.4261, distinct_name:2, dictinctin_value:0.8559921607301466, par:12)
							idx24(Q:0.4225, distinct_name:0, dictinctin_value:-0.5901212893723445, par:18)
								idx30(Q:0.4303, distinct_name:2, dictinctin_value:0.5095422779981766, par:24)
									idx38(Q:0.4516, distinct_name:2, dictinctin_value:0.24909091887867726, par:30)
										idx44(Q:0.4826, distinct_name:2, dictinctin_value:-0.06052347242753761, par:38)
											idx54(Q:0.5334, distinct_name:2, dictinctin_value:-0.16873413911779458, par:44)
												idx62(Q:0.5562, distinct_name:2, dictinctin_value:-0.3117760123070312, par:54)
													idx70(Q:0.6002, distinct_name:2, dictinctin_value:-0.36929151673896154, par:62)
														idx76(Q:0.6257, distinct_name:2, dictinctin_value:-0.4513587540231024, par:70)
															idx82(Q:0.6602, distinct_name:2, dictinctin_value:-0.49926091712096626, par:76)
																idx90(Q:0.6761, distinct_name:2, dictinctin_value:-0.5261921216626007, par:82)
																	idx100(Q:0.6892, distinct_name:2, dictinctin_value:-0.5682634996789567, par:90)
																		idx110(Q:0.7052, distinct_name:2, dictinctin_value:-0.576514535000767, par:100)
																			idx120(Q:0.7092, par:110)
																			idx121(Q:0.4001, par:110)
																		idx111(Q:0.3601, par:100)
																	idx101(Q:0.3735, par:90)
																idx91(Q:0.3238, par:82)
															idx83(Q:0.2957, par:76)
														idx77(Q:0.2786, par:70)
													idx71(Q:0.2746, par:62)
												idx63(Q:0.2326, par:54)
											idx55(Q:0.2298, distinct_name:0, dictinctin_value:-0.6476910175840919, par:44)
												idx464(Q:0.2333, distinct_name:3, dictinctin_value:0.6680194197252473, par:55)
													idx468(Q:0.2302, par:464)
													idx469(Q:0.3863, par:464)
												idx465(Q:0.1101, par:55)
										idx45(Q:0.2446, par:38)
									idx39(Q:0.3001, distinct_name:1, dictinctin_value:0.8040063207197937, par:30)
										idx426(Q:0.2983, distinct_name:2, dictinctin_value:0.8419373683110459, par:39)
											idx432(Q:0.3001, distinct_name:0, dictinctin_value:-0.6009391153368029, par:426)
												idx444(Q:0.3026, distinct_name:0, dictinctin_value:-0.6041087413020046, par:432)
													idx448(Q:0.3021, distinct_name:0, dictinctin_value:-0.6100701052011255, par:444)
														idx456(Q:0.3022, distinct_name:0, dictinctin_value:-0.6407957166920598, par:448)
															idx460(Q:0.3073, distinct_name:0, dictinctin_value:-0.6555246386975058, par:456)
																idx466(Q:0.3102, distinct_name:0, dictinctin_value:-0.6720161756487143, par:460)
																	idx470(Q:0.3150, distinct_name:0, dictinctin_value:-0.6781083126032775, par:466)
																		idx472(Q:0.3148, par:470)
																		idx473(Q:0.3250, par:470)
																	idx471(Q:0.0686, par:466)
																idx467(Q:0.1550, par:460)
															idx461(Q:0.1206, par:456)
														idx457(Q:0.3005, par:448)
													idx449(Q:0.3527, par:444)
												idx445(Q:0.1599, par:432)
											idx433(Q:0.1937, par:426)
										idx427(Q:0.4094, par:39)
								idx31(Q:0.3449, par:24)
							idx25(Q:0.4421, distinct_name:0, dictinctin_value:-0.5389580903277561, par:18)
								idx216(Q:0.4457, distinct_name:0, dictinctin_value:-0.5573162410999996, par:25)
									idx230(Q:0.4475, distinct_name:0, dictinctin_value:-0.5917620279880862, par:216)
										idx242(Q:0.4602, distinct_name:1, dictinctin_value:0.8127647407611875, par:230)
											idx256(Q:0.4537, distinct_name:0, dictinctin_value:-0.6131626140571143, par:242)
												idx288(Q:0.4566, distinct_name:0, dictinctin_value:-0.7076582377440916, par:256)
													idx304(Q:0.4746, distinct_name:0, dictinctin_value:-0.717862250694298, par:288)
														idx316(Q:0.4780, distinct_name:0, dictinctin_value:-0.7734253050900186, par:304)
															idx328(Q:0.4844, distinct_name:0, dictinctin_value:-0.7970945326559435, par:316)
																idx340(Q:0.4862, distinct_name:3, dictinctin_value:0.6595389343928215, par:328)
																	idx354(Q:0.4787, distinct_name:3, dictinctin_value:0.6186331758365281, par:340)
																		idx368(Q:0.4723, distinct_name:3, dictinctin_value:0.5952455969358141, par:354)
																			idx380(Q:0.4736, par:368)
																			idx381(Q:0.4140, par:368)
																		idx369(Q:0.9254, par:354)
																	idx355(Q:0.8422, par:340)
																idx341(Q:0.3979, par:328)
															idx329(Q:0.3438, par:316)
														idx317(Q:0.3428, par:304)
													idx305(Q:0.2976, par:288)
												idx289(Q:0.1966, par:256)
											idx257(Q:0.6915, par:242)
										idx243(Q:0.2531, par:230)
									idx231(Q:0.3288, par:216)
								idx217(Q:0.3523, par:25)
						idx19(Q:0.7011, distinct_name:0, dictinctin_value:-0.5046072639210131, par:12)
							idx152(Q:0.7009, distinct_name:2, dictinctin_value:1.74305991171075, par:19)
								idx162(Q:0.6924, distinct_name:2, dictinctin_value:1.5651912903147052, par:152)
									idx172(Q:0.6819, distinct_name:2, dictinctin_value:1.0939968976733132, par:162)
										idx180(Q:0.6597, distinct_name:2, dictinctin_value:0.9064820637809338, par:172)
											idx188(Q:0.6455, distinct_name:2, dictinctin_value:0.8130327408821636, par:180)
												idx196(Q:0.6396, distinct_name:2, dictinctin_value:0.714578820015968, par:188)
													idx204(Q:0.6381, distinct_name:0, dictinctin_value:-0.5137296726081428, par:196)
														idx218(Q:0.6387, distinct_name:2, dictinctin_value:0.4860989258104936, par:204)
															idx232(Q:0.6395, distinct_name:1, dictinctin_value:2.2330900660097845, par:218)
																idx244(Q:0.6327, distinct_name:2, dictinctin_value:0.44559578649865966, par:232)
																	idx258(Q:0.6289, distinct_name:2, dictinctin_value:0.32419638005931734, par:244)
																		idx274(Q:0.6284, distinct_name:0, dictinctin_value:-0.5233031664270825, par:258)
																			idx290(Q:0.6285, par:274)
																			idx291(Q:0.6173, par:274)
																		idx275(Q:0.6453, par:258)
																	idx259(Q:0.7701, par:244)
																idx245(Q:0.9544, par:232)
															idx233(Q:0.6287, par:218)
														idx219(Q:0.5718, par:204)
													idx205(Q:0.6856, par:196)
												idx197(Q:0.8253, par:188)
											idx189(Q:0.8992, par:180)
										idx181(Q:0.9858, par:172)
									idx173(Q:0.9845, par:162)
								idx163(Q:1.0699, par:152)
							idx153(Q:0.7365, par:19)
					idx13(Q:0.5822, distinct_name:2, dictinctin_value:1.929601246827043, par:10)
						idx92(Q:0.5696, distinct_name:1, dictinctin_value:1.2557733390904973, par:13)
							idx102(Q:0.5408, distinct_name:2, dictinctin_value:1.4527612583425853, par:92)
								idx112(Q:0.5258, distinct_name:2, dictinctin_value:1.3531114404933846, par:102)
									idx122(Q:0.5236, distinct_name:2, dictinctin_value:1.0639310625609943, par:112)
										idx130(Q:0.5102, distinct_name:2, dictinctin_value:0.8759607452183222, par:122)
											idx136(Q:0.5028, distinct_name:2, dictinctin_value:0.6228991526328211, par:130)
												idx142(Q:0.4999, distinct_name:2, dictinctin_value:0.4885947458466264, par:136)
													idx146(Q:0.4904, distinct_name:1, dictinctin_value:1.1059975491047376, par:142)
														idx148(Q:0.4833, distinct_name:3, dictinctin_value:2.363964647313972, par:146)
															idx154(Q:0.4756, distinct_name:3, dictinctin_value:1.536573712246935, par:148)
																idx164(Q:0.4492, distinct_name:1, dictinctin_value:0.49075596239548774, par:154)
																	idx206(Q:0.4211, distinct_name:3, dictinctin_value:1.525286896575752, par:164)
																		idx220(Q:0.4204, distinct_name:2, dictinctin_value:0.38874536608000104, par:206)
																			idx234(Q:0.4250, par:220)
																			idx235(Q:0.2567, par:220)
																		idx221(Q:0.4555, par:206)
																	idx207(Q:0.6312, par:164)
																idx165(Q:0.6031, par:154)
															idx155(Q:0.6840, par:148)
														idx149(Q:0.7311, par:146)
													idx147(Q:0.5893, par:142)
												idx143(Q:0.5389, par:136)
											idx137(Q:0.6542, par:130)
										idx131(Q:0.7388, par:122)
									idx123(Q:0.6170, par:112)
								idx113(Q:0.8426, par:102)
							idx103(Q:0.9427, par:92)
						idx93(Q:1.0393, par:13)
				idx11(Q:0.3759, distinct_name:3, dictinctin_value:1.284568987543642, par:8)
					idx32(Q:0.3503, distinct_name:3, dictinctin_value:0.5763111575206541, par:11)
						idx40(Q:0.3353, distinct_name:2, dictinctin_value:1.4159847670297276, par:32)
							idx46(Q:0.3250, distinct_name:2, dictinctin_value:0.8764611652526798, par:40)
								idx56(Q:0.3322, distinct_name:2, dictinctin_value:0.6776552612944613, par:46)
									idx64(Q:0.3367, distinct_name:0, dictinctin_value:-0.10007893227380851, par:56)
										idx72(Q:0.3358, distinct_name:2, dictinctin_value:0.481251420222257, par:64)
											idx78(Q:0.3484, distinct_name:2, dictinctin_value:0.43236682950932387, par:72)
												idx84(Q:0.3529, distinct_name:2, dictinctin_value:0.2322739018313544, par:78)
													idx94(Q:0.3748, distinct_name:2, dictinctin_value:0.1692901075380102, par:84)
														idx104(Q:0.3861, distinct_name:2, dictinctin_value:0.044622068949871425, par:94)
															idx114(Q:0.4045, distinct_name:2, dictinctin_value:-0.04421252452423217, par:104)
																idx124(Q:0.4247, distinct_name:2, dictinctin_value:-0.12551407150931976, par:114)
																	idx132(Q:0.4435, distinct_name:2, dictinctin_value:-0.16179863391045127, par:124)
																		idx138(Q:0.4541, distinct_name:2, dictinctin_value:-0.1987692173924826, par:132)
																			idx144(Q:0.4723, par:138)
																			idx145(Q:0.1575, par:138)
																		idx139(Q:0.1611, par:132)
																	idx133(Q:0.1963, par:124)
																idx125(Q:0.1283, par:114)
															idx115(Q:0.1890, par:104)
														idx105(Q:0.1671, par:94)
													idx95(Q:0.1549, par:84)
												idx85(Q:0.1631, par:78)
											idx79(Q:0.1933, par:72)
										idx73(Q:0.3465, par:64)
									idx65(Q:0.2721, par:56)
								idx57(Q:0.2812, par:46)
							idx47(Q:0.4366, par:40)
						idx41(Q:0.4113, distinct_name:3, dictinctin_value:1.2541204520301295, par:32)
							idx246(Q:0.4067, distinct_name:0, dictinctin_value:-0.05401988313827026, par:41)
								idx260(Q:0.4070, distinct_name:2, dictinctin_value:2.0807886731763334, par:246)
									idx276(Q:0.3965, distinct_name:2, dictinctin_value:1.8994422532815647, par:260)
										idx292(Q:0.3910, distinct_name:1, dictinctin_value:1.2716943858922887, par:276)
											idx306(Q:0.3694, distinct_name:2, dictinctin_value:1.8085097405850585, par:292)
												idx318(Q:0.3571, distinct_name:0, dictinctin_value:-0.06832580226386262, par:306)
													idx330(Q:0.3545, distinct_name:1, dictinctin_value:1.0161843934440484, par:318)
														idx342(Q:0.3481, distinct_name:0, dictinctin_value:-0.11082738421514442, par:330)
															idx356(Q:0.3460, distinct_name:0, dictinctin_value:-0.1239714467724242, par:342)
																idx370(Q:0.3474, distinct_name:1, dictinctin_value:0.8661774768232812, par:356)
																	idx382(Q:0.3425, distinct_name:0, dictinctin_value:-0.13038566790821624, par:370)
																		idx396(Q:0.3415, distinct_name:1, dictinctin_value:0.7685182247259327, par:382)
																			idx406(Q:0.3356, par:396)
																			idx407(Q:0.5249, par:396)
																		idx397(Q:0.4086, par:382)
																	idx383(Q:0.5070, par:370)
																idx371(Q:0.1581, par:356)
															idx357(Q:0.3737, par:342)
														idx343(Q:0.4879, par:330)
													idx331(Q:0.5556, par:318)
												idx319(Q:0.8472, par:306)
											idx307(Q:0.6198, par:292)
										idx293(Q:0.8758, par:276)
									idx277(Q:0.8690, par:260)
								idx261(Q:0.3940, par:246)
							idx247(Q:0.6228, par:41)
					idx33(Q:0.5931, distinct_name:2, dictinctin_value:1.8206658800741853, par:11)
						idx436(Q:0.5801, distinct_name:0, dictinctin_value:-0.055487221535360155, par:33)
							idx438(Q:0.5765, distinct_name:0, dictinctin_value:-0.06661868934946451, par:436)
								idx450(Q:0.5779, distinct_name:2, dictinctin_value:1.6280055741424861, par:438)
									idx458(Q:0.5673, distinct_name:2, dictinctin_value:1.4609118350831285, par:450)
										idx462(Q:0.5585, par:458)
										idx463(Q:0.8604, par:458)
									idx459(Q:0.9430, par:450)
								idx451(Q:0.4295, par:438)
							idx439(Q:0.9613, par:436)
						idx437(Q:0.9447, par:33)
			idx9(Q:0.3487, distinct_name:1, dictinctin_value:1.4532912275447858, par:6)
				idx14(Q:0.3290, distinct_name:0, dictinctin_value:0.6708677617788001, par:9)
					idx16(Q:0.3451, distinct_name:0, dictinctin_value:0.5219929201544601, par:14)
						idx20(Q:0.3447, distinct_name:0, dictinctin_value:0.38200451643824146, par:16)
							idx26(Q:0.3510, distinct_name:0, dictinctin_value:0.29175973898130836, par:20)
								idx34(Q:0.3522, distinct_name:3, dictinctin_value:1.2405945003824483, par:26)
									idx42(Q:0.3217, distinct_name:2, dictinctin_value:1.6139678071673451, par:34)
										idx48(Q:0.3178, distinct_name:1, dictinctin_value:1.0148453699076618, par:42)
											idx58(Q:0.3050, distinct_name:2, dictinctin_value:0.8422101128546527, par:48)
												idx66(Q:0.3131, distinct_name:2, dictinctin_value:0.5718071591898053, par:58)
													idx74(Q:0.3267, distinct_name:2, dictinctin_value:0.3335199702259944, par:66)
														idx80(Q:0.3535, distinct_name:2, dictinctin_value:0.2585267021680285, par:74)
															idx86(Q:0.3596, distinct_name:2, dictinctin_value:0.13295569297273957, par:80)
																idx96(Q:0.3755, distinct_name:2, dictinctin_value:0.0933394603867821, par:86)
																	idx106(Q:0.3815, distinct_name:2, dictinctin_value:0.047951172568074005, par:96)
																		idx116(Q:0.3896, distinct_name:2, dictinctin_value:-0.0025517231675584334, par:106)
																			idx126(Q:0.3958, par:116)
																			idx127(Q:0.1413, par:116)
																		idx117(Q:0.1601, par:106)
																	idx107(Q:0.1173, par:96)
																idx97(Q:0.1293, par:86)
															idx87(Q:0.1781, par:80)
														idx81(Q:0.1485, par:74)
													idx75(Q:0.1874, par:66)
												idx67(Q:0.2611, par:58)
											idx59(Q:0.4401, par:48)
										idx49(Q:0.4030, par:42)
									idx43(Q:0.5581, par:34)
								idx35(Q:0.3459, distinct_name:1, dictinctin_value:1.344826515865718, par:26)
									idx236(Q:0.3441, distinct_name:3, dictinctin_value:1.6897348587436034, par:35)
										idx248(Q:0.3331, distinct_name:1, dictinctin_value:1.2341402111364463, par:236)
											idx262(Q:0.3344, distinct_name:3, dictinctin_value:1.3356049450605056, par:248)
												idx278(Q:0.3347, distinct_name:2, dictinctin_value:1.6241822054726756, par:262)
													idx294(Q:0.3253, distinct_name:0, dictinctin_value:0.3731119474318981, par:278)
														idx320(Q:0.3217, distinct_name:3, dictinctin_value:1.2759579982069145, par:294)
															idx344(Q:0.3079, distinct_name:0, dictinctin_value:0.37304242798500226, par:320)
																idx358(Q:0.3078, distinct_name:0, dictinctin_value:0.3707677109507447, par:344)
																	idx372(Q:0.3116, distinct_name:0, dictinctin_value:0.3697040787425107, par:358)
																		idx384(Q:0.3122, distinct_name:2, dictinctin_value:1.3789177574365135, par:372)
																			idx398(Q:0.3083, par:384)
																			idx399(Q:0.3864, par:384)
																		idx385(Q:0.2850, par:372)
																	idx373(Q:0.1232, par:358)
																idx359(Q:0.3297, par:344)
															idx345(Q:0.6603, par:320)
														idx321(Q:0.4193, par:294)
													idx295(Q:0.5491, par:278)
												idx279(Q:0.3230, par:262)
											idx263(Q:0.2222, par:248)
										idx249(Q:0.7279, par:236)
									idx237(Q:0.5098, par:35)
							idx27(Q:0.3229, distinct_name:2, dictinctin_value:1.5527241962490086, par:20)
								idx156(Q:0.3188, distinct_name:0, dictinctin_value:0.5137061072990365, par:27)
									idx166(Q:0.3237, distinct_name:0, dictinctin_value:0.5083060291160676, par:156)
										idx174(Q:0.3260, distinct_name:1, dictinctin_value:1.235555391656205, par:166)
											idx182(Q:0.3269, distinct_name:0, dictinctin_value:0.499318407708209, par:174)
												idx190(Q:0.3341, distinct_name:3, dictinctin_value:1.6437138459193195, par:182)
													idx198(Q:0.3261, distinct_name:0, dictinctin_value:0.4978828276393789, par:190)
														idx208(Q:0.3290, distinct_name:2, dictinctin_value:1.3588453420210258, par:198)
															idx222(Q:0.3258, distinct_name:2, dictinctin_value:0.9721483625475897, par:208)
																idx238(Q:0.3265, distinct_name:0, dictinctin_value:0.4972801494332726, par:222)
																	idx250(Q:0.3238, distinct_name:2, dictinctin_value:0.944961054171824, par:238)
																		idx264(Q:0.3281, distinct_name:2, dictinctin_value:0.872803430709856, par:250)
																			idx280(Q:0.3333, par:264)
																			idx281(Q:0.2195, par:264)
																		idx265(Q:0.0703, par:250)
																	idx251(Q:0.5718, par:238)
																idx239(Q:0.3161, par:222)
															idx223(Q:0.4053, par:208)
														idx209(Q:0.1809, par:198)
													idx199(Q:0.6635, par:190)
												idx191(Q:0.2381, par:182)
											idx183(Q:0.3014, par:174)
										idx175(Q:0.2655, par:166)
									idx167(Q:0.2552, par:156)
								idx157(Q:0.4297, par:27)
						idx21(Q:0.3464, distinct_name:1, dictinctin_value:1.3201670622027022, par:16)
							idx150(Q:0.3443, distinct_name:1, dictinctin_value:1.2234607090751204, par:21)
								idx158(Q:0.3448, distinct_name:1, dictinctin_value:1.0226433736171432, par:150)
									idx168(Q:0.3373, distinct_name:0, dictinctin_value:0.6649352976939671, par:158)
										idx176(Q:0.3363, distinct_name:2, dictinctin_value:1.8028367177150562, par:168)
											idx184(Q:0.3319, distinct_name:3, dictinctin_value:1.321083281680176, par:176)
												idx210(Q:0.3093, distinct_name:1, dictinctin_value:0.7493197611500411, par:184)
													idx224(Q:0.3042, distinct_name:2, dictinctin_value:1.1954012588052898, par:210)
														idx266(Q:0.3018, distinct_name:1, dictinctin_value:0.6035401367847275, par:224)
															idx282(Q:0.3043, distinct_name:1, dictinctin_value:0.5166827335099701, par:266)
																idx296(Q:0.3099, distinct_name:0, dictinctin_value:0.663963378246939, par:282)
																	idx308(Q:0.3072, distinct_name:0, dictinctin_value:0.6638782806630827, par:296)
																		idx322(Q:0.3046, distinct_name:2, dictinctin_value:1.1091905022156634, par:308)
																			idx332(Q:0.3075, par:322)
																			idx333(Q:0.1856, par:322)
																		idx323(Q:0.7405, par:308)
																	idx309(Q:0.7765, par:296)
																idx297(Q:0.1859, par:282)
															idx283(Q:0.2386, par:266)
														idx267(Q:0.3330, par:224)
													idx225(Q:0.3521, par:210)
												idx211(Q:0.5601, par:184)
											idx185(Q:0.4344, par:176)
										idx177(Q:0.3649, par:168)
									idx169(Q:0.5420, par:158)
								idx159(Q:0.2851, par:150)
							idx151(Q:0.4182, par:21)
					idx17(Q:0.3113, distinct_name:3, dictinctin_value:0.8871619234739136, par:14)
						idx22(Q:0.2802, distinct_name:1, dictinctin_value:0.895274831679809, par:17)
							idx28(Q:0.2648, distinct_name:3, dictinctin_value:0.4147697243292515, par:22)
								idx36(Q:0.2576, distinct_name:3, dictinctin_value:-0.009439492879810042, par:28)
									idx50(Q:0.2547, distinct_name:0, dictinctin_value:2.3121117874404824, par:36)
										idx52(Q:0.2556, distinct_name:0, dictinctin_value:1.9483716250181808, par:50)
											idx60(Q:0.2581, distinct_name:3, dictinctin_value:-0.018025248765568658, par:52)
												idx68(Q:0.2661, distinct_name:2, dictinctin_value:0.8033765660185509, par:60)
													idx88(Q:0.2693, distinct_name:2, dictinctin_value:0.6003623148969123, par:68)
														idx98(Q:0.2773, distinct_name:2, dictinctin_value:0.5329635912790776, par:88)
															idx108(Q:0.2839, distinct_name:2, dictinctin_value:0.3621996786015208, par:98)
																idx118(Q:0.2983, distinct_name:3, dictinctin_value:-0.05260374571449391, par:108)
																	idx128(Q:0.3004, distinct_name:2, dictinctin_value:0.22149263805201816, par:118)
																		idx134(Q:0.3159, distinct_name:2, dictinctin_value:0.13324256965432388, par:128)
																			idx140(Q:0.3282, par:134)
																			idx141(Q:0.1354, par:134)
																		idx135(Q:0.1373, par:128)
																	idx129(Q:0.2473, par:118)
																idx119(Q:0.1436, par:108)
															idx109(Q:0.1590, par:98)
														idx99(Q:0.1722, par:88)
													idx89(Q:0.2568, distinct_name:0, dictinctin_value:1.9001636825637473, par:68)
														idx420(Q:0.2545, distinct_name:0, dictinctin_value:1.8970534364477791, par:89)
															idx428(Q:0.2548, distinct_name:0, dictinctin_value:1.7864713255325577, par:420)
																idx434(Q:0.2556, distinct_name:0, dictinctin_value:1.7345810667045185, par:428)
																	idx440(Q:0.2527, distinct_name:0, dictinctin_value:1.7300479805066988, par:434)
																		idx446(Q:0.2536, distinct_name:0, dictinctin_value:1.6826477660222412, par:440)
																			idx452(Q:0.2508, par:446)
																			idx453(Q:0.3516, par:446)
																		idx447(Q:0.1492, par:440)
																	idx441(Q:0.3355, par:434)
																idx435(Q:0.2269, par:428)
															idx429(Q:0.2144, par:420)
														idx421(Q:0.2937, par:89)
												idx69(Q:0.1947, par:60)
											idx61(Q:0.2128, par:52)
										idx53(Q:0.1990, par:50)
									idx51(Q:0.2678, distinct_name:0, dictinctin_value:2.2255864685353126, par:36)
										idx268(Q:0.2666, distinct_name:0, dictinctin_value:1.8770234609938123, par:51)
											idx284(Q:0.2665, distinct_name:1, dictinctin_value:0.8208254329434517, par:268)
												idx298(Q:0.2678, distinct_name:0, dictinctin_value:1.7199871451158526, par:284)
													idx310(Q:0.2703, distinct_name:3, dictinctin_value:0.39481973457279324, par:298)
														idx346(Q:0.2720, distinct_name:2, dictinctin_value:2.0591657816242117, par:310)
															idx360(Q:0.2627, distinct_name:2, dictinctin_value:1.6416632040499568, par:346)
																idx374(Q:0.2623, distinct_name:0, dictinctin_value:1.6846076849979201, par:360)
																	idx386(Q:0.2626, distinct_name:2, dictinctin_value:1.5364517172370076, par:374)
																		idx400(Q:0.2620, distinct_name:2, dictinctin_value:1.321416179085615, par:386)
																			idx408(Q:0.2584, par:400)
																			idx409(Q:0.3431, par:400)
																		idx401(Q:0.2866, par:386)
																	idx387(Q:0.2080, par:374)
																idx375(Q:0.2773, par:360)
															idx361(Q:0.7470, par:346)
														idx347(Q:0.2266, par:310)
													idx311(Q:0.1886, par:298)
												idx299(Q:0.2215, par:284)
											idx285(Q:0.2688, par:268)
										idx269(Q:0.3223, par:51)
								idx37(Q:0.2998, distinct_name:1, dictinctin_value:0.7946772031835798, par:28)
									idx312(Q:0.2891, distinct_name:2, dictinctin_value:1.9378572482198, par:37)
										idx324(Q:0.2806, distinct_name:0, dictinctin_value:2.1880833067537604, par:312)
											idx334(Q:0.2826, distinct_name:0, dictinctin_value:2.1673152418059, par:324)
												idx348(Q:0.2786, distinct_name:0, dictinctin_value:2.0644684179947266, par:334)
													idx362(Q:0.2774, distinct_name:2, dictinctin_value:1.6060442338491094, par:348)
														idx376(Q:0.2697, distinct_name:0, dictinctin_value:1.8821116949330967, par:362)
															idx388(Q:0.2731, distinct_name:2, dictinctin_value:1.5867185725408008, par:376)
																idx402(Q:0.2733, distinct_name:0, dictinctin_value:1.8162737627685595, par:388)
																	idx410(Q:0.2779, distinct_name:2, dictinctin_value:1.474613989336331, par:402)
																		idx414(Q:0.2710, distinct_name:2, dictinctin_value:1.322085439542282, par:410)
																			idx422(Q:0.2708, par:414)
																			idx423(Q:0.2744, par:414)
																		idx415(Q:0.7277, par:410)
																	idx411(Q:0.1206, par:402)
																idx403(Q:0.2603, par:388)
															idx389(Q:0.1750, par:376)
														idx377(Q:0.5524, par:362)
													idx363(Q:0.3687, par:348)
												idx349(Q:0.5786, par:334)
											idx335(Q:0.2062, par:324)
										idx325(Q:0.6207, par:312)
									idx313(Q:0.4699, par:37)
							idx29(Q:0.3893, distinct_name:0, dictinctin_value:2.44084525907838, par:22)
								idx336(Q:0.3912, distinct_name:0, dictinctin_value:2.3332385876998147, par:29)
									idx350(Q:0.3916, distinct_name:2, dictinctin_value:1.313989803673234, par:336)
										idx364(Q:0.3648, distinct_name:2, dictinctin_value:1.2075088067941002, par:350)
											idx378(Q:0.3613, distinct_name:0, dictinctin_value:2.3276851139515355, par:364)
												idx390(Q:0.3599, distinct_name:2, dictinctin_value:1.1566628366759308, par:378)
													idx404(Q:0.3565, distinct_name:2, dictinctin_value:1.049026714172236, par:390)
														idx412(Q:0.3523, distinct_name:2, dictinctin_value:1.0138168631315498, par:404)
															idx418(Q:0.3498, distinct_name:0, dictinctin_value:2.3136303024689413, par:412)
																idx424(Q:0.3497, distinct_name:1, dictinctin_value:1.4142431093508798, par:418)
																	idx430(Q:0.3541, distinct_name:0, dictinctin_value:2.2572655688242222, par:424)
																		idx442(Q:0.3524, distinct_name:0, dictinctin_value:2.2507333712501807, par:430)
																			idx454(Q:0.3524, par:442)
																			idx455(Q:0.3551, par:442)
																		idx443(Q:0.5398, par:430)
																	idx431(Q:0.2289, par:424)
																idx425(Q:0.3611, par:418)
															idx419(Q:0.4940, par:412)
														idx413(Q:0.5241, par:404)
													idx405(Q:0.5629, par:390)
												idx391(Q:0.5313, par:378)
											idx379(Q:0.5828, par:364)
										idx365(Q:0.6990, par:350)
									idx351(Q:0.3317, par:336)
								idx337(Q:0.2579, par:29)
						idx23(Q:0.4641, distinct_name:0, dictinctin_value:2.1444723574903684, par:17)
							idx160(Q:0.4653, distinct_name:0, dictinctin_value:2.133798778100152, par:23)
								idx170(Q:0.4658, distinct_name:2, dictinctin_value:1.564504591409782, par:160)
									idx178(Q:0.4423, distinct_name:2, dictinctin_value:1.4113473869711974, par:170)
										idx186(Q:0.4361, distinct_name:0, dictinctin_value:2.1063540893171067, par:178)
											idx192(Q:0.4373, distinct_name:2, dictinctin_value:1.2195161175228741, par:186)
												idx200(Q:0.4336, distinct_name:0, dictinctin_value:1.9676721667093595, par:192)
													idx212(Q:0.4316, distinct_name:0, dictinctin_value:1.8926417272552991, par:200)
														idx226(Q:0.4348, distinct_name:0, dictinctin_value:1.7713311316515392, par:212)
															idx252(Q:0.4401, distinct_name:1, dictinctin_value:1.3213229930390704, par:226)
																idx270(Q:0.4324, distinct_name:0, dictinctin_value:1.7442155745503336, par:252)
																	idx300(Q:0.4299, distinct_name:0, dictinctin_value:1.3536781616204123, par:270)
																		idx392(Q:0.4262, distinct_name:0, dictinctin_value:1.2274516322533688, par:300)
																			idx416(Q:0.4280, par:392)
																			idx417(Q:0.4119, par:392)
																		idx393(Q:0.4465, par:300)
																	idx301(Q:0.6548, par:270)
																idx271(Q:0.6678, par:252)
															idx253(Q:0.2398, par:226)
														idx227(Q:0.2344, par:212)
													idx213(Q:0.5294, par:200)
												idx201(Q:0.5263, par:192)
											idx193(Q:0.3158, par:186)
										idx187(Q:0.6250, par:178)
									idx179(Q:0.8823, par:170)
								idx171(Q:0.3511, par:160)
							idx161(Q:0.4103, par:23)
				idx15(Q:0.5979, distinct_name:2, dictinctin_value:1.9938158806166744, par:9)
					idx194(Q:0.5895, distinct_name:3, dictinctin_value:2.0149638943737203, par:15)
						idx202(Q:0.5785, distinct_name:3, dictinctin_value:1.626087400144554, par:194)
							idx214(Q:0.5758, distinct_name:1, dictinctin_value:2.6727016574162166, par:202)
								idx228(Q:0.5580, distinct_name:2, dictinctin_value:1.776904010924299, par:214)
									idx240(Q:0.5544, distinct_name:2, dictinctin_value:1.4203463682180766, par:228)
										idx254(Q:0.5416, distinct_name:0, dictinctin_value:2.115573493736756, par:240)
											idx272(Q:0.5418, distinct_name:2, dictinctin_value:1.306259966260203, par:254)
												idx286(Q:0.5257, distinct_name:2, dictinctin_value:1.2529155214914378, par:272)
													idx302(Q:0.5197, distinct_name:2, dictinctin_value:0.808199081795812, par:286)
														idx314(Q:0.5009, distinct_name:2, dictinctin_value:0.7214446989843575, par:302)
															idx326(Q:0.4943, distinct_name:2, dictinctin_value:0.7041168221107604, par:314)
																idx338(Q:0.4929, distinct_name:0, dictinctin_value:2.1110030599556926, par:326)
																	idx352(Q:0.4939, distinct_name:0, dictinctin_value:2.0312710900603177, par:338)
																		idx366(Q:0.4927, distinct_name:2, dictinctin_value:0.6878681581259294, par:352)
																			idx394(Q:0.4894, par:366)
																			idx395(Q:0.7374, par:366)
																		idx367(Q:0.6738, par:352)
																	idx353(Q:0.3397, par:338)
																idx339(Q:0.6013, par:326)
															idx327(Q:0.7013, par:314)
														idx315(Q:0.8502, par:302)
													idx303(Q:0.8603, par:286)
												idx287(Q:0.8446, par:272)
											idx273(Q:0.5330, par:254)
										idx255(Q:0.7899, par:240)
									idx241(Q:0.9017, par:228)
								idx229(Q:0.8242, par:214)
							idx215(Q:0.6587, par:202)
						idx203(Q:0.9283, par:194)
					idx195(Q:0.9754, par:15)
		idx7(Q:0.3579, par:4)
	idx5(Q:0.3066, par:1)
0.3066, par:1)
