WARNING:tensorflow:From /Users/keithwu/opt/anaconda3/envs/auction-gym/lib/python3.10/site-packages/tensorflow/python/compat/v2_compat.py:107: disable_resource_variables (from tensorflow.python.ops.variable_scope) is deprecated and will be removed in a future version.
Instructions for updating:
non-resource variables are not supported in the long term
<_io.TextIOWrapper name='<stderr>' mode='w' encoding='utf-8'> reading from ../UTree_model_numpy/DM/model_boost_linear_qsplit_noabs_save/, starting at 89
<_io.TextIOWrapper name='<stderr>' mode='w' encoding='utf-8'> =============== update starts ===============
(average_diff:0.005382690893987644, max_diff:0.04318733907980438, training_epochs:50, lr:0.05)
<_io.TextIOWrapper name='<stderr>' mode='w' encoding='utf-8'> node index is 111
train linear regression time:  0.05178604181855917
(average_diff:0.015722893404320943, max_diff:0.09419730736665169, training_epochs:50, lr:0.05)
<_io.TextIOWrapper name='<stderr>' mode='w' encoding='utf-8'> node index is 101
train linear regression time:  0.053950333036482334
(average_diff:0.009162657656599762, max_diff:0.04147958059166651, training_epochs:50, lr:0.05)
<_io.TextIOWrapper name='<stderr>' mode='w' encoding='utf-8'> node index is 91
train linear regression time:  0.053957083728164434
(average_diff:0.012811089119774828, max_diff:0.16476102167759302, training_epochs:50, lr:0.05)
<_io.TextIOWrapper name='<stderr>' mode='w' encoding='utf-8'> node index is 83
train linear regression time:  0.053121875040233135
(average_diff:0.0248531926189428, max_diff:0.20443525898490897, training_epochs:50, lr:0.05)
<_io.TextIOWrapper name='<stderr>' mode='w' encoding='utf-8'> node index is 77
train linear regression time:  0.05310704093426466
(average_diff:0.04576943824929994, max_diff:0.26908351011097476, training_epochs:50, lr:0.05)
<_io.TextIOWrapper name='<stderr>' mode='w' encoding='utf-8'> node index is 71
train linear regression time:  0.05377254216000438
(average_diff:0.052803037999115995, max_diff:0.19487897178004293, training_epochs:50, lr:0.05)
<_io.TextIOWrapper name='<stderr>' mode='w' encoding='utf-8'> node index is 63
train linear regression time:  0.05359195824712515
(average_diff:0.04263954814117923, max_diff:0.08570040672547094, training_epochs:50, lr:0.05)
<_io.TextIOWrapper name='<stderr>' mode='w' encoding='utf-8'> node index is 501
train linear regression time:  0.05544766690582037
(average_diff:0.006088833558946849, max_diff:0.0063349251158947295, training_epochs:50, lr:0.05)
<_io.TextIOWrapper name='<stderr>' mode='w' encoding='utf-8'> node index is 493
train linear regression time:  0.05294995801523328
(average_diff:1.1729168662225065e-06, max_diff:1.3034173760445578e-06, training_epochs:50, lr:0.05)
<_io.TextIOWrapper name='<stderr>' mode='w' encoding='utf-8'> node index is 485
train linear regression time:  0.053191165905445814
(average_diff:0.014368160176956466, max_diff:0.02320554887970322, training_epochs:50, lr:0.05)
<_io.TextIOWrapper name='<stderr>' mode='w' encoding='utf-8'> node index is 481
train linear regression time:  0.05321429204195738
(average_diff:2.7755575615628914e-17, max_diff:2.7755575615628914e-17, training_epochs:50, lr:0.05)
<_io.TextIOWrapper name='<stderr>' mode='w' encoding='utf-8'> node index is 475
train linear regression time:  0.0531997918151319
(average_diff:0.0032808106102822573, max_diff:0.0058843907785980365, training_epochs:50, lr:0.05)
<_io.TextIOWrapper name='<stderr>' mode='w' encoding='utf-8'> node index is 469
train linear regression time:  0.05312170786783099
(average_diff:0.006933624418660224, max_diff:0.013597102274611417, training_epochs:50, lr:0.05)
<_io.TextIOWrapper name='<stderr>' mode='w' encoding='utf-8'> node index is 465
train linear regression time:  0.05326987523585558
(average_diff:0.005251251444534394, max_diff:0.005344594438235428, training_epochs:50, lr:0.05)
<_io.TextIOWrapper name='<stderr>' mode='w' encoding='utf-8'> node index is 587
train linear regression time:  0.053145334124565125
(average_diff:0.024886725705690123, max_diff:0.026361767994871693, training_epochs:50, lr:0.05)
<_io.TextIOWrapper name='<stderr>' mode='w' encoding='utf-8'> node index is 581
train linear regression time:  0.05314645869657397
(average_diff:0.005241533627055161, max_diff:0.010126367130258662, training_epochs:50, lr:0.05)
<_io.TextIOWrapper name='<stderr>' mode='w' encoding='utf-8'> node index is 571
train linear regression time:  0.05322045786306262
(average_diff:0.0, max_diff:0.0, training_epochs:50, lr:0.05)
<_io.TextIOWrapper name='<stderr>' mode='w' encoding='utf-8'> node index is 549
train linear regression time:  0.05303420824930072
(average_diff:0.017897275778881266, max_diff:0.026808573270829084, training_epochs:50, lr:0.05)
<_io.TextIOWrapper name='<stderr>' mode='w' encoding='utf-8'> node index is 537
train linear regression time:  0.05317787500098348
(average_diff:0.007379893019949804, max_diff:0.014843209601359708, training_epochs:50, lr:0.05)
<_io.TextIOWrapper name='<stderr>' mode='w' encoding='utf-8'> node index is 531
train linear regression time:  0.052952750120311975
(average_diff:0.0026429325702948905, max_diff:0.0041289909052170115, training_epochs:50, lr:0.05)
<_io.TextIOWrapper name='<stderr>' mode='w' encoding='utf-8'> node index is 521
train linear regression time:  0.05314391665160656
(average_diff:0.03646682489341358, max_diff:0.057285604942809196, training_epochs:50, lr:0.05)
<_io.TextIOWrapper name='<stderr>' mode='w' encoding='utf-8'> node index is 511
train linear regression time:  0.053171499632298946
(average_diff:1.0382000814601611e-10, max_diff:1.0425404983749331e-10, training_epochs:50, lr:0.05)
<_io.TextIOWrapper name='<stderr>' mode='w' encoding='utf-8'> node index is 473
train linear regression time:  0.053180915769189596
(average_diff:2.8449465006019636e-16, max_diff:3.7470027081099033e-16, training_epochs:50, lr:0.05)
<_io.TextIOWrapper name='<stderr>' mode='w' encoding='utf-8'> node index is 471
train linear regression time:  0.05336645804345608
(average_diff:0.00027364703940190027, max_diff:0.00027935111144924973, training_epochs:50, lr:0.05)
<_io.TextIOWrapper name='<stderr>' mode='w' encoding='utf-8'> node index is 467
train linear regression time:  0.05317079182714224
(average_diff:0.011730440416505363, max_diff:0.024035112600193198, training_epochs:50, lr:0.05)
<_io.TextIOWrapper name='<stderr>' mode='w' encoding='utf-8'> node index is 461
train linear regression time:  0.05320870829746127
(average_diff:0.027294295611757547, max_diff:0.06828095269919943, training_epochs:50, lr:0.05)
<_io.TextIOWrapper name='<stderr>' mode='w' encoding='utf-8'> node index is 457
train linear regression time:  0.05359445791691542
(average_diff:0.0, max_diff:0.0, training_epochs:50, lr:0.05)
<_io.TextIOWrapper name='<stderr>' mode='w' encoding='utf-8'> node index is 449
train linear regression time:  0.054069959092885256
(average_diff:1.1796119636642288e-16, max_diff:1.8041124150158794e-16, training_epochs:50, lr:0.05)
<_io.TextIOWrapper name='<stderr>' mode='w' encoding='utf-8'> node index is 445
train linear regression time:  0.05325554218143225
(average_diff:0.019947352695310044, max_diff:0.027602869593797014, training_epochs:50, lr:0.05)
<_io.TextIOWrapper name='<stderr>' mode='w' encoding='utf-8'> node index is 433
train linear regression time:  0.05320058390498161
(average_diff:0.009149491420643826, max_diff:0.01377794687464462, training_epochs:50, lr:0.05)
<_io.TextIOWrapper name='<stderr>' mode='w' encoding='utf-8'> node index is 427
train linear regression time:  0.05325587512925267
(average_diff:7.627065418125412e-08, max_diff:8.417864066911918e-08, training_epochs:50, lr:0.05)
<_io.TextIOWrapper name='<stderr>' mode='w' encoding='utf-8'> node index is 599
train linear regression time:  0.053326208144426346
(average_diff:0.00022299280152608333, max_diff:0.00024168361655153847, training_epochs:50, lr:0.05)
<_io.TextIOWrapper name='<stderr>' mode='w' encoding='utf-8'> node index is 597
train linear regression time:  0.053511875215917826
(average_diff:0.017109397153427682, max_diff:0.025996653332144043, training_epochs:50, lr:0.05)
<_io.TextIOWrapper name='<stderr>' mode='w' encoding='utf-8'> node index is 595
train linear regression time:  0.05329175014048815
(average_diff:0.0, max_diff:0.0, training_epochs:50, lr:0.05)
<_io.TextIOWrapper name='<stderr>' mode='w' encoding='utf-8'> node index is 593
train linear regression time:  0.053345332853496(ave(average_diff:0.0004011088242612676, max_diff:0.00041739800397549986, training_epochs:50, lr:0.05)
<_io.TextIOWrapper name='<stderr>' mode='w' encoding='utf-8'> node index is 589
train linear regression time:  0.053349708672612906
(average_diff:0.0, max_diff:0.0, training_epochs:50, lr:0.05)
<_io.TextIOWrapper name='<stderr>' mode='w' encoding='utf-8'> node index is 583
train linear regression time:  0.053049125242978334
(average_diff:0.0054221623768413675, max_diff:0.008498105285578955, training_epochs:50, lr:0.05)
<_io.TextIOWrapper name='<stderr>' mode='w' encoding='utf-8'> node index is 573
train linear regression time:  0.053035583812743425
(average_diff:6.39209182945466e-08, max_diff:6.682725536832912e-08, training_epochs:50, lr:0.05)
<_io.TextIOWrapper name='<stderr>' mode='w' encoding='utf-8'> node index is 563
train linear regression time:  0.05283895879983902
(average_diff:0.01622821723742703, max_diff:0.022097430436158833, training_epochs:50, lr:0.05)
<_io.TextIOWrapper name='<stderr>' mode='w' encoding='utf-8'> node index is 551
train linear regression time:  0.05289158318191767
(average_diff:0.0, max_diff:0.0, training_epochs:50, lr:0.05)
<_io.TextIOWrapper name='<stderr>' mode='w' encoding='utf-8'> node index is 545
train linear regression time:  0.05316895805299282
(average_diff:0.005398113045825603, max_diff:0.008725346497456488, training_epochs:50, lr:0.05)
<_io.TextIOWrapper name='<stderr>' mode='w' encoding='utf-8'> node index is 369
train linear regression time:  0.052984040696173906
(average_diff:0.010787328109973543, max_diff:0.018970595821017677, training_epochs:50, lr:0.05)
<_io.TextIOWrapper name='<stderr>' mode='w' encoding='utf-8'> node index is 355
train linear regression time:  0.05318945925682783
(average_diff:0.019761990128856394, max_diff:0.04954669525853811, training_epochs:50, lr:0.05)
<_io.TextIOWrapper name='<stderr>' mode='w' encoding='utf-8'> node index is 341
train linear regression time:  0.053102958016097546
(average_diff:0.021380276313878795, max_diff:0.058821314237696765, training_epochs:50, lr:0.05)
<_io.TextIOWrapper name='<stderr>' mode='w' encoding='utf-8'> node index is 329
train linear regression time:  0.053073832765221596
(average_diff:0.024562588130640186, max_diff:0.05634498698767859, training_epochs:50, lr:0.05)
<_io.TextIOWrapper name='<stderr>' mode='w' encoding='utf-8'> node index is 317
train linear regression time:  0.053300166968256235
(average_diff:0.06702324195337554, max_diff:0.2194794931093724, training_epochs:50, lr:0.05)
<_io.TextIOWrapper name='<stderr>' mode='w' encoding='utf-8'> node index is 305
train linear regression time:  0.05387691594660282
(average_diff:9.356720165679122e-07, max_diff:9.65931591337399e-07, training_epochs:50, lr:0.05)
<_io.TextIOWrapper name='<stderr>' mode='w' encoding='utf-8'> node index is 289
train linear regression time:  0.05412716558203101
(average_diff:0.005990174400546666, max_diff:0.011617284905081182, training_epochs:50, lr:0.05)
<_io.TextIOWrapper name='<stderr>' mode='w' encoding='utf-8'> node index is 257
train linear regression time:  0.05350512498989701
(average_diff:0.0681659462230566, max_diff:0.1386536268832323, training_epochs:50, lr:0.05)
<_io.TextIOWrapper name='<stderr>' mode='w' encoding='utf-8'> node index is 243
train linear regression time:  0.05564245814457536
(average_diff:0.05171203694516991, max_diff:0.07876419820804179, training_epochs:50, lr:0.05)
<_io.TextIOWrapper name='<stderr>' mode='w' encoding='utf-8'> node index is 231
train linear regression time:  0.05836775014176965
(average_diff:0.09240002944727713, max_diff:0.17853428485049253, training_epochs:50, lr:0.05)
<_io.TextIOWrapper name='<stderr>' mode='w' encoding='utf-8'> node index is 217
train linear regression time:  0.05332016572356224
(average_diff:0.03207267999230606, max_diff:0.07176449976623966, training_epochs:50, lr:0.05)
<_io.TextIOWrapper name='<stderr>' mode='w' encoding='utf-8'> node index is 275
train linear regression time:  0.05338058294728398
(average_diff:0.013277674194232496, max_diff:0.0270560894177434, training_epochs:50, lr:0.05)
<_io.TextIOWrapper name='<stderr>' mode='w' encoding='utf-8'> node index is 259
train linear regression time:  0.053203582763671875
(average_diff:0.041532709096448676, max_diff:0.0805282778821883, training_epochs:50, lr:0.05)
<_io.TextIOWrapper name='<stderr>' mode='w' encoding='utf-8'> node index is 245
train linear regression time:  0.05330208269879222
(average_diff:0.03714045517049613, max_diff:0.19595469602772125, training_epochs:50, lr:0.05)
<_io.TextIOWrapper name='<stderr>' mode='w' encoding='utf-8'> node index is 233
train linear regression time:  0.05315179191529751
(average_diff:0.0003436805542275517, max_diff:0.000696414457848793, training_epochs:50, lr:0.05)
<_io.TextIOWrapper name='<stderr>' mode='w' encoding='utf-8'> node index is 219
train linear regression time:  0.05312091577798128
(average_diff:0.01002591767943406, max_diff:0.02409189516374377, training_epochs:50, lr:0.05)
<_io.TextIOWrapper name='<stderr>' mode='w' encoding='utf-8'> node index is 205
train linear regression time:  0.05319808376953006
(average_diff:0.02242060297661274, max_diff:0.05028110688028897, training_epochs:50, lr:0.05)
<_io.TextIOWrapper name='<stderr>' mode='w' encoding='utf-8'> node index is 197
train linear regression time:  0.053153958171606064
(average_diff:0.03238131271706844, max_diff:0.09695610928295934, training_epochs:50, lr:0.05)
<_io.TextIOWrapper name='<stderr>' mode='w' encoding='utf-8'> node index is 189
train linear regression time:  0.05311474995687604
(average_diff:0.039078483552795105, max_diff:0.17821771532805086, training_epochs:50, lr:0.05)
<_io.TextIOWrapper name='<stderr>' mode='w' encoding='utf-8'> node index is 181
train linear regression time:  0.0531296250410378
(average_diff:0.02409102343460552, max_diff:0.07411571427605845, training_epochs:50, lr:0.05)
<_io.TextIOWrapper name='<stderr>' mode='w' encoding='utf-8'> node index is 173
train linear regression time:  0.05309304129332304
(average_diff:0.019149075852716566, max_diff:0.04514731538776484, training_epochs:50, lr:0.05)
<_io.TextIOWrapper name='<stderr>' mode='w' encoding='utf-8'> node index is 163
train linear regression time:  0.053137166891247034
(average_diff:0.0, max_diff:0.0, training_epochs:50, lr:0.05)
<_io.TextIOWrapper name='<stderr>' mode='w' encoding='utf-8'> node index is 153
train linear regression time:  0.05315983295440674
(average_diff:0.010168320565274738, max_diff:0.01939324124610986, training_epochs:50, lr:0.05)
<_io.TextIOWrapper name='<stderr>' mode='w' encoding='utf-8'> node index is 221
train linear regression time:  0.05323320813477039
(average_diff:0.12361814894447928, max_diff:0.3520004538081123, training_epochs:50, lr:0.05)
<_io.TextIOWrapper name='<stderr>' mode='w' encoding='utf-8'> node index is 207
train linear regression time:  0.05345025006681681
(average_diff:0.1587156458591879, max_diff:0.6653495779010747, training_epochs:50, lr:0.05)
<_io.TextIOWrapper name='<stderr>' mode='w' encoding='utf-8'> node index is 165
train linear regression time:  0.05551154213026166
(average_diff:0.12099224868836507, max_diff:0.3145304820571134, training_epochs:50, lr:0.05)
<_io.TextIOWrapper name='<stderr>' mode='w' encoding='utf-8'> node index is 155
train linear regression time:  0.053086459171026945
(average_diff:0.16244004479322754, max_diff:0.32690893085679434, training_epochs:50, lr:0.05)
<_io.TextIOWrapper name='<stderr>' mode='w' encoding='utf-8'> node index is 149
train linear regression time:  0.053144125267863274
(average_diff:0.04587869406865756, max_diff:0.15373426282643474, training_epochs:50, lr:0.05)
<_io.TextIOWrapper name='<stderr>' mode='w' encoding='utf-8'> node index is 147
train linear regression time:  0.05340925045311451
(average_diff:0.05081200025198771, max_diff:0.16099941828684622, training_epochs:50, lr:0.05)
<_io.TextIOWrapper name='<stderr>' mode='w' encoding='utf-8'> node index is 143
train linear regression time:  0.05459249997511506
(average_diff:0.03854998787029596, max_diff:0.09581249625326316, training_epochs:50, lr:0.0<_i<_io.TextIOWrapper name='<stderr>' mode='w' encoding='utf-8'> node index is 137
train linear regression time:  0.05434804176911712
(average_diff:0.045416388120766364, max_diff:0.14868707242275592, training_epochs:50, lr:0.05)
<_io.TextIOWrapper name='<stderr>' mode='w' encoding='utf-8'> node index is 131
train linear regression time:  0.05580183397978544
(average_diff:0.029337477028348918, max_diff:0.06822959710220527, training_epochs:50, lr:0.05)
<_io.TextIOWrapper name='<stderr>' mode='w' encoding='utf-8'> node index is 123
train linear regression time:  0.055372499860823154
(average_diff:0.033891724814654585, max_diff:0.10100359952601567, training_epochs:50, lr:0.05)
<_io.TextIOWrapper name='<stderr>' mode='w' encoding='utf-8'> node index is 113
train linear regression time:  0.054725291673094034
(average_diff:0.08808459622167271, max_diff:0.5177694811366893, training_epochs:50, lr:0.05)
<_io.TextIOWrapper name='<stderr>' mode='w' encoding='utf-8'> node index is 103
train linear regression time:  0.05429125018417835
(average_diff:0.04451225495609926, max_diff:0.17113601578531545, training_epochs:50, lr:0.05)
<_io.TextIOWrapper name='<stderr>' mode='w' encoding='utf-8'> node index is 93
train linear regression time:  0.054409459233284
(average_diff:0.025214785661915973, max_diff:0.07666973587740364, training_epochs:50, lr:0.05)
<_io.TextIOWrapper name='<stderr>' mode='w' encoding='utf-8'> node index is 139
train linear regression time:  0.05430025001987815
(average_diff:0.0623219886608723, max_diff:0.21677789640253253, training_epochs:50, lr:0.05)
<_io.TextIOWrapper name='<stderr>' mode='w' encoding='utf-8'> node index is 133
train linear regression time:  0.0545671246945858
(average_diff:0.035193327713124285, max_diff:0.22919981078241308, training_epochs:50, lr:0.05)
<_io.TextIOWrapper name='<stderr>' mode='w' encoding='utf-8'> node index is 125
train linear regression time:  0.05497500021010637
(average_diff:0.0798139831134746, max_diff:0.2953847530412482, training_epochs:50, lr:0.05)
<_io.TextIOWrapper name='<stderr>' mode='w' encoding='utf-8'> node index is 115
train linear regression time:  0.05512133426964283
(average_diff:0.0756075000914669, max_diff:0.2844877158561646, training_epochs:50, lr:0.05)
<_io.TextIOWrapper name='<stderr>' mode='w' encoding='utf-8'> node index is 105
train linear regression time:  0.054544624872505665
(average_diff:0.06063964460732342, max_diff:0.2312610880444893, training_epochs:50, lr:0.05)
<_io.TextIOWrapper name='<stderr>' mode='w' encoding='utf-8'> node index is 95
train linear regression time:  0.05492154182866216
(average_diff:0.07437643295135503, max_diff:0.2433187298180703, training_epochs:50, lr:0.05)
<_io.TextIOWrapper name='<stderr>' mode='w' encoding='utf-8'> node index is 85
train linear regression time:  0.05391229223459959
(average_diff:0.08283367586418076, max_diff:0.24906959712826698, training_epochs:50, lr:0.05)
<_io.TextIOWrapper name='<stderr>' mode='w' encoding='utf-8'> node index is 79
train linear regression time:  0.05482320813462138
(average_diff:0.10423889766653363, max_diff:0.4284178462107285, training_epochs:50, lr:0.05)
<_io.TextIOWrapper name='<stderr>' mode='w' encoding='utf-8'> node index is 73
train linear regression time:  0.05578679218888283
(average_diff:0.07684366448338618, max_diff:0.3405764411066686, training_epochs:50, lr:0.05)
<_io.TextIOWrapper name='<stderr>' mode='w' encoding='utf-8'> node index is 65
train linear regression time:  0.05482445936650038
(average_diff:0.0, max_diff:0.0, training_epochs:50, lr:0.05)
<_io.TextIOWrapper name='<stderr>' mode='w' encoding='utf-8'> node index is 575
train linear regression time:  0.053022333420813084
(average_diff:1.1102230246251565e-16, max_diff:1.1102230246251565e-16, training_epochs:50, lr:0.05)
<_io.TextIOWrapper name='<stderr>' mode='w' encoding='utf-8'> node index is 565
train linear regression time:  0.05317537533119321
(average_diff:0.007537504697505387, max_diff:0.014009516674603179, training_epochs:50, lr:0.05)
<_io.TextIOWrapper name='<stderr>' mode='w' encoding='utf-8'> node index is 557
train linear regression time:  0.05303320800885558
(average_diff:0.0, max_diff:0.0, training_epochs:50, lr:0.05)
<_io.TextIOWrapper name='<stderr>' mode='w' encoding='utf-8'> node index is 553
train linear regression time:  0.05307962512597442
(average_diff:0.009503582699976365, max_diff:0.009639919273536912, training_epochs:50, lr:0.05)
<_io.TextIOWrapper name='<stderr>' mode='w' encoding='utf-8'> node index is 539
train linear regression time:  0.05303625017404556
(average_diff:7.991669365159382e-08, max_diff:8.630204384463269e-08, training_epochs:50, lr:0.05)
<_io.TextIOWrapper name='<stderr>' mode='w' encoding='utf-8'> node index is 523
train linear regression time:  0.053088707849383354
(average_diff:1.942890293094024e-16, max_diff:1.942890293094024e-16, training_epochs:50, lr:0.05)
<_io.TextIOWrapper name='<stderr>' mode='w' encoding='utf-8'> node index is 513
train linear regression time:  0.05305091617628932
(average_diff:0.0, max_diff:0.0, training_epochs:50, lr:0.05)
<_io.TextIOWrapper name='<stderr>' mode='w' encoding='utf-8'> node index is 505
train linear regression time:  0.053223374765366316
(average_diff:0.0006830282200581128, max_diff:0.0010050263929781145, training_epochs:50, lr:0.05)
<_io.TextIOWrapper name='<stderr>' mode='w' encoding='utf-8'> node index is 495
train linear regression time:  0.053044999949634075
(average_diff:0.03350166721802069, max_diff:0.06925602317370637, training_epochs:50, lr:0.05)
<_io.TextIOWrapper name='<stderr>' mode='w' encoding='utf-8'> node index is 487
train linear regression time:  0.05320512503385544
(average_diff:0.08184458490670544, max_diff:0.6085686121521574, training_epochs:50, lr:0.05)
<_io.TextIOWrapper name='<stderr>' mode='w' encoding='utf-8'> node index is 47
train linear regression time:  0.05407116701826453
(average_diff:0.0001698136693777432, max_diff:0.0002728574439973125, training_epochs:50, lr:0.05)
<_io.TextIOWrapper name='<stderr>' mode='w' encoding='utf-8'> node index is 397
train linear regression time:  0.05409224983304739
(average_diff:0.0915898674604945, max_diff:0.22260504889220564, training_epochs:50, lr:0.05)
<_io.TextIOWrapper name='<stderr>' mode='w' encoding='utf-8'> node index is 383
train linear regression time:  0.05320316692814231
(average_diff:0.08908497307854273, max_diff:0.12735453821923803, training_epochs:50, lr:0.05)
<_io.TextIOWrapper name='<stderr>' mode='w' encoding='utf-8'> node index is 371
train linear regression time:  0.053010750096291304
(average_diff:0.18008606210218261, max_diff:0.5057413440010512, training_epochs:50, lr:0.05)
<_io.TextIOWrapper name='<stderr>' mode='w' encoding='utf-8'> node index is 357
train linear regression time:  0.053178082685917616
(average_diff:0.0834951052275687, max_diff:0.2627017674057432, training_epochs:50, lr:0.05)
<_io.TextIOWrapper name='<stderr>' mode='w' encoding='utf-8'> node index is 343
train linear regression time:  0.05309200007468462
(average_diff:0.1886568495028527, max_diff:0.40682070435758655, training_epochs:50, lr:0.05)
<_io.TextIOWrapper name='<stderr>' mode='w' encoding='utf-8'> node index is 331
train linear regression time:  0.05321954237297177
(average_diff:0.01183099172617147, max_diff:0.02355177300249256, training_epochs:50, lr:0.05)
<_io.TextIOWrapper name='<stderr>' mode='w' encoding='utf-8'> node index is 319
train linear regression time:  0.05322504183277488
(average_diff:0.17839979755485266, max_diff:0.526929134907006, training_epochs:50, lr:0.05)
<_io.TextIOWrapper name='<stderr>' mode='w' encoding='utf-8'> node index is 307
train linear regression time:  0.05400616582483053
(average_diff:8.736861060380334e-05, max_diff:0.00013219012195408997, training_epochs:50, lr:0.05)
<_io.TextIOWrapper name='<stderr>' mode='w' encoding='utf-8'> node index is 293
train linear regression time:  0.05308354226872325
(average_diff:0.02132893244370658, max_diff:0.060643231734995195, training_epochs:50, lr:0.05)
<_io.TextIOWrapper name='<stderr>' mode='w' encoding='utf-8'> node index is 277
train linear regression time:  0.05324775027111173
(average_diff:0.01855985834582983, max_diff:0.03797749476390497, training_epochs:50, lr:0.05)
<_io.TextIOWrapper name='<stderr>' mode='w' encoding='utf-8'> node index is 261
train linear regression time:  0.05311387497931719
(average_diff:0.09527087105062503, max_diff:0.22167384643378407, training_epochs:50, lr:0.05)
<_io.TextIOWrapper name='<stderr>' mode='w' encoding='utf-8'> node index is 247
train linear regression time:  0.05318029224872589
(average_diff:0.012872704322219208, max_diff:0.0190234977375644, training_epochs:50, lr:0.05)
<_io.TextIOWrapper name='<stderr>' mode='w' encoding='utf-8'> node index is 533
train linear regression time:  0.05320079205557704
(average_diff:0.013748874127076482, max_diff:0.016446911207882442, training_epochs:50, lr:0.05)
<_io.TextIOWrapper name='<stderr>' mode='w' encoding='utf-8'> node index is 525
train linear regression time:  0.05305500002577901
(average_diff:0.00016972768331879884, max_diff:0.00018551020203483315, training_epochs:50, lr:0.05)
<_io.TextIOWrapper name='<stderr>' mode='w' encoding='utf-8'> node index is 515
train linear regression time:  0.05307020898908377
(average_diff:6.938893903907228e-17, max_diff:6.938893903907228e-17, training_epochs:50, lr:0.05)
<_io.TextIOWrapper name='<stderr>' mode='w' encoding='utf-8'> node index is 503
train linear regression time:  0.05319216614589095
(average_diff:0.0802148524394771, max_diff:0.12479069487423655, training_epochs:50, lr:0.05)
<_io.TextIOWrapper name='<stderr>' mode='w' encoding='utf-8'> node index is 497
train linear regression time:  0.05314066680148244
(average_diff:2.7755575615628914e-17, max_diff:2.7755575615628914e-17, training_epochs:50, lr:0.05)
<_io.TextIOWrapper name='<stderr>' mode='w' encoding='utf-8'> node index is 489
train linear regression time:  0.05308862496167421
(average_diff:0.0, max_diff:0.0, training_epochs:50, lr:0.05)
<_io.TextIOWrapper name='<stderr>' mode='w' encoding='utf-8'> node index is 483
train linear regression time:  0.05313520785421133
(average_diff:0.0, max_diff:0.0, training_epochs:50, lr:0.05)
<_io.TextIOWrapper name='<stderr>' mode='w' encoding='utf-8'> node index is 479
train linear regression time:  0.05306187504902482
(average_diff:0.025609157084929057, max_diff:0.05166809190087751, training_epochs:50, lr:0.05)
<_io.TextIOWrapper name='<stderr>' mode='w' encoding='utf-8'> node index is 463
train linear regression time:  0.05335920816287398
(average_diff:0.007713992338141656, max_diff:0.01596492093983748, training_epochs:50, lr:0.05)
<_io.TextIOWrapper name='<stderr>' mode='w' encoding='utf-8'> node index is 459
train linear regression time:  0.05302999960258603
(average_diff:1.1675840572156204e-09, max_diff:1.2887792499860495e-09, training_epochs:50, lr:0.05)
<_io.TextIOWrapper name='<stderr>' mode='w' encoding='utf-8'> node index is 451
train linear regression time:  0.05292091565206647
(average_diff:0.0, max_diff:0.0, training_epochs:50, lr:0.05)
<_io.TextIOWrapper name='<stderr>' mode='w' encoding='utf-8'> node index is 439
train linear regression time:  0.05297329090535641
(average_diff:0.007968592046413037, max_diff:0.01815766435208388, training_epochs:50, lr:0.05)
<_io.TextIOWrapper name='<stderr>' mode='w' encoding='utf-8'> node index is 437
train linear regression time:  0.05309583293274045
(average_diff:0.031133291308237915, max_diff:0.06939185931700276, training_epochs:50, lr:0.05)
<_io.TextIOWrapper name='<stderr>' mode='w' encoding='utf-8'> node index is 117
train linear regression time:  0.05324604222550988
(average_diff:0.022227810520231595, max_diff:0.05983983514960807, training_epochs:50, lr:0.05)
<_io.TextIOWrapper name='<stderr>' mode='w' encoding='utf-8'> node index is 107
train linear regression time:  0.05340454075485468
(average_diff:0.03608072524428538, max_diff:0.14620378014163543, training_epochs:50, lr:0.05)
<_io.TextIOWrapper name='<stderr>' mode='w' encoding='utf-8'> node index is 97
train linear regression time:  0.05420962534844875
(average_diff:0.05052859929030463, max_diff:0.1567312051198721, training_epochs:50, lr:0.05)
<_io.TextIOWrapper name='<stderr>' mode='w' encoding='utf-8'> node index is 87
train linear regression time:  0.05322191724553704
(average_diff:0.05912714732912611, max_diff:0.3277413952834221, training_epochs:50, lr:0.05)
<_io.TextIOWrapper name='<stderr>' mode='w' encoding='utf-8'> node index is 81
train linear regression time:  0.05397845897823572
(average_diff:0.07177136721573021, max_diff:0.2817784048350842, training_epochs:50, lr:0.05)
<_io.TextIOWrapper name='<stderr>' mode='w' encoding='utf-8'> node index is 75
train linear regression time:  0.05336704105138779
(average_diff:0.0008671470106585005, max_diff:0.0017360456706392302, training_epochs:50, lr:0.05)
<_io.TextIOWrapper name='<stderr>' mode='w' encoding='utf-8'> node index is 567
train linear regression time:  0.053161040879786015
(average_diff:0.0002637398524943102, max_diff:0.0002953619141748687, training_epochs:50, lr:0.05)
<_io.TextIOWrapper name='<stderr>' mode='w' encoding='utf-8'> node index is 559
train linear regression time:  0.05317291710525751
(average_diff:0.0007332863093389985, max_diff:0.0007501279997607357, training_epochs:50, lr:0.05)
<_io.TextIOWrapper name='<stderr>' mode='w' encoding='utf-8'> node index is 555
train linear regression time:  0.0532001662068069
(average_diff:0.02125500275190023, max_diff:0.04515018371223467, training_epochs:50, lr:0.05)
<_io.TextIOWrapper name='<stderr>' mode='w' encoding='utf-8'> node index is 547
train linear regression time:  0.053178999572992325
(average_diff:1.1102230246251565e-16, max_diff:1.1102230246251565e-16, training_epochs:50, lr:0.05)
<_io.TextIOWrapper name='<stderr>' mode='w' encoding='utf-8'> node index is 527
train linear regression time:  0.05326091684401035
(average_diff:1.6847258550722888e-05, max_diff:2.0134042512887085e-05, training_epochs:50, lr:0.05)
<_io.TextIOWrapper name='<stderr>' mode='w' encoding='utf-8'> node index is 507
train linear regression time:  0.05307837529107928
(average_diff:0.16106573763002105, max_diff:0.5768755160482226, training_epochs:50, lr:0.05)
<_io.TextIOWrapper name='<stderr>' mode='w' encoding='utf-8'> node index is 59
train linear regression time:  0.05408533290028572
(average_diff:0.09571082317370873, max_diff:0.38512518378089483, training_epochs:50, lr:0.05)
<_io.TextIOWrapper name='<stderr>' mode='w' encoding='utf-8'> node index is 49
train linear regression time:  0.05327183287590742
(average_diff:5.551115123125783e-17, max_diff:1.1102230246251565e-16, training_epochs:50, lr:0.05)
<_io.TextIOWrapper name='<stderr>' mode='w' encoding='utf-8'> node index is 569
train linear regression time:  0.053126916754990816
(average_diff:0.0, max_diff:0.0, training_epochs:50, lr:0.05)
<_io.TextIOWrapper name='<stderr>' mode='w' encoding='utf-8'> node index is 561
train linear regression time:  0.05326495785266161
(average_diff:1.6653345369377348e-16, max_diff:1.6653345369377348e-16, training_epochs:50, lr:0.05)
<_io.TextIOWrapper name='<stderr>' mode='w' encoding='utf-8'> node index is 543
train linear regression time:  0.05323337484151125
(average_diff:1.961493423519034e-07, max_diff:1.9647205995454442e-07, training_epochs:50, lr:0.05)
<_io.TextIOWrapper name='<stderr>' mode='w' encoding='utf-8'> node index is 535
train linear regression time:  0.05328070931136608
(average_diff:0.01849210350380073, max_diff:0.030919147172841055, training_epochs:50, lr:0.05)
<_io.TextIOWrapper name='<stderr>' mode='w' encoding='utf-8'> node index is 529
train linear regression time:  0.053215124644339085
(average_diff:1.1102230246251565e-16, max_diff:1.1102230246251565e-16, training_epochs:50, lr:0.05)
<_io.TextIOWrapper name='<stderr>' mode='w' encoding='utf-8'> node index is 517
train linear regression time:  0.053284999914467335
(average_diff:0.0023881377843657514, max_diff:0.0024593003368994504, training_epochs:50, lr:0.05)
<_io.TextIOWrapper name='<stderr>' mode='w' encoding='utf-8'> node index is 509
train linear regression time:  0.05220954120159149
(average_diff:0.0, max_diff:0.0, training_epochs:50, lr:0.05)
<_io.TextIOWrapper name='<stderr>' mode='w' encoding='utf-8'> node index is 499
train linear regression time:  0.05564858391880989
(average_diff:0.006458028517821031, max_diff:0.010276093642310635, training_epochs:50, lr:0.05)
<_io.TextIOWrapper name='<stderr>' mode='w' encoding='utf-8'> node index is 491
train linear regression time:  0.05411349982023239
(average_diff:0.010337907468225757, max_diff:0.01771166833854107, training_epochs:50, lr:0.05)
<_io.TextIOWrapper name='<stderr>' mode='w' encoding='utf-8'> node index is 385
train linear regression time:  0.05332650011405349
(average_diff:0.014829859109291802, max_diff:0.022180170309639688, training_epochs:50, lr:0.05)
<_io.TextIOWrapper name='<stderr>' mode='w' encoding='utf-8'> node index is 373
train linear regression time:  0.05362512497231364
(average_diff:0.0, max_diff:0.0, training_epochs:50, lr:0.05)
<_io.TextIOWrapper name='<stderr>' mode='w' encoding='utf-8'> node index is 359
train linear regression time:  0.05347775015980005
(average_diff:0.07237028988578334, max_diff:0.21704589640783195, training_epochs:50, lr:0.05)
<_io.TextIOWrapper name='<stderr>' mode='w' encoding='utf-8'> node index is 345
train linear regression time:  0.053445625118911266
(average_diff:0.0932540733193474, max_diff:0.18100161612038715, training_epochs:50, lr:0.05)
<_io.TextIOWrapper name='<stderr>' mode='w' encoding='utf-8'> node index is 321
train linear regression time:  0.053487416822463274
(average_diff:0.07228359397859907, max_diff:0.14032310737171044, training_epochs:50, lr:0.05)
<_io.TextIOWrapper name='<stderr>' mode='w' encoding='utf-8'> node index is 295
train linear regression time:  0.05333733279258013
(average_diff:0.18389222737528976, max_diff:0.36778821346761725, training_epochs:50, lr:0.05)
<_io.TextIOWrapper name='<stderr>' mode='w' encoding='utf-8'> node index is 279
train linear regression time:  0.053356874734163284
(average_diff:0.0005783100555327622, max_diff:0.0008340206395017757, training_epochs:50, lr:0.05)
<_io.TextIOWrapper name='<stderr>' mode='w' encoding='utf-8'> node index is 263
train linear regression time:  0.05323916720226407
(average_diff:0.023487891176154033, max_diff:0.06902448814258089, training_epochs:50, lr:0.05)
<_io.TextIOWrapper name='<stderr>' mode='w' encoding='utf-8'> node index is 249
train linear regression time:  0.053406374994665384
(average_diff:0.05485049493272512, max_diff:0.11254585716503995, training_epochs:50, lr:0.05)
<_io.TextIOWrapper name='<stderr>' mode='w' encoding='utf-8'> node index is 237
train linear regression time:  0.05326395807787776
(average_diff:0.03037482842042171, max_diff:0.050736510909173915, training_epochs:50, lr:0.05)
<_io.TextIOWrapper name='<stderr>' mode='w' encoding='utf-8'> node index is 265
train linear regression time:  0.053440917283296585
(average_diff:0.0, max_diff:0.0, training_epochs:50, lr:0.05)
<_io.TextIOWrapper name='<stderr>' mode='w' encoding='utf-8'> node index is 251
train linear regression time:  0.053433666937053204
(average_diff:0.08282616434204791, max_diff:0.3733362695494714, training_epochs:50, lr:0.05)
<_io.TextIOWrapper name='<stderr>' mode='w' encoding='utf-8'> node index is 239
train linear regression time:  0.05322324996814132
(average_diff:0.07554269389767546, max_diff:0.19797260603727368, training_epochs:50, lr:0.05)
<_io.TextIOWrapper name='<stderr>' mode='w' encoding='utf-8'> node index is 223
train linear regression time:  0.05343041708692908
(average_diff:0.013447192616730944, max_diff:0.027620344840028566, training_epochs:50, lr:0.05)
<_io.TextIOWrapper name='<stderr>' mode='w' encoding='utf-8'> node index is 209
train linear regression time:  0.05326670780777931
(average_diff:0.09772074501646189, max_diff:0.1857177638583023, training_epochs:50, lr:0.05)
<_io.TextIOWrapper name='<stderr>' mode='w' encoding='utf-8'> node index is 199
train linear regression time:  0.053411874920129776
(average_diff:0.10448430854355784, max_diff:0.40278631297997974, training_epochs:50, lr:0.05)
<_io.TextIOWrapper name='<stderr>' mode='w' encoding='utf-8'> node index is 191
train linear regression time:  0.0533802080899477
(average_diff:0.11777977311591308, max_diff:0.20433294983705552, training_epochs:50, lr:0.05)
<_io.TextIOWrapper name='<stderr>' mode='w' encoding='utf-8'> node index is 183
train linear regression time:  0.05360516672953963
(average_diff:0.11247681836114942, max_diff:0.21664163162525352, training_epochs:50, lr:0.05)
<_io.TextIOWrapper name='<stderr>' mode='w' encoding='utf-8'> node index is 175
train linear regression time:  0.055340500082820654
(average_diff:0.09184915410283999, max_diff:0.2396018738270005, training_epochs:50, lr:0.05)
<_io.TextIOWrapper name='<stderr>' mode='w' encoding='utf-8'> node index is 167
train linear regression time:  0.053702499717473984
(average_diff:0.07699017255544602, max_diff:0.1739829786284922, training_epochs:50, lr:0.05)
<_io.TextIOWrapper name='<stderr>' mode='w' encoding='utf-8'> node index is 157
train linear regression time:  0.05352708324790001
(average_diff:0.0, max_diff:0.0, training_epochs:50, lr:0.05)
<_io.TextIOWrapper name='<stderr>' mode='w' encoding='utf-8'> node index is 323
train linear regression time:  0.05337691679596901
(average_diff:0.0, max_diff:0.0, training_epochs:50, lr:0.05)
<_io.TextIOWrapper name='<stderr>' mode='w' encoding='utf-8'> node index is 309
train linear regression time:  0.05321470834314823
(average_diff:0.08810881365417836, max_diff:0.1760905175424639, training_epochs:50, lr:0.05)
<_io.TextIOWrapper name='<stderr>' mode='w' encoding='utf-8'> node index is 297
train linear regression time:  0.0533655839972198
(average_diff:0.15409413513955642, max_diff:0.2890720545427732, training_epochs:50, lr:0.05)
<_io.TextIOWrapper name='<stderr>' mode='w' encoding='utf-8'> node index is 283
train linear regression time:  0.05334266694262624
(average_diff:0.07801892136211874, max_diff:0.21293656468006966, training_epochs:50, lr:0.05)
<_io.TextIOWrapper name='<stderr>' mode='w' encoding='utf-8'> node index is 267
train linear regression time:  0.05335733434185386
(average_diff:0.16847974179919442, max_diff:0.5921253231390433, training_epochs:50, lr:0.05)
<_io.TextIOWrapper name='<stderr>' mode='w' encoding='utf-8'> node index is 225
train linear regression time:  0.05324212508276105
(average_diff:0.22335216956644544, max_diff:0.4247824958562094, training_epochs:50, lr:0.05)
<_io.TextIOWrapper name='<stderr>' mode='w' encoding='utf-8'> node index is 211
train linear regression time:  0.05350454244762659
(average_diff:0.13125732327946607, max_diff:0.3179532345402812, training_epochs:50, lr:0.05)
<_io.TextIOWrapper name='<stderr>' mode='w' encoding='utf-8'> node index is 185
train linear regression time:  0.053305874578654766
(average_diff:0.11942995749227672, max_diff:0.46132830028145205, training_epochs:50, lr:0.05)
<_io.TextIOWrapper name='<stderr>' mode='w' encoding='utf-8'> node index is 177
train linear regression time:  0.053308208007365465
(average_diff:0.19805124112899278, max_diff:0.5271984780760668, training_epochs:50, lr:0.05)
<_io.TextIOWrapper name='<stderr>' mode='w' encoding='utf-8'> node index is 169
train linear regression time:  0.05342195788398385
(average_diff:0.030623613952676442, max_diff:0.06298937815246967, training_epochs:50, lr:0.05)
<_io.TextIOWrapper name='<stderr>' mode='w' encoding='utf-8'> node index is 159
train linear regression time:  0.05327837495133281
(average_diff:0.11881300259711233, max_diff:0.27128561039713683, training_epochs:50, lr:0.05)
<_io.TextIOWrapper name='<stderr>' mode='w' encoding='utf-8'> node index is 151
train linear regression time:  0.053256625309586525
(average_diff:0.038405822125762365, max_diff:0.09734136281524802, training_epochs:50, lr:0.05)
<_io.TextIOWrapper name='<stderr>' mode='w' encoding='utf-8'> node index is 135
train linear regression time:  0.05341074988245964
(average_diff:0.05199689388863658, max_diff:0.100780183807396, training_epochs:50, lr:0.05)
<_io.TextIOWrapper name='<stderr>' mode='w' encoding='utf-8'> node index is 129
train linear regression time:  0.053316292352974415
(average_diff:0.035073105462299255, max_diff:0.13254803007818644, training_epochs:50, lr:0.05)
<_io.TextIOWrapper name='<stderr>' mode='w' encnode index is  node index is 119
train linear regression time:  0.053594792261719704
(average_diff:0.03895302310673169, max_diff:0.10942546611932619, training_epochs:50, lr:0.05)
<_io.TextIOWrapper name='<stderr>' mode='w' encoding='utf-8'> node index is 109
train linear regression time:  0.05320845916867256
(average_diff:0.04265694176501738, max_diff:0.16285976256883666, training_epochs:50, lr:0.05)
<_io.TextIOWrapper name='<stderr>' mode='w' encoding='utf-8'> node index is 99
train linear regression time:  0.05356362462043762
(average_diff:2.7755575615628914e-17, max_diff:2.7755575615628914e-17, training_epochs:50, lr:0.05)
<_io.TextIOWrapper name='<stderr>' mode='w' encoding='utf-8'> node index is 447
train linear regression time:  0.054113832768052816
(average_diff:0.031015692012737496, max_diff:0.07072350493808721, training_epochs:50, lr:0.05)
<_io.TextIOWrapper name='<stderr>' mode='w' encoding='utf-8'> node index is 441
train linear regression time:  0.053348792251199484
(average_diff:0.015838143915375285, max_diff:0.031429434429132624, training_epochs:50, lr:0.05)
<_io.TextIOWrapper name='<stderr>' mode='w' encoding='utf-8'> node index is 435
train linear regression time:  0.05322262505069375
(average_diff:0.0, max_diff:0.0, training_epochs:50, lr:0.05)
<_io.TextIOWrapper name='<stderr>' mode='w' encoding='utf-8'> node index is 429
train linear regression time:  0.05332558415830135
(average_diff:0.0013417750694193764, max_diff:0.002003540520920638, training_epochs:50, lr:0.05)
<_io.TextIOWrapper name='<stderr>' mode='w' encoding='utf-8'> node index is 421
train linear regression time:  0.053300625178962946
(average_diff:0.005838564253140172, max_diff:0.18978091020025867, training_epochs:50, lr:0.05)
<_io.TextIOWrapper name='<stderr>' mode='w' encoding='utf-8'> node index is 69
train linear regression time:  0.05413062497973442
(average_diff:0.06908122652295921, max_diff:0.25037400069882043, training_epochs:50, lr:0.05)
<_io.TextIOWrapper name='<stderr>' mode='w' encoding='utf-8'> node index is 61
train linear regression time:  0.05350112495943904
(average_diff:0.09461178715215884, max_diff:0.48026957614653554, training_epochs:50, lr:0.05)
<_io.TextIOWrapper name='<stderr>' mode='w' encoding='utf-8'> node index is 53
train linear regression time:  0.053283666260540485
(average_diff:0.02929787933775612, max_diff:0.05442843785186763, training_epochs:50, lr:0.05)
<_io.TextIOWrapper name='<stderr>' mode='w' encoding='utf-8'> node index is 401
train linear regression time:  0.053215666208416224
(average_diff:0.0008612780108177056, max_diff:0.0013253209336557131, training_epochs:50, lr:0.05)
<_io.TextIOWrapper name='<stderr>' mode='w' encoding='utf-8'> node index is 387
train linear regression time:  0.05328087508678436
(average_diff:0.009249130750232476, max_diff:0.0210662121973485, training_epochs:50, lr:0.05)
<_io.TextIOWrapper name='<stderr>' mode='w' encoding='utf-8'> node index is 375
train linear regression time:  0.0532297077588737
(average_diff:0.00702105432831765, max_diff:0.009885375981069422, training_epochs:50, lr:0.05)
<_io.TextIOWrapper name='<stderr>' mode='w' encoding='utf-8'> node index is 361
train linear regression time:  0.05336620891466737
(average_diff:0.030641532369629878, max_diff:0.07203127893845357, training_epochs:50, lr:0.05)
<_io.TextIOWrapper name='<stderr>' mode='w' encoding='utf-8'> node index is 347
train linear regression time:  0.053195707965642214
(average_diff:0.173840751772989, max_diff:0.2809147775147589, training_epochs:50, lr:0.05)
<_io.TextIOWrapper name='<stderr>' mode='w' encoding='utf-8'> node index is 311
train linear regression time:  0.05332637531682849
(average_diff:0.06594663701322859, max_diff:0.14489127928476397, training_epochs:50, lr:0.05)
<_io.TextIOWrapper name='<stderr>' mode='w' encoding='utf-8'> node index is 299
train linear regression time:  0.05325620900839567
(average_diff:0.11011351244128283, max_diff:0.44822372272271976, training_epochs:50, lr:0.05)
<_io.TextIOWrapper name='<stderr>' mode='w' encoding='utf-8'> node index is 285
train linear regression time:  0.05335345771163702
(average_diff:0.01952730042168519, max_diff:0.03530065287815329, training_epochs:50, lr:0.05)
<_io.TextIOWrapper name='<stderr>' mode='w' encoding='utf-8'> node index is 269
train linear regression time:  0.053351791109889746
(average_diff:0.002279761633433075, max_diff:0.002357025211071173, training_epochs:50, lr:0.05)
<_io.TextIOWrapper name='<stderr>' mode='w' encoding='utf-8'> node index is 415
train linear regression time:  0.053503625094890594
(average_diff:0.012887145037660183, max_diff:0.019000640162066096, training_epochs:50, lr:0.05)
<_io.TextIOWrapper name='<stderr>' mode='w' encoding='utf-8'> node index is 411
train linear regression time:  0.05328020779415965
(average_diff:6.263244090032316e-11, max_diff:6.75750566614397e-11, training_epochs:50, lr:0.05)
<_io.TextIOWrapper name='<stderr>' mode='w' encoding='utf-8'> node index is 403
train linear regression time:  0.05354495765641332
(average_diff:0.05964783577833315, max_diff:0.11336758978090494, training_epochs:50, lr:0.05)
<_io.TextIOWrapper name='<stderr>' mode='w' encoding='utf-8'> node index is 389
train linear regression time:  0.05413691699504852
(average_diff:0.043264321017992095, max_diff:0.08681130079401861, training_epochs:50, lr:0.05)
<_io.TextIOWrapper name='<stderr>' mode='w' encoding='utf-8'> node index is 377
train linear regression time:  0.053275084123015404
(average_diff:0.01513438243316243, max_diff:0.03125666730224547, training_epochs:50, lr:0.05)
<_io.TextIOWrapper name='<stderr>' mode='w' encoding='utf-8'> node index is 363
train linear regression time:  0.05326724983751774
(average_diff:0.06555562121611036, max_diff:0.1224947601267557, training_epochs:50, lr:0.05)
<_io.TextIOWrapper name='<stderr>' mode='w' encoding='utf-8'> node index is 349
train linear regression time:  0.05334545811638236
(average_diff:0.04669247899276691, max_diff:0.08881114402544782, training_epochs:50, lr:0.05)
<_io.TextIOWrapper name='<stderr>' mode='w' encoding='utf-8'> node index is 335
train linear regression time:  0.053300959058105946
(average_diff:0.012548103826086857, max_diff:0.015220663982456695, training_epochs:50, lr:0.05)
<_io.TextIOWrapper name='<stderr>' mode='w' encoding='utf-8'> node index is 325
train linear regression time:  0.05334570910781622
(average_diff:0.10000809293882221, max_diff:0.24413018379831586, training_epochs:50, lr:0.05)
<_io.TextIOWrapper name='<stderr>' mode='w' encoding='utf-8'> node index is 313
train linear regression time:  0.053252666257321835
(average_diff:0.0, max_diff:0.0, training_epochs:50, lr:0.05)
<_io.TextIOWrapper name='<stderr>' mode='w' encoding='utf-8'> node index is 443
train linear regression time:  0.05333733279258013
(average_diff:0.09990932598966865, max_diff:0.2443281643466389, training_epochs:50, lr:0.05)
<_io.TextIOWrapper name='<stderr>' mode='w' encoding='utf-8'> node index is 431
train linear regression time:  0.053320832550525665
(average_diff:0.0, max_diff:0.0, training_epochs:50, lr:0.05)
<_io.TextIOWrapper name='<stderr>' mode='w' encoding='utf-8'> node index is 425
train linear regression time:  0.053259083069860935
(average_diff:0.001438318910782388, max_diff:0.0021071364443472906, training_epochs:50, lr:0.05)
<_io.TextIOWrapper name='<stderr>' mode='w' encoding='utf-8'> node index is 419
train linear regression time:  0.05340012488886714
(average_diff:0.0006682871881557584, max_diff:0.0010027333087835877, training_epochs:50, lr:0.05)
<_io.TextIOWrapper name='<stderr>' mode='w' encoding='utf-8'> node index is 413
train linear regression time:  0.05322599969804287
(average_diff:0.014700413104867777, max_diff:0.02864655955986095, training_epochs:50, lr:0.05)
<_io.TextIOWrapper name='<stderr>' mode='w' encoding='utf-8'> node index is 405
train linear regression time:  0.05335129192098975
(average_diff:0.0, max_diff:0.0, training_epochs:50, lr:0.05)
<_io.TextIOWrapper name='<stderr>' mode='w' encoding='utf-8'> node index is 391
train linear regression time:  0.05326174991205335
(average_diff:1.0176304243714185e-12, max_diff:1.0279554985004324e-12, training_epoc<_io.TextIOWrapp<_io.TextIOWrapper name='<stderr>' mode='w' encoding='utf-8'> node index is 379
train linear regression time:  0.053399458061903715
(average_diff:0.046158526107106544, max_diff:0.1323016201683047, training_epochs:50, lr:0.05)
<_io.TextIOWrapper name='<stderr>' mode='w' encoding='utf-8'> node index is 365
train linear regression time:  0.05323820794001222
(average_diff:0.05436788750532648, max_diff:0.08009290395993146, training_epochs:50, lr:0.05)
<_io.TextIOWrapper name='<stderr>' mode='w' encoding='utf-8'> node index is 351
train linear regression time:  0.05330191599205136
(average_diff:1.7419755449180063e-05, max_diff:1.7972358075241113e-05, training_epochs:50, lr:0.05)
<_io.TextIOWrapper name='<stderr>' mode='w' encoding='utf-8'> node index is 337
train linear regression time:  0.05329458275809884
(average_diff:0.11951849038164224, max_diff:0.5494837940640154, training_epochs:50, lr:0.05)
<_io.TextIOWrapper name='<stderr>' mode='w' encoding='utf-8'> node index is 393
train linear regression time:  0.053332083858549595
(average_diff:1.6653345369377348e-16, max_diff:2.220446049250313e-16, training_epochs:50, lr:0.05)
<_io.TextIOWrapper name='<stderr>' mode='w' encoding='utf-8'> node index is 301
train linear regression time:  0.054355000145733356
(average_diff:0.12126521115107461, max_diff:0.26553064913867985, training_epochs:50, lr:0.05)
<_io.TextIOWrapper name='<stderr>' mode='w' encoding='utf-8'> node index is 271
train linear regression time:  0.05355012509971857
(average_diff:0.07751854611120347, max_diff:0.20193495939347506, training_epochs:50, lr:0.05)
<_io.TextIOWrapper name='<stderr>' mode='w' encoding='utf-8'> node index is 253
train linear regression time:  0.053178709000349045
(average_diff:0.20684580435665195, max_diff:0.45298578455943067, training_epochs:50, lr:0.05)
<_io.TextIOWrapper name='<stderr>' mode='w' encoding='utf-8'> node index is 227
train linear regression time:  0.05322529189288616
(average_diff:0.16501215954825543, max_diff:0.3475134802872521, training_epochs:50, lr:0.05)
<_io.TextIOWrapper name='<stderr>' mode='w' encoding='utf-8'> node index is 213
train linear regression time:  0.05320304073393345
(average_diff:0.0628377536067127, max_diff:0.15687704508637842, training_epochs:50, lr:0.05)
<_io.TextIOWrapper name='<stderr>' mode='w' encoding='utf-8'> node index is 201
train linear regression time:  0.05328008299693465
(average_diff:2.7755575615628914e-17, max_diff:5.551115123125783e-17, training_epochs:50, lr:0.05)
<_io.TextIOWrapper name='<stderr>' mode='w' encoding='utf-8'> node index is 193
train linear regression time:  0.0532863331027329
(average_diff:0.03032642987758289, max_diff:0.0780783229525091, training_epochs:50, lr:0.05)
<_io.TextIOWrapper name='<stderr>' mode='w' encoding='utf-8'> node index is 187
train linear regression time:  0.05324999988079071
(average_diff:0.03899526645663925, max_diff:0.11835269853808172, training_epochs:50, lr:0.05)
<_io.TextIOWrapper name='<stderr>' mode='w' encoding='utf-8'> node index is 179
train linear regression time:  0.05331549979746342
(average_diff:0.0, max_diff:0.0, training_epochs:50, lr:0.05)
<_io.TextIOWrapper name='<stderr>' mode='w' encoding='utf-8'> node index is 171
train linear regression time:  0.053171792067587376
(average_diff:0.11048111461201046, max_diff:0.29651896735718225, training_epochs:50, lr:0.05)
<_io.TextIOWrapper name='<stderr>' mode='w' encoding='utf-8'> node index is 161
train linear regression time:  0.05338770803064108
(average_diff:0.00214128457958368, max_diff:0.0033615630620920656, training_epochs:50, lr:0.05)
<_io.TextIOWrapper name='<stderr>' mode='w' encoding='utf-8'> node index is 367
train linear regression time:  0.05322666605934501
(average_diff:0.0, max_diff:0.0, training_epochs:50, lr:0.05)
<_io.TextIOWrapper name='<stderr>' mode='w' encoding='utf-8'> node index is 353
train linear regression time:  0.05329525005072355
(average_diff:3.107146661596172e-05, max_diff:3.1431763489964126e-05, training_epochs:50, lr:0.05)
<_io.TextIOWrapper name='<stderr>' mode='w' encoding='utf-8'> node index is 339
train linear regression time:  0.053174249827861786
(average_diff:0.029418895736787364, max_diff:0.09082434660727956, training_epochs:50, lr:0.05)
<_io.TextIOWrapper name='<stderr>' mode='w' encoding='utf-8'> node index is 327
train linear regression time:  0.05328462505713105
(average_diff:0.02766643243565977, max_diff:0.15282649894683453, training_epochs:50, lr:0.05)
<_io.TextIOWrapper name='<stderr>' mode='w' encoding='utf-8'> node index is 315
train linear regression time:  0.05335079180076718
(average_diff:0.018257991534869678, max_diff:0.03838949940294323, training_epochs:50, lr:0.05)
<_io.TextIOWrapper name='<stderr>' mode='w' encoding='utf-8'> node index is 303
train linear regression time:  0.05334579199552536
(average_diff:0.04040608722661484, max_diff:0.08581624290279088, training_epochs:50, lr:0.05)
<_io.TextIOWrapper name='<stderr>' mode='w' encoding='utf-8'> node index is 287
train linear regression time:  0.05340225016698241
(average_diff:0.07548298874870621, max_diff:0.15713912970505672, training_epochs:50, lr:0.05)
<_io.TextIOWrapper name='<stderr>' mode='w' encoding='utf-8'> node index is 273
train linear regression time:  0.053279333747923374
(average_diff:0.09715020995449301, max_diff:0.537451651923822, training_epochs:50, lr:0.05)
<_io.TextIOWrapper name='<stderr>' mode='w' encoding='utf-8'> node index is 255
train linear regression time:  0.05335499998182058
(average_diff:0.02276192176277836, max_diff:0.047114924296027705, training_epochs:50, lr:0.05)
<_io.TextIOWrapper name='<stderr>' mode='w' encoding='utf-8'> node index is 241
train linear regression time:  0.05425325036048889
(average_diff:0.1921561117402848, max_diff:0.4809480802676051, training_epochs:50, lr:0.05)
<_io.TextIOWrapper name='<stderr>' mode='w' encoding='utf-8'> node index is 229
train linear regression time:  0.05329395877197385
(average_diff:0.11885582282139606, max_diff:0.3797042829340771, training_epochs:50, lr:0.05)
<_io.TextIOWrapper name='<stderr>' mode='w' encoding='utf-8'> node index is 215
train linear regression time:  0.053282625041902065
(average_diff:0.052142518445689845, max_diff:0.1279219545899467, training_epochs:50, lr:0.05)
<_io.TextIOWrapper name='<stderr>' mode='w' encoding='utf-8'> node index is 203
train linear regression time:  0.05332479206845164
(average_diff:0.019970785867818995, max_diff:0.0409313745507337, training_epochs:50, lr:0.05)
<_io.TextIOWrapper name='<stderr>' mode='w' encoding='utf-8'> node index is 195
train linear regression time:  0.053216416388750076
(average_diff:0.15944698763669746, max_diff:0.3478358842623708, training_epochs:50, lr:0.05)
<_io.TextIOWrapper name='<stderr>' mode='w' encoding='utf-8'> node index is 7
train linear regression time:  0.05322479223832488
(average_diff:0.1379473535345353, max_diff:0.4300276049013844, training_epochs:50, lr:0.05)
<_io.TextIOWrapper name='<stderr>' mode='w' encoding='utf-8'> node index is 5
train linear regression time:  0.05306741641834378
testFringe time:  13.372715416830033
<_io.TextIOWrapper name='<stderr>' mode='w' encoding='utf-8'> =============== update finished ===============

*** Writing Game File 90***

<_io.TextIOWrapper name='../print_tree_record_numpy/print_DM_boost_linear_tree_split.txt' mode='w' encoding='UTF-8'> idx1(Q:0.4003, distinct_name:0, dictinctin_value:2.569683891588169, par:None)
	idx4(Q:0.4010, distinct_name:0, dictinctin_value:2.507749956207568, par:1)
		idx6(Q:0.4009, distinct_name:0, dictinctin_value:-0.050698982385153205, par:4)
			idx8(Q:0.4596, distinct_name:0, dictinctin_value:-0.5002368440471089, par:6)
				idx10(Q:0.5073, distinct_name:3, dictinctin_value:0.7373220788164561, par:8)
					idx12(Q:0.4820, distinct_name:1, dictinctin_value:0.8498558206992594, par:10)
						idx18(Q:0.4314, distinct_name:2, dictinctin_value:0.8559921607301466, par:12)
							idx24(Q:0.4248, distinct_name:0, dictinctin_value:-0.5901212893723445, par:18)
								idx30(Q:0.4325, distinct_name:2, dictinctin_value:0.5095422779981766, par:24)
									idx38(Q:0.4501, distinct_name:2, dictinctin_value:0.24909091887867726, par:30)
										idx44(Q:0.4793, distinct_name:2, dictinctin_value:-0.06052347242753761, par:38)
											idx54(Q:0.5256, distinct_name:2, dictinctin_value:-0.16873413911779458, par:44)
												idx62(Q:0.5498, distinct_name:2, dictinctin_value:-0.3117760123070312, par:54)
													idx70(Q:0.5922, distinct_name:2, dictinctin_value:-0.36929151673896154, par:62)
														idx76(Q:0.6194, distinct_name:2, dictinctin_value:-0.4513587540231024, par:70)
															idx82(Q:0.6544, distinct_name:2, dictinctin_value:-0.49926091712096626, par:76)
																idx90(Q:0.6711, distinct_name:2, dictinctin_value:-0.5261921216626007, par:82)
																	idx100(Q:0.6827, distinct_name:2, dictinctin_value:-0.5682634996789567, par:90)
																		idx110(Q:0.6985, distinct_name:2, dictinctin_value:-0.576514535000767, par:100)
																			idx120(Q:0.7024, par:110)
																			idx121(Q:0.3963, par:110)
																		idx111(Q:0.3652, par:100)
																	idx101(Q:0.3596, par:90)
																idx91(Q:0.3302, par:82)
															idx83(Q:0.3004, par:76)
														idx77(Q:0.2726, par:70)
													idx71(Q:0.2717, par:62)
												idx63(Q:0.2240, par:54)
											idx55(Q:0.2433, distinct_name:0, dictinctin_value:-0.6476910175840919, par:44)
												idx464(Q:0.2466, distinct_name:3, dictinctin_value:0.6680194197252473, par:55)
													idx468(Q:0.2434, distinct_name:0, dictinctin_value:-0.6858015235311999, par:464)
														idx474(Q:0.2440, distinct_name:2, dictinctin_value:0.24031958562965672, par:468)
															idx480(Q:0.2425, distinct_name:2, dictinctin_value:0.22712878489931437, par:474)
																idx484(Q:0.2441, distinct_name:0, dictinctin_value:-0.6984661740702743, par:480)
																	idx492(Q:0.2423, distinct_name:2, dictinctin_value:0.2205862992769331, par:484)
																		idx500(Q:0.2420, distinct_name:1, dictinctin_value:0.7515347460969897, par:492)
																			idx518(Q:0.2413, par:500)
																			idx519(Q:0.2625, par:500)
																		idx501(Q:0.2751, par:492)
																	idx493(Q:0.3077, par:484)
																idx485(Q:0.1301, par:480)
															idx481(Q:0.2797, par:474)
														idx475(Q:0.1567, par:468)
													idx469(Q:0.3624, par:464)
												idx465(Q:0.1184, par:55)
										idx45(Q:0.2497, distinct_name:0, dictinctin_value:-0.6043607795061433, par:38)
											idx510(Q:0.2519, distinct_name:1, dictinctin_value:0.8144916165556727, par:45)
												idx520(Q:0.2456, distinct_name:1, dictinctin_value:0.7699133155688844, par:510)
													idx530(Q:0.2424, distinct_name:2, dictinctin_value:0.5073691095938268, par:520)
														idx536(Q:0.2420, distinct_name:0, dictinctin_value:-0.6190066933050004, par:530)
															idx548(Q:0.2409, distinct_name:0, dictinctin_value:-0.6463225202144014, par:536)
																idx570(Q:0.2401, distinct_name:0, dictinctin_value:-0.6564390430626009, par:548)
																	idx580(Q:0.2420, distinct_name:3, dictinctin_value:0.6572555751708343, par:570)
																		idx586(Q:0.2413, distinct_name:3, dictinctin_value:0.6217208412298194, par:580)
																			idx590(Q:0.2395, par:586)
																			idx591(Q:0.3104, par:586)
																		idx587(Q:0.2818, par:580)
																	idx581(Q:0.1275, par:570)
																idx571(Q:0.2672, par:548)
															idx549(Q:0.3743, par:536)
														idx537(Q:0.2606, par:530)
													idx531(Q:0.3479, par:520)
												idx521(Q:0.5313, par:510)
											idx511(Q:0.1507, par:45)
									idx39(Q:0.3234, distinct_name:1, dictinctin_value:0.8040063207197937, par:30)
										idx426(Q:0.3207, distinct_name:2, dictinctin_value:0.8419373683110459, par:39)
											idx432(Q:0.3213, distinct_name:0, dictinctin_value:-0.6009391153368029, par:426)
												idx444(Q:0.3233, distinct_name:0, dictinctin_value:-0.6041087413020046, par:432)
													idx448(Q:0.3231, distinct_name:0, dictinctin_value:-0.6100701052011255, par:444)
														idx456(Q:0.3238, distinct_name:0, dictinctin_value:-0.6407957166920598, par:448)
															idx460(Q:0.3285, distinct_name:0, dictinctin_value:-0.6555246386975058, par:456)
																idx466(Q:0.3308, distinct_name:0, dictinctin_value:-0.6720161756487143, par:460)
																	idx470(Q:0.3342, distinct_name:0, dictinctin_value:-0.6781083126032775, par:466)
																		idx472(Q:0.3343, distinct_name:0, dictinctin_value:-0.7020609777266955, par:470)
																			idx476(Q:0.3370, par:472)
																			idx477(Q:0.2334, par:472)
																		idx473(Q:0.3250, par:470)
																	idx471(Q:0.0686, par:466)
																idx467(Q:0.1550, par:460)
															idx461(Q:0.1355, par:456)
														idx457(Q:0.3007, par:448)
													idx449(Q:0.3527, par:444)
												idx445(Q:0.1599, par:432)
											idx433(Q:0.2850, par:426)
										idx427(Q:0.4793, par:39)
								idx31(Q:0.3516, distinct_name:0, dictinctin_value:-0.5002719881995846, par:24)
									idx544(Q:0.3519, distinct_name:1, dictinctin_value:0.7593054056611713, par:31)
										idx550(Q:0.3486, distinct_name:0, dictinctin_value:-0.5062520951871772, par:544)
											idx562(Q:0.3518, distinct_name:0, dictinctin_value:-0.5080035363270362, par:550)
												idx572(Q:0.3569, distinct_name:0, dictinctin_value:-0.5084639498879526, par:562)
													idx582(Q:0.3575, distinct_name:0, dictinctin_value:-0.5089199594147691, par:572)
														idx588(Q:0.3609, distinct_name:0, dictinctin_value:-0.5092872052358233, par:582)
															idx592(Q:0.3626, distinct_name:2, dictinctin_value:0.7693334693236122, par:588)
																idx594(Q:0.3681, distinct_name:2, dictinctin_value:0.7132889145486878, par:592)
																	idx596(Q:0.3733, distinct_name:0, dictinctin_value:-0.5099342225448047, par:594)
																		idx598(Q:0.3758, distinct_name:1, dictinctin_value:0.7481026625171042, par:596)
																			idx600(Q:0.3751, par:598)
																			idx601(Q:0.4108, par:598)
																		idx599(Q:0.2330, par:596)
																	idx597(Q:0.0754, par:594)
																idx595(Q:0.1530, par:592)
															idx593(Q:0.1559, par:588)
														idx589(Q:0.1598, par:582)
													idx583(Q:0.2789, par:572)
												idx573(Q:0.1450, par:562)
											idx563(Q:0.1492, par:550)
										idx551(Q:0.4899, par:544)
									idx545(Q:0.3129, par:31)
							idx25(Q:0.4602, distinct_name:0, dictinctin_value:-0.5389580903277561, par:18)
								idx216(Q:0.4630, distinct_name:0, dictinctin_value:-0.5573162410999996, par:25)
									idx230(Q:0.4643, distinct_name:0, dictinctin_value:-0.5917620279880862, par:216)
										idx242(Q:0.4767, distinct_name:1, dictinctin_value:0.8127647407611875, par:230)
											idx256(Q:0.4713, distinct_name:0, dictinctin_value:-0.6131626140571143, par:242)
												idx288(Q:0.4733, distinct_name:0, dictinctin_value:-0.7076582377440916, par:256)
													idx304(Q:0.4935, distinct_name:0, dictinctin_value:-0.717862250694298, par:288)
														idx316(Q:0.4966, distinct_name:0, dictinctin_value:-0.7734253050900186, par:304)
															idx328(Q:0.5052, distinct_name:0, dictinctin_value:-0.7970945326559435, par:316)
																idx340(Q:0.5067, distinct_name:3, dictinctin_value:0.6595389343928215, par:328)
																	idx354(Q:0.5018, distinct_name:3, dictinctin_value:0.6186331758365281, par:340)
																		idx368(Q:0.4966, distinct_name:3, dictinctin_value:0.5952455969358141, par:354)
																			idx380(Q:0.4951, par:368)
																			idx381(Q:0.5796, par:368)
																		idx369(Q:0.8791, par:354)
																	idx355(Q:0.7825, par:340)
																idx341(Q:0.4474, par:328)
															idx329(Q:0.3541, par:316)
														idx317(Q:0.3378, par:304)
													idx305(Q:0.3035, par:288)
												idx289(Q:0.1966, par:256)
											idx257(Q:0.7304, par:242)
										idx243(Q:0.2531, par:230)
									idx231(Q:0.3288, par:216)
								idx217(Q:0.3729, par:25)
						idx19(Q:0.6974, distinct_name:0, dictinctin_value:-0.5046072639210131, par:12)
							idx152(Q:0.6973, distinct_name:2, dictinctin_value:1.74305991171075, par:19)
								idx162(Q:0.6859, distinct_name:2, dictinctin_value:1.5651912903147052, par:152)
									idx172(Q:0.6763, distinct_name:2, dictinctin_value:1.0939968976733132, par:162)
										idx180(Q:0.6547, distinct_name:2, dictinctin_value:0.9064820637809338, par:172)
											idx188(Q:0.6444, distinct_name:2, dictinctin_value:0.8130327408821636, par:180)
												idx196(Q:0.6354, distinct_name:2, dictinctin_value:0.714578820015968, par:188)
													idx204(Q:0.6342, distinct_name:0, dictinctin_value:-0.5137296726081428, par:196)
														idx218(Q:0.6365, distinct_name:2, dictinctin_value:0.4860989258104936, par:204)
															idx232(Q:0.6337, distinct_name:1, dictinctin_value:2.2330900660097845, par:218)
																idx244(Q:0.6216, distinct_name:2, dictinctin_value:0.44559578649865966, par:232)
																	idx258(Q:0.6183, distinct_name:2, dictinctin_value:0.32419638005931734, par:244)
																		idx274(Q:0.6188, distinct_name:0, dictinctin_value:-0.5233031664270825, par:258)
																			idx290(Q:0.6194, par:274)
																			idx291(Q:0.5526, par:274)
																		idx275(Q:0.5985, par:258)
																	idx259(Q:0.7450, par:244)
																idx245(Q:0.9317, par:232)
															idx233(Q:0.6644, par:218)
														idx219(Q:0.4556, par:204)
													idx205(Q:0.6740, par:196)
												idx197(Q:0.8666, par:188)
											idx189(Q:0.8592, par:180)
										idx181(Q:0.9943, par:172)
									idx173(Q:1.0131, par:162)
								idx163(Q:1.0391, par:152)
							idx153(Q:0.7365, par:19)
					idx13(Q:0.5870, distinct_name:2, dictinctin_value:1.929601246827043, par:10)
						idx92(Q:0.5728, distinct_name:1, dictinctin_value:1.2557733390904973, par:13)
							idx102(Q:0.5389, distinct_name:2, dictinctin_value:1.4527612583425853, par:92)
								idx112(Q:0.5266, distinct_name:2, dictinctin_value:1.3531114404933846, par:102)
									idx122(Q:0.5242, distinct_name:2, dictinctin_value:1.0639310625609943, par:112)
										idx130(Q:0.5127, distinct_name:2, dictinctin_value:0.8759607452183222, par:122)
											idx136(Q:0.5049, distinct_name:2, dictinctin_value:0.6228991526328211, par:130)
												idx142(Q:0.5008, distinct_name:2, dictinctin_value:0.4885947458466264, par:136)
													idx146(Q:0.4909, distinct_name:1, dictinctin_value:1.1059975491047376, par:142)
														idx148(Q:0.4829, distinct_name:3, dictinctin_value:2.363964647313972, par:146)
															idx154(Q:0.4767, distinct_name:3, dictinctin_value:1.536573712246935, par:148)
																idx164(Q:0.4525, distinct_name:1, dictinctin_value:0.49075596239548774, par:154)
																	idx206(Q:0.4208, distinct_name:3, dictinctin_value:1.525286896575752, par:164)
																		idx220(Q:0.4202, distinct_name:2, dictinctin_value:0.38874536608000104, par:206)
																			idx234(Q:0.4227, par:220)
																			idx235(Q:0.3327, par:220)
																		idx221(Q:0.4555, par:206)
																	idx207(Q:0.6086, par:164)
																idx165(Q:0.5684, par:154)
															idx155(Q:0.6475, par:148)
														idx149(Q:0.7431, par:146)
													idx147(Q:0.6035, par:142)
												idx143(Q:0.5522, par:136)
											idx137(Q:0.6927, par:130)
										idx131(Q:0.7149, par:122)
									idx123(Q:0.6587, par:112)
								idx113(Q:0.7978, par:102)
							idx103(Q:0.9414, par:92)
						idx93(Q:1.0493, par:13)
				idx11(Q:0.3746, distinct_name:3, dictinctin_value:1.284568987543642, par:8)
					idx32(Q:0.3534, distinct_name:3, dictinctin_value:0.5763111575206541, par:11)
						idx40(Q:0.3362, distinct_name:2, dictinctin_value:1.4159847670297276, par:32)
							idx46(Q:0.3272, distinct_name:2, dictinctin_value:0.8764611652526798, par:40)
								idx56(Q:0.3341, distinct_name:2, dictinctin_value:0.6776552612944613, par:46)
									idx64(Q:0.3407, distinct_name:0, dictinctin_value:-0.10007893227380851, par:56)
										idx72(Q:0.3401, distinct_name:2, dictinctin_value:0.481251420222257, par:64)
											idx78(Q:0.3504, distinct_name:2, dictinctin_value:0.43236682950932387, par:72)
												idx84(Q:0.3572, distinct_name:2, dictinctin_value:0.2322739018313544, par:78)
													idx94(Q:0.3787, distinct_name:2, dictinctin_value:0.1692901075380102, par:84)
														idx104(Q:0.3871, distinct_name:2, dictinctin_value:0.044622068949871425, par:94)
															idx114(Q:0.4068, distinct_name:2, dictinctin_value:-0.04421252452423217, par:104)
																idx124(Q:0.4264, distinct_name:2, dictinctin_value:-0.12551407150931976, par:114)
																	idx132(Q:0.4426, distinct_name:2, dictinctin_value:-0.16179863391045127, par:124)
																		idx138(Q:0.4532, distinct_name:2, dictinctin_value:-0.1987692173924826, par:132)
																			idx144(Q:0.4701, par:138)
																			idx145(Q:0.1598, par:138)
																		idx139(Q:0.1698, par:132)
																	idx133(Q:0.1885, par:124)
																idx125(Q:0.1409, par:114)
															idx115(Q:0.1815, par:104)
														idx105(Q:0.2003, par:94)
													idx95(Q:0.1669, par:84)
												idx85(Q:0.1617, par:78)
											idx79(Q:0.2195, par:72)
										idx73(Q:0.3463, par:64)
									idx65(Q:0.2503, par:56)
								idx57(Q:0.2808, distinct_name:0, dictinctin_value:-0.07115888508263095, par:46)
									idx486(Q:0.2847, distinct_name:2, dictinctin_value:1.3997870335092657, par:57)
										idx494(Q:0.2846, distinct_name:0, dictinctin_value:-0.07160732513030894, par:486)
											idx504(Q:0.2816, distinct_name:0, dictinctin_value:-0.08350405569893737, par:494)
												idx512(Q:0.2829, distinct_name:1, dictinctin_value:1.8788415154351898, par:504)
													idx522(Q:0.2729, distinct_name:1, dictinctin_value:1.7168001155290575, par:512)
														idx538(Q:0.2665, distinct_name:0, dictinctin_value:-0.08454829370887558, par:522)
															idx552(Q:0.2643, distinct_name:3, dictinctin_value:0.4530042815419259, par:538)
																idx556(Q:0.2657, distinct_name:0, dictinctin_value:-0.08608502852647902, par:552)
																	idx564(Q:0.2669, distinct_name:0, dictinctin_value:-0.08644796937551802, par:556)
																		idx574(Q:0.2665, distinct_name:0, dictinctin_value:-0.08717123163966492, par:564)
																			idx584(Q:0.2679, par:574)
																			idx585(Q:0.1069, par:574)
																		idx575(Q:0.3124, par:564)
																	idx565(Q:0.1341, par:556)
																idx557(Q:0.2231, par:552)
															idx553(Q:0.5355, par:538)
														idx539(Q:0.6590, par:522)
													idx523(Q:0.8978, par:512)
												idx513(Q:0.1098, par:504)
											idx505(Q:0.6691, par:494)
										idx495(Q:0.2877, par:486)
									idx487(Q:0.1811, par:57)
							idx47(Q:0.4368, par:40)
						idx41(Q:0.4244, distinct_name:3, dictinctin_value:1.2541204520301295, par:32)
							idx246(Q:0.4181, distinct_name:0, dictinctin_value:-0.05401988313827026, par:41)
								idx260(Q:0.4184, distinct_name:2, dictinctin_value:2.0807886731763334, par:246)
									idx276(Q:0.4032, distinct_name:2, dictinctin_value:1.8994422532815647, par:260)
										idx292(Q:0.3979, distinct_name:1, dictinctin_value:1.2716943858922887, par:276)
											idx306(Q:0.3752, distinct_name:2, dictinctin_value:1.8085097405850585, par:292)
												idx318(Q:0.3666, distinct_name:0, dictinctin_value:-0.06832580226386262, par:306)
													idx330(Q:0.3612, distinct_name:1, dictinctin_value:1.0161843934440484, par:318)
														idx342(Q:0.3555, distinct_name:0, dictinctin_value:-0.11082738421514442, par:330)
															idx356(Q:0.3508, distinct_name:0, dictinctin_value:-0.1239714467724242, par:342)
																idx370(Q:0.3511, distinct_name:1, dictinctin_value:0.8661774768232812, par:356)
																	idx382(Q:0.3457, distinct_name:0, dictinctin_value:-0.13038566790821624, par:370)
																		idx396(Q:0.3458, distinct_name:1, dictinctin_value:0.7685182247259327, par:382)
																			idx406(Q:0.3394, par:396)
																			idx407(Q:0.5266, par:396)
																		idx397(Q:0.3395, par:382)
																	idx383(Q:0.4871, par:370)
																idx371(Q:0.3328, par:356)
															idx357(Q:0.4144, par:342)
														idx343(Q:0.4670, par:330)
													idx331(Q:0.5325, par:318)
												idx319(Q:0.8472, par:306)
											idx307(Q:0.6022, par:292)
										idx293(Q:0.8474, par:276)
									idx277(Q:0.8999, par:260)
								idx261(Q:0.3940, par:246)
							idx247(Q:0.6656, par:41)
					idx33(Q:0.5520, distinct_name:2, dictinctin_value:1.8206658800741853, par:11)
						idx436(Q:0.5386, distinct_name:0, dictinctin_value:-0.055487221535360155, par:33)
							idx438(Q:0.5359, distinct_name:0, dictinctin_value:-0.06661868934946451, par:436)
								idx450(Q:0.5387, distinct_name:2, dictinctin_value:1.6280055741424861, par:438)
									idx458(Q:0.5271, distinct_name:2, dictinctin_value:1.4609118350831285, par:450)
										idx462(Q:0.5181, distinct_name:0, dictinctin_value:-0.06716992247771125, par:458)
											idx478(Q:0.5195, distinct_name:0, dictinctin_value:-0.06950841565798693, par:462)
												idx482(Q:0.5184, distinct_name:0, dictinctin_value:-0.07617984110574617, par:478)
													idx488(Q:0.5209, distinct_name:0, dictinctin_value:-0.09812148969449835, par:482)
														idx496(Q:0.5222, distinct_name:0, dictinctin_value:-0.10012482464779363, par:488)
															idx502(Q:0.5250, distinct_name:2, dictinctin_value:1.4064514939244364, par:496)
																idx514(Q:0.5216, distinct_name:2, dictinctin_value:1.318805451770871, par:502)
																	idx524(Q:0.5134, distinct_name:0, dictinctin_value:-0.11118736531331526, par:514)
																		idx532(Q:0.5138, distinct_name:0, dictinctin_value:-0.12850307532465371, par:524)
																			idx540(Q:0.5182, par:532)
																			idx541(Q:0.3246, par:532)
																		idx533(Q:0.4972, par:524)
																	idx525(Q:0.7980, par:514)
																idx515(Q:0.7615, par:502)
															idx503(Q:0.1239, par:496)
														idx497(Q:0.4829, par:488)
													idx489(Q:0.1612, par:482)
												idx483(Q:0.6779, par:478)
											idx479(Q:0.3023, par:462)
										idx463(Q:0.8671, par:458)
									idx459(Q:0.9828, par:450)
								idx451(Q:0.3190, par:438)
							idx439(Q:0.9613, par:436)
						idx437(Q:0.9142, par:33)
			idx9(Q:0.3464, distinct_name:1, dictinctin_value:1.4532912275447858, par:6)
				idx14(Q:0.3252, distinct_name:0, dictinctin_value:0.6708677617788001, par:9)
					idx16(Q:0.3415, distinct_name:0, dictinctin_value:0.5219929201544601, par:14)
						idx20(Q:0.3418, distinct_name:0, dictinctin_value:0.38200451643824146, par:16)
							idx26(Q:0.3478, distinct_name:0, dictinctin_value:0.29175973898130836, par:20)
								idx34(Q:0.3475, distinct_name:3, dictinctin_value:1.2405945003824483, par:26)
									idx42(Q:0.3222, distinct_name:2, dictinctin_value:1.6139678071673451, par:34)
										idx48(Q:0.3169, distinct_name:1, dictinctin_value:1.0148453699076618, par:42)
											idx58(Q:0.3049, distinct_name:2, dictinctin_value:0.8422101128546527, par:48)
												idx66(Q:0.3138, distinct_name:2, dictinctin_value:0.5718071591898053, par:58)
													idx74(Q:0.3266, distinct_name:2, dictinctin_value:0.3335199702259944, par:66)
														idx80(Q:0.3505, distinct_name:2, dictinctin_value:0.2585267021680285, par:74)
															idx86(Q:0.3583, distinct_name:2, dictinctin_value:0.13295569297273957, par:80)
																idx96(Q:0.3753, distinct_name:2, dictinctin_value:0.0933394603867821, par:86)
																	idx106(Q:0.3836, distinct_name:2, dictinctin_value:0.047951172568074005, par:96)
																		idx116(Q:0.3918, distinct_name:2, dictinctin_value:-0.0025517231675584334, par:106)
																			idx126(Q:0.3992, par:116)
																			idx127(Q:0.1400, par:116)
																		idx117(Q:0.1509, par:106)
																	idx107(Q:0.1114, par:96)
																idx97(Q:0.1325, par:86)
															idx87(Q:0.1612, par:80)
														idx81(Q:0.1546, par:74)
													idx75(Q:0.2010, par:66)
												idx67(Q:0.2559, distinct_name:0, dictinctin_value:0.284001031471605, par:58)
													idx506(Q:0.2544, distinct_name:0, dictinctin_value:0.28239410324000885, par:67)
														idx526(Q:0.2524, distinct_name:1, dictinctin_value:0.83535054985968, par:506)
															idx546(Q:0.2297, distinct_name:2, dictinctin_value:1.5992728183505887, par:526)
																idx554(Q:0.2316, distinct_name:0, dictinctin_value:0.27983576931814547, par:546)
																	idx558(Q:0.2323, distinct_name:2, dictinctin_value:1.5459775970266707, par:554)
																		idx566(Q:0.2283, distinct_name:2, dictinctin_value:1.5137425616672946, par:558)
																			idx576(Q:0.2283, par:566)
																			idx577(Q:0.2291, par:566)
																		idx567(Q:0.3494, par:558)
																	idx559(Q:0.1898, par:554)
																idx555(Q:0.1136, par:546)
															idx547(Q:0.7287, par:526)
														idx527(Q:0.5128, par:506)
													idx507(Q:0.3576, par:67)
											idx59(Q:0.4294, par:48)
										idx49(Q:0.4133, par:42)
									idx43(Q:0.5339, distinct_name:3, dictinctin_value:2.7956706813891117, par:34)
										idx490(Q:0.5235, distinct_name:0, dictinctin_value:0.28758459307995216, par:43)
											idx498(Q:0.5185, distinct_name:2, dictinctin_value:1.7926081731949, par:490)
												idx508(Q:0.5116, distinct_name:0, dictinctin_value:0.2865220549225975, par:498)
													idx516(Q:0.5110, distinct_name:0, dictinctin_value:0.2785989659591723, par:508)
														idx528(Q:0.5181, distinct_name:3, dictinctin_value:2.7261255458914433, par:516)
															idx534(Q:0.5213, distinct_name:0, dictinctin_value:0.2763906794093015, par:528)
																idx542(Q:0.5231, distinct_name:0, dictinctin_value:0.2703031142425218, par:534)
																	idx560(Q:0.5217, distinct_name:3, dictinctin_value:2.563708411050972, par:542)
																		idx568(Q:0.5177, distinct_name:2, dictinctin_value:1.5803350412841866, par:560)
																			idx578(Q:0.5077, par:568)
																			idx579(Q:0.7504, par:568)
																		idx569(Q:0.7699, par:560)
																	idx561(Q:0.6884, par:542)
																idx543(Q:0.3073, par:534)
															idx535(Q:0.3125, par:528)
														idx529(Q:0.2106, par:516)
													idx517(Q:0.5832, par:508)
												idx509(Q:0.9712, par:498)
											idx499(Q:1.1979, par:490)
										idx491(Q:1.0038, par:43)
								idx35(Q:0.3490, distinct_name:1, dictinctin_value:1.344826515865718, par:26)
									idx236(Q:0.3471, distinct_name:3, dictinctin_value:1.6897348587436034, par:35)
										idx248(Q:0.3305, distinct_name:1, dictinctin_value:1.2341402111364463, par:236)
											idx262(Q:0.3307, distinct_name:3, dictinctin_value:1.3356049450605056, par:248)
												idx278(Q:0.3217, distinct_name:2, dictinctin_value:1.6241822054726756, par:262)
													idx294(Q:0.3130, distinct_name:0, dictinctin_value:0.3731119474318981, par:278)
														idx320(Q:0.3090, distinct_name:3, dictinctin_value:1.2759579982069145, par:294)
															idx344(Q:0.2992, distinct_name:0, dictinctin_value:0.37304242798500226, par:320)
																idx358(Q:0.2991, distinct_name:0, dictinctin_value:0.3707677109507447, par:344)
																	idx372(Q:0.3024, distinct_name:0, dictinctin_value:0.3697040787425107, par:358)
																		idx384(Q:0.3031, distinct_name:2, dictinctin_value:1.3789177574365135, par:372)
																			idx398(Q:0.3027, par:384)
																			idx399(Q:0.3408, par:384)
																		idx385(Q:0.2750, par:372)
																	idx373(Q:0.1232, par:358)
																idx359(Q:0.3297, par:344)
															idx345(Q:0.6603, par:320)
														idx321(Q:0.3682, par:294)
													idx295(Q:0.5111, par:278)
												idx279(Q:0.5343, par:262)
											idx263(Q:0.3069, par:248)
										idx249(Q:0.7456, par:236)
									idx237(Q:0.4358, par:35)
							idx27(Q:0.3208, distinct_name:2, dictinctin_value:1.5527241962490086, par:20)
								idx156(Q:0.3164, distinct_name:0, dictinctin_value:0.5137061072990365, par:27)
									idx166(Q:0.3216, distinct_name:0, dictinctin_value:0.5083060291160676, par:156)
										idx174(Q:0.3230, distinct_name:1, dictinctin_value:1.235555391656205, par:166)
											idx182(Q:0.3219, distinct_name:0, dictinctin_value:0.499318407708209, par:174)
												idx190(Q:0.3270, distinct_name:3, dictinctin_value:1.6437138459193195, par:182)
													idx198(Q:0.3186, distinct_name:0, dictinctin_value:0.4978828276393789, par:190)
														idx208(Q:0.3207, distinct_name:2, dictinctin_value:1.3588453420210258, par:198)
															idx222(Q:0.3174, distinct_name:2, dictinctin_value:0.9721483625475897, par:208)
																idx238(Q:0.3192, distinct_name:0, dictinctin_value:0.4972801494332726, par:222)
																	idx250(Q:0.3174, distinct_name:2, dictinctin_value:0.944961054171824, par:238)
																		idx264(Q:0.3208, distinct_name:2, dictinctin_value:0.872803430709856, par:250)
																			idx280(Q:0.3260, par:264)
																			idx281(Q:0.2116, par:264)
																		idx265(Q:0.1370, par:250)
																	idx251(Q:0.5718, par:238)
																idx239(Q:0.2951, par:222)
															idx223(Q:0.4173, par:208)
														idx209(Q:0.1910, par:198)
													idx199(Q:0.6506, par:190)
												idx191(Q:0.2488, par:182)
											idx183(Q:0.3519, par:174)
										idx175(Q:0.2904, par:166)
									idx167(Q:0.2388, par:156)
								idx157(Q:0.4373, par:27)
						idx21(Q:0.3400, distinct_name:1, dictinctin_value:1.3201670622027022, par:16)
							idx150(Q:0.3380, distinct_name:1, dictinctin_value:1.2234607090751204, par:21)
								idx158(Q:0.3390, distinct_name:1, dictinctin_value:1.0226433736171432, par:150)
									idx168(Q:0.3333, distinct_name:0, dictinctin_value:0.6649352976939671, par:158)
										idx176(Q:0.3321, distinct_name:2, dictinctin_value:1.8028367177150562, par:168)
											idx184(Q:0.3296, distinct_name:3, dictinctin_value:1.321083281680176, par:176)
												idx210(Q:0.3109, distinct_name:1, dictinctin_value:0.7493197611500411, par:184)
													idx224(Q:0.3031, distinct_name:2, dictinctin_value:1.1954012588052898, par:210)
														idx266(Q:0.3029, distinct_name:1, dictinctin_value:0.6035401367847275, par:224)
															idx282(Q:0.3026, distinct_name:1, dictinctin_value:0.5166827335099701, par:266)
																idx296(Q:0.3083, distinct_name:0, dictinctin_value:0.663963378246939, par:282)
																	idx308(Q:0.3065, distinct_name:0, dictinctin_value:0.6638782806630827, par:296)
																		idx322(Q:0.3048, distinct_name:2, dictinctin_value:1.1091905022156634, par:308)
																			idx332(Q:0.3088, par:322)
																			idx333(Q:0.1630, par:322)
																		idx323(Q:0.7405, par:308)
																	idx309(Q:0.7765, par:296)
																idx297(Q:0.1677, par:282)
															idx283(Q:0.3093, par:266)
														idx267(Q:0.3058, par:224)
													idx225(Q:0.3753, par:210)
												idx211(Q:0.5503, par:184)
											idx185(Q:0.4116, par:176)
										idx177(Q:0.3593, par:168)
									idx169(Q:0.4912, par:158)
								idx159(Q:0.2366, par:150)
							idx151(Q:0.4317, par:21)
					idx17(Q:0.3073, distinct_name:3, dictinctin_value:0.8871619234739136, par:14)
						idx22(Q:0.2759, distinct_name:1, dictinctin_value:0.895274831679809, par:17)
							idx28(Q:0.2611, distinct_name:3, dictinctin_value:0.4147697243292515, par:22)
								idx36(Q:0.2532, distinct_name:3, dictinctin_value:-0.009439492879810042, par:28)
									idx50(Q:0.2501, distinct_name:0, dictinctin_value:2.3121117874404824, par:36)
										idx52(Q:0.2515, distinct_name:0, dictinctin_value:1.9483716250181808, par:50)
											idx60(Q:0.2549, distinct_name:3, dictinctin_value:-0.018025248765568658, par:52)
												idx68(Q:0.2625, distinct_name:2, dictinctin_value:0.8033765660185509, par:60)
													idx88(Q:0.2690, distinct_name:2, dictinctin_value:0.6003623148969123, par:68)
														idx98(Q:0.2768, distinct_name:2, dictinctin_value:0.5329635912790776, par:88)
															idx108(Q:0.2815, distinct_name:2, dictinctin_value:0.3621996786015208, par:98)
																idx118(Q:0.2958, distinct_name:3, dictinctin_value:-0.05260374571449391, par:108)
																	idx128(Q:0.2979, distinct_name:2, dictinctin_value:0.22149263805201816, par:118)
																		idx134(Q:0.3119, distinct_name:2, dictinctin_value:0.13324256965432388, par:128)
																			idx140(Q:0.3239, par:134)
																			idx141(Q:0.1363, par:134)
																		idx135(Q:0.1478, par:128)
																	idx129(Q:0.2331, par:118)
																idx119(Q:0.1477, par:108)
															idx109(Q:0.1699, par:98)
														idx99(Q:0.1640, par:88)
													idx89(Q:0.2391, distinct_name:0, dictinctin_value:1.9001636825637473, par:68)
														idx420(Q:0.2372, distinct_name:0, dictinctin_value:1.8970534364477791, par:89)
															idx428(Q:0.2373, distinct_name:0, dictinctin_value:1.7864713255325577, par:420)
																idx434(Q:0.2388, distinct_name:0, dictinctin_value:1.7345810667045185, par:428)
																	idx440(Q:0.2354, distinct_name:0, dictinctin_value:1.7300479805066988, par:434)
																		idx446(Q:0.2360, distinct_name:0, dictinctin_value:1.6826477660222412, par:440)
																			idx452(Q:0.2336, par:446)
																			idx453(Q:0.3516, par:446)
																		idx447(Q:0.1492, par:440)
																	idx441(Q:0.3419, par:434)
																idx435(Q:0.1908, par:428)
															idx429(Q:0.2144, par:420)
														idx421(Q:0.2937, par:89)
												idx69(Q:0.1939, par:60)
											idx61(Q:0.1974, par:52)
										idx53(Q:0.1887, par:50)
									idx51(Q:0.2633, distinct_name:0, dictinctin_value:2.2255864685353126, par:36)
										idx268(Q:0.2644, distinct_name:0, dictinctin_value:1.8770234609938123, par:51)
											idx284(Q:0.2644, distinct_name:1, dictinctin_value:0.8208254329434517, par:268)
												idx298(Q:0.2661, distinct_name:0, dictinctin_value:1.7199871451158526, par:284)
													idx310(Q:0.2655, distinct_name:3, dictinctin_value:0.39481973457279324, par:298)
														idx346(Q:0.2669, distinct_name:2, dictinctin_value:2.0591657816242117, par:310)
															idx360(Q:0.2592, distinct_name:2, dictinctin_value:1.6416632040499568, par:346)
																idx374(Q:0.2583, distinct_name:0, dictinctin_value:1.6846076849979201, par:360)
																	idx386(Q:0.2592, distinct_name:2, dictinctin_value:1.5364517172370076, par:374)
																		idx400(Q:0.2584, distinct_name:2, dictinctin_value:1.321416179085615, par:386)
																			idx408(Q:0.2562, par:400)
																			idx409(Q:0.3184, par:400)
																		idx401(Q:0.2993, par:386)
																	idx387(Q:0.1886, par:374)
																idx375(Q:0.3030, par:360)
															idx361(Q:0.7383, par:346)
														idx347(Q:0.2160, par:310)
													idx311(Q:0.2837, par:298)
												idx299(Q:0.2089, par:284)
											idx285(Q:0.2641, par:268)
										idx269(Q:0.2326, par:51)
								idx37(Q:0.2980, distinct_name:1, dictinctin_value:0.7946772031835798, par:28)
									idx312(Q:0.2914, distinct_name:2, dictinctin_value:1.9378572482198, par:37)
										idx324(Q:0.2841, distinct_name:0, dictinctin_value:2.1880833067537604, par:312)
											idx334(Q:0.2846, distinct_name:0, dictinctin_value:2.1673152418059, par:324)
												idx348(Q:0.2823, distinct_name:0, dictinctin_value:2.0644684179947266, par:334)
													idx362(Q:0.2811, distinct_name:2, dictinctin_value:1.6060442338491094, par:348)
														idx376(Q:0.2722, distinct_name:0, dictinctin_value:1.8821116949330967, par:362)
															idx388(Q:0.2758, distinct_name:2, dictinctin_value:1.5867185725408008, par:376)
																idx402(Q:0.2759, distinct_name:0, dictinctin_value:1.8162737627685595, par:388)
																	idx410(Q:0.2788, distinct_name:2, dictinctin_value:1.474613989336331, par:402)
																		idx414(Q:0.2746, distinct_name:2, dictinctin_value:1.322085439542282, par:410)
																			idx422(Q:0.2746, par:414)
																			idx423(Q:0.2744, par:414)
																		idx415(Q:0.7277, par:410)
																	idx411(Q:0.1206, par:402)
																idx403(Q:0.2603, par:388)
															idx389(Q:0.1585, par:376)
														idx377(Q:0.5362, par:362)
													idx363(Q:0.3418, par:348)
												idx349(Q:0.4213, par:334)
											idx335(Q:0.2633, par:324)
										idx325(Q:0.5989, par:312)
									idx313(Q:0.4699, par:37)
							idx29(Q:0.3891, distinct_name:0, dictinctin_value:2.44084525907838, par:22)
								idx336(Q:0.3904, distinct_name:0, dictinctin_value:2.3332385876998147, par:29)
									idx350(Q:0.3926, distinct_name:2, dictinctin_value:1.313989803673234, par:336)
										idx364(Q:0.3588, distinct_name:2, dictinctin_value:1.2075088067941002, par:350)
											idx378(Q:0.3562, distinct_name:0, dictinctin_value:2.3276851139515355, par:364)
												idx390(Q:0.3551, distinct_name:2, dictinctin_value:1.1566628366759308, par:378)
													idx404(Q:0.3494, distinct_name:2, dictinctin_value:1.049026714172236, par:390)
														idx412(Q:0.3462, distinct_name:2, dictinctin_value:1.0138168631315498, par:404)
															idx418(Q:0.3434, distinct_name:0, dictinctin_value:2.3136303024689413, par:412)
																idx424(Q:0.3433, distinct_name:1, dictinctin_value:1.4142431093508798, par:418)
																	idx430(Q:0.3476, distinct_name:0, dictinctin_value:2.2572655688242222, par:424)
																		idx442(Q:0.3463, distinct_name:0, dictinctin_value:2.2507333712501807, par:430)
																			idx454(Q:0.3463, par:442)
																			idx455(Q:0.3551, par:442)
																		idx443(Q:0.5398, par:430)
																	idx431(Q:0.2625, par:424)
																idx425(Q:0.3611, par:418)
															idx419(Q:0.4918, par:412)
														idx413(Q:0.5241, par:404)
													idx405(Q:0.5944, par:390)
												idx391(Q:0.5313, par:378)
											idx379(Q:0.5828, par:364)
										idx365(Q:0.6713, par:350)
									idx351(Q:0.2484, par:336)
								idx337(Q:0.2579, par:29)
						idx23(Q:0.4636, distinct_name:0, dictinctin_value:2.1444723574903684, par:17)
							idx160(Q:0.4635, distinct_name:0, dictinctin_value:2.133798778100152, par:23)
								idx170(Q:0.4638, distinct_name:2, dictinctin_value:1.564504591409782, par:160)
									idx178(Q:0.4402, distinct_name:2, dictinctin_value:1.4113473869711974, par:170)
										idx186(Q:0.4352, distinct_name:0, dictinctin_value:2.1063540893171067, par:178)
											idx192(Q:0.4360, distinct_name:2, dictinctin_value:1.2195161175228741, par:186)
												idx200(Q:0.4306, distinct_name:0, dictinctin_value:1.9676721667093595, par:192)
													idx212(Q:0.4286, distinct_name:0, dictinctin_value:1.8926417272552991, par:200)
														idx226(Q:0.4286, distinct_name:0, dictinctin_value:1.7713311316515392, par:212)
															idx252(Q:0.4330, distinct_name:1, dictinctin_value:1.3213229930390704, par:226)
																idx270(Q:0.4281, distinct_name:0, dictinctin_value:1.7442155745503336, par:252)
																	idx300(Q:0.4264, distinct_name:0, dictinctin_value:1.3536781616204123, par:270)
																		idx392(Q:0.4276, distinct_name:0, dictinctin_value:1.2274516322533688, par:300)
																			idx416(Q:0.4296, par:392)
																			idx417(Q:0.4123, par:392)
																		idx393(Q:0.4212, par:300)
																	idx301(Q:0.6548, par:270)
																idx271(Q:0.6092, par:252)
															idx253(Q:0.3010, par:226)
														idx227(Q:0.4299, par:212)
													idx213(Q:0.4843, par:200)
												idx201(Q:0.5477, par:192)
											idx193(Q:0.3158, par:186)
										idx187(Q:0.6318, par:178)
									idx179(Q:0.8510, par:170)
								idx171(Q:0.3511, par:160)
							idx161(Q:0.4661, par:23)
				idx15(Q:0.6124, distinct_name:2, dictinctin_value:1.9938158806166744, par:9)
					idx194(Q:0.6012, distinct_name:3, dictinctin_value:2.0149638943737203, par:15)
						idx202(Q:0.5904, distinct_name:3, dictinctin_value:1.626087400144554, par:194)
							idx214(Q:0.5864, distinct_name:1, dictinctin_value:2.6727016574162166, par:202)
								idx228(Q:0.5742, distinct_name:2, dictinctin_value:1.776904010924299, par:214)
									idx240(Q:0.5697, distinct_name:2, dictinctin_value:1.4203463682180766, par:228)
										idx254(Q:0.5582, distinct_name:0, dictinctin_value:2.115573493736756, par:240)
											idx272(Q:0.5590, distinct_name:2, dictinctin_value:1.306259966260203, par:254)
												idx286(Q:0.5462, distinct_name:2, dictinctin_value:1.2529155214914378, par:272)
													idx302(Q:0.5423, distinct_name:2, dictinctin_value:0.808199081795812, par:286)
														idx314(Q:0.5183, distinct_name:2, dictinctin_value:0.7214446989843575, par:302)
															idx326(Q:0.5117, distinct_name:2, dictinctin_value:0.7041168221107604, par:314)
																idx338(Q:0.5109, distinct_name:0, dictinctin_value:2.1110030599556926, par:326)
																	idx352(Q:0.5117, distinct_name:0, dictinctin_value:2.0312710900603177, par:338)
																		idx366(Q:0.5100, distinct_name:2, dictinctin_value:0.6878681581259294, par:352)
																			idx394(Q:0.5079, par:366)
																			idx395(Q:0.7374, par:366)
																		idx367(Q:0.6383, par:352)
																	idx353(Q:0.3397, par:338)
																idx339(Q:0.6013, par:326)
															idx327(Q:0.6702, par:314)
														idx315(Q:0.8465, par:302)
													idx303(Q:0.8049, par:286)
												idx287(Q:0.8402, par:272)
											idx273(Q:0.5122, par:254)
										idx255(Q:0.8008, par:240)
									idx241(Q:0.9026, par:228)
								idx229(Q:0.8159, par:214)
							idx215(Q:0.7165, par:202)
						idx203(Q:0.9193, par:194)
					idx195(Q:0.9885, par:15)
		idx7(Q:0.3927, par:4)
	idx5(Q:0.2831, par:1)
