WARNING:tensorflow:From /Users/keithwu/opt/anaconda3/envs/auction-gym/lib/python3.10/site-packages/tensorflow/python/compat/v2_compat.py:107: disable_resource_variables (from tensorflow.python.ops.variable_scope) is deprecated and will be removed in a future version.
Instructions for updating:
non-resource variables are not supported in the long term
<_io.TextIOWrapper name='<stderr>' mode='w' encoding='utf-8'> reading from ../UTree_model_numpy/DM/model_boost_linear_qsplit_noabs_save/, starting at 18
<_io.TextIOWrapper name='<stderr>' mode='w' encoding='utf-8'> =============== update starts ===============
(average_diff:0.003824957878209523, max_diff:0.005423012702783281, training_epochs:50, lr:0.05)
<_io.TextIOWrapper name='<stderr>' mode='w' encoding='utf-8'> node index is 111
train linear regression time:  0.04800554225221276
(average_diff:0.0011265390395129489, max_diff:0.0016037494993989543, training_epochs:50, lr:0.05)
<_io.TextIOWrapper name='<stderr>' mode='w' encoding='utf-8'> node index is 101
train linear regression time:  0.04624470788985491
(average_diff:0.001510390432246922, max_diff:0.0025151870720949154, training_epochs:50, lr:0.05)
<_io.TextIOWrapper name='<stderr>' mode='w' encoding='utf-8'> node index is 91
train linear regression time:  0.04647895786911249
(average_diff:0.0021512415118339753, max_diff:0.006224541121689464, training_epochs:50, lr:0.05)
<_io.TextIOWrapper name='<stderr>' mode='w' encoding='utf-8'> node index is 83
train linear regression time:  0.0463482909835875
(average_diff:0.03452343341997332, max_diff:0.0955157435998964, training_epochs:50, lr:0.05)
<_io.TextIOWrapper name='<stderr>' mode='w' encoding='utf-8'> node index is 77
train linear regression time:  0.04614874999970198
(average_diff:0.03351961516114407, max_diff:0.11427205481550126, training_epochs:50, lr:0.05)
<_io.TextIOWrapper name='<stderr>' mode='w' encoding='utf-8'> node index is 71
train linear regression time:  0.04634149977937341
(average_diff:0.04564198710885543, max_diff:0.15889365727556537, training_epochs:50, lr:0.05)
<_io.TextIOWrapper name='<stderr>' mode='w' encoding='utf-8'> node index is 63
train linear regression time:  0.04673787485808134
(average_diff:0.067103692811204, max_diff:0.17387331220718774, training_epochs:50, lr:0.05)
<_io.TextIOWrapper name='<stderr>' mode='w' encoding='utf-8'> node index is 55
train linear regression time:  0.04633816611021757
(average_diff:0.06667905300813787, max_diff:0.2013508356819723, training_epochs:50, lr:0.05)
<_io.TextIOWrapper name='<stderr>' mode='w' encoding='utf-8'> node index is 45
train linear regression time:  0.04658308299258351
(average_diff:0.05957827368469637, max_diff:0.16264084540218426, training_epochs:50, lr:0.05)
<_io.TextIOWrapper name='<stderr>' mode='w' encoding='utf-8'> node index is 39
train linear regression time:  0.0479924576357007
(average_diff:0.09760875343146386, max_diff:0.2111669606370607, training_epochs:50, lr:0.05)
<_io.TextIOWrapper name='<stderr>' mode='w' encoding='utf-8'> node index is 31
train linear regression time:  0.0476547502912581
(average_diff:0.07303243440588303, max_diff:0.35946283235807835, training_epochs:50, lr:0.05)
<_io.TextIOWrapper name='<stderr>' mode='w' encoding='utf-8'> node index is 25
train linear regression time:  0.047027166932821274
(average_diff:0.17364378715212025, max_diff:0.5950696564791567, training_epochs:50, lr:0.05)
<_io.TextIOWrapper name='<stderr>' mode='w' encoding='utf-8'> node index is 19
train linear regression time:  0.04802654171362519
(average_diff:0.18291832273625436, max_diff:0.7175273419265971, training_epochs:50, lr:0.05)
<_io.TextIOWrapper name='<stderr>' mode='w' encoding='utf-8'> node index is 122
train linear regression time:  0.04744208324700594
<_io.TextIOWrapper name='<stderr>' mode='w' encoding='utf-8'> variance test passed, diff=0.07439500299743276, d = 2, back=0
<_io.TextIOWrapper name='<stderr>' mode='w' encoding='utf-8'> Will be split, p=0.07439500299743276, d=2, back=0
(average_diff:0.17993916865706372, max_diff:0.6472410982383173, training_epochs:50, lr:0.05)
<_io.TextIOWrapper name='<stderr>' mode='w' encoding='utf-8'> node index is 130
train linear regression time:  0.04847112484276295
(average_diff:0.0070041247987474575, max_diff:0.009471069511601926, training_epochs:50, lr:0.05)
<_io.TextIOWrapper name='<stderr>' mode='w' encoding='utf-8'> node index is 131
train linear regression time:  0.0461203339509666
(average_diff:0.02860145338708947, max_diff:0.03536574390821012, training_epochs:50, lr:0.05)
<_io.TextIOWrapper name='<stderr>' mode='w' encoding='utf-8'> node index is 123
train linear regression time:  0.04665658297017217
(average_diff:0.02623407756799258, max_diff:0.051013773613133306, training_epochs:50, lr:0.05)
<_io.TextIOWrapper name='<stderr>' mode='w' encoding='utf-8'> node index is 113
train linear regression time:  0.04621604084968567
(average_diff:0.028250983284871106, max_diff:0.06455857336829562, training_epochs:50, lr:0.05)
<_io.TextIOWrapper name='<stderr>' mode='w' encoding='utf-8'> node index is 103
train linear regression time:  0.045926999766379595
(average_diff:0.030121604901815074, max_diff:0.050643006690790804, training_epochs:50, lr:0.05)
<_io.TextIOWrapper name='<stderr>' mode='w' encoding='utf-8'> node index is 93
train linear regression time:  0.04631391726434231
(average_diff:0.0411496803578431, max_diff:0.3057654268057385, training_epochs:50, lr:0.05)
<_io.TextIOWrapper name='<stderr>' mode='w' encoding='utf-8'> node index is 124
train linear regression time:  0.04656695807352662
<_io.TextIOWrapper name='<stderr>' mode='w' encoding='utf-8'> variance test passed, diff=0.014944397331825308, d = 0, back=0
<_io.TextIOWrapper name='<stderr>' mode='w' encoding='utf-8'> variance test passed, diff=0.0746447302912546, d = 2, back=0
<_io.TextIOWrapper name='<stderr>' mode='w' encoding='utf-8'> Will be split, p=0.0746447302912546, d=2, back=0
(average_diff:0.040425416047748824, max_diff:0.30088587701420405, training_epochs:50, lr:0.05)
<_io.TextIOWrapper name='<stderr>' mode='w' encoding='utf-8'> node index is 132
train linear regression time:  0.047825916204601526
(average_diff:0.009708688786918876, max_diff:0.01255027202575787, training_epochs:50, lr:0.05)
<_io.TextIOWrapper name='<stderr>' mode='w' encoding='utf-8'> node index is 133
train linear regression time:  0.048224749974906445
(average_diff:0.02240580697913593, max_diff:0.048846759280055774, training_epochs:50, lr:0.05)
<_io.TextIOWrapper name='<stderr>' mode='w' encoding='utf-8'> node index is 125
train linear regression time:  0.04777941573411226
(average_diff:0.055503246981064486, max_diff:0.10514408434941051, training_epochs:50, lr:0.05)
<_io.TextIOWrapper name='<stderr>' mode='w' encoding='utf-8'> node index is 115
train linear regression time:  0.04655791586264968
(average_diff:0.057901868387819876, max_diff:0.1164725088975913, training_epochs:50, lr:0.05)
<_io.TextIOWrapper name='<stderr>' mode='w' encoding='utf-8'> node index is 105
train linear regression time:  0.047093333676457405
(average_diff:0.05022512304987278, max_diff:0.14153672057079725, training_epochs:50, lr:0.05)
<_io.TextIOWrapper name='<stderr>' mode='w' encoding='utf-8'> node index is 95
train linear regression time:  0.047113916371017694
(average_diff:0.05969575782317507, max_diff:0.09983109160461962, training_epochs:50, lr:0.05)
<_io.TextIOWrapper name='<stderr>' mode='w' encoding='utf-8'> node index is 85
train linear regression time:  0.046931833028793335
(average_diff:0.04976681226025533, max_diff:0.12822259156621474, training_epochs:50, lr:0.05)
<_io.TextIOWrapper name='<stderr>' mode='w' encoding='utf-8'> node index is 79
train linear regression time:  0.04664962459355593
(average_diff:0.10796377317371558, max_diff:0.36246654069835804, training_epochs:50, lr:0.05)
<_io.TextIOWrapper name='<stderr>' mode='w' encoding='utf-8'> node index is 73
train linear regression time:  0.04581883316859603
(average_diff:0.11456421826804655, max_diff:0.3229019808094931, training_epochs:50, lr:0.05)
<_io.TextIOWrapper name='<stderr>' mode='w' encoding='utf-8'> node index is 65
train linear regression time:  0.04768266715109348
(average_diff:0.10085723896915909, max_diff:0.31331147945821153, training_epochs:50, lr:0.05)
<_io.TextIOWrapper name='<stderr>' mode='w' encoding='utf-8'> node index is 57
train linear regression time:  0.04643658408895135
(average_diff:0.06888637892130153, max_diff:0.20868169746695026, training_epochs:50, lr:0.05)
<_io.TextIOWrapper name='<stderr>' mode='w' encoding='utf-8'> node index is 47
train linear regression time:  0.046423125080764294
(average_diff:0.2056828607629587, max_diff:0.6716989047551546, training_epochs:50, lr:0.05)
<_io.TextIOWrapper name='<stderr>' mode='w' encoding='utf-8'> node index is 41
train linear regression time:  0.04656325001269579
(average_diff:0.15342685476880583, max_diff:0.5954803663664021, training_epochs:50, lr:0.05)
<_io.TextIOWrapper name='<stderr>' mode='w' encoding='utf-8'> node index is 33
train linear regression time:  0.04601020785048604
(average_diff:0.03377269415782047, max_diff:0.04719049600063724, training_epochs:50, lr:0.05)
<_io.TextIOWrapper name='<stderr>' mode='w' encoding='utf-8'> node index is 117
train linear regression time:  0.04606145806610584
(average_diff:0.022241385072260388, max_diff:0.04524399685041193, training_epochs:50, lr:0.05)
<_io.TextIOWrapper name='<stderr>' mode='w' encoding='utf-8'> node index is 107
train linear regression time:  0.046362792141735554
(average_diff:0.02680264392676305, max_diff:0.0547488863789579, training_epochs:50, lr:0.05)
<_io.TextIOWrapper name='<stderr>' mode='w' encoding='utf-8'> node index is 97
train linear regression time:  0.04647466680034995
(average_diff:0.04440461172734032, max_diff:0.08583995357551105, training_epochs:50, lr:0.05)
<_io.TextIOWrapper name='<stderr>' mode='w' encoding='utf-8'> node index is 87
train linear regression time:  0.04639983270317316
(average_diff:0.058901839448770685, max_diff:0.1119024315800925, training_epochs:50, lr:0.05)
<_io.TextIOWrapper name='<stderr>' mode='w' encoding='utf-8'> node index is 81
train linear regression time:  0.046535542234778404
(average_diff:0.06156011285705955, max_diff:0.11873351983123104, training_epochs:50, lr:0.05)
<_io.TextIOWrapper name='<stderr>' mode='w' encoding='utf-8'> node index is 75
train linear regression time:  0.046428749803453684
(average_diff:0.08947385011927464, max_diff:0.3363576406765667, training_epochs:50, lr:0.05)
<_io.TextIOWrapper name='<stderr>' mode='w' encoding='utf-8'> node index is 67
train linear regression time:  0.046501374803483486
(average_diff:0.16705023657333548, max_diff:0.49279661573055283, training_epochs:50, lr:0.05)
<_io.TextIOWrapper name='<stderr>' mode='w' encoding='utf-8'> node index is 59
train linear regression time:  0.04607175011187792
(average_diff:0.12434137278872094, max_diff:0.29365448159866614, training_epochs:50, lr:0.05)
<_io.TextIOWrapper name='<stderr>' mode='w' encoding='utf-8'> node index is 49
train linear regression time:  0.04591808281838894
(average_diff:0.18168699321703294, max_diff:0.5695272562936751, training_epochs:50, lr:0.05)
<_io.TextIOWrapper name='<stderr>' mode='w' encoding='utf-8'> node index is 43
train linear regression time:  0.04823283385485411
(average_diff:0.19121297818395366, max_diff:0.6070232683245584, training_epochs:50, lr:0.05)
<_io.TextIOWrapper name='<stderr>' mode='w' encoding='utf-8'> node index is 35
train linear regression time:  0.04581441590562463
(average_diff:0.1400330421263154, max_diff:0.5979781253641814, training_epochs:50, lr:0.05)
<_io.TextIOWrapper name='<stderr>' mode='w' encoding='utf-8'> node index is 27
train linear regression time:  0.04679670790210366
(average_diff:0.16183357678225396, max_diff:0.6180005905294628, training_epochs:50, lr:0.05)
<_io.TextIOWrapper name='<stderr>' mode='w' encoding='utf-8'> node index is 21
train linear regression time:  0.04712612507864833
(average_diff:0.08897041136478519, max_diff:0.33429235332594953, training_epochs:50, lr:0.05)
<_io.TextIOWrapper name='<stderr>' mode='w' encoding='utf-8'> node index is 128
train linear regression time:  0.046263040974736214
<_io.TextIOWrapper name='<stderr>' mode='w' encoding='utf-8'> variance test passed, diff=0.0677620277337997, d = 2, back=0
<_io.TextIOWrapper name='<stderr>' mode='w' encoding='utf-8'> Will be split, p=0.0677620277337997, d=2, back=0
(average_diff:0.08209201527116183, max_diff:0.3383647839767653, training_epochs:50, lr:0.05)
<_io.TextIOWrapper name='<stderr>' mode='w' encoding='utf-8'> node index is 134
train linear regression time:  0.04927233373746276
(average_diff:0.03779308135615692, max_diff:0.08288323819111527, training_epochs:50, lr:0.05)
<_io.TextIOWrapper name='<stderr>' mode='w' encoding='utf-8'> node index is 135
train linear regression time:  0.04651020793244243
(average_diff:0.031771636829146396, max_diff:0.040695953971049414, training_epochs:50, lr:0.05)
<_io.TextIOWrapper name='<stderr>' mode='w' encoding='utf-8'> node index is 129
train linear regression time:  0.046185791958123446
(average_diff:0.01487057429221442, max_diff:0.03205470613855749, training_epochs:50, lr:0.05)
<_io.TextIOWrapper name='<stderr>' mode='w' encoding='utf-8'> node index is 119
train linear regression time:  0.0464346669614315
(average_diff:0.05518684944103879, max_diff:0.12346159664109374, training_epochs:50, lr:0.05)
<_io.TextIOWrapper name='<stderr>' mode='w' encoding='utf-8'> node index is 109
train linear regression time:  0.04637483414262533
(average_diff:0.04189702382881413, max_diff:0.16316162632227138, training_epochs:50, lr:0.05)
<_io.TextIOWrapper name='<stderr>' mode='w' encoding='utf-8'> node index is 99
train linear regression time:  0.04626183398067951
(average_diff:0.08521420019340649, max_diff:0.2684487693236226, training_epochs:50, lr:0.05)
<_io.TextIOWrapper name='<stderr>' mode='w' encoding='utf-8'> node index is 89
train linear regression time:  0.04576687514781952
(average_diff:0.00058926460538456, max_diff:0.006500445336416513, training_epochs:50, lr:0.05)
<_io.TextIOWrapper name='<stderr>' mode='w' encoding='utf-8'> node index is 69
train linear regression time:  0.048444374930113554
(average_diff:0.04081926940529161, max_diff:0.07250530097561242, training_epochs:50, lr:0.05)
<_io.TextIOWrapper name='<stderr>' mode='w' encoding='utf-8'> node index is 61
train linear regression time:  0.048061416018754244
(average_diff:0.015463049928094311, max_diff:0.023065759056420776, training_epochs:50, lr:0.05)
<_io.TextIOWrapper name='<stderr>' mode='w' encoding='utf-8'> node index is 53
train linear regression time:  0.04591033374890685
(average_diff:0.11004231859273063, max_diff:0.36891268013070844, training_epochs:50, lr:0.05)
<_io.TextIOWrapper name='<stderr>' mode='w' encoding='utf-8'> node index is 51
train linear regression time:  0.04653137503191829
(average_diff:0.17839045284508487, max_diff:0.6437647537248605, training_epochs:50, lr:0.05)
<_io.TextIOWrapper name='<stderr>' mode='w' encoding='utf-8'> node index is 37
train linear regression time:  0.04584491718560457
(average_diff:0.17452098971219523, max_diff:0.65249935635877, training_epochs:50, lr:0.05)
<_io.TextIOWrapper name='<stderr>' mode='w' encoding='utf-8'> node index is 29
train linear regression time:  0.046336499974131584
(average_diff:0.18993490966018392, max_diff:0.7713496838944995, training_epochs:50, lr:0.05)
<_io.TextIOWrapper name='<stderr>' mode='w' encoding='utf-8'> node index is 23
train linear regression time:  0.047012374736368656
(average_diff:0.16267275385892685, max_diff:0.642157737217462, training_epochs:50, lr:0.05)
<_io.TextIOWrapper name='<stderr>' mode='w' encoding='utf-8'> node index is 15
train linear regression time:  0.045859667006880045
(average_diff:5.412337245047638e-16, max_diff:6.38378239159465e-16, training_epochs:50, lr:0.05)
<_io.TextIOWrapper name='<stderr>' mode='w' encoding='utf-8'> node index is 7
train linear regression time:  0.046756125055253506
(average_diff:0.09608260978464084, max_diff:0.2706097696522591, training_epochs:50, lr:0.05)
<_io.TextIOWrapper name='<stderr>' mode='w' encoding='utf-8'> node index is 5
train linear regression time:  0.04731970792636275
testFringe time:  3.109215833246708
<_io.TextIOWrapper name='<stderr>' mode='w' encoding='utf-8'> =============== update finished ===============

*** Writing Game File 19***

<_io.TextIOWrapper name='../print_tree_record_numpy/print_DM_boost_linear_tree_split.txt' mode='w' encoding='UTF-8'> idx1(Q:0.4065, distinct_name:0, dictinctin_value:2.569683891588169, par:None)
	idx4(Q:0.4072, distinct_name:0, dictinctin_value:2.507749956207568, par:1)
		idx6(Q:0.4068, distinct_name:0, dictinctin_value:-0.050698982385153205, par:4)
			idx8(Q:0.4683, distinct_name:0, dictinctin_value:-0.5002368440471089, par:6)
				idx10(Q:0.5269, distinct_name:3, dictinctin_value:0.7373220788164561, par:8)
					idx12(Q:0.5043, distinct_name:1, dictinctin_value:0.8498558206992594, par:10)
						idx18(Q:0.4453, distinct_name:2, dictinctin_value:0.8559921607301466, par:12)
							idx24(Q:0.4463, distinct_name:0, dictinctin_value:-0.5901212893723445, par:18)
								idx30(Q:0.4524, distinct_name:2, dictinctin_value:0.5095422779981766, par:24)
									idx38(Q:0.4695, distinct_name:2, dictinctin_value:0.24909091887867726, par:30)
										idx44(Q:0.5010, distinct_name:2, dictinctin_value:-0.06052347242753761, par:38)
											idx54(Q:0.5421, distinct_name:2, dictinctin_value:-0.16873413911779458, par:44)
												idx62(Q:0.5720, distinct_name:2, dictinctin_value:-0.3117760123070312, par:54)
													idx70(Q:0.6085, distinct_name:2, dictinctin_value:-0.36929151673896154, par:62)
														idx76(Q:0.6378, distinct_name:2, dictinctin_value:-0.4513587540231024, par:70)
															idx82(Q:0.6775, distinct_name:2, dictinctin_value:-0.49926091712096626, par:76)
																idx90(Q:0.6928, distinct_name:2, dictinctin_value:-0.5261921216626007, par:82)
																	idx100(Q:0.7026, distinct_name:2, dictinctin_value:-0.5682634996789567, par:90)
																		idx110(Q:0.7154, distinct_name:2, dictinctin_value:-0.576514535000767, par:100)
																			idx120(Q:0.7278, par:110)
																			idx121(Q:0.4001, par:110)
																		idx111(Q:0.3630, par:100)
																	idx101(Q:0.3316, par:90)
																idx91(Q:0.3323, par:82)
															idx83(Q:0.2781, par:76)
														idx77(Q:0.2885, par:70)
													idx71(Q:0.2648, par:62)
												idx63(Q:0.2230, par:54)
											idx55(Q:0.2178, par:44)
										idx45(Q:0.2229, par:38)
									idx39(Q:0.3396, par:30)
								idx31(Q:0.3856, par:24)
							idx25(Q:0.4408, par:18)
						idx19(Q:0.7424, par:12)
					idx13(Q:0.6012, distinct_name:2, dictinctin_value:1.929601246827043, par:10)
						idx92(Q:0.5891, distinct_name:1, dictinctin_value:1.2557733390904973, par:13)
							idx102(Q:0.5553, distinct_name:2, dictinctin_value:1.4527612583425853, par:92)
								idx112(Q:0.5325, distinct_name:2, dictinctin_value:1.3531114404933846, par:102)
									idx122(Q:0.5256, distinct_name:2, dictinctin_value:1.0639310625609943, par:112)
										idx130(Q:0.5085, par:122)
										idx131(Q:0.9519, par:122)
									idx123(Q:0.7132, par:112)
								idx113(Q:0.9065, par:102)
							idx103(Q:0.9132, par:92)
						idx93(Q:1.1123, par:13)
				idx11(Q:0.3680, distinct_name:3, dictinctin_value:1.284568987543642, par:8)
					idx32(Q:0.3465, distinct_name:3, dictinctin_value:0.5763111575206541, par:11)
						idx40(Q:0.3254, distinct_name:2, dictinctin_value:1.4159847670297276, par:32)
							idx46(Q:0.3158, distinct_name:2, dictinctin_value:0.8764611652526798, par:40)
								idx56(Q:0.3252, distinct_name:2, dictinctin_value:0.6776552612944613, par:46)
									idx64(Q:0.3296, distinct_name:0, dictinctin_value:-0.10007893227380851, par:56)
										idx72(Q:0.3297, distinct_name:2, dictinctin_value:0.481251420222257, par:64)
											idx78(Q:0.3374, distinct_name:2, dictinctin_value:0.43236682950932387, par:72)
												idx84(Q:0.3472, distinct_name:2, dictinctin_value:0.2322739018313544, par:78)
													idx94(Q:0.3668, distinct_name:2, dictinctin_value:0.1692901075380102, par:84)
														idx104(Q:0.3786, distinct_name:2, dictinctin_value:0.044622068949871425, par:94)
															idx114(Q:0.3959, distinct_name:2, dictinctin_value:-0.04421252452423217, par:104)
																idx124(Q:0.4223, distinct_name:2, dictinctin_value:-0.12551407150931976, par:114)
																	idx132(Q:0.4397, par:124)
																	idx133(Q:0.1326, par:124)
																idx125(Q:0.1158, par:114)
															idx115(Q:0.1551, par:104)
														idx105(Q:0.1560, par:94)
													idx95(Q:0.1489, par:84)
												idx85(Q:0.1601, par:78)
											idx79(Q:0.2111, par:72)
										idx73(Q:0.3277, par:64)
									idx65(Q:0.2661, par:56)
								idx57(Q:0.2512, par:46)
							idx47(Q:0.4041, par:40)
						idx41(Q:0.4339, par:32)
					idx33(Q:0.5969, par:11)
			idx9(Q:0.3536, distinct_name:1, dictinctin_value:1.4532912275447858, par:6)
				idx14(Q:0.3336, distinct_name:0, dictinctin_value:0.6708677617788001, par:9)
					idx16(Q:0.3475, distinct_name:0, dictinctin_value:0.5219929201544601, par:14)
						idx20(Q:0.3553, distinct_name:0, dictinctin_value:0.38200451643824146, par:16)
							idx26(Q:0.3680, distinct_name:0, dictinctin_value:0.29175973898130836, par:20)
								idx34(Q:0.3827, distinct_name:3, dictinctin_value:1.2405945003824483, par:26)
									idx42(Q:0.3517, distinct_name:2, dictinctin_value:1.6139678071673451, par:34)
										idx48(Q:0.3432, distinct_name:1, dictinctin_value:1.0148453699076618, par:42)
											idx58(Q:0.3356, distinct_name:2, dictinctin_value:0.8422101128546527, par:48)
												idx66(Q:0.3499, distinct_name:2, dictinctin_value:0.5718071591898053, par:58)
													idx74(Q:0.3585, distinct_name:2, dictinctin_value:0.3335199702259944, par:66)
														idx80(Q:0.3824, distinct_name:2, dictinctin_value:0.2585267021680285, par:74)
															idx86(Q:0.3951, distinct_name:2, dictinctin_value:0.13295569297273957, par:80)
																idx96(Q:0.4131, distinct_name:2, dictinctin_value:0.0933394603867821, par:86)
																	idx106(Q:0.4236, distinct_name:2, dictinctin_value:0.047951172568074005, par:96)
																		idx116(Q:0.4380, distinct_name:2, dictinctin_value:-0.0025517231675584334, par:106)
																			idx126(Q:0.4499, par:116)
																			idx127(Q:0.1264, par:116)
																		idx117(Q:0.1611, par:106)
																	idx107(Q:0.1127, par:96)
																idx97(Q:0.1276, par:86)
															idx87(Q:0.1800, par:80)
														idx81(Q:0.1571, par:74)
													idx75(Q:0.2057, par:66)
												idx67(Q:0.2472, par:58)
											idx59(Q:0.4139, par:48)
										idx49(Q:0.4765, par:42)
									idx43(Q:0.5495, par:34)
								idx35(Q:0.3081, par:26)
							idx27(Q:0.3062, par:20)
						idx21(Q:0.3103, par:16)
					idx17(Q:0.3182, distinct_name:3, dictinctin_value:0.8871619234739136, par:14)
						idx22(Q:0.2889, distinct_name:1, dictinctin_value:0.895274831679809, par:17)
							idx28(Q:0.2711, distinct_name:3, dictinctin_value:0.4147697243292515, par:22)
								idx36(Q:0.2589, distinct_name:3, dictinctin_value:-0.009439492879810042, par:28)
									idx50(Q:0.2557, distinct_name:0, dictinctin_value:2.3121117874404824, par:36)
										idx52(Q:0.2563, distinct_name:0, dictinctin_value:1.9483716250181808, par:50)
											idx60(Q:0.2606, distinct_name:3, dictinctin_value:-0.018025248765568658, par:52)
												idx68(Q:0.2693, distinct_name:2, dictinctin_value:0.8033765660185509, par:60)
													idx88(Q:0.2698, distinct_name:2, dictinctin_value:0.6003623148969123, par:68)
														idx98(Q:0.2785, distinct_name:2, dictinctin_value:0.5329635912790776, par:88)
															idx108(Q:0.2868, distinct_name:2, dictinctin_value:0.3621996786015208, par:98)
																idx118(Q:0.2970, distinct_name:3, dictinctin_value:-0.05260374571449391, par:108)
																	idx128(Q:0.3016, distinct_name:2, dictinctin_value:0.22149263805201816, par:118)
																		idx134(Q:0.3089, par:128)
																		idx135(Q:0.1556, par:128)
																	idx129(Q:0.1770, par:118)
																idx119(Q:0.1630, par:108)
															idx109(Q:0.1700, par:98)
														idx99(Q:0.1775, par:88)
													idx89(Q:0.2671, par:68)
												idx69(Q:0.1890, par:60)
											idx61(Q:0.1792, par:52)
										idx53(Q:0.2130, par:50)
									idx51(Q:0.2700, par:36)
								idx37(Q:0.3332, par:28)
							idx29(Q:0.4083, par:22)
						idx23(Q:0.4524, par:17)
				idx15(Q:0.6028, par:9)
		idx7(Q:0.6670, par:4)
	idx5(Q:0.3056, par:1)
par:1)
