WARNING:tensorflow:From /Users/keithwu/opt/anaconda3/envs/auction-gym/lib/python3.10/site-packages/tensorflow/python/compat/v2_compat.py:107: disable_resource_variables (from tensorflow.python.ops.variable_scope) is deprecated and will be removed in a future version.
Instructions for updating:
non-resource variables are not supported in the long term
<_io.TextIOWrapper name='<stderr>' mode='w' encoding='utf-8'> reading from ../UTree_model_numpy/DM/model_boost_linear_qsplit_noabs_save/, starting at 87
<_io.TextIOWrapper name='<stderr>' mode='w' encoding='utf-8'> =============== update starts ===============
(average_diff:0.005388959691244446, max_diff:0.04317473367832064, training_epochs:50, lr:0.05)
<_io.TextIOWrapper name='<stderr>' mode='w' encoding='utf-8'> node index is 111
train linear regression time:  0.05236591584980488
(average_diff:0.016532647820513464, max_diff:0.0942209984470391, training_epochs:50, lr:0.05)
<_io.TextIOWrapper name='<stderr>' mode='w' encoding='utf-8'> node index is 101
train linear regression time:  0.05450720805674791
(average_diff:0.009245247335015992, max_diff:0.04034755672021029, training_epochs:50, lr:0.05)
<_io.TextIOWrapper name='<stderr>' mode='w' encoding='utf-8'> node index is 91
train linear regression time:  0.0536700002849102
(average_diff:0.012054104274084211, max_diff:0.1691902823652943, training_epochs:50, lr:0.05)
<_io.TextIOWrapper name='<stderr>' mode='w' encoding='utf-8'> node index is 83
train linear regression time:  0.05358516704291105
(average_diff:0.025202573423219642, max_diff:0.20454761246445585, training_epochs:50, lr:0.05)
<_io.TextIOWrapper name='<stderr>' mode='w' encoding='utf-8'> node index is 77
train linear regression time:  0.053543000016361475
(average_diff:0.045584686605067024, max_diff:0.27081702391451995, training_epochs:50, lr:0.05)
<_io.TextIOWrapper name='<stderr>' mode='w' encoding='utf-8'> node index is 71
train linear regression time:  0.054258584044873714
(average_diff:0.05271425206752701, max_diff:0.19629682954192895, training_epochs:50, lr:0.05)
<_io.TextIOWrapper name='<stderr>' mode='w' encoding='utf-8'> node index is 63
train linear regression time:  0.053442333824932575
(average_diff:0.04321765634410574, max_diff:0.08496276651386273, training_epochs:50, lr:0.05)
<_io.TextIOWrapper name='<stderr>' mode='w' encoding='utf-8'> node index is 501
train linear regression time:  0.05322970822453499
(average_diff:0.00717403043777462, max_diff:0.007463982249222845, training_epochs:50, lr:0.05)
<_io.TextIOWrapper name='<stderr>' mode='w' encoding='utf-8'> node index is 493
train linear regression time:  0.05328191723674536
(average_diff:2.393701237286827e-06, max_diff:2.6600280682159694e-06, training_epochs:50, lr:0.05)
<_io.TextIOWrapper name='<stderr>' mode='w' encoding='utf-8'> node index is 485
train linear regression time:  0.05333229107782245
(average_diff:0.014914795002489238, max_diff:0.023900948180851034, training_epochs:50, lr:0.05)
<_io.TextIOWrapper name='<stderr>' mode='w' encoding='utf-8'> node index is 481
train linear regression time:  0.053260792046785355
(average_diff:2.7755575615628914e-17, max_diff:2.7755575615628914e-17, training_epochs:50, lr:0.05)
<_io.TextIOWrapper name='<stderr>' mode='w' encoding='utf-8'> node index is 475
train linear regression time:  0.05453145783394575
(average_diff:0.003869850447730562, max_diff:0.006602410573947337, training_epochs:50, lr:0.05)
<_io.TextIOWrapper name='<stderr>' mode='w' encoding='utf-8'> node index is 469
train linear regression time:  0.053994541987776756
(average_diff:0.007126136070120644, max_diff:0.014103552857581747, training_epochs:50, lr:0.05)
<_io.TextIOWrapper name='<stderr>' mode='w' encoding='utf-8'> node index is 465
train linear regression time:  0.053178082685917616
(average_diff:0.007001020150374376, max_diff:0.007125465948999543, training_epochs:50, lr:0.05)
<_io.TextIOWrapper name='<stderr>' mode='w' encoding='utf-8'> node index is 587
train linear regression time:  0.05326037481427193
(average_diff:9.71445146547012e-17, max_diff:9.71445146547012e-17, training_epochs:50, lr:0.05)
<_io.TextIOWrapper name='<stderr>' mode='w' encoding='utf-8'> node index is 581
train linear regression time:  0.053176125045865774
(average_diff:0.002042812804021498, max_diff:0.003118695668863039, training_epochs:50, lr:0.05)
<_io.TextIOWrapper name='<stderr>' mode='w' encoding='utf-8'> node index is 571
train linear regression time:  0.05328320898115635
(average_diff:0.0, max_diff:0.0, training_epochs:50, lr:0.05)
<_io.TextIOWrapper name='<stderr>' mode='w' encoding='utf-8'> node index is 549
train linear regression time:  0.05317466612905264
(average_diff:1.071365218763276e-14, max_diff:1.3378187446733136e-14, training_epochs:50, lr:0.05)
<_io.TextIOWrapper name='<stderr>' mode='w' encoding='utf-8'> node index is 537
train linear regression time:  0.05326170800253749
(average_diff:0.007695081926581762, max_diff:0.0149336634993813, training_epochs:50, lr:0.05)
<_io.TextIOWrapper name='<stderr>' mode='w' encoding='utf-8'> node index is 531
train linear regression time:  0.053563874680548906
(average_diff:0.003114232630150445, max_diff:0.004865813366105642, training_epochs:50, lr:0.05)
<_io.TextIOWrapper name='<stderr>' mode='w' encoding='utf-8'> node index is 521
train linear regression time:  0.05327545804902911
(average_diff:0.01518395990755532, max_diff:0.016091743636972453, training_epochs:50, lr:0.05)
<_io.TextIOWrapper name='<stderr>' mode='w' encoding='utf-8'> node index is 511
train linear regression time:  0.053347582928836346
(average_diff:2.981024593839976e-10, max_diff:2.993486569735637e-10, training_epochs:50, lr:0.05)
<_io.TextIOWrapper name='<stderr>' mode='w' encoding='utf-8'> node index is 473
train linear regression time:  0.0530499592423439
(average_diff:2.8449465006019636e-16, max_diff:3.7470027081099033e-16, training_epochs:50, lr:0.05)
<_io.TextIOWrapper name='<stderr>' mode='w' encoding='utf-8'> node index is 471
train linear regression time:  0.053296500351279974
(average_diff:0.00034104151688034434, max_diff:0.0003481504020621806, training_epochs:50, lr:0.05)
<_io.TextIOWrapper name='<stderr>' mode='w' encoding='utf-8'> node index is 467
train linear regression time:  0.05319787468761206
(average_diff:0.012017372730633951, max_diff:0.024627713962590503, training_epochs:50, lr:0.05)
<_io.TextIOWrapper name='<stderr>' mode='w' encoding='utf-8'> node index is 461
train linear regression time:  0.05338149983435869
(average_diff:0.027702292218803472, max_diff:0.06931409000409938, training_epochs:50, lr:0.05)
<_io.TextIOWrapper name='<stderr>' mode='w' encoding='utf-8'> node index is 457
train linear regression time:  0.05320758419111371
(average_diff:0.0, max_diff:0.0, training_epochs:50, lr:0.05)
<_io.TextIOWrapper name='<stderr>' mode='w' encoding='utf-8'> node index is 449
train linear regression time:  0.053291582968086004
(average_diff:1.1796119636642288e-16, max_diff:1.8041124150158794e-16, training_epochs:50, lr:0.05)
<_io.TextIOWrapper name='<stderr>' mode='w' encoding='utf-8'> node index is 445
train linear regression time:  0.053311457857489586
(average_diff:2.7755575615628914e-16, max_diff:3.0531133177191805e-16, training_epochs:50, lr:0.05)
<_io.TextIOWrapper name='<stderr>' mode='w' encoding='utf-8'> node index is 433
train linear regression time:  0.053234000224620104
(average_diff:0.009564126770425322, max_diff:0.014444377153566834, training_epochs:50, lr:0.05)
<_io.TextIOWrapper name='<stderr>' mode='w' encoding='utf-8'> node index is 427
train linear regression time:  0.053268040996044874
(average_diff:1.3191825459779594e-06, max_diff:1.4559596319130286e-06, training_epochs:50, lr:0.05)
<_io.TextIOWrapper name='<stderr>' mode='w' encoding='utf-8'> node index is 599
train linear regression time:  0.05552962515503168
(average_diff:0.0005182892224610373, max_diff:0.0005617311987060752, training_epochs:50, lr:0.05)
<_io.TextIOWrapper name='<stderr>' mode='w' encoding='utf-8'> node index is 597
train linear regression time:  0.05363408289849758
(average_diff:0.017298191754880562, max_diff:0.02628351521498193, training_epochs:50, lr:0.05)
<_io.TextIOWrapper name='<stderr>' mode='w' encoding='utf-8'> node index is 595
train linear regression time:  0.05327987531200051
(average_diff:0.0, max_diff:0.0, training_epochs:50, lr:0.05)
<_io.TextIOWrapper name='<stderr>' mode='w' encoding='utf-8'> node index is 593
train linear regression time:  0.0532740000(average(average_diff:0.000527587373912744, max_diff:0.0005490128949404149, training_epochs:50, lr:0.05)
<_io.TextIOWrapper name='<stderr>' mode='w' encoding='utf-8'> node index is 589
train linear regression time:  0.053349082823842764
(average_diff:0.0, max_diff:0.0, training_epochs:50, lr:0.05)
<_io.TextIOWrapper name='<stderr>' mode='w' encoding='utf-8'> node index is 583
train linear regression time:  0.05495404079556465
(average_diff:0.010396496848755954, max_diff:0.016289173024259168, training_epochs:50, lr:0.05)
<_io.TextIOWrapper name='<stderr>' mode='w' encoding='utf-8'> node index is 573
train linear regression time:  0.053473417181521654
(average_diff:2.9355784651741157e-07, max_diff:3.069052468551714e-07, training_epochs:50, lr:0.05)
<_io.TextIOWrapper name='<stderr>' mode='w' encoding='utf-8'> node index is 563
train linear regression time:  0.05337787512689829
(average_diff:0.029908993685096603, max_diff:0.04299711253921554, training_epochs:50, lr:0.05)
<_io.TextIOWrapper name='<stderr>' mode='w' encoding='utf-8'> node index is 551
train linear regression time:  0.05315337469801307
(average_diff:0.0, max_diff:0.0, training_epochs:50, lr:0.05)
<_io.TextIOWrapper name='<stderr>' mode='w' encoding='utf-8'> node index is 545
train linear regression time:  0.05324666714295745
(average_diff:0.006060335091145748, max_diff:0.00978837542745592, training_epochs:50, lr:0.05)
<_io.TextIOWrapper name='<stderr>' mode='w' encoding='utf-8'> node index is 369
train linear regression time:  0.053207917138934135
(average_diff:0.010934136956070012, max_diff:0.01888536100166993, training_epochs:50, lr:0.05)
<_io.TextIOWrapper name='<stderr>' mode='w' encoding='utf-8'> node index is 355
train linear regression time:  0.053215083200484514
(average_diff:0.009133678402212464, max_diff:0.019357874854872337, training_epochs:50, lr:0.05)
<_io.TextIOWrapper name='<stderr>' mode='w' encoding='utf-8'> node index is 341
train linear regression time:  0.053242750000208616
(average_diff:0.021295806703486044, max_diff:0.05975475314235057, training_epochs:50, lr:0.05)
<_io.TextIOWrapper name='<stderr>' mode='w' encoding='utf-8'> node index is 329
train linear regression time:  0.053385041654109955
(average_diff:0.027782831180763624, max_diff:0.06433658855096319, training_epochs:50, lr:0.05)
<_io.TextIOWrapper name='<stderr>' mode='w' encoding='utf-8'> node index is 317
train linear regression time:  0.0530172917060554
(average_diff:0.06691221257704887, max_diff:0.2216945151827596, training_epochs:50, lr:0.05)
<_io.TextIOWrapper name='<stderr>' mode='w' encoding='utf-8'> node index is 305
train linear regression time:  0.0530817499384284
(average_diff:1.3640363017777823e-06, max_diff:1.4081491509637667e-06, training_epochs:50, lr:0.05)
<_io.TextIOWrapper name='<stderr>' mode='w' encoding='utf-8'> node index is 289
train linear regression time:  0.05298945773392916
(average_diff:0.0059871878163238095, max_diff:0.011943579096094559, training_epochs:50, lr:0.05)
<_io.TextIOWrapper name='<stderr>' mode='w' encoding='utf-8'> node index is 257
train linear regression time:  0.05286674993112683
(average_diff:0.06814022213840874, max_diff:0.13636938541712212, training_epochs:50, lr:0.05)
<_io.TextIOWrapper name='<stderr>' mode='w' encoding='utf-8'> node index is 243
train linear regression time:  0.05292620789259672
(average_diff:0.052076473021920415, max_diff:0.07931928203530988, training_epochs:50, lr:0.05)
<_io.TextIOWrapper name='<stderr>' mode='w' encoding='utf-8'> node index is 231
train linear regression time:  0.053028916008770466
(average_diff:0.09586665273317387, max_diff:0.18393619704915168, training_epochs:50, lr:0.05)
<_io.TextIOWrapper name='<stderr>' mode='w' encoding='utf-8'> node index is 217
train linear regression time:  0.05385254183784127
(average_diff:0.03528421813265383, max_diff:0.07341700307942312, training_epochs:50, lr:0.05)
<_io.TextIOWrapper name='<stderr>' mode='w' encoding='utf-8'> node index is 275
train linear regression time:  0.05308249965310097
(average_diff:0.01328046587886772, max_diff:0.027070069324487078, training_epochs:50, lr:0.05)
<_io.TextIOWrapper name='<stderr>' mode='w' encoding='utf-8'> node index is 259
train linear regression time:  0.052873124834150076
(average_diff:0.03758106238709907, max_diff:0.09850338375190004, training_epochs:50, lr:0.05)
<_io.TextIOWrapper name='<stderr>' mode='w' encoding='utf-8'> node index is 245
train linear regression time:  0.05288712494075298
(average_diff:0.0362370835182427, max_diff:0.2021595179833055, training_epochs:50, lr:0.05)
<_io.TextIOWrapper name='<stderr>' mode='w' encoding='utf-8'> node index is 233
train linear regression time:  0.05289420811459422
(average_diff:0.00034772143706258973, max_diff:0.0007063498033644255, training_epochs:50, lr:0.05)
<_io.TextIOWrapper name='<stderr>' mode='w' encoding='utf-8'> node index is 219
train linear regression time:  0.05287358304485679
(average_diff:0.010100952152516052, max_diff:0.02399641576161604, training_epochs:50, lr:0.05)
<_io.TextIOWrapper name='<stderr>' mode='w' encoding='utf-8'> node index is 205
train linear regression time:  0.05292904144152999
(average_diff:0.022479040598823108, max_diff:0.04960079639738535, training_epochs:50, lr:0.05)
<_io.TextIOWrapper name='<stderr>' mode='w' encoding='utf-8'> node index is 197
train linear regression time:  0.0529335830360651
(average_diff:0.03236926203498151, max_diff:0.09761358058557518, training_epochs:50, lr:0.05)
<_io.TextIOWrapper name='<stderr>' mode='w' encoding='utf-8'> node index is 189
train linear regression time:  0.053004332818090916
(average_diff:0.03906269015078859, max_diff:0.17840183108262453, training_epochs:50, lr:0.05)
<_io.TextIOWrapper name='<stderr>' mode='w' encoding='utf-8'> node index is 181
train linear regression time:  0.05289037525653839
(average_diff:0.02633123048675793, max_diff:0.07414709273688325, training_epochs:50, lr:0.05)
<_io.TextIOWrapper name='<stderr>' mode='w' encoding='utf-8'> node index is 173
train linear regression time:  0.05301875015720725
(average_diff:0.01921362141817539, max_diff:0.04518908971435209, training_epochs:50, lr:0.05)
<_io.TextIOWrapper name='<stderr>' mode='w' encoding='utf-8'> node index is 163
train linear regression time:  0.053120292257517576
(average_diff:0.0, max_diff:0.0, training_epochs:50, lr:0.05)
<_io.TextIOWrapper name='<stderr>' mode='w' encoding='utf-8'> node index is 153
train linear regression time:  0.053619165904819965
(average_diff:0.010757777078731795, max_diff:0.02049886793615463, training_epochs:50, lr:0.05)
<_io.TextIOWrapper name='<stderr>' mode='w' encoding='utf-8'> node index is 221
train linear regression time:  0.054041583091020584
(average_diff:0.12263756613502873, max_diff:0.35686981433729015, training_epochs:50, lr:0.05)
<_io.TextIOWrapper name='<stderr>' mode='w' encoding='utf-8'> node index is 207
train linear regression time:  0.05321033392101526
(average_diff:0.15912726134222077, max_diff:0.658864439205531, training_epochs:50, lr:0.05)
<_io.TextIOWrapper name='<stderr>' mode='w' encoding='utf-8'> node index is 165
train linear regression time:  0.05363079207018018
(average_diff:0.12088940356264309, max_diff:0.31478415845209495, training_epochs:50, lr:0.05)
<_io.TextIOWrapper name='<stderr>' mode='w' encoding='utf-8'> node index is 155
train linear regression time:  0.05283579183742404
(average_diff:0.16245123907683776, max_diff:0.3273735797728413, training_epochs:50, lr:0.05)
<_io.TextIOWrapper name='<stderr>' mode='w' encoding='utf-8'> node index is 149
train linear regression time:  0.05286854226142168
(average_diff:0.04594943908887264, max_diff:0.1532241276982785, training_epochs:50, lr:0.05)
<_io.TextIOWrapper name='<stderr>' mode='w' encoding='utf-8'> node index is 147
train linear regression time:  0.053160374984145164
(average_diff:0.04841816192063024, max_diff:0.15530343969389138, training_epochs:50, lr:0.05)
<_io.TextIOWrapper name='<stderr>' mode='w' encoding='utf-8'> node index is 143
train linear regression time:  0.05384308332577348
(average_diff:0.03858715427266979, max_diff:0.09576835665601413, training_epochs:50, lr:0<_io.<_io.TextIOWrapper name='<stderr>' mode='w' encoding='utf-8'> node index is 137
train linear regression time:  0.05514658382162452
(average_diff:0.04549442855650314, max_diff:0.14816719091725128, training_epochs:50, lr:0.05)
<_io.TextIOWrapper name='<stderr>' mode='w' encoding='utf-8'> node index is 131
train linear regression time:  0.05481624975800514
(average_diff:0.029332286259229196, max_diff:0.06826482761156799, training_epochs:50, lr:0.05)
<_io.TextIOWrapper name='<stderr>' mode='w' encoding='utf-8'> node index is 123
train linear regression time:  0.05434400029480457
(average_diff:0.03400403984411541, max_diff:0.10012173773540245, training_epochs:50, lr:0.05)
<_io.TextIOWrapper name='<stderr>' mode='w' encoding='utf-8'> node index is 113
train linear regression time:  0.0543377916328609
(average_diff:0.09007246723721421, max_diff:0.5257948022589323, training_epochs:50, lr:0.05)
<_io.TextIOWrapper name='<stderr>' mode='w' encoding='utf-8'> node index is 103
train linear regression time:  0.05438083363696933
(average_diff:0.04462507465645953, max_diff:0.1715054590333026, training_epochs:50, lr:0.05)
<_io.TextIOWrapper name='<stderr>' mode='w' encoding='utf-8'> node index is 93
train linear regression time:  0.05406554089859128
(average_diff:0.02294681925497225, max_diff:0.07314673170201244, training_epochs:50, lr:0.05)
<_io.TextIOWrapper name='<stderr>' mode='w' encoding='utf-8'> node index is 139
train linear regression time:  0.054053000174462795
(average_diff:0.06306312524252705, max_diff:0.21223287431061238, training_epochs:50, lr:0.05)
<_io.TextIOWrapper name='<stderr>' mode='w' encoding='utf-8'> node index is 133
train linear regression time:  0.05359262507408857
(average_diff:0.035512535283864256, max_diff:0.22692666400532896, training_epochs:50, lr:0.05)
<_io.TextIOWrapper name='<stderr>' mode='w' encoding='utf-8'> node index is 125
train linear regression time:  0.05660691624507308
(average_diff:0.08150180086133717, max_diff:0.26500642357806187, training_epochs:50, lr:0.05)
<_io.TextIOWrapper name='<stderr>' mode='w' encoding='utf-8'> node index is 115
train linear regression time:  0.05508737498894334
(average_diff:0.07564104392426786, max_diff:0.2845465462933307, training_epochs:50, lr:0.05)
<_io.TextIOWrapper name='<stderr>' mode='w' encoding='utf-8'> node index is 105
train linear regression time:  0.05514275003224611
(average_diff:0.06173515708261999, max_diff:0.22687584076085016, training_epochs:50, lr:0.05)
<_io.TextIOWrapper name='<stderr>' mode='w' encoding='utf-8'> node index is 95
train linear regression time:  0.05439783399924636
(average_diff:0.0764078879405752, max_diff:0.23608451879193165, training_epochs:50, lr:0.05)
<_io.TextIOWrapper name='<stderr>' mode='w' encoding='utf-8'> node index is 85
train linear regression time:  0.05468108272179961
(average_diff:0.08054303499608433, max_diff:0.24661450417326808, training_epochs:50, lr:0.05)
<_io.TextIOWrapper name='<stderr>' mode='w' encoding='utf-8'> node index is 79
train linear regression time:  0.0541849578730762
(average_diff:0.10417909319264236, max_diff:0.4324164350962977, training_epochs:50, lr:0.05)
<_io.TextIOWrapper name='<stderr>' mode='w' encoding='utf-8'> node index is 73
train linear regression time:  0.0545954997651279
(average_diff:0.07754295062199593, max_diff:0.3356962626858071, training_epochs:50, lr:0.05)
<_io.TextIOWrapper name='<stderr>' mode='w' encoding='utf-8'> node index is 65
train linear regression time:  0.054051749873906374
(average_diff:0.0, max_diff:0.0, training_epochs:50, lr:0.05)
<_io.TextIOWrapper name='<stderr>' mode='w' encoding='utf-8'> node index is 575
train linear regression time:  0.05326504213735461
(average_diff:1.1102230246251565e-16, max_diff:1.1102230246251565e-16, training_epochs:50, lr:0.05)
<_io.TextIOWrapper name='<stderr>' mode='w' encoding='utf-8'> node index is 565
train linear regression time:  0.05332137458026409
(average_diff:0.00781442658939896, max_diff:0.01449526211381652, training_epochs:50, lr:0.05)
<_io.TextIOWrapper name='<stderr>' mode='w' encoding='utf-8'> node index is 557
train linear regression time:  0.053321500308811665
(average_diff:0.0, max_diff:0.0, training_epochs:50, lr:0.05)
<_io.TextIOWrapper name='<stderr>' mode='w' encoding='utf-8'> node index is 553
train linear regression time:  0.054108208045363426
(average_diff:0.010974928995940547, max_diff:0.011132373221093728, training_epochs:50, lr:0.05)
<_io.TextIOWrapper name='<stderr>' mode='w' encoding='utf-8'> node index is 539
train linear regression time:  0.05323012499138713
(average_diff:1.8237324656000808e-07, max_diff:1.9694488362365092e-07, training_epochs:50, lr:0.05)
<_io.TextIOWrapper name='<stderr>' mode='w' encoding='utf-8'> node index is 523
train linear regression time:  0.05327120888978243
(average_diff:1.942890293094024e-16, max_diff:1.942890293094024e-16, training_epochs:50, lr:0.05)
<_io.TextIOWrapper name='<stderr>' mode='w' encoding='utf-8'> node index is 513
train linear regression time:  0.05322900041937828
(average_diff:0.0, max_diff:0.0, training_epochs:50, lr:0.05)
<_io.TextIOWrapper name='<stderr>' mode='w' encoding='utf-8'> node index is 505
train linear regression time:  0.05322358291596174
(average_diff:0.0009374417865967525, max_diff:0.00137937746895761, training_epochs:50, lr:0.05)
<_io.TextIOWrapper name='<stderr>' mode='w' encoding='utf-8'> node index is 495
train linear regression time:  0.05324508296325803
(average_diff:0.034025987505448885, max_diff:0.06878086226934864, training_epochs:50, lr:0.05)
<_io.TextIOWrapper name='<stderr>' mode='w' encoding='utf-8'> node index is 487
train linear regression time:  0.05319162458181381
(average_diff:0.08293784523939222, max_diff:0.599254248906504, training_epochs:50, lr:0.05)
<_io.TextIOWrapper name='<stderr>' mode='w' encoding='utf-8'> node index is 47
train linear regression time:  0.05402354197576642
(average_diff:0.0002411163499280583, max_diff:0.00038742694382844223, training_epochs:50, lr:0.05)
<_io.TextIOWrapper name='<stderr>' mode='w' encoding='utf-8'> node index is 397
train linear regression time:  0.053382749669253826
(average_diff:0.09301224396683304, max_diff:0.23394455974675224, training_epochs:50, lr:0.05)
<_io.TextIOWrapper name='<stderr>' mode='w' encoding='utf-8'> node index is 383
train linear regression time:  0.05334008391946554
(average_diff:0.09516857657400679, max_diff:0.13606863289096333, training_epochs:50, lr:0.05)
<_io.TextIOWrapper name='<stderr>' mode='w' encoding='utf-8'> node index is 371
train linear regression time:  0.05336158396676183
(average_diff:0.18008061287177607, max_diff:0.5062823943354554, training_epochs:50, lr:0.05)
<_io.TextIOWrapper name='<stderr>' mode='w' encoding='utf-8'> node index is 357
train linear regression time:  0.053261375054717064
(average_diff:0.08498055679449333, max_diff:0.26220780317651055, training_epochs:50, lr:0.05)
<_io.TextIOWrapper name='<stderr>' mode='w' encoding='utf-8'> node index is 343
train linear regression time:  0.05330504197627306
(average_diff:0.1883650120374974, max_diff:0.40759773518417386, training_epochs:50, lr:0.05)
<_io.TextIOWrapper name='<stderr>' mode='w' encoding='utf-8'> node index is 331
train linear regression time:  0.053295707795768976
(average_diff:0.011903005435546427, max_diff:0.02370059525529622, training_epochs:50, lr:0.05)
<_io.TextIOWrapper name='<stderr>' mode='w' encoding='utf-8'> node index is 319
train linear regression time:  0.053256959188729525
(average_diff:0.1802685652091113, max_diff:0.5223476975704362, training_epochs:50, lr:0.05)
<_io.TextIOWrapper name='<stderr>' mode='w' encoding='utf-8'> node index is 307
train linear regression time:  0.053252083249390125
(average_diff:8.953063475417948e-05, max_diff:0.00013547352427234483, training_epochs:50, lr:0.05)
<_io.TextIOWrapper name='<stderr>' mode='w' encoding='utf-8'> node index is 293
train linear regression time:  0.05328883370384574
(average_diff:0.022675541739150942, max_diff:0.0633256483014244, training_epochs:50, lr:0.05)
<_io.TextIOWrapper name='<stderr>' mode='w' encoding='utf-8'> node index is 277
train linear regression time:  0.05319675011560(ave(average_diff:0.018773514771366705, max_diff:0.0384633433746516, training_epochs:50, lr:0.05)
<_io.TextIOWrapper name='<stderr>' mode='w' encoding='utf-8'> node index is 261
train linear regression time:  0.053271499928086996
(average_diff:0.0963398250649523, max_diff:0.2242557956932303, training_epochs:50, lr:0.05)
<_io.TextIOWrapper name='<stderr>' mode='w' encoding='utf-8'> node index is 247
train linear regression time:  0.053455707617104053
(average_diff:0.016523001823231392, max_diff:0.024424176763647, training_epochs:50, lr:0.05)
<_io.TextIOWrapper name='<stderr>' mode='w' encoding='utf-8'> node index is 533
train linear regression time:  0.05404024990275502
(average_diff:0.021046663308008445, max_diff:0.025490805535716143, training_epochs:50, lr:0.05)
<_io.TextIOWrapper name='<stderr>' mode='w' encoding='utf-8'> node index is 525
train linear regression time:  0.05329816695302725
(average_diff:0.00026140184698086877, max_diff:0.0002857088984983269, training_epochs:50, lr:0.05)
<_io.TextIOWrapper name='<stderr>' mode='w' encoding='utf-8'> node index is 515
train linear regression time:  0.05327733280137181
(average_diff:6.938893903907228e-17, max_diff:6.938893903907228e-17, training_epochs:50, lr:0.05)
<_io.TextIOWrapper name='<stderr>' mode='w' encoding='utf-8'> node index is 503
train linear regression time:  0.053072750102728605
(average_diff:0.01852420797150868, max_diff:0.026592071680877183, training_epochs:50, lr:0.05)
<_io.TextIOWrapper name='<stderr>' mode='w' encoding='utf-8'> node index is 497
train linear regression time:  0.05324537493288517
(average_diff:2.7755575615628914e-17, max_diff:2.7755575615628914e-17, training_epochs:50, lr:0.05)
<_io.TextIOWrapper name='<stderr>' mode='w' encoding='utf-8'> node index is 489
train linear regression time:  0.05322487512603402
(average_diff:0.0, max_diff:0.0, training_epochs:50, lr:0.05)
<_io.TextIOWrapper name='<stderr>' mode='w' encoding='utf-8'> node index is 483
train linear regression time:  0.05330808414146304
(average_diff:0.0, max_diff:0.0, training_epochs:50, lr:0.05)
<_io.TextIOWrapper name='<stderr>' mode='w' encoding='utf-8'> node index is 479
train linear regression time:  0.0535046667791903
(average_diff:0.002562472458663071, max_diff:0.004054623070873897, training_epochs:50, lr:0.05)
<_io.TextIOWrapper name='<stderr>' mode='w' encoding='utf-8'> node index is 463
train linear regression time:  0.053488791454583406
(average_diff:0.008176035982842278, max_diff:0.017000909648699047, training_epochs:50, lr:0.05)
<_io.TextIOWrapper name='<stderr>' mode='w' encoding='utf-8'> node index is 459
train linear regression time:  0.0533242910169065
(average_diff:4.791600588527345e-09, max_diff:5.288968929484383e-09, training_epochs:50, lr:0.05)
<_io.TextIOWrapper name='<stderr>' mode='w' encoding='utf-8'> node index is 451
train linear regression time:  0.05326941702514887
(average_diff:0.0, max_diff:0.0, training_epochs:50, lr:0.05)
<_io.TextIOWrapper name='<stderr>' mode='w' encoding='utf-8'> node index is 439
train linear regression time:  0.05340366717427969
(average_diff:0.00798279165145436, max_diff:0.01809571336263316, training_epochs:50, lr:0.05)
<_io.TextIOWrapper name='<stderr>' mode='w' encoding='utf-8'> node index is 437
train linear regression time:  0.053247792180627584
(average_diff:0.03113490806854105, max_diff:0.06939166955965143, training_epochs:50, lr:0.05)
<_io.TextIOWrapper name='<stderr>' mode='w' encoding='utf-8'> node index is 117
train linear regression time:  0.05339600006118417
(average_diff:0.022270490746203783, max_diff:0.059435046595339394, training_epochs:50, lr:0.05)
<_io.TextIOWrapper name='<stderr>' mode='w' encoding='utf-8'> node index is 107
train linear regression time:  0.053232583217322826
(average_diff:0.03621513003079768, max_diff:0.1451815002727847, training_epochs:50, lr:0.05)
<_io.TextIOWrapper name='<stderr>' mode='w' encoding='utf-8'> node index is 97
train linear regression time:  0.05330175021663308
(average_diff:0.05242521362554273, max_diff:0.15625379644223775, training_epochs:50, lr:0.05)
<_io.TextIOWrapper name='<stderr>' mode='w' encoding='utf-8'> node index is 87
train linear regression time:  0.05296474974602461
(average_diff:0.061408595406168276, max_diff:0.3190788611826903, training_epochs:50, lr:0.05)
<_io.TextIOWrapper name='<stderr>' mode='w' encoding='utf-8'> node index is 81
train linear regression time:  0.053162707947194576
(average_diff:0.07144035861233568, max_diff:0.2727256598482991, training_epochs:50, lr:0.05)
<_io.TextIOWrapper name='<stderr>' mode='w' encoding='utf-8'> node index is 75
train linear regression time:  0.054782249964773655
(average_diff:0.0008664296494974855, max_diff:0.0017374366391501583, training_epochs:50, lr:0.05)
<_io.TextIOWrapper name='<stderr>' mode='w' encoding='utf-8'> node index is 567
train linear regression time:  0.054098375141620636
(average_diff:0.01091660939430017, max_diff:0.012227395208612907, training_epochs:50, lr:0.05)
<_io.TextIOWrapper name='<stderr>' mode='w' encoding='utf-8'> node index is 559
train linear regression time:  0.053952333983033895
(average_diff:0.0010896277637257867, max_diff:0.0011146536959405762, training_epochs:50, lr:0.05)
<_io.TextIOWrapper name='<stderr>' mode='w' encoding='utf-8'> node index is 555
train linear regression time:  0.05324308341369033
(average_diff:0.021606735003879718, max_diff:0.04727218714137993, training_epochs:50, lr:0.05)
<_io.TextIOWrapper name='<stderr>' mode='w' encoding='utf-8'> node index is 547
train linear regression time:  0.053302792366594076
(average_diff:1.1102230246251565e-16, max_diff:1.1102230246251565e-16, training_epochs:50, lr:0.05)
<_io.TextIOWrapper name='<stderr>' mode='w' encoding='utf-8'> node index is 527
train linear regression time:  0.05332075012847781
(average_diff:5.551115123125783e-17, max_diff:5.551115123125783e-17, training_epochs:50, lr:0.05)
<_io.TextIOWrapper name='<stderr>' mode='w' encoding='utf-8'> node index is 507
train linear regression time:  0.05321975005790591
(average_diff:0.1611560791598181, max_diff:0.5846443650430442, training_epochs:50, lr:0.05)
<_io.TextIOWrapper name='<stderr>' mode='w' encoding='utf-8'> node index is 59
train linear regression time:  0.05323670897632837
(average_diff:0.09772630537624413, max_diff:0.3859006876877078, training_epochs:50, lr:0.05)
<_io.TextIOWrapper name='<stderr>' mode='w' encoding='utf-8'> node index is 49
train linear regression time:  0.05594020942226052
(average_diff:5.551115123125783e-17, max_diff:1.1102230246251565e-16, training_epochs:50, lr:0.05)
<_io.TextIOWrapper name='<stderr>' mode='w' encoding='utf-8'> node index is 569
train linear regression time:  0.053162832744419575
(average_diff:0.0, max_diff:0.0, training_epochs:50, lr:0.05)
<_io.TextIOWrapper name='<stderr>' mode='w' encoding='utf-8'> node index is 561
train linear regression time:  0.05343616707250476
(average_diff:1.6653345369377348e-16, max_diff:1.6653345369377348e-16, training_epochs:50, lr:0.05)
<_io.TextIOWrapper name='<stderr>' mode='w' encoding='utf-8'> node index is 543
train linear regression time:  0.05315670883283019
(average_diff:6.772826368073304e-07, max_diff:6.783969460633088e-07, training_epochs:50, lr:0.05)
<_io.TextIOWrapper name='<stderr>' mode='w' encoding='utf-8'> node index is 535
train linear regression time:  0.05354458373039961
(average_diff:0.02474355460551032, max_diff:0.04137169178981759, training_epochs:50, lr:0.05)
<_io.TextIOWrapper name='<stderr>' mode='w' encoding='utf-8'> node index is 529
train linear regression time:  0.053343040868639946
(average_diff:1.1102230246251565e-16, max_diff:1.1102230246251565e-16, training_epochs:50, lr:0.05)
<_io.TextIOWrapper name='<stderr>' mode='w' encoding='utf-8'> node index is 517
train linear regression time:  0.05321666598320007
(average_diff:0.0030887785883687013, max_diff:0.0031808190769864186, training_epochs:50, lr:0.05)
<_io.TextIOWrapper name='<stderr>' mode='w' encoding='utf-8'> node index is 509
train linear regression time:  0.053193542174994946
(average_diff:0.0, max_diff:0.0, training_epochs:50, lr:0.05)
<_io.TextIOWrapper name='<stderr>' mode='w' encoding='utf-8'> node indextrain litrain linear regression time:  0.05313508398830891
(average_diff:0.006971564050117081, max_diff:0.011093237636637387, training_epochs:50, lr:0.05)
<_io.TextIOWrapper name='<stderr>' mode='w' encoding='utf-8'> node index is 491
train linear regression time:  0.053189417347311974
(average_diff:0.010544279144748533, max_diff:0.0181733572419914, training_epochs:50, lr:0.05)
<_io.TextIOWrapper name='<stderr>' mode='w' encoding='utf-8'> node index is 385
train linear regression time:  0.05307866679504514
(average_diff:2.8627582850567396e-08, max_diff:3.967238154656272e-08, training_epochs:50, lr:0.05)
<_io.TextIOWrapper name='<stderr>' mode='w' encoding='utf-8'> node index is 373
train linear regression time:  0.05321562523022294
(average_diff:0.0, max_diff:0.0, training_epochs:50, lr:0.05)
<_io.TextIOWrapper name='<stderr>' mode='w' encoding='utf-8'> node index is 359
train linear regression time:  0.05323854135349393
(average_diff:0.07237684569079218, max_diff:0.2170764971188222, training_epochs:50, lr:0.05)
<_io.TextIOWrapper name='<stderr>' mode='w' encoding='utf-8'> node index is 345
train linear regression time:  0.054981499910354614
(average_diff:0.09345003209998741, max_diff:0.1824126503880719, training_epochs:50, lr:0.05)
<_io.TextIOWrapper name='<stderr>' mode='w' encoding='utf-8'> node index is 321
train linear regression time:  0.05314425006508827
(average_diff:0.07234905721383923, max_diff:0.14028629203268733, training_epochs:50, lr:0.05)
<_io.TextIOWrapper name='<stderr>' mode='w' encoding='utf-8'> node index is 295
train linear regression time:  0.05320974998176098
(average_diff:0.18450677552917122, max_diff:0.3641942735081203, training_epochs:50, lr:0.05)
<_io.TextIOWrapper name='<stderr>' mode='w' encoding='utf-8'> node index is 279
train linear regression time:  0.05354891624301672
(average_diff:0.0010006703190891346, max_diff:0.0014431353760371857, training_epochs:50, lr:0.05)
<_io.TextIOWrapper name='<stderr>' mode='w' encoding='utf-8'> node index is 263
train linear regression time:  0.05333329224959016
(average_diff:0.025486408679146817, max_diff:0.0697726106161386, training_epochs:50, lr:0.05)
<_io.TextIOWrapper name='<stderr>' mode='w' encoding='utf-8'> node index is 249
train linear regression time:  0.05325720878317952
(average_diff:0.05460892720494583, max_diff:0.11373949189252958, training_epochs:50, lr:0.05)
<_io.TextIOWrapper name='<stderr>' mode='w' encoding='utf-8'> node index is 237
train linear regression time:  0.05316670797765255
(average_diff:0.0341468541191585, max_diff:0.06557614937596046, training_epochs:50, lr:0.05)
<_io.TextIOWrapper name='<stderr>' mode='w' encoding='utf-8'> node index is 265
train linear regression time:  0.05316741671413183
(average_diff:0.0, max_diff:0.0, training_epochs:50, lr:0.05)
<_io.TextIOWrapper name='<stderr>' mode='w' encoding='utf-8'> node index is 251
train linear regression time:  0.05313679203391075
(average_diff:0.08535041423686093, max_diff:0.3717121966011592, training_epochs:50, lr:0.05)
<_io.TextIOWrapper name='<stderr>' mode='w' encoding='utf-8'> node index is 239
train linear regression time:  0.053129833191633224
(average_diff:0.07560345841925452, max_diff:0.19858108610159103, training_epochs:50, lr:0.05)
<_io.TextIOWrapper name='<stderr>' mode='w' encoding='utf-8'> node index is 223
train linear regression time:  0.053196041844785213
(average_diff:0.013438058692202718, max_diff:0.027623333694845265, training_epochs:50, lr:0.05)
<_io.TextIOWrapper name='<stderr>' mode='w' encoding='utf-8'> node index is 209
train linear regression time:  0.05311179207637906
(average_diff:0.09875774165242454, max_diff:0.1943347310729433, training_epochs:50, lr:0.05)
<_io.TextIOWrapper name='<stderr>' mode='w' encoding='utf-8'> node index is 199
train linear regression time:  0.05317770875990391
(average_diff:0.10445948775581558, max_diff:0.40337523212526294, training_epochs:50, lr:0.05)
<_io.TextIOWrapper name='<stderr>' mode='w' encoding='utf-8'> node index is 191
train linear regression time:  0.05327529180794954
(average_diff:0.11832408240599804, max_diff:0.20619255010910653, training_epochs:50, lr:0.05)
<_io.TextIOWrapper name='<stderr>' mode='w' encoding='utf-8'> node index is 183
train linear regression time:  0.05329170823097229
(average_diff:0.11249458531478868, max_diff:0.21660766480604, training_epochs:50, lr:0.05)
<_io.TextIOWrapper name='<stderr>' mode='w' encoding='utf-8'> node index is 175
train linear regression time:  0.05315962480381131
(average_diff:0.09374946384891399, max_diff:0.2369894809265664, training_epochs:50, lr:0.05)
<_io.TextIOWrapper name='<stderr>' mode='w' encoding='utf-8'> node index is 167
train linear regression time:  0.05311054224148393
(average_diff:0.07728040798928389, max_diff:0.17440237793303803, training_epochs:50, lr:0.05)
<_io.TextIOWrapper name='<stderr>' mode='w' encoding='utf-8'> node index is 157
train linear regression time:  0.05316170817241073
(average_diff:0.0, max_diff:0.0, training_epochs:50, lr:0.05)
<_io.TextIOWrapper name='<stderr>' mode='w' encoding='utf-8'> node index is 323
train linear regression time:  0.053137834183871746
(average_diff:0.0, max_diff:0.0, training_epochs:50, lr:0.05)
<_io.TextIOWrapper name='<stderr>' mode='w' encoding='utf-8'> node index is 309
train linear regression time:  0.0532597079873085
(average_diff:0.08813439051154144, max_diff:0.17634553786789425, training_epochs:50, lr:0.05)
<_io.TextIOWrapper name='<stderr>' mode='w' encoding='utf-8'> node index is 297
train linear regression time:  0.054146124981343746
(average_diff:0.1551259797339192, max_diff:0.2826330822393564, training_epochs:50, lr:0.05)
<_io.TextIOWrapper name='<stderr>' mode='w' encoding='utf-8'> node index is 283
train linear regression time:  0.05315195815637708
(average_diff:0.07669421739474215, max_diff:0.2059653603822874, training_epochs:50, lr:0.05)
<_io.TextIOWrapper name='<stderr>' mode='w' encoding='utf-8'> node index is 267
train linear regression time:  0.05325258383527398
(average_diff:0.16853877790297914, max_diff:0.5916861119445518, training_epochs:50, lr:0.05)
<_io.TextIOWrapper name='<stderr>' mode='w' encoding='utf-8'> node index is 225
train linear regression time:  0.05316875036805868
(average_diff:0.22335421753068135, max_diff:0.42484010810361794, training_epochs:50, lr:0.05)
<_io.TextIOWrapper name='<stderr>' mode='w' encoding='utf-8'> node index is 211
train linear regression time:  0.05329562537372112
(average_diff:0.13122608050014015, max_diff:0.31784797586286695, training_epochs:50, lr:0.05)
<_io.TextIOWrapper name='<stderr>' mode='w' encoding='utf-8'> node index is 185
train linear regression time:  0.05310850031673908
(average_diff:0.11942992110752497, max_diff:0.46133519723268346, training_epochs:50, lr:0.05)
<_io.TextIOWrapper name='<stderr>' mode='w' encoding='utf-8'> node index is 177
train linear regression time:  0.05322166718542576
(average_diff:0.19879535975172433, max_diff:0.5223494255687626, training_epochs:50, lr:0.05)
<_io.TextIOWrapper name='<stderr>' mode='w' encoding='utf-8'> node index is 169
train linear regression time:  0.05315037490800023
(average_diff:0.03619062972267262, max_diff:0.07444511491763432, training_epochs:50, lr:0.05)
<_io.TextIOWrapper name='<stderr>' mode='w' encoding='utf-8'> node index is 159
train linear regression time:  0.053185875061899424
(average_diff:0.11896252852552901, max_diff:0.2714520339370065, training_epochs:50, lr:0.05)
<_io.TextIOWrapper name='<stderr>' mode='w' encoding='utf-8'> node index is 151
train linear regression time:  0.05350958416238427
(average_diff:0.03831096481266144, max_diff:0.0977513838785315, training_epochs:50, lr:0.05)
<_io.TextIOWrapper name='<stderr>' mode='w' encoding='utf-8'> node index is 135
train linear regression time:  0.05366854090243578
(average_diff:0.052016395932575024, max_diff:0.10114446595148574, training_epochs:50, lr:0.05)
<_io.TextIOWrapper name='<stderr>' mode='w' encoding='utf-8'> node index is 129
train linear regression time:  0.05365258315578103
(average_diff:0.035167041075543075, max_diff:0.13491322920671606, training_epochs:50, lr:0.05)
<_io.TextIOWrapper name='<stderr>' mode='w' encodnode index isnode index is 119
train linear regression time:  0.05353083275258541
(average_diff:0.03900230941951962, max_diff:0.10886142319539477, training_epochs:50, lr:0.05)
<_io.TextIOWrapper name='<stderr>' mode='w' encoding='utf-8'> node index is 109
train linear regression time:  0.0531296250410378
(average_diff:0.04428441078281016, max_diff:0.16230565825611964, training_epochs:50, lr:0.05)
<_io.TextIOWrapper name='<stderr>' mode='w' encoding='utf-8'> node index is 99
train linear regression time:  0.0532147497870028
(average_diff:2.7755575615628914e-17, max_diff:2.7755575615628914e-17, training_epochs:50, lr:0.05)
<_io.TextIOWrapper name='<stderr>' mode='w' encoding='utf-8'> node index is 447
train linear regression time:  0.05311066610738635
(average_diff:0.0018383567885114915, max_diff:0.0025067608605015, training_epochs:50, lr:0.05)
<_io.TextIOWrapper name='<stderr>' mode='w' encoding='utf-8'> node index is 441
train linear regression time:  0.053169208113104105
(average_diff:0.015954048935726273, max_diff:0.03127543216719114, training_epochs:50, lr:0.05)
<_io.TextIOWrapper name='<stderr>' mode='w' encoding='utf-8'> node index is 435
train linear regression time:  0.05305395880714059
(average_diff:0.0, max_diff:0.0, training_epochs:50, lr:0.05)
<_io.TextIOWrapper name='<stderr>' mode='w' encoding='utf-8'> node index is 429
train linear regression time:  0.05314287496730685
(average_diff:0.0015752787076238062, max_diff:0.0023522084993229386, training_epochs:50, lr:0.05)
<_io.TextIOWrapper name='<stderr>' mode='w' encoding='utf-8'> node index is 421
train linear regression time:  0.05348908295854926
(average_diff:0.0073911463174796375, max_diff:0.18917975663927583, training_epochs:50, lr:0.05)
<_io.TextIOWrapper name='<stderr>' mode='w' encoding='utf-8'> node index is 69
train linear regression time:  0.05501416604965925
(average_diff:0.07041352980447563, max_diff:0.2444791950090789, training_epochs:50, lr:0.05)
<_io.TextIOWrapper name='<stderr>' mode='w' encoding='utf-8'> node index is 61
train linear regression time:  0.05329491710290313
(average_diff:0.0946611485964829, max_diff:0.4803731055003113, training_epochs:50, lr:0.05)
<_io.TextIOWrapper name='<stderr>' mode='w' encoding='utf-8'> node index is 53
train linear regression time:  0.05319487536326051
(average_diff:0.029768542518932923, max_diff:0.055020148994186835, training_epochs:50, lr:0.05)
<_io.TextIOWrapper name='<stderr>' mode='w' encoding='utf-8'> node index is 401
train linear regression time:  0.05314749991521239
(average_diff:0.0012127913058813898, max_diff:0.0018662279962086553, training_epochs:50, lr:0.05)
<_io.TextIOWrapper name='<stderr>' mode='w' encoding='utf-8'> node index is 387
train linear regression time:  0.05311120906844735
(average_diff:0.009254579525646062, max_diff:0.021159937298254772, training_epochs:50, lr:0.05)
<_io.TextIOWrapper name='<stderr>' mode='w' encoding='utf-8'> node index is 375
train linear regression time:  0.053154208697378635
(average_diff:0.0077894919983078625, max_diff:0.010861462754347628, training_epochs:50, lr:0.05)
<_io.TextIOWrapper name='<stderr>' mode='w' encoding='utf-8'> node index is 361
train linear regression time:  0.053079250268638134
(average_diff:0.030499731353309016, max_diff:0.0729602607860334, training_epochs:50, lr:0.05)
<_io.TextIOWrapper name='<stderr>' mode='w' encoding='utf-8'> node index is 347
train linear regression time:  0.053131958935409784
(average_diff:0.17267332706232968, max_diff:0.3264301095509682, training_epochs:50, lr:0.05)
<_io.TextIOWrapper name='<stderr>' mode='w' encoding='utf-8'> node index is 311
train linear regression time:  0.05323595879599452
(average_diff:0.0661271090855253, max_diff:0.14506531188761895, training_epochs:50, lr:0.05)
<_io.TextIOWrapper name='<stderr>' mode='w' encoding='utf-8'> node index is 299
train linear regression time:  0.053885584231466055
(average_diff:0.11784658354882835, max_diff:0.44722964982235236, training_epochs:50, lr:0.05)
<_io.TextIOWrapper name='<stderr>' mode='w' encoding='utf-8'> node index is 285
train linear regression time:  0.05333662498742342
(average_diff:0.019968350462453124, max_diff:0.03674417291044749, training_epochs:50, lr:0.05)
<_io.TextIOWrapper name='<stderr>' mode='w' encoding='utf-8'> node index is 269
train linear regression time:  0.053051958326250315
(average_diff:0.002493300607667115, max_diff:0.0025778012511776804, training_epochs:50, lr:0.05)
<_io.TextIOWrapper name='<stderr>' mode='w' encoding='utf-8'> node index is 415
train linear regression time:  0.05324262520298362
(average_diff:0.01331470695073414, max_diff:0.02077011584963806, training_epochs:50, lr:0.05)
<_io.TextIOWrapper name='<stderr>' mode='w' encoding='utf-8'> node index is 411
train linear regression time:  0.05340929189696908
(average_diff:1.436345070660039e-10, max_diff:1.5496942618042908e-10, training_epochs:50, lr:0.05)
<_io.TextIOWrapper name='<stderr>' mode='w' encoding='utf-8'> node index is 403
train linear regression time:  0.0531027908436954
(average_diff:0.05969846597771903, max_diff:0.11362293083272124, training_epochs:50, lr:0.05)
<_io.TextIOWrapper name='<stderr>' mode='w' encoding='utf-8'> node index is 389
train linear regression time:  0.053133458364754915
(average_diff:0.04402197029572995, max_diff:0.08738886943450208, training_epochs:50, lr:0.05)
<_io.TextIOWrapper name='<stderr>' mode='w' encoding='utf-8'> node index is 377
train linear regression time:  0.053137042094022036
(average_diff:0.017466553310605547, max_diff:0.03639765154202618, training_epochs:50, lr:0.05)
<_io.TextIOWrapper name='<stderr>' mode='w' encoding='utf-8'> node index is 363
train linear regression time:  0.05315883411094546
(average_diff:0.06506849728256273, max_diff:0.12399153572747629, training_epochs:50, lr:0.05)
<_io.TextIOWrapper name='<stderr>' mode='w' encoding='utf-8'> node index is 349
train linear regression time:  0.053187333047389984
(average_diff:0.04674398393825022, max_diff:0.0888592392087037, training_epochs:50, lr:0.05)
<_io.TextIOWrapper name='<stderr>' mode='w' encoding='utf-8'> node index is 335
train linear regression time:  0.05364974960684776
(average_diff:0.012895845124961442, max_diff:0.015882070715614316, training_epochs:50, lr:0.05)
<_io.TextIOWrapper name='<stderr>' mode='w' encoding='utf-8'> node index is 325
train linear regression time:  0.053931958973407745
(average_diff:0.1001350713409241, max_diff:0.2456088782108864, training_epochs:50, lr:0.05)
<_io.TextIOWrapper name='<stderr>' mode='w' encoding='utf-8'> node index is 313
train linear regression time:  0.053082417231053114
(average_diff:0.0, max_diff:0.0, training_epochs:50, lr:0.05)
<_io.TextIOWrapper name='<stderr>' mode='w' encoding='utf-8'> node index is 443
train linear regression time:  0.053141667041927576
(average_diff:0.09733180068840055, max_diff:0.2886527584268018, training_epochs:50, lr:0.05)
<_io.TextIOWrapper name='<stderr>' mode='w' encoding='utf-8'> node index is 431
train linear regression time:  0.05311966734007001
(average_diff:0.0, max_diff:0.0, training_epochs:50, lr:0.05)
<_io.TextIOWrapper name='<stderr>' mode='w' encoding='utf-8'> node index is 425
train linear regression time:  0.053044334053993225
(average_diff:0.0015643012360310182, max_diff:0.0022916942849642297, training_epochs:50, lr:0.05)
<_io.TextIOWrapper name='<stderr>' mode='w' encoding='utf-8'> node index is 419
train linear regression time:  0.053146082907915115
(average_diff:0.0007340655791661654, max_diff:0.0011014306724819733, training_epochs:50, lr:0.05)
<_io.TextIOWrapper name='<stderr>' mode='w' encoding='utf-8'> node index is 413
train linear regression time:  0.05300041614100337
(average_diff:0.015458797947042136, max_diff:0.03215852594667756, training_epochs:50, lr:0.05)
<_io.TextIOWrapper name='<stderr>' mode='w' encoding='utf-8'> node index is 405
train linear regression time:  0.05307004181668162
(average_diff:0.0, max_diff:0.0, training_epochs:50, lr:0.05)
<_io.TextIOWrapper name='<stderr>' mode='w' encoding='utf-8'> node index is 391
train linear regression time:  0.05316687515005469
(average_diff:2.853384195589115e-12, max_diff:2.8825830611367564e-12, training_epo<_io.TextIOWrappe<_io.TextIOWrapper name='<stderr>' mode='w' encoding='utf-8'> node index is 379
train linear regression time:  0.05320970807224512
(average_diff:0.04288548472448394, max_diff:0.12527600104974312, training_epochs:50, lr:0.05)
<_io.TextIOWrapper name='<stderr>' mode='w' encoding='utf-8'> node index is 365
train linear regression time:  0.05317308288067579
(average_diff:0.058432356884346476, max_diff:0.08985499611076808, training_epochs:50, lr:0.05)
<_io.TextIOWrapper name='<stderr>' mode='w' encoding='utf-8'> node index is 351
train linear regression time:  0.05305779166519642
(average_diff:2.4352861901569267e-05, max_diff:2.5125401761777466e-05, training_epochs:50, lr:0.05)
<_io.TextIOWrapper name='<stderr>' mode='w' encoding='utf-8'> node index is 337
train linear regression time:  0.05314016668125987
(average_diff:0.12322028876759133, max_diff:0.5276874437092387, training_epochs:50, lr:0.05)
<_io.TextIOWrapper name='<stderr>' mode='w' encoding='utf-8'> node index is 393
train linear regression time:  0.05314783286303282
(average_diff:1.6653345369377348e-16, max_diff:2.220446049250313e-16, training_epochs:50, lr:0.05)
<_io.TextIOWrapper name='<stderr>' mode='w' encoding='utf-8'> node index is 301
train linear regression time:  0.05321662500500679
(average_diff:0.12017572933982154, max_diff:0.2632652483712711, training_epochs:50, lr:0.05)
<_io.TextIOWrapper name='<stderr>' mode='w' encoding='utf-8'> node index is 271
train linear regression time:  0.053177999798208475
(average_diff:0.07749905200148503, max_diff:0.2023380646257923, training_epochs:50, lr:0.05)
<_io.TextIOWrapper name='<stderr>' mode='w' encoding='utf-8'> node index is 253
train linear regression time:  0.05311420792713761
(average_diff:0.2089623312381562, max_diff:0.40836936244004934, training_epochs:50, lr:0.05)
<_io.TextIOWrapper name='<stderr>' mode='w' encoding='utf-8'> node index is 227
train linear regression time:  0.05314466683194041
(average_diff:0.17915322906875147, max_diff:0.324808600105326, training_epochs:50, lr:0.05)
<_io.TextIOWrapper name='<stderr>' mode='w' encoding='utf-8'> node index is 213
train linear regression time:  0.05325754173099995
(average_diff:0.06303503036877564, max_diff:0.15562593510303277, training_epochs:50, lr:0.05)
<_io.TextIOWrapper name='<stderr>' mode='w' encoding='utf-8'> node index is 201
train linear regression time:  0.054438207764178514
(average_diff:2.7755575615628914e-17, max_diff:5.551115123125783e-17, training_epochs:50, lr:0.05)
<_io.TextIOWrapper name='<stderr>' mode='w' encoding='utf-8'> node index is 193
train linear regression time:  0.05357145797461271
(average_diff:0.030604404363414467, max_diff:0.07787394957576044, training_epochs:50, lr:0.05)
<_io.TextIOWrapper name='<stderr>' mode='w' encoding='utf-8'> node index is 187
train linear regression time:  0.05324783315882087
(average_diff:0.038896817964215055, max_diff:0.11646142639054713, training_epochs:50, lr:0.05)
<_io.TextIOWrapper name='<stderr>' mode='w' encoding='utf-8'> node index is 179
train linear regression time:  0.05316745908930898
(average_diff:0.0, max_diff:0.0, training_epochs:50, lr:0.05)
<_io.TextIOWrapper name='<stderr>' mode='w' encoding='utf-8'> node index is 171
train linear regression time:  0.053228582721203566
(average_diff:0.1102084341161223, max_diff:0.2984046846843964, training_epochs:50, lr:0.05)
<_io.TextIOWrapper name='<stderr>' mode='w' encoding='utf-8'> node index is 161
train linear regression time:  0.05329804215580225
(average_diff:0.009463916322468827, max_diff:0.014857200517997882, training_epochs:50, lr:0.05)
<_io.TextIOWrapper name='<stderr>' mode='w' encoding='utf-8'> node index is 367
train linear regression time:  0.05323991598561406
(average_diff:0.0, max_diff:0.0, training_epochs:50, lr:0.05)
<_io.TextIOWrapper name='<stderr>' mode='w' encoding='utf-8'> node index is 353
train linear regression time:  0.05344724981114268
(average_diff:3.7833323821900855e-05, max_diff:3.827202948314401e-05, training_epochs:50, lr:0.05)
<_io.TextIOWrapper name='<stderr>' mode='w' encoding='utf-8'> node index is 339
train linear regression time:  0.05303116701543331
(average_diff:0.02992738909161813, max_diff:0.09450794350721259, training_epochs:50, lr:0.05)
<_io.TextIOWrapper name='<stderr>' mode='w' encoding='utf-8'> node index is 327
train linear regression time:  0.05324416607618332
(average_diff:0.02772326759006163, max_diff:0.15357270706806136, training_epochs:50, lr:0.05)
<_io.TextIOWrapper name='<stderr>' mode='w' encoding='utf-8'> node index is 315
train linear regression time:  0.05332516739144921
(average_diff:0.01947407830840689, max_diff:0.04094645992330925, training_epochs:50, lr:0.05)
<_io.TextIOWrapper name='<stderr>' mode='w' encoding='utf-8'> node index is 303
train linear regression time:  0.05321183381602168
(average_diff:0.04037417802702719, max_diff:0.08648264281364537, training_epochs:50, lr:0.05)
<_io.TextIOWrapper name='<stderr>' mode='w' encoding='utf-8'> node index is 287
train linear regression time:  0.053275625221431255
(average_diff:0.07756768093134352, max_diff:0.1575183797244829, training_epochs:50, lr:0.05)
<_io.TextIOWrapper name='<stderr>' mode='w' encoding='utf-8'> node index is 273
train linear regression time:  0.053108999971300364
(average_diff:0.09751232317860421, max_diff:0.538647228770178, training_epochs:50, lr:0.05)
<_io.TextIOWrapper name='<stderr>' mode='w' encoding='utf-8'> node index is 255
train linear regression time:  0.05329900002107024
(average_diff:0.02382695956583636, max_diff:0.049321058343869795, training_epochs:50, lr:0.05)
<_io.TextIOWrapper name='<stderr>' mode='w' encoding='utf-8'> node index is 241
train linear regression time:  0.05316483275964856
(average_diff:0.192144676842433, max_diff:0.4821929062206128, training_epochs:50, lr:0.05)
<_io.TextIOWrapper name='<stderr>' mode='w' encoding='utf-8'> node index is 229
train linear regression time:  0.05322620831429958
(average_diff:0.11972806909606945, max_diff:0.3758022092728641, training_epochs:50, lr:0.05)
<_io.TextIOWrapper name='<stderr>' mode='w' encoding='utf-8'> node index is 215
train linear regression time:  0.0531332497484982
(average_diff:0.05318431389042016, max_diff:0.12996402357055215, training_epochs:50, lr:0.05)
<_io.TextIOWrapper name='<stderr>' mode='w' encoding='utf-8'> node index is 203
train linear regression time:  0.05319370795041323
(average_diff:0.020369200241420582, max_diff:0.043906480354666155, training_epochs:50, lr:0.05)
<_io.TextIOWrapper name='<stderr>' mode='w' encoding='utf-8'> node index is 195
train linear regression time:  0.05324716679751873
(average_diff:0.15948529454723753, max_diff:0.3478555315679893, training_epochs:50, lr:0.05)
<_io.TextIOWrapper name='<stderr>' mode='w' encoding='utf-8'> node index is 7
train linear regression time:  0.05392416659742594
(average_diff:0.13500294121276393, max_diff:0.42377457792830087, training_epochs:50, lr:0.05)
<_io.TextIOWrapper name='<stderr>' mode='w' encoding='utf-8'> node index is 5
train linear regression time:  0.05432699993252754
testFringe time:  13.359866834245622
<_io.TextIOWrapper name='<stderr>' mode='w' encoding='utf-8'> =============== update finished ===============

*** Writing Game File 88***

<_io.TextIOWrapper name='../print_tree_record_numpy/print_DM_boost_linear_tree_split.txt' mode='w' encoding='UTF-8'> idx1(Q:0.4010, distinct_name:0, dictinctin_value:2.569683891588169, par:None)
	idx4(Q:0.4016, distinct_name:0, dictinctin_value:2.507749956207568, par:1)
		idx6(Q:0.4016, distinct_name:0, dictinctin_value:-0.050698982385153205, par:4)
			idx8(Q:0.4603, distinct_name:0, dictinctin_value:-0.5002368440471089, par:6)
				idx10(Q:0.5073, distinct_name:3, dictinctin_value:0.7373220788164561, par:8)
					idx12(Q:0.4815, distinct_name:1, dictinctin_value:0.8498558206992594, par:10)
						idx18(Q:0.4315, distinct_name:2, dictinctin_value:0.8559921607301466, par:12)
							idx24(Q:0.4243, distinct_name:0, dictinctin_value:-0.5901212893723445, par:18)
								idx30(Q:0.4324, distinct_name:2, dictinctin_value:0.5095422779981766, par:24)
									idx38(Q:0.4506, distinct_name:2, dictinctin_value:0.24909091887867726, par:30)
										idx44(Q:0.4792, distinct_name:2, dictinctin_value:-0.06052347242753761, par:38)
											idx54(Q:0.5251, distinct_name:2, dictinctin_value:-0.16873413911779458, par:44)
												idx62(Q:0.5498, distinct_name:2, dictinctin_value:-0.3117760123070312, par:54)
													idx70(Q:0.5929, distinct_name:2, dictinctin_value:-0.36929151673896154, par:62)
														idx76(Q:0.6196, distinct_name:2, dictinctin_value:-0.4513587540231024, par:70)
															idx82(Q:0.6545, distinct_name:2, dictinctin_value:-0.49926091712096626, par:76)
																idx90(Q:0.6709, distinct_name:2, dictinctin_value:-0.5261921216626007, par:82)
																	idx100(Q:0.6819, distinct_name:2, dictinctin_value:-0.5682634996789567, par:90)
																		idx110(Q:0.6979, distinct_name:2, dictinctin_value:-0.576514535000767, par:100)
																			idx120(Q:0.7013, par:110)
																			idx121(Q:0.3963, par:110)
																		idx111(Q:0.3652, par:100)
																	idx101(Q:0.3598, par:90)
																idx91(Q:0.3305, par:82)
															idx83(Q:0.3016, par:76)
														idx77(Q:0.2715, par:70)
													idx71(Q:0.2717, par:62)
												idx63(Q:0.2240, par:54)
											idx55(Q:0.2422, distinct_name:0, dictinctin_value:-0.6476910175840919, par:44)
												idx464(Q:0.2455, distinct_name:3, dictinctin_value:0.6680194197252473, par:55)
													idx468(Q:0.2423, distinct_name:0, dictinctin_value:-0.6858015235311999, par:464)
														idx474(Q:0.2429, distinct_name:2, dictinctin_value:0.24031958562965672, par:468)
															idx480(Q:0.2412, distinct_name:2, dictinctin_value:0.22712878489931437, par:474)
																idx484(Q:0.2429, distinct_name:0, dictinctin_value:-0.6984661740702743, par:480)
																	idx492(Q:0.2410, distinct_name:2, dictinctin_value:0.2205862992769331, par:484)
																		idx500(Q:0.2406, distinct_name:1, dictinctin_value:0.7515347460969897, par:492)
																			idx518(Q:0.2399, par:500)
																			idx519(Q:0.2625, par:500)
																		idx501(Q:0.2751, par:492)
																	idx493(Q:0.3077, par:484)
																idx485(Q:0.1301, par:480)
															idx481(Q:0.2797, par:474)
														idx475(Q:0.1567, par:468)
													idx469(Q:0.3624, par:464)
												idx465(Q:0.1184, par:55)
										idx45(Q:0.2462, distinct_name:0, dictinctin_value:-0.6043607795061433, par:38)
											idx510(Q:0.2486, distinct_name:1, dictinctin_value:0.8144916165556727, par:45)
												idx520(Q:0.2418, distinct_name:1, dictinctin_value:0.7699133155688844, par:510)
													idx530(Q:0.2383, distinct_name:2, dictinctin_value:0.5073691095938268, par:520)
														idx536(Q:0.2388, distinct_name:0, dictinctin_value:-0.6190066933050004, par:530)
															idx548(Q:0.2377, distinct_name:0, dictinctin_value:-0.6463225202144014, par:536)
																idx570(Q:0.2381, distinct_name:0, dictinctin_value:-0.6564390430626009, par:548)
																	idx580(Q:0.2392, distinct_name:3, dictinctin_value:0.6572555751708343, par:570)
																		idx586(Q:0.2385, distinct_name:3, dictinctin_value:0.6217208412298194, par:580)
																			idx590(Q:0.2365, par:586)
																			idx591(Q:0.3104, par:586)
																		idx587(Q:0.2818, par:580)
																	idx581(Q:0.1052, par:570)
																idx571(Q:0.2225, par:548)
															idx549(Q:0.3743, par:536)
														idx537(Q:0.2094, par:530)
													idx531(Q:0.3479, par:520)
												idx521(Q:0.5313, par:510)
											idx511(Q:0.0968, par:45)
									idx39(Q:0.3182, distinct_name:1, dictinctin_value:0.8040063207197937, par:30)
										idx426(Q:0.3153, distinct_name:2, dictinctin_value:0.8419373683110459, par:39)
											idx432(Q:0.3168, distinct_name:0, dictinctin_value:-0.6009391153368029, par:426)
												idx444(Q:0.3187, distinct_name:0, dictinctin_value:-0.6041087413020046, par:432)
													idx448(Q:0.3185, distinct_name:0, dictinctin_value:-0.6100701052011255, par:444)
														idx456(Q:0.3191, distinct_name:0, dictinctin_value:-0.6407957166920598, par:448)
															idx460(Q:0.3239, distinct_name:0, dictinctin_value:-0.6555246386975058, par:456)
																idx466(Q:0.3261, distinct_name:0, dictinctin_value:-0.6720161756487143, par:460)
																	idx470(Q:0.3296, distinct_name:0, dictinctin_value:-0.6781083126032775, par:466)
																		idx472(Q:0.3297, distinct_name:0, dictinctin_value:-0.7020609777266955, par:470)
																			idx476(Q:0.3323, par:472)
																			idx477(Q:0.2334, par:472)
																		idx473(Q:0.3250, par:470)
																	idx471(Q:0.0686, par:466)
																idx467(Q:0.1550, par:460)
															idx461(Q:0.1355, par:456)
														idx457(Q:0.3007, par:448)
													idx449(Q:0.3527, par:444)
												idx445(Q:0.1599, par:432)
											idx433(Q:0.1937, par:426)
										idx427(Q:0.4793, par:39)
								idx31(Q:0.3467, distinct_name:0, dictinctin_value:-0.5002719881995846, par:24)
									idx544(Q:0.3470, distinct_name:1, dictinctin_value:0.7593054056611713, par:31)
										idx550(Q:0.3435, distinct_name:0, dictinctin_value:-0.5062520951871772, par:544)
											idx562(Q:0.3467, distinct_name:0, dictinctin_value:-0.5080035363270362, par:550)
												idx572(Q:0.3518, distinct_name:0, dictinctin_value:-0.5084639498879526, par:562)
													idx582(Q:0.3524, distinct_name:0, dictinctin_value:-0.5089199594147691, par:572)
														idx588(Q:0.3558, distinct_name:0, dictinctin_value:-0.5092872052358233, par:582)
															idx592(Q:0.3576, distinct_name:2, dictinctin_value:0.7693334693236122, par:588)
																idx594(Q:0.3631, distinct_name:2, dictinctin_value:0.7132889145486878, par:592)
																	idx596(Q:0.3684, distinct_name:0, dictinctin_value:-0.5099342225448047, par:594)
																		idx598(Q:0.3709, distinct_name:1, dictinctin_value:0.7481026625171042, par:596)
																			idx600(Q:0.3701, par:598)
																			idx601(Q:0.4108, par:598)
																		idx599(Q:0.2330, par:596)
																	idx597(Q:0.0754, par:594)
																idx595(Q:0.1530, par:592)
															idx593(Q:0.1559, par:588)
														idx589(Q:0.1598, par:582)
													idx583(Q:0.2789, par:572)
												idx573(Q:0.1450, par:562)
											idx563(Q:0.1492, par:550)
										idx551(Q:0.4899, par:544)
									idx545(Q:0.3129, par:31)
							idx25(Q:0.4623, distinct_name:0, dictinctin_value:-0.5389580903277561, par:18)
								idx216(Q:0.4640, distinct_name:0, dictinctin_value:-0.5573162410999996, par:25)
									idx230(Q:0.4653, distinct_name:0, dictinctin_value:-0.5917620279880862, par:216)
										idx242(Q:0.4779, distinct_name:1, dictinctin_value:0.8127647407611875, par:230)
											idx256(Q:0.4725, distinct_name:0, dictinctin_value:-0.6131626140571143, par:242)
												idx288(Q:0.4745, distinct_name:0, dictinctin_value:-0.7076582377440916, par:256)
													idx304(Q:0.4952, distinct_name:0, dictinctin_value:-0.717862250694298, par:288)
														idx316(Q:0.4984, distinct_name:0, dictinctin_value:-0.7734253050900186, par:304)
															idx328(Q:0.5072, distinct_name:0, dictinctin_value:-0.7970945326559435, par:316)
																idx340(Q:0.5082, distinct_name:3, dictinctin_value:0.6595389343928215, par:328)
																	idx354(Q:0.5032, distinct_name:3, dictinctin_value:0.6186331758365281, par:340)
																		idx368(Q:0.4980, distinct_name:3, dictinctin_value:0.5952455969358141, par:354)
																			idx380(Q:0.4965, par:368)
																			idx381(Q:0.5796, par:368)
																		idx369(Q:0.8791, par:354)
																	idx355(Q:0.7825, par:340)
																idx341(Q:0.4646, par:328)
															idx329(Q:0.3541, par:316)
														idx317(Q:0.3378, par:304)
													idx305(Q:0.3035, par:288)
												idx289(Q:0.1966, par:256)
											idx257(Q:0.7304, par:242)
										idx243(Q:0.2531, par:230)
									idx231(Q:0.3288, par:216)
								idx217(Q:0.4047, par:25)
						idx19(Q:0.6954, distinct_name:0, dictinctin_value:-0.5046072639210131, par:12)
							idx152(Q:0.6953, distinct_name:2, dictinctin_value:1.74305991171075, par:19)
								idx162(Q:0.6835, distinct_name:2, dictinctin_value:1.5651912903147052, par:152)
									idx172(Q:0.6748, distinct_name:2, dictinctin_value:1.0939968976733132, par:162)
										idx180(Q:0.6526, distinct_name:2, dictinctin_value:0.9064820637809338, par:172)
											idx188(Q:0.6418, distinct_name:2, dictinctin_value:0.8130327408821636, par:180)
												idx196(Q:0.6325, distinct_name:2, dictinctin_value:0.714578820015968, par:188)
													idx204(Q:0.6311, distinct_name:0, dictinctin_value:-0.5137296726081428, par:196)
														idx218(Q:0.6335, distinct_name:2, dictinctin_value:0.4860989258104936, par:204)
															idx232(Q:0.6324, distinct_name:1, dictinctin_value:2.2330900660097845, par:218)
																idx244(Q:0.6207, distinct_name:2, dictinctin_value:0.44559578649865966, par:232)
																	idx258(Q:0.6173, distinct_name:2, dictinctin_value:0.32419638005931734, par:244)
																		idx274(Q:0.6178, distinct_name:0, dictinctin_value:-0.5233031664270825, par:258)
																			idx290(Q:0.6183, par:274)
																			idx291(Q:0.5526, par:274)
																		idx275(Q:0.5985, par:258)
																	idx259(Q:0.7450, par:244)
																idx245(Q:0.9413, par:232)
															idx233(Q:0.6453, par:218)
														idx219(Q:0.4556, par:204)
													idx205(Q:0.6740, par:196)
												idx197(Q:0.8666, par:188)
											idx189(Q:0.8592, par:180)
										idx181(Q:0.9943, par:172)
									idx173(Q:1.0016, par:162)
								idx163(Q:1.0391, par:152)
							idx153(Q:0.7365, par:19)
					idx13(Q:0.5877, distinct_name:2, dictinctin_value:1.929601246827043, par:10)
						idx92(Q:0.5733, distinct_name:1, dictinctin_value:1.2557733390904973, par:13)
							idx102(Q:0.5406, distinct_name:2, dictinctin_value:1.4527612583425853, par:92)
								idx112(Q:0.5282, distinct_name:2, dictinctin_value:1.3531114404933846, par:102)
									idx122(Q:0.5259, distinct_name:2, dictinctin_value:1.0639310625609943, par:112)
										idx130(Q:0.5142, distinct_name:2, dictinctin_value:0.8759607452183222, par:122)
											idx136(Q:0.5064, distinct_name:2, dictinctin_value:0.6228991526328211, par:130)
												idx142(Q:0.5024, distinct_name:2, dictinctin_value:0.4885947458466264, par:136)
													idx146(Q:0.4926, distinct_name:1, dictinctin_value:1.1059975491047376, par:142)
														idx148(Q:0.4845, distinct_name:3, dictinctin_value:2.363964647313972, par:146)
															idx154(Q:0.4783, distinct_name:3, dictinctin_value:1.536573712246935, par:148)
																idx164(Q:0.4534, distinct_name:1, dictinctin_value:0.49075596239548774, par:154)
																	idx206(Q:0.4213, distinct_name:3, dictinctin_value:1.525286896575752, par:164)
																		idx220(Q:0.4208, distinct_name:2, dictinctin_value:0.38874536608000104, par:206)
																			idx234(Q:0.4233, par:220)
																			idx235(Q:0.3327, par:220)
																		idx221(Q:0.4555, par:206)
																	idx207(Q:0.6086, par:164)
																idx165(Q:0.5719, par:154)
															idx155(Q:0.6475, par:148)
														idx149(Q:0.7431, par:146)
													idx147(Q:0.6035, par:142)
												idx143(Q:0.5537, par:136)
											idx137(Q:0.6927, par:130)
										idx131(Q:0.7149, par:122)
									idx123(Q:0.6587, par:112)
								idx113(Q:0.7978, par:102)
							idx103(Q:0.9373, par:92)
						idx93(Q:1.0493, par:13)
				idx11(Q:0.3760, distinct_name:3, dictinctin_value:1.284568987543642, par:8)
					idx32(Q:0.3547, distinct_name:3, dictinctin_value:0.5763111575206541, par:11)
						idx40(Q:0.3374, distinct_name:2, dictinctin_value:1.4159847670297276, par:32)
							idx46(Q:0.3281, distinct_name:2, dictinctin_value:0.8764611652526798, par:40)
								idx56(Q:0.3352, distinct_name:2, dictinctin_value:0.6776552612944613, par:46)
									idx64(Q:0.3415, distinct_name:0, dictinctin_value:-0.10007893227380851, par:56)
										idx72(Q:0.3406, distinct_name:2, dictinctin_value:0.481251420222257, par:64)
											idx78(Q:0.3507, distinct_name:2, dictinctin_value:0.43236682950932387, par:72)
												idx84(Q:0.3573, distinct_name:2, dictinctin_value:0.2322739018313544, par:78)
													idx94(Q:0.3791, distinct_name:2, dictinctin_value:0.1692901075380102, par:84)
														idx104(Q:0.3878, distinct_name:2, dictinctin_value:0.044622068949871425, par:94)
															idx114(Q:0.4069, distinct_name:2, dictinctin_value:-0.04421252452423217, par:104)
																idx124(Q:0.4266, distinct_name:2, dictinctin_value:-0.12551407150931976, par:114)
																	idx132(Q:0.4426, distinct_name:2, dictinctin_value:-0.16179863391045127, par:124)
																		idx138(Q:0.4524, distinct_name:2, dictinctin_value:-0.1987692173924826, par:132)
																			idx144(Q:0.4698, par:138)
																			idx145(Q:0.1598, par:138)
																		idx139(Q:0.1642, par:132)
																	idx133(Q:0.1904, par:124)
																idx125(Q:0.1406, par:114)
															idx115(Q:0.1865, par:104)
														idx105(Q:0.2003, par:94)
													idx95(Q:0.1683, par:84)
												idx85(Q:0.1639, par:78)
											idx79(Q:0.2227, par:72)
										idx73(Q:0.3508, par:64)
									idx65(Q:0.2528, par:56)
								idx57(Q:0.2814, distinct_name:0, dictinctin_value:-0.07115888508263095, par:46)
									idx486(Q:0.2853, distinct_name:2, dictinctin_value:1.3997870335092657, par:57)
										idx494(Q:0.2853, distinct_name:0, dictinctin_value:-0.07160732513030894, par:486)
											idx504(Q:0.2822, distinct_name:0, dictinctin_value:-0.08350405569893737, par:494)
												idx512(Q:0.2836, distinct_name:1, dictinctin_value:1.8788415154351898, par:504)
													idx522(Q:0.2733, distinct_name:1, dictinctin_value:1.7168001155290575, par:512)
														idx538(Q:0.2668, distinct_name:0, dictinctin_value:-0.08454829370887558, par:522)
															idx552(Q:0.2645, distinct_name:3, dictinctin_value:0.4530042815419259, par:538)
																idx556(Q:0.2660, distinct_name:0, dictinctin_value:-0.08608502852647902, par:552)
																	idx564(Q:0.2671, distinct_name:0, dictinctin_value:-0.08644796937551802, par:556)
																		idx574(Q:0.2667, distinct_name:0, dictinctin_value:-0.08717123163966492, par:564)
																			idx584(Q:0.2682, par:574)
																			idx585(Q:0.1069, par:574)
																		idx575(Q:0.3124, par:564)
																	idx565(Q:0.1341, par:556)
																idx557(Q:0.2231, par:552)
															idx553(Q:0.5355, par:538)
														idx539(Q:0.6590, par:522)
													idx523(Q:0.8978, par:512)
												idx513(Q:0.1098, par:504)
											idx505(Q:0.6691, par:494)
										idx495(Q:0.2877, par:486)
									idx487(Q:0.1811, par:57)
							idx47(Q:0.4399, par:40)
						idx41(Q:0.4248, distinct_name:3, dictinctin_value:1.2541204520301295, par:32)
							idx246(Q:0.4184, distinct_name:0, dictinctin_value:-0.05401988313827026, par:41)
								idx260(Q:0.4188, distinct_name:2, dictinctin_value:2.0807886731763334, par:246)
									idx276(Q:0.4034, distinct_name:2, dictinctin_value:1.8994422532815647, par:260)
										idx292(Q:0.3980, distinct_name:1, dictinctin_value:1.2716943858922887, par:276)
											idx306(Q:0.3751, distinct_name:2, dictinctin_value:1.8085097405850585, par:292)
												idx318(Q:0.3665, distinct_name:0, dictinctin_value:-0.06832580226386262, par:306)
													idx330(Q:0.3610, distinct_name:1, dictinctin_value:1.0161843934440484, par:318)
														idx342(Q:0.3552, distinct_name:0, dictinctin_value:-0.11082738421514442, par:330)
															idx356(Q:0.3504, distinct_name:0, dictinctin_value:-0.1239714467724242, par:342)
																idx370(Q:0.3507, distinct_name:1, dictinctin_value:0.8661774768232812, par:356)
																	idx382(Q:0.3453, distinct_name:0, dictinctin_value:-0.13038566790821624, par:370)
																		idx396(Q:0.3454, distinct_name:1, dictinctin_value:0.7685182247259327, par:382)
																			idx406(Q:0.3389, par:396)
																			idx407(Q:0.5266, par:396)
																		idx397(Q:0.3395, par:382)
																	idx383(Q:0.4871, par:370)
																idx371(Q:0.3328, par:356)
															idx357(Q:0.4144, par:342)
														idx343(Q:0.4670, par:330)
													idx331(Q:0.5325, par:318)
												idx319(Q:0.8472, par:306)
											idx307(Q:0.6106, par:292)
										idx293(Q:0.8474, par:276)
									idx277(Q:0.8999, par:260)
								idx261(Q:0.3940, par:246)
							idx247(Q:0.6656, par:41)
					idx33(Q:0.5539, distinct_name:2, dictinctin_value:1.8206658800741853, par:11)
						idx436(Q:0.5401, distinct_name:0, dictinctin_value:-0.055487221535360155, par:33)
							idx438(Q:0.5374, distinct_name:0, dictinctin_value:-0.06661868934946451, par:436)
								idx450(Q:0.5402, distinct_name:2, dictinctin_value:1.6280055741424861, par:438)
									idx458(Q:0.5284, distinct_name:2, dictinctin_value:1.4609118350831285, par:450)
										idx462(Q:0.5217, distinct_name:0, dictinctin_value:-0.06716992247771125, par:458)
											idx478(Q:0.5232, distinct_name:0, dictinctin_value:-0.06950841565798693, par:462)
												idx482(Q:0.5221, distinct_name:0, dictinctin_value:-0.07617984110574617, par:478)
													idx488(Q:0.5246, distinct_name:0, dictinctin_value:-0.09812148969449835, par:482)
														idx496(Q:0.5256, distinct_name:0, dictinctin_value:-0.10012482464779363, par:488)
															idx502(Q:0.5285, distinct_name:2, dictinctin_value:1.4064514939244364, par:496)
																idx514(Q:0.5251, distinct_name:2, dictinctin_value:1.318805451770871, par:502)
																	idx524(Q:0.5169, distinct_name:0, dictinctin_value:-0.11118736531331526, par:514)
																		idx532(Q:0.5173, distinct_name:0, dictinctin_value:-0.12850307532465371, par:524)
																			idx540(Q:0.5219, par:532)
																			idx541(Q:0.3246, par:532)
																		idx533(Q:0.4972, par:524)
																	idx525(Q:0.7980, par:514)
																idx515(Q:0.7615, par:502)
															idx503(Q:0.1239, par:496)
														idx497(Q:0.4907, par:488)
													idx489(Q:0.1612, par:482)
												idx483(Q:0.6779, par:478)
											idx479(Q:0.3023, par:462)
										idx463(Q:0.8604, par:458)
									idx459(Q:0.9828, par:450)
								idx451(Q:0.3190, par:438)
							idx439(Q:0.9613, par:436)
						idx437(Q:0.9142, par:33)
			idx9(Q:0.3471, distinct_name:1, dictinctin_value:1.4532912275447858, par:6)
				idx14(Q:0.3256, distinct_name:0, dictinctin_value:0.6708677617788001, par:9)
					idx16(Q:0.3428, distinct_name:0, dictinctin_value:0.5219929201544601, par:14)
						idx20(Q:0.3428, distinct_name:0, dictinctin_value:0.38200451643824146, par:16)
							idx26(Q:0.3488, distinct_name:0, dictinctin_value:0.29175973898130836, par:20)
								idx34(Q:0.3486, distinct_name:3, dictinctin_value:1.2405945003824483, par:26)
									idx42(Q:0.3229, distinct_name:2, dictinctin_value:1.6139678071673451, par:34)
										idx48(Q:0.3177, distinct_name:1, dictinctin_value:1.0148453699076618, par:42)
											idx58(Q:0.3053, distinct_name:2, dictinctin_value:0.8422101128546527, par:48)
												idx66(Q:0.3142, distinct_name:2, dictinctin_value:0.5718071591898053, par:58)
													idx74(Q:0.3275, distinct_name:2, dictinctin_value:0.3335199702259944, par:66)
														idx80(Q:0.3515, distinct_name:2, dictinctin_value:0.2585267021680285, par:74)
															idx86(Q:0.3591, distinct_name:2, dictinctin_value:0.13295569297273957, par:80)
																idx96(Q:0.3764, distinct_name:2, dictinctin_value:0.0933394603867821, par:86)
																	idx106(Q:0.3851, distinct_name:2, dictinctin_value:0.047951172568074005, par:96)
																		idx116(Q:0.3935, distinct_name:2, dictinctin_value:-0.0025517231675584334, par:106)
																			idx126(Q:0.4011, par:116)
																			idx127(Q:0.1400, par:116)
																		idx117(Q:0.1509, par:106)
																	idx107(Q:0.1114, par:96)
																idx97(Q:0.1325, par:86)
															idx87(Q:0.1646, par:80)
														idx81(Q:0.1542, par:74)
													idx75(Q:0.1976, par:66)
												idx67(Q:0.2562, distinct_name:0, dictinctin_value:0.284001031471605, par:58)
													idx506(Q:0.2565, distinct_name:0, dictinctin_value:0.28239410324000885, par:67)
														idx526(Q:0.2545, distinct_name:1, dictinctin_value:0.83535054985968, par:506)
															idx546(Q:0.2311, distinct_name:2, dictinctin_value:1.5992728183505887, par:526)
																idx554(Q:0.2331, distinct_name:0, dictinctin_value:0.27983576931814547, par:546)
																	idx558(Q:0.2338, distinct_name:2, dictinctin_value:1.5459775970266707, par:554)
																		idx566(Q:0.2298, distinct_name:2, dictinctin_value:1.5137425616672946, par:558)
																			idx576(Q:0.2298, par:566)
																			idx577(Q:0.2291, par:566)
																		idx567(Q:0.3494, par:558)
																	idx559(Q:0.1898, par:554)
																idx555(Q:0.1136, par:546)
															idx547(Q:0.7287, par:526)
														idx527(Q:0.5128, par:506)
													idx507(Q:0.2169, par:67)
											idx59(Q:0.4323, par:48)
										idx49(Q:0.4106, par:42)
									idx43(Q:0.5339, distinct_name:3, dictinctin_value:2.7956706813891117, par:34)
										idx490(Q:0.5235, distinct_name:0, dictinctin_value:0.28758459307995216, par:43)
											idx498(Q:0.5185, distinct_name:2, dictinctin_value:1.7926081731949, par:490)
												idx508(Q:0.5116, distinct_name:0, dictinctin_value:0.2865220549225975, par:498)
													idx516(Q:0.5110, distinct_name:0, dictinctin_value:0.2785989659591723, par:508)
														idx528(Q:0.5181, distinct_name:3, dictinctin_value:2.7261255458914433, par:516)
															idx534(Q:0.5213, distinct_name:0, dictinctin_value:0.2763906794093015, par:528)
																idx542(Q:0.5231, distinct_name:0, dictinctin_value:0.2703031142425218, par:534)
																	idx560(Q:0.5217, distinct_name:3, dictinctin_value:2.563708411050972, par:542)
																		idx568(Q:0.5177, distinct_name:2, dictinctin_value:1.5803350412841866, par:560)
																			idx578(Q:0.5077, par:568)
																			idx579(Q:0.7504, par:568)
																		idx569(Q:0.7699, par:560)
																	idx561(Q:0.6884, par:542)
																idx543(Q:0.3073, par:534)
															idx535(Q:0.3125, par:528)
														idx529(Q:0.2106, par:516)
													idx517(Q:0.5832, par:508)
												idx509(Q:0.9712, par:498)
											idx499(Q:1.1979, par:490)
										idx491(Q:1.0038, par:43)
								idx35(Q:0.3497, distinct_name:1, dictinctin_value:1.344826515865718, par:26)
									idx236(Q:0.3478, distinct_name:3, dictinctin_value:1.6897348587436034, par:35)
										idx248(Q:0.3317, distinct_name:1, dictinctin_value:1.2341402111364463, par:236)
											idx262(Q:0.3320, distinct_name:3, dictinctin_value:1.3356049450605056, par:248)
												idx278(Q:0.3230, distinct_name:2, dictinctin_value:1.6241822054726756, par:262)
													idx294(Q:0.3142, distinct_name:0, dictinctin_value:0.3731119474318981, par:278)
														idx320(Q:0.3102, distinct_name:3, dictinctin_value:1.2759579982069145, par:294)
															idx344(Q:0.3003, distinct_name:0, dictinctin_value:0.37304242798500226, par:320)
																idx358(Q:0.3002, distinct_name:0, dictinctin_value:0.3707677109507447, par:344)
																	idx372(Q:0.3027, distinct_name:0, dictinctin_value:0.3697040787425107, par:358)
																		idx384(Q:0.3034, distinct_name:2, dictinctin_value:1.3789177574365135, par:372)
																			idx398(Q:0.3030, par:384)
																			idx399(Q:0.3408, par:384)
																		idx385(Q:0.2750, par:372)
																	idx373(Q:0.1232, par:358)
																idx359(Q:0.3297, par:344)
															idx345(Q:0.6603, par:320)
														idx321(Q:0.3682, par:294)
													idx295(Q:0.5111, par:278)
												idx279(Q:0.5343, par:262)
											idx263(Q:0.3069, par:248)
										idx249(Q:0.7660, par:236)
									idx237(Q:0.4358, par:35)
							idx27(Q:0.3215, distinct_name:2, dictinctin_value:1.5527241962490086, par:20)
								idx156(Q:0.3170, distinct_name:0, dictinctin_value:0.5137061072990365, par:27)
									idx166(Q:0.3219, distinct_name:0, dictinctin_value:0.5083060291160676, par:156)
										idx174(Q:0.3234, distinct_name:1, dictinctin_value:1.235555391656205, par:166)
											idx182(Q:0.3223, distinct_name:0, dictinctin_value:0.499318407708209, par:174)
												idx190(Q:0.3275, distinct_name:3, dictinctin_value:1.6437138459193195, par:182)
													idx198(Q:0.3189, distinct_name:0, dictinctin_value:0.4978828276393789, par:190)
														idx208(Q:0.3211, distinct_name:2, dictinctin_value:1.3588453420210258, par:198)
															idx222(Q:0.3177, distinct_name:2, dictinctin_value:0.9721483625475897, par:208)
																idx238(Q:0.3198, distinct_name:0, dictinctin_value:0.4972801494332726, par:222)
																	idx250(Q:0.3179, distinct_name:2, dictinctin_value:0.944961054171824, par:238)
																		idx264(Q:0.3214, distinct_name:2, dictinctin_value:0.872803430709856, par:250)
																			idx280(Q:0.3268, par:264)
																			idx281(Q:0.2116, par:264)
																		idx265(Q:0.1370, par:250)
																	idx251(Q:0.5718, par:238)
																idx239(Q:0.2893, par:222)
															idx223(Q:0.4173, par:208)
														idx209(Q:0.1910, par:198)
													idx199(Q:0.6506, par:190)
												idx191(Q:0.2488, par:182)
											idx183(Q:0.3519, par:174)
										idx175(Q:0.2904, par:166)
									idx167(Q:0.2426, par:156)
								idx157(Q:0.4373, par:27)
						idx21(Q:0.3429, distinct_name:1, dictinctin_value:1.3201670622027022, par:16)
							idx150(Q:0.3409, distinct_name:1, dictinctin_value:1.2234607090751204, par:21)
								idx158(Q:0.3419, distinct_name:1, dictinctin_value:1.0226433736171432, par:150)
									idx168(Q:0.3362, distinct_name:0, dictinctin_value:0.6649352976939671, par:158)
										idx176(Q:0.3352, distinct_name:2, dictinctin_value:1.8028367177150562, par:168)
											idx184(Q:0.3327, distinct_name:3, dictinctin_value:1.321083281680176, par:176)
												idx210(Q:0.3138, distinct_name:1, dictinctin_value:0.7493197611500411, par:184)
													idx224(Q:0.3061, distinct_name:2, dictinctin_value:1.1954012588052898, par:210)
														idx266(Q:0.3055, distinct_name:1, dictinctin_value:0.6035401367847275, par:224)
															idx282(Q:0.3053, distinct_name:1, dictinctin_value:0.5166827335099701, par:266)
																idx296(Q:0.3113, distinct_name:0, dictinctin_value:0.663963378246939, par:282)
																	idx308(Q:0.3095, distinct_name:0, dictinctin_value:0.6638782806630827, par:296)
																		idx322(Q:0.3077, distinct_name:2, dictinctin_value:1.1091905022156634, par:308)
																			idx332(Q:0.3120, par:322)
																			idx333(Q:0.1630, par:322)
																		idx323(Q:0.7405, par:308)
																	idx309(Q:0.7765, par:296)
																idx297(Q:0.1677, par:282)
															idx283(Q:0.3093, par:266)
														idx267(Q:0.3140, par:224)
													idx225(Q:0.3753, par:210)
												idx211(Q:0.5503, par:184)
											idx185(Q:0.4116, par:176)
										idx177(Q:0.3593, par:168)
									idx169(Q:0.4912, par:158)
								idx159(Q:0.2366, par:150)
							idx151(Q:0.4317, par:21)
					idx17(Q:0.3065, distinct_name:3, dictinctin_value:0.8871619234739136, par:14)
						idx22(Q:0.2753, distinct_name:1, dictinctin_value:0.895274831679809, par:17)
							idx28(Q:0.2606, distinct_name:3, dictinctin_value:0.4147697243292515, par:22)
								idx36(Q:0.2525, distinct_name:3, dictinctin_value:-0.009439492879810042, par:28)
									idx50(Q:0.2487, distinct_name:0, dictinctin_value:2.3121117874404824, par:36)
										idx52(Q:0.2501, distinct_name:0, dictinctin_value:1.9483716250181808, par:50)
											idx60(Q:0.2533, distinct_name:3, dictinctin_value:-0.018025248765568658, par:52)
												idx68(Q:0.2608, distinct_name:2, dictinctin_value:0.8033765660185509, par:60)
													idx88(Q:0.2666, distinct_name:2, dictinctin_value:0.6003623148969123, par:68)
														idx98(Q:0.2741, distinct_name:2, dictinctin_value:0.5329635912790776, par:88)
															idx108(Q:0.2788, distinct_name:2, dictinctin_value:0.3621996786015208, par:98)
																idx118(Q:0.2932, distinct_name:3, dictinctin_value:-0.05260374571449391, par:108)
																	idx128(Q:0.2952, distinct_name:2, dictinctin_value:0.22149263805201816, par:118)
																		idx134(Q:0.3089, distinct_name:2, dictinctin_value:0.13324256965432388, par:128)
																			idx140(Q:0.3210, par:134)
																			idx141(Q:0.1363, par:134)
																		idx135(Q:0.1491, par:128)
																	idx129(Q:0.2331, par:118)
																idx119(Q:0.1477, par:108)
															idx109(Q:0.1699, par:98)
														idx99(Q:0.1644, par:88)
													idx89(Q:0.2399, distinct_name:0, dictinctin_value:1.9001636825637473, par:68)
														idx420(Q:0.2380, distinct_name:0, dictinctin_value:1.8970534364477791, par:89)
															idx428(Q:0.2381, distinct_name:0, dictinctin_value:1.7864713255325577, par:420)
																idx434(Q:0.2397, distinct_name:0, dictinctin_value:1.7345810667045185, par:428)
																	idx440(Q:0.2371, distinct_name:0, dictinctin_value:1.7300479805066988, par:434)
																		idx446(Q:0.2377, distinct_name:0, dictinctin_value:1.6826477660222412, par:440)
																			idx452(Q:0.2353, par:446)
																			idx453(Q:0.3516, par:446)
																		idx447(Q:0.1492, par:440)
																	idx441(Q:0.3355, par:434)
																idx435(Q:0.1908, par:428)
															idx429(Q:0.2144, par:420)
														idx421(Q:0.2937, par:89)
												idx69(Q:0.1939, par:60)
											idx61(Q:0.1979, par:52)
										idx53(Q:0.1887, par:50)
									idx51(Q:0.2647, distinct_name:0, dictinctin_value:2.2255864685353126, par:36)
										idx268(Q:0.2658, distinct_name:0, dictinctin_value:1.8770234609938123, par:51)
											idx284(Q:0.2658, distinct_name:1, dictinctin_value:0.8208254329434517, par:268)
												idx298(Q:0.2675, distinct_name:0, dictinctin_value:1.7199871451158526, par:284)
													idx310(Q:0.2670, distinct_name:3, dictinctin_value:0.39481973457279324, par:298)
														idx346(Q:0.2684, distinct_name:2, dictinctin_value:2.0591657816242117, par:310)
															idx360(Q:0.2607, distinct_name:2, dictinctin_value:1.6416632040499568, par:346)
																idx374(Q:0.2598, distinct_name:0, dictinctin_value:1.6846076849979201, par:360)
																	idx386(Q:0.2607, distinct_name:2, dictinctin_value:1.5364517172370076, par:374)
																		idx400(Q:0.2599, distinct_name:2, dictinctin_value:1.321416179085615, par:386)
																			idx408(Q:0.2578, par:400)
																			idx409(Q:0.3184, par:400)
																		idx401(Q:0.2993, par:386)
																	idx387(Q:0.1886, par:374)
																idx375(Q:0.3030, par:360)
															idx361(Q:0.7383, par:346)
														idx347(Q:0.2160, par:310)
													idx311(Q:0.2837, par:298)
												idx299(Q:0.2089, par:284)
											idx285(Q:0.2665, par:268)
										idx269(Q:0.2326, par:51)
								idx37(Q:0.2989, distinct_name:1, dictinctin_value:0.7946772031835798, par:28)
									idx312(Q:0.2920, distinct_name:2, dictinctin_value:1.9378572482198, par:37)
										idx324(Q:0.2844, distinct_name:0, dictinctin_value:2.1880833067537604, par:312)
											idx334(Q:0.2850, distinct_name:0, dictinctin_value:2.1673152418059, par:324)
												idx348(Q:0.2826, distinct_name:0, dictinctin_value:2.0644684179947266, par:334)
													idx362(Q:0.2813, distinct_name:2, dictinctin_value:1.6060442338491094, par:348)
														idx376(Q:0.2721, distinct_name:0, dictinctin_value:1.8821116949330967, par:362)
															idx388(Q:0.2758, distinct_name:2, dictinctin_value:1.5867185725408008, par:376)
																idx402(Q:0.2760, distinct_name:0, dictinctin_value:1.8162737627685595, par:388)
																	idx410(Q:0.2790, distinct_name:2, dictinctin_value:1.474613989336331, par:402)
																		idx414(Q:0.2746, distinct_name:2, dictinctin_value:1.322085439542282, par:410)
																			idx422(Q:0.2746, par:414)
																			idx423(Q:0.2744, par:414)
																		idx415(Q:0.7277, par:410)
																	idx411(Q:0.1206, par:402)
																idx403(Q:0.2603, par:388)
															idx389(Q:0.1585, par:376)
														idx377(Q:0.5362, par:362)
													idx363(Q:0.3418, par:348)
												idx349(Q:0.4213, par:334)
											idx335(Q:0.2633, par:324)
										idx325(Q:0.5989, par:312)
									idx313(Q:0.4699, par:37)
							idx29(Q:0.3866, distinct_name:0, dictinctin_value:2.44084525907838, par:22)
								idx336(Q:0.3879, distinct_name:0, dictinctin_value:2.3332385876998147, par:29)
									idx350(Q:0.3901, distinct_name:2, dictinctin_value:1.313989803673234, par:336)
										idx364(Q:0.3564, distinct_name:2, dictinctin_value:1.2075088067941002, par:350)
											idx378(Q:0.3538, distinct_name:0, dictinctin_value:2.3276851139515355, par:364)
												idx390(Q:0.3527, distinct_name:2, dictinctin_value:1.1566628366759308, par:378)
													idx404(Q:0.3468, distinct_name:2, dictinctin_value:1.049026714172236, par:390)
														idx412(Q:0.3435, distinct_name:2, dictinctin_value:1.0138168631315498, par:404)
															idx418(Q:0.3407, distinct_name:0, dictinctin_value:2.3136303024689413, par:412)
																idx424(Q:0.3406, distinct_name:1, dictinctin_value:1.4142431093508798, par:418)
																	idx430(Q:0.3447, distinct_name:0, dictinctin_value:2.2572655688242222, par:424)
																		idx442(Q:0.3434, distinct_name:0, dictinctin_value:2.2507333712501807, par:430)
																			idx454(Q:0.3433, par:442)
																			idx455(Q:0.3551, par:442)
																		idx443(Q:0.5398, par:430)
																	idx431(Q:0.2625, par:424)
																idx425(Q:0.3611, par:418)
															idx419(Q:0.4918, par:412)
														idx413(Q:0.5241, par:404)
													idx405(Q:0.5944, par:390)
												idx391(Q:0.5313, par:378)
											idx379(Q:0.5828, par:364)
										idx365(Q:0.6781, par:350)
									idx351(Q:0.2484, par:336)
								idx337(Q:0.2579, par:29)
						idx23(Q:0.4626, distinct_name:0, dictinctin_value:2.1444723574903684, par:17)
							idx160(Q:0.4624, distinct_name:0, dictinctin_value:2.133798778100152, par:23)
								idx170(Q:0.4628, distinct_name:2, dictinctin_value:1.564504591409782, par:160)
									idx178(Q:0.4384, distinct_name:2, dictinctin_value:1.4113473869711974, par:170)
										idx186(Q:0.4332, distinct_name:0, dictinctin_value:2.1063540893171067, par:178)
											idx192(Q:0.4340, distinct_name:2, dictinctin_value:1.2195161175228741, par:186)
												idx200(Q:0.4283, distinct_name:0, dictinctin_value:1.9676721667093595, par:192)
													idx212(Q:0.4261, distinct_name:0, dictinctin_value:1.8926417272552991, par:200)
														idx226(Q:0.4253, distinct_name:0, dictinctin_value:1.7713311316515392, par:212)
															idx252(Q:0.4297, distinct_name:1, dictinctin_value:1.3213229930390704, par:226)
																idx270(Q:0.4246, distinct_name:0, dictinctin_value:1.7442155745503336, par:252)
																	idx300(Q:0.4228, distinct_name:0, dictinctin_value:1.3536781616204123, par:270)
																		idx392(Q:0.4247, distinct_name:0, dictinctin_value:1.2274516322533688, par:300)
																			idx416(Q:0.4264, par:392)
																			idx417(Q:0.4123, par:392)
																		idx393(Q:0.4138, par:300)
																	idx301(Q:0.6548, par:270)
																idx271(Q:0.6092, par:252)
															idx253(Q:0.3010, par:226)
														idx227(Q:0.4615, par:212)
													idx213(Q:0.4932, par:200)
												idx201(Q:0.5477, par:192)
											idx193(Q:0.3158, par:186)
										idx187(Q:0.6318, par:178)
									idx179(Q:0.8510, par:170)
								idx171(Q:0.3511, par:160)
							idx161(Q:0.4661, par:23)
				idx15(Q:0.6163, distinct_name:2, dictinctin_value:1.9938158806166744, par:9)
					idx194(Q:0.6050, distinct_name:3, dictinctin_value:2.0149638943737203, par:15)
						idx202(Q:0.5941, distinct_name:3, dictinctin_value:1.626087400144554, par:194)
							idx214(Q:0.5901, distinct_name:1, dictinctin_value:2.6727016574162166, par:202)
								idx228(Q:0.5778, distinct_name:2, dictinctin_value:1.776904010924299, par:214)
									idx240(Q:0.5733, distinct_name:2, dictinctin_value:1.4203463682180766, par:228)
										idx254(Q:0.5616, distinct_name:0, dictinctin_value:2.115573493736756, par:240)
											idx272(Q:0.5626, distinct_name:2, dictinctin_value:1.306259966260203, par:254)
												idx286(Q:0.5496, distinct_name:2, dictinctin_value:1.2529155214914378, par:272)
													idx302(Q:0.5456, distinct_name:2, dictinctin_value:0.808199081795812, par:286)
														idx314(Q:0.5211, distinct_name:2, dictinctin_value:0.7214446989843575, par:302)
															idx326(Q:0.5145, distinct_name:2, dictinctin_value:0.7041168221107604, par:314)
																idx338(Q:0.5137, distinct_name:0, dictinctin_value:2.1110030599556926, par:326)
																	idx352(Q:0.5145, distinct_name:0, dictinctin_value:2.0312710900603177, par:338)
																		idx366(Q:0.5128, distinct_name:2, dictinctin_value:0.6878681581259294, par:352)
																			idx394(Q:0.5107, par:366)
																			idx395(Q:0.7374, par:366)
																		idx367(Q:0.6383, par:352)
																	idx353(Q:0.3397, par:338)
																idx339(Q:0.6013, par:326)
															idx327(Q:0.6702, par:314)
														idx315(Q:0.8465, par:302)
													idx303(Q:0.8049, par:286)
												idx287(Q:0.8402, par:272)
											idx273(Q:0.5122, par:254)
										idx255(Q:0.8008, par:240)
									idx241(Q:0.9026, par:228)
								idx229(Q:0.8159, par:214)
							idx215(Q:0.7165, par:202)
						idx203(Q:0.9193, par:194)
					idx195(Q:0.9885, par:15)
		idx7(Q:0.3927, par:4)
	idx5(Q:0.2857, par:1)
