WARNING:tensorflow:From /Users/keithwu/opt/anaconda3/envs/auction-gym/lib/python3.10/site-packages/tensorflow/python/compat/v2_compat.py:107: disable_resource_variables (from tensorflow.python.ops.variable_scope) is deprecated and will be removed in a future version.
Instructions for updating:
non-resource variables are not supported in the long term
<_io.TextIOWrapper name='<stderr>' mode='w' encoding='utf-8'> reading from ../UTree_model_numpy/DM/model_boost_linear_qsplit_noabs_save/, starting at 33
<_io.TextIOWrapper name='<stderr>' mode='w' encoding='utf-8'> =============== update starts ===============
(average_diff:0.0011610298309618226, max_diff:0.0026442596302074795, training_epochs:50, lr:0.05)
<_io.TextIOWrapper name='<stderr>' mode='w' encoding='utf-8'> node index is 111
train linear regression time:  0.04740354232490063
(average_diff:0.0033739360217156233, max_diff:0.006091884206698872, training_epochs:50, lr:0.05)
<_io.TextIOWrapper name='<stderr>' mode='w' encoding='utf-8'> node index is 101
train linear regression time:  0.05041508283466101
(average_diff:0.001621780541868012, max_diff:0.004392099787456083, training_epochs:50, lr:0.05)
<_io.TextIOWrapper name='<stderr>' mode='w' encoding='utf-8'> node index is 91
train linear regression time:  0.048357333056628704
(average_diff:0.019201167805184174, max_diff:0.13717533295853393, training_epochs:50, lr:0.05)
<_io.TextIOWrapper name='<stderr>' mode='w' encoding='utf-8'> node index is 83
train linear regression time:  0.04819829203188419
(average_diff:0.02502956999105141, max_diff:0.10741298232221175, training_epochs:50, lr:0.05)
<_io.TextIOWrapper name='<stderr>' mode='w' encoding='utf-8'> node index is 77
train linear regression time:  0.04841341683641076
(average_diff:0.038426551703760504, max_diff:0.11390326839240064, training_epochs:50, lr:0.05)
<_io.TextIOWrapper name='<stderr>' mode='w' encoding='utf-8'> node index is 71
train linear regression time:  0.049258749932050705
(average_diff:0.04825276333417876, max_diff:0.13552721604800816, training_epochs:50, lr:0.05)
<_io.TextIOWrapper name='<stderr>' mode='w' encoding='utf-8'> node index is 63
train linear regression time:  0.04864345910027623
(average_diff:0.06590622891886251, max_diff:0.16301026848138966, training_epochs:50, lr:0.05)
<_io.TextIOWrapper name='<stderr>' mode='w' encoding='utf-8'> node index is 55
train linear regression time:  0.04882495943456888
(average_diff:0.07271889196668709, max_diff:0.21914287247455064, training_epochs:50, lr:0.05)
<_io.TextIOWrapper name='<stderr>' mode='w' encoding='utf-8'> node index is 45
train linear regression time:  0.04941512504592538
(average_diff:0.0655047868445288, max_diff:0.24222381583750185, training_epochs:50, lr:0.05)
<_io.TextIOWrapper name='<stderr>' mode='w' encoding='utf-8'> node index is 39
train linear regression time:  0.04891916690394282
(average_diff:0.09678993813884046, max_diff:0.2994797168348814, training_epochs:50, lr:0.05)
<_io.TextIOWrapper name='<stderr>' mode='w' encoding='utf-8'> node index is 31
train linear regression time:  0.04889783309772611
(average_diff:0.060074110669258766, max_diff:0.34201578462674803, training_epochs:50, lr:0.05)
<_io.TextIOWrapper name='<stderr>' mode='w' encoding='utf-8'> node index is 242
train linear regression time:  0.04958033422008157
<_io.TextIOWrapper name='<stderr>' mode='w' encoding='utf-8'> variance test passed, diff=0.05508929988799337, d = 0, back=0
<_io.TextIOWrapper name='<stderr>' mode='w' encoding='utf-8'> variance test passed, diff=0.07996844717782421, d = 1, back=0
<_io.TextIOWrapper name='<stderr>' mode='w' encoding='utf-8'> Will be split, p=0.07996844717782421, d=1, back=0
(average_diff:0.06009095303066095, max_diff:0.3482576727929115, training_epochs:50, lr:0.05)
<_io.TextIOWrapper name='<stderr>' mode='w' encoding='utf-8'> node index is 256
train linear regression time:  0.0473643746227026
(average_diff:0.0002592140191061687, max_diff:0.000301509167679459, training_epochs:50, lr:0.05)
<_io.TextIOWrapper name='<stderr>' mode='w' encoding='utf-8'> node index is 257
train linear regression time:  0.050135958939790726
(average_diff:0.05038300957967394, max_diff:0.10785493552297593, training_epochs:50, lr:0.05)
<_io.TextIOWrapper name='<stderr>' mode='w' encoding='utf-8'> node index is 243
train linear regression time:  0.050561708863824606
(average_diff:2.220446049250313e-16, max_diff:2.220446049250313e-16, training_epochs:50, lr:0.05)
<_io.TextIOWrapper name='<stderr>' mode='w' encoding='utf-8'> node index is 231
train linear regression time:  0.04814712516963482
(average_diff:0.06480575958401148, max_diff:0.1362184220669186, training_epochs:50, lr:0.05)
<_io.TextIOWrapper name='<stderr>' mode='w' encoding='utf-8'> node index is 217
train linear regression time:  0.04837320791557431
(average_diff:0.14340765059967403, max_diff:0.5035993272787844, training_epochs:50, lr:0.05)
<_io.TextIOWrapper name='<stderr>' mode='w' encoding='utf-8'> node index is 244
train linear regression time:  0.04847379168495536
<_io.TextIOWrapper name='<stderr>' mode='w' encoding='utf-8'> variance test passed, diff=0.012003437119020077, d = 0, back=0
<_io.TextIOWrapper name='<stderr>' mode='w' encoding='utf-8'> variance test passed, diff=0.03380706686177609, d = 1, back=0
<_io.TextIOWrapper name='<stderr>' mode='w' encoding='utf-8'> variance test passed, diff=0.06308700233835933, d = 2, back=0
<_io.TextIOWrapper name='<stderr>' mode='w' encoding='utf-8'> Will be split, p=0.06308700233835933, d=2, back=0
(average_diff:0.13648554195819906, max_diff:0.4812703296845446, training_epochs:50, lr:0.05)
<_io.TextIOWrapper name='<stderr>' mode='w' encoding='utf-8'> node index is 258
train linear regression time:  0.04913725005462766
(average_diff:0.03223655603661829, max_diff:0.04879358503005027, training_epochs:50, lr:0.05)
<_io.TextIOWrapper name='<stderr>' mode='w' encoding='utf-8'> node index is 259
train linear regression time:  0.04767312481999397
(average_diff:0.03450052770519735, max_diff:0.035461320774450966, training_epochs:50, lr:0.05)
<_io.TextIOWrapper name='<stderr>' mode='w' encoding='utf-8'> node index is 245
train linear regression time:  0.04739895788952708
(average_diff:0.02677041652241154, max_diff:0.053351384884476605, training_epochs:50, lr:0.05)
<_io.TextIOWrapper name='<stderr>' mode='w' encoding='utf-8'> node index is 233
train linear regression time:  0.04877554206177592
(average_diff:2.220446049250313e-16, max_diff:2.220446049250313e-16, training_epochs:50, lr:0.05)
<_io.TextIOWrapper name='<stderr>' mode='w' encoding='utf-8'> node index is 219
train linear regression time:  0.04761687479913235
(average_diff:0.014754770517666115, max_diff:0.03759955259750403, training_epochs:50, lr:0.05)
<_io.TextIOWrapper name='<stderr>' mode='w' encoding='utf-8'> node index is 205
train linear regression time:  0.047604708932340145
(average_diff:0.0104367687525444, max_diff:0.020776477369781166, training_epochs:50, lr:0.05)
<_io.TextIOWrapper name='<stderr>' mode='w' encoding='utf-8'> node index is 197
train linear regression time:  0.047609834000468254
(average_diff:0.018509468106009713, max_diff:0.033292457324093694, training_epochs:50, lr:0.05)
<_io.TextIOWrapper name='<stderr>' mode='w' encoding='utf-8'> node index is 189
train linear regression time:  0.04774737497791648
(average_diff:0.010192023270473041, max_diff:0.024633469899656424, training_epochs:50, lr:0.05)
<_io.TextIOWrapper name='<stderr>' mode='w' encoding='utf-8'> node index is 181
train linear regression time:  0.047732374630868435
(average_diff:0.03733559397549271, max_diff:0.06277967050537114, training_epochs:50, lr:0.05)
<_io.TextIOWrapper name='<stderr>' mode='w' encoding='utf-8'> node index is 173
train linear regression time:  0.04775524977594614
(average_diff:0.022120841234066636, max_diff:0.04275943955461714, training_epochs:50, lr:0.05)
<_io.TextIOWrapper name='<stderr>' mode='w' encoding='utf-8'> node index is 163
train linear regression time:  0.04725900012999773
(average_diff:0.0, max_diff:0.0, training_epochs:50, lr:0.05)
<_io.TextIOWrapper name='<stderr>' mode='w' encoding='utf-8'> node index is 153
train linear regression time:  0.047841624822467566
(average_diff:0.12637842863905258, max_diff:0.1948335931130571, training_epochs:50, lr:0.05)
<_io.TextIOWrapper name='<stderr>' mode='w' encoding='utf-8'> node index is 221
train linear regression time:  0.047617875039577484
(average_diff:0.11279420575967802, max_diff:0.288764096627966, training_epochs:50, lr:0.05)<_io.TextIOWrapper name='<stderr>' mode='w' encoding='utf-8'> node index is 207
train linear regression time:  0.0480705420486629
(average_diff:0.15487878602130573, max_diff:0.3911643847829216, training_epochs:50, lr:0.05)
<_io.TextIOWrapper name='<stderr>' mode='w' encoding='utf-8'> node index is 165
train linear regression time:  0.0485098329372704
(average_diff:0.06269525007312617, max_diff:0.12447951604394958, training_epochs:50, lr:0.05)
<_io.TextIOWrapper name='<stderr>' mode='w' encoding='utf-8'> node index is 155
train linear regression time:  0.04855295829474926
(average_diff:0.13087100780502858, max_diff:0.21487662008107478, training_epochs:50, lr:0.05)
<_io.TextIOWrapper name='<stderr>' mode='w' encoding='utf-8'> node index is 149
train linear regression time:  0.048468208871781826
(average_diff:0.05139533690931154, max_diff:0.11455133173027268, training_epochs:50, lr:0.05)
<_io.TextIOWrapper name='<stderr>' mode='w' encoding='utf-8'> node index is 147
train linear regression time:  0.04754895903170109
(average_diff:0.0614726594084764, max_diff:0.11676065259320811, training_epochs:50, lr:0.05)
<_io.TextIOWrapper name='<stderr>' mode='w' encoding='utf-8'> node index is 143
train linear regression time:  0.049402374774217606
(average_diff:0.03193636952886806, max_diff:0.06860423381380232, training_epochs:50, lr:0.05)
<_io.TextIOWrapper name='<stderr>' mode='w' encoding='utf-8'> node index is 137
train linear regression time:  0.04836087487637997
(average_diff:0.03339960763668858, max_diff:0.07597128949330686, training_epochs:50, lr:0.05)
<_io.TextIOWrapper name='<stderr>' mode='w' encoding='utf-8'> node index is 131
train linear regression time:  0.04921533307060599
(average_diff:0.021596173062129388, max_diff:0.06583766458580925, training_epochs:50, lr:0.05)
<_io.TextIOWrapper name='<stderr>' mode='w' encoding='utf-8'> node index is 123
train linear regression time:  0.05110937496647239
(average_diff:0.03798256449454886, max_diff:0.10032473821205523, training_epochs:50, lr:0.05)
<_io.TextIOWrapper name='<stderr>' mode='w' encoding='utf-8'> node index is 113
train linear regression time:  0.04827479179948568
(average_diff:0.07130089316370548, max_diff:0.2762017367623151, training_epochs:50, lr:0.05)
<_io.TextIOWrapper name='<stderr>' mode='w' encoding='utf-8'> node index is 103
train linear regression time:  0.04829516587778926
(average_diff:0.059542642225773164, max_diff:0.09763824407461996, training_epochs:50, lr:0.05)
<_io.TextIOWrapper name='<stderr>' mode='w' encoding='utf-8'> node index is 93
train linear regression time:  0.04878004128113389
(average_diff:0.0022719157687562776, max_diff:0.0038939519888779306, training_epochs:50, lr:0.05)
<_io.TextIOWrapper name='<stderr>' mode='w' encoding='utf-8'> node index is 139
train linear regression time:  0.04772712476551533
(average_diff:0.05211825732170031, max_diff:0.14949429088648872, training_epochs:50, lr:0.05)
<_io.TextIOWrapper name='<stderr>' mode='w' encoding='utf-8'> node index is 133
train linear regression time:  0.05295487493276596
(average_diff:0.020434720561826113, max_diff:0.04657695723947958, training_epochs:50, lr:0.05)
<_io.TextIOWrapper name='<stderr>' mode='w' encoding='utf-8'> node index is 125
train linear regression time:  0.050030124839395285
(average_diff:0.0636599472165789, max_diff:0.1916336140190219, training_epochs:50, lr:0.05)
<_io.TextIOWrapper name='<stderr>' mode='w' encoding='utf-8'> node index is 115
train linear regression time:  0.05044162506237626
(average_diff:0.06556148216125421, max_diff:0.21549568544090808, training_epochs:50, lr:0.05)
<_io.TextIOWrapper name='<stderr>' mode='w' encoding='utf-8'> node index is 105
train linear regression time:  0.04883133294060826
(average_diff:0.037665570253740704, max_diff:0.19566366607586028, training_epochs:50, lr:0.05)
<_io.TextIOWrapper name='<stderr>' mode='w' encoding='utf-8'> node index is 95
train linear regression time:  0.04750537499785423
(average_diff:0.06527355243141761, max_diff:0.11122368151847514, training_epochs:50, lr:0.05)
<_io.TextIOWrapper name='<stderr>' mode='w' encoding='utf-8'> node index is 85
train linear regression time:  0.04859750019386411
(average_diff:0.05556250207539289, max_diff:0.11759833546483646, training_epochs:50, lr:0.05)
<_io.TextIOWrapper name='<stderr>' mode='w' encoding='utf-8'> node index is 79
train linear regression time:  0.047533417120575905
(average_diff:0.13548109916209236, max_diff:0.37009927671041926, training_epochs:50, lr:0.05)
<_io.TextIOWrapper name='<stderr>' mode='w' encoding='utf-8'> node index is 73
train linear regression time:  0.04754350008442998
(average_diff:0.08432687505737797, max_diff:0.294802119393297, training_epochs:50, lr:0.05)
<_io.TextIOWrapper name='<stderr>' mode='w' encoding='utf-8'> node index is 65
train linear regression time:  0.0483299158513546
(average_diff:0.08587418347573442, max_diff:0.3588380172438678, training_epochs:50, lr:0.05)
<_io.TextIOWrapper name='<stderr>' mode='w' encoding='utf-8'> node index is 57
train linear regression time:  0.04787241714075208
(average_diff:0.09012372260664842, max_diff:0.512636414861005, training_epochs:50, lr:0.05)
<_io.TextIOWrapper name='<stderr>' mode='w' encoding='utf-8'> node index is 47
train linear regression time:  0.050285916309803724
(average_diff:0.1912625324413392, max_diff:0.7464357211366137, training_epochs:50, lr:0.05)
<_io.TextIOWrapper name='<stderr>' mode='w' encoding='utf-8'> node index is 246
train linear regression time:  0.049579916056245565
<_io.TextIOWrapper name='<stderr>' mode='w' encoding='utf-8'> variance test passed, diff=0.07330004756111994, d = 0, back=0
<_io.TextIOWrapper name='<stderr>' mode='w' encoding='utf-8'> Will be split, p=0.07330004756111994, d=0, back=0
(average_diff:0.19031589945806623, max_diff:0.742668257745196, training_epochs:50, lr:0.05)
<_io.TextIOWrapper name='<stderr>' mode='w' encoding='utf-8'> node index is 260
train linear regression time:  0.04935287497937679
(average_diff:0.0001712103816282895, max_diff:0.0001712103816282895, training_epochs:50, lr:0.05)
<_io.TextIOWrapper name='<stderr>' mode='w' encoding='utf-8'> node index is 261
train linear regression time:  0.0487104170024395
(average_diff:0.01493779909995363, max_diff:0.022558706250344174, training_epochs:50, lr:0.05)
<_io.TextIOWrapper name='<stderr>' mode='w' encoding='utf-8'> node index is 247
train linear regression time:  0.047611874993890524
(average_diff:0.17521043204860717, max_diff:0.7729389879733467, training_epochs:50, lr:0.05)
<_io.TextIOWrapper name='<stderr>' mode='w' encoding='utf-8'> node index is 33
train linear regression time:  0.049695624969899654
(average_diff:0.03395965517973081, max_diff:0.0476211593879754, training_epochs:50, lr:0.05)
<_io.TextIOWrapper name='<stderr>' mode='w' encoding='utf-8'> node index is 117
train linear regression time:  0.050274624954909086
(average_diff:0.020309107512851775, max_diff:0.03985985462173082, training_epochs:50, lr:0.05)
<_io.TextIOWrapper name='<stderr>' mode='w' encoding='utf-8'> node index is 107
train linear regression time:  0.05025683296844363
(average_diff:0.03570680596196822, max_diff:0.11189609147178081, training_epochs:50, lr:0.05)
<_io.TextIOWrapper name='<stderr>' mode='w' encoding='utf-8'> node index is 97
train linear regression time:  0.048278375063091516
(average_diff:0.06665000418303843, max_diff:0.14059212604414767, training_epochs:50, lr:0.05)
<_io.TextIOWrapper name='<stderr>' mode='w' encoding='utf-8'> node index is 87
train linear regression time:  0.050696833059191704
(average_diff:0.06527980124100388, max_diff:0.3107274075736725, training_epochs:50, lr:0.05)
<_io.TextIOWrapper name='<stderr>' mode='w' encoding='utf-8'> node index is 81
train linear regression time:  0.051981749944388866
(average_diff:0.06126990938472152, max_diff:0.19438721857170804, training_epochs:50, lr:0.05)
<_io.TextIOWrapper name='<stderr>' mode='w' encoding='utf-8'> node index is 75
train linear regression time:  0.049409166909754276
(average_diff:0.09607576640629459, max_diff:0.27081702369099436, training_epochs:50, lr:0.05)
<_io.TextIOWrapper name='<stderr>' mode='w' encoding='utf-8'> node index is 67
train linear regression time:  0.048413666896522045
(average_diff:0.1697218460223516, max_diff:0.42236748780809297, training_epochs:50, lr:0.05)
<_io.TextIOWrapper name='<stderr>' mode='w' encoding='utf-8'> node index is 59
train linear regression time:  0.04894716665148735
(average_diff:0.10437765204854266, max_diff:0.3119146663374188, training_epochs:50, lr:0.05)
<_io.TextIOWrapper name='<stderr>' mode='w' encoding='utf-8'> node index is 49
train linear regression time:  0.04867708310484886
(average_diff:0.1688647102212588, max_diff:0.5982404396898531, training_epochs:50, lr:0.05)
<_io.TextIOWrapper name='<stderr>' mode='w' encoding='utf-8'> node index is 43
train linear regression time:  0.04791233269497752
(average_diff:0.1921195289061619, max_diff:0.667075812756239, training_epochs:50, lr:0.05)
<_io.TextIOWrapper name='<stderr>' mode='w' encoding='utf-8'> node index is 248
train linear regression time:  0.05016912519931793
<_io.TextIOWrapper name='<stderr>' mode='w' encoding='utf-8'> variance test passed, diff=0.07453599379990504, d = 0, back=0
<_io.TextIOWrapper name='<stderr>' mode='w' encoding='utf-8'> variance test passed, diff=0.07500182667494841, d = 1, back=0
<_io.TextIOWrapper name='<stderr>' mode='w' encoding='utf-8'> Will be split, p=0.07500182667494841, d=1, back=0
(average_diff:0.19187483533607527, max_diff:0.6580600815941211, training_epochs:50, lr:0.05)
<_io.TextIOWrapper name='<stderr>' mode='w' encoding='utf-8'> node index is 262
train linear regression time:  0.04911279212683439
(average_diff:0.001598302360863793, max_diff:0.001770546203300416, training_epochs:50, lr:0.05)
<_io.TextIOWrapper name='<stderr>' mode='w' encoding='utf-8'> node index is 263
train linear regression time:  0.048162582796067
(average_diff:0.0424974404664632, max_diff:0.04430881928515906, training_epochs:50, lr:0.05)
<_io.TextIOWrapper name='<stderr>' mode='w' encoding='utf-8'> node index is 249
train linear regression time:  0.048222708981484175
(average_diff:8.211471284325089e-07, max_diff:9.507466334768289e-07, training_epochs:50, lr:0.05)
<_io.TextIOWrapper name='<stderr>' mode='w' encoding='utf-8'> node index is 237
train linear regression time:  0.04780304105952382
(average_diff:0.09946571227944918, max_diff:0.4481896816610286, training_epochs:50, lr:0.05)
<_io.TextIOWrapper name='<stderr>' mode='w' encoding='utf-8'> node index is 250
train linear regression time:  0.047074166126549244
<_io.TextIOWrapper name='<stderr>' mode='w' encoding='utf-8'> variance test passed, diff=0.04168181139607035, d = 1, back=0
<_io.TextIOWrapper name='<stderr>' mode='w' encoding='utf-8'> variance test passed, diff=0.04243506117874371, d = 2, back=0
<_io.TextIOWrapper name='<stderr>' mode='w' encoding='utf-8'> Will be split, p=0.04243506117874371, d=2, back=0
(average_diff:0.10050381070438258, max_diff:0.44418963926467936, training_epochs:50, lr:0.05)
<_io.TextIOWrapper name='<stderr>' mode='w' encoding='utf-8'> node index is 264
train linear regression time:  0.0488472911529243
(average_diff:0.0010923155191837376, max_diff:0.0012736706128551462, training_epochs:50, lr:0.05)
<_io.TextIOWrapper name='<stderr>' mode='w' encoding='utf-8'> node index is 265
train linear regression time:  0.04781862488016486
(average_diff:0.0, max_diff:0.0, training_epochs:50, lr:0.05)
<_io.TextIOWrapper name='<stderr>' mode='w' encoding='utf-8'> node index is 251
train linear regression time:  0.050470166839659214
(average_diff:0.04776478812553798, max_diff:0.11505927840732905, training_epochs:50, lr:0.05)
<_io.TextIOWrapper name='<stderr>' mode='w' encoding='utf-8'> node index is 239
train linear regression time:  0.04882929101586342
(average_diff:0.017944482540625584, max_diff:0.02440803748433973, training_epochs:50, lr:0.05)
<_io.TextIOWrapper name='<stderr>' mode='w' encoding='utf-8'> node index is 223
train linear regression time:  0.04881508322432637
(average_diff:1.1102230246251565e-16, max_diff:1.1102230246251565e-16, training_epochs:50, lr:0.05)
<_io.TextIOWrapper name='<stderr>' mode='w' encoding='utf-8'> node index is 209
train linear regression time:  0.04777849977836013
(average_diff:0.0031704510988144197, max_diff:0.0048156637654164225, training_epochs:50, lr:0.05)
<_io.TextIOWrapper name='<stderr>' mode='w' encoding='utf-8'> node index is 199
train linear regression time:  0.04790070932358503
(average_diff:0.056985525151200776, max_diff:0.13392459541601132, training_epochs:50, lr:0.05)
<_io.TextIOWrapper name='<stderr>' mode='w' encoding='utf-8'> node index is 191
train linear regression time:  0.04916862491518259
(average_diff:2.7755575615628914e-17, max_diff:5.551115123125783e-17, training_epochs:50, lr:0.05)
<_io.TextIOWrapper name='<stderr>' mode='w' encoding='utf-8'> node index is 183
train linear regression time:  0.04807762475684285
(average_diff:0.05656298611111946, max_diff:0.07055451679641123, training_epochs:50, lr:0.05)
<_io.TextIOWrapper name='<stderr>' mode='w' encoding='utf-8'> node index is 175
train linear regression time:  0.04646229185163975
(average_diff:0.07670417305734781, max_diff:0.16595660173698087, training_epochs:50, lr:0.05)
<_io.TextIOWrapper name='<stderr>' mode='w' encoding='utf-8'> node index is 167
train linear regression time:  0.049517542123794556
(average_diff:0.05180393210119207, max_diff:0.08054985236177686, training_epochs:50, lr:0.05)
<_io.TextIOWrapper name='<stderr>' mode='w' encoding='utf-8'> node index is 157
train linear regression time:  0.04735266696661711
(average_diff:0.14504712588743243, max_diff:0.5457796708858695, training_epochs:50, lr:0.05)
<_io.TextIOWrapper name='<stderr>' mode='w' encoding='utf-8'> node index is 224
train linear regression time:  0.048238666728138924
<_io.TextIOWrapper name='<stderr>' mode='w' encoding='utf-8'> variance test passed, diff=0.01061031185860966, d = 2, back=0
<_io.TextIOWrapper name='<stderr>' mode='w' encoding='utf-8'> Will be split, p=0.01061031185860966, d=2, back=0
(average_diff:0.12790723699048145, max_diff:0.6106679199600047, training_epochs:50, lr:0.05)
<_io.TextIOWrapper name='<stderr>' mode='w' encoding='utf-8'> node index is 266
train linear regression time:  0.049410542007535696
(average_diff:0.06702068951952178, max_diff:0.19781912467974372, training_epochs:50, lr:0.05)
<_io.TextIOWrapper name='<stderr>' mode='w' encoding='utf-8'> node index is 267
train linear regression time:  0.0482998751103878
(average_diff:0.1186365725315276, max_diff:0.2384628094063138, training_epochs:50, lr:0.05)
<_io.TextIOWrapper name='<stderr>' mode='w' encoding='utf-8'> node index is 225
train linear regression time:  0.047762040980160236
(average_diff:0.2831903507700806, max_diff:0.4661252737667284, training_epochs:50, lr:0.05)
<_io.TextIOWrapper name='<stderr>' mode='w' encoding='utf-8'> node index is 211
train linear regression time:  0.05027949996292591
(average_diff:0.024522271528414352, max_diff:0.05904310026337625, training_epochs:50, lr:0.05)
<_io.TextIOWrapper name='<stderr>' mode='w' encoding='utf-8'> node index is 185
train linear regression time:  0.050701667089015245
(average_diff:0.005377414638360477, max_diff:0.013459592473887616, training_epochs:50, lr:0.05)
<_io.TextIOWrapper name='<stderr>' mode='w' encoding='utf-8'> node index is 177
train linear regression time:  0.048211416229605675
(average_diff:0.1374429522683548, max_diff:0.34781045566105473, training_epochs:50, lr:0.05)
<_io.TextIOWrapper name='<stderr>' mode='w' encoding='utf-8'> node index is 169
train linear regression time:  0.04881333280354738
(average_diff:0.0, max_diff:0.0, training_epochs:50, lr:0.05)
<_io.TextIOWrapper name='<stderr>' mode='w' encoding='utf-8'> node index is 159
train linear regression time:  0.04863204201683402
(average_diff:0.04272742761508906, max_diff:0.08443970955515928, training_epochs:50, lr:0.05)
<_io.TextIOWrapper name='<stderr>' mode='w' encoding='utf-8'> node index is 151
train linear regression time:  0.04832695797085762
(average_diff:0.03722972552898689, max_diff:0.08207058926391245, training_epochs:50, lr:0.05)
<_io.TextIOWrapper name='<stderr>' mode='w' encoding='utf-8'> node index is 135
train linear regression time:  0.04861787520349026
(average_diff:0.02500009488454628, max_diff:0.04279353077398318, training_epochs:50, lr:0.05)
<_io.TextIOWrapper name='<stderr>' mode='w' encoding='utf-8'> node index is 129
train linear regression time:  0.04863108275458217
(average_diff:0.025456930689865084, max_diff:0.08023074491844819, training_epochs:50, lr:0.05)
<_io.TextIOWrapper name='<stderr>' mode='w' encoding='utf-8'> node index is 119
train linear regression time:  0.04782037530094385
(average_diff:0.040760837503506786, max_diff:0.1008832798295401, training_epochs:50, lr:0.05)
<_io.TextIOWrapper name='<stderr>' mode='w' encoding='utf-8'> node index is 109
train linear regression time:  0.04793841717764735
(average_diff:0.04584474166290377, max_diff:0.16675428846392076, training_epochs:50, lr:0.05)
<_io.TextIOWrapper name='<stderr>' mode='w' encoding='utf-8'> node index is 99
train linear regression time:  0.04728058399632573
(average_diff:0.0707220666362516, max_diff:0.27128723339442473, training_epochs:50, lr:0.05)
<_io.TextIOWrapper name='<stderr>' mode='w' encoding='utf-8'> node index is 89
train linear regression time:  0.0476371250115335
(average_diff:0.0065255277412426035, max_diff:0.07216830377558126, training_epochs:50, lr:0.05)
<_io.TextIOWrapper name='<stderr>' mode='w' encoding='utf-8'> node index is 69
train linear regression time:  0.047909833025187254
(average_diff:0.06312353710832581, max_diff:0.21974012108021967, training_epochs:50, lr:0.05)
<_io.TextIOWrapper name='<stderr>' mode='w' encoding='utf-8'> node index is 61
train linear regression time:  0.04730691621080041
(average_diff:0.03061159123717325, max_diff:0.0810300609952864, training_epochs:50, lr:0.05)
<_io.TextIOWrapper name='<stderr>' mode='w' encoding='utf-8'> node index is 53
train linear regression time:  0.04766529193148017
(average_diff:0.12084073064588273, max_diff:0.7935744181721942, training_epochs:50, lr:0.05)
<_io.TextIOWrapper name='<stderr>' mode='w' encoding='utf-8'> node index is 51
train linear regression time:  0.04668179200962186
<_io.TextIOWrapper name='<stderr>' mode='w' encoding='utf-8'> variance test passed, diff=0.034297808232219874, d = 0, back=0
<_io.TextIOWrapper name='<stderr>' mode='w' encoding='utf-8'> Will be split, p=0.034297808232219874, d=0, back=0
(average_diff:0.12174215693385765, max_diff:0.7496492672925148, training_epochs:50, lr:0.05)
<_io.TextIOWrapper name='<stderr>' mode='w' encoding='utf-8'> node index is 268
train linear regression time:  0.047771832905709743
(average_diff:0.019684230201925983, max_diff:0.031496500132608685, training_epochs:50, lr:0.05)
<_io.TextIOWrapper name='<stderr>' mode='w' encoding='utf-8'> node index is 269
train linear regression time:  0.049341042060405016
(average_diff:0.15474525926720198, max_diff:0.6496923144809362, training_epochs:50, lr:0.05)
<_io.TextIOWrapper name='<stderr>' mode='w' encoding='utf-8'> node index is 37
train linear regression time:  0.0495732082054019
(average_diff:0.19547608010787346, max_diff:0.6598348462582415, training_epochs:50, lr:0.05)
<_io.TextIOWrapper name='<stderr>' mode='w' encoding='utf-8'> node index is 29
train linear regression time:  0.04841112485155463
(average_diff:0.17635473381886624, max_diff:0.711066456348769, training_epochs:50, lr:0.05)
<_io.TextIOWrapper name='<stderr>' mode='w' encoding='utf-8'> node index is 252
train linear regression time:  0.04730333387851715
<_io.TextIOWrapper name='<stderr>' mode='w' encoding='utf-8'> variance test passed, diff=0.011393356216567438, d = 0, back=0
<_io.TextIOWrapper name='<stderr>' mode='w' encoding='utf-8'> variance test passed, diff=0.02244584125547166, d = 1, back=0
<_io.TextIOWrapper name='<stderr>' mode='w' encoding='utf-8'> Will be split, p=0.02244584125547166, d=1, back=0
(average_diff:0.17178244668387962, max_diff:0.688744191584011, training_epochs:50, lr:0.05)
<_io.TextIOWrapper name='<stderr>' mode='w' encoding='utf-8'> node index is 270
train linear regression time:  0.049570958130061626
(average_diff:0.036747816481132234, max_diff:0.058380656819475574, training_epochs:50, lr:0.05)
<_io.TextIOWrapper name='<stderr>' mode='w' encoding='utf-8'> node index is 271
train linear regression time:  0.048795000184327364
(average_diff:0.09972920869264353, max_diff:0.14768819422095913, training_epochs:50, lr:0.05)
<_io.TextIOWrapper name='<stderr>' mode='w' encoding='utf-8'> node index is 253
train linear regression time:  0.048041041009128094
(average_diff:6.938893903907228e-17, max_diff:6.938893903907228e-17, training_epochs:50, lr:0.05)
<_io.TextIOWrapper name='<stderr>' mode='w' encoding='utf-8'> node index is 227
train linear regression time:  0.04781733313575387
(average_diff:0.001892804454020384, max_diff:0.002862221415953603, training_epochs:50, lr:0.05)
<_io.TextIOWrapper name='<stderr>' mode='w' encoding='utf-8'> node index is 213
train linear regression time:  0.04783516563475132
(average_diff:0.020491934628744192, max_diff:0.03411409848803881, training_epochs:50, lr:0.05)
<_io.TextIOWrapper name='<stderr>' mode='w' encoding='utf-8'> node index is 201
train linear regression time:  0.04807850020006299
(average_diff:0.0, max_diff:0.0, training_epochs:50, lr:0.05)
<_io.TextIOWrapper name='<stderr>' mode='w' encoding='utf-8'> node index is 193
train linear regression time:  0.04774362500756979
(average_diff:0.012530076531001725, max_diff:0.01876906202322648, training_epochs:50, lr:0.05)
<_io.TextIOWrapper name='<stderr>' mode='w' encoding='utf-8'> node index is 187
train linear regression time:  0.048190874978899956
(average_diff:0.03818979927431254, max_diff:0.06408049605543997, training_epochs:50, lr:0.05)
<_io.TextIOWrapper name='<stderr>' mode='w' encoding='utf-8'> node index is 179
train linear regression time:  0.04854608327150345
(average_diff:0.0, max_diff:0.0, training_epochs:50, lr:0.05)
<_io.TextIOWrapper name='<stderr>' mode='w' encoding='utf-8'> node index is 171
train linear regression time:  0.047620666678994894
(average_diff:5.551115123125783e-17, max_diff:5.551115123125783e-17, training_epochs:50, lr:0.05)
<_io.TextIOWrapper name='<stderr>' mode='w' encoding='utf-8'> node index is 161
train linear regression time:  0.04700216697528958
(average_diff:0.14949841709379208, max_diff:0.7393527607387003, training_epochs:50, lr:0.05)
<_io.TextIOWrapper name='<stderr>' mode='w' encoding='utf-8'> node index is 254
train linear regression time:  0.04676804086193442
<_io.TextIOWrapper name='<stderr>' mode='w' encoding='utf-8'> variance test passed, diff=0.04400939994652687, d = 0, back=0
<_io.TextIOWrapper name='<stderr>' mode='w' encoding='utf-8'> Will be split, p=0.04400939994652687, d=0, back=0
(average_diff:0.1475998820522657, max_diff:0.7389171821179982, training_epochs:50, lr:0.05)
<_io.TextIOWrapper name='<stderr>' mode='w' encoding='utf-8'> node index is 272
train linear regression time:  0.04785387497395277
(average_diff:0.0, max_diff:0.0, training_epochs:50, lr:0.05)
<_io.TextIOWrapper name='<stderr>' mode='w' encoding='utf-8'> node index is 273
train linear regression time:  0.04829479195177555
(average_diff:0.009920800001096242, max_diff:0.01864412650991687, training_epochs:50, lr:0.05)
<_io.TextIOWrapper name='<stderr>' mode='w' encoding='utf-8'> node index is 255
train linear regression time:  0.04845812497660518
(average_diff:1.2460988826790143e-05, max_diff:1.3676416815378012e-05, training_epochs:50, lr:0.05)
<_io.TextIOWrapper name='<stderr>' mode='w' encoding='utf-8'> node index is 241
train linear regression time:  0.048183499835431576
(average_diff:0.038371029778223355, max_diff:0.06972934915358919, training_epochs:50, lr:0.05)
<_io.TextIOWrapper name='<stderr>' mode='w' encoding='utf-8'> node index is 229
train linear regression time:  0.04864679230377078
(average_diff:0.021844386064264393, max_diff:0.047023154007747814, training_epochs:50, lr:0.05)
<_io.TextIOWrapper name='<stderr>' mode='w' encoding='utf-8'> node index is 215
train linear regression time:  0.04894141713157296
(average_diff:0.02267420545466887, max_diff:0.031352112101950214, training_epochs:50, lr:0.05)
<_io.TextIOWrapper name='<stderr>' mode='w' encoding='utf-8'> node index is 203
train linear regression time:  0.04895020788535476
(average_diff:0.010028821999019666, max_diff:0.0101275844040698, training_epochs:50, lr:0.05)
<_io.TextIOWrapper name='<stderr>' mode='w' encoding='utf-8'> node index is 195
train linear regression time:  0.04734845878556371
(average_diff:0.00034542874425771974, max_diff:0.0005362061157215547, training_epochs:50, lr:0.05)
<_io.TextIOWrapper name='<stderr>' mode='w' encoding='utf-8'> node index is 7
train linear regression time:  0.04781358316540718
(average_diff:0.09348675286988585, max_diff:0.2764097908034638, training_epochs:50, lr:0.05)
<_io.TextIOWrapper name='<stderr>' mode='w' encoding='utf-8'> node index is 5
train linear regression time:  0.04740412486717105
testFringe time:  6.67141270916909
<_io.TextIOWrapper name='<stderr>' mode='w' encoding='utf-8'> =============== update finished ===============

*** Writing Game File 34***

<_io.TextIOWrapper name='../print_tree_record_numpy/print_DM_boost_linear_tree_split.txt' mode='w' encoding='UTF-8'> idx1(Q:0.4006, distinct_name:0, dictinctin_value:2.569683891588169, par:None)
	idx4(Q:0.4014, distinct_name:0, dictinctin_value:2.507749956207568, par:1)
		idx6(Q:0.4012, distinct_name:0, dictinctin_value:-0.050698982385153205, par:4)
			idx8(Q:0.4613, distinct_name:0, dictinctin_value:-0.5002368440471089, par:6)
				idx10(Q:0.5098, distinct_name:3, dictinctin_value:0.7373220788164561, par:8)
					idx12(Q:0.4852, distinct_name:1, dictinctin_value:0.8498558206992594, par:10)
						idx18(Q:0.4318, distinct_name:2, dictinctin_value:0.8559921607301466, par:12)
							idx24(Q:0.4272, distinct_name:0, dictinctin_value:-0.5901212893723445, par:18)
								idx30(Q:0.4362, distinct_name:2, dictinctin_value:0.5095422779981766, par:24)
									idx38(Q:0.4622, distinct_name:2, dictinctin_value:0.24909091887867726, par:30)
										idx44(Q:0.4969, distinct_name:2, dictinctin_value:-0.06052347242753761, par:38)
											idx54(Q:0.5395, distinct_name:2, dictinctin_value:-0.16873413911779458, par:44)
												idx62(Q:0.5661, distinct_name:2, dictinctin_value:-0.3117760123070312, par:54)
													idx70(Q:0.6014, distinct_name:2, dictinctin_value:-0.36929151673896154, par:62)
														idx76(Q:0.6277, distinct_name:2, dictinctin_value:-0.4513587540231024, par:70)
															idx82(Q:0.6660, distinct_name:2, dictinctin_value:-0.49926091712096626, par:76)
																idx90(Q:0.6812, distinct_name:2, dictinctin_value:-0.5261921216626007, par:82)
																	idx100(Q:0.6913, distinct_name:2, dictinctin_value:-0.5682634996789567, par:90)
																		idx110(Q:0.7080, distinct_name:2, dictinctin_value:-0.576514535000767, par:100)
																			idx120(Q:0.7148, par:110)
																			idx121(Q:0.4001, par:110)
																		idx111(Q:0.3486, par:100)
																	idx101(Q:0.3544, par:90)
																idx91(Q:0.3276, par:82)
															idx83(Q:0.2944, par:76)
														idx77(Q:0.2791, par:70)
													idx71(Q:0.2787, par:62)
												idx63(Q:0.2389, par:54)
											idx55(Q:0.2365, par:44)
										idx45(Q:0.2255, par:38)
									idx39(Q:0.2826, par:30)
								idx31(Q:0.3456, par:24)
							idx25(Q:0.4532, distinct_name:0, dictinctin_value:-0.5389580903277561, par:18)
								idx216(Q:0.4561, distinct_name:0, dictinctin_value:-0.5573162410999996, par:25)
									idx230(Q:0.4595, distinct_name:0, dictinctin_value:-0.5917620279880862, par:216)
										idx242(Q:0.4750, distinct_name:1, dictinctin_value:0.8127647407611875, par:230)
											idx256(Q:0.4719, par:242)
											idx257(Q:0.6292, par:242)
										idx243(Q:0.1433, par:230)
									idx231(Q:0.0898, par:216)
								idx217(Q:0.3907, par:25)
						idx19(Q:0.7170, distinct_name:0, dictinctin_value:-0.5046072639210131, par:12)
							idx152(Q:0.7168, distinct_name:2, dictinctin_value:1.74305991171075, par:19)
								idx162(Q:0.7035, distinct_name:2, dictinctin_value:1.5651912903147052, par:152)
									idx172(Q:0.6905, distinct_name:2, dictinctin_value:1.0939968976733132, par:162)
										idx180(Q:0.6720, distinct_name:2, dictinctin_value:0.9064820637809338, par:172)
											idx188(Q:0.6632, distinct_name:2, dictinctin_value:0.8130327408821636, par:180)
												idx196(Q:0.6564, distinct_name:2, dictinctin_value:0.714578820015968, par:188)
													idx204(Q:0.6561, distinct_name:0, dictinctin_value:-0.5137296726081428, par:196)
														idx218(Q:0.6545, distinct_name:2, dictinctin_value:0.4860989258104936, par:204)
															idx232(Q:0.6565, distinct_name:1, dictinctin_value:2.2330900660097845, par:218)
																idx244(Q:0.6537, distinct_name:2, dictinctin_value:0.44559578649865966, par:232)
																	idx258(Q:0.6438, par:244)
																	idx259(Q:0.9001, par:244)
																idx245(Q:0.8015, par:232)
															idx233(Q:0.6241, par:218)
														idx219(Q:0.8415, par:204)
													idx205(Q:0.6639, par:196)
												idx197(Q:0.8649, par:188)
											idx189(Q:0.8530, par:180)
										idx181(Q:0.9879, par:172)
									idx173(Q:1.0000, par:162)
								idx163(Q:1.0990, par:152)
							idx153(Q:0.7365, par:19)
					idx13(Q:0.5846, distinct_name:2, dictinctin_value:1.929601246827043, par:10)
						idx92(Q:0.5719, distinct_name:1, dictinctin_value:1.2557733390904973, par:13)
							idx102(Q:0.5421, distinct_name:2, dictinctin_value:1.4527612583425853, par:92)
								idx112(Q:0.5238, distinct_name:2, dictinctin_value:1.3531114404933846, par:102)
									idx122(Q:0.5226, distinct_name:2, dictinctin_value:1.0639310625609943, par:112)
										idx130(Q:0.5069, distinct_name:2, dictinctin_value:0.8759607452183222, par:122)
											idx136(Q:0.5016, distinct_name:2, dictinctin_value:0.6228991526328211, par:130)
												idx142(Q:0.4969, distinct_name:2, dictinctin_value:0.4885947458466264, par:136)
													idx146(Q:0.4863, distinct_name:1, dictinctin_value:1.1059975491047376, par:142)
														idx148(Q:0.4739, distinct_name:3, dictinctin_value:2.363964647313972, par:146)
															idx154(Q:0.4610, distinct_name:3, dictinctin_value:1.536573712246935, par:148)
																idx164(Q:0.4443, distinct_name:1, dictinctin_value:0.49075596239548774, par:154)
																	idx206(Q:0.4091, distinct_name:3, dictinctin_value:1.525286896575752, par:164)
																		idx220(Q:0.4088, distinct_name:2, dictinctin_value:0.38874536608000104, par:206)
																			idx234(Q:0.4137, par:220)
																			idx235(Q:0.2794, par:220)
																		idx221(Q:0.4195, par:206)
																	idx207(Q:0.6635, par:164)
																idx165(Q:0.5696, par:154)
															idx155(Q:0.7499, par:148)
														idx149(Q:0.7311, par:146)
													idx147(Q:0.6058, par:142)
												idx143(Q:0.5674, par:136)
											idx137(Q:0.6196, par:130)
										idx131(Q:0.7896, par:122)
									idx123(Q:0.5539, par:112)
								idx113(Q:0.8561, par:102)
							idx103(Q:0.9630, par:92)
						idx93(Q:1.0454, par:13)
				idx11(Q:0.3745, distinct_name:3, dictinctin_value:1.284568987543642, par:8)
					idx32(Q:0.3525, distinct_name:3, dictinctin_value:0.5763111575206541, par:11)
						idx40(Q:0.3344, distinct_name:2, dictinctin_value:1.4159847670297276, par:32)
							idx46(Q:0.3267, distinct_name:2, dictinctin_value:0.8764611652526798, par:40)
								idx56(Q:0.3340, distinct_name:2, dictinctin_value:0.6776552612944613, par:46)
									idx64(Q:0.3411, distinct_name:0, dictinctin_value:-0.10007893227380851, par:56)
										idx72(Q:0.3368, distinct_name:2, dictinctin_value:0.481251420222257, par:64)
											idx78(Q:0.3470, distinct_name:2, dictinctin_value:0.43236682950932387, par:72)
												idx84(Q:0.3539, distinct_name:2, dictinctin_value:0.2322739018313544, par:78)
													idx94(Q:0.3785, distinct_name:2, dictinctin_value:0.1692901075380102, par:84)
														idx104(Q:0.3917, distinct_name:2, dictinctin_value:0.044622068949871425, par:94)
															idx114(Q:0.4106, distinct_name:2, dictinctin_value:-0.04421252452423217, par:104)
																idx124(Q:0.4346, distinct_name:2, dictinctin_value:-0.12551407150931976, par:114)
																	idx132(Q:0.4525, distinct_name:2, dictinctin_value:-0.16179863391045127, par:124)
																		idx138(Q:0.4616, distinct_name:2, dictinctin_value:-0.1987692173924826, par:132)
																			idx144(Q:0.4797, par:138)
																			idx145(Q:0.1452, par:138)
																		idx139(Q:0.1491, par:132)
																	idx133(Q:0.1796, par:124)
																idx125(Q:0.1187, par:114)
															idx115(Q:0.1940, par:104)
														idx105(Q:0.1593, par:94)
													idx95(Q:0.1275, par:84)
												idx85(Q:0.1706, par:78)
											idx79(Q:0.2012, par:72)
										idx73(Q:0.3897, par:64)
									idx65(Q:0.2435, par:56)
								idx57(Q:0.2784, par:46)
							idx47(Q:0.4056, par:40)
						idx41(Q:0.4267, distinct_name:3, dictinctin_value:1.2541204520301295, par:32)
							idx246(Q:0.4226, distinct_name:0, dictinctin_value:-0.05401988313827026, par:41)
								idx260(Q:0.4253, par:246)
								idx261(Q:0.1560, par:246)
							idx247(Q:0.5663, par:41)
					idx33(Q:0.5694, par:11)
			idx9(Q:0.3452, distinct_name:1, dictinctin_value:1.4532912275447858, par:6)
				idx14(Q:0.3271, distinct_name:0, dictinctin_value:0.6708677617788001, par:9)
					idx16(Q:0.3408, distinct_name:0, dictinctin_value:0.5219929201544601, par:14)
						idx20(Q:0.3453, distinct_name:0, dictinctin_value:0.38200451643824146, par:16)
							idx26(Q:0.3557, distinct_name:0, dictinctin_value:0.29175973898130836, par:20)
								idx34(Q:0.3586, distinct_name:3, dictinctin_value:1.2405945003824483, par:26)
									idx42(Q:0.3245, distinct_name:2, dictinctin_value:1.6139678071673451, par:34)
										idx48(Q:0.3181, distinct_name:1, dictinctin_value:1.0148453699076618, par:42)
											idx58(Q:0.3044, distinct_name:2, dictinctin_value:0.8422101128546527, par:48)
												idx66(Q:0.3104, distinct_name:2, dictinctin_value:0.5718071591898053, par:58)
													idx74(Q:0.3204, distinct_name:2, dictinctin_value:0.3335199702259944, par:66)
														idx80(Q:0.3510, distinct_name:2, dictinctin_value:0.2585267021680285, par:74)
															idx86(Q:0.3583, distinct_name:2, dictinctin_value:0.13295569297273957, par:80)
																idx96(Q:0.3773, distinct_name:2, dictinctin_value:0.0933394603867821, par:86)
																	idx106(Q:0.3846, distinct_name:2, dictinctin_value:0.047951172568074005, par:96)
																		idx116(Q:0.3934, distinct_name:2, dictinctin_value:-0.0025517231675584334, par:106)
																			idx126(Q:0.4032, par:116)
																			idx127(Q:0.1245, par:116)
																		idx117(Q:0.1691, par:106)
																	idx107(Q:0.1199, par:96)
																idx97(Q:0.1256, par:86)
															idx87(Q:0.2061, par:80)
														idx81(Q:0.1486, par:74)
													idx75(Q:0.1987, par:66)
												idx67(Q:0.2703, par:58)
											idx59(Q:0.4415, par:48)
										idx49(Q:0.4418, par:42)
									idx43(Q:0.5485, par:34)
								idx35(Q:0.3438, distinct_name:1, dictinctin_value:1.344826515865718, par:26)
									idx236(Q:0.3406, distinct_name:3, dictinctin_value:1.6897348587436034, par:35)
										idx248(Q:0.3292, distinct_name:1, dictinctin_value:1.2341402111364463, par:236)
											idx262(Q:0.3314, par:248)
											idx263(Q:0.2222, par:248)
										idx249(Q:0.9184, par:236)
									idx237(Q:0.5098, par:35)
							idx27(Q:0.3082, distinct_name:2, dictinctin_value:1.5527241962490086, par:20)
								idx156(Q:0.3022, distinct_name:0, dictinctin_value:0.5137061072990365, par:27)
									idx166(Q:0.3056, distinct_name:0, dictinctin_value:0.5083060291160676, par:156)
										idx174(Q:0.3053, distinct_name:1, dictinctin_value:1.235555391656205, par:166)
											idx182(Q:0.3021, distinct_name:0, dictinctin_value:0.499318407708209, par:174)
												idx190(Q:0.3067, distinct_name:3, dictinctin_value:1.6437138459193195, par:182)
													idx198(Q:0.3009, distinct_name:0, dictinctin_value:0.4978828276393789, par:190)
														idx208(Q:0.3014, distinct_name:2, dictinctin_value:1.3588453420210258, par:198)
															idx222(Q:0.2951, distinct_name:2, dictinctin_value:0.9721483625475897, par:208)
																idx238(Q:0.2967, distinct_name:0, dictinctin_value:0.4972801494332726, par:222)
																	idx250(Q:0.2902, distinct_name:2, dictinctin_value:0.944961054171824, par:238)
																		idx264(Q:0.2952, par:250)
																		idx265(Q:0.0414, par:250)
																	idx251(Q:0.9580, par:238)
																idx239(Q:0.2743, par:222)
															idx223(Q:0.4758, par:208)
														idx209(Q:0.2388, par:198)
													idx199(Q:0.5336, par:190)
												idx191(Q:0.2469, par:182)
											idx183(Q:0.5155, par:174)
										idx175(Q:0.3108, par:166)
									idx167(Q:0.2597, par:156)
								idx157(Q:0.6037, par:27)
						idx21(Q:0.3202, distinct_name:1, dictinctin_value:1.3201670622027022, par:16)
							idx150(Q:0.3192, distinct_name:1, dictinctin_value:1.2234607090751204, par:21)
								idx158(Q:0.3197, distinct_name:1, dictinctin_value:1.0226433736171432, par:150)
									idx168(Q:0.3082, distinct_name:0, dictinctin_value:0.6649352976939671, par:158)
										idx176(Q:0.3048, distinct_name:2, dictinctin_value:1.8028367177150562, par:168)
											idx184(Q:0.3048, distinct_name:3, dictinctin_value:1.321083281680176, par:176)
												idx210(Q:0.2861, distinct_name:1, dictinctin_value:0.7493197611500411, par:184)
													idx224(Q:0.2869, distinct_name:2, dictinctin_value:1.1954012588052898, par:210)
														idx266(Q:0.2829, par:224)
														idx267(Q:0.3369, par:224)
													idx225(Q:0.2778, par:210)
												idx211(Q:0.5260, par:184)
											idx185(Q:0.3046, par:176)
										idx177(Q:0.3835, par:168)
									idx169(Q:0.5852, par:158)
								idx159(Q:0.2851, par:150)
							idx151(Q:0.3573, par:21)
					idx17(Q:0.3127, distinct_name:3, dictinctin_value:0.8871619234739136, par:14)
						idx22(Q:0.2852, distinct_name:1, dictinctin_value:0.895274831679809, par:17)
							idx28(Q:0.2680, distinct_name:3, dictinctin_value:0.4147697243292515, par:22)
								idx36(Q:0.2604, distinct_name:3, dictinctin_value:-0.009439492879810042, par:28)
									idx50(Q:0.2586, distinct_name:0, dictinctin_value:2.3121117874404824, par:36)
										idx52(Q:0.2604, distinct_name:0, dictinctin_value:1.9483716250181808, par:50)
											idx60(Q:0.2636, distinct_name:3, dictinctin_value:-0.018025248765568658, par:52)
												idx68(Q:0.2731, distinct_name:2, dictinctin_value:0.8033765660185509, par:60)
													idx88(Q:0.2779, distinct_name:2, dictinctin_value:0.6003623148969123, par:68)
														idx98(Q:0.2859, distinct_name:2, dictinctin_value:0.5329635912790776, par:88)
															idx108(Q:0.2952, distinct_name:2, dictinctin_value:0.3621996786015208, par:98)
																idx118(Q:0.3077, distinct_name:3, dictinctin_value:-0.05260374571449391, par:108)
																	idx128(Q:0.3110, distinct_name:2, dictinctin_value:0.22149263805201816, par:118)
																		idx134(Q:0.3262, distinct_name:2, dictinctin_value:0.13324256965432388, par:128)
																			idx140(Q:0.3415, par:134)
																			idx141(Q:0.1330, par:134)
																		idx135(Q:0.1427, par:128)
																	idx129(Q:0.2163, par:118)
																idx119(Q:0.1489, par:108)
															idx109(Q:0.1594, par:98)
														idx99(Q:0.1749, par:88)
													idx89(Q:0.2552, par:68)
												idx69(Q:0.1884, par:60)
											idx61(Q:0.1954, par:52)
										idx53(Q:0.1648, par:50)
									idx51(Q:0.2672, distinct_name:0, dictinctin_value:2.2255864685353126, par:36)
										idx268(Q:0.2657, par:51)
										idx269(Q:0.3171, par:51)
								idx37(Q:0.3061, par:28)
							idx29(Q:0.3981, par:22)
						idx23(Q:0.4586, distinct_name:0, dictinctin_value:2.1444723574903684, par:17)
							idx160(Q:0.4608, distinct_name:0, dictinctin_value:2.133798778100152, par:23)
								idx170(Q:0.4616, distinct_name:2, dictinctin_value:1.564504591409782, par:160)
									idx178(Q:0.4409, distinct_name:2, dictinctin_value:1.4113473869711974, par:170)
										idx186(Q:0.4312, distinct_name:0, dictinctin_value:2.1063540893171067, par:178)
											idx192(Q:0.4323, distinct_name:2, dictinctin_value:1.2195161175228741, par:186)
												idx200(Q:0.4274, distinct_name:0, dictinctin_value:1.9676721667093595, par:192)
													idx212(Q:0.4263, distinct_name:0, dictinctin_value:1.8926417272552991, par:200)
														idx226(Q:0.4298, distinct_name:0, dictinctin_value:1.7713311316515392, par:212)
															idx252(Q:0.4372, distinct_name:1, dictinctin_value:1.3213229930390704, par:226)
																idx270(Q:0.4311, par:252)
																idx271(Q:0.6417, par:252)
															idx253(Q:0.1744, par:226)
														idx227(Q:0.0541, par:212)
													idx213(Q:0.4691, par:200)
												idx201(Q:0.5386, par:192)
											idx193(Q:0.3129, par:186)
										idx187(Q:0.8154, par:178)
									idx179(Q:0.8729, par:170)
								idx171(Q:0.3511, par:160)
							idx161(Q:0.1799, par:23)
				idx15(Q:0.5869, distinct_name:2, dictinctin_value:1.9938158806166744, par:9)
					idx194(Q:0.5797, distinct_name:3, dictinctin_value:2.0149638943737203, par:15)
						idx202(Q:0.5645, distinct_name:3, dictinctin_value:1.626087400144554, par:194)
							idx214(Q:0.5585, distinct_name:1, dictinctin_value:2.6727016574162166, par:202)
								idx228(Q:0.5377, distinct_name:2, dictinctin_value:1.776904010924299, par:214)
									idx240(Q:0.5307, distinct_name:2, dictinctin_value:1.4203463682180766, par:228)
										idx254(Q:0.5155, distinct_name:0, dictinctin_value:2.115573493736756, par:240)
											idx272(Q:0.5137, par:254)
											idx273(Q:0.6978, par:254)
										idx255(Q:0.9152, par:240)
									idx241(Q:0.9017, par:228)
								idx229(Q:1.0042, par:214)
							idx215(Q:0.7337, par:202)
						idx203(Q:0.9313, par:194)
					idx195(Q:1.0231, par:15)
		idx7(Q:0.5135, par:4)
	idx5(Q:0.2595, par:1)
.2595, par:1)
