WARNING:tensorflow:From /Users/keithwu/opt/anaconda3/envs/auction-gym/lib/python3.10/site-packages/tensorflow/python/compat/v2_compat.py:107: disable_resource_variables (from tensorflow.python.ops.variable_scope) is deprecated and will be removed in a future version.
Instructions for updating:
non-resource variables are not supported in the long term
<_io.TextIOWrapper name='<stderr>' mode='w' encoding='utf-8'> reading from ../UTree_model_numpy/DM/model_boost_linear_qsplit_noabs_save/, starting at 20
<_io.TextIOWrapper name='<stderr>' mode='w' encoding='utf-8'> =============== update starts ===============
(average_diff:0.0017185015887052663, max_diff:0.0026573258964256996, training_epochs:50, lr:0.05)
<_io.TextIOWrapper name='<stderr>' mode='w' encoding='utf-8'> node index is 111
train linear regression time:  0.04874374996870756
(average_diff:0.005531214100210263, max_diff:0.006349588671912099, training_epochs:50, lr:0.05)
<_io.TextIOWrapper name='<stderr>' mode='w' encoding='utf-8'> node index is 101
train linear regression time:  0.047880124766379595
(average_diff:0.0014718839577152142, max_diff:0.0020472153069423515, training_epochs:50, lr:0.05)
<_io.TextIOWrapper name='<stderr>' mode='w' encoding='utf-8'> node index is 91
train linear regression time:  0.04722416587173939
(average_diff:0.021536884331427062, max_diff:0.12945622799153192, training_epochs:50, lr:0.05)
<_io.TextIOWrapper name='<stderr>' mode='w' encoding='utf-8'> node index is 83
train linear regression time:  0.04970495915040374
(average_diff:0.03389459926753224, max_diff:0.09953000228809639, training_epochs:50, lr:0.05)
<_io.TextIOWrapper name='<stderr>' mode='w' encoding='utf-8'> node index is 77
train linear regression time:  0.048806166741997004
(average_diff:0.03690563668555745, max_diff:0.11456583965615255, training_epochs:50, lr:0.05)
<_io.TextIOWrapper name='<stderr>' mode='w' encoding='utf-8'> node index is 71
train linear regression time:  0.04916337504982948
(average_diff:0.0545507086441327, max_diff:0.13960398116493744, training_epochs:50, lr:0.05)
<_io.TextIOWrapper name='<stderr>' mode='w' encoding='utf-8'> node index is 63
train linear regression time:  0.04768483294174075
(average_diff:0.06534675307248765, max_diff:0.16841506352742694, training_epochs:50, lr:0.05)
<_io.TextIOWrapper name='<stderr>' mode='w' encoding='utf-8'> node index is 55
train linear regression time:  0.0473715839907527
(average_diff:0.07213071502261197, max_diff:0.21163937727322213, training_epochs:50, lr:0.05)
<_io.TextIOWrapper name='<stderr>' mode='w' encoding='utf-8'> node index is 45
train linear regression time:  0.04739550035446882
(average_diff:0.06584706947242203, max_diff:0.18016894360633545, training_epochs:50, lr:0.05)
<_io.TextIOWrapper name='<stderr>' mode='w' encoding='utf-8'> node index is 39
train linear regression time:  0.04764712508767843
(average_diff:0.09728093097143499, max_diff:0.2152623545187196, training_epochs:50, lr:0.05)
<_io.TextIOWrapper name='<stderr>' mode='w' encoding='utf-8'> node index is 31
train linear regression time:  0.04736175015568733
(average_diff:0.07168548371399229, max_diff:0.37261306635751185, training_epochs:50, lr:0.05)
<_io.TextIOWrapper name='<stderr>' mode='w' encoding='utf-8'> node index is 25
train linear regression time:  0.05007387511432171
(average_diff:0.1723190119720949, max_diff:0.5927519745549328, training_epochs:50, lr:0.05)
<_io.TextIOWrapper name='<stderr>' mode='w' encoding='utf-8'> node index is 19
train linear regression time:  0.05096908286213875
(average_diff:0.16939841664484814, max_diff:0.5917193000982548, training_epochs:50, lr:0.05)
<_io.TextIOWrapper name='<stderr>' mode='w' encoding='utf-8'> node index is 136
train linear regression time:  0.050143917091190815
<_io.TextIOWrapper name='<stderr>' mode='w' encoding='utf-8'> variance test passed, diff=0.020052471899566146, d = 2, back=0
<_io.TextIOWrapper name='<stderr>' mode='w' encoding='utf-8'> Will be split, p=0.020052471899566146, d=2, back=0
(average_diff:0.15895662385460596, max_diff:0.5144658846815615, training_epochs:50, lr:0.05)
<_io.TextIOWrapper name='<stderr>' mode='w' encoding='utf-8'> node index is 142
train linear regression time:  0.05180466687306762
(average_diff:0.053812227434631314, max_diff:0.12326356962137186, training_epochs:50, lr:0.05)
<_io.TextIOWrapper name='<stderr>' mode='w' encoding='utf-8'> node index is 143
train linear regression time:  0.04928608285263181
(average_diff:0.04813798313907564, max_diff:0.09294568230816014, training_epochs:50, lr:0.05)
<_io.TextIOWrapper name='<stderr>' mode='w' encoding='utf-8'> node index is 137
train linear regression time:  0.048945041839033365
(average_diff:0.005777720838629841, max_diff:0.008385213882185494, training_epochs:50, lr:0.05)
<_io.TextIOWrapper name='<stderr>' mode='w' encoding='utf-8'> node index is 131
train linear regression time:  0.047153415624052286
(average_diff:0.016294539245581607, max_diff:0.025322004127296238, training_epochs:50, lr:0.05)
<_io.TextIOWrapper name='<stderr>' mode='w' encoding='utf-8'> node index is 123
train linear regression time:  0.048820875119417906
(average_diff:0.02495227536617778, max_diff:0.052026771569551045, training_epochs:50, lr:0.05)
<_io.TextIOWrapper name='<stderr>' mode='w' encoding='utf-8'> node index is 113
train linear regression time:  0.0504885409027338
(average_diff:0.0753915231640428, max_diff:0.3262815612828861, training_epochs:50, lr:0.05)
<_io.TextIOWrapper name='<stderr>' mode='w' encoding='utf-8'> node index is 103
train linear regression time:  0.04917287500575185
(average_diff:0.01966615317496741, max_diff:0.03295737105381513, training_epochs:50, lr:0.05)
<_io.TextIOWrapper name='<stderr>' mode='w' encoding='utf-8'> node index is 93
train linear regression time:  0.047622999642044306
(average_diff:0.04993570410701649, max_diff:0.3776277611808643, training_epochs:50, lr:0.05)
<_io.TextIOWrapper name='<stderr>' mode='w' encoding='utf-8'> node index is 138
train linear regression time:  0.050783833023160696
<_io.TextIOWrapper name='<stderr>' mode='w' encoding='utf-8'> variance test passed, diff=0.0112072735683839, d = 0, back=0
<_io.TextIOWrapper name='<stderr>' mode='w' encoding='utf-8'> variance test passed, diff=0.07965717365608203, d = 2, back=0
<_io.TextIOWrapper name='<stderr>' mode='w' encoding='utf-8'> Will be split, p=0.07965717365608203, d=2, back=0
(average_diff:0.004974668579460585, max_diff:0.008265534804490465, training_epochs:50, lr:0.05)
<_io.TextIOWrapper name='<stderr>' mode='w' encoding='utf-8'> node index is 139
train linear regression time:  0.049198666121810675
(average_diff:0.006703307193148929, max_diff:0.012218048312056085, training_epochs:50, lr:0.05)
<_io.TextIOWrapper name='<stderr>' mode='w' encoding='utf-8'> node index is 133
train linear regression time:  0.047968334052711725
(average_diff:0.022683376774427073, max_diff:0.04433191250317292, training_epochs:50, lr:0.05)
<_io.TextIOWrapper name='<stderr>' mode='w' encoding='utf-8'> node index is 125
train linear regression time:  0.04826149996370077
(average_diff:0.05319330368874154, max_diff:0.10248751143419725, training_epochs:50, lr:0.05)
<_io.TextIOWrapper name='<stderr>' mode='w' encoding='utf-8'> node index is 115
train linear regression time:  0.052337124943733215
(average_diff:0.05770937463979185, max_diff:0.11539610312931657, training_epochs:50, lr:0.05)
<_io.TextIOWrapper name='<stderr>' mode='w' encoding='utf-8'> node index is 105
train linear regression time:  0.04779908386990428
(average_diff:0.04988421317222538, max_diff:0.14015326643087161, training_epochs:50, lr:0.05)
<_io.TextIOWrapper name='<stderr>' mode='w' encoding='utf-8'> node index is 95
train linear regression time:  0.04811862530186772
(average_diff:0.05932770664059138, max_diff:0.09912047561269022, training_epochs:50, lr:0.05)
<_io.TextIOWrapper name='<stderr>' mode='w' encoding='utf-8'> node index is 85
train linear regression time:  0.047649750020354986
(average_diff:0.059895916080868826, max_diff:0.11877880749760977, training_epochs:50, lr:0.05)
<_io.TextIOWrapper name='<stderr>' mode='w' encoding='utf-8'> node index is 79
train linear regression time:  0.04765829211100936
(average_diff:0.11932365842594117, max_diff:0.36213779212246044, training_epochs:50, lr:0.05)
<_io.TextIOWrapper name='<stderr>' mode='w' encoding='utf-8'> node index is 73
train linear regression time:  0.04865179117769003
(average_diff:0.10962304374445012, max_diff:0.32334435808097295, training_epochs:50, lr:0.05<_<_io.TextIOWrapper name='<stderr>' mode='w' encoding='utf-8'> node index is 65
train linear regression time:  0.050442792009562254
(average_diff:0.09731896145190182, max_diff:0.3136537320923964, training_epochs:50, lr:0.05)
<_io.TextIOWrapper name='<stderr>' mode='w' encoding='utf-8'> node index is 57
train linear regression time:  0.050434999633580446
(average_diff:0.06569942464068905, max_diff:0.20735962316002443, training_epochs:50, lr:0.05)
<_io.TextIOWrapper name='<stderr>' mode='w' encoding='utf-8'> node index is 47
train linear regression time:  0.049876749981194735
(average_diff:0.20166892936110659, max_diff:0.7527276929186015, training_epochs:50, lr:0.05)
<_io.TextIOWrapper name='<stderr>' mode='w' encoding='utf-8'> node index is 41
train linear regression time:  0.04851637501269579
(average_diff:0.1440535251209405, max_diff:0.6033467264356976, training_epochs:50, lr:0.05)
<_io.TextIOWrapper name='<stderr>' mode='w' encoding='utf-8'> node index is 33
train linear regression time:  0.047276792116463184
(average_diff:0.0342411127675556, max_diff:0.0459192267296446, training_epochs:50, lr:0.05)
<_io.TextIOWrapper name='<stderr>' mode='w' encoding='utf-8'> node index is 117
train linear regression time:  0.04748566681519151
(average_diff:0.020946476215116618, max_diff:0.042363847477815256, training_epochs:50, lr:0.05)
<_io.TextIOWrapper name='<stderr>' mode='w' encoding='utf-8'> node index is 107
train linear regression time:  0.05166491586714983
(average_diff:0.023899898412097227, max_diff:0.052883503260696726, training_epochs:50, lr:0.05)
<_io.TextIOWrapper name='<stderr>' mode='w' encoding='utf-8'> node index is 97
train linear regression time:  0.05013054143637419
(average_diff:0.044073433264143744, max_diff:0.08312551713093236, training_epochs:50, lr:0.05)
<_io.TextIOWrapper name='<stderr>' mode='w' encoding='utf-8'> node index is 87
train linear regression time:  0.047960542142391205
(average_diff:0.05894250284222441, max_diff:0.11621717809877197, training_epochs:50, lr:0.05)
<_io.TextIOWrapper name='<stderr>' mode='w' encoding='utf-8'> node index is 81
train linear regression time:  0.047107333317399025
(average_diff:0.06471377115253794, max_diff:0.14535204569542137, training_epochs:50, lr:0.05)
<_io.TextIOWrapper name='<stderr>' mode='w' encoding='utf-8'> node index is 75
train linear regression time:  0.04897904209792614
(average_diff:0.08679485868535616, max_diff:0.3247601273253482, training_epochs:50, lr:0.05)
<_io.TextIOWrapper name='<stderr>' mode='w' encoding='utf-8'> node index is 67
train linear regression time:  0.049027915578335524
(average_diff:0.19517806890218256, max_diff:0.44602994375424454, training_epochs:50, lr:0.05)
<_io.TextIOWrapper name='<stderr>' mode='w' encoding='utf-8'> node index is 59
train linear regression time:  0.048393374774605036
(average_diff:0.11555835728103712, max_diff:0.29179031800498834, training_epochs:50, lr:0.05)
<_io.TextIOWrapper name='<stderr>' mode='w' encoding='utf-8'> node index is 49
train linear regression time:  0.04950649989768863
(average_diff:0.17370341191975083, max_diff:0.5597724065714437, training_epochs:50, lr:0.05)
<_io.TextIOWrapper name='<stderr>' mode='w' encoding='utf-8'> node index is 43
train linear regression time:  0.05070237489417195
(average_diff:0.19012322472043597, max_diff:0.5934133200655728, training_epochs:50, lr:0.05)
<_io.TextIOWrapper name='<stderr>' mode='w' encoding='utf-8'> node index is 35
train linear regression time:  0.05039075016975403
(average_diff:0.13684926270869172, max_diff:0.618404094902958, training_epochs:50, lr:0.05)
<_io.TextIOWrapper name='<stderr>' mode='w' encoding='utf-8'> node index is 27
train linear regression time:  0.0493243751116097
(average_diff:0.15825827439985696, max_diff:0.6248785228869698, training_epochs:50, lr:0.05)
<_io.TextIOWrapper name='<stderr>' mode='w' encoding='utf-8'> node index is 21
train linear regression time:  0.05021070782095194
(average_diff:0.034660948458475845, max_diff:0.07606205574304988, training_epochs:50, lr:0.05)
<_io.TextIOWrapper name='<stderr>' mode='w' encoding='utf-8'> node index is 135
train linear regression time:  0.04744608327746391
(average_diff:0.03126803728236778, max_diff:0.04041998139915082, training_epochs:50, lr:0.05)
<_io.TextIOWrapper name='<stderr>' mode='w' encoding='utf-8'> node index is 129
train linear regression time:  0.04841200029477477
(average_diff:0.01569731314848191, max_diff:0.03215580635467091, training_epochs:50, lr:0.05)
<_io.TextIOWrapper name='<stderr>' mode='w' encoding='utf-8'> node index is 119
train linear regression time:  0.047113082837313414
(average_diff:0.051395303947521176, max_diff:0.10052409330528905, training_epochs:50, lr:0.05)
<_io.TextIOWrapper name='<stderr>' mode='w' encoding='utf-8'> node index is 109
train linear regression time:  0.0472979168407619
(average_diff:0.03930573215019592, max_diff:0.163667603786387, training_epochs:50, lr:0.05)
<_io.TextIOWrapper name='<stderr>' mode='w' encoding='utf-8'> node index is 99
train linear regression time:  0.04967433400452137
(average_diff:0.08027338190292688, max_diff:0.2689356058578636, training_epochs:50, lr:0.05)
<_io.TextIOWrapper name='<stderr>' mode='w' encoding='utf-8'> node index is 89
train linear regression time:  0.04990204190835357
(average_diff:0.0003334475974511326, max_diff:0.004140583361903413, training_epochs:50, lr:0.05)
<_io.TextIOWrapper name='<stderr>' mode='w' encoding='utf-8'> node index is 69
train linear regression time:  0.048855249769985676
(average_diff:0.03753002485628331, max_diff:0.07147116187065095, training_epochs:50, lr:0.05)
<_io.TextIOWrapper name='<stderr>' mode='w' encoding='utf-8'> node index is 61
train linear regression time:  0.05034041590988636
(average_diff:0.010901092344475893, max_diff:0.01617440981653545, training_epochs:50, lr:0.05)
<_io.TextIOWrapper name='<stderr>' mode='w' encoding='utf-8'> node index is 53
train linear regression time:  0.05060012498870492
(average_diff:0.10636656364979526, max_diff:0.36366451905145714, training_epochs:50, lr:0.05)
<_io.TextIOWrapper name='<stderr>' mode='w' encoding='utf-8'> node index is 51
train linear regression time:  0.05032570892944932
(average_diff:0.17263477743146, max_diff:0.637277359663317, training_epochs:50, lr:0.05)
<_io.TextIOWrapper name='<stderr>' mode='w' encoding='utf-8'> node index is 37
train linear regression time:  0.050795082934200764
(average_diff:0.17380606542025945, max_diff:0.632145668910534, training_epochs:50, lr:0.05)
<_io.TextIOWrapper name='<stderr>' mode='w' encoding='utf-8'> node index is 29
train linear regression time:  0.04812991712242365
(average_diff:0.19166349092924453, max_diff:0.8148860032402512, training_epochs:50, lr:0.05)
<_io.TextIOWrapper name='<stderr>' mode='w' encoding='utf-8'> node index is 23
train linear regression time:  0.04894816596060991
(average_diff:0.16727100351994603, max_diff:0.6593741318332466, training_epochs:50, lr:0.05)
<_io.TextIOWrapper name='<stderr>' mode='w' encoding='utf-8'> node index is 15
train linear regression time:  0.051385958679020405
(average_diff:0.1366962316976191, max_diff:0.21219240028979644, training_epochs:50, lr:0.05)
<_io.TextIOWrapper name='<stderr>' mode='w' encoding='utf-8'> node index is 7
train linear regression time:  0.04909466626122594
(average_diff:0.09404357460725316, max_diff:0.260401695642878, training_epochs:50, lr:0.05)
<_io.TextIOWrapper name='<stderr>' mode='w' encoding='utf-8'> node index is 5
train linear regression time:  0.047166832722723484
testFringe time:  3.252963333390653
<_io.TextIOWrapper name='<stderr>' mode='w' encoding='utf-8'> =============== update finished ===============

*** Writing Game File 21***

<_io.TextIOWrapper name='../print_tree_record_numpy/print_DM_boost_linear_tree_split.txt' mode='w' encoding='UTF-8'> idx1(Q:0.4093, distinct_name:0, dictinctin_value:2.569683891588169, par:None)
	idx4(Q:0.4100, distinct_name:0, dictinctin_value:2.507749956207568, par:1)
		idx6(Q:0.4097, distinct_name:0, dictinctin_value:-0.050698982385153205, par:4)
			idx8(Q:0.4726, distinct_name:0, dictinctin_value:-0.5002368440471089, par:6)
				idx10(Q:0.5260, distinct_name:3, dictinctin_value:0.7373220788164561, par:8)
					idx12(Q:0.5036, distinct_name:1, dictinctin_value:0.8498558206992594, par:10)
						idx18(Q:0.4474, distinct_name:2, dictinctin_value:0.8559921607301466, par:12)
							idx24(Q:0.4440, distinct_name:0, dictinctin_value:-0.5901212893723445, par:18)
								idx30(Q:0.4489, distinct_name:2, dictinctin_value:0.5095422779981766, par:24)
									idx38(Q:0.4684, distinct_name:2, dictinctin_value:0.24909091887867726, par:30)
										idx44(Q:0.5000, distinct_name:2, dictinctin_value:-0.06052347242753761, par:38)
											idx54(Q:0.5404, distinct_name:2, dictinctin_value:-0.16873413911779458, par:44)
												idx62(Q:0.5689, distinct_name:2, dictinctin_value:-0.3117760123070312, par:54)
													idx70(Q:0.6057, distinct_name:2, dictinctin_value:-0.36929151673896154, par:62)
														idx76(Q:0.6314, distinct_name:2, dictinctin_value:-0.4513587540231024, par:70)
															idx82(Q:0.6723, distinct_name:2, dictinctin_value:-0.49926091712096626, par:76)
																idx90(Q:0.6855, distinct_name:2, dictinctin_value:-0.5261921216626007, par:82)
																	idx100(Q:0.6959, distinct_name:2, dictinctin_value:-0.5682634996789567, par:90)
																		idx110(Q:0.7172, distinct_name:2, dictinctin_value:-0.576514535000767, par:100)
																			idx120(Q:0.7285, par:110)
																			idx121(Q:0.4001, par:110)
																		idx111(Q:0.3390, par:100)
																	idx101(Q:0.3647, par:90)
																idx91(Q:0.3323, par:82)
															idx83(Q:0.2689, par:76)
														idx77(Q:0.2885, par:70)
													idx71(Q:0.2746, par:62)
												idx63(Q:0.2559, par:54)
											idx55(Q:0.2279, par:44)
										idx45(Q:0.2170, par:38)
									idx39(Q:0.3283, par:30)
								idx31(Q:0.3947, par:24)
							idx25(Q:0.4641, par:18)
						idx19(Q:0.7457, par:12)
					idx13(Q:0.5988, distinct_name:2, dictinctin_value:1.929601246827043, par:10)
						idx92(Q:0.5883, distinct_name:1, dictinctin_value:1.2557733390904973, par:13)
							idx102(Q:0.5556, distinct_name:2, dictinctin_value:1.4527612583425853, par:92)
								idx112(Q:0.5361, distinct_name:2, dictinctin_value:1.3531114404933846, par:102)
									idx122(Q:0.5302, distinct_name:2, dictinctin_value:1.0639310625609943, par:112)
										idx130(Q:0.5142, distinct_name:2, dictinctin_value:0.8759607452183222, par:122)
											idx136(Q:0.5055, distinct_name:2, dictinctin_value:0.6228991526328211, par:130)
												idx142(Q:0.4882, par:136)
												idx143(Q:0.7213, par:136)
											idx137(Q:0.6196, par:130)
										idx131(Q:0.9049, par:122)
									idx123(Q:0.7132, par:112)
								idx113(Q:0.9065, par:102)
							idx103(Q:0.9228, par:92)
						idx93(Q:1.1123, par:13)
				idx11(Q:0.3784, distinct_name:3, dictinctin_value:1.284568987543642, par:8)
					idx32(Q:0.3596, distinct_name:3, dictinctin_value:0.5763111575206541, par:11)
						idx40(Q:0.3366, distinct_name:2, dictinctin_value:1.4159847670297276, par:32)
							idx46(Q:0.3258, distinct_name:2, dictinctin_value:0.8764611652526798, par:40)
								idx56(Q:0.3365, distinct_name:2, dictinctin_value:0.6776552612944613, par:46)
									idx64(Q:0.3407, distinct_name:0, dictinctin_value:-0.10007893227380851, par:56)
										idx72(Q:0.3399, distinct_name:2, dictinctin_value:0.481251420222257, par:64)
											idx78(Q:0.3506, distinct_name:2, dictinctin_value:0.43236682950932387, par:72)
												idx84(Q:0.3604, distinct_name:2, dictinctin_value:0.2322739018313544, par:78)
													idx94(Q:0.3798, distinct_name:2, dictinctin_value:0.1692901075380102, par:84)
														idx104(Q:0.3914, distinct_name:2, dictinctin_value:0.044622068949871425, par:94)
															idx114(Q:0.4083, distinct_name:2, dictinctin_value:-0.04421252452423217, par:104)
																idx124(Q:0.4335, distinct_name:2, dictinctin_value:-0.12551407150931976, par:114)
																	idx132(Q:0.4527, distinct_name:2, dictinctin_value:-0.16179863391045127, par:124)
																		idx138(Q:0.4644, distinct_name:2, dictinctin_value:-0.1987692173924826, par:132)
																			idx144(Q:0.4806, par:138)
																			idx145(Q:0.1389, par:138)
																		idx139(Q:0.1455, par:132)
																	idx133(Q:0.1353, par:124)
																idx125(Q:0.1158, par:114)
															idx115(Q:0.1551, par:104)
														idx105(Q:0.1560, par:94)
													idx95(Q:0.1489, par:84)
												idx85(Q:0.1601, par:78)
											idx79(Q:0.1939, par:72)
										idx73(Q:0.3524, par:64)
									idx65(Q:0.2807, par:56)
								idx57(Q:0.2516, par:46)
							idx47(Q:0.4221, par:40)
						idx41(Q:0.4460, par:32)
					idx33(Q:0.5838, par:11)
			idx9(Q:0.3539, distinct_name:1, dictinctin_value:1.4532912275447858, par:6)
				idx14(Q:0.3335, distinct_name:0, dictinctin_value:0.6708677617788001, par:9)
					idx16(Q:0.3460, distinct_name:0, dictinctin_value:0.5219929201544601, par:14)
						idx20(Q:0.3535, distinct_name:0, dictinctin_value:0.38200451643824146, par:16)
							idx26(Q:0.3680, distinct_name:0, dictinctin_value:0.29175973898130836, par:20)
								idx34(Q:0.3822, distinct_name:3, dictinctin_value:1.2405945003824483, par:26)
									idx42(Q:0.3519, distinct_name:2, dictinctin_value:1.6139678071673451, par:34)
										idx48(Q:0.3448, distinct_name:1, dictinctin_value:1.0148453699076618, par:42)
											idx58(Q:0.3324, distinct_name:2, dictinctin_value:0.8422101128546527, par:48)
												idx66(Q:0.3453, distinct_name:2, dictinctin_value:0.5718071591898053, par:58)
													idx74(Q:0.3546, distinct_name:2, dictinctin_value:0.3335199702259944, par:66)
														idx80(Q:0.3781, distinct_name:2, dictinctin_value:0.2585267021680285, par:74)
															idx86(Q:0.3895, distinct_name:2, dictinctin_value:0.13295569297273957, par:80)
																idx96(Q:0.4078, distinct_name:2, dictinctin_value:0.0933394603867821, par:86)
																	idx106(Q:0.4172, distinct_name:2, dictinctin_value:0.047951172568074005, par:96)
																		idx116(Q:0.4300, distinct_name:2, dictinctin_value:-0.0025517231675584334, par:106)
																			idx126(Q:0.4405, par:116)
																			idx127(Q:0.1264, par:116)
																		idx117(Q:0.1611, par:106)
																	idx107(Q:0.1127, par:96)
																idx97(Q:0.1241, par:86)
															idx87(Q:0.1800, par:80)
														idx81(Q:0.1520, par:74)
													idx75(Q:0.2178, par:66)
												idx67(Q:0.2484, par:58)
											idx59(Q:0.4544, par:48)
										idx49(Q:0.4582, par:42)
									idx43(Q:0.5483, par:34)
								idx35(Q:0.3085, par:26)
							idx27(Q:0.2971, par:20)
						idx21(Q:0.3106, par:16)
					idx17(Q:0.3199, distinct_name:3, dictinctin_value:0.8871619234739136, par:14)
						idx22(Q:0.2899, distinct_name:1, dictinctin_value:0.895274831679809, par:17)
							idx28(Q:0.2712, distinct_name:3, dictinctin_value:0.4147697243292515, par:22)
								idx36(Q:0.2608, distinct_name:3, dictinctin_value:-0.009439492879810042, par:28)
									idx50(Q:0.2591, distinct_name:0, dictinctin_value:2.3121117874404824, par:36)
										idx52(Q:0.2597, distinct_name:0, dictinctin_value:1.9483716250181808, par:50)
											idx60(Q:0.2641, distinct_name:3, dictinctin_value:-0.018025248765568658, par:52)
												idx68(Q:0.2739, distinct_name:2, dictinctin_value:0.8033765660185509, par:60)
													idx88(Q:0.2754, distinct_name:2, dictinctin_value:0.6003623148969123, par:68)
														idx98(Q:0.2839, distinct_name:2, dictinctin_value:0.5329635912790776, par:88)
															idx108(Q:0.2916, distinct_name:2, dictinctin_value:0.3621996786015208, par:98)
																idx118(Q:0.3023, distinct_name:3, dictinctin_value:-0.05260374571449391, par:108)
																	idx128(Q:0.3065, distinct_name:2, dictinctin_value:0.22149263805201816, par:118)
																		idx134(Q:0.3169, distinct_name:2, dictinctin_value:0.13324256965432388, par:128)
																			idx140(Q:0.3311, par:134)
																			idx141(Q:0.1325, par:134)
																		idx135(Q:0.1396, par:128)
																	idx129(Q:0.1770, par:118)
																idx119(Q:0.1604, par:108)
															idx109(Q:0.1700, par:98)
														idx99(Q:0.1822, par:88)
													idx89(Q:0.2675, par:68)
												idx69(Q:0.1866, par:60)
											idx61(Q:0.1806, par:52)
										idx53(Q:0.2130, par:50)
									idx51(Q:0.2665, par:36)
								idx37(Q:0.3263, par:28)
							idx29(Q:0.4125, par:22)
						idx23(Q:0.4539, par:17)
				idx15(Q:0.6116, par:9)
		idx7(Q:0.5135, par:4)
	idx5(Q:0.3056, par:1)
