WARNING:tensorflow:From /Users/keithwu/opt/anaconda3/envs/auction-gym/lib/python3.10/site-packages/tensorflow/python/compat/v2_compat.py:107: disable_resource_variables (from tensorflow.python.ops.variable_scope) is deprecated and will be removed in a future version.
Instructions for updating:
non-resource variables are not supported in the long term
<_io.TextIOWrapper name='<stderr>' mode='w' encoding='utf-8'> reading from ../UTree_model_numpy/DM/model_boost_linear_qsplit_noabs_save/, starting at 72
<_io.TextIOWrapper name='<stderr>' mode='w' encoding='utf-8'> =============== update starts ===============
(average_diff:0.006206773749024054, max_diff:0.04286221377231214, training_epochs:50, lr:0.05)
<_io.TextIOWrapper name='<stderr>' mode='w' encoding='utf-8'> node index is 111
train linear regression time:  0.051988416351377964
(average_diff:0.0019311499760786635, max_diff:0.005369508237075826, training_epochs:50, lr:0.05)
<_io.TextIOWrapper name='<stderr>' mode='w' encoding='utf-8'> node index is 101
train linear regression time:  0.052598374895751476
(average_diff:0.01015990515617178, max_diff:0.036046034573094465, training_epochs:50, lr:0.05)
<_io.TextIOWrapper name='<stderr>' mode='w' encoding='utf-8'> node index is 91
train linear regression time:  0.05205587483942509
(average_diff:0.013745205887777374, max_diff:0.16750662159331728, training_epochs:50, lr:0.05)
<_io.TextIOWrapper name='<stderr>' mode='w' encoding='utf-8'> node index is 83
train linear regression time:  0.05246841628104448
(average_diff:0.015919985968028568, max_diff:0.1582789511525306, training_epochs:50, lr:0.05)
<_io.TextIOWrapper name='<stderr>' mode='w' encoding='utf-8'> node index is 77
train linear regression time:  0.05133720813319087
(average_diff:0.04584835908767041, max_diff:0.27532008123597623, training_epochs:50, lr:0.05)
<_io.TextIOWrapper name='<stderr>' mode='w' encoding='utf-8'> node index is 71
train linear regression time:  0.051911292131990194
(average_diff:0.04983697780635623, max_diff:0.19815843250393678, training_epochs:50, lr:0.05)
<_io.TextIOWrapper name='<stderr>' mode='w' encoding='utf-8'> node index is 63
train linear regression time:  0.0526166670024395
(average_diff:0.007171023696113059, max_diff:0.010284573172897965, training_epochs:50, lr:0.05)
<_io.TextIOWrapper name='<stderr>' mode='w' encoding='utf-8'> node index is 501
train linear regression time:  0.05209312494844198
(average_diff:0.0245460467928095, max_diff:0.025538121025290295, training_epochs:50, lr:0.05)
<_io.TextIOWrapper name='<stderr>' mode='w' encoding='utf-8'> node index is 493
train linear regression time:  0.05287729203701019
(average_diff:0.0005041854298785467, max_diff:0.000560281865656001, training_epochs:50, lr:0.05)
<_io.TextIOWrapper name='<stderr>' mode='w' encoding='utf-8'> node index is 485
train linear regression time:  0.05275537492707372
(average_diff:0.023811814673162214, max_diff:0.03746131042986636, training_epochs:50, lr:0.05)
<_io.TextIOWrapper name='<stderr>' mode='w' encoding='utf-8'> node index is 481
train linear regression time:  0.051772833336144686
(average_diff:2.7755575615628914e-17, max_diff:2.7755575615628914e-17, training_epochs:50, lr:0.05)
<_io.TextIOWrapper name='<stderr>' mode='w' encoding='utf-8'> node index is 475
train linear regression time:  0.04957916587591171
(average_diff:0.01658933896187769, max_diff:0.0360892306328425, training_epochs:50, lr:0.05)
<_io.TextIOWrapper name='<stderr>' mode='w' encoding='utf-8'> node index is 469
train linear regression time:  0.05089666601270437
(average_diff:0.00029231867092855784, max_diff:0.0004222003091713944, training_epochs:50, lr:0.05)
<_io.TextIOWrapper name='<stderr>' mode='w' encoding='utf-8'> node index is 465
train linear regression time:  0.05185504211112857
(average_diff:0.07453243174493296, max_diff:0.28892007207547665, training_epochs:50, lr:0.05)
<_io.TextIOWrapper name='<stderr>' mode='w' encoding='utf-8'> node index is 536
train linear regression time:  0.056368875317275524
<_io.TextIOWrapper name='<stderr>' mode='w' encoding='utf-8'> variance test passed, diff=0.030206998653899177, d = 0, back=0
<_io.TextIOWrapper name='<stderr>' mode='w' encoding='utf-8'> Will be split, p=0.030206998653899177, d=0, back=0
(average_diff:0.073614145687126, max_diff:0.29064403342411393, training_epochs:50, lr:0.05)
<_io.TextIOWrapper name='<stderr>' mode='w' encoding='utf-8'> node index is 548
train linear regression time:  0.0517322919331491
(average_diff:9.01839737416088e-06, max_diff:9.01839737416088e-06, training_epochs:50, lr:0.05)
<_io.TextIOWrapper name='<stderr>' mode='w' encoding='utf-8'> node index is 549
train linear regression time:  0.051838915795087814
(average_diff:7.15502891079911e-05, max_diff:8.882026432288637e-05, training_epochs:50, lr:0.05)
<_io.TextIOWrapper name='<stderr>' mode='w' encoding='utf-8'> node index is 537
train linear regression time:  0.05201641609892249
(average_diff:0.004692775165490474, max_diff:0.00692086981268647, training_epochs:50, lr:0.05)
<_io.TextIOWrapper name='<stderr>' mode='w' encoding='utf-8'> node index is 531
train linear regression time:  0.051426667254418135
(average_diff:0.010162540583890342, max_diff:0.016493161210737073, training_epochs:50, lr:0.05)
<_io.TextIOWrapper name='<stderr>' mode='w' encoding='utf-8'> node index is 521
train linear regression time:  0.054411415942013264
(average_diff:1.249000902703301e-16, max_diff:1.249000902703301e-16, training_epochs:50, lr:0.05)
<_io.TextIOWrapper name='<stderr>' mode='w' encoding='utf-8'> node index is 511
train linear regression time:  0.052394208032637835
(average_diff:8.128317803834939e-07, max_diff:8.162296946667702e-07, training_epochs:50, lr:0.05)
<_io.TextIOWrapper name='<stderr>' mode='w' encoding='utf-8'> node index is 473
train linear regression time:  0.052168792113661766
(average_diff:7.058324064113108e-11, max_diff:8.564741971195389e-11, training_epochs:50, lr:0.05)
<_io.TextIOWrapper name='<stderr>' mode='w' encoding='utf-8'> node index is 471
train linear regression time:  0.05201399978250265
(average_diff:0.0017779968289828169, max_diff:0.0018150585199651903, training_epochs:50, lr:0.05)
<_io.TextIOWrapper name='<stderr>' mode='w' encoding='utf-8'> node index is 467
train linear regression time:  0.05233229184523225
(average_diff:0.014962208606330449, max_diff:0.0229005929134683, training_epochs:50, lr:0.05)
<_io.TextIOWrapper name='<stderr>' mode='w' encoding='utf-8'> node index is 461
train linear regression time:  0.05206629168242216
(average_diff:0.010927155239809541, max_diff:0.021591306508730257, training_epochs:50, lr:0.05)
<_io.TextIOWrapper name='<stderr>' mode='w' encoding='utf-8'> node index is 457
train linear regression time:  0.052456708159297705
(average_diff:0.0, max_diff:0.0, training_epochs:50, lr:0.05)
<_io.TextIOWrapper name='<stderr>' mode='w' encoding='utf-8'> node index is 449
train linear regression time:  0.05230299988761544
(average_diff:3.027109812814288e-11, max_diff:3.643237100892094e-11, training_epochs:50, lr:0.05)
<_io.TextIOWrapper name='<stderr>' mode='w' encoding='utf-8'> node index is 445
train linear regression time:  0.04768741689622402
(average_diff:1.1970424651508438e-12, max_diff:1.226713175483951e-12, training_epochs:50, lr:0.05)
<_io.TextIOWrapper name='<stderr>' mode='w' encoding='utf-8'> node index is 433
train linear regression time:  0.053107083309441805
(average_diff:0.020449864610935342, max_diff:0.02956369978043083, training_epochs:50, lr:0.05)
<_io.TextIOWrapper name='<stderr>' mode='w' encoding='utf-8'> node index is 427
train linear regression time:  0.05437104217708111
(average_diff:0.09891924975677525, max_diff:0.33246538372140716, training_epochs:50, lr:0.05)
<_io.TextIOWrapper name='<stderr>' mode='w' encoding='utf-8'> node index is 544
train linear regression time:  0.054645208176225424
<_io.TextIOWrapper name='<stderr>' mode='w' encoding='utf-8'> variance test passed, diff=0.07398488317308373, d = 0, back=0
<_io.TextIOWrapper name='<stderr>' mode='w' encoding='utf-8'> variance test passed, diff=0.07444366782991393, d = 1, back=0
<_io.TextIOWrapper name='<stderr>' mode='w' encoding='utf-8'> Will be split, p=0.07444366782991393, d=1, back=0
(average_diff:0.09878605835161702, max_diff:0.3341400957368679, training_epochs:50, lr:0.05)
<_io.TextIOWrapper name='<stderr>' mode='w' encoding='utf-8'> node index is 550
train linear regression time:  0.05487750004976988
(average_diff:0.06465357538134972, max_diff:0.06960950359485304, training_epochs:50, <_io.Text<_io.TextIOWrapper name='<stderr>' mode='w' encoding='utf-8'> node index is 551
train linear regression time:  0.05247333366423845
(average_diff:3.2012423212268715e-08, max_diff:3.2012423212268715e-08, training_epochs:50, lr:0.05)
<_io.TextIOWrapper name='<stderr>' mode='w' encoding='utf-8'> node index is 545
train linear regression time:  0.05458204075694084
(average_diff:1.5891260862765932e-08, max_diff:1.6408172598403326e-08, training_epochs:50, lr:0.05)
<_io.TextIOWrapper name='<stderr>' mode='w' encoding='utf-8'> node index is 369
train linear regression time:  0.051309541799128056
(average_diff:0.012884627665641801, max_diff:0.017167423094743284, training_epochs:50, lr:0.05)
<_io.TextIOWrapper name='<stderr>' mode='w' encoding='utf-8'> node index is 355
train linear regression time:  0.0522729167714715
(average_diff:0.0004009767178944079, max_diff:0.0005726352348576769, training_epochs:50, lr:0.05)
<_io.TextIOWrapper name='<stderr>' mode='w' encoding='utf-8'> node index is 341
train linear regression time:  0.05318037513643503
(average_diff:0.02280831784153808, max_diff:0.05285044812676315, training_epochs:50, lr:0.05)
<_io.TextIOWrapper name='<stderr>' mode='w' encoding='utf-8'> node index is 329
train linear regression time:  0.05241966666653752
(average_diff:0.007404260064979396, max_diff:0.012788485310178066, training_epochs:50, lr:0.05)
<_io.TextIOWrapper name='<stderr>' mode='w' encoding='utf-8'> node index is 317
train linear regression time:  0.052248707972466946
(average_diff:0.06420626440653909, max_diff:0.2292202359570468, training_epochs:50, lr:0.05)
<_io.TextIOWrapper name='<stderr>' mode='w' encoding='utf-8'> node index is 305
train linear regression time:  0.05143400002270937
(average_diff:2.30458687757798e-05, max_diff:2.3791170738377e-05, training_epochs:50, lr:0.05)
<_io.TextIOWrapper name='<stderr>' mode='w' encoding='utf-8'> node index is 289
train linear regression time:  0.0522725828923285
(average_diff:0.00460277423479234, max_diff:0.007917131985658354, training_epochs:50, lr:0.05)
<_io.TextIOWrapper name='<stderr>' mode='w' encoding='utf-8'> node index is 257
train linear regression time:  0.05244333343580365
(average_diff:0.06739182755384614, max_diff:0.1400338617626541, training_epochs:50, lr:0.05)
<_io.TextIOWrapper name='<stderr>' mode='w' encoding='utf-8'> node index is 243
train linear regression time:  0.052792333997786045
(average_diff:0.054892871392396174, max_diff:0.08360902524771066, training_epochs:50, lr:0.05)
<_io.TextIOWrapper name='<stderr>' mode='w' encoding='utf-8'> node index is 231
train linear regression time:  0.05233379174023867
(average_diff:0.0973710516800975, max_diff:0.16225261997036636, training_epochs:50, lr:0.05)
<_io.TextIOWrapper name='<stderr>' mode='w' encoding='utf-8'> node index is 217
train linear regression time:  0.052147333044558764
(average_diff:0.009802708373441956, max_diff:0.017658785848616798, training_epochs:50, lr:0.05)
<_io.TextIOWrapper name='<stderr>' mode='w' encoding='utf-8'> node index is 275
train linear regression time:  0.0510920831002295
(average_diff:0.01366937714670039, max_diff:0.024818904555790056, training_epochs:50, lr:0.05)
<_io.TextIOWrapper name='<stderr>' mode='w' encoding='utf-8'> node index is 259
train linear regression time:  0.05479904171079397
(average_diff:0.04636304252748551, max_diff:0.12176925758571544, training_epochs:50, lr:0.05)
<_io.TextIOWrapper name='<stderr>' mode='w' encoding='utf-8'> node index is 245
train linear regression time:  0.05226341728121042
(average_diff:0.02010215425527661, max_diff:0.047759401342495234, training_epochs:50, lr:0.05)
<_io.TextIOWrapper name='<stderr>' mode='w' encoding='utf-8'> node index is 233
train linear regression time:  0.05220141587778926
(average_diff:0.011264160064063333, max_diff:0.018788339301544277, training_epochs:50, lr:0.05)
<_io.TextIOWrapper name='<stderr>' mode='w' encoding='utf-8'> node index is 219
train linear regression time:  0.052207957953214645
(average_diff:0.012793257560322235, max_diff:0.02288415636287855, training_epochs:50, lr:0.05)
<_io.TextIOWrapper name='<stderr>' mode='w' encoding='utf-8'> node index is 205
train linear regression time:  0.05208449997007847
(average_diff:0.015231488683581373, max_diff:0.045158045946840364, training_epochs:50, lr:0.05)
<_io.TextIOWrapper name='<stderr>' mode='w' encoding='utf-8'> node index is 197
train linear regression time:  0.0523330420255661
(average_diff:0.030986621595630943, max_diff:0.0651157109711702, training_epochs:50, lr:0.05)
<_io.TextIOWrapper name='<stderr>' mode='w' encoding='utf-8'> node index is 189
train linear regression time:  0.053444874938577414
(average_diff:0.03905339995434823, max_diff:0.25027074867861376, training_epochs:50, lr:0.05)
<_io.TextIOWrapper name='<stderr>' mode='w' encoding='utf-8'> node index is 181
train linear regression time:  0.05208629183471203
(average_diff:0.02632716402838072, max_diff:0.07448527472923061, training_epochs:50, lr:0.05)
<_io.TextIOWrapper name='<stderr>' mode='w' encoding='utf-8'> node index is 173
train linear regression time:  0.05182420834898949
(average_diff:0.02041598194937525, max_diff:0.0486701189020895, training_epochs:50, lr:0.05)
<_io.TextIOWrapper name='<stderr>' mode='w' encoding='utf-8'> node index is 163
train linear regression time:  0.0519465422257781
(average_diff:0.0, max_diff:0.0, training_epochs:50, lr:0.05)
<_io.TextIOWrapper name='<stderr>' mode='w' encoding='utf-8'> node index is 153
train linear regression time:  0.05212716618552804
(average_diff:0.016687964381694523, max_diff:0.03136841749789765, training_epochs:50, lr:0.05)
<_io.TextIOWrapper name='<stderr>' mode='w' encoding='utf-8'> node index is 221
train linear regression time:  0.051253499928861856
(average_diff:0.11551282729807139, max_diff:0.31500632851802146, training_epochs:50, lr:0.05)
<_io.TextIOWrapper name='<stderr>' mode='w' encoding='utf-8'> node index is 207
train linear regression time:  0.05263012507930398
(average_diff:0.16196715727438346, max_diff:0.6326771028809068, training_epochs:50, lr:0.05)
<_io.TextIOWrapper name='<stderr>' mode='w' encoding='utf-8'> node index is 165
train linear regression time:  0.052449333015829325
(average_diff:0.12382051473087222, max_diff:0.32914382215659266, training_epochs:50, lr:0.05)
<_io.TextIOWrapper name='<stderr>' mode='w' encoding='utf-8'> node index is 155
train linear regression time:  0.05227949982509017
(average_diff:0.15918304356563653, max_diff:0.306189862702383, training_epochs:50, lr:0.05)
<_io.TextIOWrapper name='<stderr>' mode='w' encoding='utf-8'> node index is 149
train linear regression time:  0.051535166800022125
(average_diff:0.04580643597491102, max_diff:0.14694793959270155, training_epochs:50, lr:0.05)
<_io.TextIOWrapper name='<stderr>' mode='w' encoding='utf-8'> node index is 147
train linear regression time:  0.0520449997857213
(average_diff:0.05155179274238119, max_diff:0.15630276099877388, training_epochs:50, lr:0.05)
<_io.TextIOWrapper name='<stderr>' mode='w' encoding='utf-8'> node index is 143
train linear regression time:  0.052422416396439075
(average_diff:0.03864926623117048, max_diff:0.09111234361413434, training_epochs:50, lr:0.05)
<_io.TextIOWrapper name='<stderr>' mode='w' encoding='utf-8'> node index is 137
train linear regression time:  0.05071008298546076
(average_diff:0.04567071220109885, max_diff:0.1354539671468309, training_epochs:50, lr:0.05)
<_io.TextIOWrapper name='<stderr>' mode='w' encoding='utf-8'> node index is 131
train linear regression time:  0.05235420912504196
(average_diff:0.029277922853934497, max_diff:0.0686756383659946, training_epochs:50, lr:0.05)
<_io.TextIOWrapper name='<stderr>' mode='w' encoding='utf-8'> node index is 123
train linear regression time:  0.05269683292135596
(average_diff:0.03402884879979153, max_diff:0.09446741501333056, training_epochs:50, lr:0.05)
<_io.TextIOWrapper name='<stderr>' mode='w' encoding='utf-8'> node index is 113
train linear regression time:  0.051959041971713305
(average_diff:0.09286859395831744, max_diff:0.36620758595481095, training_epochs:50, lr:0.05)
<_io.TextIOWrapper name='<stderr>' mode='w' encoding='utf-8'> notrain linear regtrain linear regression time:  0.05268416693434119
(average_diff:0.05370605290553046, max_diff:0.1719345612656784, training_epochs:50, lr:0.05)
<_io.TextIOWrapper name='<stderr>' mode='w' encoding='utf-8'> node index is 93
train linear regression time:  0.052434958051890135
(average_diff:0.023745027616853633, max_diff:0.07430789803636176, training_epochs:50, lr:0.05)
<_io.TextIOWrapper name='<stderr>' mode='w' encoding='utf-8'> node index is 139
train linear regression time:  0.053053541108965874
(average_diff:0.06793760467359726, max_diff:0.214226449449264, training_epochs:50, lr:0.05)
<_io.TextIOWrapper name='<stderr>' mode='w' encoding='utf-8'> node index is 133
train linear regression time:  0.053616249933838844
(average_diff:0.027211650585201343, max_diff:0.06512998811532418, training_epochs:50, lr:0.05)
<_io.TextIOWrapper name='<stderr>' mode='w' encoding='utf-8'> node index is 125
train linear regression time:  0.055138499941676855
(average_diff:0.0705226765906745, max_diff:0.25040204111496944, training_epochs:50, lr:0.05)
<_io.TextIOWrapper name='<stderr>' mode='w' encoding='utf-8'> node index is 115
train linear regression time:  0.052892041858285666
(average_diff:0.078521397042788, max_diff:0.28255879510662496, training_epochs:50, lr:0.05)
<_io.TextIOWrapper name='<stderr>' mode='w' encoding='utf-8'> node index is 105
train linear regression time:  0.05265662493184209
(average_diff:0.06097199420347191, max_diff:0.23316719978015954, training_epochs:50, lr:0.05)
<_io.TextIOWrapper name='<stderr>' mode='w' encoding='utf-8'> node index is 95
train linear regression time:  0.05427983310073614
(average_diff:0.07163268741780672, max_diff:0.17333304311090725, training_epochs:50, lr:0.05)
<_io.TextIOWrapper name='<stderr>' mode='w' encoding='utf-8'> node index is 85
train linear regression time:  0.05266870791092515
(average_diff:0.07543499177791456, max_diff:0.2625056833193247, training_epochs:50, lr:0.05)
<_io.TextIOWrapper name='<stderr>' mode='w' encoding='utf-8'> node index is 79
train linear regression time:  0.04937691707164049
(average_diff:0.11057652358368636, max_diff:0.4243430650984418, training_epochs:50, lr:0.05)
<_io.TextIOWrapper name='<stderr>' mode='w' encoding='utf-8'> node index is 73
train linear regression time:  0.05374262481927872
(average_diff:0.08224973659573494, max_diff:0.3700238732457518, training_epochs:50, lr:0.05)
<_io.TextIOWrapper name='<stderr>' mode='w' encoding='utf-8'> node index is 65
train linear regression time:  0.0530888750217855
(average_diff:0.08023419505423705, max_diff:0.43066124082021834, training_epochs:50, lr:0.05)
<_io.TextIOWrapper name='<stderr>' mode='w' encoding='utf-8'> node index is 538
train linear regression time:  0.05356029188260436
<_io.TextIOWrapper name='<stderr>' mode='w' encoding='utf-8'> variance test passed, diff=0.027600151228027787, d = 0, back=0
<_io.TextIOWrapper name='<stderr>' mode='w' encoding='utf-8'> Will be split, p=0.027600151228027787, d=0, back=0
(average_diff:0.07461940816007934, max_diff:0.2386704531740761, training_epochs:50, lr:0.05)
<_io.TextIOWrapper name='<stderr>' mode='w' encoding='utf-8'> node index is 552
train linear regression time:  0.053811291698366404
(average_diff:0.0, max_diff:0.0, training_epochs:50, lr:0.05)
<_io.TextIOWrapper name='<stderr>' mode='w' encoding='utf-8'> node index is 553
train linear regression time:  0.053318583872169256
(average_diff:0.0323042323950401, max_diff:0.0327676627134037, training_epochs:50, lr:0.05)
<_io.TextIOWrapper name='<stderr>' mode='w' encoding='utf-8'> node index is 539
train linear regression time:  0.053625499829649925
(average_diff:8.879495505337287e-05, max_diff:9.588967913154445e-05, training_epochs:50, lr:0.05)
<_io.TextIOWrapper name='<stderr>' mode='w' encoding='utf-8'> node index is 523
train linear regression time:  0.05286950012668967
(average_diff:1.942890293094024e-16, max_diff:1.942890293094024e-16, training_epochs:50, lr:0.05)
<_io.TextIOWrapper name='<stderr>' mode='w' encoding='utf-8'> node index is 513
train linear regression time:  0.05152904102578759
(average_diff:0.0, max_diff:0.0, training_epochs:50, lr:0.05)
<_io.TextIOWrapper name='<stderr>' mode='w' encoding='utf-8'> node index is 505
train linear regression time:  0.05225304188206792
(average_diff:0.010074815015560437, max_diff:0.014824354803903761, training_epochs:50, lr:0.05)
<_io.TextIOWrapper name='<stderr>' mode='w' encoding='utf-8'> node index is 495
train linear regression time:  0.05236395774409175
(average_diff:0.01963681351576686, max_diff:0.02148146503030106, training_epochs:50, lr:0.05)
<_io.TextIOWrapper name='<stderr>' mode='w' encoding='utf-8'> node index is 487
train linear regression time:  0.05217595910653472
(average_diff:0.08740408880990265, max_diff:0.5849887845758002, training_epochs:50, lr:0.05)
<_io.TextIOWrapper name='<stderr>' mode='w' encoding='utf-8'> node index is 47
train linear regression time:  0.05292279226705432
(average_diff:0.003342889204477196, max_diff:0.005371316116771899, training_epochs:50, lr:0.05)
<_io.TextIOWrapper name='<stderr>' mode='w' encoding='utf-8'> node index is 397
train linear regression time:  0.05078541673719883
(average_diff:0.07230775595154978, max_diff:0.12471282475212586, training_epochs:50, lr:0.05)
<_io.TextIOWrapper name='<stderr>' mode='w' encoding='utf-8'> node index is 383
train linear regression time:  0.051138125360012054
(average_diff:1.1102230246251565e-16, max_diff:1.1102230246251565e-16, training_epochs:50, lr:0.05)
<_io.TextIOWrapper name='<stderr>' mode='w' encoding='utf-8'> node index is 371
train linear regression time:  0.05364354094490409
(average_diff:0.1904508595154577, max_diff:0.5002115318834081, training_epochs:50, lr:0.05)
<_io.TextIOWrapper name='<stderr>' mode='w' encoding='utf-8'> node index is 357
train linear regression time:  0.05304441601037979
(average_diff:0.10899044607367848, max_diff:0.23651297549283884, training_epochs:50, lr:0.05)
<_io.TextIOWrapper name='<stderr>' mode='w' encoding='utf-8'> node index is 343
train linear regression time:  0.052422875072807074
(average_diff:0.10719382577837927, max_diff:0.12833082954835406, training_epochs:50, lr:0.05)
<_io.TextIOWrapper name='<stderr>' mode='w' encoding='utf-8'> node index is 331
train linear regression time:  0.05235212482511997
(average_diff:0.012776740142940196, max_diff:0.02494997901685847, training_epochs:50, lr:0.05)
<_io.TextIOWrapper name='<stderr>' mode='w' encoding='utf-8'> node index is 319
train linear regression time:  0.052193582989275455
(average_diff:0.1695176164126614, max_diff:0.4824460741124118, training_epochs:50, lr:0.05)
<_io.TextIOWrapper name='<stderr>' mode='w' encoding='utf-8'> node index is 307
train linear regression time:  0.05207879189401865
(average_diff:1.9484375224365635e-10, max_diff:1.9937940187730874e-10, training_epochs:50, lr:0.05)
<_io.TextIOWrapper name='<stderr>' mode='w' encoding='utf-8'> node index is 293
train linear regression time:  0.05184395890682936
(average_diff:0.03071800710276464, max_diff:0.06620654809974735, training_epochs:50, lr:0.05)
<_io.TextIOWrapper name='<stderr>' mode='w' encoding='utf-8'> node index is 277
train linear regression time:  0.051860375329852104
(average_diff:0.024234114272545758, max_diff:0.04448885563361152, training_epochs:50, lr:0.05)
<_io.TextIOWrapper name='<stderr>' mode='w' encoding='utf-8'> node index is 261
train linear regression time:  0.05207891622558236
(average_diff:0.10456734738909967, max_diff:0.1996978889846489, training_epochs:50, lr:0.05)
<_io.TextIOWrapper name='<stderr>' mode='w' encoding='utf-8'> node index is 247
train linear regression time:  0.05134516628459096
(average_diff:0.01986332780909547, max_diff:0.020505350926582455, training_epochs:50, lr:0.05)
<_io.TextIOWrapper name='<stderr>' mode='w' encoding='utf-8'> node index is 533
train linear regression time:  0.05188670800998807
(average_diff:0.007999902598399222, max_diff:0.012039764446974632, training_epochs:50, lr:0.05)
<_io.TextIOWrapper name='<stderr>' mode='w' encoding='utf-8'> node index is 525
train linear regression time:  0.0513(average_diff:(average_diff:0.006667736290584481, max_diff:0.007287751073923654, training_epochs:50, lr:0.05)
<_io.TextIOWrapper name='<stderr>' mode='w' encoding='utf-8'> node index is 515
train linear regression time:  0.05372020788490772
(average_diff:6.938893903907228e-17, max_diff:6.938893903907228e-17, training_epochs:50, lr:0.05)
<_io.TextIOWrapper name='<stderr>' mode='w' encoding='utf-8'> node index is 503
train linear regression time:  0.052482500206679106
(average_diff:0.02040042216738258, max_diff:0.029892141512343096, training_epochs:50, lr:0.05)
<_io.TextIOWrapper name='<stderr>' mode='w' encoding='utf-8'> node index is 497
train linear regression time:  0.05239833425730467
(average_diff:2.7755575615628914e-17, max_diff:2.7755575615628914e-17, training_epochs:50, lr:0.05)
<_io.TextIOWrapper name='<stderr>' mode='w' encoding='utf-8'> node index is 489
train linear regression time:  0.052404625341296196
(average_diff:0.0, max_diff:0.0, training_epochs:50, lr:0.05)
<_io.TextIOWrapper name='<stderr>' mode='w' encoding='utf-8'> node index is 483
train linear regression time:  0.052292666863650084
(average_diff:0.0, max_diff:0.0, training_epochs:50, lr:0.05)
<_io.TextIOWrapper name='<stderr>' mode='w' encoding='utf-8'> node index is 479
train linear regression time:  0.05211120843887329
(average_diff:0.005619990662440973, max_diff:0.008892561450056236, training_epochs:50, lr:0.05)
<_io.TextIOWrapper name='<stderr>' mode='w' encoding='utf-8'> node index is 463
train linear regression time:  0.05231904098764062
(average_diff:0.002911073697382749, max_diff:0.0044473610201034575, training_epochs:50, lr:0.05)
<_io.TextIOWrapper name='<stderr>' mode='w' encoding='utf-8'> node index is 459
train linear regression time:  0.05095033394172788
(average_diff:0.00019029348410407043, max_diff:0.00021004595657503344, training_epochs:50, lr:0.05)
<_io.TextIOWrapper name='<stderr>' mode='w' encoding='utf-8'> node index is 451
train linear regression time:  0.05430712504312396
(average_diff:0.0, max_diff:0.0, training_epochs:50, lr:0.05)
<_io.TextIOWrapper name='<stderr>' mode='w' encoding='utf-8'> node index is 439
train linear regression time:  0.05215366696938872
(average_diff:0.00789392106082773, max_diff:0.016242876610154, training_epochs:50, lr:0.05)
<_io.TextIOWrapper name='<stderr>' mode='w' encoding='utf-8'> node index is 437
train linear regression time:  0.05114491702988744
(average_diff:0.03129577796279079, max_diff:0.06756172228319977, training_epochs:50, lr:0.05)
<_io.TextIOWrapper name='<stderr>' mode='w' encoding='utf-8'> node index is 117
train linear regression time:  0.0514917909167707
(average_diff:0.022253534929101485, max_diff:0.06297473063388738, training_epochs:50, lr:0.05)
<_io.TextIOWrapper name='<stderr>' mode='w' encoding='utf-8'> node index is 107
train linear regression time:  0.05329495808109641
(average_diff:0.03997721471456822, max_diff:0.1345455947563967, training_epochs:50, lr:0.05)
<_io.TextIOWrapper name='<stderr>' mode='w' encoding='utf-8'> node index is 97
train linear regression time:  0.05431058304384351
(average_diff:0.062315308454926874, max_diff:0.16158528946596795, training_epochs:50, lr:0.05)
<_io.TextIOWrapper name='<stderr>' mode='w' encoding='utf-8'> node index is 87
train linear regression time:  0.04813183285295963
(average_diff:0.06313986227380854, max_diff:0.3310680830982469, training_epochs:50, lr:0.05)
<_io.TextIOWrapper name='<stderr>' mode='w' encoding='utf-8'> node index is 81
train linear regression time:  0.0520170833915472
(average_diff:0.07329654697016683, max_diff:0.26824920876341596, training_epochs:50, lr:0.05)
<_io.TextIOWrapper name='<stderr>' mode='w' encoding='utf-8'> node index is 75
train linear regression time:  0.053690541069954634
(average_diff:0.0878121785355906, max_diff:0.3409564810028509, training_epochs:50, lr:0.05)
<_io.TextIOWrapper name='<stderr>' mode='w' encoding='utf-8'> node index is 546
train linear regression time:  0.05269408272579312
<_io.TextIOWrapper name='<stderr>' mode='w' encoding='utf-8'> variance test passed, diff=0.022030337353573664, d = 1, back=0
<_io.TextIOWrapper name='<stderr>' mode='w' encoding='utf-8'> variance test passed, diff=0.0226856598669348, d = 2, back=0
<_io.TextIOWrapper name='<stderr>' mode='w' encoding='utf-8'> Will be split, p=0.0226856598669348, d=2, back=0
(average_diff:0.08811672612769927, max_diff:0.3376974323099306, training_epochs:50, lr:0.05)
<_io.TextIOWrapper name='<stderr>' mode='w' encoding='utf-8'> node index is 554
train linear regression time:  0.053110540844500065
(average_diff:0.021247730364918477, max_diff:0.021735720938913433, training_epochs:50, lr:0.05)
<_io.TextIOWrapper name='<stderr>' mode='w' encoding='utf-8'> node index is 555
train linear regression time:  0.05163262505084276
(average_diff:0.023217172163788068, max_diff:0.035954499162397235, training_epochs:50, lr:0.05)
<_io.TextIOWrapper name='<stderr>' mode='w' encoding='utf-8'> node index is 547
train linear regression time:  0.05285779107362032
(average_diff:1.1102230246251565e-16, max_diff:1.1102230246251565e-16, training_epochs:50, lr:0.05)
<_io.TextIOWrapper name='<stderr>' mode='w' encoding='utf-8'> node index is 527
train linear regression time:  0.05215349979698658
(average_diff:5.551115123125783e-17, max_diff:5.551115123125783e-17, training_epochs:50, lr:0.05)
<_io.TextIOWrapper name='<stderr>' mode='w' encoding='utf-8'> node index is 507
train linear regression time:  0.051963125355541706
(average_diff:0.16261024245994446, max_diff:0.5749571210477183, training_epochs:50, lr:0.05)
<_io.TextIOWrapper name='<stderr>' mode='w' encoding='utf-8'> node index is 59
train linear regression time:  0.05264516593888402
(average_diff:0.09880527075845806, max_diff:0.3351846389856692, training_epochs:50, lr:0.05)
<_io.TextIOWrapper name='<stderr>' mode='w' encoding='utf-8'> node index is 49
train linear regression time:  0.05216441676020622
(average_diff:0.16162938568885132, max_diff:0.6341893306612467, training_epochs:50, lr:0.05)
<_io.TextIOWrapper name='<stderr>' mode='w' encoding='utf-8'> node index is 542
train linear regression time:  0.052300290670245886
(average_diff:1.6653345369377348e-16, max_diff:1.6653345369377348e-16, training_epochs:50, lr:0.05)
<_io.TextIOWrapper name='<stderr>' mode='w' encoding='utf-8'> node index is 543
train linear regression time:  0.051867874804884195
(average_diff:0.007364496916917762, max_diff:0.007376613464297244, training_epochs:50, lr:0.05)
<_io.TextIOWrapper name='<stderr>' mode='w' encoding='utf-8'> node index is 535
train linear regression time:  0.05311099998652935
(average_diff:1.23135357119053e-07, max_diff:1.36780487963728e-07, training_epochs:50, lr:0.05)
<_io.TextIOWrapper name='<stderr>' mode='w' encoding='utf-8'> node index is 529
train linear regression time:  0.05198233388364315
(average_diff:1.1102230246251565e-16, max_diff:1.1102230246251565e-16, training_epochs:50, lr:0.05)
<_io.TextIOWrapper name='<stderr>' mode='w' encoding='utf-8'> node index is 517
train linear regression time:  0.05174654209986329
(average_diff:0.021268764573940613, max_diff:0.02190253854888735, training_epochs:50, lr:0.05)
<_io.TextIOWrapper name='<stderr>' mode='w' encoding='utf-8'> node index is 509
train linear regression time:  0.051948666106909513
(average_diff:0.0, max_diff:0.0, training_epochs:50, lr:0.05)
<_io.TextIOWrapper name='<stderr>' mode='w' encoding='utf-8'> node index is 499
train linear regression time:  0.051933332812041044
(average_diff:0.012362000175354715, max_diff:0.0196708418524415, training_epochs:50, lr:0.05)
<_io.TextIOWrapper name='<stderr>' mode='w' encoding='utf-8'> node index is 491
train linear regression time:  0.05203483300283551
(average_diff:0.012989053012030124, max_diff:0.025341957374150625, training_epochs:50, lr:0.05)
<_io.TextIOWrapper name='<stderr>' mode='w' encoding='utf-8'> node index is 385
train linear regression time:  0.051074457820504904
(average_diff:3.1117323105918824e-06, max_diff:4.312270310002919e-06, training_epochs:50, lr:0.05)
<_io.TextIOWrapper name='<stderr>' mode='w' encoding='utf-8'> node index is 373
train linear regression time:  0.052(average_diff:0(average_diff:0.0, max_diff:0.0, training_epochs:50, lr:0.05)
<_io.TextIOWrapper name='<stderr>' mode='w' encoding='utf-8'> node index is 359
train linear regression time:  0.05220662476494908
(average_diff:0.07242598923635392, max_diff:0.21730655309444696, training_epochs:50, lr:0.05)
<_io.TextIOWrapper name='<stderr>' mode='w' encoding='utf-8'> node index is 345
train linear regression time:  0.05226733302697539
(average_diff:0.06367670586014292, max_diff:0.09342864929323988, training_epochs:50, lr:0.05)
<_io.TextIOWrapper name='<stderr>' mode='w' encoding='utf-8'> node index is 321
train linear regression time:  0.051941500045359135
(average_diff:0.05787465626770383, max_diff:0.16024037563416277, training_epochs:50, lr:0.05)
<_io.TextIOWrapper name='<stderr>' mode='w' encoding='utf-8'> node index is 295
train linear regression time:  0.052179541904479265
(average_diff:0.13251230083123425, max_diff:0.20215307860015108, training_epochs:50, lr:0.05)
<_io.TextIOWrapper name='<stderr>' mode='w' encoding='utf-8'> node index is 279
train linear regression time:  0.05183991603553295
(average_diff:0.06123243827912564, max_diff:0.08845850001333322, training_epochs:50, lr:0.05)
<_io.TextIOWrapper name='<stderr>' mode='w' encoding='utf-8'> node index is 263
train linear regression time:  0.051668459083884954
(average_diff:0.02937382978177755, max_diff:0.044016321805021796, training_epochs:50, lr:0.05)
<_io.TextIOWrapper name='<stderr>' mode='w' encoding='utf-8'> node index is 249
train linear regression time:  0.05190108297392726
(average_diff:0.0800734964925218, max_diff:0.14136812963127965, training_epochs:50, lr:0.05)
<_io.TextIOWrapper name='<stderr>' mode='w' encoding='utf-8'> node index is 237
train linear regression time:  0.051934834104031324
(average_diff:0.0005245874738489647, max_diff:0.000811138698393471, training_epochs:50, lr:0.05)
<_io.TextIOWrapper name='<stderr>' mode='w' encoding='utf-8'> node index is 265
train linear regression time:  0.05176558392122388
(average_diff:0.0, max_diff:0.0, training_epochs:50, lr:0.05)
<_io.TextIOWrapper name='<stderr>' mode='w' encoding='utf-8'> node index is 251
train linear regression time:  0.05147083289921284
(average_diff:0.08204287604026037, max_diff:0.35963882969864447, training_epochs:50, lr:0.05)
<_io.TextIOWrapper name='<stderr>' mode='w' encoding='utf-8'> node index is 239
train linear regression time:  0.051363208796828985
(average_diff:0.08671239851569476, max_diff:0.19863871791779236, training_epochs:50, lr:0.05)
<_io.TextIOWrapper name='<stderr>' mode='w' encoding='utf-8'> node index is 223
train linear regression time:  0.05205054208636284
(average_diff:0.012739811963343232, max_diff:0.0279734145110892, training_epochs:50, lr:0.05)
<_io.TextIOWrapper name='<stderr>' mode='w' encoding='utf-8'> node index is 209
train linear regression time:  0.0509490417316556
(average_diff:0.059916546331673017, max_diff:0.11154082379034391, training_epochs:50, lr:0.05)
<_io.TextIOWrapper name='<stderr>' mode='w' encoding='utf-8'> node index is 199
train linear regression time:  0.0529752504080534
(average_diff:0.08114261981961288, max_diff:0.2090413196961254, training_epochs:50, lr:0.05)
<_io.TextIOWrapper name='<stderr>' mode='w' encoding='utf-8'> node index is 191
train linear regression time:  0.05177091574296355
(average_diff:0.1084013436906912, max_diff:0.20781973258564296, training_epochs:50, lr:0.05)
<_io.TextIOWrapper name='<stderr>' mode='w' encoding='utf-8'> node index is 183
train linear regression time:  0.053172165993601084
(average_diff:0.10486694071689681, max_diff:0.21916968886702093, training_epochs:50, lr:0.05)
<_io.TextIOWrapper name='<stderr>' mode='w' encoding='utf-8'> node index is 175
train linear regression time:  0.051533833146095276
(average_diff:0.09958270209123836, max_diff:0.23788233998094177, training_epochs:50, lr:0.05)
<_io.TextIOWrapper name='<stderr>' mode='w' encoding='utf-8'> node index is 167
train linear regression time:  0.054119416046887636
(average_diff:0.08822620082580852, max_diff:0.1903844250980561, training_epochs:50, lr:0.05)
<_io.TextIOWrapper name='<stderr>' mode='w' encoding='utf-8'> node index is 157
train linear regression time:  0.05174162471666932
(average_diff:0.0, max_diff:0.0, training_epochs:50, lr:0.05)
<_io.TextIOWrapper name='<stderr>' mode='w' encoding='utf-8'> node index is 323
train linear regression time:  0.05119191622361541
(average_diff:0.0, max_diff:0.0, training_epochs:50, lr:0.05)
<_io.TextIOWrapper name='<stderr>' mode='w' encoding='utf-8'> node index is 309
train linear regression time:  0.05250458279624581
(average_diff:0.08511763598763275, max_diff:0.16764363019764927, training_epochs:50, lr:0.05)
<_io.TextIOWrapper name='<stderr>' mode='w' encoding='utf-8'> node index is 297
train linear regression time:  0.051875750068575144
(average_diff:0.15430790901943295, max_diff:0.27047961122505015, training_epochs:50, lr:0.05)
<_io.TextIOWrapper name='<stderr>' mode='w' encoding='utf-8'> node index is 283
train linear regression time:  0.05093491729348898
(average_diff:0.0760718197297034, max_diff:0.20118038232017255, training_epochs:50, lr:0.05)
<_io.TextIOWrapper name='<stderr>' mode='w' encoding='utf-8'> node index is 267
train linear regression time:  0.05180658306926489
(average_diff:0.15046164587006164, max_diff:0.586897628852872, training_epochs:50, lr:0.05)
<_io.TextIOWrapper name='<stderr>' mode='w' encoding='utf-8'> node index is 225
train linear regression time:  0.05158837512135506
(average_diff:0.21553566524964754, max_diff:0.4016848211291151, training_epochs:50, lr:0.05)
<_io.TextIOWrapper name='<stderr>' mode='w' encoding='utf-8'> node index is 211
train linear regression time:  0.05160300014540553
(average_diff:0.13124571190968773, max_diff:0.2995052525200732, training_epochs:50, lr:0.05)
<_io.TextIOWrapper name='<stderr>' mode='w' encoding='utf-8'> node index is 185
train linear regression time:  0.051356667187064886
(average_diff:0.14566114333635843, max_diff:0.463613496025034, training_epochs:50, lr:0.05)
<_io.TextIOWrapper name='<stderr>' mode='w' encoding='utf-8'> node index is 177
train linear regression time:  0.05161054199561477
(average_diff:0.17486977767846876, max_diff:0.4206181114562013, training_epochs:50, lr:0.05)
<_io.TextIOWrapper name='<stderr>' mode='w' encoding='utf-8'> node index is 169
train linear regression time:  0.051773374900221825
(average_diff:0.0, max_diff:0.0, training_epochs:50, lr:0.05)
<_io.TextIOWrapper name='<stderr>' mode='w' encoding='utf-8'> node index is 159
train linear regression time:  0.051821500062942505
(average_diff:0.1271867865554187, max_diff:0.2540382172157769, training_epochs:50, lr:0.05)
<_io.TextIOWrapper name='<stderr>' mode='w' encoding='utf-8'> node index is 151
train linear regression time:  0.05184937501326203
(average_diff:0.03967972533586279, max_diff:0.09350171384729306, training_epochs:50, lr:0.05)
<_io.TextIOWrapper name='<stderr>' mode='w' encoding='utf-8'> node index is 135
train linear regression time:  0.05195041699334979
(average_diff:0.051100943037827105, max_diff:0.10793415029629627, training_epochs:50, lr:0.05)
<_io.TextIOWrapper name='<stderr>' mode='w' encoding='utf-8'> node index is 129
train linear regression time:  0.05209899973124266
(average_diff:0.031406815178206315, max_diff:0.11558533992621284, training_epochs:50, lr:0.05)
<_io.TextIOWrapper name='<stderr>' mode='w' encoding='utf-8'> node index is 119
train linear regression time:  0.05188804119825363
(average_diff:0.03912742648809216, max_diff:0.10597719571653991, training_epochs:50, lr:0.05)
<_io.TextIOWrapper name='<stderr>' mode='w' encoding='utf-8'> node index is 109
train linear regression time:  0.05195941589772701
(average_diff:0.04533895532415712, max_diff:0.16458313898606342, training_epochs:50, lr:0.05)
<_io.TextIOWrapper name='<stderr>' mode='w' encoding='utf-8'> node index is 99
train linear regression time:  0.051661958917975426
(average_diff:2.7755575615628914e-17, max_diff:2.7755575615628914e-17, training_epochs:50, lr:0.05)
<_io.TextIOWrapper name='<stderr>' mode='w' encoding='utf-8'> node index is 447
train linear regression time:  0.(average_diff:0.00(average_diff:0.0072734132248207795, max_diff:0.009917452879246613, training_epochs:50, lr:0.05)
<_io.TextIOWrapper name='<stderr>' mode='w' encoding='utf-8'> node index is 441
train linear regression time:  0.05166308395564556
(average_diff:0.017786983567644382, max_diff:0.03019243979098865, training_epochs:50, lr:0.05)
<_io.TextIOWrapper name='<stderr>' mode='w' encoding='utf-8'> node index is 435
train linear regression time:  0.05185749987140298
(average_diff:0.0, max_diff:0.0, training_epochs:50, lr:0.05)
<_io.TextIOWrapper name='<stderr>' mode='w' encoding='utf-8'> node index is 429
train linear regression time:  0.05180008290335536
(average_diff:0.005247350053789929, max_diff:0.007835350872015395, training_epochs:50, lr:0.05)
<_io.TextIOWrapper name='<stderr>' mode='w' encoding='utf-8'> node index is 421
train linear regression time:  0.051597167272120714
(average_diff:0.007982947209918755, max_diff:0.20878231027529637, training_epochs:50, lr:0.05)
<_io.TextIOWrapper name='<stderr>' mode='w' encoding='utf-8'> node index is 69
train linear regression time:  0.05234187515452504
(average_diff:0.07219974348123233, max_diff:0.23331408021067157, training_epochs:50, lr:0.05)
<_io.TextIOWrapper name='<stderr>' mode='w' encoding='utf-8'> node index is 61
train linear regression time:  0.052371375262737274
(average_diff:0.10988244764238381, max_diff:0.441456451649461, training_epochs:50, lr:0.05)
<_io.TextIOWrapper name='<stderr>' mode='w' encoding='utf-8'> node index is 53
train linear regression time:  0.05030187498778105
(average_diff:0.03330324576549842, max_diff:0.060741279716444385, training_epochs:50, lr:0.05)
<_io.TextIOWrapper name='<stderr>' mode='w' encoding='utf-8'> node index is 401
train linear regression time:  0.05138104222714901
(average_diff:2.7755575615628914e-17, max_diff:2.7755575615628914e-17, training_epochs:50, lr:0.05)
<_io.TextIOWrapper name='<stderr>' mode='w' encoding='utf-8'> node index is 387
train linear regression time:  0.05175900040194392
(average_diff:0.004986694764878154, max_diff:0.007832543103352019, training_epochs:50, lr:0.05)
<_io.TextIOWrapper name='<stderr>' mode='w' encoding='utf-8'> node index is 375
train linear regression time:  0.05151187488809228
(average_diff:0.01724367343511468, max_diff:0.02240893028951385, training_epochs:50, lr:0.05)
<_io.TextIOWrapper name='<stderr>' mode='w' encoding='utf-8'> node index is 361
train linear regression time:  0.051762291230261326
(average_diff:0.023889546546771872, max_diff:0.050420306711879, training_epochs:50, lr:0.05)
<_io.TextIOWrapper name='<stderr>' mode='w' encoding='utf-8'> node index is 347
train linear regression time:  0.05197345884516835
(average_diff:0.09596933070923257, max_diff:0.18308000554629428, training_epochs:50, lr:0.05)
<_io.TextIOWrapper name='<stderr>' mode='w' encoding='utf-8'> node index is 311
train linear regression time:  0.052478375378996134
(average_diff:0.016993013815463066, max_diff:0.028449202678704863, training_epochs:50, lr:0.05)
<_io.TextIOWrapper name='<stderr>' mode='w' encoding='utf-8'> node index is 299
train linear regression time:  0.052023499738425016
(average_diff:0.12786901912877136, max_diff:0.4197584535898568, training_epochs:50, lr:0.05)
<_io.TextIOWrapper name='<stderr>' mode='w' encoding='utf-8'> node index is 285
train linear regression time:  0.05179529218003154
(average_diff:0.01826907317307448, max_diff:0.034021012269637385, training_epochs:50, lr:0.05)
<_io.TextIOWrapper name='<stderr>' mode='w' encoding='utf-8'> node index is 269
train linear regression time:  0.05171925015747547
(average_diff:0.004879930763681484, max_diff:0.0050453168741848575, training_epochs:50, lr:0.05)
<_io.TextIOWrapper name='<stderr>' mode='w' encoding='utf-8'> node index is 415
train linear regression time:  0.0523997088894248
(average_diff:0.02292361259640345, max_diff:0.04575448194388948, training_epochs:50, lr:0.05)
<_io.TextIOWrapper name='<stderr>' mode='w' encoding='utf-8'> node index is 411
train linear regression time:  0.05176829174160957
(average_diff:7.25611396107384e-08, max_diff:7.828725689940086e-08, training_epochs:50, lr:0.05)
<_io.TextIOWrapper name='<stderr>' mode='w' encoding='utf-8'> node index is 403
train linear regression time:  0.050952875055372715
(average_diff:0.026562013761529276, max_diff:0.06215291922967317, training_epochs:50, lr:0.05)
<_io.TextIOWrapper name='<stderr>' mode='w' encoding='utf-8'> node index is 389
train linear regression time:  0.053568166214972734
(average_diff:0.047905508265542206, max_diff:0.10970436453644972, training_epochs:50, lr:0.05)
<_io.TextIOWrapper name='<stderr>' mode='w' encoding='utf-8'> node index is 377
train linear regression time:  0.051980665884912014
(average_diff:0.004610976561971884, max_diff:0.006942501849592053, training_epochs:50, lr:0.05)
<_io.TextIOWrapper name='<stderr>' mode='w' encoding='utf-8'> node index is 363
train linear regression time:  0.05179425003007054
(average_diff:0.017695179219356618, max_diff:0.02623842638417767, training_epochs:50, lr:0.05)
<_io.TextIOWrapper name='<stderr>' mode='w' encoding='utf-8'> node index is 349
train linear regression time:  0.051494000013917685
(average_diff:0.047139325888388116, max_diff:0.08922085739509122, training_epochs:50, lr:0.05)
<_io.TextIOWrapper name='<stderr>' mode='w' encoding='utf-8'> node index is 335
train linear regression time:  0.051781542133539915
(average_diff:0.015214113914734961, max_diff:0.03098808888667237, training_epochs:50, lr:0.05)
<_io.TextIOWrapper name='<stderr>' mode='w' encoding='utf-8'> node index is 325
train linear regression time:  0.0513048330321908
(average_diff:0.10111469608785753, max_diff:0.25781786728452827, training_epochs:50, lr:0.05)
<_io.TextIOWrapper name='<stderr>' mode='w' encoding='utf-8'> node index is 313
train linear regression time:  0.05209195800125599
(average_diff:0.0, max_diff:0.0, training_epochs:50, lr:0.05)
<_io.TextIOWrapper name='<stderr>' mode='w' encoding='utf-8'> node index is 443
train linear regression time:  0.05175229208543897
(average_diff:0.06314456476465283, max_diff:0.11425004407916034, training_epochs:50, lr:0.05)
<_io.TextIOWrapper name='<stderr>' mode='w' encoding='utf-8'> node index is 431
train linear regression time:  0.05164154106751084
(average_diff:0.0, max_diff:0.0, training_epochs:50, lr:0.05)
<_io.TextIOWrapper name='<stderr>' mode='w' encoding='utf-8'> node index is 425
train linear regression time:  0.05186812486499548
(average_diff:0.002917165283328841, max_diff:0.004335029765766774, training_epochs:50, lr:0.05)
<_io.TextIOWrapper name='<stderr>' mode='w' encoding='utf-8'> node index is 419
train linear regression time:  0.051944749895483255
(average_diff:0.001484303792263349, max_diff:0.0022271276170435783, training_epochs:50, lr:0.05)
<_io.TextIOWrapper name='<stderr>' mode='w' encoding='utf-8'> node index is 413
train linear regression time:  0.05194112518802285
(average_diff:1.4674802682967947e-05, max_diff:1.4721134635742317e-05, training_epochs:50, lr:0.05)
<_io.TextIOWrapper name='<stderr>' mode='w' encoding='utf-8'> node index is 405
train linear regression time:  0.05186037486419082
(average_diff:0.0, max_diff:0.0, training_epochs:50, lr:0.05)
<_io.TextIOWrapper name='<stderr>' mode='w' encoding='utf-8'> node index is 391
train linear regression time:  0.0517004169523716
(average_diff:6.510975758544646e-09, max_diff:6.577558830933583e-09, training_epochs:50, lr:0.05)
<_io.TextIOWrapper name='<stderr>' mode='w' encoding='utf-8'> node index is 379
train linear regression time:  0.05151229212060571
(average_diff:0.04244482723267149, max_diff:0.12242796583743276, training_epochs:50, lr:0.05)
<_io.TextIOWrapper name='<stderr>' mode='w' encoding='utf-8'> node index is 365
train linear regression time:  0.05159433372318745
(average_diff:0.053413896251406204, max_diff:0.053746114237852416, training_epochs:50, lr:0.05)
<_io.TextIOWrapper name='<stderr>' mode='w' encoding='utf-8'> node index is 351
train linear regression time:  0.05131466593593359
(average_diff:0.0003005104976299827, max_diff:0.0003100435183799044, training_epochs:50, lr:0.05)
<_io.TextIOWrapper name='<stderr>' mode=node index is 337
trainode index is 337
train linear regression time:  0.05189849995076656
(average_diff:0.13745976972032897, max_diff:0.4997890187534124, training_epochs:50, lr:0.05)
<_io.TextIOWrapper name='<stderr>' mode='w' encoding='utf-8'> node index is 393
train linear regression time:  0.0525536248460412
(average_diff:1.6653345369377348e-16, max_diff:2.220446049250313e-16, training_epochs:50, lr:0.05)
<_io.TextIOWrapper name='<stderr>' mode='w' encoding='utf-8'> node index is 301
train linear regression time:  0.05157029069960117
(average_diff:0.0903086486524689, max_diff:0.2036482680434642, training_epochs:50, lr:0.05)
<_io.TextIOWrapper name='<stderr>' mode='w' encoding='utf-8'> node index is 271
train linear regression time:  0.0514509161002934
(average_diff:0.08885407852070763, max_diff:0.18650348673719097, training_epochs:50, lr:0.05)
<_io.TextIOWrapper name='<stderr>' mode='w' encoding='utf-8'> node index is 253
train linear regression time:  0.05140354111790657
(average_diff:0.277991096226898, max_diff:0.45023707858158785, training_epochs:50, lr:0.05)
<_io.TextIOWrapper name='<stderr>' mode='w' encoding='utf-8'> node index is 227
train linear regression time:  0.05078820837661624
(average_diff:0.12494101822476965, max_diff:0.26714731526406077, training_epochs:50, lr:0.05)
<_io.TextIOWrapper name='<stderr>' mode='w' encoding='utf-8'> node index is 213
train linear regression time:  0.05193754192441702
(average_diff:0.055507355937359816, max_diff:0.11597015765410207, training_epochs:50, lr:0.05)
<_io.TextIOWrapper name='<stderr>' mode='w' encoding='utf-8'> node index is 201
train linear regression time:  0.05389912473037839
(average_diff:9.880984919163893e-15, max_diff:1.0602629885170245e-14, training_epochs:50, lr:0.05)
<_io.TextIOWrapper name='<stderr>' mode='w' encoding='utf-8'> node index is 193
train linear regression time:  0.052072625141590834
(average_diff:0.032880103135065064, max_diff:0.08161063431895393, training_epochs:50, lr:0.05)
<_io.TextIOWrapper name='<stderr>' mode='w' encoding='utf-8'> node index is 187
train linear regression time:  0.050834666937589645
(average_diff:0.027883048476647465, max_diff:0.06904071089179042, training_epochs:50, lr:0.05)
<_io.TextIOWrapper name='<stderr>' mode='w' encoding='utf-8'> node index is 179
train linear regression time:  0.05175558337941766
(average_diff:0.0, max_diff:0.0, training_epochs:50, lr:0.05)
<_io.TextIOWrapper name='<stderr>' mode='w' encoding='utf-8'> node index is 171
train linear regression time:  0.051536624785512686
(average_diff:0.11889791065527064, max_diff:0.2630930890793466, training_epochs:50, lr:0.05)
<_io.TextIOWrapper name='<stderr>' mode='w' encoding='utf-8'> node index is 161
train linear regression time:  0.05244804173707962
(average_diff:2.7650756795061238e-05, max_diff:2.8605808397585974e-05, training_epochs:50, lr:0.05)
<_io.TextIOWrapper name='<stderr>' mode='w' encoding='utf-8'> node index is 367
train linear regression time:  0.05163087463006377
(average_diff:0.0, max_diff:0.0, training_epochs:50, lr:0.05)
<_io.TextIOWrapper name='<stderr>' mode='w' encoding='utf-8'> node index is 353
train linear regression time:  0.050864958204329014
(average_diff:0.00016566092501901775, max_diff:0.00016758188723731138, training_epochs:50, lr:0.05)
<_io.TextIOWrapper name='<stderr>' mode='w' encoding='utf-8'> node index is 339
train linear regression time:  0.05158716579899192
(average_diff:0.02211551596666835, max_diff:0.04172890164376308, training_epochs:50, lr:0.05)
<_io.TextIOWrapper name='<stderr>' mode='w' encoding='utf-8'> node index is 327
train linear regression time:  0.052185249980539083
(average_diff:0.028347195731468405, max_diff:0.15578350581965827, training_epochs:50, lr:0.05)
<_io.TextIOWrapper name='<stderr>' mode='w' encoding='utf-8'> node index is 315
train linear regression time:  0.051588709000498056
(average_diff:5.3253697747853344e-14, max_diff:8.293365993949919e-14, training_epochs:50, lr:0.05)
<_io.TextIOWrapper name='<stderr>' mode='w' encoding='utf-8'> node index is 303
train linear regression time:  0.051151749677956104
(average_diff:0.0418017652114315, max_diff:0.0920219034572971, training_epochs:50, lr:0.05)
<_io.TextIOWrapper name='<stderr>' mode='w' encoding='utf-8'> node index is 287
train linear regression time:  0.05188395781442523
(average_diff:0.0969518877259516, max_diff:0.15610903760032713, training_epochs:50, lr:0.05)
<_io.TextIOWrapper name='<stderr>' mode='w' encoding='utf-8'> node index is 273
train linear regression time:  0.051578749902546406
(average_diff:0.11256942917161063, max_diff:0.48079263308810505, training_epochs:50, lr:0.05)
<_io.TextIOWrapper name='<stderr>' mode='w' encoding='utf-8'> node index is 255
train linear regression time:  0.05361812515184283
(average_diff:0.033022154337192994, max_diff:0.06864247996047301, training_epochs:50, lr:0.05)
<_io.TextIOWrapper name='<stderr>' mode='w' encoding='utf-8'> node index is 241
train linear regression time:  0.051749167032539845
(average_diff:0.1748514187728109, max_diff:0.5216949759696998, training_epochs:50, lr:0.05)
<_io.TextIOWrapper name='<stderr>' mode='w' encoding='utf-8'> node index is 229
train linear regression time:  0.051308332942426205
(average_diff:0.12697627858202887, max_diff:0.35748908758050024, training_epochs:50, lr:0.05)
<_io.TextIOWrapper name='<stderr>' mode='w' encoding='utf-8'> node index is 215
train linear regression time:  0.05189366592094302
(average_diff:0.02955666056069542, max_diff:0.07037630575523535, training_epochs:50, lr:0.05)
<_io.TextIOWrapper name='<stderr>' mode='w' encoding='utf-8'> node index is 203
train linear regression time:  0.05141970841214061
(average_diff:0.022724576000236283, max_diff:0.03812626726249091, training_epochs:50, lr:0.05)
<_io.TextIOWrapper name='<stderr>' mode='w' encoding='utf-8'> node index is 195
train linear regression time:  0.0534703335724771
(average_diff:0.18094324392243027, max_diff:0.3497310284897234, training_epochs:50, lr:0.05)
<_io.TextIOWrapper name='<stderr>' mode='w' encoding='utf-8'> node index is 7
train linear regression time:  0.051354499999433756
(average_diff:0.13188128133439633, max_diff:0.4577549015384993, training_epochs:50, lr:0.05)
<_io.TextIOWrapper name='<stderr>' mode='w' encoding='utf-8'> node index is 5
train linear regression time:  0.05162166617810726
testFringe time:  12.70697975018993
<_io.TextIOWrapper name='<stderr>' mode='w' encoding='utf-8'> =============== update finished ===============

*** Writing Game File 73***

<_io.TextIOWrapper name='../print_tree_record_numpy/print_DM_boost_linear_tree_split.txt' mode='w' encoding='UTF-8'> idx1(Q:0.4010, distinct_name:0, dictinctin_value:2.569683891588169, par:None)
	idx4(Q:0.4016, distinct_name:0, dictinctin_value:2.507749956207568, par:1)
		idx6(Q:0.4016, distinct_name:0, dictinctin_value:-0.050698982385153205, par:4)
			idx8(Q:0.4621, distinct_name:0, dictinctin_value:-0.5002368440471089, par:6)
				idx10(Q:0.5085, distinct_name:3, dictinctin_value:0.7373220788164561, par:8)
					idx12(Q:0.4828, distinct_name:1, dictinctin_value:0.8498558206992594, par:10)
						idx18(Q:0.4295, distinct_name:2, dictinctin_value:0.8559921607301466, par:12)
							idx24(Q:0.4235, distinct_name:0, dictinctin_value:-0.5901212893723445, par:18)
								idx30(Q:0.4317, distinct_name:2, dictinctin_value:0.5095422779981766, par:24)
									idx38(Q:0.4519, distinct_name:2, dictinctin_value:0.24909091887867726, par:30)
										idx44(Q:0.4804, distinct_name:2, dictinctin_value:-0.06052347242753761, par:38)
											idx54(Q:0.5302, distinct_name:2, dictinctin_value:-0.16873413911779458, par:44)
												idx62(Q:0.5563, distinct_name:2, dictinctin_value:-0.3117760123070312, par:54)
													idx70(Q:0.5995, distinct_name:2, dictinctin_value:-0.36929151673896154, par:62)
														idx76(Q:0.6250, distinct_name:2, dictinctin_value:-0.4513587540231024, par:70)
															idx82(Q:0.6622, distinct_name:2, dictinctin_value:-0.49926091712096626, par:76)
																idx90(Q:0.6778, distinct_name:2, dictinctin_value:-0.5261921216626007, par:82)
																	idx100(Q:0.6887, distinct_name:2, dictinctin_value:-0.5682634996789567, par:90)
																		idx110(Q:0.7045, distinct_name:2, dictinctin_value:-0.576514535000767, par:100)
																			idx120(Q:0.7078, par:110)
																			idx121(Q:0.4001, par:110)
																		idx111(Q:0.3593, par:100)
																	idx101(Q:0.3735, par:90)
																idx91(Q:0.3277, par:82)
															idx83(Q:0.3009, par:76)
														idx77(Q:0.2725, par:70)
													idx71(Q:0.2731, par:62)
												idx63(Q:0.2222, par:54)
											idx55(Q:0.2397, distinct_name:0, dictinctin_value:-0.6476910175840919, par:44)
												idx464(Q:0.2427, distinct_name:3, dictinctin_value:0.6680194197252473, par:55)
													idx468(Q:0.2389, distinct_name:0, dictinctin_value:-0.6858015235311999, par:464)
														idx474(Q:0.2395, distinct_name:2, dictinctin_value:0.24031958562965672, par:468)
															idx480(Q:0.2378, distinct_name:2, dictinctin_value:0.22712878489931437, par:474)
																idx484(Q:0.2396, distinct_name:0, dictinctin_value:-0.6984661740702743, par:480)
																	idx492(Q:0.2374, distinct_name:2, dictinctin_value:0.2205862992769331, par:484)
																		idx500(Q:0.2409, distinct_name:1, dictinctin_value:0.7515347460969897, par:492)
																			idx518(Q:0.2428, par:500)
																			idx519(Q:0.1310, par:500)
																		idx501(Q:0.1474, par:492)
																	idx493(Q:0.3077, par:484)
																idx485(Q:0.1301, par:480)
															idx481(Q:0.2916, par:474)
														idx475(Q:0.1567, par:468)
													idx469(Q:0.3624, par:464)
												idx465(Q:0.1101, par:55)
										idx45(Q:0.2510, distinct_name:0, dictinctin_value:-0.6043607795061433, par:38)
											idx510(Q:0.2522, distinct_name:1, dictinctin_value:0.8144916165556727, par:45)
												idx520(Q:0.2444, distinct_name:1, dictinctin_value:0.7699133155688844, par:510)
													idx530(Q:0.2413, distinct_name:2, dictinctin_value:0.5073691095938268, par:520)
														idx536(Q:0.2419, distinct_name:0, dictinctin_value:-0.6190066933050004, par:530)
															idx548(Q:0.2406, par:536)
															idx549(Q:0.3743, par:536)
														idx537(Q:0.2094, par:530)
													idx531(Q:0.3493, par:520)
												idx521(Q:0.5313, par:510)
											idx511(Q:0.1130, par:45)
									idx39(Q:0.3092, distinct_name:1, dictinctin_value:0.8040063207197937, par:30)
										idx426(Q:0.3057, distinct_name:2, dictinctin_value:0.8419373683110459, par:39)
											idx432(Q:0.3073, distinct_name:0, dictinctin_value:-0.6009391153368029, par:426)
												idx444(Q:0.3094, distinct_name:0, dictinctin_value:-0.6041087413020046, par:432)
													idx448(Q:0.3091, distinct_name:0, dictinctin_value:-0.6100701052011255, par:444)
														idx456(Q:0.3090, distinct_name:0, dictinctin_value:-0.6407957166920598, par:448)
															idx460(Q:0.3133, distinct_name:0, dictinctin_value:-0.6555246386975058, par:456)
																idx466(Q:0.3158, distinct_name:0, dictinctin_value:-0.6720161756487143, par:460)
																	idx470(Q:0.3197, distinct_name:0, dictinctin_value:-0.6781083126032775, par:466)
																		idx472(Q:0.3196, distinct_name:0, dictinctin_value:-0.7020609777266955, par:470)
																			idx476(Q:0.3224, par:472)
																			idx477(Q:0.2334, par:472)
																		idx473(Q:0.3250, par:470)
																	idx471(Q:0.0686, par:466)
																idx467(Q:0.1550, par:460)
															idx461(Q:0.1206, par:456)
														idx457(Q:0.3118, par:448)
													idx449(Q:0.3527, par:444)
												idx445(Q:0.1599, par:432)
											idx433(Q:0.1937, par:426)
										idx427(Q:0.4793, par:39)
								idx31(Q:0.3419, distinct_name:0, dictinctin_value:-0.5002719881995846, par:24)
									idx544(Q:0.3422, distinct_name:1, dictinctin_value:0.7593054056611713, par:31)
										idx550(Q:0.3445, par:544)
										idx551(Q:0.2268, par:544)
									idx545(Q:0.3129, par:31)
							idx25(Q:0.4564, distinct_name:0, dictinctin_value:-0.5389580903277561, par:18)
								idx216(Q:0.4583, distinct_name:0, dictinctin_value:-0.5573162410999996, par:25)
									idx230(Q:0.4599, distinct_name:0, dictinctin_value:-0.5917620279880862, par:216)
										idx242(Q:0.4730, distinct_name:1, dictinctin_value:0.8127647407611875, par:230)
											idx256(Q:0.4681, distinct_name:0, dictinctin_value:-0.6131626140571143, par:242)
												idx288(Q:0.4705, distinct_name:0, dictinctin_value:-0.7076582377440916, par:256)
													idx304(Q:0.4915, distinct_name:0, dictinctin_value:-0.717862250694298, par:288)
														idx316(Q:0.4946, distinct_name:0, dictinctin_value:-0.7734253050900186, par:304)
															idx328(Q:0.5008, distinct_name:0, dictinctin_value:-0.7970945326559435, par:316)
																idx340(Q:0.5025, distinct_name:3, dictinctin_value:0.6595389343928215, par:328)
																	idx354(Q:0.4961, distinct_name:3, dictinctin_value:0.6186331758365281, par:340)
																		idx368(Q:0.4912, distinct_name:3, dictinctin_value:0.5952455969358141, par:354)
																			idx380(Q:0.4892, par:368)
																			idx381(Q:0.5796, par:368)
																		idx369(Q:0.9254, par:354)
																	idx355(Q:0.7825, par:340)
																idx341(Q:0.3979, par:328)
															idx329(Q:0.3679, par:316)
														idx317(Q:0.3428, par:304)
													idx305(Q:0.3055, par:288)
												idx289(Q:0.1966, par:256)
											idx257(Q:0.6915, par:242)
										idx243(Q:0.2468, par:230)
									idx231(Q:0.3288, par:216)
								idx217(Q:0.4047, par:25)
						idx19(Q:0.7034, distinct_name:0, dictinctin_value:-0.5046072639210131, par:12)
							idx152(Q:0.7033, distinct_name:2, dictinctin_value:1.74305991171075, par:19)
								idx162(Q:0.6917, distinct_name:2, dictinctin_value:1.5651912903147052, par:152)
									idx172(Q:0.6818, distinct_name:2, dictinctin_value:1.0939968976733132, par:162)
										idx180(Q:0.6588, distinct_name:2, dictinctin_value:0.9064820637809338, par:172)
											idx188(Q:0.6476, distinct_name:2, dictinctin_value:0.8130327408821636, par:180)
												idx196(Q:0.6391, distinct_name:2, dictinctin_value:0.714578820015968, par:188)
													idx204(Q:0.6378, distinct_name:0, dictinctin_value:-0.5137296726081428, par:196)
														idx218(Q:0.6395, distinct_name:2, dictinctin_value:0.4860989258104936, par:204)
															idx232(Q:0.6399, distinct_name:1, dictinctin_value:2.2330900660097845, par:218)
																idx244(Q:0.6280, distinct_name:2, dictinctin_value:0.44559578649865966, par:232)
																	idx258(Q:0.6249, distinct_name:2, dictinctin_value:0.32419638005931734, par:244)
																		idx274(Q:0.6246, distinct_name:0, dictinctin_value:-0.5233031664270825, par:258)
																			idx290(Q:0.6247, par:274)
																			idx291(Q:0.6173, par:274)
																		idx275(Q:0.6332, par:258)
																	idx259(Q:0.7701, par:244)
																idx245(Q:0.9826, par:232)
															idx233(Q:0.6344, par:218)
														idx219(Q:0.4947, par:204)
													idx205(Q:0.6856, par:196)
												idx197(Q:0.8759, par:188)
											idx189(Q:0.8992, par:180)
										idx181(Q:0.9858, par:172)
									idx173(Q:1.0016, par:162)
								idx163(Q:1.0424, par:152)
							idx153(Q:0.7365, par:19)
					idx13(Q:0.5879, distinct_name:2, dictinctin_value:1.929601246827043, par:10)
						idx92(Q:0.5739, distinct_name:1, dictinctin_value:1.2557733390904973, par:13)
							idx102(Q:0.5426, distinct_name:2, dictinctin_value:1.4527612583425853, par:92)
								idx112(Q:0.5285, distinct_name:2, dictinctin_value:1.3531114404933846, par:102)
									idx122(Q:0.5257, distinct_name:2, dictinctin_value:1.0639310625609943, par:112)
										idx130(Q:0.5142, distinct_name:2, dictinctin_value:0.8759607452183222, par:122)
											idx136(Q:0.5052, distinct_name:2, dictinctin_value:0.6228991526328211, par:130)
												idx142(Q:0.5033, distinct_name:2, dictinctin_value:0.4885947458466264, par:136)
													idx146(Q:0.4964, distinct_name:1, dictinctin_value:1.1059975491047376, par:142)
														idx148(Q:0.4869, distinct_name:3, dictinctin_value:2.363964647313972, par:146)
															idx154(Q:0.4790, distinct_name:3, dictinctin_value:1.536573712246935, par:148)
																idx164(Q:0.4559, distinct_name:1, dictinctin_value:0.49075596239548774, par:154)
																	idx206(Q:0.4238, distinct_name:3, dictinctin_value:1.525286896575752, par:164)
																		idx220(Q:0.4232, distinct_name:2, dictinctin_value:0.38874536608000104, par:206)
																			idx234(Q:0.4272, par:220)
																			idx235(Q:0.2567, par:220)
																		idx221(Q:0.4555, par:206)
																	idx207(Q:0.6222, par:164)
																idx165(Q:0.5696, par:154)
															idx155(Q:0.6688, par:148)
														idx149(Q:0.7657, par:146)
													idx147(Q:0.5764, par:142)
												idx143(Q:0.5283, par:136)
											idx137(Q:0.6910, par:130)
										idx131(Q:0.7128, par:122)
									idx123(Q:0.6587, par:112)
								idx113(Q:0.8341, par:102)
							idx103(Q:0.9539, par:92)
						idx93(Q:1.0306, par:13)
				idx11(Q:0.3782, distinct_name:3, dictinctin_value:1.284568987543642, par:8)
					idx32(Q:0.3562, distinct_name:3, dictinctin_value:0.5763111575206541, par:11)
						idx40(Q:0.3402, distinct_name:2, dictinctin_value:1.4159847670297276, par:32)
							idx46(Q:0.3304, distinct_name:2, dictinctin_value:0.8764611652526798, par:40)
								idx56(Q:0.3388, distinct_name:2, dictinctin_value:0.6776552612944613, par:46)
									idx64(Q:0.3436, distinct_name:0, dictinctin_value:-0.10007893227380851, par:56)
										idx72(Q:0.3428, distinct_name:2, dictinctin_value:0.481251420222257, par:64)
											idx78(Q:0.3543, distinct_name:2, dictinctin_value:0.43236682950932387, par:72)
												idx84(Q:0.3600, distinct_name:2, dictinctin_value:0.2322739018313544, par:78)
													idx94(Q:0.3822, distinct_name:2, dictinctin_value:0.1692901075380102, par:84)
														idx104(Q:0.3920, distinct_name:2, dictinctin_value:0.044622068949871425, par:94)
															idx114(Q:0.4125, distinct_name:2, dictinctin_value:-0.04421252452423217, par:104)
																idx124(Q:0.4311, distinct_name:2, dictinctin_value:-0.12551407150931976, par:114)
																	idx132(Q:0.4483, distinct_name:2, dictinctin_value:-0.16179863391045127, par:124)
																		idx138(Q:0.4589, distinct_name:2, dictinctin_value:-0.1987692173924826, par:132)
																			idx144(Q:0.4760, par:138)
																			idx145(Q:0.1563, par:138)
																		idx139(Q:0.1615, par:132)
																	idx133(Q:0.1968, par:124)
																idx125(Q:0.1311, par:114)
															idx115(Q:0.1763, par:104)
														idx105(Q:0.2029, par:94)
													idx95(Q:0.1607, par:84)
												idx85(Q:0.1721, par:78)
											idx79(Q:0.2093, par:72)
										idx73(Q:0.3524, par:64)
									idx65(Q:0.2713, par:56)
								idx57(Q:0.2782, distinct_name:0, dictinctin_value:-0.07115888508263095, par:46)
									idx486(Q:0.2816, distinct_name:2, dictinctin_value:1.3997870335092657, par:57)
										idx494(Q:0.2815, distinct_name:0, dictinctin_value:-0.07160732513030894, par:486)
											idx504(Q:0.2778, distinct_name:0, dictinctin_value:-0.08350405569893737, par:494)
												idx512(Q:0.2794, distinct_name:1, dictinctin_value:1.8788415154351898, par:504)
													idx522(Q:0.2674, distinct_name:1, dictinctin_value:1.7168001155290575, par:512)
														idx538(Q:0.2596, distinct_name:0, dictinctin_value:-0.08454829370887558, par:522)
															idx552(Q:0.2569, par:538)
															idx553(Q:0.5355, par:538)
														idx539(Q:0.6590, par:522)
													idx523(Q:0.8978, par:512)
												idx513(Q:0.1098, par:504)
											idx505(Q:0.6691, par:494)
										idx495(Q:0.2877, par:486)
									idx487(Q:0.1831, par:57)
							idx47(Q:0.4387, par:40)
						idx41(Q:0.4223, distinct_name:3, dictinctin_value:1.2541204520301295, par:32)
							idx246(Q:0.4168, distinct_name:0, dictinctin_value:-0.05401988313827026, par:41)
								idx260(Q:0.4172, distinct_name:2, dictinctin_value:2.0807886731763334, par:246)
									idx276(Q:0.4035, distinct_name:2, dictinctin_value:1.8994422532815647, par:260)
										idx292(Q:0.3988, distinct_name:1, dictinctin_value:1.2716943858922887, par:276)
											idx306(Q:0.3772, distinct_name:2, dictinctin_value:1.8085097405850585, par:292)
												idx318(Q:0.3668, distinct_name:0, dictinctin_value:-0.06832580226386262, par:306)
													idx330(Q:0.3654, distinct_name:1, dictinctin_value:1.0161843934440484, par:318)
														idx342(Q:0.3604, distinct_name:0, dictinctin_value:-0.11082738421514442, par:330)
															idx356(Q:0.3547, distinct_name:0, dictinctin_value:-0.1239714467724242, par:342)
																idx370(Q:0.3559, distinct_name:1, dictinctin_value:0.8661774768232812, par:356)
																	idx382(Q:0.3519, distinct_name:0, dictinctin_value:-0.13038566790821624, par:370)
																		idx396(Q:0.3522, distinct_name:1, dictinctin_value:0.7685182247259327, par:382)
																			idx406(Q:0.3474, par:396)
																			idx407(Q:0.5249, par:396)
																		idx397(Q:0.3395, par:382)
																	idx383(Q:0.5070, par:370)
																idx371(Q:0.1581, par:356)
															idx357(Q:0.4285, par:342)
														idx343(Q:0.4879, par:330)
													idx331(Q:0.4271, par:318)
												idx319(Q:0.8472, par:306)
											idx307(Q:0.6079, par:292)
										idx293(Q:0.8758, par:276)
									idx277(Q:0.8869, par:260)
								idx261(Q:0.3940, par:246)
							idx247(Q:0.6588, par:41)
					idx33(Q:0.5646, distinct_name:2, dictinctin_value:1.8206658800741853, par:11)
						idx436(Q:0.5528, distinct_name:0, dictinctin_value:-0.055487221535360155, par:33)
							idx438(Q:0.5496, distinct_name:0, dictinctin_value:-0.06661868934946451, par:436)
								idx450(Q:0.5532, distinct_name:2, dictinctin_value:1.6280055741424861, par:438)
									idx458(Q:0.5437, distinct_name:2, dictinctin_value:1.4609118350831285, par:450)
										idx462(Q:0.5358, distinct_name:0, dictinctin_value:-0.06716992247771125, par:458)
											idx478(Q:0.5378, distinct_name:0, dictinctin_value:-0.06950841565798693, par:462)
												idx482(Q:0.5366, distinct_name:0, dictinctin_value:-0.07617984110574617, par:478)
													idx488(Q:0.5398, distinct_name:0, dictinctin_value:-0.09812148969449835, par:482)
														idx496(Q:0.5385, distinct_name:0, dictinctin_value:-0.10012482464779363, par:488)
															idx502(Q:0.5422, distinct_name:2, dictinctin_value:1.4064514939244364, par:496)
																idx514(Q:0.5382, distinct_name:2, dictinctin_value:1.318805451770871, par:502)
																	idx524(Q:0.5273, distinct_name:0, dictinctin_value:-0.11118736531331526, par:514)
																		idx532(Q:0.5274, distinct_name:0, dictinctin_value:-0.12850307532465371, par:524)
																			idx540(Q:0.5313, par:532)
																			idx541(Q:0.3260, par:532)
																		idx533(Q:0.5198, par:524)
																	idx525(Q:0.9326, par:514)
																idx515(Q:0.7615, par:502)
															idx503(Q:0.1239, par:496)
														idx497(Q:0.5885, par:488)
													idx489(Q:0.1612, par:482)
												idx483(Q:0.6779, par:478)
											idx479(Q:0.3023, par:462)
										idx463(Q:0.8604, par:458)
									idx459(Q:0.9430, par:450)
								idx451(Q:0.3190, par:438)
							idx439(Q:0.9613, par:436)
						idx437(Q:0.9447, par:33)
			idx9(Q:0.3451, distinct_name:1, dictinctin_value:1.4532912275447858, par:6)
				idx14(Q:0.3239, distinct_name:0, dictinctin_value:0.6708677617788001, par:9)
					idx16(Q:0.3387, distinct_name:0, dictinctin_value:0.5219929201544601, par:14)
						idx20(Q:0.3373, distinct_name:0, dictinctin_value:0.38200451643824146, par:16)
							idx26(Q:0.3434, distinct_name:0, dictinctin_value:0.29175973898130836, par:20)
								idx34(Q:0.3448, distinct_name:3, dictinctin_value:1.2405945003824483, par:26)
									idx42(Q:0.3147, distinct_name:2, dictinctin_value:1.6139678071673451, par:34)
										idx48(Q:0.3104, distinct_name:1, dictinctin_value:1.0148453699076618, par:42)
											idx58(Q:0.2971, distinct_name:2, dictinctin_value:0.8422101128546527, par:48)
												idx66(Q:0.3034, distinct_name:2, dictinctin_value:0.5718071591898053, par:58)
													idx74(Q:0.3167, distinct_name:2, dictinctin_value:0.3335199702259944, par:66)
														idx80(Q:0.3411, distinct_name:2, dictinctin_value:0.2585267021680285, par:74)
															idx86(Q:0.3469, distinct_name:2, dictinctin_value:0.13295569297273957, par:80)
																idx96(Q:0.3626, distinct_name:2, dictinctin_value:0.0933394603867821, par:86)
																	idx106(Q:0.3706, distinct_name:2, dictinctin_value:0.047951172568074005, par:96)
																		idx116(Q:0.3790, distinct_name:2, dictinctin_value:-0.0025517231675584334, par:106)
																			idx126(Q:0.3864, par:116)
																			idx127(Q:0.1251, par:116)
																		idx117(Q:0.1535, par:106)
																	idx107(Q:0.1150, par:96)
																idx97(Q:0.1347, par:86)
															idx87(Q:0.1678, par:80)
														idx81(Q:0.1578, par:74)
													idx75(Q:0.1912, par:66)
												idx67(Q:0.2625, distinct_name:0, dictinctin_value:0.284001031471605, par:58)
													idx506(Q:0.2629, distinct_name:0, dictinctin_value:0.28239410324000885, par:67)
														idx526(Q:0.2606, distinct_name:1, dictinctin_value:0.83535054985968, par:506)
															idx546(Q:0.2360, distinct_name:2, dictinctin_value:1.5992728183505887, par:526)
																idx554(Q:0.2384, par:546)
																idx555(Q:0.1136, par:546)
															idx547(Q:0.7625, par:526)
														idx527(Q:0.5128, par:506)
													idx507(Q:0.2169, par:67)
											idx59(Q:0.4251, par:48)
										idx49(Q:0.4011, par:42)
									idx43(Q:0.5673, distinct_name:3, dictinctin_value:2.7956706813891117, par:34)
										idx490(Q:0.5552, distinct_name:0, dictinctin_value:0.28758459307995216, par:43)
											idx498(Q:0.5493, distinct_name:2, dictinctin_value:1.7926081731949, par:490)
												idx508(Q:0.5413, distinct_name:0, dictinctin_value:0.2865220549225975, par:498)
													idx516(Q:0.5409, distinct_name:0, dictinctin_value:0.2785989659591723, par:508)
														idx528(Q:0.5456, distinct_name:3, dictinctin_value:2.7261255458914433, par:516)
															idx534(Q:0.5502, distinct_name:0, dictinctin_value:0.2763906794093015, par:528)
																idx542(Q:0.5526, par:534)
																idx543(Q:0.3073, par:534)
															idx535(Q:0.3125, par:528)
														idx529(Q:0.3011, par:516)
													idx517(Q:0.5832, par:508)
												idx509(Q:0.9712, par:498)
											idx499(Q:1.1979, par:490)
										idx491(Q:1.0038, par:43)
								idx35(Q:0.3376, distinct_name:1, dictinctin_value:1.344826515865718, par:26)
									idx236(Q:0.3358, distinct_name:3, dictinctin_value:1.6897348587436034, par:35)
										idx248(Q:0.3265, distinct_name:1, dictinctin_value:1.2341402111364463, par:236)
											idx262(Q:0.3268, distinct_name:3, dictinctin_value:1.3356049450605056, par:248)
												idx278(Q:0.3221, distinct_name:2, dictinctin_value:1.6241822054726756, par:262)
													idx294(Q:0.3141, distinct_name:0, dictinctin_value:0.3731119474318981, par:278)
														idx320(Q:0.3113, distinct_name:3, dictinctin_value:1.2759579982069145, par:294)
															idx344(Q:0.2997, distinct_name:0, dictinctin_value:0.37304242798500226, par:320)
																idx358(Q:0.2995, distinct_name:0, dictinctin_value:0.3707677109507447, par:344)
																	idx372(Q:0.3025, distinct_name:0, dictinctin_value:0.3697040787425107, par:358)
																		idx384(Q:0.3043, distinct_name:2, dictinctin_value:1.3789177574365135, par:372)
																			idx398(Q:0.3020, par:384)
																			idx399(Q:0.3513, par:384)
																		idx385(Q:0.2247, par:372)
																	idx373(Q:0.1232, par:358)
																idx359(Q:0.3297, par:344)
															idx345(Q:0.6603, par:320)
														idx321(Q:0.3900, par:294)
													idx295(Q:0.5166, par:278)
												idx279(Q:0.4619, par:262)
											idx263(Q:0.3069, par:248)
										idx249(Q:0.7279, par:236)
									idx237(Q:0.4148, par:35)
							idx27(Q:0.3153, distinct_name:2, dictinctin_value:1.5527241962490086, par:20)
								idx156(Q:0.3116, distinct_name:0, dictinctin_value:0.5137061072990365, par:27)
									idx166(Q:0.3163, distinct_name:0, dictinctin_value:0.5083060291160676, par:156)
										idx174(Q:0.3158, distinct_name:1, dictinctin_value:1.235555391656205, par:166)
											idx182(Q:0.3157, distinct_name:0, dictinctin_value:0.499318407708209, par:174)
												idx190(Q:0.3228, distinct_name:3, dictinctin_value:1.6437138459193195, par:182)
													idx198(Q:0.3158, distinct_name:0, dictinctin_value:0.4978828276393789, par:190)
														idx208(Q:0.3184, distinct_name:2, dictinctin_value:1.3588453420210258, par:198)
															idx222(Q:0.3154, distinct_name:2, dictinctin_value:0.9721483625475897, par:208)
																idx238(Q:0.3172, distinct_name:0, dictinctin_value:0.4972801494332726, par:222)
																	idx250(Q:0.3148, distinct_name:2, dictinctin_value:0.944961054171824, par:238)
																		idx264(Q:0.3183, distinct_name:2, dictinctin_value:0.872803430709856, par:250)
																			idx280(Q:0.3233, par:264)
																			idx281(Q:0.2212, par:264)
																		idx265(Q:0.0703, par:250)
																	idx251(Q:0.5718, par:238)
																idx239(Q:0.2927, par:222)
															idx223(Q:0.4053, par:208)
														idx209(Q:0.1910, par:198)
													idx199(Q:0.6635, par:190)
												idx191(Q:0.2230, par:182)
											idx183(Q:0.3175, par:174)
										idx175(Q:0.3267, par:166)
									idx167(Q:0.2475, par:156)
								idx157(Q:0.4203, par:27)
						idx21(Q:0.3445, distinct_name:1, dictinctin_value:1.3201670622027022, par:16)
							idx150(Q:0.3428, distinct_name:1, dictinctin_value:1.2234607090751204, par:21)
								idx158(Q:0.3431, distinct_name:1, dictinctin_value:1.0226433736171432, par:150)
									idx168(Q:0.3371, distinct_name:0, dictinctin_value:0.6649352976939671, par:158)
										idx176(Q:0.3363, distinct_name:2, dictinctin_value:1.8028367177150562, par:168)
											idx184(Q:0.3328, distinct_name:3, dictinctin_value:1.321083281680176, par:176)
												idx210(Q:0.3120, distinct_name:1, dictinctin_value:0.7493197611500411, par:184)
													idx224(Q:0.3100, distinct_name:2, dictinctin_value:1.1954012588052898, par:210)
														idx266(Q:0.3102, distinct_name:1, dictinctin_value:0.6035401367847275, par:224)
															idx282(Q:0.3125, distinct_name:1, dictinctin_value:0.5166827335099701, par:266)
																idx296(Q:0.3189, distinct_name:0, dictinctin_value:0.663963378246939, par:282)
																	idx308(Q:0.3167, distinct_name:0, dictinctin_value:0.6638782806630827, par:296)
																		idx322(Q:0.3147, distinct_name:2, dictinctin_value:1.1091905022156634, par:308)
																			idx332(Q:0.3182, par:322)
																			idx333(Q:0.1698, par:322)
																		idx323(Q:0.7405, par:308)
																	idx309(Q:0.7765, par:296)
																idx297(Q:0.1763, par:282)
															idx283(Q:0.2633, par:266)
														idx267(Q:0.3074, par:224)
													idx225(Q:0.3288, par:210)
												idx211(Q:0.5583, par:184)
											idx185(Q:0.4344, par:176)
										idx177(Q:0.3575, par:168)
									idx169(Q:0.5250, par:158)
								idx159(Q:0.2851, par:150)
							idx151(Q:0.4182, par:21)
					idx17(Q:0.3076, distinct_name:3, dictinctin_value:0.8871619234739136, par:14)
						idx22(Q:0.2777, distinct_name:1, dictinctin_value:0.895274831679809, par:17)
							idx28(Q:0.2620, distinct_name:3, dictinctin_value:0.4147697243292515, par:22)
								idx36(Q:0.2538, distinct_name:3, dictinctin_value:-0.009439492879810042, par:28)
									idx50(Q:0.2498, distinct_name:0, dictinctin_value:2.3121117874404824, par:36)
										idx52(Q:0.2508, distinct_name:0, dictinctin_value:1.9483716250181808, par:50)
											idx60(Q:0.2531, distinct_name:3, dictinctin_value:-0.018025248765568658, par:52)
												idx68(Q:0.2606, distinct_name:2, dictinctin_value:0.8033765660185509, par:60)
													idx88(Q:0.2645, distinct_name:2, dictinctin_value:0.6003623148969123, par:68)
														idx98(Q:0.2724, distinct_name:2, dictinctin_value:0.5329635912790776, par:88)
															idx108(Q:0.2773, distinct_name:2, dictinctin_value:0.3621996786015208, par:98)
																idx118(Q:0.2913, distinct_name:3, dictinctin_value:-0.05260374571449391, par:108)
																	idx128(Q:0.2936, distinct_name:2, dictinctin_value:0.22149263805201816, par:118)
																		idx134(Q:0.3074, distinct_name:2, dictinctin_value:0.13324256965432388, par:128)
																			idx140(Q:0.3196, par:134)
																			idx141(Q:0.1310, par:134)
																		idx135(Q:0.1443, par:128)
																	idx129(Q:0.2327, par:118)
																idx119(Q:0.1427, par:108)
															idx109(Q:0.1719, par:98)
														idx99(Q:0.1671, par:88)
													idx89(Q:0.2476, distinct_name:0, dictinctin_value:1.9001636825637473, par:68)
														idx420(Q:0.2455, distinct_name:0, dictinctin_value:1.8970534364477791, par:89)
															idx428(Q:0.2457, distinct_name:0, dictinctin_value:1.7864713255325577, par:420)
																idx434(Q:0.2478, distinct_name:0, dictinctin_value:1.7345810667045185, par:428)
																	idx440(Q:0.2450, distinct_name:0, dictinctin_value:1.7300479805066988, par:434)
																		idx446(Q:0.2458, distinct_name:0, dictinctin_value:1.6826477660222412, par:440)
																			idx452(Q:0.2432, par:446)
																			idx453(Q:0.3516, par:446)
																		idx447(Q:0.1492, par:440)
																	idx441(Q:0.3355, par:434)
																idx435(Q:0.1908, par:428)
															idx429(Q:0.2144, par:420)
														idx421(Q:0.2937, par:89)
												idx69(Q:0.1937, par:60)
											idx61(Q:0.2089, par:52)
										idx53(Q:0.2033, par:50)
									idx51(Q:0.2673, distinct_name:0, dictinctin_value:2.2255864685353126, par:36)
										idx268(Q:0.2682, distinct_name:0, dictinctin_value:1.8770234609938123, par:51)
											idx284(Q:0.2678, distinct_name:1, dictinctin_value:0.8208254329434517, par:268)
												idx298(Q:0.2693, distinct_name:0, dictinctin_value:1.7199871451158526, par:284)
													idx310(Q:0.2713, distinct_name:3, dictinctin_value:0.39481973457279324, par:298)
														idx346(Q:0.2726, distinct_name:2, dictinctin_value:2.0591657816242117, par:310)
															idx360(Q:0.2628, distinct_name:2, dictinctin_value:1.6416632040499568, par:346)
																idx374(Q:0.2625, distinct_name:0, dictinctin_value:1.6846076849979201, par:360)
																	idx386(Q:0.2628, distinct_name:2, dictinctin_value:1.5364517172370076, par:374)
																		idx400(Q:0.2618, distinct_name:2, dictinctin_value:1.321416179085615, par:386)
																			idx408(Q:0.2590, par:400)
																			idx409(Q:0.3431, par:400)
																		idx401(Q:0.2993, par:386)
																	idx387(Q:0.2080, par:374)
																idx375(Q:0.2773, par:360)
															idx361(Q:0.7383, par:346)
														idx347(Q:0.2266, par:310)
													idx311(Q:0.2142, par:298)
												idx299(Q:0.2139, par:284)
											idx285(Q:0.2771, par:268)
										idx269(Q:0.2404, par:51)
								idx37(Q:0.3016, distinct_name:1, dictinctin_value:0.7946772031835798, par:28)
									idx312(Q:0.2932, distinct_name:2, dictinctin_value:1.9378572482198, par:37)
										idx324(Q:0.2838, distinct_name:0, dictinctin_value:2.1880833067537604, par:312)
											idx334(Q:0.2845, distinct_name:0, dictinctin_value:2.1673152418059, par:324)
												idx348(Q:0.2823, distinct_name:0, dictinctin_value:2.0644684179947266, par:334)
													idx362(Q:0.2811, distinct_name:2, dictinctin_value:1.6060442338491094, par:348)
														idx376(Q:0.2714, distinct_name:0, dictinctin_value:1.8821116949330967, par:362)
															idx388(Q:0.2749, distinct_name:2, dictinctin_value:1.5867185725408008, par:376)
																idx402(Q:0.2751, distinct_name:0, dictinctin_value:1.8162737627685595, par:388)
																	idx410(Q:0.2789, distinct_name:2, dictinctin_value:1.474613989336331, par:402)
																		idx414(Q:0.2734, distinct_name:2, dictinctin_value:1.322085439542282, par:410)
																			idx422(Q:0.2733, par:414)
																			idx423(Q:0.2744, par:414)
																		idx415(Q:0.7277, par:410)
																	idx411(Q:0.1206, par:402)
																idx403(Q:0.2603, par:388)
															idx389(Q:0.1720, par:376)
														idx377(Q:0.5646, par:362)
													idx363(Q:0.3605, par:348)
												idx349(Q:0.4164, par:334)
											idx335(Q:0.2633, par:324)
										idx325(Q:0.5989, par:312)
									idx313(Q:0.4699, par:37)
							idx29(Q:0.3929, distinct_name:0, dictinctin_value:2.44084525907838, par:22)
								idx336(Q:0.3945, distinct_name:0, dictinctin_value:2.3332385876998147, par:29)
									idx350(Q:0.3961, distinct_name:2, dictinctin_value:1.313989803673234, par:336)
										idx364(Q:0.3628, distinct_name:2, dictinctin_value:1.2075088067941002, par:350)
											idx378(Q:0.3597, distinct_name:0, dictinctin_value:2.3276851139515355, par:364)
												idx390(Q:0.3586, distinct_name:2, dictinctin_value:1.1566628366759308, par:378)
													idx404(Q:0.3557, distinct_name:2, dictinctin_value:1.049026714172236, par:390)
														idx412(Q:0.3520, distinct_name:2, dictinctin_value:1.0138168631315498, par:404)
															idx418(Q:0.3490, distinct_name:0, dictinctin_value:2.3136303024689413, par:412)
																idx424(Q:0.3489, distinct_name:1, dictinctin_value:1.4142431093508798, par:418)
																	idx430(Q:0.3525, distinct_name:0, dictinctin_value:2.2572655688242222, par:424)
																		idx442(Q:0.3511, distinct_name:0, dictinctin_value:2.2507333712501807, par:430)
																			idx454(Q:0.3511, par:442)
																			idx455(Q:0.3551, par:442)
																		idx443(Q:0.5398, par:430)
																	idx431(Q:0.2289, par:424)
																idx425(Q:0.3611, par:418)
															idx419(Q:0.4918, par:412)
														idx413(Q:0.5241, par:404)
													idx405(Q:0.5629, par:390)
												idx391(Q:0.5313, par:378)
											idx379(Q:0.5828, par:364)
										idx365(Q:0.7020, par:350)
									idx351(Q:0.2661, par:336)
								idx337(Q:0.2579, par:29)
						idx23(Q:0.4563, distinct_name:0, dictinctin_value:2.1444723574903684, par:17)
							idx160(Q:0.4574, distinct_name:0, dictinctin_value:2.133798778100152, par:23)
								idx170(Q:0.4578, distinct_name:2, dictinctin_value:1.564504591409782, par:160)
									idx178(Q:0.4343, distinct_name:2, dictinctin_value:1.4113473869711974, par:170)
										idx186(Q:0.4289, distinct_name:0, dictinctin_value:2.1063540893171067, par:178)
											idx192(Q:0.4298, distinct_name:2, dictinctin_value:1.2195161175228741, par:186)
												idx200(Q:0.4268, distinct_name:0, dictinctin_value:1.9676721667093595, par:192)
													idx212(Q:0.4244, distinct_name:0, dictinctin_value:1.8926417272552991, par:200)
														idx226(Q:0.4233, distinct_name:0, dictinctin_value:1.7713311316515392, par:212)
															idx252(Q:0.4279, distinct_name:1, dictinctin_value:1.3213229930390704, par:226)
																idx270(Q:0.4211, distinct_name:0, dictinctin_value:1.7442155745503336, par:252)
																	idx300(Q:0.4189, distinct_name:0, dictinctin_value:1.3536781616204123, par:270)
																		idx392(Q:0.4177, distinct_name:0, dictinctin_value:1.2274516322533688, par:300)
																			idx416(Q:0.4222, par:392)
																			idx417(Q:0.3835, par:392)
																		idx393(Q:0.4245, par:300)
																	idx301(Q:0.6548, par:270)
																idx271(Q:0.6678, par:252)
															idx253(Q:0.2546, par:226)
														idx227(Q:0.4779, par:212)
													idx213(Q:0.5051, par:200)
												idx201(Q:0.5086, par:192)
											idx193(Q:0.3158, par:186)
										idx187(Q:0.6250, par:178)
									idx179(Q:0.8856, par:170)
								idx171(Q:0.3511, par:160)
							idx161(Q:0.4274, par:23)
				idx15(Q:0.6083, distinct_name:2, dictinctin_value:1.9938158806166744, par:9)
					idx194(Q:0.5984, distinct_name:3, dictinctin_value:2.0149638943737203, par:15)
						idx202(Q:0.5890, distinct_name:3, dictinctin_value:1.626087400144554, par:194)
							idx214(Q:0.5860, distinct_name:1, dictinctin_value:2.6727016574162166, par:202)
								idx228(Q:0.5707, distinct_name:2, dictinctin_value:1.776904010924299, par:214)
									idx240(Q:0.5652, distinct_name:2, dictinctin_value:1.4203463682180766, par:228)
										idx254(Q:0.5546, distinct_name:0, dictinctin_value:2.115573493736756, par:240)
											idx272(Q:0.5556, distinct_name:2, dictinctin_value:1.306259966260203, par:254)
												idx286(Q:0.5408, distinct_name:2, dictinctin_value:1.2529155214914378, par:272)
													idx302(Q:0.5363, distinct_name:2, dictinctin_value:0.808199081795812, par:286)
														idx314(Q:0.5090, distinct_name:2, dictinctin_value:0.7214446989843575, par:302)
															idx326(Q:0.5036, distinct_name:2, dictinctin_value:0.7041168221107604, par:314)
																idx338(Q:0.5025, distinct_name:0, dictinctin_value:2.1110030599556926, par:326)
																	idx352(Q:0.5034, distinct_name:0, dictinctin_value:2.0312710900603177, par:338)
																		idx366(Q:0.5003, distinct_name:2, dictinctin_value:0.6878681581259294, par:352)
																			idx394(Q:0.4977, par:366)
																			idx395(Q:0.7374, par:366)
																		idx367(Q:0.7833, par:352)
																	idx353(Q:0.3397, par:338)
																idx339(Q:0.6013, par:326)
															idx327(Q:0.6781, par:314)
														idx315(Q:0.8479, par:302)
													idx303(Q:0.8603, par:286)
												idx287(Q:0.8430, par:272)
											idx273(Q:0.5122, par:254)
										idx255(Q:0.7862, par:240)
									idx241(Q:0.9026, par:228)
								idx229(Q:0.8349, par:214)
							idx215(Q:0.6883, par:202)
						idx203(Q:0.9146, par:194)
					idx195(Q:0.9952, par:15)
		idx7(Q:0.4254, par:4)
	idx5(Q:0.2910, par:1)
