WARNING:tensorflow:From /Users/keithwu/opt/anaconda3/envs/auction-gym/lib/python3.10/site-packages/tensorflow/python/compat/v2_compat.py:107: disable_resource_variables (from tensorflow.python.ops.variable_scope) is deprecated and will be removed in a future version.
Instructions for updating:
non-resource variables are not supported in the long term
<_io.TextIOWrapper name='<stderr>' mode='w' encoding='utf-8'> reading from ../UTree_model_numpy/DM/model_boost_linear_qsplit_noabs_save_1000/, starting at 6
<_io.TextIOWrapper name='<stderr>' mode='w' encoding='utf-8'> =============== update starts ===============
(average_diff:0.12492831723681674, max_diff:0.5844804160496402, training_epochs:50, lr:0.05)
<_io.TextIOWrapper name='<stderr>' mode='w' encoding='utf-8'> node index is 24
train linear regression time:  0.04301433404907584
<_io.TextIOWrapper name='<stderr>' mode='w' encoding='utf-8'> variance test passed, diff=0.060904650094994794, d = 0, back=0
<_io.TextIOWrapper name='<stderr>' mode='w' encoding='utf-8'> Will be split, p=0.060904650094994794, d=0, back=0
(average_diff:0.12652784944042558, max_diff:0.5873225280734756, training_epochs:50, lr:0.05)
<_io.TextIOWrapper name='<stderr>' mode='w' encoding='utf-8'> node index is 30
train linear regression time:  0.04062279127538204
(average_diff:0.07361171614605103, max_diff:0.13504569271071726, training_epochs:50, lr:0.05)
<_io.TextIOWrapper name='<stderr>' mode='w' encoding='utf-8'> node index is 31
train linear regression time:  0.03964112466201186
(average_diff:0.09183248343533026, max_diff:0.20490413119241757, training_epochs:50, lr:0.05)
<_io.TextIOWrapper name='<stderr>' mode='w' encoding='utf-8'> node index is 25
train linear regression time:  0.04014937533065677
(average_diff:0.17980147482128364, max_diff:0.5702177140872584, training_epochs:50, lr:0.05)
<_io.TextIOWrapper name='<stderr>' mode='w' encoding='utf-8'> node index is 19
train linear regression time:  0.0390367922373116
(average_diff:0.1871903990195824, max_diff:0.7437239325880176, training_epochs:50, lr:0.05)
<_io.TextIOWrapper name='<stderr>' mode='w' encoding='utf-8'> node index is 13
train linear regression time:  0.03994612488895655
(average_diff:0.18117929745699063, max_diff:0.6466862758373348, training_epochs:50, lr:0.05)
<_io.TextIOWrapper name='<stderr>' mode='w' encoding='utf-8'> node index is 11
train linear regression time:  0.0402470831759274
<_io.TextIOWrapper name='<stderr>' mode='w' encoding='utf-8'> variance test passed, diff=0.01528006401002846, d = 3, back=0
<_io.TextIOWrapper name='<stderr>' mode='w' encoding='utf-8'> Will be split, p=0.01528006401002846, d=3, back=0
(average_diff:0.1764704336196234, max_diff:0.5638495181342038, training_epochs:50, lr:0.05)
<_io.TextIOWrapper name='<stderr>' mode='w' encoding='utf-8'> node index is 32
train linear regression time:  0.04047183273360133
(average_diff:0.07775344403101758, max_diff:0.20947017407961974, training_epochs:50, lr:0.05)
<_io.TextIOWrapper name='<stderr>' mode='w' encoding='utf-8'> node index is 33
train linear regression time:  0.03988554188981652
(average_diff:0.2087047729849365, max_diff:0.6567763038015914, training_epochs:50, lr:0.05)
<_io.TextIOWrapper name='<stderr>' mode='w' encoding='utf-8'> node index is 26
train linear regression time:  0.04122908413410187
<_io.TextIOWrapper name='<stderr>' mode='w' encoding='utf-8'> variance test passed, diff=0.03761189263567833, d = 0, back=0
<_io.TextIOWrapper name='<stderr>' mode='w' encoding='utf-8'> Will be split, p=0.03761189263567833, d=0, back=0
(average_diff:0.2124063235669065, max_diff:0.6678096324075052, training_epochs:50, lr:0.05)
<_io.TextIOWrapper name='<stderr>' mode='w' encoding='utf-8'> node index is 34
train linear regression time:  0.04116537515074015
(average_diff:0.1442580178854396, max_diff:0.487388303229175, training_epochs:50, lr:0.05)
<_io.TextIOWrapper name='<stderr>' mode='w' encoding='utf-8'> node index is 35
train linear regression time:  0.042744374834001064
(average_diff:0.12213646898855701, max_diff:0.472557110225575, training_epochs:50, lr:0.05)
<_io.TextIOWrapper name='<stderr>' mode='w' encoding='utf-8'> node index is 27
train linear regression time:  0.040782750118523836
(average_diff:0.14064652099648942, max_diff:0.5070119883049261, training_epochs:50, lr:0.05)
<_io.TextIOWrapper name='<stderr>' mode='w' encoding='utf-8'> node index is 21
train linear regression time:  0.03957570809870958
(average_diff:0.17187169592044438, max_diff:0.8267406060059308, training_epochs:50, lr:0.05)
<_io.TextIOWrapper name='<stderr>' mode='w' encoding='utf-8'> node index is 28
train linear regression time:  0.03966483334079385
<_io.TextIOWrapper name='<stderr>' mode='w' encoding='utf-8'> variance test passed, diff=0.013166097042177367, d = 3, back=0
<_io.TextIOWrapper name='<stderr>' mode='w' encoding='utf-8'> Will be split, p=0.013166097042177367, d=3, back=0
(average_diff:0.14300470879148042, max_diff:0.888574764535061, training_epochs:50, lr:0.05)
<_io.TextIOWrapper name='<stderr>' mode='w' encoding='utf-8'> node index is 36
train linear regression time:  0.04031941667199135
(average_diff:0.2362632552098673, max_diff:0.48044071213762607, training_epochs:50, lr:0.05)
<_io.TextIOWrapper name='<stderr>' mode='w' encoding='utf-8'> node index is 37
train linear regression time:  0.04043395910412073
(average_diff:0.18000458934453045, max_diff:0.45622244857858474, training_epochs:50, lr:0.05)
<_io.TextIOWrapper name='<stderr>' mode='w' encoding='utf-8'> node index is 29
train linear regression time:  0.04187725018709898
(average_diff:0.15907816247325315, max_diff:0.3980770174649952, training_epochs:50, lr:0.05)
<_io.TextIOWrapper name='<stderr>' mode='w' encoding='utf-8'> node index is 23
train linear regression time:  0.04643912520259619
(average_diff:0.12014732813203079, max_diff:0.3570686493858535, training_epochs:50, lr:0.05)
<_io.TextIOWrapper name='<stderr>' mode='w' encoding='utf-8'> node index is 15
train linear regression time:  0.04079054156318307
(average_diff:5.5972196668682694e-05, max_diff:6.741913762273177e-05, training_epochs:50, lr:0.05)
<_io.TextIOWrapper name='<stderr>' mode='w' encoding='utf-8'> node index is 7
train linear regression time:  0.039046334102749825
(average_diff:0.01685514324425144, max_diff:0.030462337111138438, training_epochs:50, lr:0.05)
<_io.TextIOWrapper name='<stderr>' mode='w' encoding='utf-8'> node index is 5
train linear regression time:  0.03885379200801253
testFringe time:  0.9047572501003742
<_io.TextIOWrapper name='<stderr>' mode='w' encoding='utf-8'> =============== update finished ===============

*** Writing Game File 7***

<_io.TextIOWrapper name='../print_tree_record_numpy/print_DM_boost_linear_tree_split_1000.txt' mode='w' encoding='UTF-8'> idx1(Q:0.4136, distinct_name:0, dictinctin_value:2.569683891588169, par:None)
	idx4(Q:0.4143, distinct_name:0, dictinctin_value:2.507749956207568, par:1)
		idx6(Q:0.4132, distinct_name:0, dictinctin_value:-0.050698982385153205, par:4)
			idx8(Q:0.4864, distinct_name:0, dictinctin_value:-0.5002368440471089, par:6)
				idx10(Q:0.5395, distinct_name:3, dictinctin_value:0.7373220788164561, par:8)
					idx12(Q:0.5126, distinct_name:1, dictinctin_value:0.8498558206992594, par:10)
						idx18(Q:0.4476, distinct_name:2, dictinctin_value:0.8559921607301466, par:12)
							idx24(Q:0.4515, distinct_name:0, dictinctin_value:-0.5901212893723445, par:18)
								idx30(Q:0.4645, par:24)
								idx31(Q:0.3070, par:24)
							idx25(Q:0.4271, par:18)
						idx19(Q:0.7473, par:12)
					idx13(Q:0.6434, par:10)
				idx11(Q:0.3892, distinct_name:3, dictinctin_value:1.284568987543642, par:8)
					idx32(Q:0.3574, par:11)
					idx33(Q:0.6159, par:11)
			idx9(Q:0.3506, distinct_name:1, dictinctin_value:1.4532912275447858, par:6)
				idx14(Q:0.3390, distinct_name:0, dictinctin_value:0.6708677617788001, par:9)
					idx16(Q:0.3419, distinct_name:0, dictinctin_value:0.5219929201544601, par:14)
						idx20(Q:0.3518, distinct_name:0, dictinctin_value:0.38200451643824146, par:16)
							idx26(Q:0.3674, distinct_name:0, dictinctin_value:0.29175973898130836, par:20)
								idx34(Q:0.3932, par:26)
								idx35(Q:0.2384, par:26)
							idx27(Q:0.2774, par:20)
						idx21(Q:0.3069, par:16)
					idx17(Q:0.3358, distinct_name:3, dictinctin_value:0.8871619234739136, par:14)
						idx22(Q:0.3147, distinct_name:1, dictinctin_value:0.895274831679809, par:17)
							idx28(Q:0.2865, distinct_name:3, dictinctin_value:0.4147697243292515, par:22)
								idx36(Q:0.2548, par:28)
								idx37(Q:0.5127, par:28)
							idx29(Q:0.4611, par:22)
						idx23(Q:0.4255, par:17)
				idx15(Q:0.5210, par:9)
		idx7(Q:0.6670, par:4)
	idx5(Q:0.3571, par:1)
