WARNING:tensorflow:From /Users/keithwu/opt/anaconda3/envs/auction-gym/lib/python3.10/site-packages/tensorflow/python/compat/v2_compat.py:107: disable_resource_variables (from tensorflow.python.ops.variable_scope) is deprecated and will be removed in a future version.
Instructions for updating:
non-resource variables are not supported in the long term
<_io.TextIOWrapper name='<stderr>' mode='w' encoding='utf-8'> reading from ../UTree_model_numpy/DM/model_boost_linear_qsplit_noabs_save_1000/, starting at 8
<_io.TextIOWrapper name='<stderr>' mode='w' encoding='utf-8'> =============== update starts ===============
(average_diff:0.07092047687379611, max_diff:0.28624981731040744, training_epochs:50, lr:0.05)
<_io.TextIOWrapper name='<stderr>' mode='w' encoding='utf-8'> node index is 38
train linear regression time:  0.041835791897028685
<_io.TextIOWrapper name='<stderr>' mode='w' encoding='utf-8'> variance test passed, diff=0.055231247264865384, d = 1, back=0
<_io.TextIOWrapper name='<stderr>' mode='w' encoding='utf-8'> variance test passed, diff=0.09411295238994842, d = 2, back=0
<_io.TextIOWrapper name='<stderr>' mode='w' encoding='utf-8'> Will be split, p=0.09411295238994842, d=2, back=0
(average_diff:0.05180246717195205, max_diff:0.32855936506739103, training_epochs:50, lr:0.05)
<_io.TextIOWrapper name='<stderr>' mode='w' encoding='utf-8'> node index is 44
train linear regression time:  0.04138387506827712
(average_diff:0.04211583990585113, max_diff:0.10191474547485246, training_epochs:50, lr:0.05)
<_io.TextIOWrapper name='<stderr>' mode='w' encoding='utf-8'> node index is 45
train linear regression time:  0.04133491590619087
(average_diff:0.07038326290734533, max_diff:0.13755790790645267, training_epochs:50, lr:0.05)
<_io.TextIOWrapper name='<stderr>' mode='w' encoding='utf-8'> node index is 39
train linear regression time:  0.0405352502129972
(average_diff:0.06561070403865468, max_diff:0.15710902756944706, training_epochs:50, lr:0.05)
<_io.TextIOWrapper name='<stderr>' mode='w' encoding='utf-8'> node index is 31
train linear regression time:  0.04016904206946492
(average_diff:0.06888238592766915, max_diff:0.14253269904768606, training_epochs:50, lr:0.05)
<_io.TextIOWrapper name='<stderr>' mode='w' encoding='utf-8'> node index is 25
train linear regression time:  0.03961591701954603
(average_diff:0.19096361460433076, max_diff:0.5485102885341377, training_epochs:50, lr:0.05)
<_io.TextIOWrapper name='<stderr>' mode='w' encoding='utf-8'> node index is 19
train linear regression time:  0.039679833222180605
(average_diff:0.17551724169906377, max_diff:0.8432447596749837, training_epochs:50, lr:0.05)
<_io.TextIOWrapper name='<stderr>' mode='w' encoding='utf-8'> node index is 13
train linear regression time:  0.038864290807396173
(average_diff:0.173443147597535, max_diff:0.5745792337161523, training_epochs:50, lr:0.05)
<_io.TextIOWrapper name='<stderr>' mode='w' encoding='utf-8'> node index is 40
train linear regression time:  0.039703833404928446
<_io.TextIOWrapper name='<stderr>' mode='w' encoding='utf-8'> variance test passed, diff=0.0104752294737459, d = 2, back=0
<_io.TextIOWrapper name='<stderr>' mode='w' encoding='utf-8'> Will be split, p=0.0104752294737459, d=2, back=0
(average_diff:0.14183258803026944, max_diff:0.4656178719457966, training_epochs:50, lr:0.05)
<_io.TextIOWrapper name='<stderr>' mode='w' encoding='utf-8'> node index is 46
train linear regression time:  0.040843875147402287
(average_diff:0.07893212834137094, max_diff:0.15894235819191632, training_epochs:50, lr:0.05)
<_io.TextIOWrapper name='<stderr>' mode='w' encoding='utf-8'> node index is 47
train linear regression time:  0.040998916141688824
(average_diff:0.13007637147041157, max_diff:0.3392035577587124, training_epochs:50, lr:0.05)
<_io.TextIOWrapper name='<stderr>' mode='w' encoding='utf-8'> node index is 41
train linear regression time:  0.039818457793444395
(average_diff:0.06936228447465774, max_diff:0.20159125407245182, training_epochs:50, lr:0.05)
<_io.TextIOWrapper name='<stderr>' mode='w' encoding='utf-8'> node index is 33
train linear regression time:  0.03894983371719718
(average_diff:0.2021610469644973, max_diff:0.7421997624263188, training_epochs:50, lr:0.05)
<_io.TextIOWrapper name='<stderr>' mode='w' encoding='utf-8'> node index is 42
train linear regression time:  0.04148666560649872
<_io.TextIOWrapper name='<stderr>' mode='w' encoding='utf-8'> variance test passed, diff=0.011465834884485354, d = 0, back=0
<_io.TextIOWrapper name='<stderr>' mode='w' encoding='utf-8'> variance test passed, diff=0.014272977415186905, d = 1, back=0
<_io.TextIOWrapper name='<stderr>' mode='w' encoding='utf-8'> variance test passed, diff=0.03902639799096426, d = 2, back=0
<_io.TextIOWrapper name='<stderr>' mode='w' encoding='utf-8'> Will be split, p=0.03902639799096426, d=2, back=0
(average_diff:0.15778245253511683, max_diff:0.9113488766631554, training_epochs:50, lr:0.05)
<_io.TextIOWrapper name='<stderr>' mode='w' encoding='utf-8'> node index is 48
train linear regression time:  0.04135016584768891
(average_diff:0.10477337526471568, max_diff:0.16471190912626898, training_epochs:50, lr:0.05)
<_io.TextIOWrapper name='<stderr>' mode='w' encoding='utf-8'> node index is 49
train linear regression time:  0.03842124994844198
(average_diff:0.1293889889363664, max_diff:0.34648366500143163, training_epochs:50, lr:0.05)
<_io.TextIOWrapper name='<stderr>' mode='w' encoding='utf-8'> node index is 43
train linear regression time:  0.03886087518185377
(average_diff:0.1917397481629497, max_diff:0.5859303685160726, training_epochs:50, lr:0.05)
<_io.TextIOWrapper name='<stderr>' mode='w' encoding='utf-8'> node index is 35
train linear regression time:  0.03886150009930134
(average_diff:0.12372506846085918, max_diff:0.43489070792897366, training_epochs:50, lr:0.05)
<_io.TextIOWrapper name='<stderr>' mode='w' encoding='utf-8'> node index is 27
train linear regression time:  0.03865987481549382
(average_diff:0.13933580622444658, max_diff:0.5794457378323379, training_epochs:50, lr:0.05)
<_io.TextIOWrapper name='<stderr>' mode='w' encoding='utf-8'> node index is 21
train linear regression time:  0.03920008381828666
(average_diff:0.1392174054693211, max_diff:0.832620800621493, training_epochs:50, lr:0.05)
<_io.TextIOWrapper name='<stderr>' mode='w' encoding='utf-8'> node index is 36
train linear regression time:  0.040567291900515556
<_io.TextIOWrapper name='<stderr>' mode='w' encoding='utf-8'> variance test passed, diff=0.015598067801185441, d = 1, back=0
<_io.TextIOWrapper name='<stderr>' mode='w' encoding='utf-8'> variance test passed, diff=0.017651316591060534, d = 3, back=0
<_io.TextIOWrapper name='<stderr>' mode='w' encoding='utf-8'> Will be split, p=0.017651316591060534, d=3, back=0
(average_diff:0.14385061798126383, max_diff:0.828655733104277, training_epochs:50, lr:0.05)
<_io.TextIOWrapper name='<stderr>' mode='w' encoding='utf-8'> node index is 50
train linear regression time:  0.03979712491855025
<_io.TextIOWrapper name='<stderr>' mode='w' encoding='utf-8'> variance test passed, diff=0.04999536968462439, d = 0, back=0
<_io.TextIOWrapper name='<stderr>' mode='w' encoding='utf-8'> Will be split, p=0.04999536968462439, d=0, back=0
(average_diff:0.14549568529111517, max_diff:0.8648638829180658, training_epochs:50, lr:0.05)
<_io.TextIOWrapper name='<stderr>' mode='w' encoding='utf-8'> node index is 52
train linear regression time:  0.039944957941770554
(average_diff:0.0, max_diff:0.0, training_epochs:50, lr:0.05)
<_io.TextIOWrapper name='<stderr>' mode='w' encoding='utf-8'> node index is 53
train linear regression time:  0.04041566699743271
(average_diff:0.10707310096341607, max_diff:0.3394311593227529, training_epochs:50, lr:0.05)
<_io.TextIOWrapper name='<stderr>' mode='w' encoding='utf-8'> node index is 51
train linear regression time:  0.03991137491539121
(average_diff:0.19521692855449627, max_diff:0.5829665504122075, training_epochs:50, lr:0.05)
<_io.TextIOWrapper name='<stderr>' mode='w' encoding='utf-8'> node index is 37
train linear regression time:  0.039556041825562716
(average_diff:0.17128571417949745, max_diff:0.4935433692492982, training_epochs:50, lr:0.05)
<_io.TextIOWrapper name='<stderr>' mode='w' encoding='utf-8'> node index is 29
train linear regression time:  0.03936379216611385
(average_diff:0.20374102569690972, max_diff:0.709285188634928, training_epochs:50, lr:0.05)
<_io.TextIOWrapper name='<stderr>' mode='w' encoding='utf-8'> node index is 23
train linear regression time:  0.039909958839416504
(average_diff:0.141380775517623, max_diff:0.369533783518219, training_epochs:50, lr:0.05)
<_io.TextIOWrapper name='<stderr>' mode='w' encoding='utf-8'> node index is 15
train linear regression time:  0.03914825012907386
(average_diff:7.241120030532233e-07, max_diff:8.722010156891891e-07, training_epochs:50, lr:0.05)
<_io.TextIOWrapper name='<stderr>' mode='w' encoding='utf-8'> node index is 7
train linear regression time:  0.039549791254103184
(average_diff:0.010039801739259224, max_diff:0.018856278308962637, training_epochs:50, lr:0.05)
<_io.TextIOWrapper name='<stderr>' mode='w' encoding='utf-8'> node index is 5
train linear regression time:  0.039006625302135944
testFringe time:  1.2520504579879344
<_io.TextIOWrapper name='<stderr>' mode='w' encoding='utf-8'> =============== update finished ===============

*** Writing Game File 9***

<_io.TextIOWrapper name='../print_tree_record_numpy/print_DM_boost_linear_tree_split_1000.txt' mode='w' encoding='UTF-8'> idx1(Q:0.4085, distinct_name:0, dictinctin_value:2.569683891588169, par:None)
	idx4(Q:0.4091, distinct_name:0, dictinctin_value:2.507749956207568, par:1)
		idx6(Q:0.4082, distinct_name:0, dictinctin_value:-0.050698982385153205, par:4)
			idx8(Q:0.4802, distinct_name:0, dictinctin_value:-0.5002368440471089, par:6)
				idx10(Q:0.5298, distinct_name:3, dictinctin_value:0.7373220788164561, par:8)
					idx12(Q:0.5134, distinct_name:1, dictinctin_value:0.8498558206992594, par:10)
						idx18(Q:0.4577, distinct_name:2, dictinctin_value:0.8559921607301466, par:12)
							idx24(Q:0.4602, distinct_name:0, dictinctin_value:-0.5901212893723445, par:18)
								idx30(Q:0.4747, distinct_name:2, dictinctin_value:0.5095422779981766, par:24)
									idx38(Q:0.4922, distinct_name:2, dictinctin_value:0.24909091887867726, par:30)
										idx44(Q:0.5336, par:38)
										idx45(Q:0.1473, par:38)
									idx39(Q:0.3536, par:30)
								idx31(Q:0.2830, par:24)
							idx25(Q:0.4450, par:18)
						idx19(Q:0.7142, par:12)
					idx13(Q:0.5890, par:10)
				idx11(Q:0.3893, distinct_name:3, dictinctin_value:1.284568987543642, par:8)
					idx32(Q:0.3668, distinct_name:3, dictinctin_value:0.5763111575206541, par:11)
						idx40(Q:0.3591, distinct_name:2, dictinctin_value:1.4159847670297276, par:32)
							idx46(Q:0.3540, par:40)
							idx47(Q:0.4010, par:40)
						idx41(Q:0.4082, par:32)
					idx33(Q:0.5882, par:11)
			idx9(Q:0.3458, distinct_name:1, dictinctin_value:1.4532912275447858, par:6)
				idx14(Q:0.3337, distinct_name:0, dictinctin_value:0.6708677617788001, par:9)
					idx16(Q:0.3349, distinct_name:0, dictinctin_value:0.5219929201544601, par:14)
						idx20(Q:0.3483, distinct_name:0, dictinctin_value:0.38200451643824146, par:16)
							idx26(Q:0.3651, distinct_name:0, dictinctin_value:0.29175973898130836, par:20)
								idx34(Q:0.3808, distinct_name:3, dictinctin_value:1.2405945003824483, par:26)
									idx42(Q:0.3635, distinct_name:2, dictinctin_value:1.6139678071673451, par:34)
										idx48(Q:0.3521, par:42)
										idx49(Q:0.5059, par:42)
									idx43(Q:0.4906, par:34)
								idx35(Q:0.2948, par:26)
							idx27(Q:0.2680, par:20)
						idx21(Q:0.2899, par:16)
					idx17(Q:0.3323, distinct_name:3, dictinctin_value:0.8871619234739136, par:14)
						idx22(Q:0.3009, distinct_name:1, dictinctin_value:0.895274831679809, par:17)
							idx28(Q:0.2721, distinct_name:3, dictinctin_value:0.4147697243292515, par:22)
								idx36(Q:0.2501, distinct_name:3, dictinctin_value:-0.009439492879810042, par:28)
									idx50(Q:0.2497, distinct_name:0, dictinctin_value:2.3121117874404824, par:36)
										idx52(Q:0.2497, par:50)
										idx53(Q:0.2505, par:50)
									idx51(Q:0.2515, par:36)
								idx37(Q:0.4223, par:28)
							idx29(Q:0.4658, par:22)
						idx23(Q:0.4665, par:17)
				idx15(Q:0.5443, par:9)
		idx7(Q:0.6670, par:4)
	idx5(Q:0.3571, par:1)
