WARNING:tensorflow:From /Users/keithwu/opt/anaconda3/envs/auction-gym/lib/python3.10/site-packages/tensorflow/python/compat/v2_compat.py:107: disable_resource_variables (from tensorflow.python.ops.variable_scope) is deprecated and will be removed in a future version.
Instructions for updating:
non-resource variables are not supported in the long term
<_io.TextIOWrapper name='<stderr>' mode='w' encoding='utf-8'> reading from ../UTree_model_numpy/DM/model_boost_linear_qsplit_noabs_save_1000/, starting at 10
<_io.TextIOWrapper name='<stderr>' mode='w' encoding='utf-8'> =============== update starts ===============
(average_diff:0.0407972151889632, max_diff:0.4891274488643945, training_epochs:50, lr:0.05)
<_io.TextIOWrapper name='<stderr>' mode='w' encoding='utf-8'> node index is 54
train linear regression time:  0.04281733278185129
<_io.TextIOWrapper name='<stderr>' mode='w' encoding='utf-8'> variance test passed, diff=0.06253161969748768, d = 1, back=0
<_io.TextIOWrapper name='<stderr>' mode='w' encoding='utf-8'> variance test passed, diff=0.07960474795924125, d = 2, back=0
<_io.TextIOWrapper name='<stderr>' mode='w' encoding='utf-8'> Will be split, p=0.07960474795924125, d=2, back=0
(average_diff:0.03719856999965714, max_diff:0.48683122631069997, training_epochs:50, lr:0.05)
<_io.TextIOWrapper name='<stderr>' mode='w' encoding='utf-8'> node index is 62
train linear regression time:  0.042974875308573246
(average_diff:0.05167815963775833, max_diff:0.16214284592977624, training_epochs:50, lr:0.05)
<_io.TextIOWrapper name='<stderr>' mode='w' encoding='utf-8'> node index is 63
train linear regression time:  0.04102112492546439
(average_diff:0.07058061379094616, max_diff:0.16528589142729558, training_epochs:50, lr:0.05)
<_io.TextIOWrapper name='<stderr>' mode='w' encoding='utf-8'> node index is 55
train linear regression time:  0.0407541673630476
(average_diff:0.04700853559883318, max_diff:0.1205479307381982, training_epochs:50, lr:0.05)
<_io.TextIOWrapper name='<stderr>' mode='w' encoding='utf-8'> node index is 45
train linear regression time:  0.0406983750872314
(average_diff:0.05661056396024321, max_diff:0.16218255356110467, training_epochs:50, lr:0.05)
<_io.TextIOWrapper name='<stderr>' mode='w' encoding='utf-8'> node index is 39
train linear regression time:  0.03925658296793699
(average_diff:0.0781516896705235, max_diff:0.1752636548532681, training_epochs:50, lr:0.05)
<_io.TextIOWrapper name='<stderr>' mode='w' encoding='utf-8'> node index is 31
train linear regression time:  0.03947674995288253
(average_diff:0.07998286523761125, max_diff:0.33775622967121194, training_epochs:50, lr:0.05)
<_io.TextIOWrapper name='<stderr>' mode='w' encoding='utf-8'> node index is 25
train linear regression time:  0.038302666042000055
(average_diff:0.18887141443092859, max_diff:0.5078643449336016, training_epochs:50, lr:0.05)
<_io.TextIOWrapper name='<stderr>' mode='w' encoding='utf-8'> node index is 19
train linear regression time:  0.039476958103477955
(average_diff:0.1802623514201803, max_diff:0.8424424072876545, training_epochs:50, lr:0.05)
<_io.TextIOWrapper name='<stderr>' mode='w' encoding='utf-8'> node index is 13
train linear regression time:  0.03895854204893112
(average_diff:0.11439599633671214, max_diff:0.6234164984698851, training_epochs:50, lr:0.05)
<_io.TextIOWrapper name='<stderr>' mode='w' encoding='utf-8'> node index is 56
train linear regression time:  0.040983584243804216
<_io.TextIOWrapper name='<stderr>' mode='w' encoding='utf-8'> variance test passed, diff=0.010489788380691936, d = 0, back=0
<_io.TextIOWrapper name='<stderr>' mode='w' encoding='utf-8'> variance test passed, diff=0.022257470569194387, d = 2, back=0
<_io.TextIOWrapper name='<stderr>' mode='w' encoding='utf-8'> Will be split, p=0.022257470569194387, d=2, back=0
(average_diff:0.09604019610991057, max_diff:0.4179124042176081, training_epochs:50, lr:0.05)
<_io.TextIOWrapper name='<stderr>' mode='w' encoding='utf-8'> node index is 64
train linear regression time:  0.04033958399668336
(average_diff:0.1302663564447835, max_diff:0.3287632634069888, training_epochs:50, lr:0.05)
<_io.TextIOWrapper name='<stderr>' mode='w' encoding='utf-8'> node index is 65
train linear regression time:  0.04001645790413022
(average_diff:0.11317943140762989, max_diff:0.2468294686155285, training_epochs:50, lr:0.05)
<_io.TextIOWrapper name='<stderr>' mode='w' encoding='utf-8'> node index is 57
train linear regression time:  0.03888812521472573
(average_diff:0.07181408949214091, max_diff:0.16077794231636616, training_epochs:50, lr:0.05)
<_io.TextIOWrapper name='<stderr>' mode='w' encoding='utf-8'> node index is 47
train linear regression time:  0.039070125203579664
(average_diff:0.1533658744848239, max_diff:0.41544305459785447, training_epochs:50, lr:0.05)
<_io.TextIOWrapper name='<stderr>' mode='w' encoding='utf-8'> node index is 41
train linear regression time:  0.04168337490409613
(average_diff:0.09728279718403435, max_diff:0.3004006774220148, training_epochs:50, lr:0.05)
<_io.TextIOWrapper name='<stderr>' mode='w' encoding='utf-8'> node index is 33
train linear regression time:  0.03924304200336337
(average_diff:0.15223093442745048, max_diff:0.9658091141008304, training_epochs:50, lr:0.05)
<_io.TextIOWrapper name='<stderr>' mode='w' encoding='utf-8'> node index is 58
train linear regression time:  0.03979941690340638
<_io.TextIOWrapper name='<stderr>' mode='w' encoding='utf-8'> variance test passed, diff=0.024353925515527314, d = 0, back=0
<_io.TextIOWrapper name='<stderr>' mode='w' encoding='utf-8'> variance test passed, diff=0.03501696962945757, d = 2, back=0
<_io.TextIOWrapper name='<stderr>' mode='w' encoding='utf-8'> Will be split, p=0.03501696962945757, d=2, back=0
(average_diff:0.10372689656207607, max_diff:0.46695068076711654, training_epochs:50, lr:0.05)
<_io.TextIOWrapper name='<stderr>' mode='w' encoding='utf-8'> node index is 66
train linear regression time:  0.04169000033289194
(average_diff:0.1363257289815281, max_diff:0.3552746699556515, training_epochs:50, lr:0.05)
<_io.TextIOWrapper name='<stderr>' mode='w' encoding='utf-8'> node index is 67
train linear regression time:  0.041188332717865705
(average_diff:0.09432685312420105, max_diff:0.28883605670697043, training_epochs:50, lr:0.05)
<_io.TextIOWrapper name='<stderr>' mode='w' encoding='utf-8'> node index is 59
train linear regression time:  0.03866070881485939
(average_diff:0.09619045418482876, max_diff:0.18516775800654528, training_epochs:50, lr:0.05)
<_io.TextIOWrapper name='<stderr>' mode='w' encoding='utf-8'> node index is 49
train linear regression time:  0.03898820839822292
(average_diff:0.15112923985864235, max_diff:0.40012763776091737, training_epochs:50, lr:0.05)
<_io.TextIOWrapper name='<stderr>' mode='w' encoding='utf-8'> node index is 43
train linear regression time:  0.03882408328354359
(average_diff:0.16885911419506805, max_diff:0.5942865804461372, training_epochs:50, lr:0.05)
<_io.TextIOWrapper name='<stderr>' mode='w' encoding='utf-8'> node index is 35
train linear regression time:  0.039324874989688396
(average_diff:0.15900861760669385, max_diff:0.6106963807114956, training_epochs:50, lr:0.05)
<_io.TextIOWrapper name='<stderr>' mode='w' encoding='utf-8'> node index is 27
train linear regression time:  0.038739209063351154
(average_diff:0.172643248266673, max_diff:0.5702905378435335, training_epochs:50, lr:0.05)
<_io.TextIOWrapper name='<stderr>' mode='w' encoding='utf-8'> node index is 21
train linear regression time:  0.039352166932076216
(average_diff:0.15856485058806527, max_diff:0.8602903109164515, training_epochs:50, lr:0.05)
<_io.TextIOWrapper name='<stderr>' mode='w' encoding='utf-8'> node index is 60
train linear regression time:  0.03931379085406661
<_io.TextIOWrapper name='<stderr>' mode='w' encoding='utf-8'> variance test passed, diff=0.01795155924027201, d = 0, back=0
<_io.TextIOWrapper name='<stderr>' mode='w' encoding='utf-8'> variance test passed, diff=0.05715436552717177, d = 3, back=0
<_io.TextIOWrapper name='<stderr>' mode='w' encoding='utf-8'> Will be split, p=0.05715436552717177, d=3, back=0
(average_diff:0.16869776674159734, max_diff:0.9337602313543414, training_epochs:50, lr:0.05)
<_io.TextIOWrapper name='<stderr>' mode='w' encoding='utf-8'> node index is 68
train linear regression time:  0.0402462906204164
(average_diff:0.01322186979165494, max_diff:0.08174277418528468, training_epochs:50, lr:0.05)
<_io.TextIOWrapper name='<stderr>' mode='w' encoding='utf-8'> node index is 69
train linear regression time:  0.04051558393985033
(average_diff:0.03068156582189023, max_diff:0.051395235836719205, training_epochs:50, lr:0.05)
<_io.TextIOWrapper name='<stderr>' mode='w' encoding='utf-8'> node index is 61
train linear regression time:  0.03981987526640296
(average_diff:0.008622652610598802, max_diff:0.009208516525969379, training_epochs:50, lr:0.05)
<_io.TextIOWrapper name='<stderr>' mode='w' encoding='utf-8'> node index is 53
train linear regression time:  0.03901291685178876
(average_diff:0.11931641472989517, max_diff:0.38755514468575136, training_epochs:50, lr:0.05)
<_io.TextIOWrapper name='<stderr>' mode='w' encoding='utf-8'> node index is 51
train linear regression time:  0.03927374957129359
(average_diff:0.19171065311378888, max_diff:0.6539314628557475, training_epochs:50, lr:0.05)
<_io.TextIOWrapper name='<stderr>' mode='w' encoding='utf-8'> node index is 37
train linear regression time:  0.0401702499948442
(average_diff:0.17281352241697154, max_diff:0.5080437102815756, training_epochs:50, lr:0.05)
<_io.TextIOWrapper name='<stderr>' mode='w' encoding='utf-8'> node index is 29
train linear regression time:  0.03941474994644523
(average_diff:0.18778083013842944, max_diff:0.7310396945123654, training_epochs:50, lr:0.05)
<_io.TextIOWrapper name='<stderr>' mode='w' encoding='utf-8'> node index is 23
train linear regression time:  0.038286791648715734
(average_diff:0.14590571059070628, max_diff:0.37375983085197767, training_epochs:50, lr:0.05)
<_io.TextIOWrapper name='<stderr>' mode='w' encoding='utf-8'> node index is 15
train linear regression time:  0.038544250186532736
(average_diff:9.367833023188332e-09, max_diff:1.1283659923089218e-08, training_epochs:50, lr:0.05)
<_io.TextIOWrapper name='<stderr>' mode='w' encoding='utf-8'> node index is 7
train linear regression time:  0.03880054224282503
(average_diff:0.061360779215328794, max_diff:0.1513389069996194, training_epochs:50, lr:0.05)
<_io.TextIOWrapper name='<stderr>' mode='w' encoding='utf-8'> node index is 5
train linear regression time:  0.03888491727411747
testFringe time:  1.5277483747340739
<_io.TextIOWrapper name='<stderr>' mode='w' encoding='utf-8'> =============== update finished ===============

*** Writing Game File 11***

<_io.TextIOWrapper name='../print_tree_record_numpy/print_DM_boost_linear_tree_split_1000.txt' mode='w' encoding='UTF-8'> idx1(Q:0.4090, distinct_name:0, dictinctin_value:2.569683891588169, par:None)
	idx4(Q:0.4094, distinct_name:0, dictinctin_value:2.507749956207568, par:1)
		idx6(Q:0.4087, distinct_name:0, dictinctin_value:-0.050698982385153205, par:4)
			idx8(Q:0.4693, distinct_name:0, dictinctin_value:-0.5002368440471089, par:6)
				idx10(Q:0.5210, distinct_name:3, dictinctin_value:0.7373220788164561, par:8)
					idx12(Q:0.5046, distinct_name:1, dictinctin_value:0.8498558206992594, par:10)
						idx18(Q:0.4478, distinct_name:2, dictinctin_value:0.8559921607301466, par:12)
							idx24(Q:0.4473, distinct_name:0, dictinctin_value:-0.5901212893723445, par:18)
								idx30(Q:0.4609, distinct_name:2, dictinctin_value:0.5095422779981766, par:24)
									idx38(Q:0.4774, distinct_name:2, dictinctin_value:0.24909091887867726, par:30)
										idx44(Q:0.5178, distinct_name:2, dictinctin_value:-0.06052347242753761, par:38)
											idx54(Q:0.5598, distinct_name:2, dictinctin_value:-0.16873413911779458, par:44)
												idx62(Q:0.5926, par:54)
												idx63(Q:0.2321, par:54)
											idx55(Q:0.2163, par:44)
										idx45(Q:0.1748, par:38)
									idx39(Q:0.3388, par:30)
								idx31(Q:0.2711, par:24)
							idx25(Q:0.4502, par:18)
						idx19(Q:0.7286, par:12)
					idx13(Q:0.5785, par:10)
				idx11(Q:0.3761, distinct_name:3, dictinctin_value:1.284568987543642, par:8)
					idx32(Q:0.3570, distinct_name:3, dictinctin_value:0.5763111575206541, par:11)
						idx40(Q:0.3357, distinct_name:2, dictinctin_value:1.4159847670297276, par:32)
							idx46(Q:0.3253, distinct_name:2, dictinctin_value:0.8764611652526798, par:40)
								idx56(Q:0.3350, distinct_name:2, dictinctin_value:0.6776552612944613, par:46)
									idx64(Q:0.3394, par:56)
									idx65(Q:0.2905, par:56)
								idx57(Q:0.2628, par:46)
							idx47(Q:0.4233, par:40)
						idx41(Q:0.4654, par:32)
					idx33(Q:0.5667, par:11)
			idx9(Q:0.3538, distinct_name:1, dictinctin_value:1.4532912275447858, par:6)
				idx14(Q:0.3430, distinct_name:0, dictinctin_value:0.6708677617788001, par:9)
					idx16(Q:0.3497, distinct_name:0, dictinctin_value:0.5219929201544601, par:14)
						idx20(Q:0.3569, distinct_name:0, dictinctin_value:0.38200451643824146, par:16)
							idx26(Q:0.3690, distinct_name:0, dictinctin_value:0.29175973898130836, par:20)
								idx34(Q:0.3919, distinct_name:3, dictinctin_value:1.2405945003824483, par:26)
									idx42(Q:0.3702, distinct_name:2, dictinctin_value:1.6139678071673451, par:34)
										idx48(Q:0.3613, distinct_name:1, dictinctin_value:1.0148453699076618, par:42)
											idx58(Q:0.3587, distinct_name:2, dictinctin_value:0.8422101128546527, par:48)
												idx66(Q:0.3646, par:58)
												idx67(Q:0.3046, par:58)
											idx59(Q:0.3900, par:48)
										idx49(Q:0.5059, par:42)
									idx43(Q:0.5083, par:34)
								idx35(Q:0.2689, par:26)
							idx27(Q:0.2986, par:20)
						idx21(Q:0.3236, par:16)
					idx17(Q:0.3353, distinct_name:3, dictinctin_value:0.8871619234739136, par:14)
						idx22(Q:0.3072, distinct_name:1, dictinctin_value:0.895274831679809, par:17)
							idx28(Q:0.2816, distinct_name:3, dictinctin_value:0.4147697243292515, par:22)
								idx36(Q:0.2645, distinct_name:3, dictinctin_value:-0.009439492879810042, par:28)
									idx50(Q:0.2650, distinct_name:0, dictinctin_value:2.3121117874404824, par:36)
										idx52(Q:0.2658, distinct_name:0, dictinctin_value:1.9483716250181808, par:50)
											idx60(Q:0.2679, distinct_name:3, dictinctin_value:-0.018025248765568658, par:52)
												idx68(Q:0.2787, par:60)
												idx69(Q:0.1853, par:60)
											idx61(Q:0.2054, par:52)
										idx53(Q:0.2158, par:50)
									idx51(Q:0.2628, par:36)
								idx37(Q:0.3918, par:28)
							idx29(Q:0.4640, par:22)
						idx23(Q:0.4496, par:17)
				idx15(Q:0.5394, par:9)
		idx7(Q:0.6670, par:4)
	idx5(Q:0.3751, par:1)
