WARNING:tensorflow:From /Users/keithwu/opt/anaconda3/envs/auction-gym/lib/python3.10/site-packages/tensorflow/python/compat/v2_compat.py:107: disable_resource_variables (from tensorflow.python.ops.variable_scope) is deprecated and will be removed in a future version.
Instructions for updating:
non-resource variables are not supported in the long term
<_io.TextIOWrapper name='<stderr>' mode='w' encoding='utf-8'> reading from ../UTree_model_numpy/DM/model_boost_linear_qsplit_noabs_save_1000/, starting at 9
<_io.TextIOWrapper name='<stderr>' mode='w' encoding='utf-8'> =============== update starts ===============
(average_diff:0.05497156306946447, max_diff:0.48580225906308105, training_epochs:50, lr:0.05)
<_io.TextIOWrapper name='<stderr>' mode='w' encoding='utf-8'> node index is 44
train linear regression time:  0.044249875005334616
<_io.TextIOWrapper name='<stderr>' mode='w' encoding='utf-8'> variance test passed, diff=0.02228457615315635, d = 1, back=0
<_io.TextIOWrapper name='<stderr>' mode='w' encoding='utf-8'> variance test passed, diff=0.06955723426661023, d = 2, back=0
<_io.TextIOWrapper name='<stderr>' mode='w' encoding='utf-8'> Will be split, p=0.06955723426661023, d=2, back=0
(average_diff:0.042061005123917104, max_diff:0.48039907370561563, training_epochs:50, lr:0.05)
<_io.TextIOWrapper name='<stderr>' mode='w' encoding='utf-8'> node index is 54
train linear regression time:  0.04077608371153474
(average_diff:0.06881801895909931, max_diff:0.1860871395234427, training_epochs:50, lr:0.05)
<_io.TextIOWrapper name='<stderr>' mode='w' encoding='utf-8'> node index is 55
train linear regression time:  0.046446667052805424
(average_diff:0.039520886183589836, max_diff:0.11134990323809696, training_epochs:50, lr:0.05)
<_io.TextIOWrapper name='<stderr>' mode='w' encoding='utf-8'> node index is 45
train linear regression time:  0.04118512524291873
(average_diff:0.06481770040573029, max_diff:0.14689992435878524, training_epochs:50, lr:0.05)
<_io.TextIOWrapper name='<stderr>' mode='w' encoding='utf-8'> node index is 39
train linear regression time:  0.04014016594737768
(average_diff:0.07869922301616246, max_diff:0.1664880410727579, training_epochs:50, lr:0.05)
<_io.TextIOWrapper name='<stderr>' mode='w' encoding='utf-8'> node index is 31
train linear regression time:  0.039714999962598085
(average_diff:0.06896269944097395, max_diff:0.15706063953405303, training_epochs:50, lr:0.05)
<_io.TextIOWrapper name='<stderr>' mode='w' encoding='utf-8'> node index is 25
train linear regression time:  0.03870795900002122
(average_diff:0.18588883063387332, max_diff:0.516246539116382, training_epochs:50, lr:0.05)
<_io.TextIOWrapper name='<stderr>' mode='w' encoding='utf-8'> node index is 19
train linear regression time:  0.03860316704958677
(average_diff:0.17204713252600043, max_diff:0.8366311244401516, training_epochs:50, lr:0.05)
<_io.TextIOWrapper name='<stderr>' mode='w' encoding='utf-8'> node index is 13
train linear regression time:  0.039232832845300436
(average_diff:0.14034025511503614, max_diff:0.5057682769663656, training_epochs:50, lr:0.05)
<_io.TextIOWrapper name='<stderr>' mode='w' encoding='utf-8'> node index is 46
train linear regression time:  0.04027920821681619
<_io.TextIOWrapper name='<stderr>' mode='w' encoding='utf-8'> variance test passed, diff=0.03154863955467732, d = 2, back=0
<_io.TextIOWrapper name='<stderr>' mode='w' encoding='utf-8'> Will be split, p=0.03154863955467732, d=2, back=0
(average_diff:0.1144156250188348, max_diff:0.6115944565552354, training_epochs:50, lr:0.05)
<_io.TextIOWrapper name='<stderr>' mode='w' encoding='utf-8'> node index is 56
train linear regression time:  0.04353133402764797
(average_diff:0.11171524534375729, max_diff:0.2360395369385282, training_epochs:50, lr:0.05)
<_io.TextIOWrapper name='<stderr>' mode='w' encoding='utf-8'> node index is 57
train linear regression time:  0.042361542116850615
(average_diff:0.07496767493769439, max_diff:0.16946991697552166, training_epochs:50, lr:0.05)
<_io.TextIOWrapper name='<stderr>' mode='w' encoding='utf-8'> node index is 47
train linear regression time:  0.03977037500590086
(average_diff:0.13896749739541758, max_diff:0.3625691400868469, training_epochs:50, lr:0.05)
<_io.TextIOWrapper name='<stderr>' mode='w' encoding='utf-8'> node index is 41
train linear regression time:  0.04070170782506466
(average_diff:0.09211492462659487, max_diff:0.2960160959748657, training_epochs:50, lr:0.05)
<_io.TextIOWrapper name='<stderr>' mode='w' encoding='utf-8'> node index is 33
train linear regression time:  0.04095683433115482
(average_diff:0.15380602528778775, max_diff:0.9381216101126405, training_epochs:50, lr:0.05)
<_io.TextIOWrapper name='<stderr>' mode='w' encoding='utf-8'> node index is 48
train linear regression time:  0.04222720814868808
<_io.TextIOWrapper name='<stderr>' mode='w' encoding='utf-8'> variance test passed, diff=0.022621273902193678, d = 0, back=0
<_io.TextIOWrapper name='<stderr>' mode='w' encoding='utf-8'> variance test passed, diff=0.04596802659393845, d = 1, back=0
<_io.TextIOWrapper name='<stderr>' mode='w' encoding='utf-8'> Will be split, p=0.04596802659393845, d=1, back=0
(average_diff:0.1518019709872038, max_diff:0.9492597504091589, training_epochs:50, lr:0.05)
<_io.TextIOWrapper name='<stderr>' mode='w' encoding='utf-8'> node index is 58
train linear regression time:  0.04219241579994559
(average_diff:0.07316702322085517, max_diff:0.21396448402247026, training_epochs:50, lr:0.05)
<_io.TextIOWrapper name='<stderr>' mode='w' encoding='utf-8'> node index is 59
train linear regression time:  0.03923762496560812
(average_diff:0.09848427240924112, max_diff:0.18442772132142687, training_epochs:50, lr:0.05)
<_io.TextIOWrapper name='<stderr>' mode='w' encoding='utf-8'> node index is 49
train linear regression time:  0.03902254207059741
(average_diff:0.14502687232252223, max_diff:0.41913158560062874, training_epochs:50, lr:0.05)
<_io.TextIOWrapper name='<stderr>' mode='w' encoding='utf-8'> node index is 43
train linear regression time:  0.03928220923990011
(average_diff:0.17856982908087, max_diff:0.5796035173099872, training_epochs:50, lr:0.05)
<_io.TextIOWrapper name='<stderr>' mode='w' encoding='utf-8'> node index is 35
train linear regression time:  0.039313292130827904
(average_diff:0.1535384929670269, max_diff:0.5584805976301899, training_epochs:50, lr:0.05)
<_io.TextIOWrapper name='<stderr>' mode='w' encoding='utf-8'> node index is 27
train linear regression time:  0.0388737921603024
(average_diff:0.1420613790102515, max_diff:0.5663540499159997, training_epochs:50, lr:0.05)
<_io.TextIOWrapper name='<stderr>' mode='w' encoding='utf-8'> node index is 21
train linear regression time:  0.0384825412184
(average_diff:0.14650649518782707, max_diff:0.8077467906596304, training_epochs:50, lr:0.05)
<_io.TextIOWrapper name='<stderr>' mode='w' encoding='utf-8'> node index is 52
train linear regression time:  0.04070070805028081
<_io.TextIOWrapper name='<stderr>' mode='w' encoding='utf-8'> variance test passed, diff=0.04966447866946431, d = 0, back=0
<_io.TextIOWrapper name='<stderr>' mode='w' encoding='utf-8'> Will be split, p=0.04966447866946431, d=0, back=0
(average_diff:0.1546732711054089, max_diff:0.816110677383644, training_epochs:50, lr:0.05)
<_io.TextIOWrapper name='<stderr>' mode='w' encoding='utf-8'> node index is 60
train linear regression time:  0.0417819581925869
(average_diff:0.04025185998989655, max_diff:0.05018383570666429, training_epochs:50, lr:0.05)
<_io.TextIOWrapper name='<stderr>' mode='w' encoding='utf-8'> node index is 61
train linear regression time:  0.03940766677260399
(average_diff:0.0, max_diff:0.0, training_epochs:50, lr:0.05)
<_io.TextIOWrapper name='<stderr>' mode='w' encoding='utf-8'> node index is 53
train linear regression time:  0.03929925011470914
(average_diff:0.10996430437682263, max_diff:0.34852002763337364, training_epochs:50, lr:0.05)
<_io.TextIOWrapper name='<stderr>' mode='w' encoding='utf-8'> node index is 51
train linear regression time:  0.03867650032043457
(average_diff:0.1930871618275906, max_diff:0.6527310551515266, training_epochs:50, lr:0.05)
<_io.TextIOWrapper name='<stderr>' mode='w' encoding='utf-8'> node index is 37
train linear regression time:  0.039165666326880455
(average_diff:0.17288136635956441, max_diff:0.5088424153119667, training_epochs:50, lr:0.05)
<_io.TextIOWrapper name='<stderr>' mode='w' encoding='utf-8'> node index is 29
train linear regression time:  0.03962345840409398
(average_diff:0.1937560155009666, max_diff:0.6760984765416271, training_epochs:50, lr:0.05)
<_io.TextIOWrapper name='<stderr>' mode='w' encoding='utf-8'> node index is 23
train linear regression time:  0.0400819587521255
(average_diff:0.14608528644946145, max_diff:0.3660519666585245, training_epochs:50, lr:0.05)
<_io.TextIOWrapper name='<stderr>' mode='w' encoding='utf-8'> node index is 15
train linear regression time:  0.03969054203480482
(average_diff:8.236115793536225e-08, max_diff:9.920493701520705e-08, training_epochs:50, lr:0.05)
<_io.TextIOWrapper name='<stderr>' mode='w' encoding='utf-8'> node index is 7
train linear regression time:  0.03968033427372575
(average_diff:0.00680404176891779, max_diff:0.016123934192683487, training_epochs:50, lr:0.05)
<_io.TextIOWrapper name='<stderr>' mode='w' encoding='utf-8'> node index is 5
train linear regression time:  0.039167582988739014
testFringe time:  1.3861194169148803
<_io.TextIOWrapper name='<stderr>' mode='w' encoding='utf-8'> =============== update finished ===============

*** Writing Game File 10***

<_io.TextIOWrapper name='../print_tree_record_numpy/print_DM_boost_linear_tree_split_1000.txt' mode='w' encoding='UTF-8'> idx1(Q:0.4069, distinct_name:0, dictinctin_value:2.569683891588169, par:None)
	idx4(Q:0.4071, distinct_name:0, dictinctin_value:2.507749956207568, par:1)
		idx6(Q:0.4063, distinct_name:0, dictinctin_value:-0.050698982385153205, par:4)
			idx8(Q:0.4705, distinct_name:0, dictinctin_value:-0.5002368440471089, par:6)
				idx10(Q:0.5219, distinct_name:3, dictinctin_value:0.7373220788164561, par:8)
					idx12(Q:0.5043, distinct_name:1, dictinctin_value:0.8498558206992594, par:10)
						idx18(Q:0.4443, distinct_name:2, dictinctin_value:0.8559921607301466, par:12)
							idx24(Q:0.4455, distinct_name:0, dictinctin_value:-0.5901212893723445, par:18)
								idx30(Q:0.4595, distinct_name:2, dictinctin_value:0.5095422779981766, par:24)
									idx38(Q:0.4729, distinct_name:2, dictinctin_value:0.24909091887867726, par:30)
										idx44(Q:0.5109, distinct_name:2, dictinctin_value:-0.06052347242753761, par:38)
											idx54(Q:0.5523, par:44)
											idx55(Q:0.2226, par:44)
										idx45(Q:0.1564, par:38)
									idx39(Q:0.3536, par:30)
								idx31(Q:0.2686, par:24)
							idx25(Q:0.4383, par:18)
						idx19(Q:0.7268, par:12)
					idx13(Q:0.5857, par:10)
				idx11(Q:0.3781, distinct_name:3, dictinctin_value:1.284568987543642, par:8)
					idx32(Q:0.3568, distinct_name:3, dictinctin_value:0.5763111575206541, par:11)
						idx40(Q:0.3448, distinct_name:2, dictinctin_value:1.4159847670297276, par:32)
							idx46(Q:0.3343, distinct_name:2, dictinctin_value:0.8764611652526798, par:40)
								idx56(Q:0.3433, par:46)
								idx57(Q:0.2780, par:46)
							idx47(Q:0.4316, par:40)
						idx41(Q:0.4221, par:32)
					idx33(Q:0.5828, par:11)
			idx9(Q:0.3483, distinct_name:1, dictinctin_value:1.4532912275447858, par:6)
				idx14(Q:0.3370, distinct_name:0, dictinctin_value:0.6708677617788001, par:9)
					idx16(Q:0.3400, distinct_name:0, dictinctin_value:0.5219929201544601, par:14)
						idx20(Q:0.3541, distinct_name:0, dictinctin_value:0.38200451643824146, par:16)
							idx26(Q:0.3680, distinct_name:0, dictinctin_value:0.29175973898130836, par:20)
								idx34(Q:0.3887, distinct_name:3, dictinctin_value:1.2405945003824483, par:26)
									idx42(Q:0.3659, distinct_name:2, dictinctin_value:1.6139678071673451, par:34)
										idx48(Q:0.3556, distinct_name:1, dictinctin_value:1.0148453699076618, par:42)
											idx58(Q:0.3574, par:48)
											idx59(Q:0.3354, par:48)
										idx49(Q:0.5059, par:42)
									idx43(Q:0.5221, par:34)
								idx35(Q:0.2795, par:26)
							idx27(Q:0.2886, par:20)
						idx21(Q:0.2895, par:16)
					idx17(Q:0.3337, distinct_name:3, dictinctin_value:0.8871619234739136, par:14)
						idx22(Q:0.3018, distinct_name:1, dictinctin_value:0.895274831679809, par:17)
							idx28(Q:0.2724, distinct_name:3, dictinctin_value:0.4147697243292515, par:22)
								idx36(Q:0.2513, distinct_name:3, dictinctin_value:-0.009439492879810042, par:28)
									idx50(Q:0.2518, distinct_name:0, dictinctin_value:2.3121117874404824, par:36)
										idx52(Q:0.2518, distinct_name:0, dictinctin_value:1.9483716250181808, par:50)
											idx60(Q:0.2537, par:52)
											idx61(Q:0.2054, par:52)
										idx53(Q:0.2505, par:50)
									idx51(Q:0.2495, par:36)
								idx37(Q:0.3918, par:28)
							idx29(Q:0.4640, par:22)
						idx23(Q:0.4647, par:17)
				idx15(Q:0.5353, par:9)
		idx7(Q:0.6670, par:4)
	idx5(Q:0.4129, par:1)
