WARNING:tensorflow:From /Users/keithwu/opt/anaconda3/envs/auction-gym/lib/python3.10/site-packages/tensorflow/python/compat/v2_compat.py:107: disable_resource_variables (from tensorflow.python.ops.variable_scope) is deprecated and will be removed in a future version.
Instructions for updating:
non-resource variables are not supported in the long term
<_io.TextIOWrapper name='<stderr>' mode='w' encoding='utf-8'> reading from ../UTree_model_numpy/DM/model_boost_linear_qsplit_noabs_save_1000/, starting at 19
<_io.TextIOWrapper name='<stderr>' mode='w' encoding='utf-8'> =============== update starts ===============
(average_diff:0.002674003767445171, max_diff:0.004315643532240787, training_epochs:50, lr:0.05)
<_io.TextIOWrapper name='<stderr>' mode='w' encoding='utf-8'> node index is 111
train linear regression time:  0.04096629098057747
(average_diff:0.006419774129528433, max_diff:0.010058459674798514, training_epochs:50, lr:0.05)
<_io.TextIOWrapper name='<stderr>' mode='w' encoding='utf-8'> node index is 101
train linear regression time:  0.03860879223793745
(average_diff:0.0015011709597237076, max_diff:0.0020519330783279055, training_epochs:50, lr:0.05)
<_io.TextIOWrapper name='<stderr>' mode='w' encoding='utf-8'> node index is 91
train linear regression time:  0.04068716708570719
(average_diff:0.022567630191863187, max_diff:0.137948118041232, training_epochs:50, lr:0.05)
<_io.TextIOWrapper name='<stderr>' mode='w' encoding='utf-8'> node index is 83
train linear regression time:  0.04124358342960477
(average_diff:0.034046144050593606, max_diff:0.09865155185042807, training_epochs:50, lr:0.05)
<_io.TextIOWrapper name='<stderr>' mode='w' encoding='utf-8'> node index is 77
train linear regression time:  0.039121625013649464
(average_diff:0.03693915447575863, max_diff:0.11517067252069377, training_epochs:50, lr:0.05)
<_io.TextIOWrapper name='<stderr>' mode='w' encoding='utf-8'> node index is 71
train linear regression time:  0.03954945784062147
(average_diff:0.043332193677166835, max_diff:0.16262866897280404, training_epochs:50, lr:0.05)
<_io.TextIOWrapper name='<stderr>' mode='w' encoding='utf-8'> node index is 63
train linear regression time:  0.03901195805519819
(average_diff:0.06337027534950915, max_diff:0.17310250645473801, training_epochs:50, lr:0.05)
<_io.TextIOWrapper name='<stderr>' mode='w' encoding='utf-8'> node index is 55
train linear regression time:  0.04112833319231868
(average_diff:0.07482256424366471, max_diff:0.22386351915223557, training_epochs:50, lr:0.05)
<_io.TextIOWrapper name='<stderr>' mode='w' encoding='utf-8'> node index is 45
train linear regression time:  0.039273417089134455
(average_diff:0.06016125561331028, max_diff:0.17213018130482743, training_epochs:50, lr:0.05)
<_io.TextIOWrapper name='<stderr>' mode='w' encoding='utf-8'> node index is 39
train linear regression time:  0.04001162527129054
(average_diff:0.09717908675462894, max_diff:0.21436052091166197, training_epochs:50, lr:0.05)
<_io.TextIOWrapper name='<stderr>' mode='w' encoding='utf-8'> node index is 31
train linear regression time:  0.04181929212063551
(average_diff:0.0726373423051112, max_diff:0.3707509128171163, training_epochs:50, lr:0.05)
<_io.TextIOWrapper name='<stderr>' mode='w' encoding='utf-8'> node index is 25
train linear regression time:  0.043617417104542255
(average_diff:0.1730637815014118, max_diff:0.5912480071266455, training_epochs:50, lr:0.05)
<_io.TextIOWrapper name='<stderr>' mode='w' encoding='utf-8'> node index is 19
train linear regression time:  0.04282104084268212
(average_diff:0.1760241793795157, max_diff:0.6985005322629337, training_epochs:50, lr:0.05)
<_io.TextIOWrapper name='<stderr>' mode='w' encoding='utf-8'> node index is 130
train linear regression time:  0.04180237511172891
<_io.TextIOWrapper name='<stderr>' mode='w' encoding='utf-8'> variance test passed, diff=0.016277332287383657, d = 1, back=0
<_io.TextIOWrapper name='<stderr>' mode='w' encoding='utf-8'> variance test passed, diff=0.02573569060907506, d = 2, back=0
<_io.TextIOWrapper name='<stderr>' mode='w' encoding='utf-8'> Will be split, p=0.02573569060907506, d=2, back=0
(average_diff:0.17247441505845149, max_diff:0.6104379122685547, training_epochs:50, lr:0.05)
<_io.TextIOWrapper name='<stderr>' mode='w' encoding='utf-8'> node index is 136
train linear regression time:  0.04069316620007157
(average_diff:0.059208471727987336, max_diff:0.12931398355488313, training_epochs:50, lr:0.05)
<_io.TextIOWrapper name='<stderr>' mode='w' encoding='utf-8'> node index is 137
train linear regression time:  0.03991070808842778
(average_diff:0.004121177275931975, max_diff:0.006698279926583672, training_epochs:50, lr:0.05)
<_io.TextIOWrapper name='<stderr>' mode='w' encoding='utf-8'> node index is 131
train linear regression time:  0.03898208308964968
(average_diff:0.022305052229927985, max_diff:0.030587896217036614, training_epochs:50, lr:0.05)
<_io.TextIOWrapper name='<stderr>' mode='w' encoding='utf-8'> node index is 123
train linear regression time:  0.04148412495851517
(average_diff:0.02515191261730331, max_diff:0.052006143636047275, training_epochs:50, lr:0.05)
<_io.TextIOWrapper name='<stderr>' mode='w' encoding='utf-8'> node index is 113
train linear regression time:  0.040100458078086376
(average_diff:0.027456246047841765, max_diff:0.0692063256406702, training_epochs:50, lr:0.05)
<_io.TextIOWrapper name='<stderr>' mode='w' encoding='utf-8'> node index is 103
train linear regression time:  0.042065166868269444
(average_diff:0.02493302822772847, max_diff:0.04180056403064869, training_epochs:50, lr:0.05)
<_io.TextIOWrapper name='<stderr>' mode='w' encoding='utf-8'> node index is 93
train linear regression time:  0.039852207992225885
(average_diff:0.04750754633604348, max_diff:0.3911355212822394, training_epochs:50, lr:0.05)
<_io.TextIOWrapper name='<stderr>' mode='w' encoding='utf-8'> node index is 132
train linear regression time:  0.040604416746646166
<_io.TextIOWrapper name='<stderr>' mode='w' encoding='utf-8'> variance test passed, diff=0.0772480430339648, d = 2, back=0
<_io.TextIOWrapper name='<stderr>' mode='w' encoding='utf-8'> Will be split, p=0.0772480430339648, d=2, back=0
(average_diff:0.04803515196436451, max_diff:0.40207441318117954, training_epochs:50, lr:0.05)
<_io.TextIOWrapper name='<stderr>' mode='w' encoding='utf-8'> node index is 138
train linear regression time:  0.04316141735762358
(average_diff:0.009488912769776585, max_diff:0.01587363586599988, training_epochs:50, lr:0.05)
<_io.TextIOWrapper name='<stderr>' mode='w' encoding='utf-8'> node index is 139
train linear regression time:  0.03932091733440757
(average_diff:0.00742332938272531, max_diff:0.011760376489145685, training_epochs:50, lr:0.05)
<_io.TextIOWrapper name='<stderr>' mode='w' encoding='utf-8'> node index is 133
train linear regression time:  0.03971749963238835
(average_diff:0.0225388202430062, max_diff:0.04597318340461201, training_epochs:50, lr:0.05)
<_io.TextIOWrapper name='<stderr>' mode='w' encoding='utf-8'> node index is 125
train linear regression time:  0.04035575035959482
(average_diff:0.054136183662712785, max_diff:0.10355879424579803, training_epochs:50, lr:0.05)
<_io.TextIOWrapper name='<stderr>' mode='w' encoding='utf-8'> node index is 115
train linear regression time:  0.03947820793837309
(average_diff:0.05774969179867463, max_diff:0.11562862685337218, training_epochs:50, lr:0.05)
<_io.TextIOWrapper name='<stderr>' mode='w' encoding='utf-8'> node index is 105
train linear regression time:  0.04065754171460867
(average_diff:0.0499244742150572, max_diff:0.1405251162389239, training_epochs:50, lr:0.05)
<_io.TextIOWrapper name='<stderr>' mode='w' encoding='utf-8'> node index is 95
train linear regression time:  0.04184029204770923
(average_diff:0.059420577305674696, max_diff:0.0992916008144124, training_epochs:50, lr:0.05)
<_io.TextIOWrapper name='<stderr>' mode='w' encoding='utf-8'> node index is 85
train linear regression time:  0.042345916852355
(average_diff:0.04953123272087092, max_diff:0.1264542637074128, training_epochs:50, lr:0.05)
<_io.TextIOWrapper name='<stderr>' mode='w' encoding='utf-8'> node index is 79
train linear regression time:  0.04277645796537399
(average_diff:0.11929468857355374, max_diff:0.3621705941137511, training_epochs:50, lr:0.05)
<_io.TextIOWrapper name='<stderr>' mode='w' encoding='utf-8'> node index is 73
train linear regression time:  0.043274957686662674
(average_diff:0.11384366015985727, max_diff:0.32460348503563674, training_epochs:50, lr:0.05)
<_io.TextIOWrapper name='<stderr>' mode='w' encoding='utf-8'> node index is 65
train linear regression time:  0.044137916062027216
(average_diff:0.09913009834086918, max_diff:0.31232740619514576, training_epochs:50, lr:0.05)
<_io.TextIOWrapper name='<stderr>' mode='w' encoding='utf-8'> node index is 57
train linear regression time:  0.04223808413371444
(average_diff:0.06698554977960826, max_diff:0.20299524751459624, training_epochs:50, lr:0.05)
<_io.TextIOWrapper name='<stderr>' mode='w' encoding='utf-8'> node index is 47
train linear regression time:  0.04894208302721381
(average_diff:0.20414852451710874, max_diff:0.6965782995641934, training_epochs:50, lr:0.05)
<_io.TextIOWrapper name='<stderr>' mode='w' encoding='utf-8'> node index is 41
train linear regression time:  0.04550970811396837
(average_diff:0.144749328651347, max_diff:0.6011700410933789, training_epochs:50, lr:0.05)
<_io.TextIOWrapper name='<stderr>' mode='w' encoding='utf-8'> node index is 33
train linear regression time:  0.044321584049612284
(average_diff:0.03406587718486475, max_diff:0.046305251098990974, training_epochs:50, lr:0.05)
<_io.TextIOWrapper name='<stderr>' mode='w' encoding='utf-8'> node index is 117
train linear regression time:  0.043901999946683645
(average_diff:0.02159429017717495, max_diff:0.04377854877238348, training_epochs:50, lr:0.05)
<_io.TextIOWrapper name='<stderr>' mode='w' encoding='utf-8'> node index is 107
train linear regression time:  0.04106866708025336
(average_diff:0.024222159932774222, max_diff:0.053620002360605726, training_epochs:50, lr:0.05)
<_io.TextIOWrapper name='<stderr>' mode='w' encoding='utf-8'> node index is 97
train linear regression time:  0.04182666726410389
(average_diff:0.04415132480079488, max_diff:0.08435229515398446, training_epochs:50, lr:0.05)
<_io.TextIOWrapper name='<stderr>' mode='w' encoding='utf-8'> node index is 87
train linear regression time:  0.04020162485539913
(average_diff:0.058641464768786275, max_diff:0.11068533848274248, training_epochs:50, lr:0.05)
<_io.TextIOWrapper name='<stderr>' mode='w' encoding='utf-8'> node index is 81
train linear regression time:  0.040454665664583445
(average_diff:0.06155586090141066, max_diff:0.11830202695701403, training_epochs:50, lr:0.05)
<_io.TextIOWrapper name='<stderr>' mode='w' encoding='utf-8'> node index is 75
train linear regression time:  0.0400877078063786
(average_diff:0.08910854041040626, max_diff:0.33148078555105565, training_epochs:50, lr:0.05)
<_io.TextIOWrapper name='<stderr>' mode='w' encoding='utf-8'> node index is 67
train linear regression time:  0.04001791728660464
(average_diff:0.1744838647456581, max_diff:0.44334872364415434, training_epochs:50, lr:0.05)
<_io.TextIOWrapper name='<stderr>' mode='w' encoding='utf-8'> node index is 59
train linear regression time:  0.03979766694828868
(average_diff:0.12363044200607602, max_diff:0.29358065616168477, training_epochs:50, lr:0.05)
<_io.TextIOWrapper name='<stderr>' mode='w' encoding='utf-8'> node index is 49
train linear regression time:  0.038972833659499884
(average_diff:0.17405538353751368, max_diff:0.5784318548238787, training_epochs:50, lr:0.05)
<_io.TextIOWrapper name='<stderr>' mode='w' encoding='utf-8'> node index is 43
train linear regression time:  0.04096562508493662
(average_diff:0.19221336911532255, max_diff:0.598540896574237, training_epochs:50, lr:0.05)
<_io.TextIOWrapper name='<stderr>' mode='w' encoding='utf-8'> node index is 35
train linear regression time:  0.041061250027269125
(average_diff:0.13765015424122395, max_diff:0.6101598488349514, training_epochs:50, lr:0.05)
<_io.TextIOWrapper name='<stderr>' mode='w' encoding='utf-8'> node index is 27
train linear regression time:  0.042341750115156174
(average_diff:0.15844603538508883, max_diff:0.60809560706296, training_epochs:50, lr:0.05)
<_io.TextIOWrapper name='<stderr>' mode='w' encoding='utf-8'> node index is 21
train linear regression time:  0.04176574992015958
(average_diff:0.08125567806299866, max_diff:0.334461640919155, training_epochs:50, lr:0.05)
<_io.TextIOWrapper name='<stderr>' mode='w' encoding='utf-8'> node index is 134
train linear regression time:  0.042352958116680384
<_io.TextIOWrapper name='<stderr>' mode='w' encoding='utf-8'> variance test passed, diff=0.01397512243341971, d = 0, back=0
<_io.TextIOWrapper name='<stderr>' mode='w' encoding='utf-8'> variance test passed, diff=0.07612106566967848, d = 2, back=0
<_io.TextIOWrapper name='<stderr>' mode='w' encoding='utf-8'> Will be split, p=0.07612106566967848, d=2, back=0
(average_diff:0.03548055729737939, max_diff:0.07632165427982425, training_epochs:50, lr:0.05)
<_io.TextIOWrapper name='<stderr>' mode='w' encoding='utf-8'> node index is 135
train linear regression time:  0.039985917042940855
(average_diff:0.03149603821771485, max_diff:0.0406196006329943, training_epochs:50, lr:0.05)
<_io.TextIOWrapper name='<stderr>' mode='w' encoding='utf-8'> node index is 129
train linear regression time:  0.0400387910194695
(average_diff:0.014810992726468322, max_diff:0.03118759577671787, training_epochs:50, lr:0.05)
<_io.TextIOWrapper name='<stderr>' mode='w' encoding='utf-8'> node index is 119
train linear regression time:  0.039708416908979416
(average_diff:0.05345587687709656, max_diff:0.10822101756703716, training_epochs:50, lr:0.05)
<_io.TextIOWrapper name='<stderr>' mode='w' encoding='utf-8'> node index is 109
train linear regression time:  0.03985737496986985
(average_diff:0.04197481403735447, max_diff:0.16295731432971622, training_epochs:50, lr:0.05)
<_io.TextIOWrapper name='<stderr>' mode='w' encoding='utf-8'> node index is 99
train linear regression time:  0.03950179181993008
(average_diff:0.08358330761411704, max_diff:0.26642440989863414, training_epochs:50, lr:0.05)
<_io.TextIOWrapper name='<stderr>' mode='w' encoding='utf-8'> node index is 89
train linear regression time:  0.04027483332902193
(average_diff:0.0004406414635259876, max_diff:0.005274139864827665, training_epochs:50, lr:0.05)
<_io.TextIOWrapper name='<stderr>' mode='w' encoding='utf-8'> node index is 69
train linear regression time:  0.04346941597759724
(average_diff:0.03769924648602248, max_diff:0.0714159545357943, training_epochs:50, lr:0.05)
<_io.TextIOWrapper name='<stderr>' mode='w' encoding='utf-8'> node index is 61
train linear regression time:  0.0391459995880723
(average_diff:0.01147500989675788, max_diff:0.017056648396900326, training_epochs:50, lr:0.05)
<_io.TextIOWrapper name='<stderr>' mode='w' encoding='utf-8'> node index is 53
train linear regression time:  0.03983916714787483
(average_diff:0.10836852118167004, max_diff:0.3655197045191717, training_epochs:50, lr:0.05)
<_io.TextIOWrapper name='<stderr>' mode='w' encoding='utf-8'> node index is 51
train linear regression time:  0.041316624730825424
(average_diff:0.18108840029468937, max_diff:0.6257671275403903, training_epochs:50, lr:0.05)
<_io.TextIOWrapper name='<stderr>' mode='w' encoding='utf-8'> node index is 37
train linear regression time:  0.04173195827752352
(average_diff:0.17335095146270008, max_diff:0.6169817915905786, training_epochs:50, lr:0.05)
<_io.TextIOWrapper name='<stderr>' mode='w' encoding='utf-8'> node index is 29
train linear regression time:  0.04194045811891556
(average_diff:0.1911293098925241, max_diff:0.8259373886884318, training_epochs:50, lr:0.05)
<_io.TextIOWrapper name='<stderr>' mode='w' encoding='utf-8'> node index is 23
train linear regression time:  0.040254791267216206
(average_diff:0.1706466669236042, max_diff:0.6664713312689864, training_epochs:50, lr:0.05)
<_io.TextIOWrapper name='<stderr>' mode='w' encoding='utf-8'> node index is 15
train linear regression time:  0.039534832816571
(average_diff:4.996003610813204e-16, max_diff:5.551115123125783e-16, training_epochs:50, lr:0.05)
<_io.TextIOWrapper name='<stderr>' mode='w' encoding='utf-8'> node index is 7
train linear regression time:  0.03988983388990164
(average_diff:0.09476833532709138, max_diff:0.26323760367540755, training_epochs:50, lr:0.05)
<_io.TextIOWrapper name='<stderr>' mode='w' encoding='utf-8'> node index is 5
train linear regression time:  0.03947687475010753
testFringe time:  2.7751784999854863
<_io.TextIOWrapper name='<stderr>' mode='w' encoding='utf-8'> =============== update finished ===============

*** Writing Game File 20***

<_io.TextIOWrapper name='../print_tree_record_numpy/print_DM_boost_linear_tree_split_1000.txt' mode='w' encoding='UTF-8'> idx1(Q:0.4070, distinct_name:0, dictinctin_value:2.569683891588169, par:None)
	idx4(Q:0.4077, distinct_name:0, dictinctin_value:2.507749956207568, par:1)
		idx6(Q:0.4073, distinct_name:0, dictinctin_value:-0.050698982385153205, par:4)
			idx8(Q:0.4672, distinct_name:0, dictinctin_value:-0.5002368440471089, par:6)
				idx10(Q:0.5215, distinct_name:3, dictinctin_value:0.7373220788164561, par:8)
					idx12(Q:0.4989, distinct_name:1, dictinctin_value:0.8498558206992594, par:10)
						idx18(Q:0.4410, distinct_name:2, dictinctin_value:0.8559921607301466, par:12)
							idx24(Q:0.4398, distinct_name:0, dictinctin_value:-0.5901212893723445, par:18)
								idx30(Q:0.4446, distinct_name:2, dictinctin_value:0.5095422779981766, par:24)
									idx38(Q:0.4606, distinct_name:2, dictinctin_value:0.24909091887867726, par:30)
										idx44(Q:0.4917, distinct_name:2, dictinctin_value:-0.06052347242753761, par:38)
											idx54(Q:0.5332, distinct_name:2, dictinctin_value:-0.16873413911779458, par:44)
												idx62(Q:0.5624, distinct_name:2, dictinctin_value:-0.3117760123070312, par:54)
													idx70(Q:0.6008, distinct_name:2, dictinctin_value:-0.36929151673896154, par:62)
														idx76(Q:0.6280, distinct_name:2, dictinctin_value:-0.4513587540231024, par:70)
															idx82(Q:0.6686, distinct_name:2, dictinctin_value:-0.49926091712096626, par:76)
																idx90(Q:0.6827, distinct_name:2, dictinctin_value:-0.5261921216626007, par:82)
																	idx100(Q:0.6938, distinct_name:2, dictinctin_value:-0.5682634996789567, par:90)
																		idx110(Q:0.7130, distinct_name:2, dictinctin_value:-0.576514535000767, par:100)
																			idx120(Q:0.7249, par:110)
																			idx121(Q:0.4001, par:110)
																		idx111(Q:0.3440, par:100)
																	idx101(Q:0.3647, par:90)
																idx91(Q:0.3323, par:82)
															idx83(Q:0.2682, par:76)
														idx77(Q:0.2885, par:70)
													idx71(Q:0.2746, par:62)
												idx63(Q:0.2225, par:54)
											idx55(Q:0.2207, par:44)
										idx45(Q:0.2187, par:38)
									idx39(Q:0.3379, par:30)
								idx31(Q:0.3947, par:24)
							idx25(Q:0.4467, par:18)
						idx19(Q:0.7437, par:12)
					idx13(Q:0.5962, distinct_name:2, dictinctin_value:1.929601246827043, par:10)
						idx92(Q:0.5847, distinct_name:1, dictinctin_value:1.2557733390904973, par:13)
							idx102(Q:0.5527, distinct_name:2, dictinctin_value:1.4527612583425853, par:92)
								idx112(Q:0.5313, distinct_name:2, dictinctin_value:1.3531114404933846, par:102)
									idx122(Q:0.5248, distinct_name:2, dictinctin_value:1.0639310625609943, par:112)
										idx130(Q:0.5090, distinct_name:2, dictinctin_value:0.8759607452183222, par:122)
											idx136(Q:0.5029, par:130)
											idx137(Q:0.5859, par:130)
										idx131(Q:0.9519, par:122)
									idx123(Q:0.7132, par:112)
								idx113(Q:0.9065, par:102)
							idx103(Q:0.9132, par:92)
						idx93(Q:1.1123, par:13)
				idx11(Q:0.3736, distinct_name:3, dictinctin_value:1.284568987543642, par:8)
					idx32(Q:0.3536, distinct_name:3, dictinctin_value:0.5763111575206541, par:11)
						idx40(Q:0.3302, distinct_name:2, dictinctin_value:1.4159847670297276, par:32)
							idx46(Q:0.3216, distinct_name:2, dictinctin_value:0.8764611652526798, par:40)
								idx56(Q:0.3322, distinct_name:2, dictinctin_value:0.6776552612944613, par:46)
									idx64(Q:0.3369, distinct_name:0, dictinctin_value:-0.10007893227380851, par:56)
										idx72(Q:0.3358, distinct_name:2, dictinctin_value:0.481251420222257, par:64)
											idx78(Q:0.3437, distinct_name:2, dictinctin_value:0.43236682950932387, par:72)
												idx84(Q:0.3535, distinct_name:2, dictinctin_value:0.2322739018313544, par:78)
													idx94(Q:0.3729, distinct_name:2, dictinctin_value:0.1692901075380102, par:84)
														idx104(Q:0.3846, distinct_name:2, dictinctin_value:0.044622068949871425, par:94)
															idx114(Q:0.4017, distinct_name:2, dictinctin_value:-0.04421252452423217, par:104)
																idx124(Q:0.4274, distinct_name:2, dictinctin_value:-0.12551407150931976, par:114)
																	idx132(Q:0.4471, distinct_name:2, dictinctin_value:-0.16179863391045127, par:124)
																		idx138(Q:0.4592, par:132)
																		idx139(Q:0.1455, par:132)
																	idx133(Q:0.1353, par:124)
																idx125(Q:0.1158, par:114)
															idx115(Q:0.1551, par:104)
														idx105(Q:0.1560, par:94)
													idx95(Q:0.1489, par:84)
												idx85(Q:0.1601, par:78)
											idx79(Q:0.2111, par:72)
										idx73(Q:0.3524, par:64)
									idx65(Q:0.2661, par:56)
								idx57(Q:0.2486, par:46)
							idx47(Q:0.4011, par:40)
						idx41(Q:0.4412, par:32)
					idx33(Q:0.5838, par:11)
			idx9(Q:0.3548, distinct_name:1, dictinctin_value:1.4532912275447858, par:6)
				idx14(Q:0.3341, distinct_name:0, dictinctin_value:0.6708677617788001, par:9)
					idx16(Q:0.3476, distinct_name:0, dictinctin_value:0.5219929201544601, par:14)
						idx20(Q:0.3558, distinct_name:0, dictinctin_value:0.38200451643824146, par:16)
							idx26(Q:0.3701, distinct_name:0, dictinctin_value:0.29175973898130836, par:20)
								idx34(Q:0.3849, distinct_name:3, dictinctin_value:1.2405945003824483, par:26)
									idx42(Q:0.3548, distinct_name:2, dictinctin_value:1.6139678071673451, par:34)
										idx48(Q:0.3469, distinct_name:1, dictinctin_value:1.0148453699076618, par:42)
											idx58(Q:0.3384, distinct_name:2, dictinctin_value:0.8422101128546527, par:48)
												idx66(Q:0.3526, distinct_name:2, dictinctin_value:0.5718071591898053, par:58)
													idx74(Q:0.3609, distinct_name:2, dictinctin_value:0.3335199702259944, par:66)
														idx80(Q:0.3837, distinct_name:2, dictinctin_value:0.2585267021680285, par:74)
															idx86(Q:0.3957, distinct_name:2, dictinctin_value:0.13295569297273957, par:80)
																idx96(Q:0.4151, distinct_name:2, dictinctin_value:0.0933394603867821, par:86)
																	idx106(Q:0.4251, distinct_name:2, dictinctin_value:0.047951172568074005, par:96)
																		idx116(Q:0.4387, distinct_name:2, dictinctin_value:-0.0025517231675584334, par:106)
																			idx126(Q:0.4499, par:116)
																			idx127(Q:0.1264, par:116)
																		idx117(Q:0.1611, par:106)
																	idx107(Q:0.1127, par:96)
																idx97(Q:0.1241, par:86)
															idx87(Q:0.1800, par:80)
														idx81(Q:0.1571, par:74)
													idx75(Q:0.2057, par:66)
												idx67(Q:0.2472, par:58)
											idx59(Q:0.4214, par:48)
										idx49(Q:0.4765, par:42)
									idx43(Q:0.5460, par:34)
								idx35(Q:0.3096, par:26)
							idx27(Q:0.3007, par:20)
						idx21(Q:0.3077, par:16)
					idx17(Q:0.3195, distinct_name:3, dictinctin_value:0.8871619234739136, par:14)
						idx22(Q:0.2894, distinct_name:1, dictinctin_value:0.895274831679809, par:17)
							idx28(Q:0.2713, distinct_name:3, dictinctin_value:0.4147697243292515, par:22)
								idx36(Q:0.2599, distinct_name:3, dictinctin_value:-0.009439492879810042, par:28)
									idx50(Q:0.2566, distinct_name:0, dictinctin_value:2.3121117874404824, par:36)
										idx52(Q:0.2572, distinct_name:0, dictinctin_value:1.9483716250181808, par:50)
											idx60(Q:0.2616, distinct_name:3, dictinctin_value:-0.018025248765568658, par:52)
												idx68(Q:0.2711, distinct_name:2, dictinctin_value:0.8033765660185509, par:60)
													idx88(Q:0.2721, distinct_name:2, dictinctin_value:0.6003623148969123, par:68)
														idx98(Q:0.2804, distinct_name:2, dictinctin_value:0.5329635912790776, par:88)
															idx108(Q:0.2882, distinct_name:2, dictinctin_value:0.3621996786015208, par:98)
																idx118(Q:0.2978, distinct_name:3, dictinctin_value:-0.05260374571449391, par:108)
																	idx128(Q:0.3020, distinct_name:2, dictinctin_value:0.22149263805201816, par:118)
																		idx134(Q:0.3126, distinct_name:2, dictinctin_value:0.13324256965432388, par:128)
																			idx140(Q:0.3253, par:134)
																			idx141(Q:0.1317, par:134)
																		idx135(Q:0.1396, par:128)
																	idx129(Q:0.1770, par:118)
																idx119(Q:0.1630, par:108)
															idx109(Q:0.1700, par:98)
														idx99(Q:0.1775, par:88)
													idx89(Q:0.2671, par:68)
												idx69(Q:0.1863, par:60)
											idx61(Q:0.1806, par:52)
										idx53(Q:0.2130, par:50)
									idx51(Q:0.2717, par:36)
								idx37(Q:0.3310, par:28)
							idx29(Q:0.4118, par:22)
						idx23(Q:0.4538, par:17)
				idx15(Q:0.6134, par:9)
		idx7(Q:0.6670, par:4)
	idx5(Q:0.3056, par:1)
