WARNING:tensorflow:From /Users/keithwu/opt/anaconda3/envs/auction-gym/lib/python3.10/site-packages/tensorflow/python/compat/v2_compat.py:107: disable_resource_variables (from tensorflow.python.ops.variable_scope) is deprecated and will be removed in a future version.
Instructions for updating:
non-resource variables are not supported in the long term
<_io.TextIOWrapper name='<stderr>' mode='w' encoding='utf-8'> reading from ../UTree_model_numpy/DM/model_boost_linear_qsplit_noabs_save_1000/, starting at 14
<_io.TextIOWrapper name='<stderr>' mode='w' encoding='utf-8'> =============== update starts ===============
(average_diff:0.03417421621248378, max_diff:0.5082240501660205, training_epochs:50, lr:0.05)
<_io.TextIOWrapper name='<stderr>' mode='w' encoding='utf-8'> node index is 82
train linear regression time:  0.04642070783302188
<_io.TextIOWrapper name='<stderr>' mode='w' encoding='utf-8'> variance test passed, diff=0.02450666994236677, d = 1, back=0
<_io.TextIOWrapper name='<stderr>' mode='w' encoding='utf-8'> variance test passed, diff=0.06569417552571682, d = 2, back=0
<_io.TextIOWrapper name='<stderr>' mode='w' encoding='utf-8'> Will be split, p=0.06569417552571682, d=2, back=0
(average_diff:0.03527357388619816, max_diff:0.5046119744801717, training_epochs:50, lr:0.05)
<_io.TextIOWrapper name='<stderr>' mode='w' encoding='utf-8'> node index is 90
train linear regression time:  0.04508349997922778
(average_diff:0.0077163258396682755, max_diff:0.018043504271581468, training_epochs:50, lr:0.05)
<_io.TextIOWrapper name='<stderr>' mode='w' encoding='utf-8'> node index is 91
train linear regression time:  0.04588129185140133
(average_diff:0.003691057716860834, max_diff:0.006736842751973782, training_epochs:50, lr:0.05)
<_io.TextIOWrapper name='<stderr>' mode='w' encoding='utf-8'> node index is 83
train linear regression time:  0.043638582807034254
(average_diff:0.03347103354047182, max_diff:0.09279353315915284, training_epochs:50, lr:0.05)
<_io.TextIOWrapper name='<stderr>' mode='w' encoding='utf-8'> node index is 77
train linear regression time:  0.042119250167161226
(average_diff:0.027287128428868757, max_diff:0.08079588742130195, training_epochs:50, lr:0.05)
<_io.TextIOWrapper name='<stderr>' mode='w' encoding='utf-8'> node index is 71
train linear regression time:  0.04473900003358722
(average_diff:0.0462689684060811, max_diff:0.13355850594518315, training_epochs:50, lr:0.05)
<_io.TextIOWrapper name='<stderr>' mode='w' encoding='utf-8'> node index is 63
train linear regression time:  0.04804837517440319
(average_diff:0.06569827233311486, max_diff:0.16695805828641308, training_epochs:50, lr:0.05)
<_io.TextIOWrapper name='<stderr>' mode='w' encoding='utf-8'> node index is 55
train linear regression time:  0.04857750004157424
(average_diff:0.06829599941876108, max_diff:0.20900342284495346, training_epochs:50, lr:0.05)
<_io.TextIOWrapper name='<stderr>' mode='w' encoding='utf-8'> node index is 45
train linear regression time:  0.0501183751039207
(average_diff:0.05719514528509096, max_diff:0.14750863510948298, training_epochs:50, lr:0.05)
<_io.TextIOWrapper name='<stderr>' mode='w' encoding='utf-8'> node index is 39
train linear regression time:  0.04338074987754226
(average_diff:0.09842656583570249, max_diff:0.18766775848418016, training_epochs:50, lr:0.05)
<_io.TextIOWrapper name='<stderr>' mode='w' encoding='utf-8'> node index is 31
train linear regression time:  0.044286124873906374
(average_diff:0.07422525018861147, max_diff:0.31079484380401523, training_epochs:50, lr:0.05)
<_io.TextIOWrapper name='<stderr>' mode='w' encoding='utf-8'> node index is 25
train linear regression time:  0.04316925024613738
(average_diff:0.18133636053563243, max_diff:0.5309465779141465, training_epochs:50, lr:0.05)
<_io.TextIOWrapper name='<stderr>' mode='w' encoding='utf-8'> node index is 19
train linear regression time:  0.04257991723716259
(average_diff:0.17821878085090995, max_diff:0.8788706452271132, training_epochs:50, lr:0.05)
<_io.TextIOWrapper name='<stderr>' mode='w' encoding='utf-8'> node index is 13
train linear regression time:  0.043435292318463326
<_io.TextIOWrapper name='<stderr>' mode='w' encoding='utf-8'> variance test passed, diff=0.022544710691751027, d = 0, back=0
<_io.TextIOWrapper name='<stderr>' mode='w' encoding='utf-8'> variance test passed, diff=0.09110466712640974, d = 1, back=0
<_io.TextIOWrapper name='<stderr>' mode='w' encoding='utf-8'> variance test passed, diff=0.0934755070453863, d = 2, back=0
<_io.TextIOWrapper name='<stderr>' mode='w' encoding='utf-8'> Will be split, p=0.0934755070453863, d=2, back=0
(average_diff:0.1827331708732874, max_diff:0.8079140298990232, training_epochs:50, lr:0.05)
<_io.TextIOWrapper name='<stderr>' mode='w' encoding='utf-8'> node index is 92
train linear regression time:  0.04387083277106285
(average_diff:0.06637961325581337, max_diff:0.07646472061272214, training_epochs:50, lr:0.05)
<_io.TextIOWrapper name='<stderr>' mode='w' encoding='utf-8'> node index is 93
train linear regression time:  0.04298462485894561
(average_diff:0.07622721067469287, max_diff:0.40487143043713997, training_epochs:50, lr:0.05)
<_io.TextIOWrapper name='<stderr>' mode='w' encoding='utf-8'> node index is 84
train linear regression time:  0.04324612487107515
<_io.TextIOWrapper name='<stderr>' mode='w' encoding='utf-8'> variance test passed, diff=0.05957361104847879, d = 2, back=0
<_io.TextIOWrapper name='<stderr>' mode='w' encoding='utf-8'> Will be split, p=0.05957361104847879, d=2, back=0
(average_diff:0.06372554929179049, max_diff:0.363418675010849, training_epochs:50, lr:0.05)
<_io.TextIOWrapper name='<stderr>' mode='w' encoding='utf-8'> node index is 94
train linear regression time:  0.044837874826043844
(average_diff:0.047054511196293114, max_diff:0.13700771208833218, training_epochs:50, lr:0.05)
<_io.TextIOWrapper name='<stderr>' mode='w' encoding='utf-8'> node index is 95
train linear regression time:  0.04165116557851434
(average_diff:0.04984394257022922, max_diff:0.07917402315218786, training_epochs:50, lr:0.05)
<_io.TextIOWrapper name='<stderr>' mode='w' encoding='utf-8'> node index is 85
train linear regression time:  0.04408358410000801
(average_diff:0.0557179896308902, max_diff:0.11948188903200058, training_epochs:50, lr:0.05)
<_io.TextIOWrapper name='<stderr>' mode='w' encoding='utf-8'> node index is 79
train linear regression time:  0.0429491251707077
(average_diff:0.05222007841010619, max_diff:0.1421385806118469, training_epochs:50, lr:0.05)
<_io.TextIOWrapper name='<stderr>' mode='w' encoding='utf-8'> node index is 73
train linear regression time:  0.04198458278551698
(average_diff:0.12260067578849874, max_diff:0.3076518433576894, training_epochs:50, lr:0.05)
<_io.TextIOWrapper name='<stderr>' mode='w' encoding='utf-8'> node index is 65
train linear regression time:  0.0431342083029449
(average_diff:0.1053012586310071, max_diff:0.29518565841401945, training_epochs:50, lr:0.05)
<_io.TextIOWrapper name='<stderr>' mode='w' encoding='utf-8'> node index is 57
train linear regression time:  0.04873287491500378
(average_diff:0.07530555616010304, max_diff:0.2234956062022202, training_epochs:50, lr:0.05)
<_io.TextIOWrapper name='<stderr>' mode='w' encoding='utf-8'> node index is 47
train linear regression time:  0.04515929101034999
(average_diff:0.15787713160173472, max_diff:0.41520607327215, training_epochs:50, lr:0.05)
<_io.TextIOWrapper name='<stderr>' mode='w' encoding='utf-8'> node index is 41
train linear regression time:  0.04548812471330166
(average_diff:0.16591838613752205, max_diff:0.6212698500254906, training_epochs:50, lr:0.05)
<_io.TextIOWrapper name='<stderr>' mode='w' encoding='utf-8'> node index is 33
train linear regression time:  0.04470262490212917
(average_diff:0.06756581763738542, max_diff:0.25706005257952946, training_epochs:50, lr:0.05)
<_io.TextIOWrapper name='<stderr>' mode='w' encoding='utf-8'> node index is 86
train linear regression time:  0.044992875307798386
<_io.TextIOWrapper name='<stderr>' mode='w' encoding='utf-8'> variance test passed, diff=0.03958116120246653, d = 0, back=0
<_io.TextIOWrapper name='<stderr>' mode='w' encoding='utf-8'> variance test passed, diff=0.06991795059097763, d = 1, back=0
<_io.TextIOWrapper name='<stderr>' mode='w' encoding='utf-8'> variance test passed, diff=0.1009999120929123, d = 2, back=0
<_io.TextIOWrapper name='<stderr>' mode='w' encoding='utf-8'> Will be split, p=0.1009999120929123, d=2, back=0
(average_diff:0.06390465227223066, max_diff:0.2529765436200241, training_epochs:50, lr:0.05)
<_io.TextIOWrapper name='<stderr>' mode='w' encoding='utf-8'> node index is 96
train linear regression time:  0.04398258309811354
(average_diff:0.03142387560625393, max_diff:0.06718694766285288, training_epochs:50, lr:0.05)
<_io.TextIOWrapper name='<stderr>' mode='w' encoding='utf-8'> node index is 97
train linear regression time:  0.04417020780965686
(average_diff:0.050520594889673, max_diff:0.08649621781198835, training_epochs:50, lr:0.05)
<_io.TextIOWrapper name='<stderr>' mode='w' encoding='utf-8'> node index is 87
train linear regression time:  0.042455459013581276
(average_diff:0.047043880256463486, max_diff:0.12225459363227412, training_epochs:50, lr:0.05)
<_io.TextIOWrapper name='<stderr>' mode='w' encoding='utf-8'> node index is 81
train linear regression time:  0.04346137493848801
(average_diff:0.04800160186801377, max_diff:0.13222565132325015, training_epochs:50, lr:0.05)
<_io.TextIOWrapper name='<stderr>' mode='w' encoding='utf-8'> node index is 75
train linear regression time:  0.04277541721239686
(average_diff:0.10257292740199274, max_diff:0.32897424533010144, training_epochs:50, lr:0.05)
<_io.TextIOWrapper name='<stderr>' mode='w' encoding='utf-8'> node index is 67
train linear regression time:  0.04484504088759422
(average_diff:0.12313346652479913, max_diff:0.3285709549768966, training_epochs:50, lr:0.05)
<_io.TextIOWrapper name='<stderr>' mode='w' encoding='utf-8'> node index is 59
train linear regression time:  0.04298625001683831
(average_diff:0.11274066970746213, max_diff:0.25550455888259105, training_epochs:50, lr:0.05)
<_io.TextIOWrapper name='<stderr>' mode='w' encoding='utf-8'> node index is 49
train linear regression time:  0.0413778331130743
(average_diff:0.14507593393775664, max_diff:0.4211961189818236, training_epochs:50, lr:0.05)
<_io.TextIOWrapper name='<stderr>' mode='w' encoding='utf-8'> node index is 43
train linear regression time:  0.04090062482282519
(average_diff:0.1858821053626019, max_diff:0.42476829797404614, training_epochs:50, lr:0.05)
<_io.TextIOWrapper name='<stderr>' mode='w' encoding='utf-8'> node index is 35
train linear regression time:  0.04211487481370568
(average_diff:0.14314582081669222, max_diff:0.6321482059586447, training_epochs:50, lr:0.05)
<_io.TextIOWrapper name='<stderr>' mode='w' encoding='utf-8'> node index is 27
train linear regression time:  0.04189041629433632
(average_diff:0.1617282671493203, max_diff:0.6283999757433708, training_epochs:50, lr:0.05)
<_io.TextIOWrapper name='<stderr>' mode='w' encoding='utf-8'> node index is 21
train linear regression time:  0.0423295833170414
(average_diff:0.11813848325937829, max_diff:0.35528864105309566, training_epochs:50, lr:0.05)
<_io.TextIOWrapper name='<stderr>' mode='w' encoding='utf-8'> node index is 88
train linear regression time:  0.043405209202319384
<_io.TextIOWrapper name='<stderr>' mode='w' encoding='utf-8'> variance test passed, diff=0.016729830239186914, d = 0, back=0
<_io.TextIOWrapper name='<stderr>' mode='w' encoding='utf-8'> variance test passed, diff=0.057620070173452616, d = 2, back=0
<_io.TextIOWrapper name='<stderr>' mode='w' encoding='utf-8'> Will be split, p=0.057620070173452616, d=2, back=0
(average_diff:0.10953147994551644, max_diff:0.3527198188948547, training_epochs:50, lr:0.05)
<_io.TextIOWrapper name='<stderr>' mode='w' encoding='utf-8'> node index is 98
train linear regression time:  0.042741124983876944
(average_diff:0.04653942269885199, max_diff:0.16430984898651163, training_epochs:50, lr:0.05)
<_io.TextIOWrapper name='<stderr>' mode='w' encoding='utf-8'> node index is 99
train linear regression time:  0.0431470419280231
(average_diff:0.09737374789164774, max_diff:0.2734453612538932, training_epochs:50, lr:0.05)
<_io.TextIOWrapper name='<stderr>' mode='w' encoding='utf-8'> node index is 89
train linear regression time:  0.04213945800438523
(average_diff:0.0023553076188297774, max_diff:0.02083311789089018, training_epochs:50, lr:0.05)
<_io.TextIOWrapper name='<stderr>' mode='w' encoding='utf-8'> node index is 69
train linear regression time:  0.04244966711848974
(average_diff:0.04327258219635863, max_diff:0.06730954305972499, training_epochs:50, lr:0.05)
<_io.TextIOWrapper name='<stderr>' mode='w' encoding='utf-8'> node index is 61
train linear regression time:  0.04308633413165808
(average_diff:0.00011750183021934368, max_diff:0.00012548546187232668, training_epochs:50, lr:0.05)
<_io.TextIOWrapper name='<stderr>' mode='w' encoding='utf-8'> node index is 53
train linear regression time:  0.04342045821249485
(average_diff:0.12230500725263789, max_diff:0.35656182163522493, training_epochs:50, lr:0.05)
<_io.TextIOWrapper name='<stderr>' mode='w' encoding='utf-8'> node index is 51
train linear regression time:  0.04189450014382601
(average_diff:0.19180784477143836, max_diff:0.6383597012329292, training_epochs:50, lr:0.05)
<_io.TextIOWrapper name='<stderr>' mode='w' encoding='utf-8'> node index is 37
train linear regression time:  0.04170612525194883
(average_diff:0.17950627722722545, max_diff:0.5987880442767701, training_epochs:50, lr:0.05)
<_io.TextIOWrapper name='<stderr>' mode='w' encoding='utf-8'> node index is 29
train linear regression time:  0.04060429101809859
(average_diff:0.19781172182359713, max_diff:0.7693973317531199, training_epochs:50, lr:0.05)
<_io.TextIOWrapper name='<stderr>' mode='w' encoding='utf-8'> node index is 23
train linear regression time:  0.03955125017091632
(average_diff:0.17367244130308668, max_diff:0.5980254606262403, training_epochs:50, lr:0.05)
<_io.TextIOWrapper name='<stderr>' mode='w' encoding='utf-8'> node index is 15
train linear regression time:  0.03932316694408655
(average_diff:1.5676904219219523e-12, max_diff:1.8883783425849288e-12, training_epochs:50, lr:0.05)
<_io.TextIOWrapper name='<stderr>' mode='w' encoding='utf-8'> node index is 7
train linear regression time:  0.039627833757549524
(average_diff:0.09806846494772438, max_diff:0.2909773512162632, training_epochs:50, lr:0.05)
<_io.TextIOWrapper name='<stderr>' mode='w' encoding='utf-8'> node index is 5
train linear regression time:  0.04035162506625056
testFringe time:  2.372439374681562
<_io.TextIOWrapper name='<stderr>' mode='w' encoding='utf-8'> =============== update finished ===============

*** Writing Game File 15***

<_io.TextIOWrapper name='../print_tree_record_numpy/print_DM_boost_linear_tree_split_1000.txt' mode='w' encoding='UTF-8'> idx1(Q:0.4064, distinct_name:0, dictinctin_value:2.569683891588169, par:None)
	idx4(Q:0.4071, distinct_name:0, dictinctin_value:2.507749956207568, par:1)
		idx6(Q:0.4065, distinct_name:0, dictinctin_value:-0.050698982385153205, par:4)
			idx8(Q:0.4666, distinct_name:0, dictinctin_value:-0.5002368440471089, par:6)
				idx10(Q:0.5245, distinct_name:3, dictinctin_value:0.7373220788164561, par:8)
					idx12(Q:0.5034, distinct_name:1, dictinctin_value:0.8498558206992594, par:10)
						idx18(Q:0.4498, distinct_name:2, dictinctin_value:0.8559921607301466, par:12)
							idx24(Q:0.4478, distinct_name:0, dictinctin_value:-0.5901212893723445, par:18)
								idx30(Q:0.4593, distinct_name:2, dictinctin_value:0.5095422779981766, par:24)
									idx38(Q:0.4775, distinct_name:2, dictinctin_value:0.24909091887867726, par:30)
										idx44(Q:0.5104, distinct_name:2, dictinctin_value:-0.06052347242753761, par:38)
											idx54(Q:0.5510, distinct_name:2, dictinctin_value:-0.16873413911779458, par:44)
												idx62(Q:0.5770, distinct_name:2, dictinctin_value:-0.3117760123070312, par:54)
													idx70(Q:0.6052, distinct_name:2, dictinctin_value:-0.36929151673896154, par:62)
														idx76(Q:0.6361, distinct_name:2, dictinctin_value:-0.4513587540231024, par:70)
															idx82(Q:0.6666, distinct_name:2, dictinctin_value:-0.49926091712096626, par:76)
																idx90(Q:0.6794, par:82)
																idx91(Q:0.3462, par:82)
															idx83(Q:0.2843, par:76)
														idx77(Q:0.2881, par:70)
													idx71(Q:0.2853, par:62)
												idx63(Q:0.2298, par:54)
											idx55(Q:0.2012, par:44)
										idx45(Q:0.2250, par:38)
									idx39(Q:0.3341, par:30)
								idx31(Q:0.3280, par:24)
							idx25(Q:0.4604, par:18)
						idx19(Q:0.7300, par:12)
					idx13(Q:0.5958, distinct_name:2, dictinctin_value:1.929601246827043, par:10)
						idx92(Q:0.5855, par:13)
						idx93(Q:1.1116, par:13)
				idx11(Q:0.3648, distinct_name:3, dictinctin_value:1.284568987543642, par:8)
					idx32(Q:0.3467, distinct_name:3, dictinctin_value:0.5763111575206541, par:11)
						idx40(Q:0.3324, distinct_name:2, dictinctin_value:1.4159847670297276, par:32)
							idx46(Q:0.3236, distinct_name:2, dictinctin_value:0.8764611652526798, par:40)
								idx56(Q:0.3342, distinct_name:2, dictinctin_value:0.6776552612944613, par:46)
									idx64(Q:0.3380, distinct_name:0, dictinctin_value:-0.10007893227380851, par:56)
										idx72(Q:0.3413, distinct_name:2, dictinctin_value:0.481251420222257, par:64)
											idx78(Q:0.3507, distinct_name:2, dictinctin_value:0.43236682950932387, par:72)
												idx84(Q:0.3607, distinct_name:2, dictinctin_value:0.2322739018313544, par:78)
													idx94(Q:0.3833, par:84)
													idx95(Q:0.1351, par:84)
												idx85(Q:0.1674, par:78)
											idx79(Q:0.2055, par:72)
										idx73(Q:0.2966, par:64)
									idx65(Q:0.2880, par:56)
								idx57(Q:0.2596, par:46)
							idx47(Q:0.4001, par:40)
						idx41(Q:0.4117, par:32)
					idx33(Q:0.5659, par:11)
			idx9(Q:0.3541, distinct_name:1, dictinctin_value:1.4532912275447858, par:6)
				idx14(Q:0.3369, distinct_name:0, dictinctin_value:0.6708677617788001, par:9)
					idx16(Q:0.3480, distinct_name:0, dictinctin_value:0.5219929201544601, par:14)
						idx20(Q:0.3575, distinct_name:0, dictinctin_value:0.38200451643824146, par:16)
							idx26(Q:0.3728, distinct_name:0, dictinctin_value:0.29175973898130836, par:20)
								idx34(Q:0.3828, distinct_name:3, dictinctin_value:1.2405945003824483, par:26)
									idx42(Q:0.3624, distinct_name:2, dictinctin_value:1.6139678071673451, par:34)
										idx48(Q:0.3565, distinct_name:1, dictinctin_value:1.0148453699076618, par:42)
											idx58(Q:0.3502, distinct_name:2, dictinctin_value:0.8422101128546527, par:48)
												idx66(Q:0.3629, distinct_name:2, dictinctin_value:0.5718071591898053, par:58)
													idx74(Q:0.3705, distinct_name:2, dictinctin_value:0.3335199702259944, par:66)
														idx80(Q:0.3924, distinct_name:2, dictinctin_value:0.2585267021680285, par:74)
															idx86(Q:0.4050, distinct_name:2, dictinctin_value:0.13295569297273957, par:80)
																idx96(Q:0.4242, par:86)
																idx97(Q:0.1297, par:86)
															idx87(Q:0.1686, par:80)
														idx81(Q:0.1459, par:74)
													idx75(Q:0.2279, par:66)
												idx67(Q:0.2577, par:58)
											idx59(Q:0.4234, par:48)
										idx49(Q:0.4586, par:42)
									idx43(Q:0.4965, par:34)
								idx35(Q:0.3278, par:26)
							idx27(Q:0.3019, par:20)
						idx21(Q:0.3083, par:16)
					idx17(Q:0.3247, distinct_name:3, dictinctin_value:0.8871619234739136, par:14)
						idx22(Q:0.2983, distinct_name:1, dictinctin_value:0.895274831679809, par:17)
							idx28(Q:0.2790, distinct_name:3, dictinctin_value:0.4147697243292515, par:22)
								idx36(Q:0.2633, distinct_name:3, dictinctin_value:-0.009439492879810042, par:28)
									idx50(Q:0.2609, distinct_name:0, dictinctin_value:2.3121117874404824, par:36)
										idx52(Q:0.2614, distinct_name:0, dictinctin_value:1.9483716250181808, par:50)
											idx60(Q:0.2657, distinct_name:3, dictinctin_value:-0.018025248765568658, par:52)
												idx68(Q:0.2752, distinct_name:2, dictinctin_value:0.8033765660185509, par:60)
													idx88(Q:0.2732, distinct_name:2, dictinctin_value:0.6003623148969123, par:68)
														idx98(Q:0.2853, par:88)
														idx99(Q:0.1634, par:88)
													idx89(Q:0.2832, par:68)
												idx69(Q:0.1876, par:60)
											idx61(Q:0.1789, par:52)
										idx53(Q:0.2158, par:50)
									idx51(Q:0.2718, par:36)
								idx37(Q:0.3630, par:28)
							idx29(Q:0.4237, par:22)
						idx23(Q:0.4437, par:17)
				idx15(Q:0.6034, par:9)
		idx7(Q:0.6670, par:4)
	idx5(Q:0.3172, par:1)
