WARNING:tensorflow:From /Users/keithwu/opt/anaconda3/envs/auction-gym/lib/python3.10/site-packages/tensorflow/python/compat/v2_compat.py:107: disable_resource_variables (from tensorflow.python.ops.variable_scope) is deprecated and will be removed in a future version.
Instructions for updating:
non-resource variables are not supported in the long term
<_io.TextIOWrapper name='<stderr>' mode='w' encoding='utf-8'> reading from ../UTree_model_numpy/DM/model_boost_linear_qsplit_noabs_save_1000/, starting at 5
<_io.TextIOWrapper name='<stderr>' mode='w' encoding='utf-8'> =============== update starts ===============
(average_diff:0.17868914283710877, max_diff:0.8371976385215036, training_epochs:50, lr:0.05)
<_io.TextIOWrapper name='<stderr>' mode='w' encoding='utf-8'> node index is 18
train linear regression time:  0.04328387463465333
<_io.TextIOWrapper name='<stderr>' mode='w' encoding='utf-8'> variance test passed, diff=0.03135566495764179, d = 2, back=0
<_io.TextIOWrapper name='<stderr>' mode='w' encoding='utf-8'> Will be split, p=0.03135566495764179, d=2, back=0
(average_diff:0.12814639448123194, max_diff:0.6267260747128582, training_epochs:50, lr:0.05)
<_io.TextIOWrapper name='<stderr>' mode='w' encoding='utf-8'> node index is 24
train linear regression time:  0.04238758282735944
(average_diff:0.11094339073369147, max_diff:0.3091107630240828, training_epochs:50, lr:0.05)
<_io.TextIOWrapper name='<stderr>' mode='w' encoding='utf-8'> node index is 25
train linear regression time:  0.041817540768533945
(average_diff:0.16065527377448033, max_diff:0.5027682846294876, training_epochs:50, lr:0.05)
<_io.TextIOWrapper name='<stderr>' mode='w' encoding='utf-8'> node index is 19
train linear regression time:  0.04118695901706815
(average_diff:0.1878608975336736, max_diff:0.782344437022519, training_epochs:50, lr:0.05)
<_io.TextIOWrapper name='<stderr>' mode='w' encoding='utf-8'> node index is 13
train linear regression time:  0.03939524991437793
(average_diff:0.18307086338919984, max_diff:0.6315874777044712, training_epochs:50, lr:0.05)
<_io.TextIOWrapper name='<stderr>' mode='w' encoding='utf-8'> node index is 11
train linear regression time:  0.03994941711425781
(average_diff:0.18082564895706543, max_diff:0.6568512960352711, training_epochs:50, lr:0.05)
<_io.TextIOWrapper name='<stderr>' mode='w' encoding='utf-8'> node index is 20
train linear regression time:  0.0403330409899354
<_io.TextIOWrapper name='<stderr>' mode='w' encoding='utf-8'> variance test passed, diff=0.037964426473146656, d = 0, back=0
<_io.TextIOWrapper name='<stderr>' mode='w' encoding='utf-8'> Will be split, p=0.037964426473146656, d=0, back=0
(average_diff:0.19526688916503784, max_diff:0.6301594433740869, training_epochs:50, lr:0.05)
<_io.TextIOWrapper name='<stderr>' mode='w' encoding='utf-8'> node index is 26
train linear regression time:  0.0403048750013113
(average_diff:0.09423131731619347, max_diff:0.22666690001025352, training_epochs:50, lr:0.05)
<_io.TextIOWrapper name='<stderr>' mode='w' encoding='utf-8'> node index is 27
train linear regression time:  0.03975937468931079
(average_diff:0.14166050651126552, max_diff:0.5230338130840441, training_epochs:50, lr:0.05)
<_io.TextIOWrapper name='<stderr>' mode='w' encoding='utf-8'> node index is 21
train linear regression time:  0.039082332979887724
(average_diff:0.1814448912120732, max_diff:0.820725716742315, training_epochs:50, lr:0.05)
<_io.TextIOWrapper name='<stderr>' mode='w' encoding='utf-8'> node index is 22
train linear regression time:  0.03887074999511242
<_io.TextIOWrapper name='<stderr>' mode='w' encoding='utf-8'> variance test passed, diff=0.012556963260086464, d = 1, back=0
<_io.TextIOWrapper name='<stderr>' mode='w' encoding='utf-8'> Will be split, p=0.012556963260086464, d=1, back=0
(average_diff:0.17235801476265497, max_diff:0.8017507391988824, training_epochs:50, lr:0.05)
<_io.TextIOWrapper name='<stderr>' mode='w' encoding='utf-8'> node index is 28
train linear regression time:  0.04027270898222923
(average_diff:0.19154330919897022, max_diff:0.4427574049739772, training_epochs:50, lr:0.05)
<_io.TextIOWrapper name='<stderr>' mode='w' encoding='utf-8'> node index is 29
train linear regression time:  0.03909783298149705
(average_diff:0.16071913870985172, max_diff:0.3988117273495532, training_epochs:50, lr:0.05)
<_io.TextIOWrapper name='<stderr>' mode='w' encoding='utf-8'> node index is 23
train linear regression time:  0.03883070917800069
(average_diff:0.11564798899597696, max_diff:0.3328545173923688, training_epochs:50, lr:0.05)
<_io.TextIOWrapper name='<stderr>' mode='w' encoding='utf-8'> node index is 15
train linear regression time:  0.038725582882761955
(average_diff:0.0004921025935099438, max_diff:0.000592743084084385, training_epochs:50, lr:0.05)
<_io.TextIOWrapper name='<stderr>' mode='w' encoding='utf-8'> node index is 7
train linear regression time:  0.03899433324113488
(average_diff:0.016672527660333853, max_diff:0.02436701517354617, training_epochs:50, lr:0.05)
<_io.TextIOWrapper name='<stderr>' mode='w' encoding='utf-8'> node index is 5
train linear regression time:  0.03873683325946331
testFringe time:  0.6871158336289227
<_io.TextIOWrapper name='<stderr>' mode='w' encoding='utf-8'> =============== update finished ===============

*** Writing Game File 6***

<_io.TextIOWrapper name='../print_tree_record_numpy/print_DM_boost_linear_tree_split_1000.txt' mode='w' encoding='UTF-8'> idx1(Q:0.4074, distinct_name:0, dictinctin_value:2.569683891588169, par:None)
	idx4(Q:0.4083, distinct_name:0, dictinctin_value:2.507749956207568, par:1)
		idx6(Q:0.4070, distinct_name:0, dictinctin_value:-0.050698982385153205, par:4)
			idx8(Q:0.4842, distinct_name:0, dictinctin_value:-0.5002368440471089, par:6)
				idx10(Q:0.5353, distinct_name:3, dictinctin_value:0.7373220788164561, par:8)
					idx12(Q:0.5111, distinct_name:1, dictinctin_value:0.8498558206992594, par:10)
						idx18(Q:0.4522, distinct_name:2, dictinctin_value:0.8559921607301466, par:12)
							idx24(Q:0.4583, par:18)
							idx25(Q:0.4181, par:18)
						idx19(Q:0.7354, par:12)
					idx13(Q:0.6383, par:10)
				idx11(Q:0.3872, par:8)
			idx9(Q:0.3392, distinct_name:1, dictinctin_value:1.4532912275447858, par:6)
				idx14(Q:0.3276, distinct_name:0, dictinctin_value:0.6708677617788001, par:9)
					idx16(Q:0.3247, distinct_name:0, dictinctin_value:0.5219929201544601, par:14)
						idx20(Q:0.3317, distinct_name:0, dictinctin_value:0.38200451643824146, par:16)
							idx26(Q:0.3415, par:20)
							idx27(Q:0.2826, par:20)
						idx21(Q:0.3015, par:16)
					idx17(Q:0.3308, distinct_name:3, dictinctin_value:0.8871619234739136, par:14)
						idx22(Q:0.3128, distinct_name:1, dictinctin_value:0.895274831679809, par:17)
							idx28(Q:0.2873, par:22)
							idx29(Q:0.4542, par:22)
						idx23(Q:0.4097, par:17)
				idx15(Q:0.5220, par:9)
		idx7(Q:0.6670, par:4)
	idx5(Q:0.3197, par:1)
