WARNING:tensorflow:From /Users/keithwu/opt/anaconda3/envs/auction-gym/lib/python3.10/site-packages/tensorflow/python/compat/v2_compat.py:107: disable_resource_variables (from tensorflow.python.ops.variable_scope) is deprecated and will be removed in a future version.
Instructions for updating:
non-resource variables are not supported in the long term
<_io.TextIOWrapper name='<stderr>' mode='w' encoding='utf-8'> reading from ../UTree_model_numpy/DR/model_boost_linear_qsplit_noabs_save/, starting at 12
<_io.TextIOWrapper name='<stderr>' mode='w' encoding='utf-8'> =============== update starts ===============
(average_diff:0.03511327123550091, max_diff:0.48549523838861386, training_epochs:500, lr:0.05)
<_io.TextIOWrapper name='<stderr>' mode='w' encoding='utf-8'> node index is 70
train linear regression time:  0.05728870816528797
<_io.TextIOWrapper name='<stderr>' mode='w' encoding='utf-8'> variance test passed, diff=0.022482651408133464, d = 1, back=0
<_io.TextIOWrapper name='<stderr>' mode='w' encoding='utf-8'> variance test passed, diff=0.08178395608245394, d = 2, back=0
<_io.TextIOWrapper name='<stderr>' mode='w' encoding='utf-8'> Will be split, p=0.08178395608245394, d=2, back=0
(average_diff:0.033199975514048755, max_diff:0.5042812373870162, training_epochs:500, lr:0.05)
<_io.TextIOWrapper name='<stderr>' mode='w' encoding='utf-8'> node index is 76
train linear regression time:  0.05638429196551442
(average_diff:0.032958454731470445, max_diff:0.08113585677494267, training_epochs:500, lr:0.05)
<_io.TextIOWrapper name='<stderr>' mode='w' encoding='utf-8'> node index is 77
train linear regression time:  0.04877012502402067
(average_diff:0.027004677779178986, max_diff:0.053204549295406744, training_epochs:500, lr:0.05)
<_io.TextIOWrapper name='<stderr>' mode='w' encoding='utf-8'> node index is 71
train linear regression time:  0.04750641714781523
(average_diff:0.04302805187536473, max_diff:0.0972171675769683, training_epochs:500, lr:0.05)
<_io.TextIOWrapper name='<stderr>' mode='w' encoding='utf-8'> node index is 63
train linear regression time:  0.05288537498563528
(average_diff:0.05253497158139778, max_diff:0.13928492537568748, training_epochs:500, lr:0.05)
<_io.TextIOWrapper name='<stderr>' mode='w' encoding='utf-8'> node index is 55
train linear regression time:  0.05162224965170026
(average_diff:0.053247954576104393, max_diff:0.1536856165692196, training_epochs:500, lr:0.05)
<_io.TextIOWrapper name='<stderr>' mode='w' encoding='utf-8'> node index is 45
train linear regression time:  0.051716540940105915
(average_diff:0.04304749854005918, max_diff:0.17688515005813932, training_epochs:500, lr:0.05)
<_io.TextIOWrapper name='<stderr>' mode='w' encoding='utf-8'> node index is 39
train linear regression time:  0.050493374932557344
(average_diff:0.09095065637683694, max_diff:0.19387728330840603, training_epochs:500, lr:0.05)
<_io.TextIOWrapper name='<stderr>' mode='w' encoding='utf-8'> node index is 31
train linear regression time:  0.05160608282312751
(average_diff:0.06674279905245976, max_diff:0.32730429627839, training_epochs:500, lr:0.05)
<_io.TextIOWrapper name='<stderr>' mode='w' encoding='utf-8'> node index is 25
train linear regression time:  0.05306158307939768
(average_diff:0.17991099172810235, max_diff:0.524809156396087, training_epochs:500, lr:0.05)
<_io.TextIOWrapper name='<stderr>' mode='w' encoding='utf-8'> node index is 19
train linear regression time:  0.052311958745121956
(average_diff:0.17411943717909406, max_diff:0.8745553400223272, training_epochs:500, lr:0.05)
<_io.TextIOWrapper name='<stderr>' mode='w' encoding='utf-8'> node index is 13
train linear regression time:  0.05892220791429281
(average_diff:0.09395652387728276, max_diff:0.4289284911779658, training_epochs:500, lr:0.05)
<_io.TextIOWrapper name='<stderr>' mode='w' encoding='utf-8'> node index is 72
train linear regression time:  0.05858074966818094
<_io.TextIOWrapper name='<stderr>' mode='w' encoding='utf-8'> variance test passed, diff=0.046866798663117756, d = 2, back=0
<_io.TextIOWrapper name='<stderr>' mode='w' encoding='utf-8'> Will be split, p=0.046866798663117756, d=2, back=0
(average_diff:0.08459785304564597, max_diff:0.42569849879537236, training_epochs:500, lr:0.05)
<_io.TextIOWrapper name='<stderr>' mode='w' encoding='utf-8'> node index is 78
train linear regression time:  0.05891504231840372
(average_diff:0.03917107947221816, max_diff:0.0863327137790571, training_epochs:500, lr:0.05)
<_io.TextIOWrapper name='<stderr>' mode='w' encoding='utf-8'> node index is 79
train linear regression time:  0.05128420889377594
(average_diff:0.056597347643495236, max_diff:0.1392985465991095, training_epochs:500, lr:0.05)
<_io.TextIOWrapper name='<stderr>' mode='w' encoding='utf-8'> node index is 73
train linear regression time:  0.0511524579487741
(average_diff:0.12212564004299552, max_diff:0.2971704135414099, training_epochs:500, lr:0.05)
<_io.TextIOWrapper name='<stderr>' mode='w' encoding='utf-8'> node index is 65
train linear regression time:  0.05024004215374589
(average_diff:0.11016693169218535, max_diff:0.25009356155593315, training_epochs:500, lr:0.05)
<_io.TextIOWrapper name='<stderr>' mode='w' encoding='utf-8'> node index is 57
train linear regression time:  0.05130379227921367
(average_diff:0.060366150458536987, max_diff:0.18154787194034772, training_epochs:500, lr:0.05)
<_io.TextIOWrapper name='<stderr>' mode='w' encoding='utf-8'> node index is 47
train linear regression time:  0.05129158403724432
(average_diff:0.14231332345398356, max_diff:0.3522975014807145, training_epochs:500, lr:0.05)
<_io.TextIOWrapper name='<stderr>' mode='w' encoding='utf-8'> node index is 41
train linear regression time:  0.050481666810810566
(average_diff:0.15291555814780156, max_diff:0.5115430332272408, training_epochs:500, lr:0.05)
<_io.TextIOWrapper name='<stderr>' mode='w' encoding='utf-8'> node index is 33
train linear regression time:  0.050018124748021364
(average_diff:0.07961346653481033, max_diff:0.2945043521875502, training_epochs:500, lr:0.05)
<_io.TextIOWrapper name='<stderr>' mode='w' encoding='utf-8'> node index is 74
train linear regression time:  0.059080000035464764
<_io.TextIOWrapper name='<stderr>' mode='w' encoding='utf-8'> variance test passed, diff=0.03788068676477175, d = 0, back=0
<_io.TextIOWrapper name='<stderr>' mode='w' encoding='utf-8'> variance test passed, diff=0.06731486761138883, d = 1, back=0
<_io.TextIOWrapper name='<stderr>' mode='w' encoding='utf-8'> variance test passed, diff=0.09595839812034587, d = 2, back=0
<_io.TextIOWrapper name='<stderr>' mode='w' encoding='utf-8'> Will be split, p=0.09595839812034587, d=2, back=0
(average_diff:0.06947413681950015, max_diff:0.25361037126663594, training_epochs:500, lr:0.05)
<_io.TextIOWrapper name='<stderr>' mode='w' encoding='utf-8'> node index is 80
train linear regression time:  0.05850445758551359
(average_diff:0.049511709313730126, max_diff:0.09444098646063012, training_epochs:500, lr:0.05)
<_io.TextIOWrapper name='<stderr>' mode='w' encoding='utf-8'> node index is 81
train linear regression time:  0.05032045766711235
(average_diff:0.04159591905577571, max_diff:0.09252296798655213, training_epochs:500, lr:0.05)
<_io.TextIOWrapper name='<stderr>' mode='w' encoding='utf-8'> node index is 75
train linear regression time:  0.05078874994069338
(average_diff:0.09579960625419696, max_diff:0.20115528617368233, training_epochs:500, lr:0.05)
<_io.TextIOWrapper name='<stderr>' mode='w' encoding='utf-8'> node index is 67
train linear regression time:  0.05363995814695954
(average_diff:0.11797590988951041, max_diff:0.34540306977989826, training_epochs:500, lr:0.05)
<_io.TextIOWrapper name='<stderr>' mode='w' encoding='utf-8'> node index is 59
train linear regression time:  0.049975667148828506
(average_diff:0.06671468141762125, max_diff:0.14936671926169381, training_epochs:500, lr:0.05)
<_io.TextIOWrapper name='<stderr>' mode='w' encoding='utf-8'> node index is 49
train linear regression time:  0.051371249835938215
(average_diff:0.1353174322203355, max_diff:0.4092231055440961, training_epochs:500, lr:0.05)
<_io.TextIOWrapper name='<stderr>' mode='w' encoding='utf-8'> node index is 43
train linear regression time:  0.05019412515684962
(average_diff:0.1820406456350747, max_diff:0.48059444061960055, training_epochs:500, lr:0.05)
<_io.TextIOWrapper name='<stderr>' mode='w' encoding='utf-8'> node index is 35
train linear regression time:  0.051607000175863504
(average_diff:0.16420323224970204, max_diff:0.6148120745584855, training_epochs:500, lr:0.05)
<_io.TextIOWrapper name='<stderr>' mode='w' encoding='utf-8'> node index is 27
train linear regression time:  0.05047745769843459
(average_diff:0.1671972896788955, max_diff:0.5813962618227463, training_epochs:500, lr:0.05)
<_io.TextIOWrapper name='<stderr>' mode='w' encoding='utf-8'> node index is 21
train linear regression time:  0.05185745796188712
(average_diff:0.15669227439916664, max_diff:0.9135444743882436, training_epochs:500, lr:0.05)
<_io.TextIOWrapper name='<stderr>' mode='w' encoding='utf-8'> node index is 68
train linear regression time:  0.05712749995291233
(average_diff:1.2207658715290837e-07, max_diff:9.622409273407628e-07, training_epochs:500, lr:0.05)
<_io.TextIOWrapper name='<stderr>' mode='w' encoding='utf-8'> node index is 69
train linear regression time:  0.05066279089078307
(average_diff:0.03319066336282599, max_diff:0.06004229000586339, training_epochs:500, lr:0.05)
<_io.TextIOWrapper name='<stderr>' mode='w' encoding='utf-8'> node index is 61
train linear regression time:  0.049851249903440475
(average_diff:2.7755575615628914e-16, max_diff:3.3306690738754696e-16, training_epochs:500, lr:0.05)
<_io.TextIOWrapper name='<stderr>' mode='w' encoding='utf-8'> node index is 53
train linear regression time:  0.05406666733324528
(average_diff:0.109588787311137, max_diff:0.3964152558769273, training_epochs:500, lr:0.05)
<_io.TextIOWrapper name='<stderr>' mode='w' encoding='utf-8'> node index is 51
train linear regression time:  0.04934066720306873
(average_diff:0.20384217004234217, max_diff:0.6455905474838857, training_epochs:500, lr:0.05)
<_io.TextIOWrapper name='<stderr>' mode='w' encoding='utf-8'> node index is 37
train linear regression time:  0.05061362497508526
(average_diff:0.17437460973347577, max_diff:0.5352466009470158, training_epochs:500, lr:0.05)
<_io.TextIOWrapper name='<stderr>' mode='w' encoding='utf-8'> node index is 29
train linear regression time:  0.04862679075449705
(average_diff:0.18393439201316814, max_diff:0.781963444639227, training_epochs:500, lr:0.05)
<_io.TextIOWrapper name='<stderr>' mode='w' encoding='utf-8'> node index is 23
train linear regression time:  0.04872708301991224
(average_diff:0.15936306725179236, max_diff:0.45992769570878766, training_epochs:500, lr:0.05)
<_io.TextIOWrapper name='<stderr>' mode='w' encoding='utf-8'> node index is 15
train linear regression time:  0.04885108396410942
(average_diff:4.996003610813204e-16, max_diff:5.551115123125783e-16, training_epochs:500, lr:0.05)
<_io.TextIOWrapper name='<stderr>' mode='w' encoding='utf-8'> node index is 7
train linear regression time:  0.05241191620007157
(average_diff:0.06325808972803745, max_diff:0.11901520479720748, training_epochs:500, lr:0.05)
<_io.TextIOWrapper name='<stderr>' mode='w' encoding='utf-8'> node index is 5
train linear regression time:  0.05318150017410517
testFringe time:  2.2620589998550713
<_io.TextIOWrapper name='<stderr>' mode='w' encoding='utf-8'> =============== update finished ===============

*** Writing Game File 13***

<_io.TextIOWrapper name='../print_tree_record_numpy/print_DR_boost_linear_tree_split.txt' mode='w' encoding='UTF-8'> idx1(Q:0.4066, distinct_name:0, dictinctin_value:2.569683891588169, par:None)
	idx4(Q:0.4071, distinct_name:0, dictinctin_value:2.507749956207568, par:1)
		idx6(Q:0.4065, distinct_name:0, dictinctin_value:-0.050698982385153205, par:4)
			idx8(Q:0.4699, distinct_name:0, dictinctin_value:-0.5002368440471089, par:6)
				idx10(Q:0.5233, distinct_name:3, dictinctin_value:0.7373220788164561, par:8)
					idx12(Q:0.5057, distinct_name:1, dictinctin_value:0.8498558206992594, par:10)
						idx18(Q:0.4535, distinct_name:2, dictinctin_value:0.8559921607301466, par:12)
							idx24(Q:0.4488, distinct_name:0, dictinctin_value:-0.5901212893723445, par:18)
								idx30(Q:0.4631, distinct_name:2, dictinctin_value:0.5095422779981766, par:24)
									idx38(Q:0.4794, distinct_name:2, dictinctin_value:0.24909091887867726, par:30)
										idx44(Q:0.5115, distinct_name:2, dictinctin_value:-0.06052347242753761, par:38)
											idx54(Q:0.5547, distinct_name:2, dictinctin_value:-0.16873413911779458, par:44)
												idx62(Q:0.5842, distinct_name:2, dictinctin_value:-0.3117760123070312, par:54)
													idx70(Q:0.6139, distinct_name:2, dictinctin_value:-0.36929151673896154, par:62)
														idx76(Q:0.6464, par:70)
														idx77(Q:0.2887, par:70)
													idx71(Q:0.2878, par:62)
												idx63(Q:0.2298, par:54)
											idx55(Q:0.2006, par:44)
										idx45(Q:0.2334, par:38)
									idx39(Q:0.3331, par:30)
								idx31(Q:0.3010, par:24)
							idx25(Q:0.4789, par:18)
						idx19(Q:0.7222, par:12)
					idx13(Q:0.5860, par:10)
				idx11(Q:0.3709, distinct_name:3, dictinctin_value:1.284568987543642, par:8)
					idx32(Q:0.3516, distinct_name:3, dictinctin_value:0.5763111575206541, par:11)
						idx40(Q:0.3337, distinct_name:2, dictinctin_value:1.4159847670297276, par:32)
							idx46(Q:0.3256, distinct_name:2, dictinctin_value:0.8764611652526798, par:40)
								idx56(Q:0.3331, distinct_name:2, dictinctin_value:0.6776552612944613, par:46)
									idx64(Q:0.3374, distinct_name:0, dictinctin_value:-0.10007893227380851, par:56)
										idx72(Q:0.3393, distinct_name:2, dictinctin_value:0.481251420222257, par:64)
											idx78(Q:0.3477, par:72)
											idx79(Q:0.2193, par:72)
										idx73(Q:0.3149, par:64)
									idx65(Q:0.2880, par:56)
								idx57(Q:0.2728, par:46)
							idx47(Q:0.4022, par:40)
						idx41(Q:0.4371, par:32)
					idx33(Q:0.5813, par:11)
			idx9(Q:0.3508, distinct_name:1, dictinctin_value:1.4532912275447858, par:6)
				idx14(Q:0.3377, distinct_name:0, dictinctin_value:0.6708677617788001, par:9)
					idx16(Q:0.3498, distinct_name:0, dictinctin_value:0.5219929201544601, par:14)
						idx20(Q:0.3596, distinct_name:0, dictinctin_value:0.38200451643824146, par:16)
							idx26(Q:0.3716, distinct_name:0, dictinctin_value:0.29175973898130836, par:20)
								idx34(Q:0.3884, distinct_name:3, dictinctin_value:1.2405945003824483, par:26)
									idx42(Q:0.3681, distinct_name:2, dictinctin_value:1.6139678071673451, par:34)
										idx48(Q:0.3603, distinct_name:1, dictinctin_value:1.0148453699076618, par:42)
											idx58(Q:0.3560, distinct_name:2, dictinctin_value:0.8422101128546527, par:48)
												idx66(Q:0.3644, distinct_name:2, dictinctin_value:0.5718071591898053, par:58)
													idx74(Q:0.3733, distinct_name:2, dictinctin_value:0.3335199702259944, par:66)
														idx80(Q:0.3919, par:74)
														idx81(Q:0.1410, par:74)
													idx75(Q:0.2279, par:66)
												idx67(Q:0.2866, par:58)
											idx59(Q:0.4033, par:48)
										idx49(Q:0.5059, par:42)
									idx43(Q:0.4933, par:34)
								idx35(Q:0.2983, par:26)
							idx27(Q:0.3099, par:20)
						idx21(Q:0.3108, par:16)
					idx17(Q:0.3244, distinct_name:3, dictinctin_value:0.8871619234739136, par:14)
						idx22(Q:0.2984, distinct_name:1, dictinctin_value:0.895274831679809, par:17)
							idx28(Q:0.2776, distinct_name:3, dictinctin_value:0.4147697243292515, par:22)
								idx36(Q:0.2579, distinct_name:3, dictinctin_value:-0.009439492879810042, par:28)
									idx50(Q:0.2572, distinct_name:0, dictinctin_value:2.3121117874404824, par:36)
										idx52(Q:0.2578, distinct_name:0, dictinctin_value:1.9483716250181808, par:50)
											idx60(Q:0.2612, distinct_name:3, dictinctin_value:-0.018025248765568658, par:52)
												idx68(Q:0.2708, par:60)
												idx69(Q:0.1866, par:60)
											idx61(Q:0.1930, par:52)
										idx53(Q:0.2158, par:50)
									idx51(Q:0.2600, par:36)
								idx37(Q:0.3816, par:28)
							idx29(Q:0.4448, par:22)
						idx23(Q:0.4364, par:17)
				idx15(Q:0.5439, par:9)
		idx7(Q:0.6670, par:4)
	idx5(Q:0.3534, par:1)
