WARNING:tensorflow:From /Users/keithwu/opt/anaconda3/envs/auction-gym/lib/python3.10/site-packages/tensorflow/python/compat/v2_compat.py:107: disable_resource_variables (from tensorflow.python.ops.variable_scope) is deprecated and will be removed in a future version.
Instructions for updating:
non-resource variables are not supported in the long term
<_io.TextIOWrapper name='<stderr>' mode='w' encoding='utf-8'> reading from ../UTree_model_numpy/DR/model_boost_linear_qsplit_noabs_save/, starting at 36
<_io.TextIOWrapper name='<stderr>' mode='w' encoding='utf-8'> =============== update starts ===============
(average_diff:0.0011735885318419847, max_diff:0.00254998631290293, training_epochs:500, lr:0.05)
<_io.TextIOWrapper name='<stderr>' mode='w' encoding='utf-8'> node index is 111
train linear regression time:  0.05042400024831295
(average_diff:0.0006764067161192695, max_diff:0.0014979936031104257, training_epochs:500, lr:0.05)
<_io.TextIOWrapper name='<stderr>' mode='w' encoding='utf-8'> node index is 101
train linear regression time:  0.04819366708397865
(average_diff:0.0026325734777151834, max_diff:0.006643729245088381, training_epochs:500, lr:0.05)
<_io.TextIOWrapper name='<stderr>' mode='w' encoding='utf-8'> node index is 91
train linear regression time:  0.047628790605813265
(average_diff:0.018412124304287774, max_diff:0.1385751590024322, training_epochs:500, lr:0.05)
<_io.TextIOWrapper name='<stderr>' mode='w' encoding='utf-8'> node index is 83
train linear regression time:  0.047670834232121706
(average_diff:0.024475466483473374, max_diff:0.1137098275412407, training_epochs:500, lr:0.05)
<_io.TextIOWrapper name='<stderr>' mode='w' encoding='utf-8'> node index is 77
train linear regression time:  0.048010583966970444
(average_diff:0.03833603874736449, max_diff:0.11294604247659065, training_epochs:500, lr:0.05)
<_io.TextIOWrapper name='<stderr>' mode='w' encoding='utf-8'> node index is 71
train linear regression time:  0.048383291345089674
(average_diff:0.04800498149215557, max_diff:0.13535113166300738, training_epochs:500, lr:0.05)
<_io.TextIOWrapper name='<stderr>' mode='w' encoding='utf-8'> node index is 63
train linear regression time:  0.04799941694363952
(average_diff:0.06405892893186925, max_diff:0.16471124299555343, training_epochs:500, lr:0.05)
<_io.TextIOWrapper name='<stderr>' mode='w' encoding='utf-8'> node index is 55
train linear regression time:  0.049316625110805035
(average_diff:0.06577540045640068, max_diff:0.2696066521447086, training_epochs:500, lr:0.05)
<_io.TextIOWrapper name='<stderr>' mode='w' encoding='utf-8'> node index is 45
train linear regression time:  0.05159254092723131
(average_diff:0.0639425867270052, max_diff:0.27135273858335524, training_epochs:500, lr:0.05)
<_io.TextIOWrapper name='<stderr>' mode='w' encoding='utf-8'> node index is 39
train linear regression time:  0.049230790697038174
(average_diff:0.09908168478315076, max_diff:0.30976413612449005, training_epochs:500, lr:0.05)
<_io.TextIOWrapper name='<stderr>' mode='w' encoding='utf-8'> node index is 31
train linear regression time:  0.04854687489569187
(average_diff:0.05848668082259706, max_diff:0.35582372197719325, training_epochs:500, lr:0.05)
<_io.TextIOWrapper name='<stderr>' mode='w' encoding='utf-8'> node index is 288
train linear regression time:  0.05548970866948366
<_io.TextIOWrapper name='<stderr>' mode='w' encoding='utf-8'> variance test passed, diff=0.033323701825631984, d = 0, back=0
<_io.TextIOWrapper name='<stderr>' mode='w' encoding='utf-8'> Will be split, p=0.033323701825631984, d=0, back=0
(average_diff:0.04005062000069701, max_diff:0.27769266390474495, training_epochs:500, lr:0.05)
<_io.TextIOWrapper name='<stderr>' mode='w' encoding='utf-8'> node index is 304
train linear regression time:  0.056201832834631205
(average_diff:0.06933909010392748, max_diff:0.13173210858261986, training_epochs:500, lr:0.05)
<_io.TextIOWrapper name='<stderr>' mode='w' encoding='utf-8'> node index is 305
train linear regression time:  0.048394457902759314
(average_diff:0.0006639637864020512, max_diff:0.0006854363339504205, training_epochs:500, lr:0.05)
<_io.TextIOWrapper name='<stderr>' mode='w' encoding='utf-8'> node index is 289
train linear regression time:  0.04859920870512724
(average_diff:0.004657762339938236, max_diff:0.007154627550832071, training_epochs:500, lr:0.05)
<_io.TextIOWrapper name='<stderr>' mode='w' encoding='utf-8'> node index is 257
train linear regression time:  0.048662083223462105
(average_diff:0.03638287863593441, max_diff:0.04959999972274759, training_epochs:500, lr:0.05)
<_io.TextIOWrapper name='<stderr>' mode='w' encoding='utf-8'> node index is 243
train linear regression time:  0.04807545803487301
(average_diff:2.220446049250313e-16, max_diff:2.220446049250313e-16, training_epochs:500, lr:0.05)
<_io.TextIOWrapper name='<stderr>' mode='w' encoding='utf-8'> node index is 231
train linear regression time:  0.049443124793469906
(average_diff:0.06090443222195043, max_diff:0.12290127567322534, training_epochs:500, lr:0.05)
<_io.TextIOWrapper name='<stderr>' mode='w' encoding='utf-8'> node index is 217
train linear regression time:  0.04777004197239876
(average_diff:0.00016058165010734982, max_diff:0.00026121731405626125, training_epochs:500, lr:0.05)
<_io.TextIOWrapper name='<stderr>' mode='w' encoding='utf-8'> node index is 275
train linear regression time:  0.04805645905435085
(average_diff:0.0047212018308758485, max_diff:0.00944714516328049, training_epochs:500, lr:0.05)
<_io.TextIOWrapper name='<stderr>' mode='w' encoding='utf-8'> node index is 259
train linear regression time:  0.04813766619190574
(average_diff:0.00028824523959680715, max_diff:0.000445512968837658, training_epochs:500, lr:0.05)
<_io.TextIOWrapper name='<stderr>' mode='w' encoding='utf-8'> node index is 245
train linear regression time:  0.048034584149718285
(average_diff:0.01092820814798054, max_diff:0.02181349387249376, training_epochs:500, lr:0.05)
<_io.TextIOWrapper name='<stderr>' mode='w' encoding='utf-8'> node index is 233
train linear regression time:  0.04926350014284253
(average_diff:2.220446049250313e-16, max_diff:2.220446049250313e-16, training_epochs:500, lr:0.05)
<_io.TextIOWrapper name='<stderr>' mode='w' encoding='utf-8'> node index is 219
train linear regression time:  0.05062745837494731
(average_diff:0.005137457578910864, max_diff:0.011983822371805064, training_epochs:500, lr:0.05)
<_io.TextIOWrapper name='<stderr>' mode='w' encoding='utf-8'> node index is 205
train linear regression time:  0.05120425019413233
(average_diff:0.0013078952797290987, max_diff:0.0025092009822303973, training_epochs:500, lr:0.05)
<_io.TextIOWrapper name='<stderr>' mode='w' encoding='utf-8'> node index is 197
train linear regression time:  0.04884208273142576
(average_diff:0.009225001880083294, max_diff:0.015929315388962584, training_epochs:500, lr:0.05)
<_io.TextIOWrapper name='<stderr>' mode='w' encoding='utf-8'> node index is 189
train linear regression time:  0.04799245810136199
(average_diff:0.016598123328845017, max_diff:0.03164427130664904, training_epochs:500, lr:0.05)
<_io.TextIOWrapper name='<stderr>' mode='w' encoding='utf-8'> node index is 181
train linear regression time:  0.04826479172334075
(average_diff:0.03205972753399842, max_diff:0.06469187331874515, training_epochs:500, lr:0.05)
<_io.TextIOWrapper name='<stderr>' mode='w' encoding='utf-8'> node index is 173
train linear regression time:  0.048421166837215424
(average_diff:0.01726128580384958, max_diff:0.026782866219287715, training_epochs:500, lr:0.05)
<_io.TextIOWrapper name='<stderr>' mode='w' encoding='utf-8'> node index is 163
train linear regression time:  0.048319249879568815
(average_diff:0.0, max_diff:0.0, training_epochs:500, lr:0.05)
<_io.TextIOWrapper name='<stderr>' mode='w' encoding='utf-8'> node index is 153
train linear regression time:  0.048273291904479265
(average_diff:0.0006831580396326475, max_diff:0.0010635821628788844, training_epochs:500, lr:0.05)
<_io.TextIOWrapper name='<stderr>' mode='w' encoding='utf-8'> node index is 221
train linear regression time:  0.04803662467747927
(average_diff:0.11047154942305104, max_diff:0.2912299589505424, training_epochs:500, lr:0.05)
<_io.TextIOWrapper name='<stderr>' mode='w' encoding='utf-8'> node index is 207
train linear regression time:  0.04781170887872577
(average_diff:0.143441678236111, max_diff:0.3889331638302014, training_epochs:500, lr:0.05)
<_io.TextIOWrapper name='<stderr>' mode='w' encoding='utf-8'> node index is 165
train linear regression time:  0.048871292266994715
(average_diff:0.0637235488102382, max_diff:0.1590265589506184, training_epochs:500, lr:0.05)
<_io.TextIOWrapper name='<stderr>' mode='w' encoding='utf-8'> node index is 155
train linear regression time:  0.04940216615796089
(average_diff:0.13046066957364116, max_diff:0.2123888362191778, training_epochs:500, lr:0.05)
<_io.TextIOWrapper name='<stderr>' mode='w' encoding='utf-8'> node index is 149
train linear regression time:  0.048295916989445686
(average_diff:0.04965802385418642, max_diff:0.1308214875169588, training_epochs:500, lr:0.05)
<_io.TextIOWrapper name='<stderr>' mode='w' encoding='utf-8'> node index is 147
train linear regression time:  0.04810266708955169
(average_diff:0.059415851662395144, max_diff:0.11536425243421447, training_epochs:500, lr:0.05)
<_io.TextIOWrapper name='<stderr>' mode='w' encoding='utf-8'> node index is 143
train linear regression time:  0.04871599981561303
(average_diff:0.026697447808526644, max_diff:0.06818602735119245, training_epochs:500, lr:0.05)
<_io.TextIOWrapper name='<stderr>' mode='w' encoding='utf-8'> node index is 137
train linear regression time:  0.049218499567359686
(average_diff:0.03360703368469573, max_diff:0.06576336570597272, training_epochs:500, lr:0.05)
<_io.TextIOWrapper name='<stderr>' mode='w' encoding='utf-8'> node index is 131
train linear regression time:  0.049468125216662884
(average_diff:0.02159307910948191, max_diff:0.04526859046451892, training_epochs:500, lr:0.05)
<_io.TextIOWrapper name='<stderr>' mode='w' encoding='utf-8'> node index is 123
train linear regression time:  0.04877045890316367
(average_diff:0.0379732806969867, max_diff:0.08601671078529732, training_epochs:500, lr:0.05)
<_io.TextIOWrapper name='<stderr>' mode='w' encoding='utf-8'> node index is 113
train linear regression time:  0.04947595810517669
(average_diff:0.07085099561171271, max_diff:0.28689877580348244, training_epochs:500, lr:0.05)
<_io.TextIOWrapper name='<stderr>' mode='w' encoding='utf-8'> node index is 103
train linear regression time:  0.049097124952822924
(average_diff:0.05625009168268429, max_diff:0.07901923294065472, training_epochs:500, lr:0.05)
<_io.TextIOWrapper name='<stderr>' mode='w' encoding='utf-8'> node index is 93
train linear regression time:  0.04841395793482661
(average_diff:0.010849816808248688, max_diff:0.02008111458284048, training_epochs:500, lr:0.05)
<_io.TextIOWrapper name='<stderr>' mode='w' encoding='utf-8'> node index is 139
train linear regression time:  0.04884279193356633
(average_diff:0.06014340783051862, max_diff:0.17918740809542028, training_epochs:500, lr:0.05)
<_io.TextIOWrapper name='<stderr>' mode='w' encoding='utf-8'> node index is 133
train linear regression time:  0.04792116582393646
(average_diff:0.018902752917849472, max_diff:0.03988670846093431, training_epochs:500, lr:0.05)
<_io.TextIOWrapper name='<stderr>' mode='w' encoding='utf-8'> node index is 125
train linear regression time:  0.048248209059238434
(average_diff:0.062135435950273175, max_diff:0.1688571987570615, training_epochs:500, lr:0.05)
<_io.TextIOWrapper name='<stderr>' mode='w' encoding='utf-8'> node index is 115
train linear regression time:  0.049122290685772896
(average_diff:0.06811718535700109, max_diff:0.20173787360661316, training_epochs:500, lr:0.05)
<_io.TextIOWrapper name='<stderr>' mode='w' encoding='utf-8'> node index is 105
train linear regression time:  0.04998854175209999
(average_diff:0.03612475639212462, max_diff:0.18372513965179244, training_epochs:500, lr:0.05)
<_io.TextIOWrapper name='<stderr>' mode='w' encoding='utf-8'> node index is 95
train linear regression time:  0.04890999989584088
(average_diff:0.0647369999155289, max_diff:0.10922608195450595, training_epochs:500, lr:0.05)
<_io.TextIOWrapper name='<stderr>' mode='w' encoding='utf-8'> node index is 85
train linear regression time:  0.048490332905203104
(average_diff:0.04899848664880351, max_diff:0.11046599451491541, training_epochs:500, lr:0.05)
<_io.TextIOWrapper name='<stderr>' mode='w' encoding='utf-8'> node index is 79
train linear regression time:  0.04835241613909602
(average_diff:0.13552648587337343, max_diff:0.4025778482837665, training_epochs:500, lr:0.05)
<_io.TextIOWrapper name='<stderr>' mode='w' encoding='utf-8'> node index is 73
train linear regression time:  0.04856270784512162
(average_diff:0.08477510918763802, max_diff:0.2898224232226754, training_epochs:500, lr:0.05)
<_io.TextIOWrapper name='<stderr>' mode='w' encoding='utf-8'> node index is 65
train linear regression time:  0.04745820816606283
(average_diff:0.08489821511797797, max_diff:0.40030045205650183, training_epochs:500, lr:0.05)
<_io.TextIOWrapper name='<stderr>' mode='w' encoding='utf-8'> node index is 57
train linear regression time:  0.0494245421141386
(average_diff:0.09415574429077776, max_diff:0.5251713797684927, training_epochs:500, lr:0.05)
<_io.TextIOWrapper name='<stderr>' mode='w' encoding='utf-8'> node index is 47
train linear regression time:  0.049254041630774736
(average_diff:0.17421415420098693, max_diff:0.6947273443555608, training_epochs:500, lr:0.05)
<_io.TextIOWrapper name='<stderr>' mode='w' encoding='utf-8'> node index is 292
train linear regression time:  0.055487542413175106
<_io.TextIOWrapper name='<stderr>' mode='w' encoding='utf-8'> variance test passed, diff=0.02116641001774939, d = 0, back=0
<_io.TextIOWrapper name='<stderr>' mode='w' encoding='utf-8'> variance test passed, diff=0.0411538044638934, d = 1, back=0
<_io.TextIOWrapper name='<stderr>' mode='w' encoding='utf-8'> Will be split, p=0.0411538044638934, d=1, back=0
(average_diff:0.170016249136083, max_diff:0.6788801375649153, training_epochs:500, lr:0.05)
<_io.TextIOWrapper name='<stderr>' mode='w' encoding='utf-8'> node index is 306
train linear regression time:  0.05578570906072855
(average_diff:0.1195390072949254, max_diff:0.19442282742244765, training_epochs:500, lr:0.05)
<_io.TextIOWrapper name='<stderr>' mode='w' encoding='utf-8'> node index is 307
train linear regression time:  0.04851866699755192
(average_diff:1.0724313353471793e-06, max_diff:1.0973956187099176e-06, training_epochs:500, lr:0.05)
<_io.TextIOWrapper name='<stderr>' mode='w' encoding='utf-8'> node index is 293
train linear regression time:  0.04827754106372595
(average_diff:2.153716036634723e-05, max_diff:2.3208311084488287e-05, training_epochs:500, lr:0.05)
<_io.TextIOWrapper name='<stderr>' mode='w' encoding='utf-8'> node index is 277
train linear regression time:  0.0489852917380631
(average_diff:3.0531133177191805e-16, max_diff:3.0531133177191805e-16, training_epochs:500, lr:0.05)
<_io.TextIOWrapper name='<stderr>' mode='w' encoding='utf-8'> node index is 261
train linear regression time:  0.04796379245817661
(average_diff:0.002007363391617889, max_diff:0.00302674081597043, training_epochs:500, lr:0.05)
<_io.TextIOWrapper name='<stderr>' mode='w' encoding='utf-8'> node index is 247
train linear regression time:  0.04815729195252061
(average_diff:0.16631457463491758, max_diff:0.8032607827880005, training_epochs:500, lr:0.05)
<_io.TextIOWrapper name='<stderr>' mode='w' encoding='utf-8'> node index is 33
train linear regression time:  0.04911537514999509
(average_diff:0.030542416278753256, max_diff:0.04552892412264156, training_epochs:500, lr:0.05)
<_io.TextIOWrapper name='<stderr>' mode='w' encoding='utf-8'> node index is 117
train linear regression time:  0.04795787530019879
(average_diff:0.02186388660854306, max_diff:0.029109060321935387, training_epochs:500, lr:0.05)
<_io.TextIOWrapper name='<stderr>' mode='w' encoding='utf-8'> node index is 107
train linear regression time:  0.04826070833951235
(average_diff:0.035499664398997544, max_diff:0.09166083032224526, training_epochs:500, lr:0.05)
<_io.TextIOWrapper name='<stderr>' mode='w' encoding='utf-8'> node index is 97
train linear regression time:  0.048522124998271465
(average_diff:0.07054931286359911, max_diff:0.15394803875146335, training_epochs:500, lr:0.05)
<_io.TextIOWrapper name='<stderr>' mode='w' encoding='utf-8'> node index is 87
train linear regression time:  0.049424249678850174
(average_diff:0.06109203687511146, max_diff:0.3099084493447596, training_epochs:500, lr:0.05)
<_io.TextIOWrapper name='<stderr>' mode='w' encoding='utf-8'> node index is 81
train linear regression time:  0.05360125005245209
(average_diff:0.050995469769254044, max_diff:0.17968184529449838, training_epochs:500, lr:0.05)
<_io.TextIOWrapper name='<stderr>' mode='w' encoding='utf-8'> node index is 75
train linear regression time:  0.05336508387699723
(average_diff:0.09280391828400211, max_diff:0.2829912323063345, training_epochs:500, lr:0.05)
<_io.TextIOWrapper name='<stderr>' mode='w' encoding='utf-8'> node index is 67
train linear regression time:  0.049238374922424555
(average_diff:0.16405967788342604, max_diff:0.4352558311037759, training_epochs:500, lr:0.05)
<_io.TextIOWrapper name='<stderr>' mode='w' encoding='utf-8'> node index is 59
train linear regression time:  0.04840466706082225
(average_diff:0.11747769490239067, max_diff:0.267077417569915, training_epochs:500, lr:0.05)
<_io.TextIOWrapper name='<stderr>' mode='w' encoding='utf-8'> node index is 49
train linear regression time:  0.048486500047147274
(average_diff:0.16348164752337846, max_diff:0.6363896756304792, training_epochs:500, lr:0.05)
<_io.TextIOWrapper name='<stderr>' mode='w' encoding='utf-8'> node index is 43
train linear regression time:  0.049144250340759754
(average_diff:0.17840937781126925, max_diff:0.7593174203318505, training_epochs:500, lr:0.05)
<_io.TextIOWrapper name='<stderr>' mode='w' encoding='utf-8'> node index is 294
train linear regression time:  0.0553442919626832
(average_diff:0.057616959549907976, max_diff:0.1451613712267344, training_epochs:500, lr:0.05)
<_io.TextIOWrapper name='<stderr>' mode='w' encoding='utf-8'> node index is 295
train linear regression time:  0.047540499828755856
(average_diff:6.475250594976482e-09, max_diff:9.790963484412885e-09, training_epochs:500, lr:0.05)
<_io.TextIOWrapper name='<stderr>' mode='w' encoding='utf-8'> node index is 279
train linear regression time:  0.048018999863415956
(average_diff:4.163336342344337e-17, max_diff:8.326672684688674e-17, training_epochs:500, lr:0.05)
<_io.TextIOWrapper name='<stderr>' mode='w' encoding='utf-8'> node index is 263
train linear regression time:  0.04748924961313605
(average_diff:0.02300492825373462, max_diff:0.03993759107643435, training_epochs:500, lr:0.05)
<_io.TextIOWrapper name='<stderr>' mode='w' encoding='utf-8'> node index is 249
train linear regression time:  0.04833095893263817
(average_diff:5.551115123125783e-17, max_diff:1.1102230246251565e-16, training_epochs:500, lr:0.05)
<_io.TextIOWrapper name='<stderr>' mode='w' encoding='utf-8'> node index is 237
train linear regression time:  0.04763516690582037
(average_diff:0.0013656084889448774, max_diff:0.002111559935105922, training_epochs:500, lr:0.05)
<_io.TextIOWrapper name='<stderr>' mode='w' encoding='utf-8'> node index is 265
train linear regression time:  0.048535916954278946
(average_diff:8.326672684688674e-17, max_diff:1.1102230246251565e-16, training_epochs:500, lr:0.05)
<_io.TextIOWrapper name='<stderr>' mode='w' encoding='utf-8'> node index is 251
train linear regression time:  0.04862749995663762
(average_diff:0.047682602273498284, max_diff:0.10548600204568986, training_epochs:500, lr:0.05)
<_io.TextIOWrapper name='<stderr>' mode='w' encoding='utf-8'> node index is 239
train linear regression time:  0.04889437509700656
(average_diff:0.01816817343958401, max_diff:0.02423071177653724, training_epochs:500, lr:0.05)
<_io.TextIOWrapper name='<stderr>' mode='w' encoding='utf-8'> node index is 223
train linear regression time:  0.05087491683661938
(average_diff:1.6653345369377348e-16, max_diff:1.6653345369377348e-16, training_epochs:500, lr:0.05)
<_io.TextIOWrapper name='<stderr>' mode='w' encoding='utf-8'> node index is 209
train linear regression time:  0.0488946670666337
(average_diff:5.366077952354923e-16, max_diff:8.881784197001252e-16, training_epochs:500, lr:0.05)
<_io.TextIOWrapper name='<stderr>' mode='w' encoding='utf-8'> node index is 199
train linear regression time:  0.04838554235175252
(average_diff:0.0755941937135942, max_diff:0.13211739277401202, training_epochs:500, lr:0.05)
<_io.TextIOWrapper name='<stderr>' mode='w' encoding='utf-8'> node index is 191
train linear regression time:  0.04920958401635289
(average_diff:0.0003169471507730494, max_diff:0.00047460178828027944, training_epochs:500, lr:0.05)
<_io.TextIOWrapper name='<stderr>' mode='w' encoding='utf-8'> node index is 183
train linear regression time:  0.04867187514901161
(average_diff:0.05234423558402581, max_diff:0.07118684065663405, training_epochs:500, lr:0.05)
<_io.TextIOWrapper name='<stderr>' mode='w' encoding='utf-8'> node index is 175
train linear regression time:  0.05172679200768471
(average_diff:0.08392207362883079, max_diff:0.20542021563913088, training_epochs:500, lr:0.05)
<_io.TextIOWrapper name='<stderr>' mode='w' encoding='utf-8'> node index is 167
train linear regression time:  0.0567096252925694
(average_diff:0.012542739310588608, max_diff:0.026286758646092923, training_epochs:500, lr:0.05)
<_io.TextIOWrapper name='<stderr>' mode='w' encoding='utf-8'> node index is 157
train linear regression time:  0.04963145824149251
(average_diff:0.12473380771812188, max_diff:0.6034600131019808, training_epochs:500, lr:0.05)
<_io.TextIOWrapper name='<stderr>' mode='w' encoding='utf-8'> node index is 296
train linear regression time:  0.05626245914027095
<_io.TextIOWrapper name='<stderr>' mode='w' encoding='utf-8'> variance test passed, diff=0.043136700817664776, d = 0, back=0
<_io.TextIOWrapper name='<stderr>' mode='w' encoding='utf-8'> Will be split, p=0.043136700817664776, d=0, back=0
(average_diff:0.12231012014059367, max_diff:0.6029071098596279, training_epochs:500, lr:0.05)
<_io.TextIOWrapper name='<stderr>' mode='w' encoding='utf-8'> node index is 308
train linear regression time:  0.05643695779144764
(average_diff:1.1102230246251565e-16, max_diff:1.1102230246251565e-16, training_epochs:500, lr:0.05)
<_io.TextIOWrapper name='<stderr>' mode='w' encoding='utf-8'> node index is 309
train linear regression time:  0.04883958399295807
(average_diff:0.073291775356597, max_diff:0.09802232927519025, training_epochs:500, lr:0.05)
<_io.TextIOWrapper name='<stderr>' mode='w' encoding='utf-8'> node index is 297
train linear regression time:  0.04813116695731878
(average_diff:0.028933239816502542, max_diff:0.07289940679380255, training_epochs:500, lr:0.05)
<_io.TextIOWrapper name='<stderr>' mode='w' encoding='utf-8'> node index is 283
train linear regression time:  0.048449833411723375
(average_diff:0.05443932371850703, max_diff:0.13703540531898853, training_epochs:500, lr:0.05)
<_io.TextIOWrapper name='<stderr>' mode='w' encoding='utf-8'> node index is 267
train linear regression time:  0.04812562512233853
(average_diff:0.1288910380928589, max_diff:0.28383351147030333, training_epochs:500, lr:0.05)
<_io.TextIOWrapper name='<stderr>' mode='w' encoding='utf-8'> node index is 225
train linear regression time:  0.04860604181885719
(average_diff:0.2539978039447868, max_diff:0.4392965321316611, training_epochs:500, lr:0.05)
<_io.TextIOWrapper name='<stderr>' mode='w' encoding='utf-8'> node index is 211
train linear regression time:  0.0487075001001358
(average_diff:0.02023751124206181, max_diff:0.04756907790160417, training_epochs:500, lr:0.05)
<_io.TextIOWrapper name='<stderr>' mode='w' encoding='utf-8'> node index is 185
train linear regression time:  0.04847137490287423
(average_diff:0.0052072118705922725, max_diff:0.013050749821847285, training_epochs:500, lr:0.05)
<_io.TextIOWrapper name='<stderr>' mode='w' encoding='utf-8'> node index is 177
train linear regression time:  0.04844016628339887
(average_diff:0.1980200683399222, max_diff:0.3930576302109468, training_epochs:500, lr:0.05)
<_io.TextIOWrapper name='<stderr>' mode='w' encoding='utf-8'> node index is 169
train linear regression time:  0.05317374970763922
(average_diff:0.0, max_diff:0.0, training_epochs:500, lr:0.05)
<_io.TextIOWrapper name='<stderr>' mode='w' encoding='utf-8'> node index is 159
train linear regression time:  0.05290912464261055
(average_diff:0.04106777908297447, max_diff:0.07270963634757083, training_epochs:500, lr:0.05)
<_io.TextIOWrapper name='<stderr>' mode='w' encoding='utf-8'> node index is 151
train linear regression time:  0.05088854115456343
(average_diff:0.03468149407269899, max_diff:0.07814997860154406, training_epochs:500, lr:0.05)
<_io.TextIOWrapper name='<stderr>' mode='w' encoding='utf-8'> node index is 135
train linear regression time:  0.048111208248883486
(average_diff:0.024835451469219942, max_diff:0.04259335909467066, training_epochs:500, lr:0.05)
<_io.TextIOWrapper name='<stderr>' mode='w' encoding='utf-8'> node index is 129
train linear regression time:  0.0483043328858912
(average_diff:0.023720267592605798, max_diff:0.08297392266689853, training_epochs:500, lr:0.05)
<_io.TextIOWrapper name='<stderr>' mode='w' encoding='utf-8'> node index is 119
train linear regression time:  0.04861495876684785
(average_diff:0.040870961749074654, max_diff:0.09811064496433475, training_epochs:500, lr:0.05)
<_io.TextIOWrapper name='<stderr>' mode='w' encoding='utf-8'> node index is 109
train linear regression time:  0.04832679172977805
(average_diff:0.0458362087831042, max_diff:0.16805548306058893, training_epochs:500, lr:0.05)
<_io.TextIOWrapper name='<stderr>' mode='w' encoding='utf-8'> node index is 99
train linear regression time:  0.048470166977494955
(average_diff:0.0692877910530328, max_diff:0.2844954853600663, training_epochs:500, lr:0.05)
<_io.TextIOWrapper name='<stderr>' mode='w' encoding='utf-8'> node index is 89
train linear regression time:  0.049313333816826344
(average_diff:0.004753066197889685, max_diff:0.060441722887572824, training_epochs:500, lr:0.05)
<_io.TextIOWrapper name='<stderr>' mode='w' encoding='utf-8'> node index is 69
train linear regression time:  0.04868945898488164
(average_diff:0.06673989437384027, max_diff:0.20616306027872897, training_epochs:500, lr:0.05)
<_io.TextIOWrapper name='<stderr>' mode='w' encoding='utf-8'> node index is 61
train linear regression time:  0.048564083874225616
(average_diff:0.026330609072555515, max_diff:0.06312648778411681, training_epochs:500, lr:0.05)
<_io.TextIOWrapper name='<stderr>' mode='w' encoding='utf-8'> node index is 53
train linear regression time:  0.04855624958872795
(average_diff:0.1276713492169011, max_diff:0.7577736343161725, training_epochs:500, lr:0.05)
<_io.TextIOWrapper name='<stderr>' mode='w' encoding='utf-8'> node index is 298
train linear regression time:  0.05543854180723429
<_io.TextIOWrapper name='<stderr>' mode='w' encoding='utf-8'> variance test passed, diff=0.021833150575801808, d = 0, back=0
<_io.TextIOWrapper name='<stderr>' mode='w' encoding='utf-8'> Will be split, p=0.021833150575801808, d=0, back=0
(average_diff:0.12513823313514594, max_diff:0.7394762960387772, training_epochs:500, lr:0.05)
<_io.TextIOWrapper name='<stderr>' mode='w' encoding='utf-8'> node index is 310
train linear regression time:  0.055971958208829165
(average_diff:0.062193555294299666, max_diff:0.1247675565048184, training_epochs:500, lr:0.05)
<_io.TextIOWrapper name='<stderr>' mode='w' encoding='utf-8'> node index is 311
train linear regression time:  0.04821608308702707
(average_diff:0.0038641377709642023, max_diff:0.007823820906595821, training_epochs:500, lr:0.05)
<_io.TextIOWrapper name='<stderr>' mode='w' encoding='utf-8'> node index is 299
train linear regression time:  0.047392542008310556
(average_diff:0.013647292730574653, max_diff:0.036094753563218146, training_epochs:500, lr:0.05)
<_io.TextIOWrapper name='<stderr>' mode='w' encoding='utf-8'> node index is 285
train linear regression time:  0.05028620921075344
(average_diff:0.0001333917934554322, max_diff:0.0001940459280885265, training_epochs:500, lr:0.05)
<_io.TextIOWrapper name='<stderr>' mode='w' encoding='utf-8'> node index is 269
train linear regression time:  0.04859841614961624
(average_diff:0.16373873734539854, max_diff:0.7253152752751866, training_epochs:500, lr:0.05)
<_io.TextIOWrapper name='<stderr>' mode='w' encoding='utf-8'> node index is 37
train linear regression time:  0.055694916751235723
<_io.TextIOWrapper name='<stderr>' mode='w' encoding='utf-8'> variance test passed, diff=0.01682846580989337, d = 1, back=0
<_io.TextIOWrapper name='<stderr>' mode='w' encoding='utf-8'> Will be split, p=0.01682846580989337, d=1, back=0
(average_diff:0.16094003849862354, max_diff:0.6658035956532944, training_epochs:500, lr:0.05)
<_io.TextIOWrapper name='<stderr>' mode='w' encoding='utf-8'> node index is 312
train linear regression time:  0.05622312519699335
(average_diff:0.02112857149143545, max_diff:0.053469155162925885, training_epochs:500, lr:0.05)
<_io.TextIOWrapper name='<stderr>' mode='w' encoding='utf-8'> node index is 313
train linear regression time:  0.04836133401840925
(average_diff:0.1915333608342528, max_diff:0.6982927444922883, training_epochs:500, lr:0.05)
<_io.TextIOWrapper name='<stderr>' mode='w' encoding='utf-8'> node index is 29
train linear regression time:  0.05705608380958438
(average_diff:0.16439181358481178, max_diff:0.7005737707210813, training_epochs:500, lr:0.05)
<_io.TextIOWrapper name='<stderr>' mode='w' encoding='utf-8'> node index is 300
train linear regression time:  0.05648133298382163
(average_diff:1.6653345369377348e-16, max_diff:2.220446049250313e-16, training_epochs:500, lr:0.05)
<_io.TextIOWrapper name='<stderr>' mode='w' encoding='utf-8'> node index is 301
train linear regression time:  0.04801783291622996
(average_diff:0.0007136433423880114, max_diff:0.0010325750457564897, training_epochs:500, lr:0.05)
<_io.TextIOWrapper name='<stderr>' mode='w' encoding='utf-8'> node index is 271
train linear regression time:  0.0481332503259182
(average_diff:0.00036525183973394604, max_diff:0.0005342836981678811, training_epochs:500, lr:0.05)
<_io.TextIOWrapper name='<stderr>' mode='w' encoding='utf-8'> node index is 253
train linear regression time:  0.04843266727402806
(average_diff:6.938893903907228e-17, max_diff:6.938893903907228e-17, training_epochs:500, lr:0.05)
<_io.TextIOWrapper name='<stderr>' mode='w' encoding='utf-8'> node index is 227
train linear regression time:  0.05092904111370444
(average_diff:3.3306690738754696e-16, max_diff:4.996003610813204e-16, training_epochs:500, lr:0.05)
<_io.TextIOWrapper name='<stderr>' mode='w' encoding='utf-8'> node index is 213
train linear regression time:  0.055916750337928534
(average_diff:0.0017446398095528615, max_diff:0.004261908388583535, training_epochs:500, lr:0.05)
<_io.TextIOWrapper name='<stderr>' mode='w' encoding='utf-8'> node index is 201
train linear regression time:  0.04980604210868478
(average_diff:0.0, max_diff:0.0, training_epochs:500, lr:0.05)
<_io.TextIOWrapper name='<stderr>' mode='w' encoding='utf-8'> node index is 193
train linear regression time:  0.048768708016723394
(average_diff:0.019105497512714967, max_diff:0.03385110497008659, training_epochs:500, lr:0.05)
<_io.TextIOWrapper name='<stderr>' mode='w' encoding='utf-8'> node index is 187
train linear regression time:  0.048667124938219786
(average_diff:0.02309303611845644, max_diff:0.03555266218624342, training_epochs:500, lr:0.05)
<_io.TextIOWrapper name='<stderr>' mode='w' encoding='utf-8'> node index is 179
train linear regression time:  0.04816229222342372
(average_diff:5.551115123125783e-17, max_diff:5.551115123125783e-17, training_epochs:500, lr:0.05)
<_io.TextIOWrapper name='<stderr>' mode='w' encoding='utf-8'> node index is 171
train linear regression time:  0.0487452088855207
(average_diff:0.0, max_diff:0.0, training_epochs:500, lr:0.05)
<_io.TextIOWrapper name='<stderr>' mode='w' encoding='utf-8'> node index is 161
train linear regression time:  0.048093708232045174
(average_diff:0.145806828644138, max_diff:0.6788486673543752, training_epochs:500, lr:0.05)
<_io.TextIOWrapper name='<stderr>' mode='w' encoding='utf-8'> node index is 302
train linear regression time:  0.056010833010077477
<_io.TextIOWrapper name='<stderr>' mode='w' encoding='utf-8'> variance test passed, diff=0.019915540360535264, d = 1, back=0
<_io.TextIOWrapper name='<stderr>' mode='w' encoding='utf-8'> variance test passed, diff=0.04131999740646258, d = 2, back=0
<_io.TextIOWrapper name='<stderr>' mode='w' encoding='utf-8'> Will be split, p=0.04131999740646258, d=2, back=0
(average_diff:0.14195463245399811, max_diff:0.6743498813269381, training_epochs:500, lr:0.05)
<_io.TextIOWrapper name='<stderr>' mode='w' encoding='utf-8'> node index is 314
train linear regression time:  0.056407957803457975
(average_diff:0.004080119013496614, max_diff:0.00821745881526137, training_epochs:500, lr:0.05)
<_io.TextIOWrapper name='<stderr>' mode='w' encoding='utf-8'> node index is 315
train linear regression time:  0.04849287495017052
(average_diff:5.551115123125783e-17, max_diff:1.1102230246251565e-16, training_epochs:500, lr:0.05)
<_io.TextIOWrapper name='<stderr>' mode='w' encoding='utf-8'> node index is 303
train linear regression time:  0.048039874993264675
(average_diff:0.01250892238366838, max_diff:0.014384114208425114, training_epochs:500, lr:0.05)
<_io.TextIOWrapper name='<stderr>' mode='w' encoding='utf-8'> node index is 287
train linear regression time:  0.04873350029811263
(average_diff:1.1102230246251565e-16, max_diff:1.1102230246251565e-16, training_epochs:500, lr:0.05)
<_io.TextIOWrapper name='<stderr>' mode='w' encoding='utf-8'> node index is 273
train linear regression time:  0.049386541824787855
(average_diff:0.003491181535096116, max_diff:0.007298711593485274, training_epochs:500, lr:0.05)
<_io.TextIOWrapper name='<stderr>' mode='w' encoding='utf-8'> node index is 255
train linear regression time:  0.04805870773270726
(average_diff:5.551115123125783e-17, max_diff:1.1102230246251565e-16, training_epochs:500, lr:0.05)
<_io.TextIOWrapper name='<stderr>' mode='w' encoding='utf-8'> node index is 241
train linear regression time:  0.04870674991980195
(average_diff:0.014984279588822891, max_diff:0.01960199558767861, training_epochs:500, lr:0.05)
<_io.TextIOWrapper name='<stderr>' mode='w' encoding='utf-8'> node index is 229
train linear regression time:  0.04934508306905627
(average_diff:0.0014546516479962968, max_diff:0.0024965605358280296, training_epochs:500, lr:0.05)
<_io.TextIOWrapper name='<stderr>' mode='w' encoding='utf-8'> node index is 215
train linear regression time:  0.04745633387938142
(average_diff:0.015452591971563364, max_diff:0.029042081618738114, training_epochs:500, lr:0.05)
<_io.TextIOWrapper name='<stderr>' mode='w' encoding='utf-8'> node index is 203
train linear regression time:  0.04843625007197261
(average_diff:1.4729163444471283e-09, max_diff:1.4874215192861584e-09, training_epochs:500, lr:0.05)
<_io.TextIOWrapper name='<stderr>' mode='w' encoding='utf-8'> node index is 195
train linear regression time:  0.04805074958130717
(average_diff:2.3407202102513716e-15, max_diff:3.58046925441613e-15, training_epochs:500, lr:0.05)
<_io.TextIOWrapper name='<stderr>' mode='w' encoding='utf-8'> node index is 7
train linear regression time:  0.04971399996429682
(average_diff:0.08664965729440136, max_diff:0.2564075453759177, training_epochs:500, lr:0.05)
<_io.TextIOWrapper name='<stderr>' mode='w' encoding='utf-8'> node index is 5
train linear regression time:  0.05156508320942521
testFringe time:  7.49129854189232
<_io.TextIOWrapper name='<stderr>' mode='w' encoding='utf-8'> =============== update finished ===============

*** Writing Game File 37***

<_io.TextIOWrapper name='../print_tree_record_numpy/print_DR_boost_linear_tree_split.txt' mode='w' encoding='UTF-8'> idx1(Q:0.3989, distinct_name:0, dictinctin_value:2.569683891588169, par:None)
	idx4(Q:0.3997, distinct_name:0, dictinctin_value:2.507749956207568, par:1)
		idx6(Q:0.3995, distinct_name:0, dictinctin_value:-0.050698982385153205, par:4)
			idx8(Q:0.4612, distinct_name:0, dictinctin_value:-0.5002368440471089, par:6)
				idx10(Q:0.5100, distinct_name:3, dictinctin_value:0.7373220788164561, par:8)
					idx12(Q:0.4856, distinct_name:1, dictinctin_value:0.8498558206992594, par:10)
						idx18(Q:0.4314, distinct_name:2, dictinctin_value:0.8559921607301466, par:12)
							idx24(Q:0.4255, distinct_name:0, dictinctin_value:-0.5901212893723445, par:18)
								idx30(Q:0.4348, distinct_name:2, dictinctin_value:0.5095422779981766, par:24)
									idx38(Q:0.4584, distinct_name:2, dictinctin_value:0.24909091887867726, par:30)
										idx44(Q:0.4953, distinct_name:2, dictinctin_value:-0.06052347242753761, par:38)
											idx54(Q:0.5403, distinct_name:2, dictinctin_value:-0.16873413911779458, par:44)
												idx62(Q:0.5653, distinct_name:2, dictinctin_value:-0.3117760123070312, par:54)
													idx70(Q:0.5982, distinct_name:2, dictinctin_value:-0.36929151673896154, par:62)
														idx76(Q:0.6237, distinct_name:2, dictinctin_value:-0.4513587540231024, par:70)
															idx82(Q:0.6586, distinct_name:2, dictinctin_value:-0.49926091712096626, par:76)
																idx90(Q:0.6738, distinct_name:2, dictinctin_value:-0.5261921216626007, par:82)
																	idx100(Q:0.6846, distinct_name:2, dictinctin_value:-0.5682634996789567, par:90)
																		idx110(Q:0.7011, distinct_name:2, dictinctin_value:-0.576514535000767, par:100)
																			idx120(Q:0.7073, par:110)
																			idx121(Q:0.4001, par:110)
																		idx111(Q:0.3552, par:100)
																	idx101(Q:0.3513, par:90)
																idx91(Q:0.3311, par:82)
															idx83(Q:0.2944, par:76)
														idx77(Q:0.2796, par:70)
													idx71(Q:0.2787, par:62)
												idx63(Q:0.2389, par:54)
											idx55(Q:0.2354, par:44)
										idx45(Q:0.2220, par:38)
									idx39(Q:0.2889, par:30)
								idx31(Q:0.3471, par:24)
							idx25(Q:0.4586, distinct_name:0, dictinctin_value:-0.5389580903277561, par:18)
								idx216(Q:0.4614, distinct_name:0, dictinctin_value:-0.5573162410999996, par:25)
									idx230(Q:0.4646, distinct_name:0, dictinctin_value:-0.5917620279880862, par:216)
										idx242(Q:0.4788, distinct_name:1, dictinctin_value:0.8127647407611875, par:230)
											idx256(Q:0.4733, distinct_name:0, dictinctin_value:-0.6131626140571143, par:242)
												idx288(Q:0.4784, distinct_name:0, dictinctin_value:-0.7076582377440916, par:256)
													idx304(Q:0.4959, par:288)
													idx305(Q:0.2604, par:288)
												idx289(Q:0.1966, par:256)
											idx257(Q:0.6802, par:242)
										idx243(Q:0.1433, par:230)
									idx231(Q:0.0898, par:216)
								idx217(Q:0.3907, par:25)
						idx19(Q:0.7233, distinct_name:0, dictinctin_value:-0.5046072639210131, par:12)
							idx152(Q:0.7232, distinct_name:2, dictinctin_value:1.74305991171075, par:19)
								idx162(Q:0.7109, distinct_name:2, dictinctin_value:1.5651912903147052, par:152)
									idx172(Q:0.6992, distinct_name:2, dictinctin_value:1.0939968976733132, par:162)
										idx180(Q:0.6754, distinct_name:2, dictinctin_value:0.9064820637809338, par:172)
											idx188(Q:0.6672, distinct_name:2, dictinctin_value:0.8130327408821636, par:180)
												idx196(Q:0.6587, distinct_name:2, dictinctin_value:0.714578820015968, par:188)
													idx204(Q:0.6585, distinct_name:0, dictinctin_value:-0.5137296726081428, par:196)
														idx218(Q:0.6570, distinct_name:2, dictinctin_value:0.4860989258104936, par:204)
															idx232(Q:0.6586, distinct_name:1, dictinctin_value:2.2330900660097845, par:218)
																idx244(Q:0.6521, distinct_name:2, dictinctin_value:0.44559578649865966, par:232)
																	idx258(Q:0.6425, distinct_name:2, dictinctin_value:0.32419638005931734, par:244)
																		idx274(Q:0.6396, distinct_name:0, dictinctin_value:-0.5233031664270825, par:258)
																			idx290(Q:0.6398, par:274)
																			idx291(Q:0.6173, par:274)
																		idx275(Q:0.7402, par:258)
																	idx259(Q:0.9001, par:244)
																idx245(Q:0.8923, par:232)
															idx233(Q:0.6349, par:218)
														idx219(Q:0.8415, par:204)
													idx205(Q:0.6639, par:196)
												idx197(Q:0.8789, par:188)
											idx189(Q:0.8530, par:180)
										idx181(Q:0.9930, par:172)
									idx173(Q:1.0000, par:162)
								idx163(Q:1.0990, par:152)
							idx153(Q:0.7365, par:19)
					idx13(Q:0.5844, distinct_name:2, dictinctin_value:1.929601246827043, par:10)
						idx92(Q:0.5727, distinct_name:1, dictinctin_value:1.2557733390904973, par:13)
							idx102(Q:0.5427, distinct_name:2, dictinctin_value:1.4527612583425853, par:92)
								idx112(Q:0.5259, distinct_name:2, dictinctin_value:1.3531114404933846, par:102)
									idx122(Q:0.5249, distinct_name:2, dictinctin_value:1.0639310625609943, par:112)
										idx130(Q:0.5106, distinct_name:2, dictinctin_value:0.8759607452183222, par:122)
											idx136(Q:0.5067, distinct_name:2, dictinctin_value:0.6228991526328211, par:130)
												idx142(Q:0.5005, distinct_name:2, dictinctin_value:0.4885947458466264, par:136)
													idx146(Q:0.4911, distinct_name:1, dictinctin_value:1.1059975491047376, par:142)
														idx148(Q:0.4800, distinct_name:3, dictinctin_value:2.363964647313972, par:146)
															idx154(Q:0.4675, distinct_name:3, dictinctin_value:1.536573712246935, par:148)
																idx164(Q:0.4491, distinct_name:1, dictinctin_value:0.49075596239548774, par:154)
																	idx206(Q:0.4159, distinct_name:3, dictinctin_value:1.525286896575752, par:164)
																		idx220(Q:0.4158, distinct_name:2, dictinctin_value:0.38874536608000104, par:206)
																			idx234(Q:0.4205, par:220)
																			idx235(Q:0.2794, par:220)
																		idx221(Q:0.4195, par:206)
																	idx207(Q:0.6625, par:164)
																idx165(Q:0.5804, par:154)
															idx155(Q:0.7353, par:148)
														idx149(Q:0.7311, par:146)
													idx147(Q:0.6058, par:142)
												idx143(Q:0.5881, par:136)
											idx137(Q:0.5862, par:130)
										idx131(Q:0.7896, par:122)
									idx123(Q:0.5539, par:112)
								idx113(Q:0.8561, par:102)
							idx103(Q:0.9547, par:92)
						idx93(Q:1.0454, par:13)
				idx11(Q:0.3755, distinct_name:3, dictinctin_value:1.284568987543642, par:8)
					idx32(Q:0.3509, distinct_name:3, dictinctin_value:0.5763111575206541, par:11)
						idx40(Q:0.3344, distinct_name:2, dictinctin_value:1.4159847670297276, par:32)
							idx46(Q:0.3258, distinct_name:2, dictinctin_value:0.8764611652526798, par:40)
								idx56(Q:0.3345, distinct_name:2, dictinctin_value:0.6776552612944613, par:46)
									idx64(Q:0.3400, distinct_name:0, dictinctin_value:-0.10007893227380851, par:56)
										idx72(Q:0.3371, distinct_name:2, dictinctin_value:0.481251420222257, par:64)
											idx78(Q:0.3491, distinct_name:2, dictinctin_value:0.43236682950932387, par:72)
												idx84(Q:0.3556, distinct_name:2, dictinctin_value:0.2322739018313544, par:78)
													idx94(Q:0.3791, distinct_name:2, dictinctin_value:0.1692901075380102, par:84)
														idx104(Q:0.3912, distinct_name:2, dictinctin_value:0.044622068949871425, par:94)
															idx114(Q:0.4120, distinct_name:2, dictinctin_value:-0.04421252452423217, par:104)
																idx124(Q:0.4343, distinct_name:2, dictinctin_value:-0.12551407150931976, par:114)
																	idx132(Q:0.4539, distinct_name:2, dictinctin_value:-0.16179863391045127, par:124)
																		idx138(Q:0.4632, distinct_name:2, dictinctin_value:-0.1987692173924826, par:132)
																			idx144(Q:0.4841, par:138)
																			idx145(Q:0.1461, par:138)
																		idx139(Q:0.1770, par:132)
																	idx133(Q:0.1767, par:124)
																idx125(Q:0.1187, par:114)
															idx115(Q:0.1897, par:104)
														idx105(Q:0.1593, par:94)
													idx95(Q:0.1322, par:84)
												idx85(Q:0.1706, par:78)
											idx79(Q:0.1950, par:72)
										idx73(Q:0.3724, par:64)
									idx65(Q:0.2635, par:56)
								idx57(Q:0.2756, par:46)
							idx47(Q:0.4163, par:40)
						idx41(Q:0.4179, distinct_name:3, dictinctin_value:1.2541204520301295, par:32)
							idx246(Q:0.4139, distinct_name:0, dictinctin_value:-0.05401988313827026, par:41)
								idx260(Q:0.4162, distinct_name:2, dictinctin_value:2.0807886731763334, par:246)
									idx276(Q:0.4064, distinct_name:2, dictinctin_value:1.8994422532815647, par:260)
										idx292(Q:0.3976, distinct_name:1, dictinctin_value:1.2716943858922887, par:276)
											idx306(Q:0.3747, par:292)
											idx307(Q:0.7241, par:292)
										idx293(Q:0.8758, par:276)
									idx277(Q:0.9535, par:260)
								idx261(Q:0.1560, par:246)
							idx247(Q:0.5663, par:41)
					idx33(Q:0.5895, par:11)
			idx9(Q:0.3423, distinct_name:1, dictinctin_value:1.4532912275447858, par:6)
				idx14(Q:0.3245, distinct_name:0, dictinctin_value:0.6708677617788001, par:9)
					idx16(Q:0.3379, distinct_name:0, dictinctin_value:0.5219929201544601, par:14)
						idx20(Q:0.3433, distinct_name:0, dictinctin_value:0.38200451643824146, par:16)
							idx26(Q:0.3562, distinct_name:0, dictinctin_value:0.29175973898130836, par:20)
								idx34(Q:0.3571, distinct_name:3, dictinctin_value:1.2405945003824483, par:26)
									idx42(Q:0.3232, distinct_name:2, dictinctin_value:1.6139678071673451, par:34)
										idx48(Q:0.3171, distinct_name:1, dictinctin_value:1.0148453699076618, par:42)
											idx58(Q:0.3049, distinct_name:2, dictinctin_value:0.8422101128546527, par:48)
												idx66(Q:0.3115, distinct_name:2, dictinctin_value:0.5718071591898053, par:58)
													idx74(Q:0.3225, distinct_name:2, dictinctin_value:0.3335199702259944, par:66)
														idx80(Q:0.3513, distinct_name:2, dictinctin_value:0.2585267021680285, par:74)
															idx86(Q:0.3591, distinct_name:2, dictinctin_value:0.13295569297273957, par:80)
																idx96(Q:0.3791, distinct_name:2, dictinctin_value:0.0933394603867821, par:86)
																	idx106(Q:0.3857, distinct_name:2, dictinctin_value:0.047951172568074005, par:96)
																		idx116(Q:0.3938, distinct_name:2, dictinctin_value:-0.0025517231675584334, par:106)
																			idx126(Q:0.4026, par:116)
																			idx127(Q:0.1245, par:116)
																		idx117(Q:0.1691, par:106)
																	idx107(Q:0.1199, par:96)
																idx97(Q:0.1227, par:86)
															idx87(Q:0.1962, par:80)
														idx81(Q:0.1536, par:74)
													idx75(Q:0.1889, par:66)
												idx67(Q:0.2704, par:58)
											idx59(Q:0.4285, par:48)
										idx49(Q:0.4351, par:42)
									idx43(Q:0.5545, par:34)
								idx35(Q:0.3526, distinct_name:1, dictinctin_value:1.344826515865718, par:26)
									idx236(Q:0.3499, distinct_name:3, dictinctin_value:1.6897348587436034, par:35)
										idx248(Q:0.3374, distinct_name:1, dictinctin_value:1.2341402111364463, par:236)
											idx262(Q:0.3395, distinct_name:3, dictinctin_value:1.3356049450605056, par:248)
												idx278(Q:0.3392, distinct_name:2, dictinctin_value:1.6241822054726756, par:262)
													idx294(Q:0.3303, par:278)
													idx295(Q:0.5179, par:278)
												idx279(Q:0.3495, par:262)
											idx263(Q:0.2222, par:248)
										idx249(Q:0.6936, par:236)
									idx237(Q:0.5098, par:35)
							idx27(Q:0.2977, distinct_name:2, dictinctin_value:1.5527241962490086, par:20)
								idx156(Q:0.2925, distinct_name:0, dictinctin_value:0.5137061072990365, par:27)
									idx166(Q:0.2967, distinct_name:0, dictinctin_value:0.5083060291160676, par:156)
										idx174(Q:0.2961, distinct_name:1, dictinctin_value:1.235555391656205, par:166)
											idx182(Q:0.2946, distinct_name:0, dictinctin_value:0.499318407708209, par:174)
												idx190(Q:0.2983, distinct_name:3, dictinctin_value:1.6437138459193195, par:182)
													idx198(Q:0.2928, distinct_name:0, dictinctin_value:0.4978828276393789, par:190)
														idx208(Q:0.2933, distinct_name:2, dictinctin_value:1.3588453420210258, par:198)
															idx222(Q:0.2874, distinct_name:2, dictinctin_value:0.9721483625475897, par:208)
																idx238(Q:0.2883, distinct_name:0, dictinctin_value:0.4972801494332726, par:222)
																	idx250(Q:0.2833, distinct_name:2, dictinctin_value:0.944961054171824, par:238)
																		idx264(Q:0.2891, distinct_name:2, dictinctin_value:0.872803430709856, par:250)
																			idx280(Q:0.2939, par:264)
																			idx281(Q:0.2171, par:264)
																		idx265(Q:0.0703, par:250)
																	idx251(Q:0.5718, par:238)
																idx239(Q:0.2743, par:222)
															idx223(Q:0.4758, par:208)
														idx209(Q:0.2388, par:198)
													idx199(Q:0.5336, par:190)
												idx191(Q:0.2494, par:182)
											idx183(Q:0.3709, par:174)
										idx175(Q:0.3108, par:166)
									idx167(Q:0.2432, par:156)
								idx157(Q:0.5138, par:27)
						idx21(Q:0.3134, distinct_name:1, dictinctin_value:1.3201670622027022, par:16)
							idx150(Q:0.3123, distinct_name:1, dictinctin_value:1.2234607090751204, par:21)
								idx158(Q:0.3126, distinct_name:1, dictinctin_value:1.0226433736171432, par:150)
									idx168(Q:0.3032, distinct_name:0, dictinctin_value:0.6649352976939671, par:158)
										idx176(Q:0.3000, distinct_name:2, dictinctin_value:1.8028367177150562, par:168)
											idx184(Q:0.2998, distinct_name:3, dictinctin_value:1.321083281680176, par:176)
												idx210(Q:0.2811, distinct_name:1, dictinctin_value:0.7493197611500411, par:184)
													idx224(Q:0.2787, distinct_name:2, dictinctin_value:1.1954012588052898, par:210)
														idx266(Q:0.2769, distinct_name:1, dictinctin_value:0.6035401367847275, par:224)
															idx282(Q:0.2835, distinct_name:1, dictinctin_value:0.5166827335099701, par:266)
																idx296(Q:0.2864, distinct_name:0, dictinctin_value:0.663963378246939, par:282)
																	idx308(Q:0.2815, par:296)
																	idx309(Q:0.7765, par:296)
																idx297(Q:0.2084, par:282)
															idx283(Q:0.1398, par:266)
														idx267(Q:0.3004, par:224)
													idx225(Q:0.3026, par:210)
												idx211(Q:0.5249, par:184)
											idx185(Q:0.3046, par:176)
										idx177(Q:0.3835, par:168)
									idx169(Q:0.5192, par:158)
								idx159(Q:0.2851, par:150)
							idx151(Q:0.3573, par:21)
					idx17(Q:0.3100, distinct_name:3, dictinctin_value:0.8871619234739136, par:14)
						idx22(Q:0.2831, distinct_name:1, dictinctin_value:0.895274831679809, par:17)
							idx28(Q:0.2677, distinct_name:3, dictinctin_value:0.4147697243292515, par:22)
								idx36(Q:0.2589, distinct_name:3, dictinctin_value:-0.009439492879810042, par:28)
									idx50(Q:0.2579, distinct_name:0, dictinctin_value:2.3121117874404824, par:36)
										idx52(Q:0.2598, distinct_name:0, dictinctin_value:1.9483716250181808, par:50)
											idx60(Q:0.2628, distinct_name:3, dictinctin_value:-0.018025248765568658, par:52)
												idx68(Q:0.2722, distinct_name:2, dictinctin_value:0.8033765660185509, par:60)
													idx88(Q:0.2757, distinct_name:2, dictinctin_value:0.6003623148969123, par:68)
														idx98(Q:0.2832, distinct_name:2, dictinctin_value:0.5329635912790776, par:88)
															idx108(Q:0.2918, distinct_name:2, dictinctin_value:0.3621996786015208, par:98)
																idx118(Q:0.3056, distinct_name:3, dictinctin_value:-0.05260374571449391, par:108)
																	idx128(Q:0.3087, distinct_name:2, dictinctin_value:0.22149263805201816, par:118)
																		idx134(Q:0.3239, distinct_name:2, dictinctin_value:0.13324256965432388, par:128)
																			idx140(Q:0.3384, par:134)
																			idx141(Q:0.1330, par:134)
																		idx135(Q:0.1426, par:128)
																	idx129(Q:0.2163, par:118)
																idx119(Q:0.1477, par:108)
															idx109(Q:0.1594, par:98)
														idx99(Q:0.1749, par:88)
													idx89(Q:0.2597, par:68)
												idx69(Q:0.1888, par:60)
											idx61(Q:0.1991, par:52)
										idx53(Q:0.1623, par:50)
									idx51(Q:0.2623, distinct_name:0, dictinctin_value:2.2255864685353126, par:36)
										idx268(Q:0.2609, distinct_name:0, dictinctin_value:1.8770234609938123, par:51)
											idx284(Q:0.2645, distinct_name:1, dictinctin_value:0.8208254329434517, par:268)
												idx298(Q:0.2669, distinct_name:0, dictinctin_value:1.7199871451158526, par:284)
													idx310(Q:0.2692, par:298)
													idx311(Q:0.2090, par:298)
												idx299(Q:0.2035, par:284)
											idx285(Q:0.1958, par:268)
										idx269(Q:0.3171, par:51)
								idx37(Q:0.3114, distinct_name:1, dictinctin_value:0.7946772031835798, par:28)
									idx312(Q:0.3025, par:37)
									idx313(Q:0.4600, par:37)
							idx29(Q:0.3838, par:22)
						idx23(Q:0.4572, distinct_name:0, dictinctin_value:2.1444723574903684, par:17)
							idx160(Q:0.4593, distinct_name:0, dictinctin_value:2.133798778100152, par:23)
								idx170(Q:0.4601, distinct_name:2, dictinctin_value:1.564504591409782, par:160)
									idx178(Q:0.4403, distinct_name:2, dictinctin_value:1.4113473869711974, par:170)
										idx186(Q:0.4323, distinct_name:0, dictinctin_value:2.1063540893171067, par:178)
											idx192(Q:0.4333, distinct_name:2, dictinctin_value:1.2195161175228741, par:186)
												idx200(Q:0.4287, distinct_name:0, dictinctin_value:1.9676721667093595, par:192)
													idx212(Q:0.4277, distinct_name:0, dictinctin_value:1.8926417272552991, par:200)
														idx226(Q:0.4310, distinct_name:0, dictinctin_value:1.7713311316515392, par:212)
															idx252(Q:0.4382, distinct_name:1, dictinctin_value:1.3213229930390704, par:226)
																idx270(Q:0.4323, distinct_name:0, dictinctin_value:1.7442155745503336, par:252)
																	idx300(Q:0.4280, par:270)
																	idx301(Q:0.6548, par:270)
																idx271(Q:0.6417, par:252)
															idx253(Q:0.1744, par:226)
														idx227(Q:0.0541, par:212)
													idx213(Q:0.4691, par:200)
												idx201(Q:0.5386, par:192)
											idx193(Q:0.3129, par:186)
										idx187(Q:0.6809, par:178)
									idx179(Q:0.8729, par:170)
								idx171(Q:0.3511, par:160)
							idx161(Q:0.1799, par:23)
				idx15(Q:0.5802, distinct_name:2, dictinctin_value:1.9938158806166744, par:9)
					idx194(Q:0.5735, distinct_name:3, dictinctin_value:2.0149638943737203, par:15)
						idx202(Q:0.5571, distinct_name:3, dictinctin_value:1.626087400144554, par:194)
							idx214(Q:0.5513, distinct_name:1, dictinctin_value:2.6727016574162166, par:202)
								idx228(Q:0.5320, distinct_name:2, dictinctin_value:1.776904010924299, par:214)
									idx240(Q:0.5256, distinct_name:2, dictinctin_value:1.4203463682180766, par:228)
										idx254(Q:0.5115, distinct_name:0, dictinctin_value:2.115573493736756, par:240)
											idx272(Q:0.5098, distinct_name:2, dictinctin_value:1.306259966260203, par:254)
												idx286(Q:0.4992, distinct_name:2, dictinctin_value:1.2529155214914378, par:272)
													idx302(Q:0.4932, distinct_name:2, dictinctin_value:0.808199081795812, par:286)
														idx314(Q:0.4783, par:302)
														idx315(Q:0.8655, par:302)
													idx303(Q:0.8104, par:286)
												idx287(Q:0.7919, par:272)
											idx273(Q:0.6978, par:254)
										idx255(Q:0.9152, par:240)
									idx241(Q:0.9017, par:228)
								idx229(Q:1.0042, par:214)
							idx215(Q:0.7337, par:202)
						idx203(Q:0.9177, par:194)
					idx195(Q:1.0231, par:15)
		idx7(Q:0.5135, par:4)
	idx5(Q:0.2634, par:1)
