WARNING:tensorflow:From /Users/keithwu/opt/anaconda3/envs/auction-gym/lib/python3.10/site-packages/tensorflow/python/compat/v2_compat.py:107: disable_resource_variables (from tensorflow.python.ops.variable_scope) is deprecated and will be removed in a future version.
Instructions for updating:
non-resource variables are not supported in the long term
<_io.TextIOWrapper name='<stderr>' mode='w' encoding='utf-8'> reading from ../UTree_model_numpy/DR/model_boost_linear_qsplit_noabs_save/, starting at 47
<_io.TextIOWrapper name='<stderr>' mode='w' encoding='utf-8'> =============== update starts ===============
(average_diff:0.001220494073761319, max_diff:0.002331921538240578, training_epochs:500, lr:0.05)
<_io.TextIOWrapper name='<stderr>' mode='w' encoding='utf-8'> node index is 111
train linear regression time:  0.04827400017529726
(average_diff:0.0008441428168588505, max_diff:0.001544286375387005, training_epochs:500, lr:0.05)
<_io.TextIOWrapper name='<stderr>' mode='w' encoding='utf-8'> node index is 101
train linear regression time:  0.047234832774847746
(average_diff:0.0029943670623522496, max_diff:0.009516082906653178, training_epochs:500, lr:0.05)
<_io.TextIOWrapper name='<stderr>' mode='w' encoding='utf-8'> node index is 91
train linear regression time:  0.04787862487137318
(average_diff:0.014150996383570326, max_diff:0.1524445839946599, training_epochs:500, lr:0.05)
<_io.TextIOWrapper name='<stderr>' mode='w' encoding='utf-8'> node index is 83
train linear regression time:  0.04793308302760124
(average_diff:0.022184437583506925, max_diff:0.12170717230662476, training_epochs:500, lr:0.05)
<_io.TextIOWrapper name='<stderr>' mode='w' encoding='utf-8'> node index is 77
train linear regression time:  0.048048332799226046
(average_diff:0.04042530608829995, max_diff:0.19116541809188886, training_epochs:500, lr:0.05)
<_io.TextIOWrapper name='<stderr>' mode='w' encoding='utf-8'> node index is 71
train linear regression time:  0.048158792313188314
(average_diff:0.0544345658897627, max_diff:0.1902355699328428, training_epochs:500, lr:0.05)
<_io.TextIOWrapper name='<stderr>' mode='w' encoding='utf-8'> node index is 63
train linear regression time:  0.05035874992609024
(average_diff:0.0674923978433662, max_diff:0.28259835073723905, training_epochs:500, lr:0.05)
<_io.TextIOWrapper name='<stderr>' mode='w' encoding='utf-8'> node index is 55
train linear regression time:  0.05614687502384186
(average_diff:0.0642532962547659, max_diff:0.2556918166941814, training_epochs:500, lr:0.05)
<_io.TextIOWrapper name='<stderr>' mode='w' encoding='utf-8'> node index is 45
train linear regression time:  0.05298408307135105
(average_diff:0.0692581664829983, max_diff:0.36722045472518866, training_epochs:500, lr:0.05)
<_io.TextIOWrapper name='<stderr>' mode='w' encoding='utf-8'> node index is 39
train linear regression time:  0.055267791729420424
(average_diff:0.09714674040462395, max_diff:0.32177847712758106, training_epochs:500, lr:0.05)
<_io.TextIOWrapper name='<stderr>' mode='w' encoding='utf-8'> node index is 31
train linear regression time:  0.04874770902097225
(average_diff:1.887379141862766e-15, max_diff:1.9984014443252818e-15, training_epochs:500, lr:0.05)
<_io.TextIOWrapper name='<stderr>' mode='w' encoding='utf-8'> node index is 369
train linear regression time:  0.047393625136464834
(average_diff:0.00017847437120521725, max_diff:0.00027303253794963567, training_epochs:500, lr:0.05)
<_io.TextIOWrapper name='<stderr>' mode='w' encoding='utf-8'> node index is 355
train linear regression time:  0.04900733381509781
(average_diff:4.8289010607475515e-05, max_diff:6.896158229702243e-05, training_epochs:500, lr:0.05)
<_io.TextIOWrapper name='<stderr>' mode='w' encoding='utf-8'> node index is 341
train linear regression time:  0.04771583387628198
(average_diff:0.009813744012100323, max_diff:0.01969299525412127, training_epochs:500, lr:0.05)
<_io.TextIOWrapper name='<stderr>' mode='w' encoding='utf-8'> node index is 329
train linear regression time:  0.04790208302438259
(average_diff:0.007390815718592309, max_diff:0.012799595825983612, training_epochs:500, lr:0.05)
<_io.TextIOWrapper name='<stderr>' mode='w' encoding='utf-8'> node index is 317
train linear regression time:  0.04707579128444195
(average_diff:0.0632825622809933, max_diff:0.1523428267741158, training_epochs:500, lr:0.05)
<_io.TextIOWrapper name='<stderr>' mode='w' encoding='utf-8'> node index is 305
train linear regression time:  0.0480102919973433
(average_diff:6.584802147990843e-13, max_diff:6.798589469170224e-13, training_epochs:500, lr:0.05)
<_io.TextIOWrapper name='<stderr>' mode='w' encoding='utf-8'> node index is 289
train linear regression time:  0.048145417124032974
(average_diff:0.002351536084779915, max_diff:0.004073127177111613, training_epochs:500, lr:0.05)
<_io.TextIOWrapper name='<stderr>' mode='w' encoding='utf-8'> node index is 257
train linear regression time:  0.04871333297342062
(average_diff:0.057231272672453225, max_diff:0.1322812361638947, training_epochs:500, lr:0.05)
<_io.TextIOWrapper name='<stderr>' mode='w' encoding='utf-8'> node index is 243
train linear regression time:  0.047482124995440245
(average_diff:0.05275881735247703, max_diff:0.08035858172785684, training_epochs:500, lr:0.05)
<_io.TextIOWrapper name='<stderr>' mode='w' encoding='utf-8'> node index is 231
train linear regression time:  0.04884745832532644
(average_diff:0.06584599116127088, max_diff:0.11074180198905309, training_epochs:500, lr:0.05)
<_io.TextIOWrapper name='<stderr>' mode='w' encoding='utf-8'> node index is 217
train linear regression time:  0.04856962477788329
(average_diff:0.007071819526699596, max_diff:0.01530642740641075, training_epochs:500, lr:0.05)
<_io.TextIOWrapper name='<stderr>' mode='w' encoding='utf-8'> node index is 275
train linear regression time:  0.04873087489977479
(average_diff:0.00015609321183709945, max_diff:0.00031234315778239097, training_epochs:500, lr:0.05)
<_io.TextIOWrapper name='<stderr>' mode='w' encoding='utf-8'> node index is 259
train linear regression time:  0.04747437499463558
(average_diff:0.003662243358915379, max_diff:0.006159086997611807, training_epochs:500, lr:0.05)
<_io.TextIOWrapper name='<stderr>' mode='w' encoding='utf-8'> node index is 245
train linear regression time:  0.04772304184734821
(average_diff:0.009303981296354442, max_diff:0.019195117248240745, training_epochs:500, lr:0.05)
<_io.TextIOWrapper name='<stderr>' mode='w' encoding='utf-8'> node index is 233
train linear regression time:  0.047172749880701303
(average_diff:1.0547118733938987e-15, max_diff:1.4432899320127035e-15, training_epochs:500, lr:0.05)
<_io.TextIOWrapper name='<stderr>' mode='w' encoding='utf-8'> node index is 219
train linear regression time:  0.04749145917594433
(average_diff:0.010998779073206214, max_diff:0.019001864154959303, training_epochs:500, lr:0.05)
<_io.TextIOWrapper name='<stderr>' mode='w' encoding='utf-8'> node index is 205
train linear regression time:  0.04760679183527827
(average_diff:0.0012367794889464267, max_diff:0.002471574988410108, training_epochs:500, lr:0.05)
<_io.TextIOWrapper name='<stderr>' mode='w' encoding='utf-8'> node index is 197
train linear regression time:  0.04857866605743766
(average_diff:0.03474038122169894, max_diff:0.06932085886220352, training_epochs:500, lr:0.05)
<_io.TextIOWrapper name='<stderr>' mode='w' encoding='utf-8'> node index is 189
train linear regression time:  0.050386084243655205
(average_diff:0.016815950327023623, max_diff:0.041333503137214955, training_epochs:500, lr:0.05)
<_io.TextIOWrapper name='<stderr>' mode='w' encoding='utf-8'> node index is 181
train linear regression time:  0.04756708303466439
(average_diff:0.02713421597616575, max_diff:0.07037817398045265, training_epochs:500, lr:0.05)
<_io.TextIOWrapper name='<stderr>' mode='w' encoding='utf-8'> node index is 173
train linear regression time:  0.047254666686058044
(average_diff:0.014987691861183594, max_diff:0.023210152246691207, training_epochs:500, lr:0.05)
<_io.TextIOWrapper name='<stderr>' mode='w' encoding='utf-8'> node index is 163
train linear regression time:  0.04782574996352196
(average_diff:0.0, max_diff:0.0, training_epochs:500, lr:0.05)
<_io.TextIOWrapper name='<stderr>' mode='w' encoding='utf-8'> node index is 153
train linear regression time:  0.04819420771673322
(average_diff:2.6102203731781515e-10, max_diff:4.063749892146973e-10, training_epochs:500, lr:0.05)
<_io.TextIOWrapper name='<stderr>' mode='w' encoding='utf-8'> node index is 221
train linear regression time:  0.047836124897003174
(average_diff:0.1127329890398723, max_diff:0.2757605038204187, training_epochs:500, lr:0.05)
<_io.TextIOWrapper name='<stderr>' mode='w' encoding='utf-8'> node index is 207
train linear regression time:  0.048246124759316444
(average_diff:0.14414992455084938, max_diff:0.35404582839775034, training_epochs:500, lr:0.05)
<_io.TextIOWrapper name='<stderr>' mode='w' encoding='utf-8'> node index is 165
train linear regression time:  0.048026499804109335
(average_diff:0.056276637563131574, max_diff:0.14745838899412822, training_epochs:500, lr:0.05)
<_io.TextIOWrapper name='<stderr>' mode='w' encoding='utf-8'> node index is 155
train linear regression time:  0.047552124597132206
(average_diff:0.1304900732042124, max_diff:0.21194769921237633, training_epochs:500, lr:0.05)
<_io.TextIOWrapper name='<stderr>' mode='w' encoding='utf-8'> node index is 149
train linear regression time:  0.04851079219952226
(average_diff:0.042078886602220415, max_diff:0.16634559399277934, training_epochs:500, lr:0.05)
<_io.TextIOWrapper name='<stderr>' mode='w' encoding='utf-8'> node index is 147
train linear regression time:  0.04815487517043948
(average_diff:0.05479259081664063, max_diff:0.136126383450481, training_epochs:500, lr:0.05)
<_io.TextIOWrapper name='<stderr>' mode='w' encoding='utf-8'> node index is 143
train linear regression time:  0.048003667034208775
(average_diff:0.020103763449248427, max_diff:0.07496636975842197, training_epochs:500, lr:0.05)
<_io.TextIOWrapper name='<stderr>' mode='w' encoding='utf-8'> node index is 137
train linear regression time:  0.04744687536731362
(average_diff:0.047532817101716925, max_diff:0.12119008316195634, training_epochs:500, lr:0.05)
<_io.TextIOWrapper name='<stderr>' mode='w' encoding='utf-8'> node index is 131
train linear regression time:  0.04829233419150114
(average_diff:0.020970552168095333, max_diff:0.045958111891499065, training_epochs:500, lr:0.05)
<_io.TextIOWrapper name='<stderr>' mode='w' encoding='utf-8'> node index is 123
train linear regression time:  0.047673209104686975
(average_diff:0.033019933530289376, max_diff:0.09842844288823799, training_epochs:500, lr:0.05)
<_io.TextIOWrapper name='<stderr>' mode='w' encoding='utf-8'> node index is 113
train linear regression time:  0.0479002078063786
(average_diff:0.06758505997710948, max_diff:0.2802097617185688, training_epochs:500, lr:0.05)
<_io.TextIOWrapper name='<stderr>' mode='w' encoding='utf-8'> node index is 103
train linear regression time:  0.04869187530130148
(average_diff:0.055393497067607676, max_diff:0.11228636626123001, training_epochs:500, lr:0.05)
<_io.TextIOWrapper name='<stderr>' mode='w' encoding='utf-8'> node index is 93
train linear regression time:  0.04810133296996355
(average_diff:0.012484123677800853, max_diff:0.027561618442648067, training_epochs:500, lr:0.05)
<_io.TextIOWrapper name='<stderr>' mode='w' encoding='utf-8'> node index is 139
train linear regression time:  0.047291374765336514
(average_diff:0.05505938020105447, max_diff:0.17546104467321744, training_epochs:500, lr:0.05)
<_io.TextIOWrapper name='<stderr>' mode='w' encoding='utf-8'> node index is 133
train linear regression time:  0.04832724994048476
(average_diff:0.0230230559440687, max_diff:0.05529720353189069, training_epochs:500, lr:0.05)
<_io.TextIOWrapper name='<stderr>' mode='w' encoding='utf-8'> node index is 125
train linear regression time:  0.04935879074037075
(average_diff:0.061611290901090805, max_diff:0.20845279918560888, training_epochs:500, lr:0.05)
<_io.TextIOWrapper name='<stderr>' mode='w' encoding='utf-8'> node index is 115
train linear regression time:  0.051495291758328676
(average_diff:0.059615717818115525, max_diff:0.1995429100429642, training_epochs:500, lr:0.05)
<_io.TextIOWrapper name='<stderr>' mode='w' encoding='utf-8'> node index is 105
train linear regression time:  0.0489672077819705
(average_diff:0.03750968259564125, max_diff:0.19915050140991936, training_epochs:500, lr:0.05)
<_io.TextIOWrapper name='<stderr>' mode='w' encoding='utf-8'> node index is 95
train linear regression time:  0.04826162476092577
(average_diff:0.06250235138465883, max_diff:0.11201958613053786, training_epochs:500, lr:0.05)
<_io.TextIOWrapper name='<stderr>' mode='w' encoding='utf-8'> node index is 85
train linear regression time:  0.04745262488722801
(average_diff:0.06557745183424518, max_diff:0.23699089126078082, training_epochs:500, lr:0.05)
<_io.TextIOWrapper name='<stderr>' mode='w' encoding='utf-8'> node index is 79
train linear regression time:  0.048068415839225054
(average_diff:0.11174116192663096, max_diff:0.42260539506903394, training_epochs:500, lr:0.05)
<_io.TextIOWrapper name='<stderr>' mode='w' encoding='utf-8'> node index is 73
train linear regression time:  0.048148749861866236
(average_diff:0.09008416090005006, max_diff:0.35232854194149543, training_epochs:500, lr:0.05)
<_io.TextIOWrapper name='<stderr>' mode='w' encoding='utf-8'> node index is 65
train linear regression time:  0.04996720887720585
(average_diff:0.0872535127389608, max_diff:0.44377849261743957, training_epochs:500, lr:0.05)
<_io.TextIOWrapper name='<stderr>' mode='w' encoding='utf-8'> node index is 57
train linear regression time:  0.054920915979892015
(average_diff:0.08583041606145587, max_diff:0.5744029228412644, training_epochs:500, lr:0.05)
<_io.TextIOWrapper name='<stderr>' mode='w' encoding='utf-8'> node index is 47
train linear regression time:  0.057779917027801275
(average_diff:0.0, max_diff:0.0, training_epochs:500, lr:0.05)
<_io.TextIOWrapper name='<stderr>' mode='w' encoding='utf-8'> node index is 397
train linear regression time:  0.05141724972054362
(average_diff:0.04446400109598873, max_diff:0.06702432799934543, training_epochs:500, lr:0.05)
<_io.TextIOWrapper name='<stderr>' mode='w' encoding='utf-8'> node index is 383
train linear regression time:  0.05345999961718917
(average_diff:1.1102230246251565e-16, max_diff:1.1102230246251565e-16, training_epochs:500, lr:0.05)
<_io.TextIOWrapper name='<stderr>' mode='w' encoding='utf-8'> node index is 371
train linear regression time:  0.052599458023905754
(average_diff:0.09823609660873986, max_diff:0.17685037890567945, training_epochs:500, lr:0.05)
<_io.TextIOWrapper name='<stderr>' mode='w' encoding='utf-8'> node index is 357
train linear regression time:  0.05037904204800725
(average_diff:0.11461531119576408, max_diff:0.20632457552250422, training_epochs:500, lr:0.05)
<_io.TextIOWrapper name='<stderr>' mode='w' encoding='utf-8'> node index is 343
train linear regression time:  0.049348415806889534
(average_diff:2.7755575615628914e-16, max_diff:4.440892098500626e-16, training_epochs:500, lr:0.05)
<_io.TextIOWrapper name='<stderr>' mode='w' encoding='utf-8'> node index is 331
train linear regression time:  0.049698916263878345
(average_diff:0.002907462526644792, max_diff:0.004313259536637859, training_epochs:500, lr:0.05)
<_io.TextIOWrapper name='<stderr>' mode='w' encoding='utf-8'> node index is 319
train linear regression time:  0.049211000092327595
(average_diff:0.174461472315922, max_diff:0.34004938026854126, training_epochs:500, lr:0.05)
<_io.TextIOWrapper name='<stderr>' mode='w' encoding='utf-8'> node index is 307
train linear regression time:  0.04777099983766675
(average_diff:6.106226635438361e-16, max_diff:6.661338147750939e-16, training_epochs:500, lr:0.05)
<_io.TextIOWrapper name='<stderr>' mode='w' encoding='utf-8'> node index is 293
train linear regression time:  0.048631417099386454
(average_diff:3.552713678800501e-15, max_diff:3.774758283725532e-15, training_epochs:500, lr:0.05)
<_io.TextIOWrapper name='<stderr>' mode='w' encoding='utf-8'> node index is 277
train linear regression time:  0.048482416197657585
(average_diff:3.0531133177191805e-16, max_diff:3.0531133177191805e-16, training_epochs:500, lr:0.05)
<_io.TextIOWrapper name='<stderr>' mode='w' encoding='utf-8'> node index is 261
train linear regression time:  0.049551500007510185
(average_diff:1.1359590595505509e-05, max_diff:1.7128207404515372e-05, training_epochs:500, lr:0.05)
<_io.TextIOWrapper name='<stderr>' mode='w' encoding='utf-8'> node index is 247
train linear regression time:  0.049340750090777874
(average_diff:0.15963961151605427, max_diff:0.8610111652258285, training_epochs:500, lr:0.05)
<_io.TextIOWrapper name='<stderr>' mode='w' encoding='utf-8'> node index is 33
train linear regression time:  0.055748125072568655
(average_diff:0.027221943453553554, max_diff:0.04440725240145563, training_epochs:500, lr:0.05)
<_io.TextIOWrapper name='<stderr>' mode='w' encoding='utf-8'> node index is 117
train linear regression time:  0.05175095796585083
(average_diff:0.022893907364028247, max_diff:0.05506458624786621, training_epochs:500, lr:0.05)
<_io.TextIOWrapper name='<stderr>' mode='w' encoding='utf-8'> node index is 107
train linear regression time:  0.04932337487116456
(average_diff:0.038659444082016804, max_diff:0.12233937058784616, training_epochs:500, lr:0.05)
<_io.TextIOWrapper name='<stderr>' mode='w' encoding='utf-8'> node index is 97
train linear regression time:  0.04836949985474348
(average_diff:0.06324557792589716, max_diff:0.15115636607020105, training_epochs:500, lr:0.05)
<_io.TextIOWrapper name='<stderr>' mode='w' encoding='utf-8'> node index is 87
train linear regression time:  0.04754466703161597
(average_diff:0.0562857527104309, max_diff:0.34524589736451244, training_epochs:500, lr:0.05)
<_io.TextIOWrapper name='<stderr>' mode='w' encoding='utf-8'> node index is 81
train linear regression time:  0.04905895795673132
(average_diff:0.07187201701764016, max_diff:0.2960490220933791, training_epochs:500, lr:0.05)
<_io.TextIOWrapper name='<stderr>' mode='w' encoding='utf-8'> node index is 75
train linear regression time:  0.048958207946270704
(average_diff:0.089771839504765, max_diff:0.3043188159597121, training_epochs:500, lr:0.05)
<_io.TextIOWrapper name='<stderr>' mode='w' encoding='utf-8'> node index is 67
train linear regression time:  0.04865750018507242
(average_diff:0.15954872015716864, max_diff:0.47119114465953826, training_epochs:500, lr:0.05)
<_io.TextIOWrapper name='<stderr>' mode='w' encoding='utf-8'> node index is 59
train linear regression time:  0.049704709090292454
(average_diff:0.111618909122818, max_diff:0.28191654951139694, training_epochs:500, lr:0.05)
<_io.TextIOWrapper name='<stderr>' mode='w' encoding='utf-8'> node index is 49
train linear regression time:  0.04816016694530845
(average_diff:0.17868780916844818, max_diff:0.6576569115132869, training_epochs:500, lr:0.05)
<_io.TextIOWrapper name='<stderr>' mode='w' encoding='utf-8'> node index is 43
train linear regression time:  0.05452962499111891
(average_diff:4.222534266684619e-10, max_diff:4.698368916145057e-10, training_epochs:500, lr:0.05)
<_io.TextIOWrapper name='<stderr>' mode='w' encoding='utf-8'> node index is 385
train linear regression time:  0.04748783307150006
(average_diff:2.1962774191900774e-11, max_diff:3.043615359743512e-11, training_epochs:500, lr:0.05)
<_io.TextIOWrapper name='<stderr>' mode='w' encoding='utf-8'> node index is 373
train linear regression time:  0.047389165963977575
(average_diff:0.0, max_diff:0.0, training_epochs:500, lr:0.05)
<_io.TextIOWrapper name='<stderr>' mode='w' encoding='utf-8'> node index is 359
train linear regression time:  0.04791087517514825
(average_diff:0.06660685585228383, max_diff:0.11715177102465191, training_epochs:500, lr:0.05)
<_io.TextIOWrapper name='<stderr>' mode='w' encoding='utf-8'> node index is 345
train linear regression time:  0.04748491710051894
(average_diff:0.014539909207561416, max_diff:0.02570428233165495, training_epochs:500, lr:0.05)
<_io.TextIOWrapper name='<stderr>' mode='w' encoding='utf-8'> node index is 321
train linear regression time:  0.04751295829191804
(average_diff:0.059324535500439195, max_diff:0.13611037570245604, training_epochs:500, lr:0.05)
<_io.TextIOWrapper name='<stderr>' mode='w' encoding='utf-8'> node index is 295
train linear regression time:  0.04730087472125888
(average_diff:0.010600451849853892, max_diff:0.02114580628343876, training_epochs:500, lr:0.05)
<_io.TextIOWrapper name='<stderr>' mode='w' encoding='utf-8'> node index is 279
train linear regression time:  0.04768987512215972
(average_diff:4.163336342344337e-17, max_diff:8.326672684688674e-17, training_epochs:500, lr:0.05)
<_io.TextIOWrapper name='<stderr>' mode='w' encoding='utf-8'> node index is 263
train linear regression time:  0.04795954190194607
(average_diff:0.022332652268394527, max_diff:0.038770486151533, training_epochs:500, lr:0.05)
<_io.TextIOWrapper name='<stderr>' mode='w' encoding='utf-8'> node index is 249
train linear regression time:  0.04774558311328292
(average_diff:5.551115123125783e-17, max_diff:1.1102230246251565e-16, training_epochs:500, lr:0.05)
<_io.TextIOWrapper name='<stderr>' mode='w' encoding='utf-8'> node index is 237
train linear regression time:  0.04737254185602069
(average_diff:9.572588039371185e-09, max_diff:1.4801528752661497e-08, training_epochs:500, lr:0.05)
<_io.TextIOWrapper name='<stderr>' mode='w' encoding='utf-8'> node index is 265
train linear regression time:  0.0475495420396328
(average_diff:8.326672684688674e-17, max_diff:1.1102230246251565e-16, training_epochs:500, lr:0.05)
<_io.TextIOWrapper name='<stderr>' mode='w' encoding='utf-8'> node index is 251
train linear regression time:  0.05195570783689618
(average_diff:0.04976110867411604, max_diff:0.12591423027265108, training_epochs:500, lr:0.05)
<_io.TextIOWrapper name='<stderr>' mode='w' encoding='utf-8'> node index is 239
train linear regression time:  0.050320041831582785
(average_diff:0.08943623304191409, max_diff:0.1815243555566764, training_epochs:500, lr:0.05)
<_io.TextIOWrapper name='<stderr>' mode='w' encoding='utf-8'> node index is 223
train linear regression time:  0.04771879222244024
(average_diff:0.017245748236749178, max_diff:0.028886440286502058, training_epochs:500, lr:0.05)
<_io.TextIOWrapper name='<stderr>' mode='w' encoding='utf-8'> node index is 209
train linear regression time:  0.05020591709762812
(average_diff:5.366077952354923e-16, max_diff:8.881784197001252e-16, training_epochs:500, lr:0.05)
<_io.TextIOWrapper name='<stderr>' mode='w' encoding='utf-8'> node index is 199
train linear regression time:  0.047276499681174755
(average_diff:0.07906785177771854, max_diff:0.14642032978410424, training_epochs:500, lr:0.05)
<_io.TextIOWrapper name='<stderr>' mode='w' encoding='utf-8'> node index is 191
train linear regression time:  0.04759354190900922
(average_diff:0.0920188526828083, max_diff:0.18874992881153702, training_epochs:500, lr:0.05)
<_io.TextIOWrapper name='<stderr>' mode='w' encoding='utf-8'> node index is 183
train linear regression time:  0.0486172498203814
(average_diff:0.07251530369355241, max_diff:0.19294487889194195, training_epochs:500, lr:0.05)
<_io.TextIOWrapper name='<stderr>' mode='w' encoding='utf-8'> node index is 175
train linear regression time:  0.048453792463988066
(average_diff:0.08067070029750935, max_diff:0.19083713660413004, training_epochs:500, lr:0.05)
<_io.TextIOWrapper name='<stderr>' mode='w' encoding='utf-8'> node index is 167
train linear regression time:  0.04778133379295468
(average_diff:0.05601608957760862, max_diff:0.16031103447408945, training_epochs:500, lr:0.05)
<_io.TextIOWrapper name='<stderr>' mode='w' encoding='utf-8'> node index is 157
train linear regression time:  0.04731733398512006
(average_diff:0.0, max_diff:0.0, training_epochs:500, lr:0.05)
<_io.TextIOWrapper name='<stderr>' mode='w' encoding='utf-8'> node index is 323
train linear regression time:  0.049566667061299086
(average_diff:1.1102230246251565e-16, max_diff:1.1102230246251565e-16, training_epochs:500, lr:0.05)
<_io.TextIOWrapper name='<stderr>' mode='w' encoding='utf-8'> node index is 309
train linear regression time:  0.047846333123743534
(average_diff:0.05971190137513083, max_diff:0.10769410249403735, training_epochs:500, lr:0.05)
<_io.TextIOWrapper name='<stderr>' mode='w' encoding='utf-8'> node index is 297
train linear regression time:  0.04773004073649645
(average_diff:0.024294488350407078, max_diff:0.06394037050775123, training_epochs:500, lr:0.05)
<_io.TextIOWrapper name='<stderr>' mode='w' encoding='utf-8'> node index is 283
train linear regression time:  0.049486749805510044
(average_diff:0.04955914584921589, max_diff:0.13040118511674162, training_epochs:500, lr:0.05)
<_io.TextIOWrapper name='<stderr>' mode='w' encoding='utf-8'> node index is 267
train linear regression time:  0.050665915943682194
(average_diff:0.11711869718468297, max_diff:0.2904708160554567, training_epochs:500, lr:0.05)
<_io.TextIOWrapper name='<stderr>' mode='w' encoding='utf-8'> node index is 225
train linear regression time:  0.05307033285498619
(average_diff:0.24249536432770097, max_diff:0.3981969342653592, training_epochs:500, lr:0.05)
<_io.TextIOWrapper name='<stderr>' mode='w' encoding='utf-8'> node index is 211
train linear regression time:  0.05301945796236396
(average_diff:0.13802598965080223, max_diff:0.2403295393280167, training_epochs:500, lr:0.05)
<_io.TextIOWrapper name='<stderr>' mode='w' encoding='utf-8'> node index is 185
train linear regression time:  0.05025295913219452
(average_diff:0.16935667663916426, max_diff:0.44932225457691344, training_epochs:500, lr:0.05)
<_io.TextIOWrapper name='<stderr>' mode='w' encoding='utf-8'> node index is 177
train linear regression time:  0.04813470924273133
(average_diff:0.17078472340546824, max_diff:0.40894747957111655, training_epochs:500, lr:0.05)
<_io.TextIOWrapper name='<stderr>' mode='w' encoding='utf-8'> node index is 169
train linear regression time:  0.04760995786637068
(average_diff:0.0, max_diff:0.0, training_epochs:500, lr:0.05)
<_io.TextIOWrapper name='<stderr>' mode='w' encoding='utf-8'> node index is 159
train linear regression time:  0.04721658304333687
(average_diff:0.12047144642096419, max_diff:0.2491658311036044, training_epochs:500, lr:0.05)
<_io.TextIOWrapper name='<stderr>' mode='w' encoding='utf-8'> node index is 151
train linear regression time:  0.04883970785886049
(average_diff:0.03399556733712848, max_diff:0.07934942743353837, training_epochs:500, lr:0.05)
<_io.TextIOWrapper name='<stderr>' mode='w' encoding='utf-8'> node index is 135
train linear regression time:  0.04891320923343301
(average_diff:0.040206037020157126, max_diff:0.08896725244548048, training_epochs:500, lr:0.05)
<_io.TextIOWrapper name='<stderr>' mode='w' encoding='utf-8'> node index is 129
train linear regression time:  0.04809474991634488
(average_diff:0.03407159530453122, max_diff:0.09796826301789041, training_epochs:500, lr:0.05)
<_io.TextIOWrapper name='<stderr>' mode='w' encoding='utf-8'> node index is 119
train linear regression time:  0.04840862471610308
(average_diff:0.041247740337295634, max_diff:0.10586297716090165, training_epochs:500, lr:0.05)
<_io.TextIOWrapper name='<stderr>' mode='w' encoding='utf-8'> node index is 109
train linear regression time:  0.04788583377376199
(average_diff:0.04430176229940683, max_diff:0.1671655434583561, training_epochs:500, lr:0.05)
<_io.TextIOWrapper name='<stderr>' mode='w' encoding='utf-8'> node index is 99
train linear regression time:  0.050874541979283094
(average_diff:0.0763727282380575, max_diff:0.3350734433922379, training_epochs:500, lr:0.05)
<_io.TextIOWrapper name='<stderr>' mode='w' encoding='utf-8'> node index is 89
train linear regression time:  0.05667629186064005
<_io.TextIOWrapper name='<stderr>' mode='w' encoding='utf-8'> variance test passed, diff=0.013642600570662139, d = 0, back=0
<_io.TextIOWrapper name='<stderr>' mode='w' encoding='utf-8'> Will be split, p=0.013642600570662139, d=0, back=0
(average_diff:0.07656550116337153, max_diff:0.35208996197014836, training_epochs:500, lr:0.05)
<_io.TextIOWrapper name='<stderr>' mode='w' encoding='utf-8'> node index is 420
train linear regression time:  0.05612966697663069
(average_diff:0.018797454705340205, max_diff:0.02806838720637228, training_epochs:500, lr:0.05)
<_io.TextIOWrapper name='<stderr>' mode='w' encoding='utf-8'> node index is 421
train linear regression time:  0.048722625244408846
(average_diff:0.0035835189255879955, max_diff:0.0582045280457702, training_epochs:500, lr:0.05)
<_io.TextIOWrapper name='<stderr>' mode='w' encoding='utf-8'> node index is 69
train linear regression time:  0.0512249581515789
(average_diff:0.07081069746644215, max_diff:0.20683338363823436, training_epochs:500, lr:0.05)
<_io.TextIOWrapper name='<stderr>' mode='w' encoding='utf-8'> node index is 61
train linear regression time:  0.04864133428782225
(average_diff:0.026107580633709375, max_diff:0.06191424342442927, training_epochs:500, lr:0.05)
<_io.TextIOWrapper name='<stderr>' mode='w' encoding='utf-8'> node index is 53
train linear regression time:  0.047476207837462425
(average_diff:0.0038279365012148328, max_diff:0.005808061223039812, training_epochs:500, lr:0.05)
<_io.TextIOWrapper name='<stderr>' mode='w' encoding='utf-8'> node index is 401
train linear regression time:  0.047515375073999166
(average_diff:0.0, max_diff:0.0, training_epochs:500, lr:0.05)
<_io.TextIOWrapper name='<stderr>' mode='w' encoding='utf-8'> node index is 387
train linear regression time:  0.04760499997064471
(average_diff:0.005088737950289926, max_diff:0.0075906497953057706, training_epochs:500, lr:0.05)
<_io.TextIOWrapper name='<stderr>' mode='w' encoding='utf-8'> node index is 375
train linear regression time:  0.0477034579962492
(average_diff:3.138728000839919e-07, max_diff:3.2913799485889683e-07, training_epochs:500, lr:0.05)
<_io.TextIOWrapper name='<stderr>' mode='w' encoding='utf-8'> node index is 361
train linear regression time:  0.048242874909192324
(average_diff:0.020987727343217476, max_diff:0.03616179500297123, training_epochs:500, lr:0.05)
<_io.TextIOWrapper name='<stderr>' mode='w' encoding='utf-8'> node index is 347
train linear regression time:  0.04905670881271362
(average_diff:0.04904759785464883, max_diff:0.08104038972977075, training_epochs:500, lr:0.05)
<_io.TextIOWrapper name='<stderr>' mode='w' encoding='utf-8'> node index is 311
train linear regression time:  0.04741733381524682
(average_diff:0.01360824496112877, max_diff:0.032179059627669704, training_epochs:500, lr:0.05)
<_io.TextIOWrapper name='<stderr>' mode='w' encoding='utf-8'> node index is 299
train linear regression time:  0.04828874999657273
(average_diff:0.036558336703370976, max_diff:0.07531899096088782, training_epochs:500, lr:0.05)
<_io.TextIOWrapper name='<stderr>' mode='w' encoding='utf-8'> node index is 285
train linear regression time:  0.047225958202034235
(average_diff:0.005196425132792448, max_diff:0.009169444044019703, training_epochs:500, lr:0.05)
<_io.TextIOWrapper name='<stderr>' mode='w' encoding='utf-8'> node index is 269
train linear regression time:  0.05044699972495437
(average_diff:0.12324314832409995, max_diff:0.5187449369899069, training_epochs:500, lr:0.05)
<_io.TextIOWrapper name='<stderr>' mode='w' encoding='utf-8'> node index is 414
train linear regression time:  0.058624125085771084
<_io.TextIOWrapper name='<stderr>' mode='w' encoding='utf-8'> variance test passed, diff=0.025127918250152724, d = 1, back=0
<_io.TextIOWrapper name='<stderr>' mode='w' encoding='utf-8'> variance test passed, diff=0.027267064320175317, d = 2, back=0
<_io.TextIOWrapper name='<stderr>' mode='w' encoding='utf-8'> Will be split, p=0.027267064320175317, d=2, back=0
(average_diff:0.0043996464581785855, max_diff:0.004548755216180589, training_epochs:500, lr:0.05)
<_io.TextIOWrapper name='<stderr>' mode='w' encoding='utf-8'> node index is 415
train linear regression time:  0.05169579200446606
(average_diff:0.0004279203106962587, max_diff:0.0004310961079462272, training_epochs:500, lr:0.05)
<_io.TextIOWrapper name='<stderr>' mode='w' encoding='utf-8'> node index is 411
train linear regression time:  0.05101404199376702
(average_diff:1.78599912636912e-11, max_diff:1.9269419393452836e-11, training_epochs:500, lr:0.05)
<_io.TextIOWrapper name='<stderr>' mode='w' encoding='utf-8'> node index is 403
train linear regression time:  0.05107854213565588
(average_diff:2.8270293513562212e-11, max_diff:4.277081466774746e-11, training_epochs:500, lr:0.05)
<_io.TextIOWrapper name='<stderr>' mode='w' encoding='utf-8'> node index is 389
train linear regression time:  0.0516284997574985
(average_diff:0.010397038463926015, max_diff:0.01650308376362908, training_epochs:500, lr:0.05)
<_io.TextIOWrapper name='<stderr>' mode='w' encoding='utf-8'> node index is 377
train linear regression time:  0.05032254196703434
(average_diff:5.551115123125783e-17, max_diff:5.551115123125783e-17, training_epochs:500, lr:0.05)
<_io.TextIOWrapper name='<stderr>' mode='w' encoding='utf-8'> node index is 363
train linear regression time:  0.04785525007173419
(average_diff:0.0, max_diff:0.0, training_epochs:500, lr:0.05)
<_io.TextIOWrapper name='<stderr>' mode='w' encoding='utf-8'> node index is 349
train linear regression time:  0.04801337467506528
(average_diff:2.312964634635743e-16, max_diff:3.3306690738754696e-16, training_epochs:500, lr:0.05)
<_io.TextIOWrapper name='<stderr>' mode='w' encoding='utf-8'> node index is 335
train linear regression time:  0.04916675016283989
(average_diff:4.217683475397453e-06, max_diff:6.2702823218074855e-06, training_epochs:500, lr:0.05)
<_io.TextIOWrapper name='<stderr>' mode='w' encoding='utf-8'> node index is 325
train linear regression time:  0.04769774992018938
(average_diff:0.055618790090636215, max_diff:0.16812934327352935, training_epochs:500, lr:0.05)
<_io.TextIOWrapper name='<stderr>' mode='w' encoding='utf-8'> node index is 313
train linear regression time:  0.04794754181057215
(average_diff:0.16386977202028555, max_diff:0.46751337101916246, training_epochs:500, lr:0.05)
<_io.TextIOWrapper name='<stderr>' mode='w' encoding='utf-8'> node index is 418
train linear regression time:  0.054870666936039925
<_io.TextIOWrapper name='<stderr>' mode='w' encoding='utf-8'> variance test passed, diff=0.049545752717558435, d = 0, back=0
<_io.TextIOWrapper name='<stderr>' mode='w' encoding='utf-8'> Will be split, p=0.049545752717558435, d=0, back=0
(average_diff:0.16352029105701754, max_diff:0.4708351039956993, training_epochs:500, lr:0.05)
<_io.TextIOWrapper name='<stderr>' mode='w' encoding='utf-8'> node index is 424
train linear regression time:  0.055481208954006433
(average_diff:5.551115123125783e-17, max_diff:5.551115123125783e-17, training_epochs:500, lr:0.05)
<_io.TextIOWrapper name='<stderr>' mode='w' encoding='utf-8'> node index is 425
train linear regression time:  0.04861441720277071
(average_diff:2.392551521013253e-06, max_diff:2.4703205521170446e-06, training_epochs:500, lr:0.05)
<_io.TextIOWrapper name='<stderr>' mode='w' encoding='utf-8'> node index is 419
train linear regression time:  0.04875820828601718
(average_diff:1.1102230246251565e-16, max_diff:1.1102230246251565e-16, training_epochs:500, lr:0.05)
<_io.TextIOWrapper name='<stderr>' mode='w' encoding='utf-8'> node index is 413
train linear regression time:  0.04806474968791008
(average_diff:5.705519195986497e-08, max_diff:5.723532925383523e-08, training_epochs:500, lr:0.05)
<_io.TextIOWrapper name='<stderr>' mode='w' encoding='utf-8'> node index is 405
train linear regression time:  0.04752037487924099
(average_diff:1.1102230246251565e-16, max_diff:1.1102230246251565e-16, training_epochs:500, lr:0.05)
<_io.TextIOWrapper name='<stderr>' mode='w' encoding='utf-8'> node index is 391
train linear regression time:  0.04801279166713357
(average_diff:3.3306690738754696e-16, max_diff:3.3306690738754696e-16, training_epochs:500, lr:0.05)
<_io.TextIOWrapper name='<stderr>' mode='w' encoding='utf-8'> node index is 379
train linear regression time:  0.04784991592168808
(average_diff:0.029934136194902483, max_diff:0.06219083805036063, training_epochs:500, lr:0.05)
<_io.TextIOWrapper name='<stderr>' mode='w' encoding='utf-8'> node index is 365
train linear regression time:  0.04763383325189352
(average_diff:0.0, max_diff:0.0, training_epochs:500, lr:0.05)
<_io.TextIOWrapper name='<stderr>' mode='w' encoding='utf-8'> node index is 351
train linear regression time:  0.04782287497073412
(average_diff:2.7755575615628914e-17, max_diff:2.7755575615628914e-17, training_epochs:500, lr:0.05)
<_io.TextIOWrapper name='<stderr>' mode='w' encoding='utf-8'> node index is 337
train linear regression time:  0.04891841672360897
(average_diff:0.13063768504374745, max_diff:0.4089223213150732, training_epochs:500, lr:0.05)
<_io.TextIOWrapper name='<stderr>' mode='w' encoding='utf-8'> node index is 393
train linear regression time:  0.04742750013247132
(average_diff:1.6653345369377348e-16, max_diff:2.220446049250313e-16, training_epochs:500, lr:0.05)
<_io.TextIOWrapper name='<stderr>' mode='w' encoding='utf-8'> node index is 301
train linear regression time:  0.0477959169074893
(average_diff:3.068454492346125e-08, max_diff:4.439766132513512e-08, training_epochs:500, lr:0.05)
<_io.TextIOWrapper name='<stderr>' mode='w' encoding='utf-8'> node index is 271
train linear regression time:  0.048062208108603954
(average_diff:0.08926362478946437, max_diff:0.13307619199374593, training_epochs:500, lr:0.05)
<_io.TextIOWrapper name='<stderr>' mode='w' encoding='utf-8'> node index is 253
train linear regression time:  0.048007958102971315
(average_diff:8.942497096423492e-05, max_diff:0.00013071039502143833, training_epochs:500, lr:0.05)
<_io.TextIOWrapper name='<stderr>' mode='w' encoding='utf-8'> node index is 227
train linear regression time:  0.047645917162299156
(average_diff:0.00026289458950595757, max_diff:0.00037337499186407275, training_epochs:500, lr:0.05)
<_io.TextIOWrapper name='<stderr>' mode='w' encoding='utf-8'> node index is 213
train linear regression time:  0.0492127500474453
(average_diff:0.055343234766274896, max_diff:0.1131541935569573, training_epochs:500, lr:0.05)
<_io.TextIOWrapper name='<stderr>' mode='w' encoding='utf-8'> node index is 201
train linear regression time:  0.050880249589681625
(average_diff:0.0, max_diff:0.0, training_epochs:500, lr:0.05)
<_io.TextIOWrapper name='<stderr>' mode='w' encoding='utf-8'> node index is 193
train linear regression time:  0.04864679183810949
(average_diff:0.014518464945476608, max_diff:0.02568391210887777, training_epochs:500, lr:0.05)
<_io.TextIOWrapper name='<stderr>' mode='w' encoding='utf-8'> node index is 187
train linear regression time:  0.0474095419049263
(average_diff:0.03116812636474581, max_diff:0.06612861506156831, training_epochs:500, lr:0.05)
<_io.TextIOWrapper name='<stderr>' mode='w' encoding='utf-8'> node index is 179
train linear regression time:  0.048245500307530165
(average_diff:5.551115123125783e-17, max_diff:5.551115123125783e-17, training_epochs:500, lr:0.05)
<_io.TextIOWrapper name='<stderr>' mode='w' encoding='utf-8'> node index is 171
train linear regression time:  0.05134937493130565
(average_diff:0.019631431390996434, max_diff:0.03920014948500866, training_epochs:500, lr:0.05)
<_io.TextIOWrapper name='<stderr>' mode='w' encoding='utf-8'> node index is 161
train linear regression time:  0.05035337479785085
(average_diff:0.0, max_diff:0.0, training_epochs:500, lr:0.05)
<_io.TextIOWrapper name='<stderr>' mode='w' encoding='utf-8'> node index is 367
train linear regression time:  0.05099625000730157
(average_diff:0.0, max_diff:0.0, training_epochs:500, lr:0.05)
<_io.TextIOWrapper name='<stderr>' mode='w' encoding='utf-8'> node index is 353
train linear regression time:  0.05055083381012082
(average_diff:2.8781748817596764e-07, max_diff:2.911549470407948e-07, training_epochs:500, lr:0.05)
<_io.TextIOWrapper name='<stderr>' mode='w' encoding='utf-8'> node index is 339
train linear regression time:  0.049510416109114885
(average_diff:5.258641389652152e-05, max_diff:9.606359487834837e-05, training_epochs:500, lr:0.05)
<_io.TextIOWrapper name='<stderr>' mode='w' encoding='utf-8'> node index is 327
train linear regression time:  0.04876741673797369
(average_diff:5.197967298317674e-05, max_diff:9.578423203693287e-05, training_epochs:500, lr:0.05)
<_io.TextIOWrapper name='<stderr>' mode='w' encoding='utf-8'> node index is 315
train linear regression time:  0.05158175015822053
(average_diff:5.551115123125783e-17, max_diff:1.1102230246251565e-16, training_epochs:500, lr:0.05)
<_io.TextIOWrapper name='<stderr>' mode='w' encoding='utf-8'> node index is 303
train linear regression time:  0.04961033398285508
(average_diff:0.0028969211018142482, max_diff:0.0033311920526101213, training_epochs:500, lr:0.05)
<_io.TextIOWrapper name='<stderr>' mode='w' encoding='utf-8'> node index is 287
train linear regression time:  0.048413584008812904
(average_diff:9.71445146547012e-17, max_diff:1.1102230246251565e-16, training_epochs:500, lr:0.05)
<_io.TextIOWrapper name='<stderr>' mode='w' encoding='utf-8'> node index is 273
train linear regression time:  0.05031041707843542
(average_diff:0.007509932401702124, max_diff:0.016304601681863207, training_epochs:500, lr:0.05)
<_io.TextIOWrapper name='<stderr>' mode='w' encoding='utf-8'> node index is 255
train linear regression time:  0.052293624728918076
(average_diff:5.551115123125783e-17, max_diff:1.1102230246251565e-16, training_epochs:500, lr:0.05)
<_io.TextIOWrapper name='<stderr>' mode='w' encoding='utf-8'> node index is 241
train linear regression time:  0.050922084134072065
(average_diff:0.12579414015565837, max_diff:0.2734068418977712, training_epochs:500, lr:0.05)
<_io.TextIOWrapper name='<stderr>' mode='w' encoding='utf-8'> node index is 229
train linear regression time:  0.05051199998706579
(average_diff:0.009800610774548479, max_diff:0.016904258061357647, training_epochs:500, lr:0.05)
<_io.TextIOWrapper name='<stderr>' mode='w' encoding='utf-8'> node index is 215
train linear regression time:  0.049327041022479534
(average_diff:0.014977500160616053, max_diff:0.027337268709686224, training_epochs:500, lr:0.05)
<_io.TextIOWrapper name='<stderr>' mode='w' encoding='utf-8'> node index is 203
train linear regression time:  0.05492091691121459
(average_diff:0.0015448611421059837, max_diff:0.0024152999926148055, training_epochs:500, lr:0.05)
<_io.TextIOWrapper name='<stderr>' mode='w' encoding='utf-8'> node index is 195
train linear regression time:  0.05052691698074341
(average_diff:0.23598890085488505, max_diff:0.3236743251705918, training_epochs:500, lr:0.05)
<_io.TextIOWrapper name='<stderr>' mode='w' encoding='utf-8'> node index is 7
train linear regression time:  0.0502079576253891
(average_diff:0.1153110080342251, max_diff:0.3349212891765158, training_epochs:500, lr:0.05)
<_io.TextIOWrapper name='<stderr>' mode='w' encoding='utf-8'> node index is 5
train linear regression time:  0.05414741626009345
testFringe time:  9.1853122911416
<_io.TextIOWrapper name='<stderr>' mode='w' encoding='utf-8'> =============== update finished ===============

*** Writing Game File 48***

<_io.TextIOWrapper name='../print_tree_record_numpy/print_DR_boost_linear_tree_split.txt' mode='w' encoding='UTF-8'> idx1(Q:0.3996, distinct_name:0, dictinctin_value:2.569683891588169, par:None)
	idx4(Q:0.4002, distinct_name:0, dictinctin_value:2.507749956207568, par:1)
		idx6(Q:0.4002, distinct_name:0, dictinctin_value:-0.050698982385153205, par:4)
			idx8(Q:0.4576, distinct_name:0, dictinctin_value:-0.5002368440471089, par:6)
				idx10(Q:0.5080, distinct_name:3, dictinctin_value:0.7373220788164561, par:8)
					idx12(Q:0.4810, distinct_name:1, dictinctin_value:0.8498558206992594, par:10)
						idx18(Q:0.4271, distinct_name:2, dictinctin_value:0.8559921607301466, par:12)
							idx24(Q:0.4187, distinct_name:0, dictinctin_value:-0.5901212893723445, par:18)
								idx30(Q:0.4251, distinct_name:2, dictinctin_value:0.5095422779981766, par:24)
									idx38(Q:0.4442, distinct_name:2, dictinctin_value:0.24909091887867726, par:30)
										idx44(Q:0.4753, distinct_name:2, dictinctin_value:-0.06052347242753761, par:38)
											idx54(Q:0.5277, distinct_name:2, dictinctin_value:-0.16873413911779458, par:44)
												idx62(Q:0.5494, distinct_name:2, dictinctin_value:-0.3117760123070312, par:54)
													idx70(Q:0.5871, distinct_name:2, dictinctin_value:-0.36929151673896154, par:62)
														idx76(Q:0.6078, distinct_name:2, dictinctin_value:-0.4513587540231024, par:70)
															idx82(Q:0.6445, distinct_name:2, dictinctin_value:-0.49926091712096626, par:76)
																idx90(Q:0.6631, distinct_name:2, dictinctin_value:-0.5261921216626007, par:82)
																	idx100(Q:0.6756, distinct_name:2, dictinctin_value:-0.5682634996789567, par:90)
																		idx110(Q:0.6907, distinct_name:2, dictinctin_value:-0.576514535000767, par:100)
																			idx120(Q:0.6954, par:110)
																			idx121(Q:0.4001, par:110)
																		idx111(Q:0.3583, par:100)
																	idx101(Q:0.3646, par:90)
																idx91(Q:0.3238, par:82)
															idx83(Q:0.2937, par:76)
														idx77(Q:0.2812, par:70)
													idx71(Q:0.2770, par:62)
												idx63(Q:0.2422, par:54)
											idx55(Q:0.2210, par:44)
										idx45(Q:0.2242, par:38)
									idx39(Q:0.3069, par:30)
								idx31(Q:0.3543, par:24)
							idx25(Q:0.4665, distinct_name:0, dictinctin_value:-0.5389580903277561, par:18)
								idx216(Q:0.4702, distinct_name:0, dictinctin_value:-0.5573162410999996, par:25)
									idx230(Q:0.4730, distinct_name:0, dictinctin_value:-0.5917620279880862, par:216)
										idx242(Q:0.4836, distinct_name:1, dictinctin_value:0.8127647407611875, par:230)
											idx256(Q:0.4761, distinct_name:0, dictinctin_value:-0.6131626140571143, par:242)
												idx288(Q:0.4802, distinct_name:0, dictinctin_value:-0.7076582377440916, par:256)
													idx304(Q:0.4958, distinct_name:0, dictinctin_value:-0.717862250694298, par:288)
														idx316(Q:0.5008, distinct_name:0, dictinctin_value:-0.7734253050900186, par:304)
															idx328(Q:0.5061, distinct_name:0, dictinctin_value:-0.7970945326559435, par:316)
																idx340(Q:0.5090, distinct_name:3, dictinctin_value:0.6595389343928215, par:328)
																	idx354(Q:0.5000, distinct_name:3, dictinctin_value:0.6186331758365281, par:340)
																		idx368(Q:0.4923, distinct_name:3, dictinctin_value:0.5952455969358141, par:354)
																			idx380(Q:0.4943, par:368)
																			idx381(Q:0.3866, par:368)
																		idx369(Q:0.9254, par:354)
																	idx355(Q:0.8422, par:340)
																idx341(Q:0.3979, par:328)
															idx329(Q:0.3740, par:316)
														idx317(Q:0.3428, par:304)
													idx305(Q:0.2819, par:288)
												idx289(Q:0.1966, par:256)
											idx257(Q:0.6915, par:242)
										idx243(Q:0.2192, par:230)
									idx231(Q:0.3288, par:216)
								idx217(Q:0.3872, par:25)
						idx19(Q:0.7113, distinct_name:0, dictinctin_value:-0.5046072639210131, par:12)
							idx152(Q:0.7112, distinct_name:2, dictinctin_value:1.74305991171075, par:19)
								idx162(Q:0.7007, distinct_name:2, dictinctin_value:1.5651912903147052, par:152)
									idx172(Q:0.6888, distinct_name:2, dictinctin_value:1.0939968976733132, par:162)
										idx180(Q:0.6644, distinct_name:2, dictinctin_value:0.9064820637809338, par:172)
											idx188(Q:0.6508, distinct_name:2, dictinctin_value:0.8130327408821636, par:180)
												idx196(Q:0.6440, distinct_name:2, dictinctin_value:0.714578820015968, par:188)
													idx204(Q:0.6418, distinct_name:0, dictinctin_value:-0.5137296726081428, par:196)
														idx218(Q:0.6427, distinct_name:2, dictinctin_value:0.4860989258104936, par:204)
															idx232(Q:0.6424, distinct_name:1, dictinctin_value:2.2330900660097845, par:218)
																idx244(Q:0.6338, distinct_name:2, dictinctin_value:0.44559578649865966, par:232)
																	idx258(Q:0.6262, distinct_name:2, dictinctin_value:0.32419638005931734, par:244)
																		idx274(Q:0.6255, distinct_name:0, dictinctin_value:-0.5233031664270825, par:258)
																			idx290(Q:0.6256, par:274)
																			idx291(Q:0.6173, par:274)
																		idx275(Q:0.6453, par:258)
																	idx259(Q:0.9001, par:244)
																idx245(Q:0.9544, par:232)
															idx233(Q:0.6464, par:218)
														idx219(Q:0.5718, par:204)
													idx205(Q:0.7042, par:196)
												idx197(Q:0.8789, par:188)
											idx189(Q:0.8989, par:180)
										idx181(Q:1.0086, par:172)
									idx173(Q:0.9934, par:162)
								idx163(Q:1.0699, par:152)
							idx153(Q:0.7365, par:19)
					idx13(Q:0.5895, distinct_name:2, dictinctin_value:1.929601246827043, par:10)
						idx92(Q:0.5757, distinct_name:1, dictinctin_value:1.2557733390904973, par:13)
							idx102(Q:0.5452, distinct_name:2, dictinctin_value:1.4527612583425853, par:92)
								idx112(Q:0.5272, distinct_name:2, dictinctin_value:1.3531114404933846, par:102)
									idx122(Q:0.5265, distinct_name:2, dictinctin_value:1.0639310625609943, par:112)
										idx130(Q:0.5145, distinct_name:2, dictinctin_value:0.8759607452183222, par:122)
											idx136(Q:0.5096, distinct_name:2, dictinctin_value:0.6228991526328211, par:130)
												idx142(Q:0.5048, distinct_name:2, dictinctin_value:0.4885947458466264, par:136)
													idx146(Q:0.4960, distinct_name:1, dictinctin_value:1.1059975491047376, par:142)
														idx148(Q:0.4876, distinct_name:3, dictinctin_value:2.363964647313972, par:146)
															idx154(Q:0.4785, distinct_name:3, dictinctin_value:1.536573712246935, par:148)
																idx164(Q:0.4548, distinct_name:1, dictinctin_value:0.49075596239548774, par:154)
																	idx206(Q:0.4245, distinct_name:3, dictinctin_value:1.525286896575752, par:164)
																		idx220(Q:0.4246, distinct_name:2, dictinctin_value:0.38874536608000104, par:206)
																			idx234(Q:0.4287, par:220)
																			idx235(Q:0.2794, par:220)
																		idx221(Q:0.4195, par:206)
																	idx207(Q:0.6173, par:164)
																idx165(Q:0.5892, par:154)
															idx155(Q:0.7353, par:148)
														idx149(Q:0.7311, par:146)
													idx147(Q:0.5934, par:142)
												idx143(Q:0.5702, par:136)
											idx137(Q:0.6190, par:130)
										idx131(Q:0.7189, par:122)
									idx123(Q:0.5539, par:112)
								idx113(Q:0.8578, par:102)
							idx103(Q:0.9384, par:92)
						idx93(Q:1.0393, par:13)
				idx11(Q:0.3707, distinct_name:3, dictinctin_value:1.284568987543642, par:8)
					idx32(Q:0.3462, distinct_name:3, dictinctin_value:0.5763111575206541, par:11)
						idx40(Q:0.3344, distinct_name:2, dictinctin_value:1.4159847670297276, par:32)
							idx46(Q:0.3262, distinct_name:2, dictinctin_value:0.8764611652526798, par:40)
								idx56(Q:0.3346, distinct_name:2, dictinctin_value:0.6776552612944613, par:46)
									idx64(Q:0.3392, distinct_name:0, dictinctin_value:-0.10007893227380851, par:56)
										idx72(Q:0.3379, distinct_name:2, dictinctin_value:0.481251420222257, par:64)
											idx78(Q:0.3501, distinct_name:2, dictinctin_value:0.43236682950932387, par:72)
												idx84(Q:0.3557, distinct_name:2, dictinctin_value:0.2322739018313544, par:78)
													idx94(Q:0.3803, distinct_name:2, dictinctin_value:0.1692901075380102, par:84)
														idx104(Q:0.3919, distinct_name:2, dictinctin_value:0.044622068949871425, par:94)
															idx114(Q:0.4137, distinct_name:2, dictinctin_value:-0.04421252452423217, par:104)
																idx124(Q:0.4344, distinct_name:2, dictinctin_value:-0.12551407150931976, par:114)
																	idx132(Q:0.4527, distinct_name:2, dictinctin_value:-0.16179863391045127, par:124)
																		idx138(Q:0.4622, distinct_name:2, dictinctin_value:-0.1987692173924826, par:132)
																			idx144(Q:0.4826, par:138)
																			idx145(Q:0.1550, par:138)
																		idx139(Q:0.1684, par:132)
																	idx133(Q:0.1821, par:124)
																idx125(Q:0.1240, par:114)
															idx115(Q:0.1779, par:104)
														idx105(Q:0.1652, par:94)
													idx95(Q:0.1362, par:84)
												idx85(Q:0.1631, par:78)
											idx79(Q:0.1933, par:72)
										idx73(Q:0.3517, par:64)
									idx65(Q:0.2783, par:56)
								idx57(Q:0.2734, par:46)
							idx47(Q:0.4169, par:40)
						idx41(Q:0.3963, distinct_name:3, dictinctin_value:1.2541204520301295, par:32)
							idx246(Q:0.3927, distinct_name:0, dictinctin_value:-0.05401988313827026, par:41)
								idx260(Q:0.3944, distinct_name:2, dictinctin_value:2.0807886731763334, par:246)
									idx276(Q:0.3865, distinct_name:2, dictinctin_value:1.8994422532815647, par:260)
										idx292(Q:0.3794, distinct_name:1, dictinctin_value:1.2716943858922887, par:276)
											idx306(Q:0.3619, distinct_name:2, dictinctin_value:1.8085097405850585, par:292)
												idx318(Q:0.3506, distinct_name:0, dictinctin_value:-0.06832580226386262, par:306)
													idx330(Q:0.3473, distinct_name:1, dictinctin_value:1.0161843934440484, par:318)
														idx342(Q:0.3399, distinct_name:0, dictinctin_value:-0.11082738421514442, par:330)
															idx356(Q:0.3439, distinct_name:0, dictinctin_value:-0.1239714467724242, par:342)
																idx370(Q:0.3456, distinct_name:1, dictinctin_value:0.8661774768232812, par:356)
																	idx382(Q:0.3403, distinct_name:0, dictinctin_value:-0.13038566790821624, par:370)
																		idx396(Q:0.3369, distinct_name:1, dictinctin_value:0.7685182247259327, par:382)
																			idx406(Q:0.3296, par:396)
																			idx407(Q:0.5249, par:396)
																		idx397(Q:0.6955, par:382)
																	idx383(Q:0.5360, par:370)
																idx371(Q:0.1581, par:356)
															idx357(Q:0.2765, par:342)
														idx343(Q:0.4915, par:330)
													idx331(Q:0.5556, par:318)
												idx319(Q:0.8384, par:306)
											idx307(Q:0.6052, par:292)
										idx293(Q:0.8758, par:276)
									idx277(Q:0.9535, par:260)
								idx261(Q:0.1560, par:246)
							idx247(Q:0.5663, par:41)
					idx33(Q:0.5707, par:11)
			idx9(Q:0.3453, distinct_name:1, dictinctin_value:1.4532912275447858, par:6)
				idx14(Q:0.3286, distinct_name:0, dictinctin_value:0.6708677617788001, par:9)
					idx16(Q:0.3433, distinct_name:0, dictinctin_value:0.5219929201544601, par:14)
						idx20(Q:0.3446, distinct_name:0, dictinctin_value:0.38200451643824146, par:16)
							idx26(Q:0.3557, distinct_name:0, dictinctin_value:0.29175973898130836, par:20)
								idx34(Q:0.3579, distinct_name:3, dictinctin_value:1.2405945003824483, par:26)
									idx42(Q:0.3251, distinct_name:2, dictinctin_value:1.6139678071673451, par:34)
										idx48(Q:0.3196, distinct_name:1, dictinctin_value:1.0148453699076618, par:42)
											idx58(Q:0.3052, distinct_name:2, dictinctin_value:0.8422101128546527, par:48)
												idx66(Q:0.3109, distinct_name:2, dictinctin_value:0.5718071591898053, par:58)
													idx74(Q:0.3249, distinct_name:2, dictinctin_value:0.3335199702259944, par:66)
														idx80(Q:0.3526, distinct_name:2, dictinctin_value:0.2585267021680285, par:74)
															idx86(Q:0.3605, distinct_name:2, dictinctin_value:0.13295569297273957, par:80)
																idx96(Q:0.3798, distinct_name:2, dictinctin_value:0.0933394603867821, par:86)
																	idx106(Q:0.3869, distinct_name:2, dictinctin_value:0.047951172568074005, par:96)
																		idx116(Q:0.3959, distinct_name:2, dictinctin_value:-0.0025517231675584334, par:106)
																			idx126(Q:0.4027, par:116)
																			idx127(Q:0.1245, par:116)
																		idx117(Q:0.1638, par:106)
																	idx107(Q:0.1183, par:96)
																idx97(Q:0.1279, par:86)
															idx87(Q:0.1781, par:80)
														idx81(Q:0.1482, par:74)
													idx75(Q:0.1794, par:66)
												idx67(Q:0.2728, par:58)
											idx59(Q:0.4638, par:48)
										idx49(Q:0.4282, par:42)
									idx43(Q:0.5674, par:34)
								idx35(Q:0.3462, distinct_name:1, dictinctin_value:1.344826515865718, par:26)
									idx236(Q:0.3440, distinct_name:3, dictinctin_value:1.6897348587436034, par:35)
										idx248(Q:0.3340, distinct_name:1, dictinctin_value:1.2341402111364463, par:236)
											idx262(Q:0.3356, distinct_name:3, dictinctin_value:1.3356049450605056, par:248)
												idx278(Q:0.3356, distinct_name:2, dictinctin_value:1.6241822054726756, par:262)
													idx294(Q:0.3239, distinct_name:0, dictinctin_value:0.3731119474318981, par:278)
														idx320(Q:0.3209, distinct_name:3, dictinctin_value:1.2759579982069145, par:294)
															idx344(Q:0.3080, distinct_name:0, dictinctin_value:0.37304242798500226, par:320)
																idx358(Q:0.3078, distinct_name:0, dictinctin_value:0.3707677109507447, par:344)
																	idx372(Q:0.3127, distinct_name:0, dictinctin_value:0.3697040787425107, par:358)
																		idx384(Q:0.3119, distinct_name:2, dictinctin_value:1.3789177574365135, par:372)
																			idx398(Q:0.3055, par:384)
																			idx399(Q:0.4885, par:384)
																		idx385(Q:0.3531, par:372)
																	idx373(Q:0.1232, par:358)
																idx359(Q:0.3297, par:344)
															idx345(Q:0.7029, par:320)
														idx321(Q:0.4162, par:294)
													idx295(Q:0.5491, par:278)
												idx279(Q:0.3342, par:262)
											idx263(Q:0.2222, par:248)
										idx249(Q:0.6936, par:236)
									idx237(Q:0.5098, par:35)
							idx27(Q:0.3060, distinct_name:2, dictinctin_value:1.5527241962490086, par:20)
								idx156(Q:0.3016, distinct_name:0, dictinctin_value:0.5137061072990365, par:27)
									idx166(Q:0.3070, distinct_name:0, dictinctin_value:0.5083060291160676, par:156)
										idx174(Q:0.3072, distinct_name:1, dictinctin_value:1.235555391656205, par:166)
											idx182(Q:0.3064, distinct_name:0, dictinctin_value:0.499318407708209, par:174)
												idx190(Q:0.3108, distinct_name:3, dictinctin_value:1.6437138459193195, par:182)
													idx198(Q:0.3067, distinct_name:0, dictinctin_value:0.4978828276393789, par:190)
														idx208(Q:0.3099, distinct_name:2, dictinctin_value:1.3588453420210258, par:198)
															idx222(Q:0.3082, distinct_name:2, dictinctin_value:0.9721483625475897, par:208)
																idx238(Q:0.3097, distinct_name:0, dictinctin_value:0.4972801494332726, par:222)
																	idx250(Q:0.3060, distinct_name:2, dictinctin_value:0.944961054171824, par:238)
																		idx264(Q:0.3111, distinct_name:2, dictinctin_value:0.872803430709856, par:250)
																			idx280(Q:0.3160, par:264)
																			idx281(Q:0.2171, par:264)
																		idx265(Q:0.0703, par:250)
																	idx251(Q:0.5718, par:238)
																idx239(Q:0.2850, par:222)
															idx223(Q:0.3459, par:208)
														idx209(Q:0.1809, par:198)
													idx199(Q:0.5336, par:190)
												idx191(Q:0.2451, par:182)
											idx183(Q:0.3320, par:174)
										idx175(Q:0.3017, par:166)
									idx167(Q:0.2364, par:156)
								idx157(Q:0.4384, par:27)
						idx21(Q:0.3373, distinct_name:1, dictinctin_value:1.3201670622027022, par:16)
							idx150(Q:0.3338, distinct_name:1, dictinctin_value:1.2234607090751204, par:21)
								idx158(Q:0.3343, distinct_name:1, dictinctin_value:1.0226433736171432, par:150)
									idx168(Q:0.3240, distinct_name:0, dictinctin_value:0.6649352976939671, par:158)
										idx176(Q:0.3201, distinct_name:2, dictinctin_value:1.8028367177150562, par:168)
											idx184(Q:0.3153, distinct_name:3, dictinctin_value:1.321083281680176, par:176)
												idx210(Q:0.2933, distinct_name:1, dictinctin_value:0.7493197611500411, par:184)
													idx224(Q:0.2932, distinct_name:2, dictinctin_value:1.1954012588052898, par:210)
														idx266(Q:0.2949, distinct_name:1, dictinctin_value:0.6035401367847275, par:224)
															idx282(Q:0.3016, distinct_name:1, dictinctin_value:0.5166827335099701, par:266)
																idx296(Q:0.3076, distinct_name:0, dictinctin_value:0.663963378246939, par:282)
																	idx308(Q:0.3040, distinct_name:0, dictinctin_value:0.6638782806630827, par:296)
																		idx322(Q:0.3007, distinct_name:2, dictinctin_value:1.1091905022156634, par:308)
																			idx332(Q:0.3041, par:322)
																			idx333(Q:0.1554, par:322)
																		idx323(Q:0.7405, par:308)
																	idx309(Q:0.7765, par:296)
																idx297(Q:0.1679, par:282)
															idx283(Q:0.1419, par:266)
														idx267(Q:0.2734, par:224)
													idx225(Q:0.2940, par:210)
												idx211(Q:0.5673, par:184)
											idx185(Q:0.4474, par:176)
										idx177(Q:0.4192, par:168)
									idx169(Q:0.5420, par:158)
								idx159(Q:0.2851, par:150)
							idx151(Q:0.4440, par:21)
					idx17(Q:0.3128, distinct_name:3, dictinctin_value:0.8871619234739136, par:14)
						idx22(Q:0.2836, distinct_name:1, dictinctin_value:0.895274831679809, par:17)
							idx28(Q:0.2675, distinct_name:3, dictinctin_value:0.4147697243292515, par:22)
								idx36(Q:0.2587, distinct_name:3, dictinctin_value:-0.009439492879810042, par:28)
									idx50(Q:0.2575, distinct_name:0, dictinctin_value:2.3121117874404824, par:36)
										idx52(Q:0.2590, distinct_name:0, dictinctin_value:1.9483716250181808, par:50)
											idx60(Q:0.2614, distinct_name:3, dictinctin_value:-0.018025248765568658, par:52)
												idx68(Q:0.2703, distinct_name:2, dictinctin_value:0.8033765660185509, par:60)
													idx88(Q:0.2757, distinct_name:2, dictinctin_value:0.6003623148969123, par:68)
														idx98(Q:0.2848, distinct_name:2, dictinctin_value:0.5329635912790776, par:88)
															idx108(Q:0.2929, distinct_name:2, dictinctin_value:0.3621996786015208, par:98)
																idx118(Q:0.3085, distinct_name:3, dictinctin_value:-0.05260374571449391, par:108)
																	idx128(Q:0.3108, distinct_name:2, dictinctin_value:0.22149263805201816, par:118)
																		idx134(Q:0.3258, distinct_name:2, dictinctin_value:0.13324256965432388, par:128)
																			idx140(Q:0.3401, par:134)
																			idx141(Q:0.1375, par:134)
																		idx135(Q:0.1489, par:128)
																	idx129(Q:0.2573, par:118)
																idx119(Q:0.1489, par:108)
															idx109(Q:0.1542, par:98)
														idx99(Q:0.1689, par:88)
													idx89(Q:0.2545, distinct_name:0, dictinctin_value:1.9001636825637473, par:68)
														idx420(Q:0.2518, par:89)
														idx421(Q:0.2937, par:89)
												idx69(Q:0.1901, par:60)
											idx61(Q:0.2138, par:52)
										idx53(Q:0.1623, par:50)
									idx51(Q:0.2630, distinct_name:0, dictinctin_value:2.2255864685353126, par:36)
										idx268(Q:0.2614, distinct_name:0, dictinctin_value:1.8770234609938123, par:51)
											idx284(Q:0.2648, distinct_name:1, dictinctin_value:0.8208254329434517, par:268)
												idx298(Q:0.2664, distinct_name:0, dictinctin_value:1.7199871451158526, par:284)
													idx310(Q:0.2694, distinct_name:3, dictinctin_value:0.39481973457279324, par:298)
														idx346(Q:0.2712, distinct_name:2, dictinctin_value:2.0591657816242117, par:310)
															idx360(Q:0.2633, distinct_name:2, dictinctin_value:1.6416632040499568, par:346)
																idx374(Q:0.2628, distinct_name:0, dictinctin_value:1.6846076849979201, par:360)
																	idx386(Q:0.2633, distinct_name:2, dictinctin_value:1.5364517172370076, par:374)
																		idx400(Q:0.2654, distinct_name:2, dictinctin_value:1.321416179085615, par:386)
																			idx408(Q:0.2622, par:400)
																			idx409(Q:0.3535, par:400)
																		idx401(Q:0.1825, par:386)
																	idx387(Q:0.2080, par:374)
																idx375(Q:0.2773, par:360)
															idx361(Q:0.7517, par:346)
														idx347(Q:0.2259, par:310)
													idx311(Q:0.1886, par:298)
												idx299(Q:0.2215, par:284)
											idx285(Q:0.1933, par:268)
										idx269(Q:0.3223, par:51)
								idx37(Q:0.3109, distinct_name:1, dictinctin_value:0.7946772031835798, par:28)
									idx312(Q:0.3053, distinct_name:2, dictinctin_value:1.9378572482198, par:37)
										idx324(Q:0.2947, distinct_name:0, dictinctin_value:2.1880833067537604, par:312)
											idx334(Q:0.2958, distinct_name:0, dictinctin_value:2.1673152418059, par:324)
												idx348(Q:0.2906, distinct_name:0, dictinctin_value:2.0644684179947266, par:334)
													idx362(Q:0.2893, distinct_name:2, dictinctin_value:1.6060442338491094, par:348)
														idx376(Q:0.2812, distinct_name:0, dictinctin_value:1.8821116949330967, par:362)
															idx388(Q:0.2825, distinct_name:2, dictinctin_value:1.5867185725408008, par:376)
																idx402(Q:0.2829, distinct_name:0, dictinctin_value:1.8162737627685595, par:388)
																	idx410(Q:0.2862, distinct_name:2, dictinctin_value:1.474613989336331, par:402)
																		idx414(Q:0.2779, distinct_name:2, dictinctin_value:1.322085439542282, par:410)
																			idx422(Q:0.2782, par:414)
																			idx423(Q:0.2744, par:414)
																		idx415(Q:0.7277, par:410)
																	idx411(Q:0.1050, par:402)
																idx403(Q:0.2603, par:388)
															idx389(Q:0.2323, par:376)
														idx377(Q:0.6011, par:362)
													idx363(Q:0.3687, par:348)
												idx349(Q:0.9252, par:334)
											idx335(Q:0.2498, par:324)
										idx325(Q:0.7470, par:312)
									idx313(Q:0.4133, par:37)
							idx29(Q:0.3912, distinct_name:0, dictinctin_value:2.44084525907838, par:22)
								idx336(Q:0.3924, distinct_name:0, dictinctin_value:2.3332385876998147, par:29)
									idx350(Q:0.3929, distinct_name:2, dictinctin_value:1.313989803673234, par:336)
										idx364(Q:0.3684, distinct_name:2, dictinctin_value:1.2075088067941002, par:350)
											idx378(Q:0.3645, distinct_name:0, dictinctin_value:2.3276851139515355, par:364)
												idx390(Q:0.3629, distinct_name:2, dictinctin_value:1.1566628366759308, par:378)
													idx404(Q:0.3591, distinct_name:2, dictinctin_value:1.049026714172236, par:390)
														idx412(Q:0.3553, distinct_name:2, dictinctin_value:1.0138168631315498, par:404)
															idx418(Q:0.3525, distinct_name:0, dictinctin_value:2.3136303024689413, par:412)
																idx424(Q:0.3524, par:418)
																idx425(Q:0.3611, par:418)
															idx419(Q:0.4940, par:412)
														idx413(Q:0.5554, par:404)
													idx405(Q:0.5629, par:390)
												idx391(Q:0.5313, par:378)
											idx379(Q:0.5828, par:364)
										idx365(Q:0.6919, par:350)
									idx351(Q:0.3317, par:336)
								idx337(Q:0.2493, par:29)
						idx23(Q:0.4643, distinct_name:0, dictinctin_value:2.1444723574903684, par:17)
							idx160(Q:0.4646, distinct_name:0, dictinctin_value:2.133798778100152, par:23)
								idx170(Q:0.4653, distinct_name:2, dictinctin_value:1.564504591409782, par:160)
									idx178(Q:0.4376, distinct_name:2, dictinctin_value:1.4113473869711974, par:170)
										idx186(Q:0.4315, distinct_name:0, dictinctin_value:2.1063540893171067, par:178)
											idx192(Q:0.4323, distinct_name:2, dictinctin_value:1.2195161175228741, par:186)
												idx200(Q:0.4280, distinct_name:0, dictinctin_value:1.9676721667093595, par:192)
													idx212(Q:0.4252, distinct_name:0, dictinctin_value:1.8926417272552991, par:200)
														idx226(Q:0.4292, distinct_name:0, dictinctin_value:1.7713311316515392, par:212)
															idx252(Q:0.4360, distinct_name:1, dictinctin_value:1.3213229930390704, par:226)
																idx270(Q:0.4315, distinct_name:0, dictinctin_value:1.7442155745503336, par:252)
																	idx300(Q:0.4281, distinct_name:0, dictinctin_value:1.3536781616204123, par:270)
																		idx392(Q:0.4245, distinct_name:0, dictinctin_value:1.2274516322533688, par:300)
																			idx416(Q:0.4253, par:392)
																			idx417(Q:0.4138, par:392)
																		idx393(Q:0.4467, par:300)
																	idx301(Q:0.6548, par:270)
																idx271(Q:0.6417, par:252)
															idx253(Q:0.2398, par:226)
														idx227(Q:0.2344, par:212)
													idx213(Q:0.5294, par:200)
												idx201(Q:0.5248, par:192)
											idx193(Q:0.3129, par:186)
										idx187(Q:0.6809, par:178)
									idx179(Q:0.8746, par:170)
								idx171(Q:0.3511, par:160)
							idx161(Q:0.4501, par:23)
				idx15(Q:0.5762, distinct_name:2, dictinctin_value:1.9938158806166744, par:9)
					idx194(Q:0.5677, distinct_name:3, dictinctin_value:2.0149638943737203, par:15)
						idx202(Q:0.5544, distinct_name:3, dictinctin_value:1.626087400144554, par:194)
							idx214(Q:0.5472, distinct_name:1, dictinctin_value:2.6727016574162166, par:202)
								idx228(Q:0.5261, distinct_name:2, dictinctin_value:1.776904010924299, par:214)
									idx240(Q:0.5207, distinct_name:2, dictinctin_value:1.4203463682180766, par:228)
										idx254(Q:0.5056, distinct_name:0, dictinctin_value:2.115573493736756, par:240)
											idx272(Q:0.5062, distinct_name:2, dictinctin_value:1.306259966260203, par:254)
												idx286(Q:0.4974, distinct_name:2, dictinctin_value:1.2529155214914378, par:272)
													idx302(Q:0.4925, distinct_name:2, dictinctin_value:0.808199081795812, par:286)
														idx314(Q:0.4803, distinct_name:2, dictinctin_value:0.7214446989843575, par:302)
															idx326(Q:0.4731, distinct_name:2, dictinctin_value:0.7041168221107604, par:314)
																idx338(Q:0.4709, distinct_name:0, dictinctin_value:2.1110030599556926, par:326)
																	idx352(Q:0.4720, distinct_name:0, dictinctin_value:2.0312710900603177, par:338)
																		idx366(Q:0.4703, distinct_name:2, dictinctin_value:0.6878681581259294, par:352)
																			idx394(Q:0.4655, par:366)
																			idx395(Q:0.7374, par:366)
																		idx367(Q:0.6738, par:352)
																	idx353(Q:0.3397, par:338)
																idx339(Q:0.6013, par:326)
															idx327(Q:0.6962, par:314)
														idx315(Q:0.8655, par:302)
													idx303(Q:0.8104, par:286)
												idx287(Q:0.7919, par:272)
											idx273(Q:0.4635, par:254)
										idx255(Q:0.9282, par:240)
									idx241(Q:0.9017, par:228)
								idx229(Q:0.8477, par:214)
							idx215(Q:0.7711, par:202)
						idx203(Q:0.9177, par:194)
					idx195(Q:1.0366, par:15)
		idx7(Q:0.3852, par:4)
	idx5(Q:0.2994, par:1)
