WARNING:tensorflow:From /Users/keithwu/opt/anaconda3/envs/auction-gym/lib/python3.10/site-packages/tensorflow/python/compat/v2_compat.py:107: disable_resource_variables (from tensorflow.python.ops.variable_scope) is deprecated and will be removed in a future version.
Instructions for updating:
non-resource variables are not supported in the long term
<_io.TextIOWrapper name='<stderr>' mode='w' encoding='utf-8'> reading from ../UTree_model_numpy/DR/model_boost_linear_qsplit_noabs_save/, starting at 62
<_io.TextIOWrapper name='<stderr>' mode='w' encoding='utf-8'> =============== update starts ===============
(average_diff:0.001149026849631892, max_diff:0.0026738522696564404, training_epochs:500, lr:0.05)
<_io.TextIOWrapper name='<stderr>' mode='w' encoding='utf-8'> node index is 111
train linear regression time:  0.060260457918047905
(average_diff:0.0019275454287519572, max_diff:0.005368089546961108, training_epochs:500, lr:0.05)
<_io.TextIOWrapper name='<stderr>' mode='w' encoding='utf-8'> node index is 101
train linear regression time:  0.05566233303397894
(average_diff:0.010281509418829564, max_diff:0.03479866236785756, training_epochs:500, lr:0.05)
<_io.TextIOWrapper name='<stderr>' mode='w' encoding='utf-8'> node index is 91
train linear regression time:  0.05381216714158654
(average_diff:0.013711132843517411, max_diff:0.16099019785314836, training_epochs:500, lr:0.05)
<_io.TextIOWrapper name='<stderr>' mode='w' encoding='utf-8'> node index is 83
train linear regression time:  0.05548437498509884
(average_diff:0.017047733136391956, max_diff:0.1544113151910318, training_epochs:500, lr:0.05)
<_io.TextIOWrapper name='<stderr>' mode='w' encoding='utf-8'> node index is 77
train linear regression time:  0.053923791740089655
(average_diff:0.047497461521767176, max_diff:0.2553727350433821, training_epochs:500, lr:0.05)
<_io.TextIOWrapper name='<stderr>' mode='w' encoding='utf-8'> node index is 71
train linear regression time:  0.0552184171974659
(average_diff:0.05260528894852595, max_diff:0.1804328235768467, training_epochs:500, lr:0.05)
<_io.TextIOWrapper name='<stderr>' mode='w' encoding='utf-8'> node index is 63
train linear regression time:  0.05680204089730978
(average_diff:0.06752624463855486, max_diff:0.2734792902103896, training_epochs:500, lr:0.05)
<_io.TextIOWrapper name='<stderr>' mode='w' encoding='utf-8'> node index is 480
train linear regression time:  0.06458820821717381
<_io.TextIOWrapper name='<stderr>' mode='w' encoding='utf-8'> variance test passed, diff=0.010300868018260231, d = 0, back=0
<_io.TextIOWrapper name='<stderr>' mode='w' encoding='utf-8'> variance test passed, diff=0.019968572434183117, d = 2, back=0
<_io.TextIOWrapper name='<stderr>' mode='w' encoding='utf-8'> Will be split, p=0.019968572434183117, d=2, back=0
(average_diff:0.06604407384209306, max_diff:0.26350450503571626, training_epochs:500, lr:0.05)
<_io.TextIOWrapper name='<stderr>' mode='w' encoding='utf-8'> node index is 484
train linear regression time:  0.06543337507173419
(average_diff:0.0006562622700889212, max_diff:0.0007292790058087278, training_epochs:500, lr:0.05)
<_io.TextIOWrapper name='<stderr>' mode='w' encoding='utf-8'> node index is 485
train linear regression time:  0.053553291130810976
(average_diff:8.418887661099106e-05, max_diff:0.00011806020287163932, training_epochs:500, lr:0.05)
<_io.TextIOWrapper name='<stderr>' mode='w' encoding='utf-8'> node index is 481
train linear regression time:  0.0541980410926044
(average_diff:2.7755575615628914e-17, max_diff:2.7755575615628914e-17, training_epochs:500, lr:0.05)
<_io.TextIOWrapper name='<stderr>' mode='w' encoding='utf-8'> node index is 475
train linear regression time:  0.052206375170499086
(average_diff:7.333702709000356e-08, max_diff:7.773456600634887e-08, training_epochs:500, lr:0.05)
<_io.TextIOWrapper name='<stderr>' mode='w' encoding='utf-8'> node index is 469
train linear regression time:  0.051924333442002535
(average_diff:2.6746522126715653e-09, max_diff:3.8174365335486016e-09, training_epochs:500, lr:0.05)
<_io.TextIOWrapper name='<stderr>' mode='w' encoding='utf-8'> node index is 465
train linear regression time:  0.055554499849677086
(average_diff:0.07094235507630668, max_diff:0.2704796174512807, training_epochs:500, lr:0.05)
<_io.TextIOWrapper name='<stderr>' mode='w' encoding='utf-8'> node index is 45
train linear regression time:  0.06478229211643338
(average_diff:1.5815404541541511e-12, max_diff:1.5883960813312115e-12, training_epochs:500, lr:0.05)
<_io.TextIOWrapper name='<stderr>' mode='w' encoding='utf-8'> node index is 473
train linear regression time:  0.05520391743630171
(average_diff:2.8449465006019636e-16, max_diff:3.7470027081099033e-16, training_epochs:500, lr:0.05)
<_io.TextIOWrapper name='<stderr>' mode='w' encoding='utf-8'> node index is 471
train linear regression time:  0.05528483306989074
(average_diff:7.257412057024015e-06, max_diff:7.408690146232244e-06, training_epochs:500, lr:0.05)
<_io.TextIOWrapper name='<stderr>' mode='w' encoding='utf-8'> node index is 467
train linear regression time:  0.057331417221575975
(average_diff:0.009292997433041503, max_diff:0.014223511833000857, training_epochs:500, lr:0.05)
<_io.TextIOWrapper name='<stderr>' mode='w' encoding='utf-8'> node index is 461
train linear regression time:  0.05972375022247434
(average_diff:0.0038494470112710316, max_diff:0.007620770940278243, training_epochs:500, lr:0.05)
<_io.TextIOWrapper name='<stderr>' mode='w' encoding='utf-8'> node index is 457
train linear regression time:  0.05576083296909928
(average_diff:3.3306690738754696e-16, max_diff:3.3306690738754696e-16, training_epochs:500, lr:0.05)
<_io.TextIOWrapper name='<stderr>' mode='w' encoding='utf-8'> node index is 449
train linear regression time:  0.057493625208735466
(average_diff:2.5673907444456745e-16, max_diff:4.0245584642661925e-16, training_epochs:500, lr:0.05)
<_io.TextIOWrapper name='<stderr>' mode='w' encoding='utf-8'> node index is 445
train linear regression time:  0.056072665844112635
(average_diff:3.3306690738754696e-16, max_diff:4.718447854656915e-16, training_epochs:500, lr:0.05)
<_io.TextIOWrapper name='<stderr>' mode='w' encoding='utf-8'> node index is 433
train linear regression time:  0.05453783320263028
(average_diff:5.051852703324977e-05, max_diff:5.174521177664371e-05, training_epochs:500, lr:0.05)
<_io.TextIOWrapper name='<stderr>' mode='w' encoding='utf-8'> node index is 427
train linear regression time:  0.05515112495049834
(average_diff:0.09804998949480753, max_diff:0.3031826732834648, training_epochs:500, lr:0.05)
<_io.TextIOWrapper name='<stderr>' mode='w' encoding='utf-8'> node index is 31
train linear regression time:  0.06169095914810896
(average_diff:1.887379141862766e-15, max_diff:1.9984014443252818e-15, training_epochs:500, lr:0.05)
<_io.TextIOWrapper name='<stderr>' mode='w' encoding='utf-8'> node index is 369
train linear regression time:  0.055000083055347204
(average_diff:7.030129656193651e-08, max_diff:1.0754788659639303e-07, training_epochs:500, lr:0.05)
<_io.TextIOWrapper name='<stderr>' mode='w' encoding='utf-8'> node index is 355
train linear regression time:  0.05361229181289673
(average_diff:4.2547546967123634e-10, max_diff:6.076220637751817e-10, training_epochs:500, lr:0.05)
<_io.TextIOWrapper name='<stderr>' mode='w' encoding='utf-8'> node index is 341
train linear regression time:  0.05503275012597442
(average_diff:0.019487771520548678, max_diff:0.03726835933710332, training_epochs:500, lr:0.05)
<_io.TextIOWrapper name='<stderr>' mode='w' encoding='utf-8'> node index is 329
train linear regression time:  0.056728375144302845
(average_diff:0.007268792706406516, max_diff:0.012588290460312734, training_epochs:500, lr:0.05)
<_io.TextIOWrapper name='<stderr>' mode='w' encoding='utf-8'> node index is 317
train linear regression time:  0.053951624780893326
(average_diff:0.07048048421018577, max_diff:0.22643326953964535, training_epochs:500, lr:0.05)
<_io.TextIOWrapper name='<stderr>' mode='w' encoding='utf-8'> node index is 305
train linear regression time:  0.0556664583273232
(average_diff:1.339206523454095e-15, max_diff:1.3461454173580023e-15, training_epochs:500, lr:0.05)
<_io.TextIOWrapper name='<stderr>' mode='w' encoding='utf-8'> node index is 289
train linear regression time:  0.05461283400654793
(average_diff:0.0009526139118805732, max_diff:0.0018778422186072063, training_epochs:500, lr:0.05)
<_io.TextIOWrapper name='<stderr>' mode='w' encoding='utf-8'> node index is 257
train linear regression time:  0.060699041932821274
(average_diff:0.06676237341603225, max_diff:0.12695254089529096, training_epochs:500, lr:0.05)
<_io.TextIOWrapper name='<stderr>' mode='w' encoding='utf-8'> node index is 243
train linear regression time:  0.06121141603216529
(average_diff:0.031156681462468073, max_diff:0.04745570236996585, training_epochs:500, lr:0.05)
<_io.TextIOWrapper name='<stderr>' mode='w' encoding='utf-8'> node index is 231
train linear regression time:  0.05563745787367225
(average_diff:0.07806904169746975, max_diff:0.15070931243781527, training_epochs:500, lr:0.05)
<_io.TextIOWrapper name='<stderr>' mode='w' encoding='utf-8'> node index is 217
train linear regression time:  0.05662654200568795
(average_diff:0.007266310110288017, max_diff:0.014921236749508404, training_epochs:500, lr:0.05)
<_io.TextIOWrapper name='<stderr>' mode='w' encoding='utf-8'> node index is 275
train linear regression time:  0.05593787506222725
(average_diff:0.012679636223180312, max_diff:0.02332631734613755, training_epochs:500, lr:0.05)
<_io.TextIOWrapper name='<stderr>' mode='w' encoding='utf-8'> node index is 259
train linear regression time:  0.05593795794993639
(average_diff:3.315014187571519e-06, max_diff:5.619330337935935e-06, training_epochs:500, lr:0.05)
<_io.TextIOWrapper name='<stderr>' mode='w' encoding='utf-8'> node index is 245
train linear regression time:  0.05395175004377961
(average_diff:0.005595975792457954, max_diff:0.012721843965105006, training_epochs:500, lr:0.05)
<_io.TextIOWrapper name='<stderr>' mode='w' encoding='utf-8'> node index is 233
train linear regression time:  0.055792917031794786
(average_diff:1.0547118733938987e-15, max_diff:1.4432899320127035e-15, training_epochs:500, lr:0.05)
<_io.TextIOWrapper name='<stderr>' mode='w' encoding='utf-8'> node index is 219
train linear regression time:  0.05402962490916252
(average_diff:0.010067229677335754, max_diff:0.01739005811515104, training_epochs:500, lr:0.05)
<_io.TextIOWrapper name='<stderr>' mode='w' encoding='utf-8'> node index is 205
train linear regression time:  0.05341575015336275
(average_diff:0.0038024246732789313, max_diff:0.00797063820274857, training_epochs:500, lr:0.05)
<_io.TextIOWrapper name='<stderr>' mode='w' encoding='utf-8'> node index is 197
train linear regression time:  0.05448183277621865
(average_diff:0.030297368173212054, max_diff:0.06442288940651042, training_epochs:500, lr:0.05)
<_io.TextIOWrapper name='<stderr>' mode='w' encoding='utf-8'> node index is 189
train linear regression time:  0.05405345791950822
(average_diff:0.020872264944248698, max_diff:0.054474499569299506, training_epochs:500, lr:0.05)
<_io.TextIOWrapper name='<stderr>' mode='w' encoding='utf-8'> node index is 181
train linear regression time:  0.05673154164105654
(average_diff:0.028260293810875865, max_diff:0.0620937973205925, training_epochs:500, lr:0.05)
<_io.TextIOWrapper name='<stderr>' mode='w' encoding='utf-8'> node index is 173
train linear regression time:  0.05443766573444009
(average_diff:0.012118937887564876, max_diff:0.021693050495732225, training_epochs:500, lr:0.05)
<_io.TextIOWrapper name='<stderr>' mode='w' encoding='utf-8'> node index is 163
train linear regression time:  0.055065040942281485
(average_diff:0.0, max_diff:0.0, training_epochs:500, lr:0.05)
<_io.TextIOWrapper name='<stderr>' mode='w' encoding='utf-8'> node index is 153
train linear regression time:  0.05283812480047345
(average_diff:0.0008953921148715654, max_diff:0.0017169634947552526, training_epochs:500, lr:0.05)
<_io.TextIOWrapper name='<stderr>' mode='w' encoding='utf-8'> node index is 221
train linear regression time:  0.054038291331380606
(average_diff:0.10572503654491198, max_diff:0.28389702871106093, training_epochs:500, lr:0.05)
<_io.TextIOWrapper name='<stderr>' mode='w' encoding='utf-8'> node index is 207
train linear regression time:  0.05208670813590288
(average_diff:0.14007195579621076, max_diff:0.3256066853732229, training_epochs:500, lr:0.05)
<_io.TextIOWrapper name='<stderr>' mode='w' encoding='utf-8'> node index is 165
train linear regression time:  0.05241016624495387
(average_diff:0.0831484247736167, max_diff:0.23005459522339633, training_epochs:500, lr:0.05)
<_io.TextIOWrapper name='<stderr>' mode='w' encoding='utf-8'> node index is 155
train linear regression time:  0.05132929189130664
(average_diff:0.1661109602439624, max_diff:0.2974113285205645, training_epochs:500, lr:0.05)
<_io.TextIOWrapper name='<stderr>' mode='w' encoding='utf-8'> node index is 149
train linear regression time:  0.05042029218748212
(average_diff:0.04724324261394088, max_diff:0.14042125160041258, training_epochs:500, lr:0.05)
<_io.TextIOWrapper name='<stderr>' mode='w' encoding='utf-8'> node index is 147
train linear regression time:  0.051019042264670134
(average_diff:0.04828237193970941, max_diff:0.15908731747299315, training_epochs:500, lr:0.05)
<_io.TextIOWrapper name='<stderr>' mode='w' encoding='utf-8'> node index is 143
train linear regression time:  0.05007095914334059
(average_diff:0.03462262099785946, max_diff:0.07866058224840977, training_epochs:500, lr:0.05)
<_io.TextIOWrapper name='<stderr>' mode='w' encoding='utf-8'> node index is 137
train linear regression time:  0.04999000020325184
(average_diff:0.0471359606857617, max_diff:0.1311775306304649, training_epochs:500, lr:0.05)
<_io.TextIOWrapper name='<stderr>' mode='w' encoding='utf-8'> node index is 131
train linear regression time:  0.04980779159814119
(average_diff:0.0327730371554774, max_diff:0.0672386189648716, training_epochs:500, lr:0.05)
<_io.TextIOWrapper name='<stderr>' mode='w' encoding='utf-8'> node index is 123
train linear regression time:  0.0491256657987833
(average_diff:0.03494342721686869, max_diff:0.08955534471339988, training_epochs:500, lr:0.05)
<_io.TextIOWrapper name='<stderr>' mode='w' encoding='utf-8'> node index is 113
train linear regression time:  0.051432833075523376
(average_diff:0.0913068895552533, max_diff:0.2961545200954254, training_epochs:500, lr:0.05)
<_io.TextIOWrapper name='<stderr>' mode='w' encoding='utf-8'> node index is 103
train linear regression time:  0.05134008312597871
(average_diff:0.051560151812090886, max_diff:0.11519513525004255, training_epochs:500, lr:0.05)
<_io.TextIOWrapper name='<stderr>' mode='w' encoding='utf-8'> node index is 93
train linear regression time:  0.049930999986827374
(average_diff:0.02213976009792921, max_diff:0.07225406223773498, training_epochs:500, lr:0.05)
<_io.TextIOWrapper name='<stderr>' mode='w' encoding='utf-8'> node index is 139
train linear regression time:  0.05005229217931628
(average_diff:0.059572506644298355, max_diff:0.1758538106980922, training_epochs:500, lr:0.05)
<_io.TextIOWrapper name='<stderr>' mode='w' encoding='utf-8'> node index is 133
train linear regression time:  0.051016292069107294
(average_diff:0.02522665527270804, max_diff:0.05119305820059153, training_epochs:500, lr:0.05)
<_io.TextIOWrapper name='<stderr>' mode='w' encoding='utf-8'> node index is 125
train linear regression time:  0.05289837531745434
(average_diff:0.07316936680220747, max_diff:0.2280926539839948, training_epochs:500, lr:0.05)
<_io.TextIOWrapper name='<stderr>' mode='w' encoding='utf-8'> node index is 115
train linear regression time:  0.05044712498784065
(average_diff:0.08034786682652093, max_diff:0.2838911327587791, training_epochs:500, lr:0.05)
<_io.TextIOWrapper name='<stderr>' mode='w' encoding='utf-8'> node index is 105
train linear regression time:  0.05177170783281326
(average_diff:0.052025975897108764, max_diff:0.2039888845985774, training_epochs:500, lr:0.05)
<_io.TextIOWrapper name='<stderr>' mode='w' encoding='utf-8'> node index is 95
train linear regression time:  0.05099537502974272
(average_diff:0.06239182522138142, max_diff:0.1127542617736853, training_epochs:500, lr:0.05)
<_io.TextIOWrapper name='<stderr>' mode='w' encoding='utf-8'> node index is 85
train linear regression time:  0.04934974992647767
(average_diff:0.06926587873604398, max_diff:0.2335626367465105, training_epochs:500, lr:0.05)
<_io.TextIOWrapper name='<stderr>' mode='w' encoding='utf-8'> node index is 79
train linear regression time:  0.05046908278018236
(average_diff:0.11115054246238129, max_diff:0.4202715846971034, training_epochs:500, lr:0.05)
<_io.TextIOWrapper name='<stderr>' mode='w' encoding='utf-8'> node index is 73
train linear regression time:  0.050127167254686356
(average_diff:0.08348406272336986, max_diff:0.37437315818860467, training_epochs:500, lr:0.05)
<_io.TextIOWrapper name='<stderr>' mode='w' encoding='utf-8'> node index is 65
train linear regression time:  0.05090587493032217
(average_diff:0.0861404936295791, max_diff:0.4289221631807866, training_epochs:500, lr:0.05)
<_io.TextIOWrapper name='<stderr>' mode='w' encoding='utf-8'> node index is 57
train linear regression time:  0.0570306247100234
<_io.TextIOWrapper name='<stderr>' mode='w' encoding='utf-8'> variance test passed, diff=0.03589501388311642, d = 0, back=0
<_io.TextIOWrapper name='<stderr>' mode='w' encoding='utf-8'> Will be split, p=0.03589501388311642, d=0, back=0
(average_diff:0.0867242886636049, max_diff:0.4298407513136544, training_epochs:500, lr:0.05)
<_io.TextIOWrapper name='<stderr>' mode='w' encoding='utf-8'> node index is 486
train linear regression time:  0.05670699989423156
(average_diff:0.0011209916397101477, max_diff:0.0014996837573229976, training_epochs:500, lr:0.05)
<_io.TextIOWrapper name='<stderr>' mode='w' encoding='utf-8'> node index is 487
train linear regression time:  0.05070195905864239
(average_diff:0.09158881812608849, max_diff:0.5673330249430824, training_epochs:500, lr:0.05)
<_io.TextIOWrapper name='<stderr>' mode='w' encoding='utf-8'> node index is 47
train linear regression time:  0.052327875047922134
(average_diff:7.147060721024445e-16, max_diff:1.2073675392798577e-15, training_epochs:500, lr:0.05)
<_io.TextIOWrapper name='<stderr>' mode='w' encoding='utf-8'> node index is 397
train linear regression time:  0.05184066714718938
(average_diff:0.02972031946506619, max_diff:0.06066386543872809, training_epochs:500, lr:0.05)
<_io.TextIOWrapper name='<stderr>' mode='w' encoding='utf-8'> node index is 383
train linear regression time:  0.049710874911397696
(average_diff:1.1102230246251565e-16, max_diff:1.1102230246251565e-16, training_epochs:500, lr:0.05)
<_io.TextIOWrapper name='<stderr>' mode='w' encoding='utf-8'> node index is 371
train linear regression time:  0.049996915739029646
(average_diff:0.1337779888317641, max_diff:0.30212328992516213, training_epochs:500, lr:0.05)
<_io.TextIOWrapper name='<stderr>' mode='w' encoding='utf-8'> node index is 357
train linear regression time:  0.04984091594815254
(average_diff:0.1084666139237371, max_diff:0.21123031538594494, training_epochs:500, lr:0.05)
<_io.TextIOWrapper name='<stderr>' mode='w' encoding='utf-8'> node index is 343
train linear regression time:  0.05098562501370907
(average_diff:2.7755575615628914e-16, max_diff:4.440892098500626e-16, training_epochs:500, lr:0.05)
<_io.TextIOWrapper name='<stderr>' mode='w' encoding='utf-8'> node index is 331
train linear regression time:  0.0512856668792665
(average_diff:0.008242327243107833, max_diff:0.016282312580450875, training_epochs:500, lr:0.05)
<_io.TextIOWrapper name='<stderr>' mode='w' encoding='utf-8'> node index is 319
train linear regression time:  0.050046666990965605
(average_diff:0.15436778592340442, max_diff:0.427684193469998, training_epochs:500, lr:0.05)
<_io.TextIOWrapper name='<stderr>' mode='w' encoding='utf-8'> node index is 307
train linear regression time:  0.05004375008866191
(average_diff:6.106226635438361e-16, max_diff:6.661338147750939e-16, training_epochs:500, lr:0.05)
<_io.TextIOWrapper name='<stderr>' mode='w' encoding='utf-8'> node index is 293
train linear regression time:  0.04974754108116031
(average_diff:0.01754608443613037, max_diff:0.023778953490517618, training_epochs:500, lr:0.05)
<_io.TextIOWrapper name='<stderr>' mode='w' encoding='utf-8'> node index is 277
train linear regression time:  0.049292500130832195
(average_diff:0.01708634907675751, max_diff:0.03475524897645524, training_epochs:500, lr:0.05)
<_io.TextIOWrapper name='<stderr>' mode='w' encoding='utf-8'> node index is 261
train linear regression time:  0.05003712512552738
(average_diff:6.729697357410469e-05, max_diff:0.00012778276106273356, training_epochs:500, lr:0.05)
<_io.TextIOWrapper name='<stderr>' mode='w' encoding='utf-8'> node index is 247
train linear regression time:  0.049150291830301285
(average_diff:0.17693830867911522, max_diff:0.7207766084350897, training_epochs:500, lr:0.05)
<_io.TextIOWrapper name='<stderr>' mode='w' encoding='utf-8'> node index is 482
train linear regression time:  0.05817445879802108
<_io.TextIOWrapper name='<stderr>' mode='w' encoding='utf-8'> variance test passed, diff=0.06505962958993927, d = 0, back=0
<_io.TextIOWrapper name='<stderr>' mode='w' encoding='utf-8'> Will be split, p=0.06505962958993927, d=0, back=0
(average_diff:0.1770101599155468, max_diff:0.7044531021733933, training_epochs:500, lr:0.05)
<_io.TextIOWrapper name='<stderr>' mode='w' encoding='utf-8'> node index is 488
train linear regression time:  0.05824558390304446
(average_diff:2.7755575615628914e-17, max_diff:2.7755575615628914e-17, training_epochs:500, lr:0.05)
<_io.TextIOWrapper name='<stderr>' mode='w' encoding='utf-8'> node index is 489
train linear regression time:  0.05820125015452504
(average_diff:0.0, max_diff:0.0, training_epochs:500, lr:0.05)
<_io.TextIOWrapper name='<stderr>' mode='w' encoding='utf-8'> node index is 483
train linear regression time:  0.05594212515279651
(average_diff:5.551115123125783e-17, max_diff:5.551115123125783e-17, training_epochs:500, lr:0.05)
<_io.TextIOWrapper name='<stderr>' mode='w' encoding='utf-8'> node index is 479
train linear regression time:  0.05710033280774951
(average_diff:0.0006055543088546722, max_diff:0.0009581739944358736, training_epochs:500, lr:0.05)
<_io.TextIOWrapper name='<stderr>' mode='w' encoding='utf-8'> node index is 463
train linear regression time:  0.05516195809468627
(average_diff:0.0010118497318492754, max_diff:0.0015458488793302916, training_epochs:500, lr:0.05)
<_io.TextIOWrapper name='<stderr>' mode='w' encoding='utf-8'> node index is 459
train linear regression time:  0.0540699171833694
(average_diff:0.0, max_diff:0.0, training_epochs:500, lr:0.05)
<_io.TextIOWrapper name='<stderr>' mode='w' encoding='utf-8'> node index is 451
train linear regression time:  0.05589916557073593
(average_diff:1.1102230246251565e-16, max_diff:1.1102230246251565e-16, training_epochs:500, lr:0.05)
<_io.TextIOWrapper name='<stderr>' mode='w' encoding='utf-8'> node index is 439
train linear regression time:  0.052442749962210655
(average_diff:0.00035721699871898993, max_diff:0.0007209167952623163, training_epochs:500, lr:0.05)
<_io.TextIOWrapper name='<stderr>' mode='w' encoding='utf-8'> node index is 437
train linear regression time:  0.05462333280593157
(average_diff:0.029896248547059266, max_diff:0.047568295424099044, training_epochs:500, lr:0.05)
<_io.TextIOWrapper name='<stderr>' mode='w' encoding='utf-8'> node index is 117
train linear regression time:  0.05286579206585884
(average_diff:0.020475165532456797, max_diff:0.056410258231238755, training_epochs:500, lr:0.05)
<_io.TextIOWrapper name='<stderr>' mode='w' encoding='utf-8'> node index is 107
train linear regression time:  0.05270404228940606
(average_diff:0.037604545869649085, max_diff:0.1296951292906382, training_epochs:500, lr:0.05)
<_io.TextIOWrapper name='<stderr>' mode='w' encoding='utf-8'> node index is 97
train linear regression time:  0.054424124769866467
(average_diff:0.06307356271638459, max_diff:0.15251430299766022, training_epochs:500, lr:0.05)
<_io.TextIOWrapper name='<stderr>' mode='w' encoding='utf-8'> node index is 87
train linear regression time:  0.052213582675904036
(average_diff:0.05834216217844946, max_diff:0.33730971117465364, training_epochs:500, lr:0.05)
<_io.TextIOWrapper name='<stderr>' mode='w' encoding='utf-8'> node index is 81
train linear regression time:  0.05344650009647012
(average_diff:0.0738472953483485, max_diff:0.29241867372585467, training_epochs:500, lr:0.05)
<_io.TextIOWrapper name='<stderr>' mode='w' encoding='utf-8'> node index is 75
train linear regression time:  0.05267037497833371
(average_diff:0.09301012343234714, max_diff:0.32395048758518064, training_epochs:500, lr:0.05)
<_io.TextIOWrapper name='<stderr>' mode='w' encoding='utf-8'> node index is 67
train linear regression time:  0.05964216589927673
(average_diff:0.1584603028192954, max_diff:0.5571081659977558, training_epochs:500, lr:0.05)
<_io.TextIOWrapper name='<stderr>' mode='w' encoding='utf-8'> node index is 59
train linear regression time:  0.05429191701114178
(average_diff:0.10375997939581473, max_diff:0.3138747391051112, training_epochs:500, lr:0.05)
<_io.TextIOWrapper name='<stderr>' mode='w' encoding='utf-8'> node index is 49
train linear regression time:  0.05521670775488019
(average_diff:0.1697466568531585, max_diff:0.6697033422799189, training_epochs:500, lr:0.05)
<_io.TextIOWrapper name='<stderr>' mode='w' encoding='utf-8'> node index is 43
train linear regression time:  0.06212650006636977
<_io.TextIOWrapper name='<stderr>' mode='w' encoding='utf-8'> variance test passed, diff=0.02889178655074638, d = 1, back=0
<_io.TextIOWrapper name='<stderr>' mode='w' encoding='utf-8'> variance test passed, diff=0.06535354310143825, d = 2, back=0
<_io.TextIOWrapper name='<stderr>' mode='w' encoding='utf-8'> variance test passed, diff=0.0654545534849746, d = 3, back=0
<_io.TextIOWrapper name='<stderr>' mode='w' encoding='utf-8'> Will be split, p=0.0654545534849746, d=3, back=0
(average_diff:0.17237686742246364, max_diff:0.6405156445852156, training_epochs:500, lr:0.05)
<_io.TextIOWrapper name='<stderr>' mode='w' encoding='utf-8'> node index is 490
train linear regression time:  0.0681555001065135
(average_diff:2.3727627918024297e-08, max_diff:2.5722566632246924e-08, training_epochs:500, lr:0.05)
<_io.TextIOWrapper name='<stderr>' mode='w' encoding='utf-8'> node index is 491
train linear regression time:  0.053396417293697596
(average_diff:0.0024531044147749446, max_diff:0.004563444152059171, training_epochs:500, lr:0.05)
<_io.TextIOWrapper name='<stderr>' mode='w' encoding='utf-8'> node index is 385
train linear regression time:  0.05342904105782509
(average_diff:1.2490009027033011e-15, max_diff:1.5126788710517758e-15, training_epochs:500, lr:0.05)
<_io.TextIOWrapper name='<stderr>' mode='w' encoding='utf-8'> node index is 373
train linear regression time:  0.05382049968466163
(average_diff:0.0, max_diff:0.0, training_epochs:500, lr:0.05)
<_io.TextIOWrapper name='<stderr>' mode='w' encoding='utf-8'> node index is 359
train linear regression time:  0.05360579211264849
(average_diff:0.07218451737129782, max_diff:0.21706240817580297, training_epochs:500, lr:0.05)
<_io.TextIOWrapper name='<stderr>' mode='w' encoding='utf-8'> node index is 345
train linear regression time:  0.055351666174829006
(average_diff:0.026248156427055396, max_diff:0.05458711721462242, training_epochs:500, lr:0.05)
<_io.TextIOWrapper name='<stderr>' mode='w' encoding='utf-8'> node index is 321
train linear regression time:  0.05286904238164425
(average_diff:0.05110631855428879, max_diff:0.13199487169985075, training_epochs:500, lr:0.05)
<_io.TextIOWrapper name='<stderr>' mode='w' encoding='utf-8'> node index is 295
train linear regression time:  0.05415433319285512
(average_diff:0.010262279788243567, max_diff:0.020608619552225038, training_epochs:500, lr:0.05)
<_io.TextIOWrapper name='<stderr>' mode='w' encoding='utf-8'> node index is 279
train linear regression time:  0.05602949997410178
(average_diff:4.163336342344337e-17, max_diff:8.326672684688674e-17, training_epochs:500, lr:0.05)
<_io.TextIOWrapper name='<stderr>' mode='w' encoding='utf-8'> node index is 263
train linear regression time:  0.05629412457346916
(average_diff:0.01849039247661508, max_diff:0.0387105594339896, training_epochs:500, lr:0.05)
<_io.TextIOWrapper name='<stderr>' mode='w' encoding='utf-8'> node index is 249
train linear regression time:  0.0552172907628119
(average_diff:5.551115123125783e-17, max_diff:1.1102230246251565e-16, training_epochs:500, lr:0.05)
<_io.TextIOWrapper name='<stderr>' mode='w' encoding='utf-8'> node index is 237
train linear regression time:  0.054337041918188334
(average_diff:1.6583956430338276e-15, max_diff:2.886579864025407e-15, training_epochs:500, lr:0.05)
<_io.TextIOWrapper name='<stderr>' mode='w' encoding='utf-8'> node index is 265
train linear regression time:  0.05380675010383129
(average_diff:8.326672684688674e-17, max_diff:1.1102230246251565e-16, training_epochs:500, lr:0.05)
<_io.TextIOWrapper name='<stderr>' mode='w' encoding='utf-8'> node index is 251
train linear regression time:  0.05445379205048084
(average_diff:0.09266672539673007, max_diff:0.32165486593555115, training_epochs:500, lr:0.05)
<_io.TextIOWrapper name='<stderr>' mode='w' encoding='utf-8'> node index is 239
train linear regression time:  0.05538608320057392
(average_diff:0.07769275089080896, max_diff:0.1379479737584342, training_epochs:500, lr:0.05)
<_io.TextIOWrapper name='<stderr>' mode='w' encoding='utf-8'> node index is 223
train linear regression time:  0.05472658295184374
(average_diff:0.016536070362707028, max_diff:0.027697814502079643, training_epochs:500, lr:0.05)
<_io.TextIOWrapper name='<stderr>' mode='w' encoding='utf-8'> node index is 209
train linear regression time:  0.05436216667294502
(average_diff:0.03471844339019784, max_diff:0.053242120406777005, training_epochs:500, lr:0.05)
<_io.TextIOWrapper name='<stderr>' mode='w' encoding='utf-8'> node index is 199
train linear regression time:  0.05526370834559202
(average_diff:0.08610158450681232, max_diff:0.20527200295573914, training_epochs:500, lr:0.05)
<_io.TextIOWrapper name='<stderr>' mode='w' encoding='utf-8'> node index is 191
train linear regression time:  0.0575284156948328
(average_diff:0.05625181654632154, max_diff:0.11901390899370783, training_epochs:500, lr:0.05)
<_io.TextIOWrapper name='<stderr>' mode='w' encoding='utf-8'> node index is 183
train linear regression time:  0.05433908337727189
(average_diff:0.09792206943214728, max_diff:0.16349662864099251, training_epochs:500, lr:0.05)
<_io.TextIOWrapper name='<stderr>' mode='w' encoding='utf-8'> node index is 175
train linear regression time:  0.054420209024101496
(average_diff:0.08897263928143319, max_diff:0.18340238190757163, training_epochs:500, lr:0.05)
<_io.TextIOWrapper name='<stderr>' mode='w' encoding='utf-8'> node index is 167
train linear regression time:  0.057068541180342436
(average_diff:0.06906837835150895, max_diff:0.16001013455914836, training_epochs:500, lr:0.05)
<_io.TextIOWrapper name='<stderr>' mode='w' encoding='utf-8'> node index is 157
train linear regression time:  0.056188666727393866
(average_diff:0.0, max_diff:0.0, training_epochs:500, lr:0.05)
<_io.TextIOWrapper name='<stderr>' mode='w' encoding='utf-8'> node index is 323
train linear regression time:  0.054126791190356016
(average_diff:1.1102230246251565e-16, max_diff:1.1102230246251565e-16, training_epochs:500, lr:0.05)
<_io.TextIOWrapper name='<stderr>' mode='w' encoding='utf-8'> node index is 309
train linear regression time:  0.05564404232427478
(average_diff:0.08747974973177786, max_diff:0.17360237287672886, training_epochs:500, lr:0.05)
<_io.TextIOWrapper name='<stderr>' mode='w' encoding='utf-8'> node index is 297
train linear regression time:  0.05568612506613135
(average_diff:0.12394446868234596, max_diff:0.2658189978329336, training_epochs:500, lr:0.05)
<_io.TextIOWrapper name='<stderr>' mode='w' encoding='utf-8'> node index is 283
train linear regression time:  0.05407383292913437
(average_diff:0.051588438981358814, max_diff:0.13846641865633716, training_epochs:500, lr:0.05)
<_io.TextIOWrapper name='<stderr>' mode='w' encoding='utf-8'> node index is 267
train linear regression time:  0.05918458290398121
(average_diff:0.16533231089520173, max_diff:0.5665657599879682, training_epochs:500, lr:0.05)
<_io.TextIOWrapper name='<stderr>' mode='w' encoding='utf-8'> node index is 225
train linear regression time:  0.059302250389009714
(average_diff:0.213582387661963, max_diff:0.43738459727382595, training_epochs:500, lr:0.05)
<_io.TextIOWrapper name='<stderr>' mode='w' encoding='utf-8'> node index is 211
train linear regression time:  0.05655641620978713
(average_diff:0.12973806981211283, max_diff:0.2991579081791283, training_epochs:500, lr:0.05)
<_io.TextIOWrapper name='<stderr>' mode='w' encoding='utf-8'> node index is 185
train linear regression time:  0.05511629208922386
(average_diff:0.14964139437052046, max_diff:0.4673277435044285, training_epochs:500, lr:0.05)
<_io.TextIOWrapper name='<stderr>' mode='w' encoding='utf-8'> node index is 177
train linear regression time:  0.05693150032311678
(average_diff:0.1610180224180251, max_diff:0.3981426373070558, training_epochs:500, lr:0.05)
<_io.TextIOWrapper name='<stderr>' mode='w' encoding='utf-8'> node index is 169
train linear regression time:  0.05704595800489187
(average_diff:0.0, max_diff:0.0, training_epochs:500, lr:0.05)
<_io.TextIOWrapper name='<stderr>' mode='w' encoding='utf-8'> node index is 159
train linear regression time:  0.05478641716763377
(average_diff:0.11972260932633255, max_diff:0.23683931795947466, training_epochs:500, lr:0.05)
<_io.TextIOWrapper name='<stderr>' mode='w' encoding='utf-8'> node index is 151
train linear regression time:  0.05533570796251297
(average_diff:0.03600307781673032, max_diff:0.09956967489464974, training_epochs:500, lr:0.05)
<_io.TextIOWrapper name='<stderr>' mode='w' encoding='utf-8'> node index is 135
train linear regression time:  0.05332141602411866
(average_diff:0.04712415451507404, max_diff:0.11636437476471079, training_epochs:500, lr:0.05)
<_io.TextIOWrapper name='<stderr>' mode='w' encoding='utf-8'> node index is 129
train linear regression time:  0.053143708035349846
(average_diff:0.033131650579193504, max_diff:0.10722664551612343, training_epochs:500, lr:0.05)
<_io.TextIOWrapper name='<stderr>' mode='w' encoding='utf-8'> node index is 119
train linear regression time:  0.0543785416521132
(average_diff:0.04030627040247311, max_diff:0.10475968588052986, training_epochs:500, lr:0.05)
<_io.TextIOWrapper name='<stderr>' mode='w' encoding='utf-8'> node index is 109
train linear regression time:  0.0526832090690732
(average_diff:0.043535167420226936, max_diff:0.18059739309231299, training_epochs:500, lr:0.05)
<_io.TextIOWrapper name='<stderr>' mode='w' encoding='utf-8'> node index is 99
train linear regression time:  0.05144558288156986
(average_diff:2.7755575615628914e-17, max_diff:2.7755575615628914e-17, training_epochs:500, lr:0.05)
<_io.TextIOWrapper name='<stderr>' mode='w' encoding='utf-8'> node index is 447
train linear regression time:  0.05201725009828806
(average_diff:2.0627072684492598e-06, max_diff:2.812683142172645e-06, training_epochs:500, lr:0.05)
<_io.TextIOWrapper name='<stderr>' mode='w' encoding='utf-8'> node index is 441
train linear regression time:  0.054498457815498114
(average_diff:8.524554210668593e-11, max_diff:1.2470341426151776e-10, training_epochs:500, lr:0.05)
<_io.TextIOWrapper name='<stderr>' mode='w' encoding='utf-8'> node index is 435
train linear regression time:  0.054857584182173014
(average_diff:5.551115123125783e-17, max_diff:5.551115123125783e-17, training_epochs:500, lr:0.05)
<_io.TextIOWrapper name='<stderr>' mode='w' encoding='utf-8'> node index is 429
train linear regression time:  0.057759083807468414
(average_diff:1.1175647733156306e-07, max_diff:1.6687493736844417e-07, training_epochs:500, lr:0.05)
<_io.TextIOWrapper name='<stderr>' mode='w' encoding='utf-8'> node index is 421
train linear regression time:  0.05503404187038541
(average_diff:0.00681577733600341, max_diff:0.20133426482323183, training_epochs:500, lr:0.05)
<_io.TextIOWrapper name='<stderr>' mode='w' encoding='utf-8'> node index is 69
train linear regression time:  0.05740741593763232
(average_diff:0.07255878486675837, max_diff:0.23975856630059494, training_epochs:500, lr:0.05)
<_io.TextIOWrapper name='<stderr>' mode='w' encoding='utf-8'> node index is 61
train linear regression time:  0.05648349970579147
(average_diff:0.12048209520447903, max_diff:0.3734467353116047, training_epochs:500, lr:0.05)
<_io.TextIOWrapper name='<stderr>' mode='w' encoding='utf-8'> node index is 53
train linear regression time:  0.054443125147372484
(average_diff:0.004126954032300342, max_diff:0.007058100055491387, training_epochs:500, lr:0.05)
<_io.TextIOWrapper name='<stderr>' mode='w' encoding='utf-8'> node index is 401
train linear regression time:  0.059417791198939085
(average_diff:0.0, max_diff:0.0, training_epochs:500, lr:0.05)
<_io.TextIOWrapper name='<stderr>' mode='w' encoding='utf-8'> node index is 387
train linear regression time:  0.05580737488344312
(average_diff:0.00017064786815229604, max_diff:0.0002566117259360512, training_epochs:500, lr:0.05)
<_io.TextIOWrapper name='<stderr>' mode='w' encoding='utf-8'> node index is 375
train linear regression time:  0.05512620788067579
(average_diff:0.0002937643775115332, max_diff:0.00040433650711035884, training_epochs:500, lr:0.05)
<_io.TextIOWrapper name='<stderr>' mode='w' encoding='utf-8'> node index is 361
train linear regression time:  0.052059624809771776
(average_diff:0.01795988017154791, max_diff:0.03854868268179834, training_epochs:500, lr:0.05)
<_io.TextIOWrapper name='<stderr>' mode='w' encoding='utf-8'> node index is 347
train linear regression time:  0.05334408301860094
(average_diff:0.10554147911135026, max_diff:0.22488425898774206, training_epochs:500, lr:0.05)
<_io.TextIOWrapper name='<stderr>' mode='w' encoding='utf-8'> node index is 311
train linear regression time:  0.05464500002563
(average_diff:0.014030456199359822, max_diff:0.02612008808375854, training_epochs:500, lr:0.05)
<_io.TextIOWrapper name='<stderr>' mode='w' encoding='utf-8'> node index is 299
train linear regression time:  0.055247541051357985
(average_diff:0.13354008979280327, max_diff:0.3570017372522686, training_epochs:500, lr:0.05)
<_io.TextIOWrapper name='<stderr>' mode='w' encoding='utf-8'> node index is 285
train linear regression time:  0.05334754101932049
(average_diff:0.01874484168446887, max_diff:0.026412878179277677, training_epochs:500, lr:0.05)
<_io.TextIOWrapper name='<stderr>' mode='w' encoding='utf-8'> node index is 269
train linear regression time:  0.05365083320066333
(average_diff:5.333687971231793e-06, max_diff:5.514452402266556e-06, training_epochs:500, lr:0.05)
<_io.TextIOWrapper name='<stderr>' mode='w' encoding='utf-8'> node index is 415
train linear regression time:  0.05365120805799961
(average_diff:0.010655554225013547, max_diff:0.015452019555417945, training_epochs:500, lr:0.05)
<_io.TextIOWrapper name='<stderr>' mode='w' encoding='utf-8'> node index is 411
train linear regression time:  0.05474724993109703
(average_diff:2.3592239273284576e-16, max_diff:2.7755575615628914e-16, training_epochs:500, lr:0.05)
<_io.TextIOWrapper name='<stderr>' mode='w' encoding='utf-8'> node index is 403
train linear regression time:  0.05368749983608723
(average_diff:0.024711165170697328, max_diff:0.06137896292067033, training_epochs:500, lr:0.05)
<_io.TextIOWrapper name='<stderr>' mode='w' encoding='utf-8'> node index is 389
train linear regression time:  0.05431316699832678
(average_diff:0.02629440964462526, max_diff:0.061747811292014454, training_epochs:500, lr:0.05)
<_io.TextIOWrapper name='<stderr>' mode='w' encoding='utf-8'> node index is 377
train linear regression time:  0.05434049991890788
(average_diff:0.004360810671540982, max_diff:0.006565251508760805, training_epochs:500, lr:0.05)
<_io.TextIOWrapper name='<stderr>' mode='w' encoding='utf-8'> node index is 363
train linear regression time:  0.05229266732931137
(average_diff:0.0, max_diff:0.0, training_epochs:500, lr:0.05)
<_io.TextIOWrapper name='<stderr>' mode='w' encoding='utf-8'> node index is 349
train linear regression time:  0.05248491605743766
(average_diff:0.04185697860615524, max_diff:0.08431262165375261, training_epochs:500, lr:0.05)
<_io.TextIOWrapper name='<stderr>' mode='w' encoding='utf-8'> node index is 335
train linear regression time:  0.054567832965403795
(average_diff:0.0014353831968656194, max_diff:0.0028198500931664316, training_epochs:500, lr:0.05)
<_io.TextIOWrapper name='<stderr>' mode='w' encoding='utf-8'> node index is 325
train linear regression time:  0.05413041589781642
(average_diff:0.09498108038260307, max_diff:0.2221652513802438, training_epochs:500, lr:0.05)
<_io.TextIOWrapper name='<stderr>' mode='w' encoding='utf-8'> node index is 313
train linear regression time:  0.0539378747344017
(average_diff:0.0, max_diff:0.0, training_epochs:500, lr:0.05)
<_io.TextIOWrapper name='<stderr>' mode='w' encoding='utf-8'> node index is 443
train linear regression time:  0.05660687480121851
(average_diff:0.029753131071593455, max_diff:0.05631284233663536, training_epochs:500, lr:0.05)
<_io.TextIOWrapper name='<stderr>' mode='w' encoding='utf-8'> node index is 431
train linear regression time:  0.05368429236114025
(average_diff:5.551115123125783e-17, max_diff:5.551115123125783e-17, training_epochs:500, lr:0.05)
<_io.TextIOWrapper name='<stderr>' mode='w' encoding='utf-8'> node index is 425
train linear regression time:  0.05307429097592831
(average_diff:0.0020625827226130786, max_diff:0.0030228334835112336, training_epochs:500, lr:0.05)
<_io.TextIOWrapper name='<stderr>' mode='w' encoding='utf-8'> node index is 419
train linear regression time:  0.05237045884132385
(average_diff:2.621040288610284e-05, max_diff:3.93274695017487e-05, training_epochs:500, lr:0.05)
<_io.TextIOWrapper name='<stderr>' mode='w' encoding='utf-8'> node index is 413
train linear regression time:  0.05132237495854497
(average_diff:3.3306690738754696e-16, max_diff:3.3306690738754696e-16, training_epochs:500, lr:0.05)
<_io.TextIOWrapper name='<stderr>' mode='w' encoding='utf-8'> node index is 405
train linear regression time:  0.05102991731837392
(average_diff:1.1102230246251565e-16, max_diff:1.1102230246251565e-16, training_epochs:500, lr:0.05)
<_io.TextIOWrapper name='<stderr>' mode='w' encoding='utf-8'> node index is 391
train linear regression time:  0.051878999918699265
(average_diff:2.220446049250313e-16, max_diff:2.220446049250313e-16, training_epochs:500, lr:0.05)
<_io.TextIOWrapper name='<stderr>' mode='w' encoding='utf-8'> node index is 379
train linear regression time:  0.050220665987581015
(average_diff:0.02687969714105681, max_diff:0.05930765750911793, training_epochs:500, lr:0.05)
<_io.TextIOWrapper name='<stderr>' mode='w' encoding='utf-8'> node index is 365
train linear regression time:  0.050125665962696075
(average_diff:0.0, max_diff:0.0, training_epochs:500, lr:0.05)
<_io.TextIOWrapper name='<stderr>' mode='w' encoding='utf-8'> node index is 351
train linear regression time:  0.05250824987888336
(average_diff:1.1439822700243241e-10, max_diff:1.180272823919637e-10, training_epochs:500, lr:0.05)
<_io.TextIOWrapper name='<stderr>' mode='w' encoding='utf-8'> node index is 337
train linear regression time:  0.05449275020509958
(average_diff:0.14874334863291505, max_diff:0.4518583904228518, training_epochs:500, lr:0.05)
<_io.TextIOWrapper name='<stderr>' mode='w' encoding='utf-8'> node index is 393
train linear regression time:  0.054949333891272545
(average_diff:1.6653345369377348e-16, max_diff:2.220446049250313e-16, training_epochs:500, lr:0.05)
<_io.TextIOWrapper name='<stderr>' mode='w' encoding='utf-8'> node index is 301
train linear regression time:  0.0564006669446826
(average_diff:0.08234076350964117, max_diff:0.18282768185827863, training_epochs:500, lr:0.05)
<_io.TextIOWrapper name='<stderr>' mode='w' encoding='utf-8'> node index is 271
train linear regression time:  0.05392279103398323
(average_diff:0.08438523314050636, max_diff:0.1261816630778171, training_epochs:500, lr:0.05)
<_io.TextIOWrapper name='<stderr>' mode='w' encoding='utf-8'> node index is 253
train linear regression time:  0.05173945892602205
(average_diff:0.07618270713173245, max_diff:0.09333348254000852, training_epochs:500, lr:0.05)
<_io.TextIOWrapper name='<stderr>' mode='w' encoding='utf-8'> node index is 227
train linear regression time:  0.051207541953772306
(average_diff:0.05224996371520289, max_diff:0.1001889628748554, training_epochs:500, lr:0.05)
<_io.TextIOWrapper name='<stderr>' mode='w' encoding='utf-8'> node index is 213
train linear regression time:  0.05053583299741149
(average_diff:0.05384932102943238, max_diff:0.11818316760779296, training_epochs:500, lr:0.05)
<_io.TextIOWrapper name='<stderr>' mode='w' encoding='utf-8'> node index is 201
train linear regression time:  0.05071708280593157
(average_diff:5.551115123125783e-17, max_diff:5.551115123125783e-17, training_epochs:500, lr:0.05)
<_io.TextIOWrapper name='<stderr>' mode='w' encoding='utf-8'> node index is 193
train linear regression time:  0.05205650022253394
(average_diff:0.025938369652789776, max_diff:0.07061423711929044, training_epochs:500, lr:0.05)
<_io.TextIOWrapper name='<stderr>' mode='w' encoding='utf-8'> node index is 187
train linear regression time:  0.05061683291569352
(average_diff:0.029460647318942445, max_diff:0.06595442201191482, training_epochs:500, lr:0.05)
<_io.TextIOWrapper name='<stderr>' mode='w' encoding='utf-8'> node index is 179
train linear regression time:  0.05232658376917243
(average_diff:5.551115123125783e-17, max_diff:5.551115123125783e-17, training_epochs:500, lr:0.05)
<_io.TextIOWrapper name='<stderr>' mode='w' encoding='utf-8'> node index is 171
train linear regression time:  0.05423241714015603
(average_diff:0.019896401798903434, max_diff:0.04923135619215102, training_epochs:500, lr:0.05)
<_io.TextIOWrapper name='<stderr>' mode='w' encoding='utf-8'> node index is 161
train linear regression time:  0.054814332630485296
(average_diff:0.0, max_diff:0.0, training_epochs:500, lr:0.05)
<_io.TextIOWrapper name='<stderr>' mode='w' encoding='utf-8'> node index is 367
train linear regression time:  0.0550721250474453
(average_diff:0.0, max_diff:0.0, training_epochs:500, lr:0.05)
<_io.TextIOWrapper name='<stderr>' mode='w' encoding='utf-8'> node index is 353
train linear regression time:  0.0571627919562161
(average_diff:1.1113332476497817e-13, max_diff:1.1257661469699087e-13, training_epochs:500, lr:0.05)
<_io.TextIOWrapper name='<stderr>' mode='w' encoding='utf-8'> node index is 339
train linear regression time:  0.05404191603884101
(average_diff:0.020712760515157597, max_diff:0.037988195947300296, training_epochs:500, lr:0.05)
<_io.TextIOWrapper name='<stderr>' mode='w' encoding='utf-8'> node index is 327
train linear regression time:  0.05371483275666833
(average_diff:0.01677518231339834, max_diff:0.02743699747974304, training_epochs:500, lr:0.05)
<_io.TextIOWrapper name='<stderr>' mode='w' encoding='utf-8'> node index is 315
train linear regression time:  0.052611541002988815
(average_diff:3.700743415417188e-17, max_diff:1.1102230246251565e-16, training_epochs:500, lr:0.05)
<_io.TextIOWrapper name='<stderr>' mode='w' encoding='utf-8'> node index is 303
train linear regression time:  0.05625229189172387
(average_diff:0.0322482858940479, max_diff:0.058558559358484974, training_epochs:500, lr:0.05)
<_io.TextIOWrapper name='<stderr>' mode='w' encoding='utf-8'> node index is 287
train linear regression time:  0.0537728751078248
(average_diff:0.006705218924587662, max_diff:0.013842769896494939, training_epochs:500, lr:0.05)
<_io.TextIOWrapper name='<stderr>' mode='w' encoding='utf-8'> node index is 273
train linear regression time:  0.053993791807442904
(average_diff:0.12030815948647114, max_diff:0.4551606496593631, training_epochs:500, lr:0.05)
<_io.TextIOWrapper name='<stderr>' mode='w' encoding='utf-8'> node index is 255
train linear regression time:  0.05191808333620429
(average_diff:5.551115123125783e-17, max_diff:1.1102230246251565e-16, training_epochs:500, lr:0.05)
<_io.TextIOWrapper name='<stderr>' mode='w' encoding='utf-8'> node index is 241
train linear regression time:  0.05364970909431577
(average_diff:0.17480796805165344, max_diff:0.5375946432019443, training_epochs:500, lr:0.05)
<_io.TextIOWrapper name='<stderr>' mode='w' encoding='utf-8'> node index is 229
train linear regression time:  0.05547920800745487
(average_diff:0.1285208392349782, max_diff:0.334463047778809, training_epochs:500, lr:0.05)
<_io.TextIOWrapper name='<stderr>' mode='w' encoding='utf-8'> node index is 215
train linear regression time:  0.055508791003376245
(average_diff:0.01477212003408268, max_diff:0.03080665632984092, training_epochs:500, lr:0.05)
<_io.TextIOWrapper name='<stderr>' mode='w' encoding='utf-8'> node index is 203
train linear regression time:  0.05464795883744955
(average_diff:0.021962453333124125, max_diff:0.03468842652138793, training_epochs:500, lr:0.05)
<_io.TextIOWrapper name='<stderr>' mode='w' encoding='utf-8'> node index is 195
train linear regression time:  0.05453291581943631
(average_diff:0.20993148074793655, max_diff:0.3275375521307291, training_epochs:500, lr:0.05)
<_io.TextIOWrapper name='<stderr>' mode='w' encoding='utf-8'> node index is 7
train linear regression time:  0.054587332997471094
(average_diff:0.11451601928606092, max_diff:0.3164469606052185, training_epochs:500, lr:0.05)
<_io.TextIOWrapper name='<stderr>' mode='w' encoding='utf-8'> node index is 5
train linear regression time:  0.0548144169151783
testFringe time:  11.681935916654766
<_io.TextIOWrapper name='<stderr>' mode='w' encoding='utf-8'> =============== update finished ===============

*** Writing Game File 63***

<_io.TextIOWrapper name='../print_tree_record_numpy/print_DR_boost_linear_tree_split.txt' mode='w' encoding='UTF-8'> idx1(Q:0.4013, distinct_name:0, dictinctin_value:2.569683891588169, par:None)
	idx4(Q:0.4018, distinct_name:0, dictinctin_value:2.507749956207568, par:1)
		idx6(Q:0.4018, distinct_name:0, dictinctin_value:-0.050698982385153205, par:4)
			idx8(Q:0.4588, distinct_name:0, dictinctin_value:-0.5002368440471089, par:6)
				idx10(Q:0.5057, distinct_name:3, dictinctin_value:0.7373220788164561, par:8)
					idx12(Q:0.4797, distinct_name:1, dictinctin_value:0.8498558206992594, par:10)
						idx18(Q:0.4270, distinct_name:2, dictinctin_value:0.8559921607301466, par:12)
							idx24(Q:0.4230, distinct_name:0, dictinctin_value:-0.5901212893723445, par:18)
								idx30(Q:0.4311, distinct_name:2, dictinctin_value:0.5095422779981766, par:24)
									idx38(Q:0.4531, distinct_name:2, dictinctin_value:0.24909091887867726, par:30)
										idx44(Q:0.4829, distinct_name:2, dictinctin_value:-0.06052347242753761, par:38)
											idx54(Q:0.5341, distinct_name:2, dictinctin_value:-0.16873413911779458, par:44)
												idx62(Q:0.5577, distinct_name:2, dictinctin_value:-0.3117760123070312, par:54)
													idx70(Q:0.5998, distinct_name:2, dictinctin_value:-0.36929151673896154, par:62)
														idx76(Q:0.6257, distinct_name:2, dictinctin_value:-0.4513587540231024, par:70)
															idx82(Q:0.6591, distinct_name:2, dictinctin_value:-0.49926091712096626, par:76)
																idx90(Q:0.6758, distinct_name:2, dictinctin_value:-0.5261921216626007, par:82)
																	idx100(Q:0.6882, distinct_name:2, dictinctin_value:-0.5682634996789567, par:90)
																		idx110(Q:0.7034, distinct_name:2, dictinctin_value:-0.576514535000767, par:100)
																			idx120(Q:0.7071, par:110)
																			idx121(Q:0.4001, par:110)
																		idx111(Q:0.3601, par:100)
																	idx101(Q:0.3735, par:90)
																idx91(Q:0.3319, par:82)
															idx83(Q:0.2982, par:76)
														idx77(Q:0.2788, par:70)
													idx71(Q:0.2746, par:62)
												idx63(Q:0.2342, par:54)
											idx55(Q:0.2308, distinct_name:0, dictinctin_value:-0.6476910175840919, par:44)
												idx464(Q:0.2342, distinct_name:3, dictinctin_value:0.6680194197252473, par:55)
													idx468(Q:0.2313, distinct_name:0, dictinctin_value:-0.6858015235311999, par:464)
														idx474(Q:0.2320, distinct_name:2, dictinctin_value:0.24031958562965672, par:468)
															idx480(Q:0.2290, distinct_name:2, dictinctin_value:0.22712878489931437, par:474)
																idx484(Q:0.2310, par:480)
																idx485(Q:0.1301, par:480)
															idx481(Q:0.3338, par:474)
														idx475(Q:0.1567, par:468)
													idx469(Q:0.3863, par:464)
												idx465(Q:0.1101, par:55)
										idx45(Q:0.2446, par:38)
									idx39(Q:0.3020, distinct_name:1, dictinctin_value:0.8040063207197937, par:30)
										idx426(Q:0.3003, distinct_name:2, dictinctin_value:0.8419373683110459, par:39)
											idx432(Q:0.3020, distinct_name:0, dictinctin_value:-0.6009391153368029, par:426)
												idx444(Q:0.3043, distinct_name:0, dictinctin_value:-0.6041087413020046, par:432)
													idx448(Q:0.3039, distinct_name:0, dictinctin_value:-0.6100701052011255, par:444)
														idx456(Q:0.3037, distinct_name:0, dictinctin_value:-0.6407957166920598, par:448)
															idx460(Q:0.3085, distinct_name:0, dictinctin_value:-0.6555246386975058, par:456)
																idx466(Q:0.3112, distinct_name:0, dictinctin_value:-0.6720161756487143, par:460)
																	idx470(Q:0.3155, distinct_name:0, dictinctin_value:-0.6781083126032775, par:466)
																		idx472(Q:0.3154, distinct_name:0, dictinctin_value:-0.7020609777266955, par:470)
																			idx476(Q:0.3185, par:472)
																			idx477(Q:0.2334, par:472)
																		idx473(Q:0.3250, par:470)
																	idx471(Q:0.0686, par:466)
																idx467(Q:0.1550, par:460)
															idx461(Q:0.1206, par:456)
														idx457(Q:0.3118, par:448)
													idx449(Q:0.3527, par:444)
												idx445(Q:0.1599, par:432)
											idx433(Q:0.1937, par:426)
										idx427(Q:0.4094, par:39)
								idx31(Q:0.3437, par:24)
							idx25(Q:0.4450, distinct_name:0, dictinctin_value:-0.5389580903277561, par:18)
								idx216(Q:0.4486, distinct_name:0, dictinctin_value:-0.5573162410999996, par:25)
									idx230(Q:0.4504, distinct_name:0, dictinctin_value:-0.5917620279880862, par:216)
										idx242(Q:0.4638, distinct_name:1, dictinctin_value:0.8127647407611875, par:230)
											idx256(Q:0.4577, distinct_name:0, dictinctin_value:-0.6131626140571143, par:242)
												idx288(Q:0.4605, distinct_name:0, dictinctin_value:-0.7076582377440916, par:256)
													idx304(Q:0.4781, distinct_name:0, dictinctin_value:-0.717862250694298, par:288)
														idx316(Q:0.4814, distinct_name:0, dictinctin_value:-0.7734253050900186, par:304)
															idx328(Q:0.4876, distinct_name:0, dictinctin_value:-0.7970945326559435, par:316)
																idx340(Q:0.4893, distinct_name:3, dictinctin_value:0.6595389343928215, par:328)
																	idx354(Q:0.4823, distinct_name:3, dictinctin_value:0.6186331758365281, par:340)
																		idx368(Q:0.4763, distinct_name:3, dictinctin_value:0.5952455969358141, par:354)
																			idx380(Q:0.4776, par:368)
																			idx381(Q:0.4140, par:368)
																		idx369(Q:0.9254, par:354)
																	idx355(Q:0.8422, par:340)
																idx341(Q:0.3979, par:328)
															idx329(Q:0.3438, par:316)
														idx317(Q:0.3428, par:304)
													idx305(Q:0.2976, par:288)
												idx289(Q:0.1966, par:256)
											idx257(Q:0.6915, par:242)
										idx243(Q:0.2524, par:230)
									idx231(Q:0.3288, par:216)
								idx217(Q:0.3523, par:25)
						idx19(Q:0.6983, distinct_name:0, dictinctin_value:-0.5046072639210131, par:12)
							idx152(Q:0.6982, distinct_name:2, dictinctin_value:1.74305991171075, par:19)
								idx162(Q:0.6892, distinct_name:2, dictinctin_value:1.5651912903147052, par:152)
									idx172(Q:0.6794, distinct_name:2, dictinctin_value:1.0939968976733132, par:162)
										idx180(Q:0.6566, distinct_name:2, dictinctin_value:0.9064820637809338, par:172)
											idx188(Q:0.6434, distinct_name:2, dictinctin_value:0.8130327408821636, par:180)
												idx196(Q:0.6369, distinct_name:2, dictinctin_value:0.714578820015968, par:188)
													idx204(Q:0.6354, distinct_name:0, dictinctin_value:-0.5137296726081428, par:196)
														idx218(Q:0.6359, distinct_name:2, dictinctin_value:0.4860989258104936, par:204)
															idx232(Q:0.6380, distinct_name:1, dictinctin_value:2.2330900660097845, par:218)
																idx244(Q:0.6316, distinct_name:2, dictinctin_value:0.44559578649865966, par:232)
																	idx258(Q:0.6281, distinct_name:2, dictinctin_value:0.32419638005931734, par:244)
																		idx274(Q:0.6279, distinct_name:0, dictinctin_value:-0.5233031664270825, par:258)
																			idx290(Q:0.6280, par:274)
																			idx291(Q:0.6173, par:274)
																		idx275(Q:0.6332, par:258)
																	idx259(Q:0.7701, par:244)
																idx245(Q:0.9544, par:232)
															idx233(Q:0.6116, par:218)
														idx219(Q:0.5718, par:204)
													idx205(Q:0.6856, par:196)
												idx197(Q:0.8298, par:188)
											idx189(Q:0.8992, par:180)
										idx181(Q:0.9800, par:172)
									idx173(Q:0.9845, par:162)
								idx163(Q:1.0540, par:152)
							idx153(Q:0.7365, par:19)
					idx13(Q:0.5868, distinct_name:2, dictinctin_value:1.929601246827043, par:10)
						idx92(Q:0.5739, distinct_name:1, dictinctin_value:1.2557733390904973, par:13)
							idx102(Q:0.5457, distinct_name:2, dictinctin_value:1.4527612583425853, par:92)
								idx112(Q:0.5308, distinct_name:2, dictinctin_value:1.3531114404933846, par:102)
									idx122(Q:0.5288, distinct_name:2, dictinctin_value:1.0639310625609943, par:112)
										idx130(Q:0.5173, distinct_name:2, dictinctin_value:0.8759607452183222, par:122)
											idx136(Q:0.5094, distinct_name:2, dictinctin_value:0.6228991526328211, par:130)
												idx142(Q:0.5067, distinct_name:2, dictinctin_value:0.4885947458466264, par:136)
													idx146(Q:0.4982, distinct_name:1, dictinctin_value:1.1059975491047376, par:142)
														idx148(Q:0.4900, distinct_name:3, dictinctin_value:2.363964647313972, par:146)
															idx154(Q:0.4830, distinct_name:3, dictinctin_value:1.536573712246935, par:148)
																idx164(Q:0.4571, distinct_name:1, dictinctin_value:0.49075596239548774, par:154)
																	idx206(Q:0.4305, distinct_name:3, dictinctin_value:1.525286896575752, par:164)
																		idx220(Q:0.4300, distinct_name:2, dictinctin_value:0.38874536608000104, par:206)
																			idx234(Q:0.4346, par:220)
																			idx235(Q:0.2567, par:220)
																		idx221(Q:0.4555, par:206)
																	idx207(Q:0.6257, par:164)
																idx165(Q:0.6038, par:154)
															idx155(Q:0.6840, par:148)
														idx149(Q:0.7336, par:146)
													idx147(Q:0.5852, par:142)
												idx143(Q:0.5426, par:136)
											idx137(Q:0.6731, par:130)
										idx131(Q:0.7086, par:122)
									idx123(Q:0.6170, par:112)
								idx113(Q:0.8350, par:102)
							idx103(Q:0.9504, par:92)
						idx93(Q:1.0434, par:13)
				idx11(Q:0.3762, distinct_name:3, dictinctin_value:1.284568987543642, par:8)
					idx32(Q:0.3519, distinct_name:3, dictinctin_value:0.5763111575206541, par:11)
						idx40(Q:0.3370, distinct_name:2, dictinctin_value:1.4159847670297276, par:32)
							idx46(Q:0.3269, distinct_name:2, dictinctin_value:0.8764611652526798, par:40)
								idx56(Q:0.3351, distinct_name:2, dictinctin_value:0.6776552612944613, par:46)
									idx64(Q:0.3390, distinct_name:0, dictinctin_value:-0.10007893227380851, par:56)
										idx72(Q:0.3374, distinct_name:2, dictinctin_value:0.481251420222257, par:64)
											idx78(Q:0.3506, distinct_name:2, dictinctin_value:0.43236682950932387, par:72)
												idx84(Q:0.3549, distinct_name:2, dictinctin_value:0.2322739018313544, par:78)
													idx94(Q:0.3766, distinct_name:2, dictinctin_value:0.1692901075380102, par:84)
														idx104(Q:0.3866, distinct_name:2, dictinctin_value:0.044622068949871425, par:94)
															idx114(Q:0.4056, distinct_name:2, dictinctin_value:-0.04421252452423217, par:104)
																idx124(Q:0.4248, distinct_name:2, dictinctin_value:-0.12551407150931976, par:114)
																	idx132(Q:0.4435, distinct_name:2, dictinctin_value:-0.16179863391045127, par:124)
																		idx138(Q:0.4544, distinct_name:2, dictinctin_value:-0.1987692173924826, par:132)
																			idx144(Q:0.4729, par:138)
																			idx145(Q:0.1562, par:138)
																		idx139(Q:0.1615, par:132)
																	idx133(Q:0.1947, par:124)
																idx125(Q:0.1283, par:114)
															idx115(Q:0.1853, par:104)
														idx105(Q:0.1918, par:94)
													idx95(Q:0.1530, par:84)
												idx85(Q:0.1631, par:78)
											idx79(Q:0.1890, par:72)
										idx73(Q:0.3558, par:64)
									idx65(Q:0.2837, par:56)
								idx57(Q:0.2771, distinct_name:0, dictinctin_value:-0.07115888508263095, par:46)
									idx486(Q:0.2816, par:57)
									idx487(Q:0.1263, par:57)
							idx47(Q:0.4372, par:40)
						idx41(Q:0.4136, distinct_name:3, dictinctin_value:1.2541204520301295, par:32)
							idx246(Q:0.4091, distinct_name:0, dictinctin_value:-0.05401988313827026, par:41)
								idx260(Q:0.4095, distinct_name:2, dictinctin_value:2.0807886731763334, par:246)
									idx276(Q:0.3993, distinct_name:2, dictinctin_value:1.8994422532815647, par:260)
										idx292(Q:0.3940, distinct_name:1, dictinctin_value:1.2716943858922887, par:276)
											idx306(Q:0.3733, distinct_name:2, dictinctin_value:1.8085097405850585, par:292)
												idx318(Q:0.3615, distinct_name:0, dictinctin_value:-0.06832580226386262, par:306)
													idx330(Q:0.3590, distinct_name:1, dictinctin_value:1.0161843934440484, par:318)
														idx342(Q:0.3531, distinct_name:0, dictinctin_value:-0.11082738421514442, par:330)
															idx356(Q:0.3514, distinct_name:0, dictinctin_value:-0.1239714467724242, par:342)
																idx370(Q:0.3528, distinct_name:1, dictinctin_value:0.8661774768232812, par:356)
																	idx382(Q:0.3483, distinct_name:0, dictinctin_value:-0.13038566790821624, par:370)
																		idx396(Q:0.3474, distinct_name:1, dictinctin_value:0.7685182247259327, par:382)
																			idx406(Q:0.3418, par:396)
																			idx407(Q:0.5249, par:396)
																		idx397(Q:0.4086, par:382)
																	idx383(Q:0.5070, par:370)
																idx371(Q:0.1581, par:356)
															idx357(Q:0.3737, par:342)
														idx343(Q:0.4879, par:330)
													idx331(Q:0.5556, par:318)
												idx319(Q:0.8472, par:306)
											idx307(Q:0.6198, par:292)
										idx293(Q:0.8758, par:276)
									idx277(Q:0.8690, par:260)
								idx261(Q:0.3940, par:246)
							idx247(Q:0.6228, par:41)
					idx33(Q:0.5857, distinct_name:2, dictinctin_value:1.8206658800741853, par:11)
						idx436(Q:0.5728, distinct_name:0, dictinctin_value:-0.055487221535360155, par:33)
							idx438(Q:0.5692, distinct_name:0, dictinctin_value:-0.06661868934946451, par:436)
								idx450(Q:0.5705, distinct_name:2, dictinctin_value:1.6280055741424861, par:438)
									idx458(Q:0.5600, distinct_name:2, dictinctin_value:1.4609118350831285, par:450)
										idx462(Q:0.5512, distinct_name:0, dictinctin_value:-0.06716992247771125, par:458)
											idx478(Q:0.5537, distinct_name:0, dictinctin_value:-0.06950841565798693, par:462)
												idx482(Q:0.5524, distinct_name:0, dictinctin_value:-0.07617984110574617, par:478)
													idx488(Q:0.5564, par:482)
													idx489(Q:0.1612, par:482)
												idx483(Q:0.6779, par:478)
											idx479(Q:0.3023, par:462)
										idx463(Q:0.8604, par:458)
									idx459(Q:0.9430, par:450)
								idx451(Q:0.4295, par:438)
							idx439(Q:0.9613, par:436)
						idx437(Q:0.9447, par:33)
			idx9(Q:0.3486, distinct_name:1, dictinctin_value:1.4532912275447858, par:6)
				idx14(Q:0.3284, distinct_name:0, dictinctin_value:0.6708677617788001, par:9)
					idx16(Q:0.3445, distinct_name:0, dictinctin_value:0.5219929201544601, par:14)
						idx20(Q:0.3431, distinct_name:0, dictinctin_value:0.38200451643824146, par:16)
							idx26(Q:0.3490, distinct_name:0, dictinctin_value:0.29175973898130836, par:20)
								idx34(Q:0.3504, distinct_name:3, dictinctin_value:1.2405945003824483, par:26)
									idx42(Q:0.3212, distinct_name:2, dictinctin_value:1.6139678071673451, par:34)
										idx48(Q:0.3174, distinct_name:1, dictinctin_value:1.0148453699076618, par:42)
											idx58(Q:0.3045, distinct_name:2, dictinctin_value:0.8422101128546527, par:48)
												idx66(Q:0.3125, distinct_name:2, dictinctin_value:0.5718071591898053, par:58)
													idx74(Q:0.3260, distinct_name:2, dictinctin_value:0.3335199702259944, par:66)
														idx80(Q:0.3525, distinct_name:2, dictinctin_value:0.2585267021680285, par:74)
															idx86(Q:0.3583, distinct_name:2, dictinctin_value:0.13295569297273957, par:80)
																idx96(Q:0.3748, distinct_name:2, dictinctin_value:0.0933394603867821, par:86)
																	idx106(Q:0.3806, distinct_name:2, dictinctin_value:0.047951172568074005, par:96)
																		idx116(Q:0.3889, distinct_name:2, dictinctin_value:-0.0025517231675584334, par:106)
																			idx126(Q:0.3948, par:116)
																			idx127(Q:0.1413, par:116)
																		idx117(Q:0.1630, par:106)
																	idx107(Q:0.1173, par:96)
																idx97(Q:0.1278, par:86)
															idx87(Q:0.1781, par:80)
														idx81(Q:0.1482, par:74)
													idx75(Q:0.1883, par:66)
												idx67(Q:0.2627, par:58)
											idx59(Q:0.4371, par:48)
										idx49(Q:0.4030, par:42)
									idx43(Q:0.5529, distinct_name:3, dictinctin_value:2.7956706813891117, par:34)
										idx490(Q:0.5443, par:43)
										idx491(Q:0.9811, par:43)
								idx35(Q:0.3429, distinct_name:1, dictinctin_value:1.344826515865718, par:26)
									idx236(Q:0.3412, distinct_name:3, dictinctin_value:1.6897348587436034, par:35)
										idx248(Q:0.3308, distinct_name:1, dictinctin_value:1.2341402111364463, par:236)
											idx262(Q:0.3319, distinct_name:3, dictinctin_value:1.3356049450605056, par:248)
												idx278(Q:0.3322, distinct_name:2, dictinctin_value:1.6241822054726756, par:262)
													idx294(Q:0.3236, distinct_name:0, dictinctin_value:0.3731119474318981, par:278)
														idx320(Q:0.3201, distinct_name:3, dictinctin_value:1.2759579982069145, par:294)
															idx344(Q:0.3073, distinct_name:0, dictinctin_value:0.37304242798500226, par:320)
																idx358(Q:0.3071, distinct_name:0, dictinctin_value:0.3707677109507447, par:344)
																	idx372(Q:0.3107, distinct_name:0, dictinctin_value:0.3697040787425107, par:358)
																		idx384(Q:0.3129, distinct_name:2, dictinctin_value:1.3789177574365135, par:372)
																			idx398(Q:0.3094, par:384)
																			idx399(Q:0.3864, par:384)
																		idx385(Q:0.2247, par:372)
																	idx373(Q:0.1232, par:358)
																idx359(Q:0.3297, par:344)
															idx345(Q:0.6603, par:320)
														idx321(Q:0.4193, par:294)
													idx295(Q:0.5166, par:278)
												idx279(Q:0.3230, par:262)
											idx263(Q:0.2222, par:248)
										idx249(Q:0.7279, par:236)
									idx237(Q:0.5098, par:35)
							idx27(Q:0.3224, distinct_name:2, dictinctin_value:1.5527241962490086, par:20)
								idx156(Q:0.3185, distinct_name:0, dictinctin_value:0.5137061072990365, par:27)
									idx166(Q:0.3233, distinct_name:0, dictinctin_value:0.5083060291160676, par:156)
										idx174(Q:0.3254, distinct_name:1, dictinctin_value:1.235555391656205, par:166)
											idx182(Q:0.3255, distinct_name:0, dictinctin_value:0.499318407708209, par:174)
												idx190(Q:0.3323, distinct_name:3, dictinctin_value:1.6437138459193195, par:182)
													idx198(Q:0.3246, distinct_name:0, dictinctin_value:0.4978828276393789, par:190)
														idx208(Q:0.3273, distinct_name:2, dictinctin_value:1.3588453420210258, par:198)
															idx222(Q:0.3242, distinct_name:2, dictinctin_value:0.9721483625475897, par:208)
																idx238(Q:0.3248, distinct_name:0, dictinctin_value:0.4972801494332726, par:222)
																	idx250(Q:0.3221, distinct_name:2, dictinctin_value:0.944961054171824, par:238)
																		idx264(Q:0.3262, distinct_name:2, dictinctin_value:0.872803430709856, par:250)
																			idx280(Q:0.3311, par:264)
																			idx281(Q:0.2195, par:264)
																		idx265(Q:0.0703, par:250)
																	idx251(Q:0.5718, par:238)
																idx239(Q:0.3161, par:222)
															idx223(Q:0.4053, par:208)
														idx209(Q:0.1809, par:198)
													idx199(Q:0.6635, par:190)
												idx191(Q:0.2381, par:182)
											idx183(Q:0.3221, par:174)
										idx175(Q:0.2655, par:166)
									idx167(Q:0.2552, par:156)
								idx157(Q:0.4297, par:27)
						idx21(Q:0.3507, distinct_name:1, dictinctin_value:1.3201670622027022, par:16)
							idx150(Q:0.3488, distinct_name:1, dictinctin_value:1.2234607090751204, par:21)
								idx158(Q:0.3493, distinct_name:1, dictinctin_value:1.0226433736171432, par:150)
									idx168(Q:0.3424, distinct_name:0, dictinctin_value:0.6649352976939671, par:158)
										idx176(Q:0.3414, distinct_name:2, dictinctin_value:1.8028367177150562, par:168)
											idx184(Q:0.3375, distinct_name:3, dictinctin_value:1.321083281680176, par:176)
												idx210(Q:0.3169, distinct_name:1, dictinctin_value:0.7493197611500411, par:184)
													idx224(Q:0.3137, distinct_name:2, dictinctin_value:1.1954012588052898, par:210)
														idx266(Q:0.3122, distinct_name:1, dictinctin_value:0.6035401367847275, par:224)
															idx282(Q:0.3161, distinct_name:1, dictinctin_value:0.5166827335099701, par:266)
																idx296(Q:0.3219, distinct_name:0, dictinctin_value:0.663963378246939, par:282)
																	idx308(Q:0.3194, distinct_name:0, dictinctin_value:0.6638782806630827, par:296)
																		idx322(Q:0.3170, distinct_name:2, dictinctin_value:1.1091905022156634, par:308)
																			idx332(Q:0.3200, par:322)
																			idx333(Q:0.1856, par:322)
																		idx323(Q:0.7405, par:308)
																	idx309(Q:0.7765, par:296)
																idx297(Q:0.1859, par:282)
															idx283(Q:0.2200, par:266)
														idx267(Q:0.3330, par:224)
													idx225(Q:0.3440, par:210)
												idx211(Q:0.5497, par:184)
											idx185(Q:0.4344, par:176)
										idx177(Q:0.3676, par:168)
									idx169(Q:0.5420, par:158)
								idx159(Q:0.2851, par:150)
							idx151(Q:0.4182, par:21)
					idx17(Q:0.3106, distinct_name:3, dictinctin_value:0.8871619234739136, par:14)
						idx22(Q:0.2788, distinct_name:1, dictinctin_value:0.895274831679809, par:17)
							idx28(Q:0.2632, distinct_name:3, dictinctin_value:0.4147697243292515, par:22)
								idx36(Q:0.2556, distinct_name:3, dictinctin_value:-0.009439492879810042, par:28)
									idx50(Q:0.2523, distinct_name:0, dictinctin_value:2.3121117874404824, par:36)
										idx52(Q:0.2524, distinct_name:0, dictinctin_value:1.9483716250181808, par:50)
											idx60(Q:0.2550, distinct_name:3, dictinctin_value:-0.018025248765568658, par:52)
												idx68(Q:0.2626, distinct_name:2, dictinctin_value:0.8033765660185509, par:60)
													idx88(Q:0.2657, distinct_name:2, dictinctin_value:0.6003623148969123, par:68)
														idx98(Q:0.2736, distinct_name:2, dictinctin_value:0.5329635912790776, par:88)
															idx108(Q:0.2795, distinct_name:2, dictinctin_value:0.3621996786015208, par:98)
																idx118(Q:0.2930, distinct_name:3, dictinctin_value:-0.05260374571449391, par:108)
																	idx128(Q:0.2948, distinct_name:2, dictinctin_value:0.22149263805201816, par:118)
																		idx134(Q:0.3097, distinct_name:2, dictinctin_value:0.13324256965432388, par:128)
																			idx140(Q:0.3219, par:134)
																			idx141(Q:0.1306, par:134)
																		idx135(Q:0.1421, par:128)
																	idx129(Q:0.2473, par:118)
																idx119(Q:0.1446, par:108)
															idx109(Q:0.1686, par:98)
														idx99(Q:0.1703, par:88)
													idx89(Q:0.2536, distinct_name:0, dictinctin_value:1.9001636825637473, par:68)
														idx420(Q:0.2514, distinct_name:0, dictinctin_value:1.8970534364477791, par:89)
															idx428(Q:0.2517, distinct_name:0, dictinctin_value:1.7864713255325577, par:420)
																idx434(Q:0.2523, distinct_name:0, dictinctin_value:1.7345810667045185, par:428)
																	idx440(Q:0.2494, distinct_name:0, dictinctin_value:1.7300479805066988, par:434)
																		idx446(Q:0.2503, distinct_name:0, dictinctin_value:1.6826477660222412, par:440)
																			idx452(Q:0.2476, par:446)
																			idx453(Q:0.3516, par:446)
																		idx447(Q:0.1492, par:440)
																	idx441(Q:0.3355, par:434)
																idx435(Q:0.2269, par:428)
															idx429(Q:0.2144, par:420)
														idx421(Q:0.2937, par:89)
												idx69(Q:0.1947, par:60)
											idx61(Q:0.2080, par:52)
										idx53(Q:0.2484, par:50)
									idx51(Q:0.2667, distinct_name:0, dictinctin_value:2.2255864685353126, par:36)
										idx268(Q:0.2666, distinct_name:0, dictinctin_value:1.8770234609938123, par:51)
											idx284(Q:0.2664, distinct_name:1, dictinctin_value:0.8208254329434517, par:268)
												idx298(Q:0.2677, distinct_name:0, dictinctin_value:1.7199871451158526, par:284)
													idx310(Q:0.2695, distinct_name:3, dictinctin_value:0.39481973457279324, par:298)
														idx346(Q:0.2711, distinct_name:2, dictinctin_value:2.0591657816242117, par:310)
															idx360(Q:0.2621, distinct_name:2, dictinctin_value:1.6416632040499568, par:346)
																idx374(Q:0.2618, distinct_name:0, dictinctin_value:1.6846076849979201, par:360)
																	idx386(Q:0.2621, distinct_name:2, dictinctin_value:1.5364517172370076, par:374)
																		idx400(Q:0.2614, distinct_name:2, dictinctin_value:1.321416179085615, par:386)
																			idx408(Q:0.2580, par:400)
																			idx409(Q:0.3431, par:400)
																		idx401(Q:0.2866, par:386)
																	idx387(Q:0.2080, par:374)
																idx375(Q:0.2773, par:360)
															idx361(Q:0.7470, par:346)
														idx347(Q:0.2266, par:310)
													idx311(Q:0.2173, par:298)
												idx299(Q:0.2215, par:284)
											idx285(Q:0.2688, par:268)
										idx269(Q:0.2719, par:51)
								idx37(Q:0.2999, distinct_name:1, dictinctin_value:0.7946772031835798, par:28)
									idx312(Q:0.2898, distinct_name:2, dictinctin_value:1.9378572482198, par:37)
										idx324(Q:0.2819, distinct_name:0, dictinctin_value:2.1880833067537604, par:312)
											idx334(Q:0.2837, distinct_name:0, dictinctin_value:2.1673152418059, par:324)
												idx348(Q:0.2801, distinct_name:0, dictinctin_value:2.0644684179947266, par:334)
													idx362(Q:0.2785, distinct_name:2, dictinctin_value:1.6060442338491094, par:348)
														idx376(Q:0.2672, distinct_name:0, dictinctin_value:1.8821116949330967, par:362)
															idx388(Q:0.2711, distinct_name:2, dictinctin_value:1.5867185725408008, par:376)
																idx402(Q:0.2712, distinct_name:0, dictinctin_value:1.8162737627685595, par:388)
																	idx410(Q:0.2756, distinct_name:2, dictinctin_value:1.474613989336331, par:402)
																		idx414(Q:0.2690, distinct_name:2, dictinctin_value:1.322085439542282, par:410)
																			idx422(Q:0.2687, par:414)
																			idx423(Q:0.2744, par:414)
																		idx415(Q:0.7277, par:410)
																	idx411(Q:0.1206, par:402)
																idx403(Q:0.2603, par:388)
															idx389(Q:0.1720, par:376)
														idx377(Q:0.5646, par:362)
													idx363(Q:0.3605, par:348)
												idx349(Q:0.5786, par:334)
											idx335(Q:0.2062, par:324)
										idx325(Q:0.6207, par:312)
									idx313(Q:0.4699, par:37)
							idx29(Q:0.3895, distinct_name:0, dictinctin_value:2.44084525907838, par:22)
								idx336(Q:0.3913, distinct_name:0, dictinctin_value:2.3332385876998147, par:29)
									idx350(Q:0.3917, distinct_name:2, dictinctin_value:1.313989803673234, par:336)
										idx364(Q:0.3625, distinct_name:2, dictinctin_value:1.2075088067941002, par:350)
											idx378(Q:0.3591, distinct_name:0, dictinctin_value:2.3276851139515355, par:364)
												idx390(Q:0.3578, distinct_name:2, dictinctin_value:1.1566628366759308, par:378)
													idx404(Q:0.3545, distinct_name:2, dictinctin_value:1.049026714172236, par:390)
														idx412(Q:0.3504, distinct_name:2, dictinctin_value:1.0138168631315498, par:404)
															idx418(Q:0.3469, distinct_name:0, dictinctin_value:2.3136303024689413, par:412)
																idx424(Q:0.3468, distinct_name:1, dictinctin_value:1.4142431093508798, par:418)
																	idx430(Q:0.3509, distinct_name:0, dictinctin_value:2.2572655688242222, par:424)
																		idx442(Q:0.3492, distinct_name:0, dictinctin_value:2.2507333712501807, par:430)
																			idx454(Q:0.3492, par:442)
																			idx455(Q:0.3551, par:442)
																		idx443(Q:0.5398, par:430)
																	idx431(Q:0.2289, par:424)
																idx425(Q:0.3611, par:418)
															idx419(Q:0.4918, par:412)
														idx413(Q:0.5241, par:404)
													idx405(Q:0.5629, par:390)
												idx391(Q:0.5313, par:378)
											idx379(Q:0.5828, par:364)
										idx365(Q:0.6879, par:350)
									idx351(Q:0.3317, par:336)
								idx337(Q:0.2579, par:29)
						idx23(Q:0.4692, distinct_name:0, dictinctin_value:2.1444723574903684, par:17)
							idx160(Q:0.4708, distinct_name:0, dictinctin_value:2.133798778100152, par:23)
								idx170(Q:0.4713, distinct_name:2, dictinctin_value:1.564504591409782, par:160)
									idx178(Q:0.4490, distinct_name:2, dictinctin_value:1.4113473869711974, par:170)
										idx186(Q:0.4433, distinct_name:0, dictinctin_value:2.1063540893171067, par:178)
											idx192(Q:0.4445, distinct_name:2, dictinctin_value:1.2195161175228741, par:186)
												idx200(Q:0.4416, distinct_name:0, dictinctin_value:1.9676721667093595, par:192)
													idx212(Q:0.4395, distinct_name:0, dictinctin_value:1.8926417272552991, par:200)
														idx226(Q:0.4411, distinct_name:0, dictinctin_value:1.7713311316515392, par:212)
															idx252(Q:0.4465, distinct_name:1, dictinctin_value:1.3213229930390704, par:226)
																idx270(Q:0.4392, distinct_name:0, dictinctin_value:1.7442155745503336, par:252)
																	idx300(Q:0.4368, distinct_name:0, dictinctin_value:1.3536781616204123, par:270)
																		idx392(Q:0.4355, distinct_name:0, dictinctin_value:1.2274516322533688, par:300)
																			idx416(Q:0.4384, par:392)
																			idx417(Q:0.4119, par:392)
																		idx393(Q:0.4428, par:300)
																	idx301(Q:0.6548, par:270)
																idx271(Q:0.6678, par:252)
															idx253(Q:0.2398, par:226)
														idx227(Q:0.3581, par:212)
													idx213(Q:0.5269, par:200)
												idx201(Q:0.5086, par:192)
											idx193(Q:0.3158, par:186)
										idx187(Q:0.6250, par:178)
									idx179(Q:0.8823, par:170)
								idx171(Q:0.3511, par:160)
							idx161(Q:0.4051, par:23)
				idx15(Q:0.6003, distinct_name:2, dictinctin_value:1.9938158806166744, par:9)
					idx194(Q:0.5886, distinct_name:3, dictinctin_value:2.0149638943737203, par:15)
						idx202(Q:0.5781, distinct_name:3, dictinctin_value:1.626087400144554, par:194)
							idx214(Q:0.5756, distinct_name:1, dictinctin_value:2.6727016574162166, par:202)
								idx228(Q:0.5588, distinct_name:2, dictinctin_value:1.776904010924299, par:214)
									idx240(Q:0.5554, distinct_name:2, dictinctin_value:1.4203463682180766, par:228)
										idx254(Q:0.5434, distinct_name:0, dictinctin_value:2.115573493736756, par:240)
											idx272(Q:0.5436, distinct_name:2, dictinctin_value:1.306259966260203, par:254)
												idx286(Q:0.5287, distinct_name:2, dictinctin_value:1.2529155214914378, par:272)
													idx302(Q:0.5232, distinct_name:2, dictinctin_value:0.808199081795812, par:286)
														idx314(Q:0.5036, distinct_name:2, dictinctin_value:0.7214446989843575, par:302)
															idx326(Q:0.4972, distinct_name:2, dictinctin_value:0.7041168221107604, par:314)
																idx338(Q:0.4959, distinct_name:0, dictinctin_value:2.1110030599556926, par:326)
																	idx352(Q:0.4968, distinct_name:0, dictinctin_value:2.0312710900603177, par:338)
																		idx366(Q:0.4957, distinct_name:2, dictinctin_value:0.6878681581259294, par:352)
																			idx394(Q:0.4926, par:366)
																			idx395(Q:0.7374, par:366)
																		idx367(Q:0.6738, par:352)
																	idx353(Q:0.3397, par:338)
																idx339(Q:0.6013, par:326)
															idx327(Q:0.6781, par:314)
														idx315(Q:0.8543, par:302)
													idx303(Q:0.8603, par:286)
												idx287(Q:0.8446, par:272)
											idx273(Q:0.5330, par:254)
										idx255(Q:0.7899, par:240)
									idx241(Q:0.9017, par:228)
								idx229(Q:0.8242, par:214)
							idx215(Q:0.6587, par:202)
						idx203(Q:0.9283, par:194)
					idx195(Q:0.9952, par:15)
		idx7(Q:0.3579, par:4)
	idx5(Q:0.3066, par:1)
