WARNING:tensorflow:From /Users/keithwu/opt/anaconda3/envs/auction-gym/lib/python3.10/site-packages/tensorflow/python/compat/v2_compat.py:107: disable_resource_variables (from tensorflow.python.ops.variable_scope) is deprecated and will be removed in a future version.
Instructions for updating:
non-resource variables are not supported in the long term
<_io.TextIOWrapper name='<stderr>' mode='w' encoding='utf-8'> reading from ../UTree_model_numpy/DR/model_boost_linear_qsplit_noabs_save/, starting at 90
<_io.TextIOWrapper name='<stderr>' mode='w' encoding='utf-8'> =============== update starts ===============
(average_diff:0.005186462717397304, max_diff:0.043242794996753375, training_epochs:500, lr:0.05)
<_io.TextIOWrapper name='<stderr>' mode='w' encoding='utf-8'> node index is 111
train linear regression time:  0.05861687520518899
(average_diff:0.01563201339593473, max_diff:0.09390174593986514, training_epochs:500, lr:0.05)
<_io.TextIOWrapper name='<stderr>' mode='w' encoding='utf-8'> node index is 101
train linear regression time:  0.060529416892677546
(average_diff:0.008957264058615019, max_diff:0.04185478225808986, training_epochs:500, lr:0.05)
<_io.TextIOWrapper name='<stderr>' mode='w' encoding='utf-8'> node index is 91
train linear regression time:  0.057959250174462795
(average_diff:0.012996787936322793, max_diff:0.1626726630329927, training_epochs:500, lr:0.05)
<_io.TextIOWrapper name='<stderr>' mode='w' encoding='utf-8'> node index is 83
train linear regression time:  0.05719616683200002
(average_diff:0.024128902134783074, max_diff:0.20948743355920707, training_epochs:500, lr:0.05)
<_io.TextIOWrapper name='<stderr>' mode='w' encoding='utf-8'> node index is 77
train linear regression time:  0.05666533391922712
(average_diff:0.04517803489107602, max_diff:0.27187697167330044, training_epochs:500, lr:0.05)
<_io.TextIOWrapper name='<stderr>' mode='w' encoding='utf-8'> node index is 71
train linear regression time:  0.06786004221066833
(average_diff:0.052268278446373925, max_diff:0.202612354179314, training_epochs:500, lr:0.05)
<_io.TextIOWrapper name='<stderr>' mode='w' encoding='utf-8'> node index is 63
train linear regression time:  0.06114779086783528
(average_diff:0.04176618669992793, max_diff:0.08684578551413233, training_epochs:500, lr:0.05)
<_io.TextIOWrapper name='<stderr>' mode='w' encoding='utf-8'> node index is 501
train linear regression time:  0.05960100004449487
(average_diff:1.123866055774414e-09, max_diff:1.1692891654924153e-09, training_epochs:500, lr:0.05)
<_io.TextIOWrapper name='<stderr>' mode='w' encoding='utf-8'> node index is 493
train linear regression time:  0.05975283309817314
(average_diff:6.730727086790012e-16, max_diff:7.91033905045424e-16, training_epochs:500, lr:0.05)
<_io.TextIOWrapper name='<stderr>' mode='w' encoding='utf-8'> node index is 485
train linear regression time:  0.06083587510511279
(average_diff:0.001541345357401365, max_diff:0.0037257439261152436, training_epochs:500, lr:0.05)
<_io.TextIOWrapper name='<stderr>' mode='w' encoding='utf-8'> node index is 481
train linear regression time:  0.05665899999439716
(average_diff:2.7755575615628914e-17, max_diff:2.7755575615628914e-17, training_epochs:500, lr:0.05)
<_io.TextIOWrapper name='<stderr>' mode='w' encoding='utf-8'> node index is 475
train linear regression time:  0.05617304192855954
(average_diff:0.003347689999423774, max_diff:0.004886038500114875, training_epochs:500, lr:0.05)
<_io.TextIOWrapper name='<stderr>' mode='w' encoding='utf-8'> node index is 469
train linear regression time:  0.05559045867994428
(average_diff:0.0015709227760132768, max_diff:0.003033278474577572, training_epochs:500, lr:0.05)
<_io.TextIOWrapper name='<stderr>' mode='w' encoding='utf-8'> node index is 465
train linear regression time:  0.05389020871371031
(average_diff:6.851696987553169e-11, max_diff:6.973494004469671e-11, training_epochs:500, lr:0.05)
<_io.TextIOWrapper name='<stderr>' mode='w' encoding='utf-8'> node index is 587
train linear regression time:  0.05392358312383294
(average_diff:1.6135083461682465e-07, max_diff:1.708850172199572e-07, training_epochs:500, lr:0.05)
<_io.TextIOWrapper name='<stderr>' mode='w' encoding='utf-8'> node index is 581
train linear regression time:  0.05274954158812761
(average_diff:0.0050637182227245454, max_diff:0.007891219336821187, training_epochs:500, lr:0.05)
<_io.TextIOWrapper name='<stderr>' mode='w' encoding='utf-8'> node index is 571
train linear regression time:  0.05618970887735486
(average_diff:3.3306690738754696e-16, max_diff:3.3306690738754696e-16, training_epochs:500, lr:0.05)
<_io.TextIOWrapper name='<stderr>' mode='w' encoding='utf-8'> node index is 549
train linear regression time:  0.05705170799046755
(average_diff:0.00891968681792632, max_diff:0.013438793111720582, training_epochs:500, lr:0.05)
<_io.TextIOWrapper name='<stderr>' mode='w' encoding='utf-8'> node index is 537
train linear regression time:  0.0568019999191165
(average_diff:0.0022218879733122143, max_diff:0.0030843369366611584, training_epochs:500, lr:0.05)
<_io.TextIOWrapper name='<stderr>' mode='w' encoding='utf-8'> node index is 531
train linear regression time:  0.05555266607552767
(average_diff:1.6675803330793806e-10, max_diff:2.604940152473034e-10, training_epochs:500, lr:0.05)
<_io.TextIOWrapper name='<stderr>' mode='w' encoding='utf-8'> node index is 521
train linear regression time:  0.05567208398133516
(average_diff:0.0077355472848065305, max_diff:0.012100093308546264, training_epochs:500, lr:0.05)
<_io.TextIOWrapper name='<stderr>' mode='w' encoding='utf-8'> node index is 511
train linear regression time:  0.057190584018826485
(average_diff:5.828670879282072e-16, max_diff:7.771561172376096e-16, training_epochs:500, lr:0.05)
<_io.TextIOWrapper name='<stderr>' mode='w' encoding='utf-8'> node index is 473
train linear regression time:  0.05388991581276059
(average_diff:2.8449465006019636e-16, max_diff:3.7470027081099033e-16, training_epochs:500, lr:0.05)
<_io.TextIOWrapper name='<stderr>' mode='w' encoding='utf-8'> node index is 471
train linear regression time:  0.05429166695103049
(average_diff:1.2073675392798577e-15, max_diff:1.304512053934559e-15, training_epochs:500, lr:0.05)
<_io.TextIOWrapper name='<stderr>' mode='w' encoding='utf-8'> node index is 467
train linear regression time:  0.05979191605001688
(average_diff:0.0016643881498255401, max_diff:0.0029601387110091693, training_epochs:500, lr:0.05)
<_io.TextIOWrapper name='<stderr>' mode='w' encoding='utf-8'> node index is 461
train linear regression time:  0.0575719578191638
(average_diff:0.02735786960473836, max_diff:0.06758256833082654, training_epochs:500, lr:0.05)
<_io.TextIOWrapper name='<stderr>' mode='w' encoding='utf-8'> node index is 457
train linear regression time:  0.05298291705548763
(average_diff:3.3306690738754696e-16, max_diff:3.3306690738754696e-16, training_epochs:500, lr:0.05)
<_io.TextIOWrapper name='<stderr>' mode='w' encoding='utf-8'> node index is 449
train linear regression time:  0.05385433277115226
(average_diff:2.5673907444456745e-16, max_diff:4.0245584642661925e-16, training_epochs:500, lr:0.05)
<_io.TextIOWrapper name='<stderr>' mode='w' encoding='utf-8'> node index is 445
train linear regression time:  0.05498124985024333
(average_diff:0.015502132190575302, max_diff:0.029006405995121914, training_epochs:500, lr:0.05)
<_io.TextIOWrapper name='<stderr>' mode='w' encoding='utf-8'> node index is 433
train linear regression time:  0.05320341605693102
(average_diff:0.0002136907478745842, max_diff:0.00031697270202007966, training_epochs:500, lr:0.05)
<_io.TextIOWrapper name='<stderr>' mode='w' encoding='utf-8'> node index is 427
train linear regression time:  0.05543200019747019
(average_diff:1.1102230246251565e-16, max_diff:1.6653345369377348e-16, training_epochs:500, lr:0.05)
<_io.TextIOWrapper name='<stderr>' mode='w' encoding='utf-8'> node index is 599
train linear regression time:  0.052426917012780905
(average_diff:2.3245294578089215e-16, max_diff:2.914335439641036e-16, training_epochs:500, lr:0.05)
<_io.TextIOWrapper name='<stderr>' mode='w' encoding='utf-8'> node index is 597
train linear regression time:  0.05432845884934068
(average_diff:0.011043778689857578, max_diff:0.01678032740609589, training_epochs:500, lr:0.05)
<_io.TextIOWrapper name='<stderr>' mode='w' encoding='utf-8'> node index is 595
train linear regression time:  0.05264137499034405
(average_diff:5.551115123125783e-17, max_diff:5.551115123125783e-17, training_epochs:500, lr:0.05)
<_io.TextIOWrapper name='<stderr>' mode='w' encoding='utf-8'> node index is 593
train linear regression time:  0.055639708414673805
(average_diff:1.1723219617287839e-11, max_diff:1.2199241616883683e-11, training_epochs:500, lr:0.05)
<_io.TextIOWrapper name='<stderr>' mode='w' encoding='utf-8'> node index is 589
train linear regression time:  0.05619637481868267
(average_diff:5.551115123125783e-17, max_diff:5.551115123125783e-17, training_epochs:500, lr:0.05)
<_io.TextIOWrapper name='<stderr>' mode='w' encoding='utf-8'> node index is 583
train linear regression time:  0.055256207939237356
(average_diff:4.449861775353743e-12, max_diff:6.974754107602621e-12, training_epochs:500, lr:0.05)
<_io.TextIOWrapper name='<stderr>' mode='w' encoding='utf-8'> node index is 573
train linear regression time:  0.054023291915655136
(average_diff:0.0015621183181076619, max_diff:0.002385397764135766, training_epochs:500, lr:0.05)
<_io.TextIOWrapper name='<stderr>' mode='w' encoding='utf-8'> node index is 563
train linear regression time:  0.051957542076706886
(average_diff:4.785409130144321e-06, max_diff:6.514863960888073e-06, training_epochs:500, lr:0.05)
<_io.TextIOWrapper name='<stderr>' mode='w' encoding='utf-8'> node index is 551
train linear regression time:  0.05436237482354045
(average_diff:5.551115123125783e-17, max_diff:5.551115123125783e-17, training_epochs:500, lr:0.05)
<_io.TextIOWrapper name='<stderr>' mode='w' encoding='utf-8'> node index is 545
train linear regression time:  0.05624649999663234
(average_diff:2.5569179788501966e-05, max_diff:4.13726645689394e-05, training_epochs:500, lr:0.05)
<_io.TextIOWrapper name='<stderr>' mode='w' encoding='utf-8'> node index is 369
train linear regression time:  0.054708541836589575
(average_diff:0.007652804786215217, max_diff:0.015073531526633266, training_epochs:500, lr:0.05)
<_io.TextIOWrapper name='<stderr>' mode='w' encoding='utf-8'> node index is 355
train linear regression time:  0.05526820803061128
(average_diff:0.020197988318773664, max_diff:0.04030709242277247, training_epochs:500, lr:0.05)
<_io.TextIOWrapper name='<stderr>' mode='w' encoding='utf-8'> node index is 341
train linear regression time:  0.05447991704568267
(average_diff:0.08123595008360997, max_diff:0.1941331917744116, training_epochs:500, lr:0.05)
<_io.TextIOWrapper name='<stderr>' mode='w' encoding='utf-8'> node index is 329
train linear regression time:  0.056462083011865616
(average_diff:0.0076909892519464035, max_diff:0.01556088538045991, training_epochs:500, lr:0.05)
<_io.TextIOWrapper name='<stderr>' mode='w' encoding='utf-8'> node index is 317
train linear regression time:  0.054654375184327364
(average_diff:0.0667999033973664, max_diff:0.20885429824526777, training_epochs:500, lr:0.05)
<_io.TextIOWrapper name='<stderr>' mode='w' encoding='utf-8'> node index is 305
train linear regression time:  0.05790645908564329
(average_diff:1.339206523454095e-15, max_diff:1.3461454173580023e-15, training_epochs:500, lr:0.05)
<_io.TextIOWrapper name='<stderr>' mode='w' encoding='utf-8'> node index is 289
train linear regression time:  0.05636925017461181
(average_diff:0.005945450082318708, max_diff:0.011563169267873041, training_epochs:500, lr:0.05)
<_io.TextIOWrapper name='<stderr>' mode='w' encoding='utf-8'> node index is 257
train linear regression time:  0.05552733410149813
(average_diff:0.06792285585719988, max_diff:0.1387583462356411, training_epochs:500, lr:0.05)
<_io.TextIOWrapper name='<stderr>' mode='w' encoding='utf-8'> node index is 243
train linear regression time:  0.05461879214271903
(average_diff:0.011656352166924205, max_diff:0.017754149453285212, training_epochs:500, lr:0.05)
<_io.TextIOWrapper name='<stderr>' mode='w' encoding='utf-8'> node index is 231
train linear regression time:  0.05259525030851364
(average_diff:0.09027648061196972, max_diff:0.18980679843501289, training_epochs:500, lr:0.05)
<_io.TextIOWrapper name='<stderr>' mode='w' encoding='utf-8'> node index is 217
train linear regression time:  0.05438712518662214
(average_diff:0.02199299031844737, max_diff:0.04284056448713636, training_epochs:500, lr:0.05)
<_io.TextIOWrapper name='<stderr>' mode='w' encoding='utf-8'> node index is 275
train linear regression time:  0.05250629084184766
(average_diff:0.012530085037138325, max_diff:0.02555930528054673, training_epochs:500, lr:0.05)
<_io.TextIOWrapper name='<stderr>' mode='w' encoding='utf-8'> node index is 259
train linear regression time:  0.05877408292144537
(average_diff:0.0426754753993788, max_diff:0.07792651715906318, training_epochs:500, lr:0.05)
<_io.TextIOWrapper name='<stderr>' mode='w' encoding='utf-8'> node index is 245
train linear regression time:  0.05825579212978482
(average_diff:0.03187026986926874, max_diff:0.15606106072774167, training_epochs:500, lr:0.05)
<_io.TextIOWrapper name='<stderr>' mode='w' encoding='utf-8'> node index is 233
train linear regression time:  0.05975712509825826
(average_diff:4.3480182288890834e-05, max_diff:8.794650659332826e-05, training_epochs:500, lr:0.05)
<_io.TextIOWrapper name='<stderr>' mode='w' encoding='utf-8'> node index is 219
train linear regression time:  0.05892120907083154
(average_diff:0.0059035728391058084, max_diff:0.01330721225618059, training_epochs:500, lr:0.05)
<_io.TextIOWrapper name='<stderr>' mode='w' encoding='utf-8'> node index is 205
train linear regression time:  0.05822283308953047
(average_diff:0.02164262368048457, max_diff:0.056567320615877215, training_epochs:500, lr:0.05)
<_io.TextIOWrapper name='<stderr>' mode='w' encoding='utf-8'> node index is 197
train linear regression time:  0.05756299989297986
(average_diff:0.030862288381580227, max_diff:0.09290567932545962, training_epochs:500, lr:0.05)
<_io.TextIOWrapper name='<stderr>' mode='w' encoding='utf-8'> node index is 189
train linear regression time:  0.0569585831835866
(average_diff:0.03921701325719276, max_diff:0.1773344985933214, training_epochs:500, lr:0.05)
<_io.TextIOWrapper name='<stderr>' mode='w' encoding='utf-8'> node index is 181
train linear regression time:  0.061081333085894585
(average_diff:0.025628194383800665, max_diff:0.06303103364164697, training_epochs:500, lr:0.05)
<_io.TextIOWrapper name='<stderr>' mode='w' encoding='utf-8'> node index is 173
train linear regression time:  0.05870029190555215
(average_diff:0.018885300507664758, max_diff:0.04736367690177867, training_epochs:500, lr:0.05)
<_io.TextIOWrapper name='<stderr>' mode='w' encoding='utf-8'> node index is 163
train linear regression time:  0.059696624986827374
(average_diff:0.0, max_diff:0.0, training_epochs:500, lr:0.05)
<_io.TextIOWrapper name='<stderr>' mode='w' encoding='utf-8'> node index is 153
train linear regression time:  0.05790987517684698
(average_diff:4.526645370067639e-07, max_diff:8.68010640253658e-07, training_epochs:500, lr:0.05)
<_io.TextIOWrapper name='<stderr>' mode='w' encoding='utf-8'> node index is 221
train linear regression time:  0.057097834069281816
(average_diff:0.12068907115524817, max_diff:0.34109207884507087, training_epochs:500, lr:0.05)
<_io.TextIOWrapper name='<stderr>' mode='w' encoding='utf-8'> node index is 207
train linear regression time:  0.05992574989795685
(average_diff:0.15675589092822304, max_diff:0.6637978415238173, training_epochs:500, lr:0.05)
<_io.TextIOWrapper name='<stderr>' mode='w' encoding='utf-8'> node index is 165
train linear regression time:  0.06570454174652696
(average_diff:0.12302978303213638, max_diff:0.30829034909267117, training_epochs:500, lr:0.05)
<_io.TextIOWrapper name='<stderr>' mode='w' encoding='utf-8'> node index is 155
train linear regression time:  0.060524375177919865
(average_diff:0.15793560006594165, max_diff:0.27247831644043385, training_epochs:500, lr:0.05)
<_io.TextIOWrapper name='<stderr>' mode='w' encoding='utf-8'> node index is 149
train linear regression time:  0.05597220780327916
(average_diff:0.04704875350484781, max_diff:0.14437581170981326, training_epochs:500, lr:0.05)
<_io.TextIOWrapper name='<stderr>' mode='w' encoding='utf-8'> node index is 147
train linear regression time:  0.05677904188632965
(average_diff:0.049843941863920535, max_diff:0.16850248536214119, training_epochs:500, lr:0.05)
<_io.TextIOWrapper name='<stderr>' mode='w' encoding='utf-8'> node index is 143
train linear regression time:  0.05664220778271556
(average_diff:0.034176902818791016, max_diff:0.09326660749662063, training_epochs:500, lr:0.05)
<_io.TextIOWrapper name='<stderr>' mode='w' encoding='utf-8'> node index is 137
train linear regression time:  0.058828957844525576
(average_diff:0.04549358786202434, max_diff:0.14829783481056424, training_epochs:500, lr:0.05)
<_io.TextIOWrapper name='<stderr>' mode='w' encoding='utf-8'> node index is 131
train linear regression time:  0.05636604083701968
(average_diff:0.029471532423730067, max_diff:0.0675085845859063, training_epochs:500, lr:0.05)
<_io.TextIOWrapper name='<stderr>' mode='w' encoding='utf-8'> node index is 123
train linear regression time:  0.05719924997538328
(average_diff:0.0340079563040926, max_diff:0.10626182032023634, training_epochs:500, lr:0.05)
<_io.TextIOWrapper name='<stderr>' mode='w' encoding='utf-8'> node index is 113
train linear regression time:  0.055408291053026915
(average_diff:0.0913807308591773, max_diff:0.5626041682892656, training_epochs:500, lr:0.05)
<_io.TextIOWrapper name='<stderr>' mode='w' encoding='utf-8'> node index is 103
train linear regression time:  0.057073833886533976
(average_diff:0.0432494090844166, max_diff:0.1754396892959782, training_epochs:500, lr:0.05)
<_io.TextIOWrapper name='<stderr>' mode='w' encoding='utf-8'> node index is 93
train linear regression time:  0.05574599979445338
(average_diff:0.02373981335867156, max_diff:0.0841469073426819, training_epochs:500, lr:0.05)
<_io.TextIOWrapper name='<stderr>' mode='w' encoding='utf-8'> node index is 139
train linear regression time:  0.05762324994429946
(average_diff:0.06193628554976046, max_diff:0.21215008620924453, training_epochs:500, lr:0.05)
<_io.TextIOWrapper name='<stderr>' mode='w' encoding='utf-8'> node index is 133
train linear regression time:  0.057413917034864426
(average_diff:0.035394979639712706, max_diff:0.21039481894364542, training_epochs:500, lr:0.05)
<_io.TextIOWrapper name='<stderr>' mode='w' encoding='utf-8'> node index is 125
train linear regression time:  0.05593754071742296
(average_diff:0.07965393280706273, max_diff:0.3026144293347878, training_epochs:500, lr:0.05)
<_io.TextIOWrapper name='<stderr>' mode='w' encoding='utf-8'> node index is 115
train linear regression time:  0.054485749918967485
(average_diff:0.07464391773176562, max_diff:0.28418886711916325, training_epochs:500, lr:0.05)
<_io.TextIOWrapper name='<stderr>' mode='w' encoding='utf-8'> node index is 105
train linear regression time:  0.05571679212152958
(average_diff:0.06093329310986144, max_diff:0.20523937396819686, training_epochs:500, lr:0.05)
<_io.TextIOWrapper name='<stderr>' mode='w' encoding='utf-8'> node index is 95
train linear regression time:  0.05584699986502528
(average_diff:0.07215797126079256, max_diff:0.24779534835572417, training_epochs:500, lr:0.05)
<_io.TextIOWrapper name='<stderr>' mode='w' encoding='utf-8'> node index is 85
train linear regression time:  0.05419483408331871
(average_diff:0.08088862152343129, max_diff:0.25048232485865585, training_epochs:500, lr:0.05)
<_io.TextIOWrapper name='<stderr>' mode='w' encoding='utf-8'> node index is 79
train linear regression time:  0.05457379203289747
(average_diff:0.10344069795222881, max_diff:0.4190720401831251, training_epochs:500, lr:0.05)
<_io.TextIOWrapper name='<stderr>' mode='w' encoding='utf-8'> node index is 73
train linear regression time:  0.06486925017088652
(average_diff:0.07607140127105153, max_diff:0.3526725398665145, training_epochs:500, lr:0.05)
<_io.TextIOWrapper name='<stderr>' mode='w' encoding='utf-8'> node index is 65
train linear regression time:  0.05713037494570017
(average_diff:0.0, max_diff:0.0, training_epochs:500, lr:0.05)
<_io.TextIOWrapper name='<stderr>' mode='w' encoding='utf-8'> node index is 575
train linear regression time:  0.05545787466689944
(average_diff:1.1102230246251565e-16, max_diff:1.1102230246251565e-16, training_epochs:500, lr:0.05)
<_io.TextIOWrapper name='<stderr>' mode='w' encoding='utf-8'> node index is 565
train linear regression time:  0.056102917063981295
(average_diff:0.00040928344609426903, max_diff:0.0008515085145661683, training_epochs:500, lr:0.05)
<_io.TextIOWrapper name='<stderr>' mode='w' encoding='utf-8'> node index is 557
train linear regression time:  0.055654417257755995
(average_diff:0.0, max_diff:0.0, training_epochs:500, lr:0.05)
<_io.TextIOWrapper name='<stderr>' mode='w' encoding='utf-8'> node index is 553
train linear regression time:  0.05646474985405803
(average_diff:1.0339849310092575e-08, max_diff:1.0488182877743668e-08, training_epochs:500, lr:0.05)
<_io.TextIOWrapper name='<stderr>' mode='w' encoding='utf-8'> node index is 539
train linear regression time:  0.05623200023546815
(average_diff:0.0001613333774200069, max_diff:0.0002598079770651518, training_epochs:500, lr:0.05)
<_io.TextIOWrapper name='<stderr>' mode='w' encoding='utf-8'> node index is 523
train linear regression time:  0.05442029098048806
(average_diff:1.942890293094024e-16, max_diff:1.942890293094024e-16, training_epochs:500, lr:0.05)
<_io.TextIOWrapper name='<stderr>' mode='w' encoding='utf-8'> node index is 513
train linear regression time:  0.055688957683742046
(average_diff:0.0, max_diff:0.0, training_epochs:500, lr:0.05)
<_io.TextIOWrapper name='<stderr>' mode='w' encoding='utf-8'> node index is 505
train linear regression time:  0.053580041974782944
(average_diff:1.609823385706477e-15, max_diff:2.1649348980190553e-15, training_epochs:500, lr:0.05)
<_io.TextIOWrapper name='<stderr>' mode='w' encoding='utf-8'> node index is 495
train linear regression time:  0.054572250228375196
(average_diff:0.029445947530406635, max_diff:0.07132725652103426, training_epochs:500, lr:0.05)
<_io.TextIOWrapper name='<stderr>' mode='w' encoding='utf-8'> node index is 487
train linear regression time:  0.05638258298859
(average_diff:0.08789341654841362, max_diff:0.5697910121718949, training_epochs:500, lr:0.05)
<_io.TextIOWrapper name='<stderr>' mode='w' encoding='utf-8'> node index is 47
train linear regression time:  0.06354570901021361
(average_diff:8.00285763583967e-16, max_diff:2.0122792321330962e-15, training_epochs:500, lr:0.05)
<_io.TextIOWrapper name='<stderr>' mode='w' encoding='utf-8'> node index is 397
train linear regression time:  0.054469834081828594
(average_diff:0.09242375427957035, max_diff:0.2091221678495684, training_epochs:500, lr:0.05)
<_io.TextIOWrapper name='<stderr>' mode='w' encoding='utf-8'> node index is 383
train linear regression time:  0.057588291354477406
(average_diff:0.007766136539658408, max_diff:0.011102282239615735, training_epochs:500, lr:0.05)
<_io.TextIOWrapper name='<stderr>' mode='w' encoding='utf-8'> node index is 371
train linear regression time:  0.05542804207652807
(average_diff:0.1805671473920406, max_diff:0.4967715076227329, training_epochs:500, lr:0.05)
<_io.TextIOWrapper name='<stderr>' mode='w' encoding='utf-8'> node index is 357
train linear regression time:  0.05494012497365475
(average_diff:0.08721040214418699, max_diff:0.22494141460073247, training_epochs:500, lr:0.05)
<_io.TextIOWrapper name='<stderr>' mode='w' encoding='utf-8'> node index is 343
train linear regression time:  0.05650604097172618
(average_diff:0.19058042191945157, max_diff:0.4017607061392775, training_epochs:500, lr:0.05)
<_io.TextIOWrapper name='<stderr>' mode='w' encoding='utf-8'> node index is 331
train linear regression time:  0.055974333081394434
(average_diff:0.0056434166094542215, max_diff:0.011160225599778917, training_epochs:500, lr:0.05)
<_io.TextIOWrapper name='<stderr>' mode='w' encoding='utf-8'> node index is 319
train linear regression time:  0.05483862478286028
(average_diff:0.17708717257712908, max_diff:0.5263502123560914, training_epochs:500, lr:0.05)
<_io.TextIOWrapper name='<stderr>' mode='w' encoding='utf-8'> node index is 307
train linear regression time:  0.05349283292889595
(average_diff:0.00018495088853380062, max_diff:0.0002798128951589929, training_epochs:500, lr:0.05)
<_io.TextIOWrapper name='<stderr>' mode='w' encoding='utf-8'> node index is 293
train linear regression time:  0.05354495765641332
(average_diff:0.01754827136851146, max_diff:0.033005784439670616, training_epochs:500, lr:0.05)
<_io.TextIOWrapper name='<stderr>' mode='w' encoding='utf-8'> node index is 277
train linear regression time:  0.05341858323663473
(average_diff:0.006772165155424968, max_diff:0.013759720348354626, training_epochs:500, lr:0.05)
<_io.TextIOWrapper name='<stderr>' mode='w' encoding='utf-8'> node index is 261
train linear regression time:  0.05413437495008111
(average_diff:0.09130561009818106, max_diff:0.18273330610615002, training_epochs:500, lr:0.05)
<_io.TextIOWrapper name='<stderr>' mode='w' encoding='utf-8'> node index is 247
train linear regression time:  0.05650466587394476
(average_diff:9.696728775456427e-05, max_diff:0.00014361792370798376, training_epochs:500, lr:0.05)
<_io.TextIOWrapper name='<stderr>' mode='w' encoding='utf-8'> node index is 533
train linear regression time:  0.05372154200449586
(average_diff:0.0004218864168579195, max_diff:0.0008049260887473819, training_epochs:500, lr:0.05)
<_io.TextIOWrapper name='<stderr>' mode='w' encoding='utf-8'> node index is 525
train linear regression time:  0.053550458047538996
(average_diff:3.3306690738754696e-16, max_diff:3.3306690738754696e-16, training_epochs:500, lr:0.05)
<_io.TextIOWrapper name='<stderr>' mode='w' encoding='utf-8'> node index is 515
train linear regression time:  0.05304308282211423
(average_diff:6.938893903907228e-17, max_diff:6.938893903907228e-17, training_epochs:500, lr:0.05)
<_io.TextIOWrapper name='<stderr>' mode='w' encoding='utf-8'> node index is 503
train linear regression time:  0.05686620809137821
(average_diff:0.08811819889201462, max_diff:0.12037037108568499, training_epochs:500, lr:0.05)
<_io.TextIOWrapper name='<stderr>' mode='w' encoding='utf-8'> node index is 497
train linear regression time:  0.0589844579808414
(average_diff:2.7755575615628914e-17, max_diff:2.7755575615628914e-17, training_epochs:500, lr:0.05)
<_io.TextIOWrapper name='<stderr>' mode='w' encoding='utf-8'> node index is 489
train linear regression time:  0.05537808267399669
(average_diff:0.0, max_diff:0.0, training_epochs:500, lr:0.05)
<_io.TextIOWrapper name='<stderr>' mode='w' encoding='utf-8'> node index is 483
train linear regression time:  0.057665999978780746
(average_diff:5.551115123125783e-17, max_diff:5.551115123125783e-17, training_epochs:500, lr:0.05)
<_io.TextIOWrapper name='<stderr>' mode='w' encoding='utf-8'> node index is 479
train linear regression time:  0.05482883285731077
(average_diff:0.019595267993930438, max_diff:0.039149763073380583, training_epochs:500, lr:0.05)
<_io.TextIOWrapper name='<stderr>' mode='w' encoding='utf-8'> node index is 463
train linear regression time:  0.05594487488269806
(average_diff:0.006306535492474452, max_diff:0.011452904785031137, training_epochs:500, lr:0.05)
<_io.TextIOWrapper name='<stderr>' mode='w' encoding='utf-8'> node index is 459
train linear regression time:  0.05368954222649336
(average_diff:4.996003610813204e-16, max_diff:5.551115123125783e-16, training_epochs:500, lr:0.05)
<_io.TextIOWrapper name='<stderr>' mode='w' encoding='utf-8'> node index is 451
train linear regression time:  0.05355633283033967
(average_diff:1.1102230246251565e-16, max_diff:1.1102230246251565e-16, training_epochs:500, lr:0.05)
<_io.TextIOWrapper name='<stderr>' mode='w' encoding='utf-8'> node index is 439
train linear regression time:  0.05365641601383686
(average_diff:0.00823012257014664, max_diff:0.01793716637665499, training_epochs:500, lr:0.05)
<_io.TextIOWrapper name='<stderr>' mode='w' encoding='utf-8'> node index is 437
train linear regression time:  0.055036500096321106
(average_diff:0.031164310642137063, max_diff:0.06807165288740874, training_epochs:500, lr:0.05)
<_io.TextIOWrapper name='<stderr>' mode='w' encoding='utf-8'> node index is 117
train linear regression time:  0.05764254182577133
(average_diff:0.02123214502858673, max_diff:0.06274288041033595, training_epochs:500, lr:0.05)
<_io.TextIOWrapper name='<stderr>' mode='w' encoding='utf-8'> node index is 107
train linear regression time:  0.05389158288016915
(average_diff:0.03558719905604432, max_diff:0.15075407562944182, training_epochs:500, lr:0.05)
<_io.TextIOWrapper name='<stderr>' mode='w' encoding='utf-8'> node index is 97
train linear regression time:  0.05602724989876151
(average_diff:0.04884157396962072, max_diff:0.16131237062359816, training_epochs:500, lr:0.05)
<_io.TextIOWrapper name='<stderr>' mode='w' encoding='utf-8'> node index is 87
train linear regression time:  0.05699983425438404
(average_diff:0.058486969031353385, max_diff:0.31773368926117174, training_epochs:500, lr:0.05)
<_io.TextIOWrapper name='<stderr>' mode='w' encoding='utf-8'> node index is 81
train linear regression time:  0.06368662463501096
(average_diff:0.07123334796797536, max_diff:0.2954513635710521, training_epochs:500, lr:0.05)
<_io.TextIOWrapper name='<stderr>' mode='w' encoding='utf-8'> node index is 75
train linear regression time:  0.05465754168108106
(average_diff:0.11024935732071131, max_diff:0.18547063292811894, training_epochs:500, lr:0.05)
<_io.TextIOWrapper name='<stderr>' mode='w' encoding='utf-8'> node index is 567
train linear regression time:  0.05349970795214176
(average_diff:8.326672684688674e-17, max_diff:1.3877787807814457e-16, training_epochs:500, lr:0.05)
<_io.TextIOWrapper name='<stderr>' mode='w' encoding='utf-8'> node index is 559
train linear regression time:  0.05371204158291221
(average_diff:3.885780586188048e-16, max_diff:4.163336342344337e-16, training_epochs:500, lr:0.05)
<_io.TextIOWrapper name='<stderr>' mode='w' encoding='utf-8'> node index is 555
train linear regression time:  0.05370037490502
(average_diff:0.016361485414037962, max_diff:0.026212054916658012, training_epochs:500, lr:0.05)
<_io.TextIOWrapper name='<stderr>' mode='w' encoding='utf-8'> node index is 547
train linear regression time:  0.05331112490966916
(average_diff:1.1102230246251565e-16, max_diff:1.1102230246251565e-16, training_epochs:500, lr:0.05)
<_io.TextIOWrapper name='<stderr>' mode='w' encoding='utf-8'> node index is 527
train linear regression time:  0.05879191728308797
(average_diff:1.249000902703301e-16, max_diff:2.220446049250313e-16, training_epochs:500, lr:0.05)
<_io.TextIOWrapper name='<stderr>' mode='w' encoding='utf-8'> node index is 507
train linear regression time:  0.05582341691479087
(average_diff:0.1602791673114128, max_diff:0.5919414753949346, training_epochs:500, lr:0.05)
<_io.TextIOWrapper name='<stderr>' mode='w' encoding='utf-8'> node index is 59
train linear regression time:  0.06845345767214894
(average_diff:0.09262039523908935, max_diff:0.39487279305585743, training_epochs:500, lr:0.05)
<_io.TextIOWrapper name='<stderr>' mode='w' encoding='utf-8'> node index is 49
train linear regression time:  0.06371195800602436
(average_diff:1.1102230246251565e-16, max_diff:2.220446049250313e-16, training_epochs:500, lr:0.05)
<_io.TextIOWrapper name='<stderr>' mode='w' encoding='utf-8'> node index is 569
train linear regression time:  0.0624528331682086
(average_diff:1.1102230246251565e-16, max_diff:1.1102230246251565e-16, training_epochs:500, lr:0.05)
<_io.TextIOWrapper name='<stderr>' mode='w' encoding='utf-8'> node index is 561
train linear regression time:  0.05992749985307455
(average_diff:1.6653345369377348e-16, max_diff:1.6653345369377348e-16, training_epochs:500, lr:0.05)
<_io.TextIOWrapper name='<stderr>' mode='w' encoding='utf-8'> node index is 543
train linear regression time:  0.05782808410003781
(average_diff:5.273559366969494e-16, max_diff:5.551115123125783e-16, training_epochs:500, lr:0.05)
<_io.TextIOWrapper name='<stderr>' mode='w' encoding='utf-8'> node index is 535
train linear regression time:  0.06336462497711182
(average_diff:1.7533212613255836e-10, max_diff:2.931587195220686e-10, training_epochs:500, lr:0.05)
<_io.TextIOWrapper name='<stderr>' mode='w' encoding='utf-8'> node index is 529
train linear regression time:  0.05903041688725352
(average_diff:1.1102230246251565e-16, max_diff:1.1102230246251565e-16, training_epochs:500, lr:0.05)
<_io.TextIOWrapper name='<stderr>' mode='w' encoding='utf-8'> node index is 517
train linear regression time:  0.05632408335804939
(average_diff:7.216449660063518e-16, max_diff:7.771561172376096e-16, training_epochs:500, lr:0.05)
<_io.TextIOWrapper name='<stderr>' mode='w' encoding='utf-8'> node index is 509
train linear regression time:  0.05502629093825817
(average_diff:0.0, max_diff:0.0, training_epochs:500, lr:0.05)
<_io.TextIOWrapper name='<stderr>' mode='w' encoding='utf-8'> node index is 499
train linear regression time:  0.057778249960392714
(average_diff:4.231621395030712e-06, max_diff:6.733407509007527e-06, training_epochs:500, lr:0.05)
<_io.TextIOWrapper name='<stderr>' mode='w' encoding='utf-8'> node index is 491
train linear regression time:  0.060701041016727686
(average_diff:0.003185369265183799, max_diff:0.0056498836398502505, training_epochs:500, lr:0.05)
<_io.TextIOWrapper name='<stderr>' mode='w' encoding='utf-8'> node index is 385
train linear regression time:  0.05642404081299901
(average_diff:0.0008333209816306954, max_diff:0.0012526478581164624, training_epochs:500, lr:0.05)
<_io.TextIOWrapper name='<stderr>' mode='w' encoding='utf-8'> node index is 373
train linear regression time:  0.05474308365955949
(average_diff:0.0, max_diff:0.0, training_epochs:500, lr:0.05)
<_io.TextIOWrapper name='<stderr>' mode='w' encoding='utf-8'> node index is 359
train linear regression time:  0.05490041710436344
(average_diff:0.07072336569933431, max_diff:0.21266062113400114, training_epochs:500, lr:0.05)
<_io.TextIOWrapper name='<stderr>' mode='w' encoding='utf-8'> node index is 345
train linear regression time:  0.05325858294963837
(average_diff:0.09294521271983792, max_diff:0.18004401236256168, training_epochs:500, lr:0.05)
<_io.TextIOWrapper name='<stderr>' mode='w' encoding='utf-8'> node index is 321
train linear regression time:  0.05371329095214605
(average_diff:0.06455785307928208, max_diff:0.10377049394247423, training_epochs:500, lr:0.05)
<_io.TextIOWrapper name='<stderr>' mode='w' encoding='utf-8'> node index is 295
train linear regression time:  0.05442812480032444
(average_diff:0.16646668234064227, max_diff:0.31025038185384946, training_epochs:500, lr:0.05)
<_io.TextIOWrapper name='<stderr>' mode='w' encoding='utf-8'> node index is 279
train linear regression time:  0.054776167031377554
(average_diff:1.5265566588595902e-15, max_diff:2.275957200481571e-15, training_epochs:500, lr:0.05)
<_io.TextIOWrapper name='<stderr>' mode='w' encoding='utf-8'> node index is 263
train linear regression time:  0.05596391577273607
(average_diff:0.021695312582922913, max_diff:0.05117213488046102, training_epochs:500, lr:0.05)
<_io.TextIOWrapper name='<stderr>' mode='w' encoding='utf-8'> node index is 249
train linear regression time:  0.05582312494516373
(average_diff:0.04266226123485389, max_diff:0.09072176408684679, training_epochs:500, lr:0.05)
<_io.TextIOWrapper name='<stderr>' mode='w' encoding='utf-8'> node index is 237
train linear regression time:  0.059749708976596594
(average_diff:0.019839419466674755, max_diff:0.04893784717244207, training_epochs:500, lr:0.05)
<_io.TextIOWrapper name='<stderr>' mode='w' encoding='utf-8'> node index is 265
train linear regression time:  0.05849995790049434
(average_diff:8.326672684688674e-17, max_diff:1.1102230246251565e-16, training_epochs:500, lr:0.05)
<_io.TextIOWrapper name='<stderr>' mode='w' encoding='utf-8'> node index is 251
train linear regression time:  0.06207966664806008
(average_diff:0.08874158256065127, max_diff:0.3573433537028095, training_epochs:500, lr:0.05)
<_io.TextIOWrapper name='<stderr>' mode='w' encoding='utf-8'> node index is 239
train linear regression time:  0.0600454593077302
(average_diff:0.06884635929951553, max_diff:0.16767593306366602, training_epochs:500, lr:0.05)
<_io.TextIOWrapper name='<stderr>' mode='w' encoding='utf-8'> node index is 223
train linear regression time:  0.05619045905768871
(average_diff:0.013517295179377867, max_diff:0.027726379826406078, training_epochs:500, lr:0.05)
<_io.TextIOWrapper name='<stderr>' mode='w' encoding='utf-8'> node index is 209
train linear regression time:  0.05497691687196493
(average_diff:0.0894530041421226, max_diff:0.1655160580552017, training_epochs:500, lr:0.05)
<_io.TextIOWrapper name='<stderr>' mode='w' encoding='utf-8'> node index is 199
train linear regression time:  0.062027333304286
(average_diff:0.10436543070411472, max_diff:0.4013463995001924, training_epochs:500, lr:0.05)
<_io.TextIOWrapper name='<stderr>' mode='w' encoding='utf-8'> node index is 191
train linear regression time:  0.05571774998679757
(average_diff:0.05550640032098615, max_diff:0.12399382714202553, training_epochs:500, lr:0.05)
<_io.TextIOWrapper name='<stderr>' mode='w' encoding='utf-8'> node index is 183
train linear regression time:  0.05409637512639165
(average_diff:0.11250301814990668, max_diff:0.21676590686151975, training_epochs:500, lr:0.05)
<_io.TextIOWrapper name='<stderr>' mode='w' encoding='utf-8'> node index is 175
train linear regression time:  0.05322299990803003
(average_diff:0.0911920347732306, max_diff:0.2428437255598495, training_epochs:500, lr:0.05)
<_io.TextIOWrapper name='<stderr>' mode='w' encoding='utf-8'> node index is 167
train linear regression time:  0.05318312533199787
(average_diff:0.056105388583320155, max_diff:0.11887875129912995, training_epochs:500, lr:0.05)
<_io.TextIOWrapper name='<stderr>' mode='w' encoding='utf-8'> node index is 157
train linear regression time:  0.05289225000888109
(average_diff:0.0, max_diff:0.0, training_epochs:500, lr:0.05)
<_io.TextIOWrapper name='<stderr>' mode='w' encoding='utf-8'> node index is 323
train linear regression time:  0.05283487495034933
(average_diff:1.1102230246251565e-16, max_diff:1.1102230246251565e-16, training_epochs:500, lr:0.05)
<_io.TextIOWrapper name='<stderr>' mode='w' encoding='utf-8'> node index is 309
train linear regression time:  0.05295437481254339
(average_diff:0.08314872376396049, max_diff:0.17114197178238666, training_epochs:500, lr:0.05)
<_io.TextIOWrapper name='<stderr>' mode='w' encoding='utf-8'> node index is 297
train linear regression time:  0.05997154209762812
(average_diff:0.15350164357704926, max_diff:0.2952500171654521, training_epochs:500, lr:0.05)
<_io.TextIOWrapper name='<stderr>' mode='w' encoding='utf-8'> node index is 283
train linear regression time:  0.058620082680135965
(average_diff:0.0747675955150273, max_diff:0.21174345297672031, training_epochs:500, lr:0.05)
<_io.TextIOWrapper name='<stderr>' mode='w' encoding='utf-8'> node index is 267
train linear regression time:  0.058540542144328356
(average_diff:0.1633724367332357, max_diff:0.6085157398144881, training_epochs:500, lr:0.05)
<_io.TextIOWrapper name='<stderr>' mode='w' encoding='utf-8'> node index is 225
train linear regression time:  0.06307741673663259
(average_diff:0.22335965667498806, max_diff:0.41762993534137594, training_epochs:500, lr:0.05)
<_io.TextIOWrapper name='<stderr>' mode='w' encoding='utf-8'> node index is 211
train linear regression time:  0.06260320916771889
(average_diff:0.12913174789838985, max_diff:0.31919483894504014, training_epochs:500, lr:0.05)
<_io.TextIOWrapper name='<stderr>' mode='w' encoding='utf-8'> node index is 185
train linear regression time:  0.05934783397242427
(average_diff:0.12004829237403684, max_diff:0.4740996387855144, training_epochs:500, lr:0.05)
<_io.TextIOWrapper name='<stderr>' mode='w' encoding='utf-8'> node index is 177
train linear regression time:  0.059288292191922665
(average_diff:0.17419020819526262, max_diff:0.5067336651812779, training_epochs:500, lr:0.05)
<_io.TextIOWrapper name='<stderr>' mode='w' encoding='utf-8'> node index is 169
train linear regression time:  0.05790841719135642
(average_diff:0.008843063323240707, max_diff:0.016649505865964198, training_epochs:500, lr:0.05)
<_io.TextIOWrapper name='<stderr>' mode='w' encoding='utf-8'> node index is 159
train linear regression time:  0.05920212483033538
(average_diff:0.09700187612576311, max_diff:0.2257989820059283, training_epochs:500, lr:0.05)
<_io.TextIOWrapper name='<stderr>' mode='w' encoding='utf-8'> node index is 151
train linear regression time:  0.05836737481877208
(average_diff:0.0394437884301695, max_diff:0.09531719672950784, training_epochs:500, lr:0.05)
<_io.TextIOWrapper name='<stderr>' mode='w' encoding='utf-8'> node index is 135
train linear regression time:  0.057403667364269495
(average_diff:0.0519831064882688, max_diff:0.0993945292901835, training_epochs:500, lr:0.05)
<_io.TextIOWrapper name='<stderr>' mode='w' encoding='utf-8'> node index is 129
train linear regression time:  0.058007083367556334
(average_diff:0.035237353529566945, max_diff:0.13094495237864467, training_epochs:500, lr:0.05)
<_io.TextIOWrapper name='<stderr>' mode='w' encoding='utf-8'> node index is 119
train linear regression time:  0.061601375229656696
(average_diff:0.03836085109336478, max_diff:0.10890041608285322, training_epochs:500, lr:0.05)
<_io.TextIOWrapper name='<stderr>' mode='w' encoding='utf-8'> node index is 109
train linear regression time:  0.05631162505596876
(average_diff:0.04018434527035398, max_diff:0.18592995880104307, training_epochs:500, lr:0.05)
<_io.TextIOWrapper name='<stderr>' mode='w' encoding='utf-8'> node index is 99
train linear regression time:  0.06024524988606572
(average_diff:2.7755575615628914e-17, max_diff:2.7755575615628914e-17, training_epochs:500, lr:0.05)
<_io.TextIOWrapper name='<stderr>' mode='w' encoding='utf-8'> node index is 447
train linear regression time:  0.05974308308213949
(average_diff:0.02001874458695131, max_diff:0.041208665734957184, training_epochs:500, lr:0.05)
<_io.TextIOWrapper name='<stderr>' mode='w' encoding='utf-8'> node index is 441
train linear regression time:  0.05461291689425707
(average_diff:0.012812609896058008, max_diff:0.030138091188534805, training_epochs:500, lr:0.05)
<_io.TextIOWrapper name='<stderr>' mode='w' encoding='utf-8'> node index is 435
train linear regression time:  0.0532536250539124
(average_diff:5.551115123125783e-17, max_diff:5.551115123125783e-17, training_epochs:500, lr:0.05)
<_io.TextIOWrapper name='<stderr>' mode='w' encoding='utf-8'> node index is 429
train linear regression time:  0.053616167046129704
(average_diff:2.627527824946204e-15, max_diff:3.83026943495679e-15, training_epochs:500, lr:0.05)
<_io.TextIOWrapper name='<stderr>' mode='w' encoding='utf-8'> node index is 421
train linear regression time:  0.053238834254443645
(average_diff:0.006066409697496392, max_diff:0.1661641179420908, training_epochs:500, lr:0.05)
<_io.TextIOWrapper name='<stderr>' mode='w' encoding='utf-8'> node index is 69
train linear regression time:  0.06088183308020234
(average_diff:0.07015014161448097, max_diff:0.2485368370248762, training_epochs:500, lr:0.05)
<_io.TextIOWrapper name='<stderr>' mode='w' encoding='utf-8'> node index is 61
train linear regression time:  0.05444041732698679
(average_diff:0.08944539005407717, max_diff:0.462008583258097, training_epochs:500, lr:0.05)
<_io.TextIOWrapper name='<stderr>' mode='w' encoding='utf-8'> node index is 53
train linear regression time:  0.05478966701775789
(average_diff:0.020705216187996738, max_diff:0.03691023277612476, training_epochs:500, lr:0.05)
<_io.TextIOWrapper name='<stderr>' mode='w' encoding='utf-8'> node index is 401
train linear regression time:  0.054265415761619806
(average_diff:1.0595302644041589e-07, max_diff:1.6303883380863748e-07, training_epochs:500, lr:0.05)
<_io.TextIOWrapper name='<stderr>' mode='w' encoding='utf-8'> node index is 387
train linear regression time:  0.054670417215675116
(average_diff:0.007895068965398233, max_diff:0.01714715983698628, training_epochs:500, lr:0.05)
<_io.TextIOWrapper name='<stderr>' mode='w' encoding='utf-8'> node index is 375
train linear regression time:  0.0540158748626709
(average_diff:1.8318641659131885e-08, max_diff:3.156247141422597e-08, training_epochs:500, lr:0.05)
<_io.TextIOWrapper name='<stderr>' mode='w' encoding='utf-8'> node index is 361
train linear regression time:  0.05411770800128579
(average_diff:0.03162689836435921, max_diff:0.0667404312025271, training_epochs:500, lr:0.05)
<_io.TextIOWrapper name='<stderr>' mode='w' encoding='utf-8'> node index is 347
train linear regression time:  0.058801207691431046
(average_diff:0.17842722815416778, max_diff:0.2962278218185935, training_epochs:500, lr:0.05)
<_io.TextIOWrapper name='<stderr>' mode='w' encoding='utf-8'> node index is 311
train linear regression time:  0.05875566694885492
(average_diff:0.060352022164075536, max_diff:0.14272708394058803, training_epochs:500, lr:0.05)
<_io.TextIOWrapper name='<stderr>' mode='w' encoding='utf-8'> node index is 299
train linear regression time:  0.060944042168557644
(average_diff:0.11880732847302843, max_diff:0.37486031407155906, training_epochs:500, lr:0.05)
<_io.TextIOWrapper name='<stderr>' mode='w' encoding='utf-8'> node index is 285
train linear regression time:  0.059882333036512136
(average_diff:0.013893998499042246, max_diff:0.02805879994447208, training_epochs:500, lr:0.05)
<_io.TextIOWrapper name='<stderr>' mode='w' encoding='utf-8'> node index is 269
train linear regression time:  0.059913041070103645
(average_diff:1.919109315906553e-11, max_diff:1.984157282919341e-11, training_epochs:500, lr:0.05)
<_io.TextIOWrapper name='<stderr>' mode='w' encoding='utf-8'> node index is 415
train linear regression time:  0.06030625011771917
(average_diff:0.0003426555677131099, max_diff:0.0004974916392336548, training_epochs:500, lr:0.05)
<_io.TextIOWrapper name='<stderr>' mode='w' encoding='utf-8'> node index is 411
train linear regression time:  0.061082708183676004
(average_diff:2.3592239273284576e-16, max_diff:2.7755575615628914e-16, training_epochs:500, lr:0.05)
<_io.TextIOWrapper name='<stderr>' mode='w' encoding='utf-8'> node index is 403
train linear regression time:  0.05434779170900583
(average_diff:0.05819229083885663, max_diff:0.10728764543561523, training_epochs:500, lr:0.05)
<_io.TextIOWrapper name='<stderr>' mode='w' encoding='utf-8'> node index is 389
train linear regression time:  0.053327458910644054
(average_diff:0.02523086918956751, max_diff:0.0721774584304356, training_epochs:500, lr:0.05)
<_io.TextIOWrapper name='<stderr>' mode='w' encoding='utf-8'> node index is 377
train linear regression time:  0.05612166691571474
(average_diff:0.0003931504764121185, max_diff:0.0008460958739991975, training_epochs:500, lr:0.05)
<_io.TextIOWrapper name='<stderr>' mode='w' encoding='utf-8'> node index is 363
train linear regression time:  0.05667537497356534
(average_diff:0.06853691439537174, max_diff:0.10288770937642983, training_epochs:500, lr:0.05)
<_io.TextIOWrapper name='<stderr>' mode='w' encoding='utf-8'> node index is 349
train linear regression time:  0.05816600006073713
(average_diff:0.04460836042258739, max_diff:0.08669270217681765, training_epochs:500, lr:0.05)
<_io.TextIOWrapper name='<stderr>' mode='w' encoding='utf-8'> node index is 335
train linear regression time:  0.058913083747029305
(average_diff:0.00390062754096659, max_diff:0.006446164922306513, training_epochs:500, lr:0.05)
<_io.TextIOWrapper name='<stderr>' mode='w' encoding='utf-8'> node index is 325
train linear regression time:  0.05937045766040683
(average_diff:0.08956679069498409, max_diff:0.18884391592469763, training_epochs:500, lr:0.05)
<_io.TextIOWrapper name='<stderr>' mode='w' encoding='utf-8'> node index is 313
train linear regression time:  0.05721474997699261
(average_diff:0.0, max_diff:0.0, training_epochs:500, lr:0.05)
<_io.TextIOWrapper name='<stderr>' mode='w' encoding='utf-8'> node index is 443
train linear regression time:  0.058668417390435934
(average_diff:0.10113360833065978, max_diff:0.22072643672090292, training_epochs:500, lr:0.05)
<_io.TextIOWrapper name='<stderr>' mode='w' encoding='utf-8'> node index is 431
train linear regression time:  0.05526300007477403
(average_diff:5.551115123125783e-17, max_diff:5.551115123125783e-17, training_epochs:500, lr:0.05)
<_io.TextIOWrapper name='<stderr>' mode='w' encoding='utf-8'> node index is 425
train linear regression time:  0.055877875071018934
(average_diff:1.6143205642619545e-08, max_diff:2.3649857794350027e-08, training_epochs:500, lr:0.05)
<_io.TextIOWrapper name='<stderr>' mode='w' encoding='utf-8'> node index is 419
train linear regression time:  0.05816700030118227
(average_diff:5.133721225902832e-11, max_diff:7.702921633878645e-11, training_epochs:500, lr:0.05)
<_io.TextIOWrapper name='<stderr>' mode='w' encoding='utf-8'> node index is 413
train linear regression time:  0.05440395884215832
(average_diff:0.0042682301277874035, max_diff:0.008331647058266722, training_epochs:500, lr:0.05)
<_io.TextIOWrapper name='<stderr>' mode='w' encoding='utf-8'> node index is 405
train linear regression time:  0.05637375032529235
(average_diff:1.1102230246251565e-16, max_diff:1.1102230246251565e-16, training_epochs:500, lr:0.05)
<_io.TextIOWrapper name='<stderr>' mode='w' encoding='utf-8'> node index is 391
train linear regression time:  0.060190082993358374
(average_diff:2.220446049250313e-16, max_diff:2.220446049250313e-16, training_epochs:500, lr:0.05)
<_io.TextIOWrapper name='<stderr>' mode='w' encoding='utf-8'> node index is 379
train linear regression time:  0.05441304109990597
(average_diff:0.040545984041842266, max_diff:0.13164876628546918, training_epochs:500, lr:0.05)
<_io.TextIOWrapper name='<stderr>' mode='w' encoding='utf-8'> node index is 365
train linear regression time:  0.05563345784321427
(average_diff:0.034923866330250415, max_diff:0.0517606099954489, training_epochs:500, lr:0.05)
<_io.TextIOWrapper name='<stderr>' mode='w' encoding='utf-8'> node index is 351
train linear regression time:  0.05546904122456908
(average_diff:2.914335439641036e-16, max_diff:3.0531133177191805e-16, training_epochs:500, lr:0.05)
<_io.TextIOWrapper name='<stderr>' mode='w' encoding='utf-8'> node index is 337
train linear regression time:  0.055219458881765604
(average_diff:0.12421546864230482, max_diff:0.5417589296748515, training_epochs:500, lr:0.05)
<_io.TextIOWrapper name='<stderr>' mode='w' encoding='utf-8'> node index is 393
train linear regression time:  0.056566708255559206
(average_diff:1.6653345369377348e-16, max_diff:2.220446049250313e-16, training_epochs:500, lr:0.05)
<_io.TextIOWrapper name='<stderr>' mode='w' encoding='utf-8'> node index is 301
train linear regression time:  0.05621212488040328
(average_diff:0.10054304655567385, max_diff:0.20862302372242691, training_epochs:500, lr:0.05)
<_io.TextIOWrapper name='<stderr>' mode='w' encoding='utf-8'> node index is 271
train linear regression time:  0.05561520904302597
(average_diff:0.07460507199766747, max_diff:0.1848228145493373, training_epochs:500, lr:0.05)
<_io.TextIOWrapper name='<stderr>' mode='w' encoding='utf-8'> node index is 253
train linear regression time:  0.05371908284723759
(average_diff:0.20162618766591578, max_diff:0.43779913356877487, training_epochs:500, lr:0.05)
<_io.TextIOWrapper name='<stderr>' mode='w' encoding='utf-8'> node index is 227
train linear regression time:  0.05422645900398493
(average_diff:0.1637399174069865, max_diff:0.3458414659822865, training_epochs:500, lr:0.05)
<_io.TextIOWrapper name='<stderr>' mode='w' encoding='utf-8'> node index is 213
train linear regression time:  0.05448316689580679
(average_diff:0.0591520704673149, max_diff:0.13700507454612795, training_epochs:500, lr:0.05)
<_io.TextIOWrapper name='<stderr>' mode='w' encoding='utf-8'> node index is 201
train linear regression time:  0.05564991571009159
(average_diff:5.551115123125783e-17, max_diff:5.551115123125783e-17, training_epochs:500, lr:0.05)
<_io.TextIOWrapper name='<stderr>' mode='w' encoding='utf-8'> node index is 193
train linear regression time:  0.05535412486642599
(average_diff:0.017730110982838665, max_diff:0.059581764953810346, training_epochs:500, lr:0.05)
<_io.TextIOWrapper name='<stderr>' mode='w' encoding='utf-8'> node index is 187
train linear regression time:  0.05847066594287753
(average_diff:0.04377991646536008, max_diff:0.13993066432947798, training_epochs:500, lr:0.05)
<_io.TextIOWrapper name='<stderr>' mode='w' encoding='utf-8'> node index is 179
train linear regression time:  0.054199207574129105
(average_diff:5.551115123125783e-17, max_diff:5.551115123125783e-17, training_epochs:500, lr:0.05)
<_io.TextIOWrapper name='<stderr>' mode='w' encoding='utf-8'> node index is 171
train linear regression time:  0.056114541832357645
(average_diff:0.1113161677588693, max_diff:0.2945402305285489, training_epochs:500, lr:0.05)
<_io.TextIOWrapper name='<stderr>' mode='w' encoding='utf-8'> node index is 161
train linear regression time:  0.05415179207921028
(average_diff:1.0177044392397268e-15, max_diff:1.4988010832439613e-15, training_epochs:500, lr:0.05)
<_io.TextIOWrapper name='<stderr>' mode='w' encoding='utf-8'> node index is 367
train linear regression time:  0.05605287477374077
(average_diff:0.0, max_diff:0.0, training_epochs:500, lr:0.05)
<_io.TextIOWrapper name='<stderr>' mode='w' encoding='utf-8'> node index is 353
train linear regression time:  0.05736237484961748
(average_diff:2.220446049250313e-16, max_diff:2.220446049250313e-16, training_epochs:500, lr:0.05)
<_io.TextIOWrapper name='<stderr>' mode='w' encoding='utf-8'> node index is 339
train linear regression time:  0.05641191732138395
(average_diff:0.026140338972160303, max_diff:0.07925509155221688, training_epochs:500, lr:0.05)
<_io.TextIOWrapper name='<stderr>' mode='w' encoding='utf-8'> node index is 327
train linear regression time:  0.06092429161071777
(average_diff:0.02857600879685312, max_diff:0.11801204665422937, training_epochs:500, lr:0.05)
<_io.TextIOWrapper name='<stderr>' mode='w' encoding='utf-8'> node index is 315
train linear regression time:  0.06023887498304248
(average_diff:0.00010124091087235221, max_diff:0.00021287050546558994, training_epochs:500, lr:0.05)
<_io.TextIOWrapper name='<stderr>' mode='w' encoding='utf-8'> node index is 303
train linear regression time:  0.05894416617229581
(average_diff:0.03930543373612041, max_diff:0.08325303974935994, training_epochs:500, lr:0.05)
<_io.TextIOWrapper name='<stderr>' mode='w' encoding='utf-8'> node index is 287
train linear regression time:  0.06164187518879771
(average_diff:0.053975297340934446, max_diff:0.12258931576106114, training_epochs:500, lr:0.05)
<_io.TextIOWrapper name='<stderr>' mode='w' encoding='utf-8'> node index is 273
train linear regression time:  0.06109250010922551
(average_diff:0.09509931545739095, max_diff:0.5158142541216528, training_epochs:500, lr:0.05)
<_io.TextIOWrapper name='<stderr>' mode='w' encoding='utf-8'> node index is 255
train linear regression time:  0.05793358338996768
(average_diff:9.44192037437841e-05, max_diff:0.00019543035776203865, training_epochs:500, lr:0.05)
<_io.TextIOWrapper name='<stderr>' mode='w' encoding='utf-8'> node index is 241
train linear regression time:  0.05608837492763996
(average_diff:0.18657302460696593, max_diff:0.4593915099226154, training_epochs:500, lr:0.05)
<_io.TextIOWrapper name='<stderr>' mode='w' encoding='utf-8'> node index is 229
train linear regression time:  0.0565605410374701
(average_diff:0.12008744118492465, max_diff:0.37880085382745565, training_epochs:500, lr:0.05)
<_io.TextIOWrapper name='<stderr>' mode='w' encoding='utf-8'> node index is 215
train linear regression time:  0.05657437490299344
(average_diff:0.042574589669722614, max_diff:0.0976409883721382, training_epochs:500, lr:0.05)
<_io.TextIOWrapper name='<stderr>' mode='w' encoding='utf-8'> node index is 203
train linear regression time:  0.05992383323609829
(average_diff:0.015540479423313025, max_diff:0.0349759602842592, training_epochs:500, lr:0.05)
<_io.TextIOWrapper name='<stderr>' mode='w' encoding='utf-8'> node index is 195
train linear regression time:  0.05695229163393378
(average_diff:0.15348620936837087, max_diff:0.34267914836959246, training_epochs:500, lr:0.05)
<_io.TextIOWrapper name='<stderr>' mode='w' encoding='utf-8'> node index is 7
train linear regression time:  0.054312665946781635
(average_diff:0.13766128571826908, max_diff:0.4302784580447829, training_epochs:500, lr:0.05)
<_io.TextIOWrapper name='<stderr>' mode='w' encoding='utf-8'> node index is 5
train linear regression time:  0.05459029134362936
testFringe time:  14.189114124979824
<_io.TextIOWrapper name='<stderr>' mode='w' encoding='utf-8'> =============== update finished ===============

*** Writing Game File 91***

<_io.TextIOWrapper name='../print_tree_record_numpy/print_DR_boost_linear_tree_split.txt' mode='w' encoding='UTF-8'> idx1(Q:0.3999, distinct_name:0, dictinctin_value:2.569683891588169, par:None)
	idx4(Q:0.4005, distinct_name:0, dictinctin_value:2.507749956207568, par:1)
		idx6(Q:0.4005, distinct_name:0, dictinctin_value:-0.050698982385153205, par:4)
			idx8(Q:0.4592, distinct_name:0, dictinctin_value:-0.5002368440471089, par:6)
				idx10(Q:0.5065, distinct_name:3, dictinctin_value:0.7373220788164561, par:8)
					idx12(Q:0.4813, distinct_name:1, dictinctin_value:0.8498558206992594, par:10)
						idx18(Q:0.4307, distinct_name:2, dictinctin_value:0.8559921607301466, par:12)
							idx24(Q:0.4244, distinct_name:0, dictinctin_value:-0.5901212893723445, par:18)
								idx30(Q:0.4319, distinct_name:2, dictinctin_value:0.5095422779981766, par:24)
									idx38(Q:0.4508, distinct_name:2, dictinctin_value:0.24909091887867726, par:30)
										idx44(Q:0.4803, distinct_name:2, dictinctin_value:-0.06052347242753761, par:38)
											idx54(Q:0.5264, distinct_name:2, dictinctin_value:-0.16873413911779458, par:44)
												idx62(Q:0.5511, distinct_name:2, dictinctin_value:-0.3117760123070312, par:54)
													idx70(Q:0.5939, distinct_name:2, dictinctin_value:-0.36929151673896154, par:62)
														idx76(Q:0.6210, distinct_name:2, dictinctin_value:-0.4513587540231024, par:70)
															idx82(Q:0.6558, distinct_name:2, dictinctin_value:-0.49926091712096626, par:76)
																idx90(Q:0.6725, distinct_name:2, dictinctin_value:-0.5261921216626007, par:82)
																	idx100(Q:0.6840, distinct_name:2, dictinctin_value:-0.5682634996789567, par:90)
																		idx110(Q:0.7005, distinct_name:2, dictinctin_value:-0.576514535000767, par:100)
																			idx120(Q:0.7043, par:110)
																			idx121(Q:0.3963, par:110)
																		idx111(Q:0.3635, par:100)
																	idx101(Q:0.3596, par:90)
																idx91(Q:0.3302, par:82)
															idx83(Q:0.3004, par:76)
														idx77(Q:0.2726, par:70)
													idx71(Q:0.2710, par:62)
												idx63(Q:0.2211, par:54)
											idx55(Q:0.2433, distinct_name:0, dictinctin_value:-0.6476910175840919, par:44)
												idx464(Q:0.2466, distinct_name:3, dictinctin_value:0.6680194197252473, par:55)
													idx468(Q:0.2434, distinct_name:0, dictinctin_value:-0.6858015235311999, par:464)
														idx474(Q:0.2440, distinct_name:2, dictinctin_value:0.24031958562965672, par:468)
															idx480(Q:0.2425, distinct_name:2, dictinctin_value:0.22712878489931437, par:474)
																idx484(Q:0.2441, distinct_name:0, dictinctin_value:-0.6984661740702743, par:480)
																	idx492(Q:0.2423, distinct_name:2, dictinctin_value:0.2205862992769331, par:484)
																		idx500(Q:0.2420, distinct_name:1, dictinctin_value:0.7515347460969897, par:492)
																			idx518(Q:0.2413, par:500)
																			idx519(Q:0.2625, par:500)
																		idx501(Q:0.2751, par:492)
																	idx493(Q:0.3077, par:484)
																idx485(Q:0.1301, par:480)
															idx481(Q:0.2797, par:474)
														idx475(Q:0.1567, par:468)
													idx469(Q:0.3624, par:464)
												idx465(Q:0.1184, par:55)
										idx45(Q:0.2489, distinct_name:0, dictinctin_value:-0.6043607795061433, par:38)
											idx510(Q:0.2511, distinct_name:1, dictinctin_value:0.8144916165556727, par:45)
												idx520(Q:0.2448, distinct_name:1, dictinctin_value:0.7699133155688844, par:510)
													idx530(Q:0.2416, distinct_name:2, dictinctin_value:0.5073691095938268, par:520)
														idx536(Q:0.2412, distinct_name:0, dictinctin_value:-0.6190066933050004, par:530)
															idx548(Q:0.2401, distinct_name:0, dictinctin_value:-0.6463225202144014, par:536)
																idx570(Q:0.2392, distinct_name:0, dictinctin_value:-0.6564390430626009, par:548)
																	idx580(Q:0.2411, distinct_name:3, dictinctin_value:0.6572555751708343, par:570)
																		idx586(Q:0.2404, distinct_name:3, dictinctin_value:0.6217208412298194, par:580)
																			idx590(Q:0.2386, par:586)
																			idx591(Q:0.3104, par:586)
																		idx587(Q:0.2818, par:580)
																	idx581(Q:0.1275, par:570)
																idx571(Q:0.2672, par:548)
															idx549(Q:0.3743, par:536)
														idx537(Q:0.2606, par:530)
													idx531(Q:0.3479, par:520)
												idx521(Q:0.5313, par:510)
											idx511(Q:0.1507, par:45)
									idx39(Q:0.3174, distinct_name:1, dictinctin_value:0.8040063207197937, par:30)
										idx426(Q:0.3146, distinct_name:2, dictinctin_value:0.8419373683110459, par:39)
											idx432(Q:0.3168, distinct_name:0, dictinctin_value:-0.6009391153368029, par:426)
												idx444(Q:0.3186, distinct_name:0, dictinctin_value:-0.6041087413020046, par:432)
													idx448(Q:0.3184, distinct_name:0, dictinctin_value:-0.6100701052011255, par:444)
														idx456(Q:0.3189, distinct_name:0, dictinctin_value:-0.6407957166920598, par:448)
															idx460(Q:0.3234, distinct_name:0, dictinctin_value:-0.6555246386975058, par:456)
																idx466(Q:0.3255, distinct_name:0, dictinctin_value:-0.6720161756487143, par:460)
																	idx470(Q:0.3288, distinct_name:0, dictinctin_value:-0.6781083126032775, par:466)
																		idx472(Q:0.3289, distinct_name:0, dictinctin_value:-0.7020609777266955, par:470)
																			idx476(Q:0.3314, par:472)
																			idx477(Q:0.2334, par:472)
																		idx473(Q:0.3250, par:470)
																	idx471(Q:0.0686, par:466)
																idx467(Q:0.1550, par:460)
															idx461(Q:0.1355, par:456)
														idx457(Q:0.3007, par:448)
													idx449(Q:0.3527, par:444)
												idx445(Q:0.1599, par:432)
											idx433(Q:0.2225, par:426)
										idx427(Q:0.4793, par:39)
								idx31(Q:0.3536, distinct_name:0, dictinctin_value:-0.5002719881995846, par:24)
									idx544(Q:0.3539, distinct_name:1, dictinctin_value:0.7593054056611713, par:31)
										idx550(Q:0.3507, distinct_name:0, dictinctin_value:-0.5062520951871772, par:544)
											idx562(Q:0.3554, distinct_name:0, dictinctin_value:-0.5080035363270362, par:550)
												idx572(Q:0.3605, distinct_name:0, dictinctin_value:-0.5084639498879526, par:562)
													idx582(Q:0.3612, distinct_name:0, dictinctin_value:-0.5089199594147691, par:572)
														idx588(Q:0.3645, distinct_name:0, dictinctin_value:-0.5092872052358233, par:582)
															idx592(Q:0.3662, distinct_name:2, dictinctin_value:0.7693334693236122, par:588)
																idx594(Q:0.3717, distinct_name:2, dictinctin_value:0.7132889145486878, par:592)
																	idx596(Q:0.3769, distinct_name:0, dictinctin_value:-0.5099342225448047, par:594)
																		idx598(Q:0.3794, distinct_name:1, dictinctin_value:0.7481026625171042, par:596)
																			idx600(Q:0.3789, par:598)
																			idx601(Q:0.4108, par:598)
																		idx599(Q:0.2330, par:596)
																	idx597(Q:0.0754, par:594)
																idx595(Q:0.1530, par:592)
															idx593(Q:0.1559, par:588)
														idx589(Q:0.1598, par:582)
													idx583(Q:0.2789, par:572)
												idx573(Q:0.1450, par:562)
											idx563(Q:0.1519, par:550)
										idx551(Q:0.4899, par:544)
									idx545(Q:0.3129, par:31)
							idx25(Q:0.4579, distinct_name:0, dictinctin_value:-0.5389580903277561, par:18)
								idx216(Q:0.4606, distinct_name:0, dictinctin_value:-0.5573162410999996, par:25)
									idx230(Q:0.4619, distinct_name:0, dictinctin_value:-0.5917620279880862, par:216)
										idx242(Q:0.4739, distinct_name:1, dictinctin_value:0.8127647407611875, par:230)
											idx256(Q:0.4686, distinct_name:0, dictinctin_value:-0.6131626140571143, par:242)
												idx288(Q:0.4705, distinct_name:0, dictinctin_value:-0.7076582377440916, par:256)
													idx304(Q:0.4898, distinct_name:0, dictinctin_value:-0.717862250694298, par:288)
														idx316(Q:0.4929, distinct_name:0, dictinctin_value:-0.7734253050900186, par:304)
															idx328(Q:0.5051, distinct_name:0, dictinctin_value:-0.7970945326559435, par:316)
																idx340(Q:0.5066, distinct_name:3, dictinctin_value:0.6595389343928215, par:328)
																	idx354(Q:0.5017, distinct_name:3, dictinctin_value:0.6186331758365281, par:340)
																		idx368(Q:0.4966, distinct_name:3, dictinctin_value:0.5952455969358141, par:354)
																			idx380(Q:0.4950, par:368)
																			idx381(Q:0.5796, par:368)
																		idx369(Q:0.8791, par:354)
																	idx355(Q:0.7825, par:340)
																idx341(Q:0.4474, par:328)
															idx329(Q:0.3245, par:316)
														idx317(Q:0.3378, par:304)
													idx305(Q:0.3108, par:288)
												idx289(Q:0.1966, par:256)
											idx257(Q:0.7304, par:242)
										idx243(Q:0.2531, par:230)
									idx231(Q:0.3288, par:216)
								idx217(Q:0.3729, par:25)
						idx19(Q:0.6980, distinct_name:0, dictinctin_value:-0.5046072639210131, par:12)
							idx152(Q:0.6979, distinct_name:2, dictinctin_value:1.74305991171075, par:19)
								idx162(Q:0.6865, distinct_name:2, dictinctin_value:1.5651912903147052, par:152)
									idx172(Q:0.6771, distinct_name:2, dictinctin_value:1.0939968976733132, par:162)
										idx180(Q:0.6557, distinct_name:2, dictinctin_value:0.9064820637809338, par:172)
											idx188(Q:0.6445, distinct_name:2, dictinctin_value:0.8130327408821636, par:180)
												idx196(Q:0.6356, distinct_name:2, dictinctin_value:0.714578820015968, par:188)
													idx204(Q:0.6344, distinct_name:0, dictinctin_value:-0.5137296726081428, par:196)
														idx218(Q:0.6367, distinct_name:2, dictinctin_value:0.4860989258104936, par:204)
															idx232(Q:0.6339, distinct_name:1, dictinctin_value:2.2330900660097845, par:218)
																idx244(Q:0.6219, distinct_name:2, dictinctin_value:0.44559578649865966, par:232)
																	idx258(Q:0.6186, distinct_name:2, dictinctin_value:0.32419638005931734, par:244)
																		idx274(Q:0.6192, distinct_name:0, dictinctin_value:-0.5233031664270825, par:258)
																			idx290(Q:0.6197, par:274)
																			idx291(Q:0.5526, par:274)
																		idx275(Q:0.5985, par:258)
																	idx259(Q:0.7450, par:244)
																idx245(Q:0.9317, par:232)
															idx233(Q:0.6644, par:218)
														idx219(Q:0.4556, par:204)
													idx205(Q:0.6740, par:196)
												idx197(Q:0.8666, par:188)
											idx189(Q:0.8659, par:180)
										idx181(Q:0.9943, par:172)
									idx173(Q:1.0131, par:162)
								idx163(Q:1.0391, par:152)
							idx153(Q:0.7365, par:19)
					idx13(Q:0.5860, distinct_name:2, dictinctin_value:1.929601246827043, par:10)
						idx92(Q:0.5715, distinct_name:1, dictinctin_value:1.2557733390904973, par:13)
							idx102(Q:0.5382, distinct_name:2, dictinctin_value:1.4527612583425853, par:92)
								idx112(Q:0.5260, distinct_name:2, dictinctin_value:1.3531114404933846, par:102)
									idx122(Q:0.5237, distinct_name:2, dictinctin_value:1.0639310625609943, par:112)
										idx130(Q:0.5122, distinct_name:2, dictinctin_value:0.8759607452183222, par:122)
											idx136(Q:0.5045, distinct_name:2, dictinctin_value:0.6228991526328211, par:130)
												idx142(Q:0.5004, distinct_name:2, dictinctin_value:0.4885947458466264, par:136)
													idx146(Q:0.4914, distinct_name:1, dictinctin_value:1.1059975491047376, par:142)
														idx148(Q:0.4835, distinct_name:3, dictinctin_value:2.363964647313972, par:146)
															idx154(Q:0.4774, distinct_name:3, dictinctin_value:1.536573712246935, par:148)
																idx164(Q:0.4537, distinct_name:1, dictinctin_value:0.49075596239548774, par:154)
																	idx206(Q:0.4200, distinct_name:3, dictinctin_value:1.525286896575752, par:164)
																		idx220(Q:0.4195, distinct_name:2, dictinctin_value:0.38874536608000104, par:206)
																			idx234(Q:0.4219, par:220)
																			idx235(Q:0.3327, par:220)
																		idx221(Q:0.4555, par:206)
																	idx207(Q:0.6145, par:164)
																idx165(Q:0.5673, par:154)
															idx155(Q:0.6475, par:148)
														idx149(Q:0.7431, par:146)
													idx147(Q:0.5931, par:142)
												idx143(Q:0.5522, par:136)
											idx137(Q:0.6927, par:130)
										idx131(Q:0.7149, par:122)
									idx123(Q:0.6587, par:112)
								idx113(Q:0.7978, par:102)
							idx103(Q:0.9304, par:92)
						idx93(Q:1.0397, par:13)
				idx11(Q:0.3745, distinct_name:3, dictinctin_value:1.284568987543642, par:8)
					idx32(Q:0.3528, distinct_name:3, dictinctin_value:0.5763111575206541, par:11)
						idx40(Q:0.3358, distinct_name:2, dictinctin_value:1.4159847670297276, par:32)
							idx46(Q:0.3270, distinct_name:2, dictinctin_value:0.8764611652526798, par:40)
								idx56(Q:0.3331, distinct_name:2, dictinctin_value:0.6776552612944613, par:46)
									idx64(Q:0.3395, distinct_name:0, dictinctin_value:-0.10007893227380851, par:56)
										idx72(Q:0.3389, distinct_name:2, dictinctin_value:0.481251420222257, par:64)
											idx78(Q:0.3498, distinct_name:2, dictinctin_value:0.43236682950932387, par:72)
												idx84(Q:0.3565, distinct_name:2, dictinctin_value:0.2322739018313544, par:78)
													idx94(Q:0.3779, distinct_name:2, dictinctin_value:0.1692901075380102, par:84)
														idx104(Q:0.3862, distinct_name:2, dictinctin_value:0.044622068949871425, par:94)
															idx114(Q:0.4057, distinct_name:2, dictinctin_value:-0.04421252452423217, par:104)
																idx124(Q:0.4257, distinct_name:2, dictinctin_value:-0.12551407150931976, par:114)
																	idx132(Q:0.4418, distinct_name:2, dictinctin_value:-0.16179863391045127, par:124)
																		idx138(Q:0.4522, distinct_name:2, dictinctin_value:-0.1987692173924826, par:132)
																			idx144(Q:0.4691, par:138)
																			idx145(Q:0.1598, par:138)
																		idx139(Q:0.1698, par:132)
																	idx133(Q:0.1885, par:124)
																idx125(Q:0.1406, par:114)
															idx115(Q:0.1815, par:104)
														idx105(Q:0.2003, par:94)
													idx95(Q:0.1669, par:84)
												idx85(Q:0.1617, par:78)
											idx79(Q:0.2151, par:72)
										idx73(Q:0.3450, par:64)
									idx65(Q:0.2503, par:56)
								idx57(Q:0.2865, distinct_name:0, dictinctin_value:-0.07115888508263095, par:46)
									idx486(Q:0.2905, distinct_name:2, dictinctin_value:1.3997870335092657, par:57)
										idx494(Q:0.2906, distinct_name:0, dictinctin_value:-0.07160732513030894, par:486)
											idx504(Q:0.2876, distinct_name:0, dictinctin_value:-0.08350405569893737, par:494)
												idx512(Q:0.2890, distinct_name:1, dictinctin_value:1.8788415154351898, par:504)
													idx522(Q:0.2729, distinct_name:1, dictinctin_value:1.7168001155290575, par:512)
														idx538(Q:0.2665, distinct_name:0, dictinctin_value:-0.08454829370887558, par:522)
															idx552(Q:0.2643, distinct_name:3, dictinctin_value:0.4530042815419259, par:538)
																idx556(Q:0.2657, distinct_name:0, dictinctin_value:-0.08608502852647902, par:552)
																	idx564(Q:0.2669, distinct_name:0, dictinctin_value:-0.08644796937551802, par:556)
																		idx574(Q:0.2665, distinct_name:0, dictinctin_value:-0.08717123163966492, par:564)
																			idx584(Q:0.2679, par:574)
																			idx585(Q:0.1069, par:574)
																		idx575(Q:0.3124, par:564)
																	idx565(Q:0.1341, par:556)
																idx557(Q:0.2231, par:552)
															idx553(Q:0.5355, par:538)
														idx539(Q:0.6590, par:522)
													idx523(Q:0.9474, par:512)
												idx513(Q:0.1098, par:504)
											idx505(Q:0.6691, par:494)
										idx495(Q:0.2877, par:486)
									idx487(Q:0.1811, par:57)
							idx47(Q:0.4328, par:40)
						idx41(Q:0.4235, distinct_name:3, dictinctin_value:1.2541204520301295, par:32)
							idx246(Q:0.4171, distinct_name:0, dictinctin_value:-0.05401988313827026, par:41)
								idx260(Q:0.4175, distinct_name:2, dictinctin_value:2.0807886731763334, par:246)
									idx276(Q:0.4023, distinct_name:2, dictinctin_value:1.8994422532815647, par:260)
										idx292(Q:0.3969, distinct_name:1, dictinctin_value:1.2716943858922887, par:276)
											idx306(Q:0.3742, distinct_name:2, dictinctin_value:1.8085097405850585, par:292)
												idx318(Q:0.3657, distinct_name:0, dictinctin_value:-0.06832580226386262, par:306)
													idx330(Q:0.3603, distinct_name:1, dictinctin_value:1.0161843934440484, par:318)
														idx342(Q:0.3545, distinct_name:0, dictinctin_value:-0.11082738421514442, par:330)
															idx356(Q:0.3498, distinct_name:0, dictinctin_value:-0.1239714467724242, par:342)
																idx370(Q:0.3501, distinct_name:1, dictinctin_value:0.8661774768232812, par:356)
																	idx382(Q:0.3447, distinct_name:0, dictinctin_value:-0.13038566790821624, par:370)
																		idx396(Q:0.3448, distinct_name:1, dictinctin_value:0.7685182247259327, par:382)
																			idx406(Q:0.3384, par:396)
																			idx407(Q:0.5266, par:396)
																		idx397(Q:0.3395, par:382)
																	idx383(Q:0.4871, par:370)
																idx371(Q:0.3328, par:356)
															idx357(Q:0.4144, par:342)
														idx343(Q:0.4670, par:330)
													idx331(Q:0.5325, par:318)
												idx319(Q:0.8472, par:306)
											idx307(Q:0.6022, par:292)
										idx293(Q:0.8474, par:276)
									idx277(Q:0.8999, par:260)
								idx261(Q:0.3940, par:246)
							idx247(Q:0.6656, par:41)
					idx33(Q:0.5529, distinct_name:2, dictinctin_value:1.8206658800741853, par:11)
						idx436(Q:0.5398, distinct_name:0, dictinctin_value:-0.055487221535360155, par:33)
							idx438(Q:0.5372, distinct_name:0, dictinctin_value:-0.06661868934946451, par:436)
								idx450(Q:0.5399, distinct_name:2, dictinctin_value:1.6280055741424861, par:438)
									idx458(Q:0.5287, distinct_name:2, dictinctin_value:1.4609118350831285, par:450)
										idx462(Q:0.5199, distinct_name:0, dictinctin_value:-0.06716992247771125, par:458)
											idx478(Q:0.5213, distinct_name:0, dictinctin_value:-0.06950841565798693, par:462)
												idx482(Q:0.5203, distinct_name:0, dictinctin_value:-0.07617984110574617, par:478)
													idx488(Q:0.5227, distinct_name:0, dictinctin_value:-0.09812148969449835, par:482)
														idx496(Q:0.5247, distinct_name:0, dictinctin_value:-0.10012482464779363, par:488)
															idx502(Q:0.5275, distinct_name:2, dictinctin_value:1.4064514939244364, par:496)
																idx514(Q:0.5242, distinct_name:2, dictinctin_value:1.318805451770871, par:502)
																	idx524(Q:0.5163, distinct_name:0, dictinctin_value:-0.11118736531331526, par:514)
																		idx532(Q:0.5167, distinct_name:0, dictinctin_value:-0.12850307532465371, par:524)
																			idx540(Q:0.5211, par:532)
																			idx541(Q:0.3246, par:532)
																		idx533(Q:0.4972, par:524)
																	idx525(Q:0.7980, par:514)
																idx515(Q:0.7615, par:502)
															idx503(Q:0.1239, par:496)
														idx497(Q:0.4727, par:488)
													idx489(Q:0.1612, par:482)
												idx483(Q:0.6779, par:478)
											idx479(Q:0.3023, par:462)
										idx463(Q:0.8671, par:458)
									idx459(Q:0.9828, par:450)
								idx451(Q:0.3190, par:438)
							idx439(Q:0.9613, par:436)
						idx437(Q:0.9142, par:33)
			idx9(Q:0.3460, distinct_name:1, dictinctin_value:1.4532912275447858, par:6)
				idx14(Q:0.3249, distinct_name:0, dictinctin_value:0.6708677617788001, par:9)
					idx16(Q:0.3410, distinct_name:0, dictinctin_value:0.5219929201544601, par:14)
						idx20(Q:0.3419, distinct_name:0, dictinctin_value:0.38200451643824146, par:16)
							idx26(Q:0.3484, distinct_name:0, dictinctin_value:0.29175973898130836, par:20)
								idx34(Q:0.3486, distinct_name:3, dictinctin_value:1.2405945003824483, par:26)
									idx42(Q:0.3237, distinct_name:2, dictinctin_value:1.6139678071673451, par:34)
										idx48(Q:0.3178, distinct_name:1, dictinctin_value:1.0148453699076618, par:42)
											idx58(Q:0.3061, distinct_name:2, dictinctin_value:0.8422101128546527, par:48)
												idx66(Q:0.3149, distinct_name:2, dictinctin_value:0.5718071591898053, par:58)
													idx74(Q:0.3279, distinct_name:2, dictinctin_value:0.3335199702259944, par:66)
														idx80(Q:0.3519, distinct_name:2, dictinctin_value:0.2585267021680285, par:74)
															idx86(Q:0.3597, distinct_name:2, dictinctin_value:0.13295569297273957, par:80)
																idx96(Q:0.3765, distinct_name:2, dictinctin_value:0.0933394603867821, par:86)
																	idx106(Q:0.3849, distinct_name:2, dictinctin_value:0.047951172568074005, par:96)
																		idx116(Q:0.3929, distinct_name:2, dictinctin_value:-0.0025517231675584334, par:106)
																			idx126(Q:0.4003, par:116)
																			idx127(Q:0.1400, par:116)
																		idx117(Q:0.1509, par:106)
																	idx107(Q:0.1114, par:96)
																idx97(Q:0.1325, par:86)
															idx87(Q:0.1612, par:80)
														idx81(Q:0.1553, par:74)
													idx75(Q:0.2005, par:66)
												idx67(Q:0.2585, distinct_name:0, dictinctin_value:0.284001031471605, par:58)
													idx506(Q:0.2570, distinct_name:0, dictinctin_value:0.28239410324000885, par:67)
														idx526(Q:0.2551, distinct_name:1, dictinctin_value:0.83535054985968, par:506)
															idx546(Q:0.2331, distinct_name:2, dictinctin_value:1.5992728183505887, par:526)
																idx554(Q:0.2350, distinct_name:0, dictinctin_value:0.27983576931814547, par:546)
																	idx558(Q:0.2357, distinct_name:2, dictinctin_value:1.5459775970266707, par:554)
																		idx566(Q:0.2268, distinct_name:2, dictinctin_value:1.5137425616672946, par:558)
																			idx576(Q:0.2268, par:566)
																			idx577(Q:0.2291, par:566)
																		idx567(Q:0.4496, par:558)
																	idx559(Q:0.1898, par:554)
																idx555(Q:0.1136, par:546)
															idx547(Q:0.7287, par:526)
														idx527(Q:0.5128, par:506)
													idx507(Q:0.3576, par:67)
											idx59(Q:0.4294, par:48)
										idx49(Q:0.4242, par:42)
									idx43(Q:0.5339, distinct_name:3, dictinctin_value:2.7956706813891117, par:34)
										idx490(Q:0.5235, distinct_name:0, dictinctin_value:0.28758459307995216, par:43)
											idx498(Q:0.5185, distinct_name:2, dictinctin_value:1.7926081731949, par:490)
												idx508(Q:0.5116, distinct_name:0, dictinctin_value:0.2865220549225975, par:498)
													idx516(Q:0.5110, distinct_name:0, dictinctin_value:0.2785989659591723, par:508)
														idx528(Q:0.5181, distinct_name:3, dictinctin_value:2.7261255458914433, par:516)
															idx534(Q:0.5213, distinct_name:0, dictinctin_value:0.2763906794093015, par:528)
																idx542(Q:0.5231, distinct_name:0, dictinctin_value:0.2703031142425218, par:534)
																	idx560(Q:0.5217, distinct_name:3, dictinctin_value:2.563708411050972, par:542)
																		idx568(Q:0.5177, distinct_name:2, dictinctin_value:1.5803350412841866, par:560)
																			idx578(Q:0.5077, par:568)
																			idx579(Q:0.7504, par:568)
																		idx569(Q:0.7699, par:560)
																	idx561(Q:0.6884, par:542)
																idx543(Q:0.3073, par:534)
															idx535(Q:0.3125, par:528)
														idx529(Q:0.2106, par:516)
													idx517(Q:0.5832, par:508)
												idx509(Q:0.9712, par:498)
											idx499(Q:1.1979, par:490)
										idx491(Q:1.0038, par:43)
								idx35(Q:0.3480, distinct_name:1, dictinctin_value:1.344826515865718, par:26)
									idx236(Q:0.3461, distinct_name:3, dictinctin_value:1.6897348587436034, par:35)
										idx248(Q:0.3295, distinct_name:1, dictinctin_value:1.2341402111364463, par:236)
											idx262(Q:0.3298, distinct_name:3, dictinctin_value:1.3356049450605056, par:248)
												idx278(Q:0.3209, distinct_name:2, dictinctin_value:1.6241822054726756, par:262)
													idx294(Q:0.3122, distinct_name:0, dictinctin_value:0.3731119474318981, par:278)
														idx320(Q:0.3082, distinct_name:3, dictinctin_value:1.2759579982069145, par:294)
															idx344(Q:0.2986, distinct_name:0, dictinctin_value:0.37304242798500226, par:320)
																idx358(Q:0.2984, distinct_name:0, dictinctin_value:0.3707677109507447, par:344)
																	idx372(Q:0.3017, distinct_name:0, dictinctin_value:0.3697040787425107, par:358)
																		idx384(Q:0.3023, distinct_name:2, dictinctin_value:1.3789177574365135, par:372)
																			idx398(Q:0.3019, par:384)
																			idx399(Q:0.3408, par:384)
																		idx385(Q:0.2750, par:372)
																	idx373(Q:0.1232, par:358)
																idx359(Q:0.3297, par:344)
															idx345(Q:0.6603, par:320)
														idx321(Q:0.3682, par:294)
													idx295(Q:0.5111, par:278)
												idx279(Q:0.5343, par:262)
											idx263(Q:0.3069, par:248)
										idx249(Q:0.7456, par:236)
									idx237(Q:0.4358, par:35)
							idx27(Q:0.3187, distinct_name:2, dictinctin_value:1.5527241962490086, par:20)
								idx156(Q:0.3142, distinct_name:0, dictinctin_value:0.5137061072990365, par:27)
									idx166(Q:0.3198, distinct_name:0, dictinctin_value:0.5083060291160676, par:156)
										idx174(Q:0.3212, distinct_name:1, dictinctin_value:1.235555391656205, par:166)
											idx182(Q:0.3200, distinct_name:0, dictinctin_value:0.499318407708209, par:174)
												idx190(Q:0.3249, distinct_name:3, dictinctin_value:1.6437138459193195, par:182)
													idx198(Q:0.3165, distinct_name:0, dictinctin_value:0.4978828276393789, par:190)
														idx208(Q:0.3186, distinct_name:2, dictinctin_value:1.3588453420210258, par:198)
															idx222(Q:0.3152, distinct_name:2, dictinctin_value:0.9721483625475897, par:208)
																idx238(Q:0.3169, distinct_name:0, dictinctin_value:0.4972801494332726, par:222)
																	idx250(Q:0.3150, distinct_name:2, dictinctin_value:0.944961054171824, par:238)
																		idx264(Q:0.3183, distinct_name:2, dictinctin_value:0.872803430709856, par:250)
																			idx280(Q:0.3233, par:264)
																			idx281(Q:0.2116, par:264)
																		idx265(Q:0.1370, par:250)
																	idx251(Q:0.5718, par:238)
																idx239(Q:0.2951, par:222)
															idx223(Q:0.4173, par:208)
														idx209(Q:0.1910, par:198)
													idx199(Q:0.6506, par:190)
												idx191(Q:0.2488, par:182)
											idx183(Q:0.3519, par:174)
										idx175(Q:0.2904, par:166)
									idx167(Q:0.2346, par:156)
								idx157(Q:0.4373, par:27)
						idx21(Q:0.3374, distinct_name:1, dictinctin_value:1.3201670622027022, par:16)
							idx150(Q:0.3354, distinct_name:1, dictinctin_value:1.2234607090751204, par:21)
								idx158(Q:0.3364, distinct_name:1, dictinctin_value:1.0226433736171432, par:150)
									idx168(Q:0.3307, distinct_name:0, dictinctin_value:0.6649352976939671, par:158)
										idx176(Q:0.3297, distinct_name:2, dictinctin_value:1.8028367177150562, par:168)
											idx184(Q:0.3271, distinct_name:3, dictinctin_value:1.321083281680176, par:176)
												idx210(Q:0.3086, distinct_name:1, dictinctin_value:0.7493197611500411, par:184)
													idx224(Q:0.3007, distinct_name:2, dictinctin_value:1.1954012588052898, par:210)
														idx266(Q:0.3002, distinct_name:1, dictinctin_value:0.6035401367847275, par:224)
															idx282(Q:0.2999, distinct_name:1, dictinctin_value:0.5166827335099701, par:266)
																idx296(Q:0.3054, distinct_name:0, dictinctin_value:0.663963378246939, par:282)
																	idx308(Q:0.3036, distinct_name:0, dictinctin_value:0.6638782806630827, par:296)
																		idx322(Q:0.3020, distinct_name:2, dictinctin_value:1.1091905022156634, par:308)
																			idx332(Q:0.3066, par:322)
																			idx333(Q:0.1630, par:322)
																		idx323(Q:0.7405, par:308)
																	idx309(Q:0.7765, par:296)
																idx297(Q:0.1677, par:282)
															idx283(Q:0.3045, par:266)
														idx267(Q:0.3078, par:224)
													idx225(Q:0.3738, par:210)
												idx211(Q:0.5503, par:184)
											idx185(Q:0.4116, par:176)
										idx177(Q:0.3519, par:168)
									idx169(Q:0.4912, par:158)
								idx159(Q:0.2366, par:150)
							idx151(Q:0.4317, par:21)
					idx17(Q:0.3071, distinct_name:3, dictinctin_value:0.8871619234739136, par:14)
						idx22(Q:0.2753, distinct_name:1, dictinctin_value:0.895274831679809, par:17)
							idx28(Q:0.2604, distinct_name:3, dictinctin_value:0.4147697243292515, par:22)
								idx36(Q:0.2524, distinct_name:3, dictinctin_value:-0.009439492879810042, par:28)
									idx50(Q:0.2496, distinct_name:0, dictinctin_value:2.3121117874404824, par:36)
										idx52(Q:0.2510, distinct_name:0, dictinctin_value:1.9483716250181808, par:50)
											idx60(Q:0.2543, distinct_name:3, dictinctin_value:-0.018025248765568658, par:52)
												idx68(Q:0.2618, distinct_name:2, dictinctin_value:0.8033765660185509, par:60)
													idx88(Q:0.2686, distinct_name:2, dictinctin_value:0.6003623148969123, par:68)
														idx98(Q:0.2763, distinct_name:2, dictinctin_value:0.5329635912790776, par:88)
															idx108(Q:0.2809, distinct_name:2, dictinctin_value:0.3621996786015208, par:98)
																idx118(Q:0.2949, distinct_name:3, dictinctin_value:-0.05260374571449391, par:108)
																	idx128(Q:0.2969, distinct_name:2, dictinctin_value:0.22149263805201816, par:118)
																		idx134(Q:0.3113, distinct_name:2, dictinctin_value:0.13324256965432388, par:128)
																			idx140(Q:0.3231, par:134)
																			idx141(Q:0.1363, par:134)
																		idx135(Q:0.1477, par:128)
																	idx129(Q:0.2331, par:118)
																idx119(Q:0.1477, par:108)
															idx109(Q:0.1699, par:98)
														idx99(Q:0.1640, par:88)
													idx89(Q:0.2374, distinct_name:0, dictinctin_value:1.9001636825637473, par:68)
														idx420(Q:0.2355, distinct_name:0, dictinctin_value:1.8970534364477791, par:89)
															idx428(Q:0.2357, distinct_name:0, dictinctin_value:1.7864713255325577, par:420)
																idx434(Q:0.2371, distinct_name:0, dictinctin_value:1.7345810667045185, par:428)
																	idx440(Q:0.2343, distinct_name:0, dictinctin_value:1.7300479805066988, par:434)
																		idx446(Q:0.2348, distinct_name:0, dictinctin_value:1.6826477660222412, par:440)
																			idx452(Q:0.2325, par:446)
																			idx453(Q:0.3516, par:446)
																		idx447(Q:0.1492, par:440)
																	idx441(Q:0.3084, par:434)
																idx435(Q:0.1908, par:428)
															idx429(Q:0.2144, par:420)
														idx421(Q:0.2937, par:89)
												idx69(Q:0.1939, par:60)
											idx61(Q:0.1974, par:52)
										idx53(Q:0.1887, par:50)
									idx51(Q:0.2613, distinct_name:0, dictinctin_value:2.2255864685353126, par:36)
										idx268(Q:0.2623, distinct_name:0, dictinctin_value:1.8770234609938123, par:51)
											idx284(Q:0.2626, distinct_name:1, dictinctin_value:0.8208254329434517, par:268)
												idx298(Q:0.2642, distinct_name:0, dictinctin_value:1.7199871451158526, par:284)
													idx310(Q:0.2636, distinct_name:3, dictinctin_value:0.39481973457279324, par:298)
														idx346(Q:0.2649, distinct_name:2, dictinctin_value:2.0591657816242117, par:310)
															idx360(Q:0.2574, distinct_name:2, dictinctin_value:1.6416632040499568, par:346)
																idx374(Q:0.2564, distinct_name:0, dictinctin_value:1.6846076849979201, par:360)
																	idx386(Q:0.2573, distinct_name:2, dictinctin_value:1.5364517172370076, par:374)
																		idx400(Q:0.2564, distinct_name:2, dictinctin_value:1.321416179085615, par:386)
																			idx408(Q:0.2542, par:400)
																			idx409(Q:0.3184, par:400)
																		idx401(Q:0.2993, par:386)
																	idx387(Q:0.1886, par:374)
																idx375(Q:0.3030, par:360)
															idx361(Q:0.7383, par:346)
														idx347(Q:0.2160, par:310)
													idx311(Q:0.2837, par:298)
												idx299(Q:0.2089, par:284)
											idx285(Q:0.2572, par:268)
										idx269(Q:0.2326, par:51)
								idx37(Q:0.2979, distinct_name:1, dictinctin_value:0.7946772031835798, par:28)
									idx312(Q:0.2913, distinct_name:2, dictinctin_value:1.9378572482198, par:37)
										idx324(Q:0.2840, distinct_name:0, dictinctin_value:2.1880833067537604, par:312)
											idx334(Q:0.2845, distinct_name:0, dictinctin_value:2.1673152418059, par:324)
												idx348(Q:0.2823, distinct_name:0, dictinctin_value:2.0644684179947266, par:334)
													idx362(Q:0.2811, distinct_name:2, dictinctin_value:1.6060442338491094, par:348)
														idx376(Q:0.2723, distinct_name:0, dictinctin_value:1.8821116949330967, par:362)
															idx388(Q:0.2758, distinct_name:2, dictinctin_value:1.5867185725408008, par:376)
																idx402(Q:0.2760, distinct_name:0, dictinctin_value:1.8162737627685595, par:388)
																	idx410(Q:0.2788, distinct_name:2, dictinctin_value:1.474613989336331, par:402)
																		idx414(Q:0.2747, distinct_name:2, dictinctin_value:1.322085439542282, par:410)
																			idx422(Q:0.2747, par:414)
																			idx423(Q:0.2744, par:414)
																		idx415(Q:0.7277, par:410)
																	idx411(Q:0.1206, par:402)
																idx403(Q:0.2603, par:388)
															idx389(Q:0.1585, par:376)
														idx377(Q:0.5362, par:362)
													idx363(Q:0.3418, par:348)
												idx349(Q:0.4213, par:334)
											idx335(Q:0.2633, par:324)
										idx325(Q:0.5989, par:312)
									idx313(Q:0.4699, par:37)
							idx29(Q:0.3902, distinct_name:0, dictinctin_value:2.44084525907838, par:22)
								idx336(Q:0.3915, distinct_name:0, dictinctin_value:2.3332385876998147, par:29)
									idx350(Q:0.3937, distinct_name:2, dictinctin_value:1.313989803673234, par:336)
										idx364(Q:0.3602, distinct_name:2, dictinctin_value:1.2075088067941002, par:350)
											idx378(Q:0.3576, distinct_name:0, dictinctin_value:2.3276851139515355, par:364)
												idx390(Q:0.3566, distinct_name:2, dictinctin_value:1.1566628366759308, par:378)
													idx404(Q:0.3509, distinct_name:2, dictinctin_value:1.049026714172236, par:390)
														idx412(Q:0.3477, distinct_name:2, dictinctin_value:1.0138168631315498, par:404)
															idx418(Q:0.3450, distinct_name:0, dictinctin_value:2.3136303024689413, par:412)
																idx424(Q:0.3449, distinct_name:1, dictinctin_value:1.4142431093508798, par:418)
																	idx430(Q:0.3493, distinct_name:0, dictinctin_value:2.2572655688242222, par:424)
																		idx442(Q:0.3480, distinct_name:0, dictinctin_value:2.2507333712501807, par:430)
																			idx454(Q:0.3480, par:442)
																			idx455(Q:0.3551, par:442)
																		idx443(Q:0.5398, par:430)
																	idx431(Q:0.2625, par:424)
																idx425(Q:0.3611, par:418)
															idx419(Q:0.4918, par:412)
														idx413(Q:0.5241, par:404)
													idx405(Q:0.5944, par:390)
												idx391(Q:0.5313, par:378)
											idx379(Q:0.5828, par:364)
										idx365(Q:0.6713, par:350)
									idx351(Q:0.2484, par:336)
								idx337(Q:0.2579, par:29)
						idx23(Q:0.4647, distinct_name:0, dictinctin_value:2.1444723574903684, par:17)
							idx160(Q:0.4646, distinct_name:0, dictinctin_value:2.133798778100152, par:23)
								idx170(Q:0.4650, distinct_name:2, dictinctin_value:1.564504591409782, par:160)
									idx178(Q:0.4404, distinct_name:2, dictinctin_value:1.4113473869711974, par:170)
										idx186(Q:0.4354, distinct_name:0, dictinctin_value:2.1063540893171067, par:178)
											idx192(Q:0.4362, distinct_name:2, dictinctin_value:1.2195161175228741, par:186)
												idx200(Q:0.4309, distinct_name:0, dictinctin_value:1.9676721667093595, par:192)
													idx212(Q:0.4290, distinct_name:0, dictinctin_value:1.8926417272552991, par:200)
														idx226(Q:0.4289, distinct_name:0, dictinctin_value:1.7713311316515392, par:212)
															idx252(Q:0.4333, distinct_name:1, dictinctin_value:1.3213229930390704, par:226)
																idx270(Q:0.4285, distinct_name:0, dictinctin_value:1.7442155745503336, par:252)
																	idx300(Q:0.4268, distinct_name:0, dictinctin_value:1.3536781616204123, par:270)
																		idx392(Q:0.4267, distinct_name:0, dictinctin_value:1.2274516322533688, par:300)
																			idx416(Q:0.4286, par:392)
																			idx417(Q:0.4123, par:392)
																		idx393(Q:0.4270, par:300)
																	idx301(Q:0.6548, par:270)
																idx271(Q:0.6092, par:252)
															idx253(Q:0.3010, par:226)
														idx227(Q:0.4299, par:212)
													idx213(Q:0.4843, par:200)
												idx201(Q:0.5477, par:192)
											idx193(Q:0.3158, par:186)
										idx187(Q:0.6318, par:178)
									idx179(Q:0.8548, par:170)
								idx171(Q:0.3511, par:160)
							idx161(Q:0.4661, par:23)
				idx15(Q:0.6129, distinct_name:2, dictinctin_value:1.9938158806166744, par:9)
					idx194(Q:0.6018, distinct_name:3, dictinctin_value:2.0149638943737203, par:15)
						idx202(Q:0.5911, distinct_name:3, dictinctin_value:1.626087400144554, par:194)
							idx214(Q:0.5872, distinct_name:1, dictinctin_value:2.6727016574162166, par:202)
								idx228(Q:0.5749, distinct_name:2, dictinctin_value:1.776904010924299, par:214)
									idx240(Q:0.5704, distinct_name:2, dictinctin_value:1.4203463682180766, par:228)
										idx254(Q:0.5582, distinct_name:0, dictinctin_value:2.115573493736756, par:240)
											idx272(Q:0.5590, distinct_name:2, dictinctin_value:1.306259966260203, par:254)
												idx286(Q:0.5462, distinct_name:2, dictinctin_value:1.2529155214914378, par:272)
													idx302(Q:0.5423, distinct_name:2, dictinctin_value:0.808199081795812, par:286)
														idx314(Q:0.5183, distinct_name:2, dictinctin_value:0.7214446989843575, par:302)
															idx326(Q:0.5117, distinct_name:2, dictinctin_value:0.7041168221107604, par:314)
																idx338(Q:0.5109, distinct_name:0, dictinctin_value:2.1110030599556926, par:326)
																	idx352(Q:0.5117, distinct_name:0, dictinctin_value:2.0312710900603177, par:338)
																		idx366(Q:0.5100, distinct_name:2, dictinctin_value:0.6878681581259294, par:352)
																			idx394(Q:0.5079, par:366)
																			idx395(Q:0.7374, par:366)
																		idx367(Q:0.6383, par:352)
																	idx353(Q:0.3397, par:338)
																idx339(Q:0.6013, par:326)
															idx327(Q:0.6702, par:314)
														idx315(Q:0.8465, par:302)
													idx303(Q:0.8049, par:286)
												idx287(Q:0.8402, par:272)
											idx273(Q:0.5122, par:254)
										idx255(Q:0.7995, par:240)
									idx241(Q:0.9026, par:228)
								idx229(Q:0.8043, par:214)
							idx215(Q:0.7165, par:202)
						idx203(Q:0.9193, par:194)
					idx195(Q:0.9885, par:15)
		idx7(Q:0.3927, par:4)
	idx5(Q:0.2831, par:1)
