WARNING:tensorflow:From /Users/keithwu/opt/anaconda3/envs/auction-gym/lib/python3.10/site-packages/tensorflow/python/compat/v2_compat.py:107: disable_resource_variables (from tensorflow.python.ops.variable_scope) is deprecated and will be removed in a future version.
Instructions for updating:
non-resource variables are not supported in the long term
<_io.TextIOWrapper name='<stderr>' mode='w' encoding='utf-8'> reading from ../UTree_model_numpy/DR/model_boost_linear_qsplit_noabs_save/, starting at 14
<_io.TextIOWrapper name='<stderr>' mode='w' encoding='utf-8'> =============== update starts ===============
(average_diff:0.03438676669347941, max_diff:0.5064991995587316, training_epochs:500, lr:0.05)
<_io.TextIOWrapper name='<stderr>' mode='w' encoding='utf-8'> node index is 82
train linear regression time:  0.06065120780840516
<_io.TextIOWrapper name='<stderr>' mode='w' encoding='utf-8'> variance test passed, diff=0.02450666994236677, d = 1, back=0
<_io.TextIOWrapper name='<stderr>' mode='w' encoding='utf-8'> variance test passed, diff=0.06569417552571682, d = 2, back=0
<_io.TextIOWrapper name='<stderr>' mode='w' encoding='utf-8'> Will be split, p=0.06569417552571682, d=2, back=0
(average_diff:0.035286040006161985, max_diff:0.5037384715761232, training_epochs:500, lr:0.05)
<_io.TextIOWrapper name='<stderr>' mode='w' encoding='utf-8'> node index is 90
train linear regression time:  0.0596989169716835
(average_diff:0.0008825247063354857, max_diff:0.0017655174759894643, training_epochs:500, lr:0.05)
<_io.TextIOWrapper name='<stderr>' mode='w' encoding='utf-8'> node index is 91
train linear regression time:  0.05062391608953476
(average_diff:0.0009580124312894259, max_diff:0.0019704818680951197, training_epochs:500, lr:0.05)
<_io.TextIOWrapper name='<stderr>' mode='w' encoding='utf-8'> node index is 83
train linear regression time:  0.05214750021696091
(average_diff:0.03343111749616246, max_diff:0.08734675102833883, training_epochs:500, lr:0.05)
<_io.TextIOWrapper name='<stderr>' mode='w' encoding='utf-8'> node index is 77
train linear regression time:  0.05263179074972868
(average_diff:0.02523953228841092, max_diff:0.05401820761265336, training_epochs:500, lr:0.05)
<_io.TextIOWrapper name='<stderr>' mode='w' encoding='utf-8'> node index is 71
train linear regression time:  0.05042491713538766
(average_diff:0.04240175899829295, max_diff:0.0936726944533191, training_epochs:500, lr:0.05)
<_io.TextIOWrapper name='<stderr>' mode='w' encoding='utf-8'> node index is 63
train linear regression time:  0.05027524987235665
(average_diff:0.05301208495405057, max_diff:0.12835527267103297, training_epochs:500, lr:0.05)
<_io.TextIOWrapper name='<stderr>' mode='w' encoding='utf-8'> node index is 55
train linear regression time:  0.05441095773130655
(average_diff:0.06702651471068201, max_diff:0.18704425467598615, training_epochs:500, lr:0.05)
<_io.TextIOWrapper name='<stderr>' mode='w' encoding='utf-8'> node index is 45
train linear regression time:  0.050614625215530396
(average_diff:0.050177780033767196, max_diff:0.14790854486309823, training_epochs:500, lr:0.05)
<_io.TextIOWrapper name='<stderr>' mode='w' encoding='utf-8'> node index is 39
train linear regression time:  0.050617499742656946
(average_diff:0.09791385012159526, max_diff:0.17824080661310815, training_epochs:500, lr:0.05)
<_io.TextIOWrapper name='<stderr>' mode='w' encoding='utf-8'> node index is 31
train linear regression time:  0.050193707924336195
(average_diff:0.07338077778603644, max_diff:0.30551109118446584, training_epochs:500, lr:0.05)
<_io.TextIOWrapper name='<stderr>' mode='w' encoding='utf-8'> node index is 25
train linear regression time:  0.05125895794481039
(average_diff:0.18258693749645277, max_diff:0.5100701405166221, training_epochs:500, lr:0.05)
<_io.TextIOWrapper name='<stderr>' mode='w' encoding='utf-8'> node index is 19
train linear regression time:  0.051231708843261003
(average_diff:0.18104983726100912, max_diff:0.8496860054190447, training_epochs:500, lr:0.05)
<_io.TextIOWrapper name='<stderr>' mode='w' encoding='utf-8'> node index is 13
train linear regression time:  0.05758412508293986
<_io.TextIOWrapper name='<stderr>' mode='w' encoding='utf-8'> variance test passed, diff=0.022544710691751027, d = 0, back=0
<_io.TextIOWrapper name='<stderr>' mode='w' encoding='utf-8'> variance test passed, diff=0.09110466712640974, d = 1, back=0
<_io.TextIOWrapper name='<stderr>' mode='w' encoding='utf-8'> variance test passed, diff=0.0934755070453863, d = 2, back=0
<_io.TextIOWrapper name='<stderr>' mode='w' encoding='utf-8'> Will be split, p=0.0934755070453863, d=2, back=0
(average_diff:0.181698169025774, max_diff:0.8234828836351823, training_epochs:500, lr:0.05)
<_io.TextIOWrapper name='<stderr>' mode='w' encoding='utf-8'> node index is 92
train linear regression time:  0.05810424964874983
(average_diff:0.00014157472906750623, max_diff:0.0001630842900854912, training_epochs:500, lr:0.05)
<_io.TextIOWrapper name='<stderr>' mode='w' encoding='utf-8'> node index is 93
train linear regression time:  0.04899012530222535
(average_diff:0.07484538826058636, max_diff:0.4033731426813194, training_epochs:500, lr:0.05)
<_io.TextIOWrapper name='<stderr>' mode='w' encoding='utf-8'> node index is 84
train linear regression time:  0.05576666630804539
<_io.TextIOWrapper name='<stderr>' mode='w' encoding='utf-8'> variance test passed, diff=0.05957361104847879, d = 2, back=0
<_io.TextIOWrapper name='<stderr>' mode='w' encoding='utf-8'> Will be split, p=0.05957361104847879, d=2, back=0
(average_diff:0.05897005095180078, max_diff:0.3780125400769963, training_epochs:500, lr:0.05)
<_io.TextIOWrapper name='<stderr>' mode='w' encoding='utf-8'> node index is 94
train linear regression time:  0.05533279199153185
(average_diff:0.038324023052856315, max_diff:0.09681861503273467, training_epochs:500, lr:0.05)
<_io.TextIOWrapper name='<stderr>' mode='w' encoding='utf-8'> node index is 95
train linear regression time:  0.049052834045141935
(average_diff:0.04894223847051754, max_diff:0.07364952008511033, training_epochs:500, lr:0.05)
<_io.TextIOWrapper name='<stderr>' mode='w' encoding='utf-8'> node index is 85
train linear regression time:  0.05068920785561204
(average_diff:0.03208594361300515, max_diff:0.06244462325660333, training_epochs:500, lr:0.05)
<_io.TextIOWrapper name='<stderr>' mode='w' encoding='utf-8'> node index is 79
train linear regression time:  0.048907500226050615
(average_diff:0.051789646046876636, max_diff:0.14246174600132716, training_epochs:500, lr:0.05)
<_io.TextIOWrapper name='<stderr>' mode='w' encoding='utf-8'> node index is 73
train linear regression time:  0.04809225024655461
(average_diff:0.12238015922059318, max_diff:0.29357753336580716, training_epochs:500, lr:0.05)
<_io.TextIOWrapper name='<stderr>' mode='w' encoding='utf-8'> node index is 65
train linear regression time:  0.05201554112136364
(average_diff:0.09954674819482646, max_diff:0.27026981233464575, training_epochs:500, lr:0.05)
<_io.TextIOWrapper name='<stderr>' mode='w' encoding='utf-8'> node index is 57
train linear regression time:  0.051481209229677916
(average_diff:0.06026283445614702, max_diff:0.17751662807677754, training_epochs:500, lr:0.05)
<_io.TextIOWrapper name='<stderr>' mode='w' encoding='utf-8'> node index is 47
train linear regression time:  0.05102304229512811
(average_diff:0.15418067594444368, max_diff:0.4270315142979046, training_epochs:500, lr:0.05)
<_io.TextIOWrapper name='<stderr>' mode='w' encoding='utf-8'> node index is 41
train linear regression time:  0.047567375004291534
(average_diff:0.15848524522611912, max_diff:0.5695901738360908, training_epochs:500, lr:0.05)
<_io.TextIOWrapper name='<stderr>' mode='w' encoding='utf-8'> node index is 33
train linear regression time:  0.048006999772042036
(average_diff:0.06765374105309269, max_diff:0.260414540362089, training_epochs:500, lr:0.05)
<_io.TextIOWrapper name='<stderr>' mode='w' encoding='utf-8'> node index is 86
train linear regression time:  0.056838625110685825
<_io.TextIOWrapper name='<stderr>' mode='w' encoding='utf-8'> variance test passed, diff=0.03958116120246653, d = 0, back=0
<_io.TextIOWrapper name='<stderr>' mode='w' encoding='utf-8'> variance test passed, diff=0.06991795059097763, d = 1, back=0
<_io.TextIOWrapper name='<stderr>' mode='w' encoding='utf-8'> variance test passed, diff=0.1009999120929123, d = 2, back=0
<_io.TextIOWrapper name='<stderr>' mode='w' encoding='utf-8'> Will be split, p=0.1009999120929123, d=2, back=0
(average_diff:0.06398069867860436, max_diff:0.2508269292204182, training_epochs:500, lr:0.05)
<_io.TextIOWrapper name='<stderr>' mode='w' encoding='utf-8'> node index is 96
train linear regression time:  0.055509041994810104
(average_diff:0.02682127244995876, max_diff:0.04908836661815773, training_epochs:500, lr:0.05)
<_io.TextIOWrapper name='<stderr>' mode='w' encoding='utf-8'> node index is 97
train linear regression time:  0.04760929103940725
(average_diff:0.04602963843354835, max_diff:0.07424117304597116, training_epochs:500, lr:0.05)
<_io.TextIOWrapper name='<stderr>' mode='w' encoding='utf-8'> node index is 87
train linear regression time:  0.047904625069350004
(average_diff:0.04310766484186648, max_diff:0.0913047358806641, training_epochs:500, lr:0.05)
<_io.TextIOWrapper name='<stderr>' mode='w' encoding='utf-8'> node index is 81
train linear regression time:  0.052145374938845634
(average_diff:0.04124409272847012, max_diff:0.08341206467891171, training_epochs:500, lr:0.05)
<_io.TextIOWrapper name='<stderr>' mode='w' encoding='utf-8'> node index is 75
train linear regression time:  0.05312216700986028
(average_diff:0.08952089144243362, max_diff:0.21124767458721988, training_epochs:500, lr:0.05)
<_io.TextIOWrapper name='<stderr>' mode='w' encoding='utf-8'> node index is 67
train linear regression time:  0.05232487479224801
(average_diff:0.11953691487099367, max_diff:0.3208972347575647, training_epochs:500, lr:0.05)
<_io.TextIOWrapper name='<stderr>' mode='w' encoding='utf-8'> node index is 59
train linear regression time:  0.04965716600418091
(average_diff:0.10324889012775056, max_diff:0.22288519071042212, training_epochs:500, lr:0.05)
<_io.TextIOWrapper name='<stderr>' mode='w' encoding='utf-8'> node index is 49
train linear regression time:  0.049699374940246344
(average_diff:0.1326615491584058, max_diff:0.38431473475422134, training_epochs:500, lr:0.05)
<_io.TextIOWrapper name='<stderr>' mode='w' encoding='utf-8'> node index is 43
train linear regression time:  0.04957291577011347
(average_diff:0.1857421296937441, max_diff:0.4313269637932168, training_epochs:500, lr:0.05)
<_io.TextIOWrapper name='<stderr>' mode='w' encoding='utf-8'> node index is 35
train linear regression time:  0.07529270881786942
(average_diff:0.14276357067716192, max_diff:0.6294486346673511, training_epochs:500, lr:0.05)
<_io.TextIOWrapper name='<stderr>' mode='w' encoding='utf-8'> node index is 27
train linear regression time:  0.06517249997705221
(average_diff:0.16590929579783556, max_diff:0.5948918971144589, training_epochs:500, lr:0.05)
<_io.TextIOWrapper name='<stderr>' mode='w' encoding='utf-8'> node index is 21
train linear regression time:  0.07145591592416167
(average_diff:0.11551124540594579, max_diff:0.348989497458318, training_epochs:500, lr:0.05)
<_io.TextIOWrapper name='<stderr>' mode='w' encoding='utf-8'> node index is 88
train linear regression time:  0.09606541693210602
<_io.TextIOWrapper name='<stderr>' mode='w' encoding='utf-8'> variance test passed, diff=0.016729830239186914, d = 0, back=0
<_io.TextIOWrapper name='<stderr>' mode='w' encoding='utf-8'> variance test passed, diff=0.057620070173452616, d = 2, back=0
<_io.TextIOWrapper name='<stderr>' mode='w' encoding='utf-8'> Will be split, p=0.057620070173452616, d=2, back=0
(average_diff:0.1073607723824789, max_diff:0.3444195704180958, training_epochs:500, lr:0.05)
<_io.TextIOWrapper name='<stderr>' mode='w' encoding='utf-8'> node index is 98
train linear regression time:  0.06461220886558294
(average_diff:0.045228713654285775, max_diff:0.1692891860114577, training_epochs:500, lr:0.05)
<_io.TextIOWrapper name='<stderr>' mode='w' encoding='utf-8'> node index is 99
train linear regression time:  0.05245083291083574
(average_diff:0.08314312741918199, max_diff:0.29109847537101075, training_epochs:500, lr:0.05)
<_io.TextIOWrapper name='<stderr>' mode='w' encoding='utf-8'> node index is 89
train linear regression time:  0.05071066599339247
(average_diff:1.2853875235438626e-10, max_diff:1.1490501189426183e-09, training_epochs:500, lr:0.05)
<_io.TextIOWrapper name='<stderr>' mode='w' encoding='utf-8'> node index is 69
train linear regression time:  0.05105912499129772
(average_diff:0.04093815519876516, max_diff:0.07622802427644239, training_epochs:500, lr:0.05)
<_io.TextIOWrapper name='<stderr>' mode='w' encoding='utf-8'> node index is 61
train linear regression time:  0.05527391703799367
(average_diff:5.551115123125783e-17, max_diff:5.551115123125783e-17, training_epochs:500, lr:0.05)
<_io.TextIOWrapper name='<stderr>' mode='w' encoding='utf-8'> node index is 53
train linear regression time:  0.050672625191509724
(average_diff:0.11846146641462685, max_diff:0.35888356782487946, training_epochs:500, lr:0.05)
<_io.TextIOWrapper name='<stderr>' mode='w' encoding='utf-8'> node index is 51
train linear regression time:  0.05173095827922225
(average_diff:0.19079607549124517, max_diff:0.6448695306777041, training_epochs:500, lr:0.05)
<_io.TextIOWrapper name='<stderr>' mode='w' encoding='utf-8'> node index is 37
train linear regression time:  0.05090566724538803
(average_diff:0.17351336137566886, max_diff:0.6254472717627801, training_epochs:500, lr:0.05)
<_io.TextIOWrapper name='<stderr>' mode='w' encoding='utf-8'> node index is 29
train linear regression time:  0.05194737482815981
(average_diff:0.19717885443324806, max_diff:0.8006092898488577, training_epochs:500, lr:0.05)
<_io.TextIOWrapper name='<stderr>' mode='w' encoding='utf-8'> node index is 23
train linear regression time:  0.053349874913692474
(average_diff:0.17292247765589078, max_diff:0.5947390493282524, training_epochs:500, lr:0.05)
<_io.TextIOWrapper name='<stderr>' mode='w' encoding='utf-8'> node index is 15
train linear regression time:  0.05736633390188217
(average_diff:4.996003610813204e-16, max_diff:5.551115123125783e-16, training_epochs:500, lr:0.05)
<_io.TextIOWrapper name='<stderr>' mode='w' encoding='utf-8'> node index is 7
train linear regression time:  0.055965541396290064
(average_diff:0.10071707821122093, max_diff:0.2953002241289584, training_epochs:500, lr:0.05)
<_io.TextIOWrapper name='<stderr>' mode='w' encoding='utf-8'> node index is 5
train linear regression time:  0.060554707888513803
testFringe time:  2.9637087918817997
<_io.TextIOWrapper name='<stderr>' mode='w' encoding='utf-8'> =============== update finished ===============

*** Writing Game File 15***

<_io.TextIOWrapper name='../print_tree_record_numpy/print_DR_boost_linear_tree_split.txt' mode='w' encoding='UTF-8'> idx1(Q:0.4064, distinct_name:0, dictinctin_value:2.569683891588169, par:None)
	idx4(Q:0.4071, distinct_name:0, dictinctin_value:2.507749956207568, par:1)
		idx6(Q:0.4065, distinct_name:0, dictinctin_value:-0.050698982385153205, par:4)
			idx8(Q:0.4666, distinct_name:0, dictinctin_value:-0.5002368440471089, par:6)
				idx10(Q:0.5245, distinct_name:3, dictinctin_value:0.7373220788164561, par:8)
					idx12(Q:0.5034, distinct_name:1, dictinctin_value:0.8498558206992594, par:10)
						idx18(Q:0.4498, distinct_name:2, dictinctin_value:0.8559921607301466, par:12)
							idx24(Q:0.4478, distinct_name:0, dictinctin_value:-0.5901212893723445, par:18)
								idx30(Q:0.4593, distinct_name:2, dictinctin_value:0.5095422779981766, par:24)
									idx38(Q:0.4775, distinct_name:2, dictinctin_value:0.24909091887867726, par:30)
										idx44(Q:0.5104, distinct_name:2, dictinctin_value:-0.06052347242753761, par:38)
											idx54(Q:0.5510, distinct_name:2, dictinctin_value:-0.16873413911779458, par:44)
												idx62(Q:0.5770, distinct_name:2, dictinctin_value:-0.3117760123070312, par:54)
													idx70(Q:0.6052, distinct_name:2, dictinctin_value:-0.36929151673896154, par:62)
														idx76(Q:0.6361, distinct_name:2, dictinctin_value:-0.4513587540231024, par:70)
															idx82(Q:0.6666, distinct_name:2, dictinctin_value:-0.49926091712096626, par:76)
																idx90(Q:0.6794, par:82)
																idx91(Q:0.3462, par:82)
															idx83(Q:0.2843, par:76)
														idx77(Q:0.2881, par:70)
													idx71(Q:0.2853, par:62)
												idx63(Q:0.2298, par:54)
											idx55(Q:0.2012, par:44)
										idx45(Q:0.2250, par:38)
									idx39(Q:0.3341, par:30)
								idx31(Q:0.3280, par:24)
							idx25(Q:0.4604, par:18)
						idx19(Q:0.7300, par:12)
					idx13(Q:0.5958, distinct_name:2, dictinctin_value:1.929601246827043, par:10)
						idx92(Q:0.5855, par:13)
						idx93(Q:1.1116, par:13)
				idx11(Q:0.3648, distinct_name:3, dictinctin_value:1.284568987543642, par:8)
					idx32(Q:0.3467, distinct_name:3, dictinctin_value:0.5763111575206541, par:11)
						idx40(Q:0.3324, distinct_name:2, dictinctin_value:1.4159847670297276, par:32)
							idx46(Q:0.3236, distinct_name:2, dictinctin_value:0.8764611652526798, par:40)
								idx56(Q:0.3342, distinct_name:2, dictinctin_value:0.6776552612944613, par:46)
									idx64(Q:0.3380, distinct_name:0, dictinctin_value:-0.10007893227380851, par:56)
										idx72(Q:0.3413, distinct_name:2, dictinctin_value:0.481251420222257, par:64)
											idx78(Q:0.3507, distinct_name:2, dictinctin_value:0.43236682950932387, par:72)
												idx84(Q:0.3607, distinct_name:2, dictinctin_value:0.2322739018313544, par:78)
													idx94(Q:0.3833, par:84)
													idx95(Q:0.1351, par:84)
												idx85(Q:0.1674, par:78)
											idx79(Q:0.2055, par:72)
										idx73(Q:0.2966, par:64)
									idx65(Q:0.2880, par:56)
								idx57(Q:0.2596, par:46)
							idx47(Q:0.4001, par:40)
						idx41(Q:0.4117, par:32)
					idx33(Q:0.5659, par:11)
			idx9(Q:0.3541, distinct_name:1, dictinctin_value:1.4532912275447858, par:6)
				idx14(Q:0.3369, distinct_name:0, dictinctin_value:0.6708677617788001, par:9)
					idx16(Q:0.3480, distinct_name:0, dictinctin_value:0.5219929201544601, par:14)
						idx20(Q:0.3575, distinct_name:0, dictinctin_value:0.38200451643824146, par:16)
							idx26(Q:0.3728, distinct_name:0, dictinctin_value:0.29175973898130836, par:20)
								idx34(Q:0.3828, distinct_name:3, dictinctin_value:1.2405945003824483, par:26)
									idx42(Q:0.3624, distinct_name:2, dictinctin_value:1.6139678071673451, par:34)
										idx48(Q:0.3565, distinct_name:1, dictinctin_value:1.0148453699076618, par:42)
											idx58(Q:0.3502, distinct_name:2, dictinctin_value:0.8422101128546527, par:48)
												idx66(Q:0.3629, distinct_name:2, dictinctin_value:0.5718071591898053, par:58)
													idx74(Q:0.3705, distinct_name:2, dictinctin_value:0.3335199702259944, par:66)
														idx80(Q:0.3924, distinct_name:2, dictinctin_value:0.2585267021680285, par:74)
															idx86(Q:0.4050, distinct_name:2, dictinctin_value:0.13295569297273957, par:80)
																idx96(Q:0.4242, par:86)
																idx97(Q:0.1297, par:86)
															idx87(Q:0.1686, par:80)
														idx81(Q:0.1459, par:74)
													idx75(Q:0.2279, par:66)
												idx67(Q:0.2577, par:58)
											idx59(Q:0.4234, par:48)
										idx49(Q:0.4586, par:42)
									idx43(Q:0.4965, par:34)
								idx35(Q:0.3278, par:26)
							idx27(Q:0.3019, par:20)
						idx21(Q:0.3083, par:16)
					idx17(Q:0.3247, distinct_name:3, dictinctin_value:0.8871619234739136, par:14)
						idx22(Q:0.2983, distinct_name:1, dictinctin_value:0.895274831679809, par:17)
							idx28(Q:0.2790, distinct_name:3, dictinctin_value:0.4147697243292515, par:22)
								idx36(Q:0.2633, distinct_name:3, dictinctin_value:-0.009439492879810042, par:28)
									idx50(Q:0.2609, distinct_name:0, dictinctin_value:2.3121117874404824, par:36)
										idx52(Q:0.2614, distinct_name:0, dictinctin_value:1.9483716250181808, par:50)
											idx60(Q:0.2657, distinct_name:3, dictinctin_value:-0.018025248765568658, par:52)
												idx68(Q:0.2752, distinct_name:2, dictinctin_value:0.8033765660185509, par:60)
													idx88(Q:0.2732, distinct_name:2, dictinctin_value:0.6003623148969123, par:68)
														idx98(Q:0.2853, par:88)
														idx99(Q:0.1634, par:88)
													idx89(Q:0.2832, par:68)
												idx69(Q:0.1876, par:60)
											idx61(Q:0.1789, par:52)
										idx53(Q:0.2158, par:50)
									idx51(Q:0.2718, par:36)
								idx37(Q:0.3630, par:28)
							idx29(Q:0.4237, par:22)
						idx23(Q:0.4437, par:17)
				idx15(Q:0.6034, par:9)
		idx7(Q:0.6670, par:4)
	idx5(Q:0.3172, par:1)
