WARNING:tensorflow:From /Users/keithwu/opt/anaconda3/envs/auction-gym/lib/python3.10/site-packages/tensorflow/python/compat/v2_compat.py:107: disable_resource_variables (from tensorflow.python.ops.variable_scope) is deprecated and will be removed in a future version.
Instructions for updating:
non-resource variables are not supported in the long term
<_io.TextIOWrapper name='<stderr>' mode='w' encoding='utf-8'> reading from ../UTree_model_numpy/DR/model_boost_linear_qsplit_noabs_save/, starting at 77
<_io.TextIOWrapper name='<stderr>' mode='w' encoding='utf-8'> =============== update starts ===============
(average_diff:0.006173715493958771, max_diff:0.04261739478170462, training_epochs:500, lr:0.05)
<_io.TextIOWrapper name='<stderr>' mode='w' encoding='utf-8'> node index is 111
train linear regression time:  0.055188792292028666
(average_diff:0.018086780821826357, max_diff:0.054164049910586515, training_epochs:500, lr:0.05)
<_io.TextIOWrapper name='<stderr>' mode='w' encoding='utf-8'> node index is 101
train linear regression time:  0.05416433420032263
(average_diff:0.009713781372460036, max_diff:0.035561623172123635, training_epochs:500, lr:0.05)
<_io.TextIOWrapper name='<stderr>' mode='w' encoding='utf-8'> node index is 91
train linear regression time:  0.05426145810633898
(average_diff:0.013383317532766729, max_diff:0.1625709739093726, training_epochs:500, lr:0.05)
<_io.TextIOWrapper name='<stderr>' mode='w' encoding='utf-8'> node index is 83
train linear regression time:  0.053764957934617996
(average_diff:0.027253134387175085, max_diff:0.2058348411858834, training_epochs:500, lr:0.05)
<_io.TextIOWrapper name='<stderr>' mode='w' encoding='utf-8'> node index is 77
train linear regression time:  0.055685208179056644
(average_diff:0.04404203069743826, max_diff:0.2755549234634691, training_epochs:500, lr:0.05)
<_io.TextIOWrapper name='<stderr>' mode='w' encoding='utf-8'> node index is 71
train linear regression time:  0.061077042017132044
(average_diff:0.04925727063997659, max_diff:0.20043319987308233, training_epochs:500, lr:0.05)
<_io.TextIOWrapper name='<stderr>' mode='w' encoding='utf-8'> node index is 63
train linear regression time:  0.05639345804229379
(average_diff:0.04375714833794384, max_diff:0.08465497260808544, training_epochs:500, lr:0.05)
<_io.TextIOWrapper name='<stderr>' mode='w' encoding='utf-8'> node index is 501
train linear regression time:  0.05341162486001849
(average_diff:4.792993728452988e-05, max_diff:4.9867115034074594e-05, training_epochs:500, lr:0.05)
<_io.TextIOWrapper name='<stderr>' mode='w' encoding='utf-8'> node index is 493
train linear regression time:  0.05523145943880081
(average_diff:6.730727086790012e-16, max_diff:7.91033905045424e-16, training_epochs:500, lr:0.05)
<_io.TextIOWrapper name='<stderr>' mode='w' encoding='utf-8'> node index is 485
train linear regression time:  0.058203957974910736
(average_diff:0.0019709155077213603, max_diff:0.003369217674342062, training_epochs:500, lr:0.05)
<_io.TextIOWrapper name='<stderr>' mode='w' encoding='utf-8'> node index is 481
train linear regression time:  0.059267624747008085
(average_diff:2.7755575615628914e-17, max_diff:2.7755575615628914e-17, training_epochs:500, lr:0.05)
<_io.TextIOWrapper name='<stderr>' mode='w' encoding='utf-8'> node index is 475
train linear regression time:  0.05774029064923525
(average_diff:0.0034410514548653057, max_diff:0.005022751752253529, training_epochs:500, lr:0.05)
<_io.TextIOWrapper name='<stderr>' mode='w' encoding='utf-8'> node index is 469
train linear regression time:  0.06014845799654722
(average_diff:0.012476841360691195, max_diff:0.024102176597087355, training_epochs:500, lr:0.05)
<_io.TextIOWrapper name='<stderr>' mode='w' encoding='utf-8'> node index is 465
train linear regression time:  0.058805083855986595
(average_diff:0.07621493357843838, max_diff:0.31951955966464907, training_epochs:500, lr:0.05)
<_io.TextIOWrapper name='<stderr>' mode='w' encoding='utf-8'> node index is 580
train linear regression time:  0.06365870824083686
<_io.TextIOWrapper name='<stderr>' mode='w' encoding='utf-8'> variance test passed, diff=0.02310513068074227, d = 0, back=0
<_io.TextIOWrapper name='<stderr>' mode='w' encoding='utf-8'> variance test passed, diff=0.024430995711841205, d = 3, back=0
<_io.TextIOWrapper name='<stderr>' mode='w' encoding='utf-8'> Will be split, p=0.024430995711841205, d=3, back=0
(average_diff:0.07803288941757235, max_diff:0.32224611762835687, training_epochs:500, lr:0.05)
<_io.TextIOWrapper name='<stderr>' mode='w' encoding='utf-8'> node index is 586
train linear regression time:  0.06567875016480684
(average_diff:0.008999154454585434, max_diff:0.00915911785120438, training_epochs:500, lr:0.05)
<_io.TextIOWrapper name='<stderr>' mode='w' encoding='utf-8'> node index is 587
train linear regression time:  0.058029749896377325
(average_diff:6.938893903907228e-17, max_diff:6.938893903907228e-17, training_epochs:500, lr:0.05)
<_io.TextIOWrapper name='<stderr>' mode='w' encoding='utf-8'> node index is 581
train linear regression time:  0.0587136666290462
(average_diff:1.942890293094024e-16, max_diff:1.942890293094024e-16, training_epochs:500, lr:0.05)
<_io.TextIOWrapper name='<stderr>' mode='w' encoding='utf-8'> node index is 571
train linear regression time:  0.05825570784509182
(average_diff:3.3306690738754696e-16, max_diff:3.3306690738754696e-16, training_epochs:500, lr:0.05)
<_io.TextIOWrapper name='<stderr>' mode='w' encoding='utf-8'> node index is 549
train linear regression time:  0.05825524963438511
(average_diff:3.3306690738754696e-16, max_diff:5.551115123125783e-16, training_epochs:500, lr:0.05)
<_io.TextIOWrapper name='<stderr>' mode='w' encoding='utf-8'> node index is 537
train linear regression time:  0.057756457943469286
(average_diff:0.003500692473914361, max_diff:0.005268147839266379, training_epochs:500, lr:0.05)
<_io.TextIOWrapper name='<stderr>' mode='w' encoding='utf-8'> node index is 531
train linear regression time:  0.055525166913867
(average_diff:7.215005282464511e-06, max_diff:1.1270606595503718e-05, training_epochs:500, lr:0.05)
<_io.TextIOWrapper name='<stderr>' mode='w' encoding='utf-8'> node index is 521
train linear regression time:  0.05610375013202429
(average_diff:1.249000902703301e-16, max_diff:1.249000902703301e-16, training_epochs:500, lr:0.05)
<_io.TextIOWrapper name='<stderr>' mode='w' encoding='utf-8'> node index is 511
train linear regression time:  0.06248520780354738
(average_diff:5.828670879282072e-16, max_diff:7.771561172376096e-16, training_epochs:500, lr:0.05)
<_io.TextIOWrapper name='<stderr>' mode='w' encoding='utf-8'> node index is 473
train linear regression time:  0.05655654240399599
(average_diff:2.8449465006019636e-16, max_diff:3.7470027081099033e-16, training_epochs:500, lr:0.05)
<_io.TextIOWrapper name='<stderr>' mode='w' encoding='utf-8'> node index is 471
train linear regression time:  0.05637462483718991
(average_diff:4.893446758913456e-13, max_diff:4.997946501106298e-13, training_epochs:500, lr:0.05)
<_io.TextIOWrapper name='<stderr>' mode='w' encoding='utf-8'> node index is 467
train linear regression time:  0.0565272499807179
(average_diff:0.0025497531884311523, max_diff:0.0039025561890220772, training_epochs:500, lr:0.05)
<_io.TextIOWrapper name='<stderr>' mode='w' encoding='utf-8'> node index is 461
train linear regression time:  0.05818362534046173
(average_diff:0.0004887311809598088, max_diff:0.0009668349812286814, training_epochs:500, lr:0.05)
<_io.TextIOWrapper name='<stderr>' mode='w' encoding='utf-8'> node index is 457
train linear regression time:  0.057492750231176615
(average_diff:3.3306690738754696e-16, max_diff:3.3306690738754696e-16, training_epochs:500, lr:0.05)
<_io.TextIOWrapper name='<stderr>' mode='w' encoding='utf-8'> node index is 449
train linear regression time:  0.05551712494343519
(average_diff:2.5673907444456745e-16, max_diff:4.0245584642661925e-16, training_epochs:500, lr:0.05)
<_io.TextIOWrapper name='<stderr>' mode='w' encoding='utf-8'> node index is 445
train linear regression time:  0.05522595904767513
(average_diff:3.3306690738754696e-16, max_diff:4.718447854656915e-16, training_epochs:500, lr:0.05)
<_io.TextIOWrapper name='<stderr>' mode='w' encoding='utf-8'> node index is 433
train linear regression time:  0.056831625290215015
(average_diff:0.0013512210045714494, max_diff:0.0020042995848234546, training_epochs:500, lr:0.05)
<_io.TextIOWrapper name='<stderr>' mode='w' encoding='utf-8'> node index is 427
train linear regression time:  0.05789208319038153
(average_diff:0.1016500855576138, max_diff:0.3288082852208166, training_epochs:500, lr:0.05)
<_io.TextIOWrapper name='<stderr>' mode='w' encoding='utf-8'> node index is 582
train linear regression time:  0.06310675013810396
<_io.TextIOWrapper name='<stderr>' mode='w' encoding='utf-8'> variance test passed, diff=0.08495626436541606, d = 0, back=0
<_io.TextIOWrapper name='<stderr>' mode='w' encoding='utf-8'> Will be split, p=0.08495626436541606, d=0, back=0
(average_diff:0.1014652383204856, max_diff:0.3287950147229558, training_epochs:500, lr:0.05)
<_io.TextIOWrapper name='<stderr>' mode='w' encoding='utf-8'> node index is 588
train linear regression time:  0.0644034999422729
(average_diff:0.0006399379386664988, max_diff:0.0006659260582449478, training_epochs:500, lr:0.05)
<_io.TextIOWrapper name='<stderr>' mode='w' encoding='utf-8'> node index is 589
train linear regression time:  0.05720687471330166
(average_diff:5.551115123125783e-17, max_diff:5.551115123125783e-17, training_epochs:500, lr:0.05)
<_io.TextIOWrapper name='<stderr>' mode='w' encoding='utf-8'> node index is 583
train linear regression time:  0.05818649986758828
(average_diff:5.273559366969494e-16, max_diff:8.881784197001252e-16, training_epochs:500, lr:0.05)
<_io.TextIOWrapper name='<stderr>' mode='w' encoding='utf-8'> node index is 573
train linear regression time:  0.056680625304579735
(average_diff:8.743006318923108e-16, max_diff:1.4155343563970746e-15, training_epochs:500, lr:0.05)
<_io.TextIOWrapper name='<stderr>' mode='w' encoding='utf-8'> node index is 563
train linear regression time:  0.05758883384987712
(average_diff:5.969114091897154e-13, max_diff:6.426803533798875e-13, training_epochs:500, lr:0.05)
<_io.TextIOWrapper name='<stderr>' mode='w' encoding='utf-8'> node index is 551
train linear regression time:  0.055703249759972095
(average_diff:5.551115123125783e-17, max_diff:5.551115123125783e-17, training_epochs:500, lr:0.05)
<_io.TextIOWrapper name='<stderr>' mode='w' encoding='utf-8'> node index is 545
train linear regression time:  0.05564974993467331
(average_diff:1.887379141862766e-15, max_diff:1.9984014443252818e-15, training_epochs:500, lr:0.05)
<_io.TextIOWrapper name='<stderr>' mode='w' encoding='utf-8'> node index is 369
train linear regression time:  0.05486820871010423
(average_diff:0.008983502577710828, max_diff:0.017690159098934788, training_epochs:500, lr:0.05)
<_io.TextIOWrapper name='<stderr>' mode='w' encoding='utf-8'> node index is 355
train linear regression time:  0.056636958848685026
(average_diff:0.007146479763235347, max_diff:0.01771740361627505, training_epochs:500, lr:0.05)
<_io.TextIOWrapper name='<stderr>' mode='w' encoding='utf-8'> node index is 341
train linear regression time:  0.056734791956841946
(average_diff:0.020317258458449457, max_diff:0.05818189856119005, training_epochs:500, lr:0.05)
<_io.TextIOWrapper name='<stderr>' mode='w' encoding='utf-8'> node index is 329
train linear regression time:  0.05780837498605251
(average_diff:0.007148775759770149, max_diff:0.012380441888281413, training_epochs:500, lr:0.05)
<_io.TextIOWrapper name='<stderr>' mode='w' encoding='utf-8'> node index is 317
train linear regression time:  0.05531812505796552
(average_diff:0.06875469284936124, max_diff:0.22077821826502983, training_epochs:500, lr:0.05)
<_io.TextIOWrapper name='<stderr>' mode='w' encoding='utf-8'> node index is 305
train linear regression time:  0.056028665974736214
(average_diff:1.339206523454095e-15, max_diff:1.3461454173580023e-15, training_epochs:500, lr:0.05)
<_io.TextIOWrapper name='<stderr>' mode='w' encoding='utf-8'> node index is 289
train linear regression time:  0.05688929185271263
(average_diff:0.0009504588419449345, max_diff:0.001874196545118223, training_epochs:500, lr:0.05)
<_io.TextIOWrapper name='<stderr>' mode='w' encoding='utf-8'> node index is 257
train linear regression time:  0.058233917225152254
(average_diff:0.06442303513482896, max_diff:0.13177826376466917, training_epochs:500, lr:0.05)
<_io.TextIOWrapper name='<stderr>' mode='w' encoding='utf-8'> node index is 243
train linear regression time:  0.056844708044081926
(average_diff:0.018399555722947335, max_diff:0.028024930741729487, training_epochs:500, lr:0.05)
<_io.TextIOWrapper name='<stderr>' mode='w' encoding='utf-8'> node index is 231
train linear regression time:  0.05809229193255305
(average_diff:0.09585931346419664, max_diff:0.18588158931733165, training_epochs:500, lr:0.05)
<_io.TextIOWrapper name='<stderr>' mode='w' encoding='utf-8'> node index is 217
train linear regression time:  0.057763833086937666
(average_diff:0.006601960741822584, max_diff:0.013525462510667996, training_epochs:500, lr:0.05)
<_io.TextIOWrapper name='<stderr>' mode='w' encoding='utf-8'> node index is 275
train linear regression time:  0.05713899992406368
(average_diff:0.012176394531472057, max_diff:0.022497145706420252, training_epochs:500, lr:0.05)
<_io.TextIOWrapper name='<stderr>' mode='w' encoding='utf-8'> node index is 259
train linear regression time:  0.0560007500462234
(average_diff:0.03852064619165916, max_diff:0.08162380507502909, training_epochs:500, lr:0.05)
<_io.TextIOWrapper name='<stderr>' mode='w' encoding='utf-8'> node index is 245
train linear regression time:  0.052114457823336124
(average_diff:0.005254657095919929, max_diff:0.013172954053926877, training_epochs:500, lr:0.05)
<_io.TextIOWrapper name='<stderr>' mode='w' encoding='utf-8'> node index is 233
train linear regression time:  0.05352891609072685
(average_diff:5.4558188008965725e-05, max_diff:0.00011035377010493175, training_epochs:500, lr:0.05)
<_io.TextIOWrapper name='<stderr>' mode='w' encoding='utf-8'> node index is 219
train linear regression time:  0.053493416868150234
(average_diff:0.007978300529706453, max_diff:0.015052849896999732, training_epochs:500, lr:0.05)
<_io.TextIOWrapper name='<stderr>' mode='w' encoding='utf-8'> node index is 205
train linear regression time:  0.05329483328387141
(average_diff:0.01570091786435247, max_diff:0.043187311885875435, training_epochs:500, lr:0.05)
<_io.TextIOWrapper name='<stderr>' mode='w' encoding='utf-8'> node index is 197
train linear regression time:  0.05551916686818004
(average_diff:0.03386444973787076, max_diff:0.09646915315107657, training_epochs:500, lr:0.05)
<_io.TextIOWrapper name='<stderr>' mode='w' encoding='utf-8'> node index is 189
train linear regression time:  0.05463616596534848
(average_diff:0.03778366302288277, max_diff:0.19227636621661892, training_epochs:500, lr:0.05)
<_io.TextIOWrapper name='<stderr>' mode='w' encoding='utf-8'> node index is 181
train linear regression time:  0.05442791664972901
(average_diff:0.02758099425365911, max_diff:0.06347010002540932, training_epochs:500, lr:0.05)
<_io.TextIOWrapper name='<stderr>' mode='w' encoding='utf-8'> node index is 173
train linear regression time:  0.05477325012907386
(average_diff:0.0183399706269454, max_diff:0.038335223669629936, training_epochs:500, lr:0.05)
<_io.TextIOWrapper name='<stderr>' mode='w' encoding='utf-8'> node index is 163
train linear regression time:  0.054177042096853256
(average_diff:0.0, max_diff:0.0, training_epochs:500, lr:0.05)
<_io.TextIOWrapper name='<stderr>' mode='w' encoding='utf-8'> node index is 153
train linear regression time:  0.0528779998421669
(average_diff:1.5352223273021326e-05, max_diff:2.9438783165747218e-05, training_epochs:500, lr:0.05)
<_io.TextIOWrapper name='<stderr>' mode='w' encoding='utf-8'> node index is 221
train linear regression time:  0.055204832926392555
(average_diff:0.1117444634618212, max_diff:0.3232792755701961, training_epochs:500, lr:0.05)
<_io.TextIOWrapper name='<stderr>' mode='w' encoding='utf-8'> node index is 207
train linear regression time:  0.06079629110172391
(average_diff:0.1568231465722361, max_diff:0.6416509645630756, training_epochs:500, lr:0.05)
<_io.TextIOWrapper name='<stderr>' mode='w' encoding='utf-8'> node index is 165
train linear regression time:  0.0633000829257071
(average_diff:0.12254982037792012, max_diff:0.30977985383129614, training_epochs:500, lr:0.05)
<_io.TextIOWrapper name='<stderr>' mode='w' encoding='utf-8'> node index is 155
train linear regression time:  0.0574167906306684
(average_diff:0.1552369154799448, max_diff:0.26599912063752007, training_epochs:500, lr:0.05)
<_io.TextIOWrapper name='<stderr>' mode='w' encoding='utf-8'> node index is 149
train linear regression time:  0.056977041997015476
(average_diff:0.04758404994678647, max_diff:0.14483480602991894, training_epochs:500, lr:0.05)
<_io.TextIOWrapper name='<stderr>' mode='w' encoding='utf-8'> node index is 147
train linear regression time:  0.05641133291646838
(average_diff:0.048615793677544795, max_diff:0.16854880883597034, training_epochs:500, lr:0.05)
<_io.TextIOWrapper name='<stderr>' mode='w' encoding='utf-8'> node index is 143
train linear regression time:  0.056331291794776917
(average_diff:0.03489916410148158, max_diff:0.09064836136759524, training_epochs:500, lr:0.05)
<_io.TextIOWrapper name='<stderr>' mode='w' encoding='utf-8'> node index is 137
train linear regression time:  0.05648870812729001
(average_diff:0.04602348831812783, max_diff:0.1421881328261555, training_epochs:500, lr:0.05)
<_io.TextIOWrapper name='<stderr>' mode='w' encoding='utf-8'> node index is 131
train linear regression time:  0.05901299975812435
(average_diff:0.029484748511833934, max_diff:0.06743192391577302, training_epochs:500, lr:0.05)
<_io.TextIOWrapper name='<stderr>' mode='w' encoding='utf-8'> node index is 123
train linear regression time:  0.059792790561914444
(average_diff:0.03558750205787492, max_diff:0.10302696500079622, training_epochs:500, lr:0.05)
<_io.TextIOWrapper name='<stderr>' mode='w' encoding='utf-8'> node index is 113
train linear regression time:  0.0569028751924634
(average_diff:0.09382712381773924, max_diff:0.5346407233072482, training_epochs:500, lr:0.05)
<_io.TextIOWrapper name='<stderr>' mode='w' encoding='utf-8'> node index is 103
train linear regression time:  0.08685945812612772
(average_diff:0.050290325358244646, max_diff:0.17067838653260659, training_epochs:500, lr:0.05)
<_io.TextIOWrapper name='<stderr>' mode='w' encoding='utf-8'> node index is 93
train linear regression time:  0.06528166588395834
(average_diff:0.02244769216129916, max_diff:0.07416747951776057, training_epochs:500, lr:0.05)
<_io.TextIOWrapper name='<stderr>' mode='w' encoding='utf-8'> node index is 139
train linear regression time:  0.05775750009343028
(average_diff:0.06794844023785006, max_diff:0.2133681036905945, training_epochs:500, lr:0.05)
<_io.TextIOWrapper name='<stderr>' mode='w' encoding='utf-8'> node index is 133
train linear regression time:  0.05686766700819135
(average_diff:0.025733843306014175, max_diff:0.05190157834440598, training_epochs:500, lr:0.05)
<_io.TextIOWrapper name='<stderr>' mode='w' encoding='utf-8'> node index is 125
train linear regression time:  0.05562691576778889
(average_diff:0.07082403264616297, max_diff:0.25279001550746366, training_epochs:500, lr:0.05)
<_io.TextIOWrapper name='<stderr>' mode='w' encoding='utf-8'> node index is 115
train linear regression time:  0.057478042319417
(average_diff:0.07758308576832347, max_diff:0.28500005055685207, training_epochs:500, lr:0.05)
<_io.TextIOWrapper name='<stderr>' mode='w' encoding='utf-8'> node index is 105
train linear regression time:  0.0571811250410974
(average_diff:0.062120466307305326, max_diff:0.1922026962222122, training_epochs:500, lr:0.05)
<_io.TextIOWrapper name='<stderr>' mode='w' encoding='utf-8'> node index is 95
train linear regression time:  0.059446458239108324
(average_diff:0.07639769346823205, max_diff:0.20433402443340945, training_epochs:500, lr:0.05)
<_io.TextIOWrapper name='<stderr>' mode='w' encoding='utf-8'> node index is 85
train linear regression time:  0.0571280000731349
(average_diff:0.07646251711864549, max_diff:0.27194371504628195, training_epochs:500, lr:0.05)
<_io.TextIOWrapper name='<stderr>' mode='w' encoding='utf-8'> node index is 79
train linear regression time:  0.05485749989748001
(average_diff:0.10685791234895269, max_diff:0.40391095074050126, training_epochs:500, lr:0.05)
<_io.TextIOWrapper name='<stderr>' mode='w' encoding='utf-8'> node index is 73
train linear regression time:  0.05560204107314348
(average_diff:0.08015230588388217, max_diff:0.3789845158940184, training_epochs:500, lr:0.05)
<_io.TextIOWrapper name='<stderr>' mode='w' encoding='utf-8'> node index is 65
train linear regression time:  0.053516124840825796
(average_diff:0.0, max_diff:0.0, training_epochs:500, lr:0.05)
<_io.TextIOWrapper name='<stderr>' mode='w' encoding='utf-8'> node index is 575
train linear regression time:  0.05355187505483627
(average_diff:1.1102230246251565e-16, max_diff:1.1102230246251565e-16, training_epochs:500, lr:0.05)
<_io.TextIOWrapper name='<stderr>' mode='w' encoding='utf-8'> node index is 565
train linear regression time:  0.05630687531083822
(average_diff:0.004047118074532563, max_diff:0.007364193239641548, training_epochs:500, lr:0.05)
<_io.TextIOWrapper name='<stderr>' mode='w' encoding='utf-8'> node index is 557
train linear regression time:  0.05788291711360216
(average_diff:0.0, max_diff:0.0, training_epochs:500, lr:0.05)
<_io.TextIOWrapper name='<stderr>' mode='w' encoding='utf-8'> node index is 553
train linear regression time:  0.05495345825329423
(average_diff:0.000119659632858371, max_diff:0.00012137624698727034, training_epochs:500, lr:0.05)
<_io.TextIOWrapper name='<stderr>' mode='w' encoding='utf-8'> node index is 539
train linear regression time:  0.05469429166987538
(average_diff:7.216449660063518e-16, max_diff:7.771561172376096e-16, training_epochs:500, lr:0.05)
<_io.TextIOWrapper name='<stderr>' mode='w' encoding='utf-8'> node index is 523
train linear regression time:  0.05367850000038743
(average_diff:1.942890293094024e-16, max_diff:1.942890293094024e-16, training_epochs:500, lr:0.05)
<_io.TextIOWrapper name='<stderr>' mode='w' encoding='utf-8'> node index is 513
train linear regression time:  0.05261358339339495
(average_diff:0.0, max_diff:0.0, training_epochs:500, lr:0.05)
<_io.TextIOWrapper name='<stderr>' mode='w' encoding='utf-8'> node index is 505
train linear regression time:  0.054096541833132505
(average_diff:4.06842522634084e-11, max_diff:5.986383611045198e-11, training_epochs:500, lr:0.05)
<_io.TextIOWrapper name='<stderr>' mode='w' encoding='utf-8'> node index is 495
train linear regression time:  0.05564112542197108
(average_diff:0.003821100233971069, max_diff:0.004826134100477872, training_epochs:500, lr:0.05)
<_io.TextIOWrapper name='<stderr>' mode='w' encoding='utf-8'> node index is 487
train linear regression time:  0.05684058414772153
(average_diff:0.08447848142450726, max_diff:0.5904337826133033, training_epochs:500, lr:0.05)
<_io.TextIOWrapper name='<stderr>' mode='w' encoding='utf-8'> node index is 47
train linear regression time:  0.06381900003179908
(average_diff:7.719329804996752e-12, max_diff:1.2403425508900057e-11, training_epochs:500, lr:0.05)
<_io.TextIOWrapper name='<stderr>' mode='w' encoding='utf-8'> node index is 397
train linear regression time:  0.053812417201697826
(average_diff:0.021789903410774733, max_diff:0.04430678259516613, training_epochs:500, lr:0.05)
<_io.TextIOWrapper name='<stderr>' mode='w' encoding='utf-8'> node index is 383
train linear regression time:  0.053144334349781275
(average_diff:1.1102230246251565e-16, max_diff:1.1102230246251565e-16, training_epochs:500, lr:0.05)
<_io.TextIOWrapper name='<stderr>' mode='w' encoding='utf-8'> node index is 371
train linear regression time:  0.054603958036750555
(average_diff:0.17900404246931892, max_diff:0.49416783956980237, training_epochs:500, lr:0.05)
<_io.TextIOWrapper name='<stderr>' mode='w' encoding='utf-8'> node index is 357
train linear regression time:  0.05415754113346338
(average_diff:0.09803452699637633, max_diff:0.195691061453918, training_epochs:500, lr:0.05)
<_io.TextIOWrapper name='<stderr>' mode='w' encoding='utf-8'> node index is 343
train linear regression time:  0.058919666800647974
(average_diff:0.2542249659779855, max_diff:0.3945307980985363, training_epochs:500, lr:0.05)
<_io.TextIOWrapper name='<stderr>' mode='w' encoding='utf-8'> node index is 331
train linear regression time:  0.056112208403646946
(average_diff:0.006766297678655442, max_diff:0.01338002868810817, training_epochs:500, lr:0.05)
<_io.TextIOWrapper name='<stderr>' mode='w' encoding='utf-8'> node index is 319
train linear regression time:  0.05516454204916954
(average_diff:0.16236077438040528, max_diff:0.48593205715878063, training_epochs:500, lr:0.05)
<_io.TextIOWrapper name='<stderr>' mode='w' encoding='utf-8'> node index is 307
train linear regression time:  0.055087124928832054
(average_diff:6.106226635438361e-16, max_diff:6.661338147750939e-16, training_epochs:500, lr:0.05)
<_io.TextIOWrapper name='<stderr>' mode='w' encoding='utf-8'> node index is 293
train linear regression time:  0.05537429125979543
(average_diff:0.007675954258426339, max_diff:0.021035463019193457, training_epochs:500, lr:0.05)
<_io.TextIOWrapper name='<stderr>' mode='w' encoding='utf-8'> node index is 277
train linear regression time:  0.05669908318668604
(average_diff:0.010387012044845566, max_diff:0.021104385107609175, training_epochs:500, lr:0.05)
<_io.TextIOWrapper name='<stderr>' mode='w' encoding='utf-8'> node index is 261
train linear regression time:  0.05580129101872444
(average_diff:0.09040680465654562, max_diff:0.2020247584599726, training_epochs:500, lr:0.05)
<_io.TextIOWrapper name='<stderr>' mode='w' encoding='utf-8'> node index is 247
train linear regression time:  0.05536179197952151
(average_diff:1.942890293094024e-16, max_diff:2.220446049250313e-16, training_epochs:500, lr:0.05)
<_io.TextIOWrapper name='<stderr>' mode='w' encoding='utf-8'> node index is 533
train linear regression time:  0.056041375268250704
(average_diff:0.0014956088882554692, max_diff:0.0022508240551371017, training_epochs:500, lr:0.05)
<_io.TextIOWrapper name='<stderr>' mode='w' encoding='utf-8'> node index is 525
train linear regression time:  0.05539624998345971
(average_diff:1.6181500583911657e-13, max_diff:1.7685852782278744e-13, training_epochs:500, lr:0.05)
<_io.TextIOWrapper name='<stderr>' mode='w' encoding='utf-8'> node index is 515
train linear regression time:  0.05735308397561312
(average_diff:6.938893903907228e-17, max_diff:6.938893903907228e-17, training_epochs:500, lr:0.05)
<_io.TextIOWrapper name='<stderr>' mode='w' encoding='utf-8'> node index is 503
train linear regression time:  0.05483104195445776
(average_diff:0.01625622932784449, max_diff:0.0213770144849742, training_epochs:500, lr:0.05)
<_io.TextIOWrapper name='<stderr>' mode='w' encoding='utf-8'> node index is 497
train linear regression time:  0.054610374849289656
(average_diff:2.7755575615628914e-17, max_diff:2.7755575615628914e-17, training_epochs:500, lr:0.05)
<_io.TextIOWrapper name='<stderr>' mode='w' encoding='utf-8'> node index is 489
train linear regression time:  0.053633333183825016
(average_diff:0.0, max_diff:0.0, training_epochs:500, lr:0.05)
<_io.TextIOWrapper name='<stderr>' mode='w' encoding='utf-8'> node index is 483
train linear regression time:  0.052416167221963406
(average_diff:5.551115123125783e-17, max_diff:5.551115123125783e-17, training_epochs:500, lr:0.05)
<_io.TextIOWrapper name='<stderr>' mode='w' encoding='utf-8'> node index is 479
train linear regression time:  0.05376170761883259
(average_diff:2.351739541624672e-07, max_diff:3.7211784931212577e-07, training_epochs:500, lr:0.05)
<_io.TextIOWrapper name='<stderr>' mode='w' encoding='utf-8'> node index is 463
train linear regression time:  0.05535541661083698
(average_diff:5.84142780516439e-05, max_diff:8.92421507073804e-05, training_epochs:500, lr:0.05)
<_io.TextIOWrapper name='<stderr>' mode='w' encoding='utf-8'> node index is 459
train linear regression time:  0.05623437464237213
(average_diff:4.996003610813204e-16, max_diff:5.551115123125783e-16, training_epochs:500, lr:0.05)
<_io.TextIOWrapper name='<stderr>' mode='w' encoding='utf-8'> node index is 451
train linear regression time:  0.056102000176906586
(average_diff:1.1102230246251565e-16, max_diff:1.1102230246251565e-16, training_epochs:500, lr:0.05)
<_io.TextIOWrapper name='<stderr>' mode='w' encoding='utf-8'> node index is 439
train linear regression time:  0.05379837518557906
(average_diff:0.010272627023869907, max_diff:0.01741337110479768, training_epochs:500, lr:0.05)
<_io.TextIOWrapper name='<stderr>' mode='w' encoding='utf-8'> node index is 437
train linear regression time:  0.05402470799162984
(average_diff:0.03148166350824617, max_diff:0.06596847187975989, training_epochs:500, lr:0.05)
<_io.TextIOWrapper name='<stderr>' mode='w' encoding='utf-8'> node index is 117
train linear regression time:  0.05322145903483033
(average_diff:0.022065683520921864, max_diff:0.06412436694022518, training_epochs:500, lr:0.05)
<_io.TextIOWrapper name='<stderr>' mode='w' encoding='utf-8'> node index is 107
train linear regression time:  0.05298191588371992
(average_diff:0.03960228230876244, max_diff:0.13963292009521333, training_epochs:500, lr:0.05)
<_io.TextIOWrapper name='<stderr>' mode='w' encoding='utf-8'> node index is 97
train linear regression time:  0.053131124936044216
(average_diff:0.05429445697919136, max_diff:0.17127594545524738, training_epochs:500, lr:0.05)
<_io.TextIOWrapper name='<stderr>' mode='w' encoding='utf-8'> node index is 87
train linear regression time:  0.05371650028973818
(average_diff:0.06116792688190978, max_diff:0.29879825666586846, training_epochs:500, lr:0.05)
<_io.TextIOWrapper name='<stderr>' mode='w' encoding='utf-8'> node index is 81
train linear regression time:  0.056208707857877016
(average_diff:0.07417771163260327, max_diff:0.29428118470616615, training_epochs:500, lr:0.05)
<_io.TextIOWrapper name='<stderr>' mode='w' encoding='utf-8'> node index is 75
train linear regression time:  0.056191165931522846
(average_diff:0.00022102830601423984, max_diff:0.0004410213058574919, training_epochs:500, lr:0.05)
<_io.TextIOWrapper name='<stderr>' mode='w' encoding='utf-8'> node index is 567
train linear regression time:  0.059078707825392485
(average_diff:8.326672684688674e-17, max_diff:8.326672684688674e-17, training_epochs:500, lr:0.05)
<_io.TextIOWrapper name='<stderr>' mode='w' encoding='utf-8'> node index is 559
train linear regression time:  0.056666874792426825
(average_diff:1.5412452450402903e-07, max_diff:1.5766436625708202e-07, training_epochs:500, lr:0.05)
<_io.TextIOWrapper name='<stderr>' mode='w' encoding='utf-8'> node index is 555
train linear regression time:  0.055289041716605425
(average_diff:0.020530392664299773, max_diff:0.03697334116630446, training_epochs:500, lr:0.05)
<_io.TextIOWrapper name='<stderr>' mode='w' encoding='utf-8'> node index is 547
train linear regression time:  0.05722991703078151
(average_diff:1.1102230246251565e-16, max_diff:1.1102230246251565e-16, training_epochs:500, lr:0.05)
<_io.TextIOWrapper name='<stderr>' mode='w' encoding='utf-8'> node index is 527
train linear regression time:  0.05711358319967985
(average_diff:5.551115123125783e-17, max_diff:5.551115123125783e-17, training_epochs:500, lr:0.05)
<_io.TextIOWrapper name='<stderr>' mode='w' encoding='utf-8'> node index is 507
train linear regression time:  0.05746529204770923
(average_diff:0.16111527155324823, max_diff:0.5735603422368062, training_epochs:500, lr:0.05)
<_io.TextIOWrapper name='<stderr>' mode='w' encoding='utf-8'> node index is 59
train linear regression time:  0.06645391695201397
(average_diff:0.09932309875644971, max_diff:0.3663386304427728, training_epochs:500, lr:0.05)
<_io.TextIOWrapper name='<stderr>' mode='w' encoding='utf-8'> node index is 49
train linear regression time:  0.057354167103767395
(average_diff:1.1102230246251565e-16, max_diff:2.220446049250313e-16, training_epochs:500, lr:0.05)
<_io.TextIOWrapper name='<stderr>' mode='w' encoding='utf-8'> node index is 569
train linear regression time:  0.05459208367392421
(average_diff:1.1102230246251565e-16, max_diff:1.1102230246251565e-16, training_epochs:500, lr:0.05)
<_io.TextIOWrapper name='<stderr>' mode='w' encoding='utf-8'> node index is 561
train linear regression time:  0.0525925001129508
(average_diff:1.6653345369377348e-16, max_diff:1.6653345369377348e-16, training_epochs:500, lr:0.05)
<_io.TextIOWrapper name='<stderr>' mode='w' encoding='utf-8'> node index is 543
train linear regression time:  0.05583495832979679
(average_diff:5.273559366969494e-16, max_diff:5.551115123125783e-16, training_epochs:500, lr:0.05)
<_io.TextIOWrapper name='<stderr>' mode='w' encoding='utf-8'> node index is 535
train linear regression time:  0.054998999927192926
(average_diff:0.029159945520341946, max_diff:0.04875598111126578, training_epochs:500, lr:0.05)
<_io.TextIOWrapper name='<stderr>' mode='w' encoding='utf-8'> node index is 529
train linear regression time:  0.0562994577921927
(average_diff:1.1102230246251565e-16, max_diff:1.1102230246251565e-16, training_epochs:500, lr:0.05)
<_io.TextIOWrapper name='<stderr>' mode='w' encoding='utf-8'> node index is 517
train linear regression time:  0.056477291975170374
(average_diff:3.1413329160123737e-09, max_diff:3.2349394274433507e-09, training_epochs:500, lr:0.05)
<_io.TextIOWrapper name='<stderr>' mode='w' encoding='utf-8'> node index is 509
train linear regression time:  0.054554250091314316
(average_diff:0.0, max_diff:0.0, training_epochs:500, lr:0.05)
<_io.TextIOWrapper name='<stderr>' mode='w' encoding='utf-8'> node index is 499
train linear regression time:  0.05586633365601301
(average_diff:0.0006116090683511896, max_diff:0.0009731997995240382, training_epochs:500, lr:0.05)
<_io.TextIOWrapper name='<stderr>' mode='w' encoding='utf-8'> node index is 491
train linear regression time:  0.0533112077973783
(average_diff:0.00012955931256254313, max_diff:0.0002540144157919255, training_epochs:500, lr:0.05)
<_io.TextIOWrapper name='<stderr>' mode='w' encoding='utf-8'> node index is 385
train linear regression time:  0.05425124987959862
(average_diff:1.2490009027033011e-15, max_diff:1.5126788710517758e-15, training_epochs:500, lr:0.05)
<_io.TextIOWrapper name='<stderr>' mode='w' encoding='utf-8'> node index is 373
train linear regression time:  0.05512983305379748
(average_diff:0.0, max_diff:0.0, training_epochs:500, lr:0.05)
<_io.TextIOWrapper name='<stderr>' mode='w' encoding='utf-8'> node index is 359
train linear regression time:  0.05487066600471735
(average_diff:0.0713859500517012, max_diff:0.21465692762905703, training_epochs:500, lr:0.05)
<_io.TextIOWrapper name='<stderr>' mode='w' encoding='utf-8'> node index is 345
train linear regression time:  0.05582154216244817
(average_diff:0.06069317756437761, max_diff:0.10817922996965018, training_epochs:500, lr:0.05)
<_io.TextIOWrapper name='<stderr>' mode='w' encoding='utf-8'> node index is 321
train linear regression time:  0.057006374932825565
(average_diff:0.06951023188047363, max_diff:0.09918733040099698, training_epochs:500, lr:0.05)
<_io.TextIOWrapper name='<stderr>' mode='w' encoding='utf-8'> node index is 295
train linear regression time:  0.05591395916417241
(average_diff:0.09029179304991017, max_diff:0.14710471713552553, training_epochs:500, lr:0.05)
<_io.TextIOWrapper name='<stderr>' mode='w' encoding='utf-8'> node index is 279
train linear regression time:  0.056036749854683876
(average_diff:5.661625436988634e-09, max_diff:8.165018938743884e-09, training_epochs:500, lr:0.05)
<_io.TextIOWrapper name='<stderr>' mode='w' encoding='utf-8'> node index is 263
train linear regression time:  0.05441983416676521
(average_diff:0.024187346384287912, max_diff:0.04981345431256279, training_epochs:500, lr:0.05)
<_io.TextIOWrapper name='<stderr>' mode='w' encoding='utf-8'> node index is 249
train linear regression time:  0.0556126250885427
(average_diff:0.048604570006564096, max_diff:0.09906827913206434, training_epochs:500, lr:0.05)
<_io.TextIOWrapper name='<stderr>' mode='w' encoding='utf-8'> node index is 237
train linear regression time:  0.05539033329114318
(average_diff:1.6583956430338276e-15, max_diff:2.886579864025407e-15, training_epochs:500, lr:0.05)
<_io.TextIOWrapper name='<stderr>' mode='w' encoding='utf-8'> node index is 265
train linear regression time:  0.05416224990040064
(average_diff:8.326672684688674e-17, max_diff:1.1102230246251565e-16, training_epochs:500, lr:0.05)
<_io.TextIOWrapper name='<stderr>' mode='w' encoding='utf-8'> node index is 251
train linear regression time:  0.052850000094622374
(average_diff:0.0814713251352145, max_diff:0.3268009610958176, training_epochs:500, lr:0.05)
<_io.TextIOWrapper name='<stderr>' mode='w' encoding='utf-8'> node index is 239
train linear regression time:  0.05334899993613362
(average_diff:0.0668007647587272, max_diff:0.14288585304165347, training_epochs:500, lr:0.05)
<_io.TextIOWrapper name='<stderr>' mode='w' encoding='utf-8'> node index is 223
train linear regression time:  0.05397245800122619
(average_diff:0.013517885000412757, max_diff:0.027727589654394758, training_epochs:500, lr:0.05)
<_io.TextIOWrapper name='<stderr>' mode='w' encoding='utf-8'> node index is 209
train linear regression time:  0.05288174981251359
(average_diff:0.03244937201396682, max_diff:0.052816981832084164, training_epochs:500, lr:0.05)
<_io.TextIOWrapper name='<stderr>' mode='w' encoding='utf-8'> node index is 199
train linear regression time:  0.05260962527245283
(average_diff:0.08110589925400064, max_diff:0.20863907131219697, training_epochs:500, lr:0.05)
<_io.TextIOWrapper name='<stderr>' mode='w' encoding='utf-8'> node index is 191
train linear regression time:  0.051828375086188316
(average_diff:0.04491942640211292, max_diff:0.11113025115274275, training_epochs:500, lr:0.05)
<_io.TextIOWrapper name='<stderr>' mode='w' encoding='utf-8'> node index is 183
train linear regression time:  0.0534944161772728
(average_diff:0.1027514160380807, max_diff:0.2183525238479722, training_epochs:500, lr:0.05)
<_io.TextIOWrapper name='<stderr>' mode='w' encoding='utf-8'> node index is 175
train linear regression time:  0.056164790876209736
(average_diff:0.09801248124704408, max_diff:0.23789134925372385, training_epochs:500, lr:0.05)
<_io.TextIOWrapper name='<stderr>' mode='w' encoding='utf-8'> node index is 167
train linear regression time:  0.05533100012689829
(average_diff:0.06075624722762229, max_diff:0.1329141696613384, training_epochs:500, lr:0.05)
<_io.TextIOWrapper name='<stderr>' mode='w' encoding='utf-8'> node index is 157
train linear regression time:  0.05856508295983076
(average_diff:0.0, max_diff:0.0, training_epochs:500, lr:0.05)
<_io.TextIOWrapper name='<stderr>' mode='w' encoding='utf-8'> node index is 323
train linear regression time:  0.05786870885640383
(average_diff:1.1102230246251565e-16, max_diff:1.1102230246251565e-16, training_epochs:500, lr:0.05)
<_io.TextIOWrapper name='<stderr>' mode='w' encoding='utf-8'> node index is 309
train linear regression time:  0.054011333268135786
(average_diff:0.07774383730166752, max_diff:0.18088500821482917, training_epochs:500, lr:0.05)
<_io.TextIOWrapper name='<stderr>' mode='w' encoding='utf-8'> node index is 297
train linear regression time:  0.052343042101711035
(average_diff:0.14277327484822966, max_diff:0.24394660223835413, training_epochs:500, lr:0.05)
<_io.TextIOWrapper name='<stderr>' mode='w' encoding='utf-8'> node index is 283
train linear regression time:  0.054936999920755625
(average_diff:0.07649285932547742, max_diff:0.20094838444475943, training_epochs:500, lr:0.05)
<_io.TextIOWrapper name='<stderr>' mode='w' encoding='utf-8'> node index is 267
train linear regression time:  0.05659466702491045
(average_diff:0.15815304957109688, max_diff:0.556163053418522, training_epochs:500, lr:0.05)
<_io.TextIOWrapper name='<stderr>' mode='w' encoding='utf-8'> node index is 225
train linear regression time:  0.057565124705433846
(average_diff:0.21286385566041208, max_diff:0.4083480462467025, training_epochs:500, lr:0.05)
<_io.TextIOWrapper name='<stderr>' mode='w' encoding='utf-8'> node index is 211
train linear regression time:  0.05655462481081486
(average_diff:0.12903210468410062, max_diff:0.31886826903289467, training_epochs:500, lr:0.05)
<_io.TextIOWrapper name='<stderr>' mode='w' encoding='utf-8'> node index is 185
train linear regression time:  0.05297587485983968
(average_diff:0.13015348853229955, max_diff:0.46888367565831823, training_epochs:500, lr:0.05)
<_io.TextIOWrapper name='<stderr>' mode='w' encoding='utf-8'> node index is 177
train linear regression time:  0.05282812472432852
(average_diff:0.16547647533166296, max_diff:0.40507441024110824, training_epochs:500, lr:0.05)
<_io.TextIOWrapper name='<stderr>' mode='w' encoding='utf-8'> node index is 169
train linear regression time:  0.05322254216298461
(average_diff:0.0024169641225171476, max_diff:0.003634666484964799, training_epochs:500, lr:0.05)
<_io.TextIOWrapper name='<stderr>' mode='w' encoding='utf-8'> node index is 159
train linear regression time:  0.05337662482634187
(average_diff:0.10158382298746102, max_diff:0.23787070281238476, training_epochs:500, lr:0.05)
<_io.TextIOWrapper name='<stderr>' mode='w' encoding='utf-8'> node index is 151
train linear regression time:  0.05241975001990795
(average_diff:0.03803727618095335, max_diff:0.09515298898142943, training_epochs:500, lr:0.05)
<_io.TextIOWrapper name='<stderr>' mode='w' encoding='utf-8'> node index is 135
train linear regression time:  0.053493374958634377
(average_diff:0.051199641201889384, max_diff:0.10474559017530921, training_epochs:500, lr:0.05)
<_io.TextIOWrapper name='<stderr>' mode='w' encoding='utf-8'> node index is 129
train linear regression time:  0.05451979208737612
(average_diff:0.030925680297275573, max_diff:0.12630767712600316, training_epochs:500, lr:0.05)
<_io.TextIOWrapper name='<stderr>' mode='w' encoding='utf-8'> node index is 119
train linear regression time:  0.05883037485182285
(average_diff:0.03870076305110433, max_diff:0.10421565181353443, training_epochs:500, lr:0.05)
<_io.TextIOWrapper name='<stderr>' mode='w' encoding='utf-8'> node index is 109
train linear regression time:  0.057866791263222694
(average_diff:0.0423197482784428, max_diff:0.18354245247939344, training_epochs:500, lr:0.05)
<_io.TextIOWrapper name='<stderr>' mode='w' encoding='utf-8'> node index is 99
train linear regression time:  0.06170324981212616
(average_diff:2.7755575615628914e-17, max_diff:2.7755575615628914e-17, training_epochs:500, lr:0.05)
<_io.TextIOWrapper name='<stderr>' mode='w' encoding='utf-8'> node index is 447
train linear regression time:  0.060357249807566404
(average_diff:2.19360640763e-12, max_diff:2.9910518506426342e-12, training_epochs:500, lr:0.05)
<_io.TextIOWrapper name='<stderr>' mode='w' encoding='utf-8'> node index is 441
train linear regression time:  0.05599391693249345
(average_diff:0.014016090440400381, max_diff:0.03151753032116414, training_epochs:500, lr:0.05)
<_io.TextIOWrapper name='<stderr>' mode='w' encoding='utf-8'> node index is 435
train linear regression time:  0.054661375004798174
(average_diff:5.551115123125783e-17, max_diff:5.551115123125783e-17, training_epochs:500, lr:0.05)
<_io.TextIOWrapper name='<stderr>' mode='w' encoding='utf-8'> node index is 429
train linear regression time:  0.05720841605216265
(average_diff:6.644314728040021e-13, max_diff:9.922618282587337e-13, training_epochs:500, lr:0.05)
<_io.TextIOWrapper name='<stderr>' mode='w' encoding='utf-8'> node index is 421
train linear regression time:  0.05474183289334178
(average_diff:0.006566819846771577, max_diff:0.16641053462521854, training_epochs:500, lr:0.05)
<_io.TextIOWrapper name='<stderr>' mode='w' encoding='utf-8'> node index is 69
train linear regression time:  0.06096779182553291
(average_diff:0.07113395855230419, max_diff:0.2409113186990675, training_epochs:500, lr:0.05)
<_io.TextIOWrapper name='<stderr>' mode='w' encoding='utf-8'> node index is 61
train linear regression time:  0.055158209055662155
(average_diff:0.10366615377520928, max_diff:0.43007861602464315, training_epochs:500, lr:0.05)
<_io.TextIOWrapper name='<stderr>' mode='w' encoding='utf-8'> node index is 53
train linear regression time:  0.05517841689288616
(average_diff:0.020126329089593813, max_diff:0.03931124704800315, training_epochs:500, lr:0.05)
<_io.TextIOWrapper name='<stderr>' mode='w' encoding='utf-8'> node index is 401
train linear regression time:  0.0575250000692904
(average_diff:1.249000902703301e-16, max_diff:1.942890293094024e-16, training_epochs:500, lr:0.05)
<_io.TextIOWrapper name='<stderr>' mode='w' encoding='utf-8'> node index is 387
train linear regression time:  0.056690874975174665
(average_diff:0.010688681492173373, max_diff:0.02317044349309466, training_epochs:500, lr:0.05)
<_io.TextIOWrapper name='<stderr>' mode='w' encoding='utf-8'> node index is 375
train linear regression time:  0.05630762502551079
(average_diff:1.0872084705709772e-05, max_diff:1.81375397171335e-05, training_epochs:500, lr:0.05)
<_io.TextIOWrapper name='<stderr>' mode='w' encoding='utf-8'> node index is 361
train linear regression time:  0.05644166609272361
(average_diff:0.017910946244332242, max_diff:0.03842375722207381, training_epochs:500, lr:0.05)
<_io.TextIOWrapper name='<stderr>' mode='w' encoding='utf-8'> node index is 347
train linear regression time:  0.05794404214248061
(average_diff:0.09254219429347688, max_diff:0.14814557465027917, training_epochs:500, lr:0.05)
<_io.TextIOWrapper name='<stderr>' mode='w' encoding='utf-8'> node index is 311
train linear regression time:  0.06094495812430978
(average_diff:0.019411018600546424, max_diff:0.03453962988241725, training_epochs:500, lr:0.05)
<_io.TextIOWrapper name='<stderr>' mode='w' encoding='utf-8'> node index is 299
train linear regression time:  0.05685745785012841
(average_diff:0.12420689725774571, max_diff:0.3498670306966817, training_epochs:500, lr:0.05)
<_io.TextIOWrapper name='<stderr>' mode='w' encoding='utf-8'> node index is 285
train linear regression time:  0.05595329124480486
(average_diff:0.013620058273965249, max_diff:0.026721509605574345, training_epochs:500, lr:0.05)
<_io.TextIOWrapper name='<stderr>' mode='w' encoding='utf-8'> node index is 269
train linear regression time:  0.05664008390158415
(average_diff:6.466025714857437e-09, max_diff:6.685166198394654e-09, training_epochs:500, lr:0.05)
<_io.TextIOWrapper name='<stderr>' mode='w' encoding='utf-8'> node index is 415
train linear regression time:  0.054795249830931425
(average_diff:0.0016837381949824787, max_diff:0.0024445702280709025, training_epochs:500, lr:0.05)
<_io.TextIOWrapper name='<stderr>' mode='w' encoding='utf-8'> node index is 411
train linear regression time:  0.054611333180218935
(average_diff:2.3592239273284576e-16, max_diff:2.7755575615628914e-16, training_epochs:500, lr:0.05)
<_io.TextIOWrapper name='<stderr>' mode='w' encoding='utf-8'> node index is 403
train linear regression time:  0.056002500001341105
(average_diff:0.024334375173498554, max_diff:0.06093994515186832, training_epochs:500, lr:0.05)
<_io.TextIOWrapper name='<stderr>' mode='w' encoding='utf-8'> node index is 389
train linear regression time:  0.06334908306598663
(average_diff:0.019315949322440313, max_diff:0.03972943937086604, training_epochs:500, lr:0.05)
<_io.TextIOWrapper name='<stderr>' mode='w' encoding='utf-8'> node index is 377
train linear regression time:  0.060387374833226204
(average_diff:0.002785022453142253, max_diff:0.004192883400457925, training_epochs:500, lr:0.05)
<_io.TextIOWrapper name='<stderr>' mode='w' encoding='utf-8'> node index is 363
train linear regression time:  0.060072958935052156
(average_diff:0.0004292370819235734, max_diff:0.0006364732510258375, training_epochs:500, lr:0.05)
<_io.TextIOWrapper name='<stderr>' mode='w' encoding='utf-8'> node index is 349
train linear regression time:  0.05769795831292868
(average_diff:0.04760911833621464, max_diff:0.09006360746979813, training_epochs:500, lr:0.05)
<_io.TextIOWrapper name='<stderr>' mode='w' encoding='utf-8'> node index is 335
train linear regression time:  0.057874999940395355
(average_diff:0.003914568661519009, max_diff:0.007131328551522403, training_epochs:500, lr:0.05)
<_io.TextIOWrapper name='<stderr>' mode='w' encoding='utf-8'> node index is 325
train linear regression time:  0.05646037496626377
(average_diff:0.09104124202544958, max_diff:0.20349098521617004, training_epochs:500, lr:0.05)
<_io.TextIOWrapper name='<stderr>' mode='w' encoding='utf-8'> node index is 313
train linear regression time:  0.05606141733005643
(average_diff:0.0, max_diff:0.0, training_epochs:500, lr:0.05)
<_io.TextIOWrapper name='<stderr>' mode='w' encoding='utf-8'> node index is 443
train linear regression time:  0.05678395926952362
(average_diff:0.06977064245250672, max_diff:0.12454075386633892, training_epochs:500, lr:0.05)
<_io.TextIOWrapper name='<stderr>' mode='w' encoding='utf-8'> node index is 431
train linear regression time:  0.05667270813137293
(average_diff:5.551115123125783e-17, max_diff:5.551115123125783e-17, training_epochs:500, lr:0.05)
<_io.TextIOWrapper name='<stderr>' mode='w' encoding='utf-8'> node index is 425
train linear regression time:  0.0551145002245903
(average_diff:3.7925365801346387e-06, max_diff:5.556080534152574e-06, training_epochs:500, lr:0.05)
<_io.TextIOWrapper name='<stderr>' mode='w' encoding='utf-8'> node index is 419
train linear regression time:  0.055392333306372166
(average_diff:2.2940048323890256e-08, max_diff:3.44204572066964e-08, training_epochs:500, lr:0.05)
<_io.TextIOWrapper name='<stderr>' mode='w' encoding='utf-8'> node index is 413
train linear regression time:  0.0555293750949204
(average_diff:3.3306690738754696e-16, max_diff:3.3306690738754696e-16, training_epochs:500, lr:0.05)
<_io.TextIOWrapper name='<stderr>' mode='w' encoding='utf-8'> node index is 405
train linear regression time:  0.057102457620203495
(average_diff:1.1102230246251565e-16, max_diff:1.1102230246251565e-16, training_epochs:500, lr:0.05)
<_io.TextIOWrapper name='<stderr>' mode='w' encoding='utf-8'> node index is 391
train linear regression time:  0.05642437469214201
(average_diff:2.220446049250313e-16, max_diff:2.220446049250313e-16, training_epochs:500, lr:0.05)
<_io.TextIOWrapper name='<stderr>' mode='w' encoding='utf-8'> node index is 379
train linear regression time:  0.05715562496334314
(average_diff:0.03557567408383635, max_diff:0.10895276893946426, training_epochs:500, lr:0.05)
<_io.TextIOWrapper name='<stderr>' mode='w' encoding='utf-8'> node index is 365
train linear regression time:  0.0575870000757277
(average_diff:6.822839057896157e-07, max_diff:6.865275015144334e-07, training_epochs:500, lr:0.05)
<_io.TextIOWrapper name='<stderr>' mode='w' encoding='utf-8'> node index is 351
train linear regression time:  0.0553998751565814
(average_diff:2.914335439641036e-16, max_diff:3.0531133177191805e-16, training_epochs:500, lr:0.05)
<_io.TextIOWrapper name='<stderr>' mode='w' encoding='utf-8'> node index is 337
train linear regression time:  0.05444945814087987
(average_diff:0.13742993071333612, max_diff:0.47511675090562344, training_epochs:500, lr:0.05)
<_io.TextIOWrapper name='<stderr>' mode='w' encoding='utf-8'> node index is 393
train linear regression time:  0.0551872500218451
(average_diff:1.6653345369377348e-16, max_diff:2.220446049250313e-16, training_epochs:500, lr:0.05)
<_io.TextIOWrapper name='<stderr>' mode='w' encoding='utf-8'> node index is 301
train linear regression time:  0.05653933295980096
(average_diff:0.06919951511917415, max_diff:0.14939584634685427, training_epochs:500, lr:0.05)
<_io.TextIOWrapper name='<stderr>' mode='w' encoding='utf-8'> node index is 271
train linear regression time:  0.05664004199206829
(average_diff:0.07484202962731179, max_diff:0.1908215499096484, training_epochs:500, lr:0.05)
<_io.TextIOWrapper name='<stderr>' mode='w' encoding='utf-8'> node index is 253
train linear regression time:  0.05484941694885492
(average_diff:0.20704879213773777, max_diff:0.3938679637714129, training_epochs:500, lr:0.05)
<_io.TextIOWrapper name='<stderr>' mode='w' encoding='utf-8'> node index is 227
train linear regression time:  0.05710095865651965
(average_diff:0.12695466857379806, max_diff:0.2643116642292474, training_epochs:500, lr:0.05)
<_io.TextIOWrapper name='<stderr>' mode='w' encoding='utf-8'> node index is 213
train linear regression time:  0.05726687517017126
(average_diff:0.0501963918282022, max_diff:0.11972534335759433, training_epochs:500, lr:0.05)
<_io.TextIOWrapper name='<stderr>' mode='w' encoding='utf-8'> node index is 201
train linear regression time:  0.05609537521377206
(average_diff:5.551115123125783e-17, max_diff:5.551115123125783e-17, training_epochs:500, lr:0.05)
<_io.TextIOWrapper name='<stderr>' mode='w' encoding='utf-8'> node index is 193
train linear regression time:  0.05738341715186834
(average_diff:0.021821044860934835, max_diff:0.0636547257263666, training_epochs:500, lr:0.05)
<_io.TextIOWrapper name='<stderr>' mode='w' encoding='utf-8'> node index is 187
train linear regression time:  0.05543799977749586
(average_diff:0.03611872392848061, max_diff:0.10522685103599527, training_epochs:500, lr:0.05)
<_io.TextIOWrapper name='<stderr>' mode='w' encoding='utf-8'> node index is 179
train linear regression time:  0.055607499554753304
(average_diff:5.551115123125783e-17, max_diff:5.551115123125783e-17, training_epochs:500, lr:0.05)
<_io.TextIOWrapper name='<stderr>' mode='w' encoding='utf-8'> node index is 171
train linear regression time:  0.05516141699627042
(average_diff:0.11191004078331042, max_diff:0.23061240703059127, training_epochs:500, lr:0.05)
<_io.TextIOWrapper name='<stderr>' mode='w' encoding='utf-8'> node index is 161
train linear regression time:  0.05365745909512043
(average_diff:1.1102230246251565e-16, max_diff:1.1102230246251565e-16, training_epochs:500, lr:0.05)
<_io.TextIOWrapper name='<stderr>' mode='w' encoding='utf-8'> node index is 367
train linear regression time:  0.05301837483420968
(average_diff:0.0, max_diff:0.0, training_epochs:500, lr:0.05)
<_io.TextIOWrapper name='<stderr>' mode='w' encoding='utf-8'> node index is 353
train linear regression time:  0.056855250149965286
(average_diff:2.220446049250313e-16, max_diff:2.220446049250313e-16, training_epochs:500, lr:0.05)
<_io.TextIOWrapper name='<stderr>' mode='w' encoding='utf-8'> node index is 339
train linear regression time:  0.056513958144932985
(average_diff:0.019319169991566593, max_diff:0.03348546245709605, training_epochs:500, lr:0.05)
<_io.TextIOWrapper name='<stderr>' mode='w' encoding='utf-8'> node index is 327
train linear regression time:  0.057832458056509495
(average_diff:0.026571841304727718, max_diff:0.12687689550722037, training_epochs:500, lr:0.05)
<_io.TextIOWrapper name='<stderr>' mode='w' encoding='utf-8'> node index is 315
train linear regression time:  0.05804025009274483
(average_diff:0.006692835433060623, max_diff:0.014072446102634806, training_epochs:500, lr:0.05)
<_io.TextIOWrapper name='<stderr>' mode='w' encoding='utf-8'> node index is 303
train linear regression time:  0.05581241613253951
(average_diff:0.03962905358988724, max_diff:0.08293624849462089, training_epochs:500, lr:0.05)
<_io.TextIOWrapper name='<stderr>' mode='w' encoding='utf-8'> node index is 287
train linear regression time:  0.055639542173594236
(average_diff:0.060055030001764376, max_diff:0.1365760917769, training_epochs:500, lr:0.05)
<_io.TextIOWrapper name='<stderr>' mode='w' encoding='utf-8'> node index is 273
train linear regression time:  0.05632216716185212
(average_diff:0.11577297619954963, max_diff:0.4874491182386974, training_epochs:500, lr:0.05)
<_io.TextIOWrapper name='<stderr>' mode='w' encoding='utf-8'> node index is 255
train linear regression time:  0.05633004102855921
(average_diff:0.0018575183801201878, max_diff:0.003844720853196981, training_epochs:500, lr:0.05)
<_io.TextIOWrapper name='<stderr>' mode='w' encoding='utf-8'> node index is 241
train linear regression time:  0.05601045908406377
(average_diff:0.17548979796984682, max_diff:0.5300053350723417, training_epochs:500, lr:0.05)
<_io.TextIOWrapper name='<stderr>' mode='w' encoding='utf-8'> node index is 229
train linear regression time:  0.05678570782765746
(average_diff:0.11042219777679413, max_diff:0.3241562192294152, training_epochs:500, lr:0.05)
<_io.TextIOWrapper name='<stderr>' mode='w' encoding='utf-8'> node index is 215
train linear regression time:  0.05667404178529978
(average_diff:0.04677592293499416, max_diff:0.11191104091183124, training_epochs:500, lr:0.05)
<_io.TextIOWrapper name='<stderr>' mode='w' encoding='utf-8'> node index is 203
train linear regression time:  0.057971625123173
(average_diff:0.015319198767074748, max_diff:0.035661862754367446, training_epochs:500, lr:0.05)
<_io.TextIOWrapper name='<stderr>' mode='w' encoding='utf-8'> node index is 195
train linear regression time:  0.05593100003898144
(average_diff:0.15361244204026472, max_diff:0.34378599299876955, training_epochs:500, lr:0.05)
<_io.TextIOWrapper name='<stderr>' mode='w' encoding='utf-8'> node index is 7
train linear regression time:  0.05715341726318002
(average_diff:0.13100012980943296, max_diff:0.46009663029845077, training_epochs:500, lr:0.05)
<_io.TextIOWrapper name='<stderr>' mode='w' encoding='utf-8'> node index is 5
train linear regression time:  0.05783841712400317
testFringe time:  14.190770791843534
<_io.TextIOWrapper name='<stderr>' mode='w' encoding='utf-8'> =============== update finished ===============

*** Writing Game File 78***

<_io.TextIOWrapper name='../print_tree_record_numpy/print_DR_boost_linear_tree_split.txt' mode='w' encoding='UTF-8'> idx1(Q:0.4010, distinct_name:0, dictinctin_value:2.569683891588169, par:None)
	idx4(Q:0.4016, distinct_name:0, dictinctin_value:2.507749956207568, par:1)
		idx6(Q:0.4015, distinct_name:0, dictinctin_value:-0.050698982385153205, par:4)
			idx8(Q:0.4618, distinct_name:0, dictinctin_value:-0.5002368440471089, par:6)
				idx10(Q:0.5078, distinct_name:3, dictinctin_value:0.7373220788164561, par:8)
					idx12(Q:0.4824, distinct_name:1, dictinctin_value:0.8498558206992594, par:10)
						idx18(Q:0.4300, distinct_name:2, dictinctin_value:0.8559921607301466, par:12)
							idx24(Q:0.4232, distinct_name:0, dictinctin_value:-0.5901212893723445, par:18)
								idx30(Q:0.4301, distinct_name:2, dictinctin_value:0.5095422779981766, par:24)
									idx38(Q:0.4489, distinct_name:2, dictinctin_value:0.24909091887867726, par:30)
										idx44(Q:0.4761, distinct_name:2, dictinctin_value:-0.06052347242753761, par:38)
											idx54(Q:0.5244, distinct_name:2, dictinctin_value:-0.16873413911779458, par:44)
												idx62(Q:0.5503, distinct_name:2, dictinctin_value:-0.3117760123070312, par:54)
													idx70(Q:0.5959, distinct_name:2, dictinctin_value:-0.36929151673896154, par:62)
														idx76(Q:0.6232, distinct_name:2, dictinctin_value:-0.4513587540231024, par:70)
															idx82(Q:0.6598, distinct_name:2, dictinctin_value:-0.49926091712096626, par:76)
																idx90(Q:0.6751, distinct_name:2, dictinctin_value:-0.5261921216626007, par:82)
																	idx100(Q:0.6863, distinct_name:2, dictinctin_value:-0.5682634996789567, par:90)
																		idx110(Q:0.7010, distinct_name:2, dictinctin_value:-0.576514535000767, par:100)
																			idx120(Q:0.7040, par:110)
																			idx121(Q:0.4001, par:110)
																		idx111(Q:0.3593, par:100)
																	idx101(Q:0.3591, par:90)
																idx91(Q:0.3280, par:82)
															idx83(Q:0.3026, par:76)
														idx77(Q:0.2661, par:70)
													idx71(Q:0.2694, par:62)
												idx63(Q:0.2189, par:54)
											idx55(Q:0.2433, distinct_name:0, dictinctin_value:-0.6476910175840919, par:44)
												idx464(Q:0.2469, distinct_name:3, dictinctin_value:0.6680194197252473, par:55)
													idx468(Q:0.2435, distinct_name:0, dictinctin_value:-0.6858015235311999, par:464)
														idx474(Q:0.2442, distinct_name:2, dictinctin_value:0.24031958562965672, par:468)
															idx480(Q:0.2415, distinct_name:2, dictinctin_value:0.22712878489931437, par:474)
																idx484(Q:0.2433, distinct_name:0, dictinctin_value:-0.6984661740702743, par:480)
																	idx492(Q:0.2413, distinct_name:2, dictinctin_value:0.2205862992769331, par:484)
																		idx500(Q:0.2409, distinct_name:1, dictinctin_value:0.7515347460969897, par:492)
																			idx518(Q:0.2427, par:500)
																			idx519(Q:0.1310, par:500)
																		idx501(Q:0.2751, par:492)
																	idx493(Q:0.3077, par:484)
																idx485(Q:0.1301, par:480)
															idx481(Q:0.3124, par:474)
														idx475(Q:0.1567, par:468)
													idx469(Q:0.3624, par:464)
												idx465(Q:0.1184, par:55)
										idx45(Q:0.2483, distinct_name:0, dictinctin_value:-0.6043607795061433, par:38)
											idx510(Q:0.2495, distinct_name:1, dictinctin_value:0.8144916165556727, par:45)
												idx520(Q:0.2418, distinct_name:1, dictinctin_value:0.7699133155688844, par:510)
													idx530(Q:0.2388, distinct_name:2, dictinctin_value:0.5073691095938268, par:520)
														idx536(Q:0.2394, distinct_name:0, dictinctin_value:-0.6190066933050004, par:530)
															idx548(Q:0.2381, distinct_name:0, dictinctin_value:-0.6463225202144014, par:536)
																idx570(Q:0.2388, distinct_name:0, dictinctin_value:-0.6564390430626009, par:548)
																	idx580(Q:0.2401, distinct_name:3, dictinctin_value:0.6572555751708343, par:570)
																		idx586(Q:0.2392, par:580)
																		idx587(Q:0.2818, par:580)
																	idx581(Q:0.1052, par:570)
																idx571(Q:0.1692, par:548)
															idx549(Q:0.3743, par:536)
														idx537(Q:0.2094, par:530)
													idx531(Q:0.3493, par:520)
												idx521(Q:0.5313, par:510)
											idx511(Q:0.1130, par:45)
									idx39(Q:0.3125, distinct_name:1, dictinctin_value:0.8040063207197937, par:30)
										idx426(Q:0.3092, distinct_name:2, dictinctin_value:0.8419373683110459, par:39)
											idx432(Q:0.3108, distinct_name:0, dictinctin_value:-0.6009391153368029, par:426)
												idx444(Q:0.3128, distinct_name:0, dictinctin_value:-0.6041087413020046, par:432)
													idx448(Q:0.3126, distinct_name:0, dictinctin_value:-0.6100701052011255, par:444)
														idx456(Q:0.3126, distinct_name:0, dictinctin_value:-0.6407957166920598, par:448)
															idx460(Q:0.3168, distinct_name:0, dictinctin_value:-0.6555246386975058, par:456)
																idx466(Q:0.3192, distinct_name:0, dictinctin_value:-0.6720161756487143, par:460)
																	idx470(Q:0.3230, distinct_name:0, dictinctin_value:-0.6781083126032775, par:466)
																		idx472(Q:0.3229, distinct_name:0, dictinctin_value:-0.7020609777266955, par:470)
																			idx476(Q:0.3257, par:472)
																			idx477(Q:0.2334, par:472)
																		idx473(Q:0.3250, par:470)
																	idx471(Q:0.0686, par:466)
																idx467(Q:0.1550, par:460)
															idx461(Q:0.1206, par:456)
														idx457(Q:0.3118, par:448)
													idx449(Q:0.3527, par:444)
												idx445(Q:0.1599, par:432)
											idx433(Q:0.1937, par:426)
										idx427(Q:0.4793, par:39)
								idx31(Q:0.3539, distinct_name:0, dictinctin_value:-0.5002719881995846, par:24)
									idx544(Q:0.3543, distinct_name:1, dictinctin_value:0.7593054056611713, par:31)
										idx550(Q:0.3567, distinct_name:0, dictinctin_value:-0.5062520951871772, par:544)
											idx562(Q:0.3607, distinct_name:0, dictinctin_value:-0.5080035363270362, par:550)
												idx572(Q:0.3646, distinct_name:0, dictinctin_value:-0.5084639498879526, par:562)
													idx582(Q:0.3654, distinct_name:0, dictinctin_value:-0.5089199594147691, par:572)
														idx588(Q:0.3695, par:582)
														idx589(Q:0.1598, par:582)
													idx583(Q:0.2789, par:572)
												idx573(Q:0.1588, par:562)
											idx563(Q:0.1492, par:550)
										idx551(Q:0.2268, par:544)
									idx545(Q:0.3129, par:31)
							idx25(Q:0.4602, distinct_name:0, dictinctin_value:-0.5389580903277561, par:18)
								idx216(Q:0.4621, distinct_name:0, dictinctin_value:-0.5573162410999996, par:25)
									idx230(Q:0.4636, distinct_name:0, dictinctin_value:-0.5917620279880862, par:216)
										idx242(Q:0.4763, distinct_name:1, dictinctin_value:0.8127647407611875, par:230)
											idx256(Q:0.4718, distinct_name:0, dictinctin_value:-0.6131626140571143, par:242)
												idx288(Q:0.4741, distinct_name:0, dictinctin_value:-0.7076582377440916, par:256)
													idx304(Q:0.4956, distinct_name:0, dictinctin_value:-0.717862250694298, par:288)
														idx316(Q:0.4986, distinct_name:0, dictinctin_value:-0.7734253050900186, par:304)
															idx328(Q:0.5061, distinct_name:0, dictinctin_value:-0.7970945326559435, par:316)
																idx340(Q:0.5072, distinct_name:3, dictinctin_value:0.6595389343928215, par:328)
																	idx354(Q:0.5014, distinct_name:3, dictinctin_value:0.6186331758365281, par:340)
																		idx368(Q:0.4968, distinct_name:3, dictinctin_value:0.5952455969358141, par:354)
																			idx380(Q:0.4950, par:368)
																			idx381(Q:0.5796, par:368)
																		idx369(Q:0.9254, par:354)
																	idx355(Q:0.7825, par:340)
																idx341(Q:0.4646, par:328)
															idx329(Q:0.3485, par:316)
														idx317(Q:0.3428, par:304)
													idx305(Q:0.2987, par:288)
												idx289(Q:0.1966, par:256)
											idx257(Q:0.6915, par:242)
										idx243(Q:0.2570, par:230)
									idx231(Q:0.3288, par:216)
								idx217(Q:0.4047, par:25)
						idx19(Q:0.7009, distinct_name:0, dictinctin_value:-0.5046072639210131, par:12)
							idx152(Q:0.7008, distinct_name:2, dictinctin_value:1.74305991171075, par:19)
								idx162(Q:0.6899, distinct_name:2, dictinctin_value:1.5651912903147052, par:152)
									idx172(Q:0.6806, distinct_name:2, dictinctin_value:1.0939968976733132, par:162)
										idx180(Q:0.6579, distinct_name:2, dictinctin_value:0.9064820637809338, par:172)
											idx188(Q:0.6481, distinct_name:2, dictinctin_value:0.8130327408821636, par:180)
												idx196(Q:0.6401, distinct_name:2, dictinctin_value:0.714578820015968, par:188)
													idx204(Q:0.6393, distinct_name:0, dictinctin_value:-0.5137296726081428, par:196)
														idx218(Q:0.6420, distinct_name:2, dictinctin_value:0.4860989258104936, par:204)
															idx232(Q:0.6427, distinct_name:1, dictinctin_value:2.2330900660097845, par:218)
																idx244(Q:0.6305, distinct_name:2, dictinctin_value:0.44559578649865966, par:232)
																	idx258(Q:0.6275, distinct_name:2, dictinctin_value:0.32419638005931734, par:244)
																		idx274(Q:0.6274, distinct_name:0, dictinctin_value:-0.5233031664270825, par:258)
																			idx290(Q:0.6274, par:274)
																			idx291(Q:0.6173, par:274)
																		idx275(Q:0.6332, par:258)
																	idx259(Q:0.7701, par:244)
																idx245(Q:0.9413, par:232)
															idx233(Q:0.6324, par:218)
														idx219(Q:0.4556, par:204)
													idx205(Q:0.6694, par:196)
												idx197(Q:0.8759, par:188)
											idx189(Q:0.8521, par:180)
										idx181(Q:0.9871, par:172)
									idx173(Q:1.0016, par:162)
								idx163(Q:1.0424, par:152)
							idx153(Q:0.7365, par:19)
					idx13(Q:0.5855, distinct_name:2, dictinctin_value:1.929601246827043, par:10)
						idx92(Q:0.5725, distinct_name:1, dictinctin_value:1.2557733390904973, par:13)
							idx102(Q:0.5410, distinct_name:2, dictinctin_value:1.4527612583425853, par:92)
								idx112(Q:0.5285, distinct_name:2, dictinctin_value:1.3531114404933846, par:102)
									idx122(Q:0.5259, distinct_name:2, dictinctin_value:1.0639310625609943, par:112)
										idx130(Q:0.5137, distinct_name:2, dictinctin_value:0.8759607452183222, par:122)
											idx136(Q:0.5054, distinct_name:2, dictinctin_value:0.6228991526328211, par:130)
												idx142(Q:0.5019, distinct_name:2, dictinctin_value:0.4885947458466264, par:136)
													idx146(Q:0.4944, distinct_name:1, dictinctin_value:1.1059975491047376, par:142)
														idx148(Q:0.4855, distinct_name:3, dictinctin_value:2.363964647313972, par:146)
															idx154(Q:0.4785, distinct_name:3, dictinctin_value:1.536573712246935, par:148)
																idx164(Q:0.4554, distinct_name:1, dictinctin_value:0.49075596239548774, par:154)
																	idx206(Q:0.4232, distinct_name:3, dictinctin_value:1.525286896575752, par:164)
																		idx220(Q:0.4227, distinct_name:2, dictinctin_value:0.38874536608000104, par:206)
																			idx234(Q:0.4261, par:220)
																			idx235(Q:0.2940, par:220)
																		idx221(Q:0.4555, par:206)
																	idx207(Q:0.6218, par:164)
																idx165(Q:0.5667, par:154)
															idx155(Q:0.6475, par:148)
														idx149(Q:0.7657, par:146)
													idx147(Q:0.5812, par:142)
												idx143(Q:0.5455, par:136)
											idx137(Q:0.6910, par:130)
										idx131(Q:0.7114, par:122)
									idx123(Q:0.6587, par:112)
								idx113(Q:0.8090, par:102)
							idx103(Q:0.9310, par:92)
						idx93(Q:1.0306, par:13)
				idx11(Q:0.3782, distinct_name:3, dictinctin_value:1.284568987543642, par:8)
					idx32(Q:0.3566, distinct_name:3, dictinctin_value:0.5763111575206541, par:11)
						idx40(Q:0.3402, distinct_name:2, dictinctin_value:1.4159847670297276, par:32)
							idx46(Q:0.3306, distinct_name:2, dictinctin_value:0.8764611652526798, par:40)
								idx56(Q:0.3378, distinct_name:2, dictinctin_value:0.6776552612944613, par:46)
									idx64(Q:0.3428, distinct_name:0, dictinctin_value:-0.10007893227380851, par:56)
										idx72(Q:0.3421, distinct_name:2, dictinctin_value:0.481251420222257, par:64)
											idx78(Q:0.3528, distinct_name:2, dictinctin_value:0.43236682950932387, par:72)
												idx84(Q:0.3585, distinct_name:2, dictinctin_value:0.2322739018313544, par:78)
													idx94(Q:0.3792, distinct_name:2, dictinctin_value:0.1692901075380102, par:84)
														idx104(Q:0.3882, distinct_name:2, dictinctin_value:0.044622068949871425, par:94)
															idx114(Q:0.4086, distinct_name:2, dictinctin_value:-0.04421252452423217, par:104)
																idx124(Q:0.4263, distinct_name:2, dictinctin_value:-0.12551407150931976, par:114)
																	idx132(Q:0.4422, distinct_name:2, dictinctin_value:-0.16179863391045127, par:124)
																		idx138(Q:0.4525, distinct_name:2, dictinctin_value:-0.1987692173924826, par:132)
																			idx144(Q:0.4707, par:138)
																			idx145(Q:0.1587, par:138)
																		idx139(Q:0.1639, par:132)
																	idx133(Q:0.1968, par:124)
																idx125(Q:0.1340, par:114)
															idx115(Q:0.1772, par:104)
														idx105(Q:0.2029, par:94)
													idx95(Q:0.1759, par:84)
												idx85(Q:0.1820, par:78)
											idx79(Q:0.2207, par:72)
										idx73(Q:0.3495, par:64)
									idx65(Q:0.2693, par:56)
								idx57(Q:0.2857, distinct_name:0, dictinctin_value:-0.07115888508263095, par:46)
									idx486(Q:0.2892, distinct_name:2, dictinctin_value:1.3997870335092657, par:57)
										idx494(Q:0.2892, distinct_name:0, dictinctin_value:-0.07160732513030894, par:486)
											idx504(Q:0.2859, distinct_name:0, dictinctin_value:-0.08350405569893737, par:494)
												idx512(Q:0.2874, distinct_name:1, dictinctin_value:1.8788415154351898, par:504)
													idx522(Q:0.2764, distinct_name:1, dictinctin_value:1.7168001155290575, par:512)
														idx538(Q:0.2694, distinct_name:0, dictinctin_value:-0.08454829370887558, par:522)
															idx552(Q:0.2669, distinct_name:3, dictinctin_value:0.4530042815419259, par:538)
																idx556(Q:0.2686, distinct_name:0, dictinctin_value:-0.08608502852647902, par:552)
																	idx564(Q:0.2699, distinct_name:0, dictinctin_value:-0.08644796937551802, par:556)
																		idx574(Q:0.2695, distinct_name:0, dictinctin_value:-0.08717123163966492, par:564)
																			idx584(Q:0.2711, par:574)
																			idx585(Q:0.1069, par:574)
																		idx575(Q:0.3124, par:564)
																	idx565(Q:0.1341, par:556)
																idx557(Q:0.2231, par:552)
															idx553(Q:0.5355, par:538)
														idx539(Q:0.6590, par:522)
													idx523(Q:0.8978, par:512)
												idx513(Q:0.1098, par:504)
											idx505(Q:0.6691, par:494)
										idx495(Q:0.2877, par:486)
									idx487(Q:0.1831, par:57)
							idx47(Q:0.4402, par:40)
						idx41(Q:0.4244, distinct_name:3, dictinctin_value:1.2541204520301295, par:32)
							idx246(Q:0.4169, distinct_name:0, dictinctin_value:-0.05401988313827026, par:41)
								idx260(Q:0.4174, distinct_name:2, dictinctin_value:2.0807886731763334, par:246)
									idx276(Q:0.4043, distinct_name:2, dictinctin_value:1.8994422532815647, par:260)
										idx292(Q:0.3999, distinct_name:1, dictinctin_value:1.2716943858922887, par:276)
											idx306(Q:0.3779, distinct_name:2, dictinctin_value:1.8085097405850585, par:292)
												idx318(Q:0.3680, distinct_name:0, dictinctin_value:-0.06832580226386262, par:306)
													idx330(Q:0.3626, distinct_name:1, dictinctin_value:1.0161843934440484, par:318)
														idx342(Q:0.3568, distinct_name:0, dictinctin_value:-0.11082738421514442, par:330)
															idx356(Q:0.3504, distinct_name:0, dictinctin_value:-0.1239714467724242, par:342)
																idx370(Q:0.3515, distinct_name:1, dictinctin_value:0.8661774768232812, par:356)
																	idx382(Q:0.3476, distinct_name:0, dictinctin_value:-0.13038566790821624, par:370)
																		idx396(Q:0.3477, distinct_name:1, dictinctin_value:0.7685182247259327, par:382)
																			idx406(Q:0.3430, par:396)
																			idx407(Q:0.5249, par:396)
																		idx397(Q:0.3395, par:382)
																	idx383(Q:0.5070, par:370)
																idx371(Q:0.1581, par:356)
															idx357(Q:0.4318, par:342)
														idx343(Q:0.4887, par:330)
													idx331(Q:0.5673, par:318)
												idx319(Q:0.8472, par:306)
											idx307(Q:0.6019, par:292)
										idx293(Q:0.8758, par:276)
									idx277(Q:0.8869, par:260)
								idx261(Q:0.3940, par:246)
							idx247(Q:0.6656, par:41)
					idx33(Q:0.5611, distinct_name:2, dictinctin_value:1.8206658800741853, par:11)
						idx436(Q:0.5478, distinct_name:0, dictinctin_value:-0.055487221535360155, par:33)
							idx438(Q:0.5448, distinct_name:0, dictinctin_value:-0.06661868934946451, par:436)
								idx450(Q:0.5482, distinct_name:2, dictinctin_value:1.6280055741424861, par:438)
									idx458(Q:0.5391, distinct_name:2, dictinctin_value:1.4609118350831285, par:450)
										idx462(Q:0.5316, distinct_name:0, dictinctin_value:-0.06716992247771125, par:458)
											idx478(Q:0.5334, distinct_name:0, dictinctin_value:-0.06950841565798693, par:462)
												idx482(Q:0.5322, distinct_name:0, dictinctin_value:-0.07617984110574617, par:478)
													idx488(Q:0.5352, distinct_name:0, dictinctin_value:-0.09812148969449835, par:482)
														idx496(Q:0.5367, distinct_name:0, dictinctin_value:-0.10012482464779363, par:488)
															idx502(Q:0.5401, distinct_name:2, dictinctin_value:1.4064514939244364, par:496)
																idx514(Q:0.5364, distinct_name:2, dictinctin_value:1.318805451770871, par:502)
																	idx524(Q:0.5260, distinct_name:0, dictinctin_value:-0.11118736531331526, par:514)
																		idx532(Q:0.5262, distinct_name:0, dictinctin_value:-0.12850307532465371, par:524)
																			idx540(Q:0.5298, par:532)
																			idx541(Q:0.3260, par:532)
																		idx533(Q:0.5198, par:524)
																	idx525(Q:0.9326, par:514)
																idx515(Q:0.7615, par:502)
															idx503(Q:0.1239, par:496)
														idx497(Q:0.4907, par:488)
													idx489(Q:0.1612, par:482)
												idx483(Q:0.6779, par:478)
											idx479(Q:0.3023, par:462)
										idx463(Q:0.8604, par:458)
									idx459(Q:0.9430, par:450)
								idx451(Q:0.3190, par:438)
							idx439(Q:0.9613, par:436)
						idx437(Q:0.9235, par:33)
			idx9(Q:0.3453, distinct_name:1, dictinctin_value:1.4532912275447858, par:6)
				idx14(Q:0.3240, distinct_name:0, dictinctin_value:0.6708677617788001, par:9)
					idx16(Q:0.3387, distinct_name:0, dictinctin_value:0.5219929201544601, par:14)
						idx20(Q:0.3375, distinct_name:0, dictinctin_value:0.38200451643824146, par:16)
							idx26(Q:0.3443, distinct_name:0, dictinctin_value:0.29175973898130836, par:20)
								idx34(Q:0.3455, distinct_name:3, dictinctin_value:1.2405945003824483, par:26)
									idx42(Q:0.3166, distinct_name:2, dictinctin_value:1.6139678071673451, par:34)
										idx48(Q:0.3127, distinct_name:1, dictinctin_value:1.0148453699076618, par:42)
											idx58(Q:0.2997, distinct_name:2, dictinctin_value:0.8422101128546527, par:48)
												idx66(Q:0.3072, distinct_name:2, dictinctin_value:0.5718071591898053, par:58)
													idx74(Q:0.3208, distinct_name:2, dictinctin_value:0.3335199702259944, par:66)
														idx80(Q:0.3453, distinct_name:2, dictinctin_value:0.2585267021680285, par:74)
															idx86(Q:0.3523, distinct_name:2, dictinctin_value:0.13295569297273957, par:80)
																idx96(Q:0.3681, distinct_name:2, dictinctin_value:0.0933394603867821, par:86)
																	idx106(Q:0.3758, distinct_name:2, dictinctin_value:0.047951172568074005, par:96)
																		idx116(Q:0.3839, distinct_name:2, dictinctin_value:-0.0025517231675584334, par:106)
																			idx126(Q:0.3910, par:116)
																			idx127(Q:0.1251, par:116)
																		idx117(Q:0.1535, par:106)
																	idx107(Q:0.1150, par:96)
																idx97(Q:0.1334, par:86)
															idx87(Q:0.1621, par:80)
														idx81(Q:0.1563, par:74)
													idx75(Q:0.1927, par:66)
												idx67(Q:0.2599, distinct_name:0, dictinctin_value:0.284001031471605, par:58)
													idx506(Q:0.2602, distinct_name:0, dictinctin_value:0.28239410324000885, par:67)
														idx526(Q:0.2581, distinct_name:1, dictinctin_value:0.83535054985968, par:506)
															idx546(Q:0.2326, distinct_name:2, dictinctin_value:1.5992728183505887, par:526)
																idx554(Q:0.2348, distinct_name:0, dictinctin_value:0.27983576931814547, par:546)
																	idx558(Q:0.2357, distinct_name:2, dictinctin_value:1.5459775970266707, par:554)
																		idx566(Q:0.2313, distinct_name:2, dictinctin_value:1.5137425616672946, par:558)
																			idx576(Q:0.2314, par:566)
																			idx577(Q:0.2291, par:566)
																		idx567(Q:0.3494, par:558)
																	idx559(Q:0.1412, par:554)
																idx555(Q:0.1136, par:546)
															idx547(Q:0.7287, par:526)
														idx527(Q:0.5128, par:506)
													idx507(Q:0.2169, par:67)
											idx59(Q:0.4270, par:48)
										idx49(Q:0.3934, par:42)
									idx43(Q:0.5547, distinct_name:3, dictinctin_value:2.7956706813891117, par:34)
										idx490(Q:0.5433, distinct_name:0, dictinctin_value:0.28758459307995216, par:43)
											idx498(Q:0.5377, distinct_name:2, dictinctin_value:1.7926081731949, par:490)
												idx508(Q:0.5302, distinct_name:0, dictinctin_value:0.2865220549225975, par:498)
													idx516(Q:0.5297, distinct_name:0, dictinctin_value:0.2785989659591723, par:508)
														idx528(Q:0.5383, distinct_name:3, dictinctin_value:2.7261255458914433, par:516)
															idx534(Q:0.5425, distinct_name:0, dictinctin_value:0.2763906794093015, par:528)
																idx542(Q:0.5446, distinct_name:0, dictinctin_value:0.2703031142425218, par:534)
																	idx560(Q:0.5433, distinct_name:3, dictinctin_value:2.563708411050972, par:542)
																		idx568(Q:0.5390, distinct_name:2, dictinctin_value:1.5803350412841866, par:560)
																			idx578(Q:0.5304, par:568)
																			idx579(Q:0.8323, par:568)
																		idx569(Q:0.7699, par:560)
																	idx561(Q:0.6884, par:542)
																idx543(Q:0.3073, par:534)
															idx535(Q:0.3125, par:528)
														idx529(Q:0.2106, par:516)
													idx517(Q:0.5832, par:508)
												idx509(Q:0.9712, par:498)
											idx499(Q:1.1979, par:490)
										idx491(Q:1.0038, par:43)
								idx35(Q:0.3394, distinct_name:1, dictinctin_value:1.344826515865718, par:26)
									idx236(Q:0.3370, distinct_name:3, dictinctin_value:1.6897348587436034, par:35)
										idx248(Q:0.3226, distinct_name:1, dictinctin_value:1.2341402111364463, par:236)
											idx262(Q:0.3228, distinct_name:3, dictinctin_value:1.3356049450605056, par:248)
												idx278(Q:0.3183, distinct_name:2, dictinctin_value:1.6241822054726756, par:262)
													idx294(Q:0.3102, distinct_name:0, dictinctin_value:0.3731119474318981, par:278)
														idx320(Q:0.3064, distinct_name:3, dictinctin_value:1.2759579982069145, par:294)
															idx344(Q:0.2953, distinct_name:0, dictinctin_value:0.37304242798500226, par:320)
																idx358(Q:0.2952, distinct_name:0, dictinctin_value:0.3707677109507447, par:344)
																	idx372(Q:0.2979, distinct_name:0, dictinctin_value:0.3697040787425107, par:358)
																		idx384(Q:0.2995, distinct_name:2, dictinctin_value:1.3789177574365135, par:372)
																			idx398(Q:0.2971, par:384)
																			idx399(Q:0.3513, par:384)
																		idx385(Q:0.2247, par:372)
																	idx373(Q:0.1232, par:358)
																idx359(Q:0.3297, par:344)
															idx345(Q:0.6603, par:320)
														idx321(Q:0.3865, par:294)
													idx295(Q:0.5039, par:278)
												idx279(Q:0.4619, par:262)
											idx263(Q:0.3069, par:248)
										idx249(Q:0.7466, par:236)
									idx237(Q:0.4358, par:35)
							idx27(Q:0.3128, distinct_name:2, dictinctin_value:1.5527241962490086, par:20)
								idx156(Q:0.3095, distinct_name:0, dictinctin_value:0.5137061072990365, par:27)
									idx166(Q:0.3140, distinct_name:0, dictinctin_value:0.5083060291160676, par:156)
										idx174(Q:0.3134, distinct_name:1, dictinctin_value:1.235555391656205, par:166)
											idx182(Q:0.3133, distinct_name:0, dictinctin_value:0.499318407708209, par:174)
												idx190(Q:0.3197, distinct_name:3, dictinctin_value:1.6437138459193195, par:182)
													idx198(Q:0.3131, distinct_name:0, dictinctin_value:0.4978828276393789, par:190)
														idx208(Q:0.3155, distinct_name:2, dictinctin_value:1.3588453420210258, par:198)
															idx222(Q:0.3130, distinct_name:2, dictinctin_value:0.9721483625475897, par:208)
																idx238(Q:0.3140, distinct_name:0, dictinctin_value:0.4972801494332726, par:222)
																	idx250(Q:0.3117, distinct_name:2, dictinctin_value:0.944961054171824, par:238)
																		idx264(Q:0.3150, distinct_name:2, dictinctin_value:0.872803430709856, par:250)
																			idx280(Q:0.3194, par:264)
																			idx281(Q:0.2212, par:264)
																		idx265(Q:0.0703, par:250)
																	idx251(Q:0.5718, par:238)
																idx239(Q:0.3002, par:222)
															idx223(Q:0.3837, par:208)
														idx209(Q:0.1910, par:198)
													idx199(Q:0.6635, par:190)
												idx191(Q:0.2230, par:182)
											idx183(Q:0.3175, par:174)
										idx175(Q:0.3267, par:166)
									idx167(Q:0.2464, par:156)
								idx157(Q:0.4033, par:27)
						idx21(Q:0.3439, distinct_name:1, dictinctin_value:1.3201670622027022, par:16)
							idx150(Q:0.3417, distinct_name:1, dictinctin_value:1.2234607090751204, par:21)
								idx158(Q:0.3423, distinct_name:1, dictinctin_value:1.0226433736171432, par:150)
									idx168(Q:0.3363, distinct_name:0, dictinctin_value:0.6649352976939671, par:158)
										idx176(Q:0.3363, distinct_name:2, dictinctin_value:1.8028367177150562, par:168)
											idx184(Q:0.3335, distinct_name:3, dictinctin_value:1.321083281680176, par:176)
												idx210(Q:0.3136, distinct_name:1, dictinctin_value:0.7493197611500411, par:184)
													idx224(Q:0.3119, distinct_name:2, dictinctin_value:1.1954012588052898, par:210)
														idx266(Q:0.3128, distinct_name:1, dictinctin_value:0.6035401367847275, par:224)
															idx282(Q:0.3156, distinct_name:1, dictinctin_value:0.5166827335099701, par:266)
																idx296(Q:0.3219, distinct_name:0, dictinctin_value:0.663963378246939, par:282)
																	idx308(Q:0.3198, distinct_name:0, dictinctin_value:0.6638782806630827, par:296)
																		idx322(Q:0.3179, distinct_name:2, dictinctin_value:1.1091905022156634, par:308)
																			idx332(Q:0.3222, par:322)
																			idx333(Q:0.1630, par:322)
																		idx323(Q:0.7405, par:308)
																	idx309(Q:0.7765, par:296)
																idx297(Q:0.1763, par:282)
															idx283(Q:0.2565, par:266)
														idx267(Q:0.3004, par:224)
													idx225(Q:0.3288, par:210)
												idx211(Q:0.5509, par:184)
											idx185(Q:0.4116, par:176)
										idx177(Q:0.3370, par:168)
									idx169(Q:0.5158, par:158)
								idx159(Q:0.2774, par:150)
							idx151(Q:0.4317, par:21)
					idx17(Q:0.3081, distinct_name:3, dictinctin_value:0.8871619234739136, par:14)
						idx22(Q:0.2768, distinct_name:1, dictinctin_value:0.895274831679809, par:17)
							idx28(Q:0.2620, distinct_name:3, dictinctin_value:0.4147697243292515, par:22)
								idx36(Q:0.2534, distinct_name:3, dictinctin_value:-0.009439492879810042, par:28)
									idx50(Q:0.2501, distinct_name:0, dictinctin_value:2.3121117874404824, par:36)
										idx52(Q:0.2511, distinct_name:0, dictinctin_value:1.9483716250181808, par:50)
											idx60(Q:0.2540, distinct_name:3, dictinctin_value:-0.018025248765568658, par:52)
												idx68(Q:0.2615, distinct_name:2, dictinctin_value:0.8033765660185509, par:60)
													idx88(Q:0.2662, distinct_name:2, dictinctin_value:0.6003623148969123, par:68)
														idx98(Q:0.2740, distinct_name:2, dictinctin_value:0.5329635912790776, par:88)
															idx108(Q:0.2787, distinct_name:2, dictinctin_value:0.3621996786015208, par:98)
																idx118(Q:0.2925, distinct_name:3, dictinctin_value:-0.05260374571449391, par:108)
																	idx128(Q:0.2946, distinct_name:2, dictinctin_value:0.22149263805201816, par:118)
																		idx134(Q:0.3085, distinct_name:2, dictinctin_value:0.13324256965432388, par:128)
																			idx140(Q:0.3204, par:134)
																			idx141(Q:0.1372, par:134)
																		idx135(Q:0.1451, par:128)
																	idx129(Q:0.2327, par:118)
																idx119(Q:0.1420, par:108)
															idx109(Q:0.1719, par:98)
														idx99(Q:0.1659, par:88)
													idx89(Q:0.2452, distinct_name:0, dictinctin_value:1.9001636825637473, par:68)
														idx420(Q:0.2431, distinct_name:0, dictinctin_value:1.8970534364477791, par:89)
															idx428(Q:0.2433, distinct_name:0, dictinctin_value:1.7864713255325577, par:420)
																idx434(Q:0.2452, distinct_name:0, dictinctin_value:1.7345810667045185, par:428)
																	idx440(Q:0.2426, distinct_name:0, dictinctin_value:1.7300479805066988, par:434)
																		idx446(Q:0.2433, distinct_name:0, dictinctin_value:1.6826477660222412, par:440)
																			idx452(Q:0.2408, par:446)
																			idx453(Q:0.3516, par:446)
																		idx447(Q:0.1492, par:440)
																	idx441(Q:0.3355, par:434)
																idx435(Q:0.1908, par:428)
															idx429(Q:0.2144, par:420)
														idx421(Q:0.2937, par:89)
												idx69(Q:0.1938, par:60)
											idx61(Q:0.2034, par:52)
										idx53(Q:0.2033, par:50)
									idx51(Q:0.2640, distinct_name:0, dictinctin_value:2.2255864685353126, par:36)
										idx268(Q:0.2650, distinct_name:0, dictinctin_value:1.8770234609938123, par:51)
											idx284(Q:0.2651, distinct_name:1, dictinctin_value:0.8208254329434517, par:268)
												idx298(Q:0.2671, distinct_name:0, dictinctin_value:1.7199871451158526, par:284)
													idx310(Q:0.2687, distinct_name:3, dictinctin_value:0.39481973457279324, par:298)
														idx346(Q:0.2699, distinct_name:2, dictinctin_value:2.0591657816242117, par:310)
															idx360(Q:0.2611, distinct_name:2, dictinctin_value:1.6416632040499568, par:346)
																idx374(Q:0.2600, distinct_name:0, dictinctin_value:1.6846076849979201, par:360)
																	idx386(Q:0.2603, distinct_name:2, dictinctin_value:1.5364517172370076, par:374)
																		idx400(Q:0.2593, distinct_name:2, dictinctin_value:1.321416179085615, par:386)
																			idx408(Q:0.2567, par:400)
																			idx409(Q:0.3431, par:400)
																		idx401(Q:0.2993, par:386)
																	idx387(Q:0.2383, par:374)
																idx375(Q:0.3030, par:360)
															idx361(Q:0.7383, par:346)
														idx347(Q:0.2266, par:310)
													idx311(Q:0.2142, par:298)
												idx299(Q:0.2014, par:284)
											idx285(Q:0.2635, par:268)
										idx269(Q:0.2352, par:51)
								idx37(Q:0.3035, distinct_name:1, dictinctin_value:0.7946772031835798, par:28)
									idx312(Q:0.2958, distinct_name:2, dictinctin_value:1.9378572482198, par:37)
										idx324(Q:0.2871, distinct_name:0, dictinctin_value:2.1880833067537604, par:312)
											idx334(Q:0.2878, distinct_name:0, dictinctin_value:2.1673152418059, par:324)
												idx348(Q:0.2859, distinct_name:0, dictinctin_value:2.0644684179947266, par:334)
													idx362(Q:0.2848, distinct_name:2, dictinctin_value:1.6060442338491094, par:348)
														idx376(Q:0.2753, distinct_name:0, dictinctin_value:1.8821116949330967, par:362)
															idx388(Q:0.2786, distinct_name:2, dictinctin_value:1.5867185725408008, par:376)
																idx402(Q:0.2788, distinct_name:0, dictinctin_value:1.8162737627685595, par:388)
																	idx410(Q:0.2823, distinct_name:2, dictinctin_value:1.474613989336331, par:402)
																		idx414(Q:0.2773, distinct_name:2, dictinctin_value:1.322085439542282, par:410)
																			idx422(Q:0.2774, par:414)
																			idx423(Q:0.2744, par:414)
																		idx415(Q:0.7277, par:410)
																	idx411(Q:0.1206, par:402)
																idx403(Q:0.2603, par:388)
															idx389(Q:0.1720, par:376)
														idx377(Q:0.5439, par:362)
													idx363(Q:0.3605, par:348)
												idx349(Q:0.4164, par:334)
											idx335(Q:0.2633, par:324)
										idx325(Q:0.5989, par:312)
									idx313(Q:0.4699, par:37)
							idx29(Q:0.3884, distinct_name:0, dictinctin_value:2.44084525907838, par:22)
								idx336(Q:0.3899, distinct_name:0, dictinctin_value:2.3332385876998147, par:29)
									idx350(Q:0.3913, distinct_name:2, dictinctin_value:1.313989803673234, par:336)
										idx364(Q:0.3578, distinct_name:2, dictinctin_value:1.2075088067941002, par:350)
											idx378(Q:0.3548, distinct_name:0, dictinctin_value:2.3276851139515355, par:364)
												idx390(Q:0.3536, distinct_name:2, dictinctin_value:1.1566628366759308, par:378)
													idx404(Q:0.3508, distinct_name:2, dictinctin_value:1.049026714172236, par:390)
														idx412(Q:0.3473, distinct_name:2, dictinctin_value:1.0138168631315498, par:404)
															idx418(Q:0.3442, distinct_name:0, dictinctin_value:2.3136303024689413, par:412)
																idx424(Q:0.3441, distinct_name:1, dictinctin_value:1.4142431093508798, par:418)
																	idx430(Q:0.3488, distinct_name:0, dictinctin_value:2.2572655688242222, par:424)
																		idx442(Q:0.3474, distinct_name:0, dictinctin_value:2.2507333712501807, par:430)
																			idx454(Q:0.3473, par:442)
																			idx455(Q:0.3551, par:442)
																		idx443(Q:0.5398, par:430)
																	idx431(Q:0.2157, par:424)
																idx425(Q:0.3611, par:418)
															idx419(Q:0.4918, par:412)
														idx413(Q:0.5241, par:404)
													idx405(Q:0.5629, par:390)
												idx391(Q:0.5313, par:378)
											idx379(Q:0.5828, par:364)
										idx365(Q:0.6783, par:350)
									idx351(Q:0.2661, par:336)
								idx337(Q:0.2579, par:29)
						idx23(Q:0.4632, distinct_name:0, dictinctin_value:2.1444723574903684, par:17)
							idx160(Q:0.4644, distinct_name:0, dictinctin_value:2.133798778100152, par:23)
								idx170(Q:0.4648, distinct_name:2, dictinctin_value:1.564504591409782, par:160)
									idx178(Q:0.4407, distinct_name:2, dictinctin_value:1.4113473869711974, par:170)
										idx186(Q:0.4359, distinct_name:0, dictinctin_value:2.1063540893171067, par:178)
											idx192(Q:0.4368, distinct_name:2, dictinctin_value:1.2195161175228741, par:186)
												idx200(Q:0.4326, distinct_name:0, dictinctin_value:1.9676721667093595, par:192)
													idx212(Q:0.4305, distinct_name:0, dictinctin_value:1.8926417272552991, par:200)
														idx226(Q:0.4298, distinct_name:0, dictinctin_value:1.7713311316515392, par:212)
															idx252(Q:0.4348, distinct_name:1, dictinctin_value:1.3213229930390704, par:226)
																idx270(Q:0.4286, distinct_name:0, dictinctin_value:1.7442155745503336, par:252)
																	idx300(Q:0.4266, distinct_name:0, dictinctin_value:1.3536781616204123, par:270)
																		idx392(Q:0.4272, distinct_name:0, dictinctin_value:1.2274516322533688, par:300)
																			idx416(Q:0.4309, par:392)
																			idx417(Q:0.4001, par:392)
																		idx393(Q:0.4236, par:300)
																	idx301(Q:0.6548, par:270)
																idx271(Q:0.6678, par:252)
															idx253(Q:0.3010, par:226)
														idx227(Q:0.4615, par:212)
													idx213(Q:0.5051, par:200)
												idx201(Q:0.5443, par:192)
											idx193(Q:0.3158, par:186)
										idx187(Q:0.6250, par:178)
									idx179(Q:0.8522, par:170)
								idx171(Q:0.3511, par:160)
							idx161(Q:0.4274, par:23)
				idx15(Q:0.6141, distinct_name:2, dictinctin_value:1.9938158806166744, par:9)
					idx194(Q:0.6011, distinct_name:3, dictinctin_value:2.0149638943737203, par:15)
						idx202(Q:0.5895, distinct_name:3, dictinctin_value:1.626087400144554, par:194)
							idx214(Q:0.5866, distinct_name:1, dictinctin_value:2.6727016574162166, par:202)
								idx228(Q:0.5719, distinct_name:2, dictinctin_value:1.776904010924299, par:214)
									idx240(Q:0.5666, distinct_name:2, dictinctin_value:1.4203463682180766, par:228)
										idx254(Q:0.5557, distinct_name:0, dictinctin_value:2.115573493736756, par:240)
											idx272(Q:0.5566, distinct_name:2, dictinctin_value:1.306259966260203, par:254)
												idx286(Q:0.5412, distinct_name:2, dictinctin_value:1.2529155214914378, par:272)
													idx302(Q:0.5363, distinct_name:2, dictinctin_value:0.808199081795812, par:286)
														idx314(Q:0.5099, distinct_name:2, dictinctin_value:0.7214446989843575, par:302)
															idx326(Q:0.5047, distinct_name:2, dictinctin_value:0.7041168221107604, par:314)
																idx338(Q:0.5037, distinct_name:0, dictinctin_value:2.1110030599556926, par:326)
																	idx352(Q:0.5045, distinct_name:0, dictinctin_value:2.0312710900603177, par:338)
																		idx366(Q:0.5016, distinct_name:2, dictinctin_value:0.6878681581259294, par:352)
																			idx394(Q:0.4990, par:366)
																			idx395(Q:0.7374, par:366)
																		idx367(Q:0.7833, par:352)
																	idx353(Q:0.3397, par:338)
																idx339(Q:0.6013, par:326)
															idx327(Q:0.6781, par:314)
														idx315(Q:0.8479, par:302)
													idx303(Q:0.8049, par:286)
												idx287(Q:0.8402, par:272)
											idx273(Q:0.5122, par:254)
										idx255(Q:0.7842, par:240)
									idx241(Q:0.9026, par:228)
								idx229(Q:0.8349, par:214)
							idx215(Q:0.6883, par:202)
						idx203(Q:0.9203, par:194)
					idx195(Q:0.9885, par:15)
		idx7(Q:0.3927, par:4)
	idx5(Q:0.2910, par:1)
