WARNING:tensorflow:From /Users/keithwu/opt/anaconda3/envs/auction-gym/lib/python3.10/site-packages/tensorflow/python/compat/v2_compat.py:107: disable_resource_variables (from tensorflow.python.ops.variable_scope) is deprecated and will be removed in a future version.
Instructions for updating:
non-resource variables are not supported in the long term
<_io.TextIOWrapper name='<stderr>' mode='w' encoding='utf-8'> reading from ../UTree_model_numpy/DR/model_boost_linear_qsplit_noabs_save/, starting at 40
<_io.TextIOWrapper name='<stderr>' mode='w' encoding='utf-8'> =============== update starts ===============
(average_diff:0.001173027339660493, max_diff:0.0025482797770877696, training_epochs:500, lr:0.05)
<_io.TextIOWrapper name='<stderr>' mode='w' encoding='utf-8'> node index is 111
train linear regression time:  0.051675666123628616
(average_diff:0.0006109324794814214, max_diff:0.0014639591551632858, training_epochs:500, lr:0.05)
<_io.TextIOWrapper name='<stderr>' mode='w' encoding='utf-8'> node index is 101
train linear regression time:  0.061010667122900486
(average_diff:0.0030915432601439246, max_diff:0.008529646049337314, training_epochs:500, lr:0.05)
<_io.TextIOWrapper name='<stderr>' mode='w' encoding='utf-8'> node index is 91
train linear regression time:  0.05673195794224739
(average_diff:0.016980266801239093, max_diff:0.14257792817889645, training_epochs:500, lr:0.05)
<_io.TextIOWrapper name='<stderr>' mode='w' encoding='utf-8'> node index is 83
train linear regression time:  0.052992249839007854
(average_diff:0.023091488421607926, max_diff:0.12179107663934713, training_epochs:500, lr:0.05)
<_io.TextIOWrapper name='<stderr>' mode='w' encoding='utf-8'> node index is 77
train linear regression time:  0.05091612506657839
(average_diff:0.03817819208680926, max_diff:0.11387251737458645, training_epochs:500, lr:0.05)
<_io.TextIOWrapper name='<stderr>' mode='w' encoding='utf-8'> node index is 71
train linear regression time:  0.05092554073780775
(average_diff:0.048465453613105766, max_diff:0.14570331611740284, training_epochs:500, lr:0.05)
<_io.TextIOWrapper name='<stderr>' mode='w' encoding='utf-8'> node index is 63
train linear regression time:  0.0506500001065433
(average_diff:0.0640912350302019, max_diff:0.1725744233209564, training_epochs:500, lr:0.05)
<_io.TextIOWrapper name='<stderr>' mode='w' encoding='utf-8'> node index is 55
train linear regression time:  0.05148883396759629
(average_diff:0.06312212348852692, max_diff:0.2788570290359793, training_epochs:500, lr:0.05)
<_io.TextIOWrapper name='<stderr>' mode='w' encoding='utf-8'> node index is 45
train linear regression time:  0.0512449168600142
(average_diff:0.07289369093482494, max_diff:0.3757063558341424, training_epochs:500, lr:0.05)
<_io.TextIOWrapper name='<stderr>' mode='w' encoding='utf-8'> node index is 39
train linear regression time:  0.05668495874851942
(average_diff:0.09792573955677669, max_diff:0.3175012031809389, training_epochs:500, lr:0.05)
<_io.TextIOWrapper name='<stderr>' mode='w' encoding='utf-8'> node index is 31
train linear regression time:  0.049590999726206064
(average_diff:0.0466424083392176, max_diff:0.31781501749321245, training_epochs:500, lr:0.05)
<_io.TextIOWrapper name='<stderr>' mode='w' encoding='utf-8'> node index is 340
train linear regression time:  0.05633499985560775
<_io.TextIOWrapper name='<stderr>' mode='w' encoding='utf-8'> variance test passed, diff=0.05731763705741347, d = 0, back=0
<_io.TextIOWrapper name='<stderr>' mode='w' encoding='utf-8'> variance test passed, diff=0.059709111913355956, d = 1, back=0
<_io.TextIOWrapper name='<stderr>' mode='w' encoding='utf-8'> variance test passed, diff=0.0716135104983587, d = 3, back=0
<_io.TextIOWrapper name='<stderr>' mode='w' encoding='utf-8'> Will be split, p=0.0716135104983587, d=3, back=0
(average_diff:0.04726190805560618, max_diff:0.3043936431895095, training_epochs:500, lr:0.05)
<_io.TextIOWrapper name='<stderr>' mode='w' encoding='utf-8'> node index is 354
train linear regression time:  0.056721874978393316
(average_diff:0.004513497275137723, max_diff:0.004527572460554685, training_epochs:500, lr:0.05)
<_io.TextIOWrapper name='<stderr>' mode='w' encoding='utf-8'> node index is 355
train linear regression time:  0.0526209999807179
(average_diff:7.159725395888827e-09, max_diff:8.101663506732137e-09, training_epochs:500, lr:0.05)
<_io.TextIOWrapper name='<stderr>' mode='w' encoding='utf-8'> node index is 341
train linear regression time:  0.05103874998167157
(average_diff:9.865235818018459e-05, max_diff:0.0001356135408420167, training_epochs:500, lr:0.05)
<_io.TextIOWrapper name='<stderr>' mode='w' encoding='utf-8'> node index is 329
train linear regression time:  0.05201175017282367
(average_diff:0.007189085118983907, max_diff:0.012741101823552092, training_epochs:500, lr:0.05)
<_io.TextIOWrapper name='<stderr>' mode='w' encoding='utf-8'> node index is 317
train linear regression time:  0.053697625175118446
(average_diff:0.06911415137053253, max_diff:0.1321403050625618, training_epochs:500, lr:0.05)
<_io.TextIOWrapper name='<stderr>' mode='w' encoding='utf-8'> node index is 305
train linear regression time:  0.05161087494343519
(average_diff:3.53263399095749e-07, max_diff:3.6468791538013523e-07, training_epochs:500, lr:0.05)
<_io.TextIOWrapper name='<stderr>' mode='w' encoding='utf-8'> node index is 289
train linear regression time:  0.04946137499064207
(average_diff:0.00034204797620673855, max_diff:0.0005254080598513511, training_epochs:500, lr:0.05)
<_io.TextIOWrapper name='<stderr>' mode='w' encoding='utf-8'> node index is 257
train linear regression time:  0.05013174982741475
(average_diff:0.07545998398365183, max_diff:0.143255188214369, training_epochs:500, lr:0.05)
<_io.TextIOWrapper name='<stderr>' mode='w' encoding='utf-8'> node index is 243
train linear regression time:  0.04861333407461643
(average_diff:3.3306690738754696e-16, max_diff:5.551115123125783e-16, training_epochs:500, lr:0.05)
<_io.TextIOWrapper name='<stderr>' mode='w' encoding='utf-8'> node index is 231
train linear regression time:  0.04902491671964526
(average_diff:0.055295089418304244, max_diff:0.11826664125000491, training_epochs:500, lr:0.05)
<_io.TextIOWrapper name='<stderr>' mode='w' encoding='utf-8'> node index is 217
train linear regression time:  0.052447875030338764
(average_diff:0.008665238656405038, max_diff:0.02118896682069915, training_epochs:500, lr:0.05)
<_io.TextIOWrapper name='<stderr>' mode='w' encoding='utf-8'> node index is 275
train linear regression time:  0.05422500008717179
(average_diff:0.001366556616978848, max_diff:0.00273448540146104, training_epochs:500, lr:0.05)
<_io.TextIOWrapper name='<stderr>' mode='w' encoding='utf-8'> node index is 259
train linear regression time:  0.052773499861359596
(average_diff:9.281807491749264e-06, max_diff:1.4331870212602738e-05, training_epochs:500, lr:0.05)
<_io.TextIOWrapper name='<stderr>' mode='w' encoding='utf-8'> node index is 245
train linear regression time:  0.05166633380576968
(average_diff:0.015056488255550702, max_diff:0.044059603884433085, training_epochs:500, lr:0.05)
<_io.TextIOWrapper name='<stderr>' mode='w' encoding='utf-8'> node index is 233
train linear regression time:  0.05322412494570017
(average_diff:1.5476731007879607e-11, max_diff:1.7262191676081784e-11, training_epochs:500, lr:0.05)
<_io.TextIOWrapper name='<stderr>' mode='w' encoding='utf-8'> node index is 219
train linear regression time:  0.053427333012223244
(average_diff:0.004736405661769005, max_diff:0.011318008437751437, training_epochs:500, lr:0.05)
<_io.TextIOWrapper name='<stderr>' mode='w' encoding='utf-8'> node index is 205
train linear regression time:  0.05220041610300541
(average_diff:0.0012599866377104086, max_diff:0.002505183770669772, training_epochs:500, lr:0.05)
<_io.TextIOWrapper name='<stderr>' mode='w' encoding='utf-8'> node index is 197
train linear regression time:  0.0524883340112865
(average_diff:0.019731749334941324, max_diff:0.044971262307434756, training_epochs:500, lr:0.05)
<_io.TextIOWrapper name='<stderr>' mode='w' encoding='utf-8'> node index is 189
train linear regression time:  0.0531723746098578
(average_diff:0.01545697036937945, max_diff:0.03271856556638708, training_epochs:500, lr:0.05)
<_io.TextIOWrapper name='<stderr>' mode='w' encoding='utf-8'> node index is 181
train linear regression time:  0.05230841599404812
(average_diff:0.031243191648364088, max_diff:0.06312678592350529, training_epochs:500, lr:0.05)
<_io.TextIOWrapper name='<stderr>' mode='w' encoding='utf-8'> node index is 173
train linear regression time:  0.05155450012534857
(average_diff:0.019385600668225828, max_diff:0.035542957041073464, training_epochs:500, lr:0.05)
<_io.TextIOWrapper name='<stderr>' mode='w' encoding='utf-8'> node index is 163
train linear regression time:  0.05248570907860994
(average_diff:0.0, max_diff:0.0, training_epochs:500, lr:0.05)
<_io.TextIOWrapper name='<stderr>' mode='w' encoding='utf-8'> node index is 153
train linear regression time:  0.05369933322072029
(average_diff:3.1678140845851446e-06, max_diff:4.9318464547254415e-06, training_epochs:500, lr:0.05)
<_io.TextIOWrapper name='<stderr>' mode='w' encoding='utf-8'> node index is 221
train linear regression time:  0.05369883310049772
(average_diff:0.11321927582629732, max_diff:0.3098587661018547, training_epochs:500, lr:0.05)
<_io.TextIOWrapper name='<stderr>' mode='w' encoding='utf-8'> node index is 207
train linear regression time:  0.05247541703283787
(average_diff:0.15261289170315004, max_diff:0.35232788071900134, training_epochs:500, lr:0.05)
<_io.TextIOWrapper name='<stderr>' mode='w' encoding='utf-8'> node index is 165
train linear regression time:  0.05446749972179532
(average_diff:0.06011033615650917, max_diff:0.1534104832159391, training_epochs:500, lr:0.05)
<_io.TextIOWrapper name='<stderr>' mode='w' encoding='utf-8'> node index is 155
train linear regression time:  0.051189917139708996
(average_diff:0.13047233438997313, max_diff:0.21221383115806058, training_epochs:500, lr:0.05)
<_io.TextIOWrapper name='<stderr>' mode='w' encoding='utf-8'> node index is 149
train linear regression time:  0.04984512506052852
(average_diff:0.04777189152589511, max_diff:0.13393206138646993, training_epochs:500, lr:0.05)
<_io.TextIOWrapper name='<stderr>' mode='w' encoding='utf-8'> node index is 147
train linear regression time:  0.04875920806080103
(average_diff:0.05851349347297588, max_diff:0.12134694568348739, training_epochs:500, lr:0.05)
<_io.TextIOWrapper name='<stderr>' mode='w' encoding='utf-8'> node index is 143
train linear regression time:  0.04822041606530547
(average_diff:0.024327767985526685, max_diff:0.053663378730915645, training_epochs:500, lr:0.05)
<_io.TextIOWrapper name='<stderr>' mode='w' encoding='utf-8'> node index is 137
train linear regression time:  0.048657499719411135
(average_diff:0.037005176654317976, max_diff:0.10252464216696278, training_epochs:500, lr:0.05)
<_io.TextIOWrapper name='<stderr>' mode='w' encoding='utf-8'> node index is 131
train linear regression time:  0.049519707914441824
(average_diff:0.021231188446329236, max_diff:0.04618135075286717, training_epochs:500, lr:0.05)
<_io.TextIOWrapper name='<stderr>' mode='w' encoding='utf-8'> node index is 123
train linear regression time:  0.054879290983080864
(average_diff:0.03253587921152894, max_diff:0.08419765734234136, training_epochs:500, lr:0.05)
<_io.TextIOWrapper name='<stderr>' mode='w' encoding='utf-8'> node index is 113
train linear regression time:  0.05113333370536566
(average_diff:0.06569028154660729, max_diff:0.29030164688266946, training_epochs:500, lr:0.05)
<_io.TextIOWrapper name='<stderr>' mode='w' encoding='utf-8'> node index is 103
train linear regression time:  0.053759333211928606
(average_diff:0.05610218828126463, max_diff:0.07768433687683052, training_epochs:500, lr:0.05)
<_io.TextIOWrapper name='<stderr>' mode='w' encoding='utf-8'> node index is 93
train linear regression time:  0.05148862488567829
(average_diff:0.008153496024406659, max_diff:0.019056761542557338, training_epochs:500, lr:0.05)
<_io.TextIOWrapper name='<stderr>' mode='w' encoding='utf-8'> node index is 139
train linear regression time:  0.0499100829474628
(average_diff:0.05795004372644452, max_diff:0.1859635476374532, training_epochs:500, lr:0.05)
<_io.TextIOWrapper name='<stderr>' mode='w' encoding='utf-8'> node index is 133
train linear regression time:  0.04849404189735651
(average_diff:0.024959128947310866, max_diff:0.06357045910551432, training_epochs:500, lr:0.05)
<_io.TextIOWrapper name='<stderr>' mode='w' encoding='utf-8'> node index is 125
train linear regression time:  0.05185666587203741
(average_diff:0.06078830108346366, max_diff:0.1732660795258446, training_epochs:500, lr:0.05)
<_io.TextIOWrapper name='<stderr>' mode='w' encoding='utf-8'> node index is 115
train linear regression time:  0.05119737517088652
(average_diff:0.06683528601700406, max_diff:0.1993197197129073, training_epochs:500, lr:0.05)
<_io.TextIOWrapper name='<stderr>' mode='w' encoding='utf-8'> node index is 105
train linear regression time:  0.05052400007843971
(average_diff:0.037337672969514304, max_diff:0.19621205745167347, training_epochs:500, lr:0.05)
<_io.TextIOWrapper name='<stderr>' mode='w' encoding='utf-8'> node index is 95
train linear regression time:  0.051558165811002254
(average_diff:0.0630785902037601, max_diff:0.11230112363002157, training_epochs:500, lr:0.05)
<_io.TextIOWrapper name='<stderr>' mode='w' encoding='utf-8'> node index is 85
train linear regression time:  0.056091499980539083
(average_diff:0.061127641035188585, max_diff:0.16433359400940006, training_epochs:500, lr:0.05)
<_io.TextIOWrapper name='<stderr>' mode='w' encoding='utf-8'> node index is 79
train linear regression time:  0.0545695829205215
(average_diff:0.1223415009051375, max_diff:0.40049434453004895, training_epochs:500, lr:0.05)
<_io.TextIOWrapper name='<stderr>' mode='w' encoding='utf-8'> node index is 73
train linear regression time:  0.055234875064343214
(average_diff:0.08995516635399706, max_diff:0.3306076645996084, training_epochs:500, lr:0.05)
<_io.TextIOWrapper name='<stderr>' mode='w' encoding='utf-8'> node index is 65
train linear regression time:  0.05451829172670841
(average_diff:0.08993791802639232, max_diff:0.38991894554236417, training_epochs:500, lr:0.05)
<_io.TextIOWrapper name='<stderr>' mode='w' encoding='utf-8'> node index is 57
train linear regression time:  0.05462991585955024
(average_diff:0.0911984763152279, max_diff:0.5299314522683789, training_epochs:500, lr:0.05)
<_io.TextIOWrapper name='<stderr>' mode='w' encoding='utf-8'> node index is 47
train linear regression time:  0.054292334243655205
(average_diff:0.15625372717752395, max_diff:0.5938896539045233, training_epochs:500, lr:0.05)
<_io.TextIOWrapper name='<stderr>' mode='w' encoding='utf-8'> node index is 342
train linear regression time:  0.05703700007870793
<_io.TextIOWrapper name='<stderr>' mode='w' encoding='utf-8'> variance test passed, diff=0.04615381016008442, d = 0, back=0
<_io.TextIOWrapper name='<stderr>' mode='w' encoding='utf-8'> Will be split, p=0.04615381016008442, d=0, back=0
(average_diff:0.1582026542704178, max_diff:0.619457383662497, training_epochs:500, lr:0.05)
<_io.TextIOWrapper name='<stderr>' mode='w' encoding='utf-8'> node index is 356
train linear regression time:  0.056503749918192625
(average_diff:0.05077904696553274, max_diff:0.07783589804714142, training_epochs:500, lr:0.05)
<_io.TextIOWrapper name='<stderr>' mode='w' encoding='utf-8'> node index is 357
train linear regression time:  0.052762709092348814
(average_diff:0.12607847948402526, max_diff:0.2306258711466842, training_epochs:500, lr:0.05)
<_io.TextIOWrapper name='<stderr>' mode='w' encoding='utf-8'> node index is 343
train linear regression time:  0.0535222920589149
(average_diff:5.551115123125783e-17, max_diff:5.551115123125783e-17, training_epochs:500, lr:0.05)
<_io.TextIOWrapper name='<stderr>' mode='w' encoding='utf-8'> node index is 331
train linear regression time:  0.053942041005939245
(average_diff:0.013782771251221848, max_diff:0.02039988292810546, training_epochs:500, lr:0.05)
<_io.TextIOWrapper name='<stderr>' mode='w' encoding='utf-8'> node index is 319
train linear regression time:  0.052852708380669355
(average_diff:0.11324748792823885, max_diff:0.1688445569680609, training_epochs:500, lr:0.05)
<_io.TextIOWrapper name='<stderr>' mode='w' encoding='utf-8'> node index is 307
train linear regression time:  0.05090074986219406
(average_diff:4.6074255521944e-15, max_diff:4.884981308350689e-15, training_epochs:500, lr:0.05)
<_io.TextIOWrapper name='<stderr>' mode='w' encoding='utf-8'> node index is 293
train linear regression time:  0.05220987508073449
(average_diff:5.826701898747899e-09, max_diff:6.278818132088304e-09, training_epochs:500, lr:0.05)
<_io.TextIOWrapper name='<stderr>' mode='w' encoding='utf-8'> node index is 277
train linear regression time:  0.050510875415056944
(average_diff:3.0531133177191805e-16, max_diff:3.0531133177191805e-16, training_epochs:500, lr:0.05)
<_io.TextIOWrapper name='<stderr>' mode='w' encoding='utf-8'> node index is 261
train linear regression time:  0.0494677908718586
(average_diff:0.000305801307356172, max_diff:0.0004610930449450157, training_epochs:500, lr:0.05)
<_io.TextIOWrapper name='<stderr>' mode='w' encoding='utf-8'> node index is 247
train linear regression time:  0.05134691717103124
(average_diff:0.16742128204511303, max_diff:0.7923590232218667, training_epochs:500, lr:0.05)
<_io.TextIOWrapper name='<stderr>' mode='w' encoding='utf-8'> node index is 33
train linear regression time:  0.05147279193624854
(average_diff:0.029993140763012904, max_diff:0.04614702792413189, training_epochs:500, lr:0.05)
<_io.TextIOWrapper name='<stderr>' mode='w' encoding='utf-8'> node index is 117
train linear regression time:  0.05080970888957381
(average_diff:0.02028299909219047, max_diff:0.03302930794459048, training_epochs:500, lr:0.05)
<_io.TextIOWrapper name='<stderr>' mode='w' encoding='utf-8'> node index is 107
train linear regression time:  0.051098999567329884
(average_diff:0.03750656642350173, max_diff:0.10428873928613575, training_epochs:500, lr:0.05)
<_io.TextIOWrapper name='<stderr>' mode='w' encoding='utf-8'> node index is 97
train linear regression time:  0.05131529225036502
(average_diff:0.06550817835511286, max_diff:0.1514384454776428, training_epochs:500, lr:0.05)
<_io.TextIOWrapper name='<stderr>' mode='w' encoding='utf-8'> node index is 87
train linear regression time:  0.05210525030270219
(average_diff:0.06042492132547325, max_diff:0.3255565129135564, training_epochs:500, lr:0.05)
<_io.TextIOWrapper name='<stderr>' mode='w' encoding='utf-8'> node index is 81
train linear regression time:  0.05442662490531802
(average_diff:0.05853000190121351, max_diff:0.16718311546127018, training_epochs:500, lr:0.05)
<_io.TextIOWrapper name='<stderr>' mode='w' encoding='utf-8'> node index is 75
train linear regression time:  0.053845041897147894
(average_diff:0.09438567444111955, max_diff:0.26636007901433034, training_epochs:500, lr:0.05)
<_io.TextIOWrapper name='<stderr>' mode='w' encoding='utf-8'> node index is 67
train linear regression time:  0.05298279086127877
(average_diff:0.1639947275878723, max_diff:0.4418994071603937, training_epochs:500, lr:0.05)
<_io.TextIOWrapper name='<stderr>' mode='w' encoding='utf-8'> node index is 59
train linear regression time:  0.051740957889705896
(average_diff:0.11360379240169398, max_diff:0.2692409152981515, training_epochs:500, lr:0.05)
<_io.TextIOWrapper name='<stderr>' mode='w' encoding='utf-8'> node index is 49
train linear regression time:  0.052163791842758656
(average_diff:0.16785274717477788, max_diff:0.6129927841105168, training_epochs:500, lr:0.05)
<_io.TextIOWrapper name='<stderr>' mode='w' encoding='utf-8'> node index is 43
train linear regression time:  0.0534387081861496
(average_diff:0.1650840682996508, max_diff:0.6472086596544366, training_epochs:500, lr:0.05)
<_io.TextIOWrapper name='<stderr>' mode='w' encoding='utf-8'> node index is 344
train linear regression time:  0.059241542126983404
<_io.TextIOWrapper name='<stderr>' mode='w' encoding='utf-8'> variance test passed, diff=0.07300981392188173, d = 0, back=0
<_io.TextIOWrapper name='<stderr>' mode='w' encoding='utf-8'> Will be split, p=0.07300981392188173, d=0, back=0
(average_diff:0.16537662358904928, max_diff:0.6713070080904574, training_epochs:500, lr:0.05)
<_io.TextIOWrapper name='<stderr>' mode='w' encoding='utf-8'> node index is 358
train linear regression time:  0.05863749980926514
(average_diff:0.0, max_diff:0.0, training_epochs:500, lr:0.05)
<_io.TextIOWrapper name='<stderr>' mode='w' encoding='utf-8'> node index is 359
train linear regression time:  0.053589832969009876
(average_diff:0.0049818832012813825, max_diff:0.007679089866960309, training_epochs:500, lr:0.05)
<_io.TextIOWrapper name='<stderr>' mode='w' encoding='utf-8'> node index is 345
train linear regression time:  0.0537288342602551
(average_diff:1.9044016363878313e-11, max_diff:2.035635549013648e-11, training_epochs:500, lr:0.05)
<_io.TextIOWrapper name='<stderr>' mode='w' encoding='utf-8'> node index is 321
train linear regression time:  0.05456266598775983
(average_diff:0.056044058990701126, max_diff:0.1406186595011692, training_epochs:500, lr:0.05)
<_io.TextIOWrapper name='<stderr>' mode='w' encoding='utf-8'> node index is 295
train linear regression time:  0.05364087503403425
(average_diff:0.010809610707219974, max_diff:0.021563036861066698, training_epochs:500, lr:0.05)
<_io.TextIOWrapper name='<stderr>' mode='w' encoding='utf-8'> node index is 279
train linear regression time:  0.0556383328512311
(average_diff:4.163336342344337e-17, max_diff:8.326672684688674e-17, training_epochs:500, lr:0.05)
<_io.TextIOWrapper name='<stderr>' mode='w' encoding='utf-8'> node index is 263
train linear regression time:  0.0544414590112865
(average_diff:0.022758154480515092, max_diff:0.03950917707924728, training_epochs:500, lr:0.05)
<_io.TextIOWrapper name='<stderr>' mode='w' encoding='utf-8'> node index is 249
train linear regression time:  0.054619541857391596
(average_diff:5.551115123125783e-17, max_diff:1.1102230246251565e-16, training_epochs:500, lr:0.05)
<_io.TextIOWrapper name='<stderr>' mode='w' encoding='utf-8'> node index is 237
train linear regression time:  0.053420249838382006
(average_diff:1.8240487787620867e-05, max_diff:2.8204191406921986e-05, training_epochs:500, lr:0.05)
<_io.TextIOWrapper name='<stderr>' mode='w' encoding='utf-8'> node index is 265
train linear regression time:  0.04889929201453924
(average_diff:8.326672684688674e-17, max_diff:1.1102230246251565e-16, training_epochs:500, lr:0.05)
<_io.TextIOWrapper name='<stderr>' mode='w' encoding='utf-8'> node index is 251
train linear regression time:  0.04907483281567693
(average_diff:0.047377443737635645, max_diff:0.10370380371481847, training_epochs:500, lr:0.05)
<_io.TextIOWrapper name='<stderr>' mode='w' encoding='utf-8'> node index is 239
train linear regression time:  0.049878207966685295
(average_diff:0.017528267939952318, max_diff:0.023377276191646867, training_epochs:500, lr:0.05)
<_io.TextIOWrapper name='<stderr>' mode='w' encoding='utf-8'> node index is 223
train linear regression time:  0.0489079593680799
(average_diff:1.1102230246251565e-16, max_diff:2.220446049250313e-16, training_epochs:500, lr:0.05)
<_io.TextIOWrapper name='<stderr>' mode='w' encoding='utf-8'> node index is 209
train linear regression time:  0.05018029175698757
(average_diff:5.366077952354923e-16, max_diff:8.881784197001252e-16, training_epochs:500, lr:0.05)
<_io.TextIOWrapper name='<stderr>' mode='w' encoding='utf-8'> node index is 199
train linear regression time:  0.05275116581469774
(average_diff:0.07906612612072093, max_diff:0.14645277892546238, training_epochs:500, lr:0.05)
<_io.TextIOWrapper name='<stderr>' mode='w' encoding='utf-8'> node index is 191
train linear regression time:  0.05421666707843542
(average_diff:0.09237365244307072, max_diff:0.23458970927834583, training_epochs:500, lr:0.05)
<_io.TextIOWrapper name='<stderr>' mode='w' encoding='utf-8'> node index is 183
train linear regression time:  0.054243375081568956
(average_diff:0.07267540653996078, max_diff:0.1926114393682572, training_epochs:500, lr:0.05)
<_io.TextIOWrapper name='<stderr>' mode='w' encoding='utf-8'> node index is 175
train linear regression time:  0.053420249838382006
(average_diff:0.0806752268306877, max_diff:0.19084713523250701, training_epochs:500, lr:0.05)
<_io.TextIOWrapper name='<stderr>' mode='w' encoding='utf-8'> node index is 167
train linear regression time:  0.05535166710615158
(average_diff:0.03128872353303318, max_diff:0.06489204789449837, training_epochs:500, lr:0.05)
<_io.TextIOWrapper name='<stderr>' mode='w' encoding='utf-8'> node index is 157
train linear regression time:  0.05332716694101691
(average_diff:0.0, max_diff:0.0, training_epochs:500, lr:0.05)
<_io.TextIOWrapper name='<stderr>' mode='w' encoding='utf-8'> node index is 323
train linear regression time:  0.05540579091757536
(average_diff:1.1102230246251565e-16, max_diff:1.1102230246251565e-16, training_epochs:500, lr:0.05)
<_io.TextIOWrapper name='<stderr>' mode='w' encoding='utf-8'> node index is 309
train linear regression time:  0.0517985001206398
(average_diff:0.07950038199421369, max_diff:0.12064479722509183, training_epochs:500, lr:0.05)
<_io.TextIOWrapper name='<stderr>' mode='w' encoding='utf-8'> node index is 297
train linear regression time:  0.049162667244672775
(average_diff:0.02783230765081276, max_diff:0.07013570370366659, training_epochs:500, lr:0.05)
<_io.TextIOWrapper name='<stderr>' mode='w' encoding='utf-8'> node index is 283
train linear regression time:  0.04745854064822197
(average_diff:0.05306869243245765, max_diff:0.12602874209740247, training_epochs:500, lr:0.05)
<_io.TextIOWrapper name='<stderr>' mode='w' encoding='utf-8'> node index is 267
train linear regression time:  0.04850358422845602
(average_diff:0.13131567911289788, max_diff:0.2896729797738732, training_epochs:500, lr:0.05)
<_io.TextIOWrapper name='<stderr>' mode='w' encoding='utf-8'> node index is 225
train linear regression time:  0.048390042036771774
(average_diff:0.24519897898962797, max_diff:0.40207271225844604, training_epochs:500, lr:0.05)
<_io.TextIOWrapper name='<stderr>' mode='w' encoding='utf-8'> node index is 211
train linear regression time:  0.04846816696226597
(average_diff:0.018961175735006237, max_diff:0.042714002157202224, training_epochs:500, lr:0.05)
<_io.TextIOWrapper name='<stderr>' mode='w' encoding='utf-8'> node index is 185
train linear regression time:  0.048364042304456234
(average_diff:0.15980591715461243, max_diff:0.38266920517791747, training_epochs:500, lr:0.05)
<_io.TextIOWrapper name='<stderr>' mode='w' encoding='utf-8'> node index is 177
train linear regression time:  0.04906687466427684
(average_diff:0.18141331841852093, max_diff:0.4286434714233373, training_epochs:500, lr:0.05)
<_io.TextIOWrapper name='<stderr>' mode='w' encoding='utf-8'> node index is 169
train linear regression time:  0.0552734169177711
(average_diff:0.0, max_diff:0.0, training_epochs:500, lr:0.05)
<_io.TextIOWrapper name='<stderr>' mode='w' encoding='utf-8'> node index is 159
train linear regression time:  0.05451395781710744
(average_diff:0.04071344559021728, max_diff:0.07235316892971999, training_epochs:500, lr:0.05)
<_io.TextIOWrapper name='<stderr>' mode='w' encoding='utf-8'> node index is 151
train linear regression time:  0.052989291958510876
(average_diff:0.036442136604850864, max_diff:0.07845696095756985, training_epochs:500, lr:0.05)
<_io.TextIOWrapper name='<stderr>' mode='w' encoding='utf-8'> node index is 135
train linear regression time:  0.050828791223466396
(average_diff:0.044171617481227804, max_diff:0.09598744297790601, training_epochs:500, lr:0.05)
<_io.TextIOWrapper name='<stderr>' mode='w' encoding='utf-8'> node index is 129
train linear regression time:  0.05115358391776681
(average_diff:0.03018421139009405, max_diff:0.09732399608180303, training_epochs:500, lr:0.05)
<_io.TextIOWrapper name='<stderr>' mode='w' encoding='utf-8'> node index is 119
train linear regression time:  0.050416375044733286
(average_diff:0.041125034236116444, max_diff:0.11072950589687952, training_epochs:500, lr:0.05)
<_io.TextIOWrapper name='<stderr>' mode='w' encoding='utf-8'> node index is 109
train linear regression time:  0.05319154169410467
(average_diff:0.04696970802063046, max_diff:0.17067059499670845, training_epochs:500, lr:0.05)
<_io.TextIOWrapper name='<stderr>' mode='w' encoding='utf-8'> node index is 99
train linear regression time:  0.05078716715797782
(average_diff:0.06782375002880467, max_diff:0.2971386831505235, training_epochs:500, lr:0.05)
<_io.TextIOWrapper name='<stderr>' mode='w' encoding='utf-8'> node index is 89
train linear regression time:  0.06057024979963899
(average_diff:0.004073425680129171, max_diff:0.05757830275143144, training_epochs:500, lr:0.05)
<_io.TextIOWrapper name='<stderr>' mode='w' encoding='utf-8'> node index is 69
train linear regression time:  0.05654591741040349
(average_diff:0.07455234985878498, max_diff:0.213439774066008, training_epochs:500, lr:0.05)
<_io.TextIOWrapper name='<stderr>' mode='w' encoding='utf-8'> node index is 61
train linear regression time:  0.053178499918431044
(average_diff:0.02622852331584736, max_diff:0.0626801314950183, training_epochs:500, lr:0.05)
<_io.TextIOWrapper name='<stderr>' mode='w' encoding='utf-8'> node index is 53
train linear regression time:  0.05064291600137949
(average_diff:0.1281895557519693, max_diff:0.7144343920302597, training_epochs:500, lr:0.05)
<_io.TextIOWrapper name='<stderr>' mode='w' encoding='utf-8'> node index is 346
train linear regression time:  0.05629937490448356
<_io.TextIOWrapper name='<stderr>' mode='w' encoding='utf-8'> variance test passed, diff=0.017066632052449564, d = 0, back=0
<_io.TextIOWrapper name='<stderr>' mode='w' encoding='utf-8'> variance test passed, diff=0.03383758699077429, d = 2, back=0
<_io.TextIOWrapper name='<stderr>' mode='w' encoding='utf-8'> Will be split, p=0.03383758699077429, d=2, back=0
(average_diff:0.11592583301666691, max_diff:0.40338317847250155, training_epochs:500, lr:0.05)
<_io.TextIOWrapper name='<stderr>' mode='w' encoding='utf-8'> node index is 360
train linear regression time:  0.056524625048041344
(average_diff:0.012759422664381126, max_diff:0.013379976820080186, training_epochs:500, lr:0.05)
<_io.TextIOWrapper name='<stderr>' mode='w' encoding='utf-8'> node index is 361
train linear regression time:  0.04807900032028556
(average_diff:1.0728368517639216e-08, max_diff:1.640321023455016e-08, training_epochs:500, lr:0.05)
<_io.TextIOWrapper name='<stderr>' mode='w' encoding='utf-8'> node index is 347
train linear regression time:  0.04828620795160532
(average_diff:0.0500217431166103, max_diff:0.10034801991629107, training_epochs:500, lr:0.05)
<_io.TextIOWrapper name='<stderr>' mode='w' encoding='utf-8'> node index is 311
train linear regression time:  0.04814470838755369
(average_diff:0.0024207038361402262, max_diff:0.004501164496342122, training_epochs:500, lr:0.05)
<_io.TextIOWrapper name='<stderr>' mode='w' encoding='utf-8'> node index is 299
train linear regression time:  0.04862099979072809
(average_diff:0.013883891417573133, max_diff:0.03385832897452959, training_epochs:500, lr:0.05)
<_io.TextIOWrapper name='<stderr>' mode='w' encoding='utf-8'> node index is 285
train linear regression time:  0.047896166797727346
(average_diff:0.008024165742229653, max_diff:0.014092600066996253, training_epochs:500, lr:0.05)
<_io.TextIOWrapper name='<stderr>' mode='w' encoding='utf-8'> node index is 269
train linear regression time:  0.04815845796838403
(average_diff:0.14452257193909648, max_diff:0.6065520073312693, training_epochs:500, lr:0.05)
<_io.TextIOWrapper name='<stderr>' mode='w' encoding='utf-8'> node index is 348
train linear regression time:  0.055554041638970375
<_io.TextIOWrapper name='<stderr>' mode='w' encoding='utf-8'> variance test passed, diff=0.04142245492694613, d = 0, back=0
<_io.TextIOWrapper name='<stderr>' mode='w' encoding='utf-8'> Will be split, p=0.04142245492694613, d=0, back=0
(average_diff:0.1458296810454615, max_diff:0.6211730510566827, training_epochs:500, lr:0.05)
<_io.TextIOWrapper name='<stderr>' mode='w' encoding='utf-8'> node index is 362
train linear regression time:  0.05606033280491829
(average_diff:6.643736029832148e-05, max_diff:6.832851842242249e-05, training_epochs:500, lr:0.05)
<_io.TextIOWrapper name='<stderr>' mode='w' encoding='utf-8'> node index is 363
train linear regression time:  0.04813783289864659
(average_diff:0.0, max_diff:0.0, training_epochs:500, lr:0.05)
<_io.TextIOWrapper name='<stderr>' mode='w' encoding='utf-8'> node index is 349
train linear regression time:  0.05146287474781275
(average_diff:2.312964634635743e-16, max_diff:3.3306690738754696e-16, training_epochs:500, lr:0.05)
<_io.TextIOWrapper name='<stderr>' mode='w' encoding='utf-8'> node index is 335
train linear regression time:  0.053365124855190516
(average_diff:0.0013232714657813727, max_diff:0.001970207157414472, training_epochs:500, lr:0.05)
<_io.TextIOWrapper name='<stderr>' mode='w' encoding='utf-8'> node index is 325
train linear regression time:  0.05438658315688372
(average_diff:0.06250158030863918, max_diff:0.20271702970431477, training_epochs:500, lr:0.05)
<_io.TextIOWrapper name='<stderr>' mode='w' encoding='utf-8'> node index is 313
train linear regression time:  0.053285541012883186
(average_diff:0.19008191555155363, max_diff:0.6918160932308639, training_epochs:500, lr:0.05)
<_io.TextIOWrapper name='<stderr>' mode='w' encoding='utf-8'> node index is 350
train linear regression time:  0.06256945803761482
<_io.TextIOWrapper name='<stderr>' mode='w' encoding='utf-8'> variance test passed, diff=0.04036207555392453, d = 0, back=0
<_io.TextIOWrapper name='<stderr>' mode='w' encoding='utf-8'> variance test passed, diff=0.04779412194768916, d = 2, back=0
<_io.TextIOWrapper name='<stderr>' mode='w' encoding='utf-8'> Will be split, p=0.04779412194768916, d=2, back=0
(average_diff:0.1765803019009326, max_diff:0.5590265793673317, training_epochs:500, lr:0.05)
<_io.TextIOWrapper name='<stderr>' mode='w' encoding='utf-8'> node index is 364
train linear regression time:  0.06074195774272084
(average_diff:0.044967743317833465, max_diff:0.08746994705561195, training_epochs:500, lr:0.05)
<_io.TextIOWrapper name='<stderr>' mode='w' encoding='utf-8'> node index is 365
train linear regression time:  0.05319012515246868
(average_diff:0.0, max_diff:0.0, training_epochs:500, lr:0.05)
<_io.TextIOWrapper name='<stderr>' mode='w' encoding='utf-8'> node index is 351
train linear regression time:  0.05430199997499585
(average_diff:2.7755575615628914e-17, max_diff:2.7755575615628914e-17, training_epochs:500, lr:0.05)
<_io.TextIOWrapper name='<stderr>' mode='w' encoding='utf-8'> node index is 337
train linear regression time:  0.05489037511870265
(average_diff:0.160319891618498, max_diff:0.6853707524892492, training_epochs:500, lr:0.05)
<_io.TextIOWrapper name='<stderr>' mode='w' encoding='utf-8'> node index is 300
train linear regression time:  0.06177195813506842
(average_diff:1.6653345369377348e-16, max_diff:2.220446049250313e-16, training_epochs:500, lr:0.05)
<_io.TextIOWrapper name='<stderr>' mode='w' encoding='utf-8'> node index is 301
train linear regression time:  0.05446591693907976
(average_diff:1.84348947175339e-05, max_diff:2.667356524721498e-05, training_epochs:500, lr:0.05)
<_io.TextIOWrapper name='<stderr>' mode='w' encoding='utf-8'> node index is 271
train linear regression time:  0.054222334176301956
(average_diff:0.012224601738994156, max_diff:0.0174437524964437, training_epochs:500, lr:0.05)
<_io.TextIOWrapper name='<stderr>' mode='w' encoding='utf-8'> node index is 253
train linear regression time:  0.0535850003361702
(average_diff:6.245004513516506e-17, max_diff:9.71445146547012e-17, training_epochs:500, lr:0.05)
<_io.TextIOWrapper name='<stderr>' mode='w' encoding='utf-8'> node index is 227
train linear regression time:  0.05213012499734759
(average_diff:3.3306690738754696e-16, max_diff:4.996003610813204e-16, training_epochs:500, lr:0.05)
<_io.TextIOWrapper name='<stderr>' mode='w' encoding='utf-8'> node index is 213
train linear regression time:  0.048313207924366
(average_diff:0.001521099604714604, max_diff:0.0037171824904135287, training_epochs:500, lr:0.05)
<_io.TextIOWrapper name='<stderr>' mode='w' encoding='utf-8'> node index is 201
train linear regression time:  0.04675795789808035
(average_diff:0.0, max_diff:0.0, training_epochs:500, lr:0.05)
<_io.TextIOWrapper name='<stderr>' mode='w' encoding='utf-8'> node index is 193
train linear regression time:  0.04948845924809575
(average_diff:0.01729562050850332, max_diff:0.030596843307968413, training_epochs:500, lr:0.05)
<_io.TextIOWrapper name='<stderr>' mode='w' encoding='utf-8'> node index is 187
train linear regression time:  0.04912191675975919
(average_diff:0.03138190984520668, max_diff:0.0615717393379871, training_epochs:500, lr:0.05)
<_io.TextIOWrapper name='<stderr>' mode='w' encoding='utf-8'> node index is 179
train linear regression time:  0.047067416831851006
(average_diff:5.551115123125783e-17, max_diff:5.551115123125783e-17, training_epochs:500, lr:0.05)
<_io.TextIOWrapper name='<stderr>' mode='w' encoding='utf-8'> node index is 171
train linear regression time:  0.05059837503358722
(average_diff:0.0002815779670221896, max_diff:0.00045247109969598354, training_epochs:500, lr:0.05)
<_io.TextIOWrapper name='<stderr>' mode='w' encoding='utf-8'> node index is 161
train linear regression time:  0.04942766670137644
(average_diff:0.15637771042793888, max_diff:0.5935882816900877, training_epochs:500, lr:0.05)
<_io.TextIOWrapper name='<stderr>' mode='w' encoding='utf-8'> node index is 352
train linear regression time:  0.06244541611522436
<_io.TextIOWrapper name='<stderr>' mode='w' encoding='utf-8'> variance test passed, diff=0.040983936801779794, d = 0, back=0
<_io.TextIOWrapper name='<stderr>' mode='w' encoding='utf-8'> Will be split, p=0.040983936801779794, d=0, back=0
(average_diff:0.15411034424414202, max_diff:0.6127919576166763, training_epochs:500, lr:0.05)
<_io.TextIOWrapper name='<stderr>' mode='w' encoding='utf-8'> node index is 366
train linear regression time:  0.057697624899446964
(average_diff:0.0, max_diff:0.0, training_epochs:500, lr:0.05)
<_io.TextIOWrapper name='<stderr>' mode='w' encoding='utf-8'> node index is 367
train linear regression time:  0.04759349999949336
(average_diff:0.0, max_diff:0.0, training_epochs:500, lr:0.05)
<_io.TextIOWrapper name='<stderr>' mode='w' encoding='utf-8'> node index is 353
train linear regression time:  0.05133608262985945
(average_diff:0.00028318043164227147, max_diff:0.00028646412035815416, training_epochs:500, lr:0.05)
<_io.TextIOWrapper name='<stderr>' mode='w' encoding='utf-8'> node index is 339
train linear regression time:  0.05272225011140108
(average_diff:0.0011008599238801764, max_diff:0.0020110244819595557, training_epochs:500, lr:0.05)
<_io.TextIOWrapper name='<stderr>' mode='w' encoding='utf-8'> node index is 327
train linear regression time:  0.05216829106211662
(average_diff:0.00030634033886775547, max_diff:0.0005505042371880542, training_epochs:500, lr:0.05)
<_io.TextIOWrapper name='<stderr>' mode='w' encoding='utf-8'> node index is 315
train linear regression time:  0.053145875222980976
(average_diff:5.551115123125783e-17, max_diff:1.1102230246251565e-16, training_epochs:500, lr:0.05)
<_io.TextIOWrapper name='<stderr>' mode='w' encoding='utf-8'> node index is 303
train linear regression time:  0.05369091685861349
(average_diff:0.007348654425975126, max_diff:0.008450274743711628, training_epochs:500, lr:0.05)
<_io.TextIOWrapper name='<stderr>' mode='w' encoding='utf-8'> node index is 287
train linear regression time:  0.05346899991855025
(average_diff:1.1102230246251565e-16, max_diff:1.1102230246251565e-16, training_epochs:500, lr:0.05)
<_io.TextIOWrapper name='<stderr>' mode='w' encoding='utf-8'> node index is 273
train linear regression time:  0.05403800029307604
(average_diff:0.002284654965049787, max_diff:0.0047763406494484295, training_epochs:500, lr:0.05)
<_io.TextIOWrapper name='<stderr>' mode='w' encoding='utf-8'> node index is 255
train linear regression time:  0.05287175020202994
(average_diff:5.551115123125783e-17, max_diff:1.1102230246251565e-16, training_epochs:500, lr:0.05)
<_io.TextIOWrapper name='<stderr>' mode='w' encoding='utf-8'> node index is 241
train linear regression time:  0.054680374916642904
(average_diff:0.09330011200909849, max_diff:0.19895778843548506, training_epochs:500, lr:0.05)
<_io.TextIOWrapper name='<stderr>' mode='w' encoding='utf-8'> node index is 229
train linear regression time:  0.05307241668924689
(average_diff:0.0008719335872911516, max_diff:0.001496486975631317, training_epochs:500, lr:0.05)
<_io.TextIOWrapper name='<stderr>' mode='w' encoding='utf-8'> node index is 215
train linear regression time:  0.050377583131194115
(average_diff:0.01526676395612947, max_diff:0.028346337752805928, training_epochs:500, lr:0.05)
<_io.TextIOWrapper name='<stderr>' mode='w' encoding='utf-8'> node index is 203
train linear regression time:  0.04752804106101394
(average_diff:1.704969498916853e-12, max_diff:1.7219559111936178e-12, training_epochs:500, lr:0.05)
<_io.TextIOWrapper name='<stderr>' mode='w' encoding='utf-8'> node index is 195
train linear regression time:  0.04913937533274293
(average_diff:2.3407202102513716e-15, max_diff:3.58046925441613e-15, training_epochs:500, lr:0.05)
<_io.TextIOWrapper name='<stderr>' mode='w' encoding='utf-8'> node index is 7
train linear regression time:  0.054046083241701126
(average_diff:0.10456501975315838, max_diff:0.26158912414241314, training_epochs:500, lr:0.05)
<_io.TextIOWrapper name='<stderr>' mode='w' encoding='utf-8'> node index is 5
train linear regression time:  0.054290291387587786
testFringe time:  9.256558790802956
<_io.TextIOWrapper name='<stderr>' mode='w' encoding='utf-8'> =============== update finished ===============

*** Writing Game File 41***

<_io.TextIOWrapper name='../print_tree_record_numpy/print_DR_boost_linear_tree_split.txt' mode='w' encoding='UTF-8'> idx1(Q:0.3981, distinct_name:0, dictinctin_value:2.569683891588169, par:None)
	idx4(Q:0.3990, distinct_name:0, dictinctin_value:2.507749956207568, par:1)
		idx6(Q:0.3988, distinct_name:0, dictinctin_value:-0.050698982385153205, par:4)
			idx8(Q:0.4590, distinct_name:0, dictinctin_value:-0.5002368440471089, par:6)
				idx10(Q:0.5087, distinct_name:3, dictinctin_value:0.7373220788164561, par:8)
					idx12(Q:0.4827, distinct_name:1, dictinctin_value:0.8498558206992594, par:10)
						idx18(Q:0.4291, distinct_name:2, dictinctin_value:0.8559921607301466, par:12)
							idx24(Q:0.4227, distinct_name:0, dictinctin_value:-0.5901212893723445, par:18)
								idx30(Q:0.4313, distinct_name:2, dictinctin_value:0.5095422779981766, par:24)
									idx38(Q:0.4536, distinct_name:2, dictinctin_value:0.24909091887867726, par:30)
										idx44(Q:0.4878, distinct_name:2, dictinctin_value:-0.06052347242753761, par:38)
											idx54(Q:0.5352, distinct_name:2, dictinctin_value:-0.16873413911779458, par:44)
												idx62(Q:0.5597, distinct_name:2, dictinctin_value:-0.3117760123070312, par:54)
													idx70(Q:0.5916, distinct_name:2, dictinctin_value:-0.36929151673896154, par:62)
														idx76(Q:0.6151, distinct_name:2, dictinctin_value:-0.4513587540231024, par:70)
															idx82(Q:0.6512, distinct_name:2, dictinctin_value:-0.49926091712096626, par:76)
																idx90(Q:0.6709, distinct_name:2, dictinctin_value:-0.5261921216626007, par:82)
																	idx100(Q:0.6823, distinct_name:2, dictinctin_value:-0.5682634996789567, par:90)
																		idx110(Q:0.6973, distinct_name:2, dictinctin_value:-0.576514535000767, par:100)
																			idx120(Q:0.7029, par:110)
																			idx121(Q:0.4001, par:110)
																		idx111(Q:0.3552, par:100)
																	idx101(Q:0.3460, par:90)
																idx91(Q:0.3182, par:82)
															idx83(Q:0.2927, par:76)
														idx77(Q:0.2806, par:70)
													idx71(Q:0.2791, par:62)
												idx63(Q:0.2335, par:54)
											idx55(Q:0.2271, par:44)
										idx45(Q:0.2208, par:38)
									idx39(Q:0.3030, par:30)
								idx31(Q:0.3459, par:24)
							idx25(Q:0.4587, distinct_name:0, dictinctin_value:-0.5389580903277561, par:18)
								idx216(Q:0.4628, distinct_name:0, dictinctin_value:-0.5573162410999996, par:25)
									idx230(Q:0.4641, distinct_name:0, dictinctin_value:-0.5917620279880862, par:216)
										idx242(Q:0.4760, distinct_name:1, dictinctin_value:0.8127647407611875, par:230)
											idx256(Q:0.4709, distinct_name:0, dictinctin_value:-0.6131626140571143, par:242)
												idx288(Q:0.4755, distinct_name:0, dictinctin_value:-0.7076582377440916, par:256)
													idx304(Q:0.4910, distinct_name:0, dictinctin_value:-0.717862250694298, par:288)
														idx316(Q:0.4965, distinct_name:0, dictinctin_value:-0.7734253050900186, par:304)
															idx328(Q:0.5031, distinct_name:0, dictinctin_value:-0.7970945326559435, par:316)
																idx340(Q:0.5038, distinct_name:3, dictinctin_value:0.6595389343928215, par:328)
																	idx354(Q:0.4985, par:340)
																	idx355(Q:0.7652, par:340)
																idx341(Q:0.4678, par:328)
															idx329(Q:0.2704, par:316)
														idx317(Q:0.3428, par:304)
													idx305(Q:0.2604, par:288)
												idx289(Q:0.1966, par:256)
											idx257(Q:0.6802, par:242)
										idx243(Q:0.2192, par:230)
									idx231(Q:0.3757, par:216)
								idx217(Q:0.3704, par:25)
						idx19(Q:0.7137, distinct_name:0, dictinctin_value:-0.5046072639210131, par:12)
							idx152(Q:0.7135, distinct_name:2, dictinctin_value:1.74305991171075, par:19)
								idx162(Q:0.7012, distinct_name:2, dictinctin_value:1.5651912903147052, par:152)
									idx172(Q:0.6905, distinct_name:2, dictinctin_value:1.0939968976733132, par:162)
										idx180(Q:0.6667, distinct_name:2, dictinctin_value:0.9064820637809338, par:172)
											idx188(Q:0.6561, distinct_name:2, dictinctin_value:0.8130327408821636, par:180)
												idx196(Q:0.6483, distinct_name:2, dictinctin_value:0.714578820015968, par:188)
													idx204(Q:0.6477, distinct_name:0, dictinctin_value:-0.5137296726081428, par:196)
														idx218(Q:0.6488, distinct_name:2, dictinctin_value:0.4860989258104936, par:204)
															idx232(Q:0.6485, distinct_name:1, dictinctin_value:2.2330900660097845, par:218)
																idx244(Q:0.6426, distinct_name:2, dictinctin_value:0.44559578649865966, par:232)
																	idx258(Q:0.6340, distinct_name:2, dictinctin_value:0.32419638005931734, par:244)
																		idx274(Q:0.6335, distinct_name:0, dictinctin_value:-0.5233031664270825, par:258)
																			idx290(Q:0.6336, par:274)
																			idx291(Q:0.6173, par:274)
																		idx275(Q:0.6453, par:258)
																	idx259(Q:0.9001, par:244)
																idx245(Q:0.8923, par:232)
															idx233(Q:0.6540, par:218)
														idx219(Q:0.5718, par:204)
													idx205(Q:0.6639, par:196)
												idx197(Q:0.8789, par:188)
											idx189(Q:0.8913, par:180)
										idx181(Q:0.9973, par:172)
									idx173(Q:1.0000, par:162)
								idx163(Q:1.0699, par:152)
							idx153(Q:0.7365, par:19)
					idx13(Q:0.5881, distinct_name:2, dictinctin_value:1.929601246827043, par:10)
						idx92(Q:0.5776, distinct_name:1, dictinctin_value:1.2557733390904973, par:13)
							idx102(Q:0.5479, distinct_name:2, dictinctin_value:1.4527612583425853, par:92)
								idx112(Q:0.5293, distinct_name:2, dictinctin_value:1.3531114404933846, par:102)
									idx122(Q:0.5285, distinct_name:2, dictinctin_value:1.0639310625609943, par:112)
										idx130(Q:0.5154, distinct_name:2, dictinctin_value:0.8759607452183222, par:122)
											idx136(Q:0.5121, distinct_name:2, dictinctin_value:0.6228991526328211, par:130)
												idx142(Q:0.5047, distinct_name:2, dictinctin_value:0.4885947458466264, par:136)
													idx146(Q:0.4943, distinct_name:1, dictinctin_value:1.1059975491047376, par:142)
														idx148(Q:0.4843, distinct_name:3, dictinctin_value:2.363964647313972, par:146)
															idx154(Q:0.4732, distinct_name:3, dictinctin_value:1.536573712246935, par:148)
																idx164(Q:0.4520, distinct_name:1, dictinctin_value:0.49075596239548774, par:154)
																	idx206(Q:0.4177, distinct_name:3, dictinctin_value:1.525286896575752, par:164)
																		idx220(Q:0.4177, distinct_name:2, dictinctin_value:0.38874536608000104, par:206)
																			idx234(Q:0.4221, par:220)
																			idx235(Q:0.2794, par:220)
																		idx221(Q:0.4195, par:206)
																	idx207(Q:0.6574, par:164)
																idx165(Q:0.5902, par:154)
															idx155(Q:0.7353, par:148)
														idx149(Q:0.7311, par:146)
													idx147(Q:0.6264, par:142)
												idx143(Q:0.6111, par:136)
											idx137(Q:0.5862, par:130)
										idx131(Q:0.7144, par:122)
									idx123(Q:0.5539, par:112)
								idx113(Q:0.8585, par:102)
							idx103(Q:0.9605, par:92)
						idx93(Q:1.0454, par:13)
				idx11(Q:0.3715, distinct_name:3, dictinctin_value:1.284568987543642, par:8)
					idx32(Q:0.3492, distinct_name:3, dictinctin_value:0.5763111575206541, par:11)
						idx40(Q:0.3342, distinct_name:2, dictinctin_value:1.4159847670297276, par:32)
							idx46(Q:0.3246, distinct_name:2, dictinctin_value:0.8764611652526798, par:40)
								idx56(Q:0.3336, distinct_name:2, dictinctin_value:0.6776552612944613, par:46)
									idx64(Q:0.3390, distinct_name:0, dictinctin_value:-0.10007893227380851, par:56)
										idx72(Q:0.3377, distinct_name:2, dictinctin_value:0.481251420222257, par:64)
											idx78(Q:0.3490, distinct_name:2, dictinctin_value:0.43236682950932387, par:72)
												idx84(Q:0.3557, distinct_name:2, dictinctin_value:0.2322739018313544, par:78)
													idx94(Q:0.3794, distinct_name:2, dictinctin_value:0.1692901075380102, par:84)
														idx104(Q:0.3915, distinct_name:2, dictinctin_value:0.044622068949871425, par:94)
															idx114(Q:0.4102, distinct_name:2, dictinctin_value:-0.04421252452423217, par:104)
																idx124(Q:0.4322, distinct_name:2, dictinctin_value:-0.12551407150931976, par:114)
																	idx132(Q:0.4526, distinct_name:2, dictinctin_value:-0.16179863391045127, par:124)
																		idx138(Q:0.4609, distinct_name:2, dictinctin_value:-0.1987692173924826, par:132)
																			idx144(Q:0.4827, par:138)
																			idx145(Q:0.1497, par:138)
																		idx139(Q:0.1770, par:132)
																	idx133(Q:0.1707, par:124)
																idx125(Q:0.1241, par:114)
															idx115(Q:0.1897, par:104)
														idx105(Q:0.1538, par:94)
													idx95(Q:0.1321, par:84)
												idx85(Q:0.1631, par:78)
											idx79(Q:0.2065, par:72)
										idx73(Q:0.3534, par:64)
									idx65(Q:0.2707, par:56)
								idx57(Q:0.2699, par:46)
							idx47(Q:0.4254, par:40)
						idx41(Q:0.4099, distinct_name:3, dictinctin_value:1.2541204520301295, par:32)
							idx246(Q:0.4062, distinct_name:0, dictinctin_value:-0.05401988313827026, par:41)
								idx260(Q:0.4082, distinct_name:2, dictinctin_value:2.0807886731763334, par:246)
									idx276(Q:0.3993, distinct_name:2, dictinctin_value:1.8994422532815647, par:260)
										idx292(Q:0.3914, distinct_name:1, dictinctin_value:1.2716943858922887, par:276)
											idx306(Q:0.3697, distinct_name:2, dictinctin_value:1.8085097405850585, par:292)
												idx318(Q:0.3569, distinct_name:0, dictinctin_value:-0.06832580226386262, par:306)
													idx330(Q:0.3578, distinct_name:1, dictinctin_value:1.0161843934440484, par:318)
														idx342(Q:0.3500, distinct_name:0, dictinctin_value:-0.11082738421514442, par:330)
															idx356(Q:0.3524, par:342)
															idx357(Q:0.2704, par:342)
														idx343(Q:0.4915, par:330)
													idx331(Q:0.2583, par:318)
												idx319(Q:0.8384, par:306)
											idx307(Q:0.6987, par:292)
										idx293(Q:0.8758, par:276)
									idx277(Q:0.9535, par:260)
								idx261(Q:0.1560, par:246)
							idx247(Q:0.5663, par:41)
					idx33(Q:0.5717, par:11)
			idx9(Q:0.3426, distinct_name:1, dictinctin_value:1.4532912275447858, par:6)
				idx14(Q:0.3258, distinct_name:0, dictinctin_value:0.6708677617788001, par:9)
					idx16(Q:0.3378, distinct_name:0, dictinctin_value:0.5219929201544601, par:14)
						idx20(Q:0.3417, distinct_name:0, dictinctin_value:0.38200451643824146, par:16)
							idx26(Q:0.3527, distinct_name:0, dictinctin_value:0.29175973898130836, par:20)
								idx34(Q:0.3537, distinct_name:3, dictinctin_value:1.2405945003824483, par:26)
									idx42(Q:0.3222, distinct_name:2, dictinctin_value:1.6139678071673451, par:34)
										idx48(Q:0.3153, distinct_name:1, dictinctin_value:1.0148453699076618, par:42)
											idx58(Q:0.3023, distinct_name:2, dictinctin_value:0.8422101128546527, par:48)
												idx66(Q:0.3063, distinct_name:2, dictinctin_value:0.5718071591898053, par:58)
													idx74(Q:0.3205, distinct_name:2, dictinctin_value:0.3335199702259944, par:66)
														idx80(Q:0.3482, distinct_name:2, dictinctin_value:0.2585267021680285, par:74)
															idx86(Q:0.3562, distinct_name:2, dictinctin_value:0.13295569297273957, par:80)
																idx96(Q:0.3760, distinct_name:2, dictinctin_value:0.0933394603867821, par:86)
																	idx106(Q:0.3833, distinct_name:2, dictinctin_value:0.047951172568074005, par:96)
																		idx116(Q:0.3905, distinct_name:2, dictinctin_value:-0.0025517231675584334, par:106)
																			idx126(Q:0.3984, par:116)
																			idx127(Q:0.1245, par:116)
																		idx117(Q:0.1691, par:106)
																	idx107(Q:0.1152, par:96)
																idx97(Q:0.1258, par:86)
															idx87(Q:0.1872, par:80)
														idx81(Q:0.1506, par:74)
													idx75(Q:0.1800, par:66)
												idx67(Q:0.2804, par:58)
											idx59(Q:0.4376, par:48)
										idx49(Q:0.4449, par:42)
									idx43(Q:0.5509, par:34)
								idx35(Q:0.3487, distinct_name:1, dictinctin_value:1.344826515865718, par:26)
									idx236(Q:0.3461, distinct_name:3, dictinctin_value:1.6897348587436034, par:35)
										idx248(Q:0.3342, distinct_name:1, dictinctin_value:1.2341402111364463, par:236)
											idx262(Q:0.3361, distinct_name:3, dictinctin_value:1.3356049450605056, par:248)
												idx278(Q:0.3362, distinct_name:2, dictinctin_value:1.6241822054726756, par:262)
													idx294(Q:0.3276, distinct_name:0, dictinctin_value:0.3731119474318981, par:278)
														idx320(Q:0.3310, distinct_name:3, dictinctin_value:1.2759579982069145, par:294)
															idx344(Q:0.3170, distinct_name:0, dictinctin_value:0.37304242798500226, par:320)
																idx358(Q:0.3169, par:344)
																idx359(Q:0.3297, par:344)
															idx345(Q:0.8043, par:320)
														idx321(Q:0.1499, par:294)
													idx295(Q:0.5179, par:278)
												idx279(Q:0.3342, par:262)
											idx263(Q:0.2222, par:248)
										idx249(Q:0.6936, par:236)
									idx237(Q:0.5098, par:35)
							idx27(Q:0.3044, distinct_name:2, dictinctin_value:1.5527241962490086, par:20)
								idx156(Q:0.3002, distinct_name:0, dictinctin_value:0.5137061072990365, par:27)
									idx166(Q:0.3062, distinct_name:0, dictinctin_value:0.5083060291160676, par:156)
										idx174(Q:0.3064, distinct_name:1, dictinctin_value:1.235555391656205, par:166)
											idx182(Q:0.3044, distinct_name:0, dictinctin_value:0.499318407708209, par:174)
												idx190(Q:0.3092, distinct_name:3, dictinctin_value:1.6437138459193195, par:182)
													idx198(Q:0.3045, distinct_name:0, dictinctin_value:0.4978828276393789, par:190)
														idx208(Q:0.3055, distinct_name:2, dictinctin_value:1.3588453420210258, par:198)
															idx222(Q:0.3006, distinct_name:2, dictinctin_value:0.9721483625475897, par:208)
																idx238(Q:0.3022, distinct_name:0, dictinctin_value:0.4972801494332726, par:222)
																	idx250(Q:0.2979, distinct_name:2, dictinctin_value:0.944961054171824, par:238)
																		idx264(Q:0.3035, distinct_name:2, dictinctin_value:0.872803430709856, par:250)
																			idx280(Q:0.3086, par:264)
																			idx281(Q:0.2171, par:264)
																		idx265(Q:0.0703, par:250)
																	idx251(Q:0.5718, par:238)
																idx239(Q:0.2743, par:222)
															idx223(Q:0.4758, par:208)
														idx209(Q:0.2330, par:198)
													idx199(Q:0.5336, par:190)
												idx191(Q:0.2451, par:182)
											idx183(Q:0.3716, par:174)
										idx175(Q:0.3017, par:166)
									idx167(Q:0.2364, par:156)
								idx157(Q:0.4591, par:27)
						idx21(Q:0.3198, distinct_name:1, dictinctin_value:1.3201670622027022, par:16)
							idx150(Q:0.3190, distinct_name:1, dictinctin_value:1.2234607090751204, par:21)
								idx158(Q:0.3193, distinct_name:1, dictinctin_value:1.0226433736171432, par:150)
									idx168(Q:0.3079, distinct_name:0, dictinctin_value:0.6649352976939671, par:158)
										idx176(Q:0.3015, distinct_name:2, dictinctin_value:1.8028367177150562, par:168)
											idx184(Q:0.3014, distinct_name:3, dictinctin_value:1.321083281680176, par:176)
												idx210(Q:0.2805, distinct_name:1, dictinctin_value:0.7493197611500411, par:184)
													idx224(Q:0.2786, distinct_name:2, dictinctin_value:1.1954012588052898, par:210)
														idx266(Q:0.2777, distinct_name:1, dictinctin_value:0.6035401367847275, par:224)
															idx282(Q:0.2838, distinct_name:1, dictinctin_value:0.5166827335099701, par:266)
																idx296(Q:0.2880, distinct_name:0, dictinctin_value:0.663963378246939, par:282)
																	idx308(Q:0.2835, distinct_name:0, dictinctin_value:0.6638782806630827, par:296)
																		idx322(Q:0.2792, distinct_name:2, dictinctin_value:1.1091905022156634, par:308)
																			idx332(Q:0.2817, par:322)
																			idx333(Q:0.1481, par:322)
																		idx323(Q:0.7405, par:308)
																	idx309(Q:0.7765, par:296)
																idx297(Q:0.1918, par:282)
															idx283(Q:0.1398, par:266)
														idx267(Q:0.2883, par:224)
													idx225(Q:0.2978, par:210)
												idx211(Q:0.5510, par:184)
											idx185(Q:0.3046, par:176)
										idx177(Q:0.4536, par:168)
									idx169(Q:0.5586, par:158)
								idx159(Q:0.2851, par:150)
							idx151(Q:0.3573, par:21)
					idx17(Q:0.3131, distinct_name:3, dictinctin_value:0.8871619234739136, par:14)
						idx22(Q:0.2823, distinct_name:1, dictinctin_value:0.895274831679809, par:17)
							idx28(Q:0.2674, distinct_name:3, dictinctin_value:0.4147697243292515, par:22)
								idx36(Q:0.2584, distinct_name:3, dictinctin_value:-0.009439492879810042, par:28)
									idx50(Q:0.2573, distinct_name:0, dictinctin_value:2.3121117874404824, par:36)
										idx52(Q:0.2590, distinct_name:0, dictinctin_value:1.9483716250181808, par:50)
											idx60(Q:0.2614, distinct_name:3, dictinctin_value:-0.018025248765568658, par:52)
												idx68(Q:0.2701, distinct_name:2, dictinctin_value:0.8033765660185509, par:60)
													idx88(Q:0.2738, distinct_name:2, dictinctin_value:0.6003623148969123, par:68)
														idx98(Q:0.2822, distinct_name:2, dictinctin_value:0.5329635912790776, par:88)
															idx108(Q:0.2905, distinct_name:2, dictinctin_value:0.3621996786015208, par:98)
																idx118(Q:0.3065, distinct_name:3, dictinctin_value:-0.05260374571449391, par:108)
																	idx128(Q:0.3083, distinct_name:2, dictinctin_value:0.22149263805201816, par:118)
																		idx134(Q:0.3235, distinct_name:2, dictinctin_value:0.13324256965432388, par:128)
																			idx140(Q:0.3384, par:134)
																			idx141(Q:0.1331, par:134)
																		idx135(Q:0.1426, par:128)
																	idx129(Q:0.2610, par:118)
																idx119(Q:0.1404, par:108)
															idx109(Q:0.1554, par:98)
														idx99(Q:0.1721, par:88)
													idx89(Q:0.2574, par:68)
												idx69(Q:0.1893, par:60)
											idx61(Q:0.2123, par:52)
										idx53(Q:0.1623, par:50)
									idx51(Q:0.2625, distinct_name:0, dictinctin_value:2.2255864685353126, par:36)
										idx268(Q:0.2605, distinct_name:0, dictinctin_value:1.8770234609938123, par:51)
											idx284(Q:0.2639, distinct_name:1, dictinctin_value:0.8208254329434517, par:268)
												idx298(Q:0.2661, distinct_name:0, dictinctin_value:1.7199871451158526, par:284)
													idx310(Q:0.2683, distinct_name:3, dictinctin_value:0.39481973457279324, par:298)
														idx346(Q:0.2690, distinct_name:2, dictinctin_value:2.0591657816242117, par:310)
															idx360(Q:0.2593, par:346)
															idx361(Q:0.7517, par:346)
														idx347(Q:0.2455, par:310)
													idx311(Q:0.2090, par:298)
												idx299(Q:0.2035, par:284)
											idx285(Q:0.1958, par:268)
										idx269(Q:0.3223, par:51)
								idx37(Q:0.3131, distinct_name:1, dictinctin_value:0.7946772031835798, par:28)
									idx312(Q:0.3067, distinct_name:2, dictinctin_value:1.9378572482198, par:37)
										idx324(Q:0.2943, distinct_name:0, dictinctin_value:2.1880833067537604, par:312)
											idx334(Q:0.2955, distinct_name:0, dictinctin_value:2.1673152418059, par:324)
												idx348(Q:0.2894, distinct_name:0, dictinctin_value:2.0644684179947266, par:334)
													idx362(Q:0.2878, par:348)
													idx363(Q:0.3687, par:348)
												idx349(Q:0.9252, par:334)
											idx335(Q:0.2498, par:324)
										idx325(Q:0.7470, par:312)
									idx313(Q:0.4133, par:37)
							idx29(Q:0.3801, distinct_name:0, dictinctin_value:2.44084525907838, par:22)
								idx336(Q:0.3814, distinct_name:0, dictinctin_value:2.3332385876998147, par:29)
									idx350(Q:0.3818, distinct_name:2, dictinctin_value:1.313989803673234, par:336)
										idx364(Q:0.3673, par:350)
										idx365(Q:0.6729, par:350)
									idx351(Q:0.3317, par:336)
								idx337(Q:0.2493, par:29)
						idx23(Q:0.4741, distinct_name:0, dictinctin_value:2.1444723574903684, par:17)
							idx160(Q:0.4734, distinct_name:0, dictinctin_value:2.133798778100152, par:23)
								idx170(Q:0.4742, distinct_name:2, dictinctin_value:1.564504591409782, par:160)
									idx178(Q:0.4427, distinct_name:2, dictinctin_value:1.4113473869711974, par:170)
										idx186(Q:0.4357, distinct_name:0, dictinctin_value:2.1063540893171067, par:178)
											idx192(Q:0.4366, distinct_name:2, dictinctin_value:1.2195161175228741, par:186)
												idx200(Q:0.4327, distinct_name:0, dictinctin_value:1.9676721667093595, par:192)
													idx212(Q:0.4319, distinct_name:0, dictinctin_value:1.8926417272552991, par:200)
														idx226(Q:0.4363, distinct_name:0, dictinctin_value:1.7713311316515392, par:212)
															idx252(Q:0.4426, distinct_name:1, dictinctin_value:1.3213229930390704, par:226)
																idx270(Q:0.4375, distinct_name:0, dictinctin_value:1.7442155745503336, par:252)
																	idx300(Q:0.4338, par:270)
																	idx301(Q:0.6548, par:270)
																idx271(Q:0.6417, par:252)
															idx253(Q:0.2482, par:226)
														idx227(Q:0.1518, par:212)
													idx213(Q:0.4691, par:200)
												idx201(Q:0.5386, par:192)
											idx193(Q:0.3129, par:186)
										idx187(Q:0.6809, par:178)
									idx179(Q:0.8746, par:170)
								idx171(Q:0.3511, par:160)
							idx161(Q:0.5078, par:23)
				idx15(Q:0.5757, distinct_name:2, dictinctin_value:1.9938158806166744, par:9)
					idx194(Q:0.5693, distinct_name:3, dictinctin_value:2.0149638943737203, par:15)
						idx202(Q:0.5539, distinct_name:3, dictinctin_value:1.626087400144554, par:194)
							idx214(Q:0.5484, distinct_name:1, dictinctin_value:2.6727016574162166, par:202)
								idx228(Q:0.5291, distinct_name:2, dictinctin_value:1.776904010924299, par:214)
									idx240(Q:0.5230, distinct_name:2, dictinctin_value:1.4203463682180766, par:228)
										idx254(Q:0.5099, distinct_name:0, dictinctin_value:2.115573493736756, par:240)
											idx272(Q:0.5083, distinct_name:2, dictinctin_value:1.306259966260203, par:254)
												idx286(Q:0.4983, distinct_name:2, dictinctin_value:1.2529155214914378, par:272)
													idx302(Q:0.4928, distinct_name:2, dictinctin_value:0.808199081795812, par:286)
														idx314(Q:0.4789, distinct_name:2, dictinctin_value:0.7214446989843575, par:302)
															idx326(Q:0.4706, distinct_name:2, dictinctin_value:0.7041168221107604, par:314)
																idx338(Q:0.4680, distinct_name:0, dictinctin_value:2.1110030599556926, par:326)
																	idx352(Q:0.4693, distinct_name:0, dictinctin_value:2.0312710900603177, par:338)
																		idx366(Q:0.4673, par:352)
																		idx367(Q:0.6738, par:352)
																	idx353(Q:0.3397, par:338)
																idx339(Q:0.6013, par:326)
															idx327(Q:0.6962, par:314)
														idx315(Q:0.8655, par:302)
													idx303(Q:0.8104, par:286)
												idx287(Q:0.7919, par:272)
											idx273(Q:0.6978, par:254)
										idx255(Q:0.9152, par:240)
									idx241(Q:0.9017, par:228)
								idx229(Q:0.9498, par:214)
							idx215(Q:0.7337, par:202)
						idx203(Q:0.9177, par:194)
					idx195(Q:1.0231, par:15)
		idx7(Q:0.5135, par:4)
	idx5(Q:0.2645, par:1)
