WARNING:tensorflow:From /Users/keithwu/opt/anaconda3/envs/auction-gym/lib/python3.10/site-packages/tensorflow/python/compat/v2_compat.py:107: disable_resource_variables (from tensorflow.python.ops.variable_scope) is deprecated and will be removed in a future version.
Instructions for updating:
non-resource variables are not supported in the long term
<_io.TextIOWrapper name='<stderr>' mode='w' encoding='utf-8'> reading from ../UTree_model_numpy/DR/model_boost_linear_qsplit_noabs_save/, starting at 97
<_io.TextIOWrapper name='<stderr>' mode='w' encoding='utf-8'> =============== update starts ===============
(average_diff:0.018766346099886012, max_diff:0.12041339871051804, training_epochs:500, lr:0.05)
<_io.TextIOWrapper name='<stderr>' mode='w' encoding='utf-8'> node index is 111
train linear regression time:  0.0528699173592031
(average_diff:0.015422112741382013, max_diff:0.09534157321755268, training_epochs:500, lr:0.05)
<_io.TextIOWrapper name='<stderr>' mode='w' encoding='utf-8'> node index is 101
train linear regression time:  0.05556183401495218
(average_diff:0.00860577311312108, max_diff:0.043929187229586275, training_epochs:500, lr:0.05)
<_io.TextIOWrapper name='<stderr>' mode='w' encoding='utf-8'> node index is 91
train linear regression time:  0.05404941737651825
(average_diff:0.01592808591191657, max_diff:0.19866210440783483, training_epochs:500, lr:0.05)
<_io.TextIOWrapper name='<stderr>' mode='w' encoding='utf-8'> node index is 83
train linear regression time:  0.05608554184436798
(average_diff:0.02292474398637203, max_diff:0.21541251598216338, training_epochs:500, lr:0.05)
<_io.TextIOWrapper name='<stderr>' mode='w' encoding='utf-8'> node index is 77
train linear regression time:  0.05466079106554389
(average_diff:0.0455144665920202, max_diff:0.2756127285671465, training_epochs:500, lr:0.05)
<_io.TextIOWrapper name='<stderr>' mode='w' encoding='utf-8'> node index is 606
train linear regression time:  0.059411624912172556
<_io.TextIOWrapper name='<stderr>' mode='w' encoding='utf-8'> variance test passed, diff=0.011251792974946634, d = 0, back=0
<_io.TextIOWrapper name='<stderr>' mode='w' encoding='utf-8'> Will be split, p=0.011251792974946634, d=0, back=0
(average_diff:0.045914963745839164, max_diff:0.2754776311979467, training_epochs:500, lr:0.05)
<_io.TextIOWrapper name='<stderr>' mode='w' encoding='utf-8'> node index is 608
train linear regression time:  0.06014054175466299
(average_diff:1.6653345369377348e-16, max_diff:1.6653345369377348e-16, training_epochs:500, lr:0.05)
<_io.TextIOWrapper name='<stderr>' mode='w' encoding='utf-8'> node index is 609
train linear regression time:  0.0523364576511085
(average_diff:1.3877787807814457e-17, max_diff:2.7755575615628914e-17, training_epochs:500, lr:0.05)
<_io.TextIOWrapper name='<stderr>' mode='w' encoding='utf-8'> node index is 607
train linear regression time:  0.05218437500298023
(average_diff:9.71445146547012e-17, max_diff:1.942890293094024e-16, training_epochs:500, lr:0.05)
<_io.TextIOWrapper name='<stderr>' mode='w' encoding='utf-8'> node index is 605
train linear regression time:  0.05215158313512802
(average_diff:0.0, max_diff:0.0, training_epochs:500, lr:0.05)
<_io.TextIOWrapper name='<stderr>' mode='w' encoding='utf-8'> node index is 603
train linear regression time:  0.052141834050416946
(average_diff:0.05275854494563759, max_diff:0.2139561437796953, training_epochs:500, lr:0.05)
<_io.TextIOWrapper name='<stderr>' mode='w' encoding='utf-8'> node index is 63
train linear regression time:  0.055031583178788424
(average_diff:0.041740982324305634, max_diff:0.08679337726295314, training_epochs:500, lr:0.05)
<_io.TextIOWrapper name='<stderr>' mode='w' encoding='utf-8'> node index is 501
train linear regression time:  0.05355308298021555
(average_diff:3.6115554991056342e-12, max_diff:3.757494315692611e-12, training_epochs:500, lr:0.05)
<_io.TextIOWrapper name='<stderr>' mode='w' encoding='utf-8'> node index is 493
train linear regression time:  0.05266504222527146
(average_diff:6.730727086790012e-16, max_diff:7.91033905045424e-16, training_epochs:500, lr:0.05)
<_io.TextIOWrapper name='<stderr>' mode='w' encoding='utf-8'> node index is 485
train linear regression time:  0.05236258311197162
(average_diff:0.0015118001216063506, max_diff:0.0037599324365334974, training_epochs:500, lr:0.05)
<_io.TextIOWrapper name='<stderr>' mode='w' encoding='utf-8'> node index is 481
train linear regression time:  0.05210416717454791
(average_diff:2.7755575615628914e-17, max_diff:2.7755575615628914e-17, training_epochs:500, lr:0.05)
<_io.TextIOWrapper name='<stderr>' mode='w' encoding='utf-8'> node index is 475
train linear regression time:  0.05248699989169836
(average_diff:0.003298404233599249, max_diff:0.004814104674054076, training_epochs:500, lr:0.05)
<_io.TextIOWrapper name='<stderr>' mode='w' encoding='utf-8'> node index is 469
train linear regression time:  0.05217770766466856
(average_diff:0.006520501334015144, max_diff:0.009359215997451958, training_epochs:500, lr:0.05)
<_io.TextIOWrapper name='<stderr>' mode='w' encoding='utf-8'> node index is 465
train linear regression time:  0.052805166225880384
(average_diff:0.0037327058642678637, max_diff:0.005690292361953564, training_epochs:500, lr:0.05)
<_io.TextIOWrapper name='<stderr>' mode='w' encoding='utf-8'> node index is 587
train linear regression time:  0.05262550013139844
(average_diff:1.734723475976807e-16, max_diff:2.636779683484747e-16, training_epochs:500, lr:0.05)
<_io.TextIOWrapper name='<stderr>' mode='w' encoding='utf-8'> node index is 581
train linear regression time:  0.0536082498729229
(average_diff:0.005059948338800444, max_diff:0.007816147494239478, training_epochs:500, lr:0.05)
<_io.TextIOWrapper name='<stderr>' mode='w' encoding='utf-8'> node index is 571
train linear regression time:  0.0536612500436604
(average_diff:3.3306690738754696e-16, max_diff:3.3306690738754696e-16, training_epochs:500, lr:0.05)
<_io.TextIOWrapper name='<stderr>' mode='w' encoding='utf-8'> node index is 549
train linear regression time:  0.05646016635000706
(average_diff:0.0015547302551593607, max_diff:0.0023424250951983305, training_epochs:500, lr:0.05)
<_io.TextIOWrapper name='<stderr>' mode='w' encoding='utf-8'> node index is 537
train linear regression time:  0.055527458898723125
(average_diff:0.0005783522791654949, max_diff:0.0012926894477495732, training_epochs:500, lr:0.05)
<_io.TextIOWrapper name='<stderr>' mode='w' encoding='utf-8'> node index is 531
train linear regression time:  0.0529122082516551
(average_diff:5.318153325125271e-13, max_diff:8.310574450831609e-13, training_epochs:500, lr:0.05)
<_io.TextIOWrapper name='<stderr>' mode='w' encoding='utf-8'> node index is 521
train linear regression time:  0.05226245801895857
(average_diff:0.0006116501720389115, max_diff:0.0009567550790356288, training_epochs:500, lr:0.05)
<_io.TextIOWrapper name='<stderr>' mode='w' encoding='utf-8'> node index is 511
train linear regression time:  0.05232516676187515
(average_diff:0.0022310687265432914, max_diff:0.0033074184720654487, training_epochs:500, lr:0.05)
<_io.TextIOWrapper name='<stderr>' mode='w' encoding='utf-8'> node index is 473
train linear regression time:  0.05225941678509116
(average_diff:2.8449465006019636e-16, max_diff:3.7470027081099033e-16, training_epochs:500, lr:0.05)
<_io.TextIOWrapper name='<stderr>' mode='w' encoding='utf-8'> node index is 471
train linear regression time:  0.05222537508234382
(average_diff:1.2073675392798577e-15, max_diff:1.304512053934559e-15, training_epochs:500, lr:0.05)
<_io.TextIOWrapper name='<stderr>' mode='w' encoding='utf-8'> node index is 467
train linear regression time:  0.05210983334109187
(average_diff:0.0015577648110657975, max_diff:0.002724963818114573, training_epochs:500, lr:0.05)
<_io.TextIOWrapper name='<stderr>' mode='w' encoding='utf-8'> node index is 461
train linear regression time:  0.05308149987831712
(average_diff:0.026336365324702838, max_diff:0.06574855278245573, training_epochs:500, lr:0.05)
<_io.TextIOWrapper name='<stderr>' mode='w' encoding='utf-8'> node index is 457
train linear regression time:  0.054045625030994415
(average_diff:3.3306690738754696e-16, max_diff:3.3306690738754696e-16, training_epochs:500, lr:0.05)
<_io.TextIOWrapper name='<stderr>' mode='w' encoding='utf-8'> node index is 449
train linear regression time:  0.05350966705009341
(average_diff:2.5673907444456745e-16, max_diff:4.0245584642661925e-16, training_epochs:500, lr:0.05)
<_io.TextIOWrapper name='<stderr>' mode='w' encoding='utf-8'> node index is 445
train linear regression time:  0.054719125386327505
(average_diff:0.0001924965739743701, max_diff:0.0003598873489146781, training_epochs:500, lr:0.05)
<_io.TextIOWrapper name='<stderr>' mode='w' encoding='utf-8'> node index is 433
train linear regression time:  0.052539917174726725
(average_diff:7.916081481555241e-05, max_diff:0.00011742116874863262, training_epochs:500, lr:0.05)
<_io.TextIOWrapper name='<stderr>' mode='w' encoding='utf-8'> node index is 427
train linear regression time:  0.05202104104682803
(average_diff:1.1102230246251565e-16, max_diff:1.6653345369377348e-16, training_epochs:500, lr:0.05)
<_io.TextIOWrapper name='<stderr>' mode='w' encoding='utf-8'> node index is 599
train linear regression time:  0.05272099981084466
(average_diff:2.3245294578089215e-16, max_diff:2.914335439641036e-16, training_epochs:500, lr:0.05)
<_io.TextIOWrapper name='<stderr>' mode='w' encoding='utf-8'> node index is 597
train linear regression time:  0.05215616710484028
(average_diff:0.0075215568413945265, max_diff:0.011428532746502157, training_epochs:500, lr:0.05)
<_io.TextIOWrapper name='<stderr>' mode='w' encoding='utf-8'> node index is 595
train linear regression time:  0.05212945817038417
(average_diff:5.551115123125783e-17, max_diff:5.551115123125783e-17, training_epochs:500, lr:0.05)
<_io.TextIOWrapper name='<stderr>' mode='w' encoding='utf-8'> node index is 593
train linear regression time:  0.05274270894005895
(average_diff:1.7069679003611782e-15, max_diff:2.1649348980190553e-15, training_epochs:500, lr:0.05)
<_io.TextIOWrapper name='<stderr>' mode='w' encoding='utf-8'> node index is 589
train linear regression time:  0.05332325026392937
(average_diff:5.551115123125783e-17, max_diff:5.551115123125783e-17, training_epochs:500, lr:0.05)
<_io.TextIOWrapper name='<stderr>' mode='w' encoding='utf-8'> node index is 583
train linear regression time:  0.05346587486565113
(average_diff:8.280413391995959e-16, max_diff:1.7763568394002505e-15, training_epochs:500, lr:0.05)
<_io.TextIOWrapper name='<stderr>' mode='w' encoding='utf-8'> node index is 573
train linear regression time:  0.05228974996134639
(average_diff:0.013193271225426162, max_diff:0.02614957943255264, training_epochs:500, lr:0.05)
<_io.TextIOWrapper name='<stderr>' mode='w' encoding='utf-8'> node index is 563
train linear regression time:  0.052265750244259834
(average_diff:1.137867577938323e-12, max_diff:1.5491219418350965e-12, training_epochs:500, lr:0.05)
<_io.TextIOWrapper name='<stderr>' mode='w' encoding='utf-8'> node index is 551
train linear regression time:  0.052742083091288805
(average_diff:5.551115123125783e-17, max_diff:5.551115123125783e-17, training_epochs:500, lr:0.05)
<_io.TextIOWrapper name='<stderr>' mode='w' encoding='utf-8'> node index is 545
train linear regression time:  0.05311700003221631
(average_diff:6.081616147716554e-07, max_diff:9.840466802524261e-07, training_epochs:500, lr:0.05)
<_io.TextIOWrapper name='<stderr>' mode='w' encoding='utf-8'> node index is 369
train linear regression time:  0.05411645909771323
(average_diff:0.007020493862483379, max_diff:0.013828085267847401, training_epochs:500, lr:0.05)
<_io.TextIOWrapper name='<stderr>' mode='w' encoding='utf-8'> node index is 355
train linear regression time:  0.05505041591823101
(average_diff:0.020671367515811195, max_diff:0.03924377287783243, training_epochs:500, lr:0.05)
<_io.TextIOWrapper name='<stderr>' mode='w' encoding='utf-8'> node index is 341
train linear regression time:  0.05227570794522762
(average_diff:0.09738392488049442, max_diff:0.2071222451149909, training_epochs:500, lr:0.05)
<_io.TextIOWrapper name='<stderr>' mode='w' encoding='utf-8'> node index is 329
train linear regression time:  0.05206820834428072
(average_diff:0.012078545036872314, max_diff:0.016256647761198312, training_epochs:500, lr:0.05)
<_io.TextIOWrapper name='<stderr>' mode='w' encoding='utf-8'> node index is 317
train linear regression time:  0.05325637524947524
(average_diff:0.06652596090367145, max_diff:0.22543112949251645, training_epochs:500, lr:0.05)
<_io.TextIOWrapper name='<stderr>' mode='w' encoding='utf-8'> node index is 305
train linear regression time:  0.05276954174041748
(average_diff:0.0024651759459873718, max_diff:0.003481603278258416, training_epochs:500, lr:0.05)
<_io.TextIOWrapper name='<stderr>' mode='w' encoding='utf-8'> node index is 289
train linear regression time:  0.05261545814573765
(average_diff:0.005918949491268292, max_diff:0.011517217607354358, training_epochs:500, lr:0.05)
<_io.TextIOWrapper name='<stderr>' mode='w' encoding='utf-8'> node index is 257
train linear regression time:  0.05257233418524265
(average_diff:0.07585940132703681, max_diff:0.2026981832275831, training_epochs:500, lr:0.05)
<_io.TextIOWrapper name='<stderr>' mode='w' encoding='utf-8'> node index is 243
train linear regression time:  0.052232458256185055
(average_diff:0.00911623530531668, max_diff:0.013885219127230036, training_epochs:500, lr:0.05)
<_io.TextIOWrapper name='<stderr>' mode='w' encoding='utf-8'> node index is 231
train linear regression time:  0.05192854208871722
(average_diff:0.09023758643782834, max_diff:0.18984872137383244, training_epochs:500, lr:0.05)
<_io.TextIOWrapper name='<stderr>' mode='w' encoding='utf-8'> node index is 217
train linear regression time:  0.0533172907307744
(average_diff:0.039197087305101984, max_diff:0.09665730919137339, training_epochs:500, lr:0.05)
<_io.TextIOWrapper name='<stderr>' mode='w' encoding='utf-8'> node index is 275
train linear regression time:  0.053332083858549595
(average_diff:0.012363323521401983, max_diff:0.02523660797458671, training_epochs:500, lr:0.05)
<_io.TextIOWrapper name='<stderr>' mode='w' encoding='utf-8'> node index is 259
train linear regression time:  0.05224558338522911
(average_diff:0.042503610215615925, max_diff:0.07745852922558949, training_epochs:500, lr:0.05)
<_io.TextIOWrapper name='<stderr>' mode='w' encoding='utf-8'> node index is 245
train linear regression time:  0.053189000114798546
(average_diff:0.030284317273353043, max_diff:0.20501864969581923, training_epochs:500, lr:0.05)
<_io.TextIOWrapper name='<stderr>' mode='w' encoding='utf-8'> node index is 233
train linear regression time:  0.05507166590541601
(average_diff:3.847830793705931e-05, max_diff:7.782931405875271e-05, training_epochs:500, lr:0.05)
<_io.TextIOWrapper name='<stderr>' mode='w' encoding='utf-8'> node index is 219
train linear regression time:  0.05229225009679794
(average_diff:0.005716418601563656, max_diff:0.01246806889280383, training_epochs:500, lr:0.05)
<_io.TextIOWrapper name='<stderr>' mode='w' encoding='utf-8'> node index is 205
train linear regression time:  0.05284420773386955
(average_diff:0.02128643062279418, max_diff:0.05231162617027385, training_epochs:500, lr:0.05)
<_io.TextIOWrapper name='<stderr>' mode='w' encoding='utf-8'> node index is 197
train linear regression time:  0.052047666162252426
(average_diff:0.02931922555009171, max_diff:0.09407958703309921, training_epochs:500, lr:0.05)
<_io.TextIOWrapper name='<stderr>' mode='w' encoding='utf-8'> node index is 189
train linear regression time:  0.05270170792937279
(average_diff:0.04010786361802575, max_diff:0.18596916165145538, training_epochs:500, lr:0.05)
<_io.TextIOWrapper name='<stderr>' mode='w' encoding='utf-8'> node index is 181
train linear regression time:  0.05268966732546687
(average_diff:0.025615030829564792, max_diff:0.0630966770117325, training_epochs:500, lr:0.05)
<_io.TextIOWrapper name='<stderr>' mode='w' encoding='utf-8'> node index is 173
train linear regression time:  0.052562624681741
(average_diff:0.026915519672652058, max_diff:0.10240958033060943, training_epochs:500, lr:0.05)
<_io.TextIOWrapper name='<stderr>' mode='w' encoding='utf-8'> node index is 163
train linear regression time:  0.05240749986842275
(average_diff:0.0, max_diff:0.0, training_epochs:500, lr:0.05)
<_io.TextIOWrapper name='<stderr>' mode='w' encoding='utf-8'> node index is 153
train linear regression time:  0.053049291018396616
(average_diff:6.787623281490074e-08, max_diff:1.3015663369309038e-07, training_epochs:500, lr:0.05)
<_io.TextIOWrapper name='<stderr>' mode='w' encoding='utf-8'> node index is 221
train linear regression time:  0.05316741671413183
(average_diff:0.11764353073735768, max_diff:0.3607214149014435, training_epochs:500, lr:0.05)
<_io.TextIOWrapper name='<stderr>' mode='w' encoding='utf-8'> node index is 207
train linear regression time:  0.05374212469905615
(average_diff:0.15668477762061267, max_diff:0.6750954023144693, training_epochs:500, lr:0.05)
<_io.TextIOWrapper name='<stderr>' mode='w' encoding='utf-8'> node index is 165
train linear regression time:  0.05971725005656481
(average_diff:0.14204217132575908, max_diff:0.292831114020233, training_epochs:500, lr:0.05)
<_io.TextIOWrapper name='<stderr>' mode='w' encoding='utf-8'> node index is 155
train linear regression time:  0.05263941688463092
(average_diff:0.1573606613493187, max_diff:0.26649234758030704, training_epochs:500, lr:0.05)
<_io.TextIOWrapper name='<stderr>' mode='w' encoding='utf-8'> node index is 149
train linear regression time:  0.05338774994015694
(average_diff:0.04875937069297952, max_diff:0.1495848445504667, training_epochs:500, lr:0.05)
<_io.TextIOWrapper name='<stderr>' mode='w' encoding='utf-8'> node index is 147
train linear regression time:  0.05390379158779979
(average_diff:0.04918877274917991, max_diff:0.17225806979458902, training_epochs:500, lr:0.05)
<_io.TextIOWrapper name='<stderr>' mode='w' encoding='utf-8'> node index is 143
train linear regression time:  0.053289707750082016
(average_diff:0.03415971407691457, max_diff:0.09325219525285999, training_epochs:500, lr:0.05)
<_io.TextIOWrapper name='<stderr>' mode='w' encoding='utf-8'> node index is 137
train linear regression time:  0.05255295801907778
(average_diff:0.04530901900398837, max_diff:0.14936314819951224, training_epochs:500, lr:0.05)
<_io.TextIOWrapper name='<stderr>' mode='w' encoding='utf-8'> node index is 131
train linear regression time:  0.05292029166594148
(average_diff:0.029465218534315146, max_diff:0.06754649786588979, training_epochs:500, lr:0.05)
<_io.TextIOWrapper name='<stderr>' mode='w' encoding='utf-8'> node index is 123
train linear regression time:  0.05278941709548235
(average_diff:0.03406322717000311, max_diff:0.10671359681847559, training_epochs:500, lr:0.05)
<_io.TextIOWrapper name='<stderr>' mode='w' encoding='utf-8'> node index is 113
train linear regression time:  0.054548374842852354
(average_diff:0.08759138563629426, max_diff:0.5840149540203403, training_epochs:500, lr:0.05)
<_io.TextIOWrapper name='<stderr>' mode='w' encoding='utf-8'> node index is 103
train linear regression time:  0.05895974999293685
(average_diff:0.041833374066147296, max_diff:0.1742792391277097, training_epochs:500, lr:0.05)
<_io.TextIOWrapper name='<stderr>' mode='w' encoding='utf-8'> node index is 93
train linear regression time:  0.05273050023242831
(average_diff:0.022044202102970572, max_diff:0.09520821202932608, training_epochs:500, lr:0.05)
<_io.TextIOWrapper name='<stderr>' mode='w' encoding='utf-8'> node index is 139
train linear regression time:  0.052214791998267174
(average_diff:0.06101538132972373, max_diff:0.21118424942791836, training_epochs:500, lr:0.05)
<_io.TextIOWrapper name='<stderr>' mode='w' encoding='utf-8'> node index is 133
train linear regression time:  0.05271112499758601
(average_diff:0.03465322635653888, max_diff:0.2055947166765395, training_epochs:500, lr:0.05)
<_io.TextIOWrapper name='<stderr>' mode='w' encoding='utf-8'> node index is 125
train linear regression time:  0.05285912472754717
(average_diff:0.07851146562482528, max_diff:0.29748531974816955, training_epochs:500, lr:0.05)
<_io.TextIOWrapper name='<stderr>' mode='w' encoding='utf-8'> node index is 115
train linear regression time:  0.052964541129767895
(average_diff:0.0784798573817776, max_diff:0.3166979485858214, training_epochs:500, lr:0.05)
<_io.TextIOWrapper name='<stderr>' mode='w' encoding='utf-8'> node index is 105
train linear regression time:  0.05268479185178876
(average_diff:0.06195742443400211, max_diff:0.21975584808379017, training_epochs:500, lr:0.05)
<_io.TextIOWrapper name='<stderr>' mode='w' encoding='utf-8'> node index is 95
train linear regression time:  0.053386458195745945
(average_diff:0.06761523523157396, max_diff:0.2473438161305453, training_epochs:500, lr:0.05)
<_io.TextIOWrapper name='<stderr>' mode='w' encoding='utf-8'> node index is 85
train linear regression time:  0.05365595780313015
(average_diff:0.08008185659295929, max_diff:0.2360853405890877, training_epochs:500, lr:0.05)
<_io.TextIOWrapper name='<stderr>' mode='w' encoding='utf-8'> node index is 79
train linear regression time:  0.05393062485381961
(average_diff:0.1038960915264431, max_diff:0.4326248615483087, training_epochs:500, lr:0.05)
<_io.TextIOWrapper name='<stderr>' mode='w' encoding='utf-8'> node index is 73
train linear regression time:  0.05995891708880663
(average_diff:0.07831699695658263, max_diff:0.3714800773122682, training_epochs:500, lr:0.05)
<_io.TextIOWrapper name='<stderr>' mode='w' encoding='utf-8'> node index is 65
train linear regression time:  0.05338937463238835
(average_diff:0.0, max_diff:0.0, training_epochs:500, lr:0.05)
<_io.TextIOWrapper name='<stderr>' mode='w' encoding='utf-8'> node index is 575
train linear regression time:  0.05262158298864961
(average_diff:1.1102230246251565e-16, max_diff:1.1102230246251565e-16, training_epochs:500, lr:0.05)
<_io.TextIOWrapper name='<stderr>' mode='w' encoding='utf-8'> node index is 565
train linear regression time:  0.05365520901978016
(average_diff:0.0001322173044681213, max_diff:0.0002740817125227446, training_epochs:500, lr:0.05)
<_io.TextIOWrapper name='<stderr>' mode='w' encoding='utf-8'> node index is 557
train linear regression time:  0.053425582591444254
(average_diff:0.0, max_diff:0.0, training_epochs:500, lr:0.05)
<_io.TextIOWrapper name='<stderr>' mode='w' encoding='utf-8'> node index is 553
train linear regression time:  0.052908708807080984
(average_diff:6.706751820573231e-11, max_diff:6.80296929900237e-11, training_epochs:500, lr:0.05)
<_io.TextIOWrapper name='<stderr>' mode='w' encoding='utf-8'> node index is 539
train linear regression time:  0.05238166684284806
(average_diff:7.842245371610564e-13, max_diff:1.265321181165291e-12, training_epochs:500, lr:0.05)
<_io.TextIOWrapper name='<stderr>' mode='w' encoding='utf-8'> node index is 523
train linear regression time:  0.0531329158693552
(average_diff:3.034517082056709e-13, max_diff:3.541333892798093e-13, training_epochs:500, lr:0.05)
<_io.TextIOWrapper name='<stderr>' mode='w' encoding='utf-8'> node index is 513
train linear regression time:  0.052748875226825476
(average_diff:0.0, max_diff:0.0, training_epochs:500, lr:0.05)
<_io.TextIOWrapper name='<stderr>' mode='w' encoding='utf-8'> node index is 505
train linear regression time:  0.054518500342965126
(average_diff:0.012732719997091663, max_diff:0.021222001251815725, training_epochs:500, lr:0.05)
<_io.TextIOWrapper name='<stderr>' mode='w' encoding='utf-8'> node index is 495
train linear regression time:  0.05263624992221594
(average_diff:0.02949225067206297, max_diff:0.07233874198659866, training_epochs:500, lr:0.05)
<_io.TextIOWrapper name='<stderr>' mode='w' encoding='utf-8'> node index is 487
train linear regression time:  0.05228091636672616
(average_diff:0.09101283535640145, max_diff:0.5718457806615798, training_epochs:500, lr:0.05)
<_io.TextIOWrapper name='<stderr>' mode='w' encoding='utf-8'> node index is 47
train linear regression time:  0.059666083194315434
(average_diff:8.00285763583967e-16, max_diff:2.0122792321330962e-15, training_epochs:500, lr:0.05)
<_io.TextIOWrapper name='<stderr>' mode='w' encoding='utf-8'> node index is 397
train linear regression time:  0.053524875082075596
(average_diff:0.0667941333849336, max_diff:0.12079865943580978, training_epochs:500, lr:0.05)
<_io.TextIOWrapper name='<stderr>' mode='w' encoding='utf-8'> node index is 383
train linear regression time:  0.05452754208818078
(average_diff:0.017826766508482278, max_diff:0.031744177490034026, training_epochs:500, lr:0.05)
<_io.TextIOWrapper name='<stderr>' mode='w' encoding='utf-8'> node index is 371
train linear regression time:  0.05285824974998832
(average_diff:0.17772519329838993, max_diff:0.5355752855329292, training_epochs:500, lr:0.05)
<_io.TextIOWrapper name='<stderr>' mode='w' encoding='utf-8'> node index is 357
train linear regression time:  0.05294354213401675
(average_diff:0.07919039051380573, max_diff:0.2399977273900371, training_epochs:500, lr:0.05)
<_io.TextIOWrapper name='<stderr>' mode='w' encoding='utf-8'> node index is 343
train linear regression time:  0.05364516610279679
(average_diff:0.1905762332697942, max_diff:0.40176885940232954, training_epochs:500, lr:0.05)
<_io.TextIOWrapper name='<stderr>' mode='w' encoding='utf-8'> node index is 331
train linear regression time:  0.052114333026111126
(average_diff:0.005116304336780619, max_diff:0.010117866719457469, training_epochs:500, lr:0.05)
<_io.TextIOWrapper name='<stderr>' mode='w' encoding='utf-8'> node index is 319
train linear regression time:  0.05208262475207448
(average_diff:0.17119500218762476, max_diff:0.5291506574645526, training_epochs:500, lr:0.05)
<_io.TextIOWrapper name='<stderr>' mode='w' encoding='utf-8'> node index is 307
train linear regression time:  0.05289820861071348
(average_diff:8.665607957273706e-05, max_diff:0.00013110230883772722, training_epochs:500, lr:0.05)
<_io.TextIOWrapper name='<stderr>' mode='w' encoding='utf-8'> node index is 293
train linear regression time:  0.052687209099531174
(average_diff:0.017258736240330447, max_diff:0.035595178456289456, training_epochs:500, lr:0.05)
<_io.TextIOWrapper name='<stderr>' mode='w' encoding='utf-8'> node index is 277
train linear regression time:  0.052262790966778994
(average_diff:0.005378996504857479, max_diff:0.010929073045762877, training_epochs:500, lr:0.05)
<_io.TextIOWrapper name='<stderr>' mode='w' encoding='utf-8'> node index is 261
train linear regression time:  0.053165874909609556
(average_diff:0.0911142669706954, max_diff:0.18195686313236936, training_epochs:500, lr:0.05)
<_io.TextIOWrapper name='<stderr>' mode='w' encoding='utf-8'> node index is 247
train linear regression time:  0.052646500058472157
(average_diff:0.0009242848618892935, max_diff:0.0012896394533303268, training_epochs:500, lr:0.05)
<_io.TextIOWrapper name='<stderr>' mode='w' encoding='utf-8'> node index is 533
train linear regression time:  0.053366582840681076
(average_diff:7.361109259337861e-05, max_diff:0.0001405283553569392, training_epochs:500, lr:0.05)
<_io.TextIOWrapper name='<stderr>' mode='w' encoding='utf-8'> node index is 525
train linear regression time:  0.05298487516120076
(average_diff:3.3306690738754696e-16, max_diff:3.3306690738754696e-16, training_epochs:500, lr:0.05)
<_io.TextIOWrapper name='<stderr>' mode='w' encoding='utf-8'> node index is 515
train linear regression time:  0.0527282920666039
(average_diff:6.938893903907228e-17, max_diff:6.938893903907228e-17, training_epochs:500, lr:0.05)
<_io.TextIOWrapper name='<stderr>' mode='w' encoding='utf-8'> node index is 503
train linear regression time:  0.05297250021249056
(average_diff:0.08076593853281576, max_diff:0.14100276270492124, training_epochs:500, lr:0.05)
<_io.TextIOWrapper name='<stderr>' mode='w' encoding='utf-8'> node index is 497
train linear regression time:  0.05347750009968877
(average_diff:2.7755575615628914e-17, max_diff:2.7755575615628914e-17, training_epochs:500, lr:0.05)
<_io.TextIOWrapper name='<stderr>' mode='w' encoding='utf-8'> node index is 489
train linear regression time:  0.05249037500470877
(average_diff:0.0, max_diff:0.0, training_epochs:500, lr:0.05)
<_io.TextIOWrapper name='<stderr>' mode='w' encoding='utf-8'> node index is 483
train linear regression time:  0.05206999974325299
(average_diff:5.551115123125783e-17, max_diff:5.551115123125783e-17, training_epochs:500, lr:0.05)
<_io.TextIOWrapper name='<stderr>' mode='w' encoding='utf-8'> node index is 479
train linear regression time:  0.05254704225808382
(average_diff:0.01452381087999477, max_diff:0.02894792416818459, training_epochs:500, lr:0.05)
<_io.TextIOWrapper name='<stderr>' mode='w' encoding='utf-8'> node index is 463
train linear regression time:  0.05421208404004574
(average_diff:0.006294874479711554, max_diff:0.011423353506644363, training_epochs:500, lr:0.05)
<_io.TextIOWrapper name='<stderr>' mode='w' encoding='utf-8'> node index is 459
train linear regression time:  0.05235087499022484
(average_diff:4.996003610813204e-16, max_diff:5.551115123125783e-16, training_epochs:500, lr:0.05)
<_io.TextIOWrapper name='<stderr>' mode='w' encoding='utf-8'> node index is 451
train linear regression time:  0.05247437488287687
(average_diff:1.1102230246251565e-16, max_diff:1.1102230246251565e-16, training_epochs:500, lr:0.05)
<_io.TextIOWrapper name='<stderr>' mode='w' encoding='utf-8'> node index is 439
train linear regression time:  0.05418016714975238
(average_diff:0.008195579364266403, max_diff:0.01798137634877972, training_epochs:500, lr:0.05)
<_io.TextIOWrapper name='<stderr>' mode='w' encoding='utf-8'> node index is 437
train linear regression time:  0.05236791726201773
(average_diff:0.031166001678495495, max_diff:0.06796002571079607, training_epochs:500, lr:0.05)
<_io.TextIOWrapper name='<stderr>' mode='w' encoding='utf-8'> node index is 117
train linear regression time:  0.05348045798018575
(average_diff:0.02110525172832642, max_diff:0.06108910946793163, training_epochs:500, lr:0.05)
<_io.TextIOWrapper name='<stderr>' mode='w' encoding='utf-8'> node index is 107
train linear regression time:  0.05298008304089308
(average_diff:0.034093448666508853, max_diff:0.14886744661956292, training_epochs:500, lr:0.05)
<_io.TextIOWrapper name='<stderr>' mode='w' encoding='utf-8'> node index is 97
train linear regression time:  0.05331270769238472
(average_diff:0.048071088105191784, max_diff:0.16435996388227886, training_epochs:500, lr:0.05)
<_io.TextIOWrapper name='<stderr>' mode='w' encoding='utf-8'> node index is 87
train linear regression time:  0.05272483313456178
(average_diff:0.058438356588658376, max_diff:0.31199957885107293, training_epochs:500, lr:0.05)
<_io.TextIOWrapper name='<stderr>' mode='w' encoding='utf-8'> node index is 81
train linear regression time:  0.059676624834537506
(average_diff:0.07298144495566394, max_diff:0.2888962212223065, training_epochs:500, lr:0.05)
<_io.TextIOWrapper name='<stderr>' mode='w' encoding='utf-8'> node index is 75
train linear regression time:  0.05935337534174323
(average_diff:0.09271639292460482, max_diff:0.15133340492055614, training_epochs:500, lr:0.05)
<_io.TextIOWrapper name='<stderr>' mode='w' encoding='utf-8'> node index is 567
train linear regression time:  0.05300220800563693
(average_diff:8.326672684688674e-17, max_diff:1.3877787807814457e-16, training_epochs:500, lr:0.05)
<_io.TextIOWrapper name='<stderr>' mode='w' encoding='utf-8'> node index is 559
train linear regression time:  0.05617854092270136
(average_diff:2.220446049250313e-16, max_diff:2.498001805406602e-16, training_epochs:500, lr:0.05)
<_io.TextIOWrapper name='<stderr>' mode='w' encoding='utf-8'> node index is 555
train linear regression time:  0.05322233308106661
(average_diff:0.014970614925571188, max_diff:0.022450959810422777, training_epochs:500, lr:0.05)
<_io.TextIOWrapper name='<stderr>' mode='w' encoding='utf-8'> node index is 547
train linear regression time:  0.05283833295106888
(average_diff:4.3021142204224816e-16, max_diff:5.273559366969494e-16, training_epochs:500, lr:0.05)
<_io.TextIOWrapper name='<stderr>' mode='w' encoding='utf-8'> node index is 527
train linear regression time:  0.054341542068868876
(average_diff:0.015473553598962173, max_diff:0.029711261323696475, training_epochs:500, lr:0.05)
<_io.TextIOWrapper name='<stderr>' mode='w' encoding='utf-8'> node index is 507
train linear regression time:  0.052902957890182734
(average_diff:0.15552308998297348, max_diff:0.5947534991368889, training_epochs:500, lr:0.05)
<_io.TextIOWrapper name='<stderr>' mode='w' encoding='utf-8'> node index is 59
train linear regression time:  0.06126441573724151
(average_diff:0.0924546780294747, max_diff:0.40021370065155115, training_epochs:500, lr:0.05)
<_io.TextIOWrapper name='<stderr>' mode='w' encoding='utf-8'> node index is 49
train linear regression time:  0.05336387502029538
(average_diff:1.1102230246251565e-16, max_diff:2.220446049250313e-16, training_epochs:500, lr:0.05)
<_io.TextIOWrapper name='<stderr>' mode='w' encoding='utf-8'> node index is 569
train linear regression time:  0.052523292135447264
(average_diff:1.1102230246251565e-16, max_diff:1.1102230246251565e-16, training_epochs:500, lr:0.05)
<_io.TextIOWrapper name='<stderr>' mode='w' encoding='utf-8'> node index is 561
train linear regression time:  0.053131542168557644
(average_diff:1.6653345369377348e-16, max_diff:1.6653345369377348e-16, training_epochs:500, lr:0.05)
<_io.TextIOWrapper name='<stderr>' mode='w' encoding='utf-8'> node index is 543
train linear regression time:  0.0534493331797421
(average_diff:5.273559366969494e-16, max_diff:5.551115123125783e-16, training_epochs:500, lr:0.05)
<_io.TextIOWrapper name='<stderr>' mode='w' encoding='utf-8'> node index is 535
train linear regression time:  0.053169125225394964
(average_diff:6.797803061194448e-15, max_diff:1.176836406102666e-14, training_epochs:500, lr:0.05)
<_io.TextIOWrapper name='<stderr>' mode='w' encoding='utf-8'> node index is 529
train linear regression time:  0.05227191699668765
(average_diff:1.1102230246251565e-16, max_diff:1.1102230246251565e-16, training_epochs:500, lr:0.05)
<_io.TextIOWrapper name='<stderr>' mode='w' encoding='utf-8'> node index is 517
train linear regression time:  0.052164541091769934
(average_diff:7.216449660063518e-16, max_diff:7.771561172376096e-16, training_epochs:500, lr:0.05)
<_io.TextIOWrapper name='<stderr>' mode='w' encoding='utf-8'> node index is 509
train linear regression time:  0.05245579220354557
(average_diff:0.0, max_diff:0.0, training_epochs:500, lr:0.05)
<_io.TextIOWrapper name='<stderr>' mode='w' encoding='utf-8'> node index is 499
train linear regression time:  0.05244975024834275
(average_diff:0.0010364374471311666, max_diff:0.0021207445434280325, training_epochs:500, lr:0.05)
<_io.TextIOWrapper name='<stderr>' mode='w' encoding='utf-8'> node index is 491
train linear regression time:  0.051866000052541494
(average_diff:0.0031791922217541875, max_diff:0.00564099586097383, training_epochs:500, lr:0.05)
<_io.TextIOWrapper name='<stderr>' mode='w' encoding='utf-8'> node index is 385
train linear regression time:  0.05322604067623615
(average_diff:0.07532755757689227, max_diff:0.1412257782400641, training_epochs:500, lr:0.05)
<_io.TextIOWrapper name='<stderr>' mode='w' encoding='utf-8'> node index is 373
train linear regression time:  0.05335729103535414
(average_diff:0.0, max_diff:0.0, training_epochs:500, lr:0.05)
<_io.TextIOWrapper name='<stderr>' mode='w' encoding='utf-8'> node index is 359
train linear regression time:  0.05253749992698431
(average_diff:0.07037741066685325, max_diff:0.21161812820431186, training_epochs:500, lr:0.05)
<_io.TextIOWrapper name='<stderr>' mode='w' encoding='utf-8'> node index is 345
train linear regression time:  0.05497062485665083
(average_diff:0.09297847000560383, max_diff:0.1748262715309804, training_epochs:500, lr:0.05)
<_io.TextIOWrapper name='<stderr>' mode='w' encoding='utf-8'> node index is 321
train linear regression time:  0.053361000027507544
(average_diff:0.06906395874908665, max_diff:0.09498272086005921, training_epochs:500, lr:0.05)
<_io.TextIOWrapper name='<stderr>' mode='w' encoding='utf-8'> node index is 295
train linear regression time:  0.052445000037550926
(average_diff:0.1762509995954014, max_diff:0.35018096506867646, training_epochs:500, lr:0.05)
<_io.TextIOWrapper name='<stderr>' mode='w' encoding='utf-8'> node index is 279
train linear regression time:  0.05350941698998213
(average_diff:0.016088031354740302, max_diff:0.024841937774976508, training_epochs:500, lr:0.05)
<_io.TextIOWrapper name='<stderr>' mode='w' encoding='utf-8'> node index is 263
train linear regression time:  0.0580249996855855
(average_diff:0.06595141215002912, max_diff:0.22578187923670634, training_epochs:500, lr:0.05)
<_io.TextIOWrapper name='<stderr>' mode='w' encoding='utf-8'> node index is 249
train linear regression time:  0.0611670003272593
(average_diff:0.03985723519087958, max_diff:0.08651679856754002, training_epochs:500, lr:0.05)
<_io.TextIOWrapper name='<stderr>' mode='w' encoding='utf-8'> node index is 237
train linear regression time:  0.059366332832723856
(average_diff:0.019489984238755465, max_diff:0.04768981997004576, training_epochs:500, lr:0.05)
<_io.TextIOWrapper name='<stderr>' mode='w' encoding='utf-8'> node index is 265
train linear regression time:  0.05469629215076566
(average_diff:8.326672684688674e-17, max_diff:1.1102230246251565e-16, training_epochs:500, lr:0.05)
<_io.TextIOWrapper name='<stderr>' mode='w' encoding='utf-8'> node index is 251
train linear regression time:  0.05470945779234171
(average_diff:0.0816542552215298, max_diff:0.3578087749462851, training_epochs:500, lr:0.05)
<_io.TextIOWrapper name='<stderr>' mode='w' encoding='utf-8'> node index is 239
train linear regression time:  0.0602506659924984
(average_diff:0.06320792248395758, max_diff:0.1664660965290895, training_epochs:500, lr:0.05)
<_io.TextIOWrapper name='<stderr>' mode='w' encoding='utf-8'> node index is 223
train linear regression time:  0.05386833427473903
(average_diff:0.013516977594095782, max_diff:0.027725728402431205, training_epochs:500, lr:0.05)
<_io.TextIOWrapper name='<stderr>' mode='w' encoding='utf-8'> node index is 209
train linear regression time:  0.05238516675308347
(average_diff:0.08077675806672197, max_diff:0.1608359734049709, training_epochs:500, lr:0.05)
<_io.TextIOWrapper name='<stderr>' mode='w' encoding='utf-8'> node index is 199
train linear regression time:  0.05208145873621106
(average_diff:0.10435193730232557, max_diff:0.40120985387796876, training_epochs:500, lr:0.05)
<_io.TextIOWrapper name='<stderr>' mode='w' encoding='utf-8'> node index is 191
train linear regression time:  0.05291058262810111
(average_diff:0.05350889878462254, max_diff:0.12397435412167754, training_epochs:500, lr:0.05)
<_io.TextIOWrapper name='<stderr>' mode='w' encoding='utf-8'> node index is 183
train linear regression time:  0.052588749676942825
(average_diff:0.10877417027487353, max_diff:0.22569592891364731, training_epochs:500, lr:0.05)
<_io.TextIOWrapper name='<stderr>' mode='w' encoding='utf-8'> node index is 175
train linear regression time:  0.05211920803412795
(average_diff:0.09289850368803657, max_diff:0.26078990769044463, training_epochs:500, lr:0.05)
<_io.TextIOWrapper name='<stderr>' mode='w' encoding='utf-8'> node index is 167
train linear regression time:  0.05228416668251157
(average_diff:0.0887099566708301, max_diff:0.4178294123063251, training_epochs:500, lr:0.05)
<_io.TextIOWrapper name='<stderr>' mode='w' encoding='utf-8'> node index is 157
train linear regression time:  0.052678999956697226
(average_diff:0.0, max_diff:0.0, training_epochs:500, lr:0.05)
<_io.TextIOWrapper name='<stderr>' mode='w' encoding='utf-8'> node index is 323
train linear regression time:  0.05368154216557741
(average_diff:1.1102230246251565e-16, max_diff:1.1102230246251565e-16, training_epochs:500, lr:0.05)
<_io.TextIOWrapper name='<stderr>' mode='w' encoding='utf-8'> node index is 309
train linear regression time:  0.05290416581556201
(average_diff:0.08273286211660257, max_diff:0.17044489410604885, training_epochs:500, lr:0.05)
<_io.TextIOWrapper name='<stderr>' mode='w' encoding='utf-8'> node index is 297
train linear regression time:  0.05302083306014538
(average_diff:0.15381975784520377, max_diff:0.2868546849559913, training_epochs:500, lr:0.05)
<_io.TextIOWrapper name='<stderr>' mode='w' encoding='utf-8'> node index is 283
train linear regression time:  0.05245479196310043
(average_diff:0.07056926046172655, max_diff:0.21122083276415127, training_epochs:500, lr:0.05)
<_io.TextIOWrapper name='<stderr>' mode='w' encoding='utf-8'> node index is 267
train linear regression time:  0.05318295815959573
(average_diff:0.17112829570805552, max_diff:0.660083745266853, training_epochs:500, lr:0.05)
<_io.TextIOWrapper name='<stderr>' mode='w' encoding='utf-8'> node index is 225
train linear regression time:  0.05514570837840438
(average_diff:0.21242107629295906, max_diff:0.4355843729292861, training_epochs:500, lr:0.05)
<_io.TextIOWrapper name='<stderr>' mode='w' encoding='utf-8'> node index is 211
train linear regression time:  0.05352683272212744
(average_diff:0.129112594617937, max_diff:0.3191970606647477, training_epochs:500, lr:0.05)
<_io.TextIOWrapper name='<stderr>' mode='w' encoding='utf-8'> node index is 185
train linear regression time:  0.05219316715374589
(average_diff:0.1114255480371471, max_diff:0.48813045509955344, training_epochs:500, lr:0.05)
<_io.TextIOWrapper name='<stderr>' mode='w' encoding='utf-8'> node index is 177
train linear regression time:  0.0534576247446239
(average_diff:0.18694553840732991, max_diff:0.5696153276909763, training_epochs:500, lr:0.05)
<_io.TextIOWrapper name='<stderr>' mode='w' encoding='utf-8'> node index is 169
train linear regression time:  0.05666862474754453
(average_diff:0.054430640374589834, max_diff:0.12017061767728086, training_epochs:500, lr:0.05)
<_io.TextIOWrapper name='<stderr>' mode='w' encoding='utf-8'> node index is 159
train linear regression time:  0.05777870770543814
(average_diff:0.09535104660966864, max_diff:0.21971252427506516, training_epochs:500, lr:0.05)
<_io.TextIOWrapper name='<stderr>' mode='w' encoding='utf-8'> node index is 151
train linear regression time:  0.05634712474420667
(average_diff:0.03942755673791605, max_diff:0.10523301212343464, training_epochs:500, lr:0.05)
<_io.TextIOWrapper name='<stderr>' mode='w' encoding='utf-8'> node index is 135
train linear regression time:  0.055551167111843824
(average_diff:0.0529321519986799, max_diff:0.10559942898775274, training_epochs:500, lr:0.05)
<_io.TextIOWrapper name='<stderr>' mode='w' encoding='utf-8'> node index is 129
train linear regression time:  0.052543416153639555
(average_diff:0.03464326976801999, max_diff:0.13694497983797516, training_epochs:500, lr:0.05)
<_io.TextIOWrapper name='<stderr>' mode='w' encoding='utf-8'> node index is 119
train linear regression time:  0.05355191696435213
(average_diff:0.03832835795313929, max_diff:0.10879451488140218, training_epochs:500, lr:0.05)
<_io.TextIOWrapper name='<stderr>' mode='w' encoding='utf-8'> node index is 109
train linear regression time:  0.0532107912003994
(average_diff:0.039089797752698476, max_diff:0.18578136010093615, training_epochs:500, lr:0.05)
<_io.TextIOWrapper name='<stderr>' mode='w' encoding='utf-8'> node index is 99
train linear regression time:  0.05576391704380512
(average_diff:8.326672684688674e-17, max_diff:8.326672684688674e-17, training_epochs:500, lr:0.05)
<_io.TextIOWrapper name='<stderr>' mode='w' encoding='utf-8'> node index is 447
train linear regression time:  0.05213583307340741
(average_diff:0.020096524375185377, max_diff:0.04129598945474788, training_epochs:500, lr:0.05)
<_io.TextIOWrapper name='<stderr>' mode='w' encoding='utf-8'> node index is 441
train linear regression time:  0.052637084387242794
(average_diff:0.012078967248552175, max_diff:0.027052222626361172, training_epochs:500, lr:0.05)
<_io.TextIOWrapper name='<stderr>' mode='w' encoding='utf-8'> node index is 435
train linear regression time:  0.05338124977424741
(average_diff:5.551115123125783e-17, max_diff:5.551115123125783e-17, training_epochs:500, lr:0.05)
<_io.TextIOWrapper name='<stderr>' mode='w' encoding='utf-8'> node index is 429
train linear regression time:  0.05232729110866785
(average_diff:2.627527824946204e-15, max_diff:3.83026943495679e-15, training_epochs:500, lr:0.05)
<_io.TextIOWrapper name='<stderr>' mode='w' encoding='utf-8'> node index is 421
train linear regression time:  0.05232895910739899
(average_diff:0.006286542041130191, max_diff:0.16857001185474407, training_epochs:500, lr:0.05)
<_io.TextIOWrapper name='<stderr>' mode='w' encoding='utf-8'> node index is 69
train linear regression time:  0.05940025020390749
(average_diff:0.07729026246300477, max_diff:0.24455036575580558, training_epochs:500, lr:0.05)
<_io.TextIOWrapper name='<stderr>' mode='w' encoding='utf-8'> node index is 61
train linear regression time:  0.05302716698497534
(average_diff:0.08940469375134104, max_diff:0.4603156508396822, training_epochs:500, lr:0.05)
<_io.TextIOWrapper name='<stderr>' mode='w' encoding='utf-8'> node index is 53
train linear regression time:  0.053314958699047565
(average_diff:0.02070389220159869, max_diff:0.03646422173843472, training_epochs:500, lr:0.05)
<_io.TextIOWrapper name='<stderr>' mode='w' encoding='utf-8'> node index is 401
train linear regression time:  0.05366145772859454
(average_diff:0.026191559680058814, max_diff:0.04053242618891997, training_epochs:500, lr:0.05)
<_io.TextIOWrapper name='<stderr>' mode='w' encoding='utf-8'> node index is 387
train linear regression time:  0.05214120866730809
(average_diff:0.007329918420518828, max_diff:0.0157786808761618, training_epochs:500, lr:0.05)
<_io.TextIOWrapper name='<stderr>' mode='w' encoding='utf-8'> node index is 375
train linear regression time:  0.05247583379969001
(average_diff:0.009058452959588594, max_diff:0.018101544206130304, training_epochs:500, lr:0.05)
<_io.TextIOWrapper name='<stderr>' mode='w' encoding='utf-8'> node index is 361
train linear regression time:  0.05291141616180539
(average_diff:0.03917989120878635, max_diff:0.06807075479067978, training_epochs:500, lr:0.05)
<_io.TextIOWrapper name='<stderr>' mode='w' encoding='utf-8'> node index is 347
train linear regression time:  0.05264275008812547
(average_diff:0.1529622735234556, max_diff:0.27679468213213865, training_epochs:500, lr:0.05)
<_io.TextIOWrapper name='<stderr>' mode='w' encoding='utf-8'> node index is 311
train linear regression time:  0.05218595778569579
(average_diff:0.05988012898634746, max_diff:0.1425541858370588, training_epochs:500, lr:0.05)
<_io.TextIOWrapper name='<stderr>' mode='w' encoding='utf-8'> node index is 299
train linear regression time:  0.05250554112717509
(average_diff:0.12018019760488266, max_diff:0.3926542721997278, training_epochs:500, lr:0.05)
<_io.TextIOWrapper name='<stderr>' mode='w' encoding='utf-8'> node index is 285
train linear regression time:  0.0524278748780489
(average_diff:0.10255088293276295, max_diff:0.3133663636796532, training_epochs:500, lr:0.05)
<_io.TextIOWrapper name='<stderr>' mode='w' encoding='utf-8'> node index is 269
train linear regression time:  0.052828249987214804
(average_diff:8.359979375427429e-13, max_diff:8.641976023682219e-13, training_epochs:500, lr:0.05)
<_io.TextIOWrapper name='<stderr>' mode='w' encoding='utf-8'> node index is 415
train linear regression time:  0.05265345890074968
(average_diff:0.000145397385318477, max_diff:0.0002110982291834429, training_epochs:500, lr:0.05)
<_io.TextIOWrapper name='<stderr>' mode='w' encoding='utf-8'> node index is 411
train linear regression time:  0.05260929185897112
(average_diff:2.3592239273284576e-16, max_diff:2.7755575615628914e-16, training_epochs:500, lr:0.05)
<_io.TextIOWrapper name='<stderr>' mode='w' encoding='utf-8'> node index is 403
train linear regression time:  0.054256875067949295
(average_diff:0.0660976934337094, max_diff:0.11790413521872523, training_epochs:500, lr:0.05)
<_io.TextIOWrapper name='<stderr>' mode='w' encoding='utf-8'> node index is 389
train linear regression time:  0.05226804129779339
(average_diff:0.024522788616484027, max_diff:0.06740974832478536, training_epochs:500, lr:0.05)
<_io.TextIOWrapper name='<stderr>' mode='w' encoding='utf-8'> node index is 377
train linear regression time:  0.05366645799949765
(average_diff:0.00037956242322795264, max_diff:0.0008665706802758466, training_epochs:500, lr:0.05)
<_io.TextIOWrapper name='<stderr>' mode='w' encoding='utf-8'> node index is 363
train linear regression time:  0.05263620801270008
(average_diff:0.06708847613247293, max_diff:0.10051905310598369, training_epochs:500, lr:0.05)
<_io.TextIOWrapper name='<stderr>' mode='w' encoding='utf-8'> node index is 349
train linear regression time:  0.052189291920512915
(average_diff:0.043384913082284954, max_diff:0.08532682045792661, training_epochs:500, lr:0.05)
<_io.TextIOWrapper name='<stderr>' mode='w' encoding='utf-8'> node index is 335
train linear regression time:  0.05233608279377222
(average_diff:0.003896817216068748, max_diff:0.006384714452057821, training_epochs:500, lr:0.05)
<_io.TextIOWrapper name='<stderr>' mode='w' encoding='utf-8'> node index is 325
train linear regression time:  0.05272379098460078
(average_diff:0.12408051442600199, max_diff:0.36376085026346333, training_epochs:500, lr:0.05)
<_io.TextIOWrapper name='<stderr>' mode='w' encoding='utf-8'> node index is 313
train linear regression time:  0.052383499685674906
(average_diff:1.1102230246251565e-16, max_diff:1.1102230246251565e-16, training_epochs:500, lr:0.05)
<_io.TextIOWrapper name='<stderr>' mode='w' encoding='utf-8'> node index is 443
train linear regression time:  0.05331645905971527
(average_diff:0.10089260958552364, max_diff:0.21975558791348887, training_epochs:500, lr:0.05)
<_io.TextIOWrapper name='<stderr>' mode='w' encoding='utf-8'> node index is 431
train linear regression time:  0.05575174978002906
(average_diff:5.551115123125783e-17, max_diff:5.551115123125783e-17, training_epochs:500, lr:0.05)
<_io.TextIOWrapper name='<stderr>' mode='w' encoding='utf-8'> node index is 425
train linear regression time:  0.05256166681647301
(average_diff:8.537481647567328e-10, max_diff:1.2507442304077188e-09, training_epochs:500, lr:0.05)
<_io.TextIOWrapper name='<stderr>' mode='w' encoding='utf-8'> node index is 419
train linear regression time:  0.055175166111439466
(average_diff:1.920704336318598e-12, max_diff:2.8819724384732126e-12, training_epochs:500, lr:0.05)
<_io.TextIOWrapper name='<stderr>' mode='w' encoding='utf-8'> node index is 413
train linear regression time:  0.052932958118617535
(average_diff:0.005355442437095759, max_diff:0.013486996392442219, training_epochs:500, lr:0.05)
<_io.TextIOWrapper name='<stderr>' mode='w' encoding='utf-8'> node index is 405
train linear regression time:  0.05241479119285941
(average_diff:1.1102230246251565e-16, max_diff:1.1102230246251565e-16, training_epochs:500, lr:0.05)
<_io.TextIOWrapper name='<stderr>' mode='w' encoding='utf-8'> node index is 391
train linear regression time:  0.05224041687324643
(average_diff:2.220446049250313e-16, max_diff:2.220446049250313e-16, training_epochs:500, lr:0.05)
<_io.TextIOWrapper name='<stderr>' mode='w' encoding='utf-8'> node index is 379
train linear regression time:  0.051801583264023066
(average_diff:0.039179609673345675, max_diff:0.13217137647733201, training_epochs:500, lr:0.05)
<_io.TextIOWrapper name='<stderr>' mode='w' encoding='utf-8'> node index is 365
train linear regression time:  0.05216008331626654
(average_diff:0.017892973666829598, max_diff:0.026519149480134396, training_epochs:500, lr:0.05)
<_io.TextIOWrapper name='<stderr>' mode='w' encoding='utf-8'> node index is 351
train linear regression time:  0.05232466710731387
(average_diff:2.914335439641036e-16, max_diff:3.0531133177191805e-16, training_epochs:500, lr:0.05)
<_io.TextIOWrapper name='<stderr>' mode='w' encoding='utf-8'> node index is 337
train linear regression time:  0.05215783277526498
(average_diff:0.13649287797576598, max_diff:0.5054075648331595, training_epochs:500, lr:0.05)
<_io.TextIOWrapper name='<stderr>' mode='w' encoding='utf-8'> node index is 393
train linear regression time:  0.05304458271712065
(average_diff:0.027837922119698526, max_diff:0.04214868018963025, training_epochs:500, lr:0.05)
<_io.TextIOWrapper name='<stderr>' mode='w' encoding='utf-8'> node index is 301
train linear regression time:  0.0521912919357419
(average_diff:0.09654565745208624, max_diff:0.1977031719544412, training_epochs:500, lr:0.05)
<_io.TextIOWrapper name='<stderr>' mode='w' encoding='utf-8'> node index is 271
train linear regression time:  0.05323987500742078
(average_diff:0.10383764305680526, max_diff:0.2342608677191203, training_epochs:500, lr:0.05)
<_io.TextIOWrapper name='<stderr>' mode='w' encoding='utf-8'> node index is 253
train linear regression time:  0.052245375234633684
(average_diff:0.17966499969428867, max_diff:0.4379546191827306, training_epochs:500, lr:0.05)
<_io.TextIOWrapper name='<stderr>' mode='w' encoding='utf-8'> node index is 227
train linear regression time:  0.05418645916506648
(average_diff:0.15089392270216176, max_diff:0.3493557659965849, training_epochs:500, lr:0.05)
<_io.TextIOWrapper name='<stderr>' mode='w' encoding='utf-8'> node index is 213
train linear regression time:  0.05209779227152467
(average_diff:0.059156197203968405, max_diff:0.13638061313794905, training_epochs:500, lr:0.05)
<_io.TextIOWrapper name='<stderr>' mode='w' encoding='utf-8'> node index is 201
train linear regression time:  0.05207145772874355
(average_diff:5.551115123125783e-17, max_diff:5.551115123125783e-17, training_epochs:500, lr:0.05)
<_io.TextIOWrapper name='<stderr>' mode='w' encoding='utf-8'> node index is 193
train linear regression time:  0.05202599987387657
(average_diff:0.02087081163661248, max_diff:0.06139038124118096, training_epochs:500, lr:0.05)
<_io.TextIOWrapper name='<stderr>' mode='w' encoding='utf-8'> node index is 187
train linear regression time:  0.05207024980336428
(average_diff:0.04428419848348336, max_diff:0.13488083734318101, training_epochs:500, lr:0.05)
<_io.TextIOWrapper name='<stderr>' mode='w' encoding='utf-8'> node index is 179
train linear regression time:  0.053893832955509424
(average_diff:5.551115123125783e-17, max_diff:5.551115123125783e-17, training_epochs:500, lr:0.05)
<_io.TextIOWrapper name='<stderr>' mode='w' encoding='utf-8'> node index is 171
train linear regression time:  0.053620375227183104
(average_diff:0.11777954877927507, max_diff:0.30399339227146166, training_epochs:500, lr:0.05)
<_io.TextIOWrapper name='<stderr>' mode='w' encoding='utf-8'> node index is 161
train linear regression time:  0.05335979210212827
(average_diff:1.0177044392397268e-15, max_diff:1.4988010832439613e-15, training_epochs:500, lr:0.05)
<_io.TextIOWrapper name='<stderr>' mode='w' encoding='utf-8'> node index is 367
train linear regression time:  0.05291499989107251
(average_diff:0.0, max_diff:0.0, training_epochs:500, lr:0.05)
<_io.TextIOWrapper name='<stderr>' mode='w' encoding='utf-8'> node index is 353
train linear regression time:  0.05234916554763913
(average_diff:2.220446049250313e-16, max_diff:2.220446049250313e-16, training_epochs:500, lr:0.05)
<_io.TextIOWrapper name='<stderr>' mode='w' encoding='utf-8'> node index is 339
train linear regression time:  0.05204491689801216
(average_diff:0.02519469999749949, max_diff:0.07639477701566122, training_epochs:500, lr:0.05)
<_io.TextIOWrapper name='<stderr>' mode='w' encoding='utf-8'> node index is 327
train linear regression time:  0.053013457916677
(average_diff:0.02879580221984519, max_diff:0.11564182243292509, training_epochs:500, lr:0.05)
<_io.TextIOWrapper name='<stderr>' mode='w' encoding='utf-8'> node index is 315
train linear regression time:  0.05227749980986118
(average_diff:1.0597885410884578e-05, max_diff:2.2283256885247127e-05, training_epochs:500, lr:0.05)
<_io.TextIOWrapper name='<stderr>' mode='w' encoding='utf-8'> node index is 303
train linear regression time:  0.0521608330309391
(average_diff:0.039155732826939654, max_diff:0.08341681537976642, training_epochs:500, lr:0.05)
<_io.TextIOWrapper name='<stderr>' mode='w' encoding='utf-8'> node index is 287
train linear regression time:  0.052378957625478506
(average_diff:0.050935418204992276, max_diff:0.11568160391095905, training_epochs:500, lr:0.05)
<_io.TextIOWrapper name='<stderr>' mode='w' encoding='utf-8'> node index is 273
train linear regression time:  0.05218308325856924
(average_diff:0.0949027006476968, max_diff:0.5161541445649913, training_epochs:500, lr:0.05)
<_io.TextIOWrapper name='<stderr>' mode='w' encoding='utf-8'> node index is 255
train linear regression time:  0.05217641685158014
(average_diff:0.021712539381836038, max_diff:0.04139910348918008, training_epochs:500, lr:0.05)
<_io.TextIOWrapper name='<stderr>' mode='w' encoding='utf-8'> node index is 241
train linear regression time:  0.05332087492570281
(average_diff:0.18969615423441677, max_diff:0.4498875636549822, training_epochs:500, lr:0.05)
<_io.TextIOWrapper name='<stderr>' mode='w' encoding='utf-8'> node index is 229
train linear regression time:  0.05290833301842213
(average_diff:0.1048867381131276, max_diff:0.43269923906467733, training_epochs:500, lr:0.05)
<_io.TextIOWrapper name='<stderr>' mode='w' encoding='utf-8'> node index is 215
train linear regression time:  0.05278362473472953
(average_diff:0.042547106720497795, max_diff:0.09711779640921592, training_epochs:500, lr:0.05)
<_io.TextIOWrapper name='<stderr>' mode='w' encoding='utf-8'> node index is 203
train linear regression time:  0.05241245776414871
(average_diff:0.01554457786148783, max_diff:0.03496294119589394, training_epochs:500, lr:0.05)
<_io.TextIOWrapper name='<stderr>' mode='w' encoding='utf-8'> node index is 195
train linear regression time:  0.05486262496560812
(average_diff:0.19788690154285143, max_diff:0.37329097116416143, training_epochs:500, lr:0.05)
<_io.TextIOWrapper name='<stderr>' mode='w' encoding='utf-8'> node index is 7
train linear regression time:  0.05476420884951949
(average_diff:0.1327091169570634, max_diff:0.4578619943244359, training_epochs:500, lr:0.05)
<_io.TextIOWrapper name='<stderr>' mode='w' encoding='utf-8'> node index is 5
train linear regression time:  0.05397016601637006
testFringe time:  13.679316249676049
<_io.TextIOWrapper name='<stderr>' mode='w' encoding='utf-8'> =============== update finished ===============

*** Writing Game File 98***

<_io.TextIOWrapper name='../print_tree_record_numpy/print_DR_boost_linear_tree_split.txt' mode='w' encoding='UTF-8'> idx1(Q:0.4001, distinct_name:0, dictinctin_value:2.569683891588169, par:None)
	idx4(Q:0.4007, distinct_name:0, dictinctin_value:2.507749956207568, par:1)
		idx6(Q:0.4008, distinct_name:0, dictinctin_value:-0.050698982385153205, par:4)
			idx8(Q:0.4595, distinct_name:0, dictinctin_value:-0.5002368440471089, par:6)
				idx10(Q:0.5064, distinct_name:3, dictinctin_value:0.7373220788164561, par:8)
					idx12(Q:0.4805, distinct_name:1, dictinctin_value:0.8498558206992594, par:10)
						idx18(Q:0.4294, distinct_name:2, dictinctin_value:0.8559921607301466, par:12)
							idx24(Q:0.4235, distinct_name:0, dictinctin_value:-0.5901212893723445, par:18)
								idx30(Q:0.4319, distinct_name:2, dictinctin_value:0.5095422779981766, par:24)
									idx38(Q:0.4498, distinct_name:2, dictinctin_value:0.24909091887867726, par:30)
										idx44(Q:0.4789, distinct_name:2, dictinctin_value:-0.06052347242753761, par:38)
											idx54(Q:0.5244, distinct_name:2, dictinctin_value:-0.16873413911779458, par:44)
												idx62(Q:0.5491, distinct_name:2, dictinctin_value:-0.3117760123070312, par:54)
													idx70(Q:0.5927, distinct_name:2, dictinctin_value:-0.36929151673896154, par:62)
														idx76(Q:0.6202, distinct_name:2, dictinctin_value:-0.4513587540231024, par:70)
															idx82(Q:0.6553, distinct_name:2, dictinctin_value:-0.49926091712096626, par:76)
																idx90(Q:0.6724, distinct_name:2, dictinctin_value:-0.5261921216626007, par:82)
																	idx100(Q:0.6838, distinct_name:2, dictinctin_value:-0.5682634996789567, par:90)
																		idx110(Q:0.6993, distinct_name:2, dictinctin_value:-0.576514535000767, par:100)
																			idx120(Q:0.7023, par:110)
																			idx121(Q:0.3963, par:110)
																		idx111(Q:0.3744, par:100)
																	idx101(Q:0.3561, par:90)
																idx91(Q:0.3320, par:82)
															idx83(Q:0.3049, par:76)
														idx77(Q:0.2733, par:70)
													idx71(Q:0.2663, distinct_name:0, dictinctin_value:-0.603707487356605, par:62)
														idx602(Q:0.2687, distinct_name:0, dictinctin_value:-0.6138379954103756, par:71)
															idx604(Q:0.2701, distinct_name:0, dictinctin_value:-0.6471412536059391, par:602)
																idx606(Q:0.2712, distinct_name:0, dictinctin_value:-0.6587609279641117, par:604)
																	idx608(Q:0.2719, par:606)
																	idx609(Q:0.2049, par:606)
																idx607(Q:0.2102, par:604)
															idx605(Q:0.1982, par:602)
														idx603(Q:0.1432, par:71)
												idx63(Q:0.2196, par:54)
											idx55(Q:0.2442, distinct_name:0, dictinctin_value:-0.6476910175840919, par:44)
												idx464(Q:0.2475, distinct_name:3, dictinctin_value:0.6680194197252473, par:55)
													idx468(Q:0.2446, distinct_name:0, dictinctin_value:-0.6858015235311999, par:464)
														idx474(Q:0.2452, distinct_name:2, dictinctin_value:0.24031958562965672, par:468)
															idx480(Q:0.2438, distinct_name:2, dictinctin_value:0.22712878489931437, par:474)
																idx484(Q:0.2453, distinct_name:0, dictinctin_value:-0.6984661740702743, par:480)
																	idx492(Q:0.2437, distinct_name:2, dictinctin_value:0.2205862992769331, par:484)
																		idx500(Q:0.2434, distinct_name:1, dictinctin_value:0.7515347460969897, par:492)
																			idx518(Q:0.2429, par:500)
																			idx519(Q:0.2572, par:500)
																		idx501(Q:0.2751, par:492)
																	idx493(Q:0.3077, par:484)
																idx485(Q:0.1301, par:480)
															idx481(Q:0.2797, par:474)
														idx475(Q:0.1567, par:468)
													idx469(Q:0.3624, par:464)
												idx465(Q:0.1355, par:55)
										idx45(Q:0.2465, distinct_name:0, dictinctin_value:-0.6043607795061433, par:38)
											idx510(Q:0.2485, distinct_name:1, dictinctin_value:0.8144916165556727, par:45)
												idx520(Q:0.2426, distinct_name:1, dictinctin_value:0.7699133155688844, par:510)
													idx530(Q:0.2376, distinct_name:2, dictinctin_value:0.5073691095938268, par:520)
														idx536(Q:0.2371, distinct_name:0, dictinctin_value:-0.6190066933050004, par:530)
															idx548(Q:0.2360, distinct_name:0, dictinctin_value:-0.6463225202144014, par:536)
																idx570(Q:0.2351, distinct_name:0, dictinctin_value:-0.6564390430626009, par:548)
																	idx580(Q:0.2368, distinct_name:3, dictinctin_value:0.6572555751708343, par:570)
																		idx586(Q:0.2357, distinct_name:3, dictinctin_value:0.6217208412298194, par:580)
																			idx590(Q:0.2339, par:586)
																			idx591(Q:0.3104, par:586)
																		idx587(Q:0.2792, par:580)
																	idx581(Q:0.1275, par:570)
																idx571(Q:0.2672, par:548)
															idx549(Q:0.3743, par:536)
														idx537(Q:0.2606, par:530)
													idx531(Q:0.3809, par:520)
												idx521(Q:0.5313, par:510)
											idx511(Q:0.1507, par:45)
									idx39(Q:0.3204, distinct_name:1, dictinctin_value:0.8040063207197937, par:30)
										idx426(Q:0.3178, distinct_name:2, dictinctin_value:0.8419373683110459, par:39)
											idx432(Q:0.3199, distinct_name:0, dictinctin_value:-0.6009391153368029, par:426)
												idx444(Q:0.3217, distinct_name:0, dictinctin_value:-0.6041087413020046, par:432)
													idx448(Q:0.3215, distinct_name:0, dictinctin_value:-0.6100701052011255, par:444)
														idx456(Q:0.3221, distinct_name:0, dictinctin_value:-0.6407957166920598, par:448)
															idx460(Q:0.3265, distinct_name:0, dictinctin_value:-0.6555246386975058, par:456)
																idx466(Q:0.3285, distinct_name:0, dictinctin_value:-0.6720161756487143, par:460)
																	idx470(Q:0.3316, distinct_name:0, dictinctin_value:-0.6781083126032775, par:466)
																		idx472(Q:0.3325, distinct_name:0, dictinctin_value:-0.7020609777266955, par:470)
																			idx476(Q:0.3350, par:472)
																			idx477(Q:0.2334, par:472)
																		idx473(Q:0.2839, par:470)
																	idx471(Q:0.0686, par:466)
																idx467(Q:0.1550, par:460)
															idx461(Q:0.1355, par:456)
														idx457(Q:0.3007, par:448)
													idx449(Q:0.3527, par:444)
												idx445(Q:0.1599, par:432)
											idx433(Q:0.2225, par:426)
										idx427(Q:0.4793, par:39)
								idx31(Q:0.3472, distinct_name:0, dictinctin_value:-0.5002719881995846, par:24)
									idx544(Q:0.3474, distinct_name:1, dictinctin_value:0.7593054056611713, par:31)
										idx550(Q:0.3445, distinct_name:0, dictinctin_value:-0.5062520951871772, par:544)
											idx562(Q:0.3451, distinct_name:0, dictinctin_value:-0.5080035363270362, par:550)
												idx572(Q:0.3495, distinct_name:0, dictinctin_value:-0.5084639498879526, par:562)
													idx582(Q:0.3500, distinct_name:0, dictinctin_value:-0.5089199594147691, par:572)
														idx588(Q:0.3528, distinct_name:0, dictinctin_value:-0.5092872052358233, par:582)
															idx592(Q:0.3543, distinct_name:2, dictinctin_value:0.7693334693236122, par:588)
																idx594(Q:0.3590, distinct_name:2, dictinctin_value:0.7132889145486878, par:592)
																	idx596(Q:0.3634, distinct_name:0, dictinctin_value:-0.5099342225448047, par:594)
																		idx598(Q:0.3655, distinct_name:1, dictinctin_value:0.7481026625171042, par:596)
																			idx600(Q:0.3647, par:598)
																			idx601(Q:0.4108, par:598)
																		idx599(Q:0.2330, par:596)
																	idx597(Q:0.0754, par:594)
																idx595(Q:0.1530, par:592)
															idx593(Q:0.1559, par:588)
														idx589(Q:0.1598, par:582)
													idx583(Q:0.2789, par:572)
												idx573(Q:0.1450, par:562)
											idx563(Q:0.3302, par:550)
										idx551(Q:0.4899, par:544)
									idx545(Q:0.3129, par:31)
							idx25(Q:0.4553, distinct_name:0, dictinctin_value:-0.5389580903277561, par:18)
								idx216(Q:0.4577, distinct_name:0, dictinctin_value:-0.5573162410999996, par:25)
									idx230(Q:0.4588, distinct_name:0, dictinctin_value:-0.5917620279880862, par:216)
										idx242(Q:0.4701, distinct_name:1, dictinctin_value:0.8127647407611875, par:230)
											idx256(Q:0.4651, distinct_name:0, dictinctin_value:-0.6131626140571143, par:242)
												idx288(Q:0.4673, distinct_name:0, dictinctin_value:-0.7076582377440916, par:256)
													idx304(Q:0.4829, distinct_name:0, dictinctin_value:-0.717862250694298, par:288)
														idx316(Q:0.4866, distinct_name:0, dictinctin_value:-0.7734253050900186, par:304)
															idx328(Q:0.5013, distinct_name:0, dictinctin_value:-0.7970945326559435, par:316)
																idx340(Q:0.5026, distinct_name:3, dictinctin_value:0.6595389343928215, par:328)
																	idx354(Q:0.4979, distinct_name:3, dictinctin_value:0.6186331758365281, par:340)
																		idx368(Q:0.4931, distinct_name:3, dictinctin_value:0.5952455969358141, par:354)
																			idx380(Q:0.4916, par:368)
																			idx381(Q:0.5796, par:368)
																		idx369(Q:0.8791, par:354)
																	idx355(Q:0.7825, par:340)
																idx341(Q:0.4474, par:328)
															idx329(Q:0.3132, par:316)
														idx317(Q:0.3173, par:304)
													idx305(Q:0.3368, par:288)
												idx289(Q:0.2426, par:256)
											idx257(Q:0.7304, par:242)
										idx243(Q:0.2706, par:230)
									idx231(Q:0.3288, par:216)
								idx217(Q:0.3729, par:25)
						idx19(Q:0.6991, distinct_name:0, dictinctin_value:-0.5046072639210131, par:12)
							idx152(Q:0.6990, distinct_name:2, dictinctin_value:1.74305991171075, par:19)
								idx162(Q:0.6873, distinct_name:2, dictinctin_value:1.5651912903147052, par:152)
									idx172(Q:0.6786, distinct_name:2, dictinctin_value:1.0939968976733132, par:162)
										idx180(Q:0.6573, distinct_name:2, dictinctin_value:0.9064820637809338, par:172)
											idx188(Q:0.6444, distinct_name:2, dictinctin_value:0.8130327408821636, par:180)
												idx196(Q:0.6360, distinct_name:2, dictinctin_value:0.714578820015968, par:188)
													idx204(Q:0.6349, distinct_name:0, dictinctin_value:-0.5137296726081428, par:196)
														idx218(Q:0.6370, distinct_name:2, dictinctin_value:0.4860989258104936, par:204)
															idx232(Q:0.6367, distinct_name:1, dictinctin_value:2.2330900660097845, par:218)
																idx244(Q:0.6255, distinct_name:2, dictinctin_value:0.44559578649865966, par:232)
																	idx258(Q:0.6225, distinct_name:2, dictinctin_value:0.32419638005931734, par:244)
																		idx274(Q:0.6221, distinct_name:0, dictinctin_value:-0.5233031664270825, par:258)
																			idx290(Q:0.6226, par:274)
																			idx291(Q:0.5526, par:274)
																		idx275(Q:0.6340, par:258)
																	idx259(Q:0.7450, par:244)
																idx245(Q:0.9317, par:232)
															idx233(Q:0.6400, par:218)
														idx219(Q:0.4556, par:204)
													idx205(Q:0.6740, par:196)
												idx197(Q:0.8532, par:188)
											idx189(Q:0.8794, par:180)
										idx181(Q:0.9805, par:172)
									idx173(Q:1.0131, par:162)
								idx163(Q:1.0269, par:152)
							idx153(Q:0.7365, par:19)
					idx13(Q:0.5894, distinct_name:2, dictinctin_value:1.929601246827043, par:10)
						idx92(Q:0.5754, distinct_name:1, dictinctin_value:1.2557733390904973, par:13)
							idx102(Q:0.5431, distinct_name:2, dictinctin_value:1.4527612583425853, par:92)
								idx112(Q:0.5318, distinct_name:2, dictinctin_value:1.3531114404933846, par:102)
									idx122(Q:0.5297, distinct_name:2, dictinctin_value:1.0639310625609943, par:112)
										idx130(Q:0.5193, distinct_name:2, dictinctin_value:0.8759607452183222, par:122)
											idx136(Q:0.5124, distinct_name:2, dictinctin_value:0.6228991526328211, par:130)
												idx142(Q:0.5092, distinct_name:2, dictinctin_value:0.4885947458466264, par:136)
													idx146(Q:0.5008, distinct_name:1, dictinctin_value:1.1059975491047376, par:142)
														idx148(Q:0.4938, distinct_name:3, dictinctin_value:2.363964647313972, par:146)
															idx154(Q:0.4861, distinct_name:3, dictinctin_value:1.536573712246935, par:148)
																idx164(Q:0.4594, distinct_name:1, dictinctin_value:0.49075596239548774, par:154)
																	idx206(Q:0.4251, distinct_name:3, dictinctin_value:1.525286896575752, par:164)
																		idx220(Q:0.4246, distinct_name:2, dictinctin_value:0.38874536608000104, par:206)
																			idx234(Q:0.4271, par:220)
																			idx235(Q:0.3327, par:220)
																		idx221(Q:0.4555, par:206)
																	idx207(Q:0.6204, par:164)
																idx165(Q:0.5807, par:154)
															idx155(Q:0.6877, par:148)
														idx149(Q:0.7431, par:146)
													idx147(Q:0.5951, par:142)
												idx143(Q:0.5504, par:136)
											idx137(Q:0.6927, par:130)
										idx131(Q:0.7149, par:122)
									idx123(Q:0.6587, par:112)
								idx113(Q:0.7978, par:102)
							idx103(Q:0.9313, par:92)
						idx93(Q:1.0340, par:13)
				idx11(Q:0.3756, distinct_name:3, dictinctin_value:1.284568987543642, par:8)
					idx32(Q:0.3535, distinct_name:3, dictinctin_value:0.5763111575206541, par:11)
						idx40(Q:0.3357, distinct_name:2, dictinctin_value:1.4159847670297276, par:32)
							idx46(Q:0.3278, distinct_name:2, dictinctin_value:0.8764611652526798, par:40)
								idx56(Q:0.3333, distinct_name:2, dictinctin_value:0.6776552612944613, par:46)
									idx64(Q:0.3404, distinct_name:0, dictinctin_value:-0.10007893227380851, par:56)
										idx72(Q:0.3401, distinct_name:2, dictinctin_value:0.481251420222257, par:64)
											idx78(Q:0.3509, distinct_name:2, dictinctin_value:0.43236682950932387, par:72)
												idx84(Q:0.3577, distinct_name:2, dictinctin_value:0.2322739018313544, par:78)
													idx94(Q:0.3790, distinct_name:2, dictinctin_value:0.1692901075380102, par:84)
														idx104(Q:0.3882, distinct_name:2, dictinctin_value:0.044622068949871425, par:94)
															idx114(Q:0.4073, distinct_name:2, dictinctin_value:-0.04421252452423217, par:104)
																idx124(Q:0.4278, distinct_name:2, dictinctin_value:-0.12551407150931976, par:114)
																	idx132(Q:0.4435, distinct_name:2, dictinctin_value:-0.16179863391045127, par:124)
																		idx138(Q:0.4539, distinct_name:2, dictinctin_value:-0.1987692173924826, par:132)
																			idx144(Q:0.4709, par:138)
																			idx145(Q:0.1612, par:138)
																		idx139(Q:0.1698, par:132)
																	idx133(Q:0.1869, par:124)
																idx125(Q:0.1396, par:114)
															idx115(Q:0.1815, par:104)
														idx105(Q:0.1966, par:94)
													idx95(Q:0.1666, par:84)
												idx85(Q:0.1621, par:78)
											idx79(Q:0.2132, par:72)
										idx73(Q:0.3431, par:64)
									idx65(Q:0.2462, par:56)
								idx57(Q:0.2897, distinct_name:0, dictinctin_value:-0.07115888508263095, par:46)
									idx486(Q:0.2937, distinct_name:2, dictinctin_value:1.3997870335092657, par:57)
										idx494(Q:0.2908, distinct_name:0, dictinctin_value:-0.07160732513030894, par:486)
											idx504(Q:0.2879, distinct_name:0, dictinctin_value:-0.08350405569893737, par:494)
												idx512(Q:0.2900, distinct_name:1, dictinctin_value:1.8788415154351898, par:504)
													idx522(Q:0.2745, distinct_name:1, dictinctin_value:1.7168001155290575, par:512)
														idx538(Q:0.2683, distinct_name:0, dictinctin_value:-0.08454829370887558, par:522)
															idx552(Q:0.2662, distinct_name:3, dictinctin_value:0.4530042815419259, par:538)
																idx556(Q:0.2676, distinct_name:0, dictinctin_value:-0.08608502852647902, par:552)
																	idx564(Q:0.2687, distinct_name:0, dictinctin_value:-0.08644796937551802, par:556)
																		idx574(Q:0.2683, distinct_name:0, dictinctin_value:-0.08717123163966492, par:564)
																			idx584(Q:0.2697, par:574)
																			idx585(Q:0.1069, par:574)
																		idx575(Q:0.3124, par:564)
																	idx565(Q:0.1341, par:556)
																idx557(Q:0.2231, par:552)
															idx553(Q:0.5355, par:538)
														idx539(Q:0.6590, par:522)
													idx523(Q:0.9474, par:512)
												idx513(Q:0.1541, par:504)
											idx505(Q:0.6691, par:494)
										idx495(Q:0.3896, par:486)
									idx487(Q:0.1811, par:57)
							idx47(Q:0.4267, par:40)
						idx41(Q:0.4261, distinct_name:3, dictinctin_value:1.2541204520301295, par:32)
							idx246(Q:0.4202, distinct_name:0, dictinctin_value:-0.05401988313827026, par:41)
								idx260(Q:0.4206, distinct_name:2, dictinctin_value:2.0807886731763334, par:246)
									idx276(Q:0.4068, distinct_name:2, dictinctin_value:1.8994422532815647, par:260)
										idx292(Q:0.4020, distinct_name:1, dictinctin_value:1.2716943858922887, par:276)
											idx306(Q:0.3777, distinct_name:2, dictinctin_value:1.8085097405850585, par:292)
												idx318(Q:0.3699, distinct_name:0, dictinctin_value:-0.06832580226386262, par:306)
													idx330(Q:0.3651, distinct_name:1, dictinctin_value:1.0161843934440484, par:318)
														idx342(Q:0.3576, distinct_name:0, dictinctin_value:-0.11082738421514442, par:330)
															idx356(Q:0.3542, distinct_name:0, dictinctin_value:-0.1239714467724242, par:342)
																idx370(Q:0.3516, distinct_name:1, dictinctin_value:0.8661774768232812, par:356)
																	idx382(Q:0.3468, distinct_name:0, dictinctin_value:-0.13038566790821624, par:370)
																		idx396(Q:0.3469, distinct_name:1, dictinctin_value:0.7685182247259327, par:382)
																			idx406(Q:0.3412, par:396)
																			idx407(Q:0.5266, par:396)
																		idx397(Q:0.3395, par:382)
																	idx383(Q:0.4871, par:370)
																idx371(Q:0.4861, par:356)
															idx357(Q:0.4015, par:342)
														idx343(Q:0.5057, par:330)
													idx331(Q:0.5325, par:318)
												idx319(Q:0.8472, par:306)
											idx307(Q:0.6241, par:292)
										idx293(Q:0.8474, par:276)
									idx277(Q:0.8999, par:260)
								idx261(Q:0.3940, par:246)
							idx247(Q:0.6656, par:41)
					idx33(Q:0.5572, distinct_name:2, dictinctin_value:1.8206658800741853, par:11)
						idx436(Q:0.5451, distinct_name:0, dictinctin_value:-0.055487221535360155, par:33)
							idx438(Q:0.5428, distinct_name:0, dictinctin_value:-0.06661868934946451, par:436)
								idx450(Q:0.5453, distinct_name:2, dictinctin_value:1.6280055741424861, par:438)
									idx458(Q:0.5350, distinct_name:2, dictinctin_value:1.4609118350831285, par:450)
										idx462(Q:0.5270, distinct_name:0, dictinctin_value:-0.06716992247771125, par:458)
											idx478(Q:0.5284, distinct_name:0, dictinctin_value:-0.06950841565798693, par:462)
												idx482(Q:0.5275, distinct_name:0, dictinctin_value:-0.07617984110574617, par:478)
													idx488(Q:0.5297, distinct_name:0, dictinctin_value:-0.09812148969449835, par:482)
														idx496(Q:0.5286, distinct_name:0, dictinctin_value:-0.10012482464779363, par:488)
															idx502(Q:0.5312, distinct_name:2, dictinctin_value:1.4064514939244364, par:496)
																idx514(Q:0.5282, distinct_name:2, dictinctin_value:1.318805451770871, par:502)
																	idx524(Q:0.5209, distinct_name:0, dictinctin_value:-0.11118736531331526, par:514)
																		idx532(Q:0.5209, distinct_name:0, dictinctin_value:-0.12850307532465371, par:524)
																			idx540(Q:0.5274, par:532)
																			idx541(Q:0.2899, par:532)
																		idx533(Q:0.5230, par:524)
																	idx525(Q:0.7980, par:514)
																idx515(Q:0.7615, par:502)
															idx503(Q:0.1239, par:496)
														idx497(Q:0.5558, par:488)
													idx489(Q:0.1612, par:482)
												idx483(Q:0.6779, par:478)
											idx479(Q:0.3023, par:462)
										idx463(Q:0.8671, par:458)
									idx459(Q:0.9828, par:450)
								idx451(Q:0.3190, par:438)
							idx439(Q:0.9613, par:436)
						idx437(Q:0.9142, par:33)
			idx9(Q:0.3467, distinct_name:1, dictinctin_value:1.4532912275447858, par:6)
				idx14(Q:0.3261, distinct_name:0, dictinctin_value:0.6708677617788001, par:9)
					idx16(Q:0.3435, distinct_name:0, dictinctin_value:0.5219929201544601, par:14)
						idx20(Q:0.3442, distinct_name:0, dictinctin_value:0.38200451643824146, par:16)
							idx26(Q:0.3493, distinct_name:0, dictinctin_value:0.29175973898130836, par:20)
								idx34(Q:0.3494, distinct_name:3, dictinctin_value:1.2405945003824483, par:26)
									idx42(Q:0.3244, distinct_name:2, dictinctin_value:1.6139678071673451, par:34)
										idx48(Q:0.3190, distinct_name:1, dictinctin_value:1.0148453699076618, par:42)
											idx58(Q:0.3082, distinct_name:2, dictinctin_value:0.8422101128546527, par:48)
												idx66(Q:0.3160, distinct_name:2, dictinctin_value:0.5718071591898053, par:58)
													idx74(Q:0.3288, distinct_name:2, dictinctin_value:0.3335199702259944, par:66)
														idx80(Q:0.3534, distinct_name:2, dictinctin_value:0.2585267021680285, par:74)
															idx86(Q:0.3611, distinct_name:2, dictinctin_value:0.13295569297273957, par:80)
																idx96(Q:0.3784, distinct_name:2, dictinctin_value:0.0933394603867821, par:86)
																	idx106(Q:0.3867, distinct_name:2, dictinctin_value:0.047951172568074005, par:96)
																		idx116(Q:0.3943, distinct_name:2, dictinctin_value:-0.0025517231675584334, par:106)
																			idx126(Q:0.4011, par:116)
																			idx127(Q:0.1400, par:116)
																		idx117(Q:0.1509, par:106)
																	idx107(Q:0.1104, par:96)
																idx97(Q:0.1320, par:86)
															idx87(Q:0.1594, par:80)
														idx81(Q:0.1551, par:74)
													idx75(Q:0.2047, par:66)
												idx67(Q:0.2662, distinct_name:0, dictinctin_value:0.284001031471605, par:58)
													idx506(Q:0.2656, distinct_name:0, dictinctin_value:0.28239410324000885, par:67)
														idx526(Q:0.2649, distinct_name:1, dictinctin_value:0.83535054985968, par:506)
															idx546(Q:0.2448, distinct_name:2, dictinctin_value:1.5992728183505887, par:526)
																idx554(Q:0.2467, distinct_name:0, dictinctin_value:0.27983576931814547, par:546)
																	idx558(Q:0.2476, distinct_name:2, dictinctin_value:1.5459775970266707, par:554)
																		idx566(Q:0.2398, distinct_name:2, dictinctin_value:1.5137425616672946, par:558)
																			idx576(Q:0.2400, par:566)
																			idx577(Q:0.2344, par:566)
																		idx567(Q:0.4496, par:558)
																	idx559(Q:0.1898, par:554)
																idx555(Q:0.1136, par:546)
															idx547(Q:0.7287, par:526)
														idx527(Q:0.3231, par:506)
													idx507(Q:0.2847, par:67)
											idx59(Q:0.4229, par:48)
										idx49(Q:0.4307, par:42)
									idx43(Q:0.5348, distinct_name:3, dictinctin_value:2.7956706813891117, par:34)
										idx490(Q:0.5221, distinct_name:0, dictinctin_value:0.28758459307995216, par:43)
											idx498(Q:0.5174, distinct_name:2, dictinctin_value:1.7926081731949, par:490)
												idx508(Q:0.5111, distinct_name:0, dictinctin_value:0.2865220549225975, par:498)
													idx516(Q:0.5106, distinct_name:0, dictinctin_value:0.2785989659591723, par:508)
														idx528(Q:0.5171, distinct_name:3, dictinctin_value:2.7261255458914433, par:516)
															idx534(Q:0.5201, distinct_name:0, dictinctin_value:0.2763906794093015, par:528)
																idx542(Q:0.5216, distinct_name:0, dictinctin_value:0.2703031142425218, par:534)
																	idx560(Q:0.5204, distinct_name:3, dictinctin_value:2.563708411050972, par:542)
																		idx568(Q:0.5166, distinct_name:2, dictinctin_value:1.5803350412841866, par:560)
																			idx578(Q:0.5038, par:568)
																			idx579(Q:0.7891, par:568)
																		idx569(Q:0.7699, par:560)
																	idx561(Q:0.6884, par:542)
																idx543(Q:0.3073, par:534)
															idx535(Q:0.3125, par:528)
														idx529(Q:0.2106, par:516)
													idx517(Q:0.5832, par:508)
												idx509(Q:0.9712, par:498)
											idx499(Q:1.1979, par:490)
										idx491(Q:0.9972, par:43)
								idx35(Q:0.3488, distinct_name:1, dictinctin_value:1.344826515865718, par:26)
									idx236(Q:0.3471, distinct_name:3, dictinctin_value:1.6897348587436034, par:35)
										idx248(Q:0.3308, distinct_name:1, dictinctin_value:1.2341402111364463, par:236)
											idx262(Q:0.3314, distinct_name:3, dictinctin_value:1.3356049450605056, par:248)
												idx278(Q:0.3213, distinct_name:2, dictinctin_value:1.6241822054726756, par:262)
													idx294(Q:0.3124, distinct_name:0, dictinctin_value:0.3731119474318981, par:278)
														idx320(Q:0.3072, distinct_name:3, dictinctin_value:1.2759579982069145, par:294)
															idx344(Q:0.2984, distinct_name:0, dictinctin_value:0.37304242798500226, par:320)
																idx358(Q:0.2982, distinct_name:0, dictinctin_value:0.3707677109507447, par:344)
																	idx372(Q:0.2999, distinct_name:0, dictinctin_value:0.3697040787425107, par:358)
																		idx384(Q:0.3004, distinct_name:2, dictinctin_value:1.3789177574365135, par:372)
																			idx398(Q:0.2987, par:384)
																			idx399(Q:0.3408, par:384)
																		idx385(Q:0.2750, par:372)
																	idx373(Q:0.2348, par:358)
																idx359(Q:0.3297, par:344)
															idx345(Q:0.6603, par:320)
														idx321(Q:0.3872, par:294)
													idx295(Q:0.5022, par:278)
												idx279(Q:0.5644, par:262)
											idx263(Q:0.2832, par:248)
										idx249(Q:0.6651, par:236)
									idx237(Q:0.4358, par:35)
							idx27(Q:0.3259, distinct_name:2, dictinctin_value:1.5527241962490086, par:20)
								idx156(Q:0.3202, distinct_name:0, dictinctin_value:0.5137061072990365, par:27)
									idx166(Q:0.3257, distinct_name:0, dictinctin_value:0.5083060291160676, par:156)
										idx174(Q:0.3271, distinct_name:1, dictinctin_value:1.235555391656205, par:166)
											idx182(Q:0.3262, distinct_name:0, dictinctin_value:0.499318407708209, par:174)
												idx190(Q:0.3312, distinct_name:3, dictinctin_value:1.6437138459193195, par:182)
													idx198(Q:0.3220, distinct_name:0, dictinctin_value:0.4978828276393789, par:190)
														idx208(Q:0.3240, distinct_name:2, dictinctin_value:1.3588453420210258, par:198)
															idx222(Q:0.3200, distinct_name:2, dictinctin_value:0.9721483625475897, par:208)
																idx238(Q:0.3223, distinct_name:0, dictinctin_value:0.4972801494332726, par:222)
																	idx250(Q:0.3206, distinct_name:2, dictinctin_value:0.944961054171824, par:238)
																		idx264(Q:0.3238, distinct_name:2, dictinctin_value:0.872803430709856, par:250)
																			idx280(Q:0.3287, par:264)
																			idx281(Q:0.2116, par:264)
																		idx265(Q:0.1370, par:250)
																	idx251(Q:0.5718, par:238)
																idx239(Q:0.2923, par:222)
															idx223(Q:0.4399, par:208)
														idx209(Q:0.1910, par:198)
													idx199(Q:0.6695, par:190)
												idx191(Q:0.2488, par:182)
											idx183(Q:0.3519, par:174)
										idx175(Q:0.2957, par:166)
									idx167(Q:0.2429, par:156)
								idx157(Q:0.4616, par:27)
						idx21(Q:0.3404, distinct_name:1, dictinctin_value:1.3201670622027022, par:16)
							idx150(Q:0.3386, distinct_name:1, dictinctin_value:1.2234607090751204, par:21)
								idx158(Q:0.3394, distinct_name:1, dictinctin_value:1.0226433736171432, par:150)
									idx168(Q:0.3331, distinct_name:0, dictinctin_value:0.6649352976939671, par:158)
										idx176(Q:0.3323, distinct_name:2, dictinctin_value:1.8028367177150562, par:168)
											idx184(Q:0.3299, distinct_name:3, dictinctin_value:1.321083281680176, par:176)
												idx210(Q:0.3116, distinct_name:1, dictinctin_value:0.7493197611500411, par:184)
													idx224(Q:0.3046, distinct_name:2, dictinctin_value:1.1954012588052898, par:210)
														idx266(Q:0.3043, distinct_name:1, dictinctin_value:0.6035401367847275, par:224)
															idx282(Q:0.3043, distinct_name:1, dictinctin_value:0.5166827335099701, par:266)
																idx296(Q:0.3096, distinct_name:0, dictinctin_value:0.663963378246939, par:282)
																	idx308(Q:0.3080, distinct_name:0, dictinctin_value:0.6638782806630827, par:296)
																		idx322(Q:0.3064, distinct_name:2, dictinctin_value:1.1091905022156634, par:308)
																			idx332(Q:0.3096, par:322)
																			idx333(Q:0.1630, par:322)
																		idx323(Q:0.7405, par:308)
																	idx309(Q:0.7765, par:296)
																idx297(Q:0.1677, par:282)
															idx283(Q:0.3045, par:266)
														idx267(Q:0.3083, par:224)
													idx225(Q:0.3686, par:210)
												idx211(Q:0.5368, par:184)
											idx185(Q:0.4116, par:176)
										idx177(Q:0.3493, par:168)
									idx169(Q:0.5132, par:158)
								idx159(Q:0.2684, par:150)
							idx151(Q:0.4317, par:21)
					idx17(Q:0.3071, distinct_name:3, dictinctin_value:0.8871619234739136, par:14)
						idx22(Q:0.2748, distinct_name:1, dictinctin_value:0.895274831679809, par:17)
							idx28(Q:0.2600, distinct_name:3, dictinctin_value:0.4147697243292515, par:22)
								idx36(Q:0.2527, distinct_name:3, dictinctin_value:-0.009439492879810042, par:28)
									idx50(Q:0.2481, distinct_name:0, dictinctin_value:2.3121117874404824, par:36)
										idx52(Q:0.2494, distinct_name:0, dictinctin_value:1.9483716250181808, par:50)
											idx60(Q:0.2529, distinct_name:3, dictinctin_value:-0.018025248765568658, par:52)
												idx68(Q:0.2602, distinct_name:2, dictinctin_value:0.8033765660185509, par:60)
													idx88(Q:0.2666, distinct_name:2, dictinctin_value:0.6003623148969123, par:68)
														idx98(Q:0.2746, distinct_name:2, dictinctin_value:0.5329635912790776, par:88)
															idx108(Q:0.2788, distinct_name:2, dictinctin_value:0.3621996786015208, par:98)
																idx118(Q:0.2923, distinct_name:3, dictinctin_value:-0.05260374571449391, par:108)
																	idx128(Q:0.2944, distinct_name:2, dictinctin_value:0.22149263805201816, par:118)
																		idx134(Q:0.3094, distinct_name:2, dictinctin_value:0.13324256965432388, par:128)
																			idx140(Q:0.3208, par:134)
																			idx141(Q:0.1385, par:134)
																		idx135(Q:0.1445, par:128)
																	idx129(Q:0.2252, par:118)
																idx119(Q:0.1479, par:108)
															idx109(Q:0.1699, par:98)
														idx99(Q:0.1624, par:88)
													idx89(Q:0.2368, distinct_name:0, dictinctin_value:1.9001636825637473, par:68)
														idx420(Q:0.2351, distinct_name:0, dictinctin_value:1.8970534364477791, par:89)
															idx428(Q:0.2352, distinct_name:0, dictinctin_value:1.7864713255325577, par:420)
																idx434(Q:0.2373, distinct_name:0, dictinctin_value:1.7345810667045185, par:428)
																	idx440(Q:0.2347, distinct_name:0, dictinctin_value:1.7300479805066988, par:434)
																		idx446(Q:0.2353, distinct_name:0, dictinctin_value:1.6826477660222412, par:440)
																			idx452(Q:0.2338, par:446)
																			idx453(Q:0.2928, par:446)
																		idx447(Q:0.1492, par:440)
																	idx441(Q:0.3084, par:434)
																idx435(Q:0.1741, par:428)
															idx429(Q:0.2144, par:420)
														idx421(Q:0.2937, par:89)
												idx69(Q:0.1940, par:60)
											idx61(Q:0.1944, par:52)
										idx53(Q:0.1887, par:50)
									idx51(Q:0.2671, distinct_name:0, dictinctin_value:2.2255864685353126, par:36)
										idx268(Q:0.2661, distinct_name:0, dictinctin_value:1.8770234609938123, par:51)
											idx284(Q:0.2667, distinct_name:1, dictinctin_value:0.8208254329434517, par:268)
												idx298(Q:0.2683, distinct_name:0, dictinctin_value:1.7199871451158526, par:284)
													idx310(Q:0.2679, distinct_name:3, dictinctin_value:0.39481973457279324, par:298)
														idx346(Q:0.2690, distinct_name:2, dictinctin_value:2.0591657816242117, par:310)
															idx360(Q:0.2589, distinct_name:2, dictinctin_value:1.6416632040499568, par:346)
																idx374(Q:0.2580, distinct_name:0, dictinctin_value:1.6846076849979201, par:360)
																	idx386(Q:0.2568, distinct_name:2, dictinctin_value:1.5364517172370076, par:374)
																		idx400(Q:0.2560, distinct_name:2, dictinctin_value:1.321416179085615, par:386)
																			idx408(Q:0.2540, par:400)
																			idx409(Q:0.3184, par:400)
																		idx401(Q:0.2993, par:386)
																	idx387(Q:0.3396, par:374)
																idx375(Q:0.3030, par:360)
															idx361(Q:0.6598, par:346)
														idx347(Q:0.2293, par:310)
													idx311(Q:0.2816, par:298)
												idx299(Q:0.2089, par:284)
											idx285(Q:0.2534, par:268)
										idx269(Q:0.2944, par:51)
								idx37(Q:0.2944, distinct_name:1, dictinctin_value:0.7946772031835798, par:28)
									idx312(Q:0.2891, distinct_name:2, dictinctin_value:1.9378572482198, par:37)
										idx324(Q:0.2823, distinct_name:0, dictinctin_value:2.1880833067537604, par:312)
											idx334(Q:0.2828, distinct_name:0, dictinctin_value:2.1673152418059, par:324)
												idx348(Q:0.2807, distinct_name:0, dictinctin_value:2.0644684179947266, par:334)
													idx362(Q:0.2795, distinct_name:2, dictinctin_value:1.6060442338491094, par:348)
														idx376(Q:0.2713, distinct_name:0, dictinctin_value:1.8821116949330967, par:362)
															idx388(Q:0.2747, distinct_name:2, dictinctin_value:1.5867185725408008, par:376)
																idx402(Q:0.2748, distinct_name:0, dictinctin_value:1.8162737627685595, par:388)
																	idx410(Q:0.2774, distinct_name:2, dictinctin_value:1.474613989336331, par:402)
																		idx414(Q:0.2736, distinct_name:2, dictinctin_value:1.322085439542282, par:410)
																			idx422(Q:0.2737, par:414)
																			idx423(Q:0.2720, par:414)
																		idx415(Q:0.7277, par:410)
																	idx411(Q:0.1206, par:402)
																idx403(Q:0.2603, par:388)
															idx389(Q:0.1672, par:376)
														idx377(Q:0.5362, par:362)
													idx363(Q:0.3418, par:348)
												idx349(Q:0.4213, par:334)
											idx335(Q:0.2633, par:324)
										idx325(Q:0.5989, par:312)
									idx313(Q:0.4281, par:37)
							idx29(Q:0.3890, distinct_name:0, dictinctin_value:2.44084525907838, par:22)
								idx336(Q:0.3902, distinct_name:0, dictinctin_value:2.3332385876998147, par:29)
									idx350(Q:0.3923, distinct_name:2, dictinctin_value:1.313989803673234, par:336)
										idx364(Q:0.3592, distinct_name:2, dictinctin_value:1.2075088067941002, par:350)
											idx378(Q:0.3568, distinct_name:0, dictinctin_value:2.3276851139515355, par:364)
												idx390(Q:0.3559, distinct_name:2, dictinctin_value:1.1566628366759308, par:378)
													idx404(Q:0.3483, distinct_name:2, dictinctin_value:1.049026714172236, par:390)
														idx412(Q:0.3453, distinct_name:2, dictinctin_value:1.0138168631315498, par:404)
															idx418(Q:0.3428, distinct_name:0, dictinctin_value:2.3136303024689413, par:412)
																idx424(Q:0.3427, distinct_name:1, dictinctin_value:1.4142431093508798, par:418)
																	idx430(Q:0.3466, distinct_name:0, dictinctin_value:2.2572655688242222, par:424)
																		idx442(Q:0.3463, distinct_name:0, dictinctin_value:2.2507333712501807, par:430)
																			idx454(Q:0.3462, par:442)
																			idx455(Q:0.3551, par:442)
																		idx443(Q:0.3689, par:430)
																	idx431(Q:0.2625, par:424)
																idx425(Q:0.3611, par:418)
															idx419(Q:0.4918, par:412)
														idx413(Q:0.5241, par:404)
													idx405(Q:0.6303, par:390)
												idx391(Q:0.5313, par:378)
											idx379(Q:0.5828, par:364)
										idx365(Q:0.6762, par:350)
									idx351(Q:0.2484, par:336)
								idx337(Q:0.2579, par:29)
						idx23(Q:0.4633, distinct_name:0, dictinctin_value:2.1444723574903684, par:17)
							idx160(Q:0.4634, distinct_name:0, dictinctin_value:2.133798778100152, par:23)
								idx170(Q:0.4637, distinct_name:2, dictinctin_value:1.564504591409782, par:160)
									idx178(Q:0.4408, distinct_name:2, dictinctin_value:1.4113473869711974, par:170)
										idx186(Q:0.4351, distinct_name:0, dictinctin_value:2.1063540893171067, par:178)
											idx192(Q:0.4358, distinct_name:2, dictinctin_value:1.2195161175228741, par:186)
												idx200(Q:0.4310, distinct_name:0, dictinctin_value:1.9676721667093595, par:192)
													idx212(Q:0.4293, distinct_name:0, dictinctin_value:1.8926417272552991, par:200)
														idx226(Q:0.4297, distinct_name:0, dictinctin_value:1.7713311316515392, par:212)
															idx252(Q:0.4326, distinct_name:1, dictinctin_value:1.3213229930390704, par:226)
																idx270(Q:0.4283, distinct_name:0, dictinctin_value:1.7442155745503336, par:252)
																	idx300(Q:0.4259, distinct_name:0, dictinctin_value:1.3536781616204123, par:270)
																		idx392(Q:0.4277, distinct_name:0, dictinctin_value:1.2274516322533688, par:300)
																			idx416(Q:0.4283, par:392)
																			idx417(Q:0.4231, par:392)
																		idx393(Q:0.4184, par:300)
																	idx301(Q:0.6620, par:270)
																idx271(Q:0.6092, par:252)
															idx253(Q:0.3513, par:226)
														idx227(Q:0.4130, par:212)
													idx213(Q:0.4799, par:200)
												idx201(Q:0.5477, par:192)
											idx193(Q:0.3158, par:186)
										idx187(Q:0.6615, par:178)
									idx179(Q:0.8480, par:170)
								idx171(Q:0.3511, par:160)
							idx161(Q:0.4618, par:23)
				idx15(Q:0.6105, distinct_name:2, dictinctin_value:1.9938158806166744, par:9)
					idx194(Q:0.6000, distinct_name:3, dictinctin_value:2.0149638943737203, par:15)
						idx202(Q:0.5899, distinct_name:3, dictinctin_value:1.626087400144554, par:194)
							idx214(Q:0.5852, distinct_name:1, dictinctin_value:2.6727016574162166, par:202)
								idx228(Q:0.5732, distinct_name:2, dictinctin_value:1.776904010924299, par:214)
									idx240(Q:0.5681, distinct_name:2, dictinctin_value:1.4203463682180766, par:228)
										idx254(Q:0.5565, distinct_name:0, dictinctin_value:2.115573493736756, par:240)
											idx272(Q:0.5573, distinct_name:2, dictinctin_value:1.306259966260203, par:254)
												idx286(Q:0.5452, distinct_name:2, dictinctin_value:1.2529155214914378, par:272)
													idx302(Q:0.5415, distinct_name:2, dictinctin_value:0.808199081795812, par:286)
														idx314(Q:0.5191, distinct_name:2, dictinctin_value:0.7214446989843575, par:302)
															idx326(Q:0.5119, distinct_name:2, dictinctin_value:0.7041168221107604, par:314)
																idx338(Q:0.5112, distinct_name:0, dictinctin_value:2.1110030599556926, par:326)
																	idx352(Q:0.5119, distinct_name:0, dictinctin_value:2.0312710900603177, par:338)
																		idx366(Q:0.5103, distinct_name:2, dictinctin_value:0.6878681581259294, par:352)
																			idx394(Q:0.5084, par:366)
																			idx395(Q:0.7374, par:366)
																		idx367(Q:0.6383, par:352)
																	idx353(Q:0.3397, par:338)
																idx339(Q:0.6013, par:326)
															idx327(Q:0.6820, par:314)
														idx315(Q:0.8465, par:302)
													idx303(Q:0.8049, par:286)
												idx287(Q:0.8402, par:272)
											idx273(Q:0.5122, par:254)
										idx255(Q:0.7995, par:240)
									idx241(Q:0.8938, par:228)
								idx229(Q:0.7858, par:214)
							idx215(Q:0.7358, par:202)
						idx203(Q:0.9193, par:194)
					idx195(Q:0.9885, par:15)
		idx7(Q:0.3309, par:4)
	idx5(Q:0.2809, par:1)
