WARNING:tensorflow:From /Users/keithwu/opt/anaconda3/envs/auction-gym/lib/python3.10/site-packages/tensorflow/python/compat/v2_compat.py:107: disable_resource_variables (from tensorflow.python.ops.variable_scope) is deprecated and will be removed in a future version.
Instructions for updating:
non-resource variables are not supported in the long term
<_io.TextIOWrapper name='<stderr>' mode='w' encoding='utf-8'> reading from ../UTree_model_numpy/DR/model_boost_linear_qsplit_noabs_save/, starting at 6
<_io.TextIOWrapper name='<stderr>' mode='w' encoding='utf-8'> =============== update starts ===============
(average_diff:0.1235751810671419, max_diff:0.5670114900385468, training_epochs:500, lr:0.05)
<_io.TextIOWrapper name='<stderr>' mode='w' encoding='utf-8'> node index is 24
train linear regression time:  0.05647004069760442
<_io.TextIOWrapper name='<stderr>' mode='w' encoding='utf-8'> variance test passed, diff=0.060904650094994794, d = 0, back=0
<_io.TextIOWrapper name='<stderr>' mode='w' encoding='utf-8'> Will be split, p=0.060904650094994794, d=0, back=0
(average_diff:0.12491102867369927, max_diff:0.6021613464357145, training_epochs:500, lr:0.05)
<_io.TextIOWrapper name='<stderr>' mode='w' encoding='utf-8'> node index is 30
train linear regression time:  0.05516574997454882
(average_diff:0.06986649157770009, max_diff:0.16101578722285703, training_epochs:500, lr:0.05)
<_io.TextIOWrapper name='<stderr>' mode='w' encoding='utf-8'> node index is 31
train linear regression time:  0.04817716730758548
(average_diff:0.034204907015917906, max_diff:0.09694859535891046, training_epochs:500, lr:0.05)
<_io.TextIOWrapper name='<stderr>' mode='w' encoding='utf-8'> node index is 25
train linear regression time:  0.04927500011399388
(average_diff:0.18163700451494158, max_diff:0.5557516430476995, training_epochs:500, lr:0.05)
<_io.TextIOWrapper name='<stderr>' mode='w' encoding='utf-8'> node index is 19
train linear regression time:  0.048760166857391596
(average_diff:0.1864788533090815, max_diff:0.7292134705457467, training_epochs:500, lr:0.05)
<_io.TextIOWrapper name='<stderr>' mode='w' encoding='utf-8'> node index is 13
train linear regression time:  0.04906091699376702
(average_diff:0.1770343196661846, max_diff:0.6091357167707666, training_epochs:500, lr:0.05)
<_io.TextIOWrapper name='<stderr>' mode='w' encoding='utf-8'> node index is 11
train linear regression time:  0.055668666027486324
<_io.TextIOWrapper name='<stderr>' mode='w' encoding='utf-8'> variance test passed, diff=0.01528006401002846, d = 3, back=0
<_io.TextIOWrapper name='<stderr>' mode='w' encoding='utf-8'> Will be split, p=0.01528006401002846, d=3, back=0
(average_diff:0.17272499958790494, max_diff:0.5372049673903607, training_epochs:500, lr:0.05)
<_io.TextIOWrapper name='<stderr>' mode='w' encoding='utf-8'> node index is 32
train linear regression time:  0.05558870919048786
(average_diff:0.07297337614466426, max_diff:0.20093157446109658, training_epochs:500, lr:0.05)
<_io.TextIOWrapper name='<stderr>' mode='w' encoding='utf-8'> node index is 33
train linear regression time:  0.047626500017941
(average_diff:0.20842831306648774, max_diff:0.6621480836341449, training_epochs:500, lr:0.05)
<_io.TextIOWrapper name='<stderr>' mode='w' encoding='utf-8'> node index is 26
train linear regression time:  0.06133662490174174
<_io.TextIOWrapper name='<stderr>' mode='w' encoding='utf-8'> variance test passed, diff=0.03761189263567833, d = 0, back=0
<_io.TextIOWrapper name='<stderr>' mode='w' encoding='utf-8'> Will be split, p=0.03761189263567833, d=0, back=0
(average_diff:0.21114921040734694, max_diff:0.6533064619297542, training_epochs:500, lr:0.05)
<_io.TextIOWrapper name='<stderr>' mode='w' encoding='utf-8'> node index is 34
train linear regression time:  0.05537129193544388
(average_diff:0.1402064279926122, max_diff:0.5341154871633933, training_epochs:500, lr:0.05)
<_io.TextIOWrapper name='<stderr>' mode='w' encoding='utf-8'> node index is 35
train linear regression time:  0.0494531667791307
(average_diff:0.12356658695201593, max_diff:0.46805850259479664, training_epochs:500, lr:0.05)
<_io.TextIOWrapper name='<stderr>' mode='w' encoding='utf-8'> node index is 27
train linear regression time:  0.049042458180338144
(average_diff:0.1407475330546508, max_diff:0.5120533185586663, training_epochs:500, lr:0.05)
<_io.TextIOWrapper name='<stderr>' mode='w' encoding='utf-8'> node index is 21
train linear regression time:  0.04890700010582805
(average_diff:0.17024051744063803, max_diff:0.8084780278110505, training_epochs:500, lr:0.05)
<_io.TextIOWrapper name='<stderr>' mode='w' encoding='utf-8'> node index is 28
train linear regression time:  0.05572287505492568
<_io.TextIOWrapper name='<stderr>' mode='w' encoding='utf-8'> variance test passed, diff=0.013166097042177367, d = 3, back=0
<_io.TextIOWrapper name='<stderr>' mode='w' encoding='utf-8'> Will be split, p=0.013166097042177367, d=3, back=0
(average_diff:0.14563188502055632, max_diff:0.8669785258643066, training_epochs:500, lr:0.05)
<_io.TextIOWrapper name='<stderr>' mode='w' encoding='utf-8'> node index is 36
train linear regression time:  0.05870216665789485
(average_diff:0.19969173330124743, max_diff:0.5790153115119159, training_epochs:500, lr:0.05)
<_io.TextIOWrapper name='<stderr>' mode='w' encoding='utf-8'> node index is 37
train linear regression time:  0.05147929070517421
(average_diff:0.17990320039589977, max_diff:0.43387222808919235, training_epochs:500, lr:0.05)
<_io.TextIOWrapper name='<stderr>' mode='w' encoding='utf-8'> node index is 29
train linear regression time:  0.05075516691431403
(average_diff:0.1598443319129343, max_diff:0.3647435014093254, training_epochs:500, lr:0.05)
<_io.TextIOWrapper name='<stderr>' mode='w' encoding='utf-8'> node index is 23
train linear regression time:  0.048721166793257
(average_diff:0.10949549286069782, max_diff:0.38812681320807957, training_epochs:500, lr:0.05)
<_io.TextIOWrapper name='<stderr>' mode='w' encoding='utf-8'> node index is 15
train linear regression time:  0.0492102918215096
(average_diff:4.996003610813204e-16, max_diff:5.551115123125783e-16, training_epochs:500, lr:0.05)
<_io.TextIOWrapper name='<stderr>' mode='w' encoding='utf-8'> node index is 7
train linear regression time:  0.04801174998283386
(average_diff:0.000982579380917753, max_diff:0.001847255595551378, training_epochs:500, lr:0.05)
<_io.TextIOWrapper name='<stderr>' mode='w' encoding='utf-8'> node index is 5
train linear regression time:  0.04837741702795029
testFringe time:  1.1503639589063823
<_io.TextIOWrapper name='<stderr>' mode='w' encoding='utf-8'> =============== update finished ===============

*** Writing Game File 7***

<_io.TextIOWrapper name='../print_tree_record_numpy/print_DR_boost_linear_tree_split.txt' mode='w' encoding='UTF-8'> idx1(Q:0.4136, distinct_name:0, dictinctin_value:2.569683891588169, par:None)
	idx4(Q:0.4143, distinct_name:0, dictinctin_value:2.507749956207568, par:1)
		idx6(Q:0.4132, distinct_name:0, dictinctin_value:-0.050698982385153205, par:4)
			idx8(Q:0.4864, distinct_name:0, dictinctin_value:-0.5002368440471089, par:6)
				idx10(Q:0.5395, distinct_name:3, dictinctin_value:0.7373220788164561, par:8)
					idx12(Q:0.5126, distinct_name:1, dictinctin_value:0.8498558206992594, par:10)
						idx18(Q:0.4476, distinct_name:2, dictinctin_value:0.8559921607301466, par:12)
							idx24(Q:0.4515, distinct_name:0, dictinctin_value:-0.5901212893723445, par:18)
								idx30(Q:0.4645, par:24)
								idx31(Q:0.3070, par:24)
							idx25(Q:0.4271, par:18)
						idx19(Q:0.7473, par:12)
					idx13(Q:0.6434, par:10)
				idx11(Q:0.3892, distinct_name:3, dictinctin_value:1.284568987543642, par:8)
					idx32(Q:0.3574, par:11)
					idx33(Q:0.6159, par:11)
			idx9(Q:0.3506, distinct_name:1, dictinctin_value:1.4532912275447858, par:6)
				idx14(Q:0.3390, distinct_name:0, dictinctin_value:0.6708677617788001, par:9)
					idx16(Q:0.3419, distinct_name:0, dictinctin_value:0.5219929201544601, par:14)
						idx20(Q:0.3518, distinct_name:0, dictinctin_value:0.38200451643824146, par:16)
							idx26(Q:0.3674, distinct_name:0, dictinctin_value:0.29175973898130836, par:20)
								idx34(Q:0.3932, par:26)
								idx35(Q:0.2384, par:26)
							idx27(Q:0.2774, par:20)
						idx21(Q:0.3069, par:16)
					idx17(Q:0.3358, distinct_name:3, dictinctin_value:0.8871619234739136, par:14)
						idx22(Q:0.3147, distinct_name:1, dictinctin_value:0.895274831679809, par:17)
							idx28(Q:0.2865, distinct_name:3, dictinctin_value:0.4147697243292515, par:22)
								idx36(Q:0.2548, par:28)
								idx37(Q:0.5127, par:28)
							idx29(Q:0.4611, par:22)
						idx23(Q:0.4255, par:17)
				idx15(Q:0.5210, par:9)
		idx7(Q:0.6670, par:4)
	idx5(Q:0.3571, par:1)
