WARNING:tensorflow:From /Users/keithwu/opt/anaconda3/envs/auction-gym/lib/python3.10/site-packages/tensorflow/python/compat/v2_compat.py:107: disable_resource_variables (from tensorflow.python.ops.variable_scope) is deprecated and will be removed in a future version.
Instructions for updating:
non-resource variables are not supported in the long term
<_io.TextIOWrapper name='<stderr>' mode='w' encoding='utf-8'> reading from ../UTree_model_numpy/DR/model_boost_linear_qsplit_noabs_save/, starting at 78
<_io.TextIOWrapper name='<stderr>' mode='w' encoding='utf-8'> =============== update starts ===============
(average_diff:0.0059630929908292725, max_diff:0.04270326139046221, training_epochs:500, lr:0.05)
<_io.TextIOWrapper name='<stderr>' mode='w' encoding='utf-8'> node index is 111
train linear regression time:  0.05668829241767526
(average_diff:0.01808550960589693, max_diff:0.054143401515844375, training_epochs:500, lr:0.05)
<_io.TextIOWrapper name='<stderr>' mode='w' encoding='utf-8'> node index is 101
train linear regression time:  0.057198750320822
(average_diff:0.009711190074698759, max_diff:0.035553339027976694, training_epochs:500, lr:0.05)
<_io.TextIOWrapper name='<stderr>' mode='w' encoding='utf-8'> node index is 91
train linear regression time:  0.05732762487605214
(average_diff:0.013650093361270337, max_diff:0.16161520818225086, training_epochs:500, lr:0.05)
<_io.TextIOWrapper name='<stderr>' mode='w' encoding='utf-8'> node index is 83
train linear regression time:  0.0582453329116106
(average_diff:0.02704007069658972, max_diff:0.20690480354164054, training_epochs:500, lr:0.05)
<_io.TextIOWrapper name='<stderr>' mode='w' encoding='utf-8'> node index is 77
train linear regression time:  0.05765583412721753
(average_diff:0.044136791365963, max_diff:0.27470808599302377, training_epochs:500, lr:0.05)
<_io.TextIOWrapper name='<stderr>' mode='w' encoding='utf-8'> node index is 71
train linear regression time:  0.06658170791342854
(average_diff:0.04943269652683863, max_diff:0.20074461652259257, training_epochs:500, lr:0.05)
<_io.TextIOWrapper name='<stderr>' mode='w' encoding='utf-8'> node index is 63
train linear regression time:  0.058183624874800444
(average_diff:0.04203177406662169, max_diff:0.08686113286476707, training_epochs:500, lr:0.05)
<_io.TextIOWrapper name='<stderr>' mode='w' encoding='utf-8'> node index is 501
train linear regression time:  0.05741424998268485
(average_diff:2.1108690821391995e-05, max_diff:2.1961837904316273e-05, training_epochs:500, lr:0.05)
<_io.TextIOWrapper name='<stderr>' mode='w' encoding='utf-8'> node index is 493
train linear regression time:  0.05789599986746907
(average_diff:6.730727086790012e-16, max_diff:7.91033905045424e-16, training_epochs:500, lr:0.05)
<_io.TextIOWrapper name='<stderr>' mode='w' encoding='utf-8'> node index is 485
train linear regression time:  0.05486079212278128
(average_diff:0.0019308677876463398, max_diff:0.003319736860164235, training_epochs:500, lr:0.05)
<_io.TextIOWrapper name='<stderr>' mode='w' encoding='utf-8'> node index is 481
train linear regression time:  0.057698416989296675
(average_diff:2.7755575615628914e-17, max_diff:2.7755575615628914e-17, training_epochs:500, lr:0.05)
<_io.TextIOWrapper name='<stderr>' mode='w' encoding='utf-8'> node index is 475
train linear regression time:  0.056694624945521355
(average_diff:0.003433856001495532, max_diff:0.005011947884396184, training_epochs:500, lr:0.05)
<_io.TextIOWrapper name='<stderr>' mode='w' encoding='utf-8'> node index is 469
train linear regression time:  0.05745320813730359
(average_diff:0.010640430249485695, max_diff:0.02054637656344227, training_epochs:500, lr:0.05)
<_io.TextIOWrapper name='<stderr>' mode='w' encoding='utf-8'> node index is 465
train linear regression time:  0.0586027498356998
(average_diff:0.07774579810751973, max_diff:0.3228082850204833, training_epochs:500, lr:0.05)
<_io.TextIOWrapper name='<stderr>' mode='w' encoding='utf-8'> node index is 586
train linear regression time:  0.07027408294379711
<_io.TextIOWrapper name='<stderr>' mode='w' encoding='utf-8'> variance test passed, diff=0.023128569563946485, d = 0, back=0
<_io.TextIOWrapper name='<stderr>' mode='w' encoding='utf-8'> variance test passed, diff=0.02761148490716841, d = 3, back=0
<_io.TextIOWrapper name='<stderr>' mode='w' encoding='utf-8'> Will be split, p=0.02761148490716841, d=3, back=0
(average_diff:0.0021365307000880684, max_diff:0.002174508346709292, training_epochs:500, lr:0.05)
<_io.TextIOWrapper name='<stderr>' mode='w' encoding='utf-8'> node index is 587
train linear regression time:  0.05700412532314658
(average_diff:6.938893903907228e-17, max_diff:6.938893903907228e-17, training_epochs:500, lr:0.05)
<_io.TextIOWrapper name='<stderr>' mode='w' encoding='utf-8'> node index is 581
train linear regression time:  0.058795582968741655
(average_diff:2.1802922388694523e-05, max_diff:2.256626502253334e-05, training_epochs:500, lr:0.05)
<_io.TextIOWrapper name='<stderr>' mode='w' encoding='utf-8'> node index is 571
train linear regression time:  0.055462957825511694
(average_diff:3.3306690738754696e-16, max_diff:3.3306690738754696e-16, training_epochs:500, lr:0.05)
<_io.TextIOWrapper name='<stderr>' mode='w' encoding='utf-8'> node index is 549
train linear regression time:  0.05622262507677078
(average_diff:3.3306690738754696e-16, max_diff:5.551115123125783e-16, training_epochs:500, lr:0.05)
<_io.TextIOWrapper name='<stderr>' mode='w' encoding='utf-8'> node index is 537
train linear regression time:  0.05545508302748203
(average_diff:0.003426370025583566, max_diff:0.005156298865701514, training_epochs:500, lr:0.05)
<_io.TextIOWrapper name='<stderr>' mode='w' encoding='utf-8'> node index is 531
train linear regression time:  0.05628575012087822
(average_diff:3.1740207424764875e-06, max_diff:4.958158409507085e-06, training_epochs:500, lr:0.05)
<_io.TextIOWrapper name='<stderr>' mode='w' encoding='utf-8'> node index is 521
train linear regression time:  0.058082208037376404
(average_diff:1.249000902703301e-16, max_diff:1.249000902703301e-16, training_epochs:500, lr:0.05)
<_io.TextIOWrapper name='<stderr>' mode='w' encoding='utf-8'> node index is 511
train linear regression time:  0.054724874906241894
(average_diff:5.828670879282072e-16, max_diff:7.771561172376096e-16, training_epochs:500, lr:0.05)
<_io.TextIOWrapper name='<stderr>' mode='w' encoding='utf-8'> node index is 473
train linear regression time:  0.05618045898154378
(average_diff:2.8449465006019636e-16, max_diff:3.7470027081099033e-16, training_epochs:500, lr:0.05)
<_io.TextIOWrapper name='<stderr>' mode='w' encoding='utf-8'> node index is 471
train linear regression time:  0.05601270869374275
(average_diff:1.6282808434908702e-13, max_diff:1.664501869669266e-13, training_epochs:500, lr:0.05)
<_io.TextIOWrapper name='<stderr>' mode='w' encoding='utf-8'> node index is 467
train linear regression time:  0.05407895799726248
(average_diff:0.0023391296752262266, max_diff:0.0035801837732366004, training_epochs:500, lr:0.05)
<_io.TextIOWrapper name='<stderr>' mode='w' encoding='utf-8'> node index is 461
train linear regression time:  0.05804937519133091
(average_diff:0.0004259420311045897, max_diff:0.000842622021452688, training_epochs:500, lr:0.05)
<_io.TextIOWrapper name='<stderr>' mode='w' encoding='utf-8'> node index is 457
train linear regression time:  0.05821537505835295
(average_diff:3.3306690738754696e-16, max_diff:3.3306690738754696e-16, training_epochs:500, lr:0.05)
<_io.TextIOWrapper name='<stderr>' mode='w' encoding='utf-8'> node index is 449
train linear regression time:  0.05736570805311203
(average_diff:2.5673907444456745e-16, max_diff:4.0245584642661925e-16, training_epochs:500, lr:0.05)
<_io.TextIOWrapper name='<stderr>' mode='w' encoding='utf-8'> node index is 445
train linear regression time:  0.05434095812961459
(average_diff:3.3306690738754696e-16, max_diff:4.718447854656915e-16, training_epochs:500, lr:0.05)
<_io.TextIOWrapper name='<stderr>' mode='w' encoding='utf-8'> node index is 433
train linear regression time:  0.0554150422103703
(average_diff:0.0011725065636493854, max_diff:0.0017392077646865012, training_epochs:500, lr:0.05)
<_io.TextIOWrapper name='<stderr>' mode='w' encoding='utf-8'> node index is 427
train linear regression time:  0.053473375272005796
(average_diff:0.10199770601547284, max_diff:0.3300656569205587, training_epochs:500, lr:0.05)
<_io.TextIOWrapper name='<stderr>' mode='w' encoding='utf-8'> node index is 588
train linear regression time:  0.06289416691288352
<_io.TextIOWrapper name='<stderr>' mode='w' encoding='utf-8'> variance test passed, diff=0.08625312745090934, d = 0, back=0
<_io.TextIOWrapper name='<stderr>' mode='w' encoding='utf-8'> Will be split, p=0.08625312745090934, d=0, back=0
(average_diff:0.1016070998245067, max_diff:0.3327464953605454, training_epochs:500, lr:0.05)
<_io.TextIOWrapper name='<stderr>' mode='w' encoding='utf-8'> node index is 592
train linear regression time:  0.0643095001578331
(average_diff:5.551115123125783e-17, max_diff:5.551115123125783e-17, training_epochs:500, lr:0.05)
<_io.TextIOWrapper name='<stderr>' mode='w' encoding='utf-8'> node index is 593
train linear regression time:  0.057299708016216755
(average_diff:0.0001625462566119812, max_diff:0.00016914732102557561, training_epochs:500, lr:0.05)
<_io.TextIOWrapper name='<stderr>' mode='w' encoding='utf-8'> node index is 589
train linear regression time:  0.05947112524881959
(average_diff:5.551115123125783e-17, max_diff:5.551115123125783e-17, training_epochs:500, lr:0.05)
<_io.TextIOWrapper name='<stderr>' mode='w' encoding='utf-8'> node index is 583
train linear regression time:  0.060805332846939564
(average_diff:5.273559366969494e-16, max_diff:8.881784197001252e-16, training_epochs:500, lr:0.05)
<_io.TextIOWrapper name='<stderr>' mode='w' encoding='utf-8'> node index is 573
train linear regression time:  0.05753250000998378
(average_diff:3.7470027081099033e-16, max_diff:4.718447854656915e-16, training_epochs:500, lr:0.05)
<_io.TextIOWrapper name='<stderr>' mode='w' encoding='utf-8'> node index is 563
train linear regression time:  0.055671332869678736
(average_diff:8.271161533457416e-15, max_diff:8.909539772616881e-15, training_epochs:500, lr:0.05)
<_io.TextIOWrapper name='<stderr>' mode='w' encoding='utf-8'> node index is 551
train linear regression time:  0.0598403331823647
(average_diff:5.551115123125783e-17, max_diff:5.551115123125783e-17, training_epochs:500, lr:0.05)
<_io.TextIOWrapper name='<stderr>' mode='w' encoding='utf-8'> node index is 545
train linear regression time:  0.0584545424208045
(average_diff:1.887379141862766e-15, max_diff:1.9984014443252818e-15, training_epochs:500, lr:0.05)
<_io.TextIOWrapper name='<stderr>' mode='w' encoding='utf-8'> node index is 369
train linear regression time:  0.056668042205274105
(average_diff:0.008872757483523619, max_diff:0.017474379383021432, training_epochs:500, lr:0.05)
<_io.TextIOWrapper name='<stderr>' mode='w' encoding='utf-8'> node index is 355
train linear regression time:  0.05512108374387026
(average_diff:0.007037679093931648, max_diff:0.017528253110925374, training_epochs:500, lr:0.05)
<_io.TextIOWrapper name='<stderr>' mode='w' encoding='utf-8'> node index is 341
train linear regression time:  0.057620708364993334
(average_diff:0.020314659035279844, max_diff:0.0581847050974168, training_epochs:500, lr:0.05)
<_io.TextIOWrapper name='<stderr>' mode='w' encoding='utf-8'> node index is 329
train linear regression time:  0.05543487472459674
(average_diff:0.007140845452845813, max_diff:0.012366707969729218, training_epochs:500, lr:0.05)
<_io.TextIOWrapper name='<stderr>' mode='w' encoding='utf-8'> node index is 317
train linear regression time:  0.05538829090073705
(average_diff:0.06875111808234863, max_diff:0.220602584541177, training_epochs:500, lr:0.05)
<_io.TextIOWrapper name='<stderr>' mode='w' encoding='utf-8'> node index is 305
train linear regression time:  0.05622737482190132
(average_diff:1.339206523454095e-15, max_diff:1.3461454173580023e-15, training_epochs:500, lr:0.05)
<_io.TextIOWrapper name='<stderr>' mode='w' encoding='utf-8'> node index is 289
train linear regression time:  0.05584954097867012
(average_diff:0.0009504498496026414, max_diff:0.0018741803825075287, training_epochs:500, lr:0.05)
<_io.TextIOWrapper name='<stderr>' mode='w' encoding='utf-8'> node index is 257
train linear regression time:  0.05583104211837053
(average_diff:0.06441945720124967, max_diff:0.13174442863137442, training_epochs:500, lr:0.05)
<_io.TextIOWrapper name='<stderr>' mode='w' encoding='utf-8'> node index is 243
train linear regression time:  0.05745512526482344
(average_diff:0.01776469461492942, max_diff:0.027057954209756735, training_epochs:500, lr:0.05)
<_io.TextIOWrapper name='<stderr>' mode='w' encoding='utf-8'> node index is 231
train linear regression time:  0.0584905412979424
(average_diff:0.09585378754119811, max_diff:0.18584859590313604, training_epochs:500, lr:0.05)
<_io.TextIOWrapper name='<stderr>' mode='w' encoding='utf-8'> node index is 217
train linear regression time:  0.057291167322546244
(average_diff:0.006559727170525535, max_diff:0.013437170359995587, training_epochs:500, lr:0.05)
<_io.TextIOWrapper name='<stderr>' mode='w' encoding='utf-8'> node index is 275
train linear regression time:  0.056246708147227764
(average_diff:0.013035323059835189, max_diff:0.025489285695624142, training_epochs:500, lr:0.05)
<_io.TextIOWrapper name='<stderr>' mode='w' encoding='utf-8'> node index is 259
train linear regression time:  0.055970082990825176
(average_diff:0.0385063994497389, max_diff:0.08176928933793803, training_epochs:500, lr:0.05)
<_io.TextIOWrapper name='<stderr>' mode='w' encoding='utf-8'> node index is 245
train linear regression time:  0.05634066695347428
(average_diff:0.005170143225354123, max_diff:0.013378891743085985, training_epochs:500, lr:0.05)
<_io.TextIOWrapper name='<stderr>' mode='w' encoding='utf-8'> node index is 233
train linear regression time:  0.053897291887551546
(average_diff:5.361394191356894e-05, max_diff:0.00010844386218633595, training_epochs:500, lr:0.05)
<_io.TextIOWrapper name='<stderr>' mode='w' encoding='utf-8'> node index is 219
train linear regression time:  0.05429983325302601
(average_diff:0.007872214204723324, max_diff:0.014998033603972005, training_epochs:500, lr:0.05)
<_io.TextIOWrapper name='<stderr>' mode='w' encoding='utf-8'> node index is 205
train linear regression time:  0.05579166719689965
(average_diff:0.02490946562682911, max_diff:0.051185880954853546, training_epochs:500, lr:0.05)
<_io.TextIOWrapper name='<stderr>' mode='w' encoding='utf-8'> node index is 197
train linear regression time:  0.05485283304005861
(average_diff:0.03379583227547087, max_diff:0.0964595217387873, training_epochs:500, lr:0.05)
<_io.TextIOWrapper name='<stderr>' mode='w' encoding='utf-8'> node index is 189
train linear regression time:  0.057089250069111586
(average_diff:0.039123043861976604, max_diff:0.177924729750931, training_epochs:500, lr:0.05)
<_io.TextIOWrapper name='<stderr>' mode='w' encoding='utf-8'> node index is 181
train linear regression time:  0.05595016619190574
(average_diff:0.027580884604041032, max_diff:0.06347079533869904, training_epochs:500, lr:0.05)
<_io.TextIOWrapper name='<stderr>' mode='w' encoding='utf-8'> node index is 173
train linear regression time:  0.053991499822586775
(average_diff:0.018344275279817857, max_diff:0.0378689805215604, training_epochs:500, lr:0.05)
<_io.TextIOWrapper name='<stderr>' mode='w' encoding='utf-8'> node index is 163
train linear regression time:  0.05398199986666441
(average_diff:0.0, max_diff:0.0, training_epochs:500, lr:0.05)
<_io.TextIOWrapper name='<stderr>' mode='w' encoding='utf-8'> node index is 153
train linear regression time:  0.05546054197475314
(average_diff:1.1707080388043134e-05, max_diff:2.2449009171032763e-05, training_epochs:500, lr:0.05)
<_io.TextIOWrapper name='<stderr>' mode='w' encoding='utf-8'> node index is 221
train linear regression time:  0.056598749943077564
(average_diff:0.1119328847277334, max_diff:0.31730980923911534, training_epochs:500, lr:0.05)
<_io.TextIOWrapper name='<stderr>' mode='w' encoding='utf-8'> node index is 207
train linear regression time:  0.05551666580140591
(average_diff:0.15730062901871483, max_diff:0.6560090199194997, training_epochs:500, lr:0.05)
<_io.TextIOWrapper name='<stderr>' mode='w' encoding='utf-8'> node index is 165
train linear regression time:  0.05804758332669735
(average_diff:0.12268753275757553, max_diff:0.30935253404309965, training_epochs:500, lr:0.05)
<_io.TextIOWrapper name='<stderr>' mode='w' encoding='utf-8'> node index is 155
train linear regression time:  0.05739758303388953
(average_diff:0.15505152928967159, max_diff:0.2641082260296792, training_epochs:500, lr:0.05)
<_io.TextIOWrapper name='<stderr>' mode='w' encoding='utf-8'> node index is 149
train linear regression time:  0.05664683412760496
(average_diff:0.04758102294015608, max_diff:0.14491016951689242, training_epochs:500, lr:0.05)
<_io.TextIOWrapper name='<stderr>' mode='w' encoding='utf-8'> node index is 147
train linear regression time:  0.056623291689902544
(average_diff:0.04862230538349234, max_diff:0.16841491693213678, training_epochs:500, lr:0.05)
<_io.TextIOWrapper name='<stderr>' mode='w' encoding='utf-8'> node index is 143
train linear regression time:  0.057190749794244766
(average_diff:0.03423164297190369, max_diff:0.0932084213776736, training_epochs:500, lr:0.05)
<_io.TextIOWrapper name='<stderr>' mode='w' encoding='utf-8'> node index is 137
train linear regression time:  0.05672999983653426
(average_diff:0.04597133127029924, max_diff:0.14248176697735115, training_epochs:500, lr:0.05)
<_io.TextIOWrapper name='<stderr>' mode='w' encoding='utf-8'> node index is 131
train linear regression time:  0.05688100028783083
(average_diff:0.029483470775311233, max_diff:0.06743862061787759, training_epochs:500, lr:0.05)
<_io.TextIOWrapper name='<stderr>' mode='w' encoding='utf-8'> node index is 123
train linear regression time:  0.05465629091486335
(average_diff:0.03556807632795076, max_diff:0.10393864573169975, training_epochs:500, lr:0.05)
<_io.TextIOWrapper name='<stderr>' mode='w' encoding='utf-8'> node index is 113
train linear regression time:  0.055677374824881554
(average_diff:0.09254527549429005, max_diff:0.5194115666551293, training_epochs:500, lr:0.05)
<_io.TextIOWrapper name='<stderr>' mode='w' encoding='utf-8'> node index is 103
train linear regression time:  0.05657449970021844
(average_diff:0.05029162423369098, max_diff:0.17067842351515872, training_epochs:500, lr:0.05)
<_io.TextIOWrapper name='<stderr>' mode='w' encoding='utf-8'> node index is 93
train linear regression time:  0.056727916933596134
(average_diff:0.022423290063987335, max_diff:0.07444026935634365, training_epochs:500, lr:0.05)
<_io.TextIOWrapper name='<stderr>' mode='w' encoding='utf-8'> node index is 139
train linear regression time:  0.056753958109766245
(average_diff:0.06796428500944598, max_diff:0.21301492375188918, training_epochs:500, lr:0.05)
<_io.TextIOWrapper name='<stderr>' mode='w' encoding='utf-8'> node index is 133
train linear regression time:  0.05690445937216282
(average_diff:0.026150026830971597, max_diff:0.05515272700078164, training_epochs:500, lr:0.05)
<_io.TextIOWrapper name='<stderr>' mode='w' encoding='utf-8'> node index is 125
train linear regression time:  0.05504279211163521
(average_diff:0.0707902112986033, max_diff:0.25022688501519574, training_epochs:500, lr:0.05)
<_io.TextIOWrapper name='<stderr>' mode='w' encoding='utf-8'> node index is 115
train linear regression time:  0.0569454999640584
(average_diff:0.07757975610635491, max_diff:0.28500770143730764, training_epochs:500, lr:0.05)
<_io.TextIOWrapper name='<stderr>' mode='w' encoding='utf-8'> node index is 105
train linear regression time:  0.056639875285327435
(average_diff:0.06213195137250188, max_diff:0.1914503345623348, training_epochs:500, lr:0.05)
<_io.TextIOWrapper name='<stderr>' mode='w' encoding='utf-8'> node index is 95
train linear regression time:  0.05668262531980872
(average_diff:0.0778599643037196, max_diff:0.23354179561493155, training_epochs:500, lr:0.05)
<_io.TextIOWrapper name='<stderr>' mode='w' encoding='utf-8'> node index is 85
train linear regression time:  0.055889041628688574
(average_diff:0.07600338224164162, max_diff:0.2825842488676209, training_epochs:500, lr:0.05)
<_io.TextIOWrapper name='<stderr>' mode='w' encoding='utf-8'> node index is 79
train linear regression time:  0.05690766591578722
(average_diff:0.1053265497671793, max_diff:0.4237256227341133, training_epochs:500, lr:0.05)
<_io.TextIOWrapper name='<stderr>' mode='w' encoding='utf-8'> node index is 73
train linear regression time:  0.05622158292680979
(average_diff:0.07909447284022722, max_diff:0.37619746527583325, training_epochs:500, lr:0.05)
<_io.TextIOWrapper name='<stderr>' mode='w' encoding='utf-8'> node index is 65
train linear regression time:  0.05851862533017993
(average_diff:0.0, max_diff:0.0, training_epochs:500, lr:0.05)
<_io.TextIOWrapper name='<stderr>' mode='w' encoding='utf-8'> node index is 575
train linear regression time:  0.054800332989543676
(average_diff:1.1102230246251565e-16, max_diff:1.1102230246251565e-16, training_epochs:500, lr:0.05)
<_io.TextIOWrapper name='<stderr>' mode='w' encoding='utf-8'> node index is 565
train linear regression time:  0.05497408378869295
(average_diff:0.003363536614323509, max_diff:0.006217789126773898, training_epochs:500, lr:0.05)
<_io.TextIOWrapper name='<stderr>' mode='w' encoding='utf-8'> node index is 557
train linear regression time:  0.05541291693225503
(average_diff:0.0, max_diff:0.0, training_epochs:500, lr:0.05)
<_io.TextIOWrapper name='<stderr>' mode='w' encoding='utf-8'> node index is 553
train linear regression time:  0.05829162476584315
(average_diff:5.826072188880316e-05, max_diff:5.909651902424873e-05, training_epochs:500, lr:0.05)
<_io.TextIOWrapper name='<stderr>' mode='w' encoding='utf-8'> node index is 539
train linear regression time:  0.05709066614508629
(average_diff:7.216449660063518e-16, max_diff:7.771561172376096e-16, training_epochs:500, lr:0.05)
<_io.TextIOWrapper name='<stderr>' mode='w' encoding='utf-8'> node index is 523
train linear regression time:  0.05775587493553758
(average_diff:1.942890293094024e-16, max_diff:1.942890293094024e-16, training_epochs:500, lr:0.05)
<_io.TextIOWrapper name='<stderr>' mode='w' encoding='utf-8'> node index is 513
train linear regression time:  0.055850709322839975
(average_diff:0.0, max_diff:0.0, training_epochs:500, lr:0.05)
<_io.TextIOWrapper name='<stderr>' mode='w' encoding='utf-8'> node index is 505
train linear regression time:  0.05467579187825322
(average_diff:8.354058185962762e-12, max_diff:1.2292500350952196e-11, training_epochs:500, lr:0.05)
<_io.TextIOWrapper name='<stderr>' mode='w' encoding='utf-8'> node index is 495
train linear regression time:  0.05702962540090084
(average_diff:0.003194383902813066, max_diff:0.004034577514173729, training_epochs:500, lr:0.05)
<_io.TextIOWrapper name='<stderr>' mode='w' encoding='utf-8'> node index is 487
train linear regression time:  0.05516225006431341
(average_diff:0.08458223535691961, max_diff:0.5923302693402889, training_epochs:500, lr:0.05)
<_io.TextIOWrapper name='<stderr>' mode='w' encoding='utf-8'> node index is 47
train linear regression time:  0.06406624987721443
(average_diff:1.3375458148464265e-12, max_diff:2.149183608857186e-12, training_epochs:500, lr:0.05)
<_io.TextIOWrapper name='<stderr>' mode='w' encoding='utf-8'> node index is 397
train linear regression time:  0.056545000057667494
(average_diff:0.02125249805744593, max_diff:0.043213846293051306, training_epochs:500, lr:0.05)
<_io.TextIOWrapper name='<stderr>' mode='w' encoding='utf-8'> node index is 383
train linear regression time:  0.053788583260029554
(average_diff:1.1102230246251565e-16, max_diff:1.1102230246251565e-16, training_epochs:500, lr:0.05)
<_io.TextIOWrapper name='<stderr>' mode='w' encoding='utf-8'> node index is 371
train linear regression time:  0.057537208776921034
(average_diff:0.18045136761519898, max_diff:0.5014316889371035, training_epochs:500, lr:0.05)
<_io.TextIOWrapper name='<stderr>' mode='w' encoding='utf-8'> node index is 357
train linear regression time:  0.05672987503930926
(average_diff:0.0976153460889945, max_diff:0.1957158289741483, training_epochs:500, lr:0.05)
<_io.TextIOWrapper name='<stderr>' mode='w' encoding='utf-8'> node index is 343
train linear regression time:  0.05498137464746833
(average_diff:0.2501736509436968, max_diff:0.403218454056811, training_epochs:500, lr:0.05)
<_io.TextIOWrapper name='<stderr>' mode='w' encoding='utf-8'> node index is 331
train linear regression time:  0.05510733276605606
(average_diff:0.006673050668281888, max_diff:0.013195779626822501, training_epochs:500, lr:0.05)
<_io.TextIOWrapper name='<stderr>' mode='w' encoding='utf-8'> node index is 319
train linear regression time:  0.05531916720792651
(average_diff:0.16692060305207487, max_diff:0.5188153282288614, training_epochs:500, lr:0.05)
<_io.TextIOWrapper name='<stderr>' mode='w' encoding='utf-8'> node index is 307
train linear regression time:  0.05601183418184519
(average_diff:0.0006818664895686574, max_diff:0.0010317681391944777, training_epochs:500, lr:0.05)
<_io.TextIOWrapper name='<stderr>' mode='w' encoding='utf-8'> node index is 293
train linear regression time:  0.05640091607347131
(average_diff:0.007331461418350449, max_diff:0.01990736593788378, training_epochs:500, lr:0.05)
<_io.TextIOWrapper name='<stderr>' mode='w' encoding='utf-8'> node index is 277
train linear regression time:  0.05600158404558897
(average_diff:0.010050812329990048, max_diff:0.02042129274030116, training_epochs:500, lr:0.05)
<_io.TextIOWrapper name='<stderr>' mode='w' encoding='utf-8'> node index is 261
train linear regression time:  0.055194666143506765
(average_diff:0.09074032490783877, max_diff:0.19678517238450233, training_epochs:500, lr:0.05)
<_io.TextIOWrapper name='<stderr>' mode='w' encoding='utf-8'> node index is 247
train linear regression time:  0.056105416268110275
(average_diff:1.942890293094024e-16, max_diff:2.220446049250313e-16, training_epochs:500, lr:0.05)
<_io.TextIOWrapper name='<stderr>' mode='w' encoding='utf-8'> node index is 533
train linear regression time:  0.05634124996140599
(average_diff:0.0010571386141451367, max_diff:0.0015909460294178945, training_epochs:500, lr:0.05)
<_io.TextIOWrapper name='<stderr>' mode='w' encoding='utf-8'> node index is 525
train linear regression time:  0.05605254089459777
(average_diff:1.8707257964933888e-14, max_diff:2.042810365310288e-14, training_epochs:500, lr:0.05)
<_io.TextIOWrapper name='<stderr>' mode='w' encoding='utf-8'> node index is 515
train linear regression time:  0.05433141719549894
(average_diff:6.938893903907228e-17, max_diff:6.938893903907228e-17, training_epochs:500, lr:0.05)
<_io.TextIOWrapper name='<stderr>' mode='w' encoding='utf-8'> node index is 503
train linear regression time:  0.055597041733562946
(average_diff:0.015192682018689077, max_diff:0.020361473827372634, training_epochs:500, lr:0.05)
<_io.TextIOWrapper name='<stderr>' mode='w' encoding='utf-8'> node index is 497
train linear regression time:  0.058107666205614805
(average_diff:2.7755575615628914e-17, max_diff:2.7755575615628914e-17, training_epochs:500, lr:0.05)
<_io.TextIOWrapper name='<stderr>' mode='w' encoding='utf-8'> node index is 489
train linear regression time:  0.06007358292117715
(average_diff:0.0, max_diff:0.0, training_epochs:500, lr:0.05)
<_io.TextIOWrapper name='<stderr>' mode='w' encoding='utf-8'> node index is 483
train linear regression time:  0.05756841599941254
(average_diff:5.551115123125783e-17, max_diff:5.551115123125783e-17, training_epochs:500, lr:0.05)
<_io.TextIOWrapper name='<stderr>' mode='w' encoding='utf-8'> node index is 479
train linear regression time:  0.056795583106577396
(average_diff:1.3931727231112726e-07, max_diff:2.2044296488221704e-07, training_epochs:500, lr:0.05)
<_io.TextIOWrapper name='<stderr>' mode='w' encoding='utf-8'> node index is 463
train linear regression time:  0.05507187498733401
(average_diff:4.829986086988628e-05, max_diff:7.378989532469404e-05, training_epochs:500, lr:0.05)
<_io.TextIOWrapper name='<stderr>' mode='w' encoding='utf-8'> node index is 459
train linear regression time:  0.05897666607052088
(average_diff:4.996003610813204e-16, max_diff:5.551115123125783e-16, training_epochs:500, lr:0.05)
<_io.TextIOWrapper name='<stderr>' mode='w' encoding='utf-8'> node index is 451
train linear regression time:  0.05640074983239174
(average_diff:1.1102230246251565e-16, max_diff:1.1102230246251565e-16, training_epochs:500, lr:0.05)
<_io.TextIOWrapper name='<stderr>' mode='w' encoding='utf-8'> node index is 439
train linear regression time:  0.05803370801731944
(average_diff:0.010043185138224641, max_diff:0.01692825237351836, training_epochs:500, lr:0.05)
<_io.TextIOWrapper name='<stderr>' mode='w' encoding='utf-8'> node index is 437
train linear regression time:  0.05486304219812155
(average_diff:0.031459564879399125, max_diff:0.06598094813385934, training_epochs:500, lr:0.05)
<_io.TextIOWrapper name='<stderr>' mode='w' encoding='utf-8'> node index is 117
train linear regression time:  0.057827750220894814
(average_diff:0.022055544386840382, max_diff:0.06410504220565878, training_epochs:500, lr:0.05)
<_io.TextIOWrapper name='<stderr>' mode='w' encoding='utf-8'> node index is 107
train linear regression time:  0.059059625025838614
(average_diff:0.039611420759345845, max_diff:0.14015074934280863, training_epochs:500, lr:0.05)
<_io.TextIOWrapper name='<stderr>' mode='w' encoding='utf-8'> node index is 97
train linear regression time:  0.05863316683098674
(average_diff:0.05183580825737766, max_diff:0.17178981645984714, training_epochs:500, lr:0.05)
<_io.TextIOWrapper name='<stderr>' mode='w' encoding='utf-8'> node index is 87
train linear regression time:  0.05680729076266289
(average_diff:0.060439411650460975, max_diff:0.3035994941422989, training_epochs:500, lr:0.05)
<_io.TextIOWrapper name='<stderr>' mode='w' encoding='utf-8'> node index is 81
train linear regression time:  0.05683570820838213
(average_diff:0.07446351855379676, max_diff:0.287134149328781, training_epochs:500, lr:0.05)
<_io.TextIOWrapper name='<stderr>' mode='w' encoding='utf-8'> node index is 75
train linear regression time:  0.0566346668638289
(average_diff:0.0002152444974622275, max_diff:0.00042948354941491074, training_epochs:500, lr:0.05)
<_io.TextIOWrapper name='<stderr>' mode='w' encoding='utf-8'> node index is 567
train linear regression time:  0.052635000087320805
(average_diff:8.326672684688674e-17, max_diff:8.326672684688674e-17, training_epochs:500, lr:0.05)
<_io.TextIOWrapper name='<stderr>' mode='w' encoding='utf-8'> node index is 559
train linear regression time:  0.0566688752733171
(average_diff:2.127398412987702e-08, max_diff:2.176259253361401e-08, training_epochs:500, lr:0.05)
<_io.TextIOWrapper name='<stderr>' mode='w' encoding='utf-8'> node index is 555
train linear regression time:  0.05750358384102583
(average_diff:0.020223303861280812, max_diff:0.034956249006035334, training_epochs:500, lr:0.05)
<_io.TextIOWrapper name='<stderr>' mode='w' encoding='utf-8'> node index is 547
train linear regression time:  0.05698395799845457
(average_diff:1.1102230246251565e-16, max_diff:1.1102230246251565e-16, training_epochs:500, lr:0.05)
<_io.TextIOWrapper name='<stderr>' mode='w' encoding='utf-8'> node index is 527
train linear regression time:  0.058063458651304245
(average_diff:5.551115123125783e-17, max_diff:5.551115123125783e-17, training_epochs:500, lr:0.05)
<_io.TextIOWrapper name='<stderr>' mode='w' encoding='utf-8'> node index is 507
train linear regression time:  0.05506595876067877
(average_diff:0.1635524166714477, max_diff:0.5910454953797396, training_epochs:500, lr:0.05)
<_io.TextIOWrapper name='<stderr>' mode='w' encoding='utf-8'> node index is 59
train linear regression time:  0.06056054122745991
(average_diff:0.1006954143492813, max_diff:0.3653322618271042, training_epochs:500, lr:0.05)
<_io.TextIOWrapper name='<stderr>' mode='w' encoding='utf-8'> node index is 49
train linear regression time:  0.05656195804476738
(average_diff:1.1102230246251565e-16, max_diff:2.220446049250313e-16, training_epochs:500, lr:0.05)
<_io.TextIOWrapper name='<stderr>' mode='w' encoding='utf-8'> node index is 569
train linear regression time:  0.05300191696733236
(average_diff:1.1102230246251565e-16, max_diff:1.1102230246251565e-16, training_epochs:500, lr:0.05)
<_io.TextIOWrapper name='<stderr>' mode='w' encoding='utf-8'> node index is 561
train linear regression time:  0.05311804171651602
(average_diff:1.6653345369377348e-16, max_diff:1.6653345369377348e-16, training_epochs:500, lr:0.05)
<_io.TextIOWrapper name='<stderr>' mode='w' encoding='utf-8'> node index is 543
train linear regression time:  0.05209541693329811
(average_diff:5.273559366969494e-16, max_diff:5.551115123125783e-16, training_epochs:500, lr:0.05)
<_io.TextIOWrapper name='<stderr>' mode='w' encoding='utf-8'> node index is 535
train linear regression time:  0.05189170828089118
(average_diff:0.006798417610190832, max_diff:0.011367082959849117, training_epochs:500, lr:0.05)
<_io.TextIOWrapper name='<stderr>' mode='w' encoding='utf-8'> node index is 529
train linear regression time:  0.05313512496650219
(average_diff:1.1102230246251565e-16, max_diff:1.1102230246251565e-16, training_epochs:500, lr:0.05)
<_io.TextIOWrapper name='<stderr>' mode='w' encoding='utf-8'> node index is 517
train linear regression time:  0.0567328748293221
(average_diff:8.679145735435156e-10, max_diff:8.937769413464025e-10, training_epochs:500, lr:0.05)
<_io.TextIOWrapper name='<stderr>' mode='w' encoding='utf-8'> node index is 509
train linear regression time:  0.05724741704761982
(average_diff:0.0, max_diff:0.0, training_epochs:500, lr:0.05)
<_io.TextIOWrapper name='<stderr>' mode='w' encoding='utf-8'> node index is 499
train linear regression time:  0.054345457814633846
(average_diff:0.00041717915470307343, max_diff:0.0006638205525911767, training_epochs:500, lr:0.05)
<_io.TextIOWrapper name='<stderr>' mode='w' encoding='utf-8'> node index is 491
train linear regression time:  0.053064292296767235
(average_diff:0.00010661757404882219, max_diff:0.00020903476754785544, training_epochs:500, lr:0.05)
<_io.TextIOWrapper name='<stderr>' mode='w' encoding='utf-8'> node index is 385
train linear regression time:  0.05311345914378762
(average_diff:1.2490009027033011e-15, max_diff:1.5126788710517758e-15, training_epochs:500, lr:0.05)
<_io.TextIOWrapper name='<stderr>' mode='w' encoding='utf-8'> node index is 373
train linear regression time:  0.05310775013640523
(average_diff:0.0, max_diff:0.0, training_epochs:500, lr:0.05)
<_io.TextIOWrapper name='<stderr>' mode='w' encoding='utf-8'> node index is 359
train linear regression time:  0.053188415709882975
(average_diff:0.07133403042092225, max_diff:0.21450051304421075, training_epochs:500, lr:0.05)
<_io.TextIOWrapper name='<stderr>' mode='w' encoding='utf-8'> node index is 345
train linear regression time:  0.052661709021776915
(average_diff:0.06069296703663969, max_diff:0.10818028399196622, training_epochs:500, lr:0.05)
<_io.TextIOWrapper name='<stderr>' mode='w' encoding='utf-8'> node index is 321
train linear regression time:  0.052161999978125095
(average_diff:0.06521210338049999, max_diff:0.10454148377062583, training_epochs:500, lr:0.05)
<_io.TextIOWrapper name='<stderr>' mode='w' encoding='utf-8'> node index is 295
train linear regression time:  0.05226541589945555
(average_diff:0.08899998209719771, max_diff:0.1469439275397783, training_epochs:500, lr:0.05)
<_io.TextIOWrapper name='<stderr>' mode='w' encoding='utf-8'> node index is 279
train linear regression time:  0.05357391620054841
(average_diff:3.6499737491683487e-10, max_diff:5.263876556860225e-10, training_epochs:500, lr:0.05)
<_io.TextIOWrapper name='<stderr>' mode='w' encoding='utf-8'> node index is 263
train linear regression time:  0.0545029160566628
(average_diff:0.02481162395518538, max_diff:0.04615044495314691, training_epochs:500, lr:0.05)
<_io.TextIOWrapper name='<stderr>' mode='w' encoding='utf-8'> node index is 249
train linear regression time:  0.05201525008305907
(average_diff:0.04802053343367405, max_diff:0.09866332299878888, training_epochs:500, lr:0.05)
<_io.TextIOWrapper name='<stderr>' mode='w' encoding='utf-8'> node index is 237
train linear regression time:  0.05241987481713295
(average_diff:1.6583956430338276e-15, max_diff:2.886579864025407e-15, training_epochs:500, lr:0.05)
<_io.TextIOWrapper name='<stderr>' mode='w' encoding='utf-8'> node index is 265
train linear regression time:  0.052113375160843134
(average_diff:8.326672684688674e-17, max_diff:1.1102230246251565e-16, training_epochs:500, lr:0.05)
<_io.TextIOWrapper name='<stderr>' mode='w' encoding='utf-8'> node index is 251
train linear regression time:  0.053483332972973585
(average_diff:0.08140772321732097, max_diff:0.32716837355976136, training_epochs:500, lr:0.05)
<_io.TextIOWrapper name='<stderr>' mode='w' encoding='utf-8'> node index is 239
train linear regression time:  0.05304154194891453
(average_diff:0.06651486889000559, max_diff:0.14271564587655983, training_epochs:500, lr:0.05)
<_io.TextIOWrapper name='<stderr>' mode='w' encoding='utf-8'> node index is 223
train linear regression time:  0.052236834075301886
(average_diff:0.013517839628650056, max_diff:0.027727496588829226, training_epochs:500, lr:0.05)
<_io.TextIOWrapper name='<stderr>' mode='w' encoding='utf-8'> node index is 209
train linear regression time:  0.05223533371463418
(average_diff:0.10464852173121178, max_diff:0.25068499540182176, training_epochs:500, lr:0.05)
<_io.TextIOWrapper name='<stderr>' mode='w' encoding='utf-8'> node index is 199
train linear regression time:  0.05263574980199337
(average_diff:0.08110589634798361, max_diff:0.20863906092676357, training_epochs:500, lr:0.05)
<_io.TextIOWrapper name='<stderr>' mode='w' encoding='utf-8'> node index is 191
train linear regression time:  0.05225954204797745
(average_diff:0.0444970157420598, max_diff:0.11093557085647074, training_epochs:500, lr:0.05)
<_io.TextIOWrapper name='<stderr>' mode='w' encoding='utf-8'> node index is 183
train linear regression time:  0.05456750001758337
(average_diff:0.1184877755885467, max_diff:0.20836588251044924, training_epochs:500, lr:0.05)
<_io.TextIOWrapper name='<stderr>' mode='w' encoding='utf-8'> node index is 175
train linear regression time:  0.053481957875192165
(average_diff:0.09543785127404167, max_diff:0.23636532975239594, training_epochs:500, lr:0.05)
<_io.TextIOWrapper name='<stderr>' mode='w' encoding='utf-8'> node index is 167
train linear regression time:  0.0526167917996645
(average_diff:0.06346349183044007, max_diff:0.11936432836536404, training_epochs:500, lr:0.05)
<_io.TextIOWrapper name='<stderr>' mode='w' encoding='utf-8'> node index is 157
train linear regression time:  0.052509375382214785
(average_diff:0.0, max_diff:0.0, training_epochs:500, lr:0.05)
<_io.TextIOWrapper name='<stderr>' mode='w' encoding='utf-8'> node index is 323
train linear regression time:  0.05155499977990985
(average_diff:1.1102230246251565e-16, max_diff:1.1102230246251565e-16, training_epochs:500, lr:0.05)
<_io.TextIOWrapper name='<stderr>' mode='w' encoding='utf-8'> node index is 309
train linear regression time:  0.053884999826550484
(average_diff:0.07768757972805541, max_diff:0.18099302325542688, training_epochs:500, lr:0.05)
<_io.TextIOWrapper name='<stderr>' mode='w' encoding='utf-8'> node index is 297
train linear regression time:  0.051065209321677685
(average_diff:0.1427098742985987, max_diff:0.24412893492844928, training_epochs:500, lr:0.05)
<_io.TextIOWrapper name='<stderr>' mode='w' encoding='utf-8'> node index is 283
train linear regression time:  0.054597374983131886
(average_diff:0.07624948165633341, max_diff:0.20087228957362332, training_epochs:500, lr:0.05)
<_io.TextIOWrapper name='<stderr>' mode='w' encoding='utf-8'> node index is 267
train linear regression time:  0.05334579199552536
(average_diff:0.15710513323534772, max_diff:0.5372846836318413, training_epochs:500, lr:0.05)
<_io.TextIOWrapper name='<stderr>' mode='w' encoding='utf-8'> node index is 225
train linear regression time:  0.053293667268007994
(average_diff:0.2128296751355444, max_diff:0.40835692201147256, training_epochs:500, lr:0.05)
<_io.TextIOWrapper name='<stderr>' mode='w' encoding='utf-8'> node index is 211
train linear regression time:  0.05309358285740018
(average_diff:0.12908480907572203, max_diff:0.3189924849921621, training_epochs:500, lr:0.05)
<_io.TextIOWrapper name='<stderr>' mode='w' encoding='utf-8'> node index is 185
train linear regression time:  0.05217466689646244
(average_diff:0.13015366777083287, max_diff:0.4688821718028142, training_epochs:500, lr:0.05)
<_io.TextIOWrapper name='<stderr>' mode='w' encoding='utf-8'> node index is 177
train linear regression time:  0.0526723749935627
(average_diff:0.1651285216158586, max_diff:0.404666969562815, training_epochs:500, lr:0.05)
<_io.TextIOWrapper name='<stderr>' mode='w' encoding='utf-8'> node index is 169
train linear regression time:  0.05195395927876234
(average_diff:0.002174240315247785, max_diff:0.003269654824607282, training_epochs:500, lr:0.05)
<_io.TextIOWrapper name='<stderr>' mode='w' encoding='utf-8'> node index is 159
train linear regression time:  0.052437125239521265
(average_diff:0.10119327474027326, max_diff:0.2369051574248081, training_epochs:500, lr:0.05)
<_io.TextIOWrapper name='<stderr>' mode='w' encoding='utf-8'> node index is 151
train linear regression time:  0.05389020824804902
(average_diff:0.03803729792006151, max_diff:0.09515235857943316, training_epochs:500, lr:0.05)
<_io.TextIOWrapper name='<stderr>' mode='w' encoding='utf-8'> node index is 135
train linear regression time:  0.056639292277395725
(average_diff:0.05119858740999536, max_diff:0.10474557715428934, training_epochs:500, lr:0.05)
<_io.TextIOWrapper name='<stderr>' mode='w' encoding='utf-8'> node index is 129
train linear regression time:  0.05732862511649728
(average_diff:0.031342167060538606, max_diff:0.12629959777071031, training_epochs:500, lr:0.05)
<_io.TextIOWrapper name='<stderr>' mode='w' encoding='utf-8'> node index is 119
train linear regression time:  0.059979291167110205
(average_diff:0.0386962097524617, max_diff:0.10420020866692242, training_epochs:500, lr:0.05)
<_io.TextIOWrapper name='<stderr>' mode='w' encoding='utf-8'> node index is 109
train linear regression time:  0.06212562508881092
(average_diff:0.042270129424665966, max_diff:0.18411447441386314, training_epochs:500, lr:0.05)
<_io.TextIOWrapper name='<stderr>' mode='w' encoding='utf-8'> node index is 99
train linear regression time:  0.059311124961823225
(average_diff:2.7755575615628914e-17, max_diff:2.7755575615628914e-17, training_epochs:500, lr:0.05)
<_io.TextIOWrapper name='<stderr>' mode='w' encoding='utf-8'> node index is 447
train linear regression time:  0.05902258260175586
(average_diff:8.768819004245643e-13, max_diff:1.195599175218831e-12, training_epochs:500, lr:0.05)
<_io.TextIOWrapper name='<stderr>' mode='w' encoding='utf-8'> node index is 441
train linear regression time:  0.05889783287420869
(average_diff:0.013859954790404545, max_diff:0.03154323943945145, training_epochs:500, lr:0.05)
<_io.TextIOWrapper name='<stderr>' mode='w' encoding='utf-8'> node index is 435
train linear regression time:  0.058236041106283665
(average_diff:5.551115123125783e-17, max_diff:5.551115123125783e-17, training_epochs:500, lr:0.05)
<_io.TextIOWrapper name='<stderr>' mode='w' encoding='utf-8'> node index is 429
train linear regression time:  0.057599208783358335
(average_diff:2.9805787467770034e-13, max_diff:4.449218771185315e-13, training_epochs:500, lr:0.05)
<_io.TextIOWrapper name='<stderr>' mode='w' encoding='utf-8'> node index is 421
train linear regression time:  0.05729512497782707
(average_diff:0.007723936483471799, max_diff:0.1648819595566881, training_epochs:500, lr:0.05)
<_io.TextIOWrapper name='<stderr>' mode='w' encoding='utf-8'> node index is 69
train linear regression time:  0.06493891682475805
(average_diff:0.07209680198958274, max_diff:0.2339330880197181, training_epochs:500, lr:0.05)
<_io.TextIOWrapper name='<stderr>' mode='w' encoding='utf-8'> node index is 61
train linear regression time:  0.062228416092693806
(average_diff:0.09867231819845373, max_diff:0.45965869815168847, training_epochs:500, lr:0.05)
<_io.TextIOWrapper name='<stderr>' mode='w' encoding='utf-8'> node index is 53
train linear regression time:  0.060730707831680775
(average_diff:0.02022804289679551, max_diff:0.03897097429346014, training_epochs:500, lr:0.05)
<_io.TextIOWrapper name='<stderr>' mode='w' encoding='utf-8'> node index is 401
train linear regression time:  0.056374958250671625
(average_diff:1.249000902703301e-16, max_diff:1.942890293094024e-16, training_epochs:500, lr:0.05)
<_io.TextIOWrapper name='<stderr>' mode='w' encoding='utf-8'> node index is 387
train linear regression time:  0.0545929167419672
(average_diff:0.010059632134434582, max_diff:0.022200791047723156, training_epochs:500, lr:0.05)
<_io.TextIOWrapper name='<stderr>' mode='w' encoding='utf-8'> node index is 375
train linear regression time:  0.05489041702821851
(average_diff:6.633430974345433e-06, max_diff:1.1149749784666874e-05, training_epochs:500, lr:0.05)
<_io.TextIOWrapper name='<stderr>' mode='w' encoding='utf-8'> node index is 361
train linear regression time:  0.054422457702457905
(average_diff:0.01790772284056667, max_diff:0.03841520706782775, training_epochs:500, lr:0.05)
<_io.TextIOWrapper name='<stderr>' mode='w' encoding='utf-8'> node index is 347
train linear regression time:  0.05378025025129318
(average_diff:0.09229441325892032, max_diff:0.14541308932710645, training_epochs:500, lr:0.05)
<_io.TextIOWrapper name='<stderr>' mode='w' encoding='utf-8'> node index is 311
train linear regression time:  0.053475458174943924
(average_diff:0.06433988561548737, max_diff:0.14506099159705488, training_epochs:500, lr:0.05)
<_io.TextIOWrapper name='<stderr>' mode='w' encoding='utf-8'> node index is 299
train linear regression time:  0.05489041609689593
(average_diff:0.12438048288494519, max_diff:0.34825542764035033, training_epochs:500, lr:0.05)
<_io.TextIOWrapper name='<stderr>' mode='w' encoding='utf-8'> node index is 285
train linear regression time:  0.05935629131272435
(average_diff:0.013577058883151558, max_diff:0.02683739359722348, training_epochs:500, lr:0.05)
<_io.TextIOWrapper name='<stderr>' mode='w' encoding='utf-8'> node index is 269
train linear regression time:  0.058589667081832886
(average_diff:4.132486297603322e-09, max_diff:4.2725407656263314e-09, training_epochs:500, lr:0.05)
<_io.TextIOWrapper name='<stderr>' mode='w' encoding='utf-8'> node index is 415
train linear regression time:  0.056357250083237886
(average_diff:0.0014896647971279764, max_diff:0.002162800830592365, training_epochs:500, lr:0.05)
<_io.TextIOWrapper name='<stderr>' mode='w' encoding='utf-8'> node index is 411
train linear regression time:  0.05828237487003207
(average_diff:2.3592239273284576e-16, max_diff:2.7755575615628914e-16, training_epochs:500, lr:0.05)
<_io.TextIOWrapper name='<stderr>' mode='w' encoding='utf-8'> node index is 403
train linear regression time:  0.056805708445608616
(average_diff:0.024319881843064425, max_diff:0.0609189209766893, training_epochs:500, lr:0.05)
<_io.TextIOWrapper name='<stderr>' mode='w' encoding='utf-8'> node index is 389
train linear regression time:  0.058188249822705984
(average_diff:0.01862532461659031, max_diff:0.03940600010139972, training_epochs:500, lr:0.05)
<_io.TextIOWrapper name='<stderr>' mode='w' encoding='utf-8'> node index is 377
train linear regression time:  0.05666062515228987
(average_diff:0.002703001020091559, max_diff:0.004069399187706935, training_epochs:500, lr:0.05)
<_io.TextIOWrapper name='<stderr>' mode='w' encoding='utf-8'> node index is 363
train linear regression time:  0.05686066718772054
(average_diff:0.06590120390884327, max_diff:0.13255809677972935, training_epochs:500, lr:0.05)
<_io.TextIOWrapper name='<stderr>' mode='w' encoding='utf-8'> node index is 349
train linear regression time:  0.055701457895338535
(average_diff:0.04733872852886656, max_diff:0.08975701618143261, training_epochs:500, lr:0.05)
<_io.TextIOWrapper name='<stderr>' mode='w' encoding='utf-8'> node index is 335
train linear regression time:  0.05756012490019202
(average_diff:0.003916184443371694, max_diff:0.00699646053143152, training_epochs:500, lr:0.05)
<_io.TextIOWrapper name='<stderr>' mode='w' encoding='utf-8'> node index is 325
train linear regression time:  0.05852979188784957
(average_diff:0.09093734442367687, max_diff:0.20228282421268784, training_epochs:500, lr:0.05)
<_io.TextIOWrapper name='<stderr>' mode='w' encoding='utf-8'> node index is 313
train linear regression time:  0.056533666793257
(average_diff:0.0, max_diff:0.0, training_epochs:500, lr:0.05)
<_io.TextIOWrapper name='<stderr>' mode='w' encoding='utf-8'> node index is 443
train linear regression time:  0.056543500162661076
(average_diff:0.06906732260872026, max_diff:0.12750424797010748, training_epochs:500, lr:0.05)
<_io.TextIOWrapper name='<stderr>' mode='w' encoding='utf-8'> node index is 431
train linear regression time:  0.05547370808199048
(average_diff:5.551115123125783e-17, max_diff:5.551115123125783e-17, training_epochs:500, lr:0.05)
<_io.TextIOWrapper name='<stderr>' mode='w' encoding='utf-8'> node index is 425
train linear regression time:  0.05473833391442895
(average_diff:2.492009986569214e-06, max_diff:3.6508041214022846e-06, training_epochs:500, lr:0.05)
<_io.TextIOWrapper name='<stderr>' mode='w' encoding='utf-8'> node index is 419
train linear regression time:  0.05410658288747072
(average_diff:1.4346161129423033e-08, max_diff:2.1525736082494973e-08, training_epochs:500, lr:0.05)
<_io.TextIOWrapper name='<stderr>' mode='w' encoding='utf-8'> node index is 413
train linear regression time:  0.054268000181764364
(average_diff:0.00502707714739159, max_diff:0.007604122394801682, training_epochs:500, lr:0.05)
<_io.TextIOWrapper name='<stderr>' mode='w' encoding='utf-8'> node index is 405
train linear regression time:  0.05452224984765053
(average_diff:1.1102230246251565e-16, max_diff:1.1102230246251565e-16, training_epochs:500, lr:0.05)
<_io.TextIOWrapper name='<stderr>' mode='w' encoding='utf-8'> node index is 391
train linear regression time:  0.05682179192081094
(average_diff:2.220446049250313e-16, max_diff:2.220446049250313e-16, training_epochs:500, lr:0.05)
<_io.TextIOWrapper name='<stderr>' mode='w' encoding='utf-8'> node index is 379
train linear regression time:  0.05747862486168742
(average_diff:0.03546799733619374, max_diff:0.1087755014727867, training_epochs:500, lr:0.05)
<_io.TextIOWrapper name='<stderr>' mode='w' encoding='utf-8'> node index is 365
train linear regression time:  0.057620208244770765
(average_diff:1.3002218843261026e-07, max_diff:1.3083088634679996e-07, training_epochs:500, lr:0.05)
<_io.TextIOWrapper name='<stderr>' mode='w' encoding='utf-8'> node index is 351
train linear regression time:  0.05742250010371208
(average_diff:2.914335439641036e-16, max_diff:3.0531133177191805e-16, training_epochs:500, lr:0.05)
<_io.TextIOWrapper name='<stderr>' mode='w' encoding='utf-8'> node index is 337
train linear regression time:  0.05567699996754527
(average_diff:0.13718967465366322, max_diff:0.4756486229476703, training_epochs:500, lr:0.05)
<_io.TextIOWrapper name='<stderr>' mode='w' encoding='utf-8'> node index is 393
train linear regression time:  0.0565076251514256
(average_diff:1.6653345369377348e-16, max_diff:2.220446049250313e-16, training_epochs:500, lr:0.05)
<_io.TextIOWrapper name='<stderr>' mode='w' encoding='utf-8'> node index is 301
train linear regression time:  0.0560098341666162
(average_diff:0.06834141283796, max_diff:0.1476754678050352, training_epochs:500, lr:0.05)
<_io.TextIOWrapper name='<stderr>' mode='w' encoding='utf-8'> node index is 271
train linear regression time:  0.05671191681176424
(average_diff:0.07495182987698727, max_diff:0.18874349094025034, training_epochs:500, lr:0.05)
<_io.TextIOWrapper name='<stderr>' mode='w' encoding='utf-8'> node index is 253
train linear regression time:  0.055136959068477154
(average_diff:0.20675881947544475, max_diff:0.39327589123598117, training_epochs:500, lr:0.05)
<_io.TextIOWrapper name='<stderr>' mode='w' encoding='utf-8'> node index is 227
train linear regression time:  0.05374287487939
(average_diff:0.1269598453842185, max_diff:0.26415329792744796, training_epochs:500, lr:0.05)
<_io.TextIOWrapper name='<stderr>' mode='w' encoding='utf-8'> node index is 213
train linear regression time:  0.05781225021928549
(average_diff:0.05946830296762896, max_diff:0.14925200708821149, training_epochs:500, lr:0.05)
<_io.TextIOWrapper name='<stderr>' mode='w' encoding='utf-8'> node index is 201
train linear regression time:  0.05774975009262562
(average_diff:5.551115123125783e-17, max_diff:5.551115123125783e-17, training_epochs:500, lr:0.05)
<_io.TextIOWrapper name='<stderr>' mode='w' encoding='utf-8'> node index is 193
train linear regression time:  0.05870758416131139
(average_diff:0.021673381590881755, max_diff:0.06326585655127642, training_epochs:500, lr:0.05)
<_io.TextIOWrapper name='<stderr>' mode='w' encoding='utf-8'> node index is 187
train linear regression time:  0.05652858270332217
(average_diff:0.036104400882762434, max_diff:0.10506283419411577, training_epochs:500, lr:0.05)
<_io.TextIOWrapper name='<stderr>' mode='w' encoding='utf-8'> node index is 179
train linear regression time:  0.05492899985983968
(average_diff:5.551115123125783e-17, max_diff:5.551115123125783e-17, training_epochs:500, lr:0.05)
<_io.TextIOWrapper name='<stderr>' mode='w' encoding='utf-8'> node index is 171
train linear regression time:  0.05750904092565179
(average_diff:0.11139909281404776, max_diff:0.22899520092360692, training_epochs:500, lr:0.05)
<_io.TextIOWrapper name='<stderr>' mode='w' encoding='utf-8'> node index is 161
train linear regression time:  0.06536820810288191
(average_diff:1.1102230246251565e-16, max_diff:1.1102230246251565e-16, training_epochs:500, lr:0.05)
<_io.TextIOWrapper name='<stderr>' mode='w' encoding='utf-8'> node index is 367
train linear regression time:  0.06535758264362812
(average_diff:0.0, max_diff:0.0, training_epochs:500, lr:0.05)
<_io.TextIOWrapper name='<stderr>' mode='w' encoding='utf-8'> node index is 353
train linear regression time:  0.0582887502387166
(average_diff:2.220446049250313e-16, max_diff:2.220446049250313e-16, training_epochs:500, lr:0.05)
<_io.TextIOWrapper name='<stderr>' mode='w' encoding='utf-8'> node index is 339
train linear regression time:  0.05744299991056323
(average_diff:0.019961878835388913, max_diff:0.03143062893474846, training_epochs:500, lr:0.05)
<_io.TextIOWrapper name='<stderr>' mode='w' encoding='utf-8'> node index is 327
train linear regression time:  0.056495374999940395
(average_diff:0.026461240633652613, max_diff:0.12509135609568434, training_epochs:500, lr:0.05)
<_io.TextIOWrapper name='<stderr>' mode='w' encoding='utf-8'> node index is 315
train linear regression time:  0.054450207855552435
(average_diff:0.004848312448980069, max_diff:0.010194127184120272, training_epochs:500, lr:0.05)
<_io.TextIOWrapper name='<stderr>' mode='w' encoding='utf-8'> node index is 303
train linear regression time:  0.055267459247261286
(average_diff:0.039602823454380896, max_diff:0.08294485361515747, training_epochs:500, lr:0.05)
<_io.TextIOWrapper name='<stderr>' mode='w' encoding='utf-8'> node index is 287
train linear regression time:  0.05588700016960502
(average_diff:0.05957393574685617, max_diff:0.1354375777587078, training_epochs:500, lr:0.05)
<_io.TextIOWrapper name='<stderr>' mode='w' encoding='utf-8'> node index is 273
train linear regression time:  0.05668504070490599
(average_diff:0.11576711642614997, max_diff:0.48795812426471397, training_epochs:500, lr:0.05)
<_io.TextIOWrapper name='<stderr>' mode='w' encoding='utf-8'> node index is 255
train linear regression time:  0.05631775036454201
(average_diff:0.0014770814495448648, max_diff:0.003057286491328526, training_epochs:500, lr:0.05)
<_io.TextIOWrapper name='<stderr>' mode='w' encoding='utf-8'> node index is 241
train linear regression time:  0.05764108384028077
(average_diff:0.1755045157804145, max_diff:0.5301980642970603, training_epochs:500, lr:0.05)
<_io.TextIOWrapper name='<stderr>' mode='w' encoding='utf-8'> node index is 229
train linear regression time:  0.05644266679883003
(average_diff:0.10995691777903017, max_diff:0.3231447346697307, training_epochs:500, lr:0.05)
<_io.TextIOWrapper name='<stderr>' mode='w' encoding='utf-8'> node index is 215
train linear regression time:  0.05680883303284645
(average_diff:0.04621251979330719, max_diff:0.10687654006147118, training_epochs:500, lr:0.05)
<_io.TextIOWrapper name='<stderr>' mode='w' encoding='utf-8'> node index is 203
train linear regression time:  0.059773375280201435
(average_diff:0.015385744753905395, max_diff:0.03546122136419072, training_epochs:500, lr:0.05)
<_io.TextIOWrapper name='<stderr>' mode='w' encoding='utf-8'> node index is 195
train linear regression time:  0.05566683318465948
(average_diff:0.1536025657184384, max_diff:0.34369939454844356, training_epochs:500, lr:0.05)
<_io.TextIOWrapper name='<stderr>' mode='w' encoding='utf-8'> node index is 7
train linear regression time:  0.05727658327668905
(average_diff:0.13098280729622463, max_diff:0.46009227558679733, training_epochs:500, lr:0.05)
<_io.TextIOWrapper name='<stderr>' mode='w' encoding='utf-8'> node index is 5
train linear regression time:  0.054873582907021046
testFringe time:  14.166745166759938
<_io.TextIOWrapper name='<stderr>' mode='w' encoding='utf-8'> =============== update finished ===============

*** Writing Game File 79***

<_io.TextIOWrapper name='../print_tree_record_numpy/print_DR_boost_linear_tree_split.txt' mode='w' encoding='UTF-8'> idx1(Q:0.4016, distinct_name:0, dictinctin_value:2.569683891588169, par:None)
	idx4(Q:0.4022, distinct_name:0, dictinctin_value:2.507749956207568, par:1)
		idx6(Q:0.4022, distinct_name:0, dictinctin_value:-0.050698982385153205, par:4)
			idx8(Q:0.4625, distinct_name:0, dictinctin_value:-0.5002368440471089, par:6)
				idx10(Q:0.5089, distinct_name:3, dictinctin_value:0.7373220788164561, par:8)
					idx12(Q:0.4835, distinct_name:1, dictinctin_value:0.8498558206992594, par:10)
						idx18(Q:0.4311, distinct_name:2, dictinctin_value:0.8559921607301466, par:12)
							idx24(Q:0.4238, distinct_name:0, dictinctin_value:-0.5901212893723445, par:18)
								idx30(Q:0.4309, distinct_name:2, dictinctin_value:0.5095422779981766, par:24)
									idx38(Q:0.4498, distinct_name:2, dictinctin_value:0.24909091887867726, par:30)
										idx44(Q:0.4775, distinct_name:2, dictinctin_value:-0.06052347242753761, par:38)
											idx54(Q:0.5253, distinct_name:2, dictinctin_value:-0.16873413911779458, par:44)
												idx62(Q:0.5508, distinct_name:2, dictinctin_value:-0.3117760123070312, par:54)
													idx70(Q:0.5961, distinct_name:2, dictinctin_value:-0.36929151673896154, par:62)
														idx76(Q:0.6229, distinct_name:2, dictinctin_value:-0.4513587540231024, par:70)
															idx82(Q:0.6588, distinct_name:2, dictinctin_value:-0.49926091712096626, par:76)
																idx90(Q:0.6736, distinct_name:2, dictinctin_value:-0.5261921216626007, par:82)
																	idx100(Q:0.6846, distinct_name:2, dictinctin_value:-0.5682634996789567, par:90)
																		idx110(Q:0.6997, distinct_name:2, dictinctin_value:-0.576514535000767, par:100)
																			idx120(Q:0.7027, par:110)
																			idx121(Q:0.4001, par:110)
																		idx111(Q:0.3573, par:100)
																	idx101(Q:0.3591, par:90)
																idx91(Q:0.3280, par:82)
															idx83(Q:0.3026, par:76)
														idx77(Q:0.2661, par:70)
													idx71(Q:0.2695, par:62)
												idx63(Q:0.2189, par:54)
											idx55(Q:0.2433, distinct_name:0, dictinctin_value:-0.6476910175840919, par:44)
												idx464(Q:0.2469, distinct_name:3, dictinctin_value:0.6680194197252473, par:55)
													idx468(Q:0.2435, distinct_name:0, dictinctin_value:-0.6858015235311999, par:464)
														idx474(Q:0.2442, distinct_name:2, dictinctin_value:0.24031958562965672, par:468)
															idx480(Q:0.2415, distinct_name:2, dictinctin_value:0.22712878489931437, par:474)
																idx484(Q:0.2433, distinct_name:0, dictinctin_value:-0.6984661740702743, par:480)
																	idx492(Q:0.2413, distinct_name:2, dictinctin_value:0.2205862992769331, par:484)
																		idx500(Q:0.2409, distinct_name:1, dictinctin_value:0.7515347460969897, par:492)
																			idx518(Q:0.2427, par:500)
																			idx519(Q:0.1310, par:500)
																		idx501(Q:0.2751, par:492)
																	idx493(Q:0.3077, par:484)
																idx485(Q:0.1301, par:480)
															idx481(Q:0.3124, par:474)
														idx475(Q:0.1567, par:468)
													idx469(Q:0.3624, par:464)
												idx465(Q:0.1184, par:55)
										idx45(Q:0.2480, distinct_name:0, dictinctin_value:-0.6043607795061433, par:38)
											idx510(Q:0.2492, distinct_name:1, dictinctin_value:0.8144916165556727, par:45)
												idx520(Q:0.2417, distinct_name:1, dictinctin_value:0.7699133155688844, par:510)
													idx530(Q:0.2388, distinct_name:2, dictinctin_value:0.5073691095938268, par:520)
														idx536(Q:0.2393, distinct_name:0, dictinctin_value:-0.6190066933050004, par:530)
															idx548(Q:0.2380, distinct_name:0, dictinctin_value:-0.6463225202144014, par:536)
																idx570(Q:0.2373, distinct_name:0, dictinctin_value:-0.6564390430626009, par:548)
																	idx580(Q:0.2385, distinct_name:3, dictinctin_value:0.6572555751708343, par:570)
																		idx586(Q:0.2377, distinct_name:3, dictinctin_value:0.6217208412298194, par:580)
																			idx590(Q:0.2381, par:586)
																			idx591(Q:0.2181, par:586)
																		idx587(Q:0.2818, par:580)
																	idx581(Q:0.1052, par:570)
																idx571(Q:0.2787, par:548)
															idx549(Q:0.3743, par:536)
														idx537(Q:0.2094, par:530)
													idx531(Q:0.3493, par:520)
												idx521(Q:0.5313, par:510)
											idx511(Q:0.1130, par:45)
									idx39(Q:0.3128, distinct_name:1, dictinctin_value:0.8040063207197937, par:30)
										idx426(Q:0.3095, distinct_name:2, dictinctin_value:0.8419373683110459, par:39)
											idx432(Q:0.3111, distinct_name:0, dictinctin_value:-0.6009391153368029, par:426)
												idx444(Q:0.3131, distinct_name:0, dictinctin_value:-0.6041087413020046, par:432)
													idx448(Q:0.3129, distinct_name:0, dictinctin_value:-0.6100701052011255, par:444)
														idx456(Q:0.3129, distinct_name:0, dictinctin_value:-0.6407957166920598, par:448)
															idx460(Q:0.3171, distinct_name:0, dictinctin_value:-0.6555246386975058, par:456)
																idx466(Q:0.3194, distinct_name:0, dictinctin_value:-0.6720161756487143, par:460)
																	idx470(Q:0.3231, distinct_name:0, dictinctin_value:-0.6781083126032775, par:466)
																		idx472(Q:0.3231, distinct_name:0, dictinctin_value:-0.7020609777266955, par:470)
																			idx476(Q:0.3259, par:472)
																			idx477(Q:0.2334, par:472)
																		idx473(Q:0.3250, par:470)
																	idx471(Q:0.0686, par:466)
																idx467(Q:0.1550, par:460)
															idx461(Q:0.1206, par:456)
														idx457(Q:0.3118, par:448)
													idx449(Q:0.3527, par:444)
												idx445(Q:0.1599, par:432)
											idx433(Q:0.1937, par:426)
										idx427(Q:0.4793, par:39)
								idx31(Q:0.3525, distinct_name:0, dictinctin_value:-0.5002719881995846, par:24)
									idx544(Q:0.3529, distinct_name:1, dictinctin_value:0.7593054056611713, par:31)
										idx550(Q:0.3552, distinct_name:0, dictinctin_value:-0.5062520951871772, par:544)
											idx562(Q:0.3591, distinct_name:0, dictinctin_value:-0.5080035363270362, par:550)
												idx572(Q:0.3630, distinct_name:0, dictinctin_value:-0.5084639498879526, par:562)
													idx582(Q:0.3638, distinct_name:0, dictinctin_value:-0.5089199594147691, par:572)
														idx588(Q:0.3678, distinct_name:0, dictinctin_value:-0.5092872052358233, par:582)
															idx592(Q:0.3699, par:588)
															idx593(Q:0.1559, par:588)
														idx589(Q:0.1598, par:582)
													idx583(Q:0.2789, par:572)
												idx573(Q:0.1588, par:562)
											idx563(Q:0.1492, par:550)
										idx551(Q:0.2268, par:544)
									idx545(Q:0.3129, par:31)
							idx25(Q:0.4639, distinct_name:0, dictinctin_value:-0.5389580903277561, par:18)
								idx216(Q:0.4659, distinct_name:0, dictinctin_value:-0.5573162410999996, par:25)
									idx230(Q:0.4675, distinct_name:0, dictinctin_value:-0.5917620279880862, par:216)
										idx242(Q:0.4803, distinct_name:1, dictinctin_value:0.8127647407611875, par:230)
											idx256(Q:0.4759, distinct_name:0, dictinctin_value:-0.6131626140571143, par:242)
												idx288(Q:0.4783, distinct_name:0, dictinctin_value:-0.7076582377440916, par:256)
													idx304(Q:0.5001, distinct_name:0, dictinctin_value:-0.717862250694298, par:288)
														idx316(Q:0.5031, distinct_name:0, dictinctin_value:-0.7734253050900186, par:304)
															idx328(Q:0.5108, distinct_name:0, dictinctin_value:-0.7970945326559435, par:316)
																idx340(Q:0.5120, distinct_name:3, dictinctin_value:0.6595389343928215, par:328)
																	idx354(Q:0.5063, distinct_name:3, dictinctin_value:0.6186331758365281, par:340)
																		idx368(Q:0.5019, distinct_name:3, dictinctin_value:0.5952455969358141, par:354)
																			idx380(Q:0.5002, par:368)
																			idx381(Q:0.5796, par:368)
																		idx369(Q:0.9254, par:354)
																	idx355(Q:0.7825, par:340)
																idx341(Q:0.4646, par:328)
															idx329(Q:0.3485, par:316)
														idx317(Q:0.3428, par:304)
													idx305(Q:0.2987, par:288)
												idx289(Q:0.1966, par:256)
											idx257(Q:0.6915, par:242)
										idx243(Q:0.2570, par:230)
									idx231(Q:0.3288, par:216)
								idx217(Q:0.4047, par:25)
						idx19(Q:0.7010, distinct_name:0, dictinctin_value:-0.5046072639210131, par:12)
							idx152(Q:0.7009, distinct_name:2, dictinctin_value:1.74305991171075, par:19)
								idx162(Q:0.6901, distinct_name:2, dictinctin_value:1.5651912903147052, par:152)
									idx172(Q:0.6810, distinct_name:2, dictinctin_value:1.0939968976733132, par:162)
										idx180(Q:0.6572, distinct_name:2, dictinctin_value:0.9064820637809338, par:172)
											idx188(Q:0.6474, distinct_name:2, dictinctin_value:0.8130327408821636, par:180)
												idx196(Q:0.6396, distinct_name:2, dictinctin_value:0.714578820015968, par:188)
													idx204(Q:0.6387, distinct_name:0, dictinctin_value:-0.5137296726081428, par:196)
														idx218(Q:0.6414, distinct_name:2, dictinctin_value:0.4860989258104936, par:204)
															idx232(Q:0.6424, distinct_name:1, dictinctin_value:2.2330900660097845, par:218)
																idx244(Q:0.6303, distinct_name:2, dictinctin_value:0.44559578649865966, par:232)
																	idx258(Q:0.6269, distinct_name:2, dictinctin_value:0.32419638005931734, par:244)
																		idx274(Q:0.6267, distinct_name:0, dictinctin_value:-0.5233031664270825, par:258)
																			idx290(Q:0.6268, par:274)
																			idx291(Q:0.6173, par:274)
																		idx275(Q:0.6332, par:258)
																	idx259(Q:0.7450, par:244)
																idx245(Q:0.9413, par:232)
															idx233(Q:0.6292, par:218)
														idx219(Q:0.4556, par:204)
													idx205(Q:0.6694, par:196)
												idx197(Q:0.8546, par:188)
											idx189(Q:0.8521, par:180)
										idx181(Q:0.9943, par:172)
									idx173(Q:1.0016, par:162)
								idx163(Q:1.0424, par:152)
							idx153(Q:0.7365, par:19)
					idx13(Q:0.5872, distinct_name:2, dictinctin_value:1.929601246827043, par:10)
						idx92(Q:0.5743, distinct_name:1, dictinctin_value:1.2557733390904973, par:13)
							idx102(Q:0.5416, distinct_name:2, dictinctin_value:1.4527612583425853, par:92)
								idx112(Q:0.5291, distinct_name:2, dictinctin_value:1.3531114404933846, par:102)
									idx122(Q:0.5266, distinct_name:2, dictinctin_value:1.0639310625609943, par:112)
										idx130(Q:0.5145, distinct_name:2, dictinctin_value:0.8759607452183222, par:122)
											idx136(Q:0.5058, distinct_name:2, dictinctin_value:0.6228991526328211, par:130)
												idx142(Q:0.5023, distinct_name:2, dictinctin_value:0.4885947458466264, par:136)
													idx146(Q:0.4948, distinct_name:1, dictinctin_value:1.1059975491047376, par:142)
														idx148(Q:0.4860, distinct_name:3, dictinctin_value:2.363964647313972, par:146)
															idx154(Q:0.4791, distinct_name:3, dictinctin_value:1.536573712246935, par:148)
																idx164(Q:0.4562, distinct_name:1, dictinctin_value:0.49075596239548774, par:154)
																	idx206(Q:0.4243, distinct_name:3, dictinctin_value:1.525286896575752, par:164)
																		idx220(Q:0.4237, distinct_name:2, dictinctin_value:0.38874536608000104, par:206)
																			idx234(Q:0.4272, par:220)
																			idx235(Q:0.2940, par:220)
																		idx221(Q:0.4555, par:206)
																	idx207(Q:0.6218, par:164)
																idx165(Q:0.5667, par:154)
															idx155(Q:0.6475, par:148)
														idx149(Q:0.7657, par:146)
													idx147(Q:0.5812, par:142)
												idx143(Q:0.5455, par:136)
											idx137(Q:0.6927, par:130)
										idx131(Q:0.7114, par:122)
									idx123(Q:0.6587, par:112)
								idx113(Q:0.8090, par:102)
							idx103(Q:0.9335, par:92)
						idx93(Q:1.0306, par:13)
				idx11(Q:0.3781, distinct_name:3, dictinctin_value:1.284568987543642, par:8)
					idx32(Q:0.3568, distinct_name:3, dictinctin_value:0.5763111575206541, par:11)
						idx40(Q:0.3392, distinct_name:2, dictinctin_value:1.4159847670297276, par:32)
							idx46(Q:0.3295, distinct_name:2, dictinctin_value:0.8764611652526798, par:40)
								idx56(Q:0.3366, distinct_name:2, dictinctin_value:0.6776552612944613, par:46)
									idx64(Q:0.3419, distinct_name:0, dictinctin_value:-0.10007893227380851, par:56)
										idx72(Q:0.3411, distinct_name:2, dictinctin_value:0.481251420222257, par:64)
											idx78(Q:0.3517, distinct_name:2, dictinctin_value:0.43236682950932387, par:72)
												idx84(Q:0.3578, distinct_name:2, dictinctin_value:0.2322739018313544, par:78)
													idx94(Q:0.3783, distinct_name:2, dictinctin_value:0.1692901075380102, par:84)
														idx104(Q:0.3872, distinct_name:2, dictinctin_value:0.044622068949871425, par:94)
															idx114(Q:0.4074, distinct_name:2, dictinctin_value:-0.04421252452423217, par:104)
																idx124(Q:0.4258, distinct_name:2, dictinctin_value:-0.12551407150931976, par:114)
																	idx132(Q:0.4415, distinct_name:2, dictinctin_value:-0.16179863391045127, par:124)
																		idx138(Q:0.4518, distinct_name:2, dictinctin_value:-0.1987692173924826, par:132)
																			idx144(Q:0.4707, par:138)
																			idx145(Q:0.1585, par:138)
																		idx139(Q:0.1639, par:132)
																	idx133(Q:0.1968, par:124)
																idx125(Q:0.1308, par:114)
															idx115(Q:0.1772, par:104)
														idx105(Q:0.2029, par:94)
													idx95(Q:0.1759, par:84)
												idx85(Q:0.1747, par:78)
											idx79(Q:0.2207, par:72)
										idx73(Q:0.3490, par:64)
									idx65(Q:0.2664, par:56)
								idx57(Q:0.2852, distinct_name:0, dictinctin_value:-0.07115888508263095, par:46)
									idx486(Q:0.2886, distinct_name:2, dictinctin_value:1.3997870335092657, par:57)
										idx494(Q:0.2887, distinct_name:0, dictinctin_value:-0.07160732513030894, par:486)
											idx504(Q:0.2854, distinct_name:0, dictinctin_value:-0.08350405569893737, par:494)
												idx512(Q:0.2869, distinct_name:1, dictinctin_value:1.8788415154351898, par:504)
													idx522(Q:0.2760, distinct_name:1, dictinctin_value:1.7168001155290575, par:512)
														idx538(Q:0.2690, distinct_name:0, dictinctin_value:-0.08454829370887558, par:522)
															idx552(Q:0.2666, distinct_name:3, dictinctin_value:0.4530042815419259, par:538)
																idx556(Q:0.2682, distinct_name:0, dictinctin_value:-0.08608502852647902, par:552)
																	idx564(Q:0.2695, distinct_name:0, dictinctin_value:-0.08644796937551802, par:556)
																		idx574(Q:0.2691, distinct_name:0, dictinctin_value:-0.08717123163966492, par:564)
																			idx584(Q:0.2707, par:574)
																			idx585(Q:0.1069, par:574)
																		idx575(Q:0.3124, par:564)
																	idx565(Q:0.1341, par:556)
																idx557(Q:0.2231, par:552)
															idx553(Q:0.5355, par:538)
														idx539(Q:0.6590, par:522)
													idx523(Q:0.8978, par:512)
												idx513(Q:0.1098, par:504)
											idx505(Q:0.6691, par:494)
										idx495(Q:0.2877, par:486)
									idx487(Q:0.1831, par:57)
							idx47(Q:0.4402, par:40)
						idx41(Q:0.4287, distinct_name:3, dictinctin_value:1.2541204520301295, par:32)
							idx246(Q:0.4215, distinct_name:0, dictinctin_value:-0.05401988313827026, par:41)
								idx260(Q:0.4220, distinct_name:2, dictinctin_value:2.0807886731763334, par:246)
									idx276(Q:0.4094, distinct_name:2, dictinctin_value:1.8994422532815647, par:260)
										idx292(Q:0.4033, distinct_name:1, dictinctin_value:1.2716943858922887, par:276)
											idx306(Q:0.3793, distinct_name:2, dictinctin_value:1.8085097405850585, par:292)
												idx318(Q:0.3696, distinct_name:0, dictinctin_value:-0.06832580226386262, par:306)
													idx330(Q:0.3643, distinct_name:1, dictinctin_value:1.0161843934440484, par:318)
														idx342(Q:0.3587, distinct_name:0, dictinctin_value:-0.11082738421514442, par:330)
															idx356(Q:0.3536, distinct_name:0, dictinctin_value:-0.1239714467724242, par:342)
																idx370(Q:0.3548, distinct_name:1, dictinctin_value:0.8661774768232812, par:356)
																	idx382(Q:0.3510, distinct_name:0, dictinctin_value:-0.13038566790821624, par:370)
																		idx396(Q:0.3512, distinct_name:1, dictinctin_value:0.7685182247259327, par:382)
																			idx406(Q:0.3445, par:396)
																			idx407(Q:0.5546, par:396)
																		idx397(Q:0.3395, par:382)
																	idx383(Q:0.5070, par:370)
																idx371(Q:0.1581, par:356)
															idx357(Q:0.4144, par:342)
														idx343(Q:0.4887, par:330)
													idx331(Q:0.5673, par:318)
												idx319(Q:0.8472, par:306)
											idx307(Q:0.6172, par:292)
										idx293(Q:0.8474, par:276)
									idx277(Q:0.8869, par:260)
								idx261(Q:0.3940, par:246)
							idx247(Q:0.6656, par:41)
					idx33(Q:0.5587, distinct_name:2, dictinctin_value:1.8206658800741853, par:11)
						idx436(Q:0.5455, distinct_name:0, dictinctin_value:-0.055487221535360155, par:33)
							idx438(Q:0.5425, distinct_name:0, dictinctin_value:-0.06661868934946451, par:436)
								idx450(Q:0.5458, distinct_name:2, dictinctin_value:1.6280055741424861, par:438)
									idx458(Q:0.5368, distinct_name:2, dictinctin_value:1.4609118350831285, par:450)
										idx462(Q:0.5292, distinct_name:0, dictinctin_value:-0.06716992247771125, par:458)
											idx478(Q:0.5310, distinct_name:0, dictinctin_value:-0.06950841565798693, par:462)
												idx482(Q:0.5298, distinct_name:0, dictinctin_value:-0.07617984110574617, par:478)
													idx488(Q:0.5328, distinct_name:0, dictinctin_value:-0.09812148969449835, par:482)
														idx496(Q:0.5341, distinct_name:0, dictinctin_value:-0.10012482464779363, par:488)
															idx502(Q:0.5375, distinct_name:2, dictinctin_value:1.4064514939244364, par:496)
																idx514(Q:0.5338, distinct_name:2, dictinctin_value:1.318805451770871, par:502)
																	idx524(Q:0.5235, distinct_name:0, dictinctin_value:-0.11118736531331526, par:514)
																		idx532(Q:0.5235, distinct_name:0, dictinctin_value:-0.12850307532465371, par:524)
																			idx540(Q:0.5271, par:532)
																			idx541(Q:0.3260, par:532)
																		idx533(Q:0.5198, par:524)
																	idx525(Q:0.9326, par:514)
																idx515(Q:0.7615, par:502)
															idx503(Q:0.1239, par:496)
														idx497(Q:0.4907, par:488)
													idx489(Q:0.1612, par:482)
												idx483(Q:0.6779, par:478)
											idx479(Q:0.3023, par:462)
										idx463(Q:0.8604, par:458)
									idx459(Q:0.9430, par:450)
								idx451(Q:0.3190, par:438)
							idx439(Q:0.9613, par:436)
						idx437(Q:0.9235, par:33)
			idx9(Q:0.3461, distinct_name:1, dictinctin_value:1.4532912275447858, par:6)
				idx14(Q:0.3250, distinct_name:0, dictinctin_value:0.6708677617788001, par:9)
					idx16(Q:0.3401, distinct_name:0, dictinctin_value:0.5219929201544601, par:14)
						idx20(Q:0.3390, distinct_name:0, dictinctin_value:0.38200451643824146, par:16)
							idx26(Q:0.3453, distinct_name:0, dictinctin_value:0.29175973898130836, par:20)
								idx34(Q:0.3450, distinct_name:3, dictinctin_value:1.2405945003824483, par:26)
									idx42(Q:0.3164, distinct_name:2, dictinctin_value:1.6139678071673451, par:34)
										idx48(Q:0.3127, distinct_name:1, dictinctin_value:1.0148453699076618, par:42)
											idx58(Q:0.2992, distinct_name:2, dictinctin_value:0.8422101128546527, par:48)
												idx66(Q:0.3069, distinct_name:2, dictinctin_value:0.5718071591898053, par:58)
													idx74(Q:0.3207, distinct_name:2, dictinctin_value:0.3335199702259944, par:66)
														idx80(Q:0.3449, distinct_name:2, dictinctin_value:0.2585267021680285, par:74)
															idx86(Q:0.3524, distinct_name:2, dictinctin_value:0.13295569297273957, par:80)
																idx96(Q:0.3681, distinct_name:2, dictinctin_value:0.0933394603867821, par:86)
																	idx106(Q:0.3758, distinct_name:2, dictinctin_value:0.047951172568074005, par:96)
																		idx116(Q:0.3838, distinct_name:2, dictinctin_value:-0.0025517231675584334, par:106)
																			idx126(Q:0.3908, par:116)
																			idx127(Q:0.1251, par:116)
																		idx117(Q:0.1535, par:106)
																	idx107(Q:0.1150, par:96)
																idx97(Q:0.1334, par:86)
															idx87(Q:0.1587, par:80)
														idx81(Q:0.1563, par:74)
													idx75(Q:0.1935, par:66)
												idx67(Q:0.2583, distinct_name:0, dictinctin_value:0.284001031471605, par:58)
													idx506(Q:0.2587, distinct_name:0, dictinctin_value:0.28239410324000885, par:67)
														idx526(Q:0.2566, distinct_name:1, dictinctin_value:0.83535054985968, par:506)
															idx546(Q:0.2315, distinct_name:2, dictinctin_value:1.5992728183505887, par:526)
																idx554(Q:0.2336, distinct_name:0, dictinctin_value:0.27983576931814547, par:546)
																	idx558(Q:0.2344, distinct_name:2, dictinctin_value:1.5459775970266707, par:554)
																		idx566(Q:0.2301, distinct_name:2, dictinctin_value:1.5137425616672946, par:558)
																			idx576(Q:0.2301, par:566)
																			idx577(Q:0.2291, par:566)
																		idx567(Q:0.3494, par:558)
																	idx559(Q:0.1412, par:554)
																idx555(Q:0.1136, par:546)
															idx547(Q:0.7287, par:526)
														idx527(Q:0.5128, par:506)
													idx507(Q:0.2169, par:67)
											idx59(Q:0.4316, par:48)
										idx49(Q:0.3885, par:42)
									idx43(Q:0.5513, distinct_name:3, dictinctin_value:2.7956706813891117, par:34)
										idx490(Q:0.5400, distinct_name:0, dictinctin_value:0.28758459307995216, par:43)
											idx498(Q:0.5345, distinct_name:2, dictinctin_value:1.7926081731949, par:490)
												idx508(Q:0.5270, distinct_name:0, dictinctin_value:0.2865220549225975, par:498)
													idx516(Q:0.5265, distinct_name:0, dictinctin_value:0.2785989659591723, par:508)
														idx528(Q:0.5349, distinct_name:3, dictinctin_value:2.7261255458914433, par:516)
															idx534(Q:0.5389, distinct_name:0, dictinctin_value:0.2763906794093015, par:528)
																idx542(Q:0.5410, distinct_name:0, dictinctin_value:0.2703031142425218, par:534)
																	idx560(Q:0.5397, distinct_name:3, dictinctin_value:2.563708411050972, par:542)
																		idx568(Q:0.5354, distinct_name:2, dictinctin_value:1.5803350412841866, par:560)
																			idx578(Q:0.5268, par:568)
																			idx579(Q:0.8323, par:568)
																		idx569(Q:0.7699, par:560)
																	idx561(Q:0.6884, par:542)
																idx543(Q:0.3073, par:534)
															idx535(Q:0.3125, par:528)
														idx529(Q:0.2106, par:516)
													idx517(Q:0.5832, par:508)
												idx509(Q:0.9712, par:498)
											idx499(Q:1.1979, par:490)
										idx491(Q:1.0038, par:43)
								idx35(Q:0.3466, distinct_name:1, dictinctin_value:1.344826515865718, par:26)
									idx236(Q:0.3443, distinct_name:3, dictinctin_value:1.6897348587436034, par:35)
										idx248(Q:0.3284, distinct_name:1, dictinctin_value:1.2341402111364463, par:236)
											idx262(Q:0.3287, distinct_name:3, dictinctin_value:1.3356049450605056, par:248)
												idx278(Q:0.3245, distinct_name:2, dictinctin_value:1.6241822054726756, par:262)
													idx294(Q:0.3147, distinct_name:0, dictinctin_value:0.3731119474318981, par:278)
														idx320(Q:0.3111, distinct_name:3, dictinctin_value:1.2759579982069145, par:294)
															idx344(Q:0.3003, distinct_name:0, dictinctin_value:0.37304242798500226, par:320)
																idx358(Q:0.3002, distinct_name:0, dictinctin_value:0.3707677109507447, par:344)
																	idx372(Q:0.3030, distinct_name:0, dictinctin_value:0.3697040787425107, par:358)
																		idx384(Q:0.3047, distinct_name:2, dictinctin_value:1.3789177574365135, par:372)
																			idx398(Q:0.3026, par:384)
																			idx399(Q:0.3513, par:384)
																		idx385(Q:0.2247, par:372)
																	idx373(Q:0.1232, par:358)
																idx359(Q:0.3297, par:344)
															idx345(Q:0.6603, par:320)
														idx321(Q:0.3865, par:294)
													idx295(Q:0.5322, par:278)
												idx279(Q:0.4619, par:262)
											idx263(Q:0.3069, par:248)
										idx249(Q:0.7521, par:236)
									idx237(Q:0.4358, par:35)
							idx27(Q:0.3164, distinct_name:2, dictinctin_value:1.5527241962490086, par:20)
								idx156(Q:0.3131, distinct_name:0, dictinctin_value:0.5137061072990365, par:27)
									idx166(Q:0.3181, distinct_name:0, dictinctin_value:0.5083060291160676, par:156)
										idx174(Q:0.3184, distinct_name:1, dictinctin_value:1.235555391656205, par:166)
											idx182(Q:0.3184, distinct_name:0, dictinctin_value:0.499318407708209, par:174)
												idx190(Q:0.3250, distinct_name:3, dictinctin_value:1.6437138459193195, par:182)
													idx198(Q:0.3163, distinct_name:0, dictinctin_value:0.4978828276393789, par:190)
														idx208(Q:0.3187, distinct_name:2, dictinctin_value:1.3588453420210258, par:198)
															idx222(Q:0.3164, distinct_name:2, dictinctin_value:0.9721483625475897, par:208)
																idx238(Q:0.3176, distinct_name:0, dictinctin_value:0.4972801494332726, par:222)
																	idx250(Q:0.3154, distinct_name:2, dictinctin_value:0.944961054171824, par:238)
																		idx264(Q:0.3186, distinct_name:2, dictinctin_value:0.872803430709856, par:250)
																			idx280(Q:0.3231, par:264)
																			idx281(Q:0.2212, par:264)
																		idx265(Q:0.0703, par:250)
																	idx251(Q:0.5718, par:238)
																idx239(Q:0.3002, par:222)
															idx223(Q:0.3837, par:208)
														idx209(Q:0.1910, par:198)
													idx199(Q:0.6572, par:190)
												idx191(Q:0.2230, par:182)
											idx183(Q:0.3175, par:174)
										idx175(Q:0.3138, par:166)
									idx167(Q:0.2444, par:156)
								idx157(Q:0.4016, par:27)
						idx21(Q:0.3450, distinct_name:1, dictinctin_value:1.3201670622027022, par:16)
							idx150(Q:0.3429, distinct_name:1, dictinctin_value:1.2234607090751204, par:21)
								idx158(Q:0.3435, distinct_name:1, dictinctin_value:1.0226433736171432, par:150)
									idx168(Q:0.3377, distinct_name:0, dictinctin_value:0.6649352976939671, par:158)
										idx176(Q:0.3377, distinct_name:2, dictinctin_value:1.8028367177150562, par:168)
											idx184(Q:0.3350, distinct_name:3, dictinctin_value:1.321083281680176, par:176)
												idx210(Q:0.3158, distinct_name:1, dictinctin_value:0.7493197611500411, par:184)
													idx224(Q:0.3135, distinct_name:2, dictinctin_value:1.1954012588052898, par:210)
														idx266(Q:0.3145, distinct_name:1, dictinctin_value:0.6035401367847275, par:224)
															idx282(Q:0.3174, distinct_name:1, dictinctin_value:0.5166827335099701, par:266)
																idx296(Q:0.3236, distinct_name:0, dictinctin_value:0.663963378246939, par:282)
																	idx308(Q:0.3216, distinct_name:0, dictinctin_value:0.6638782806630827, par:296)
																		idx322(Q:0.3198, distinct_name:2, dictinctin_value:1.1091905022156634, par:308)
																			idx332(Q:0.3240, par:322)
																			idx333(Q:0.1630, par:322)
																		idx323(Q:0.7405, par:308)
																	idx309(Q:0.7765, par:296)
																idx297(Q:0.1763, par:282)
															idx283(Q:0.2565, par:266)
														idx267(Q:0.3004, par:224)
													idx225(Q:0.3347, par:210)
												idx211(Q:0.5509, par:184)
											idx185(Q:0.4116, par:176)
										idx177(Q:0.3370, par:168)
									idx169(Q:0.5158, par:158)
								idx159(Q:0.2774, par:150)
							idx151(Q:0.4317, par:21)
					idx17(Q:0.3084, distinct_name:3, dictinctin_value:0.8871619234739136, par:14)
						idx22(Q:0.2768, distinct_name:1, dictinctin_value:0.895274831679809, par:17)
							idx28(Q:0.2619, distinct_name:3, dictinctin_value:0.4147697243292515, par:22)
								idx36(Q:0.2534, distinct_name:3, dictinctin_value:-0.009439492879810042, par:28)
									idx50(Q:0.2496, distinct_name:0, dictinctin_value:2.3121117874404824, par:36)
										idx52(Q:0.2508, distinct_name:0, dictinctin_value:1.9483716250181808, par:50)
											idx60(Q:0.2536, distinct_name:3, dictinctin_value:-0.018025248765568658, par:52)
												idx68(Q:0.2610, distinct_name:2, dictinctin_value:0.8033765660185509, par:60)
													idx88(Q:0.2660, distinct_name:2, dictinctin_value:0.6003623148969123, par:68)
														idx98(Q:0.2737, distinct_name:2, dictinctin_value:0.5329635912790776, par:88)
															idx108(Q:0.2783, distinct_name:2, dictinctin_value:0.3621996786015208, par:98)
																idx118(Q:0.2931, distinct_name:3, dictinctin_value:-0.05260374571449391, par:108)
																	idx128(Q:0.2952, distinct_name:2, dictinctin_value:0.22149263805201816, par:118)
																		idx134(Q:0.3091, distinct_name:2, dictinctin_value:0.13324256965432388, par:128)
																			idx140(Q:0.3214, par:134)
																			idx141(Q:0.1370, par:134)
																		idx135(Q:0.1451, par:128)
																	idx129(Q:0.2327, par:118)
																idx119(Q:0.1397, par:108)
															idx109(Q:0.1719, par:98)
														idx99(Q:0.1659, par:88)
													idx89(Q:0.2438, distinct_name:0, dictinctin_value:1.9001636825637473, par:68)
														idx420(Q:0.2418, distinct_name:0, dictinctin_value:1.8970534364477791, par:89)
															idx428(Q:0.2420, distinct_name:0, dictinctin_value:1.7864713255325577, par:420)
																idx434(Q:0.2438, distinct_name:0, dictinctin_value:1.7345810667045185, par:428)
																	idx440(Q:0.2412, distinct_name:0, dictinctin_value:1.7300479805066988, par:434)
																		idx446(Q:0.2418, distinct_name:0, dictinctin_value:1.6826477660222412, par:440)
																			idx452(Q:0.2394, par:446)
																			idx453(Q:0.3516, par:446)
																		idx447(Q:0.1492, par:440)
																	idx441(Q:0.3355, par:434)
																idx435(Q:0.1908, par:428)
															idx429(Q:0.2144, par:420)
														idx421(Q:0.2937, par:89)
												idx69(Q:0.1938, par:60)
											idx61(Q:0.2034, par:52)
										idx53(Q:0.1971, par:50)
									idx51(Q:0.2660, distinct_name:0, dictinctin_value:2.2255864685353126, par:36)
										idx268(Q:0.2671, distinct_name:0, dictinctin_value:1.8770234609938123, par:51)
											idx284(Q:0.2673, distinct_name:1, dictinctin_value:0.8208254329434517, par:268)
												idx298(Q:0.2693, distinct_name:0, dictinctin_value:1.7199871451158526, par:284)
													idx310(Q:0.2711, distinct_name:3, dictinctin_value:0.39481973457279324, par:298)
														idx346(Q:0.2723, distinct_name:2, dictinctin_value:2.0591657816242117, par:310)
															idx360(Q:0.2635, distinct_name:2, dictinctin_value:1.6416632040499568, par:346)
																idx374(Q:0.2626, distinct_name:0, dictinctin_value:1.6846076849979201, par:360)
																	idx386(Q:0.2628, distinct_name:2, dictinctin_value:1.5364517172370076, par:374)
																		idx400(Q:0.2619, distinct_name:2, dictinctin_value:1.321416179085615, par:386)
																			idx408(Q:0.2594, par:400)
																			idx409(Q:0.3431, par:400)
																		idx401(Q:0.2993, par:386)
																	idx387(Q:0.2383, par:374)
																idx375(Q:0.3030, par:360)
															idx361(Q:0.7383, par:346)
														idx347(Q:0.2266, par:310)
													idx311(Q:0.2142, par:298)
												idx299(Q:0.2089, par:284)
											idx285(Q:0.2635, par:268)
										idx269(Q:0.2352, par:51)
								idx37(Q:0.3035, distinct_name:1, dictinctin_value:0.7946772031835798, par:28)
									idx312(Q:0.2959, distinct_name:2, dictinctin_value:1.9378572482198, par:37)
										idx324(Q:0.2873, distinct_name:0, dictinctin_value:2.1880833067537604, par:312)
											idx334(Q:0.2880, distinct_name:0, dictinctin_value:2.1673152418059, par:324)
												idx348(Q:0.2853, distinct_name:0, dictinctin_value:2.0644684179947266, par:334)
													idx362(Q:0.2842, distinct_name:2, dictinctin_value:1.6060442338491094, par:348)
														idx376(Q:0.2747, distinct_name:0, dictinctin_value:1.8821116949330967, par:362)
															idx388(Q:0.2781, distinct_name:2, dictinctin_value:1.5867185725408008, par:376)
																idx402(Q:0.2783, distinct_name:0, dictinctin_value:1.8162737627685595, par:388)
																	idx410(Q:0.2818, distinct_name:2, dictinctin_value:1.474613989336331, par:402)
																		idx414(Q:0.2767, distinct_name:2, dictinctin_value:1.322085439542282, par:410)
																			idx422(Q:0.2768, par:414)
																			idx423(Q:0.2744, par:414)
																		idx415(Q:0.7277, par:410)
																	idx411(Q:0.1206, par:402)
																idx403(Q:0.2603, par:388)
															idx389(Q:0.1720, par:376)
														idx377(Q:0.5439, par:362)
													idx363(Q:0.3605, par:348)
												idx349(Q:0.4213, par:334)
											idx335(Q:0.2633, par:324)
										idx325(Q:0.5989, par:312)
									idx313(Q:0.4699, par:37)
							idx29(Q:0.3896, distinct_name:0, dictinctin_value:2.44084525907838, par:22)
								idx336(Q:0.3911, distinct_name:0, dictinctin_value:2.3332385876998147, par:29)
									idx350(Q:0.3925, distinct_name:2, dictinctin_value:1.313989803673234, par:336)
										idx364(Q:0.3593, distinct_name:2, dictinctin_value:1.2075088067941002, par:350)
											idx378(Q:0.3564, distinct_name:0, dictinctin_value:2.3276851139515355, par:364)
												idx390(Q:0.3553, distinct_name:2, dictinctin_value:1.1566628366759308, par:378)
													idx404(Q:0.3508, distinct_name:2, dictinctin_value:1.049026714172236, par:390)
														idx412(Q:0.3473, distinct_name:2, dictinctin_value:1.0138168631315498, par:404)
															idx418(Q:0.3442, distinct_name:0, dictinctin_value:2.3136303024689413, par:412)
																idx424(Q:0.3441, distinct_name:1, dictinctin_value:1.4142431093508798, par:418)
																	idx430(Q:0.3488, distinct_name:0, dictinctin_value:2.2572655688242222, par:424)
																		idx442(Q:0.3474, distinct_name:0, dictinctin_value:2.2507333712501807, par:430)
																			idx454(Q:0.3473, par:442)
																			idx455(Q:0.3551, par:442)
																		idx443(Q:0.5398, par:430)
																	idx431(Q:0.2157, par:424)
																idx425(Q:0.3611, par:418)
															idx419(Q:0.4918, par:412)
														idx413(Q:0.5241, par:404)
													idx405(Q:0.5763, par:390)
												idx391(Q:0.5313, par:378)
											idx379(Q:0.5828, par:364)
										idx365(Q:0.6783, par:350)
									idx351(Q:0.2661, par:336)
								idx337(Q:0.2579, par:29)
						idx23(Q:0.4652, distinct_name:0, dictinctin_value:2.1444723574903684, par:17)
							idx160(Q:0.4665, distinct_name:0, dictinctin_value:2.133798778100152, par:23)
								idx170(Q:0.4669, distinct_name:2, dictinctin_value:1.564504591409782, par:160)
									idx178(Q:0.4433, distinct_name:2, dictinctin_value:1.4113473869711974, par:170)
										idx186(Q:0.4386, distinct_name:0, dictinctin_value:2.1063540893171067, par:178)
											idx192(Q:0.4395, distinct_name:2, dictinctin_value:1.2195161175228741, par:186)
												idx200(Q:0.4333, distinct_name:0, dictinctin_value:1.9676721667093595, par:192)
													idx212(Q:0.4313, distinct_name:0, dictinctin_value:1.8926417272552991, par:200)
														idx226(Q:0.4305, distinct_name:0, dictinctin_value:1.7713311316515392, par:212)
															idx252(Q:0.4355, distinct_name:1, dictinctin_value:1.3213229930390704, par:226)
																idx270(Q:0.4294, distinct_name:0, dictinctin_value:1.7442155745503336, par:252)
																	idx300(Q:0.4274, distinct_name:0, dictinctin_value:1.3536781616204123, par:270)
																		idx392(Q:0.4283, distinct_name:0, dictinctin_value:1.2274516322533688, par:300)
																			idx416(Q:0.4320, par:392)
																			idx417(Q:0.4001, par:392)
																		idx393(Q:0.4236, par:300)
																	idx301(Q:0.6548, par:270)
																idx271(Q:0.6678, par:252)
															idx253(Q:0.3010, par:226)
														idx227(Q:0.4615, par:212)
													idx213(Q:0.5051, par:200)
												idx201(Q:0.5838, par:192)
											idx193(Q:0.3158, par:186)
										idx187(Q:0.6250, par:178)
									idx179(Q:0.8522, par:170)
								idx171(Q:0.3511, par:160)
							idx161(Q:0.4274, par:23)
				idx15(Q:0.6137, distinct_name:2, dictinctin_value:1.9938158806166744, par:9)
					idx194(Q:0.6008, distinct_name:3, dictinctin_value:2.0149638943737203, par:15)
						idx202(Q:0.5894, distinct_name:3, dictinctin_value:1.626087400144554, par:194)
							idx214(Q:0.5865, distinct_name:1, dictinctin_value:2.6727016574162166, par:202)
								idx228(Q:0.5720, distinct_name:2, dictinctin_value:1.776904010924299, par:214)
									idx240(Q:0.5667, distinct_name:2, dictinctin_value:1.4203463682180766, par:228)
										idx254(Q:0.5559, distinct_name:0, dictinctin_value:2.115573493736756, par:240)
											idx272(Q:0.5568, distinct_name:2, dictinctin_value:1.306259966260203, par:254)
												idx286(Q:0.5416, distinct_name:2, dictinctin_value:1.2529155214914378, par:272)
													idx302(Q:0.5369, distinct_name:2, dictinctin_value:0.808199081795812, par:286)
														idx314(Q:0.5108, distinct_name:2, dictinctin_value:0.7214446989843575, par:302)
															idx326(Q:0.5041, distinct_name:2, dictinctin_value:0.7041168221107604, par:314)
																idx338(Q:0.5031, distinct_name:0, dictinctin_value:2.1110030599556926, par:326)
																	idx352(Q:0.5040, distinct_name:0, dictinctin_value:2.0312710900603177, par:338)
																		idx366(Q:0.5010, distinct_name:2, dictinctin_value:0.6878681581259294, par:352)
																			idx394(Q:0.4985, par:366)
																			idx395(Q:0.7374, par:366)
																		idx367(Q:0.7833, par:352)
																	idx353(Q:0.3397, par:338)
																idx339(Q:0.6013, par:326)
															idx327(Q:0.6735, par:314)
														idx315(Q:0.8479, par:302)
													idx303(Q:0.8049, par:286)
												idx287(Q:0.8402, par:272)
											idx273(Q:0.5122, par:254)
										idx255(Q:0.7842, par:240)
									idx241(Q:0.9026, par:228)
								idx229(Q:0.8349, par:214)
							idx215(Q:0.6883, par:202)
						idx203(Q:0.9203, par:194)
					idx195(Q:0.9885, par:15)
		idx7(Q:0.3927, par:4)
	idx5(Q:0.2910, par:1)
