WARNING:tensorflow:From /Users/keithwu/opt/anaconda3/envs/auction-gym/lib/python3.10/site-packages/tensorflow/python/compat/v2_compat.py:107: disable_resource_variables (from tensorflow.python.ops.variable_scope) is deprecated and will be removed in a future version.
Instructions for updating:
non-resource variables are not supported in the long term
<_io.TextIOWrapper name='<stderr>' mode='w' encoding='utf-8'> reading from ../UTree_model_numpy/DR/model_boost_linear_qsplit_noabs_save/, starting at 71
<_io.TextIOWrapper name='<stderr>' mode='w' encoding='utf-8'> =============== update starts ===============
(average_diff:0.006176784447195194, max_diff:0.042638693214697876, training_epochs:500, lr:0.05)
<_io.TextIOWrapper name='<stderr>' mode='w' encoding='utf-8'> node index is 111
train linear regression time:  0.05353858321905136
(average_diff:0.0019269859430717795, max_diff:0.005367247741088876, training_epochs:500, lr:0.05)
<_io.TextIOWrapper name='<stderr>' mode='w' encoding='utf-8'> node index is 101
train linear regression time:  0.0560354576446116
(average_diff:0.010101485451068874, max_diff:0.035685153851710616, training_epochs:500, lr:0.05)
<_io.TextIOWrapper name='<stderr>' mode='w' encoding='utf-8'> node index is 91
train linear regression time:  0.055600457824766636
(average_diff:0.014223178127549904, max_diff:0.1617031636753665, training_epochs:500, lr:0.05)
<_io.TextIOWrapper name='<stderr>' mode='w' encoding='utf-8'> node index is 83
train linear regression time:  0.05568991741165519
(average_diff:0.015877380930151175, max_diff:0.15850101077993306, training_epochs:500, lr:0.05)
<_io.TextIOWrapper name='<stderr>' mode='w' encoding='utf-8'> node index is 77
train linear regression time:  0.055984958074986935
(average_diff:0.047208428642650825, max_diff:0.2638326210065912, training_epochs:500, lr:0.05)
<_io.TextIOWrapper name='<stderr>' mode='w' encoding='utf-8'> node index is 71
train linear regression time:  0.057622500229626894
(average_diff:0.05037017947475353, max_diff:0.1862513210138264, training_epochs:500, lr:0.05)
<_io.TextIOWrapper name='<stderr>' mode='w' encoding='utf-8'> node index is 63
train linear regression time:  0.059049457777291536
(average_diff:7.426091117965217e-06, max_diff:1.1047272159198096e-05, training_epochs:500, lr:0.05)
<_io.TextIOWrapper name='<stderr>' mode='w' encoding='utf-8'> node index is 501
train linear regression time:  0.06031058402732015
(average_diff:0.006568712167585089, max_diff:0.006834198912922251, training_epochs:500, lr:0.05)
<_io.TextIOWrapper name='<stderr>' mode='w' encoding='utf-8'> node index is 493
train linear regression time:  0.05817833263427019
(average_diff:6.730727086790012e-16, max_diff:7.91033905045424e-16, training_epochs:500, lr:0.05)
<_io.TextIOWrapper name='<stderr>' mode='w' encoding='utf-8'> node index is 485
train linear regression time:  0.055572124663740396
(average_diff:0.00514699611110217, max_diff:0.00810228086234499, training_epochs:500, lr:0.05)
<_io.TextIOWrapper name='<stderr>' mode='w' encoding='utf-8'> node index is 481
train linear regression time:  0.05583195900544524
(average_diff:2.7755575615628914e-17, max_diff:2.7755575615628914e-17, training_epochs:500, lr:0.05)
<_io.TextIOWrapper name='<stderr>' mode='w' encoding='utf-8'> node index is 475
train linear regression time:  0.05740245943889022
(average_diff:0.003383293997700397, max_diff:0.005308435856538063, training_epochs:500, lr:0.05)
<_io.TextIOWrapper name='<stderr>' mode='w' encoding='utf-8'> node index is 469
train linear regression time:  0.05614745803177357
(average_diff:3.608224830031759e-16, max_diff:7.216449660063518e-16, training_epochs:500, lr:0.05)
<_io.TextIOWrapper name='<stderr>' mode='w' encoding='utf-8'> node index is 465
train linear regression time:  0.055693000089377165
(average_diff:0.07393117845515182, max_diff:0.2886894219467535, training_epochs:500, lr:0.05)
<_io.TextIOWrapper name='<stderr>' mode='w' encoding='utf-8'> node index is 536
train linear regression time:  0.06679299985989928
(average_diff:3.3306690738754696e-16, max_diff:5.551115123125783e-16, training_epochs:500, lr:0.05)
<_io.TextIOWrapper name='<stderr>' mode='w' encoding='utf-8'> node index is 537
train linear regression time:  0.05549245793372393
(average_diff:0.004000259713020075, max_diff:0.0060248344344431826, training_epochs:500, lr:0.05)
<_io.TextIOWrapper name='<stderr>' mode='w' encoding='utf-8'> node index is 531
train linear regression time:  0.057896874845027924
(average_diff:0.000995400656128631, max_diff:0.0015549220693726884, training_epochs:500, lr:0.05)
<_io.TextIOWrapper name='<stderr>' mode='w' encoding='utf-8'> node index is 521
train linear regression time:  0.054656625259667635
(average_diff:1.249000902703301e-16, max_diff:1.249000902703301e-16, training_epochs:500, lr:0.05)
<_io.TextIOWrapper name='<stderr>' mode='w' encoding='utf-8'> node index is 511
train linear regression time:  0.056583458092063665
(average_diff:5.828670879282072e-16, max_diff:7.771561172376096e-16, training_epochs:500, lr:0.05)
<_io.TextIOWrapper name='<stderr>' mode='w' encoding='utf-8'> node index is 473
train linear regression time:  0.056719125248491764
(average_diff:2.8449465006019636e-16, max_diff:3.7470027081099033e-16, training_epochs:500, lr:0.05)
<_io.TextIOWrapper name='<stderr>' mode='w' encoding='utf-8'> node index is 471
train linear regression time:  0.05801470810547471
(average_diff:3.614426397069437e-10, max_diff:3.6897687683001834e-10, training_epochs:500, lr:0.05)
<_io.TextIOWrapper name='<stderr>' mode='w' encoding='utf-8'> node index is 467
train linear regression time:  0.05590554093942046
(average_diff:0.004277216297963705, max_diff:0.006546546156365296, training_epochs:500, lr:0.05)
<_io.TextIOWrapper name='<stderr>' mode='w' encoding='utf-8'> node index is 461
train linear regression time:  0.057150875218212605
(average_diff:0.0011152888264309296, max_diff:0.0022063258816534814, training_epochs:500, lr:0.05)
<_io.TextIOWrapper name='<stderr>' mode='w' encoding='utf-8'> node index is 457
train linear regression time:  0.05592912528663874
(average_diff:3.3306690738754696e-16, max_diff:3.3306690738754696e-16, training_epochs:500, lr:0.05)
<_io.TextIOWrapper name='<stderr>' mode='w' encoding='utf-8'> node index is 449
train linear regression time:  0.05728204222396016
(average_diff:2.5673907444456745e-16, max_diff:4.0245584642661925e-16, training_epochs:500, lr:0.05)
<_io.TextIOWrapper name='<stderr>' mode='w' encoding='utf-8'> node index is 445
train linear regression time:  0.05743137514218688
(average_diff:3.3306690738754696e-16, max_diff:4.718447854656915e-16, training_epochs:500, lr:0.05)
<_io.TextIOWrapper name='<stderr>' mode='w' encoding='utf-8'> node index is 433
train linear regression time:  0.0551127502694726
(average_diff:0.003166409379842694, max_diff:0.00469719882734948, training_epochs:500, lr:0.05)
<_io.TextIOWrapper name='<stderr>' mode='w' encoding='utf-8'> node index is 427
train linear regression time:  0.05616079084575176
(average_diff:0.09878699599148986, max_diff:0.3233436747141871, training_epochs:500, lr:0.05)
<_io.TextIOWrapper name='<stderr>' mode='w' encoding='utf-8'> node index is 31
train linear regression time:  0.06332287471741438
<_io.TextIOWrapper name='<stderr>' mode='w' encoding='utf-8'> variance test passed, diff=0.07456456736331288, d = 0, back=0
<_io.TextIOWrapper name='<stderr>' mode='w' encoding='utf-8'> Will be split, p=0.07456456736331288, d=0, back=0
(average_diff:0.099263987841419, max_diff:0.32461533619600774, training_epochs:500, lr:0.05)
<_io.TextIOWrapper name='<stderr>' mode='w' encoding='utf-8'> node index is 544
train linear regression time:  0.06401916686445475
(average_diff:5.551115123125783e-17, max_diff:5.551115123125783e-17, training_epochs:500, lr:0.05)
<_io.TextIOWrapper name='<stderr>' mode='w' encoding='utf-8'> node index is 545
train linear regression time:  0.0559860416688025
(average_diff:1.887379141862766e-15, max_diff:1.9984014443252818e-15, training_epochs:500, lr:0.05)
<_io.TextIOWrapper name='<stderr>' mode='w' encoding='utf-8'> node index is 369
train linear regression time:  0.05644379183650017
(average_diff:0.009809669471058158, max_diff:0.018896924724054465, training_epochs:500, lr:0.05)
<_io.TextIOWrapper name='<stderr>' mode='w' encoding='utf-8'> node index is 355
train linear regression time:  0.055756041780114174
(average_diff:3.949063298591682e-13, max_diff:5.63660229602192e-13, training_epochs:500, lr:0.05)
<_io.TextIOWrapper name='<stderr>' mode='w' encoding='utf-8'> node index is 341
train linear regression time:  0.06485845800489187
(average_diff:0.02210254106262709, max_diff:0.0559088692158804, training_epochs:500, lr:0.05)
<_io.TextIOWrapper name='<stderr>' mode='w' encoding='utf-8'> node index is 329
train linear regression time:  0.05737420916557312
(average_diff:0.007196542892027636, max_diff:0.012463166291026229, training_epochs:500, lr:0.05)
<_io.TextIOWrapper name='<stderr>' mode='w' encoding='utf-8'> node index is 317
train linear regression time:  0.0564672090113163
(average_diff:0.06091829068717499, max_diff:0.2194537751420245, training_epochs:500, lr:0.05)
<_io.TextIOWrapper name='<stderr>' mode='w' encoding='utf-8'> node index is 305
train linear regression time:  0.054825250059366226
(average_diff:1.339206523454095e-15, max_diff:1.3461454173580023e-15, training_epochs:500, lr:0.05)
<_io.TextIOWrapper name='<stderr>' mode='w' encoding='utf-8'> node index is 289
train linear regression time:  0.056110457982867956
(average_diff:0.0009505907909760803, max_diff:0.0018744249123807677, training_epochs:500, lr:0.05)
<_io.TextIOWrapper name='<stderr>' mode='w' encoding='utf-8'> node index is 257
train linear regression time:  0.056149750016629696
(average_diff:0.06740667189299272, max_diff:0.13933339660309169, training_epochs:500, lr:0.05)
<_io.TextIOWrapper name='<stderr>' mode='w' encoding='utf-8'> node index is 243
train linear regression time:  0.05572837498039007
(average_diff:0.022714588822506387, max_diff:0.034597290726084945, training_epochs:500, lr:0.05)
<_io.TextIOWrapper name='<stderr>' mode='w' encoding='utf-8'> node index is 231
train linear regression time:  0.053759750444442034
(average_diff:0.09590626094061222, max_diff:0.18587249560034233, training_epochs:500, lr:0.05)
<_io.TextIOWrapper name='<stderr>' mode='w' encoding='utf-8'> node index is 217
train linear regression time:  0.05685533303767443
(average_diff:0.0068613867671897906, max_diff:0.014068256491244324, training_epochs:500, lr:0.05)
<_io.TextIOWrapper name='<stderr>' mode='w' encoding='utf-8'> node index is 275
train linear regression time:  0.05591808399185538
(average_diff:0.01227564329095413, max_diff:0.02268029169577701, training_epochs:500, lr:0.05)
<_io.TextIOWrapper name='<stderr>' mode='w' encoding='utf-8'> node index is 259
train linear regression time:  0.05589062534272671
(average_diff:0.043774418587366734, max_diff:0.11193057450890542, training_epochs:500, lr:0.05)
<_io.TextIOWrapper name='<stderr>' mode='w' encoding='utf-8'> node index is 245
train linear regression time:  0.053464166354388
(average_diff:0.005491711815473617, max_diff:0.012154816642876265, training_epochs:500, lr:0.05)
<_io.TextIOWrapper name='<stderr>' mode='w' encoding='utf-8'> node index is 233
train linear regression time:  0.05549008399248123
(average_diff:1.0547118733938987e-15, max_diff:1.4432899320127035e-15, training_epochs:500, lr:0.05)
<_io.TextIOWrapper name='<stderr>' mode='w' encoding='utf-8'> node index is 219
train linear regression time:  0.05539087485522032
(average_diff:0.009175330659425123, max_diff:0.015483258461434946, training_epochs:500, lr:0.05)
<_io.TextIOWrapper name='<stderr>' mode='w' encoding='utf-8'> node index is 205
train linear regression time:  0.055429291911423206
(average_diff:0.015593929295763632, max_diff:0.04360301736545824, training_epochs:500, lr:0.05)
<_io.TextIOWrapper name='<stderr>' mode='w' encoding='utf-8'> node index is 197
train linear regression time:  0.05521579226478934
(average_diff:0.030147446229971505, max_diff:0.06427437053571605, training_epochs:500, lr:0.05)
<_io.TextIOWrapper name='<stderr>' mode='w' encoding='utf-8'> node index is 189
train linear regression time:  0.05403049988672137
(average_diff:0.018687232275833847, max_diff:0.05693604013438114, training_epochs:500, lr:0.05)
<_io.TextIOWrapper name='<stderr>' mode='w' encoding='utf-8'> node index is 181
train linear regression time:  0.05618062475696206
(average_diff:0.027581701139329638, max_diff:0.06346561750170232, training_epochs:500, lr:0.05)
<_io.TextIOWrapper name='<stderr>' mode='w' encoding='utf-8'> node index is 173
train linear regression time:  0.054935791064053774
(average_diff:0.01830042386393119, max_diff:0.04261859109063071, training_epochs:500, lr:0.05)
<_io.TextIOWrapper name='<stderr>' mode='w' encoding='utf-8'> node index is 163
train linear regression time:  0.054723499808460474
(average_diff:0.0, max_diff:0.0, training_epochs:500, lr:0.05)
<_io.TextIOWrapper name='<stderr>' mode='w' encoding='utf-8'> node index is 153
train linear regression time:  0.056892875116318464
(average_diff:7.807416419293445e-05, max_diff:0.0001497117613605825, training_epochs:500, lr:0.05)
<_io.TextIOWrapper name='<stderr>' mode='w' encoding='utf-8'> node index is 221
train linear regression time:  0.055306958965957165
(average_diff:0.11449717136981005, max_diff:0.3183614315353186, training_epochs:500, lr:0.05)
<_io.TextIOWrapper name='<stderr>' mode='w' encoding='utf-8'> node index is 207
train linear regression time:  0.057478582952171564
(average_diff:0.16376762762515476, max_diff:0.653506061022606, training_epochs:500, lr:0.05)
<_io.TextIOWrapper name='<stderr>' mode='w' encoding='utf-8'> node index is 165
train linear regression time:  0.057063665706664324
(average_diff:0.12414123616608516, max_diff:0.32964519200637243, training_epochs:500, lr:0.05)
<_io.TextIOWrapper name='<stderr>' mode='w' encoding='utf-8'> node index is 155
train linear regression time:  0.0541103333234787
(average_diff:0.1564833967005079, max_diff:0.2786857394403085, training_epochs:500, lr:0.05)
<_io.TextIOWrapper name='<stderr>' mode='w' encoding='utf-8'> node index is 149
train linear regression time:  0.05356362508609891
(average_diff:0.046061391716707145, max_diff:0.13949032978513984, training_epochs:500, lr:0.05)
<_io.TextIOWrapper name='<stderr>' mode='w' encoding='utf-8'> node index is 147
train linear regression time:  0.054004665929824114
(average_diff:0.050966315855633965, max_diff:0.16840047744147385, training_epochs:500, lr:0.05)
<_io.TextIOWrapper name='<stderr>' mode='w' encoding='utf-8'> node index is 143
train linear regression time:  0.0551194166764617
(average_diff:0.034876316030371786, max_diff:0.09064037583274054, training_epochs:500, lr:0.05)
<_io.TextIOWrapper name='<stderr>' mode='w' encoding='utf-8'> node index is 137
train linear regression time:  0.053605249617248774
(average_diff:0.046154097895705445, max_diff:0.1321752300988671, training_epochs:500, lr:0.05)
<_io.TextIOWrapper name='<stderr>' mode='w' encoding='utf-8'> node index is 131
train linear regression time:  0.05712587479501963
(average_diff:0.029501623395424163, max_diff:0.06736669989129146, training_epochs:500, lr:0.05)
<_io.TextIOWrapper name='<stderr>' mode='w' encoding='utf-8'> node index is 123
train linear regression time:  0.054928625002503395
(average_diff:0.03450237276961985, max_diff:0.09260199278189629, training_epochs:500, lr:0.05)
<_io.TextIOWrapper name='<stderr>' mode='w' encoding='utf-8'> node index is 113
train linear regression time:  0.05426216637715697
(average_diff:0.09342449104372871, max_diff:0.3677958050212714, training_epochs:500, lr:0.05)
<_io.TextIOWrapper name='<stderr>' mode='w' encoding='utf-8'> node index is 103
train linear regression time:  0.05422158306464553
(average_diff:0.04861073930344116, max_diff:0.1600870921948475, training_epochs:500, lr:0.05)
<_io.TextIOWrapper name='<stderr>' mode='w' encoding='utf-8'> node index is 93
train linear regression time:  0.0531243747100234
(average_diff:0.023966146288358907, max_diff:0.07138628593234217, training_epochs:500, lr:0.05)
<_io.TextIOWrapper name='<stderr>' mode='w' encoding='utf-8'> node index is 139
train linear regression time:  0.05222320882603526
(average_diff:0.0679127489917058, max_diff:0.21756021168259326, training_epochs:500, lr:0.05)
<_io.TextIOWrapper name='<stderr>' mode='w' encoding='utf-8'> node index is 133
train linear regression time:  0.057498457841575146
(average_diff:0.025260209892282854, max_diff:0.050701315180192524, training_epochs:500, lr:0.05)
<_io.TextIOWrapper name='<stderr>' mode='w' encoding='utf-8'> node index is 125
train linear regression time:  0.05812579207122326
(average_diff:0.07257953938221817, max_diff:0.24902222048708839, training_epochs:500, lr:0.05)
<_io.TextIOWrapper name='<stderr>' mode='w' encoding='utf-8'> node index is 115
train linear regression time:  0.05750241642817855
(average_diff:0.07859287100520666, max_diff:0.29117944111887806, training_epochs:500, lr:0.05)
<_io.TextIOWrapper name='<stderr>' mode='w' encoding='utf-8'> node index is 105
train linear regression time:  0.055677332915365696
(average_diff:0.05788071320590852, max_diff:0.2175104882908514, training_epochs:500, lr:0.05)
<_io.TextIOWrapper name='<stderr>' mode='w' encoding='utf-8'> node index is 95
train linear regression time:  0.05677637504413724
(average_diff:0.07215129282747682, max_diff:0.14852979887508075, training_epochs:500, lr:0.05)
<_io.TextIOWrapper name='<stderr>' mode='w' encoding='utf-8'> node index is 85
train linear regression time:  0.05547500029206276
(average_diff:0.0741004326310284, max_diff:0.2468485781885264, training_epochs:500, lr:0.05)
<_io.TextIOWrapper name='<stderr>' mode='w' encoding='utf-8'> node index is 79
train linear regression time:  0.05651083402335644
(average_diff:0.10980764610564565, max_diff:0.4250210262564287, training_epochs:500, lr:0.05)
<_io.TextIOWrapper name='<stderr>' mode='w' encoding='utf-8'> node index is 73
train linear regression time:  0.05355879198759794
(average_diff:0.08056650177650693, max_diff:0.37612177966846133, training_epochs:500, lr:0.05)
<_io.TextIOWrapper name='<stderr>' mode='w' encoding='utf-8'> node index is 65
train linear regression time:  0.05370591580867767
(average_diff:0.08083037966801156, max_diff:0.4134270508184549, training_epochs:500, lr:0.05)
<_io.TextIOWrapper name='<stderr>' mode='w' encoding='utf-8'> node index is 538
train linear regression time:  0.05886950017884374
(average_diff:0.008982112554152988, max_diff:0.00911096821707813, training_epochs:500, lr:0.05)
<_io.TextIOWrapper name='<stderr>' mode='w' encoding='utf-8'> node index is 539
train linear regression time:  0.052928542252629995
(average_diff:6.902423077548292e-12, max_diff:7.453926365030838e-12, training_epochs:500, lr:0.05)
<_io.TextIOWrapper name='<stderr>' mode='w' encoding='utf-8'> node index is 523
train linear regression time:  0.05334674986079335
(average_diff:1.942890293094024e-16, max_diff:1.942890293094024e-16, training_epochs:500, lr:0.05)
<_io.TextIOWrapper name='<stderr>' mode='w' encoding='utf-8'> node index is 513
train linear regression time:  0.05221870867535472
(average_diff:0.0, max_diff:0.0, training_epochs:500, lr:0.05)
<_io.TextIOWrapper name='<stderr>' mode='w' encoding='utf-8'> node index is 505
train linear regression time:  0.053356957621872425
(average_diff:5.42745384320605e-07, max_diff:7.98610393981658e-07, training_epochs:500, lr:0.05)
<_io.TextIOWrapper name='<stderr>' mode='w' encoding='utf-8'> node index is 495
train linear regression time:  0.05301924981176853
(average_diff:0.011194287338567348, max_diff:0.014138617819212038, training_epochs:500, lr:0.05)
<_io.TextIOWrapper name='<stderr>' mode='w' encoding='utf-8'> node index is 487
train linear regression time:  0.05394912511110306
(average_diff:0.08621295215873942, max_diff:0.5895458828159789, training_epochs:500, lr:0.05)
<_io.TextIOWrapper name='<stderr>' mode='w' encoding='utf-8'> node index is 47
train linear regression time:  0.05946204112842679
(average_diff:2.8523393142317516e-07, max_diff:4.583152917875255e-07, training_epochs:500, lr:0.05)
<_io.TextIOWrapper name='<stderr>' mode='w' encoding='utf-8'> node index is 397
train linear regression time:  0.051842208951711655
(average_diff:0.025271281399437392, max_diff:0.05139179117355891, training_epochs:500, lr:0.05)
<_io.TextIOWrapper name='<stderr>' mode='w' encoding='utf-8'> node index is 383
train linear regression time:  0.051708958111703396
(average_diff:1.1102230246251565e-16, max_diff:1.1102230246251565e-16, training_epochs:500, lr:0.05)
<_io.TextIOWrapper name='<stderr>' mode='w' encoding='utf-8'> node index is 371
train linear regression time:  0.053693666122853756
(average_diff:0.19112478386419404, max_diff:0.48541082672003943, training_epochs:500, lr:0.05)
<_io.TextIOWrapper name='<stderr>' mode='w' encoding='utf-8'> node index is 357
train linear regression time:  0.05556716676801443
(average_diff:0.10763204793776317, max_diff:0.20898030612637952, training_epochs:500, lr:0.05)
<_io.TextIOWrapper name='<stderr>' mode='w' encoding='utf-8'> node index is 343
train linear regression time:  0.056705208029598
(average_diff:1.2952601953960159e-15, max_diff:1.887379141862766e-15, training_epochs:500, lr:0.05)
<_io.TextIOWrapper name='<stderr>' mode='w' encoding='utf-8'> node index is 331
train linear regression time:  0.05836287513375282
(average_diff:0.007347449203059742, max_diff:0.014527308863002908, training_epochs:500, lr:0.05)
<_io.TextIOWrapper name='<stderr>' mode='w' encoding='utf-8'> node index is 319
train linear regression time:  0.06096829101443291
(average_diff:0.1659526480695335, max_diff:0.4507914881364109, training_epochs:500, lr:0.05)
<_io.TextIOWrapper name='<stderr>' mode='w' encoding='utf-8'> node index is 307
train linear regression time:  0.05840691598132253
(average_diff:6.106226635438361e-16, max_diff:6.661338147750939e-16, training_epochs:500, lr:0.05)
<_io.TextIOWrapper name='<stderr>' mode='w' encoding='utf-8'> node index is 293
train linear regression time:  0.05803491687402129
(average_diff:0.008244050817002435, max_diff:0.01844065214453494, training_epochs:500, lr:0.05)
<_io.TextIOWrapper name='<stderr>' mode='w' encoding='utf-8'> node index is 277
train linear regression time:  0.05916441697627306
(average_diff:0.012654013604987933, max_diff:0.025710504276817897, training_epochs:500, lr:0.05)
<_io.TextIOWrapper name='<stderr>' mode='w' encoding='utf-8'> node index is 261
train linear regression time:  0.05930924974381924
(average_diff:0.1011912102164195, max_diff:0.19068125087774623, training_epochs:500, lr:0.05)
<_io.TextIOWrapper name='<stderr>' mode='w' encoding='utf-8'> node index is 247
train linear regression time:  0.05870679207146168
(average_diff:5.551115123125783e-17, max_diff:5.551115123125783e-17, training_epochs:500, lr:0.05)
<_io.TextIOWrapper name='<stderr>' mode='w' encoding='utf-8'> node index is 533
train linear regression time:  0.05742391711100936
(average_diff:0.01199318802802792, max_diff:0.018049208134056527, training_epochs:500, lr:0.05)
<_io.TextIOWrapper name='<stderr>' mode='w' encoding='utf-8'> node index is 525
train linear regression time:  0.05504050012677908
(average_diff:6.849670780573192e-08, max_diff:7.486603159634342e-08, training_epochs:500, lr:0.05)
<_io.TextIOWrapper name='<stderr>' mode='w' encoding='utf-8'> node index is 515
train linear regression time:  0.05891662510111928
(average_diff:6.938893903907228e-17, max_diff:6.938893903907228e-17, training_epochs:500, lr:0.05)
<_io.TextIOWrapper name='<stderr>' mode='w' encoding='utf-8'> node index is 503
train linear regression time:  0.05830308282747865
(average_diff:0.000811132311800189, max_diff:0.0012184390133571643, training_epochs:500, lr:0.05)
<_io.TextIOWrapper name='<stderr>' mode='w' encoding='utf-8'> node index is 497
train linear regression time:  0.05603924999013543
(average_diff:2.7755575615628914e-17, max_diff:2.7755575615628914e-17, training_epochs:500, lr:0.05)
<_io.TextIOWrapper name='<stderr>' mode='w' encoding='utf-8'> node index is 489
train linear regression time:  0.05606325017288327
(average_diff:0.0, max_diff:0.0, training_epochs:500, lr:0.05)
<_io.TextIOWrapper name='<stderr>' mode='w' encoding='utf-8'> node index is 483
train linear regression time:  0.054918082896620035
(average_diff:5.551115123125783e-17, max_diff:5.551115123125783e-17, training_epochs:500, lr:0.05)
<_io.TextIOWrapper name='<stderr>' mode='w' encoding='utf-8'> node index is 479
train linear regression time:  0.05443283310160041
(average_diff:5.441201039106207e-06, max_diff:8.609661029446158e-06, training_epochs:500, lr:0.05)
<_io.TextIOWrapper name='<stderr>' mode='w' encoding='utf-8'> node index is 463
train linear regression time:  0.055702416226267815
(average_diff:0.0001827922659442723, max_diff:0.00027926006260192704, training_epochs:500, lr:0.05)
<_io.TextIOWrapper name='<stderr>' mode='w' encoding='utf-8'> node index is 459
train linear regression time:  0.05638625007122755
(average_diff:4.996003610813204e-16, max_diff:5.551115123125783e-16, training_epochs:500, lr:0.05)
<_io.TextIOWrapper name='<stderr>' mode='w' encoding='utf-8'> node index is 451
train linear regression time:  0.05689266696572304
(average_diff:1.1102230246251565e-16, max_diff:1.1102230246251565e-16, training_epochs:500, lr:0.05)
<_io.TextIOWrapper name='<stderr>' mode='w' encoding='utf-8'> node index is 439
train linear regression time:  0.05458129197359085
(average_diff:3.829959532852811e-05, max_diff:7.729395133937444e-05, training_epochs:500, lr:0.05)
<_io.TextIOWrapper name='<stderr>' mode='w' encoding='utf-8'> node index is 437
train linear regression time:  0.05345058301463723
(average_diff:0.03172556499789346, max_diff:0.06572342141506475, training_epochs:500, lr:0.05)
<_io.TextIOWrapper name='<stderr>' mode='w' encoding='utf-8'> node index is 117
train linear regression time:  0.05509600043296814
(average_diff:0.02213465962746878, max_diff:0.06428506288548315, training_epochs:500, lr:0.05)
<_io.TextIOWrapper name='<stderr>' mode='w' encoding='utf-8'> node index is 107
train linear regression time:  0.05239650001749396
(average_diff:0.04114950310254384, max_diff:0.1344484559785118, training_epochs:500, lr:0.05)
<_io.TextIOWrapper name='<stderr>' mode='w' encoding='utf-8'> node index is 97
train linear regression time:  0.052002249751240015
(average_diff:0.060007638342385844, max_diff:0.16296907999190025, training_epochs:500, lr:0.05)
<_io.TextIOWrapper name='<stderr>' mode='w' encoding='utf-8'> node index is 87
train linear regression time:  0.053940458223223686
(average_diff:0.06253961974812397, max_diff:0.30459980396979985, training_epochs:500, lr:0.05)
<_io.TextIOWrapper name='<stderr>' mode='w' encoding='utf-8'> node index is 81
train linear regression time:  0.05306054186075926
(average_diff:0.07366205055807407, max_diff:0.2945448433671236, training_epochs:500, lr:0.05)
<_io.TextIOWrapper name='<stderr>' mode='w' encoding='utf-8'> node index is 75
train linear regression time:  0.05402091704308987
(average_diff:0.09593483212477409, max_diff:0.3267282516458285, training_epochs:500, lr:0.05)
<_io.TextIOWrapper name='<stderr>' mode='w' encoding='utf-8'> node index is 526
train linear regression time:  0.05907458299770951
<_io.TextIOWrapper name='<stderr>' mode='w' encoding='utf-8'> variance test passed, diff=0.012806329286459292, d = 1, back=0
<_io.TextIOWrapper name='<stderr>' mode='w' encoding='utf-8'> Will be split, p=0.012806329286459292, d=1, back=0
(average_diff:0.08469404453713106, max_diff:0.28765459360113893, training_epochs:500, lr:0.05)
<_io.TextIOWrapper name='<stderr>' mode='w' encoding='utf-8'> node index is 546
train linear regression time:  0.06429345905780792
(average_diff:0.013154778691060498, max_diff:0.028496744618110137, training_epochs:500, lr:0.05)
<_io.TextIOWrapper name='<stderr>' mode='w' encoding='utf-8'> node index is 547
train linear regression time:  0.05548091605305672
(average_diff:1.1102230246251565e-16, max_diff:1.1102230246251565e-16, training_epochs:500, lr:0.05)
<_io.TextIOWrapper name='<stderr>' mode='w' encoding='utf-8'> node index is 527
train linear regression time:  0.05617858376353979
(average_diff:5.551115123125783e-17, max_diff:5.551115123125783e-17, training_epochs:500, lr:0.05)
<_io.TextIOWrapper name='<stderr>' mode='w' encoding='utf-8'> node index is 507
train linear regression time:  0.05405199993401766
(average_diff:0.16615738286147796, max_diff:0.5772084916953188, training_epochs:500, lr:0.05)
<_io.TextIOWrapper name='<stderr>' mode='w' encoding='utf-8'> node index is 59
train linear regression time:  0.0549364173784852
(average_diff:0.09595716167066082, max_diff:0.3295327260574781, training_epochs:500, lr:0.05)
<_io.TextIOWrapper name='<stderr>' mode='w' encoding='utf-8'> node index is 49
train linear regression time:  0.05623133294284344
(average_diff:0.16160942585931629, max_diff:0.626855837369349, training_epochs:500, lr:0.05)
<_io.TextIOWrapper name='<stderr>' mode='w' encoding='utf-8'> node index is 542
train linear regression time:  0.060442791786044836
(average_diff:1.6653345369377348e-16, max_diff:1.6653345369377348e-16, training_epochs:500, lr:0.05)
<_io.TextIOWrapper name='<stderr>' mode='w' encoding='utf-8'> node index is 543
train linear regression time:  0.05673333304002881
(average_diff:2.814248833971078e-12, max_diff:2.8189117706745037e-12, training_epochs:500, lr:0.05)
<_io.TextIOWrapper name='<stderr>' mode='w' encoding='utf-8'> node index is 535
train linear regression time:  0.054295540787279606
(average_diff:8.326672684688674e-17, max_diff:1.1102230246251565e-16, training_epochs:500, lr:0.05)
<_io.TextIOWrapper name='<stderr>' mode='w' encoding='utf-8'> node index is 529
train linear regression time:  0.055174707900732756
(average_diff:1.1102230246251565e-16, max_diff:1.1102230246251565e-16, training_epochs:500, lr:0.05)
<_io.TextIOWrapper name='<stderr>' mode='w' encoding='utf-8'> node index is 517
train linear regression time:  0.05739625031128526
(average_diff:7.062133540458593e-06, max_diff:7.272573428918072e-06, training_epochs:500, lr:0.05)
<_io.TextIOWrapper name='<stderr>' mode='w' encoding='utf-8'> node index is 509
train linear regression time:  0.05512416688725352
(average_diff:0.0, max_diff:0.0, training_epochs:500, lr:0.05)
<_io.TextIOWrapper name='<stderr>' mode='w' encoding='utf-8'> node index is 499
train linear regression time:  0.053027375135570765
(average_diff:0.006072699817824767, max_diff:0.009662953921217077, training_epochs:500, lr:0.05)
<_io.TextIOWrapper name='<stderr>' mode='w' encoding='utf-8'> node index is 491
train linear regression time:  0.05234633293002844
(average_diff:0.00041716480982515944, max_diff:0.0008178947029028882, training_epochs:500, lr:0.05)
<_io.TextIOWrapper name='<stderr>' mode='w' encoding='utf-8'> node index is 385
train linear regression time:  0.05433791736140847
(average_diff:1.2490009027033011e-15, max_diff:1.5126788710517758e-15, training_epochs:500, lr:0.05)
<_io.TextIOWrapper name='<stderr>' mode='w' encoding='utf-8'> node index is 373
train linear regression time:  0.05348979216068983
(average_diff:0.0, max_diff:0.0, training_epochs:500, lr:0.05)
<_io.TextIOWrapper name='<stderr>' mode='w' encoding='utf-8'> node index is 359
train linear regression time:  0.055012582801282406
(average_diff:0.07170088543857116, max_diff:0.21560565867447007, training_epochs:500, lr:0.05)
<_io.TextIOWrapper name='<stderr>' mode='w' encoding='utf-8'> node index is 345
train linear regression time:  0.05436058295890689
(average_diff:0.06340637553373826, max_diff:0.0949649521371958, training_epochs:500, lr:0.05)
<_io.TextIOWrapper name='<stderr>' mode='w' encoding='utf-8'> node index is 321
train linear regression time:  0.05316108278930187
(average_diff:0.04989868968541768, max_diff:0.12844224058192016, training_epochs:500, lr:0.05)
<_io.TextIOWrapper name='<stderr>' mode='w' encoding='utf-8'> node index is 295
train linear regression time:  0.05403479188680649
(average_diff:0.10293686957287365, max_diff:0.1712556050131221, training_epochs:500, lr:0.05)
<_io.TextIOWrapper name='<stderr>' mode='w' encoding='utf-8'> node index is 279
train linear regression time:  0.05200149957090616
(average_diff:4.163336342344337e-17, max_diff:8.326672684688674e-17, training_epochs:500, lr:0.05)
<_io.TextIOWrapper name='<stderr>' mode='w' encoding='utf-8'> node index is 263
train linear regression time:  0.053033582866191864
(average_diff:0.015383589085885893, max_diff:0.03332667607847495, training_epochs:500, lr:0.05)
<_io.TextIOWrapper name='<stderr>' mode='w' encoding='utf-8'> node index is 249
train linear regression time:  0.05144916707649827
(average_diff:0.05886815386289992, max_diff:0.10322752270333602, training_epochs:500, lr:0.05)
<_io.TextIOWrapper name='<stderr>' mode='w' encoding='utf-8'> node index is 237
train linear regression time:  0.05214179074391723
(average_diff:1.6583956430338276e-15, max_diff:2.886579864025407e-15, training_epochs:500, lr:0.05)
<_io.TextIOWrapper name='<stderr>' mode='w' encoding='utf-8'> node index is 265
train linear regression time:  0.0529506248421967
(average_diff:8.326672684688674e-17, max_diff:1.1102230246251565e-16, training_epochs:500, lr:0.05)
<_io.TextIOWrapper name='<stderr>' mode='w' encoding='utf-8'> node index is 251
train linear regression time:  0.05106954090297222
(average_diff:0.08808352008829338, max_diff:0.33405424387059013, training_epochs:500, lr:0.05)
<_io.TextIOWrapper name='<stderr>' mode='w' encoding='utf-8'> node index is 239
train linear regression time:  0.0528960837982595
(average_diff:0.07286906775090396, max_diff:0.12556928317167604, training_epochs:500, lr:0.05)
<_io.TextIOWrapper name='<stderr>' mode='w' encoding='utf-8'> node index is 223
train linear regression time:  0.053323375061154366
(average_diff:0.013518157420101188, max_diff:0.027728147994065255, training_epochs:500, lr:0.05)
<_io.TextIOWrapper name='<stderr>' mode='w' encoding='utf-8'> node index is 209
train linear regression time:  0.05287979217246175
(average_diff:0.03313755543174309, max_diff:0.05375902193226867, training_epochs:500, lr:0.05)
<_io.TextIOWrapper name='<stderr>' mode='w' encoding='utf-8'> node index is 199
train linear regression time:  0.05471333395689726
(average_diff:0.08110591965819887, max_diff:0.20863916733436452, training_epochs:500, lr:0.05)
<_io.TextIOWrapper name='<stderr>' mode='w' encoding='utf-8'> node index is 191
train linear regression time:  0.05204462492838502
(average_diff:0.04774221173965138, max_diff:0.11252586429598851, training_epochs:500, lr:0.05)
<_io.TextIOWrapper name='<stderr>' mode='w' encoding='utf-8'> node index is 183
train linear regression time:  0.05261637503281236
(average_diff:0.10276969411046993, max_diff:0.2184129095506746, training_epochs:500, lr:0.05)
<_io.TextIOWrapper name='<stderr>' mode='w' encoding='utf-8'> node index is 175
train linear regression time:  0.053799707908183336
(average_diff:0.09998392725231009, max_diff:0.23610124344570615, training_epochs:500, lr:0.05)
<_io.TextIOWrapper name='<stderr>' mode='w' encoding='utf-8'> node index is 167
train linear regression time:  0.05280858324840665
(average_diff:0.062038952825867404, max_diff:0.14497014472566983, training_epochs:500, lr:0.05)
<_io.TextIOWrapper name='<stderr>' mode='w' encoding='utf-8'> node index is 157
train linear regression time:  0.052120374981313944
(average_diff:0.0, max_diff:0.0, training_epochs:500, lr:0.05)
<_io.TextIOWrapper name='<stderr>' mode='w' encoding='utf-8'> node index is 323
train linear regression time:  0.050950916949659586
(average_diff:1.1102230246251565e-16, max_diff:1.1102230246251565e-16, training_epochs:500, lr:0.05)
<_io.TextIOWrapper name='<stderr>' mode='w' encoding='utf-8'> node index is 309
train linear regression time:  0.05401208298280835
(average_diff:0.07810514394546031, max_diff:0.18011641525931343, training_epochs:500, lr:0.05)
<_io.TextIOWrapper name='<stderr>' mode='w' encoding='utf-8'> node index is 297
train linear regression time:  0.05226758308708668
(average_diff:0.13868237246930118, max_diff:0.23487071034896018, training_epochs:500, lr:0.05)
<_io.TextIOWrapper name='<stderr>' mode='w' encoding='utf-8'> node index is 283
train linear regression time:  0.05265620769932866
(average_diff:0.06910376683267357, max_diff:0.1950062260716571, training_epochs:500, lr:0.05)
<_io.TextIOWrapper name='<stderr>' mode='w' encoding='utf-8'> node index is 267
train linear regression time:  0.05247825011610985
(average_diff:0.1621062807350739, max_diff:0.5600605509023312, training_epochs:500, lr:0.05)
<_io.TextIOWrapper name='<stderr>' mode='w' encoding='utf-8'> node index is 225
train linear regression time:  0.05242433259263635
(average_diff:0.21470909317806455, max_diff:0.41834219349622337, training_epochs:500, lr:0.05)
<_io.TextIOWrapper name='<stderr>' mode='w' encoding='utf-8'> node index is 211
train linear regression time:  0.053686791099607944
(average_diff:0.12962962379940354, max_diff:0.29837176268088467, training_epochs:500, lr:0.05)
<_io.TextIOWrapper name='<stderr>' mode='w' encoding='utf-8'> node index is 185
train linear regression time:  0.0516489171423018
(average_diff:0.14566123758488198, max_diff:0.4636123562296115, training_epochs:500, lr:0.05)
<_io.TextIOWrapper name='<stderr>' mode='w' encoding='utf-8'> node index is 177
train linear regression time:  0.052693957928568125
(average_diff:0.16003450717644438, max_diff:0.3978747139991271, training_epochs:500, lr:0.05)
<_io.TextIOWrapper name='<stderr>' mode='w' encoding='utf-8'> node index is 169
train linear regression time:  0.05313033377751708
(average_diff:0.0, max_diff:0.0, training_epochs:500, lr:0.05)
<_io.TextIOWrapper name='<stderr>' mode='w' encoding='utf-8'> node index is 159
train linear regression time:  0.0528393336571753
(average_diff:0.11475723688035444, max_diff:0.2263656998316167, training_epochs:500, lr:0.05)
<_io.TextIOWrapper name='<stderr>' mode='w' encoding='utf-8'> node index is 151
train linear regression time:  0.05263166595250368
(average_diff:0.03954125079389866, max_diff:0.09204910835395949, training_epochs:500, lr:0.05)
<_io.TextIOWrapper name='<stderr>' mode='w' encoding='utf-8'> node index is 135
train linear regression time:  0.053784457966685295
(average_diff:0.051204518406522424, max_diff:0.10481896760354903, training_epochs:500, lr:0.05)
<_io.TextIOWrapper name='<stderr>' mode='w' encoding='utf-8'> node index is 129
train linear regression time:  0.056081166956573725
(average_diff:0.030264117292440284, max_diff:0.10934900312018059, training_epochs:500, lr:0.05)
<_io.TextIOWrapper name='<stderr>' mode='w' encoding='utf-8'> node index is 119
train linear regression time:  0.05219195783138275
(average_diff:0.038728813204901506, max_diff:0.10431078902021051, training_epochs:500, lr:0.05)
<_io.TextIOWrapper name='<stderr>' mode='w' encoding='utf-8'> node index is 109
train linear regression time:  0.05272966576740146
(average_diff:0.042589759216028276, max_diff:0.1868672389804396, training_epochs:500, lr:0.05)
<_io.TextIOWrapper name='<stderr>' mode='w' encoding='utf-8'> node index is 99
train linear regression time:  0.0523540829308331
(average_diff:2.7755575615628914e-17, max_diff:2.7755575615628914e-17, training_epochs:500, lr:0.05)
<_io.TextIOWrapper name='<stderr>' mode='w' encoding='utf-8'> node index is 447
train linear regression time:  0.05052554188296199
(average_diff:5.376086659181212e-10, max_diff:7.330768214686145e-10, training_epochs:500, lr:0.05)
<_io.TextIOWrapper name='<stderr>' mode='w' encoding='utf-8'> node index is 441
train linear regression time:  0.05326466681435704
(average_diff:0.01690288781649782, max_diff:0.029730374196397208, training_epochs:500, lr:0.05)
<_io.TextIOWrapper name='<stderr>' mode='w' encoding='utf-8'> node index is 435
train linear regression time:  0.05192870832979679
(average_diff:5.551115123125783e-17, max_diff:5.551115123125783e-17, training_epochs:500, lr:0.05)
<_io.TextIOWrapper name='<stderr>' mode='w' encoding='utf-8'> node index is 429
train linear regression time:  0.05227504204958677
(average_diff:8.180445210115295e-11, max_diff:1.2215067846099714e-10, training_epochs:500, lr:0.05)
<_io.TextIOWrapper name='<stderr>' mode='w' encoding='utf-8'> node index is 421
train linear regression time:  0.05265995766967535
(average_diff:0.006574830088220397, max_diff:0.16940122848809297, training_epochs:500, lr:0.05)
<_io.TextIOWrapper name='<stderr>' mode='w' encoding='utf-8'> node index is 69
train linear regression time:  0.05352066596969962
(average_diff:0.07246490886440463, max_diff:0.23200401083482275, training_epochs:500, lr:0.05)
<_io.TextIOWrapper name='<stderr>' mode='w' encoding='utf-8'> node index is 61
train linear regression time:  0.053629249799996614
(average_diff:0.10493606117170917, max_diff:0.43244982595013015, training_epochs:500, lr:0.05)
<_io.TextIOWrapper name='<stderr>' mode='w' encoding='utf-8'> node index is 53
train linear regression time:  0.05111349979415536
(average_diff:0.019098401066543463, max_diff:0.04265209624438998, training_epochs:500, lr:0.05)
<_io.TextIOWrapper name='<stderr>' mode='w' encoding='utf-8'> node index is 401
train linear regression time:  0.05252495873719454
(average_diff:0.0, max_diff:0.0, training_epochs:500, lr:0.05)
<_io.TextIOWrapper name='<stderr>' mode='w' encoding='utf-8'> node index is 387
train linear regression time:  0.052359540946781635
(average_diff:2.2292671891202542e-05, max_diff:3.352260460465217e-05, training_epochs:500, lr:0.05)
<_io.TextIOWrapper name='<stderr>' mode='w' encoding='utf-8'> node index is 375
train linear regression time:  0.05174379190430045
(average_diff:0.00021942553481943405, max_diff:0.0003248187514693912, training_epochs:500, lr:0.05)
<_io.TextIOWrapper name='<stderr>' mode='w' encoding='utf-8'> node index is 361
train linear regression time:  0.05454704165458679
(average_diff:0.017930305942503777, max_diff:0.038475091254878635, training_epochs:500, lr:0.05)
<_io.TextIOWrapper name='<stderr>' mode='w' encoding='utf-8'> node index is 347
train linear regression time:  0.053329582791775465
(average_diff:0.09443870644360541, max_diff:0.16927806958260866, training_epochs:500, lr:0.05)
<_io.TextIOWrapper name='<stderr>' mode='w' encoding='utf-8'> node index is 311
train linear regression time:  0.05412700027227402
(average_diff:0.0156678048374654, max_diff:0.022390487894089692, training_epochs:500, lr:0.05)
<_io.TextIOWrapper name='<stderr>' mode='w' encoding='utf-8'> node index is 299
train linear regression time:  0.05304324999451637
(average_diff:0.12502055556640457, max_diff:0.33844847397647704, training_epochs:500, lr:0.05)
<_io.TextIOWrapper name='<stderr>' mode='w' encoding='utf-8'> node index is 285
train linear regression time:  0.05351174995303154
(average_diff:0.014943572526578384, max_diff:0.02484814732239843, training_epochs:500, lr:0.05)
<_io.TextIOWrapper name='<stderr>' mode='w' encoding='utf-8'> node index is 269
train linear regression time:  0.05157920904457569
(average_diff:9.488411267799535e-08, max_diff:9.809983747555151e-08, training_epochs:500, lr:0.05)
<_io.TextIOWrapper name='<stderr>' mode='w' encoding='utf-8'> node index is 415
train linear regression time:  0.05267175007611513
(average_diff:0.003510762136431228, max_diff:0.005097152787717246, training_epochs:500, lr:0.05)
<_io.TextIOWrapper name='<stderr>' mode='w' encoding='utf-8'> node index is 411
train linear regression time:  0.055486165918409824
(average_diff:2.3592239273284576e-16, max_diff:2.7755575615628914e-16, training_epochs:500, lr:0.05)
<_io.TextIOWrapper name='<stderr>' mode='w' encoding='utf-8'> node index is 403
train linear regression time:  0.051840790547430515
(average_diff:0.02442974651978364, max_diff:0.06107286061930314, training_epochs:500, lr:0.05)
<_io.TextIOWrapper name='<stderr>' mode='w' encoding='utf-8'> node index is 389
train linear regression time:  0.05310216685757041
(average_diff:0.02086502815088435, max_diff:0.04782233516802864, training_epochs:500, lr:0.05)
<_io.TextIOWrapper name='<stderr>' mode='w' encoding='utf-8'> node index is 377
train linear regression time:  0.055291791912168264
(average_diff:0.0033321431330992635, max_diff:0.0050165798896731895, training_epochs:500, lr:0.05)
<_io.TextIOWrapper name='<stderr>' mode='w' encoding='utf-8'> node index is 363
train linear regression time:  0.052945374976843596
(average_diff:0.0055081265647998435, max_diff:0.008167456562813313, training_epochs:500, lr:0.05)
<_io.TextIOWrapper name='<stderr>' mode='w' encoding='utf-8'> node index is 349
train linear regression time:  0.05522616719827056
(average_diff:0.04939122939189486, max_diff:0.0921214344218701, training_epochs:500, lr:0.05)
<_io.TextIOWrapper name='<stderr>' mode='w' encoding='utf-8'> node index is 335
train linear regression time:  0.0538379168137908
(average_diff:0.0025143223904594393, max_diff:0.00475541000067925, training_epochs:500, lr:0.05)
<_io.TextIOWrapper name='<stderr>' mode='w' encoding='utf-8'> node index is 325
train linear regression time:  0.05281441705301404
(average_diff:0.09239468391966543, max_diff:0.21095120423131375, training_epochs:500, lr:0.05)
<_io.TextIOWrapper name='<stderr>' mode='w' encoding='utf-8'> node index is 313
train linear regression time:  0.05353529192507267
(average_diff:0.0, max_diff:0.0, training_epochs:500, lr:0.05)
<_io.TextIOWrapper name='<stderr>' mode='w' encoding='utf-8'> node index is 443
train linear regression time:  0.05481587490066886
(average_diff:0.01751340932985956, max_diff:0.03315126962244408, training_epochs:500, lr:0.05)
<_io.TextIOWrapper name='<stderr>' mode='w' encoding='utf-8'> node index is 431
train linear regression time:  0.05448066629469395
(average_diff:5.551115123125783e-17, max_diff:5.551115123125783e-17, training_epochs:500, lr:0.05)
<_io.TextIOWrapper name='<stderr>' mode='w' encoding='utf-8'> node index is 425
train linear regression time:  0.05384758301079273
(average_diff:4.712048786044883e-05, max_diff:6.9031694180266e-05, training_epochs:500, lr:0.05)
<_io.TextIOWrapper name='<stderr>' mode='w' encoding='utf-8'> node index is 419
train linear regression time:  0.053542500361800194
(average_diff:3.834829640688338e-07, max_diff:5.753980447109619e-07, training_epochs:500, lr:0.05)
<_io.TextIOWrapper name='<stderr>' mode='w' encoding='utf-8'> node index is 413
train linear regression time:  0.05292608309537172
(average_diff:3.3306690738754696e-16, max_diff:3.3306690738754696e-16, training_epochs:500, lr:0.05)
<_io.TextIOWrapper name='<stderr>' mode='w' encoding='utf-8'> node index is 405
train linear regression time:  0.05624420801177621
(average_diff:1.1102230246251565e-16, max_diff:1.1102230246251565e-16, training_epochs:500, lr:0.05)
<_io.TextIOWrapper name='<stderr>' mode='w' encoding='utf-8'> node index is 391
train linear regression time:  0.05488637508824468
(average_diff:2.220446049250313e-16, max_diff:2.220446049250313e-16, training_epochs:500, lr:0.05)
<_io.TextIOWrapper name='<stderr>' mode='w' encoding='utf-8'> node index is 379
train linear regression time:  0.05417333263903856
(average_diff:0.0326382686834531, max_diff:0.11317547248921578, training_epochs:500, lr:0.05)
<_io.TextIOWrapper name='<stderr>' mode='w' encoding='utf-8'> node index is 365
train linear regression time:  0.053588875103741884
(average_diff:0.014244626287026968, max_diff:0.014333223476052037, training_epochs:500, lr:0.05)
<_io.TextIOWrapper name='<stderr>' mode='w' encoding='utf-8'> node index is 351
train linear regression time:  0.05096845841035247
(average_diff:2.914335439641036e-16, max_diff:3.0531133177191805e-16, training_epochs:500, lr:0.05)
<_io.TextIOWrapper name='<stderr>' mode='w' encoding='utf-8'> node index is 337
train linear regression time:  0.051625125110149384
(average_diff:0.14293734176890277, max_diff:0.4676099738474707, training_epochs:500, lr:0.05)
<_io.TextIOWrapper name='<stderr>' mode='w' encoding='utf-8'> node index is 393
train linear regression time:  0.051883917301893234
(average_diff:1.6653345369377348e-16, max_diff:2.220446049250313e-16, training_epochs:500, lr:0.05)
<_io.TextIOWrapper name='<stderr>' mode='w' encoding='utf-8'> node index is 301
train linear regression time:  0.050276916939765215
(average_diff:0.07455601773786583, max_diff:0.16023124881789247, training_epochs:500, lr:0.05)
<_io.TextIOWrapper name='<stderr>' mode='w' encoding='utf-8'> node index is 271
train linear regression time:  0.05318054184317589
(average_diff:0.08266140383432613, max_diff:0.17609106091076132, training_epochs:500, lr:0.05)
<_io.TextIOWrapper name='<stderr>' mode='w' encoding='utf-8'> node index is 253
train linear regression time:  0.0511399582028389
(average_diff:0.24427036403243366, max_diff:0.40234426408440926, training_epochs:500, lr:0.05)
<_io.TextIOWrapper name='<stderr>' mode='w' encoding='utf-8'> node index is 227
train linear regression time:  0.05475858272984624
(average_diff:0.12692222020786212, max_diff:0.2653043055283745, training_epochs:500, lr:0.05)
<_io.TextIOWrapper name='<stderr>' mode='w' encoding='utf-8'> node index is 213
train linear regression time:  0.05507337488234043
(average_diff:0.054288206297772486, max_diff:0.12059921988075106, training_epochs:500, lr:0.05)
<_io.TextIOWrapper name='<stderr>' mode='w' encoding='utf-8'> node index is 201
train linear regression time:  0.054137750063091516
(average_diff:5.551115123125783e-17, max_diff:5.551115123125783e-17, training_epochs:500, lr:0.05)
<_io.TextIOWrapper name='<stderr>' mode='w' encoding='utf-8'> node index is 193
train linear regression time:  0.05400120792910457
(average_diff:0.0227781419944826, max_diff:0.06617522662918957, training_epochs:500, lr:0.05)
<_io.TextIOWrapper name='<stderr>' mode='w' encoding='utf-8'> node index is 187
train linear regression time:  0.05370016722008586
(average_diff:0.029890308658186846, max_diff:0.07290209937637748, training_epochs:500, lr:0.05)
<_io.TextIOWrapper name='<stderr>' mode='w' encoding='utf-8'> node index is 179
train linear regression time:  0.05411462485790253
(average_diff:5.551115123125783e-17, max_diff:5.551115123125783e-17, training_epochs:500, lr:0.05)
<_io.TextIOWrapper name='<stderr>' mode='w' encoding='utf-8'> node index is 171
train linear regression time:  0.05550308292731643
(average_diff:0.06278153704625707, max_diff:0.16396699861484276, training_epochs:500, lr:0.05)
<_io.TextIOWrapper name='<stderr>' mode='w' encoding='utf-8'> node index is 161
train linear regression time:  0.05614958377555013
(average_diff:1.1102230246251565e-16, max_diff:1.1102230246251565e-16, training_epochs:500, lr:0.05)
<_io.TextIOWrapper name='<stderr>' mode='w' encoding='utf-8'> node index is 367
train linear regression time:  0.05289954226464033
(average_diff:0.0, max_diff:0.0, training_epochs:500, lr:0.05)
<_io.TextIOWrapper name='<stderr>' mode='w' encoding='utf-8'> node index is 353
train linear regression time:  0.05278695886954665
(average_diff:2.220446049250313e-16, max_diff:2.220446049250313e-16, training_epochs:500, lr:0.05)
<_io.TextIOWrapper name='<stderr>' mode='w' encoding='utf-8'> node index is 339
train linear regression time:  0.05363245913758874
(average_diff:0.019975100318514166, max_diff:0.034735506245119896, training_epochs:500, lr:0.05)
<_io.TextIOWrapper name='<stderr>' mode='w' encoding='utf-8'> node index is 327
train linear regression time:  0.052514499984681606
(average_diff:0.02749629936742656, max_diff:0.14179508102263771, training_epochs:500, lr:0.05)
<_io.TextIOWrapper name='<stderr>' mode='w' encoding='utf-8'> node index is 315
train linear regression time:  0.05628849985077977
(average_diff:3.700743415417188e-17, max_diff:1.1102230246251565e-16, training_epochs:500, lr:0.05)
<_io.TextIOWrapper name='<stderr>' mode='w' encoding='utf-8'> node index is 303
train linear regression time:  0.05591387487947941
(average_diff:0.03174195598925573, max_diff:0.05647491506444324, training_epochs:500, lr:0.05)
<_io.TextIOWrapper name='<stderr>' mode='w' encoding='utf-8'> node index is 287
train linear regression time:  0.05771012511104345
(average_diff:0.06284244759745472, max_diff:0.14376038353251597, training_epochs:500, lr:0.05)
<_io.TextIOWrapper name='<stderr>' mode='w' encoding='utf-8'> node index is 273
train linear regression time:  0.05903033399954438
(average_diff:0.1177264210063842, max_diff:0.45591816391127815, training_epochs:500, lr:0.05)
<_io.TextIOWrapper name='<stderr>' mode='w' encoding='utf-8'> node index is 255
train linear regression time:  0.05832683388143778
(average_diff:0.007346921546866697, max_diff:0.015206771692363064, training_epochs:500, lr:0.05)
<_io.TextIOWrapper name='<stderr>' mode='w' encoding='utf-8'> node index is 241
train linear regression time:  0.06140495790168643
(average_diff:0.1750855254986998, max_diff:0.5247114009258882, training_epochs:500, lr:0.05)
<_io.TextIOWrapper name='<stderr>' mode='w' encoding='utf-8'> node index is 229
train linear regression time:  0.06021870765835047
(average_diff:0.11362577128641738, max_diff:0.3310974370391986, training_epochs:500, lr:0.05)
<_io.TextIOWrapper name='<stderr>' mode='w' encoding='utf-8'> node index is 215
train linear regression time:  0.0587080423720181
(average_diff:0.0136690620797464, max_diff:0.02398320689914224, training_epochs:500, lr:0.05)
<_io.TextIOWrapper name='<stderr>' mode='w' encoding='utf-8'> node index is 203
train linear regression time:  0.058965000323951244
(average_diff:0.013732766298846026, max_diff:0.03450145119156334, training_epochs:500, lr:0.05)
<_io.TextIOWrapper name='<stderr>' mode='w' encoding='utf-8'> node index is 195
train linear regression time:  0.05623158300295472
(average_diff:0.17556399866706915, max_diff:0.3443057426409901, training_epochs:500, lr:0.05)
<_io.TextIOWrapper name='<stderr>' mode='w' encoding='utf-8'> node index is 7
train linear regression time:  0.057364000007510185
(average_diff:0.13126882209521284, max_diff:0.46015750745253275, training_epochs:500, lr:0.05)
<_io.TextIOWrapper name='<stderr>' mode='w' encoding='utf-8'> node index is 5
train linear regression time:  0.05526487482711673
testFringe time:  13.008505917154253
<_io.TextIOWrapper name='<stderr>' mode='w' encoding='utf-8'> =============== update finished ===============

*** Writing Game File 72***

<_io.TextIOWrapper name='../print_tree_record_numpy/print_DR_boost_linear_tree_split.txt' mode='w' encoding='UTF-8'> idx1(Q:0.4013, distinct_name:0, dictinctin_value:2.569683891588169, par:None)
	idx4(Q:0.4020, distinct_name:0, dictinctin_value:2.507749956207568, par:1)
		idx6(Q:0.4019, distinct_name:0, dictinctin_value:-0.050698982385153205, par:4)
			idx8(Q:0.4620, distinct_name:0, dictinctin_value:-0.5002368440471089, par:6)
				idx10(Q:0.5083, distinct_name:3, dictinctin_value:0.7373220788164561, par:8)
					idx12(Q:0.4828, distinct_name:1, dictinctin_value:0.8498558206992594, par:10)
						idx18(Q:0.4293, distinct_name:2, dictinctin_value:0.8559921607301466, par:12)
							idx24(Q:0.4233, distinct_name:0, dictinctin_value:-0.5901212893723445, par:18)
								idx30(Q:0.4311, distinct_name:2, dictinctin_value:0.5095422779981766, par:24)
									idx38(Q:0.4511, distinct_name:2, dictinctin_value:0.24909091887867726, par:30)
										idx44(Q:0.4792, distinct_name:2, dictinctin_value:-0.06052347242753761, par:38)
											idx54(Q:0.5287, distinct_name:2, dictinctin_value:-0.16873413911779458, par:44)
												idx62(Q:0.5548, distinct_name:2, dictinctin_value:-0.3117760123070312, par:54)
													idx70(Q:0.5981, distinct_name:2, dictinctin_value:-0.36929151673896154, par:62)
														idx76(Q:0.6237, distinct_name:2, dictinctin_value:-0.4513587540231024, par:70)
															idx82(Q:0.6611, distinct_name:2, dictinctin_value:-0.49926091712096626, par:76)
																idx90(Q:0.6769, distinct_name:2, dictinctin_value:-0.5261921216626007, par:82)
																	idx100(Q:0.6878, distinct_name:2, dictinctin_value:-0.5682634996789567, par:90)
																		idx110(Q:0.7037, distinct_name:2, dictinctin_value:-0.576514535000767, par:100)
																			idx120(Q:0.7070, par:110)
																			idx121(Q:0.4001, par:110)
																		idx111(Q:0.3593, par:100)
																	idx101(Q:0.3735, par:90)
																idx91(Q:0.3277, par:82)
															idx83(Q:0.3009, par:76)
														idx77(Q:0.2725, par:70)
													idx71(Q:0.2731, par:62)
												idx63(Q:0.2222, par:54)
											idx55(Q:0.2398, distinct_name:0, dictinctin_value:-0.6476910175840919, par:44)
												idx464(Q:0.2429, distinct_name:3, dictinctin_value:0.6680194197252473, par:55)
													idx468(Q:0.2390, distinct_name:0, dictinctin_value:-0.6858015235311999, par:464)
														idx474(Q:0.2397, distinct_name:2, dictinctin_value:0.24031958562965672, par:468)
															idx480(Q:0.2379, distinct_name:2, dictinctin_value:0.22712878489931437, par:474)
																idx484(Q:0.2398, distinct_name:0, dictinctin_value:-0.6984661740702743, par:480)
																	idx492(Q:0.2375, distinct_name:2, dictinctin_value:0.2205862992769331, par:484)
																		idx500(Q:0.2410, distinct_name:1, dictinctin_value:0.7515347460969897, par:492)
																			idx518(Q:0.2430, par:500)
																			idx519(Q:0.1310, par:500)
																		idx501(Q:0.1474, par:492)
																	idx493(Q:0.3077, par:484)
																idx485(Q:0.1301, par:480)
															idx481(Q:0.2916, par:474)
														idx475(Q:0.1567, par:468)
													idx469(Q:0.3624, par:464)
												idx465(Q:0.1101, par:55)
										idx45(Q:0.2520, distinct_name:0, dictinctin_value:-0.6043607795061433, par:38)
											idx510(Q:0.2533, distinct_name:1, dictinctin_value:0.8144916165556727, par:45)
												idx520(Q:0.2454, distinct_name:1, dictinctin_value:0.7699133155688844, par:510)
													idx530(Q:0.2423, distinct_name:2, dictinctin_value:0.5073691095938268, par:520)
														idx536(Q:0.2430, par:530)
														idx537(Q:0.2094, par:530)
													idx531(Q:0.3493, par:520)
												idx521(Q:0.5313, par:510)
											idx511(Q:0.1130, par:45)
									idx39(Q:0.3096, distinct_name:1, dictinctin_value:0.8040063207197937, par:30)
										idx426(Q:0.3060, distinct_name:2, dictinctin_value:0.8419373683110459, par:39)
											idx432(Q:0.3076, distinct_name:0, dictinctin_value:-0.6009391153368029, par:426)
												idx444(Q:0.3098, distinct_name:0, dictinctin_value:-0.6041087413020046, par:432)
													idx448(Q:0.3095, distinct_name:0, dictinctin_value:-0.6100701052011255, par:444)
														idx456(Q:0.3094, distinct_name:0, dictinctin_value:-0.6407957166920598, par:448)
															idx460(Q:0.3138, distinct_name:0, dictinctin_value:-0.6555246386975058, par:456)
																idx466(Q:0.3163, distinct_name:0, dictinctin_value:-0.6720161756487143, par:460)
																	idx470(Q:0.3203, distinct_name:0, dictinctin_value:-0.6781083126032775, par:466)
																		idx472(Q:0.3202, distinct_name:0, dictinctin_value:-0.7020609777266955, par:470)
																			idx476(Q:0.3231, par:472)
																			idx477(Q:0.2334, par:472)
																		idx473(Q:0.3250, par:470)
																	idx471(Q:0.0686, par:466)
																idx467(Q:0.1550, par:460)
															idx461(Q:0.1206, par:456)
														idx457(Q:0.3118, par:448)
													idx449(Q:0.3527, par:444)
												idx445(Q:0.1599, par:432)
											idx433(Q:0.1937, par:426)
										idx427(Q:0.4793, par:39)
								idx31(Q:0.3449, distinct_name:0, dictinctin_value:-0.5002719881995846, par:24)
									idx544(Q:0.3452, par:31)
									idx545(Q:0.3129, par:31)
							idx25(Q:0.4555, distinct_name:0, dictinctin_value:-0.5389580903277561, par:18)
								idx216(Q:0.4574, distinct_name:0, dictinctin_value:-0.5573162410999996, par:25)
									idx230(Q:0.4590, distinct_name:0, dictinctin_value:-0.5917620279880862, par:216)
										idx242(Q:0.4720, distinct_name:1, dictinctin_value:0.8127647407611875, par:230)
											idx256(Q:0.4671, distinct_name:0, dictinctin_value:-0.6131626140571143, par:242)
												idx288(Q:0.4695, distinct_name:0, dictinctin_value:-0.7076582377440916, par:256)
													idx304(Q:0.4915, distinct_name:0, dictinctin_value:-0.717862250694298, par:288)
														idx316(Q:0.4946, distinct_name:0, dictinctin_value:-0.7734253050900186, par:304)
															idx328(Q:0.5008, distinct_name:0, dictinctin_value:-0.7970945326559435, par:316)
																idx340(Q:0.5025, distinct_name:3, dictinctin_value:0.6595389343928215, par:328)
																	idx354(Q:0.4961, distinct_name:3, dictinctin_value:0.6186331758365281, par:340)
																		idx368(Q:0.4912, distinct_name:3, dictinctin_value:0.5952455969358141, par:354)
																			idx380(Q:0.4892, par:368)
																			idx381(Q:0.5796, par:368)
																		idx369(Q:0.9254, par:354)
																	idx355(Q:0.7825, par:340)
																idx341(Q:0.3979, par:328)
															idx329(Q:0.3679, par:316)
														idx317(Q:0.3428, par:304)
													idx305(Q:0.2894, par:288)
												idx289(Q:0.1966, par:256)
											idx257(Q:0.6915, par:242)
										idx243(Q:0.2468, par:230)
									idx231(Q:0.3288, par:216)
								idx217(Q:0.4047, par:25)
						idx19(Q:0.7056, distinct_name:0, dictinctin_value:-0.5046072639210131, par:12)
							idx152(Q:0.7055, distinct_name:2, dictinctin_value:1.74305991171075, par:19)
								idx162(Q:0.6938, distinct_name:2, dictinctin_value:1.5651912903147052, par:152)
									idx172(Q:0.6839, distinct_name:2, dictinctin_value:1.0939968976733132, par:162)
										idx180(Q:0.6624, distinct_name:2, dictinctin_value:0.9064820637809338, par:172)
											idx188(Q:0.6512, distinct_name:2, dictinctin_value:0.8130327408821636, par:180)
												idx196(Q:0.6427, distinct_name:2, dictinctin_value:0.714578820015968, par:188)
													idx204(Q:0.6415, distinct_name:0, dictinctin_value:-0.5137296726081428, par:196)
														idx218(Q:0.6421, distinct_name:2, dictinctin_value:0.4860989258104936, par:204)
															idx232(Q:0.6427, distinct_name:1, dictinctin_value:2.2330900660097845, par:218)
																idx244(Q:0.6308, distinct_name:2, dictinctin_value:0.44559578649865966, par:232)
																	idx258(Q:0.6276, distinct_name:2, dictinctin_value:0.32419638005931734, par:244)
																		idx274(Q:0.6275, distinct_name:0, dictinctin_value:-0.5233031664270825, par:258)
																			idx290(Q:0.6275, par:274)
																			idx291(Q:0.6173, par:274)
																		idx275(Q:0.6332, par:258)
																	idx259(Q:0.7701, par:244)
																idx245(Q:0.9826, par:232)
															idx233(Q:0.6344, par:218)
														idx219(Q:0.5718, par:204)
													idx205(Q:0.6856, par:196)
												idx197(Q:0.8759, par:188)
											idx189(Q:0.8992, par:180)
										idx181(Q:0.9767, par:172)
									idx173(Q:1.0016, par:162)
								idx163(Q:1.0424, par:152)
							idx153(Q:0.7365, par:19)
					idx13(Q:0.5873, distinct_name:2, dictinctin_value:1.929601246827043, par:10)
						idx92(Q:0.5743, distinct_name:1, dictinctin_value:1.2557733390904973, par:13)
							idx102(Q:0.5438, distinct_name:2, dictinctin_value:1.4527612583425853, par:92)
								idx112(Q:0.5296, distinct_name:2, dictinctin_value:1.3531114404933846, par:102)
									idx122(Q:0.5268, distinct_name:2, dictinctin_value:1.0639310625609943, par:112)
										idx130(Q:0.5153, distinct_name:2, dictinctin_value:0.8759607452183222, par:122)
											idx136(Q:0.5064, distinct_name:2, dictinctin_value:0.6228991526328211, par:130)
												idx142(Q:0.5045, distinct_name:2, dictinctin_value:0.4885947458466264, par:136)
													idx146(Q:0.4977, distinct_name:1, dictinctin_value:1.1059975491047376, par:142)
														idx148(Q:0.4881, distinct_name:3, dictinctin_value:2.363964647313972, par:146)
															idx154(Q:0.4802, distinct_name:3, dictinctin_value:1.536573712246935, par:148)
																idx164(Q:0.4576, distinct_name:1, dictinctin_value:0.49075596239548774, par:154)
																	idx206(Q:0.4255, distinct_name:3, dictinctin_value:1.525286896575752, par:164)
																		idx220(Q:0.4249, distinct_name:2, dictinctin_value:0.38874536608000104, par:206)
																			idx234(Q:0.4290, par:220)
																			idx235(Q:0.2567, par:220)
																		idx221(Q:0.4555, par:206)
																	idx207(Q:0.6270, par:164)
																idx165(Q:0.5696, par:154)
															idx155(Q:0.6688, par:148)
														idx149(Q:0.7657, par:146)
													idx147(Q:0.5764, par:142)
												idx143(Q:0.5283, par:136)
											idx137(Q:0.6910, par:130)
										idx131(Q:0.7128, par:122)
									idx123(Q:0.6587, par:112)
								idx113(Q:0.8341, par:102)
							idx103(Q:0.9517, par:92)
						idx93(Q:1.0237, par:13)
				idx11(Q:0.3777, distinct_name:3, dictinctin_value:1.284568987543642, par:8)
					idx32(Q:0.3557, distinct_name:3, dictinctin_value:0.5763111575206541, par:11)
						idx40(Q:0.3398, distinct_name:2, dictinctin_value:1.4159847670297276, par:32)
							idx46(Q:0.3296, distinct_name:2, dictinctin_value:0.8764611652526798, par:40)
								idx56(Q:0.3378, distinct_name:2, dictinctin_value:0.6776552612944613, par:46)
									idx64(Q:0.3425, distinct_name:0, dictinctin_value:-0.10007893227380851, par:56)
										idx72(Q:0.3416, distinct_name:2, dictinctin_value:0.481251420222257, par:64)
											idx78(Q:0.3532, distinct_name:2, dictinctin_value:0.43236682950932387, par:72)
												idx84(Q:0.3587, distinct_name:2, dictinctin_value:0.2322739018313544, par:78)
													idx94(Q:0.3813, distinct_name:2, dictinctin_value:0.1692901075380102, par:84)
														idx104(Q:0.3912, distinct_name:2, dictinctin_value:0.044622068949871425, par:94)
															idx114(Q:0.4113, distinct_name:2, dictinctin_value:-0.04421252452423217, par:104)
																idx124(Q:0.4301, distinct_name:2, dictinctin_value:-0.12551407150931976, par:114)
																	idx132(Q:0.4475, distinct_name:2, dictinctin_value:-0.16179863391045127, par:124)
																		idx138(Q:0.4582, distinct_name:2, dictinctin_value:-0.1987692173924826, par:132)
																			idx144(Q:0.4747, par:138)
																			idx145(Q:0.1562, par:138)
																		idx139(Q:0.1615, par:132)
																	idx133(Q:0.1968, par:124)
																idx125(Q:0.1311, par:114)
															idx115(Q:0.1782, par:104)
														idx105(Q:0.1939, par:94)
													idx95(Q:0.1554, par:84)
												idx85(Q:0.1704, par:78)
											idx79(Q:0.2093, par:72)
										idx73(Q:0.3524, par:64)
									idx65(Q:0.2717, par:56)
								idx57(Q:0.2792, distinct_name:0, dictinctin_value:-0.07115888508263095, par:46)
									idx486(Q:0.2827, distinct_name:2, dictinctin_value:1.3997870335092657, par:57)
										idx494(Q:0.2825, distinct_name:0, dictinctin_value:-0.07160732513030894, par:486)
											idx504(Q:0.2789, distinct_name:0, dictinctin_value:-0.08350405569893737, par:494)
												idx512(Q:0.2805, distinct_name:1, dictinctin_value:1.8788415154351898, par:504)
													idx522(Q:0.2684, distinct_name:1, dictinctin_value:1.7168001155290575, par:512)
														idx538(Q:0.2606, par:522)
														idx539(Q:0.6590, par:522)
													idx523(Q:0.8978, par:512)
												idx513(Q:0.1098, par:504)
											idx505(Q:0.6691, par:494)
										idx495(Q:0.2877, par:486)
									idx487(Q:0.1831, par:57)
							idx47(Q:0.4423, par:40)
						idx41(Q:0.4214, distinct_name:3, dictinctin_value:1.2541204520301295, par:32)
							idx246(Q:0.4158, distinct_name:0, dictinctin_value:-0.05401988313827026, par:41)
								idx260(Q:0.4162, distinct_name:2, dictinctin_value:2.0807886731763334, par:246)
									idx276(Q:0.4045, distinct_name:2, dictinctin_value:1.8994422532815647, par:260)
										idx292(Q:0.3998, distinct_name:1, dictinctin_value:1.2716943858922887, par:276)
											idx306(Q:0.3780, distinct_name:2, dictinctin_value:1.8085097405850585, par:292)
												idx318(Q:0.3674, distinct_name:0, dictinctin_value:-0.06832580226386262, par:306)
													idx330(Q:0.3662, distinct_name:1, dictinctin_value:1.0161843934440484, par:318)
														idx342(Q:0.3611, distinct_name:0, dictinctin_value:-0.11082738421514442, par:330)
															idx356(Q:0.3554, distinct_name:0, dictinctin_value:-0.1239714467724242, par:342)
																idx370(Q:0.3567, distinct_name:1, dictinctin_value:0.8661774768232812, par:356)
																	idx382(Q:0.3526, distinct_name:0, dictinctin_value:-0.13038566790821624, par:370)
																		idx396(Q:0.3529, distinct_name:1, dictinctin_value:0.7685182247259327, par:382)
																			idx406(Q:0.3481, par:396)
																			idx407(Q:0.5249, par:396)
																		idx397(Q:0.3395, par:382)
																	idx383(Q:0.5070, par:370)
																idx371(Q:0.1581, par:356)
															idx357(Q:0.4285, par:342)
														idx343(Q:0.4879, par:330)
													idx331(Q:0.4363, par:318)
												idx319(Q:0.8472, par:306)
											idx307(Q:0.6079, par:292)
										idx293(Q:0.8758, par:276)
									idx277(Q:0.8867, par:260)
								idx261(Q:0.3940, par:246)
							idx247(Q:0.6588, par:41)
					idx33(Q:0.5667, distinct_name:2, dictinctin_value:1.8206658800741853, par:11)
						idx436(Q:0.5546, distinct_name:0, dictinctin_value:-0.055487221535360155, par:33)
							idx438(Q:0.5513, distinct_name:0, dictinctin_value:-0.06661868934946451, par:436)
								idx450(Q:0.5551, distinct_name:2, dictinctin_value:1.6280055741424861, par:438)
									idx458(Q:0.5453, distinct_name:2, dictinctin_value:1.4609118350831285, par:450)
										idx462(Q:0.5372, distinct_name:0, dictinctin_value:-0.06716992247771125, par:458)
											idx478(Q:0.5392, distinct_name:0, dictinctin_value:-0.06950841565798693, par:462)
												idx482(Q:0.5380, distinct_name:0, dictinctin_value:-0.07617984110574617, par:478)
													idx488(Q:0.5413, distinct_name:0, dictinctin_value:-0.09812148969449835, par:482)
														idx496(Q:0.5401, distinct_name:0, dictinctin_value:-0.10012482464779363, par:488)
															idx502(Q:0.5439, distinct_name:2, dictinctin_value:1.4064514939244364, par:496)
																idx514(Q:0.5398, distinct_name:2, dictinctin_value:1.318805451770871, par:502)
																	idx524(Q:0.5285, distinct_name:0, dictinctin_value:-0.11118736531331526, par:514)
																		idx532(Q:0.5291, distinct_name:0, dictinctin_value:-0.12850307532465371, par:524)
																			idx540(Q:0.5331, par:532)
																			idx541(Q:0.3260, par:532)
																		idx533(Q:0.4689, par:524)
																	idx525(Q:0.9326, par:514)
																idx515(Q:0.7615, par:502)
															idx503(Q:0.1239, par:496)
														idx497(Q:0.5885, par:488)
													idx489(Q:0.1612, par:482)
												idx483(Q:0.6779, par:478)
											idx479(Q:0.3023, par:462)
										idx463(Q:0.8604, par:458)
									idx459(Q:0.9430, par:450)
								idx451(Q:0.3190, par:438)
							idx439(Q:0.9613, par:436)
						idx437(Q:0.9447, par:33)
			idx9(Q:0.3456, distinct_name:1, dictinctin_value:1.4532912275447858, par:6)
				idx14(Q:0.3246, distinct_name:0, dictinctin_value:0.6708677617788001, par:9)
					idx16(Q:0.3398, distinct_name:0, dictinctin_value:0.5219929201544601, par:14)
						idx20(Q:0.3381, distinct_name:0, dictinctin_value:0.38200451643824146, par:16)
							idx26(Q:0.3448, distinct_name:0, dictinctin_value:0.29175973898130836, par:20)
								idx34(Q:0.3467, distinct_name:3, dictinctin_value:1.2405945003824483, par:26)
									idx42(Q:0.3161, distinct_name:2, dictinctin_value:1.6139678071673451, par:34)
										idx48(Q:0.3119, distinct_name:1, dictinctin_value:1.0148453699076618, par:42)
											idx58(Q:0.2982, distinct_name:2, dictinctin_value:0.8422101128546527, par:48)
												idx66(Q:0.3053, distinct_name:2, dictinctin_value:0.5718071591898053, par:58)
													idx74(Q:0.3186, distinct_name:2, dictinctin_value:0.3335199702259944, par:66)
														idx80(Q:0.3431, distinct_name:2, dictinctin_value:0.2585267021680285, par:74)
															idx86(Q:0.3490, distinct_name:2, dictinctin_value:0.13295569297273957, par:80)
																idx96(Q:0.3646, distinct_name:2, dictinctin_value:0.0933394603867821, par:86)
																	idx106(Q:0.3728, distinct_name:2, dictinctin_value:0.047951172568074005, par:96)
																		idx116(Q:0.3814, distinct_name:2, dictinctin_value:-0.0025517231675584334, par:106)
																			idx126(Q:0.3874, par:116)
																			idx127(Q:0.1318, par:116)
																		idx117(Q:0.1535, par:106)
																	idx107(Q:0.1150, par:96)
																idx97(Q:0.1350, par:86)
															idx87(Q:0.1678, par:80)
														idx81(Q:0.1570, par:74)
													idx75(Q:0.1912, par:66)
												idx67(Q:0.2592, distinct_name:0, dictinctin_value:0.284001031471605, par:58)
													idx506(Q:0.2596, distinct_name:0, dictinctin_value:0.28239410324000885, par:67)
														idx526(Q:0.2572, distinct_name:1, dictinctin_value:0.83535054985968, par:506)
															idx546(Q:0.2319, par:526)
															idx547(Q:0.7625, par:526)
														idx527(Q:0.5128, par:506)
													idx507(Q:0.2169, par:67)
											idx59(Q:0.4335, par:48)
										idx49(Q:0.4040, par:42)
									idx43(Q:0.5673, distinct_name:3, dictinctin_value:2.7956706813891117, par:34)
										idx490(Q:0.5552, distinct_name:0, dictinctin_value:0.28758459307995216, par:43)
											idx498(Q:0.5493, distinct_name:2, dictinctin_value:1.7926081731949, par:490)
												idx508(Q:0.5413, distinct_name:0, dictinctin_value:0.2865220549225975, par:498)
													idx516(Q:0.5409, distinct_name:0, dictinctin_value:0.2785989659591723, par:508)
														idx528(Q:0.5456, distinct_name:3, dictinctin_value:2.7261255458914433, par:516)
															idx534(Q:0.5502, distinct_name:0, dictinctin_value:0.2763906794093015, par:528)
																idx542(Q:0.5526, par:534)
																idx543(Q:0.3073, par:534)
															idx535(Q:0.3125, par:528)
														idx529(Q:0.3011, par:516)
													idx517(Q:0.5832, par:508)
												idx509(Q:0.9712, par:498)
											idx499(Q:1.1979, par:490)
										idx491(Q:1.0038, par:43)
								idx35(Q:0.3369, distinct_name:1, dictinctin_value:1.344826515865718, par:26)
									idx236(Q:0.3351, distinct_name:3, dictinctin_value:1.6897348587436034, par:35)
										idx248(Q:0.3258, distinct_name:1, dictinctin_value:1.2341402111364463, par:236)
											idx262(Q:0.3268, distinct_name:3, dictinctin_value:1.3356049450605056, par:248)
												idx278(Q:0.3221, distinct_name:2, dictinctin_value:1.6241822054726756, par:262)
													idx294(Q:0.3141, distinct_name:0, dictinctin_value:0.3731119474318981, par:278)
														idx320(Q:0.3113, distinct_name:3, dictinctin_value:1.2759579982069145, par:294)
															idx344(Q:0.2997, distinct_name:0, dictinctin_value:0.37304242798500226, par:320)
																idx358(Q:0.2995, distinct_name:0, dictinctin_value:0.3707677109507447, par:344)
																	idx372(Q:0.3025, distinct_name:0, dictinctin_value:0.3697040787425107, par:358)
																		idx384(Q:0.3043, distinct_name:2, dictinctin_value:1.3789177574365135, par:372)
																			idx398(Q:0.3020, par:384)
																			idx399(Q:0.3513, par:384)
																		idx385(Q:0.2247, par:372)
																	idx373(Q:0.1232, par:358)
																idx359(Q:0.3297, par:344)
															idx345(Q:0.6603, par:320)
														idx321(Q:0.3900, par:294)
													idx295(Q:0.5166, par:278)
												idx279(Q:0.4619, par:262)
											idx263(Q:0.2222, par:248)
										idx249(Q:0.7279, par:236)
									idx237(Q:0.4148, par:35)
							idx27(Q:0.3141, distinct_name:2, dictinctin_value:1.5527241962490086, par:20)
								idx156(Q:0.3103, distinct_name:0, dictinctin_value:0.5137061072990365, par:27)
									idx166(Q:0.3149, distinct_name:0, dictinctin_value:0.5083060291160676, par:156)
										idx174(Q:0.3144, distinct_name:1, dictinctin_value:1.235555391656205, par:166)
											idx182(Q:0.3142, distinct_name:0, dictinctin_value:0.499318407708209, par:174)
												idx190(Q:0.3214, distinct_name:3, dictinctin_value:1.6437138459193195, par:182)
													idx198(Q:0.3142, distinct_name:0, dictinctin_value:0.4978828276393789, par:190)
														idx208(Q:0.3168, distinct_name:2, dictinctin_value:1.3588453420210258, par:198)
															idx222(Q:0.3137, distinct_name:2, dictinctin_value:0.9721483625475897, par:208)
																idx238(Q:0.3160, distinct_name:0, dictinctin_value:0.4972801494332726, par:222)
																	idx250(Q:0.3136, distinct_name:2, dictinctin_value:0.944961054171824, par:238)
																		idx264(Q:0.3172, distinct_name:2, dictinctin_value:0.872803430709856, par:250)
																			idx280(Q:0.3221, par:264)
																			idx281(Q:0.2212, par:264)
																		idx265(Q:0.0703, par:250)
																	idx251(Q:0.5718, par:238)
																idx239(Q:0.2828, par:222)
															idx223(Q:0.4053, par:208)
														idx209(Q:0.1910, par:198)
													idx199(Q:0.6635, par:190)
												idx191(Q:0.2230, par:182)
											idx183(Q:0.3175, par:174)
										idx175(Q:0.3267, par:166)
									idx167(Q:0.2475, par:156)
								idx157(Q:0.4203, par:27)
						idx21(Q:0.3472, distinct_name:1, dictinctin_value:1.3201670622027022, par:16)
							idx150(Q:0.3455, distinct_name:1, dictinctin_value:1.2234607090751204, par:21)
								idx158(Q:0.3459, distinct_name:1, dictinctin_value:1.0226433736171432, par:150)
									idx168(Q:0.3398, distinct_name:0, dictinctin_value:0.6649352976939671, par:158)
										idx176(Q:0.3391, distinct_name:2, dictinctin_value:1.8028367177150562, par:168)
											idx184(Q:0.3356, distinct_name:3, dictinctin_value:1.321083281680176, par:176)
												idx210(Q:0.3145, distinct_name:1, dictinctin_value:0.7493197611500411, par:184)
													idx224(Q:0.3120, distinct_name:2, dictinctin_value:1.1954012588052898, par:210)
														idx266(Q:0.3124, distinct_name:1, dictinctin_value:0.6035401367847275, par:224)
															idx282(Q:0.3149, distinct_name:1, dictinctin_value:0.5166827335099701, par:266)
																idx296(Q:0.3217, distinct_name:0, dictinctin_value:0.663963378246939, par:282)
																	idx308(Q:0.3195, distinct_name:0, dictinctin_value:0.6638782806630827, par:296)
																		idx322(Q:0.3174, distinct_name:2, dictinctin_value:1.1091905022156634, par:308)
																			idx332(Q:0.3211, par:322)
																			idx333(Q:0.1698, par:322)
																		idx323(Q:0.7405, par:308)
																	idx309(Q:0.7765, par:296)
																idx297(Q:0.1763, par:282)
															idx283(Q:0.2633, par:266)
														idx267(Q:0.3074, par:224)
													idx225(Q:0.3344, par:210)
												idx211(Q:0.5583, par:184)
											idx185(Q:0.4344, par:176)
										idx177(Q:0.3575, par:168)
									idx169(Q:0.5250, par:158)
								idx159(Q:0.2851, par:150)
							idx151(Q:0.4182, par:21)
					idx17(Q:0.3078, distinct_name:3, dictinctin_value:0.8871619234739136, par:14)
						idx22(Q:0.2781, distinct_name:1, dictinctin_value:0.895274831679809, par:17)
							idx28(Q:0.2621, distinct_name:3, dictinctin_value:0.4147697243292515, par:22)
								idx36(Q:0.2537, distinct_name:3, dictinctin_value:-0.009439492879810042, par:28)
									idx50(Q:0.2496, distinct_name:0, dictinctin_value:2.3121117874404824, par:36)
										idx52(Q:0.2506, distinct_name:0, dictinctin_value:1.9483716250181808, par:50)
											idx60(Q:0.2529, distinct_name:3, dictinctin_value:-0.018025248765568658, par:52)
												idx68(Q:0.2602, distinct_name:2, dictinctin_value:0.8033765660185509, par:60)
													idx88(Q:0.2639, distinct_name:2, dictinctin_value:0.6003623148969123, par:68)
														idx98(Q:0.2715, distinct_name:2, dictinctin_value:0.5329635912790776, par:88)
															idx108(Q:0.2765, distinct_name:2, dictinctin_value:0.3621996786015208, par:98)
																idx118(Q:0.2900, distinct_name:3, dictinctin_value:-0.05260374571449391, par:108)
																	idx128(Q:0.2922, distinct_name:2, dictinctin_value:0.22149263805201816, par:118)
																		idx134(Q:0.3061, distinct_name:2, dictinctin_value:0.13324256965432388, par:128)
																			idx140(Q:0.3184, par:134)
																			idx141(Q:0.1310, par:134)
																		idx135(Q:0.1443, par:128)
																	idx129(Q:0.2327, par:118)
																idx119(Q:0.1424, par:108)
															idx109(Q:0.1719, par:98)
														idx99(Q:0.1688, par:88)
													idx89(Q:0.2477, distinct_name:0, dictinctin_value:1.9001636825637473, par:68)
														idx420(Q:0.2456, distinct_name:0, dictinctin_value:1.8970534364477791, par:89)
															idx428(Q:0.2458, distinct_name:0, dictinctin_value:1.7864713255325577, par:420)
																idx434(Q:0.2480, distinct_name:0, dictinctin_value:1.7345810667045185, par:428)
																	idx440(Q:0.2452, distinct_name:0, dictinctin_value:1.7300479805066988, par:434)
																		idx446(Q:0.2459, distinct_name:0, dictinctin_value:1.6826477660222412, par:440)
																			idx452(Q:0.2433, par:446)
																			idx453(Q:0.3516, par:446)
																		idx447(Q:0.1492, par:440)
																	idx441(Q:0.3355, par:434)
																idx435(Q:0.1908, par:428)
															idx429(Q:0.2144, par:420)
														idx421(Q:0.2937, par:89)
												idx69(Q:0.1947, par:60)
											idx61(Q:0.2089, par:52)
										idx53(Q:0.2033, par:50)
									idx51(Q:0.2677, distinct_name:0, dictinctin_value:2.2255864685353126, par:36)
										idx268(Q:0.2686, distinct_name:0, dictinctin_value:1.8770234609938123, par:51)
											idx284(Q:0.2682, distinct_name:1, dictinctin_value:0.8208254329434517, par:268)
												idx298(Q:0.2698, distinct_name:0, dictinctin_value:1.7199871451158526, par:284)
													idx310(Q:0.2718, distinct_name:3, dictinctin_value:0.39481973457279324, par:298)
														idx346(Q:0.2732, distinct_name:2, dictinctin_value:2.0591657816242117, par:310)
															idx360(Q:0.2632, distinct_name:2, dictinctin_value:1.6416632040499568, par:346)
																idx374(Q:0.2629, distinct_name:0, dictinctin_value:1.6846076849979201, par:360)
																	idx386(Q:0.2632, distinct_name:2, dictinctin_value:1.5364517172370076, par:374)
																		idx400(Q:0.2622, distinct_name:2, dictinctin_value:1.321416179085615, par:386)
																			idx408(Q:0.2594, par:400)
																			idx409(Q:0.3431, par:400)
																		idx401(Q:0.2993, par:386)
																	idx387(Q:0.2080, par:374)
																idx375(Q:0.2773, par:360)
															idx361(Q:0.7383, par:346)
														idx347(Q:0.2266, par:310)
													idx311(Q:0.2142, par:298)
												idx299(Q:0.2139, par:284)
											idx285(Q:0.2771, par:268)
										idx269(Q:0.2404, par:51)
								idx37(Q:0.3022, distinct_name:1, dictinctin_value:0.7946772031835798, par:28)
									idx312(Q:0.2938, distinct_name:2, dictinctin_value:1.9378572482198, par:37)
										idx324(Q:0.2838, distinct_name:0, dictinctin_value:2.1880833067537604, par:312)
											idx334(Q:0.2845, distinct_name:0, dictinctin_value:2.1673152418059, par:324)
												idx348(Q:0.2823, distinct_name:0, dictinctin_value:2.0644684179947266, par:334)
													idx362(Q:0.2811, distinct_name:2, dictinctin_value:1.6060442338491094, par:348)
														idx376(Q:0.2714, distinct_name:0, dictinctin_value:1.8821116949330967, par:362)
															idx388(Q:0.2749, distinct_name:2, dictinctin_value:1.5867185725408008, par:376)
																idx402(Q:0.2751, distinct_name:0, dictinctin_value:1.8162737627685595, par:388)
																	idx410(Q:0.2789, distinct_name:2, dictinctin_value:1.474613989336331, par:402)
																		idx414(Q:0.2734, distinct_name:2, dictinctin_value:1.322085439542282, par:410)
																			idx422(Q:0.2733, par:414)
																			idx423(Q:0.2744, par:414)
																		idx415(Q:0.7277, par:410)
																	idx411(Q:0.1206, par:402)
																idx403(Q:0.2603, par:388)
															idx389(Q:0.1720, par:376)
														idx377(Q:0.5646, par:362)
													idx363(Q:0.3605, par:348)
												idx349(Q:0.4164, par:334)
											idx335(Q:0.2633, par:324)
										idx325(Q:0.6817, par:312)
									idx313(Q:0.4699, par:37)
							idx29(Q:0.3960, distinct_name:0, dictinctin_value:2.44084525907838, par:22)
								idx336(Q:0.3977, distinct_name:0, dictinctin_value:2.3332385876998147, par:29)
									idx350(Q:0.3993, distinct_name:2, dictinctin_value:1.313989803673234, par:336)
										idx364(Q:0.3657, distinct_name:2, dictinctin_value:1.2075088067941002, par:350)
											idx378(Q:0.3626, distinct_name:0, dictinctin_value:2.3276851139515355, par:364)
												idx390(Q:0.3614, distinct_name:2, dictinctin_value:1.1566628366759308, par:378)
													idx404(Q:0.3586, distinct_name:2, dictinctin_value:1.049026714172236, par:390)
														idx412(Q:0.3549, distinct_name:2, dictinctin_value:1.0138168631315498, par:404)
															idx418(Q:0.3518, distinct_name:0, dictinctin_value:2.3136303024689413, par:412)
																idx424(Q:0.3517, distinct_name:1, dictinctin_value:1.4142431093508798, par:418)
																	idx430(Q:0.3556, distinct_name:0, dictinctin_value:2.2572655688242222, par:424)
																		idx442(Q:0.3541, distinct_name:0, dictinctin_value:2.2507333712501807, par:430)
																			idx454(Q:0.3541, par:442)
																			idx455(Q:0.3551, par:442)
																		idx443(Q:0.5398, par:430)
																	idx431(Q:0.2289, par:424)
																idx425(Q:0.3611, par:418)
															idx419(Q:0.4918, par:412)
														idx413(Q:0.5241, par:404)
													idx405(Q:0.5629, par:390)
												idx391(Q:0.5313, par:378)
											idx379(Q:0.5828, par:364)
										idx365(Q:0.7020, par:350)
									idx351(Q:0.2661, par:336)
								idx337(Q:0.2579, par:29)
						idx23(Q:0.4570, distinct_name:0, dictinctin_value:2.1444723574903684, par:17)
							idx160(Q:0.4586, distinct_name:0, dictinctin_value:2.133798778100152, par:23)
								idx170(Q:0.4590, distinct_name:2, dictinctin_value:1.564504591409782, par:160)
									idx178(Q:0.4369, distinct_name:2, dictinctin_value:1.4113473869711974, par:170)
										idx186(Q:0.4315, distinct_name:0, dictinctin_value:2.1063540893171067, par:178)
											idx192(Q:0.4325, distinct_name:2, dictinctin_value:1.2195161175228741, par:186)
												idx200(Q:0.4296, distinct_name:0, dictinctin_value:1.9676721667093595, par:192)
													idx212(Q:0.4272, distinct_name:0, dictinctin_value:1.8926417272552991, par:200)
														idx226(Q:0.4261, distinct_name:0, dictinctin_value:1.7713311316515392, par:212)
															idx252(Q:0.4308, distinct_name:1, dictinctin_value:1.3213229930390704, par:226)
																idx270(Q:0.4241, distinct_name:0, dictinctin_value:1.7442155745503336, par:252)
																	idx300(Q:0.4219, distinct_name:0, dictinctin_value:1.3536781616204123, par:270)
																		idx392(Q:0.4213, distinct_name:0, dictinctin_value:1.2274516322533688, par:300)
																			idx416(Q:0.4250, par:392)
																			idx417(Q:0.3919, par:392)
																		idx393(Q:0.4245, par:300)
																	idx301(Q:0.6548, par:270)
																idx271(Q:0.6678, par:252)
															idx253(Q:0.2546, par:226)
														idx227(Q:0.4779, par:212)
													idx213(Q:0.5051, par:200)
												idx201(Q:0.5086, par:192)
											idx193(Q:0.3158, par:186)
										idx187(Q:0.6250, par:178)
									idx179(Q:0.8875, par:170)
								idx171(Q:0.3511, par:160)
							idx161(Q:0.4030, par:23)
				idx15(Q:0.6058, distinct_name:2, dictinctin_value:1.9938158806166744, par:9)
					idx194(Q:0.5958, distinct_name:3, dictinctin_value:2.0149638943737203, par:15)
						idx202(Q:0.5862, distinct_name:3, dictinctin_value:1.626087400144554, par:194)
							idx214(Q:0.5830, distinct_name:1, dictinctin_value:2.6727016574162166, par:202)
								idx228(Q:0.5673, distinct_name:2, dictinctin_value:1.776904010924299, par:214)
									idx240(Q:0.5616, distinct_name:2, dictinctin_value:1.4203463682180766, par:228)
										idx254(Q:0.5507, distinct_name:0, dictinctin_value:2.115573493736756, par:240)
											idx272(Q:0.5516, distinct_name:2, dictinctin_value:1.306259966260203, par:254)
												idx286(Q:0.5391, distinct_name:2, dictinctin_value:1.2529155214914378, par:272)
													idx302(Q:0.5345, distinct_name:2, dictinctin_value:0.808199081795812, par:286)
														idx314(Q:0.5068, distinct_name:2, dictinctin_value:0.7214446989843575, par:302)
															idx326(Q:0.5012, distinct_name:2, dictinctin_value:0.7041168221107604, par:314)
																idx338(Q:0.5002, distinct_name:0, dictinctin_value:2.1110030599556926, par:326)
																	idx352(Q:0.5010, distinct_name:0, dictinctin_value:2.0312710900603177, par:338)
																		idx366(Q:0.4979, distinct_name:2, dictinctin_value:0.6878681581259294, par:352)
																			idx394(Q:0.4952, par:366)
																			idx395(Q:0.7374, par:366)
																		idx367(Q:0.7833, par:352)
																	idx353(Q:0.3397, par:338)
																idx339(Q:0.6013, par:326)
															idx327(Q:0.6781, par:314)
														idx315(Q:0.8479, par:302)
													idx303(Q:0.8603, par:286)
												idx287(Q:0.8446, par:272)
											idx273(Q:0.5122, par:254)
										idx255(Q:0.7862, par:240)
									idx241(Q:0.9026, par:228)
								idx229(Q:0.8349, par:214)
							idx215(Q:0.6883, par:202)
						idx203(Q:0.9146, par:194)
					idx195(Q:0.9952, par:15)
		idx7(Q:0.4254, par:4)
	idx5(Q:0.2910, par:1)
