WARNING:tensorflow:From /Users/keithwu/opt/anaconda3/envs/auction-gym/lib/python3.10/site-packages/tensorflow/python/compat/v2_compat.py:107: disable_resource_variables (from tensorflow.python.ops.variable_scope) is deprecated and will be removed in a future version.
Instructions for updating:
non-resource variables are not supported in the long term
<_io.TextIOWrapper name='<stderr>' mode='w' encoding='utf-8'> reading from ../UTree_model_numpy/DR/model_boost_linear_qsplit_noabs_save/, starting at 70
<_io.TextIOWrapper name='<stderr>' mode='w' encoding='utf-8'> =============== update starts ===============
(average_diff:0.006178514882952997, max_diff:0.04264620488163262, training_epochs:500, lr:0.05)
<_io.TextIOWrapper name='<stderr>' mode='w' encoding='utf-8'> node index is 111
train linear regression time:  0.05079249991104007
(average_diff:0.0019270478508866976, max_diff:0.005367341075803611, training_epochs:500, lr:0.05)
<_io.TextIOWrapper name='<stderr>' mode='w' encoding='utf-8'> node index is 101
train linear regression time:  0.05955820810049772
(average_diff:0.010104423968971338, max_diff:0.03569398551148051, training_epochs:500, lr:0.05)
<_io.TextIOWrapper name='<stderr>' mode='w' encoding='utf-8'> node index is 91
train linear regression time:  0.05433325003832579
(average_diff:0.014289789609750077, max_diff:0.16399008657161854, training_epochs:500, lr:0.05)
<_io.TextIOWrapper name='<stderr>' mode='w' encoding='utf-8'> node index is 83
train linear regression time:  0.051747958175837994
(average_diff:0.016027382597853305, max_diff:0.1576546774897829, training_epochs:500, lr:0.05)
<_io.TextIOWrapper name='<stderr>' mode='w' encoding='utf-8'> node index is 77
train linear regression time:  0.05147916590794921
(average_diff:0.04666989156537245, max_diff:0.26656684380553525, training_epochs:500, lr:0.05)
<_io.TextIOWrapper name='<stderr>' mode='w' encoding='utf-8'> node index is 71
train linear regression time:  0.05225175013765693
(average_diff:0.05055157483565926, max_diff:0.18423209591588807, training_epochs:500, lr:0.05)
<_io.TextIOWrapper name='<stderr>' mode='w' encoding='utf-8'> node index is 63
train linear regression time:  0.052600457798689604
(average_diff:1.9388337737555328e-05, max_diff:2.8842663023859183e-05, training_epochs:500, lr:0.05)
<_io.TextIOWrapper name='<stderr>' mode='w' encoding='utf-8'> node index is 501
train linear regression time:  0.05095433397218585
(average_diff:0.014915087103101743, max_diff:0.015517908147835768, training_epochs:500, lr:0.05)
<_io.TextIOWrapper name='<stderr>' mode='w' encoding='utf-8'> node index is 493
train linear regression time:  0.05140316719189286
(average_diff:6.730727086790012e-16, max_diff:7.91033905045424e-16, training_epochs:500, lr:0.05)
<_io.TextIOWrapper name='<stderr>' mode='w' encoding='utf-8'> node index is 485
train linear regression time:  0.05169662507250905
(average_diff:0.0064101593679948, max_diff:0.01009072290920443, training_epochs:500, lr:0.05)
<_io.TextIOWrapper name='<stderr>' mode='w' encoding='utf-8'> node index is 481
train linear regression time:  0.05082149989902973
(average_diff:2.7755575615628914e-17, max_diff:2.7755575615628914e-17, training_epochs:500, lr:0.05)
<_io.TextIOWrapper name='<stderr>' mode='w' encoding='utf-8'> node index is 475
train linear regression time:  0.05178183317184448
(average_diff:0.003184172380966431, max_diff:0.005798993782454465, training_epochs:500, lr:0.05)
<_io.TextIOWrapper name='<stderr>' mode='w' encoding='utf-8'> node index is 469
train linear regression time:  0.051238832995295525
(average_diff:3.608224830031759e-16, max_diff:7.216449660063518e-16, training_epochs:500, lr:0.05)
<_io.TextIOWrapper name='<stderr>' mode='w' encoding='utf-8'> node index is 465
train linear regression time:  0.05065050022676587
(average_diff:0.07510133704177874, max_diff:0.2864865612179067, training_epochs:500, lr:0.05)
<_io.TextIOWrapper name='<stderr>' mode='w' encoding='utf-8'> node index is 536
train linear regression time:  0.05841441685333848
(average_diff:3.219646771412954e-15, max_diff:3.941291737419306e-15, training_epochs:500, lr:0.05)
<_io.TextIOWrapper name='<stderr>' mode='w' encoding='utf-8'> node index is 537
train linear regression time:  0.05080987513065338
(average_diff:0.004131834965464006, max_diff:0.006234750243341913, training_epochs:500, lr:0.05)
<_io.TextIOWrapper name='<stderr>' mode='w' encoding='utf-8'> node index is 531
train linear regression time:  0.05171595886349678
(average_diff:0.0022626750897557315, max_diff:0.0035345564278032038, training_epochs:500, lr:0.05)
<_io.TextIOWrapper name='<stderr>' mode='w' encoding='utf-8'> node index is 521
train linear regression time:  0.05149804102256894
(average_diff:1.249000902703301e-16, max_diff:1.249000902703301e-16, training_epochs:500, lr:0.05)
<_io.TextIOWrapper name='<stderr>' mode='w' encoding='utf-8'> node index is 511
train linear regression time:  0.05282395891845226
(average_diff:5.828670879282072e-16, max_diff:7.771561172376096e-16, training_epochs:500, lr:0.05)
<_io.TextIOWrapper name='<stderr>' mode='w' encoding='utf-8'> node index is 473
train linear regression time:  0.05149554181843996
(average_diff:2.8449465006019636e-16, max_diff:3.7470027081099033e-16, training_epochs:500, lr:0.05)
<_io.TextIOWrapper name='<stderr>' mode='w' encoding='utf-8'> node index is 471
train linear regression time:  0.05007204180583358
(average_diff:1.0867305250128467e-09, max_diff:1.1093830576403008e-09, training_epochs:500, lr:0.05)
<_io.TextIOWrapper name='<stderr>' mode='w' encoding='utf-8'> node index is 467
train linear regression time:  0.05145762534812093
(average_diff:0.0046623519887958, max_diff:0.007136020337901727, training_epochs:500, lr:0.05)
<_io.TextIOWrapper name='<stderr>' mode='w' encoding='utf-8'> node index is 461
train linear regression time:  0.05077025014907122
(average_diff:0.0012796962760634606, max_diff:0.002531565784055889, training_epochs:500, lr:0.05)
<_io.TextIOWrapper name='<stderr>' mode='w' encoding='utf-8'> node index is 457
train linear regression time:  0.05066591687500477
(average_diff:3.3306690738754696e-16, max_diff:3.3306690738754696e-16, training_epochs:500, lr:0.05)
<_io.TextIOWrapper name='<stderr>' mode='w' encoding='utf-8'> node index is 449
train linear regression time:  0.05302279209718108
(average_diff:2.5673907444456745e-16, max_diff:4.0245584642661925e-16, training_epochs:500, lr:0.05)
<_io.TextIOWrapper name='<stderr>' mode='w' encoding='utf-8'> node index is 445
train linear regression time:  0.05098454188555479
(average_diff:3.3306690738754696e-16, max_diff:4.718447854656915e-16, training_epochs:500, lr:0.05)
<_io.TextIOWrapper name='<stderr>' mode='w' encoding='utf-8'> node index is 433
train linear regression time:  0.050949959084391594
(average_diff:0.003651463700951522, max_diff:0.005417480672029407, training_epochs:500, lr:0.05)
<_io.TextIOWrapper name='<stderr>' mode='w' encoding='utf-8'> node index is 427
train linear regression time:  0.05111754173412919
(average_diff:0.09737373645180508, max_diff:0.31252857365093234, training_epochs:500, lr:0.05)
<_io.TextIOWrapper name='<stderr>' mode='w' encoding='utf-8'> node index is 31
train linear regression time:  0.05812779162079096
(average_diff:1.887379141862766e-15, max_diff:1.9984014443252818e-15, training_epochs:500, lr:0.05)
<_io.TextIOWrapper name='<stderr>' mode='w' encoding='utf-8'> node index is 369
train linear regression time:  0.05190387507900596
(average_diff:0.010087568377701861, max_diff:0.018959517791601543, training_epochs:500, lr:0.05)
<_io.TextIOWrapper name='<stderr>' mode='w' encoding='utf-8'> node index is 355
train linear regression time:  0.05090483324602246
(average_diff:8.570736712935437e-13, max_diff:1.2237433288930788e-12, training_epochs:500, lr:0.05)
<_io.TextIOWrapper name='<stderr>' mode='w' encoding='utf-8'> node index is 341
train linear regression time:  0.05177854187786579
(average_diff:0.02204155568254652, max_diff:0.05572878396467562, training_epochs:500, lr:0.05)
<_io.TextIOWrapper name='<stderr>' mode='w' encoding='utf-8'> node index is 329
train linear regression time:  0.05090358294546604
(average_diff:0.007204535054062922, max_diff:0.012477007331921197, training_epochs:500, lr:0.05)
<_io.TextIOWrapper name='<stderr>' mode='w' encoding='utf-8'> node index is 317
train linear regression time:  0.051203582901507616
(average_diff:0.06092100047377238, max_diff:0.2197053499657984, training_epochs:500, lr:0.05)
<_io.TextIOWrapper name='<stderr>' mode='w' encoding='utf-8'> node index is 305
train linear regression time:  0.05183858284726739
(average_diff:1.339206523454095e-15, max_diff:1.3461454173580023e-15, training_epochs:500, lr:0.05)
<_io.TextIOWrapper name='<stderr>' mode='w' encoding='utf-8'> node index is 289
train linear regression time:  0.05044366559013724
(average_diff:0.0009506419001512834, max_diff:0.0018745120256715708, training_epochs:500, lr:0.05)
<_io.TextIOWrapper name='<stderr>' mode='w' encoding='utf-8'> node index is 257
train linear regression time:  0.05188887473195791
(average_diff:0.06740522648030749, max_diff:0.1393751610280261, training_epochs:500, lr:0.05)
<_io.TextIOWrapper name='<stderr>' mode='w' encoding='utf-8'> node index is 243
train linear regression time:  0.051465833093971014
(average_diff:0.023526345474709543, max_diff:0.03583370231665137, training_epochs:500, lr:0.05)
<_io.TextIOWrapper name='<stderr>' mode='w' encoding='utf-8'> node index is 231
train linear regression time:  0.052381500136107206
(average_diff:0.09598608399817748, max_diff:0.1847681378402811, training_epochs:500, lr:0.05)
<_io.TextIOWrapper name='<stderr>' mode='w' encoding='utf-8'> node index is 217
train linear regression time:  0.053723542019724846
(average_diff:0.006905652132953734, max_diff:0.01416097221864454, training_epochs:500, lr:0.05)
<_io.TextIOWrapper name='<stderr>' mode='w' encoding='utf-8'> node index is 275
train linear regression time:  0.050209667067974806
(average_diff:0.012292730201715164, max_diff:0.022711639222691926, training_epochs:500, lr:0.05)
<_io.TextIOWrapper name='<stderr>' mode='w' encoding='utf-8'> node index is 259
train linear regression time:  0.05208320915699005
(average_diff:0.006912173172006963, max_diff:0.012682708407144028, training_epochs:500, lr:0.05)
<_io.TextIOWrapper name='<stderr>' mode='w' encoding='utf-8'> node index is 245
train linear regression time:  0.050922667142003775
(average_diff:0.005522307171444675, max_diff:0.0120936040777892, training_epochs:500, lr:0.05)
<_io.TextIOWrapper name='<stderr>' mode='w' encoding='utf-8'> node index is 233
train linear regression time:  0.051268082577735186
(average_diff:1.0547118733938987e-15, max_diff:1.4432899320127035e-15, training_epochs:500, lr:0.05)
<_io.TextIOWrapper name='<stderr>' mode='w' encoding='utf-8'> node index is 219
train linear regression time:  0.05129599990323186
(average_diff:0.009269899482863418, max_diff:0.015685485729984072, training_epochs:500, lr:0.05)
<_io.TextIOWrapper name='<stderr>' mode='w' encoding='utf-8'> node index is 205
train linear regression time:  0.05072845797985792
(average_diff:0.015512374090975634, max_diff:0.043923756459992136, training_epochs:500, lr:0.05)
<_io.TextIOWrapper name='<stderr>' mode='w' encoding='utf-8'> node index is 197
train linear regression time:  0.051614999771118164
(average_diff:0.0301621554542697, max_diff:0.06428894147006892, training_epochs:500, lr:0.05)
<_io.TextIOWrapper name='<stderr>' mode='w' encoding='utf-8'> node index is 189
train linear regression time:  0.051523749716579914
(average_diff:0.01869436304060572, max_diff:0.056901181206296614, training_epochs:500, lr:0.05)
<_io.TextIOWrapper name='<stderr>' mode='w' encoding='utf-8'> node index is 181
train linear regression time:  0.050437749829143286
(average_diff:0.027581827572942485, max_diff:0.06346481575605112, training_epochs:500, lr:0.05)
<_io.TextIOWrapper name='<stderr>' mode='w' encoding='utf-8'> node index is 173
train linear regression time:  0.051011750008910894
(average_diff:0.018290719640600087, max_diff:0.04366969210608529, training_epochs:500, lr:0.05)
<_io.TextIOWrapper name='<stderr>' mode='w' encoding='utf-8'> node index is 163
train linear regression time:  0.05092100007459521
(average_diff:0.0, max_diff:0.0, training_epochs:500, lr:0.05)
<_io.TextIOWrapper name='<stderr>' mode='w' encoding='utf-8'> node index is 153
train linear regression time:  0.05197241622954607
(average_diff:0.00010238351202647433, max_diff:0.0001963263526404413, training_epochs:500, lr:0.05)
<_io.TextIOWrapper name='<stderr>' mode='w' encoding='utf-8'> node index is 221
train linear regression time:  0.05109666706994176
(average_diff:0.10699966007303736, max_diff:0.29078611575370794, training_epochs:500, lr:0.05)
<_io.TextIOWrapper name='<stderr>' mode='w' encoding='utf-8'> node index is 207
train linear regression time:  0.050760666374117136
(average_diff:0.16360029196137205, max_diff:0.639369337527588, training_epochs:500, lr:0.05)
<_io.TextIOWrapper name='<stderr>' mode='w' encoding='utf-8'> node index is 165
train linear regression time:  0.05230512470006943
(average_diff:0.12537012460773106, max_diff:0.31964959156935513, training_epochs:500, lr:0.05)
<_io.TextIOWrapper name='<stderr>' mode='w' encoding='utf-8'> node index is 155
train linear regression time:  0.05156533280387521
(average_diff:0.1633767018816904, max_diff:0.2857678652329473, training_epochs:500, lr:0.05)
<_io.TextIOWrapper name='<stderr>' mode='w' encoding='utf-8'> node index is 149
train linear regression time:  0.051577291917055845
(average_diff:0.046059358685014984, max_diff:0.13954963668830728, training_epochs:500, lr:0.05)
<_io.TextIOWrapper name='<stderr>' mode='w' encoding='utf-8'> node index is 147
train linear regression time:  0.05216954229399562
(average_diff:0.05094208871763556, max_diff:0.16894573819489378, training_epochs:500, lr:0.05)
<_io.TextIOWrapper name='<stderr>' mode='w' encoding='utf-8'> node index is 143
train linear regression time:  0.05164895812049508
(average_diff:0.034871343664213725, max_diff:0.09064387787125838, training_epochs:500, lr:0.05)
<_io.TextIOWrapper name='<stderr>' mode='w' encoding='utf-8'> node index is 137
train linear regression time:  0.05288770794868469
(average_diff:0.0476499968593492, max_diff:0.13274804196978385, training_epochs:500, lr:0.05)
<_io.TextIOWrapper name='<stderr>' mode='w' encoding='utf-8'> node index is 131
train linear regression time:  0.05145758343860507
(average_diff:0.03275499265704727, max_diff:0.06733217879151471, training_epochs:500, lr:0.05)
<_io.TextIOWrapper name='<stderr>' mode='w' encoding='utf-8'> node index is 123
train linear regression time:  0.051684041041880846
(average_diff:0.034537421312569185, max_diff:0.09244544424411749, training_epochs:500, lr:0.05)
<_io.TextIOWrapper name='<stderr>' mode='w' encoding='utf-8'> node index is 113
train linear regression time:  0.05320254107937217
(average_diff:0.0933239782386126, max_diff:0.36806926396609874, training_epochs:500, lr:0.05)
<_io.TextIOWrapper name='<stderr>' mode='w' encoding='utf-8'> node index is 103
train linear regression time:  0.05158670898526907
(average_diff:0.048609354024025206, max_diff:0.1600876667621418, training_epochs:500, lr:0.05)
<_io.TextIOWrapper name='<stderr>' mode='w' encoding='utf-8'> node index is 93
train linear regression time:  0.05104270903393626
(average_diff:0.024078832279287372, max_diff:0.07055012110435263, training_epochs:500, lr:0.05)
<_io.TextIOWrapper name='<stderr>' mode='w' encoding='utf-8'> node index is 139
train linear regression time:  0.05120775010436773
(average_diff:0.06796173384998083, max_diff:0.21894332292873725, training_epochs:500, lr:0.05)
<_io.TextIOWrapper name='<stderr>' mode='w' encoding='utf-8'> node index is 133
train linear regression time:  0.05118233431130648
(average_diff:0.025257641718849914, max_diff:0.050745204127888105, training_epochs:500, lr:0.05)
<_io.TextIOWrapper name='<stderr>' mode='w' encoding='utf-8'> node index is 125
train linear regression time:  0.052031958010047674
(average_diff:0.072413379022033, max_diff:0.2464691271676998, training_epochs:500, lr:0.05)
<_io.TextIOWrapper name='<stderr>' mode='w' encoding='utf-8'> node index is 115
train linear regression time:  0.05121941724792123
(average_diff:0.07859368419366791, max_diff:0.29124477172144514, training_epochs:500, lr:0.05)
<_io.TextIOWrapper name='<stderr>' mode='w' encoding='utf-8'> node index is 105
train linear regression time:  0.05136370798572898
(average_diff:0.05649497350828991, max_diff:0.21973555209278134, training_epochs:500, lr:0.05)
<_io.TextIOWrapper name='<stderr>' mode='w' encoding='utf-8'> node index is 95
train linear regression time:  0.05147333303466439
(average_diff:0.07638031492282171, max_diff:0.14820478664425338, training_epochs:500, lr:0.05)
<_io.TextIOWrapper name='<stderr>' mode='w' encoding='utf-8'> node index is 85
train linear regression time:  0.05380258383229375
(average_diff:0.06981543288313766, max_diff:0.22535498082319178, training_epochs:500, lr:0.05)
<_io.TextIOWrapper name='<stderr>' mode='w' encoding='utf-8'> node index is 79
train linear regression time:  0.054467459209263325
(average_diff:0.11026270453930889, max_diff:0.4149099457358242, training_epochs:500, lr:0.05)
<_io.TextIOWrapper name='<stderr>' mode='w' encoding='utf-8'> node index is 73
train linear regression time:  0.05237708333879709
(average_diff:0.080684086371449, max_diff:0.3756900729850302, training_epochs:500, lr:0.05)
<_io.TextIOWrapper name='<stderr>' mode='w' encoding='utf-8'> node index is 65
train linear regression time:  0.055063582956790924
(average_diff:0.08229554407784818, max_diff:0.4341374086675073, training_epochs:500, lr:0.05)
<_io.TextIOWrapper name='<stderr>' mode='w' encoding='utf-8'> node index is 522
train linear regression time:  0.05887216608971357
<_io.TextIOWrapper name='<stderr>' mode='w' encoding='utf-8'> variance test passed, diff=0.029878851044450122, d = 1, back=0
<_io.TextIOWrapper name='<stderr>' mode='w' encoding='utf-8'> Will be split, p=0.029878851044450122, d=1, back=0
(average_diff:0.08049297658732246, max_diff:0.4305554923044098, training_epochs:500, lr:0.05)
<_io.TextIOWrapper name='<stderr>' mode='w' encoding='utf-8'> node index is 538
train linear regression time:  0.060138999950140715
(average_diff:0.01844804279244472, max_diff:0.018712694873941116, training_epochs:500, lr:0.05)
<_io.TextIOWrapper name='<stderr>' mode='w' encoding='utf-8'> node index is 539
train linear regression time:  0.051991417072713375
(average_diff:4.271874520789254e-10, max_diff:4.613197601699426e-10, training_epochs:500, lr:0.05)
<_io.TextIOWrapper name='<stderr>' mode='w' encoding='utf-8'> node index is 523
train linear regression time:  0.052153832744807005
(average_diff:1.942890293094024e-16, max_diff:1.942890293094024e-16, training_epochs:500, lr:0.05)
<_io.TextIOWrapper name='<stderr>' mode='w' encoding='utf-8'> node index is 513
train linear regression time:  0.05064533278346062
(average_diff:0.0, max_diff:0.0, training_epochs:500, lr:0.05)
<_io.TextIOWrapper name='<stderr>' mode='w' encoding='utf-8'> node index is 505
train linear regression time:  0.05177762499079108
(average_diff:2.643166026198666e-06, max_diff:3.889226739661744e-06, training_epochs:500, lr:0.05)
<_io.TextIOWrapper name='<stderr>' mode='w' encoding='utf-8'> node index is 495
train linear regression time:  0.05097545823082328
(average_diff:0.013393750430859299, max_diff:0.016896597416881473, training_epochs:500, lr:0.05)
<_io.TextIOWrapper name='<stderr>' mode='w' encoding='utf-8'> node index is 487
train linear regression time:  0.050245124846696854
(average_diff:0.08631462285326943, max_diff:0.5849929801666004, training_epochs:500, lr:0.05)
<_io.TextIOWrapper name='<stderr>' mode='w' encoding='utf-8'> node index is 47
train linear regression time:  0.05809741700068116
(average_diff:1.6461570206451521e-06, max_diff:2.645053244168527e-06, training_epochs:500, lr:0.05)
<_io.TextIOWrapper name='<stderr>' mode='w' encoding='utf-8'> node index is 397
train linear regression time:  0.050469374749809504
(average_diff:0.025885372593078812, max_diff:0.052643731412460315, training_epochs:500, lr:0.05)
<_io.TextIOWrapper name='<stderr>' mode='w' encoding='utf-8'> node index is 383
train linear regression time:  0.05131166707724333
(average_diff:1.1102230246251565e-16, max_diff:1.1102230246251565e-16, training_epochs:500, lr:0.05)
<_io.TextIOWrapper name='<stderr>' mode='w' encoding='utf-8'> node index is 371
train linear regression time:  0.050773083698004484
(average_diff:0.19122044708368882, max_diff:0.48212598020654307, training_epochs:500, lr:0.05)
<_io.TextIOWrapper name='<stderr>' mode='w' encoding='utf-8'> node index is 357
train linear regression time:  0.050518499687314034
(average_diff:0.10771300792768998, max_diff:0.20919545492853486, training_epochs:500, lr:0.05)
<_io.TextIOWrapper name='<stderr>' mode='w' encoding='utf-8'> node index is 343
train linear regression time:  0.05093599995598197
(average_diff:2.0801878738060017e-13, max_diff:2.7267077484793845e-13, training_epochs:500, lr:0.05)
<_io.TextIOWrapper name='<stderr>' mode='w' encoding='utf-8'> node index is 331
train linear regression time:  0.04966024961322546
(average_diff:0.007447284073508642, max_diff:0.014724104426068196, training_epochs:500, lr:0.05)
<_io.TextIOWrapper name='<stderr>' mode='w' encoding='utf-8'> node index is 319
train linear regression time:  0.053670874796807766
(average_diff:0.1614339994135846, max_diff:0.4353494887251972, training_epochs:500, lr:0.05)
<_io.TextIOWrapper name='<stderr>' mode='w' encoding='utf-8'> node index is 307
train linear regression time:  0.0509248748421669
(average_diff:6.106226635438361e-16, max_diff:6.661338147750939e-16, training_epochs:500, lr:0.05)
<_io.TextIOWrapper name='<stderr>' mode='w' encoding='utf-8'> node index is 293
train linear regression time:  0.05062141641974449
(average_diff:0.009285931022275063, max_diff:0.020805663952221498, training_epochs:500, lr:0.05)
<_io.TextIOWrapper name='<stderr>' mode='w' encoding='utf-8'> node index is 277
train linear regression time:  0.05121804168447852
(average_diff:0.013077324956760498, max_diff:0.026570609932842465, training_epochs:500, lr:0.05)
<_io.TextIOWrapper name='<stderr>' mode='w' encoding='utf-8'> node index is 261
train linear regression time:  0.05061037465929985
(average_diff:0.10341562256702534, max_diff:0.19535567002145549, training_epochs:500, lr:0.05)
<_io.TextIOWrapper name='<stderr>' mode='w' encoding='utf-8'> node index is 247
train linear regression time:  0.052654165774583817
(average_diff:0.17101972537625373, max_diff:0.6970595648767866, training_epochs:500, lr:0.05)
<_io.TextIOWrapper name='<stderr>' mode='w' encoding='utf-8'> node index is 532
train linear regression time:  0.057596083264797926
<_io.TextIOWrapper name='<stderr>' mode='w' encoding='utf-8'> variance test passed, diff=0.05884070967811137, d = 0, back=0
<_io.TextIOWrapper name='<stderr>' mode='w' encoding='utf-8'> Will be split, p=0.05884070967811137, d=0, back=0
(average_diff:5.551115123125783e-17, max_diff:5.551115123125783e-17, training_epochs:500, lr:0.05)
<_io.TextIOWrapper name='<stderr>' mode='w' encoding='utf-8'> node index is 533
train linear regression time:  0.053689499851316214
(average_diff:2.220446049250313e-16, max_diff:2.220446049250313e-16, training_epochs:500, lr:0.05)
<_io.TextIOWrapper name='<stderr>' mode='w' encoding='utf-8'> node index is 525
train linear regression time:  0.05085191735997796
(average_diff:5.935393826983493e-07, max_diff:6.487310063585383e-07, training_epochs:500, lr:0.05)
<_io.TextIOWrapper name='<stderr>' mode='w' encoding='utf-8'> node index is 515
train linear regression time:  0.05074620759114623
(average_diff:6.938893903907228e-17, max_diff:6.938893903907228e-17, training_epochs:500, lr:0.05)
<_io.TextIOWrapper name='<stderr>' mode='w' encoding='utf-8'> node index is 503
train linear regression time:  0.050431542098522186
(average_diff:0.001196076132119676, max_diff:0.0017966806237094124, training_epochs:500, lr:0.05)
<_io.TextIOWrapper name='<stderr>' mode='w' encoding='utf-8'> node index is 497
train linear regression time:  0.05179208284243941
(average_diff:2.7755575615628914e-17, max_diff:2.7755575615628914e-17, training_epochs:500, lr:0.05)
<_io.TextIOWrapper name='<stderr>' mode='w' encoding='utf-8'> node index is 489
train linear regression time:  0.051005249843001366
(average_diff:0.0, max_diff:0.0, training_epochs:500, lr:0.05)
<_io.TextIOWrapper name='<stderr>' mode='w' encoding='utf-8'> node index is 483
train linear regression time:  0.049882750026881695
(average_diff:5.551115123125783e-17, max_diff:5.551115123125783e-17, training_epochs:500, lr:0.05)
<_io.TextIOWrapper name='<stderr>' mode='w' encoding='utf-8'> node index is 479
train linear regression time:  0.05139175010845065
(average_diff:9.184997254219063e-06, max_diff:1.4533503237101897e-05, training_epochs:500, lr:0.05)
<_io.TextIOWrapper name='<stderr>' mode='w' encoding='utf-8'> node index is 463
train linear regression time:  0.05061449995264411
(average_diff:0.00022107057983714964, max_diff:0.000337739584581942, training_epochs:500, lr:0.05)
<_io.TextIOWrapper name='<stderr>' mode='w' encoding='utf-8'> node index is 459
train linear regression time:  0.050521708093583584
(average_diff:4.996003610813204e-16, max_diff:5.551115123125783e-16, training_epochs:500, lr:0.05)
<_io.TextIOWrapper name='<stderr>' mode='w' encoding='utf-8'> node index is 451
train linear regression time:  0.051702875178307295
(average_diff:1.1102230246251565e-16, max_diff:1.1102230246251565e-16, training_epochs:500, lr:0.05)
<_io.TextIOWrapper name='<stderr>' mode='w' encoding='utf-8'> node index is 439
train linear regression time:  0.051671167369931936
(average_diff:4.908433795172695e-05, max_diff:9.905907355445276e-05, training_epochs:500, lr:0.05)
<_io.TextIOWrapper name='<stderr>' mode='w' encoding='utf-8'> node index is 437
train linear regression time:  0.05123970936983824
(average_diff:0.03179469878815009, max_diff:0.0656392300407546, training_epochs:500, lr:0.05)
<_io.TextIOWrapper name='<stderr>' mode='w' encoding='utf-8'> node index is 117
train linear regression time:  0.05084866704419255
(average_diff:0.022148415209683095, max_diff:0.06432436073662696, training_epochs:500, lr:0.05)
<_io.TextIOWrapper name='<stderr>' mode='w' encoding='utf-8'> node index is 107
train linear regression time:  0.050954083912074566
(average_diff:0.04014270259381987, max_diff:0.12610789656482596, training_epochs:500, lr:0.05)
<_io.TextIOWrapper name='<stderr>' mode='w' encoding='utf-8'> node index is 97
train linear regression time:  0.05161700025200844
(average_diff:0.06007443575353555, max_diff:0.1629300199095267, training_epochs:500, lr:0.05)
<_io.TextIOWrapper name='<stderr>' mode='w' encoding='utf-8'> node index is 87
train linear regression time:  0.05095212534070015
(average_diff:0.06294349175865363, max_diff:0.2964608931594701, training_epochs:500, lr:0.05)
<_io.TextIOWrapper name='<stderr>' mode='w' encoding='utf-8'> node index is 81
train linear regression time:  0.05322058266028762
(average_diff:0.07473879398902977, max_diff:0.29956713065895235, training_epochs:500, lr:0.05)
<_io.TextIOWrapper name='<stderr>' mode='w' encoding='utf-8'> node index is 75
train linear regression time:  0.051733499858528376
(average_diff:0.09591233104141546, max_diff:0.31960382470327975, training_epochs:500, lr:0.05)
<_io.TextIOWrapper name='<stderr>' mode='w' encoding='utf-8'> node index is 526
train linear regression time:  0.05803833296522498
(average_diff:1.1102230246251565e-16, max_diff:1.1102230246251565e-16, training_epochs:500, lr:0.05)
<_io.TextIOWrapper name='<stderr>' mode='w' encoding='utf-8'> node index is 527
train linear regression time:  0.052006958052515984
(average_diff:5.551115123125783e-17, max_diff:5.551115123125783e-17, training_epochs:500, lr:0.05)
<_io.TextIOWrapper name='<stderr>' mode='w' encoding='utf-8'> node index is 507
train linear regression time:  0.052111499942839146
(average_diff:0.16876798200050352, max_diff:0.5498945344996278, training_epochs:500, lr:0.05)
<_io.TextIOWrapper name='<stderr>' mode='w' encoding='utf-8'> node index is 59
train linear regression time:  0.05292666610330343
(average_diff:0.09673574699572506, max_diff:0.3277123143924571, training_epochs:500, lr:0.05)
<_io.TextIOWrapper name='<stderr>' mode='w' encoding='utf-8'> node index is 49
train linear regression time:  0.05215716687962413
(average_diff:0.16094654403807684, max_diff:0.6275783756269016, training_epochs:500, lr:0.05)
<_io.TextIOWrapper name='<stderr>' mode='w' encoding='utf-8'> node index is 534
train linear regression time:  0.06001499993726611
<_io.TextIOWrapper name='<stderr>' mode='w' encoding='utf-8'> variance test passed, diff=0.060113713103938676, d = 0, back=0
<_io.TextIOWrapper name='<stderr>' mode='w' encoding='utf-8'> Will be split, p=0.060113713103938676, d=0, back=0
(average_diff:0.1618369779669619, max_diff:0.6216956473288436, training_epochs:500, lr:0.05)
<_io.TextIOWrapper name='<stderr>' mode='w' encoding='utf-8'> node index is 542
train linear regression time:  0.05930062523111701
(average_diff:1.6653345369377348e-16, max_diff:1.6653345369377348e-16, training_epochs:500, lr:0.05)
<_io.TextIOWrapper name='<stderr>' mode='w' encoding='utf-8'> node index is 543
train linear regression time:  0.05196145782247186
(average_diff:1.3812518628864012e-09, max_diff:1.383524406151082e-09, training_epochs:500, lr:0.05)
<_io.TextIOWrapper name='<stderr>' mode='w' encoding='utf-8'> node index is 535
train linear regression time:  0.051269750110805035
(average_diff:8.326672684688674e-17, max_diff:1.1102230246251565e-16, training_epochs:500, lr:0.05)
<_io.TextIOWrapper name='<stderr>' mode='w' encoding='utf-8'> node index is 529
train linear regression time:  0.050206500105559826
(average_diff:1.1102230246251565e-16, max_diff:1.1102230246251565e-16, training_epochs:500, lr:0.05)
<_io.TextIOWrapper name='<stderr>' mode='w' encoding='utf-8'> node index is 517
train linear regression time:  0.05115341721102595
(average_diff:2.5560710184058255e-05, max_diff:2.6322377033261013e-05, training_epochs:500, lr:0.05)
<_io.TextIOWrapper name='<stderr>' mode='w' encoding='utf-8'> node index is 509
train linear regression time:  0.050593291874974966
(average_diff:0.0, max_diff:0.0, training_epochs:500, lr:0.05)
<_io.TextIOWrapper name='<stderr>' mode='w' encoding='utf-8'> node index is 499
train linear regression time:  0.05101295793429017
(average_diff:0.008902933493697307, max_diff:0.014166456221557766, training_epochs:500, lr:0.05)
<_io.TextIOWrapper name='<stderr>' mode='w' encoding='utf-8'> node index is 491
train linear regression time:  0.051614874973893166
(average_diff:0.000506929429490429, max_diff:0.0009938875124668178, training_epochs:500, lr:0.05)
<_io.TextIOWrapper name='<stderr>' mode='w' encoding='utf-8'> node index is 385
train linear regression time:  0.05089849978685379
(average_diff:1.2490009027033011e-15, max_diff:1.5126788710517758e-15, training_epochs:500, lr:0.05)
<_io.TextIOWrapper name='<stderr>' mode='w' encoding='utf-8'> node index is 373
train linear regression time:  0.0516444998793304
(average_diff:0.0, max_diff:0.0, training_epochs:500, lr:0.05)
<_io.TextIOWrapper name='<stderr>' mode='w' encoding='utf-8'> node index is 359
train linear regression time:  0.052104124799370766
(average_diff:0.07175395052592273, max_diff:0.21576550644114184, training_epochs:500, lr:0.05)
<_io.TextIOWrapper name='<stderr>' mode='w' encoding='utf-8'> node index is 345
train linear regression time:  0.0515858749859035
(average_diff:0.06340742859695742, max_diff:0.09496637816158693, training_epochs:500, lr:0.05)
<_io.TextIOWrapper name='<stderr>' mode='w' encoding='utf-8'> node index is 321
train linear regression time:  0.051079874858260155
(average_diff:0.04999554353811739, max_diff:0.12889651201769942, training_epochs:500, lr:0.05)
<_io.TextIOWrapper name='<stderr>' mode='w' encoding='utf-8'> node index is 295
train linear regression time:  0.051442625001072884
(average_diff:0.10880867381258641, max_diff:0.1774916577804294, training_epochs:500, lr:0.05)
<_io.TextIOWrapper name='<stderr>' mode='w' encoding='utf-8'> node index is 279
train linear regression time:  0.05126300035044551
(average_diff:4.163336342344337e-17, max_diff:8.326672684688674e-17, training_epochs:500, lr:0.05)
<_io.TextIOWrapper name='<stderr>' mode='w' encoding='utf-8'> node index is 263
train linear regression time:  0.05284483311697841
(average_diff:0.015530242135532743, max_diff:0.03358182619081984, training_epochs:500, lr:0.05)
<_io.TextIOWrapper name='<stderr>' mode='w' encoding='utf-8'> node index is 249
train linear regression time:  0.05176945775747299
(average_diff:0.06859406464662499, max_diff:0.11503705177473889, training_epochs:500, lr:0.05)
<_io.TextIOWrapper name='<stderr>' mode='w' encoding='utf-8'> node index is 237
train linear regression time:  0.05096770916134119
(average_diff:1.6583956430338276e-15, max_diff:2.886579864025407e-15, training_epochs:500, lr:0.05)
<_io.TextIOWrapper name='<stderr>' mode='w' encoding='utf-8'> node index is 265
train linear regression time:  0.050623790826648474
(average_diff:8.326672684688674e-17, max_diff:1.1102230246251565e-16, training_epochs:500, lr:0.05)
<_io.TextIOWrapper name='<stderr>' mode='w' encoding='utf-8'> node index is 251
train linear regression time:  0.051200666930526495
(average_diff:0.08815870727559615, max_diff:0.33378063333617725, training_epochs:500, lr:0.05)
<_io.TextIOWrapper name='<stderr>' mode='w' encoding='utf-8'> node index is 239
train linear regression time:  0.05093308258801699
(average_diff:0.07336033798921651, max_diff:0.1258969593856144, training_epochs:500, lr:0.05)
<_io.TextIOWrapper name='<stderr>' mode='w' encoding='utf-8'> node index is 223
train linear regression time:  0.050852874759584665
(average_diff:0.013518204409855775, max_diff:0.027728240537529314, training_epochs:500, lr:0.05)
<_io.TextIOWrapper name='<stderr>' mode='w' encoding='utf-8'> node index is 209
train linear regression time:  0.05407370766624808
(average_diff:0.033262077524448666, max_diff:0.0538859567137826, training_epochs:500, lr:0.05)
<_io.TextIOWrapper name='<stderr>' mode='w' encoding='utf-8'> node index is 199
train linear regression time:  0.05112137505784631
(average_diff:0.08110660213856287, max_diff:0.20864690239776926, training_epochs:500, lr:0.05)
<_io.TextIOWrapper name='<stderr>' mode='w' encoding='utf-8'> node index is 191
train linear regression time:  0.05138712469488382
(average_diff:0.0482645342075112, max_diff:0.11280203907444417, training_epochs:500, lr:0.05)
<_io.TextIOWrapper name='<stderr>' mode='w' encoding='utf-8'> node index is 183
train linear regression time:  0.05147733399644494
(average_diff:0.11074990979064081, max_diff:0.21921887006181762, training_epochs:500, lr:0.05)
<_io.TextIOWrapper name='<stderr>' mode='w' encoding='utf-8'> node index is 175
train linear regression time:  0.05149312503635883
(average_diff:0.09998595046694637, max_diff:0.2361005206102112, training_epochs:500, lr:0.05)
<_io.TextIOWrapper name='<stderr>' mode='w' encoding='utf-8'> node index is 167
train linear regression time:  0.05212425021454692
(average_diff:0.06221054338633378, max_diff:0.1466810477304029, training_epochs:500, lr:0.05)
<_io.TextIOWrapper name='<stderr>' mode='w' encoding='utf-8'> node index is 157
train linear regression time:  0.05079487478360534
(average_diff:0.0, max_diff:0.0, training_epochs:500, lr:0.05)
<_io.TextIOWrapper name='<stderr>' mode='w' encoding='utf-8'> node index is 323
train linear regression time:  0.051926791202276945
(average_diff:1.1102230246251565e-16, max_diff:1.1102230246251565e-16, training_epochs:500, lr:0.05)
<_io.TextIOWrapper name='<stderr>' mode='w' encoding='utf-8'> node index is 309
train linear regression time:  0.05150137469172478
(average_diff:0.07825618374031265, max_diff:0.17964924726236098, training_epochs:500, lr:0.05)
<_io.TextIOWrapper name='<stderr>' mode='w' encoding='utf-8'> node index is 297
train linear regression time:  0.05027545802295208
(average_diff:0.13919926094747734, max_diff:0.23475048706584573, training_epochs:500, lr:0.05)
<_io.TextIOWrapper name='<stderr>' mode='w' encoding='utf-8'> node index is 283
train linear regression time:  0.05116220796480775
(average_diff:0.06399821391564088, max_diff:0.18721880642315183, training_epochs:500, lr:0.05)
<_io.TextIOWrapper name='<stderr>' mode='w' encoding='utf-8'> node index is 267
train linear regression time:  0.050913041923195124
(average_diff:0.1624311852813961, max_diff:0.5593336558425701, training_epochs:500, lr:0.05)
<_io.TextIOWrapper name='<stderr>' mode='w' encoding='utf-8'> node index is 225
train linear regression time:  0.051425375044345856
(average_diff:0.2147098328356955, max_diff:0.41844448352831587, training_epochs:500, lr:0.05)
<_io.TextIOWrapper name='<stderr>' mode='w' encoding='utf-8'> node index is 211
train linear regression time:  0.05163050023838878
(average_diff:0.1296408193838007, max_diff:0.29845950292417506, training_epochs:500, lr:0.05)
<_io.TextIOWrapper name='<stderr>' mode='w' encoding='utf-8'> node index is 185
train linear regression time:  0.05230166669934988
(average_diff:0.14566069659893371, max_diff:0.46361462329834313, training_epochs:500, lr:0.05)
<_io.TextIOWrapper name='<stderr>' mode='w' encoding='utf-8'> node index is 177
train linear regression time:  0.05130808427929878
(average_diff:0.16036732701443857, max_diff:0.39834549994635793, training_epochs:500, lr:0.05)
<_io.TextIOWrapper name='<stderr>' mode='w' encoding='utf-8'> node index is 169
train linear regression time:  0.05023929104208946
(average_diff:0.0, max_diff:0.0, training_epochs:500, lr:0.05)
<_io.TextIOWrapper name='<stderr>' mode='w' encoding='utf-8'> node index is 159
train linear regression time:  0.0508819161914289
(average_diff:0.11529301032300006, max_diff:0.22749548533676278, training_epochs:500, lr:0.05)
<_io.TextIOWrapper name='<stderr>' mode='w' encoding='utf-8'> node index is 151
train linear regression time:  0.05118050007149577
(average_diff:0.03952805336509306, max_diff:0.09193864156148193, training_epochs:500, lr:0.05)
<_io.TextIOWrapper name='<stderr>' mode='w' encoding='utf-8'> node index is 135
train linear regression time:  0.05325700016692281
(average_diff:0.0512025558796467, max_diff:0.10496974728460046, training_epochs:500, lr:0.05)
<_io.TextIOWrapper name='<stderr>' mode='w' encoding='utf-8'> node index is 129
train linear regression time:  0.051757334265857935
(average_diff:0.030262727666189565, max_diff:0.10943737614173005, training_epochs:500, lr:0.05)
<_io.TextIOWrapper name='<stderr>' mode='w' encoding='utf-8'> node index is 119
train linear regression time:  0.05558637483045459
(average_diff:0.03873361243507275, max_diff:0.10432707356581089, training_epochs:500, lr:0.05)
<_io.TextIOWrapper name='<stderr>' mode='w' encoding='utf-8'> node index is 109
train linear regression time:  0.05464162491261959
(average_diff:0.04263247349474645, max_diff:0.18609918384559931, training_epochs:500, lr:0.05)
<_io.TextIOWrapper name='<stderr>' mode='w' encoding='utf-8'> node index is 99
train linear regression time:  0.05600054236128926
(average_diff:8.326672684688674e-17, max_diff:8.326672684688674e-17, training_epochs:500, lr:0.05)
<_io.TextIOWrapper name='<stderr>' mode='w' encoding='utf-8'> node index is 447
train linear regression time:  0.05384537484496832
(average_diff:1.3448853419806284e-09, max_diff:1.833869611722605e-09, training_epochs:500, lr:0.05)
<_io.TextIOWrapper name='<stderr>' mode='w' encoding='utf-8'> node index is 441
train linear regression time:  0.054743167012929916
(average_diff:0.01673354854866907, max_diff:0.033029001878505354, training_epochs:500, lr:0.05)
<_io.TextIOWrapper name='<stderr>' mode='w' encoding='utf-8'> node index is 435
train linear regression time:  0.05526183405891061
(average_diff:5.551115123125783e-17, max_diff:5.551115123125783e-17, training_epochs:500, lr:0.05)
<_io.TextIOWrapper name='<stderr>' mode='w' encoding='utf-8'> node index is 429
train linear regression time:  0.054280000273138285
(average_diff:1.8245902936679195e-10, max_diff:2.7244806410919864e-10, training_epochs:500, lr:0.05)
<_io.TextIOWrapper name='<stderr>' mode='w' encoding='utf-8'> node index is 421
train linear regression time:  0.05450008297339082
(average_diff:0.00627838509296688, max_diff:0.17019314813318548, training_epochs:500, lr:0.05)
<_io.TextIOWrapper name='<stderr>' mode='w' encoding='utf-8'> node index is 69
train linear regression time:  0.055803083814680576
(average_diff:0.06979375587779892, max_diff:0.24227275938791046, training_epochs:500, lr:0.05)
<_io.TextIOWrapper name='<stderr>' mode='w' encoding='utf-8'> node index is 61
train linear regression time:  0.055064375046640635
(average_diff:0.1051566520097309, max_diff:0.4328617202257512, training_epochs:500, lr:0.05)
<_io.TextIOWrapper name='<stderr>' mode='w' encoding='utf-8'> node index is 53
train linear regression time:  0.05309579102322459
(average_diff:0.01884390884841972, max_diff:0.04357493046370298, training_epochs:500, lr:0.05)
<_io.TextIOWrapper name='<stderr>' mode='w' encoding='utf-8'> node index is 401
train linear regression time:  0.05230762483552098
(average_diff:0.0, max_diff:0.0, training_epochs:500, lr:0.05)
<_io.TextIOWrapper name='<stderr>' mode='w' encoding='utf-8'> node index is 387
train linear regression time:  0.05297058401629329
(average_diff:2.794972504788218e-05, max_diff:4.202939809816453e-05, training_epochs:500, lr:0.05)
<_io.TextIOWrapper name='<stderr>' mode='w' encoding='utf-8'> node index is 375
train linear regression time:  0.052013583946973085
(average_diff:0.0003665630396885722, max_diff:0.000519317593373203, training_epochs:500, lr:0.05)
<_io.TextIOWrapper name='<stderr>' mode='w' encoding='utf-8'> node index is 361
train linear regression time:  0.051307667046785355
(average_diff:0.0179335368188675, max_diff:0.03848364467302301, training_epochs:500, lr:0.05)
<_io.TextIOWrapper name='<stderr>' mode='w' encoding='utf-8'> node index is 347
train linear regression time:  0.05181770771741867
(average_diff:0.0948392786422554, max_diff:0.17377758532499632, training_epochs:500, lr:0.05)
<_io.TextIOWrapper name='<stderr>' mode='w' encoding='utf-8'> node index is 311
train linear regression time:  0.05099991708993912
(average_diff:0.01574394276246518, max_diff:0.022530742769607023, training_epochs:500, lr:0.05)
<_io.TextIOWrapper name='<stderr>' mode='w' encoding='utf-8'> node index is 299
train linear regression time:  0.0517000830732286
(average_diff:0.12491874671431834, max_diff:0.3392652758444785, training_epochs:500, lr:0.05)
<_io.TextIOWrapper name='<stderr>' mode='w' encoding='utf-8'> node index is 285
train linear regression time:  0.0532327089458704
(average_diff:0.014982057430702685, max_diff:0.024728180013905254, training_epochs:500, lr:0.05)
<_io.TextIOWrapper name='<stderr>' mode='w' encoding='utf-8'> node index is 269
train linear regression time:  0.05399291682988405
(average_diff:1.484634375992222e-07, max_diff:1.5349502335837428e-07, training_epochs:500, lr:0.05)
<_io.TextIOWrapper name='<stderr>' mode='w' encoding='utf-8'> node index is 415
train linear regression time:  0.05393395898863673
(average_diff:0.0039682380555929875, max_diff:0.005761325584808824, training_epochs:500, lr:0.05)
<_io.TextIOWrapper name='<stderr>' mode='w' encoding='utf-8'> node index is 411
train linear regression time:  0.054695541970431805
(average_diff:2.3592239273284576e-16, max_diff:2.7755575615628914e-16, training_epochs:500, lr:0.05)
<_io.TextIOWrapper name='<stderr>' mode='w' encoding='utf-8'> node index is 403
train linear regression time:  0.05388033390045166
(average_diff:0.024448387224276922, max_diff:0.06109716720941874, training_epochs:500, lr:0.05)
<_io.TextIOWrapper name='<stderr>' mode='w' encoding='utf-8'> node index is 389
train linear regression time:  0.05467316694557667
(average_diff:0.021380568609351003, max_diff:0.04892248802481952, training_epochs:500, lr:0.05)
<_io.TextIOWrapper name='<stderr>' mode='w' encoding='utf-8'> node index is 377
train linear regression time:  0.05253166705369949
(average_diff:0.0034332556198779507, max_diff:0.005168805903835061, training_epochs:500, lr:0.05)
<_io.TextIOWrapper name='<stderr>' mode='w' encoding='utf-8'> node index is 363
train linear regression time:  0.052794292103499174
(average_diff:0.00842794495306593, max_diff:0.012496966710577262, training_epochs:500, lr:0.05)
<_io.TextIOWrapper name='<stderr>' mode='w' encoding='utf-8'> node index is 349
train linear regression time:  0.052279707975685596
(average_diff:0.04971606037756977, max_diff:0.09250744889524548, training_epochs:500, lr:0.05)
<_io.TextIOWrapper name='<stderr>' mode='w' encoding='utf-8'> node index is 335
train linear regression time:  0.051326833199709654
(average_diff:0.0028740619700225734, max_diff:0.005467672005500912, training_epochs:500, lr:0.05)
<_io.TextIOWrapper name='<stderr>' mode='w' encoding='utf-8'> node index is 325
train linear regression time:  0.05340104131028056
(average_diff:0.09268902891711216, max_diff:0.2122181956481951, training_epochs:500, lr:0.05)
<_io.TextIOWrapper name='<stderr>' mode='w' encoding='utf-8'> node index is 313
train linear regression time:  0.054006749764084816
(average_diff:0.0, max_diff:0.0, training_epochs:500, lr:0.05)
<_io.TextIOWrapper name='<stderr>' mode='w' encoding='utf-8'> node index is 443
train linear regression time:  0.0532794576138258
(average_diff:0.018575572798947195, max_diff:0.03516184677465961, training_epochs:500, lr:0.05)
<_io.TextIOWrapper name='<stderr>' mode='w' encoding='utf-8'> node index is 431
train linear regression time:  0.051095124799758196
(average_diff:5.551115123125783e-17, max_diff:5.551115123125783e-17, training_epochs:500, lr:0.05)
<_io.TextIOWrapper name='<stderr>' mode='w' encoding='utf-8'> node index is 425
train linear regression time:  0.053102541249245405
(average_diff:7.171166040587096e-05, max_diff:0.00010505785561787384, training_epochs:500, lr:0.05)
<_io.TextIOWrapper name='<stderr>' mode='w' encoding='utf-8'> node index is 419
train linear regression time:  0.051381875295192
(average_diff:6.132036059480761e-07, max_diff:9.200829997335624e-07, training_epochs:500, lr:0.05)
<_io.TextIOWrapper name='<stderr>' mode='w' encoding='utf-8'> node index is 413
train linear regression time:  0.0538572920486331
(average_diff:3.3306690738754696e-16, max_diff:3.3306690738754696e-16, training_epochs:500, lr:0.05)
<_io.TextIOWrapper name='<stderr>' mode='w' encoding='utf-8'> node index is 405
train linear regression time:  0.05315029062330723
(average_diff:1.1102230246251565e-16, max_diff:1.1102230246251565e-16, training_epochs:500, lr:0.05)
<_io.TextIOWrapper name='<stderr>' mode='w' encoding='utf-8'> node index is 391
train linear regression time:  0.05105845909565687
(average_diff:2.220446049250313e-16, max_diff:2.220446049250313e-16, training_epochs:500, lr:0.05)
<_io.TextIOWrapper name='<stderr>' mode='w' encoding='utf-8'> node index is 379
train linear regression time:  0.05046466691419482
(average_diff:0.032659181997989666, max_diff:0.11312213413638994, training_epochs:500, lr:0.05)
<_io.TextIOWrapper name='<stderr>' mode='w' encoding='utf-8'> node index is 365
train linear regression time:  0.051476665772497654
(average_diff:0.0, max_diff:0.0, training_epochs:500, lr:0.05)
<_io.TextIOWrapper name='<stderr>' mode='w' encoding='utf-8'> node index is 351
train linear regression time:  0.05089891608804464
(average_diff:2.914335439641036e-16, max_diff:3.0531133177191805e-16, training_epochs:500, lr:0.05)
<_io.TextIOWrapper name='<stderr>' mode='w' encoding='utf-8'> node index is 337
train linear regression time:  0.05538712488487363
(average_diff:0.1428838884075225, max_diff:0.467760240193835, training_epochs:500, lr:0.05)
<_io.TextIOWrapper name='<stderr>' mode='w' encoding='utf-8'> node index is 393
train linear regression time:  0.053161832969635725
(average_diff:1.6653345369377348e-16, max_diff:2.220446049250313e-16, training_epochs:500, lr:0.05)
<_io.TextIOWrapper name='<stderr>' mode='w' encoding='utf-8'> node index is 301
train linear regression time:  0.05366520769894123
(average_diff:0.07547895955600872, max_diff:0.16214901706116486, training_epochs:500, lr:0.05)
<_io.TextIOWrapper name='<stderr>' mode='w' encoding='utf-8'> node index is 271
train linear regression time:  0.05778579181060195
(average_diff:0.08281422056140465, max_diff:0.17679356735613166, training_epochs:500, lr:0.05)
<_io.TextIOWrapper name='<stderr>' mode='w' encoding='utf-8'> node index is 253
train linear regression time:  0.05831716721877456
(average_diff:0.24258611261497184, max_diff:0.4065061880998201, training_epochs:500, lr:0.05)
<_io.TextIOWrapper name='<stderr>' mode='w' encoding='utf-8'> node index is 227
train linear regression time:  0.05873137526214123
(average_diff:0.12691657197078637, max_diff:0.2654770604875128, training_epochs:500, lr:0.05)
<_io.TextIOWrapper name='<stderr>' mode='w' encoding='utf-8'> node index is 213
train linear regression time:  0.059666709043085575
(average_diff:0.054203834978813654, max_diff:0.12053787234618968, training_epochs:500, lr:0.05)
<_io.TextIOWrapper name='<stderr>' mode='w' encoding='utf-8'> node index is 201
train linear regression time:  0.05708987498655915
(average_diff:5.551115123125783e-17, max_diff:5.551115123125783e-17, training_epochs:500, lr:0.05)
<_io.TextIOWrapper name='<stderr>' mode='w' encoding='utf-8'> node index is 193
train linear regression time:  0.056823957711458206
(average_diff:0.022950222961688138, max_diff:0.06662839695884598, training_epochs:500, lr:0.05)
<_io.TextIOWrapper name='<stderr>' mode='w' encoding='utf-8'> node index is 187
train linear regression time:  0.058362833224236965
(average_diff:0.029893784049084826, max_diff:0.07286753660815282, training_epochs:500, lr:0.05)
<_io.TextIOWrapper name='<stderr>' mode='w' encoding='utf-8'> node index is 179
train linear regression time:  0.060882417019456625
(average_diff:5.551115123125783e-17, max_diff:5.551115123125783e-17, training_epochs:500, lr:0.05)
<_io.TextIOWrapper name='<stderr>' mode='w' encoding='utf-8'> node index is 171
train linear regression time:  0.05925870826467872
(average_diff:0.06335182751844692, max_diff:0.16486909403299815, training_epochs:500, lr:0.05)
<_io.TextIOWrapper name='<stderr>' mode='w' encoding='utf-8'> node index is 161
train linear regression time:  0.056366125121712685
(average_diff:0.0, max_diff:0.0, training_epochs:500, lr:0.05)
<_io.TextIOWrapper name='<stderr>' mode='w' encoding='utf-8'> node index is 367
train linear regression time:  0.052927708718925714
(average_diff:0.0, max_diff:0.0, training_epochs:500, lr:0.05)
<_io.TextIOWrapper name='<stderr>' mode='w' encoding='utf-8'> node index is 353
train linear regression time:  0.053497500251978636
(average_diff:2.220446049250313e-16, max_diff:2.220446049250313e-16, training_epochs:500, lr:0.05)
<_io.TextIOWrapper name='<stderr>' mode='w' encoding='utf-8'> node index is 339
train linear regression time:  0.0569756249897182
(average_diff:0.020083728526373617, max_diff:0.03496144350494779, training_epochs:500, lr:0.05)
<_io.TextIOWrapper name='<stderr>' mode='w' encoding='utf-8'> node index is 327
train linear regression time:  0.05812995880842209
(average_diff:0.02770753702019358, max_diff:0.14518098579619154, training_epochs:500, lr:0.05)
<_io.TextIOWrapper name='<stderr>' mode='w' encoding='utf-8'> node index is 315
train linear regression time:  0.059357000049203634
(average_diff:3.700743415417188e-17, max_diff:1.1102230246251565e-16, training_epochs:500, lr:0.05)
<_io.TextIOWrapper name='<stderr>' mode='w' encoding='utf-8'> node index is 303
train linear regression time:  0.057544083800166845
(average_diff:0.031801190042459765, max_diff:0.05674970971715032, training_epochs:500, lr:0.05)
<_io.TextIOWrapper name='<stderr>' mode='w' encoding='utf-8'> node index is 287
train linear regression time:  0.0566770420409739
(average_diff:0.06325432626181773, max_diff:0.14504842281539887, training_epochs:500, lr:0.05)
<_io.TextIOWrapper name='<stderr>' mode='w' encoding='utf-8'> node index is 273
train linear regression time:  0.06488379184156656
(average_diff:0.11761138695046804, max_diff:0.4562462627830538, training_epochs:500, lr:0.05)
<_io.TextIOWrapper name='<stderr>' mode='w' encoding='utf-8'> node index is 255
train linear regression time:  0.058407250326126814
(average_diff:0.00923927873482458, max_diff:0.01912354766891078, training_epochs:500, lr:0.05)
<_io.TextIOWrapper name='<stderr>' mode='w' encoding='utf-8'> node index is 241
train linear regression time:  0.0539494170807302
(average_diff:0.17487855493507276, max_diff:0.5220011520629797, training_epochs:500, lr:0.05)
<_io.TextIOWrapper name='<stderr>' mode='w' encoding='utf-8'> node index is 229
train linear regression time:  0.05649824999272823
(average_diff:0.1142412972545912, max_diff:0.33239330540489476, training_epochs:500, lr:0.05)
<_io.TextIOWrapper name='<stderr>' mode='w' encoding='utf-8'> node index is 215
train linear regression time:  0.05624991608783603
(average_diff:0.010660189261498603, max_diff:0.020134420947342968, training_epochs:500, lr:0.05)
<_io.TextIOWrapper name='<stderr>' mode='w' encoding='utf-8'> node index is 203
train linear regression time:  0.056155750062316656
(average_diff:0.014287062623132063, max_diff:0.0343930900756948, training_epochs:500, lr:0.05)
<_io.TextIOWrapper name='<stderr>' mode='w' encoding='utf-8'> node index is 195
train linear regression time:  0.06964883301407099
(average_diff:0.17563644107692872, max_diff:0.3444565575162517, training_epochs:500, lr:0.05)
<_io.TextIOWrapper name='<stderr>' mode='w' encoding='utf-8'> node index is 7
train linear regression time:  0.06367462500929832
(average_diff:0.130463058043528, max_diff:0.43501328748028656, training_epochs:500, lr:0.05)
<_io.TextIOWrapper name='<stderr>' mode='w' encoding='utf-8'> node index is 5
train linear regression time:  0.059128417167812586
testFringe time:  12.472891625016928
<_io.TextIOWrapper name='<stderr>' mode='w' encoding='utf-8'> =============== update finished ===============

*** Writing Game File 71***

<_io.TextIOWrapper name='../print_tree_record_numpy/print_DR_boost_linear_tree_split.txt' mode='w' encoding='UTF-8'> idx1(Q:0.4016, distinct_name:0, dictinctin_value:2.569683891588169, par:None)
	idx4(Q:0.4022, distinct_name:0, dictinctin_value:2.507749956207568, par:1)
		idx6(Q:0.4021, distinct_name:0, dictinctin_value:-0.050698982385153205, par:4)
			idx8(Q:0.4619, distinct_name:0, dictinctin_value:-0.5002368440471089, par:6)
				idx10(Q:0.5087, distinct_name:3, dictinctin_value:0.7373220788164561, par:8)
					idx12(Q:0.4833, distinct_name:1, dictinctin_value:0.8498558206992594, par:10)
						idx18(Q:0.4298, distinct_name:2, dictinctin_value:0.8559921607301466, par:12)
							idx24(Q:0.4244, distinct_name:0, dictinctin_value:-0.5901212893723445, par:18)
								idx30(Q:0.4326, distinct_name:2, dictinctin_value:0.5095422779981766, par:24)
									idx38(Q:0.4527, distinct_name:2, dictinctin_value:0.24909091887867726, par:30)
										idx44(Q:0.4816, distinct_name:2, dictinctin_value:-0.06052347242753761, par:38)
											idx54(Q:0.5324, distinct_name:2, dictinctin_value:-0.16873413911779458, par:44)
												idx62(Q:0.5581, distinct_name:2, dictinctin_value:-0.3117760123070312, par:54)
													idx70(Q:0.6014, distinct_name:2, dictinctin_value:-0.36929151673896154, par:62)
														idx76(Q:0.6268, distinct_name:2, dictinctin_value:-0.4513587540231024, par:70)
															idx82(Q:0.6622, distinct_name:2, dictinctin_value:-0.49926091712096626, par:76)
																idx90(Q:0.6781, distinct_name:2, dictinctin_value:-0.5261921216626007, par:82)
																	idx100(Q:0.6892, distinct_name:2, dictinctin_value:-0.5682634996789567, par:90)
																		idx110(Q:0.7055, distinct_name:2, dictinctin_value:-0.576514535000767, par:100)
																			idx120(Q:0.7088, par:110)
																			idx121(Q:0.4001, par:110)
																		idx111(Q:0.3593, par:100)
																	idx101(Q:0.3735, par:90)
																idx91(Q:0.3277, par:82)
															idx83(Q:0.2995, par:76)
														idx77(Q:0.2753, par:70)
													idx71(Q:0.2744, par:62)
												idx63(Q:0.2246, par:54)
											idx55(Q:0.2379, distinct_name:0, dictinctin_value:-0.6476910175840919, par:44)
												idx464(Q:0.2410, distinct_name:3, dictinctin_value:0.6680194197252473, par:55)
													idx468(Q:0.2370, distinct_name:0, dictinctin_value:-0.6858015235311999, par:464)
														idx474(Q:0.2377, distinct_name:2, dictinctin_value:0.24031958562965672, par:468)
															idx480(Q:0.2358, distinct_name:2, dictinctin_value:0.22712878489931437, par:474)
																idx484(Q:0.2377, distinct_name:0, dictinctin_value:-0.6984661740702743, par:480)
																	idx492(Q:0.2353, distinct_name:2, dictinctin_value:0.2205862992769331, par:484)
																		idx500(Q:0.2388, distinct_name:1, dictinctin_value:0.7515347460969897, par:492)
																			idx518(Q:0.2408, par:500)
																			idx519(Q:0.1310, par:500)
																		idx501(Q:0.1474, par:492)
																	idx493(Q:0.3077, par:484)
																idx485(Q:0.1301, par:480)
															idx481(Q:0.2916, par:474)
														idx475(Q:0.1567, par:468)
													idx469(Q:0.3624, par:464)
												idx465(Q:0.1101, par:55)
										idx45(Q:0.2520, distinct_name:0, dictinctin_value:-0.6043607795061433, par:38)
											idx510(Q:0.2533, distinct_name:1, dictinctin_value:0.8144916165556727, par:45)
												idx520(Q:0.2454, distinct_name:1, dictinctin_value:0.7699133155688844, par:510)
													idx530(Q:0.2423, distinct_name:2, dictinctin_value:0.5073691095938268, par:520)
														idx536(Q:0.2430, par:530)
														idx537(Q:0.2094, par:530)
													idx531(Q:0.3493, par:520)
												idx521(Q:0.5313, par:510)
											idx511(Q:0.1130, par:45)
									idx39(Q:0.3077, distinct_name:1, dictinctin_value:0.8040063207197937, par:30)
										idx426(Q:0.3039, distinct_name:2, dictinctin_value:0.8419373683110459, par:39)
											idx432(Q:0.3056, distinct_name:0, dictinctin_value:-0.6009391153368029, par:426)
												idx444(Q:0.3078, distinct_name:0, dictinctin_value:-0.6041087413020046, par:432)
													idx448(Q:0.3074, distinct_name:0, dictinctin_value:-0.6100701052011255, par:444)
														idx456(Q:0.3073, distinct_name:0, dictinctin_value:-0.6407957166920598, par:448)
															idx460(Q:0.3118, distinct_name:0, dictinctin_value:-0.6555246386975058, par:456)
																idx466(Q:0.3144, distinct_name:0, dictinctin_value:-0.6720161756487143, par:460)
																	idx470(Q:0.3185, distinct_name:0, dictinctin_value:-0.6781083126032775, par:466)
																		idx472(Q:0.3184, distinct_name:0, dictinctin_value:-0.7020609777266955, par:470)
																			idx476(Q:0.3214, par:472)
																			idx477(Q:0.2334, par:472)
																		idx473(Q:0.3250, par:470)
																	idx471(Q:0.0686, par:466)
																idx467(Q:0.1550, par:460)
															idx461(Q:0.1206, par:456)
														idx457(Q:0.3118, par:448)
													idx449(Q:0.3527, par:444)
												idx445(Q:0.1599, par:432)
											idx433(Q:0.1937, par:426)
										idx427(Q:0.4793, par:39)
								idx31(Q:0.3423, par:24)
							idx25(Q:0.4537, distinct_name:0, dictinctin_value:-0.5389580903277561, par:18)
								idx216(Q:0.4556, distinct_name:0, dictinctin_value:-0.5573162410999996, par:25)
									idx230(Q:0.4572, distinct_name:0, dictinctin_value:-0.5917620279880862, par:216)
										idx242(Q:0.4704, distinct_name:1, dictinctin_value:0.8127647407611875, par:230)
											idx256(Q:0.4653, distinct_name:0, dictinctin_value:-0.6131626140571143, par:242)
												idx288(Q:0.4678, distinct_name:0, dictinctin_value:-0.7076582377440916, par:256)
													idx304(Q:0.4901, distinct_name:0, dictinctin_value:-0.717862250694298, par:288)
														idx316(Q:0.4932, distinct_name:0, dictinctin_value:-0.7734253050900186, par:304)
															idx328(Q:0.4995, distinct_name:0, dictinctin_value:-0.7970945326559435, par:316)
																idx340(Q:0.5013, distinct_name:3, dictinctin_value:0.6595389343928215, par:328)
																	idx354(Q:0.4947, distinct_name:3, dictinctin_value:0.6186331758365281, par:340)
																		idx368(Q:0.4897, distinct_name:3, dictinctin_value:0.5952455969358141, par:354)
																			idx380(Q:0.4875, par:368)
																			idx381(Q:0.5796, par:368)
																		idx369(Q:0.9254, par:354)
																	idx355(Q:0.7825, par:340)
																idx341(Q:0.3979, par:328)
															idx329(Q:0.3679, par:316)
														idx317(Q:0.3428, par:304)
													idx305(Q:0.2894, par:288)
												idx289(Q:0.1966, par:256)
											idx257(Q:0.6915, par:242)
										idx243(Q:0.2468, par:230)
									idx231(Q:0.3288, par:216)
								idx217(Q:0.4047, par:25)
						idx19(Q:0.7042, distinct_name:0, dictinctin_value:-0.5046072639210131, par:12)
							idx152(Q:0.7041, distinct_name:2, dictinctin_value:1.74305991171075, par:19)
								idx162(Q:0.6922, distinct_name:2, dictinctin_value:1.5651912903147052, par:152)
									idx172(Q:0.6820, distinct_name:2, dictinctin_value:1.0939968976733132, par:162)
										idx180(Q:0.6602, distinct_name:2, dictinctin_value:0.9064820637809338, par:172)
											idx188(Q:0.6486, distinct_name:2, dictinctin_value:0.8130327408821636, par:180)
												idx196(Q:0.6399, distinct_name:2, dictinctin_value:0.714578820015968, par:188)
													idx204(Q:0.6386, distinct_name:0, dictinctin_value:-0.5137296726081428, par:196)
														idx218(Q:0.6392, distinct_name:2, dictinctin_value:0.4860989258104936, par:204)
															idx232(Q:0.6396, distinct_name:1, dictinctin_value:2.2330900660097845, par:218)
																idx244(Q:0.6319, distinct_name:2, dictinctin_value:0.44559578649865966, par:232)
																	idx258(Q:0.6288, distinct_name:2, dictinctin_value:0.32419638005931734, par:244)
																		idx274(Q:0.6286, distinct_name:0, dictinctin_value:-0.5233031664270825, par:258)
																			idx290(Q:0.6287, par:274)
																			idx291(Q:0.6173, par:274)
																		idx275(Q:0.6332, par:258)
																	idx259(Q:0.7701, par:244)
																idx245(Q:0.9892, par:232)
															idx233(Q:0.6344, par:218)
														idx219(Q:0.5718, par:204)
													idx205(Q:0.6856, par:196)
												idx197(Q:0.8759, par:188)
											idx189(Q:0.8992, par:180)
										idx181(Q:0.9767, par:172)
									idx173(Q:1.0016, par:162)
								idx163(Q:1.0424, par:152)
							idx153(Q:0.7365, par:19)
					idx13(Q:0.5870, distinct_name:2, dictinctin_value:1.929601246827043, par:10)
						idx92(Q:0.5738, distinct_name:1, dictinctin_value:1.2557733390904973, par:13)
							idx102(Q:0.5427, distinct_name:2, dictinctin_value:1.4527612583425853, par:92)
								idx112(Q:0.5283, distinct_name:2, dictinctin_value:1.3531114404933846, par:102)
									idx122(Q:0.5265, distinct_name:2, dictinctin_value:1.0639310625609943, par:112)
										idx130(Q:0.5151, distinct_name:2, dictinctin_value:0.8759607452183222, par:122)
											idx136(Q:0.5060, distinct_name:2, dictinctin_value:0.6228991526328211, par:130)
												idx142(Q:0.5041, distinct_name:2, dictinctin_value:0.4885947458466264, par:136)
													idx146(Q:0.4971, distinct_name:1, dictinctin_value:1.1059975491047376, par:142)
														idx148(Q:0.4889, distinct_name:3, dictinctin_value:2.363964647313972, par:146)
															idx154(Q:0.4819, distinct_name:3, dictinctin_value:1.536573712246935, par:148)
																idx164(Q:0.4597, distinct_name:1, dictinctin_value:0.49075596239548774, par:154)
																	idx206(Q:0.4280, distinct_name:3, dictinctin_value:1.525286896575752, par:164)
																		idx220(Q:0.4274, distinct_name:2, dictinctin_value:0.38874536608000104, par:206)
																			idx234(Q:0.4316, par:220)
																			idx235(Q:0.2567, par:220)
																		idx221(Q:0.4555, par:206)
																	idx207(Q:0.6295, par:164)
																idx165(Q:0.5701, par:154)
															idx155(Q:0.6586, par:148)
														idx149(Q:0.7450, par:146)
													idx147(Q:0.5764, par:142)
												idx143(Q:0.5283, par:136)
											idx137(Q:0.6910, par:130)
										idx131(Q:0.7154, par:122)
									idx123(Q:0.6170, par:112)
								idx113(Q:0.8341, par:102)
							idx103(Q:0.9517, par:92)
						idx93(Q:1.0237, par:13)
				idx11(Q:0.3774, distinct_name:3, dictinctin_value:1.284568987543642, par:8)
					idx32(Q:0.3558, distinct_name:3, dictinctin_value:0.5763111575206541, par:11)
						idx40(Q:0.3395, distinct_name:2, dictinctin_value:1.4159847670297276, par:32)
							idx46(Q:0.3292, distinct_name:2, dictinctin_value:0.8764611652526798, par:40)
								idx56(Q:0.3374, distinct_name:2, dictinctin_value:0.6776552612944613, par:46)
									idx64(Q:0.3422, distinct_name:0, dictinctin_value:-0.10007893227380851, par:56)
										idx72(Q:0.3411, distinct_name:2, dictinctin_value:0.481251420222257, par:64)
											idx78(Q:0.3535, distinct_name:2, dictinctin_value:0.43236682950932387, par:72)
												idx84(Q:0.3588, distinct_name:2, dictinctin_value:0.2322739018313544, par:78)
													idx94(Q:0.3808, distinct_name:2, dictinctin_value:0.1692901075380102, par:84)
														idx104(Q:0.3908, distinct_name:2, dictinctin_value:0.044622068949871425, par:94)
															idx114(Q:0.4104, distinct_name:2, dictinctin_value:-0.04421252452423217, par:104)
																idx124(Q:0.4293, distinct_name:2, dictinctin_value:-0.12551407150931976, par:114)
																	idx132(Q:0.4469, distinct_name:2, dictinctin_value:-0.16179863391045127, par:124)
																		idx138(Q:0.4576, distinct_name:2, dictinctin_value:-0.1987692173924826, par:132)
																			idx144(Q:0.4743, par:138)
																			idx145(Q:0.1562, par:138)
																		idx139(Q:0.1615, par:132)
																	idx133(Q:0.1968, par:124)
																idx125(Q:0.1311, par:114)
															idx115(Q:0.1799, par:104)
														idx105(Q:0.1939, par:94)
													idx95(Q:0.1554, par:84)
												idx85(Q:0.1688, par:78)
											idx79(Q:0.1991, par:72)
										idx73(Q:0.3524, par:64)
									idx65(Q:0.2717, par:56)
								idx57(Q:0.2792, distinct_name:0, dictinctin_value:-0.07115888508263095, par:46)
									idx486(Q:0.2827, distinct_name:2, dictinctin_value:1.3997870335092657, par:57)
										idx494(Q:0.2825, distinct_name:0, dictinctin_value:-0.07160732513030894, par:486)
											idx504(Q:0.2789, distinct_name:0, dictinctin_value:-0.08350405569893737, par:494)
												idx512(Q:0.2805, distinct_name:1, dictinctin_value:1.8788415154351898, par:504)
													idx522(Q:0.2684, distinct_name:1, dictinctin_value:1.7168001155290575, par:512)
														idx538(Q:0.2606, par:522)
														idx539(Q:0.6590, par:522)
													idx523(Q:0.8978, par:512)
												idx513(Q:0.1098, par:504)
											idx505(Q:0.6691, par:494)
										idx495(Q:0.2877, par:486)
									idx487(Q:0.1831, par:57)
							idx47(Q:0.4423, par:40)
						idx41(Q:0.4228, distinct_name:3, dictinctin_value:1.2541204520301295, par:32)
							idx246(Q:0.4172, distinct_name:0, dictinctin_value:-0.05401988313827026, par:41)
								idx260(Q:0.4176, distinct_name:2, dictinctin_value:2.0807886731763334, par:246)
									idx276(Q:0.4059, distinct_name:2, dictinctin_value:1.8994422532815647, par:260)
										idx292(Q:0.4012, distinct_name:1, dictinctin_value:1.2716943858922887, par:276)
											idx306(Q:0.3791, distinct_name:2, dictinctin_value:1.8085097405850585, par:292)
												idx318(Q:0.3685, distinct_name:0, dictinctin_value:-0.06832580226386262, par:306)
													idx330(Q:0.3673, distinct_name:1, dictinctin_value:1.0161843934440484, par:318)
														idx342(Q:0.3622, distinct_name:0, dictinctin_value:-0.11082738421514442, par:330)
															idx356(Q:0.3566, distinct_name:0, dictinctin_value:-0.1239714467724242, par:342)
																idx370(Q:0.3579, distinct_name:1, dictinctin_value:0.8661774768232812, par:356)
																	idx382(Q:0.3539, distinct_name:0, dictinctin_value:-0.13038566790821624, par:370)
																		idx396(Q:0.3542, distinct_name:1, dictinctin_value:0.7685182247259327, par:382)
																			idx406(Q:0.3494, par:396)
																			idx407(Q:0.5249, par:396)
																		idx397(Q:0.3395, par:382)
																	idx383(Q:0.5070, par:370)
																idx371(Q:0.1581, par:356)
															idx357(Q:0.4285, par:342)
														idx343(Q:0.4879, par:330)
													idx331(Q:0.4363, par:318)
												idx319(Q:0.8472, par:306)
											idx307(Q:0.6213, par:292)
										idx293(Q:0.8758, par:276)
									idx277(Q:0.8867, par:260)
								idx261(Q:0.3940, par:246)
							idx247(Q:0.6588, par:41)
					idx33(Q:0.5649, distinct_name:2, dictinctin_value:1.8206658800741853, par:11)
						idx436(Q:0.5525, distinct_name:0, dictinctin_value:-0.055487221535360155, par:33)
							idx438(Q:0.5492, distinct_name:0, dictinctin_value:-0.06661868934946451, par:436)
								idx450(Q:0.5530, distinct_name:2, dictinctin_value:1.6280055741424861, par:438)
									idx458(Q:0.5430, distinct_name:2, dictinctin_value:1.4609118350831285, par:450)
										idx462(Q:0.5346, distinct_name:0, dictinctin_value:-0.06716992247771125, par:458)
											idx478(Q:0.5367, distinct_name:0, dictinctin_value:-0.06950841565798693, par:462)
												idx482(Q:0.5354, distinct_name:0, dictinctin_value:-0.07617984110574617, par:478)
													idx488(Q:0.5388, distinct_name:0, dictinctin_value:-0.09812148969449835, par:482)
														idx496(Q:0.5374, distinct_name:0, dictinctin_value:-0.10012482464779363, par:488)
															idx502(Q:0.5413, distinct_name:2, dictinctin_value:1.4064514939244364, par:496)
																idx514(Q:0.5371, distinct_name:2, dictinctin_value:1.318805451770871, par:502)
																	idx524(Q:0.5285, distinct_name:0, dictinctin_value:-0.11118736531331526, par:514)
																		idx532(Q:0.5290, distinct_name:0, dictinctin_value:-0.12850307532465371, par:524)
																			idx540(Q:0.5331, par:532)
																			idx541(Q:0.3260, par:532)
																		idx533(Q:0.4689, par:524)
																	idx525(Q:0.9823, par:514)
																idx515(Q:0.7615, par:502)
															idx503(Q:0.1239, par:496)
														idx497(Q:0.5885, par:488)
													idx489(Q:0.1612, par:482)
												idx483(Q:0.6779, par:478)
											idx479(Q:0.3023, par:462)
										idx463(Q:0.8604, par:458)
									idx459(Q:0.9430, par:450)
								idx451(Q:0.3190, par:438)
							idx439(Q:0.9613, par:436)
						idx437(Q:0.9447, par:33)
			idx9(Q:0.3463, distinct_name:1, dictinctin_value:1.4532912275447858, par:6)
				idx14(Q:0.3256, distinct_name:0, dictinctin_value:0.6708677617788001, par:9)
					idx16(Q:0.3412, distinct_name:0, dictinctin_value:0.5219929201544601, par:14)
						idx20(Q:0.3394, distinct_name:0, dictinctin_value:0.38200451643824146, par:16)
							idx26(Q:0.3460, distinct_name:0, dictinctin_value:0.29175973898130836, par:20)
								idx34(Q:0.3481, distinct_name:3, dictinctin_value:1.2405945003824483, par:26)
									idx42(Q:0.3173, distinct_name:2, dictinctin_value:1.6139678071673451, par:34)
										idx48(Q:0.3128, distinct_name:1, dictinctin_value:1.0148453699076618, par:42)
											idx58(Q:0.2990, distinct_name:2, dictinctin_value:0.8422101128546527, par:48)
												idx66(Q:0.3062, distinct_name:2, dictinctin_value:0.5718071591898053, par:58)
													idx74(Q:0.3197, distinct_name:2, dictinctin_value:0.3335199702259944, par:66)
														idx80(Q:0.3441, distinct_name:2, dictinctin_value:0.2585267021680285, par:74)
															idx86(Q:0.3501, distinct_name:2, dictinctin_value:0.13295569297273957, par:80)
																idx96(Q:0.3656, distinct_name:2, dictinctin_value:0.0933394603867821, par:86)
																	idx106(Q:0.3739, distinct_name:2, dictinctin_value:0.047951172568074005, par:96)
																		idx116(Q:0.3826, distinct_name:2, dictinctin_value:-0.0025517231675584334, par:106)
																			idx126(Q:0.3887, par:116)
																			idx127(Q:0.1318, par:116)
																		idx117(Q:0.1535, par:106)
																	idx107(Q:0.1150, par:96)
																idx97(Q:0.1327, par:86)
															idx87(Q:0.1678, par:80)
														idx81(Q:0.1553, par:74)
													idx75(Q:0.1897, par:66)
												idx67(Q:0.2602, distinct_name:0, dictinctin_value:0.284001031471605, par:58)
													idx506(Q:0.2606, distinct_name:0, dictinctin_value:0.28239410324000885, par:67)
														idx526(Q:0.2582, par:506)
														idx527(Q:0.5128, par:506)
													idx507(Q:0.2169, par:67)
											idx59(Q:0.4335, par:48)
										idx49(Q:0.4121, par:42)
									idx43(Q:0.5673, distinct_name:3, dictinctin_value:2.7956706813891117, par:34)
										idx490(Q:0.5552, distinct_name:0, dictinctin_value:0.28758459307995216, par:43)
											idx498(Q:0.5493, distinct_name:2, dictinctin_value:1.7926081731949, par:490)
												idx508(Q:0.5413, distinct_name:0, dictinctin_value:0.2865220549225975, par:498)
													idx516(Q:0.5409, distinct_name:0, dictinctin_value:0.2785989659591723, par:508)
														idx528(Q:0.5456, distinct_name:3, dictinctin_value:2.7261255458914433, par:516)
															idx534(Q:0.5502, distinct_name:0, dictinctin_value:0.2763906794093015, par:528)
																idx542(Q:0.5526, par:534)
																idx543(Q:0.3073, par:534)
															idx535(Q:0.3125, par:528)
														idx529(Q:0.3011, par:516)
													idx517(Q:0.5832, par:508)
												idx509(Q:0.9712, par:498)
											idx499(Q:1.1979, par:490)
										idx491(Q:1.0038, par:43)
								idx35(Q:0.3376, distinct_name:1, dictinctin_value:1.344826515865718, par:26)
									idx236(Q:0.3357, distinct_name:3, dictinctin_value:1.6897348587436034, par:35)
										idx248(Q:0.3264, distinct_name:1, dictinctin_value:1.2341402111364463, par:236)
											idx262(Q:0.3274, distinct_name:3, dictinctin_value:1.3356049450605056, par:248)
												idx278(Q:0.3227, distinct_name:2, dictinctin_value:1.6241822054726756, par:262)
													idx294(Q:0.3147, distinct_name:0, dictinctin_value:0.3731119474318981, par:278)
														idx320(Q:0.3119, distinct_name:3, dictinctin_value:1.2759579982069145, par:294)
															idx344(Q:0.3002, distinct_name:0, dictinctin_value:0.37304242798500226, par:320)
																idx358(Q:0.3001, distinct_name:0, dictinctin_value:0.3707677109507447, par:344)
																	idx372(Q:0.3031, distinct_name:0, dictinctin_value:0.3697040787425107, par:358)
																		idx384(Q:0.3049, distinct_name:2, dictinctin_value:1.3789177574365135, par:372)
																			idx398(Q:0.3027, par:384)
																			idx399(Q:0.3513, par:384)
																		idx385(Q:0.2247, par:372)
																	idx373(Q:0.1232, par:358)
																idx359(Q:0.3297, par:344)
															idx345(Q:0.6603, par:320)
														idx321(Q:0.3900, par:294)
													idx295(Q:0.5166, par:278)
												idx279(Q:0.4619, par:262)
											idx263(Q:0.2222, par:248)
										idx249(Q:0.7279, par:236)
									idx237(Q:0.4350, par:35)
							idx27(Q:0.3158, distinct_name:2, dictinctin_value:1.5527241962490086, par:20)
								idx156(Q:0.3120, distinct_name:0, dictinctin_value:0.5137061072990365, par:27)
									idx166(Q:0.3168, distinct_name:0, dictinctin_value:0.5083060291160676, par:156)
										idx174(Q:0.3157, distinct_name:1, dictinctin_value:1.235555391656205, par:166)
											idx182(Q:0.3157, distinct_name:0, dictinctin_value:0.499318407708209, par:174)
												idx190(Q:0.3229, distinct_name:3, dictinctin_value:1.6437138459193195, par:182)
													idx198(Q:0.3158, distinct_name:0, dictinctin_value:0.4978828276393789, par:190)
														idx208(Q:0.3184, distinct_name:2, dictinctin_value:1.3588453420210258, par:198)
															idx222(Q:0.3153, distinct_name:2, dictinctin_value:0.9721483625475897, par:208)
																idx238(Q:0.3178, distinct_name:0, dictinctin_value:0.4972801494332726, par:222)
																	idx250(Q:0.3154, distinct_name:2, dictinctin_value:0.944961054171824, par:238)
																		idx264(Q:0.3190, distinct_name:2, dictinctin_value:0.872803430709856, par:250)
																			idx280(Q:0.3241, par:264)
																			idx281(Q:0.2212, par:264)
																		idx265(Q:0.0703, par:250)
																	idx251(Q:0.5718, par:238)
																idx239(Q:0.2828, par:222)
															idx223(Q:0.4053, par:208)
														idx209(Q:0.1910, par:198)
													idx199(Q:0.6635, par:190)
												idx191(Q:0.2230, par:182)
											idx183(Q:0.3175, par:174)
										idx175(Q:0.3398, par:166)
									idx167(Q:0.2475, par:156)
								idx157(Q:0.4203, par:27)
						idx21(Q:0.3487, distinct_name:1, dictinctin_value:1.3201670622027022, par:16)
							idx150(Q:0.3471, distinct_name:1, dictinctin_value:1.2234607090751204, par:21)
								idx158(Q:0.3474, distinct_name:1, dictinctin_value:1.0226433736171432, par:150)
									idx168(Q:0.3414, distinct_name:0, dictinctin_value:0.6649352976939671, par:158)
										idx176(Q:0.3407, distinct_name:2, dictinctin_value:1.8028367177150562, par:168)
											idx184(Q:0.3373, distinct_name:3, dictinctin_value:1.321083281680176, par:176)
												idx210(Q:0.3161, distinct_name:1, dictinctin_value:0.7493197611500411, par:184)
													idx224(Q:0.3139, distinct_name:2, dictinctin_value:1.1954012588052898, par:210)
														idx266(Q:0.3132, distinct_name:1, dictinctin_value:0.6035401367847275, par:224)
															idx282(Q:0.3158, distinct_name:1, dictinctin_value:0.5166827335099701, par:266)
																idx296(Q:0.3226, distinct_name:0, dictinctin_value:0.663963378246939, par:282)
																	idx308(Q:0.3204, distinct_name:0, dictinctin_value:0.6638782806630827, par:296)
																		idx322(Q:0.3183, distinct_name:2, dictinctin_value:1.1091905022156634, par:308)
																			idx332(Q:0.3220, par:322)
																			idx333(Q:0.1698, par:322)
																		idx323(Q:0.7405, par:308)
																	idx309(Q:0.7765, par:296)
																idx297(Q:0.1763, par:282)
															idx283(Q:0.2633, par:266)
														idx267(Q:0.3231, par:224)
													idx225(Q:0.3344, par:210)
												idx211(Q:0.5583, par:184)
											idx185(Q:0.4344, par:176)
										idx177(Q:0.3575, par:168)
									idx169(Q:0.5250, par:158)
								idx159(Q:0.2851, par:150)
							idx151(Q:0.4182, par:21)
					idx17(Q:0.3084, distinct_name:3, dictinctin_value:0.8871619234739136, par:14)
						idx22(Q:0.2780, distinct_name:1, dictinctin_value:0.895274831679809, par:17)
							idx28(Q:0.2621, distinct_name:3, dictinctin_value:0.4147697243292515, par:22)
								idx36(Q:0.2533, distinct_name:3, dictinctin_value:-0.009439492879810042, par:28)
									idx50(Q:0.2493, distinct_name:0, dictinctin_value:2.3121117874404824, par:36)
										idx52(Q:0.2504, distinct_name:0, dictinctin_value:1.9483716250181808, par:50)
											idx60(Q:0.2528, distinct_name:3, dictinctin_value:-0.018025248765568658, par:52)
												idx68(Q:0.2601, distinct_name:2, dictinctin_value:0.8033765660185509, par:60)
													idx88(Q:0.2632, distinct_name:2, dictinctin_value:0.6003623148969123, par:68)
														idx98(Q:0.2709, distinct_name:2, dictinctin_value:0.5329635912790776, par:88)
															idx108(Q:0.2759, distinct_name:2, dictinctin_value:0.3621996786015208, par:98)
																idx118(Q:0.2895, distinct_name:3, dictinctin_value:-0.05260374571449391, par:108)
																	idx128(Q:0.2918, distinct_name:2, dictinctin_value:0.22149263805201816, par:118)
																		idx134(Q:0.3059, distinct_name:2, dictinctin_value:0.13324256965432388, par:128)
																			idx140(Q:0.3184, par:134)
																			idx141(Q:0.1310, par:134)
																		idx135(Q:0.1443, par:128)
																	idx129(Q:0.2327, par:118)
																idx119(Q:0.1424, par:108)
															idx109(Q:0.1719, par:98)
														idx99(Q:0.1688, par:88)
													idx89(Q:0.2497, distinct_name:0, dictinctin_value:1.9001636825637473, par:68)
														idx420(Q:0.2475, distinct_name:0, dictinctin_value:1.8970534364477791, par:89)
															idx428(Q:0.2478, distinct_name:0, dictinctin_value:1.7864713255325577, par:420)
																idx434(Q:0.2490, distinct_name:0, dictinctin_value:1.7345810667045185, par:428)
																	idx440(Q:0.2462, distinct_name:0, dictinctin_value:1.7300479805066988, par:434)
																		idx446(Q:0.2470, distinct_name:0, dictinctin_value:1.6826477660222412, par:440)
																			idx452(Q:0.2443, par:446)
																			idx453(Q:0.3516, par:446)
																		idx447(Q:0.1492, par:440)
																	idx441(Q:0.3355, par:434)
																idx435(Q:0.2094, par:428)
															idx429(Q:0.2144, par:420)
														idx421(Q:0.2937, par:89)
												idx69(Q:0.1947, par:60)
											idx61(Q:0.2059, par:52)
										idx53(Q:0.2033, par:50)
									idx51(Q:0.2671, distinct_name:0, dictinctin_value:2.2255864685353126, par:36)
										idx268(Q:0.2682, distinct_name:0, dictinctin_value:1.8770234609938123, par:51)
											idx284(Q:0.2677, distinct_name:1, dictinctin_value:0.8208254329434517, par:268)
												idx298(Q:0.2693, distinct_name:0, dictinctin_value:1.7199871451158526, par:284)
													idx310(Q:0.2713, distinct_name:3, dictinctin_value:0.39481973457279324, par:298)
														idx346(Q:0.2728, distinct_name:2, dictinctin_value:2.0591657816242117, par:310)
															idx360(Q:0.2624, distinct_name:2, dictinctin_value:1.6416632040499568, par:346)
																idx374(Q:0.2621, distinct_name:0, dictinctin_value:1.6846076849979201, par:360)
																	idx386(Q:0.2624, distinct_name:2, dictinctin_value:1.5364517172370076, par:374)
																		idx400(Q:0.2613, distinct_name:2, dictinctin_value:1.321416179085615, par:386)
																			idx408(Q:0.2583, par:400)
																			idx409(Q:0.3431, par:400)
																		idx401(Q:0.2993, par:386)
																	idx387(Q:0.2080, par:374)
																idx375(Q:0.2773, par:360)
															idx361(Q:0.7383, par:346)
														idx347(Q:0.2266, par:310)
													idx311(Q:0.2142, par:298)
												idx299(Q:0.2139, par:284)
											idx285(Q:0.2771, par:268)
										idx269(Q:0.2404, par:51)
								idx37(Q:0.3030, distinct_name:1, dictinctin_value:0.7946772031835798, par:28)
									idx312(Q:0.2946, distinct_name:2, dictinctin_value:1.9378572482198, par:37)
										idx324(Q:0.2847, distinct_name:0, dictinctin_value:2.1880833067537604, par:312)
											idx334(Q:0.2853, distinct_name:0, dictinctin_value:2.1673152418059, par:324)
												idx348(Q:0.2832, distinct_name:0, dictinctin_value:2.0644684179947266, par:334)
													idx362(Q:0.2819, distinct_name:2, dictinctin_value:1.6060442338491094, par:348)
														idx376(Q:0.2723, distinct_name:0, dictinctin_value:1.8821116949330967, par:362)
															idx388(Q:0.2758, distinct_name:2, dictinctin_value:1.5867185725408008, par:376)
																idx402(Q:0.2760, distinct_name:0, dictinctin_value:1.8162737627685595, par:388)
																	idx410(Q:0.2798, distinct_name:2, dictinctin_value:1.474613989336331, par:402)
																		idx414(Q:0.2743, distinct_name:2, dictinctin_value:1.322085439542282, par:410)
																			idx422(Q:0.2743, par:414)
																			idx423(Q:0.2744, par:414)
																		idx415(Q:0.7277, par:410)
																	idx411(Q:0.1206, par:402)
																idx403(Q:0.2603, par:388)
															idx389(Q:0.1720, par:376)
														idx377(Q:0.5646, par:362)
													idx363(Q:0.3605, par:348)
												idx349(Q:0.4164, par:334)
											idx335(Q:0.2633, par:324)
										idx325(Q:0.6817, par:312)
									idx313(Q:0.4699, par:37)
							idx29(Q:0.3971, distinct_name:0, dictinctin_value:2.44084525907838, par:22)
								idx336(Q:0.3989, distinct_name:0, dictinctin_value:2.3332385876998147, par:29)
									idx350(Q:0.3993, distinct_name:2, dictinctin_value:1.313989803673234, par:336)
										idx364(Q:0.3650, distinct_name:2, dictinctin_value:1.2075088067941002, par:350)
											idx378(Q:0.3618, distinct_name:0, dictinctin_value:2.3276851139515355, par:364)
												idx390(Q:0.3606, distinct_name:2, dictinctin_value:1.1566628366759308, par:378)
													idx404(Q:0.3576, distinct_name:2, dictinctin_value:1.049026714172236, par:390)
														idx412(Q:0.3539, distinct_name:2, dictinctin_value:1.0138168631315498, par:404)
															idx418(Q:0.3507, distinct_name:0, dictinctin_value:2.3136303024689413, par:412)
																idx424(Q:0.3506, distinct_name:1, dictinctin_value:1.4142431093508798, par:418)
																	idx430(Q:0.3545, distinct_name:0, dictinctin_value:2.2572655688242222, par:424)
																		idx442(Q:0.3530, distinct_name:0, dictinctin_value:2.2507333712501807, par:430)
																			idx454(Q:0.3530, par:442)
																			idx455(Q:0.3551, par:442)
																		idx443(Q:0.5398, par:430)
																	idx431(Q:0.2289, par:424)
																idx425(Q:0.3611, par:418)
															idx419(Q:0.4918, par:412)
														idx413(Q:0.5241, par:404)
													idx405(Q:0.5629, par:390)
												idx391(Q:0.5313, par:378)
											idx379(Q:0.5828, par:364)
										idx365(Q:0.7020, par:350)
									idx351(Q:0.3317, par:336)
								idx337(Q:0.2579, par:29)
						idx23(Q:0.4594, distinct_name:0, dictinctin_value:2.1444723574903684, par:17)
							idx160(Q:0.4611, distinct_name:0, dictinctin_value:2.133798778100152, par:23)
								idx170(Q:0.4615, distinct_name:2, dictinctin_value:1.564504591409782, par:160)
									idx178(Q:0.4393, distinct_name:2, dictinctin_value:1.4113473869711974, par:170)
										idx186(Q:0.4340, distinct_name:0, dictinctin_value:2.1063540893171067, par:178)
											idx192(Q:0.4350, distinct_name:2, dictinctin_value:1.2195161175228741, par:186)
												idx200(Q:0.4321, distinct_name:0, dictinctin_value:1.9676721667093595, par:192)
													idx212(Q:0.4299, distinct_name:0, dictinctin_value:1.8926417272552991, par:200)
														idx226(Q:0.4288, distinct_name:0, dictinctin_value:1.7713311316515392, par:212)
															idx252(Q:0.4336, distinct_name:1, dictinctin_value:1.3213229930390704, par:226)
																idx270(Q:0.4269, distinct_name:0, dictinctin_value:1.7442155745503336, par:252)
																	idx300(Q:0.4247, distinct_name:0, dictinctin_value:1.3536781616204123, par:270)
																		idx392(Q:0.4247, distinct_name:0, dictinctin_value:1.2274516322533688, par:300)
																			idx416(Q:0.4289, par:392)
																			idx417(Q:0.3919, par:392)
																		idx393(Q:0.4245, par:300)
																	idx301(Q:0.6548, par:270)
																idx271(Q:0.6678, par:252)
															idx253(Q:0.2546, par:226)
														idx227(Q:0.4779, par:212)
													idx213(Q:0.5051, par:200)
												idx201(Q:0.5086, par:192)
											idx193(Q:0.3158, par:186)
										idx187(Q:0.6250, par:178)
									idx179(Q:0.8875, par:170)
								idx171(Q:0.3511, par:160)
							idx161(Q:0.4030, par:23)
				idx15(Q:0.6038, distinct_name:2, dictinctin_value:1.9938158806166744, par:9)
					idx194(Q:0.5936, distinct_name:3, dictinctin_value:2.0149638943737203, par:15)
						idx202(Q:0.5846, distinct_name:3, dictinctin_value:1.626087400144554, par:194)
							idx214(Q:0.5813, distinct_name:1, dictinctin_value:2.6727016574162166, par:202)
								idx228(Q:0.5652, distinct_name:2, dictinctin_value:1.776904010924299, par:214)
									idx240(Q:0.5594, distinct_name:2, dictinctin_value:1.4203463682180766, par:228)
										idx254(Q:0.5482, distinct_name:0, dictinctin_value:2.115573493736756, par:240)
											idx272(Q:0.5490, distinct_name:2, dictinctin_value:1.306259966260203, par:254)
												idx286(Q:0.5362, distinct_name:2, dictinctin_value:1.2529155214914378, par:272)
													idx302(Q:0.5315, distinct_name:2, dictinctin_value:0.808199081795812, par:286)
														idx314(Q:0.5029, distinct_name:2, dictinctin_value:0.7214446989843575, par:302)
															idx326(Q:0.4971, distinct_name:2, dictinctin_value:0.7041168221107604, par:314)
																idx338(Q:0.4959, distinct_name:0, dictinctin_value:2.1110030599556926, par:326)
																	idx352(Q:0.4968, distinct_name:0, dictinctin_value:2.0312710900603177, par:338)
																		idx366(Q:0.4958, distinct_name:2, dictinctin_value:0.6878681581259294, par:352)
																			idx394(Q:0.4931, par:366)
																			idx395(Q:0.7374, par:366)
																		idx367(Q:0.6738, par:352)
																	idx353(Q:0.3397, par:338)
																idx339(Q:0.6013, par:326)
															idx327(Q:0.6781, par:314)
														idx315(Q:0.8479, par:302)
													idx303(Q:0.8603, par:286)
												idx287(Q:0.8446, par:272)
											idx273(Q:0.5122, par:254)
										idx255(Q:0.7862, par:240)
									idx241(Q:0.9026, par:228)
								idx229(Q:0.8349, par:214)
							idx215(Q:0.6883, par:202)
						idx203(Q:0.9283, par:194)
					idx195(Q:0.9952, par:15)
		idx7(Q:0.4254, par:4)
	idx5(Q:0.2985, par:1)
