WARNING:tensorflow:From /Users/keithwu/opt/anaconda3/envs/auction-gym/lib/python3.10/site-packages/tensorflow/python/compat/v2_compat.py:107: disable_resource_variables (from tensorflow.python.ops.variable_scope) is deprecated and will be removed in a future version.
Instructions for updating:
non-resource variables are not supported in the long term
<_io.TextIOWrapper name='<stderr>' mode='w' encoding='utf-8'> reading from ../UTree_model_numpy/DR/model_boost_linear_qsplit_noabs_save/, starting at 52
<_io.TextIOWrapper name='<stderr>' mode='w' encoding='utf-8'> =============== update starts ===============
(average_diff:0.0012657913231666933, max_diff:0.0025096685039355804, training_epochs:500, lr:0.05)
<_io.TextIOWrapper name='<stderr>' mode='w' encoding='utf-8'> node index is 111
train linear regression time:  0.05209595803171396
(average_diff:0.0009000784463140538, max_diff:0.0015378288643449478, training_epochs:500, lr:0.05)
<_io.TextIOWrapper name='<stderr>' mode='w' encoding='utf-8'> node index is 101
train linear regression time:  0.05126379197463393
(average_diff:0.0029793561940766426, max_diff:0.009502462571904624, training_epochs:500, lr:0.05)
<_io.TextIOWrapper name='<stderr>' mode='w' encoding='utf-8'> node index is 91
train linear regression time:  0.048842332791537046
(average_diff:0.014365603688716625, max_diff:0.15967175256046803, training_epochs:500, lr:0.05)
<_io.TextIOWrapper name='<stderr>' mode='w' encoding='utf-8'> node index is 83
train linear regression time:  0.04834500001743436
(average_diff:0.019143412072021557, max_diff:0.14547773463657215, training_epochs:500, lr:0.05)
<_io.TextIOWrapper name='<stderr>' mode='w' encoding='utf-8'> node index is 77
train linear regression time:  0.04867358412593603
(average_diff:0.05208387446446712, max_diff:0.24815561736291758, training_epochs:500, lr:0.05)
<_io.TextIOWrapper name='<stderr>' mode='w' encoding='utf-8'> node index is 71
train linear regression time:  0.04970345785841346
(average_diff:0.051775648631034496, max_diff:0.19280969477605542, training_epochs:500, lr:0.05)
<_io.TextIOWrapper name='<stderr>' mode='w' encoding='utf-8'> node index is 63
train linear regression time:  0.04891654197126627
(average_diff:0.06824135214219958, max_diff:0.2903156675486601, training_epochs:500, lr:0.05)
<_io.TextIOWrapper name='<stderr>' mode='w' encoding='utf-8'> node index is 55
train linear regression time:  0.0558269158937037
(average_diff:0.06399168695527821, max_diff:0.273918199621638, training_epochs:500, lr:0.05)
<_io.TextIOWrapper name='<stderr>' mode='w' encoding='utf-8'> node index is 45
train linear regression time:  0.05517245875671506
(average_diff:0.07421078275499035, max_diff:0.3783646782221266, training_epochs:500, lr:0.05)
<_io.TextIOWrapper name='<stderr>' mode='w' encoding='utf-8'> node index is 432
train linear regression time:  0.05563833424821496
(average_diff:1.1657341758564144e-15, max_diff:1.2490009027033011e-15, training_epochs:500, lr:0.05)
<_io.TextIOWrapper name='<stderr>' mode='w' encoding='utf-8'> node index is 433
train linear regression time:  0.049641875084489584
(average_diff:0.0011658696522319212, max_diff:0.001194179157657571, training_epochs:500, lr:0.05)
<_io.TextIOWrapper name='<stderr>' mode='w' encoding='utf-8'> node index is 427
train linear regression time:  0.04936583386734128
(average_diff:0.0996377578354191, max_diff:0.31892632914308855, training_epochs:500, lr:0.05)
<_io.TextIOWrapper name='<stderr>' mode='w' encoding='utf-8'> node index is 31
train linear regression time:  0.05177933303639293
(average_diff:1.887379141862766e-15, max_diff:1.9984014443252818e-15, training_epochs:500, lr:0.05)
<_io.TextIOWrapper name='<stderr>' mode='w' encoding='utf-8'> node index is 369
train linear regression time:  0.048781790770590305
(average_diff:1.3082930028958847e-05, max_diff:2.0014445573091066e-05, training_epochs:500, lr:0.05)
<_io.TextIOWrapper name='<stderr>' mode='w' encoding='utf-8'> node index is 355
train linear regression time:  0.048208583146333694
(average_diff:9.973717825147628e-07, max_diff:1.424347597811515e-06, training_epochs:500, lr:0.05)
<_io.TextIOWrapper name='<stderr>' mode='w' encoding='utf-8'> node index is 341
train linear regression time:  0.049032249953597784
(average_diff:0.009589585500879327, max_diff:0.019015941679192683, training_epochs:500, lr:0.05)
<_io.TextIOWrapper name='<stderr>' mode='w' encoding='utf-8'> node index is 329
train linear regression time:  0.048362625297158957
(average_diff:0.007349921310807573, max_diff:0.01272879114547959, training_epochs:500, lr:0.05)
<_io.TextIOWrapper name='<stderr>' mode='w' encoding='utf-8'> node index is 317
train linear regression time:  0.04848987469449639
(average_diff:0.061274608463588155, max_diff:0.13469074345769783, training_epochs:500, lr:0.05)
<_io.TextIOWrapper name='<stderr>' mode='w' encoding='utf-8'> node index is 305
train linear regression time:  0.04854854103177786
(average_diff:1.339206523454095e-15, max_diff:1.3461454173580023e-15, training_epochs:500, lr:0.05)
<_io.TextIOWrapper name='<stderr>' mode='w' encoding='utf-8'> node index is 289
train linear regression time:  0.05233633425086737
(average_diff:0.000997273317594094, max_diff:0.001953086269561366, training_epochs:500, lr:0.05)
<_io.TextIOWrapper name='<stderr>' mode='w' encoding='utf-8'> node index is 257
train linear regression time:  0.050850916653871536
(average_diff:0.06537811795937966, max_diff:0.13033578529364637, training_epochs:500, lr:0.05)
<_io.TextIOWrapper name='<stderr>' mode='w' encoding='utf-8'> node index is 243
train linear regression time:  0.04939466714859009
(average_diff:0.04426363737015359, max_diff:0.06741931111567476, training_epochs:500, lr:0.05)
<_io.TextIOWrapper name='<stderr>' mode='w' encoding='utf-8'> node index is 231
train linear regression time:  0.04872987465932965
(average_diff:0.07863829580683282, max_diff:0.14880607882617458, training_epochs:500, lr:0.05)
<_io.TextIOWrapper name='<stderr>' mode='w' encoding='utf-8'> node index is 217
train linear regression time:  0.04917687503620982
(average_diff:0.006976710917434648, max_diff:0.013241941810754665, training_epochs:500, lr:0.05)
<_io.TextIOWrapper name='<stderr>' mode='w' encoding='utf-8'> node index is 275
train linear regression time:  0.05094754230231047
(average_diff:3.3140027553363316e-05, max_diff:6.631333120243887e-05, training_epochs:500, lr:0.05)
<_io.TextIOWrapper name='<stderr>' mode='w' encoding='utf-8'> node index is 259
train linear regression time:  0.04919529100880027
(average_diff:0.00035296257643238627, max_diff:0.000598232685034783, training_epochs:500, lr:0.05)
<_io.TextIOWrapper name='<stderr>' mode='w' encoding='utf-8'> node index is 245
train linear regression time:  0.048789667431265116
(average_diff:0.00628602546221593, max_diff:0.014065995615852533, training_epochs:500, lr:0.05)
<_io.TextIOWrapper name='<stderr>' mode='w' encoding='utf-8'> node index is 233
train linear regression time:  0.048238917253911495
(average_diff:1.0547118733938987e-15, max_diff:1.4432899320127035e-15, training_epochs:500, lr:0.05)
<_io.TextIOWrapper name='<stderr>' mode='w' encoding='utf-8'> node index is 219
train linear regression time:  0.049440749920904636
(average_diff:0.010509077517572888, max_diff:0.018236221449258627, training_epochs:500, lr:0.05)
<_io.TextIOWrapper name='<stderr>' mode='w' encoding='utf-8'> node index is 205
train linear regression time:  0.048049832694232464
(average_diff:0.002496450066564552, max_diff:0.003974070809286689, training_epochs:500, lr:0.05)
<_io.TextIOWrapper name='<stderr>' mode='w' encoding='utf-8'> node index is 197
train linear regression time:  0.04915354214608669
(average_diff:0.03252642175449622, max_diff:0.06677973081263355, training_epochs:500, lr:0.05)
<_io.TextIOWrapper name='<stderr>' mode='w' encoding='utf-8'> node index is 189
train linear regression time:  0.04857879225164652
(average_diff:0.020488470314827152, max_diff:0.04954316593785302, training_epochs:500, lr:0.05)
<_io.TextIOWrapper name='<stderr>' mode='w' encoding='utf-8'> node index is 181
train linear regression time:  0.04892883310094476
(average_diff:0.02706396054319858, max_diff:0.06954157732907684, training_epochs:500, lr:0.05)
<_io.TextIOWrapper name='<stderr>' mode='w' encoding='utf-8'> node index is 173
train linear regression time:  0.04987466707825661
(average_diff:0.01381883948267737, max_diff:0.019752943508833942, training_epochs:500, lr:0.05)
<_io.TextIOWrapper name='<stderr>' mode='w' encoding='utf-8'> node index is 163
train linear regression time:  0.049507500138133764
(average_diff:0.0, max_diff:0.0, training_epochs:500, lr:0.05)
<_io.TextIOWrapper name='<stderr>' mode='w' encoding='utf-8'> node index is 153
train linear regression time:  0.04859787505120039
(average_diff:0.013609785592180498, max_diff:0.02597970569114527, training_epochs:500, lr:0.05)
<_io.TextIOWrapper name='<stderr>' mode='w' encoding='utf-8'> node index is 221
train linear regression time:  0.049237833358347416
(average_diff:0.11314553347094522, max_diff:0.2764389626401912, training_epochs:500, lr:0.05)
<_io.TextIOWrapper name='<stderr>' mode='w' encoding='utf-8'> node index is 207
train linear regression time:  0.0493350001052022
(average_diff:0.14167223462851955, max_diff:0.3541704297207353, training_epochs:500, lr:0.05)
<_io.TextIOWrapper name='<stderr>' mode='w' encoding='utf-8'> node index is 165
train linear regression time:  0.04941624961793423
(average_diff:0.05473190021790785, max_diff:0.14506007604666765, training_epochs:500, lr:0.05)
<_io.TextIOWrapper name='<stderr>' mode='w' encoding='utf-8'> node index is 155
train linear regression time:  0.049259332939982414
(average_diff:0.13050092604902752, max_diff:0.21178487611338626, training_epochs:500, lr:0.05)
<_io.TextIOWrapper name='<stderr>' mode='w' encoding='utf-8'> node index is 149
train linear regression time:  0.050701333209872246
(average_diff:0.048316660788106834, max_diff:0.13514926107701106, training_epochs:500, lr:0.05)
<_io.TextIOWrapper name='<stderr>' mode='w' encoding='utf-8'> node index is 147
train linear regression time:  0.04962974973022938
(average_diff:0.05507336955129864, max_diff:0.14675843405199418, training_epochs:500, lr:0.05)
<_io.TextIOWrapper name='<stderr>' mode='w' encoding='utf-8'> node index is 143
train linear regression time:  0.05008591618388891
(average_diff:0.019349378685362496, max_diff:0.07512348318104412, training_epochs:500, lr:0.05)
<_io.TextIOWrapper name='<stderr>' mode='w' encoding='utf-8'> node index is 137
train linear regression time:  0.051345749758183956
(average_diff:0.04349199851044344, max_diff:0.1565121281909697, training_epochs:500, lr:0.05)
<_io.TextIOWrapper name='<stderr>' mode='w' encoding='utf-8'> node index is 131
train linear regression time:  0.049821624998003244
(average_diff:0.03317112986281852, max_diff:0.06562109776380298, training_epochs:500, lr:0.05)
<_io.TextIOWrapper name='<stderr>' mode='w' encoding='utf-8'> node index is 123
train linear regression time:  0.050220292061567307
(average_diff:0.03304315181873976, max_diff:0.09936654313723164, training_epochs:500, lr:0.05)
<_io.TextIOWrapper name='<stderr>' mode='w' encoding='utf-8'> node index is 113
train linear regression time:  0.05110412510111928
(average_diff:0.06730538146406682, max_diff:0.2789976005962682, training_epochs:500, lr:0.05)
<_io.TextIOWrapper name='<stderr>' mode='w' encoding='utf-8'> node index is 103
train linear regression time:  0.05053554102778435
(average_diff:0.05433132447364462, max_diff:0.1127323408107892, training_epochs:500, lr:0.05)
<_io.TextIOWrapper name='<stderr>' mode='w' encoding='utf-8'> node index is 93
train linear regression time:  0.049600041937083006
(average_diff:0.024723679156531307, max_diff:0.09864439045415577, training_epochs:500, lr:0.05)
<_io.TextIOWrapper name='<stderr>' mode='w' encoding='utf-8'> node index is 139
train linear regression time:  0.04828858282417059
(average_diff:0.053124476416220694, max_diff:0.19081270228271469, training_epochs:500, lr:0.05)
<_io.TextIOWrapper name='<stderr>' mode='w' encoding='utf-8'> node index is 133
train linear regression time:  0.04896174976602197
(average_diff:0.025294635249292187, max_diff:0.053231283326276, training_epochs:500, lr:0.05)
<_io.TextIOWrapper name='<stderr>' mode='w' encoding='utf-8'> node index is 125
train linear regression time:  0.04850949998944998
(average_diff:0.05993910842534413, max_diff:0.21612244523144197, training_epochs:500, lr:0.05)
<_io.TextIOWrapper name='<stderr>' mode='w' encoding='utf-8'> node index is 115
train linear regression time:  0.049007290974259377
(average_diff:0.057831542325565755, max_diff:0.1974860321226909, training_epochs:500, lr:0.05)
<_io.TextIOWrapper name='<stderr>' mode='w' encoding='utf-8'> node index is 105
train linear regression time:  0.04891024995595217
(average_diff:0.04323643365003191, max_diff:0.17437820812663557, training_epochs:500, lr:0.05)
<_io.TextIOWrapper name='<stderr>' mode='w' encoding='utf-8'> node index is 95
train linear regression time:  0.050648416858166456
(average_diff:0.062429712461528, max_diff:0.1125178001580831, training_epochs:500, lr:0.05)
<_io.TextIOWrapper name='<stderr>' mode='w' encoding='utf-8'> node index is 85
train linear regression time:  0.049737291876226664
(average_diff:0.06611592007132856, max_diff:0.24136056847927562, training_epochs:500, lr:0.05)
<_io.TextIOWrapper name='<stderr>' mode='w' encoding='utf-8'> node index is 79
train linear regression time:  0.049468583427369595
(average_diff:0.10870989444373694, max_diff:0.40724674287983004, training_epochs:500, lr:0.05)
<_io.TextIOWrapper name='<stderr>' mode='w' encoding='utf-8'> node index is 73
train linear regression time:  0.04969120770692825
(average_diff:0.08674278290065482, max_diff:0.3614326828836215, training_epochs:500, lr:0.05)
<_io.TextIOWrapper name='<stderr>' mode='w' encoding='utf-8'> node index is 65
train linear regression time:  0.04971841676160693
(average_diff:0.08152864037726651, max_diff:0.48110929959849114, training_epochs:500, lr:0.05)
<_io.TextIOWrapper name='<stderr>' mode='w' encoding='utf-8'> node index is 57
train linear regression time:  0.0555434999987483
(average_diff:0.08417287568634178, max_diff:0.5804697069679248, training_epochs:500, lr:0.05)
<_io.TextIOWrapper name='<stderr>' mode='w' encoding='utf-8'> node index is 47
train linear regression time:  0.0501139173284173
(average_diff:0.0, max_diff:0.0, training_epochs:500, lr:0.05)
<_io.TextIOWrapper name='<stderr>' mode='w' encoding='utf-8'> node index is 397
train linear regression time:  0.048848457634449005
(average_diff:0.014364297023451045, max_diff:0.021652512851945305, training_epochs:500, lr:0.05)
<_io.TextIOWrapper name='<stderr>' mode='w' encoding='utf-8'> node index is 383
train linear regression time:  0.04926741681993008
(average_diff:1.1102230246251565e-16, max_diff:1.1102230246251565e-16, training_epochs:500, lr:0.05)
<_io.TextIOWrapper name='<stderr>' mode='w' encoding='utf-8'> node index is 371
train linear regression time:  0.04986920906230807
(average_diff:0.09365146614227712, max_diff:0.1661992884371406, training_epochs:500, lr:0.05)
<_io.TextIOWrapper name='<stderr>' mode='w' encoding='utf-8'> node index is 357
train linear regression time:  0.04834625031799078
(average_diff:0.10997367173253916, max_diff:0.21510316774193483, training_epochs:500, lr:0.05)
<_io.TextIOWrapper name='<stderr>' mode='w' encoding='utf-8'> node index is 343
train linear regression time:  0.04969183309003711
(average_diff:2.7755575615628914e-16, max_diff:4.440892098500626e-16, training_epochs:500, lr:0.05)
<_io.TextIOWrapper name='<stderr>' mode='w' encoding='utf-8'> node index is 331
train linear regression time:  0.04992200015112758
(average_diff:0.011426345045003894, max_diff:0.017122850155426916, training_epochs:500, lr:0.05)
<_io.TextIOWrapper name='<stderr>' mode='w' encoding='utf-8'> node index is 319
train linear regression time:  0.04882362484931946
(average_diff:0.18896500922864692, max_diff:0.43500338718051057, training_epochs:500, lr:0.05)
<_io.TextIOWrapper name='<stderr>' mode='w' encoding='utf-8'> node index is 307
train linear regression time:  0.04811895778402686
(average_diff:6.106226635438361e-16, max_diff:6.661338147750939e-16, training_epochs:500, lr:0.05)
<_io.TextIOWrapper name='<stderr>' mode='w' encoding='utf-8'> node index is 293
train linear regression time:  0.0480937915854156
(average_diff:7.771561172376096e-16, max_diff:8.881784197001252e-16, training_epochs:500, lr:0.05)
<_io.TextIOWrapper name='<stderr>' mode='w' encoding='utf-8'> node index is 277
train linear regression time:  0.048201208002865314
(average_diff:7.077671781985373e-16, max_diff:1.1934897514720433e-15, training_epochs:500, lr:0.05)
<_io.TextIOWrapper name='<stderr>' mode='w' encoding='utf-8'> node index is 261
train linear regression time:  0.04827029211446643
(average_diff:0.0012982863401060918, max_diff:0.002465171973980662, training_epochs:500, lr:0.05)
<_io.TextIOWrapper name='<stderr>' mode='w' encoding='utf-8'> node index is 247
train linear regression time:  0.04936016723513603
(average_diff:0.16861109816514974, max_diff:0.8224692769538976, training_epochs:500, lr:0.05)
<_io.TextIOWrapper name='<stderr>' mode='w' encoding='utf-8'> node index is 436
train linear regression time:  0.0555589166469872
<_io.TextIOWrapper name='<stderr>' mode='w' encoding='utf-8'> variance test passed, diff=0.06650481578568262, d = 0, back=0
<_io.TextIOWrapper name='<stderr>' mode='w' encoding='utf-8'> Will be split, p=0.06650481578568262, d=0, back=0
(average_diff:0.16723319445843668, max_diff:0.823464421543008, training_epochs:500, lr:0.05)
<_io.TextIOWrapper name='<stderr>' mode='w' encoding='utf-8'> node index is 438
train linear regression time:  0.056418000254780054
(average_diff:1.1102230246251565e-16, max_diff:1.1102230246251565e-16, training_epochs:500, lr:0.05)
<_io.TextIOWrapper name='<stderr>' mode='w' encoding='utf-8'> node index is 439
train linear regression time:  0.04944920912384987
(average_diff:0.00462355800060002, max_diff:0.009551867420223403, training_epochs:500, lr:0.05)
<_io.TextIOWrapper name='<stderr>' mode='w' encoding='utf-8'> node index is 437
train linear regression time:  0.048530582804232836
(average_diff:0.027696610588805754, max_diff:0.04668029403785623, training_epochs:500, lr:0.05)
<_io.TextIOWrapper name='<stderr>' mode='w' encoding='utf-8'> node index is 117
train linear regression time:  0.04861166700720787
(average_diff:0.022630657256513097, max_diff:0.05716616629643324, training_epochs:500, lr:0.05)
<_io.TextIOWrapper name='<stderr>' mode='w' encoding='utf-8'> node index is 107
train linear regression time:  0.048208500258624554
(average_diff:0.038587312134037564, max_diff:0.13311598897314186, training_epochs:500, lr:0.05)
<_io.TextIOWrapper name='<stderr>' mode='w' encoding='utf-8'> node index is 97
train linear regression time:  0.04926441702991724
(average_diff:0.06321613855265303, max_diff:0.15172738169829592, training_epochs:500, lr:0.05)
<_io.TextIOWrapper name='<stderr>' mode='w' encoding='utf-8'> node index is 87
train linear regression time:  0.04879883397370577
(average_diff:0.05969040211397838, max_diff:0.3264958002558249, training_epochs:500, lr:0.05)
<_io.TextIOWrapper name='<stderr>' mode='w' encoding='utf-8'> node index is 81
train linear regression time:  0.050160333048552275
(average_diff:0.07819991609911665, max_diff:0.30121681136458883, training_epochs:500, lr:0.05)
<_io.TextIOWrapper name='<stderr>' mode='w' encoding='utf-8'> node index is 75
train linear regression time:  0.05052670789882541
(average_diff:0.0909796612773787, max_diff:0.3124274469039954, training_epochs:500, lr:0.05)
<_io.TextIOWrapper name='<stderr>' mode='w' encoding='utf-8'> node index is 67
train linear regression time:  0.05985624995082617
(average_diff:0.1605668950445582, max_diff:0.4975801628479568, training_epochs:500, lr:0.05)
<_io.TextIOWrapper name='<stderr>' mode='w' encoding='utf-8'> node index is 59
train linear regression time:  0.05285933334380388
(average_diff:0.11106014789752974, max_diff:0.29007489807965275, training_epochs:500, lr:0.05)
<_io.TextIOWrapper name='<stderr>' mode='w' encoding='utf-8'> node index is 49
train linear regression time:  0.05549583304673433
(average_diff:0.17532869909258542, max_diff:0.6406083479950542, training_epochs:500, lr:0.05)
<_io.TextIOWrapper name='<stderr>' mode='w' encoding='utf-8'> node index is 43
train linear regression time:  0.06099554197862744
(average_diff:8.604228440844963e-16, max_diff:8.881784197001252e-16, training_epochs:500, lr:0.05)
<_io.TextIOWrapper name='<stderr>' mode='w' encoding='utf-8'> node index is 385
train linear regression time:  0.05054979119449854
(average_diff:1.2490009027033011e-15, max_diff:1.5126788710517758e-15, training_epochs:500, lr:0.05)
<_io.TextIOWrapper name='<stderr>' mode='w' encoding='utf-8'> node index is 373
train linear regression time:  0.05205345805734396
(average_diff:0.0, max_diff:0.0, training_epochs:500, lr:0.05)
<_io.TextIOWrapper name='<stderr>' mode='w' encoding='utf-8'> node index is 359
train linear regression time:  0.04887904180213809
(average_diff:0.08646858818461564, max_diff:0.21673466524987423, training_epochs:500, lr:0.05)
<_io.TextIOWrapper name='<stderr>' mode='w' encoding='utf-8'> node index is 345
train linear regression time:  0.04992954107001424
(average_diff:0.01595171013093748, max_diff:0.0399683258261013, training_epochs:500, lr:0.05)
<_io.TextIOWrapper name='<stderr>' mode='w' encoding='utf-8'> node index is 321
train linear regression time:  0.049812749959528446
(average_diff:0.058543610643697244, max_diff:0.13283888367555047, training_epochs:500, lr:0.05)
<_io.TextIOWrapper name='<stderr>' mode='w' encoding='utf-8'> node index is 295
train linear regression time:  0.04904612526297569
(average_diff:0.010453535076994341, max_diff:0.020852736359375235, training_epochs:500, lr:0.05)
<_io.TextIOWrapper name='<stderr>' mode='w' encoding='utf-8'> node index is 279
train linear regression time:  0.04778358293697238
(average_diff:4.163336342344337e-17, max_diff:8.326672684688674e-17, training_epochs:500, lr:0.05)
<_io.TextIOWrapper name='<stderr>' mode='w' encoding='utf-8'> node index is 263
train linear regression time:  0.04883929202333093
(average_diff:0.022033601546864078, max_diff:0.03825132068393167, training_epochs:500, lr:0.05)
<_io.TextIOWrapper name='<stderr>' mode='w' encoding='utf-8'> node index is 249
train linear regression time:  0.04840495903044939
(average_diff:5.551115123125783e-17, max_diff:1.1102230246251565e-16, training_epochs:500, lr:0.05)
<_io.TextIOWrapper name='<stderr>' mode='w' encoding='utf-8'> node index is 237
train linear regression time:  0.05006891582161188
(average_diff:4.3467750232562e-11, max_diff:6.721159739875304e-11, training_epochs:500, lr:0.05)
<_io.TextIOWrapper name='<stderr>' mode='w' encoding='utf-8'> node index is 265
train linear regression time:  0.04833179200068116
(average_diff:8.326672684688674e-17, max_diff:1.1102230246251565e-16, training_epochs:500, lr:0.05)
<_io.TextIOWrapper name='<stderr>' mode='w' encoding='utf-8'> node index is 251
train linear regression time:  0.0507982918061316
(average_diff:0.05321919792558807, max_diff:0.12688291724336798, training_epochs:500, lr:0.05)
<_io.TextIOWrapper name='<stderr>' mode='w' encoding='utf-8'> node index is 239
train linear regression time:  0.049289250280708075
(average_diff:0.08273510850761388, max_diff:0.16022012752026865, training_epochs:500, lr:0.05)
<_io.TextIOWrapper name='<stderr>' mode='w' encoding='utf-8'> node index is 223
train linear regression time:  0.04882420878857374
(average_diff:0.017005836144882307, max_diff:0.028484669251038486, training_epochs:500, lr:0.05)
<_io.TextIOWrapper name='<stderr>' mode='w' encoding='utf-8'> node index is 209
train linear regression time:  0.04876537527889013
(average_diff:0.07374563989626505, max_diff:0.1104068722220542, training_epochs:500, lr:0.05)
<_io.TextIOWrapper name='<stderr>' mode='w' encoding='utf-8'> node index is 199
train linear regression time:  0.04816020792350173
(average_diff:0.07675258377517705, max_diff:0.15095560212031134, training_epochs:500, lr:0.05)
<_io.TextIOWrapper name='<stderr>' mode='w' encoding='utf-8'> node index is 191
train linear regression time:  0.05310704093426466
(average_diff:0.07371227682767831, max_diff:0.1587374981027509, training_epochs:500, lr:0.05)
<_io.TextIOWrapper name='<stderr>' mode='w' encoding='utf-8'> node index is 183
train linear regression time:  0.054295750334858894
(average_diff:0.0725079164116194, max_diff:0.19292584138887053, training_epochs:500, lr:0.05)
<_io.TextIOWrapper name='<stderr>' mode='w' encoding='utf-8'> node index is 175
train linear regression time:  0.05091954208910465
(average_diff:0.08695521161417773, max_diff:0.19465270895602527, training_epochs:500, lr:0.05)
<_io.TextIOWrapper name='<stderr>' mode='w' encoding='utf-8'> node index is 167
train linear regression time:  0.04882074985653162
(average_diff:0.0910670468180796, max_diff:0.18991171025879872, training_epochs:500, lr:0.05)
<_io.TextIOWrapper name='<stderr>' mode='w' encoding='utf-8'> node index is 157
train linear regression time:  0.04821354104205966
(average_diff:0.0, max_diff:0.0, training_epochs:500, lr:0.05)
<_io.TextIOWrapper name='<stderr>' mode='w' encoding='utf-8'> node index is 323
train linear regression time:  0.04982841573655605
(average_diff:1.1102230246251565e-16, max_diff:1.1102230246251565e-16, training_epochs:500, lr:0.05)
<_io.TextIOWrapper name='<stderr>' mode='w' encoding='utf-8'> node index is 309
train linear regression time:  0.055868583265691996
(average_diff:0.05720599219612315, max_diff:0.10205105782590349, training_epochs:500, lr:0.05)
<_io.TextIOWrapper name='<stderr>' mode='w' encoding='utf-8'> node index is 297
train linear regression time:  0.05326020810753107
(average_diff:0.024118639291949587, max_diff:0.06138693945356968, training_epochs:500, lr:0.05)
<_io.TextIOWrapper name='<stderr>' mode='w' encoding='utf-8'> node index is 283
train linear regression time:  0.0530759165994823
(average_diff:0.04489446624616124, max_diff:0.1321618476779989, training_epochs:500, lr:0.05)
<_io.TextIOWrapper name='<stderr>' mode='w' encoding='utf-8'> node index is 267
train linear regression time:  0.05257437517866492
(average_diff:0.12881243272707582, max_diff:0.30151147512704984, training_epochs:500, lr:0.05)
<_io.TextIOWrapper name='<stderr>' mode='w' encoding='utf-8'> node index is 225
train linear regression time:  0.048600292298942804
(average_diff:0.21600202564037707, max_diff:0.4354895198666002, training_epochs:500, lr:0.05)
<_io.TextIOWrapper name='<stderr>' mode='w' encoding='utf-8'> node index is 211
train linear regression time:  0.04866133397445083
(average_diff:0.15603257274644347, max_diff:0.26008292635409624, training_epochs:500, lr:0.05)
<_io.TextIOWrapper name='<stderr>' mode='w' encoding='utf-8'> node index is 185
train linear regression time:  0.04869987489655614
(average_diff:0.16207907834253854, max_diff:0.44968109150016294, training_epochs:500, lr:0.05)
<_io.TextIOWrapper name='<stderr>' mode='w' encoding='utf-8'> node index is 177
train linear regression time:  0.05068637523800135
(average_diff:0.16733722994042233, max_diff:0.4051335809827121, training_epochs:500, lr:0.05)
<_io.TextIOWrapper name='<stderr>' mode='w' encoding='utf-8'> node index is 169
train linear regression time:  0.050059332977980375
(average_diff:0.0, max_diff:0.0, training_epochs:500, lr:0.05)
<_io.TextIOWrapper name='<stderr>' mode='w' encoding='utf-8'> node index is 159
train linear regression time:  0.05198749992996454
(average_diff:0.1256377350765916, max_diff:0.24929319578008347, training_epochs:500, lr:0.05)
<_io.TextIOWrapper name='<stderr>' mode='w' encoding='utf-8'> node index is 151
train linear regression time:  0.04888970823958516
(average_diff:0.031785244247652035, max_diff:0.07994898358019373, training_epochs:500, lr:0.05)
<_io.TextIOWrapper name='<stderr>' mode='w' encoding='utf-8'> node index is 135
train linear regression time:  0.0490922499448061
(average_diff:0.0455881755935689, max_diff:0.11199150801235747, training_epochs:500, lr:0.05)
<_io.TextIOWrapper name='<stderr>' mode='w' encoding='utf-8'> node index is 129
train linear regression time:  0.048502250108867884
(average_diff:0.03399910473373094, max_diff:0.1040581412914432, training_epochs:500, lr:0.05)
<_io.TextIOWrapper name='<stderr>' mode='w' encoding='utf-8'> node index is 119
train linear regression time:  0.04989679204300046
(average_diff:0.04105715060336659, max_diff:0.10557182683739119, training_epochs:500, lr:0.05)
<_io.TextIOWrapper name='<stderr>' mode='w' encoding='utf-8'> node index is 109
train linear regression time:  0.05290812533348799
(average_diff:0.04420424701224121, max_diff:0.16905104577051355, training_epochs:500, lr:0.05)
<_io.TextIOWrapper name='<stderr>' mode='w' encoding='utf-8'> node index is 99
train linear regression time:  0.05336575023829937
(average_diff:0.07822435830321266, max_diff:0.3453009187106959, training_epochs:500, lr:0.05)
<_io.TextIOWrapper name='<stderr>' mode='w' encoding='utf-8'> node index is 434
train linear regression time:  0.05590349994599819
<_io.TextIOWrapper name='<stderr>' mode='w' encoding='utf-8'> variance test passed, diff=0.014387456625660048, d = 0, back=0
<_io.TextIOWrapper name='<stderr>' mode='w' encoding='utf-8'> Will be split, p=0.014387456625660048, d=0, back=0
(average_diff:0.07944979882433895, max_diff:0.33426641503369164, training_epochs:500, lr:0.05)
<_io.TextIOWrapper name='<stderr>' mode='w' encoding='utf-8'> node index is 440
train linear regression time:  0.05662083299830556
(average_diff:0.019754239199198734, max_diff:0.02687322134108172, training_epochs:500, lr:0.05)
<_io.TextIOWrapper name='<stderr>' mode='w' encoding='utf-8'> node index is 441
train linear regression time:  0.04817687487229705
(average_diff:0.0002724350553056365, max_diff:0.0003985385376343298, training_epochs:500, lr:0.05)
<_io.TextIOWrapper name='<stderr>' mode='w' encoding='utf-8'> node index is 435
train linear regression time:  0.04824124975129962
(average_diff:5.551115123125783e-17, max_diff:5.551115123125783e-17, training_epochs:500, lr:0.05)
<_io.TextIOWrapper name='<stderr>' mode='w' encoding='utf-8'> node index is 429
train linear regression time:  0.048643417190760374
(average_diff:0.0003405312186345877, max_diff:0.0005084817200159408, training_epochs:500, lr:0.05)
<_io.TextIOWrapper name='<stderr>' mode='w' encoding='utf-8'> node index is 421
train linear regression time:  0.048606999684125185
(average_diff:0.0036493646970244694, max_diff:0.05775762538322471, training_epochs:500, lr:0.05)
<_io.TextIOWrapper name='<stderr>' mode='w' encoding='utf-8'> node index is 69
train linear regression time:  0.04939624993130565
(average_diff:0.06970911141419556, max_diff:0.21517029768405702, training_epochs:500, lr:0.05)
<_io.TextIOWrapper name='<stderr>' mode='w' encoding='utf-8'> node index is 61
train linear regression time:  0.048436874989420176
(average_diff:0.04714772549705729, max_diff:0.11535029509139347, training_epochs:500, lr:0.05)
<_io.TextIOWrapper name='<stderr>' mode='w' encoding='utf-8'> node index is 53
train linear regression time:  0.048749415669590235
(average_diff:0.0011181922960306716, max_diff:0.0016966136487418237, training_epochs:500, lr:0.05)
<_io.TextIOWrapper name='<stderr>' mode='w' encoding='utf-8'> node index is 401
train linear regression time:  0.04792820801958442
(average_diff:0.0, max_diff:0.0, training_epochs:500, lr:0.05)
<_io.TextIOWrapper name='<stderr>' mode='w' encoding='utf-8'> node index is 387
train linear regression time:  0.049254000186920166
(average_diff:0.0016377912726424568, max_diff:0.0024627738378564246, training_epochs:500, lr:0.05)
<_io.TextIOWrapper name='<stderr>' mode='w' encoding='utf-8'> node index is 375
train linear regression time:  0.04911566572263837
(average_diff:1.6016055148782016e-10, max_diff:1.6794987622859026e-10, training_epochs:500, lr:0.05)
<_io.TextIOWrapper name='<stderr>' mode='w' encoding='utf-8'> node index is 361
train linear regression time:  0.04991124989464879
(average_diff:0.02147931926501532, max_diff:0.03831793654946547, training_epochs:500, lr:0.05)
<_io.TextIOWrapper name='<stderr>' mode='w' encoding='utf-8'> node index is 347
train linear regression time:  0.04894599970430136
(average_diff:0.04840132251668776, max_diff:0.07409317988002483, training_epochs:500, lr:0.05)
<_io.TextIOWrapper name='<stderr>' mode='w' encoding='utf-8'> node index is 311
train linear regression time:  0.04807729087769985
(average_diff:0.014700335818437962, max_diff:0.027550613478991792, training_epochs:500, lr:0.05)
<_io.TextIOWrapper name='<stderr>' mode='w' encoding='utf-8'> node index is 299
train linear regression time:  0.04867850011214614
(average_diff:0.11533885240318444, max_diff:0.25683591694783725, training_epochs:500, lr:0.05)
<_io.TextIOWrapper name='<stderr>' mode='w' encoding='utf-8'> node index is 285
train linear regression time:  0.048527707811445
(average_diff:0.003808425815304703, max_diff:0.006720225278501191, training_epochs:500, lr:0.05)
<_io.TextIOWrapper name='<stderr>' mode='w' encoding='utf-8'> node index is 269
train linear regression time:  0.0481050000526011
(average_diff:0.00046912407522009536, max_diff:0.0004850231954948159, training_epochs:500, lr:0.05)
<_io.TextIOWrapper name='<stderr>' mode='w' encoding='utf-8'> node index is 415
train linear regression time:  0.049549042247235775
(average_diff:2.0491867466776448e-08, max_diff:2.064394721834617e-08, training_epochs:500, lr:0.05)
<_io.TextIOWrapper name='<stderr>' mode='w' encoding='utf-8'> node index is 411
train linear regression time:  0.04970795754343271
(average_diff:2.3592239273284576e-16, max_diff:2.7755575615628914e-16, training_epochs:500, lr:0.05)
<_io.TextIOWrapper name='<stderr>' mode='w' encoding='utf-8'> node index is 403
train linear regression time:  0.04847050039097667
(average_diff:0.02312539921606413, max_diff:0.031829369547040215, training_epochs:500, lr:0.05)
<_io.TextIOWrapper name='<stderr>' mode='w' encoding='utf-8'> node index is 389
train linear regression time:  0.04890833282843232
(average_diff:0.004158120433901291, max_diff:0.0066001304177168985, training_epochs:500, lr:0.05)
<_io.TextIOWrapper name='<stderr>' mode='w' encoding='utf-8'> node index is 377
train linear regression time:  0.04878229182213545
(average_diff:5.551115123125783e-17, max_diff:5.551115123125783e-17, training_epochs:500, lr:0.05)
<_io.TextIOWrapper name='<stderr>' mode='w' encoding='utf-8'> node index is 363
train linear regression time:  0.048995041754096746
(average_diff:0.0, max_diff:0.0, training_epochs:500, lr:0.05)
<_io.TextIOWrapper name='<stderr>' mode='w' encoding='utf-8'> node index is 349
train linear regression time:  0.048609832767397165
(average_diff:0.044271996139171335, max_diff:0.08917719779681957, training_epochs:500, lr:0.05)
<_io.TextIOWrapper name='<stderr>' mode='w' encoding='utf-8'> node index is 335
train linear regression time:  0.04845674987882376
(average_diff:0.019163975600155418, max_diff:0.037599416813096975, training_epochs:500, lr:0.05)
<_io.TextIOWrapper name='<stderr>' mode='w' encoding='utf-8'> node index is 325
train linear regression time:  0.04883087472990155
(average_diff:0.05399273373156671, max_diff:0.15369660313513334, training_epochs:500, lr:0.05)
<_io.TextIOWrapper name='<stderr>' mode='w' encoding='utf-8'> node index is 313
train linear regression time:  0.04815304186195135
(average_diff:0.1607489545248555, max_diff:0.47912207716891775, training_epochs:500, lr:0.05)
<_io.TextIOWrapper name='<stderr>' mode='w' encoding='utf-8'> node index is 430
train linear regression time:  0.056042457930743694
<_io.TextIOWrapper name='<stderr>' mode='w' encoding='utf-8'> variance test passed, diff=0.04928775957521924, d = 0, back=0
<_io.TextIOWrapper name='<stderr>' mode='w' encoding='utf-8'> Will be split, p=0.04928775957521924, d=0, back=0
(average_diff:0.1606971519603728, max_diff:0.44608752770265114, training_epochs:500, lr:0.05)
<_io.TextIOWrapper name='<stderr>' mode='w' encoding='utf-8'> node index is 442
train linear regression time:  0.056090207770466805
(average_diff:0.0, max_diff:0.0, training_epochs:500, lr:0.05)
<_io.TextIOWrapper name='<stderr>' mode='w' encoding='utf-8'> node index is 443
train linear regression time:  0.04914116719737649
(average_diff:0.060809293745339145, max_diff:0.09266472358009803, training_epochs:500, lr:0.05)
<_io.TextIOWrapper name='<stderr>' mode='w' encoding='utf-8'> node index is 431
train linear regression time:  0.048760250210762024
(average_diff:5.551115123125783e-17, max_diff:5.551115123125783e-17, training_epochs:500, lr:0.05)
<_io.TextIOWrapper name='<stderr>' mode='w' encoding='utf-8'> node index is 425
train linear regression time:  0.0498835826292634
(average_diff:3.1086244689504383e-15, max_diff:3.164135620181696e-15, training_epochs:500, lr:0.05)
<_io.TextIOWrapper name='<stderr>' mode='w' encoding='utf-8'> node index is 419
train linear regression time:  0.04927887488156557
(average_diff:0.0028645709786991693, max_diff:0.004298159741550789, training_epochs:500, lr:0.05)
<_io.TextIOWrapper name='<stderr>' mode='w' encoding='utf-8'> node index is 413
train linear regression time:  0.04896199982613325
(average_diff:5.3235194030776256e-14, max_diff:5.340172748447003e-14, training_epochs:500, lr:0.05)
<_io.TextIOWrapper name='<stderr>' mode='w' encoding='utf-8'> node index is 405
train linear regression time:  0.04835895914584398
(average_diff:1.1102230246251565e-16, max_diff:1.1102230246251565e-16, training_epochs:500, lr:0.05)
<_io.TextIOWrapper name='<stderr>' mode='w' encoding='utf-8'> node index is 391
train linear regression time:  0.0483647920191288
(average_diff:2.220446049250313e-16, max_diff:2.220446049250313e-16, training_epochs:500, lr:0.05)
<_io.TextIOWrapper name='<stderr>' mode='w' encoding='utf-8'> node index is 379
train linear regression time:  0.04783066734671593
(average_diff:0.027749224101388963, max_diff:0.05680944378269648, training_epochs:500, lr:0.05)
<_io.TextIOWrapper name='<stderr>' mode='w' encoding='utf-8'> node index is 365
train linear regression time:  0.048928000032901764
(average_diff:0.0, max_diff:0.0, training_epochs:500, lr:0.05)
<_io.TextIOWrapper name='<stderr>' mode='w' encoding='utf-8'> node index is 351
train linear regression time:  0.05052920803427696
(average_diff:0.0021568349859044794, max_diff:0.002225255732723447, training_epochs:500, lr:0.05)
<_io.TextIOWrapper name='<stderr>' mode='w' encoding='utf-8'> node index is 337
train linear regression time:  0.04833341669291258
(average_diff:0.14045645043473384, max_diff:0.4242788651921937, training_epochs:500, lr:0.05)
<_io.TextIOWrapper name='<stderr>' mode='w' encoding='utf-8'> node index is 393
train linear regression time:  0.049431124702095985
(average_diff:1.6653345369377348e-16, max_diff:2.220446049250313e-16, training_epochs:500, lr:0.05)
<_io.TextIOWrapper name='<stderr>' mode='w' encoding='utf-8'> node index is 301
train linear regression time:  0.04837245773524046
(average_diff:0.09973545609275293, max_diff:0.20473572196451112, training_epochs:500, lr:0.05)
<_io.TextIOWrapper name='<stderr>' mode='w' encoding='utf-8'> node index is 271
train linear regression time:  0.048750999849289656
(average_diff:0.0874724098581546, max_diff:0.1306340788008958, training_epochs:500, lr:0.05)
<_io.TextIOWrapper name='<stderr>' mode='w' encoding='utf-8'> node index is 253
train linear regression time:  0.047844875138252974
(average_diff:4.6007040769661484e-12, max_diff:6.724787393608267e-12, training_epochs:500, lr:0.05)
<_io.TextIOWrapper name='<stderr>' mode='w' encoding='utf-8'> node index is 227
train linear regression time:  0.04869600012898445
(average_diff:7.646383526349609e-13, max_diff:9.580114479490476e-13, training_epochs:500, lr:0.05)
<_io.TextIOWrapper name='<stderr>' mode='w' encoding='utf-8'> node index is 213
train linear regression time:  0.047785666305571795
(average_diff:0.05121891999306308, max_diff:0.10518913024279067, training_epochs:500, lr:0.05)
<_io.TextIOWrapper name='<stderr>' mode='w' encoding='utf-8'> node index is 201
train linear regression time:  0.048759957775473595
(average_diff:5.551115123125783e-17, max_diff:5.551115123125783e-17, training_epochs:500, lr:0.05)
<_io.TextIOWrapper name='<stderr>' mode='w' encoding='utf-8'> node index is 193
train linear regression time:  0.04854799993336201
(average_diff:0.02227998274805907, max_diff:0.05760398754555501, training_epochs:500, lr:0.05)
<_io.TextIOWrapper name='<stderr>' mode='w' encoding='utf-8'> node index is 187
train linear regression time:  0.04813120886683464
(average_diff:0.031212705077226923, max_diff:0.06625169137912024, training_epochs:500, lr:0.05)
<_io.TextIOWrapper name='<stderr>' mode='w' encoding='utf-8'> node index is 179
train linear regression time:  0.04824979184195399
(average_diff:5.551115123125783e-17, max_diff:5.551115123125783e-17, training_epochs:500, lr:0.05)
<_io.TextIOWrapper name='<stderr>' mode='w' encoding='utf-8'> node index is 171
train linear regression time:  0.049306582659482956
(average_diff:0.015524120925883567, max_diff:0.030998649502301967, training_epochs:500, lr:0.05)
<_io.TextIOWrapper name='<stderr>' mode='w' encoding='utf-8'> node index is 161
train linear regression time:  0.04847979173064232
(average_diff:0.0, max_diff:0.0, training_epochs:500, lr:0.05)
<_io.TextIOWrapper name='<stderr>' mode='w' encoding='utf-8'> node index is 367
train linear regression time:  0.04891141690313816
(average_diff:0.0, max_diff:0.0, training_epochs:500, lr:0.05)
<_io.TextIOWrapper name='<stderr>' mode='w' encoding='utf-8'> node index is 353
train linear regression time:  0.05083754099905491
(average_diff:2.0955526203181307e-09, max_diff:2.119852182680404e-09, training_epochs:500, lr:0.05)
<_io.TextIOWrapper name='<stderr>' mode='w' encoding='utf-8'> node index is 339
train linear regression time:  0.04932099999859929
(average_diff:0.019604987341872902, max_diff:0.040917092370293395, training_epochs:500, lr:0.05)
<_io.TextIOWrapper name='<stderr>' mode='w' encoding='utf-8'> node index is 327
train linear regression time:  0.048708791844546795
(average_diff:0.008115704971598045, max_diff:0.024898362383679373, training_epochs:500, lr:0.05)
<_io.TextIOWrapper name='<stderr>' mode='w' encoding='utf-8'> node index is 315
train linear regression time:  0.04791733296588063
(average_diff:5.551115123125783e-17, max_diff:1.1102230246251565e-16, training_epochs:500, lr:0.05)
<_io.TextIOWrapper name='<stderr>' mode='w' encoding='utf-8'> node index is 303
train linear regression time:  0.048729040659964085
(average_diff:0.0097621654384912, max_diff:0.015496513166721737, training_epochs:500, lr:0.05)
<_io.TextIOWrapper name='<stderr>' mode='w' encoding='utf-8'> node index is 287
train linear regression time:  0.04870008397847414
(average_diff:0.0169500102060829, max_diff:0.024276746482014, training_epochs:500, lr:0.05)
<_io.TextIOWrapper name='<stderr>' mode='w' encoding='utf-8'> node index is 273
train linear regression time:  0.048799125012010336
(average_diff:0.12487387316656062, max_diff:0.428192542821181, training_epochs:500, lr:0.05)
<_io.TextIOWrapper name='<stderr>' mode='w' encoding='utf-8'> node index is 255
train linear regression time:  0.04837774997577071
(average_diff:5.551115123125783e-17, max_diff:1.1102230246251565e-16, training_epochs:500, lr:0.05)
<_io.TextIOWrapper name='<stderr>' mode='w' encoding='utf-8'> node index is 241
train linear regression time:  0.048077874816954136
(average_diff:0.17623561296437293, max_diff:0.4821065500510628, training_epochs:500, lr:0.05)
<_io.TextIOWrapper name='<stderr>' mode='w' encoding='utf-8'> node index is 229
train linear regression time:  0.04866620805114508
(average_diff:0.13580925613671616, max_diff:0.35396878737426685, training_epochs:500, lr:0.05)
<_io.TextIOWrapper name='<stderr>' mode='w' encoding='utf-8'> node index is 215
train linear regression time:  0.048092625103890896
(average_diff:0.014777025267638744, max_diff:0.026638124381604844, training_epochs:500, lr:0.05)
<_io.TextIOWrapper name='<stderr>' mode='w' encoding='utf-8'> node index is 203
train linear regression time:  0.04903766606003046
(average_diff:0.006239939052410659, max_diff:0.008241017422782937, training_epochs:500, lr:0.05)
<_io.TextIOWrapper name='<stderr>' mode='w' encoding='utf-8'> node index is 195
train linear regression time:  0.0487898332066834
(average_diff:0.21287398269761862, max_diff:0.3309364960797203, training_epochs:500, lr:0.05)
<_io.TextIOWrapper name='<stderr>' mode='w' encoding='utf-8'> node index is 7
train linear regression time:  0.04817399987950921
(average_diff:0.10985310658881664, max_diff:0.3476473638722605, training_epochs:500, lr:0.05)
<_io.TextIOWrapper name='<stderr>' mode='w' encoding='utf-8'> node index is 5
train linear regression time:  0.04919599974527955
testFringe time:  9.738989208824933
<_io.TextIOWrapper name='<stderr>' mode='w' encoding='utf-8'> =============== update finished ===============

*** Writing Game File 53***

<_io.TextIOWrapper name='../print_tree_record_numpy/print_DR_boost_linear_tree_split.txt' mode='w' encoding='UTF-8'> idx1(Q:0.4004, distinct_name:0, dictinctin_value:2.569683891588169, par:None)
	idx4(Q:0.4010, distinct_name:0, dictinctin_value:2.507749956207568, par:1)
		idx6(Q:0.4010, distinct_name:0, dictinctin_value:-0.050698982385153205, par:4)
			idx8(Q:0.4559, distinct_name:0, dictinctin_value:-0.5002368440471089, par:6)
				idx10(Q:0.5048, distinct_name:3, dictinctin_value:0.7373220788164561, par:8)
					idx12(Q:0.4801, distinct_name:1, dictinctin_value:0.8498558206992594, par:10)
						idx18(Q:0.4276, distinct_name:2, dictinctin_value:0.8559921607301466, par:12)
							idx24(Q:0.4221, distinct_name:0, dictinctin_value:-0.5901212893723445, par:18)
								idx30(Q:0.4304, distinct_name:2, dictinctin_value:0.5095422779981766, par:24)
									idx38(Q:0.4513, distinct_name:2, dictinctin_value:0.24909091887867726, par:30)
										idx44(Q:0.4818, distinct_name:2, dictinctin_value:-0.06052347242753761, par:38)
											idx54(Q:0.5349, distinct_name:2, dictinctin_value:-0.16873413911779458, par:44)
												idx62(Q:0.5564, distinct_name:2, dictinctin_value:-0.3117760123070312, par:54)
													idx70(Q:0.5958, distinct_name:2, dictinctin_value:-0.36929151673896154, par:62)
														idx76(Q:0.6197, distinct_name:2, dictinctin_value:-0.4513587540231024, par:70)
															idx82(Q:0.6552, distinct_name:2, dictinctin_value:-0.49926091712096626, par:76)
																idx90(Q:0.6725, distinct_name:2, dictinctin_value:-0.5261921216626007, par:82)
																	idx100(Q:0.6852, distinct_name:2, dictinctin_value:-0.5682634996789567, par:90)
																		idx110(Q:0.7001, distinct_name:2, dictinctin_value:-0.576514535000767, par:100)
																			idx120(Q:0.7044, par:110)
																			idx121(Q:0.4001, par:110)
																		idx111(Q:0.3637, par:100)
																	idx101(Q:0.3616, par:90)
																idx91(Q:0.3238, par:82)
															idx83(Q:0.2935, par:76)
														idx77(Q:0.2797, par:70)
													idx71(Q:0.2809, par:62)
												idx63(Q:0.2399, par:54)
											idx55(Q:0.2255, par:44)
										idx45(Q:0.2334, par:38)
									idx39(Q:0.2993, distinct_name:1, dictinctin_value:0.8040063207197937, par:30)
										idx426(Q:0.2971, distinct_name:2, dictinctin_value:0.8419373683110459, par:39)
											idx432(Q:0.2992, par:426)
											idx433(Q:0.1937, par:426)
										idx427(Q:0.4094, par:39)
								idx31(Q:0.3434, par:24)
							idx25(Q:0.4530, distinct_name:0, dictinctin_value:-0.5389580903277561, par:18)
								idx216(Q:0.4577, distinct_name:0, dictinctin_value:-0.5573162410999996, par:25)
									idx230(Q:0.4599, distinct_name:0, dictinctin_value:-0.5917620279880862, par:216)
										idx242(Q:0.4721, distinct_name:1, dictinctin_value:0.8127647407611875, par:230)
											idx256(Q:0.4651, distinct_name:0, dictinctin_value:-0.6131626140571143, par:242)
												idx288(Q:0.4685, distinct_name:0, dictinctin_value:-0.7076582377440916, par:256)
													idx304(Q:0.4866, distinct_name:0, dictinctin_value:-0.717862250694298, par:288)
														idx316(Q:0.4908, distinct_name:0, dictinctin_value:-0.7734253050900186, par:304)
															idx328(Q:0.4951, distinct_name:0, dictinctin_value:-0.7970945326559435, par:316)
																idx340(Q:0.4974, distinct_name:3, dictinctin_value:0.6595389343928215, par:328)
																	idx354(Q:0.4892, distinct_name:3, dictinctin_value:0.6186331758365281, par:340)
																		idx368(Q:0.4823, distinct_name:3, dictinctin_value:0.5952455969358141, par:354)
																			idx380(Q:0.4838, par:368)
																			idx381(Q:0.3866, par:368)
																		idx369(Q:0.9254, par:354)
																	idx355(Q:0.8422, par:340)
																idx341(Q:0.3979, par:328)
															idx329(Q:0.3740, par:316)
														idx317(Q:0.3428, par:304)
													idx305(Q:0.2712, par:288)
												idx289(Q:0.1966, par:256)
											idx257(Q:0.6915, par:242)
										idx243(Q:0.2415, par:230)
									idx231(Q:0.3288, par:216)
								idx217(Q:0.3523, par:25)
						idx19(Q:0.7115, distinct_name:0, dictinctin_value:-0.5046072639210131, par:12)
							idx152(Q:0.7114, distinct_name:2, dictinctin_value:1.74305991171075, par:19)
								idx162(Q:0.7017, distinct_name:2, dictinctin_value:1.5651912903147052, par:152)
									idx172(Q:0.6909, distinct_name:2, dictinctin_value:1.0939968976733132, par:162)
										idx180(Q:0.6669, distinct_name:2, dictinctin_value:0.9064820637809338, par:172)
											idx188(Q:0.6530, distinct_name:2, dictinctin_value:0.8130327408821636, par:180)
												idx196(Q:0.6460, distinct_name:2, dictinctin_value:0.714578820015968, par:188)
													idx204(Q:0.6440, distinct_name:0, dictinctin_value:-0.5137296726081428, par:196)
														idx218(Q:0.6448, distinct_name:2, dictinctin_value:0.4860989258104936, par:204)
															idx232(Q:0.6447, distinct_name:1, dictinctin_value:2.2330900660097845, par:218)
																idx244(Q:0.6369, distinct_name:2, dictinctin_value:0.44559578649865966, par:232)
																	idx258(Q:0.6301, distinct_name:2, dictinctin_value:0.32419638005931734, par:244)
																		idx274(Q:0.6296, distinct_name:0, dictinctin_value:-0.5233031664270825, par:258)
																			idx290(Q:0.6297, par:274)
																			idx291(Q:0.6173, par:274)
																		idx275(Q:0.6453, par:258)
																	idx259(Q:0.9001, par:244)
																idx245(Q:0.9544, par:232)
															idx233(Q:0.6464, par:218)
														idx219(Q:0.5718, par:204)
													idx205(Q:0.7042, par:196)
												idx197(Q:0.8669, par:188)
											idx189(Q:0.9044, par:180)
										idx181(Q:0.9887, par:172)
									idx173(Q:0.9934, par:162)
								idx163(Q:1.0699, par:152)
							idx153(Q:0.7365, par:19)
					idx13(Q:0.5819, distinct_name:2, dictinctin_value:1.929601246827043, par:10)
						idx92(Q:0.5688, distinct_name:1, dictinctin_value:1.2557733390904973, par:13)
							idx102(Q:0.5399, distinct_name:2, dictinctin_value:1.4527612583425853, par:92)
								idx112(Q:0.5231, distinct_name:2, dictinctin_value:1.3531114404933846, par:102)
									idx122(Q:0.5205, distinct_name:2, dictinctin_value:1.0639310625609943, par:112)
										idx130(Q:0.5065, distinct_name:2, dictinctin_value:0.8759607452183222, par:122)
											idx136(Q:0.5015, distinct_name:2, dictinctin_value:0.6228991526328211, par:130)
												idx142(Q:0.4976, distinct_name:2, dictinctin_value:0.4885947458466264, par:136)
													idx146(Q:0.4895, distinct_name:1, dictinctin_value:1.1059975491047376, par:142)
														idx148(Q:0.4815, distinct_name:3, dictinctin_value:2.363964647313972, par:146)
															idx154(Q:0.4728, distinct_name:3, dictinctin_value:1.536573712246935, par:148)
																idx164(Q:0.4483, distinct_name:1, dictinctin_value:0.49075596239548774, par:154)
																	idx206(Q:0.4199, distinct_name:3, dictinctin_value:1.525286896575752, par:164)
																		idx220(Q:0.4190, distinct_name:2, dictinctin_value:0.38874536608000104, par:206)
																			idx234(Q:0.4225, par:220)
																			idx235(Q:0.2794, par:220)
																		idx221(Q:0.4555, par:206)
																	idx207(Q:0.6173, par:164)
																idx165(Q:0.5943, par:154)
															idx155(Q:0.7353, par:148)
														idx149(Q:0.7311, par:146)
													idx147(Q:0.5720, par:142)
												idx143(Q:0.5533, par:136)
											idx137(Q:0.6190, par:130)
										idx131(Q:0.7284, par:122)
									idx123(Q:0.6170, par:112)
								idx113(Q:0.8578, par:102)
							idx103(Q:0.9384, par:92)
						idx93(Q:1.0393, par:13)
				idx11(Q:0.3727, distinct_name:3, dictinctin_value:1.284568987543642, par:8)
					idx32(Q:0.3461, distinct_name:3, dictinctin_value:0.5763111575206541, par:11)
						idx40(Q:0.3321, distinct_name:2, dictinctin_value:1.4159847670297276, par:32)
							idx46(Q:0.3219, distinct_name:2, dictinctin_value:0.8764611652526798, par:40)
								idx56(Q:0.3305, distinct_name:2, dictinctin_value:0.6776552612944613, par:46)
									idx64(Q:0.3351, distinct_name:0, dictinctin_value:-0.10007893227380851, par:56)
										idx72(Q:0.3345, distinct_name:2, dictinctin_value:0.481251420222257, par:64)
											idx78(Q:0.3471, distinct_name:2, dictinctin_value:0.43236682950932387, par:72)
												idx84(Q:0.3521, distinct_name:2, dictinctin_value:0.2322739018313544, par:78)
													idx94(Q:0.3742, distinct_name:2, dictinctin_value:0.1692901075380102, par:84)
														idx104(Q:0.3856, distinct_name:2, dictinctin_value:0.044622068949871425, par:94)
															idx114(Q:0.4049, distinct_name:2, dictinctin_value:-0.04421252452423217, par:104)
																idx124(Q:0.4253, distinct_name:2, dictinctin_value:-0.12551407150931976, par:114)
																	idx132(Q:0.4451, distinct_name:2, dictinctin_value:-0.16179863391045127, par:124)
																		idx138(Q:0.4569, distinct_name:2, dictinctin_value:-0.1987692173924826, par:132)
																			idx144(Q:0.4760, par:138)
																			idx145(Q:0.1585, par:138)
																		idx139(Q:0.1611, par:132)
																	idx133(Q:0.1753, par:124)
																idx125(Q:0.1281, par:114)
															idx115(Q:0.1787, par:104)
														idx105(Q:0.1640, par:94)
													idx95(Q:0.1422, par:84)
												idx85(Q:0.1631, par:78)
											idx79(Q:0.1912, par:72)
										idx73(Q:0.3416, par:64)
									idx65(Q:0.2720, par:56)
								idx57(Q:0.2671, par:46)
							idx47(Q:0.4309, par:40)
						idx41(Q:0.4054, distinct_name:3, dictinctin_value:1.2541204520301295, par:32)
							idx246(Q:0.3999, distinct_name:0, dictinctin_value:-0.05401988313827026, par:41)
								idx260(Q:0.3980, distinct_name:2, dictinctin_value:2.0807886731763334, par:246)
									idx276(Q:0.3909, distinct_name:2, dictinctin_value:1.8994422532815647, par:260)
										idx292(Q:0.3846, distinct_name:1, dictinctin_value:1.2716943858922887, par:276)
											idx306(Q:0.3638, distinct_name:2, dictinctin_value:1.8085097405850585, par:292)
												idx318(Q:0.3498, distinct_name:0, dictinctin_value:-0.06832580226386262, par:306)
													idx330(Q:0.3468, distinct_name:1, dictinctin_value:1.0161843934440484, par:318)
														idx342(Q:0.3391, distinct_name:0, dictinctin_value:-0.11082738421514442, par:330)
															idx356(Q:0.3427, distinct_name:0, dictinctin_value:-0.1239714467724242, par:342)
																idx370(Q:0.3443, distinct_name:1, dictinctin_value:0.8661774768232812, par:356)
																	idx382(Q:0.3394, distinct_name:0, dictinctin_value:-0.13038566790821624, par:370)
																		idx396(Q:0.3363, distinct_name:1, dictinctin_value:0.7685182247259327, par:382)
																			idx406(Q:0.3297, par:396)
																			idx407(Q:0.5249, par:396)
																		idx397(Q:0.6955, par:382)
																	idx383(Q:0.5360, par:370)
																idx371(Q:0.1581, par:356)
															idx357(Q:0.2765, par:342)
														idx343(Q:0.4879, par:330)
													idx331(Q:0.5556, par:318)
												idx319(Q:0.8472, par:306)
											idx307(Q:0.6300, par:292)
										idx293(Q:0.8758, par:276)
									idx277(Q:0.9535, par:260)
								idx261(Q:0.5523, par:246)
							idx247(Q:0.6228, par:41)
					idx33(Q:0.5892, distinct_name:2, dictinctin_value:1.8206658800741853, par:11)
						idx436(Q:0.5751, distinct_name:0, dictinctin_value:-0.055487221535360155, par:33)
							idx438(Q:0.5712, par:436)
							idx439(Q:0.9613, par:436)
						idx437(Q:0.9447, par:33)
			idx9(Q:0.3483, distinct_name:1, dictinctin_value:1.4532912275447858, par:6)
				idx14(Q:0.3305, distinct_name:0, dictinctin_value:0.6708677617788001, par:9)
					idx16(Q:0.3477, distinct_name:0, dictinctin_value:0.5219929201544601, par:14)
						idx20(Q:0.3488, distinct_name:0, dictinctin_value:0.38200451643824146, par:16)
							idx26(Q:0.3562, distinct_name:0, dictinctin_value:0.29175973898130836, par:20)
								idx34(Q:0.3593, distinct_name:3, dictinctin_value:1.2405945003824483, par:26)
									idx42(Q:0.3270, distinct_name:2, dictinctin_value:1.6139678071673451, par:34)
										idx48(Q:0.3216, distinct_name:1, dictinctin_value:1.0148453699076618, par:42)
											idx58(Q:0.3088, distinct_name:2, dictinctin_value:0.8422101128546527, par:48)
												idx66(Q:0.3156, distinct_name:2, dictinctin_value:0.5718071591898053, par:58)
													idx74(Q:0.3288, distinct_name:2, dictinctin_value:0.3335199702259944, par:66)
														idx80(Q:0.3558, distinct_name:2, dictinctin_value:0.2585267021680285, par:74)
															idx86(Q:0.3630, distinct_name:2, dictinctin_value:0.13295569297273957, par:80)
																idx96(Q:0.3813, distinct_name:2, dictinctin_value:0.0933394603867821, par:86)
																	idx106(Q:0.3877, distinct_name:2, dictinctin_value:0.047951172568074005, par:96)
																		idx116(Q:0.3975, distinct_name:2, dictinctin_value:-0.0025517231675584334, par:106)
																			idx126(Q:0.4051, par:116)
																			idx127(Q:0.1413, par:116)
																		idx117(Q:0.1601, par:106)
																	idx107(Q:0.1183, par:96)
																idx97(Q:0.1264, par:86)
															idx87(Q:0.1781, par:80)
														idx81(Q:0.1525, par:74)
													idx75(Q:0.1888, par:66)
												idx67(Q:0.2736, par:58)
											idx59(Q:0.4562, par:48)
										idx49(Q:0.4321, par:42)
									idx43(Q:0.5679, par:34)
								idx35(Q:0.3434, distinct_name:1, dictinctin_value:1.344826515865718, par:26)
									idx236(Q:0.3413, distinct_name:3, dictinctin_value:1.6897348587436034, par:35)
										idx248(Q:0.3321, distinct_name:1, dictinctin_value:1.2341402111364463, par:236)
											idx262(Q:0.3336, distinct_name:3, dictinctin_value:1.3356049450605056, par:248)
												idx278(Q:0.3335, distinct_name:2, dictinctin_value:1.6241822054726756, par:262)
													idx294(Q:0.3228, distinct_name:0, dictinctin_value:0.3731119474318981, par:278)
														idx320(Q:0.3190, distinct_name:3, dictinctin_value:1.2759579982069145, par:294)
															idx344(Q:0.3080, distinct_name:0, dictinctin_value:0.37304242798500226, par:320)
																idx358(Q:0.3078, distinct_name:0, dictinctin_value:0.3707677109507447, par:344)
																	idx372(Q:0.3121, distinct_name:0, dictinctin_value:0.3697040787425107, par:358)
																		idx384(Q:0.3115, distinct_name:2, dictinctin_value:1.3789177574365135, par:372)
																			idx398(Q:0.3063, par:384)
																			idx399(Q:0.4354, par:384)
																		idx385(Q:0.3531, par:372)
																	idx373(Q:0.1232, par:358)
																idx359(Q:0.3297, par:344)
															idx345(Q:0.6077, par:320)
														idx321(Q:0.4278, par:294)
													idx295(Q:0.5491, par:278)
												idx279(Q:0.3342, par:262)
											idx263(Q:0.2222, par:248)
										idx249(Q:0.6936, par:236)
									idx237(Q:0.5098, par:35)
							idx27(Q:0.3228, distinct_name:2, dictinctin_value:1.5527241962490086, par:20)
								idx156(Q:0.3172, distinct_name:0, dictinctin_value:0.5137061072990365, par:27)
									idx166(Q:0.3220, distinct_name:0, dictinctin_value:0.5083060291160676, par:156)
										idx174(Q:0.3227, distinct_name:1, dictinctin_value:1.235555391656205, par:166)
											idx182(Q:0.3226, distinct_name:0, dictinctin_value:0.499318407708209, par:174)
												idx190(Q:0.3275, distinct_name:3, dictinctin_value:1.6437138459193195, par:182)
													idx198(Q:0.3206, distinct_name:0, dictinctin_value:0.4978828276393789, par:190)
														idx208(Q:0.3237, distinct_name:2, dictinctin_value:1.3588453420210258, par:198)
															idx222(Q:0.3228, distinct_name:2, dictinctin_value:0.9721483625475897, par:208)
																idx238(Q:0.3257, distinct_name:0, dictinctin_value:0.4972801494332726, par:222)
																	idx250(Q:0.3226, distinct_name:2, dictinctin_value:0.944961054171824, par:238)
																		idx264(Q:0.3275, distinct_name:2, dictinctin_value:0.872803430709856, par:250)
																			idx280(Q:0.3326, par:264)
																			idx281(Q:0.2171, par:264)
																		idx265(Q:0.0703, par:250)
																	idx251(Q:0.5718, par:238)
																idx239(Q:0.2764, par:222)
															idx223(Q:0.3459, par:208)
														idx209(Q:0.1809, par:198)
													idx199(Q:0.6398, par:190)
												idx191(Q:0.2588, par:182)
											idx183(Q:0.3235, par:174)
										idx175(Q:0.3017, par:166)
									idx167(Q:0.2568, par:156)
								idx157(Q:0.4850, par:27)
						idx21(Q:0.3429, distinct_name:1, dictinctin_value:1.3201670622027022, par:16)
							idx150(Q:0.3404, distinct_name:1, dictinctin_value:1.2234607090751204, par:21)
								idx158(Q:0.3408, distinct_name:1, dictinctin_value:1.0226433736171432, par:150)
									idx168(Q:0.3320, distinct_name:0, dictinctin_value:0.6649352976939671, par:158)
										idx176(Q:0.3298, distinct_name:2, dictinctin_value:1.8028367177150562, par:168)
											idx184(Q:0.3244, distinct_name:3, dictinctin_value:1.321083281680176, par:176)
												idx210(Q:0.2978, distinct_name:1, dictinctin_value:0.7493197611500411, par:184)
													idx224(Q:0.2969, distinct_name:2, dictinctin_value:1.1954012588052898, par:210)
														idx266(Q:0.2976, distinct_name:1, dictinctin_value:0.6035401367847275, par:224)
															idx282(Q:0.3036, distinct_name:1, dictinctin_value:0.5166827335099701, par:266)
																idx296(Q:0.3091, distinct_name:0, dictinctin_value:0.663963378246939, par:282)
																	idx308(Q:0.3060, distinct_name:0, dictinctin_value:0.6638782806630827, par:296)
																		idx322(Q:0.3030, distinct_name:2, dictinctin_value:1.1091905022156634, par:308)
																			idx332(Q:0.3061, par:322)
																			idx333(Q:0.1554, par:322)
																		idx323(Q:0.7405, par:308)
																	idx309(Q:0.7765, par:296)
																idx297(Q:0.1679, par:282)
															idx283(Q:0.1419, par:266)
														idx267(Q:0.2888, par:224)
													idx225(Q:0.3064, par:210)
												idx211(Q:0.5654, par:184)
											idx185(Q:0.4711, par:176)
										idx177(Q:0.3872, par:168)
									idx169(Q:0.5420, par:158)
								idx159(Q:0.2851, par:150)
							idx151(Q:0.4182, par:21)
					idx17(Q:0.3117, distinct_name:3, dictinctin_value:0.8871619234739136, par:14)
						idx22(Q:0.2812, distinct_name:1, dictinctin_value:0.895274831679809, par:17)
							idx28(Q:0.2655, distinct_name:3, dictinctin_value:0.4147697243292515, par:22)
								idx36(Q:0.2582, distinct_name:3, dictinctin_value:-0.009439492879810042, par:28)
									idx50(Q:0.2559, distinct_name:0, dictinctin_value:2.3121117874404824, par:36)
										idx52(Q:0.2569, distinct_name:0, dictinctin_value:1.9483716250181808, par:50)
											idx60(Q:0.2591, distinct_name:3, dictinctin_value:-0.018025248765568658, par:52)
												idx68(Q:0.2677, distinct_name:2, dictinctin_value:0.8033765660185509, par:60)
													idx88(Q:0.2707, distinct_name:2, dictinctin_value:0.6003623148969123, par:68)
														idx98(Q:0.2786, distinct_name:2, dictinctin_value:0.5329635912790776, par:88)
															idx108(Q:0.2857, distinct_name:2, dictinctin_value:0.3621996786015208, par:98)
																idx118(Q:0.3009, distinct_name:3, dictinctin_value:-0.05260374571449391, par:108)
																	idx128(Q:0.3032, distinct_name:2, dictinctin_value:0.22149263805201816, par:118)
																		idx134(Q:0.3185, distinct_name:2, dictinctin_value:0.13324256965432388, par:128)
																			idx140(Q:0.3309, par:134)
																			idx141(Q:0.1375, par:134)
																		idx135(Q:0.1439, par:128)
																	idx129(Q:0.2486, par:118)
																idx119(Q:0.1462, par:108)
															idx109(Q:0.1542, par:98)
														idx99(Q:0.1689, par:88)
													idx89(Q:0.2594, distinct_name:0, dictinctin_value:1.9001636825637473, par:68)
														idx420(Q:0.2570, distinct_name:0, dictinctin_value:1.8970534364477791, par:89)
															idx428(Q:0.2574, distinct_name:0, dictinctin_value:1.7864713255325577, par:420)
																idx434(Q:0.2582, distinct_name:0, dictinctin_value:1.7345810667045185, par:428)
																	idx440(Q:0.2551, par:434)
																	idx441(Q:0.3355, par:434)
																idx435(Q:0.2269, par:428)
															idx429(Q:0.2144, par:420)
														idx421(Q:0.2937, par:89)
												idx69(Q:0.1905, par:60)
											idx61(Q:0.2178, par:52)
										idx53(Q:0.1893, par:50)
									idx51(Q:0.2666, distinct_name:0, dictinctin_value:2.2255864685353126, par:36)
										idx268(Q:0.2651, distinct_name:0, dictinctin_value:1.8770234609938123, par:51)
											idx284(Q:0.2642, distinct_name:1, dictinctin_value:0.8208254329434517, par:268)
												idx298(Q:0.2658, distinct_name:0, dictinctin_value:1.7199871451158526, par:284)
													idx310(Q:0.2687, distinct_name:3, dictinctin_value:0.39481973457279324, par:298)
														idx346(Q:0.2703, distinct_name:2, dictinctin_value:2.0591657816242117, par:310)
															idx360(Q:0.2627, distinct_name:2, dictinctin_value:1.6416632040499568, par:346)
																idx374(Q:0.2623, distinct_name:0, dictinctin_value:1.6846076849979201, par:360)
																	idx386(Q:0.2627, distinct_name:2, dictinctin_value:1.5364517172370076, par:374)
																		idx400(Q:0.2647, distinct_name:2, dictinctin_value:1.321416179085615, par:386)
																			idx408(Q:0.2616, par:400)
																			idx409(Q:0.3535, par:400)
																		idx401(Q:0.1825, par:386)
																	idx387(Q:0.2080, par:374)
																idx375(Q:0.2773, par:360)
															idx361(Q:0.7517, par:346)
														idx347(Q:0.2259, par:310)
													idx311(Q:0.1886, par:298)
												idx299(Q:0.2215, par:284)
											idx285(Q:0.2809, par:268)
										idx269(Q:0.3223, par:51)
								idx37(Q:0.3011, distinct_name:1, dictinctin_value:0.7946772031835798, par:28)
									idx312(Q:0.2955, distinct_name:2, dictinctin_value:1.9378572482198, par:37)
										idx324(Q:0.2860, distinct_name:0, dictinctin_value:2.1880833067537604, par:312)
											idx334(Q:0.2884, distinct_name:0, dictinctin_value:2.1673152418059, par:324)
												idx348(Q:0.2840, distinct_name:0, dictinctin_value:2.0644684179947266, par:334)
													idx362(Q:0.2827, distinct_name:2, dictinctin_value:1.6060442338491094, par:348)
														idx376(Q:0.2751, distinct_name:0, dictinctin_value:1.8821116949330967, par:362)
															idx388(Q:0.2772, distinct_name:2, dictinctin_value:1.5867185725408008, par:376)
																idx402(Q:0.2775, distinct_name:0, dictinctin_value:1.8162737627685595, par:388)
																	idx410(Q:0.2804, distinct_name:2, dictinctin_value:1.474613989336331, par:402)
																		idx414(Q:0.2727, distinct_name:2, dictinctin_value:1.322085439542282, par:410)
																			idx422(Q:0.2726, par:414)
																			idx423(Q:0.2744, par:414)
																		idx415(Q:0.7277, par:410)
																	idx411(Q:0.1050, par:402)
																idx403(Q:0.2603, par:388)
															idx389(Q:0.2100, par:376)
														idx377(Q:0.6011, par:362)
													idx363(Q:0.3687, par:348)
												idx349(Q:0.5786, par:334)
											idx335(Q:0.2062, par:324)
										idx325(Q:0.6207, par:312)
									idx313(Q:0.4133, par:37)
							idx29(Q:0.3891, distinct_name:0, dictinctin_value:2.44084525907838, par:22)
								idx336(Q:0.3912, distinct_name:0, dictinctin_value:2.3332385876998147, par:29)
									idx350(Q:0.3916, distinct_name:2, dictinctin_value:1.313989803673234, par:336)
										idx364(Q:0.3681, distinct_name:2, dictinctin_value:1.2075088067941002, par:350)
											idx378(Q:0.3643, distinct_name:0, dictinctin_value:2.3276851139515355, par:364)
												idx390(Q:0.3628, distinct_name:2, dictinctin_value:1.1566628366759308, par:378)
													idx404(Q:0.3592, distinct_name:2, dictinctin_value:1.049026714172236, par:390)
														idx412(Q:0.3546, distinct_name:2, dictinctin_value:1.0138168631315498, par:404)
															idx418(Q:0.3519, distinct_name:0, dictinctin_value:2.3136303024689413, par:412)
																idx424(Q:0.3518, distinct_name:1, dictinctin_value:1.4142431093508798, par:418)
																	idx430(Q:0.3573, distinct_name:0, dictinctin_value:2.2572655688242222, par:424)
																		idx442(Q:0.3555, par:430)
																		idx443(Q:0.5398, par:430)
																	idx431(Q:0.1674, par:424)
																idx425(Q:0.3611, par:418)
															idx419(Q:0.4940, par:412)
														idx413(Q:0.5241, par:404)
													idx405(Q:0.5629, par:390)
												idx391(Q:0.5313, par:378)
											idx379(Q:0.5828, par:364)
										idx365(Q:0.6919, par:350)
									idx351(Q:0.3317, par:336)
								idx337(Q:0.2579, par:29)
						idx23(Q:0.4626, distinct_name:0, dictinctin_value:2.1444723574903684, par:17)
							idx160(Q:0.4628, distinct_name:0, dictinctin_value:2.133798778100152, par:23)
								idx170(Q:0.4634, distinct_name:2, dictinctin_value:1.564504591409782, par:160)
									idx178(Q:0.4391, distinct_name:2, dictinctin_value:1.4113473869711974, par:170)
										idx186(Q:0.4344, distinct_name:0, dictinctin_value:2.1063540893171067, par:178)
											idx192(Q:0.4357, distinct_name:2, dictinctin_value:1.2195161175228741, par:186)
												idx200(Q:0.4315, distinct_name:0, dictinctin_value:1.9676721667093595, par:192)
													idx212(Q:0.4291, distinct_name:0, dictinctin_value:1.8926417272552991, par:200)
														idx226(Q:0.4327, distinct_name:0, dictinctin_value:1.7713311316515392, par:212)
															idx252(Q:0.4387, distinct_name:1, dictinctin_value:1.3213229930390704, par:226)
																idx270(Q:0.4314, distinct_name:0, dictinctin_value:1.7442155745503336, par:252)
																	idx300(Q:0.4285, distinct_name:0, dictinctin_value:1.3536781616204123, par:270)
																		idx392(Q:0.4248, distinct_name:0, dictinctin_value:1.2274516322533688, par:300)
																			idx416(Q:0.4267, par:392)
																			idx417(Q:0.4058, par:392)
																		idx393(Q:0.4470, par:300)
																	idx301(Q:0.6548, par:270)
																idx271(Q:0.6640, par:252)
															idx253(Q:0.2398, par:226)
														idx227(Q:0.2344, par:212)
													idx213(Q:0.5294, par:200)
												idx201(Q:0.5263, par:192)
											idx193(Q:0.3158, par:186)
										idx187(Q:0.6087, par:178)
									idx179(Q:0.8746, par:170)
								idx171(Q:0.3511, par:160)
							idx161(Q:0.4501, par:23)
				idx15(Q:0.5771, distinct_name:2, dictinctin_value:1.9938158806166744, par:9)
					idx194(Q:0.5688, distinct_name:3, dictinctin_value:2.0149638943737203, par:15)
						idx202(Q:0.5575, distinct_name:3, dictinctin_value:1.626087400144554, par:194)
							idx214(Q:0.5536, distinct_name:1, dictinctin_value:2.6727016574162166, par:202)
								idx228(Q:0.5357, distinct_name:2, dictinctin_value:1.776904010924299, par:214)
									idx240(Q:0.5313, distinct_name:2, dictinctin_value:1.4203463682180766, par:228)
										idx254(Q:0.5178, distinct_name:0, dictinctin_value:2.115573493736756, par:240)
											idx272(Q:0.5197, distinct_name:2, dictinctin_value:1.306259966260203, par:254)
												idx286(Q:0.5104, distinct_name:2, dictinctin_value:1.2529155214914378, par:272)
													idx302(Q:0.5063, distinct_name:2, dictinctin_value:0.808199081795812, par:286)
														idx314(Q:0.4920, distinct_name:2, dictinctin_value:0.7214446989843575, par:302)
															idx326(Q:0.4843, distinct_name:2, dictinctin_value:0.7041168221107604, par:314)
																idx338(Q:0.4825, distinct_name:0, dictinctin_value:2.1110030599556926, par:326)
																	idx352(Q:0.4836, distinct_name:0, dictinctin_value:2.0312710900603177, par:338)
																		idx366(Q:0.4821, distinct_name:2, dictinctin_value:0.6878681581259294, par:352)
																			idx394(Q:0.4782, par:366)
																			idx395(Q:0.7374, par:366)
																		idx367(Q:0.6738, par:352)
																	idx353(Q:0.3397, par:338)
																idx339(Q:0.6013, par:326)
															idx327(Q:0.7013, par:314)
														idx315(Q:0.8428, par:302)
													idx303(Q:0.8104, par:286)
												idx287(Q:0.7985, par:272)
											idx273(Q:0.4215, par:254)
										idx255(Q:0.7948, par:240)
									idx241(Q:0.9017, par:228)
								idx229(Q:0.8024, par:214)
							idx215(Q:0.6587, par:202)
						idx203(Q:0.9177, par:194)
					idx195(Q:0.9747, par:15)
		idx7(Q:0.3579, par:4)
	idx5(Q:0.3086, par:1)
