WARNING:tensorflow:From /Users/keithwu/opt/anaconda3/envs/auction-gym/lib/python3.10/site-packages/tensorflow/python/compat/v2_compat.py:107: disable_resource_variables (from tensorflow.python.ops.variable_scope) is deprecated and will be removed in a future version.
Instructions for updating:
non-resource variables are not supported in the long term
<_io.TextIOWrapper name='<stderr>' mode='w' encoding='utf-8'> reading from ../UTree_model_numpy/DR/model_boost_linear_qsplit_noabs_save/, starting at 60
<_io.TextIOWrapper name='<stderr>' mode='w' encoding='utf-8'> =============== update starts ===============
(average_diff:0.0011491491218330522, max_diff:0.0026741244314653634, training_epochs:500, lr:0.05)
<_io.TextIOWrapper name='<stderr>' mode='w' encoding='utf-8'> node index is 111
train linear regression time:  0.052064459305256605
(average_diff:0.001927667915781417, max_diff:0.005368256931138959, training_epochs:500, lr:0.05)
<_io.TextIOWrapper name='<stderr>' mode='w' encoding='utf-8'> node index is 101
train linear regression time:  0.05467316694557667
(average_diff:0.00295924270636368, max_diff:0.009466663176471934, training_epochs:500, lr:0.05)
<_io.TextIOWrapper name='<stderr>' mode='w' encoding='utf-8'> node index is 91
train linear regression time:  0.054816290736198425
(average_diff:0.014073808299084676, max_diff:0.16034807374034862, training_epochs:500, lr:0.05)
<_io.TextIOWrapper name='<stderr>' mode='w' encoding='utf-8'> node index is 83
train linear regression time:  0.05254049971699715
(average_diff:0.017650271726017207, max_diff:0.15059038207544384, training_epochs:500, lr:0.05)
<_io.TextIOWrapper name='<stderr>' mode='w' encoding='utf-8'> node index is 77
train linear regression time:  0.05550679098814726
(average_diff:0.047604977687145354, max_diff:0.2551320896849843, training_epochs:500, lr:0.05)
<_io.TextIOWrapper name='<stderr>' mode='w' encoding='utf-8'> node index is 71
train linear regression time:  0.057300582993775606
(average_diff:0.04672928038960637, max_diff:0.19751587252498665, training_epochs:500, lr:0.05)
<_io.TextIOWrapper name='<stderr>' mode='w' encoding='utf-8'> node index is 63
train linear regression time:  0.05430233385413885
(average_diff:0.06711338876530484, max_diff:0.2728906923023011, training_epochs:500, lr:0.05)
<_io.TextIOWrapper name='<stderr>' mode='w' encoding='utf-8'> node index is 468
train linear regression time:  0.05886658327654004
<_io.TextIOWrapper name='<stderr>' mode='w' encoding='utf-8'> variance test passed, diff=0.020657777353938787, d = 0, back=0
<_io.TextIOWrapper name='<stderr>' mode='w' encoding='utf-8'> Will be split, p=0.020657777353938787, d=0, back=0
(average_diff:0.06668546387856031, max_diff:0.2743679591240552, training_epochs:500, lr:0.05)
<_io.TextIOWrapper name='<stderr>' mode='w' encoding='utf-8'> node index is 474
train linear regression time:  0.0596940410323441
(average_diff:2.7755575615628914e-17, max_diff:2.7755575615628914e-17, training_epochs:500, lr:0.05)
<_io.TextIOWrapper name='<stderr>' mode='w' encoding='utf-8'> node index is 475
train linear regression time:  0.052885208278894424
(average_diff:1.3161242915310511e-05, max_diff:1.3950436036636038e-05, training_epochs:500, lr:0.05)
<_io.TextIOWrapper name='<stderr>' mode='w' encoding='utf-8'> node index is 469
train linear regression time:  0.07225320814177394
(average_diff:5.628618517661277e-07, max_diff:8.033553859365661e-07, training_epochs:500, lr:0.05)
<_io.TextIOWrapper name='<stderr>' mode='w' encoding='utf-8'> node index is 465
train linear regression time:  0.08688983414322138
(average_diff:0.07135672592922818, max_diff:0.26603292533408585, training_epochs:500, lr:0.05)
<_io.TextIOWrapper name='<stderr>' mode='w' encoding='utf-8'> node index is 45
train linear regression time:  0.06634883303195238
(average_diff:0.0725135249629023, max_diff:0.366601586319707, training_epochs:500, lr:0.05)
<_io.TextIOWrapper name='<stderr>' mode='w' encoding='utf-8'> node index is 472
train linear regression time:  0.06440070830285549
<_io.TextIOWrapper name='<stderr>' mode='w' encoding='utf-8'> variance test passed, diff=0.044282911022417715, d = 0, back=0
<_io.TextIOWrapper name='<stderr>' mode='w' encoding='utf-8'> Will be split, p=0.044282911022417715, d=0, back=0
(average_diff:6.024496027046133e-08, max_diff:6.049680467690166e-08, training_epochs:500, lr:0.05)
<_io.TextIOWrapper name='<stderr>' mode='w' encoding='utf-8'> node index is 473
train linear regression time:  0.055583542212843895
(average_diff:2.8449465006019636e-16, max_diff:3.7470027081099033e-16, training_epochs:500, lr:0.05)
<_io.TextIOWrapper name='<stderr>' mode='w' encoding='utf-8'> node index is 471
train linear regression time:  0.05416845763102174
(average_diff:6.560648290025728e-05, max_diff:6.697402594427193e-05, training_epochs:500, lr:0.05)
<_io.TextIOWrapper name='<stderr>' mode='w' encoding='utf-8'> node index is 467
train linear regression time:  0.05331254191696644
(average_diff:0.01104189230477419, max_diff:0.016900304448300485, training_epochs:500, lr:0.05)
<_io.TextIOWrapper name='<stderr>' mode='w' encoding='utf-8'> node index is 461
train linear regression time:  0.05237254220992327
(average_diff:0.005169362687299298, max_diff:0.010353048015779298, training_epochs:500, lr:0.05)
<_io.TextIOWrapper name='<stderr>' mode='w' encoding='utf-8'> node index is 457
train linear regression time:  0.053353582974523306
(average_diff:3.3306690738754696e-16, max_diff:3.3306690738754696e-16, training_epochs:500, lr:0.05)
<_io.TextIOWrapper name='<stderr>' mode='w' encoding='utf-8'> node index is 449
train linear regression time:  0.058736959006637335
(average_diff:2.5673907444456745e-16, max_diff:4.0245584642661925e-16, training_epochs:500, lr:0.05)
<_io.TextIOWrapper name='<stderr>' mode='w' encoding='utf-8'> node index is 445
train linear regression time:  0.05341262510046363
(average_diff:3.3306690738754696e-16, max_diff:4.718447854656915e-16, training_epochs:500, lr:0.05)
<_io.TextIOWrapper name='<stderr>' mode='w' encoding='utf-8'> node index is 433
train linear regression time:  0.053866208996623755
(average_diff:9.46434456318146e-05, max_diff:9.694156629430628e-05, training_epochs:500, lr:0.05)
<_io.TextIOWrapper name='<stderr>' mode='w' encoding='utf-8'> node index is 427
train linear regression time:  0.054908833000808954
(average_diff:0.09908071466409157, max_diff:0.30114718460906065, training_epochs:500, lr:0.05)
<_io.TextIOWrapper name='<stderr>' mode='w' encoding='utf-8'> node index is 31
train linear regression time:  0.06664212513715029
(average_diff:1.887379141862766e-15, max_diff:1.9984014443252818e-15, training_epochs:500, lr:0.05)
<_io.TextIOWrapper name='<stderr>' mode='w' encoding='utf-8'> node index is 369
train linear regression time:  0.059266542084515095
(average_diff:1.9994551755016707e-07, max_diff:3.058793915933222e-07, training_epochs:500, lr:0.05)
<_io.TextIOWrapper name='<stderr>' mode='w' encoding='utf-8'> node index is 355
train linear regression time:  0.0563656659796834
(average_diff:2.0084964802435934e-09, max_diff:2.868335569061742e-09, training_epochs:500, lr:0.05)
<_io.TextIOWrapper name='<stderr>' mode='w' encoding='utf-8'> node index is 341
train linear regression time:  0.05292466701939702
(average_diff:0.019516576114847393, max_diff:0.037639243144830414, training_epochs:500, lr:0.05)
<_io.TextIOWrapper name='<stderr>' mode='w' encoding='utf-8'> node index is 329
train linear regression time:  0.051680624950677156
(average_diff:0.0072849464702191315, max_diff:0.012616265982399288, training_epochs:500, lr:0.05)
<_io.TextIOWrapper name='<stderr>' mode='w' encoding='utf-8'> node index is 317
train linear regression time:  0.05198291689157486
(average_diff:0.07044862456137696, max_diff:0.22677593939616256, training_epochs:500, lr:0.05)
<_io.TextIOWrapper name='<stderr>' mode='w' encoding='utf-8'> node index is 305
train linear regression time:  0.054023874923586845
(average_diff:1.339206523454095e-15, max_diff:1.3461454173580023e-15, training_epochs:500, lr:0.05)
<_io.TextIOWrapper name='<stderr>' mode='w' encoding='utf-8'> node index is 289
train linear regression time:  0.053343458101153374
(average_diff:0.0009544379360811206, max_diff:0.0018809170254416863, training_epochs:500, lr:0.05)
<_io.TextIOWrapper name='<stderr>' mode='w' encoding='utf-8'> node index is 257
train linear regression time:  0.05405033379793167
(average_diff:0.07122889700587647, max_diff:0.12240773794940496, training_epochs:500, lr:0.05)
<_io.TextIOWrapper name='<stderr>' mode='w' encoding='utf-8'> node index is 243
train linear regression time:  0.05382329225540161
(average_diff:0.033423380663692985, max_diff:0.05090818182562115, training_epochs:500, lr:0.05)
<_io.TextIOWrapper name='<stderr>' mode='w' encoding='utf-8'> node index is 231
train linear regression time:  0.05336949974298477
(average_diff:0.07809676477376064, max_diff:0.1506948202009894, training_epochs:500, lr:0.05)
<_io.TextIOWrapper name='<stderr>' mode='w' encoding='utf-8'> node index is 217
train linear regression time:  0.055149707943201065
(average_diff:0.007316374835833611, max_diff:0.015049781438757015, training_epochs:500, lr:0.05)
<_io.TextIOWrapper name='<stderr>' mode='w' encoding='utf-8'> node index is 275
train linear regression time:  0.0576622923836112
(average_diff:0.01344290380064811, max_diff:0.024448623370179834, training_epochs:500, lr:0.05)
<_io.TextIOWrapper name='<stderr>' mode='w' encoding='utf-8'> node index is 259
train linear regression time:  0.05356966704130173
(average_diff:8.431907082023793e-06, max_diff:1.429305012179416e-05, training_epochs:500, lr:0.05)
<_io.TextIOWrapper name='<stderr>' mode='w' encoding='utf-8'> node index is 245
train linear regression time:  0.05273299990221858
(average_diff:0.0046620063793702225, max_diff:0.010179869224326898, training_epochs:500, lr:0.05)
<_io.TextIOWrapper name='<stderr>' mode='w' encoding='utf-8'> node index is 233
train linear regression time:  0.05489095812663436
(average_diff:1.0547118733938987e-15, max_diff:1.4432899320127035e-15, training_epochs:500, lr:0.05)
<_io.TextIOWrapper name='<stderr>' mode='w' encoding='utf-8'> node index is 219
train linear regression time:  0.052786416839808226
(average_diff:0.010278796935863548, max_diff:0.017840236607313487, training_epochs:500, lr:0.05)
<_io.TextIOWrapper name='<stderr>' mode='w' encoding='utf-8'> node index is 205
train linear regression time:  0.05368483392521739
(average_diff:0.002036276983461078, max_diff:0.0036428374796059204, training_epochs:500, lr:0.05)
<_io.TextIOWrapper name='<stderr>' mode='w' encoding='utf-8'> node index is 197
train linear regression time:  0.05236958293244243
(average_diff:0.03033659549073618, max_diff:0.06446216406262273, training_epochs:500, lr:0.05)
<_io.TextIOWrapper name='<stderr>' mode='w' encoding='utf-8'> node index is 189
train linear regression time:  0.052662250120192766
(average_diff:0.02106974064281077, max_diff:0.05107928067858747, training_epochs:500, lr:0.05)
<_io.TextIOWrapper name='<stderr>' mode='w' encoding='utf-8'> node index is 181
train linear regression time:  0.053163541946560144
(average_diff:0.028258746048507817, max_diff:0.06221891613954256, training_epochs:500, lr:0.05)
<_io.TextIOWrapper name='<stderr>' mode='w' encoding='utf-8'> node index is 173
train linear regression time:  0.05322720808908343
(average_diff:0.012229542488245926, max_diff:0.020890952127714302, training_epochs:500, lr:0.05)
<_io.TextIOWrapper name='<stderr>' mode='w' encoding='utf-8'> node index is 163
train linear regression time:  0.05303054163232446
(average_diff:0.0, max_diff:0.0, training_epochs:500, lr:0.05)
<_io.TextIOWrapper name='<stderr>' mode='w' encoding='utf-8'> node index is 153
train linear regression time:  0.051018625032156706
(average_diff:0.0015398044001388583, max_diff:0.0029526392448616656, training_epochs:500, lr:0.05)
<_io.TextIOWrapper name='<stderr>' mode='w' encoding='utf-8'> node index is 221
train linear regression time:  0.05296158278360963
(average_diff:0.1076778072023012, max_diff:0.27692999199193313, training_epochs:500, lr:0.05)
<_io.TextIOWrapper name='<stderr>' mode='w' encoding='utf-8'> node index is 207
train linear regression time:  0.05082512507215142
(average_diff:0.14257243507817474, max_diff:0.337658020118058, training_epochs:500, lr:0.05)
<_io.TextIOWrapper name='<stderr>' mode='w' encoding='utf-8'> node index is 165
train linear regression time:  0.05109591595828533
(average_diff:0.08497522201992172, max_diff:0.22629909904032264, training_epochs:500, lr:0.05)
<_io.TextIOWrapper name='<stderr>' mode='w' encoding='utf-8'> node index is 155
train linear regression time:  0.04870824981480837
(average_diff:0.16149964686767865, max_diff:0.26479675800233304, training_epochs:500, lr:0.05)
<_io.TextIOWrapper name='<stderr>' mode='w' encoding='utf-8'> node index is 149
train linear regression time:  0.04886070778593421
(average_diff:0.04772264527480792, max_diff:0.13701732986209095, training_epochs:500, lr:0.05)
<_io.TextIOWrapper name='<stderr>' mode='w' encoding='utf-8'> node index is 147
train linear regression time:  0.05125295789912343
(average_diff:0.04935663829395743, max_diff:0.15185578844307185, training_epochs:500, lr:0.05)
<_io.TextIOWrapper name='<stderr>' mode='w' encoding='utf-8'> node index is 143
train linear regression time:  0.0500101656652987
(average_diff:0.035707681050035564, max_diff:0.07594745998985486, training_epochs:500, lr:0.05)
<_io.TextIOWrapper name='<stderr>' mode='w' encoding='utf-8'> node index is 137
train linear regression time:  0.04973020777106285
(average_diff:0.042124187270953996, max_diff:0.15393181487274787, training_epochs:500, lr:0.05)
<_io.TextIOWrapper name='<stderr>' mode='w' encoding='utf-8'> node index is 131
train linear regression time:  0.04988816613331437
(average_diff:0.03278552895945442, max_diff:0.06718204843229708, training_epochs:500, lr:0.05)
<_io.TextIOWrapper name='<stderr>' mode='w' encoding='utf-8'> node index is 123
train linear regression time:  0.049446667078882456
(average_diff:0.036281557395212535, max_diff:0.08989454322036894, training_epochs:500, lr:0.05)
<_io.TextIOWrapper name='<stderr>' mode='w' encoding='utf-8'> node index is 113
train linear regression time:  0.05001616710796952
(average_diff:0.09088065408927813, max_diff:0.29808018370319966, training_epochs:500, lr:0.05)
<_io.TextIOWrapper name='<stderr>' mode='w' encoding='utf-8'> node index is 103
train linear regression time:  0.05006008315831423
(average_diff:0.04979942605181328, max_diff:0.11271437350146074, training_epochs:500, lr:0.05)
<_io.TextIOWrapper name='<stderr>' mode='w' encoding='utf-8'> node index is 93
train linear regression time:  0.05014387518167496
(average_diff:0.024003052957104223, max_diff:0.07388967208470545, training_epochs:500, lr:0.05)
<_io.TextIOWrapper name='<stderr>' mode='w' encoding='utf-8'> node index is 139
train linear regression time:  0.050281208008527756
(average_diff:0.05956301168166297, max_diff:0.17590122377162926, training_epochs:500, lr:0.05)
<_io.TextIOWrapper name='<stderr>' mode='w' encoding='utf-8'> node index is 133
train linear regression time:  0.05058033298701048
(average_diff:0.025233586544383308, max_diff:0.051403354239408144, training_epochs:500, lr:0.05)
<_io.TextIOWrapper name='<stderr>' mode='w' encoding='utf-8'> node index is 125
train linear regression time:  0.050530750304460526
(average_diff:0.06850126918202626, max_diff:0.1961039689058166, training_epochs:500, lr:0.05)
<_io.TextIOWrapper name='<stderr>' mode='w' encoding='utf-8'> node index is 115
train linear regression time:  0.050116959027945995
(average_diff:0.05903072028992277, max_diff:0.2134682615092271, training_epochs:500, lr:0.05)
<_io.TextIOWrapper name='<stderr>' mode='w' encoding='utf-8'> node index is 105
train linear regression time:  0.050155290868133307
(average_diff:0.052284042783356674, max_diff:0.20162218862173775, training_epochs:500, lr:0.05)
<_io.TextIOWrapper name='<stderr>' mode='w' encoding='utf-8'> node index is 95
train linear regression time:  0.05034479219466448
(average_diff:0.062396662167286635, max_diff:0.1127263117465756, training_epochs:500, lr:0.05)
<_io.TextIOWrapper name='<stderr>' mode='w' encoding='utf-8'> node index is 85
train linear regression time:  0.05064499983564019
(average_diff:0.06995135147252302, max_diff:0.23152046802038573, training_epochs:500, lr:0.05)
<_io.TextIOWrapper name='<stderr>' mode='w' encoding='utf-8'> node index is 79
train linear regression time:  0.050885249860584736
(average_diff:0.10717715805712356, max_diff:0.4071185430055155, training_epochs:500, lr:0.05)
<_io.TextIOWrapper name='<stderr>' mode='w' encoding='utf-8'> node index is 73
train linear regression time:  0.05195062514394522
(average_diff:0.0829195649294462, max_diff:0.37089374509133854, training_epochs:500, lr:0.05)
<_io.TextIOWrapper name='<stderr>' mode='w' encoding='utf-8'> node index is 65
train linear regression time:  0.05034158332273364
(average_diff:0.08684896498577706, max_diff:0.42672615838033967, training_epochs:500, lr:0.05)
<_io.TextIOWrapper name='<stderr>' mode='w' encoding='utf-8'> node index is 57
train linear regression time:  0.05646241595968604
(average_diff:0.0870429180194239, max_diff:0.5968388648684897, training_epochs:500, lr:0.05)
<_io.TextIOWrapper name='<stderr>' mode='w' encoding='utf-8'> node index is 47
train linear regression time:  0.05133758392184973
(average_diff:7.147060721024445e-16, max_diff:1.2073675392798577e-15, training_epochs:500, lr:0.05)
<_io.TextIOWrapper name='<stderr>' mode='w' encoding='utf-8'> node index is 397
train linear regression time:  0.05351079115644097
(average_diff:0.03285774712966803, max_diff:0.06424154162372275, training_epochs:500, lr:0.05)
<_io.TextIOWrapper name='<stderr>' mode='w' encoding='utf-8'> node index is 383
train linear regression time:  0.04975379165261984
(average_diff:1.1102230246251565e-16, max_diff:1.1102230246251565e-16, training_epochs:500, lr:0.05)
<_io.TextIOWrapper name='<stderr>' mode='w' encoding='utf-8'> node index is 371
train linear regression time:  0.04880145890638232
(average_diff:0.13579570673888824, max_diff:0.2999317254385664, training_epochs:500, lr:0.05)
<_io.TextIOWrapper name='<stderr>' mode='w' encoding='utf-8'> node index is 357
train linear regression time:  0.049290332943201065
(average_diff:0.1086895786302822, max_diff:0.2118437381004304, training_epochs:500, lr:0.05)
<_io.TextIOWrapper name='<stderr>' mode='w' encoding='utf-8'> node index is 343
train linear regression time:  0.05070183286443353
(average_diff:2.7755575615628914e-16, max_diff:4.440892098500626e-16, training_epochs:500, lr:0.05)
<_io.TextIOWrapper name='<stderr>' mode='w' encoding='utf-8'> node index is 331
train linear regression time:  0.051010959316045046
(average_diff:0.00849612509678116, max_diff:0.01663098871740254, training_epochs:500, lr:0.05)
<_io.TextIOWrapper name='<stderr>' mode='w' encoding='utf-8'> node index is 319
train linear regression time:  0.050930541940033436
(average_diff:0.15499103637733777, max_diff:0.4255495967180841, training_epochs:500, lr:0.05)
<_io.TextIOWrapper name='<stderr>' mode='w' encoding='utf-8'> node index is 307
train linear regression time:  0.05165024986490607
(average_diff:6.106226635438361e-16, max_diff:6.661338147750939e-16, training_epochs:500, lr:0.05)
<_io.TextIOWrapper name='<stderr>' mode='w' encoding='utf-8'> node index is 293
train linear regression time:  0.05042825033888221
(average_diff:0.024228301572990912, max_diff:0.03230987558382736, training_epochs:500, lr:0.05)
<_io.TextIOWrapper name='<stderr>' mode='w' encoding='utf-8'> node index is 277
train linear regression time:  0.050814333371818066
(average_diff:0.018590411603657438, max_diff:0.038001368380461725, training_epochs:500, lr:0.05)
<_io.TextIOWrapper name='<stderr>' mode='w' encoding='utf-8'> node index is 261
train linear regression time:  0.052580333314836025
(average_diff:0.00012163835119877175, max_diff:0.00023096557752566582, training_epochs:500, lr:0.05)
<_io.TextIOWrapper name='<stderr>' mode='w' encoding='utf-8'> node index is 247
train linear regression time:  0.053914583288133144
(average_diff:0.18018336051432343, max_diff:0.7438765828946377, training_epochs:500, lr:0.05)
<_io.TextIOWrapper name='<stderr>' mode='w' encoding='utf-8'> node index is 462
train linear regression time:  0.059677291195839643
<_io.TextIOWrapper name='<stderr>' mode='w' encoding='utf-8'> variance test passed, diff=0.06510924088233283, d = 0, back=0
<_io.TextIOWrapper name='<stderr>' mode='w' encoding='utf-8'> Will be split, p=0.06510924088233283, d=0, back=0
(average_diff:0.17945881061345234, max_diff:0.7185078436171156, training_epochs:500, lr:0.05)
<_io.TextIOWrapper name='<stderr>' mode='w' encoding='utf-8'> node index is 478
train linear regression time:  0.05752441706135869
(average_diff:5.551115123125783e-17, max_diff:5.551115123125783e-17, training_epochs:500, lr:0.05)
<_io.TextIOWrapper name='<stderr>' mode='w' encoding='utf-8'> node index is 479
train linear regression time:  0.050062417052686214
(average_diff:0.001725526429623092, max_diff:0.00273031588975714, training_epochs:500, lr:0.05)
<_io.TextIOWrapper name='<stderr>' mode='w' encoding='utf-8'> node index is 463
train linear regression time:  0.04954145895317197
(average_diff:0.0014800019533028526, max_diff:0.002261066331201489, training_epochs:500, lr:0.05)
<_io.TextIOWrapper name='<stderr>' mode='w' encoding='utf-8'> node index is 459
train linear regression time:  0.0494396248832345
(average_diff:0.0, max_diff:0.0, training_epochs:500, lr:0.05)
<_io.TextIOWrapper name='<stderr>' mode='w' encoding='utf-8'> node index is 451
train linear regression time:  0.04928995901718736
(average_diff:1.1102230246251565e-16, max_diff:1.1102230246251565e-16, training_epochs:500, lr:0.05)
<_io.TextIOWrapper name='<stderr>' mode='w' encoding='utf-8'> node index is 439
train linear regression time:  0.04970224993303418
(average_diff:0.0005867093620468555, max_diff:0.0011841028465569003, training_epochs:500, lr:0.05)
<_io.TextIOWrapper name='<stderr>' mode='w' encoding='utf-8'> node index is 437
train linear regression time:  0.04916895879432559
(average_diff:0.027393640009226183, max_diff:0.047431486705178855, training_epochs:500, lr:0.05)
<_io.TextIOWrapper name='<stderr>' mode='w' encoding='utf-8'> node index is 117
train linear regression time:  0.048641415778547525
(average_diff:0.02049940438541301, max_diff:0.05644809703761346, training_epochs:500, lr:0.05)
<_io.TextIOWrapper name='<stderr>' mode='w' encoding='utf-8'> node index is 107
train linear regression time:  0.04966529179364443
(average_diff:0.0376041073547918, max_diff:0.129714758111876, training_epochs:500, lr:0.05)
<_io.TextIOWrapper name='<stderr>' mode='w' encoding='utf-8'> node index is 97
train linear regression time:  0.05088920844718814
(average_diff:0.06310461853258485, max_diff:0.1523734606905624, training_epochs:500, lr:0.05)
<_io.TextIOWrapper name='<stderr>' mode='w' encoding='utf-8'> node index is 87
train linear regression time:  0.05078666703775525
(average_diff:0.05789583543742085, max_diff:0.3346425578777627, training_epochs:500, lr:0.05)
<_io.TextIOWrapper name='<stderr>' mode='w' encoding='utf-8'> node index is 81
train linear regression time:  0.05157870892435312
(average_diff:0.0740115660894375, max_diff:0.29530283306215444, training_epochs:500, lr:0.05)
<_io.TextIOWrapper name='<stderr>' mode='w' encoding='utf-8'> node index is 75
train linear regression time:  0.051750625018030405
(average_diff:0.0929688467315361, max_diff:0.34568277852841833, training_epochs:500, lr:0.05)
<_io.TextIOWrapper name='<stderr>' mode='w' encoding='utf-8'> node index is 67
train linear regression time:  0.05553637491539121
(average_diff:0.15714357790509073, max_diff:0.6044702967561745, training_epochs:500, lr:0.05)
<_io.TextIOWrapper name='<stderr>' mode='w' encoding='utf-8'> node index is 59
train linear regression time:  0.052003083284944296
(average_diff:0.10382641906397716, max_diff:0.31321295696433293, training_epochs:500, lr:0.05)
<_io.TextIOWrapper name='<stderr>' mode='w' encoding='utf-8'> node index is 49
train linear regression time:  0.05018616700544953
(average_diff:0.16857110929777086, max_diff:0.6703763258046973, training_epochs:500, lr:0.05)
<_io.TextIOWrapper name='<stderr>' mode='w' encoding='utf-8'> node index is 43
train linear regression time:  0.05662991711869836
(average_diff:0.00408091389483355, max_diff:0.006094237880745423, training_epochs:500, lr:0.05)
<_io.TextIOWrapper name='<stderr>' mode='w' encoding='utf-8'> node index is 385
train linear regression time:  0.04966899985447526
(average_diff:1.2490009027033011e-15, max_diff:1.5126788710517758e-15, training_epochs:500, lr:0.05)
<_io.TextIOWrapper name='<stderr>' mode='w' encoding='utf-8'> node index is 373
train linear regression time:  0.04857620783150196
(average_diff:0.0, max_diff:0.0, training_epochs:500, lr:0.05)
<_io.TextIOWrapper name='<stderr>' mode='w' encoding='utf-8'> node index is 359
train linear regression time:  0.0503692920319736
(average_diff:0.07229386416524682, max_diff:0.21739174321711457, training_epochs:500, lr:0.05)
<_io.TextIOWrapper name='<stderr>' mode='w' encoding='utf-8'> node index is 345
train linear regression time:  0.05174329178407788
(average_diff:0.02670793740345359, max_diff:0.053736748953292474, training_epochs:500, lr:0.05)
<_io.TextIOWrapper name='<stderr>' mode='w' encoding='utf-8'> node index is 321
train linear regression time:  0.05244491621851921
(average_diff:0.05732545480828999, max_diff:0.1277987641622606, training_epochs:500, lr:0.05)
<_io.TextIOWrapper name='<stderr>' mode='w' encoding='utf-8'> node index is 295
train linear regression time:  0.052127042319625616
(average_diff:0.010507922846678031, max_diff:0.020708037592903294, training_epochs:500, lr:0.05)
<_io.TextIOWrapper name='<stderr>' mode='w' encoding='utf-8'> node index is 279
train linear regression time:  0.05521566607058048
(average_diff:4.163336342344337e-17, max_diff:8.326672684688674e-17, training_epochs:500, lr:0.05)
<_io.TextIOWrapper name='<stderr>' mode='w' encoding='utf-8'> node index is 263
train linear regression time:  0.056188167072832584
(average_diff:0.023657973257455164, max_diff:0.04170787551848887, training_epochs:500, lr:0.05)
<_io.TextIOWrapper name='<stderr>' mode='w' encoding='utf-8'> node index is 249
train linear regression time:  0.05724299978464842
(average_diff:5.551115123125783e-17, max_diff:1.1102230246251565e-16, training_epochs:500, lr:0.05)
<_io.TextIOWrapper name='<stderr>' mode='w' encoding='utf-8'> node index is 237
train linear regression time:  0.05314712505787611
(average_diff:8.005170600474306e-15, max_diff:1.2490009027033011e-14, training_epochs:500, lr:0.05)
<_io.TextIOWrapper name='<stderr>' mode='w' encoding='utf-8'> node index is 265
train linear regression time:  0.054951167199760675
(average_diff:8.326672684688674e-17, max_diff:1.1102230246251565e-16, training_epochs:500, lr:0.05)
<_io.TextIOWrapper name='<stderr>' mode='w' encoding='utf-8'> node index is 251
train linear regression time:  0.05320075014606118
(average_diff:0.09290013751477812, max_diff:0.32501228886999045, training_epochs:500, lr:0.05)
<_io.TextIOWrapper name='<stderr>' mode='w' encoding='utf-8'> node index is 239
train linear regression time:  0.05476212501525879
(average_diff:0.07889812503930618, max_diff:0.14417999318984137, training_epochs:500, lr:0.05)
<_io.TextIOWrapper name='<stderr>' mode='w' encoding='utf-8'> node index is 223
train linear regression time:  0.05373575026169419
(average_diff:0.01662897373359856, max_diff:0.02785342706764876, training_epochs:500, lr:0.05)
<_io.TextIOWrapper name='<stderr>' mode='w' encoding='utf-8'> node index is 209
train linear regression time:  0.04927137494087219
(average_diff:0.035460744815081935, max_diff:0.0516784644328927, training_epochs:500, lr:0.05)
<_io.TextIOWrapper name='<stderr>' mode='w' encoding='utf-8'> node index is 199
train linear regression time:  0.048652749974280596
(average_diff:0.08610153213097055, max_diff:0.20527230616510841, training_epochs:500, lr:0.05)
<_io.TextIOWrapper name='<stderr>' mode='w' encoding='utf-8'> node index is 191
train linear regression time:  0.05049862479791045
(average_diff:0.0624029613748344, max_diff:0.1224101373276965, training_epochs:500, lr:0.05)
<_io.TextIOWrapper name='<stderr>' mode='w' encoding='utf-8'> node index is 183
train linear regression time:  0.05168758286163211
(average_diff:0.0979323295679968, max_diff:0.1634980969816246, training_epochs:500, lr:0.05)
<_io.TextIOWrapper name='<stderr>' mode='w' encoding='utf-8'> node index is 175
train linear regression time:  0.049491832964122295
(average_diff:0.0889737321532436, max_diff:0.18340586872219417, training_epochs:500, lr:0.05)
<_io.TextIOWrapper name='<stderr>' mode='w' encoding='utf-8'> node index is 167
train linear regression time:  0.04954758379608393
(average_diff:0.07335789809071855, max_diff:0.16344179372287315, training_epochs:500, lr:0.05)
<_io.TextIOWrapper name='<stderr>' mode='w' encoding='utf-8'> node index is 157
train linear regression time:  0.048821291886270046
(average_diff:0.0, max_diff:0.0, training_epochs:500, lr:0.05)
<_io.TextIOWrapper name='<stderr>' mode='w' encoding='utf-8'> node index is 323
train linear regression time:  0.04980291612446308
(average_diff:1.1102230246251565e-16, max_diff:1.1102230246251565e-16, training_epochs:500, lr:0.05)
<_io.TextIOWrapper name='<stderr>' mode='w' encoding='utf-8'> node index is 309
train linear regression time:  0.04961020825430751
(average_diff:0.0878645410778632, max_diff:0.17821947012020795, training_epochs:500, lr:0.05)
<_io.TextIOWrapper name='<stderr>' mode='w' encoding='utf-8'> node index is 297
train linear regression time:  0.05012695910409093
(average_diff:0.14024825238102287, max_diff:0.2512223005797696, training_epochs:500, lr:0.05)
<_io.TextIOWrapper name='<stderr>' mode='w' encoding='utf-8'> node index is 283
train linear regression time:  0.04941637488082051
(average_diff:0.05193823221989615, max_diff:0.13854098708339038, training_epochs:500, lr:0.05)
<_io.TextIOWrapper name='<stderr>' mode='w' encoding='utf-8'> node index is 267
train linear regression time:  0.04934641672298312
(average_diff:0.1645825808032701, max_diff:0.5688246170416432, training_epochs:500, lr:0.05)
<_io.TextIOWrapper name='<stderr>' mode='w' encoding='utf-8'> node index is 225
train linear regression time:  0.04983741696923971
(average_diff:0.21026470853308263, max_diff:0.43353630467538573, training_epochs:500, lr:0.05)
<_io.TextIOWrapper name='<stderr>' mode='w' encoding='utf-8'> node index is 211
train linear regression time:  0.05260808300226927
(average_diff:0.12975704883880826, max_diff:0.2991814255028506, training_epochs:500, lr:0.05)
<_io.TextIOWrapper name='<stderr>' mode='w' encoding='utf-8'> node index is 185
train linear regression time:  0.05236550001427531
(average_diff:0.14964165092178472, max_diff:0.4673342539290146, training_epochs:500, lr:0.05)
<_io.TextIOWrapper name='<stderr>' mode='w' encoding='utf-8'> node index is 177
train linear regression time:  0.050597624853253365
(average_diff:0.16222350162704433, max_diff:0.39947627012365605, training_epochs:500, lr:0.05)
<_io.TextIOWrapper name='<stderr>' mode='w' encoding='utf-8'> node index is 169
train linear regression time:  0.04973616683855653
(average_diff:0.0, max_diff:0.0, training_epochs:500, lr:0.05)
<_io.TextIOWrapper name='<stderr>' mode='w' encoding='utf-8'> node index is 159
train linear regression time:  0.04994458286091685
(average_diff:0.12087091183444879, max_diff:0.23926246315064437, training_epochs:500, lr:0.05)
<_io.TextIOWrapper name='<stderr>' mode='w' encoding='utf-8'> node index is 151
train linear regression time:  0.051207249984145164
(average_diff:0.03602168787538479, max_diff:0.09993851959890626, training_epochs:500, lr:0.05)
<_io.TextIOWrapper name='<stderr>' mode='w' encoding='utf-8'> node index is 135
train linear regression time:  0.052185541950166225
(average_diff:0.04712905129677624, max_diff:0.11629440979885008, training_epochs:500, lr:0.05)
<_io.TextIOWrapper name='<stderr>' mode='w' encoding='utf-8'> node index is 129
train linear regression time:  0.054736541118472815
(average_diff:0.03343605728126132, max_diff:0.1050035285361085, training_epochs:500, lr:0.05)
<_io.TextIOWrapper name='<stderr>' mode='w' encoding='utf-8'> node index is 119
train linear regression time:  0.05470474995672703
(average_diff:0.040315018423275215, max_diff:0.10542110627618362, training_epochs:500, lr:0.05)
<_io.TextIOWrapper name='<stderr>' mode='w' encoding='utf-8'> node index is 109
train linear regression time:  0.05471383314579725
(average_diff:0.04381448257941812, max_diff:0.17890640409769148, training_epochs:500, lr:0.05)
<_io.TextIOWrapper name='<stderr>' mode='w' encoding='utf-8'> node index is 99
train linear regression time:  0.05359825026243925
(average_diff:2.7755575615628914e-17, max_diff:2.7755575615628914e-17, training_epochs:500, lr:0.05)
<_io.TextIOWrapper name='<stderr>' mode='w' encoding='utf-8'> node index is 447
train linear regression time:  0.05514212464913726
(average_diff:1.2908497018390697e-05, max_diff:1.7601873280925773e-05, training_epochs:500, lr:0.05)
<_io.TextIOWrapper name='<stderr>' mode='w' encoding='utf-8'> node index is 441
train linear regression time:  0.053369415923953056
(average_diff:1.7044737380770651e-09, max_diff:2.4934286302347175e-09, training_epochs:500, lr:0.05)
<_io.TextIOWrapper name='<stderr>' mode='w' encoding='utf-8'> node index is 435
train linear regression time:  0.05238787503913045
(average_diff:5.551115123125783e-17, max_diff:5.551115123125783e-17, training_epochs:500, lr:0.05)
<_io.TextIOWrapper name='<stderr>' mode='w' encoding='utf-8'> node index is 429
train linear regression time:  0.05286345910280943
(average_diff:5.559676850378873e-07, max_diff:8.301717707159817e-07, training_epochs:500, lr:0.05)
<_io.TextIOWrapper name='<stderr>' mode='w' encoding='utf-8'> node index is 421
train linear regression time:  0.052089250180870295
(average_diff:0.008555493871828919, max_diff:0.21982363011991324, training_epochs:500, lr:0.05)
<_io.TextIOWrapper name='<stderr>' mode='w' encoding='utf-8'> node index is 69
train linear regression time:  0.051303042098879814
(average_diff:0.07227985956075988, max_diff:0.23800802142993094, training_epochs:500, lr:0.05)
<_io.TextIOWrapper name='<stderr>' mode='w' encoding='utf-8'> node index is 61
train linear regression time:  0.05064816726371646
(average_diff:0.057707671967416815, max_diff:0.11263829316684529, training_epochs:500, lr:0.05)
<_io.TextIOWrapper name='<stderr>' mode='w' encoding='utf-8'> node index is 53
train linear regression time:  0.05044095776975155
(average_diff:0.0055593139895533, max_diff:0.009255093121368699, training_epochs:500, lr:0.05)
<_io.TextIOWrapper name='<stderr>' mode='w' encoding='utf-8'> node index is 401
train linear regression time:  0.056437958031892776
(average_diff:0.0, max_diff:0.0, training_epochs:500, lr:0.05)
<_io.TextIOWrapper name='<stderr>' mode='w' encoding='utf-8'> node index is 387
train linear regression time:  0.05524008395150304
(average_diff:0.000268245039284111, max_diff:0.00040337346805841, training_epochs:500, lr:0.05)
<_io.TextIOWrapper name='<stderr>' mode='w' encoding='utf-8'> node index is 375
train linear regression time:  0.04931991687044501
(average_diff:0.0013538712364504768, max_diff:0.0018570268904740672, training_epochs:500, lr:0.05)
<_io.TextIOWrapper name='<stderr>' mode='w' encoding='utf-8'> node index is 361
train linear regression time:  0.048471332993358374
(average_diff:0.017967511726252477, max_diff:0.03855724690368101, training_epochs:500, lr:0.05)
<_io.TextIOWrapper name='<stderr>' mode='w' encoding='utf-8'> node index is 347
train linear regression time:  0.04932300001382828
(average_diff:0.10619823724266945, max_diff:0.24310521383491968, training_epochs:500, lr:0.05)
<_io.TextIOWrapper name='<stderr>' mode='w' encoding='utf-8'> node index is 311
train linear regression time:  0.05029079085215926
(average_diff:0.014169021913914195, max_diff:0.026374009548552735, training_epochs:500, lr:0.05)
<_io.TextIOWrapper name='<stderr>' mode='w' encoding='utf-8'> node index is 299
train linear regression time:  0.0503692920319736
(average_diff:0.13377386788098947, max_diff:0.36621350048080037, training_epochs:500, lr:0.05)
<_io.TextIOWrapper name='<stderr>' mode='w' encoding='utf-8'> node index is 285
train linear regression time:  0.04910454107448459
(average_diff:0.0023163854122920935, max_diff:0.0040874189382612, training_epochs:500, lr:0.05)
<_io.TextIOWrapper name='<stderr>' mode='w' encoding='utf-8'> node index is 269
train linear regression time:  0.04898066585883498
(average_diff:1.3058089124440286e-05, max_diff:1.3500641831698523e-05, training_epochs:500, lr:0.05)
<_io.TextIOWrapper name='<stderr>' mode='w' encoding='utf-8'> node index is 415
train linear regression time:  0.049247749615460634
(average_diff:0.013892460025880085, max_diff:0.020086305236798968, training_epochs:500, lr:0.05)
<_io.TextIOWrapper name='<stderr>' mode='w' encoding='utf-8'> node index is 411
train linear regression time:  0.05023191682994366
(average_diff:2.3592239273284576e-16, max_diff:2.7755575615628914e-16, training_epochs:500, lr:0.05)
<_io.TextIOWrapper name='<stderr>' mode='w' encoding='utf-8'> node index is 403
train linear regression time:  0.049622541293501854
(average_diff:0.024859875961341107, max_diff:0.061515292922264514, training_epochs:500, lr:0.05)
<_io.TextIOWrapper name='<stderr>' mode='w' encoding='utf-8'> node index is 389
train linear regression time:  0.05072575015947223
(average_diff:0.035349556691757635, max_diff:0.07416621029196413, training_epochs:500, lr:0.05)
<_io.TextIOWrapper name='<stderr>' mode='w' encoding='utf-8'> node index is 377
train linear regression time:  0.050850166007876396
(average_diff:0.004659443978189663, max_diff:0.007016862151510983, training_epochs:500, lr:0.05)
<_io.TextIOWrapper name='<stderr>' mode='w' encoding='utf-8'> node index is 363
train linear regression time:  0.05608541565015912
(average_diff:0.0, max_diff:0.0, training_epochs:500, lr:0.05)
<_io.TextIOWrapper name='<stderr>' mode='w' encoding='utf-8'> node index is 349
train linear regression time:  0.05715950019657612
(average_diff:0.042329205952942386, max_diff:0.08526383043541932, training_epochs:500, lr:0.05)
<_io.TextIOWrapper name='<stderr>' mode='w' encoding='utf-8'> node index is 335
train linear regression time:  0.056007000152021646
(average_diff:0.002411959139265951, max_diff:0.004738189738470511, training_epochs:500, lr:0.05)
<_io.TextIOWrapper name='<stderr>' mode='w' encoding='utf-8'> node index is 325
train linear regression time:  0.05473470874130726
(average_diff:0.09549600055490579, max_diff:0.2244343451144133, training_epochs:500, lr:0.05)
<_io.TextIOWrapper name='<stderr>' mode='w' encoding='utf-8'> node index is 313
train linear regression time:  0.05687366705387831
(average_diff:0.0, max_diff:0.0, training_epochs:500, lr:0.05)
<_io.TextIOWrapper name='<stderr>' mode='w' encoding='utf-8'> node index is 443
train linear regression time:  0.05593529203906655
(average_diff:0.0334833151637348, max_diff:0.06330640388347017, training_epochs:500, lr:0.05)
<_io.TextIOWrapper name='<stderr>' mode='w' encoding='utf-8'> node index is 431
train linear regression time:  0.05493437498807907
(average_diff:5.551115123125783e-17, max_diff:5.551115123125783e-17, training_epochs:500, lr:0.05)
<_io.TextIOWrapper name='<stderr>' mode='w' encoding='utf-8'> node index is 425
train linear regression time:  0.05508104199543595
(average_diff:1.1102230246251565e-16, max_diff:1.1102230246251565e-16, training_epochs:500, lr:0.05)
<_io.TextIOWrapper name='<stderr>' mode='w' encoding='utf-8'> node index is 419
train linear regression time:  0.05402879090979695
(average_diff:6.70179201595252e-05, max_diff:0.00010055721854368427, training_epochs:500, lr:0.05)
<_io.TextIOWrapper name='<stderr>' mode='w' encoding='utf-8'> node index is 413
train linear regression time:  0.05536762531846762
(average_diff:3.885780586188048e-16, max_diff:4.440892098500626e-16, training_epochs:500, lr:0.05)
<_io.TextIOWrapper name='<stderr>' mode='w' encoding='utf-8'> node index is 405
train linear regression time:  0.052313041873276234
(average_diff:1.1102230246251565e-16, max_diff:1.1102230246251565e-16, training_epochs:500, lr:0.05)
<_io.TextIOWrapper name='<stderr>' mode='w' encoding='utf-8'> node index is 391
train linear regression time:  0.052190749906003475
(average_diff:2.220446049250313e-16, max_diff:2.220446049250313e-16, training_epochs:500, lr:0.05)
<_io.TextIOWrapper name='<stderr>' mode='w' encoding='utf-8'> node index is 379
train linear regression time:  0.05211049970239401
(average_diff:0.027946343147636426, max_diff:0.06594876910110792, training_epochs:500, lr:0.05)
<_io.TextIOWrapper name='<stderr>' mode='w' encoding='utf-8'> node index is 365
train linear regression time:  0.05259408429265022
(average_diff:0.0, max_diff:0.0, training_epochs:500, lr:0.05)
<_io.TextIOWrapper name='<stderr>' mode='w' encoding='utf-8'> node index is 351
train linear regression time:  0.05224208394065499
(average_diff:3.262111719637417e-09, max_diff:3.3655949138733376e-09, training_epochs:500, lr:0.05)
<_io.TextIOWrapper name='<stderr>' mode='w' encoding='utf-8'> node index is 337
train linear regression time:  0.051987957675009966
(average_diff:0.15226713652198698, max_diff:0.43028976949295694, training_epochs:500, lr:0.05)
<_io.TextIOWrapper name='<stderr>' mode='w' encoding='utf-8'> node index is 393
train linear regression time:  0.05232949974015355
(average_diff:1.6653345369377348e-16, max_diff:2.220446049250313e-16, training_epochs:500, lr:0.05)
<_io.TextIOWrapper name='<stderr>' mode='w' encoding='utf-8'> node index is 301
train linear regression time:  0.05226408317685127
(average_diff:0.08477070763640553, max_diff:0.1952483874258974, training_epochs:500, lr:0.05)
<_io.TextIOWrapper name='<stderr>' mode='w' encoding='utf-8'> node index is 271
train linear regression time:  0.05297329230234027
(average_diff:0.08497259689344241, max_diff:0.12704363051428824, training_epochs:500, lr:0.05)
<_io.TextIOWrapper name='<stderr>' mode='w' encoding='utf-8'> node index is 253
train linear regression time:  0.05296262539923191
(average_diff:9.760710758162834e-16, max_diff:1.4432899320127035e-15, training_epochs:500, lr:0.05)
<_io.TextIOWrapper name='<stderr>' mode='w' encoding='utf-8'> node index is 227
train linear regression time:  0.05966595886275172
(average_diff:0.052438330558453705, max_diff:0.10066493816859873, training_epochs:500, lr:0.05)
<_io.TextIOWrapper name='<stderr>' mode='w' encoding='utf-8'> node index is 213
train linear regression time:  0.05744141712784767
(average_diff:0.050986888392659996, max_diff:0.1007323557813293, training_epochs:500, lr:0.05)
<_io.TextIOWrapper name='<stderr>' mode='w' encoding='utf-8'> node index is 201
train linear regression time:  0.0554257920011878
(average_diff:5.551115123125783e-17, max_diff:5.551115123125783e-17, training_epochs:500, lr:0.05)
<_io.TextIOWrapper name='<stderr>' mode='w' encoding='utf-8'> node index is 193
train linear regression time:  0.05455716699361801
(average_diff:0.026986610423105732, max_diff:0.07155036948848786, training_epochs:500, lr:0.05)
<_io.TextIOWrapper name='<stderr>' mode='w' encoding='utf-8'> node index is 187
train linear regression time:  0.055149249732494354
(average_diff:0.029476427668623472, max_diff:0.06589334584143536, training_epochs:500, lr:0.05)
<_io.TextIOWrapper name='<stderr>' mode='w' encoding='utf-8'> node index is 179
train linear regression time:  0.05271625006571412
(average_diff:5.551115123125783e-17, max_diff:5.551115123125783e-17, training_epochs:500, lr:0.05)
<_io.TextIOWrapper name='<stderr>' mode='w' encoding='utf-8'> node index is 171
train linear regression time:  0.05278212483972311
(average_diff:0.02189615700136287, max_diff:0.05404638321969907, training_epochs:500, lr:0.05)
<_io.TextIOWrapper name='<stderr>' mode='w' encoding='utf-8'> node index is 161
train linear regression time:  0.052619625348597765
(average_diff:0.0, max_diff:0.0, training_epochs:500, lr:0.05)
<_io.TextIOWrapper name='<stderr>' mode='w' encoding='utf-8'> node index is 367
train linear regression time:  0.05372975021600723
(average_diff:0.0, max_diff:0.0, training_epochs:500, lr:0.05)
<_io.TextIOWrapper name='<stderr>' mode='w' encoding='utf-8'> node index is 353
train linear regression time:  0.05302749993279576
(average_diff:7.958078640513122e-13, max_diff:8.051337374581635e-13, training_epochs:500, lr:0.05)
<_io.TextIOWrapper name='<stderr>' mode='w' encoding='utf-8'> node index is 339
train linear regression time:  0.05365650029852986
(average_diff:0.019145976238345307, max_diff:0.03807829876249702, training_epochs:500, lr:0.05)
<_io.TextIOWrapper name='<stderr>' mode='w' encoding='utf-8'> node index is 327
train linear regression time:  0.053110333159565926
(average_diff:0.014271975344249004, max_diff:0.02612182719709988, training_epochs:500, lr:0.05)
<_io.TextIOWrapper name='<stderr>' mode='w' encoding='utf-8'> node index is 315
train linear regression time:  0.0525501249358058
(average_diff:3.700743415417188e-17, max_diff:1.1102230246251565e-16, training_epochs:500, lr:0.05)
<_io.TextIOWrapper name='<stderr>' mode='w' encoding='utf-8'> node index is 303
train linear regression time:  0.05370800010859966
(average_diff:0.032234592067549736, max_diff:0.05792916952693994, training_epochs:500, lr:0.05)
<_io.TextIOWrapper name='<stderr>' mode='w' encoding='utf-8'> node index is 287
train linear regression time:  0.05450458312407136
(average_diff:0.013671222570244855, max_diff:0.028216699694599195, training_epochs:500, lr:0.05)
<_io.TextIOWrapper name='<stderr>' mode='w' encoding='utf-8'> node index is 273
train linear regression time:  0.0556941251270473
(average_diff:0.11991933153782594, max_diff:0.45778763997200156, training_epochs:500, lr:0.05)
<_io.TextIOWrapper name='<stderr>' mode='w' encoding='utf-8'> node index is 255
train linear regression time:  0.05454816622659564
(average_diff:5.551115123125783e-17, max_diff:1.1102230246251565e-16, training_epochs:500, lr:0.05)
<_io.TextIOWrapper name='<stderr>' mode='w' encoding='utf-8'> node index is 241
train linear regression time:  0.05702462512999773
(average_diff:0.1744528180399965, max_diff:0.5419087995824401, training_epochs:500, lr:0.05)
<_io.TextIOWrapper name='<stderr>' mode='w' encoding='utf-8'> node index is 229
train linear regression time:  0.061072375159710646
(average_diff:0.12928308098723038, max_diff:0.33657867097031624, training_epochs:500, lr:0.05)
<_io.TextIOWrapper name='<stderr>' mode='w' encoding='utf-8'> node index is 215
train linear regression time:  0.06011362513527274
(average_diff:0.01867077101557979, max_diff:0.03823757258116722, training_epochs:500, lr:0.05)
<_io.TextIOWrapper name='<stderr>' mode='w' encoding='utf-8'> node index is 203
train linear regression time:  0.06301279226318002
(average_diff:0.02028523213170517, max_diff:0.04384878200279596, training_epochs:500, lr:0.05)
<_io.TextIOWrapper name='<stderr>' mode='w' encoding='utf-8'> node index is 195
train linear regression time:  0.053544375114142895
(average_diff:0.21045085302443248, max_diff:0.32815587404115865, training_epochs:500, lr:0.05)
<_io.TextIOWrapper name='<stderr>' mode='w' encoding='utf-8'> node index is 7
train linear regression time:  0.05175433307886124
(average_diff:0.1145218249579144, max_diff:0.3159529478416816, training_epochs:500, lr:0.05)
<_io.TextIOWrapper name='<stderr>' mode='w' encoding='utf-8'> node index is 5
train linear regression time:  0.052479874808341265
testFringe time:  11.02875595819205
<_io.TextIOWrapper name='<stderr>' mode='w' encoding='utf-8'> =============== update finished ===============

*** Writing Game File 61***

<_io.TextIOWrapper name='../print_tree_record_numpy/print_DR_boost_linear_tree_split.txt' mode='w' encoding='UTF-8'> idx1(Q:0.4008, distinct_name:0, dictinctin_value:2.569683891588169, par:None)
	idx4(Q:0.4013, distinct_name:0, dictinctin_value:2.507749956207568, par:1)
		idx6(Q:0.4013, distinct_name:0, dictinctin_value:-0.050698982385153205, par:4)
			idx8(Q:0.4581, distinct_name:0, dictinctin_value:-0.5002368440471089, par:6)
				idx10(Q:0.5052, distinct_name:3, dictinctin_value:0.7373220788164561, par:8)
					idx12(Q:0.4793, distinct_name:1, dictinctin_value:0.8498558206992594, par:10)
						idx18(Q:0.4266, distinct_name:2, dictinctin_value:0.8559921607301466, par:12)
							idx24(Q:0.4227, distinct_name:0, dictinctin_value:-0.5901212893723445, par:18)
								idx30(Q:0.4304, distinct_name:2, dictinctin_value:0.5095422779981766, par:24)
									idx38(Q:0.4515, distinct_name:2, dictinctin_value:0.24909091887867726, par:30)
										idx44(Q:0.4824, distinct_name:2, dictinctin_value:-0.06052347242753761, par:38)
											idx54(Q:0.5335, distinct_name:2, dictinctin_value:-0.16873413911779458, par:44)
												idx62(Q:0.5562, distinct_name:2, dictinctin_value:-0.3117760123070312, par:54)
													idx70(Q:0.6000, distinct_name:2, dictinctin_value:-0.36929151673896154, par:62)
														idx76(Q:0.6253, distinct_name:2, dictinctin_value:-0.4513587540231024, par:70)
															idx82(Q:0.6596, distinct_name:2, dictinctin_value:-0.49926091712096626, par:76)
																idx90(Q:0.6754, distinct_name:2, dictinctin_value:-0.5261921216626007, par:82)
																	idx100(Q:0.6884, distinct_name:2, dictinctin_value:-0.5682634996789567, par:90)
																		idx110(Q:0.7042, distinct_name:2, dictinctin_value:-0.576514535000767, par:100)
																			idx120(Q:0.7082, par:110)
																			idx121(Q:0.4001, par:110)
																		idx111(Q:0.3601, par:100)
																	idx101(Q:0.3735, par:90)
																idx91(Q:0.3238, par:82)
															idx83(Q:0.2957, par:76)
														idx77(Q:0.2786, par:70)
													idx71(Q:0.2746, par:62)
												idx63(Q:0.2326, par:54)
											idx55(Q:0.2296, distinct_name:0, dictinctin_value:-0.6476910175840919, par:44)
												idx464(Q:0.2331, distinct_name:3, dictinctin_value:0.6680194197252473, par:55)
													idx468(Q:0.2301, distinct_name:0, dictinctin_value:-0.6858015235311999, par:464)
														idx474(Q:0.2308, par:468)
														idx475(Q:0.1567, par:468)
													idx469(Q:0.3863, par:464)
												idx465(Q:0.1101, par:55)
										idx45(Q:0.2446, par:38)
									idx39(Q:0.3056, distinct_name:1, dictinctin_value:0.8040063207197937, par:30)
										idx426(Q:0.3039, distinct_name:2, dictinctin_value:0.8419373683110459, par:39)
											idx432(Q:0.3058, distinct_name:0, dictinctin_value:-0.6009391153368029, par:426)
												idx444(Q:0.3082, distinct_name:0, dictinctin_value:-0.6041087413020046, par:432)
													idx448(Q:0.3079, distinct_name:0, dictinctin_value:-0.6100701052011255, par:444)
														idx456(Q:0.3077, distinct_name:0, dictinctin_value:-0.6407957166920598, par:448)
															idx460(Q:0.3128, distinct_name:0, dictinctin_value:-0.6555246386975058, par:456)
																idx466(Q:0.3157, distinct_name:0, dictinctin_value:-0.6720161756487143, par:460)
																	idx470(Q:0.3204, distinct_name:0, dictinctin_value:-0.6781083126032775, par:466)
																		idx472(Q:0.3203, distinct_name:0, dictinctin_value:-0.7020609777266955, par:470)
																			idx476(Q:0.3238, par:472)
																			idx477(Q:0.2334, par:472)
																		idx473(Q:0.3250, par:470)
																	idx471(Q:0.0686, par:466)
																idx467(Q:0.1550, par:460)
															idx461(Q:0.1206, par:456)
														idx457(Q:0.3118, par:448)
													idx449(Q:0.3527, par:444)
												idx445(Q:0.1599, par:432)
											idx433(Q:0.1937, par:426)
										idx427(Q:0.4094, par:39)
								idx31(Q:0.3496, par:24)
							idx25(Q:0.4440, distinct_name:0, dictinctin_value:-0.5389580903277561, par:18)
								idx216(Q:0.4476, distinct_name:0, dictinctin_value:-0.5573162410999996, par:25)
									idx230(Q:0.4494, distinct_name:0, dictinctin_value:-0.5917620279880862, par:216)
										idx242(Q:0.4620, distinct_name:1, dictinctin_value:0.8127647407611875, par:230)
											idx256(Q:0.4557, distinct_name:0, dictinctin_value:-0.6131626140571143, par:242)
												idx288(Q:0.4586, distinct_name:0, dictinctin_value:-0.7076582377440916, par:256)
													idx304(Q:0.4765, distinct_name:0, dictinctin_value:-0.717862250694298, par:288)
														idx316(Q:0.4799, distinct_name:0, dictinctin_value:-0.7734253050900186, par:304)
															idx328(Q:0.4862, distinct_name:0, dictinctin_value:-0.7970945326559435, par:316)
																idx340(Q:0.4880, distinct_name:3, dictinctin_value:0.6595389343928215, par:328)
																	idx354(Q:0.4806, distinct_name:3, dictinctin_value:0.6186331758365281, par:340)
																		idx368(Q:0.4744, distinct_name:3, dictinctin_value:0.5952455969358141, par:354)
																			idx380(Q:0.4757, par:368)
																			idx381(Q:0.4140, par:368)
																		idx369(Q:0.9254, par:354)
																	idx355(Q:0.8422, par:340)
																idx341(Q:0.3979, par:328)
															idx329(Q:0.3438, par:316)
														idx317(Q:0.3428, par:304)
													idx305(Q:0.2976, par:288)
												idx289(Q:0.1966, par:256)
											idx257(Q:0.6915, par:242)
										idx243(Q:0.2531, par:230)
									idx231(Q:0.3288, par:216)
								idx217(Q:0.3523, par:25)
						idx19(Q:0.6986, distinct_name:0, dictinctin_value:-0.5046072639210131, par:12)
							idx152(Q:0.6984, distinct_name:2, dictinctin_value:1.74305991171075, par:19)
								idx162(Q:0.6891, distinct_name:2, dictinctin_value:1.5651912903147052, par:152)
									idx172(Q:0.6789, distinct_name:2, dictinctin_value:1.0939968976733132, par:162)
										idx180(Q:0.6560, distinct_name:2, dictinctin_value:0.9064820637809338, par:172)
											idx188(Q:0.6421, distinct_name:2, dictinctin_value:0.8130327408821636, par:180)
												idx196(Q:0.6363, distinct_name:2, dictinctin_value:0.714578820015968, par:188)
													idx204(Q:0.6347, distinct_name:0, dictinctin_value:-0.5137296726081428, par:196)
														idx218(Q:0.6353, distinct_name:2, dictinctin_value:0.4860989258104936, par:204)
															idx232(Q:0.6355, distinct_name:1, dictinctin_value:2.2330900660097845, par:218)
																idx244(Q:0.6289, distinct_name:2, dictinctin_value:0.44559578649865966, par:232)
																	idx258(Q:0.6251, distinct_name:2, dictinctin_value:0.32419638005931734, par:244)
																		idx274(Q:0.6248, distinct_name:0, dictinctin_value:-0.5233031664270825, par:258)
																			idx290(Q:0.6249, par:274)
																			idx291(Q:0.6173, par:274)
																		idx275(Q:0.6332, par:258)
																	idx259(Q:0.7701, par:244)
																idx245(Q:0.9544, par:232)
															idx233(Q:0.6321, par:218)
														idx219(Q:0.5718, par:204)
													idx205(Q:0.6856, par:196)
												idx197(Q:0.8253, par:188)
											idx189(Q:0.8992, par:180)
										idx181(Q:0.9857, par:172)
									idx173(Q:0.9845, par:162)
								idx163(Q:1.0540, par:152)
							idx153(Q:0.7365, par:19)
					idx13(Q:0.5869, distinct_name:2, dictinctin_value:1.929601246827043, par:10)
						idx92(Q:0.5746, distinct_name:1, dictinctin_value:1.2557733390904973, par:13)
							idx102(Q:0.5452, distinct_name:2, dictinctin_value:1.4527612583425853, par:92)
								idx112(Q:0.5304, distinct_name:2, dictinctin_value:1.3531114404933846, par:102)
									idx122(Q:0.5284, distinct_name:2, dictinctin_value:1.0639310625609943, par:112)
										idx130(Q:0.5154, distinct_name:2, dictinctin_value:0.8759607452183222, par:122)
											idx136(Q:0.5085, distinct_name:2, dictinctin_value:0.6228991526328211, par:130)
												idx142(Q:0.5061, distinct_name:2, dictinctin_value:0.4885947458466264, par:136)
													idx146(Q:0.4963, distinct_name:1, dictinctin_value:1.1059975491047376, par:142)
														idx148(Q:0.4873, distinct_name:3, dictinctin_value:2.363964647313972, par:146)
															idx154(Q:0.4799, distinct_name:3, dictinctin_value:1.536573712246935, par:148)
																idx164(Q:0.4523, distinct_name:1, dictinctin_value:0.49075596239548774, par:154)
																	idx206(Q:0.4243, distinct_name:3, dictinctin_value:1.525286896575752, par:164)
																		idx220(Q:0.4237, distinct_name:2, dictinctin_value:0.38874536608000104, par:206)
																			idx234(Q:0.4283, par:220)
																			idx235(Q:0.2567, par:220)
																		idx221(Q:0.4555, par:206)
																	idx207(Q:0.6294, par:164)
																idx165(Q:0.6121, par:154)
															idx155(Q:0.6840, par:148)
														idx149(Q:0.7713, par:146)
													idx147(Q:0.5965, par:142)
												idx143(Q:0.5389, par:136)
											idx137(Q:0.6542, par:130)
										idx131(Q:0.7388, par:122)
									idx123(Q:0.6170, par:112)
								idx113(Q:0.8319, par:102)
							idx103(Q:0.9504, par:92)
						idx93(Q:1.0393, par:13)
				idx11(Q:0.3761, distinct_name:3, dictinctin_value:1.284568987543642, par:8)
					idx32(Q:0.3512, distinct_name:3, dictinctin_value:0.5763111575206541, par:11)
						idx40(Q:0.3360, distinct_name:2, dictinctin_value:1.4159847670297276, par:32)
							idx46(Q:0.3253, distinct_name:2, dictinctin_value:0.8764611652526798, par:40)
								idx56(Q:0.3327, distinct_name:2, dictinctin_value:0.6776552612944613, par:46)
									idx64(Q:0.3372, distinct_name:0, dictinctin_value:-0.10007893227380851, par:56)
										idx72(Q:0.3363, distinct_name:2, dictinctin_value:0.481251420222257, par:64)
											idx78(Q:0.3493, distinct_name:2, dictinctin_value:0.43236682950932387, par:72)
												idx84(Q:0.3538, distinct_name:2, dictinctin_value:0.2322739018313544, par:78)
													idx94(Q:0.3760, distinct_name:2, dictinctin_value:0.1692901075380102, par:84)
														idx104(Q:0.3871, distinct_name:2, dictinctin_value:0.044622068949871425, par:94)
															idx114(Q:0.4053, distinct_name:2, dictinctin_value:-0.04421252452423217, par:104)
																idx124(Q:0.4250, distinct_name:2, dictinctin_value:-0.12551407150931976, par:114)
																	idx132(Q:0.4442, distinct_name:2, dictinctin_value:-0.16179863391045127, par:124)
																		idx138(Q:0.4546, distinct_name:2, dictinctin_value:-0.1987692173924826, par:132)
																			idx144(Q:0.4725, par:138)
																			idx145(Q:0.1575, par:138)
																		idx139(Q:0.1611, par:132)
																	idx133(Q:0.1947, par:124)
																idx125(Q:0.1283, par:114)
															idx115(Q:0.1890, par:104)
														idx105(Q:0.1671, par:94)
													idx95(Q:0.1530, par:84)
												idx85(Q:0.1631, par:78)
											idx79(Q:0.1903, par:72)
										idx73(Q:0.3465, par:64)
									idx65(Q:0.2721, par:56)
								idx57(Q:0.2799, par:46)
							idx47(Q:0.4407, par:40)
						idx41(Q:0.4135, distinct_name:3, dictinctin_value:1.2541204520301295, par:32)
							idx246(Q:0.4090, distinct_name:0, dictinctin_value:-0.05401988313827026, par:41)
								idx260(Q:0.4093, distinct_name:2, dictinctin_value:2.0807886731763334, par:246)
									idx276(Q:0.3989, distinct_name:2, dictinctin_value:1.8994422532815647, par:260)
										idx292(Q:0.3935, distinct_name:1, dictinctin_value:1.2716943858922887, par:276)
											idx306(Q:0.3723, distinct_name:2, dictinctin_value:1.8085097405850585, par:292)
												idx318(Q:0.3601, distinct_name:0, dictinctin_value:-0.06832580226386262, par:306)
													idx330(Q:0.3575, distinct_name:1, dictinctin_value:1.0161843934440484, par:318)
														idx342(Q:0.3513, distinct_name:0, dictinctin_value:-0.11082738421514442, par:330)
															idx356(Q:0.3495, distinct_name:0, dictinctin_value:-0.1239714467724242, par:342)
																idx370(Q:0.3509, distinct_name:1, dictinctin_value:0.8661774768232812, par:356)
																	idx382(Q:0.3462, distinct_name:0, dictinctin_value:-0.13038566790821624, par:370)
																		idx396(Q:0.3452, distinct_name:1, dictinctin_value:0.7685182247259327, par:382)
																			idx406(Q:0.3395, par:396)
																			idx407(Q:0.5249, par:396)
																		idx397(Q:0.4086, par:382)
																	idx383(Q:0.5070, par:370)
																idx371(Q:0.1581, par:356)
															idx357(Q:0.3737, par:342)
														idx343(Q:0.4879, par:330)
													idx331(Q:0.5556, par:318)
												idx319(Q:0.8472, par:306)
											idx307(Q:0.6198, par:292)
										idx293(Q:0.8758, par:276)
									idx277(Q:0.8690, par:260)
								idx261(Q:0.3940, par:246)
							idx247(Q:0.6228, par:41)
					idx33(Q:0.5890, distinct_name:2, dictinctin_value:1.8206658800741853, par:11)
						idx436(Q:0.5759, distinct_name:0, dictinctin_value:-0.055487221535360155, par:33)
							idx438(Q:0.5724, distinct_name:0, dictinctin_value:-0.06661868934946451, par:436)
								idx450(Q:0.5737, distinct_name:2, dictinctin_value:1.6280055741424861, par:438)
									idx458(Q:0.5630, distinct_name:2, dictinctin_value:1.4609118350831285, par:450)
										idx462(Q:0.5542, distinct_name:0, dictinctin_value:-0.06716992247771125, par:458)
											idx478(Q:0.5567, par:462)
											idx479(Q:0.3023, par:462)
										idx463(Q:0.8604, par:458)
									idx459(Q:0.9430, par:450)
								idx451(Q:0.4295, par:438)
							idx439(Q:0.9613, par:436)
						idx437(Q:0.9447, par:33)
			idx9(Q:0.3483, distinct_name:1, dictinctin_value:1.4532912275447858, par:6)
				idx14(Q:0.3287, distinct_name:0, dictinctin_value:0.6708677617788001, par:9)
					idx16(Q:0.3454, distinct_name:0, dictinctin_value:0.5219929201544601, par:14)
						idx20(Q:0.3434, distinct_name:0, dictinctin_value:0.38200451643824146, par:16)
							idx26(Q:0.3498, distinct_name:0, dictinctin_value:0.29175973898130836, par:20)
								idx34(Q:0.3506, distinct_name:3, dictinctin_value:1.2405945003824483, par:26)
									idx42(Q:0.3203, distinct_name:2, dictinctin_value:1.6139678071673451, par:34)
										idx48(Q:0.3164, distinct_name:1, dictinctin_value:1.0148453699076618, par:42)
											idx58(Q:0.3038, distinct_name:2, dictinctin_value:0.8422101128546527, par:48)
												idx66(Q:0.3119, distinct_name:2, dictinctin_value:0.5718071591898053, par:58)
													idx74(Q:0.3252, distinct_name:2, dictinctin_value:0.3335199702259944, par:66)
														idx80(Q:0.3518, distinct_name:2, dictinctin_value:0.2585267021680285, par:74)
															idx86(Q:0.3577, distinct_name:2, dictinctin_value:0.13295569297273957, par:80)
																idx96(Q:0.3747, distinct_name:2, dictinctin_value:0.0933394603867821, par:86)
																	idx106(Q:0.3807, distinct_name:2, dictinctin_value:0.047951172568074005, par:96)
																		idx116(Q:0.3887, distinct_name:2, dictinctin_value:-0.0025517231675584334, par:106)
																			idx126(Q:0.3948, par:116)
																			idx127(Q:0.1413, par:116)
																		idx117(Q:0.1601, par:106)
																	idx107(Q:0.1173, par:96)
																idx97(Q:0.1278, par:86)
															idx87(Q:0.1781, par:80)
														idx81(Q:0.1494, par:74)
													idx75(Q:0.1874, par:66)
												idx67(Q:0.2600, par:58)
											idx59(Q:0.4347, par:48)
										idx49(Q:0.4030, par:42)
									idx43(Q:0.5581, par:34)
								idx35(Q:0.3462, distinct_name:1, dictinctin_value:1.344826515865718, par:26)
									idx236(Q:0.3444, distinct_name:3, dictinctin_value:1.6897348587436034, par:35)
										idx248(Q:0.3336, distinct_name:1, dictinctin_value:1.2341402111364463, par:236)
											idx262(Q:0.3349, distinct_name:3, dictinctin_value:1.3356049450605056, par:248)
												idx278(Q:0.3352, distinct_name:2, dictinctin_value:1.6241822054726756, par:262)
													idx294(Q:0.3261, distinct_name:0, dictinctin_value:0.3731119474318981, par:278)
														idx320(Q:0.3226, distinct_name:3, dictinctin_value:1.2759579982069145, par:294)
															idx344(Q:0.3092, distinct_name:0, dictinctin_value:0.37304242798500226, par:320)
																idx358(Q:0.3091, distinct_name:0, dictinctin_value:0.3707677109507447, par:344)
																	idx372(Q:0.3129, distinct_name:0, dictinctin_value:0.3697040787425107, par:358)
																		idx384(Q:0.3135, distinct_name:2, dictinctin_value:1.3789177574365135, par:372)
																			idx398(Q:0.3098, par:384)
																			idx399(Q:0.3864, par:384)
																		idx385(Q:0.2850, par:372)
																	idx373(Q:0.1232, par:358)
																idx359(Q:0.3297, par:344)
															idx345(Q:0.6603, par:320)
														idx321(Q:0.4193, par:294)
													idx295(Q:0.5491, par:278)
												idx279(Q:0.3230, par:262)
											idx263(Q:0.2222, par:248)
										idx249(Q:0.7279, par:236)
									idx237(Q:0.5098, par:35)
							idx27(Q:0.3210, distinct_name:2, dictinctin_value:1.5527241962490086, par:20)
								idx156(Q:0.3170, distinct_name:0, dictinctin_value:0.5137061072990365, par:27)
									idx166(Q:0.3217, distinct_name:0, dictinctin_value:0.5083060291160676, par:156)
										idx174(Q:0.3238, distinct_name:1, dictinctin_value:1.235555391656205, par:166)
											idx182(Q:0.3247, distinct_name:0, dictinctin_value:0.499318407708209, par:174)
												idx190(Q:0.3316, distinct_name:3, dictinctin_value:1.6437138459193195, par:182)
													idx198(Q:0.3236, distinct_name:0, dictinctin_value:0.4978828276393789, par:190)
														idx208(Q:0.3264, distinct_name:2, dictinctin_value:1.3588453420210258, par:198)
															idx222(Q:0.3232, distinct_name:2, dictinctin_value:0.9721483625475897, par:208)
																idx238(Q:0.3237, distinct_name:0, dictinctin_value:0.4972801494332726, par:222)
																	idx250(Q:0.3210, distinct_name:2, dictinctin_value:0.944961054171824, par:238)
																		idx264(Q:0.3252, distinct_name:2, dictinctin_value:0.872803430709856, par:250)
																			idx280(Q:0.3301, par:264)
																			idx281(Q:0.2195, par:264)
																		idx265(Q:0.0703, par:250)
																	idx251(Q:0.5718, par:238)
																idx239(Q:0.3161, par:222)
															idx223(Q:0.4053, par:208)
														idx209(Q:0.1809, par:198)
													idx199(Q:0.6635, par:190)
												idx191(Q:0.2381, par:182)
											idx183(Q:0.3014, par:174)
										idx175(Q:0.2655, par:166)
									idx167(Q:0.2552, par:156)
								idx157(Q:0.4297, par:27)
						idx21(Q:0.3538, distinct_name:1, dictinctin_value:1.3201670622027022, par:16)
							idx150(Q:0.3520, distinct_name:1, dictinctin_value:1.2234607090751204, par:21)
								idx158(Q:0.3525, distinct_name:1, dictinctin_value:1.0226433736171432, par:150)
									idx168(Q:0.3456, distinct_name:0, dictinctin_value:0.6649352976939671, par:158)
										idx176(Q:0.3447, distinct_name:2, dictinctin_value:1.8028367177150562, par:168)
											idx184(Q:0.3408, distinct_name:3, dictinctin_value:1.321083281680176, par:176)
												idx210(Q:0.3198, distinct_name:1, dictinctin_value:0.7493197611500411, par:184)
													idx224(Q:0.3168, distinct_name:2, dictinctin_value:1.1954012588052898, par:210)
														idx266(Q:0.3156, distinct_name:1, dictinctin_value:0.6035401367847275, par:224)
															idx282(Q:0.3185, distinct_name:1, dictinctin_value:0.5166827335099701, par:266)
																idx296(Q:0.3246, distinct_name:0, dictinctin_value:0.663963378246939, par:282)
																	idx308(Q:0.3220, distinct_name:0, dictinctin_value:0.6638782806630827, par:296)
																		idx322(Q:0.3195, distinct_name:2, dictinctin_value:1.1091905022156634, par:308)
																			idx332(Q:0.3227, par:322)
																			idx333(Q:0.1856, par:322)
																		idx323(Q:0.7405, par:308)
																	idx309(Q:0.7765, par:296)
																idx297(Q:0.1859, par:282)
															idx283(Q:0.2386, par:266)
														idx267(Q:0.3330, par:224)
													idx225(Q:0.3440, par:210)
												idx211(Q:0.5601, par:184)
											idx185(Q:0.4344, par:176)
										idx177(Q:0.3676, par:168)
									idx169(Q:0.5420, par:158)
								idx159(Q:0.2851, par:150)
							idx151(Q:0.4182, par:21)
					idx17(Q:0.3102, distinct_name:3, dictinctin_value:0.8871619234739136, par:14)
						idx22(Q:0.2794, distinct_name:1, dictinctin_value:0.895274831679809, par:17)
							idx28(Q:0.2642, distinct_name:3, dictinctin_value:0.4147697243292515, par:22)
								idx36(Q:0.2567, distinct_name:3, dictinctin_value:-0.009439492879810042, par:28)
									idx50(Q:0.2530, distinct_name:0, dictinctin_value:2.3121117874404824, par:36)
										idx52(Q:0.2538, distinct_name:0, dictinctin_value:1.9483716250181808, par:50)
											idx60(Q:0.2564, distinct_name:3, dictinctin_value:-0.018025248765568658, par:52)
												idx68(Q:0.2641, distinct_name:2, dictinctin_value:0.8033765660185509, par:60)
													idx88(Q:0.2671, distinct_name:2, dictinctin_value:0.6003623148969123, par:68)
														idx98(Q:0.2754, distinct_name:2, dictinctin_value:0.5329635912790776, par:88)
															idx108(Q:0.2816, distinct_name:2, dictinctin_value:0.3621996786015208, par:98)
																idx118(Q:0.2953, distinct_name:3, dictinctin_value:-0.05260374571449391, par:108)
																	idx128(Q:0.2973, distinct_name:2, dictinctin_value:0.22149263805201816, par:118)
																		idx134(Q:0.3129, distinct_name:2, dictinctin_value:0.13324256965432388, par:128)
																			idx140(Q:0.3257, par:134)
																			idx141(Q:0.1306, par:134)
																		idx135(Q:0.1421, par:128)
																	idx129(Q:0.2473, par:118)
																idx119(Q:0.1436, par:108)
															idx109(Q:0.1686, par:98)
														idx99(Q:0.1703, par:88)
													idx89(Q:0.2553, distinct_name:0, dictinctin_value:1.9001636825637473, par:68)
														idx420(Q:0.2531, distinct_name:0, dictinctin_value:1.8970534364477791, par:89)
															idx428(Q:0.2534, distinct_name:0, dictinctin_value:1.7864713255325577, par:420)
																idx434(Q:0.2541, distinct_name:0, dictinctin_value:1.7345810667045185, par:428)
																	idx440(Q:0.2512, distinct_name:0, dictinctin_value:1.7300479805066988, par:434)
																		idx446(Q:0.2521, distinct_name:0, dictinctin_value:1.6826477660222412, par:440)
																			idx452(Q:0.2493, par:446)
																			idx453(Q:0.3516, par:446)
																		idx447(Q:0.1492, par:440)
																	idx441(Q:0.3355, par:434)
																idx435(Q:0.2269, par:428)
															idx429(Q:0.2144, par:420)
														idx421(Q:0.2937, par:89)
												idx69(Q:0.1947, par:60)
											idx61(Q:0.2106, par:52)
										idx53(Q:0.1990, par:50)
									idx51(Q:0.2696, distinct_name:0, dictinctin_value:2.2255864685353126, par:36)
										idx268(Q:0.2685, distinct_name:0, dictinctin_value:1.8770234609938123, par:51)
											idx284(Q:0.2684, distinct_name:1, dictinctin_value:0.8208254329434517, par:268)
												idx298(Q:0.2698, distinct_name:0, dictinctin_value:1.7199871451158526, par:284)
													idx310(Q:0.2717, distinct_name:3, dictinctin_value:0.39481973457279324, par:298)
														idx346(Q:0.2735, distinct_name:2, dictinctin_value:2.0591657816242117, par:310)
															idx360(Q:0.2643, distinct_name:2, dictinctin_value:1.6416632040499568, par:346)
																idx374(Q:0.2639, distinct_name:0, dictinctin_value:1.6846076849979201, par:360)
																	idx386(Q:0.2643, distinct_name:2, dictinctin_value:1.5364517172370076, par:374)
																		idx400(Q:0.2637, distinct_name:2, dictinctin_value:1.321416179085615, par:386)
																			idx408(Q:0.2603, par:400)
																			idx409(Q:0.3431, par:400)
																		idx401(Q:0.2866, par:386)
																	idx387(Q:0.2080, par:374)
																idx375(Q:0.2773, par:360)
															idx361(Q:0.7470, par:346)
														idx347(Q:0.2266, par:310)
													idx311(Q:0.2173, par:298)
												idx299(Q:0.2215, par:284)
											idx285(Q:0.2688, par:268)
										idx269(Q:0.3223, par:51)
								idx37(Q:0.3003, distinct_name:1, dictinctin_value:0.7946772031835798, par:28)
									idx312(Q:0.2899, distinct_name:2, dictinctin_value:1.9378572482198, par:37)
										idx324(Q:0.2817, distinct_name:0, dictinctin_value:2.1880833067537604, par:312)
											idx334(Q:0.2836, distinct_name:0, dictinctin_value:2.1673152418059, par:324)
												idx348(Q:0.2798, distinct_name:0, dictinctin_value:2.0644684179947266, par:334)
													idx362(Q:0.2782, distinct_name:2, dictinctin_value:1.6060442338491094, par:348)
														idx376(Q:0.2681, distinct_name:0, dictinctin_value:1.8821116949330967, par:362)
															idx388(Q:0.2722, distinct_name:2, dictinctin_value:1.5867185725408008, par:376)
																idx402(Q:0.2724, distinct_name:0, dictinctin_value:1.8162737627685595, par:388)
																	idx410(Q:0.2769, distinct_name:2, dictinctin_value:1.474613989336331, par:402)
																		idx414(Q:0.2701, distinct_name:2, dictinctin_value:1.322085439542282, par:410)
																			idx422(Q:0.2698, par:414)
																			idx423(Q:0.2744, par:414)
																		idx415(Q:0.7277, par:410)
																	idx411(Q:0.1206, par:402)
																idx403(Q:0.2603, par:388)
															idx389(Q:0.1720, par:376)
														idx377(Q:0.5727, par:362)
													idx363(Q:0.3605, par:348)
												idx349(Q:0.5786, par:334)
											idx335(Q:0.2062, par:324)
										idx325(Q:0.6207, par:312)
									idx313(Q:0.4699, par:37)
							idx29(Q:0.3888, distinct_name:0, dictinctin_value:2.44084525907838, par:22)
								idx336(Q:0.3907, distinct_name:0, dictinctin_value:2.3332385876998147, par:29)
									idx350(Q:0.3911, distinct_name:2, dictinctin_value:1.313989803673234, par:336)
										idx364(Q:0.3633, distinct_name:2, dictinctin_value:1.2075088067941002, par:350)
											idx378(Q:0.3597, distinct_name:0, dictinctin_value:2.3276851139515355, par:364)
												idx390(Q:0.3584, distinct_name:2, dictinctin_value:1.1566628366759308, par:378)
													idx404(Q:0.3550, distinct_name:2, dictinctin_value:1.049026714172236, par:390)
														idx412(Q:0.3507, distinct_name:2, dictinctin_value:1.0138168631315498, par:404)
															idx418(Q:0.3483, distinct_name:0, dictinctin_value:2.3136303024689413, par:412)
																idx424(Q:0.3482, distinct_name:1, dictinctin_value:1.4142431093508798, par:418)
																	idx430(Q:0.3524, distinct_name:0, dictinctin_value:2.2572655688242222, par:424)
																		idx442(Q:0.3508, distinct_name:0, dictinctin_value:2.2507333712501807, par:430)
																			idx454(Q:0.3507, par:442)
																			idx455(Q:0.3551, par:442)
																		idx443(Q:0.5398, par:430)
																	idx431(Q:0.2289, par:424)
																idx425(Q:0.3611, par:418)
															idx419(Q:0.4940, par:412)
														idx413(Q:0.5241, par:404)
													idx405(Q:0.5629, par:390)
												idx391(Q:0.5313, par:378)
											idx379(Q:0.5828, par:364)
										idx365(Q:0.6858, par:350)
									idx351(Q:0.3317, par:336)
								idx337(Q:0.2579, par:29)
						idx23(Q:0.4643, distinct_name:0, dictinctin_value:2.1444723574903684, par:17)
							idx160(Q:0.4655, distinct_name:0, dictinctin_value:2.133798778100152, par:23)
								idx170(Q:0.4660, distinct_name:2, dictinctin_value:1.564504591409782, par:160)
									idx178(Q:0.4426, distinct_name:2, dictinctin_value:1.4113473869711974, par:170)
										idx186(Q:0.4365, distinct_name:0, dictinctin_value:2.1063540893171067, par:178)
											idx192(Q:0.4377, distinct_name:2, dictinctin_value:1.2195161175228741, par:186)
												idx200(Q:0.4341, distinct_name:0, dictinctin_value:1.9676721667093595, par:192)
													idx212(Q:0.4316, distinct_name:0, dictinctin_value:1.8926417272552991, par:200)
														idx226(Q:0.4348, distinct_name:0, dictinctin_value:1.7713311316515392, par:212)
															idx252(Q:0.4401, distinct_name:1, dictinctin_value:1.3213229930390704, par:226)
																idx270(Q:0.4324, distinct_name:0, dictinctin_value:1.7442155745503336, par:252)
																	idx300(Q:0.4299, distinct_name:0, dictinctin_value:1.3536781616204123, par:270)
																		idx392(Q:0.4262, distinct_name:0, dictinctin_value:1.2274516322533688, par:300)
																			idx416(Q:0.4280, par:392)
																			idx417(Q:0.4119, par:392)
																		idx393(Q:0.4465, par:300)
																	idx301(Q:0.6548, par:270)
																idx271(Q:0.6678, par:252)
															idx253(Q:0.2398, par:226)
														idx227(Q:0.2344, par:212)
													idx213(Q:0.5269, par:200)
												idx201(Q:0.5263, par:192)
											idx193(Q:0.3158, par:186)
										idx187(Q:0.6250, par:178)
									idx179(Q:0.8823, par:170)
								idx171(Q:0.3511, par:160)
							idx161(Q:0.4103, par:23)
				idx15(Q:0.5969, distinct_name:2, dictinctin_value:1.9938158806166744, par:9)
					idx194(Q:0.5869, distinct_name:3, dictinctin_value:2.0149638943737203, par:15)
						idx202(Q:0.5759, distinct_name:3, dictinctin_value:1.626087400144554, par:194)
							idx214(Q:0.5732, distinct_name:1, dictinctin_value:2.6727016574162166, par:202)
								idx228(Q:0.5553, distinct_name:2, dictinctin_value:1.776904010924299, par:214)
									idx240(Q:0.5518, distinct_name:2, dictinctin_value:1.4203463682180766, par:228)
										idx254(Q:0.5389, distinct_name:0, dictinctin_value:2.115573493736756, par:240)
											idx272(Q:0.5391, distinct_name:2, dictinctin_value:1.306259966260203, par:254)
												idx286(Q:0.5231, distinct_name:2, dictinctin_value:1.2529155214914378, par:272)
													idx302(Q:0.5171, distinct_name:2, dictinctin_value:0.808199081795812, par:286)
														idx314(Q:0.4984, distinct_name:2, dictinctin_value:0.7214446989843575, par:302)
															idx326(Q:0.4918, distinct_name:2, dictinctin_value:0.7041168221107604, par:314)
																idx338(Q:0.4904, distinct_name:0, dictinctin_value:2.1110030599556926, par:326)
																	idx352(Q:0.4914, distinct_name:0, dictinctin_value:2.0312710900603177, par:338)
																		idx366(Q:0.4902, distinct_name:2, dictinctin_value:0.6878681581259294, par:352)
																			idx394(Q:0.4868, par:366)
																			idx395(Q:0.7374, par:366)
																		idx367(Q:0.6738, par:352)
																	idx353(Q:0.3397, par:338)
																idx339(Q:0.6013, par:326)
															idx327(Q:0.7013, par:314)
														idx315(Q:0.8502, par:302)
													idx303(Q:0.8603, par:286)
												idx287(Q:0.8446, par:272)
											idx273(Q:0.5330, par:254)
										idx255(Q:0.7899, par:240)
									idx241(Q:0.9017, par:228)
								idx229(Q:0.8242, par:214)
							idx215(Q:0.6587, par:202)
						idx203(Q:0.9283, par:194)
					idx195(Q:0.9735, par:15)
		idx7(Q:0.3579, par:4)
	idx5(Q:0.3066, par:1)
