WARNING:tensorflow:From /Users/keithwu/opt/anaconda3/envs/auction-gym/lib/python3.10/site-packages/tensorflow/python/compat/v2_compat.py:107: disable_resource_variables (from tensorflow.python.ops.variable_scope) is deprecated and will be removed in a future version.
Instructions for updating:
non-resource variables are not supported in the long term
<_io.TextIOWrapper name='<stderr>' mode='w' encoding='utf-8'> reading from ../UTree_model_numpy/DR/model_boost_linear_qsplit_noabs_save/, starting at 79
<_io.TextIOWrapper name='<stderr>' mode='w' encoding='utf-8'> =============== update starts ===============
(average_diff:0.005963344754607411, max_diff:0.04270248437642471, training_epochs:500, lr:0.05)
<_io.TextIOWrapper name='<stderr>' mode='w' encoding='utf-8'> node index is 111
train linear regression time:  0.05626241723075509
(average_diff:0.018083784649016745, max_diff:0.05412613767519345, training_epochs:500, lr:0.05)
<_io.TextIOWrapper name='<stderr>' mode='w' encoding='utf-8'> node index is 101
train linear regression time:  0.05457854177802801
(average_diff:0.009708597393271647, max_diff:0.03554513771698137, training_epochs:500, lr:0.05)
<_io.TextIOWrapper name='<stderr>' mode='w' encoding='utf-8'> node index is 91
train linear regression time:  0.057950916700065136
(average_diff:0.012725186668143932, max_diff:0.1661213403903745, training_epochs:500, lr:0.05)
<_io.TextIOWrapper name='<stderr>' mode='w' encoding='utf-8'> node index is 83
train linear regression time:  0.0568189169280231
(average_diff:0.026348462513938516, max_diff:0.20878008562735412, training_epochs:500, lr:0.05)
<_io.TextIOWrapper name='<stderr>' mode='w' encoding='utf-8'> node index is 77
train linear regression time:  0.05600045807659626
(average_diff:0.04634216094137071, max_diff:0.2653260448841503, training_epochs:500, lr:0.05)
<_io.TextIOWrapper name='<stderr>' mode='w' encoding='utf-8'> node index is 71
train linear regression time:  0.062414082698524
(average_diff:0.05228761424624325, max_diff:0.19238693673144375, training_epochs:500, lr:0.05)
<_io.TextIOWrapper name='<stderr>' mode='w' encoding='utf-8'> node index is 63
train linear regression time:  0.05749304220080376
(average_diff:0.04184623606996173, max_diff:0.08694291848856364, training_epochs:500, lr:0.05)
<_io.TextIOWrapper name='<stderr>' mode='w' encoding='utf-8'> node index is 501
train linear regression time:  0.05561129190027714
(average_diff:9.296420012960827e-06, max_diff:9.672152154860392e-06, training_epochs:500, lr:0.05)
<_io.TextIOWrapper name='<stderr>' mode='w' encoding='utf-8'> node index is 493
train linear regression time:  0.05657958285883069
(average_diff:6.730727086790012e-16, max_diff:7.91033905045424e-16, training_epochs:500, lr:0.05)
<_io.TextIOWrapper name='<stderr>' mode='w' encoding='utf-8'> node index is 485
train linear regression time:  0.05644041672348976
(average_diff:0.0018975586711121096, max_diff:0.003389397524201143, training_epochs:500, lr:0.05)
<_io.TextIOWrapper name='<stderr>' mode='w' encoding='utf-8'> node index is 481
train linear regression time:  0.05752333300188184
(average_diff:2.7755575615628914e-17, max_diff:2.7755575615628914e-17, training_epochs:500, lr:0.05)
<_io.TextIOWrapper name='<stderr>' mode='w' encoding='utf-8'> node index is 475
train linear regression time:  0.05642558401450515
(average_diff:0.003426616919126234, max_diff:0.005001283014911206, training_epochs:500, lr:0.05)
<_io.TextIOWrapper name='<stderr>' mode='w' encoding='utf-8'> node index is 469
train linear regression time:  0.05414670892059803
(average_diff:0.009072630864796795, max_diff:0.0175183206389789, training_epochs:500, lr:0.05)
<_io.TextIOWrapper name='<stderr>' mode='w' encoding='utf-8'> node index is 465
train linear regression time:  0.05328112514689565
(average_diff:0.0005072435922123808, max_diff:0.0005162600401834583, training_epochs:500, lr:0.05)
<_io.TextIOWrapper name='<stderr>' mode='w' encoding='utf-8'> node index is 587
train linear regression time:  0.062131499871611595
(average_diff:6.938893903907228e-17, max_diff:6.938893903907228e-17, training_epochs:500, lr:0.05)
<_io.TextIOWrapper name='<stderr>' mode='w' encoding='utf-8'> node index is 581
train linear regression time:  0.057192166801542044
(average_diff:0.0015843725641009655, max_diff:0.0023613673026219445, training_epochs:500, lr:0.05)
<_io.TextIOWrapper name='<stderr>' mode='w' encoding='utf-8'> node index is 571
train linear regression time:  0.054703916888684034
(average_diff:3.3306690738754696e-16, max_diff:3.3306690738754696e-16, training_epochs:500, lr:0.05)
<_io.TextIOWrapper name='<stderr>' mode='w' encoding='utf-8'> node index is 549
train linear regression time:  0.05495504196733236
(average_diff:3.3306690738754696e-16, max_diff:5.551115123125783e-16, training_epochs:500, lr:0.05)
<_io.TextIOWrapper name='<stderr>' mode='w' encoding='utf-8'> node index is 537
train linear regression time:  0.05459762504324317
(average_diff:0.0033536308793013134, max_diff:0.005046834087449825, training_epochs:500, lr:0.05)
<_io.TextIOWrapper name='<stderr>' mode='w' encoding='utf-8'> node index is 531
train linear regression time:  0.05398583272472024
(average_diff:1.3963132775759075e-06, max_diff:2.1811900365320547e-06, training_epochs:500, lr:0.05)
<_io.TextIOWrapper name='<stderr>' mode='w' encoding='utf-8'> node index is 521
train linear regression time:  0.05466145882382989
(average_diff:1.249000902703301e-16, max_diff:1.249000902703301e-16, training_epochs:500, lr:0.05)
<_io.TextIOWrapper name='<stderr>' mode='w' encoding='utf-8'> node index is 511
train linear regression time:  0.056412958074361086
(average_diff:5.828670879282072e-16, max_diff:7.771561172376096e-16, training_epochs:500, lr:0.05)
<_io.TextIOWrapper name='<stderr>' mode='w' encoding='utf-8'> node index is 473
train linear regression time:  0.05835466692224145
(average_diff:2.8449465006019636e-16, max_diff:3.7470027081099033e-16, training_epochs:500, lr:0.05)
<_io.TextIOWrapper name='<stderr>' mode='w' encoding='utf-8'> node index is 471
train linear regression time:  0.054286499973386526
(average_diff:5.424827254074671e-14, max_diff:5.5538906806873456e-14, training_epochs:500, lr:0.05)
<_io.TextIOWrapper name='<stderr>' mode='w' encoding='utf-8'> node index is 467
train linear regression time:  0.058412374928593636
(average_diff:0.0021459048124146535, max_diff:0.0032844410763906984, training_epochs:500, lr:0.05)
<_io.TextIOWrapper name='<stderr>' mode='w' encoding='utf-8'> node index is 461
train linear regression time:  0.06196624971926212
(average_diff:0.00037121964165511, max_diff:0.0007343671720849709, training_epochs:500, lr:0.05)
<_io.TextIOWrapper name='<stderr>' mode='w' encoding='utf-8'> node index is 457
train linear regression time:  0.05859733372926712
(average_diff:3.3306690738754696e-16, max_diff:3.3306690738754696e-16, training_epochs:500, lr:0.05)
<_io.TextIOWrapper name='<stderr>' mode='w' encoding='utf-8'> node index is 449
train linear regression time:  0.05779916699975729
(average_diff:2.5673907444456745e-16, max_diff:4.0245584642661925e-16, training_epochs:500, lr:0.05)
<_io.TextIOWrapper name='<stderr>' mode='w' encoding='utf-8'> node index is 445
train linear regression time:  0.05536316707730293
(average_diff:3.3306690738754696e-16, max_diff:4.718447854656915e-16, training_epochs:500, lr:0.05)
<_io.TextIOWrapper name='<stderr>' mode='w' encoding='utf-8'> node index is 433
train linear regression time:  0.05713445786386728
(average_diff:0.0010174296250743027, max_diff:0.0015091782488045324, training_epochs:500, lr:0.05)
<_io.TextIOWrapper name='<stderr>' mode='w' encoding='utf-8'> node index is 427
train linear regression time:  0.05641883285716176
(average_diff:0.10188332610909448, max_diff:0.335991064723581, training_epochs:500, lr:0.05)
<_io.TextIOWrapper name='<stderr>' mode='w' encoding='utf-8'> node index is 592
train linear regression time:  0.0629846672527492
<_io.TextIOWrapper name='<stderr>' mode='w' encoding='utf-8'> variance test passed, diff=0.08036560207524202, d = 0, back=0
<_io.TextIOWrapper name='<stderr>' mode='w' encoding='utf-8'> variance test passed, diff=0.08185167038326976, d = 2, back=0
<_io.TextIOWrapper name='<stderr>' mode='w' encoding='utf-8'> Will be split, p=0.08185167038326976, d=2, back=0
(average_diff:0.09969898595549505, max_diff:0.3427037373061937, training_epochs:500, lr:0.05)
<_io.TextIOWrapper name='<stderr>' mode='w' encoding='utf-8'> node index is 594
train linear regression time:  0.06271895859390497
(average_diff:0.020195175036865996, max_diff:0.030685298877135864, training_epochs:500, lr:0.05)
<_io.TextIOWrapper name='<stderr>' mode='w' encoding='utf-8'> node index is 595
train linear regression time:  0.053363167215138674
(average_diff:5.551115123125783e-17, max_diff:5.551115123125783e-17, training_epochs:500, lr:0.05)
<_io.TextIOWrapper name='<stderr>' mode='w' encoding='utf-8'> node index is 593
train linear regression time:  0.052646125201135874
(average_diff:4.128726231426849e-05, max_diff:4.296395351388593e-05, training_epochs:500, lr:0.05)
<_io.TextIOWrapper name='<stderr>' mode='w' encoding='utf-8'> node index is 589
train linear regression time:  0.05249762535095215
(average_diff:5.551115123125783e-17, max_diff:5.551115123125783e-17, training_epochs:500, lr:0.05)
<_io.TextIOWrapper name='<stderr>' mode='w' encoding='utf-8'> node index is 583
train linear regression time:  0.05213425029069185
(average_diff:5.273559366969494e-16, max_diff:8.881784197001252e-16, training_epochs:500, lr:0.05)
<_io.TextIOWrapper name='<stderr>' mode='w' encoding='utf-8'> node index is 573
train linear regression time:  0.05214954214170575
(average_diff:3.191891195797325e-16, max_diff:3.608224830031759e-16, training_epochs:500, lr:0.05)
<_io.TextIOWrapper name='<stderr>' mode='w' encoding='utf-8'> node index is 563
train linear regression time:  0.05182933295145631
(average_diff:7.216449660063518e-16, max_diff:8.049116928532385e-16, training_epochs:500, lr:0.05)
<_io.TextIOWrapper name='<stderr>' mode='w' encoding='utf-8'> node index is 551
train linear regression time:  0.0564172500744462
(average_diff:5.551115123125783e-17, max_diff:5.551115123125783e-17, training_epochs:500, lr:0.05)
<_io.TextIOWrapper name='<stderr>' mode='w' encoding='utf-8'> node index is 545
train linear regression time:  0.06124520767480135
(average_diff:1.887379141862766e-15, max_diff:1.9984014443252818e-15, training_epochs:500, lr:0.05)
<_io.TextIOWrapper name='<stderr>' mode='w' encoding='utf-8'> node index is 369
train linear regression time:  0.06102129211649299
(average_diff:0.008763767536959566, max_diff:0.017260803349162357, training_epochs:500, lr:0.05)
<_io.TextIOWrapper name='<stderr>' mode='w' encoding='utf-8'> node index is 355
train linear regression time:  0.06211620895192027
(average_diff:0.0069814596439724316, max_diff:0.017430068483341055, training_epochs:500, lr:0.05)
<_io.TextIOWrapper name='<stderr>' mode='w' encoding='utf-8'> node index is 341
train linear regression time:  0.05627241684123874
(average_diff:0.020310086868211348, max_diff:0.05818592423177388, training_epochs:500, lr:0.05)
<_io.TextIOWrapper name='<stderr>' mode='w' encoding='utf-8'> node index is 329
train linear regression time:  0.05511716613546014
(average_diff:0.007132923943199591, max_diff:0.012352989286539273, training_epochs:500, lr:0.05)
<_io.TextIOWrapper name='<stderr>' mode='w' encoding='utf-8'> node index is 317
train linear regression time:  0.05290899984538555
(average_diff:0.06787451488290544, max_diff:0.2159008368435145, training_epochs:500, lr:0.05)
<_io.TextIOWrapper name='<stderr>' mode='w' encoding='utf-8'> node index is 305
train linear regression time:  0.05280633270740509
(average_diff:1.339206523454095e-15, max_diff:1.3461454173580023e-15, training_epochs:500, lr:0.05)
<_io.TextIOWrapper name='<stderr>' mode='w' encoding='utf-8'> node index is 289
train linear regression time:  0.055008667055517435
(average_diff:0.006351134358742905, max_diff:0.01711068695066298, training_epochs:500, lr:0.05)
<_io.TextIOWrapper name='<stderr>' mode='w' encoding='utf-8'> node index is 257
train linear regression time:  0.05413716705515981
(average_diff:0.06441588766822186, max_diff:0.1317106789954402, training_epochs:500, lr:0.05)
<_io.TextIOWrapper name='<stderr>' mode='w' encoding='utf-8'> node index is 243
train linear regression time:  0.053751958068460226
(average_diff:0.01715173885248325, max_diff:0.026124342385158233, training_epochs:500, lr:0.05)
<_io.TextIOWrapper name='<stderr>' mode='w' encoding='utf-8'> node index is 231
train linear regression time:  0.054321708623319864
(average_diff:0.095848271419193, max_diff:0.18581565817430887, training_epochs:500, lr:0.05)
<_io.TextIOWrapper name='<stderr>' mode='w' encoding='utf-8'> node index is 217
train linear regression time:  0.05261862510815263
(average_diff:0.006517774176414766, max_diff:0.013349480032026406, training_epochs:500, lr:0.05)
<_io.TextIOWrapper name='<stderr>' mode='w' encoding='utf-8'> node index is 275
train linear regression time:  0.05634124996140599
(average_diff:0.012927245422867066, max_diff:0.025692785038544663, training_epochs:500, lr:0.05)
<_io.TextIOWrapper name='<stderr>' mode='w' encoding='utf-8'> node index is 259
train linear regression time:  0.05407441593706608
(average_diff:0.038497968023339935, max_diff:0.0818553982671768, training_epochs:500, lr:0.05)
<_io.TextIOWrapper name='<stderr>' mode='w' encoding='utf-8'> node index is 245
train linear regression time:  0.054092083126306534
(average_diff:0.005147248077552591, max_diff:0.013449452389946492, training_epochs:500, lr:0.05)
<_io.TextIOWrapper name='<stderr>' mode='w' encoding='utf-8'> node index is 233
train linear regression time:  0.055081916972994804
(average_diff:5.268603801232563e-05, max_diff:0.00010656700927846874, training_epochs:500, lr:0.05)
<_io.TextIOWrapper name='<stderr>' mode='w' encoding='utf-8'> node index is 219
train linear regression time:  0.05374749982729554
(average_diff:0.007793073898998859, max_diff:0.014873191029422084, training_epochs:500, lr:0.05)
<_io.TextIOWrapper name='<stderr>' mode='w' encoding='utf-8'> node index is 205
train linear regression time:  0.054411790799349546
(average_diff:0.024369288742231723, max_diff:0.05339930996807196, training_epochs:500, lr:0.05)
<_io.TextIOWrapper name='<stderr>' mode='w' encoding='utf-8'> node index is 197
train linear regression time:  0.057266832794994116
(average_diff:0.03374521084581195, max_diff:0.09633446167172338, training_epochs:500, lr:0.05)
<_io.TextIOWrapper name='<stderr>' mode='w' encoding='utf-8'> node index is 189
train linear regression time:  0.053972124587744474
(average_diff:0.03914784933521186, max_diff:0.1777266375479707, training_epochs:500, lr:0.05)
<_io.TextIOWrapper name='<stderr>' mode='w' encoding='utf-8'> node index is 181
train linear regression time:  0.05557629186660051
(average_diff:0.027580777162961045, max_diff:0.06347147664714436, training_epochs:500, lr:0.05)
<_io.TextIOWrapper name='<stderr>' mode='w' encoding='utf-8'> node index is 173
train linear regression time:  0.054884541779756546
(average_diff:0.01834810798142353, max_diff:0.03745385509444854, training_epochs:500, lr:0.05)
<_io.TextIOWrapper name='<stderr>' mode='w' encoding='utf-8'> node index is 163
train linear regression time:  0.05716083291918039
(average_diff:0.0, max_diff:0.0, training_epochs:500, lr:0.05)
<_io.TextIOWrapper name='<stderr>' mode='w' encoding='utf-8'> node index is 153
train linear regression time:  0.05507187498733401
(average_diff:8.927419095930422e-06, max_diff:1.711884658828211e-05, training_epochs:500, lr:0.05)
<_io.TextIOWrapper name='<stderr>' mode='w' encoding='utf-8'> node index is 221
train linear regression time:  0.0579687082208693
(average_diff:0.11499266663971866, max_diff:0.3062621240861838, training_epochs:500, lr:0.05)
<_io.TextIOWrapper name='<stderr>' mode='w' encoding='utf-8'> node index is 207
train linear regression time:  0.06045237509533763
(average_diff:0.15639109590578126, max_diff:0.6482793833604199, training_epochs:500, lr:0.05)
<_io.TextIOWrapper name='<stderr>' mode='w' encoding='utf-8'> node index is 165
train linear regression time:  0.05580733297392726
(average_diff:0.12278627592660758, max_diff:0.30904608432793274, training_epochs:500, lr:0.05)
<_io.TextIOWrapper name='<stderr>' mode='w' encoding='utf-8'> node index is 155
train linear regression time:  0.05666512530297041
(average_diff:0.1548718739777962, max_diff:0.26227578500475857, training_epochs:500, lr:0.05)
<_io.TextIOWrapper name='<stderr>' mode='w' encoding='utf-8'> node index is 149
train linear regression time:  0.056750542018562555
(average_diff:0.047576386343942983, max_diff:0.14501340736763257, training_epochs:500, lr:0.05)
<_io.TextIOWrapper name='<stderr>' mode='w' encoding='utf-8'> node index is 147
train linear regression time:  0.05819516722112894
(average_diff:0.04737442076993652, max_diff:0.1683780533534152, training_epochs:500, lr:0.05)
<_io.TextIOWrapper name='<stderr>' mode='w' encoding='utf-8'> node index is 143
train linear regression time:  0.05724033294245601
(average_diff:0.03421504918297677, max_diff:0.09328845239783379, training_epochs:500, lr:0.05)
<_io.TextIOWrapper name='<stderr>' mode='w' encoding='utf-8'> node index is 137
train linear regression time:  0.0542708751745522
(average_diff:0.04592397690304153, max_diff:0.1427462075756375, training_epochs:500, lr:0.05)
<_io.TextIOWrapper name='<stderr>' mode='w' encoding='utf-8'> node index is 131
train linear regression time:  0.061486708000302315
(average_diff:0.0294823027739555, max_diff:0.0674450089775685, training_epochs:500, lr:0.05)
<_io.TextIOWrapper name='<stderr>' mode='w' encoding='utf-8'> node index is 123
train linear regression time:  0.060623500030487776
(average_diff:0.035604964724826944, max_diff:0.104190821826607, training_epochs:500, lr:0.05)
<_io.TextIOWrapper name='<stderr>' mode='w' encoding='utf-8'> node index is 113
train linear regression time:  0.06103020906448364
(average_diff:0.09006165740940038, max_diff:0.5348498311192421, training_epochs:500, lr:0.05)
<_io.TextIOWrapper name='<stderr>' mode='w' encoding='utf-8'> node index is 103
train linear regression time:  0.057487084064632654
(average_diff:0.050292378266280684, max_diff:0.17067844500428575, training_epochs:500, lr:0.05)
<_io.TextIOWrapper name='<stderr>' mode='w' encoding='utf-8'> node index is 93
train linear regression time:  0.055979667231440544
(average_diff:0.022403897112555343, max_diff:0.07465526310416301, training_epochs:500, lr:0.05)
<_io.TextIOWrapper name='<stderr>' mode='w' encoding='utf-8'> node index is 139
train linear regression time:  0.05724100023508072
(average_diff:0.06798033400022817, max_diff:0.21270783316478187, training_epochs:500, lr:0.05)
<_io.TextIOWrapper name='<stderr>' mode='w' encoding='utf-8'> node index is 133
train linear regression time:  0.05940087512135506
(average_diff:0.026137085967058625, max_diff:0.05522918494303866, training_epochs:500, lr:0.05)
<_io.TextIOWrapper name='<stderr>' mode='w' encoding='utf-8'> node index is 125
train linear regression time:  0.05702120857313275
(average_diff:0.07047849929982522, max_diff:0.2541846120784434, training_epochs:500, lr:0.05)
<_io.TextIOWrapper name='<stderr>' mode='w' encoding='utf-8'> node index is 115
train linear regression time:  0.05767345800995827
(average_diff:0.07757612636667387, max_diff:0.28500068602026635, training_epochs:500, lr:0.05)
<_io.TextIOWrapper name='<stderr>' mode='w' encoding='utf-8'> node index is 105
train linear regression time:  0.05442033289000392
(average_diff:0.062261326024689666, max_diff:0.1775848770742665, training_epochs:500, lr:0.05)
<_io.TextIOWrapper name='<stderr>' mode='w' encoding='utf-8'> node index is 95
train linear regression time:  0.053828457836061716
(average_diff:0.07554731523126834, max_diff:0.22995974656943388, training_epochs:500, lr:0.05)
<_io.TextIOWrapper name='<stderr>' mode='w' encoding='utf-8'> node index is 85
train linear regression time:  0.05247520795091987
(average_diff:0.07672840750860237, max_diff:0.2604757285860676, training_epochs:500, lr:0.05)
<_io.TextIOWrapper name='<stderr>' mode='w' encoding='utf-8'> node index is 79
train linear regression time:  0.05867745913565159
(average_diff:0.10510230928886571, max_diff:0.41788001765615823, training_epochs:500, lr:0.05)
<_io.TextIOWrapper name='<stderr>' mode='w' encoding='utf-8'> node index is 73
train linear regression time:  0.05928120808675885
(average_diff:0.0772286431129043, max_diff:0.3686788905760212, training_epochs:500, lr:0.05)
<_io.TextIOWrapper name='<stderr>' mode='w' encoding='utf-8'> node index is 65
train linear regression time:  0.05476812506094575
(average_diff:0.0, max_diff:0.0, training_epochs:500, lr:0.05)
<_io.TextIOWrapper name='<stderr>' mode='w' encoding='utf-8'> node index is 575
train linear regression time:  0.05445541674271226
(average_diff:1.1102230246251565e-16, max_diff:1.1102230246251565e-16, training_epochs:500, lr:0.05)
<_io.TextIOWrapper name='<stderr>' mode='w' encoding='utf-8'> node index is 565
train linear regression time:  0.054087957832962275
(average_diff:0.002798368496808437, max_diff:0.005253197255735309, training_epochs:500, lr:0.05)
<_io.TextIOWrapper name='<stderr>' mode='w' encoding='utf-8'> node index is 557
train linear regression time:  0.05261020781472325
(average_diff:0.0, max_diff:0.0, training_epochs:500, lr:0.05)
<_io.TextIOWrapper name='<stderr>' mode='w' encoding='utf-8'> node index is 553
train linear regression time:  0.053274250123649836
(average_diff:2.8366389181688767e-05, max_diff:2.8773327956921335e-05, training_epochs:500, lr:0.05)
<_io.TextIOWrapper name='<stderr>' mode='w' encoding='utf-8'> node index is 539
train linear regression time:  0.05252079199999571
(average_diff:7.216449660063518e-16, max_diff:7.771561172376096e-16, training_epochs:500, lr:0.05)
<_io.TextIOWrapper name='<stderr>' mode='w' encoding='utf-8'> node index is 523
train linear regression time:  0.05182666704058647
(average_diff:1.942890293094024e-16, max_diff:1.942890293094024e-16, training_epochs:500, lr:0.05)
<_io.TextIOWrapper name='<stderr>' mode='w' encoding='utf-8'> node index is 513
train linear regression time:  0.0543414163403213
(average_diff:0.0, max_diff:0.0, training_epochs:500, lr:0.05)
<_io.TextIOWrapper name='<stderr>' mode='w' encoding='utf-8'> node index is 505
train linear regression time:  0.05723583418875933
(average_diff:1.7154055953483294e-12, max_diff:2.524203068787756e-12, training_epochs:500, lr:0.05)
<_io.TextIOWrapper name='<stderr>' mode='w' encoding='utf-8'> node index is 495
train linear regression time:  0.05482545820996165
(average_diff:0.0026704582171996304, max_diff:0.003372847786443575, training_epochs:500, lr:0.05)
<_io.TextIOWrapper name='<stderr>' mode='w' encoding='utf-8'> node index is 487
train linear regression time:  0.05459133302792907
(average_diff:0.08400903957001225, max_diff:0.5919120250899748, training_epochs:500, lr:0.05)
<_io.TextIOWrapper name='<stderr>' mode='w' encoding='utf-8'> node index is 47
train linear regression time:  0.05992691731080413
(average_diff:2.318747046222332e-13, max_diff:3.727712583057041e-13, training_epochs:500, lr:0.05)
<_io.TextIOWrapper name='<stderr>' mode='w' encoding='utf-8'> node index is 397
train linear regression time:  0.054787333589047194
(average_diff:0.02072783778923913, max_diff:0.04214689376696917, training_epochs:500, lr:0.05)
<_io.TextIOWrapper name='<stderr>' mode='w' encoding='utf-8'> node index is 383
train linear regression time:  0.05427041603252292
(average_diff:1.1102230246251565e-16, max_diff:1.1102230246251565e-16, training_epochs:500, lr:0.05)
<_io.TextIOWrapper name='<stderr>' mode='w' encoding='utf-8'> node index is 371
train linear regression time:  0.05551437474787235
(average_diff:0.18046703992768195, max_diff:0.5002187570858423, training_epochs:500, lr:0.05)
<_io.TextIOWrapper name='<stderr>' mode='w' encoding='utf-8'> node index is 357
train linear regression time:  0.05237200018018484
(average_diff:0.09683825873567745, max_diff:0.21361375188961584, training_epochs:500, lr:0.05)
<_io.TextIOWrapper name='<stderr>' mode='w' encoding='utf-8'> node index is 343
train linear regression time:  0.05302545893937349
(average_diff:0.21722310134064945, max_diff:0.40017228160450824, training_epochs:500, lr:0.05)
<_io.TextIOWrapper name='<stderr>' mode='w' encoding='utf-8'> node index is 331
train linear regression time:  0.05165812512859702
(average_diff:0.0065809320097257595, max_diff:0.013013733737696098, training_epochs:500, lr:0.05)
<_io.TextIOWrapper name='<stderr>' mode='w' encoding='utf-8'> node index is 319
train linear regression time:  0.05477350018918514
(average_diff:0.16672689947303831, max_diff:0.5209502948614586, training_epochs:500, lr:0.05)
<_io.TextIOWrapper name='<stderr>' mode='w' encoding='utf-8'> node index is 307
train linear regression time:  0.052382000256329775
(average_diff:0.0006088380001053236, max_diff:0.0009211161217185238, training_epochs:500, lr:0.05)
<_io.TextIOWrapper name='<stderr>' mode='w' encoding='utf-8'> node index is 293
train linear regression time:  0.05302475020289421
(average_diff:0.007030804652560414, max_diff:0.01894123062558084, training_epochs:500, lr:0.05)
<_io.TextIOWrapper name='<stderr>' mode='w' encoding='utf-8'> node index is 277
train linear regression time:  0.051871541887521744
(average_diff:0.009725494536109734, max_diff:0.01976031033998829, training_epochs:500, lr:0.05)
<_io.TextIOWrapper name='<stderr>' mode='w' encoding='utf-8'> node index is 261
train linear regression time:  0.05228104209527373
(average_diff:0.0909727278488492, max_diff:0.19298161136733982, training_epochs:500, lr:0.05)
<_io.TextIOWrapper name='<stderr>' mode='w' encoding='utf-8'> node index is 247
train linear regression time:  0.052337625063955784
(average_diff:1.942890293094024e-16, max_diff:2.220446049250313e-16, training_epochs:500, lr:0.05)
<_io.TextIOWrapper name='<stderr>' mode='w' encoding='utf-8'> node index is 533
train linear regression time:  0.05236312514171004
(average_diff:0.0007472154373328413, max_diff:0.0011245255988551195, training_epochs:500, lr:0.05)
<_io.TextIOWrapper name='<stderr>' mode='w' encoding='utf-8'> node index is 525
train linear regression time:  0.0518434583209455
(average_diff:2.4980018054066022e-15, max_diff:2.7755575615628914e-15, training_epochs:500, lr:0.05)
<_io.TextIOWrapper name='<stderr>' mode='w' encoding='utf-8'> node index is 515
train linear regression time:  0.052485333289951086
(average_diff:6.938893903907228e-17, max_diff:6.938893903907228e-17, training_epochs:500, lr:0.05)
<_io.TextIOWrapper name='<stderr>' mode='w' encoding='utf-8'> node index is 503
train linear regression time:  0.05361500009894371
(average_diff:0.014263101509684795, max_diff:0.01935750601727637, training_epochs:500, lr:0.05)
<_io.TextIOWrapper name='<stderr>' mode='w' encoding='utf-8'> node index is 497
train linear regression time:  0.05203920789062977
(average_diff:2.7755575615628914e-17, max_diff:2.7755575615628914e-17, training_epochs:500, lr:0.05)
<_io.TextIOWrapper name='<stderr>' mode='w' encoding='utf-8'> node index is 489
train linear regression time:  0.053028374910354614
(average_diff:0.0, max_diff:0.0, training_epochs:500, lr:0.05)
<_io.TextIOWrapper name='<stderr>' mode='w' encoding='utf-8'> node index is 483
train linear regression time:  0.05387920839712024
(average_diff:5.551115123125783e-17, max_diff:5.551115123125783e-17, training_epochs:500, lr:0.05)
<_io.TextIOWrapper name='<stderr>' mode='w' encoding='utf-8'> node index is 479
train linear regression time:  0.05181462503969669
(average_diff:8.253168356138947e-08, max_diff:1.3059062042852787e-07, training_epochs:500, lr:0.05)
<_io.TextIOWrapper name='<stderr>' mode='w' encoding='utf-8'> node index is 463
train linear regression time:  0.053640750236809254
(average_diff:3.9936752414981846e-05, max_diff:6.1013193976777735e-05, training_epochs:500, lr:0.05)
<_io.TextIOWrapper name='<stderr>' mode='w' encoding='utf-8'> node index is 459
train linear regression time:  0.05202791607007384
(average_diff:4.996003610813204e-16, max_diff:5.551115123125783e-16, training_epochs:500, lr:0.05)
<_io.TextIOWrapper name='<stderr>' mode='w' encoding='utf-8'> node index is 451
train linear regression time:  0.05380491726100445
(average_diff:1.1102230246251565e-16, max_diff:1.1102230246251565e-16, training_epochs:500, lr:0.05)
<_io.TextIOWrapper name='<stderr>' mode='w' encoding='utf-8'> node index is 439
train linear regression time:  0.05334200011566281
(average_diff:0.008626129097919858, max_diff:0.016865762065768508, training_epochs:500, lr:0.05)
<_io.TextIOWrapper name='<stderr>' mode='w' encoding='utf-8'> node index is 437
train linear regression time:  0.05549845797941089
(average_diff:0.030743631307222376, max_diff:0.06516635425195148, training_epochs:500, lr:0.05)
<_io.TextIOWrapper name='<stderr>' mode='w' encoding='utf-8'> node index is 117
train linear regression time:  0.052721125073730946
(average_diff:0.02201677759841586, max_diff:0.061094784645179825, training_epochs:500, lr:0.05)
<_io.TextIOWrapper name='<stderr>' mode='w' encoding='utf-8'> node index is 107
train linear regression time:  0.05281016696244478
(average_diff:0.03875220133151353, max_diff:0.1415228155184553, training_epochs:500, lr:0.05)
<_io.TextIOWrapper name='<stderr>' mode='w' encoding='utf-8'> node index is 97
train linear regression time:  0.054088250268250704
(average_diff:0.049574095177805186, max_diff:0.17239841173167508, training_epochs:500, lr:0.05)
<_io.TextIOWrapper name='<stderr>' mode='w' encoding='utf-8'> node index is 87
train linear regression time:  0.05242091603577137
(average_diff:0.05924996251068819, max_diff:0.30051976943530917, training_epochs:500, lr:0.05)
<_io.TextIOWrapper name='<stderr>' mode='w' encoding='utf-8'> node index is 81
train linear regression time:  0.053350833244621754
(average_diff:0.07441182838950237, max_diff:0.2899686418871099, training_epochs:500, lr:0.05)
<_io.TextIOWrapper name='<stderr>' mode='w' encoding='utf-8'> node index is 75
train linear regression time:  0.05325825000181794
(average_diff:0.00020961384608715605, max_diff:0.000418248571672053, training_epochs:500, lr:0.05)
<_io.TextIOWrapper name='<stderr>' mode='w' encoding='utf-8'> node index is 567
train linear regression time:  0.05130958277732134
(average_diff:8.326672684688674e-17, max_diff:8.326672684688674e-17, training_epochs:500, lr:0.05)
<_io.TextIOWrapper name='<stderr>' mode='w' encoding='utf-8'> node index is 559
train linear regression time:  0.054422457702457905
(average_diff:2.936472315306915e-09, max_diff:3.0039155329841805e-09, training_epochs:500, lr:0.05)
<_io.TextIOWrapper name='<stderr>' mode='w' encoding='utf-8'> node index is 555
train linear regression time:  0.0526184169575572
(average_diff:0.019890006597444738, max_diff:0.03370836530928911, training_epochs:500, lr:0.05)
<_io.TextIOWrapper name='<stderr>' mode='w' encoding='utf-8'> node index is 547
train linear regression time:  0.05200233310461044
(average_diff:1.1102230246251565e-16, max_diff:1.1102230246251565e-16, training_epochs:500, lr:0.05)
<_io.TextIOWrapper name='<stderr>' mode='w' encoding='utf-8'> node index is 527
train linear regression time:  0.052640541922301054
(average_diff:5.551115123125783e-17, max_diff:5.551115123125783e-17, training_epochs:500, lr:0.05)
<_io.TextIOWrapper name='<stderr>' mode='w' encoding='utf-8'> node index is 507
train linear regression time:  0.052971791941672564
(average_diff:0.16348152065559712, max_diff:0.5915323857823491, training_epochs:500, lr:0.05)
<_io.TextIOWrapper name='<stderr>' mode='w' encoding='utf-8'> node index is 59
train linear regression time:  0.05933537473902106
(average_diff:0.09812787767448775, max_diff:0.37183850583575134, training_epochs:500, lr:0.05)
<_io.TextIOWrapper name='<stderr>' mode='w' encoding='utf-8'> node index is 49
train linear regression time:  0.05280041694641113
(average_diff:1.1102230246251565e-16, max_diff:2.220446049250313e-16, training_epochs:500, lr:0.05)
<_io.TextIOWrapper name='<stderr>' mode='w' encoding='utf-8'> node index is 569
train linear regression time:  0.05256320768967271
(average_diff:1.1102230246251565e-16, max_diff:1.1102230246251565e-16, training_epochs:500, lr:0.05)
<_io.TextIOWrapper name='<stderr>' mode='w' encoding='utf-8'> node index is 561
train linear regression time:  0.053977500181645155
(average_diff:1.6653345369377348e-16, max_diff:1.6653345369377348e-16, training_epochs:500, lr:0.05)
<_io.TextIOWrapper name='<stderr>' mode='w' encoding='utf-8'> node index is 543
train linear regression time:  0.05246716644614935
(average_diff:5.273559366969494e-16, max_diff:5.551115123125783e-16, training_epochs:500, lr:0.05)
<_io.TextIOWrapper name='<stderr>' mode='w' encoding='utf-8'> node index is 535
train linear regression time:  0.05183187499642372
(average_diff:0.0015849989082374917, max_diff:0.00265014818363013, training_epochs:500, lr:0.05)
<_io.TextIOWrapper name='<stderr>' mode='w' encoding='utf-8'> node index is 529
train linear regression time:  0.05203804187476635
(average_diff:1.1102230246251565e-16, max_diff:1.1102230246251565e-16, training_epochs:500, lr:0.05)
<_io.TextIOWrapper name='<stderr>' mode='w' encoding='utf-8'> node index is 517
train linear regression time:  0.05262737488374114
(average_diff:2.3979512819849447e-10, max_diff:2.4694069011843567e-10, training_epochs:500, lr:0.05)
<_io.TextIOWrapper name='<stderr>' mode='w' encoding='utf-8'> node index is 509
train linear regression time:  0.052451916970312595
(average_diff:0.0, max_diff:0.0, training_epochs:500, lr:0.05)
<_io.TextIOWrapper name='<stderr>' mode='w' encoding='utf-8'> node index is 499
train linear regression time:  0.05410245805978775
(average_diff:0.0002845583169457007, max_diff:0.0004527926601071153, training_epochs:500, lr:0.05)
<_io.TextIOWrapper name='<stderr>' mode='w' encoding='utf-8'> node index is 491
train linear regression time:  0.05543429218232632
(average_diff:8.773824799798366e-05, max_diff:0.00017201989858539601, training_epochs:500, lr:0.05)
<_io.TextIOWrapper name='<stderr>' mode='w' encoding='utf-8'> node index is 385
train linear regression time:  0.05343249998986721
(average_diff:1.2490009027033011e-15, max_diff:1.5126788710517758e-15, training_epochs:500, lr:0.05)
<_io.TextIOWrapper name='<stderr>' mode='w' encoding='utf-8'> node index is 373
train linear regression time:  0.05293462472036481
(average_diff:0.0, max_diff:0.0, training_epochs:500, lr:0.05)
<_io.TextIOWrapper name='<stderr>' mode='w' encoding='utf-8'> node index is 359
train linear regression time:  0.05103050032630563
(average_diff:0.07128227176540705, max_diff:0.2143445809712174, training_epochs:500, lr:0.05)
<_io.TextIOWrapper name='<stderr>' mode='w' encoding='utf-8'> node index is 345
train linear regression time:  0.05369945801794529
(average_diff:0.08023162402554594, max_diff:0.13123588793772076, training_epochs:500, lr:0.05)
<_io.TextIOWrapper name='<stderr>' mode='w' encoding='utf-8'> node index is 321
train linear regression time:  0.05384125001728535
(average_diff:0.06508660389965223, max_diff:0.10480807303670253, training_epochs:500, lr:0.05)
<_io.TextIOWrapper name='<stderr>' mode='w' encoding='utf-8'> node index is 295
train linear regression time:  0.05236220918595791
(average_diff:0.10498723212077488, max_diff:0.18906581680305712, training_epochs:500, lr:0.05)
<_io.TextIOWrapper name='<stderr>' mode='w' encoding='utf-8'> node index is 279
train linear regression time:  0.052306583151221275
(average_diff:2.3530908703032576e-11, max_diff:3.3935521059902385e-11, training_epochs:500, lr:0.05)
<_io.TextIOWrapper name='<stderr>' mode='w' encoding='utf-8'> node index is 263
train linear regression time:  0.052646415773779154
(average_diff:0.024673792250638735, max_diff:0.04559462685189919, training_epochs:500, lr:0.05)
<_io.TextIOWrapper name='<stderr>' mode='w' encoding='utf-8'> node index is 249
train linear regression time:  0.05226875003427267
(average_diff:0.047530118591031144, max_diff:0.09800900086830666, training_epochs:500, lr:0.05)
<_io.TextIOWrapper name='<stderr>' mode='w' encoding='utf-8'> node index is 237
train linear regression time:  0.052143500186502934
(average_diff:1.6583956430338276e-15, max_diff:2.886579864025407e-15, training_epochs:500, lr:0.05)
<_io.TextIOWrapper name='<stderr>' mode='w' encoding='utf-8'> node index is 265
train linear regression time:  0.051782459020614624
(average_diff:8.326672684688674e-17, max_diff:1.1102230246251565e-16, training_epochs:500, lr:0.05)
<_io.TextIOWrapper name='<stderr>' mode='w' encoding='utf-8'> node index is 251
train linear regression time:  0.05255745816975832
(average_diff:0.08509212911688213, max_diff:0.33053299262555147, training_epochs:500, lr:0.05)
<_io.TextIOWrapper name='<stderr>' mode='w' encoding='utf-8'> node index is 239
train linear regression time:  0.053626750130206347
(average_diff:0.06623467082064262, max_diff:0.1425494617071157, training_epochs:500, lr:0.05)
<_io.TextIOWrapper name='<stderr>' mode='w' encoding='utf-8'> node index is 223
train linear regression time:  0.05480816727504134
(average_diff:0.013517794257039775, max_diff:0.027727403523576, training_epochs:500, lr:0.05)
<_io.TextIOWrapper name='<stderr>' mode='w' encoding='utf-8'> node index is 209
train linear regression time:  0.05815337458625436
(average_diff:0.10047087519199087, max_diff:0.19960234069529093, training_epochs:500, lr:0.05)
<_io.TextIOWrapper name='<stderr>' mode='w' encoding='utf-8'> node index is 199
train linear regression time:  0.056271541863679886
(average_diff:0.0811058934421261, max_diff:0.2086390505419002, training_epochs:500, lr:0.05)
<_io.TextIOWrapper name='<stderr>' mode='w' encoding='utf-8'> node index is 191
train linear regression time:  0.05533233378082514
(average_diff:0.0441058806425867, max_diff:0.11075029532543665, training_epochs:500, lr:0.05)
<_io.TextIOWrapper name='<stderr>' mode='w' encoding='utf-8'> node index is 183
train linear regression time:  0.05519866710528731
(average_diff:0.11848237754592093, max_diff:0.20836392075228516, training_epochs:500, lr:0.05)
<_io.TextIOWrapper name='<stderr>' mode='w' encoding='utf-8'> node index is 175
train linear regression time:  0.054842333775013685
(average_diff:0.09543535533092096, max_diff:0.23636877355410874, training_epochs:500, lr:0.05)
<_io.TextIOWrapper name='<stderr>' mode='w' encoding='utf-8'> node index is 167
train linear regression time:  0.05654899962246418
(average_diff:0.06290823753390719, max_diff:0.11836070948335059, training_epochs:500, lr:0.05)
<_io.TextIOWrapper name='<stderr>' mode='w' encoding='utf-8'> node index is 157
train linear regression time:  0.05481200013309717
(average_diff:0.0, max_diff:0.0, training_epochs:500, lr:0.05)
<_io.TextIOWrapper name='<stderr>' mode='w' encoding='utf-8'> node index is 323
train linear regression time:  0.05550804175436497
(average_diff:1.1102230246251565e-16, max_diff:1.1102230246251565e-16, training_epochs:500, lr:0.05)
<_io.TextIOWrapper name='<stderr>' mode='w' encoding='utf-8'> node index is 309
train linear regression time:  0.05467337463051081
(average_diff:0.0776317271883022, max_diff:0.18109819677448408, training_epochs:500, lr:0.05)
<_io.TextIOWrapper name='<stderr>' mode='w' encoding='utf-8'> node index is 297
train linear regression time:  0.054519291035830975
(average_diff:0.14264810707254238, max_diff:0.2443070569845488, training_epochs:500, lr:0.05)
<_io.TextIOWrapper name='<stderr>' mode='w' encoding='utf-8'> node index is 283
train linear regression time:  0.054336458910256624
(average_diff:0.07607717689844681, max_diff:0.20082786129481964, training_epochs:500, lr:0.05)
<_io.TextIOWrapper name='<stderr>' mode='w' encoding='utf-8'> node index is 267
train linear regression time:  0.055447665974497795
(average_diff:0.15702177938448328, max_diff:0.5373940166730313, training_epochs:500, lr:0.05)
<_io.TextIOWrapper name='<stderr>' mode='w' encoding='utf-8'> node index is 225
train linear regression time:  0.05634504184126854
(average_diff:0.21281309057224254, max_diff:0.40800617710768594, training_epochs:500, lr:0.05)
<_io.TextIOWrapper name='<stderr>' mode='w' encoding='utf-8'> node index is 211
train linear regression time:  0.054038832895457745
(average_diff:0.1291157030608364, max_diff:0.3190692142479349, training_epochs:500, lr:0.05)
<_io.TextIOWrapper name='<stderr>' mode='w' encoding='utf-8'> node index is 185
train linear regression time:  0.05242108413949609
(average_diff:0.13015384687663212, max_diff:0.46888067273819733, training_epochs:500, lr:0.05)
<_io.TextIOWrapper name='<stderr>' mode='w' encoding='utf-8'> node index is 177
train linear regression time:  0.052639749832451344
(average_diff:0.16478304449625067, max_diff:0.4042637446069818, training_epochs:500, lr:0.05)
<_io.TextIOWrapper name='<stderr>' mode='w' encoding='utf-8'> node index is 169
train linear regression time:  0.05432620830833912
(average_diff:0.001955892064928818, max_diff:0.0029412994882198618, training_epochs:500, lr:0.05)
<_io.TextIOWrapper name='<stderr>' mode='w' encoding='utf-8'> node index is 159
train linear regression time:  0.0551959159784019
(average_diff:0.10080516652490863, max_diff:0.23594591844131274, training_epochs:500, lr:0.05)
<_io.TextIOWrapper name='<stderr>' mode='w' encoding='utf-8'> node index is 151
train linear regression time:  0.05499208299443126
(average_diff:0.03865787539823644, max_diff:0.09380304373563161, training_epochs:500, lr:0.05)
<_io.TextIOWrapper name='<stderr>' mode='w' encoding='utf-8'> node index is 135
train linear regression time:  0.0557438749819994
(average_diff:0.05119753396697127, max_diff:0.10474560583838355, training_epochs:500, lr:0.05)
<_io.TextIOWrapper name='<stderr>' mode='w' encoding='utf-8'> node index is 129
train linear regression time:  0.05554695799946785
(average_diff:0.03111420916466477, max_diff:0.12670157204494276, training_epochs:500, lr:0.05)
<_io.TextIOWrapper name='<stderr>' mode='w' encoding='utf-8'> node index is 119
train linear regression time:  0.05604824982583523
(average_diff:0.03869169054072473, max_diff:0.10418488113080665, training_epochs:500, lr:0.05)
<_io.TextIOWrapper name='<stderr>' mode='w' encoding='utf-8'> node index is 109
train linear regression time:  0.05476525006815791
(average_diff:0.04167081363479838, max_diff:0.1841205883774628, training_epochs:500, lr:0.05)
<_io.TextIOWrapper name='<stderr>' mode='w' encoding='utf-8'> node index is 99
train linear regression time:  0.05269216699525714
(average_diff:8.326672684688674e-17, max_diff:8.326672684688674e-17, training_epochs:500, lr:0.05)
<_io.TextIOWrapper name='<stderr>' mode='w' encoding='utf-8'> node index is 447
train linear regression time:  0.05499079171568155
(average_diff:3.5062230896443225e-13, max_diff:4.781730567060549e-13, training_epochs:500, lr:0.05)
<_io.TextIOWrapper name='<stderr>' mode='w' encoding='utf-8'> node index is 441
train linear regression time:  0.05597204202786088
(average_diff:0.013727002058733834, max_diff:0.031519008834764356, training_epochs:500, lr:0.05)
<_io.TextIOWrapper name='<stderr>' mode='w' encoding='utf-8'> node index is 435
train linear regression time:  0.057161999866366386
(average_diff:5.551115123125783e-17, max_diff:5.551115123125783e-17, training_epochs:500, lr:0.05)
<_io.TextIOWrapper name='<stderr>' mode='w' encoding='utf-8'> node index is 429
train linear regression time:  0.05634129233658314
(average_diff:1.3368935588194594e-13, max_diff:1.9961809982760315e-13, training_epochs:500, lr:0.05)
<_io.TextIOWrapper name='<stderr>' mode='w' encoding='utf-8'> node index is 421
train linear regression time:  0.05511466600000858
(average_diff:0.006467997746508672, max_diff:0.1671717830300013, training_epochs:500, lr:0.05)
<_io.TextIOWrapper name='<stderr>' mode='w' encoding='utf-8'> node index is 69
train linear regression time:  0.062015042174607515
(average_diff:0.07105773122346988, max_diff:0.24137063884062548, training_epochs:500, lr:0.05)
<_io.TextIOWrapper name='<stderr>' mode='w' encoding='utf-8'> node index is 61
train linear regression time:  0.0527793332003057
(average_diff:0.09533715686323195, max_diff:0.4693582833832315, training_epochs:500, lr:0.05)
<_io.TextIOWrapper name='<stderr>' mode='w' encoding='utf-8'> node index is 53
train linear regression time:  0.05221570795401931
(average_diff:0.020315336838655235, max_diff:0.03867040616242273, training_epochs:500, lr:0.05)
<_io.TextIOWrapper name='<stderr>' mode='w' encoding='utf-8'> node index is 401
train linear regression time:  0.05168179236352444
(average_diff:1.249000902703301e-16, max_diff:1.942890293094024e-16, training_epochs:500, lr:0.05)
<_io.TextIOWrapper name='<stderr>' mode='w' encoding='utf-8'> node index is 387
train linear regression time:  0.051760958041995764
(average_diff:0.0095411465082054, max_diff:0.021393152951652283, training_epochs:500, lr:0.05)
<_io.TextIOWrapper name='<stderr>' mode='w' encoding='utf-8'> node index is 375
train linear regression time:  0.05137316603213549
(average_diff:4.051104743274525e-06, max_diff:6.849068056702379e-06, training_epochs:500, lr:0.05)
<_io.TextIOWrapper name='<stderr>' mode='w' encoding='utf-8'> node index is 361
train linear regression time:  0.05339783430099487
(average_diff:0.017904500279625535, max_diff:0.03840665904274271, training_epochs:500, lr:0.05)
<_io.TextIOWrapper name='<stderr>' mode='w' encoding='utf-8'> node index is 347
train linear regression time:  0.053731041960418224
(average_diff:0.09206230062616474, max_diff:0.14286155115544913, training_epochs:500, lr:0.05)
<_io.TextIOWrapper name='<stderr>' mode='w' encoding='utf-8'> node index is 311
train linear regression time:  0.053267791867256165
(average_diff:0.06368372036094558, max_diff:0.14430737238053226, training_epochs:500, lr:0.05)
<_io.TextIOWrapper name='<stderr>' mode='w' encoding='utf-8'> node index is 299
train linear regression time:  0.05256020789965987
(average_diff:0.12456314700255777, max_diff:0.3468182198174047, training_epochs:500, lr:0.05)
<_io.TextIOWrapper name='<stderr>' mode='w' encoding='utf-8'> node index is 285
train linear regression time:  0.05399225000292063
(average_diff:0.015177665240927821, max_diff:0.027404912734888348, training_epochs:500, lr:0.05)
<_io.TextIOWrapper name='<stderr>' mode='w' encoding='utf-8'> node index is 269
train linear regression time:  0.052635000087320805
(average_diff:2.6411033915429982e-09, max_diff:2.7306131800131084e-09, training_epochs:500, lr:0.05)
<_io.TextIOWrapper name='<stderr>' mode='w' encoding='utf-8'> node index is 415
train linear regression time:  0.05173029191792011
(average_diff:0.0013179611361866933, max_diff:0.001913509340762315, training_epochs:500, lr:0.05)
<_io.TextIOWrapper name='<stderr>' mode='w' encoding='utf-8'> node index is 411
train linear regression time:  0.05736883403733373
(average_diff:2.3592239273284576e-16, max_diff:2.7755575615628914e-16, training_epochs:500, lr:0.05)
<_io.TextIOWrapper name='<stderr>' mode='w' encoding='utf-8'> node index is 403
train linear regression time:  0.0553788747638464
(average_diff:0.06074809727145842, max_diff:0.11982886201678766, training_epochs:500, lr:0.05)
<_io.TextIOWrapper name='<stderr>' mode='w' encoding='utf-8'> node index is 389
train linear regression time:  0.05697420798242092
(average_diff:0.018019391130963878, max_diff:0.03905246369308579, training_epochs:500, lr:0.05)
<_io.TextIOWrapper name='<stderr>' mode='w' encoding='utf-8'> node index is 377
train linear regression time:  0.05864345794543624
(average_diff:0.0026233951925136445, max_diff:0.003949551696834974, training_epochs:500, lr:0.05)
<_io.TextIOWrapper name='<stderr>' mode='w' encoding='utf-8'> node index is 363
train linear regression time:  0.05647637462243438
(average_diff:0.06480054311180503, max_diff:0.12304467709684402, training_epochs:500, lr:0.05)
<_io.TextIOWrapper name='<stderr>' mode='w' encoding='utf-8'> node index is 349
train linear regression time:  0.058188249822705984
(average_diff:0.0470755381299543, max_diff:0.0894594482207523, training_epochs:500, lr:0.05)
<_io.TextIOWrapper name='<stderr>' mode='w' encoding='utf-8'> node index is 335
train linear regression time:  0.05612916685640812
(average_diff:0.003916094761045999, max_diff:0.006889577350512849, training_epochs:500, lr:0.05)
<_io.TextIOWrapper name='<stderr>' mode='w' encoding='utf-8'> node index is 325
train linear regression time:  0.05501087522134185
(average_diff:0.09083004144289712, max_diff:0.20108697481880877, training_epochs:500, lr:0.05)
<_io.TextIOWrapper name='<stderr>' mode='w' encoding='utf-8'> node index is 313
train linear regression time:  0.056720624677836895
(average_diff:0.0, max_diff:0.0, training_epochs:500, lr:0.05)
<_io.TextIOWrapper name='<stderr>' mode='w' encoding='utf-8'> node index is 443
train linear regression time:  0.05709233274683356
(average_diff:0.06876549778874794, max_diff:0.12878660377409382, training_epochs:500, lr:0.05)
<_io.TextIOWrapper name='<stderr>' mode='w' encoding='utf-8'> node index is 431
train linear regression time:  0.057340791914612055
(average_diff:5.551115123125783e-17, max_diff:5.551115123125783e-17, training_epochs:500, lr:0.05)
<_io.TextIOWrapper name='<stderr>' mode='w' encoding='utf-8'> node index is 425
train linear regression time:  0.056721500121057034
(average_diff:1.6374565259824614e-06, max_diff:2.3988800471053118e-06, training_epochs:500, lr:0.05)
<_io.TextIOWrapper name='<stderr>' mode='w' encoding='utf-8'> node index is 419
train linear regression time:  0.057859332766383886
(average_diff:8.971748251725605e-09, max_diff:1.3461683823212667e-08, training_epochs:500, lr:0.05)
<_io.TextIOWrapper name='<stderr>' mode='w' encoding='utf-8'> node index is 413
train linear regression time:  0.05902787484228611
(average_diff:0.004844562995270141, max_diff:0.0072065410876043234, training_epochs:500, lr:0.05)
<_io.TextIOWrapper name='<stderr>' mode='w' encoding='utf-8'> node index is 405
train linear regression time:  0.05610562488436699
(average_diff:1.1102230246251565e-16, max_diff:1.1102230246251565e-16, training_epochs:500, lr:0.05)
<_io.TextIOWrapper name='<stderr>' mode='w' encoding='utf-8'> node index is 391
train linear regression time:  0.0549753331579268
(average_diff:2.220446049250313e-16, max_diff:2.220446049250313e-16, training_epochs:500, lr:0.05)
<_io.TextIOWrapper name='<stderr>' mode='w' encoding='utf-8'> node index is 379
train linear regression time:  0.05297191720455885
(average_diff:0.035445660279921354, max_diff:0.10865842466838227, training_epochs:500, lr:0.05)
<_io.TextIOWrapper name='<stderr>' mode='w' encoding='utf-8'> node index is 365
train linear regression time:  0.05403420887887478
(average_diff:2.4778203544517652e-08, max_diff:2.493231632261228e-08, training_epochs:500, lr:0.05)
<_io.TextIOWrapper name='<stderr>' mode='w' encoding='utf-8'> node index is 351
train linear regression time:  0.054915125016123056
(average_diff:2.914335439641036e-16, max_diff:3.0531133177191805e-16, training_epochs:500, lr:0.05)
<_io.TextIOWrapper name='<stderr>' mode='w' encoding='utf-8'> node index is 337
train linear regression time:  0.05287741683423519
(average_diff:0.13890416746216588, max_diff:0.47355599834121853, training_epochs:500, lr:0.05)
<_io.TextIOWrapper name='<stderr>' mode='w' encoding='utf-8'> node index is 393
train linear regression time:  0.053306750021874905
(average_diff:1.6653345369377348e-16, max_diff:2.220446049250313e-16, training_epochs:500, lr:0.05)
<_io.TextIOWrapper name='<stderr>' mode='w' encoding='utf-8'> node index is 301
train linear regression time:  0.05513595882803202
(average_diff:0.06749344252770849, max_diff:0.14597643917084852, training_epochs:500, lr:0.05)
<_io.TextIOWrapper name='<stderr>' mode='w' encoding='utf-8'> node index is 271
train linear regression time:  0.05408324999734759
(average_diff:0.07497654922507237, max_diff:0.18770109507777955, training_epochs:500, lr:0.05)
<_io.TextIOWrapper name='<stderr>' mode='w' encoding='utf-8'> node index is 253
train linear regression time:  0.05310983397066593
(average_diff:0.20647397396305014, max_diff:0.39267723822430434, training_epochs:500, lr:0.05)
<_io.TextIOWrapper name='<stderr>' mode='w' encoding='utf-8'> node index is 227
train linear regression time:  0.05417158314958215
(average_diff:0.12696495829042678, max_diff:0.2639968865501952, training_epochs:500, lr:0.05)
<_io.TextIOWrapper name='<stderr>' mode='w' encoding='utf-8'> node index is 213
train linear regression time:  0.06097691599279642
(average_diff:0.05928588272823805, max_diff:0.15056305573334464, training_epochs:500, lr:0.05)
<_io.TextIOWrapper name='<stderr>' mode='w' encoding='utf-8'> node index is 201
train linear regression time:  0.057321416679769754
(average_diff:5.551115123125783e-17, max_diff:5.551115123125783e-17, training_epochs:500, lr:0.05)
<_io.TextIOWrapper name='<stderr>' mode='w' encoding='utf-8'> node index is 193
train linear regression time:  0.05488933390006423
(average_diff:0.02152891137357214, max_diff:0.06288539623585127, training_epochs:500, lr:0.05)
<_io.TextIOWrapper name='<stderr>' mode='w' encoding='utf-8'> node index is 187
train linear regression time:  0.05508104199543595
(average_diff:0.03609552651430529, max_diff:0.10496462437955756, training_epochs:500, lr:0.05)
<_io.TextIOWrapper name='<stderr>' mode='w' encoding='utf-8'> node index is 179
train linear regression time:  0.05544591601938009
(average_diff:5.551115123125783e-17, max_diff:5.551115123125783e-17, training_epochs:500, lr:0.05)
<_io.TextIOWrapper name='<stderr>' mode='w' encoding='utf-8'> node index is 171
train linear regression time:  0.054980207700282335
(average_diff:0.11090431453488633, max_diff:0.22742917759709952, training_epochs:500, lr:0.05)
<_io.TextIOWrapper name='<stderr>' mode='w' encoding='utf-8'> node index is 161
train linear regression time:  0.05538104195147753
(average_diff:1.1102230246251565e-16, max_diff:1.1102230246251565e-16, training_epochs:500, lr:0.05)
<_io.TextIOWrapper name='<stderr>' mode='w' encoding='utf-8'> node index is 367
train linear regression time:  0.05528291594237089
(average_diff:0.0, max_diff:0.0, training_epochs:500, lr:0.05)
<_io.TextIOWrapper name='<stderr>' mode='w' encoding='utf-8'> node index is 353
train linear regression time:  0.05470604170113802
(average_diff:2.220446049250313e-16, max_diff:2.220446049250313e-16, training_epochs:500, lr:0.05)
<_io.TextIOWrapper name='<stderr>' mode='w' encoding='utf-8'> node index is 339
train linear regression time:  0.05527574988082051
(average_diff:0.018572665075143473, max_diff:0.028609286406090062, training_epochs:500, lr:0.05)
<_io.TextIOWrapper name='<stderr>' mode='w' encoding='utf-8'> node index is 327
train linear regression time:  0.055002832785248756
(average_diff:0.02636027160881315, max_diff:0.12346130980056846, training_epochs:500, lr:0.05)
<_io.TextIOWrapper name='<stderr>' mode='w' encoding='utf-8'> node index is 315
train linear regression time:  0.055492958053946495
(average_diff:0.003512133809061263, max_diff:0.007384659943842964, training_epochs:500, lr:0.05)
<_io.TextIOWrapper name='<stderr>' mode='w' encoding='utf-8'> node index is 303
train linear regression time:  0.05337545834481716
(average_diff:0.03957632683168703, max_diff:0.0829645840331924, training_epochs:500, lr:0.05)
<_io.TextIOWrapper name='<stderr>' mode='w' encoding='utf-8'> node index is 287
train linear regression time:  0.057596334256231785
(average_diff:0.05909321266942844, max_diff:0.13431139921288626, training_epochs:500, lr:0.05)
<_io.TextIOWrapper name='<stderr>' mode='w' encoding='utf-8'> node index is 273
train linear regression time:  0.05497691687196493
(average_diff:0.11570177393437449, max_diff:0.48825188746129133, training_epochs:500, lr:0.05)
<_io.TextIOWrapper name='<stderr>' mode='w' encoding='utf-8'> node index is 255
train linear regression time:  0.056357167195528746
(average_diff:0.001174561518173689, max_diff:0.0024311259638752913, training_epochs:500, lr:0.05)
<_io.TextIOWrapper name='<stderr>' mode='w' encoding='utf-8'> node index is 241
train linear regression time:  0.055312625132501125
(average_diff:0.17551460446008427, max_diff:0.5303301752113994, training_epochs:500, lr:0.05)
<_io.TextIOWrapper name='<stderr>' mode='w' encoding='utf-8'> node index is 229
train linear regression time:  0.05157345812767744
(average_diff:0.1095091562941754, max_diff:0.3221713154858141, training_epochs:500, lr:0.05)
<_io.TextIOWrapper name='<stderr>' mode='w' encoding='utf-8'> node index is 215
train linear regression time:  0.056300916243344545
(average_diff:0.04596012782846169, max_diff:0.10412098369502354, training_epochs:500, lr:0.05)
<_io.TextIOWrapper name='<stderr>' mode='w' encoding='utf-8'> node index is 203
train linear regression time:  0.05216125026345253
(average_diff:0.015429328320106073, max_diff:0.03532673347219417, training_epochs:500, lr:0.05)
<_io.TextIOWrapper name='<stderr>' mode='w' encoding='utf-8'> node index is 195
train linear regression time:  0.057781292125582695
(average_diff:0.15359271737115443, max_diff:0.3436130413869809, training_epochs:500, lr:0.05)
<_io.TextIOWrapper name='<stderr>' mode='w' encoding='utf-8'> node index is 7
train linear regression time:  0.05582774989306927
(average_diff:0.13096893214549848, max_diff:0.4600887875086047, training_epochs:500, lr:0.05)
<_io.TextIOWrapper name='<stderr>' mode='w' encoding='utf-8'> node index is 5
train linear regression time:  0.055520249996334314
testFringe time:  13.8062336249277
<_io.TextIOWrapper name='<stderr>' mode='w' encoding='utf-8'> =============== update finished ===============

*** Writing Game File 80***

<_io.TextIOWrapper name='../print_tree_record_numpy/print_DR_boost_linear_tree_split.txt' mode='w' encoding='UTF-8'> idx1(Q:0.4014, distinct_name:0, dictinctin_value:2.569683891588169, par:None)
	idx4(Q:0.4020, distinct_name:0, dictinctin_value:2.507749956207568, par:1)
		idx6(Q:0.4019, distinct_name:0, dictinctin_value:-0.050698982385153205, par:4)
			idx8(Q:0.4626, distinct_name:0, dictinctin_value:-0.5002368440471089, par:6)
				idx10(Q:0.5089, distinct_name:3, dictinctin_value:0.7373220788164561, par:8)
					idx12(Q:0.4834, distinct_name:1, dictinctin_value:0.8498558206992594, par:10)
						idx18(Q:0.4317, distinct_name:2, dictinctin_value:0.8559921607301466, par:12)
							idx24(Q:0.4241, distinct_name:0, dictinctin_value:-0.5901212893723445, par:18)
								idx30(Q:0.4318, distinct_name:2, dictinctin_value:0.5095422779981766, par:24)
									idx38(Q:0.4508, distinct_name:2, dictinctin_value:0.24909091887867726, par:30)
										idx44(Q:0.4788, distinct_name:2, dictinctin_value:-0.06052347242753761, par:38)
											idx54(Q:0.5265, distinct_name:2, dictinctin_value:-0.16873413911779458, par:44)
												idx62(Q:0.5519, distinct_name:2, dictinctin_value:-0.3117760123070312, par:54)
													idx70(Q:0.5974, distinct_name:2, dictinctin_value:-0.36929151673896154, par:62)
														idx76(Q:0.6246, distinct_name:2, dictinctin_value:-0.4513587540231024, par:70)
															idx82(Q:0.6610, distinct_name:2, dictinctin_value:-0.49926091712096626, par:76)
																idx90(Q:0.6758, distinct_name:2, dictinctin_value:-0.5261921216626007, par:82)
																	idx100(Q:0.6868, distinct_name:2, dictinctin_value:-0.5682634996789567, par:90)
																		idx110(Q:0.7019, distinct_name:2, dictinctin_value:-0.576514535000767, par:100)
																			idx120(Q:0.7048, par:110)
																			idx121(Q:0.4001, par:110)
																		idx111(Q:0.3573, par:100)
																	idx101(Q:0.3591, par:90)
																idx91(Q:0.3280, par:82)
															idx83(Q:0.3023, par:76)
														idx77(Q:0.2680, par:70)
													idx71(Q:0.2720, par:62)
												idx63(Q:0.2240, par:54)
											idx55(Q:0.2435, distinct_name:0, dictinctin_value:-0.6476910175840919, par:44)
												idx464(Q:0.2471, distinct_name:3, dictinctin_value:0.6680194197252473, par:55)
													idx468(Q:0.2437, distinct_name:0, dictinctin_value:-0.6858015235311999, par:464)
														idx474(Q:0.2443, distinct_name:2, dictinctin_value:0.24031958562965672, par:468)
															idx480(Q:0.2417, distinct_name:2, dictinctin_value:0.22712878489931437, par:474)
																idx484(Q:0.2434, distinct_name:0, dictinctin_value:-0.6984661740702743, par:480)
																	idx492(Q:0.2415, distinct_name:2, dictinctin_value:0.2205862992769331, par:484)
																		idx500(Q:0.2411, distinct_name:1, dictinctin_value:0.7515347460969897, par:492)
																			idx518(Q:0.2429, par:500)
																			idx519(Q:0.1310, par:500)
																		idx501(Q:0.2751, par:492)
																	idx493(Q:0.3077, par:484)
																idx485(Q:0.1301, par:480)
															idx481(Q:0.3124, par:474)
														idx475(Q:0.1567, par:468)
													idx469(Q:0.3624, par:464)
												idx465(Q:0.1184, par:55)
										idx45(Q:0.2468, distinct_name:0, dictinctin_value:-0.6043607795061433, par:38)
											idx510(Q:0.2480, distinct_name:1, dictinctin_value:0.8144916165556727, par:45)
												idx520(Q:0.2405, distinct_name:1, dictinctin_value:0.7699133155688844, par:510)
													idx530(Q:0.2376, distinct_name:2, dictinctin_value:0.5073691095938268, par:520)
														idx536(Q:0.2381, distinct_name:0, dictinctin_value:-0.6190066933050004, par:530)
															idx548(Q:0.2369, distinct_name:0, dictinctin_value:-0.6463225202144014, par:536)
																idx570(Q:0.2373, distinct_name:0, dictinctin_value:-0.6564390430626009, par:548)
																	idx580(Q:0.2385, distinct_name:3, dictinctin_value:0.6572555751708343, par:570)
																		idx586(Q:0.2377, distinct_name:3, dictinctin_value:0.6217208412298194, par:580)
																			idx590(Q:0.2381, par:586)
																			idx591(Q:0.2181, par:586)
																		idx587(Q:0.2818, par:580)
																	idx581(Q:0.1052, par:570)
																idx571(Q:0.2225, par:548)
															idx549(Q:0.3743, par:536)
														idx537(Q:0.2094, par:530)
													idx531(Q:0.3493, par:520)
												idx521(Q:0.5313, par:510)
											idx511(Q:0.1130, par:45)
									idx39(Q:0.3121, distinct_name:1, dictinctin_value:0.8040063207197937, par:30)
										idx426(Q:0.3088, distinct_name:2, dictinctin_value:0.8419373683110459, par:39)
											idx432(Q:0.3103, distinct_name:0, dictinctin_value:-0.6009391153368029, par:426)
												idx444(Q:0.3124, distinct_name:0, dictinctin_value:-0.6041087413020046, par:432)
													idx448(Q:0.3121, distinct_name:0, dictinctin_value:-0.6100701052011255, par:444)
														idx456(Q:0.3121, distinct_name:0, dictinctin_value:-0.6407957166920598, par:448)
															idx460(Q:0.3162, distinct_name:0, dictinctin_value:-0.6555246386975058, par:456)
																idx466(Q:0.3185, distinct_name:0, dictinctin_value:-0.6720161756487143, par:460)
																	idx470(Q:0.3222, distinct_name:0, dictinctin_value:-0.6781083126032775, par:466)
																		idx472(Q:0.3222, distinct_name:0, dictinctin_value:-0.7020609777266955, par:470)
																			idx476(Q:0.3249, par:472)
																			idx477(Q:0.2334, par:472)
																		idx473(Q:0.3250, par:470)
																	idx471(Q:0.0686, par:466)
																idx467(Q:0.1550, par:460)
															idx461(Q:0.1206, par:456)
														idx457(Q:0.3118, par:448)
													idx449(Q:0.3527, par:444)
												idx445(Q:0.1599, par:432)
											idx433(Q:0.1937, par:426)
										idx427(Q:0.4793, par:39)
								idx31(Q:0.3486, distinct_name:0, dictinctin_value:-0.5002719881995846, par:24)
									idx544(Q:0.3490, distinct_name:1, dictinctin_value:0.7593054056611713, par:31)
										idx550(Q:0.3512, distinct_name:0, dictinctin_value:-0.5062520951871772, par:544)
											idx562(Q:0.3549, distinct_name:0, dictinctin_value:-0.5080035363270362, par:550)
												idx572(Q:0.3585, distinct_name:0, dictinctin_value:-0.5084639498879526, par:562)
													idx582(Q:0.3593, distinct_name:0, dictinctin_value:-0.5089199594147691, par:572)
														idx588(Q:0.3631, distinct_name:0, dictinctin_value:-0.5092872052358233, par:582)
															idx592(Q:0.3651, distinct_name:2, dictinctin_value:0.7693334693236122, par:588)
																idx594(Q:0.3715, par:592)
																idx595(Q:0.1530, par:592)
															idx593(Q:0.1559, par:588)
														idx589(Q:0.1598, par:582)
													idx583(Q:0.2789, par:572)
												idx573(Q:0.1588, par:562)
											idx563(Q:0.1492, par:550)
										idx551(Q:0.2268, par:544)
									idx545(Q:0.3129, par:31)
							idx25(Q:0.4650, distinct_name:0, dictinctin_value:-0.5389580903277561, par:18)
								idx216(Q:0.4670, distinct_name:0, dictinctin_value:-0.5573162410999996, par:25)
									idx230(Q:0.4686, distinct_name:0, dictinctin_value:-0.5917620279880862, par:216)
										idx242(Q:0.4810, distinct_name:1, dictinctin_value:0.8127647407611875, par:230)
											idx256(Q:0.4750, distinct_name:0, dictinctin_value:-0.6131626140571143, par:242)
												idx288(Q:0.4773, distinct_name:0, dictinctin_value:-0.7076582377440916, par:256)
													idx304(Q:0.4995, distinct_name:0, dictinctin_value:-0.717862250694298, par:288)
														idx316(Q:0.5025, distinct_name:0, dictinctin_value:-0.7734253050900186, par:304)
															idx328(Q:0.5100, distinct_name:0, dictinctin_value:-0.7970945326559435, par:316)
																idx340(Q:0.5111, distinct_name:3, dictinctin_value:0.6595389343928215, par:328)
																	idx354(Q:0.5056, distinct_name:3, dictinctin_value:0.6186331758365281, par:340)
																		idx368(Q:0.5012, distinct_name:3, dictinctin_value:0.5952455969358141, par:354)
																			idx380(Q:0.4996, par:368)
																			idx381(Q:0.5796, par:368)
																		idx369(Q:0.9254, par:354)
																	idx355(Q:0.7825, par:340)
																idx341(Q:0.4646, par:328)
															idx329(Q:0.3485, par:316)
														idx317(Q:0.3428, par:304)
													idx305(Q:0.2967, par:288)
												idx289(Q:0.1966, par:256)
											idx257(Q:0.7304, par:242)
										idx243(Q:0.2570, par:230)
									idx231(Q:0.3288, par:216)
								idx217(Q:0.4047, par:25)
						idx19(Q:0.6999, distinct_name:0, dictinctin_value:-0.5046072639210131, par:12)
							idx152(Q:0.6998, distinct_name:2, dictinctin_value:1.74305991171075, par:19)
								idx162(Q:0.6891, distinct_name:2, dictinctin_value:1.5651912903147052, par:152)
									idx172(Q:0.6800, distinct_name:2, dictinctin_value:1.0939968976733132, par:162)
										idx180(Q:0.6562, distinct_name:2, dictinctin_value:0.9064820637809338, par:172)
											idx188(Q:0.6465, distinct_name:2, dictinctin_value:0.8130327408821636, par:180)
												idx196(Q:0.6387, distinct_name:2, dictinctin_value:0.714578820015968, par:188)
													idx204(Q:0.6378, distinct_name:0, dictinctin_value:-0.5137296726081428, par:196)
														idx218(Q:0.6404, distinct_name:2, dictinctin_value:0.4860989258104936, par:204)
															idx232(Q:0.6414, distinct_name:1, dictinctin_value:2.2330900660097845, par:218)
																idx244(Q:0.6293, distinct_name:2, dictinctin_value:0.44559578649865966, par:232)
																	idx258(Q:0.6259, distinct_name:2, dictinctin_value:0.32419638005931734, par:244)
																		idx274(Q:0.6257, distinct_name:0, dictinctin_value:-0.5233031664270825, par:258)
																			idx290(Q:0.6264, par:274)
																			idx291(Q:0.5526, par:274)
																		idx275(Q:0.6332, par:258)
																	idx259(Q:0.7450, par:244)
																idx245(Q:0.9413, par:232)
															idx233(Q:0.6292, par:218)
														idx219(Q:0.4556, par:204)
													idx205(Q:0.6694, par:196)
												idx197(Q:0.8546, par:188)
											idx189(Q:0.8521, par:180)
										idx181(Q:0.9943, par:172)
									idx173(Q:1.0016, par:162)
								idx163(Q:1.0424, par:152)
							idx153(Q:0.7365, par:19)
					idx13(Q:0.5874, distinct_name:2, dictinctin_value:1.929601246827043, par:10)
						idx92(Q:0.5748, distinct_name:1, dictinctin_value:1.2557733390904973, par:13)
							idx102(Q:0.5426, distinct_name:2, dictinctin_value:1.4527612583425853, par:92)
								idx112(Q:0.5303, distinct_name:2, dictinctin_value:1.3531114404933846, par:102)
									idx122(Q:0.5278, distinct_name:2, dictinctin_value:1.0639310625609943, par:112)
										idx130(Q:0.5160, distinct_name:2, dictinctin_value:0.8759607452183222, par:122)
											idx136(Q:0.5075, distinct_name:2, dictinctin_value:0.6228991526328211, par:130)
												idx142(Q:0.5032, distinct_name:2, dictinctin_value:0.4885947458466264, par:136)
													idx146(Q:0.4960, distinct_name:1, dictinctin_value:1.1059975491047376, par:142)
														idx148(Q:0.4873, distinct_name:3, dictinctin_value:2.363964647313972, par:146)
															idx154(Q:0.4806, distinct_name:3, dictinctin_value:1.536573712246935, par:148)
																idx164(Q:0.4586, distinct_name:1, dictinctin_value:0.49075596239548774, par:154)
																	idx206(Q:0.4257, distinct_name:3, dictinctin_value:1.525286896575752, par:164)
																		idx220(Q:0.4252, distinct_name:2, dictinctin_value:0.38874536608000104, par:206)
																			idx234(Q:0.4281, par:220)
																			idx235(Q:0.3327, par:220)
																		idx221(Q:0.4555, par:206)
																	idx207(Q:0.6260, par:164)
																idx165(Q:0.5667, par:154)
															idx155(Q:0.6475, par:148)
														idx149(Q:0.7657, par:146)
													idx147(Q:0.5812, par:142)
												idx143(Q:0.5561, par:136)
											idx137(Q:0.6927, par:130)
										idx131(Q:0.7114, par:122)
									idx123(Q:0.6587, par:112)
								idx113(Q:0.8090, par:102)
							idx103(Q:0.9335, par:92)
						idx93(Q:1.0306, par:13)
				idx11(Q:0.3782, distinct_name:3, dictinctin_value:1.284568987543642, par:8)
					idx32(Q:0.3561, distinct_name:3, dictinctin_value:0.5763111575206541, par:11)
						idx40(Q:0.3386, distinct_name:2, dictinctin_value:1.4159847670297276, par:32)
							idx46(Q:0.3289, distinct_name:2, dictinctin_value:0.8764611652526798, par:40)
								idx56(Q:0.3361, distinct_name:2, dictinctin_value:0.6776552612944613, par:46)
									idx64(Q:0.3417, distinct_name:0, dictinctin_value:-0.10007893227380851, par:56)
										idx72(Q:0.3409, distinct_name:2, dictinctin_value:0.481251420222257, par:64)
											idx78(Q:0.3517, distinct_name:2, dictinctin_value:0.43236682950932387, par:72)
												idx84(Q:0.3582, distinct_name:2, dictinctin_value:0.2322739018313544, par:78)
													idx94(Q:0.3786, distinct_name:2, dictinctin_value:0.1692901075380102, par:84)
														idx104(Q:0.3875, distinct_name:2, dictinctin_value:0.044622068949871425, par:94)
															idx114(Q:0.4075, distinct_name:2, dictinctin_value:-0.04421252452423217, par:104)
																idx124(Q:0.4257, distinct_name:2, dictinctin_value:-0.12551407150931976, par:114)
																	idx132(Q:0.4413, distinct_name:2, dictinctin_value:-0.16179863391045127, par:124)
																		idx138(Q:0.4514, distinct_name:2, dictinctin_value:-0.1987692173924826, par:132)
																			idx144(Q:0.4702, par:138)
																			idx145(Q:0.1585, par:138)
																		idx139(Q:0.1639, par:132)
																	idx133(Q:0.1968, par:124)
																idx125(Q:0.1308, par:114)
															idx115(Q:0.1772, par:104)
														idx105(Q:0.2029, par:94)
													idx95(Q:0.1759, par:84)
												idx85(Q:0.1717, par:78)
											idx79(Q:0.2190, par:72)
										idx73(Q:0.3490, par:64)
									idx65(Q:0.2626, par:56)
								idx57(Q:0.2847, distinct_name:0, dictinctin_value:-0.07115888508263095, par:46)
									idx486(Q:0.2881, distinct_name:2, dictinctin_value:1.3997870335092657, par:57)
										idx494(Q:0.2881, distinct_name:0, dictinctin_value:-0.07160732513030894, par:486)
											idx504(Q:0.2849, distinct_name:0, dictinctin_value:-0.08350405569893737, par:494)
												idx512(Q:0.2864, distinct_name:1, dictinctin_value:1.8788415154351898, par:504)
													idx522(Q:0.2756, distinct_name:1, dictinctin_value:1.7168001155290575, par:512)
														idx538(Q:0.2688, distinct_name:0, dictinctin_value:-0.08454829370887558, par:522)
															idx552(Q:0.2664, distinct_name:3, dictinctin_value:0.4530042815419259, par:538)
																idx556(Q:0.2680, distinct_name:0, dictinctin_value:-0.08608502852647902, par:552)
																	idx564(Q:0.2693, distinct_name:0, dictinctin_value:-0.08644796937551802, par:556)
																		idx574(Q:0.2689, distinct_name:0, dictinctin_value:-0.08717123163966492, par:564)
																			idx584(Q:0.2704, par:574)
																			idx585(Q:0.1069, par:574)
																		idx575(Q:0.3124, par:564)
																	idx565(Q:0.1341, par:556)
																idx557(Q:0.2231, par:552)
															idx553(Q:0.5355, par:538)
														idx539(Q:0.6590, par:522)
													idx523(Q:0.8978, par:512)
												idx513(Q:0.1098, par:504)
											idx505(Q:0.6691, par:494)
										idx495(Q:0.2877, par:486)
									idx487(Q:0.1831, par:57)
							idx47(Q:0.4402, par:40)
						idx41(Q:0.4272, distinct_name:3, dictinctin_value:1.2541204520301295, par:32)
							idx246(Q:0.4201, distinct_name:0, dictinctin_value:-0.05401988313827026, par:41)
								idx260(Q:0.4205, distinct_name:2, dictinctin_value:2.0807886731763334, par:246)
									idx276(Q:0.4081, distinct_name:2, dictinctin_value:1.8994422532815647, par:260)
										idx292(Q:0.4021, distinct_name:1, dictinctin_value:1.2716943858922887, par:276)
											idx306(Q:0.3783, distinct_name:2, dictinctin_value:1.8085097405850585, par:292)
												idx318(Q:0.3687, distinct_name:0, dictinctin_value:-0.06832580226386262, par:306)
													idx330(Q:0.3621, distinct_name:1, dictinctin_value:1.0161843934440484, par:318)
														idx342(Q:0.3576, distinct_name:0, dictinctin_value:-0.11082738421514442, par:330)
															idx356(Q:0.3524, distinct_name:0, dictinctin_value:-0.1239714467724242, par:342)
																idx370(Q:0.3536, distinct_name:1, dictinctin_value:0.8661774768232812, par:356)
																	idx382(Q:0.3498, distinct_name:0, dictinctin_value:-0.13038566790821624, par:370)
																		idx396(Q:0.3500, distinct_name:1, dictinctin_value:0.7685182247259327, par:382)
																			idx406(Q:0.3432, par:396)
																			idx407(Q:0.5546, par:396)
																		idx397(Q:0.3395, par:382)
																	idx383(Q:0.5070, par:370)
																idx371(Q:0.1581, par:356)
															idx357(Q:0.4144, par:342)
														idx343(Q:0.4520, par:330)
													idx331(Q:0.5768, par:318)
												idx319(Q:0.8472, par:306)
											idx307(Q:0.6172, par:292)
										idx293(Q:0.8474, par:276)
									idx277(Q:0.8869, par:260)
								idx261(Q:0.3940, par:246)
							idx247(Q:0.6656, par:41)
					idx33(Q:0.5632, distinct_name:2, dictinctin_value:1.8206658800741853, par:11)
						idx436(Q:0.5483, distinct_name:0, dictinctin_value:-0.055487221535360155, par:33)
							idx438(Q:0.5453, distinct_name:0, dictinctin_value:-0.06661868934946451, par:436)
								idx450(Q:0.5486, distinct_name:2, dictinctin_value:1.6280055741424861, par:438)
									idx458(Q:0.5398, distinct_name:2, dictinctin_value:1.4609118350831285, par:450)
										idx462(Q:0.5326, distinct_name:0, dictinctin_value:-0.06716992247771125, par:458)
											idx478(Q:0.5343, distinct_name:0, dictinctin_value:-0.06950841565798693, par:462)
												idx482(Q:0.5332, distinct_name:0, dictinctin_value:-0.07617984110574617, par:478)
													idx488(Q:0.5361, distinct_name:0, dictinctin_value:-0.09812148969449835, par:482)
														idx496(Q:0.5376, distinct_name:0, dictinctin_value:-0.10012482464779363, par:488)
															idx502(Q:0.5409, distinct_name:2, dictinctin_value:1.4064514939244364, par:496)
																idx514(Q:0.5373, distinct_name:2, dictinctin_value:1.318805451770871, par:502)
																	idx524(Q:0.5273, distinct_name:0, dictinctin_value:-0.11118736531331526, par:514)
																		idx532(Q:0.5274, distinct_name:0, dictinctin_value:-0.12850307532465371, par:524)
																			idx540(Q:0.5309, par:532)
																			idx541(Q:0.3260, par:532)
																		idx533(Q:0.5198, par:524)
																	idx525(Q:0.9326, par:514)
																idx515(Q:0.7615, par:502)
															idx503(Q:0.1239, par:496)
														idx497(Q:0.4907, par:488)
													idx489(Q:0.1612, par:482)
												idx483(Q:0.6779, par:478)
											idx479(Q:0.3023, par:462)
										idx463(Q:0.8604, par:458)
									idx459(Q:0.9430, par:450)
								idx451(Q:0.3190, par:438)
							idx439(Q:0.9613, par:436)
						idx437(Q:0.9142, par:33)
			idx9(Q:0.3455, distinct_name:1, dictinctin_value:1.4532912275447858, par:6)
				idx14(Q:0.3244, distinct_name:0, dictinctin_value:0.6708677617788001, par:9)
					idx16(Q:0.3397, distinct_name:0, dictinctin_value:0.5219929201544601, par:14)
						idx20(Q:0.3384, distinct_name:0, dictinctin_value:0.38200451643824146, par:16)
							idx26(Q:0.3445, distinct_name:0, dictinctin_value:0.29175973898130836, par:20)
								idx34(Q:0.3440, distinct_name:3, dictinctin_value:1.2405945003824483, par:26)
									idx42(Q:0.3159, distinct_name:2, dictinctin_value:1.6139678071673451, par:34)
										idx48(Q:0.3122, distinct_name:1, dictinctin_value:1.0148453699076618, par:42)
											idx58(Q:0.2988, distinct_name:2, dictinctin_value:0.8422101128546527, par:48)
												idx66(Q:0.3064, distinct_name:2, dictinctin_value:0.5718071591898053, par:58)
													idx74(Q:0.3199, distinct_name:2, dictinctin_value:0.3335199702259944, par:66)
														idx80(Q:0.3441, distinct_name:2, dictinctin_value:0.2585267021680285, par:74)
															idx86(Q:0.3518, distinct_name:2, dictinctin_value:0.13295569297273957, par:80)
																idx96(Q:0.3678, distinct_name:2, dictinctin_value:0.0933394603867821, par:86)
																	idx106(Q:0.3767, distinct_name:2, dictinctin_value:0.047951172568074005, par:96)
																		idx116(Q:0.3852, distinct_name:2, dictinctin_value:-0.0025517231675584334, par:106)
																			idx126(Q:0.3922, par:116)
																			idx127(Q:0.1251, par:116)
																		idx117(Q:0.1521, par:106)
																	idx107(Q:0.1125, par:96)
																idx97(Q:0.1324, par:86)
															idx87(Q:0.1599, par:80)
														idx81(Q:0.1571, par:74)
													idx75(Q:0.1935, par:66)
												idx67(Q:0.2583, distinct_name:0, dictinctin_value:0.284001031471605, par:58)
													idx506(Q:0.2587, distinct_name:0, dictinctin_value:0.28239410324000885, par:67)
														idx526(Q:0.2566, distinct_name:1, dictinctin_value:0.83535054985968, par:506)
															idx546(Q:0.2315, distinct_name:2, dictinctin_value:1.5992728183505887, par:526)
																idx554(Q:0.2336, distinct_name:0, dictinctin_value:0.27983576931814547, par:546)
																	idx558(Q:0.2344, distinct_name:2, dictinctin_value:1.5459775970266707, par:554)
																		idx566(Q:0.2301, distinct_name:2, dictinctin_value:1.5137425616672946, par:558)
																			idx576(Q:0.2301, par:566)
																			idx577(Q:0.2291, par:566)
																		idx567(Q:0.3494, par:558)
																	idx559(Q:0.1412, par:554)
																idx555(Q:0.1136, par:546)
															idx547(Q:0.7287, par:526)
														idx527(Q:0.5128, par:506)
													idx507(Q:0.2169, par:67)
											idx59(Q:0.4316, par:48)
										idx49(Q:0.3861, par:42)
									idx43(Q:0.5475, distinct_name:3, dictinctin_value:2.7956706813891117, par:34)
										idx490(Q:0.5362, distinct_name:0, dictinctin_value:0.28758459307995216, par:43)
											idx498(Q:0.5307, distinct_name:2, dictinctin_value:1.7926081731949, par:490)
												idx508(Q:0.5232, distinct_name:0, dictinctin_value:0.2865220549225975, par:498)
													idx516(Q:0.5227, distinct_name:0, dictinctin_value:0.2785989659591723, par:508)
														idx528(Q:0.5309, distinct_name:3, dictinctin_value:2.7261255458914433, par:516)
															idx534(Q:0.5348, distinct_name:0, dictinctin_value:0.2763906794093015, par:528)
																idx542(Q:0.5369, distinct_name:0, dictinctin_value:0.2703031142425218, par:534)
																	idx560(Q:0.5355, distinct_name:3, dictinctin_value:2.563708411050972, par:542)
																		idx568(Q:0.5312, distinct_name:2, dictinctin_value:1.5803350412841866, par:560)
																			idx578(Q:0.5226, par:568)
																			idx579(Q:0.8323, par:568)
																		idx569(Q:0.7699, par:560)
																	idx561(Q:0.6884, par:542)
																idx543(Q:0.3073, par:534)
															idx535(Q:0.3125, par:528)
														idx529(Q:0.2106, par:516)
													idx517(Q:0.5832, par:508)
												idx509(Q:0.9712, par:498)
											idx499(Q:1.1979, par:490)
										idx491(Q:1.0038, par:43)
								idx35(Q:0.3469, distinct_name:1, dictinctin_value:1.344826515865718, par:26)
									idx236(Q:0.3447, distinct_name:3, dictinctin_value:1.6897348587436034, par:35)
										idx248(Q:0.3291, distinct_name:1, dictinctin_value:1.2341402111364463, par:236)
											idx262(Q:0.3293, distinct_name:3, dictinctin_value:1.3356049450605056, par:248)
												idx278(Q:0.3228, distinct_name:2, dictinctin_value:1.6241822054726756, par:262)
													idx294(Q:0.3130, distinct_name:0, dictinctin_value:0.3731119474318981, par:278)
														idx320(Q:0.3099, distinct_name:3, dictinctin_value:1.2759579982069145, par:294)
															idx344(Q:0.2992, distinct_name:0, dictinctin_value:0.37304242798500226, par:320)
																idx358(Q:0.2990, distinct_name:0, dictinctin_value:0.3707677109507447, par:344)
																	idx372(Q:0.3018, distinct_name:0, dictinctin_value:0.3697040787425107, par:358)
																		idx384(Q:0.3034, distinct_name:2, dictinctin_value:1.3789177574365135, par:372)
																			idx398(Q:0.3013, par:384)
																			idx399(Q:0.3513, par:384)
																		idx385(Q:0.2247, par:372)
																	idx373(Q:0.1232, par:358)
																idx359(Q:0.3297, par:344)
															idx345(Q:0.6603, par:320)
														idx321(Q:0.3696, par:294)
													idx295(Q:0.5322, par:278)
												idx279(Q:0.5112, par:262)
											idx263(Q:0.3069, par:248)
										idx249(Q:0.7521, par:236)
									idx237(Q:0.4358, par:35)
							idx27(Q:0.3165, distinct_name:2, dictinctin_value:1.5527241962490086, par:20)
								idx156(Q:0.3133, distinct_name:0, dictinctin_value:0.5137061072990365, par:27)
									idx166(Q:0.3182, distinct_name:0, dictinctin_value:0.5083060291160676, par:156)
										idx174(Q:0.3184, distinct_name:1, dictinctin_value:1.235555391656205, par:166)
											idx182(Q:0.3185, distinct_name:0, dictinctin_value:0.499318407708209, par:174)
												idx190(Q:0.3250, distinct_name:3, dictinctin_value:1.6437138459193195, par:182)
													idx198(Q:0.3164, distinct_name:0, dictinctin_value:0.4978828276393789, par:190)
														idx208(Q:0.3188, distinct_name:2, dictinctin_value:1.3588453420210258, par:198)
															idx222(Q:0.3165, distinct_name:2, dictinctin_value:0.9721483625475897, par:208)
																idx238(Q:0.3187, distinct_name:0, dictinctin_value:0.4972801494332726, par:222)
																	idx250(Q:0.3166, distinct_name:2, dictinctin_value:0.944961054171824, par:238)
																		idx264(Q:0.3197, distinct_name:2, dictinctin_value:0.872803430709856, par:250)
																			idx280(Q:0.3249, par:264)
																			idx281(Q:0.2160, par:264)
																		idx265(Q:0.0703, par:250)
																	idx251(Q:0.5718, par:238)
																idx239(Q:0.2888, par:222)
															idx223(Q:0.3837, par:208)
														idx209(Q:0.1910, par:198)
													idx199(Q:0.6572, par:190)
												idx191(Q:0.2230, par:182)
											idx183(Q:0.3175, par:174)
										idx175(Q:0.3138, par:166)
									idx167(Q:0.2444, par:156)
								idx157(Q:0.4016, par:27)
						idx21(Q:0.3450, distinct_name:1, dictinctin_value:1.3201670622027022, par:16)
							idx150(Q:0.3429, distinct_name:1, dictinctin_value:1.2234607090751204, par:21)
								idx158(Q:0.3435, distinct_name:1, dictinctin_value:1.0226433736171432, par:150)
									idx168(Q:0.3377, distinct_name:0, dictinctin_value:0.6649352976939671, par:158)
										idx176(Q:0.3377, distinct_name:2, dictinctin_value:1.8028367177150562, par:168)
											idx184(Q:0.3350, distinct_name:3, dictinctin_value:1.321083281680176, par:176)
												idx210(Q:0.3158, distinct_name:1, dictinctin_value:0.7493197611500411, par:184)
													idx224(Q:0.3135, distinct_name:2, dictinctin_value:1.1954012588052898, par:210)
														idx266(Q:0.3145, distinct_name:1, dictinctin_value:0.6035401367847275, par:224)
															idx282(Q:0.3174, distinct_name:1, dictinctin_value:0.5166827335099701, par:266)
																idx296(Q:0.3236, distinct_name:0, dictinctin_value:0.663963378246939, par:282)
																	idx308(Q:0.3216, distinct_name:0, dictinctin_value:0.6638782806630827, par:296)
																		idx322(Q:0.3198, distinct_name:2, dictinctin_value:1.1091905022156634, par:308)
																			idx332(Q:0.3240, par:322)
																			idx333(Q:0.1630, par:322)
																		idx323(Q:0.7405, par:308)
																	idx309(Q:0.7765, par:296)
																idx297(Q:0.1763, par:282)
															idx283(Q:0.2565, par:266)
														idx267(Q:0.3004, par:224)
													idx225(Q:0.3347, par:210)
												idx211(Q:0.5509, par:184)
											idx185(Q:0.4116, par:176)
										idx177(Q:0.3370, par:168)
									idx169(Q:0.5158, par:158)
								idx159(Q:0.2774, par:150)
							idx151(Q:0.4317, par:21)
					idx17(Q:0.3077, distinct_name:3, dictinctin_value:0.8871619234739136, par:14)
						idx22(Q:0.2765, distinct_name:1, dictinctin_value:0.895274831679809, par:17)
							idx28(Q:0.2616, distinct_name:3, dictinctin_value:0.4147697243292515, par:22)
								idx36(Q:0.2532, distinct_name:3, dictinctin_value:-0.009439492879810042, par:28)
									idx50(Q:0.2494, distinct_name:0, dictinctin_value:2.3121117874404824, par:36)
										idx52(Q:0.2507, distinct_name:0, dictinctin_value:1.9483716250181808, par:50)
											idx60(Q:0.2535, distinct_name:3, dictinctin_value:-0.018025248765568658, par:52)
												idx68(Q:0.2609, distinct_name:2, dictinctin_value:0.8033765660185509, par:60)
													idx88(Q:0.2660, distinct_name:2, dictinctin_value:0.6003623148969123, par:68)
														idx98(Q:0.2738, distinct_name:2, dictinctin_value:0.5329635912790776, par:88)
															idx108(Q:0.2784, distinct_name:2, dictinctin_value:0.3621996786015208, par:98)
																idx118(Q:0.2933, distinct_name:3, dictinctin_value:-0.05260374571449391, par:108)
																	idx128(Q:0.2954, distinct_name:2, dictinctin_value:0.22149263805201816, par:118)
																		idx134(Q:0.3093, distinct_name:2, dictinctin_value:0.13324256965432388, par:128)
																			idx140(Q:0.3220, par:134)
																			idx141(Q:0.1363, par:134)
																		idx135(Q:0.1474, par:128)
																	idx129(Q:0.2327, par:118)
																idx119(Q:0.1397, par:108)
															idx109(Q:0.1719, par:98)
														idx99(Q:0.1654, par:88)
													idx89(Q:0.2432, distinct_name:0, dictinctin_value:1.9001636825637473, par:68)
														idx420(Q:0.2412, distinct_name:0, dictinctin_value:1.8970534364477791, par:89)
															idx428(Q:0.2414, distinct_name:0, dictinctin_value:1.7864713255325577, par:420)
																idx434(Q:0.2432, distinct_name:0, dictinctin_value:1.7345810667045185, par:428)
																	idx440(Q:0.2405, distinct_name:0, dictinctin_value:1.7300479805066988, par:434)
																		idx446(Q:0.2412, distinct_name:0, dictinctin_value:1.6826477660222412, par:440)
																			idx452(Q:0.2387, par:446)
																			idx453(Q:0.3516, par:446)
																		idx447(Q:0.1492, par:440)
																	idx441(Q:0.3355, par:434)
																idx435(Q:0.1908, par:428)
															idx429(Q:0.2144, par:420)
														idx421(Q:0.2937, par:89)
												idx69(Q:0.1938, par:60)
											idx61(Q:0.2034, par:52)
										idx53(Q:0.1927, par:50)
									idx51(Q:0.2658, distinct_name:0, dictinctin_value:2.2255864685353126, par:36)
										idx268(Q:0.2671, distinct_name:0, dictinctin_value:1.8770234609938123, par:51)
											idx284(Q:0.2673, distinct_name:1, dictinctin_value:0.8208254329434517, par:268)
												idx298(Q:0.2693, distinct_name:0, dictinctin_value:1.7199871451158526, par:284)
													idx310(Q:0.2711, distinct_name:3, dictinctin_value:0.39481973457279324, par:298)
														idx346(Q:0.2723, distinct_name:2, dictinctin_value:2.0591657816242117, par:310)
															idx360(Q:0.2635, distinct_name:2, dictinctin_value:1.6416632040499568, par:346)
																idx374(Q:0.2626, distinct_name:0, dictinctin_value:1.6846076849979201, par:360)
																	idx386(Q:0.2628, distinct_name:2, dictinctin_value:1.5364517172370076, par:374)
																		idx400(Q:0.2619, distinct_name:2, dictinctin_value:1.321416179085615, par:386)
																			idx408(Q:0.2594, par:400)
																			idx409(Q:0.3431, par:400)
																		idx401(Q:0.2993, par:386)
																	idx387(Q:0.2383, par:374)
																idx375(Q:0.3030, par:360)
															idx361(Q:0.7383, par:346)
														idx347(Q:0.2266, par:310)
													idx311(Q:0.2142, par:298)
												idx299(Q:0.2089, par:284)
											idx285(Q:0.2635, par:268)
										idx269(Q:0.2326, par:51)
								idx37(Q:0.3019, distinct_name:1, dictinctin_value:0.7946772031835798, par:28)
									idx312(Q:0.2944, distinct_name:2, dictinctin_value:1.9378572482198, par:37)
										idx324(Q:0.2860, distinct_name:0, dictinctin_value:2.1880833067537604, par:312)
											idx334(Q:0.2866, distinct_name:0, dictinctin_value:2.1673152418059, par:324)
												idx348(Q:0.2840, distinct_name:0, dictinctin_value:2.0644684179947266, par:334)
													idx362(Q:0.2829, distinct_name:2, dictinctin_value:1.6060442338491094, par:348)
														idx376(Q:0.2736, distinct_name:0, dictinctin_value:1.8821116949330967, par:362)
															idx388(Q:0.2779, distinct_name:2, dictinctin_value:1.5867185725408008, par:376)
																idx402(Q:0.2780, distinct_name:0, dictinctin_value:1.8162737627685595, par:388)
																	idx410(Q:0.2815, distinct_name:2, dictinctin_value:1.474613989336331, par:402)
																		idx414(Q:0.2766, distinct_name:2, dictinctin_value:1.322085439542282, par:410)
																			idx422(Q:0.2766, par:414)
																			idx423(Q:0.2744, par:414)
																		idx415(Q:0.7277, par:410)
																	idx411(Q:0.1206, par:402)
																idx403(Q:0.2603, par:388)
															idx389(Q:0.1585, par:376)
														idx377(Q:0.5439, par:362)
													idx363(Q:0.3605, par:348)
												idx349(Q:0.4213, par:334)
											idx335(Q:0.2633, par:324)
										idx325(Q:0.5989, par:312)
									idx313(Q:0.4699, par:37)
							idx29(Q:0.3886, distinct_name:0, dictinctin_value:2.44084525907838, par:22)
								idx336(Q:0.3901, distinct_name:0, dictinctin_value:2.3332385876998147, par:29)
									idx350(Q:0.3915, distinct_name:2, dictinctin_value:1.313989803673234, par:336)
										idx364(Q:0.3588, distinct_name:2, dictinctin_value:1.2075088067941002, par:350)
											idx378(Q:0.3559, distinct_name:0, dictinctin_value:2.3276851139515355, par:364)
												idx390(Q:0.3548, distinct_name:2, dictinctin_value:1.1566628366759308, par:378)
													idx404(Q:0.3504, distinct_name:2, dictinctin_value:1.049026714172236, par:390)
														idx412(Q:0.3469, distinct_name:2, dictinctin_value:1.0138168631315498, par:404)
															idx418(Q:0.3440, distinct_name:0, dictinctin_value:2.3136303024689413, par:412)
																idx424(Q:0.3438, distinct_name:1, dictinctin_value:1.4142431093508798, par:418)
																	idx430(Q:0.3484, distinct_name:0, dictinctin_value:2.2572655688242222, par:424)
																		idx442(Q:0.3470, distinct_name:0, dictinctin_value:2.2507333712501807, par:430)
																			idx454(Q:0.3470, par:442)
																			idx455(Q:0.3551, par:442)
																		idx443(Q:0.5398, par:430)
																	idx431(Q:0.2157, par:424)
																idx425(Q:0.3611, par:418)
															idx419(Q:0.4918, par:412)
														idx413(Q:0.5241, par:404)
													idx405(Q:0.5763, par:390)
												idx391(Q:0.5313, par:378)
											idx379(Q:0.5828, par:364)
										idx365(Q:0.6783, par:350)
									idx351(Q:0.2661, par:336)
								idx337(Q:0.2579, par:29)
						idx23(Q:0.4626, distinct_name:0, dictinctin_value:2.1444723574903684, par:17)
							idx160(Q:0.4638, distinct_name:0, dictinctin_value:2.133798778100152, par:23)
								idx170(Q:0.4642, distinct_name:2, dictinctin_value:1.564504591409782, par:160)
									idx178(Q:0.4408, distinct_name:2, dictinctin_value:1.4113473869711974, par:170)
										idx186(Q:0.4361, distinct_name:0, dictinctin_value:2.1063540893171067, par:178)
											idx192(Q:0.4370, distinct_name:2, dictinctin_value:1.2195161175228741, par:186)
												idx200(Q:0.4308, distinct_name:0, dictinctin_value:1.9676721667093595, par:192)
													idx212(Q:0.4287, distinct_name:0, dictinctin_value:1.8926417272552991, par:200)
														idx226(Q:0.4280, distinct_name:0, dictinctin_value:1.7713311316515392, par:212)
															idx252(Q:0.4327, distinct_name:1, dictinctin_value:1.3213229930390704, par:226)
																idx270(Q:0.4267, distinct_name:0, dictinctin_value:1.7442155745503336, par:252)
																	idx300(Q:0.4247, distinct_name:0, dictinctin_value:1.3536781616204123, par:270)
																		idx392(Q:0.4266, distinct_name:0, dictinctin_value:1.2274516322533688, par:300)
																			idx416(Q:0.4294, par:392)
																			idx417(Q:0.4066, par:392)
																		idx393(Q:0.4162, par:300)
																	idx301(Q:0.6548, par:270)
																idx271(Q:0.6678, par:252)
															idx253(Q:0.3010, par:226)
														idx227(Q:0.4615, par:212)
													idx213(Q:0.5051, par:200)
												idx201(Q:0.5838, par:192)
											idx193(Q:0.3158, par:186)
										idx187(Q:0.6250, par:178)
									idx179(Q:0.8522, par:170)
								idx171(Q:0.3511, par:160)
							idx161(Q:0.4274, par:23)
				idx15(Q:0.6128, distinct_name:2, dictinctin_value:1.9938158806166744, par:9)
					idx194(Q:0.6000, distinct_name:3, dictinctin_value:2.0149638943737203, par:15)
						idx202(Q:0.5888, distinct_name:3, dictinctin_value:1.626087400144554, par:194)
							idx214(Q:0.5859, distinct_name:1, dictinctin_value:2.6727016574162166, par:202)
								idx228(Q:0.5717, distinct_name:2, dictinctin_value:1.776904010924299, par:214)
									idx240(Q:0.5665, distinct_name:2, dictinctin_value:1.4203463682180766, par:228)
										idx254(Q:0.5559, distinct_name:0, dictinctin_value:2.115573493736756, par:240)
											idx272(Q:0.5568, distinct_name:2, dictinctin_value:1.306259966260203, par:254)
												idx286(Q:0.5420, distinct_name:2, dictinctin_value:1.2529155214914378, par:272)
													idx302(Q:0.5373, distinct_name:2, dictinctin_value:0.808199081795812, par:286)
														idx314(Q:0.5119, distinct_name:2, dictinctin_value:0.7214446989843575, par:302)
															idx326(Q:0.5040, distinct_name:2, dictinctin_value:0.7041168221107604, par:314)
																idx338(Q:0.5030, distinct_name:0, dictinctin_value:2.1110030599556926, par:326)
																	idx352(Q:0.5038, distinct_name:0, dictinctin_value:2.0312710900603177, par:338)
																		idx366(Q:0.5009, distinct_name:2, dictinctin_value:0.6878681581259294, par:352)
																			idx394(Q:0.4985, par:366)
																			idx395(Q:0.7374, par:366)
																		idx367(Q:0.7833, par:352)
																	idx353(Q:0.3397, par:338)
																idx339(Q:0.6013, par:326)
															idx327(Q:0.6883, par:314)
														idx315(Q:0.8479, par:302)
													idx303(Q:0.8049, par:286)
												idx287(Q:0.8402, par:272)
											idx273(Q:0.5122, par:254)
										idx255(Q:0.7842, par:240)
									idx241(Q:0.9026, par:228)
								idx229(Q:0.8349, par:214)
							idx215(Q:0.6883, par:202)
						idx203(Q:0.9203, par:194)
					idx195(Q:0.9885, par:15)
		idx7(Q:0.3927, par:4)
	idx5(Q:0.2910, par:1)
