WARNING:tensorflow:From /Users/keithwu/opt/anaconda3/envs/auction-gym/lib/python3.10/site-packages/tensorflow/python/compat/v2_compat.py:107: disable_resource_variables (from tensorflow.python.ops.variable_scope) is deprecated and will be removed in a future version.
Instructions for updating:
non-resource variables are not supported in the long term
<_io.TextIOWrapper name='<stderr>' mode='w' encoding='utf-8'> reading from ../UTree_model_numpy/DR/model_boost_linear_qsplit_noabs_save/, starting at 94
<_io.TextIOWrapper name='<stderr>' mode='w' encoding='utf-8'> =============== update starts ===============
(average_diff:0.01852947850684557, max_diff:0.12149526758922602, training_epochs:500, lr:0.05)
<_io.TextIOWrapper name='<stderr>' mode='w' encoding='utf-8'> node index is 111
train linear regression time:  0.05248929187655449
(average_diff:0.015612192640378377, max_diff:0.09382797371331766, training_epochs:500, lr:0.05)
<_io.TextIOWrapper name='<stderr>' mode='w' encoding='utf-8'> node index is 101
train linear regression time:  0.05286066606640816
(average_diff:0.009023795544858493, max_diff:0.043620614215726605, training_epochs:500, lr:0.05)
<_io.TextIOWrapper name='<stderr>' mode='w' encoding='utf-8'> node index is 91
train linear regression time:  0.05252591706812382
(average_diff:0.011654989430827609, max_diff:0.16775724242168985, training_epochs:500, lr:0.05)
<_io.TextIOWrapper name='<stderr>' mode='w' encoding='utf-8'> node index is 83
train linear regression time:  0.05563391698524356
(average_diff:0.023379258677655047, max_diff:0.20994419999167757, training_epochs:500, lr:0.05)
<_io.TextIOWrapper name='<stderr>' mode='w' encoding='utf-8'> node index is 77
train linear regression time:  0.056574041955173016
(average_diff:0.04484914394704182, max_diff:0.2794621369334745, training_epochs:500, lr:0.05)
<_io.TextIOWrapper name='<stderr>' mode='w' encoding='utf-8'> node index is 604
train linear regression time:  0.059578458312898874
<_io.TextIOWrapper name='<stderr>' mode='w' encoding='utf-8'> variance test passed, diff=0.01119601823399069, d = 0, back=0
<_io.TextIOWrapper name='<stderr>' mode='w' encoding='utf-8'> Will be split, p=0.01119601823399069, d=0, back=0
(average_diff:0.04514241545596022, max_diff:0.2762744396338575, training_epochs:500, lr:0.05)
<_io.TextIOWrapper name='<stderr>' mode='w' encoding='utf-8'> node index is 606
train linear regression time:  0.060167625080794096
(average_diff:1.6056600493641326e-14, max_diff:2.3453461395206432e-14, training_epochs:500, lr:0.05)
<_io.TextIOWrapper name='<stderr>' mode='w' encoding='utf-8'> node index is 607
train linear regression time:  0.052431459072977304
(average_diff:3.4453836311731934e-09, max_diff:3.6418737192622785e-09, training_epochs:500, lr:0.05)
<_io.TextIOWrapper name='<stderr>' mode='w' encoding='utf-8'> node index is 605
train linear regression time:  0.05321520799770951
(average_diff:0.0, max_diff:0.0, training_epochs:500, lr:0.05)
<_io.TextIOWrapper name='<stderr>' mode='w' encoding='utf-8'> node index is 603
train linear regression time:  0.05235600005835295
(average_diff:0.05180853418657354, max_diff:0.20194926330614515, training_epochs:500, lr:0.05)
<_io.TextIOWrapper name='<stderr>' mode='w' encoding='utf-8'> node index is 63
train linear regression time:  0.05514858337119222
(average_diff:0.041751782329013234, max_diff:0.08681583406261992, training_epochs:500, lr:0.05)
<_io.TextIOWrapper name='<stderr>' mode='w' encoding='utf-8'> node index is 501
train linear regression time:  0.0524304173886776
(average_diff:4.2279735268380136e-11, max_diff:4.3988535036731946e-11, training_epochs:500, lr:0.05)
<_io.TextIOWrapper name='<stderr>' mode='w' encoding='utf-8'> node index is 493
train linear regression time:  0.05339949997141957
(average_diff:6.730727086790012e-16, max_diff:7.91033905045424e-16, training_epochs:500, lr:0.05)
<_io.TextIOWrapper name='<stderr>' mode='w' encoding='utf-8'> node index is 485
train linear regression time:  0.05193895800039172
(average_diff:0.001520289991304535, max_diff:0.0037504363745618496, training_epochs:500, lr:0.05)
<_io.TextIOWrapper name='<stderr>' mode='w' encoding='utf-8'> node index is 481
train linear regression time:  0.05234137503430247
(average_diff:2.7755575615628914e-17, max_diff:2.7755575615628914e-17, training_epochs:500, lr:0.05)
<_io.TextIOWrapper name='<stderr>' mode='w' encoding='utf-8'> node index is 475
train linear regression time:  0.05191029096022248
(average_diff:0.003319437227100118, max_diff:0.004844802861771691, training_epochs:500, lr:0.05)
<_io.TextIOWrapper name='<stderr>' mode='w' encoding='utf-8'> node index is 469
train linear regression time:  0.05238429084420204
(average_diff:0.008771432465128598, max_diff:0.012308668847251736, training_epochs:500, lr:0.05)
<_io.TextIOWrapper name='<stderr>' mode='w' encoding='utf-8'> node index is 465
train linear regression time:  0.05168291600421071
(average_diff:0.004652185431073523, max_diff:0.007089525340148506, training_epochs:500, lr:0.05)
<_io.TextIOWrapper name='<stderr>' mode='w' encoding='utf-8'> node index is 587
train linear regression time:  0.0540972501039505
(average_diff:1.734723475976807e-16, max_diff:2.636779683484747e-16, training_epochs:500, lr:0.05)
<_io.TextIOWrapper name='<stderr>' mode='w' encoding='utf-8'> node index is 581
train linear regression time:  0.05237908288836479
(average_diff:0.00507261075001832, max_diff:0.007836467816104697, training_epochs:500, lr:0.05)
<_io.TextIOWrapper name='<stderr>' mode='w' encoding='utf-8'> node index is 571
train linear regression time:  0.05232562497258186
(average_diff:3.3306690738754696e-16, max_diff:3.3306690738754696e-16, training_epochs:500, lr:0.05)
<_io.TextIOWrapper name='<stderr>' mode='w' encoding='utf-8'> node index is 549
train linear regression time:  0.05352095793932676
(average_diff:0.003287076864946855, max_diff:0.004952454815068896, training_epochs:500, lr:0.05)
<_io.TextIOWrapper name='<stderr>' mode='w' encoding='utf-8'> node index is 537
train linear regression time:  0.05513658421114087
(average_diff:0.0005832974386940526, max_diff:0.0013537764095147842, training_epochs:500, lr:0.05)
<_io.TextIOWrapper name='<stderr>' mode='w' encoding='utf-8'> node index is 531
train linear regression time:  0.055303582921624184
(average_diff:6.245652143614204e-12, max_diff:9.75641789580095e-12, training_epochs:500, lr:0.05)
<_io.TextIOWrapper name='<stderr>' mode='w' encoding='utf-8'> node index is 521
train linear regression time:  0.05233520781621337
(average_diff:0.0018146114596060692, max_diff:0.002838450489872399, training_epochs:500, lr:0.05)
<_io.TextIOWrapper name='<stderr>' mode='w' encoding='utf-8'> node index is 511
train linear regression time:  0.05244979076087475
(average_diff:0.003446055288635249, max_diff:0.005108803328184586, training_epochs:500, lr:0.05)
<_io.TextIOWrapper name='<stderr>' mode='w' encoding='utf-8'> node index is 473
train linear regression time:  0.05200899997726083
(average_diff:2.8449465006019636e-16, max_diff:3.7470027081099033e-16, training_epochs:500, lr:0.05)
<_io.TextIOWrapper name='<stderr>' mode='w' encoding='utf-8'> node index is 471
train linear regression time:  0.05169454216957092
(average_diff:1.2073675392798577e-15, max_diff:1.304512053934559e-15, training_epochs:500, lr:0.05)
<_io.TextIOWrapper name='<stderr>' mode='w' encoding='utf-8'> node index is 467
train linear regression time:  0.053762832656502724
(average_diff:0.001604468529747976, max_diff:0.0028214231003568513, training_epochs:500, lr:0.05)
<_io.TextIOWrapper name='<stderr>' mode='w' encoding='utf-8'> node index is 461
train linear regression time:  0.052366791758686304
(average_diff:0.026595527303741907, max_diff:0.06634794624408469, training_epochs:500, lr:0.05)
<_io.TextIOWrapper name='<stderr>' mode='w' encoding='utf-8'> node index is 457
train linear regression time:  0.05292545771226287
(average_diff:3.3306690738754696e-16, max_diff:3.3306690738754696e-16, training_epochs:500, lr:0.05)
<_io.TextIOWrapper name='<stderr>' mode='w' encoding='utf-8'> node index is 449
train linear regression time:  0.05330720776692033
(average_diff:2.5673907444456745e-16, max_diff:4.0245584642661925e-16, training_epochs:500, lr:0.05)
<_io.TextIOWrapper name='<stderr>' mode='w' encoding='utf-8'> node index is 445
train linear regression time:  0.05306833330541849
(average_diff:0.001262880306224833, max_diff:0.0023610531658873612, training_epochs:500, lr:0.05)
<_io.TextIOWrapper name='<stderr>' mode='w' encoding='utf-8'> node index is 433
train linear regression time:  0.05223850021138787
(average_diff:0.00012115535017757455, max_diff:0.00017971268804078955, training_epochs:500, lr:0.05)
<_io.TextIOWrapper name='<stderr>' mode='w' encoding='utf-8'> node index is 427
train linear regression time:  0.05199054116383195
(average_diff:1.1102230246251565e-16, max_diff:1.6653345369377348e-16, training_epochs:500, lr:0.05)
<_io.TextIOWrapper name='<stderr>' mode='w' encoding='utf-8'> node index is 599
train linear regression time:  0.05189549969509244
(average_diff:2.3245294578089215e-16, max_diff:2.914335439641036e-16, training_epochs:500, lr:0.05)
<_io.TextIOWrapper name='<stderr>' mode='w' encoding='utf-8'> node index is 597
train linear regression time:  0.05230245925486088
(average_diff:0.008867429040472807, max_diff:0.013473500939140542, training_epochs:500, lr:0.05)
<_io.TextIOWrapper name='<stderr>' mode='w' encoding='utf-8'> node index is 595
train linear regression time:  0.05197745794430375
(average_diff:5.551115123125783e-17, max_diff:5.551115123125783e-17, training_epochs:500, lr:0.05)
<_io.TextIOWrapper name='<stderr>' mode='w' encoding='utf-8'> node index is 593
train linear regression time:  0.05260937521234155
(average_diff:4.889144644693033e-14, max_diff:5.0959236830294685e-14, training_epochs:500, lr:0.05)
<_io.TextIOWrapper name='<stderr>' mode='w' encoding='utf-8'> node index is 589
train linear regression time:  0.05349445901811123
(average_diff:5.551115123125783e-17, max_diff:5.551115123125783e-17, training_epochs:500, lr:0.05)
<_io.TextIOWrapper name='<stderr>' mode='w' encoding='utf-8'> node index is 583
train linear regression time:  0.0530222081579268
(average_diff:8.280413391995959e-16, max_diff:1.7763568394002505e-15, training_epochs:500, lr:0.05)
<_io.TextIOWrapper name='<stderr>' mode='w' encoding='utf-8'> node index is 573
train linear regression time:  0.05260516609996557
(average_diff:9.500288349525061e-08, max_diff:1.4507165091437457e-07, training_epochs:500, lr:0.05)
<_io.TextIOWrapper name='<stderr>' mode='w' encoding='utf-8'> node index is 563
train linear regression time:  0.05200954107567668
(average_diff:7.849880745425253e-10, max_diff:1.0686841134255332e-09, training_epochs:500, lr:0.05)
<_io.TextIOWrapper name='<stderr>' mode='w' encoding='utf-8'> node index is 551
train linear regression time:  0.05247904220595956
(average_diff:5.551115123125783e-17, max_diff:5.551115123125783e-17, training_epochs:500, lr:0.05)
<_io.TextIOWrapper name='<stderr>' mode='w' encoding='utf-8'> node index is 545
train linear regression time:  0.05347425024956465
(average_diff:3.0191833477003862e-06, max_diff:4.885243130803296e-06, training_epochs:500, lr:0.05)
<_io.TextIOWrapper name='<stderr>' mode='w' encoding='utf-8'> node index is 369
train linear regression time:  0.05348095903173089
(average_diff:0.00728482185336593, max_diff:0.014348725268639617, training_epochs:500, lr:0.05)
<_io.TextIOWrapper name='<stderr>' mode='w' encoding='utf-8'> node index is 355
train linear regression time:  0.05359954107552767
(average_diff:0.020649200571661853, max_diff:0.039306422980825484, training_epochs:500, lr:0.05)
<_io.TextIOWrapper name='<stderr>' mode='w' encoding='utf-8'> node index is 341
train linear regression time:  0.05297408299520612
(average_diff:0.09197801267369035, max_diff:0.18136519648430238, training_epochs:500, lr:0.05)
<_io.TextIOWrapper name='<stderr>' mode='w' encoding='utf-8'> node index is 329
train linear regression time:  0.0527664590626955
(average_diff:0.01207535610686767, max_diff:0.016901026562371885, training_epochs:500, lr:0.05)
<_io.TextIOWrapper name='<stderr>' mode='w' encoding='utf-8'> node index is 317
train linear regression time:  0.05216679209843278
(average_diff:0.06636653770345408, max_diff:0.21419530623214691, training_epochs:500, lr:0.05)
<_io.TextIOWrapper name='<stderr>' mode='w' encoding='utf-8'> node index is 305
train linear regression time:  0.05772229237481952
(average_diff:1.339206523454095e-15, max_diff:1.3461454173580023e-15, training_epochs:500, lr:0.05)
<_io.TextIOWrapper name='<stderr>' mode='w' encoding='utf-8'> node index is 289
train linear regression time:  0.052817958407104015
(average_diff:0.005930312822627441, max_diff:0.011537154368919333, training_epochs:500, lr:0.05)
<_io.TextIOWrapper name='<stderr>' mode='w' encoding='utf-8'> node index is 257
train linear regression time:  0.052090249955654144
(average_diff:0.06791065222528925, max_diff:0.138679018091399, training_epochs:500, lr:0.05)
<_io.TextIOWrapper name='<stderr>' mode='w' encoding='utf-8'> node index is 243
train linear regression time:  0.05243612499907613
(average_diff:0.010128946984994955, max_diff:0.015427711517355197, training_epochs:500, lr:0.05)
<_io.TextIOWrapper name='<stderr>' mode='w' encoding='utf-8'> node index is 231
train linear regression time:  0.05210320791229606
(average_diff:0.09024287851656777, max_diff:0.1899146024695276, training_epochs:500, lr:0.05)
<_io.TextIOWrapper name='<stderr>' mode='w' encoding='utf-8'> node index is 217
train linear regression time:  0.051966875325888395
(average_diff:0.021161387052856005, max_diff:0.042222508969816275, training_epochs:500, lr:0.05)
<_io.TextIOWrapper name='<stderr>' mode='w' encoding='utf-8'> node index is 275
train linear regression time:  0.05228374991565943
(average_diff:0.01243434174887079, max_diff:0.025374797216680456, training_epochs:500, lr:0.05)
<_io.TextIOWrapper name='<stderr>' mode='w' encoding='utf-8'> node index is 259
train linear regression time:  0.05236229207366705
(average_diff:0.04252290125101755, max_diff:0.07751105859025065, training_epochs:500, lr:0.05)
<_io.TextIOWrapper name='<stderr>' mode='w' encoding='utf-8'> node index is 245
train linear regression time:  0.05252016708254814
(average_diff:0.030793666547784756, max_diff:0.17670004680318396, training_epochs:500, lr:0.05)
<_io.TextIOWrapper name='<stderr>' mode='w' encoding='utf-8'> node index is 233
train linear regression time:  0.05427183397114277
(average_diff:4.054735801868603e-05, max_diff:8.201434082399928e-05, training_epochs:500, lr:0.05)
<_io.TextIOWrapper name='<stderr>' mode='w' encoding='utf-8'> node index is 219
train linear regression time:  0.05244516720995307
(average_diff:0.005794719457501351, max_diff:0.012820436797127077, training_epochs:500, lr:0.05)
<_io.TextIOWrapper name='<stderr>' mode='w' encoding='utf-8'> node index is 205
train linear regression time:  0.05228041671216488
(average_diff:0.021611585557925837, max_diff:0.0566199271748683, training_epochs:500, lr:0.05)
<_io.TextIOWrapper name='<stderr>' mode='w' encoding='utf-8'> node index is 197
train linear regression time:  0.052375208120793104
(average_diff:0.029599379671170715, max_diff:0.09208774243465773, training_epochs:500, lr:0.05)
<_io.TextIOWrapper name='<stderr>' mode='w' encoding='utf-8'> node index is 189
train linear regression time:  0.05244895815849304
(average_diff:0.03829513187643872, max_diff:0.17955753851164968, training_epochs:500, lr:0.05)
<_io.TextIOWrapper name='<stderr>' mode='w' encoding='utf-8'> node index is 181
train linear regression time:  0.052687374874949455
(average_diff:0.025620451433080824, max_diff:0.06306960957062513, training_epochs:500, lr:0.05)
<_io.TextIOWrapper name='<stderr>' mode='w' encoding='utf-8'> node index is 173
train linear regression time:  0.05284858401864767
(average_diff:0.018880841224504133, max_diff:0.04741082710647326, training_epochs:500, lr:0.05)
<_io.TextIOWrapper name='<stderr>' mode='w' encoding='utf-8'> node index is 163
train linear regression time:  0.05227708397433162
(average_diff:0.0, max_diff:0.0, training_epochs:500, lr:0.05)
<_io.TextIOWrapper name='<stderr>' mode='w' encoding='utf-8'> node index is 153
train linear regression time:  0.05335175013169646
(average_diff:1.530684774903035e-07, max_diff:2.935177295659841e-07, training_epochs:500, lr:0.05)
<_io.TextIOWrapper name='<stderr>' mode='w' encoding='utf-8'> node index is 221
train linear regression time:  0.053213708102703094
(average_diff:0.11885105708562908, max_diff:0.3456164235320047, training_epochs:500, lr:0.05)
<_io.TextIOWrapper name='<stderr>' mode='w' encoding='utf-8'> node index is 207
train linear regression time:  0.054914042353630066
(average_diff:0.15478038068115038, max_diff:0.6697898226436731, training_epochs:500, lr:0.05)
<_io.TextIOWrapper name='<stderr>' mode='w' encoding='utf-8'> node index is 165
train linear regression time:  0.0610077497549355
(average_diff:0.11585484122462904, max_diff:0.3123308430843891, training_epochs:500, lr:0.05)
<_io.TextIOWrapper name='<stderr>' mode='w' encoding='utf-8'> node index is 155
train linear regression time:  0.05298554105684161
(average_diff:0.15759282806351366, max_diff:0.268368486654297, training_epochs:500, lr:0.05)
<_io.TextIOWrapper name='<stderr>' mode='w' encoding='utf-8'> node index is 149
train linear regression time:  0.0523629579693079
(average_diff:0.04616146474277995, max_diff:0.14700274169996888, training_epochs:500, lr:0.05)
<_io.TextIOWrapper name='<stderr>' mode='w' encoding='utf-8'> node index is 147
train linear regression time:  0.05279604205861688
(average_diff:0.04863730087196911, max_diff:0.16931044621811842, training_epochs:500, lr:0.05)
<_io.TextIOWrapper name='<stderr>' mode='w' encoding='utf-8'> node index is 143
train linear regression time:  0.05421066703274846
(average_diff:0.03416658372513087, max_diff:0.09325795524654357, training_epochs:500, lr:0.05)
<_io.TextIOWrapper name='<stderr>' mode='w' encoding='utf-8'> node index is 137
train linear regression time:  0.05266300030052662
(average_diff:0.045360783410179725, max_diff:0.1489775081887461, training_epochs:500, lr:0.05)
<_io.TextIOWrapper name='<stderr>' mode='w' encoding='utf-8'> node index is 131
train linear regression time:  0.05341491615399718
(average_diff:0.029467893010838964, max_diff:0.06753043596074726, training_epochs:500, lr:0.05)
<_io.TextIOWrapper name='<stderr>' mode='w' encoding='utf-8'> node index is 123
train linear regression time:  0.053163374774158
(average_diff:0.03404753156396267, max_diff:0.10658530384486475, training_epochs:500, lr:0.05)
<_io.TextIOWrapper name='<stderr>' mode='w' encoding='utf-8'> node index is 113
train linear regression time:  0.053920541889965534
(average_diff:0.0887045769519049, max_diff:0.5772598691886839, training_epochs:500, lr:0.05)
<_io.TextIOWrapper name='<stderr>' mode='w' encoding='utf-8'> node index is 103
train linear regression time:  0.054416249971836805
(average_diff:0.04325673082125629, max_diff:0.17544598645441867, training_epochs:500, lr:0.05)
<_io.TextIOWrapper name='<stderr>' mode='w' encoding='utf-8'> node index is 93
train linear regression time:  0.05267620785161853
(average_diff:0.02241071769071609, max_diff:0.09352135397956765, training_epochs:500, lr:0.05)
<_io.TextIOWrapper name='<stderr>' mode='w' encoding='utf-8'> node index is 139
train linear regression time:  0.052537583746016026
(average_diff:0.061089334628130154, max_diff:0.21214488054974384, training_epochs:500, lr:0.05)
<_io.TextIOWrapper name='<stderr>' mode='w' encoding='utf-8'> node index is 133
train linear regression time:  0.054064125288277864
(average_diff:0.034541391967891605, max_diff:0.20920424683078914, training_epochs:500, lr:0.05)
<_io.TextIOWrapper name='<stderr>' mode='w' encoding='utf-8'> node index is 125
train linear regression time:  0.05657366570085287
(average_diff:0.07976518993385336, max_diff:0.28886586925169055, training_epochs:500, lr:0.05)
<_io.TextIOWrapper name='<stderr>' mode='w' encoding='utf-8'> node index is 115
train linear regression time:  0.06038000015541911
(average_diff:0.074530142894205, max_diff:0.2914261857962076, training_epochs:500, lr:0.05)
<_io.TextIOWrapper name='<stderr>' mode='w' encoding='utf-8'> node index is 105
train linear regression time:  0.05861308332532644
(average_diff:0.06253371228115201, max_diff:0.21372685738017683, training_epochs:500, lr:0.05)
<_io.TextIOWrapper name='<stderr>' mode='w' encoding='utf-8'> node index is 95
train linear regression time:  0.057439334224909544
(average_diff:0.06764125512523515, max_diff:0.2473755884329819, training_epochs:500, lr:0.05)
<_io.TextIOWrapper name='<stderr>' mode='w' encoding='utf-8'> node index is 85
train linear regression time:  0.05806566681712866
(average_diff:0.08082360570592215, max_diff:0.24631623994521545, training_epochs:500, lr:0.05)
<_io.TextIOWrapper name='<stderr>' mode='w' encoding='utf-8'> node index is 79
train linear regression time:  0.057661750353872776
(average_diff:0.10238739373175214, max_diff:0.42766493924367077, training_epochs:500, lr:0.05)
<_io.TextIOWrapper name='<stderr>' mode='w' encoding='utf-8'> node index is 73
train linear regression time:  0.06384795811027288
(average_diff:0.07659268826814244, max_diff:0.3312496294007459, training_epochs:500, lr:0.05)
<_io.TextIOWrapper name='<stderr>' mode='w' encoding='utf-8'> node index is 65
train linear regression time:  0.05920429201796651
(average_diff:0.0, max_diff:0.0, training_epochs:500, lr:0.05)
<_io.TextIOWrapper name='<stderr>' mode='w' encoding='utf-8'> node index is 575
train linear regression time:  0.056158958934247494
(average_diff:1.1102230246251565e-16, max_diff:1.1102230246251565e-16, training_epochs:500, lr:0.05)
<_io.TextIOWrapper name='<stderr>' mode='w' encoding='utf-8'> node index is 565
train linear regression time:  0.05531287519261241
(average_diff:0.00021425114783414634, max_diff:0.000444747243370458, training_epochs:500, lr:0.05)
<_io.TextIOWrapper name='<stderr>' mode='w' encoding='utf-8'> node index is 557
train linear regression time:  0.05632608383893967
(average_diff:0.0, max_diff:0.0, training_epochs:500, lr:0.05)
<_io.TextIOWrapper name='<stderr>' mode='w' encoding='utf-8'> node index is 553
train linear regression time:  0.05766333267092705
(average_diff:5.810680270279533e-10, max_diff:5.894039700748976e-10, training_epochs:500, lr:0.05)
<_io.TextIOWrapper name='<stderr>' mode='w' encoding='utf-8'> node index is 539
train linear regression time:  0.05740991607308388
(average_diff:2.8489001158149563e-09, max_diff:4.596397151779286e-09, training_epochs:500, lr:0.05)
<_io.TextIOWrapper name='<stderr>' mode='w' encoding='utf-8'> node index is 523
train linear regression time:  0.05639887508004904
(average_diff:1.942890293094024e-16, max_diff:1.942890293094024e-16, training_epochs:500, lr:0.05)
<_io.TextIOWrapper name='<stderr>' mode='w' encoding='utf-8'> node index is 513
train linear regression time:  0.054180082865059376
(average_diff:0.0, max_diff:0.0, training_epochs:500, lr:0.05)
<_io.TextIOWrapper name='<stderr>' mode='w' encoding='utf-8'> node index is 505
train linear regression time:  0.05230575008317828
(average_diff:1.609823385706477e-15, max_diff:2.1649348980190553e-15, training_epochs:500, lr:0.05)
<_io.TextIOWrapper name='<stderr>' mode='w' encoding='utf-8'> node index is 495
train linear regression time:  0.05190512491390109
(average_diff:0.0289528816141435, max_diff:0.07213768208563574, training_epochs:500, lr:0.05)
<_io.TextIOWrapper name='<stderr>' mode='w' encoding='utf-8'> node index is 487
train linear regression time:  0.05052691698074341
(average_diff:0.09200128202219415, max_diff:0.5490152779082681, training_epochs:500, lr:0.05)
<_io.TextIOWrapper name='<stderr>' mode='w' encoding='utf-8'> node index is 47
train linear regression time:  0.06369762495160103
(average_diff:8.00285763583967e-16, max_diff:2.0122792321330962e-15, training_epochs:500, lr:0.05)
<_io.TextIOWrapper name='<stderr>' mode='w' encoding='utf-8'> node index is 397
train linear regression time:  0.05280600022524595
(average_diff:0.07463806664246908, max_diff:0.14811177487483893, training_epochs:500, lr:0.05)
<_io.TextIOWrapper name='<stderr>' mode='w' encoding='utf-8'> node index is 383
train linear regression time:  0.05601658299565315
(average_diff:0.002077898758499693, max_diff:0.0029705141500416254, training_epochs:500, lr:0.05)
<_io.TextIOWrapper name='<stderr>' mode='w' encoding='utf-8'> node index is 371
train linear regression time:  0.05426345905289054
(average_diff:0.1777213223589985, max_diff:0.5345448015744985, training_epochs:500, lr:0.05)
<_io.TextIOWrapper name='<stderr>' mode='w' encoding='utf-8'> node index is 357
train linear regression time:  0.05645254161208868
(average_diff:0.08020612766985356, max_diff:0.23759086431771353, training_epochs:500, lr:0.05)
<_io.TextIOWrapper name='<stderr>' mode='w' encoding='utf-8'> node index is 343
train linear regression time:  0.055455791763961315
(average_diff:0.19057647675435538, max_diff:0.4017694853587319, training_epochs:500, lr:0.05)
<_io.TextIOWrapper name='<stderr>' mode='w' encoding='utf-8'> node index is 331
train linear regression time:  0.05333270784467459
(average_diff:0.005335937670083668, max_diff:0.010552196122495916, training_epochs:500, lr:0.05)
<_io.TextIOWrapper name='<stderr>' mode='w' encoding='utf-8'> node index is 319
train linear regression time:  0.0532643748447299
(average_diff:0.17486815823153343, max_diff:0.5214629575751288, training_epochs:500, lr:0.05)
<_io.TextIOWrapper name='<stderr>' mode='w' encoding='utf-8'> node index is 307
train linear regression time:  0.05507800029590726
(average_diff:0.00011992489446721599, max_diff:0.00018143482406907108, training_epochs:500, lr:0.05)
<_io.TextIOWrapper name='<stderr>' mode='w' encoding='utf-8'> node index is 293
train linear regression time:  0.05440916586667299
(average_diff:0.017271398879329367, max_diff:0.03539607251546506, training_epochs:500, lr:0.05)
<_io.TextIOWrapper name='<stderr>' mode='w' encoding='utf-8'> node index is 277
train linear regression time:  0.05453366693109274
(average_diff:0.005937035794206756, max_diff:0.01206290017322001, training_epochs:500, lr:0.05)
<_io.TextIOWrapper name='<stderr>' mode='w' encoding='utf-8'> node index is 261
train linear regression time:  0.05544716585427523
(average_diff:0.09120021861117973, max_diff:0.18223157464887152, training_epochs:500, lr:0.05)
<_io.TextIOWrapper name='<stderr>' mode='w' encoding='utf-8'> node index is 247
train linear regression time:  0.052121542394161224
(average_diff:0.004524145809632479, max_diff:0.0068501528756562124, training_epochs:500, lr:0.05)
<_io.TextIOWrapper name='<stderr>' mode='w' encoding='utf-8'> node index is 533
train linear regression time:  0.05342866573482752
(average_diff:0.00015554991381273864, max_diff:0.0002969548042889292, training_epochs:500, lr:0.05)
<_io.TextIOWrapper name='<stderr>' mode='w' encoding='utf-8'> node index is 525
train linear regression time:  0.0539210420101881
(average_diff:3.3306690738754696e-16, max_diff:3.3306690738754696e-16, training_epochs:500, lr:0.05)
<_io.TextIOWrapper name='<stderr>' mode='w' encoding='utf-8'> node index is 515
train linear regression time:  0.051911874674260616
(average_diff:6.938893903907228e-17, max_diff:6.938893903907228e-17, training_epochs:500, lr:0.05)
<_io.TextIOWrapper name='<stderr>' mode='w' encoding='utf-8'> node index is 503
train linear regression time:  0.05390137480571866
(average_diff:0.07382501465094544, max_diff:0.10353238418916472, training_epochs:500, lr:0.05)
<_io.TextIOWrapper name='<stderr>' mode='w' encoding='utf-8'> node index is 497
train linear regression time:  0.05218312470242381
(average_diff:2.7755575615628914e-17, max_diff:2.7755575615628914e-17, training_epochs:500, lr:0.05)
<_io.TextIOWrapper name='<stderr>' mode='w' encoding='utf-8'> node index is 489
train linear regression time:  0.052302833180874586
(average_diff:0.0, max_diff:0.0, training_epochs:500, lr:0.05)
<_io.TextIOWrapper name='<stderr>' mode='w' encoding='utf-8'> node index is 483
train linear regression time:  0.05418862495571375
(average_diff:5.551115123125783e-17, max_diff:5.551115123125783e-17, training_epochs:500, lr:0.05)
<_io.TextIOWrapper name='<stderr>' mode='w' encoding='utf-8'> node index is 479
train linear regression time:  0.054296167101711035
(average_diff:0.016495063585461905, max_diff:0.032890459809673755, training_epochs:500, lr:0.05)
<_io.TextIOWrapper name='<stderr>' mode='w' encoding='utf-8'> node index is 463
train linear regression time:  0.054686292074620724
(average_diff:0.006300246019058653, max_diff:0.011433269213261932, training_epochs:500, lr:0.05)
<_io.TextIOWrapper name='<stderr>' mode='w' encoding='utf-8'> node index is 459
train linear regression time:  0.055570416152477264
(average_diff:4.996003610813204e-16, max_diff:5.551115123125783e-16, training_epochs:500, lr:0.05)
<_io.TextIOWrapper name='<stderr>' mode='w' encoding='utf-8'> node index is 451
train linear regression time:  0.05708604073151946
(average_diff:1.1102230246251565e-16, max_diff:1.1102230246251565e-16, training_epochs:500, lr:0.05)
<_io.TextIOWrapper name='<stderr>' mode='w' encoding='utf-8'> node index is 439
train linear regression time:  0.052927167154848576
(average_diff:0.00820895034686799, max_diff:0.017966741083007665, training_epochs:500, lr:0.05)
<_io.TextIOWrapper name='<stderr>' mode='w' encoding='utf-8'> node index is 437
train linear regression time:  0.052403791807591915
(average_diff:0.03116465375650944, max_diff:0.06800777440889522, training_epochs:500, lr:0.05)
<_io.TextIOWrapper name='<stderr>' mode='w' encoding='utf-8'> node index is 117
train linear regression time:  0.053777582943439484
(average_diff:0.02118856917583912, max_diff:0.06309482374436255, training_epochs:500, lr:0.05)
<_io.TextIOWrapper name='<stderr>' mode='w' encoding='utf-8'> node index is 107
train linear regression time:  0.054097000043839216
(average_diff:0.03504863709946947, max_diff:0.14936501695953464, training_epochs:500, lr:0.05)
<_io.TextIOWrapper name='<stderr>' mode='w' encoding='utf-8'> node index is 97
train linear regression time:  0.05329679185524583
(average_diff:0.04816743137682026, max_diff:0.1643687015056144, training_epochs:500, lr:0.05)
<_io.TextIOWrapper name='<stderr>' mode='w' encoding='utf-8'> node index is 87
train linear regression time:  0.05192345939576626
(average_diff:0.05730313377777275, max_diff:0.31862759989866096, training_epochs:500, lr:0.05)
<_io.TextIOWrapper name='<stderr>' mode='w' encoding='utf-8'> node index is 81
train linear regression time:  0.06280929083004594
(average_diff:0.07056946249750021, max_diff:0.277262124090099, training_epochs:500, lr:0.05)
<_io.TextIOWrapper name='<stderr>' mode='w' encoding='utf-8'> node index is 75
train linear regression time:  0.06153079215437174
(average_diff:0.09938008131368094, max_diff:0.16470767522643176, training_epochs:500, lr:0.05)
<_io.TextIOWrapper name='<stderr>' mode='w' encoding='utf-8'> node index is 567
train linear regression time:  0.054367207922041416
(average_diff:8.326672684688674e-17, max_diff:1.3877787807814457e-16, training_epochs:500, lr:0.05)
<_io.TextIOWrapper name='<stderr>' mode='w' encoding='utf-8'> node index is 559
train linear regression time:  0.053345332853496075
(average_diff:2.220446049250313e-16, max_diff:2.498001805406602e-16, training_epochs:500, lr:0.05)
<_io.TextIOWrapper name='<stderr>' mode='w' encoding='utf-8'> node index is 555
train linear regression time:  0.05429674964398146
(average_diff:0.015433891958676024, max_diff:0.023965545209106986, training_epochs:500, lr:0.05)
<_io.TextIOWrapper name='<stderr>' mode='w' encoding='utf-8'> node index is 547
train linear regression time:  0.05631174985319376
(average_diff:5.141668887737039e-07, max_diff:5.407361880205297e-07, training_epochs:500, lr:0.05)
<_io.TextIOWrapper name='<stderr>' mode='w' encoding='utf-8'> node index is 527
train linear regression time:  0.05347975017502904
(average_diff:1.249000902703301e-16, max_diff:2.220446049250313e-16, training_epochs:500, lr:0.05)
<_io.TextIOWrapper name='<stderr>' mode='w' encoding='utf-8'> node index is 507
train linear regression time:  0.055387333035469055
(average_diff:0.1586615886329228, max_diff:0.6092151848117353, training_epochs:500, lr:0.05)
<_io.TextIOWrapper name='<stderr>' mode='w' encoding='utf-8'> node index is 59
train linear regression time:  0.060789791867136955
(average_diff:0.0921390494624807, max_diff:0.40427794389498733, training_epochs:500, lr:0.05)
<_io.TextIOWrapper name='<stderr>' mode='w' encoding='utf-8'> node index is 49
train linear regression time:  0.05576154217123985
(average_diff:1.1102230246251565e-16, max_diff:2.220446049250313e-16, training_epochs:500, lr:0.05)
<_io.TextIOWrapper name='<stderr>' mode='w' encoding='utf-8'> node index is 569
train linear regression time:  0.05190095817670226
(average_diff:1.1102230246251565e-16, max_diff:1.1102230246251565e-16, training_epochs:500, lr:0.05)
<_io.TextIOWrapper name='<stderr>' mode='w' encoding='utf-8'> node index is 561
train linear regression time:  0.05225591687485576
(average_diff:1.6653345369377348e-16, max_diff:1.6653345369377348e-16, training_epochs:500, lr:0.05)
<_io.TextIOWrapper name='<stderr>' mode='w' encoding='utf-8'> node index is 543
train linear regression time:  0.05447329068556428
(average_diff:5.273559366969494e-16, max_diff:5.551115123125783e-16, training_epochs:500, lr:0.05)
<_io.TextIOWrapper name='<stderr>' mode='w' encoding='utf-8'> node index is 535
train linear regression time:  0.052081875037401915
(average_diff:5.180925133352332e-13, max_diff:8.662515149637784e-13, training_epochs:500, lr:0.05)
<_io.TextIOWrapper name='<stderr>' mode='w' encoding='utf-8'> node index is 529
train linear regression time:  0.05222308309748769
(average_diff:1.1102230246251565e-16, max_diff:1.1102230246251565e-16, training_epochs:500, lr:0.05)
<_io.TextIOWrapper name='<stderr>' mode='w' encoding='utf-8'> node index is 517
train linear regression time:  0.0534448754042387
(average_diff:7.216449660063518e-16, max_diff:7.771561172376096e-16, training_epochs:500, lr:0.05)
<_io.TextIOWrapper name='<stderr>' mode='w' encoding='utf-8'> node index is 509
train linear regression time:  0.052129334304481745
(average_diff:0.0, max_diff:0.0, training_epochs:500, lr:0.05)
<_io.TextIOWrapper name='<stderr>' mode='w' encoding='utf-8'> node index is 499
train linear regression time:  0.05625187512487173
(average_diff:0.0015385551079931115, max_diff:0.0031749961873542842, training_epochs:500, lr:0.05)
<_io.TextIOWrapper name='<stderr>' mode='w' encoding='utf-8'> node index is 491
train linear regression time:  0.05322499992325902
(average_diff:0.0031810515916909617, max_diff:0.00564367141706501, training_epochs:500, lr:0.05)
<_io.TextIOWrapper name='<stderr>' mode='w' encoding='utf-8'> node index is 385
train linear regression time:  0.05596720799803734
(average_diff:0.0877983116788828, max_diff:0.1332165641454358, training_epochs:500, lr:0.05)
<_io.TextIOWrapper name='<stderr>' mode='w' encoding='utf-8'> node index is 373
train linear regression time:  0.05379820801317692
(average_diff:0.0, max_diff:0.0, training_epochs:500, lr:0.05)
<_io.TextIOWrapper name='<stderr>' mode='w' encoding='utf-8'> node index is 359
train linear regression time:  0.05533441714942455
(average_diff:0.07052477070514875, max_diff:0.21206219325412062, training_epochs:500, lr:0.05)
<_io.TextIOWrapper name='<stderr>' mode='w' encoding='utf-8'> node index is 345
train linear regression time:  0.058010957669466734
(average_diff:0.09294267583025231, max_diff:0.1800473488685393, training_epochs:500, lr:0.05)
<_io.TextIOWrapper name='<stderr>' mode='w' encoding='utf-8'> node index is 321
train linear regression time:  0.05348658328875899
(average_diff:0.0693815619655213, max_diff:0.09586882221900839, training_epochs:500, lr:0.05)
<_io.TextIOWrapper name='<stderr>' mode='w' encoding='utf-8'> node index is 295
train linear regression time:  0.05204879119992256
(average_diff:0.177868644520452, max_diff:0.34263143852721323, training_epochs:500, lr:0.05)
<_io.TextIOWrapper name='<stderr>' mode='w' encoding='utf-8'> node index is 279
train linear regression time:  0.052520125173032284
(average_diff:0.01663475764665568, max_diff:0.02568871814390189, training_epochs:500, lr:0.05)
<_io.TextIOWrapper name='<stderr>' mode='w' encoding='utf-8'> node index is 263
train linear regression time:  0.053412292152643204
(average_diff:0.031723655975434716, max_diff:0.10820992560846046, training_epochs:500, lr:0.05)
<_io.TextIOWrapper name='<stderr>' mode='w' encoding='utf-8'> node index is 249
train linear regression time:  0.05364462500438094
(average_diff:0.041033260447751206, max_diff:0.08827934991967878, training_epochs:500, lr:0.05)
<_io.TextIOWrapper name='<stderr>' mode='w' encoding='utf-8'> node index is 237
train linear regression time:  0.05194899998605251
(average_diff:0.019641788680451577, max_diff:0.04822423819912028, training_epochs:500, lr:0.05)
<_io.TextIOWrapper name='<stderr>' mode='w' encoding='utf-8'> node index is 265
train linear regression time:  0.05285024968907237
(average_diff:8.326672684688674e-17, max_diff:1.1102230246251565e-16, training_epochs:500, lr:0.05)
<_io.TextIOWrapper name='<stderr>' mode='w' encoding='utf-8'> node index is 251
train linear regression time:  0.05307737458497286
(average_diff:0.08565515963265445, max_diff:0.35566136136943355, training_epochs:500, lr:0.05)
<_io.TextIOWrapper name='<stderr>' mode='w' encoding='utf-8'> node index is 239
train linear regression time:  0.052408999763429165
(average_diff:0.068785918097062, max_diff:0.16775908612731938, training_epochs:500, lr:0.05)
<_io.TextIOWrapper name='<stderr>' mode='w' encoding='utf-8'> node index is 223
train linear regression time:  0.0553166251629591
(average_diff:0.013517113701160124, max_diff:0.027726007582260626, training_epochs:500, lr:0.05)
<_io.TextIOWrapper name='<stderr>' mode='w' encoding='utf-8'> node index is 209
train linear regression time:  0.05599624989554286
(average_diff:0.0810511639187562, max_diff:0.1617451891036608, training_epochs:500, lr:0.05)
<_io.TextIOWrapper name='<stderr>' mode='w' encoding='utf-8'> node index is 199
train linear regression time:  0.05872379103675485
(average_diff:0.10435771905174293, max_diff:0.4012683619239065, training_epochs:500, lr:0.05)
<_io.TextIOWrapper name='<stderr>' mode='w' encoding='utf-8'> node index is 191
train linear regression time:  0.0538833336904645
(average_diff:0.05430688741902154, max_diff:0.12399585254185405, training_epochs:500, lr:0.05)
<_io.TextIOWrapper name='<stderr>' mode='w' encoding='utf-8'> node index is 183
train linear regression time:  0.05447962507605553
(average_diff:0.1087844790131069, max_diff:0.22572975725218936, training_epochs:500, lr:0.05)
<_io.TextIOWrapper name='<stderr>' mode='w' encoding='utf-8'> node index is 175
train linear regression time:  0.05534549988806248
(average_diff:0.08845683240476161, max_diff:0.24419593083824387, training_epochs:500, lr:0.05)
<_io.TextIOWrapper name='<stderr>' mode='w' encoding='utf-8'> node index is 167
train linear regression time:  0.05324816703796387
(average_diff:0.0855677706564999, max_diff:0.4023489689768051, training_epochs:500, lr:0.05)
<_io.TextIOWrapper name='<stderr>' mode='w' encoding='utf-8'> node index is 157
train linear regression time:  0.053531291894614697
(average_diff:0.0, max_diff:0.0, training_epochs:500, lr:0.05)
<_io.TextIOWrapper name='<stderr>' mode='w' encoding='utf-8'> node index is 323
train linear regression time:  0.05225279135629535
(average_diff:1.1102230246251565e-16, max_diff:1.1102230246251565e-16, training_epochs:500, lr:0.05)
<_io.TextIOWrapper name='<stderr>' mode='w' encoding='utf-8'> node index is 309
train linear regression time:  0.05219612503424287
(average_diff:0.08290316104294673, max_diff:0.17072820583854276, training_epochs:500, lr:0.05)
<_io.TextIOWrapper name='<stderr>' mode='w' encoding='utf-8'> node index is 297
train linear regression time:  0.052373791579157114
(average_diff:0.15369488600794914, max_diff:0.2901596839645151, training_epochs:500, lr:0.05)
<_io.TextIOWrapper name='<stderr>' mode='w' encoding='utf-8'> node index is 283
train linear regression time:  0.052981083281338215
(average_diff:0.07455825198584781, max_diff:0.2115411738828514, training_epochs:500, lr:0.05)
<_io.TextIOWrapper name='<stderr>' mode='w' encoding='utf-8'> node index is 267
train linear regression time:  0.05291016586124897
(average_diff:0.16782707843233996, max_diff:0.6410417211448158, training_epochs:500, lr:0.05)
<_io.TextIOWrapper name='<stderr>' mode='w' encoding='utf-8'> node index is 225
train linear regression time:  0.05224729236215353
(average_diff:0.21863435160891034, max_diff:0.41751010700686464, training_epochs:500, lr:0.05)
<_io.TextIOWrapper name='<stderr>' mode='w' encoding='utf-8'> node index is 211
train linear regression time:  0.052818791940808296
(average_diff:0.12912037477178995, max_diff:0.3191963343608664, training_epochs:500, lr:0.05)
<_io.TextIOWrapper name='<stderr>' mode='w' encoding='utf-8'> node index is 185
train linear regression time:  0.0563126252964139
(average_diff:0.11142530159912574, max_diff:0.48813168216923936, training_epochs:500, lr:0.05)
<_io.TextIOWrapper name='<stderr>' mode='w' encoding='utf-8'> node index is 177
train linear regression time:  0.05633349996060133
(average_diff:0.1737157270967411, max_diff:0.50580535270884, training_epochs:500, lr:0.05)
<_io.TextIOWrapper name='<stderr>' mode='w' encoding='utf-8'> node index is 169
train linear regression time:  0.05570891685783863
(average_diff:0.05618627403955441, max_diff:0.13433193932412696, training_epochs:500, lr:0.05)
<_io.TextIOWrapper name='<stderr>' mode='w' encoding='utf-8'> node index is 159
train linear regression time:  0.05557004176080227
(average_diff:0.09604907293186714, max_diff:0.22228684670006704, training_epochs:500, lr:0.05)
<_io.TextIOWrapper name='<stderr>' mode='w' encoding='utf-8'> node index is 151
train linear regression time:  0.055714374873787165
(average_diff:0.03975463534402608, max_diff:0.10413280525911917, training_epochs:500, lr:0.05)
<_io.TextIOWrapper name='<stderr>' mode='w' encoding='utf-8'> node index is 135
train linear regression time:  0.05663649970665574
(average_diff:0.05305086565592956, max_diff:0.10460129557718992, training_epochs:500, lr:0.05)
<_io.TextIOWrapper name='<stderr>' mode='w' encoding='utf-8'> node index is 129
train linear regression time:  0.05486370762810111
(average_diff:0.03499201703923884, max_diff:0.12939269604683246, training_epochs:500, lr:0.05)
<_io.TextIOWrapper name='<stderr>' mode='w' encoding='utf-8'> node index is 119
train linear regression time:  0.05544525012373924
(average_diff:0.03834208670983287, max_diff:0.10883932763835003, training_epochs:500, lr:0.05)
<_io.TextIOWrapper name='<stderr>' mode='w' encoding='utf-8'> node index is 109
train linear regression time:  0.052162292413413525
(average_diff:0.03996202813655374, max_diff:0.18593855693206957, training_epochs:500, lr:0.05)
<_io.TextIOWrapper name='<stderr>' mode='w' encoding='utf-8'> node index is 99
train linear regression time:  0.053457667119801044
(average_diff:8.326672684688674e-17, max_diff:8.326672684688674e-17, training_epochs:500, lr:0.05)
<_io.TextIOWrapper name='<stderr>' mode='w' encoding='utf-8'> node index is 447
train linear regression time:  0.053922916296869516
(average_diff:0.020130276535626518, max_diff:0.04137804732049832, training_epochs:500, lr:0.05)
<_io.TextIOWrapper name='<stderr>' mode='w' encoding='utf-8'> node index is 441
train linear regression time:  0.05276404181495309
(average_diff:0.012777681952896913, max_diff:0.028289099356802377, training_epochs:500, lr:0.05)
<_io.TextIOWrapper name='<stderr>' mode='w' encoding='utf-8'> node index is 435
train linear regression time:  0.05199404200538993
(average_diff:5.551115123125783e-17, max_diff:5.551115123125783e-17, training_epochs:500, lr:0.05)
<_io.TextIOWrapper name='<stderr>' mode='w' encoding='utf-8'> node index is 429
train linear regression time:  0.05211770907044411
(average_diff:2.627527824946204e-15, max_diff:3.83026943495679e-15, training_epochs:500, lr:0.05)
<_io.TextIOWrapper name='<stderr>' mode='w' encoding='utf-8'> node index is 421
train linear regression time:  0.05175045831128955
(average_diff:0.006283610708321914, max_diff:0.16563617999226637, training_epochs:500, lr:0.05)
<_io.TextIOWrapper name='<stderr>' mode='w' encoding='utf-8'> node index is 69
train linear regression time:  0.05947420792654157
(average_diff:0.07607645714181481, max_diff:0.24434403290946666, training_epochs:500, lr:0.05)
<_io.TextIOWrapper name='<stderr>' mode='w' encoding='utf-8'> node index is 61
train linear regression time:  0.052929542027413845
(average_diff:0.08942167808165448, max_diff:0.4610221848847804, training_epochs:500, lr:0.05)
<_io.TextIOWrapper name='<stderr>' mode='w' encoding='utf-8'> node index is 53
train linear regression time:  0.05436116689816117
(average_diff:0.020715392208345156, max_diff:0.036625708724809136, training_epochs:500, lr:0.05)
<_io.TextIOWrapper name='<stderr>' mode='w' encoding='utf-8'> node index is 401
train linear regression time:  0.051996625028550625
(average_diff:0.04409974937811274, max_diff:0.06824546680217344, training_epochs:500, lr:0.05)
<_io.TextIOWrapper name='<stderr>' mode='w' encoding='utf-8'> node index is 387
train linear regression time:  0.05258300015702844
(average_diff:0.007567694391565955, max_diff:0.016327608026818596, training_epochs:500, lr:0.05)
<_io.TextIOWrapper name='<stderr>' mode='w' encoding='utf-8'> node index is 375
train linear regression time:  0.053323791828006506
(average_diff:0.016082805603470363, max_diff:0.03717128418576665, training_epochs:500, lr:0.05)
<_io.TextIOWrapper name='<stderr>' mode='w' encoding='utf-8'> node index is 361
train linear regression time:  0.05226237513124943
(average_diff:0.03884344010178936, max_diff:0.06424548566865732, training_epochs:500, lr:0.05)
<_io.TextIOWrapper name='<stderr>' mode='w' encoding='utf-8'> node index is 347
train linear regression time:  0.05207433411851525
(average_diff:0.156890015696628, max_diff:0.290323176712997, training_epochs:500, lr:0.05)
<_io.TextIOWrapper name='<stderr>' mode='w' encoding='utf-8'> node index is 311
train linear regression time:  0.051918833050876856
(average_diff:0.06002477935997649, max_diff:0.14260090051806934, training_epochs:500, lr:0.05)
<_io.TextIOWrapper name='<stderr>' mode='w' encoding='utf-8'> node index is 299
train linear regression time:  0.05186899984255433
(average_diff:0.11805971580006512, max_diff:0.37821501705144034, training_epochs:500, lr:0.05)
<_io.TextIOWrapper name='<stderr>' mode='w' encoding='utf-8'> node index is 285
train linear regression time:  0.05224987491965294
(average_diff:0.013807576000117852, max_diff:0.028289754631341757, training_epochs:500, lr:0.05)
<_io.TextIOWrapper name='<stderr>' mode='w' encoding='utf-8'> node index is 269
train linear regression time:  0.05365279223769903
(average_diff:3.2019387141701827e-12, max_diff:3.3104630148272918e-12, training_epochs:500, lr:0.05)
<_io.TextIOWrapper name='<stderr>' mode='w' encoding='utf-8'> node index is 415
train linear regression time:  0.056611749809235334
(average_diff:0.00020994921356962126, max_diff:0.0003048191486102747, training_epochs:500, lr:0.05)
<_io.TextIOWrapper name='<stderr>' mode='w' encoding='utf-8'> node index is 411
train linear regression time:  0.05458383308723569
(average_diff:2.3592239273284576e-16, max_diff:2.7755575615628914e-16, training_epochs:500, lr:0.05)
<_io.TextIOWrapper name='<stderr>' mode='w' encoding='utf-8'> node index is 403
train linear regression time:  0.05271016573533416
(average_diff:0.05801599897312342, max_diff:0.10573463212261372, training_epochs:500, lr:0.05)
<_io.TextIOWrapper name='<stderr>' mode='w' encoding='utf-8'> node index is 389
train linear regression time:  0.052610957995057106
(average_diff:0.024343889893371072, max_diff:0.06554052899857865, training_epochs:500, lr:0.05)
<_io.TextIOWrapper name='<stderr>' mode='w' encoding='utf-8'> node index is 377
train linear regression time:  0.052738375030457973
(average_diff:0.00038034330537031205, max_diff:0.0008657404728130147, training_epochs:500, lr:0.05)
<_io.TextIOWrapper name='<stderr>' mode='w' encoding='utf-8'> node index is 363
train linear regression time:  0.052200209349393845
(average_diff:0.06771924333032048, max_diff:0.10149041323106628, training_epochs:500, lr:0.05)
<_io.TextIOWrapper name='<stderr>' mode='w' encoding='utf-8'> node index is 349
train linear regression time:  0.052350916899740696
(average_diff:0.04388053229744565, max_diff:0.08587997591141, training_epochs:500, lr:0.05)
<_io.TextIOWrapper name='<stderr>' mode='w' encoding='utf-8'> node index is 335
train linear regression time:  0.05232262518256903
(average_diff:0.0038980048110691065, max_diff:0.006403533321268445, training_epochs:500, lr:0.05)
<_io.TextIOWrapper name='<stderr>' mode='w' encoding='utf-8'> node index is 325
train linear regression time:  0.05234108306467533
(average_diff:0.08911457588842434, max_diff:0.1848232572683436, training_epochs:500, lr:0.05)
<_io.TextIOWrapper name='<stderr>' mode='w' encoding='utf-8'> node index is 313
train linear regression time:  0.05228966707363725
(average_diff:1.1102230246251565e-16, max_diff:1.1102230246251565e-16, training_epochs:500, lr:0.05)
<_io.TextIOWrapper name='<stderr>' mode='w' encoding='utf-8'> node index is 443
train linear regression time:  0.052538041956722736
(average_diff:0.10097868863704203, max_diff:0.22008310976584816, training_epochs:500, lr:0.05)
<_io.TextIOWrapper name='<stderr>' mode='w' encoding='utf-8'> node index is 431
train linear regression time:  0.05250804219394922
(average_diff:5.551115123125783e-17, max_diff:5.551115123125783e-17, training_epochs:500, lr:0.05)
<_io.TextIOWrapper name='<stderr>' mode='w' encoding='utf-8'> node index is 425
train linear regression time:  0.05463616689667106
(average_diff:3.0093297853639456e-09, max_diff:4.4086795325526396e-09, training_epochs:500, lr:0.05)
<_io.TextIOWrapper name='<stderr>' mode='w' encoding='utf-8'> node index is 419
train linear regression time:  0.05478845862671733
(average_diff:7.852329897417576e-12, max_diff:1.1782130826532011e-11, training_epochs:500, lr:0.05)
<_io.TextIOWrapper name='<stderr>' mode='w' encoding='utf-8'> node index is 413
train linear regression time:  0.05363099975511432
(average_diff:0.006294873533670087, max_diff:0.013847749644260166, training_epochs:500, lr:0.05)
<_io.TextIOWrapper name='<stderr>' mode='w' encoding='utf-8'> node index is 405
train linear regression time:  0.05174354091286659
(average_diff:1.1102230246251565e-16, max_diff:1.1102230246251565e-16, training_epochs:500, lr:0.05)
<_io.TextIOWrapper name='<stderr>' mode='w' encoding='utf-8'> node index is 391
train linear regression time:  0.052198334131389856
(average_diff:2.220446049250313e-16, max_diff:2.220446049250313e-16, training_epochs:500, lr:0.05)
<_io.TextIOWrapper name='<stderr>' mode='w' encoding='utf-8'> node index is 379
train linear regression time:  0.05220037465915084
(average_diff:0.0405446156128286, max_diff:0.1316549442398176, training_epochs:500, lr:0.05)
<_io.TextIOWrapper name='<stderr>' mode='w' encoding='utf-8'> node index is 365
train linear regression time:  0.052759415935724974
(average_diff:0.023831793133664392, max_diff:0.03532106491962833, training_epochs:500, lr:0.05)
<_io.TextIOWrapper name='<stderr>' mode='w' encoding='utf-8'> node index is 351
train linear regression time:  0.05546933272853494
(average_diff:2.914335439641036e-16, max_diff:3.0531133177191805e-16, training_epochs:500, lr:0.05)
<_io.TextIOWrapper name='<stderr>' mode='w' encoding='utf-8'> node index is 337
train linear regression time:  0.05404995894059539
(average_diff:0.13926845267483942, max_diff:0.5073729186381596, training_epochs:500, lr:0.05)
<_io.TextIOWrapper name='<stderr>' mode='w' encoding='utf-8'> node index is 393
train linear regression time:  0.05468654213473201
(average_diff:1.6653345369377348e-16, max_diff:2.220446049250313e-16, training_epochs:500, lr:0.05)
<_io.TextIOWrapper name='<stderr>' mode='w' encoding='utf-8'> node index is 301
train linear regression time:  0.0543462922796607
(average_diff:0.09821644761957692, max_diff:0.2022754550197975, training_epochs:500, lr:0.05)
<_io.TextIOWrapper name='<stderr>' mode='w' encoding='utf-8'> node index is 271
train linear regression time:  0.052209125366061926
(average_diff:0.07582683375344032, max_diff:0.1692831365701739, training_epochs:500, lr:0.05)
<_io.TextIOWrapper name='<stderr>' mode='w' encoding='utf-8'> node index is 253
train linear regression time:  0.052540166303515434
(average_diff:0.17980942673367065, max_diff:0.43907636417789986, training_epochs:500, lr:0.05)
<_io.TextIOWrapper name='<stderr>' mode='w' encoding='utf-8'> node index is 227
train linear regression time:  0.05221087485551834
(average_diff:0.16348992246417243, max_diff:0.3448049827433249, training_epochs:500, lr:0.05)
<_io.TextIOWrapper name='<stderr>' mode='w' encoding='utf-8'> node index is 213
train linear regression time:  0.05170304188504815
(average_diff:0.059154521642676754, max_diff:0.13663366342734298, training_epochs:500, lr:0.05)
<_io.TextIOWrapper name='<stderr>' mode='w' encoding='utf-8'> node index is 201
train linear regression time:  0.05623783404007554
(average_diff:5.551115123125783e-17, max_diff:5.551115123125783e-17, training_epochs:500, lr:0.05)
<_io.TextIOWrapper name='<stderr>' mode='w' encoding='utf-8'> node index is 193
train linear regression time:  0.05402912525460124
(average_diff:0.02118395735936936, max_diff:0.06158157314040086, training_epochs:500, lr:0.05)
<_io.TextIOWrapper name='<stderr>' mode='w' encoding='utf-8'> node index is 187
train linear regression time:  0.05436254199594259
(average_diff:0.04345262225003898, max_diff:0.14181682767498827, training_epochs:500, lr:0.05)
<_io.TextIOWrapper name='<stderr>' mode='w' encoding='utf-8'> node index is 179
train linear regression time:  0.056757790967822075
(average_diff:5.551115123125783e-17, max_diff:5.551115123125783e-17, training_epochs:500, lr:0.05)
<_io.TextIOWrapper name='<stderr>' mode='w' encoding='utf-8'> node index is 171
train linear regression time:  0.055151999928057194
(average_diff:0.11892876498606973, max_diff:0.3098685817017565, training_epochs:500, lr:0.05)
<_io.TextIOWrapper name='<stderr>' mode='w' encoding='utf-8'> node index is 161
train linear regression time:  0.05264445906504989
(average_diff:1.0177044392397268e-15, max_diff:1.4988010832439613e-15, training_epochs:500, lr:0.05)
<_io.TextIOWrapper name='<stderr>' mode='w' encoding='utf-8'> node index is 367
train linear regression time:  0.05179174989461899
(average_diff:0.0, max_diff:0.0, training_epochs:500, lr:0.05)
<_io.TextIOWrapper name='<stderr>' mode='w' encoding='utf-8'> node index is 353
train linear regression time:  0.052521000150591135
(average_diff:2.220446049250313e-16, max_diff:2.220446049250313e-16, training_epochs:500, lr:0.05)
<_io.TextIOWrapper name='<stderr>' mode='w' encoding='utf-8'> node index is 339
train linear regression time:  0.05220966599881649
(average_diff:0.025246759285285726, max_diff:0.07613215487475888, training_epochs:500, lr:0.05)
<_io.TextIOWrapper name='<stderr>' mode='w' encoding='utf-8'> node index is 327
train linear regression time:  0.05240749986842275
(average_diff:0.028716729859726106, max_diff:0.11649453925918318, training_epochs:500, lr:0.05)
<_io.TextIOWrapper name='<stderr>' mode='w' encoding='utf-8'> node index is 315
train linear regression time:  0.05226237513124943
(average_diff:2.787904279186182e-05, max_diff:5.861885160718394e-05, training_epochs:500, lr:0.05)
<_io.TextIOWrapper name='<stderr>' mode='w' encoding='utf-8'> node index is 303
train linear regression time:  0.0521049159578979
(average_diff:0.039217868442308436, max_diff:0.08334883725362063, training_epochs:500, lr:0.05)
<_io.TextIOWrapper name='<stderr>' mode='w' encoding='utf-8'> node index is 287
train linear regression time:  0.05396862514317036
(average_diff:0.05221692472589554, max_diff:0.11859286333220098, training_epochs:500, lr:0.05)
<_io.TextIOWrapper name='<stderr>' mode='w' encoding='utf-8'> node index is 273
train linear regression time:  0.05378729198127985
(average_diff:0.09498210970968299, max_diff:0.5160184055319205, training_epochs:500, lr:0.05)
<_io.TextIOWrapper name='<stderr>' mode='w' encoding='utf-8'> node index is 255
train linear regression time:  0.05640633404254913
(average_diff:0.030048593107430112, max_diff:0.05009953809121981, training_epochs:500, lr:0.05)
<_io.TextIOWrapper name='<stderr>' mode='w' encoding='utf-8'> node index is 241
train linear regression time:  0.05286395829170942
(average_diff:0.19677799945937297, max_diff:0.4475736623824155, training_epochs:500, lr:0.05)
<_io.TextIOWrapper name='<stderr>' mode='w' encoding='utf-8'> node index is 229
train linear regression time:  0.0526653747074306
(average_diff:0.11704869071399697, max_diff:0.3825255158990657, training_epochs:500, lr:0.05)
<_io.TextIOWrapper name='<stderr>' mode='w' encoding='utf-8'> node index is 215
train linear regression time:  0.05255441600456834
(average_diff:0.04255452881617601, max_diff:0.09725904411616326, training_epochs:500, lr:0.05)
<_io.TextIOWrapper name='<stderr>' mode='w' encoding='utf-8'> node index is 203
train linear regression time:  0.05276395799592137
(average_diff:0.01554371344488512, max_diff:0.03496568710707537, training_epochs:500, lr:0.05)
<_io.TextIOWrapper name='<stderr>' mode='w' encoding='utf-8'> node index is 195
train linear regression time:  0.052604999858886003
(average_diff:0.15344829575539018, max_diff:0.34234671082967727, training_epochs:500, lr:0.05)
<_io.TextIOWrapper name='<stderr>' mode='w' encoding='utf-8'> node index is 7
train linear regression time:  0.052103708032518625
(average_diff:0.13309976836343762, max_diff:0.43559342745857416, training_epochs:500, lr:0.05)
<_io.TextIOWrapper name='<stderr>' mode='w' encoding='utf-8'> node index is 5
train linear regression time:  0.05753695825114846
testFringe time:  13.737368416972458
<_io.TextIOWrapper name='<stderr>' mode='w' encoding='utf-8'> =============== update finished ===============

*** Writing Game File 95***

<_io.TextIOWrapper name='../print_tree_record_numpy/print_DR_boost_linear_tree_split.txt' mode='w' encoding='UTF-8'> idx1(Q:0.3997, distinct_name:0, dictinctin_value:2.569683891588169, par:None)
	idx4(Q:0.4004, distinct_name:0, dictinctin_value:2.507749956207568, par:1)
		idx6(Q:0.4003, distinct_name:0, dictinctin_value:-0.050698982385153205, par:4)
			idx8(Q:0.4582, distinct_name:0, dictinctin_value:-0.5002368440471089, par:6)
				idx10(Q:0.5053, distinct_name:3, dictinctin_value:0.7373220788164561, par:8)
					idx12(Q:0.4796, distinct_name:1, dictinctin_value:0.8498558206992594, par:10)
						idx18(Q:0.4295, distinct_name:2, dictinctin_value:0.8559921607301466, par:12)
							idx24(Q:0.4236, distinct_name:0, dictinctin_value:-0.5901212893723445, par:18)
								idx30(Q:0.4321, distinct_name:2, dictinctin_value:0.5095422779981766, par:24)
									idx38(Q:0.4504, distinct_name:2, dictinctin_value:0.24909091887867726, par:30)
										idx44(Q:0.4798, distinct_name:2, dictinctin_value:-0.06052347242753761, par:38)
											idx54(Q:0.5247, distinct_name:2, dictinctin_value:-0.16873413911779458, par:44)
												idx62(Q:0.5486, distinct_name:2, dictinctin_value:-0.3117760123070312, par:54)
													idx70(Q:0.5929, distinct_name:2, dictinctin_value:-0.36929151673896154, par:62)
														idx76(Q:0.6202, distinct_name:2, dictinctin_value:-0.4513587540231024, par:70)
															idx82(Q:0.6544, distinct_name:2, dictinctin_value:-0.49926091712096626, par:76)
																idx90(Q:0.6707, distinct_name:2, dictinctin_value:-0.5261921216626007, par:82)
																	idx100(Q:0.6816, distinct_name:2, dictinctin_value:-0.5682634996789567, par:90)
																		idx110(Q:0.6972, distinct_name:2, dictinctin_value:-0.576514535000767, par:100)
																			idx120(Q:0.7003, par:110)
																			idx121(Q:0.3963, par:110)
																		idx111(Q:0.3744, par:100)
																	idx101(Q:0.3596, par:90)
																idx91(Q:0.3310, par:82)
															idx83(Q:0.2994, par:76)
														idx77(Q:0.2730, par:70)
													idx71(Q:0.2666, distinct_name:0, dictinctin_value:-0.603707487356605, par:62)
														idx602(Q:0.2690, distinct_name:0, dictinctin_value:-0.6138379954103756, par:71)
															idx604(Q:0.2704, distinct_name:0, dictinctin_value:-0.6471412536059391, par:602)
																idx606(Q:0.2716, par:604)
																idx607(Q:0.2102, par:604)
															idx605(Q:0.1982, par:602)
														idx603(Q:0.1432, par:71)
												idx63(Q:0.2185, par:54)
											idx55(Q:0.2441, distinct_name:0, dictinctin_value:-0.6476910175840919, par:44)
												idx464(Q:0.2476, distinct_name:3, dictinctin_value:0.6680194197252473, par:55)
													idx468(Q:0.2445, distinct_name:0, dictinctin_value:-0.6858015235311999, par:464)
														idx474(Q:0.2451, distinct_name:2, dictinctin_value:0.24031958562965672, par:468)
															idx480(Q:0.2437, distinct_name:2, dictinctin_value:0.22712878489931437, par:474)
																idx484(Q:0.2453, distinct_name:0, dictinctin_value:-0.6984661740702743, par:480)
																	idx492(Q:0.2436, distinct_name:2, dictinctin_value:0.2205862992769331, par:484)
																		idx500(Q:0.2432, distinct_name:1, dictinctin_value:0.7515347460969897, par:492)
																			idx518(Q:0.2427, par:500)
																			idx519(Q:0.2572, par:500)
																		idx501(Q:0.2751, par:492)
																	idx493(Q:0.3077, par:484)
																idx485(Q:0.1301, par:480)
															idx481(Q:0.2797, par:474)
														idx475(Q:0.1567, par:468)
													idx469(Q:0.3624, par:464)
												idx465(Q:0.1355, par:55)
										idx45(Q:0.2481, distinct_name:0, dictinctin_value:-0.6043607795061433, par:38)
											idx510(Q:0.2502, distinct_name:1, dictinctin_value:0.8144916165556727, par:45)
												idx520(Q:0.2442, distinct_name:1, dictinctin_value:0.7699133155688844, par:510)
													idx530(Q:0.2391, distinct_name:2, dictinctin_value:0.5073691095938268, par:520)
														idx536(Q:0.2386, distinct_name:0, dictinctin_value:-0.6190066933050004, par:530)
															idx548(Q:0.2376, distinct_name:0, dictinctin_value:-0.6463225202144014, par:536)
																idx570(Q:0.2366, distinct_name:0, dictinctin_value:-0.6564390430626009, par:548)
																	idx580(Q:0.2384, distinct_name:3, dictinctin_value:0.6572555751708343, par:570)
																		idx586(Q:0.2374, distinct_name:3, dictinctin_value:0.6217208412298194, par:580)
																			idx590(Q:0.2355, par:586)
																			idx591(Q:0.3104, par:586)
																		idx587(Q:0.2792, par:580)
																	idx581(Q:0.1275, par:570)
																idx571(Q:0.2672, par:548)
															idx549(Q:0.3743, par:536)
														idx537(Q:0.2606, par:530)
													idx531(Q:0.3809, par:520)
												idx521(Q:0.5313, par:510)
											idx511(Q:0.1507, par:45)
									idx39(Q:0.3190, distinct_name:1, dictinctin_value:0.8040063207197937, par:30)
										idx426(Q:0.3164, distinct_name:2, dictinctin_value:0.8419373683110459, par:39)
											idx432(Q:0.3185, distinct_name:0, dictinctin_value:-0.6009391153368029, par:426)
												idx444(Q:0.3202, distinct_name:0, dictinctin_value:-0.6041087413020046, par:432)
													idx448(Q:0.3201, distinct_name:0, dictinctin_value:-0.6100701052011255, par:444)
														idx456(Q:0.3206, distinct_name:0, dictinctin_value:-0.6407957166920598, par:448)
															idx460(Q:0.3250, distinct_name:0, dictinctin_value:-0.6555246386975058, par:456)
																idx466(Q:0.3271, distinct_name:0, dictinctin_value:-0.6720161756487143, par:460)
																	idx470(Q:0.3302, distinct_name:0, dictinctin_value:-0.6781083126032775, par:466)
																		idx472(Q:0.3311, distinct_name:0, dictinctin_value:-0.7020609777266955, par:470)
																			idx476(Q:0.3336, par:472)
																			idx477(Q:0.2334, par:472)
																		idx473(Q:0.2839, par:470)
																	idx471(Q:0.0686, par:466)
																idx467(Q:0.1550, par:460)
															idx461(Q:0.1355, par:456)
														idx457(Q:0.3007, par:448)
													idx449(Q:0.3527, par:444)
												idx445(Q:0.1599, par:432)
											idx433(Q:0.2225, par:426)
										idx427(Q:0.4793, par:39)
								idx31(Q:0.3438, distinct_name:0, dictinctin_value:-0.5002719881995846, par:24)
									idx544(Q:0.3441, distinct_name:1, dictinctin_value:0.7593054056611713, par:31)
										idx550(Q:0.3409, distinct_name:0, dictinctin_value:-0.5062520951871772, par:544)
											idx562(Q:0.3451, distinct_name:0, dictinctin_value:-0.5080035363270362, par:550)
												idx572(Q:0.3497, distinct_name:0, dictinctin_value:-0.5084639498879526, par:562)
													idx582(Q:0.3503, distinct_name:0, dictinctin_value:-0.5089199594147691, par:572)
														idx588(Q:0.3533, distinct_name:0, dictinctin_value:-0.5092872052358233, par:582)
															idx592(Q:0.3549, distinct_name:2, dictinctin_value:0.7693334693236122, par:588)
																idx594(Q:0.3598, distinct_name:2, dictinctin_value:0.7132889145486878, par:592)
																	idx596(Q:0.3645, distinct_name:0, dictinctin_value:-0.5099342225448047, par:594)
																		idx598(Q:0.3667, distinct_name:1, dictinctin_value:0.7481026625171042, par:596)
																			idx600(Q:0.3659, par:598)
																			idx601(Q:0.4108, par:598)
																		idx599(Q:0.2330, par:596)
																	idx597(Q:0.0754, par:594)
																idx595(Q:0.1530, par:592)
															idx593(Q:0.1559, par:588)
														idx589(Q:0.1598, par:582)
													idx583(Q:0.2789, par:572)
												idx573(Q:0.1450, par:562)
											idx563(Q:0.1519, par:550)
										idx551(Q:0.4899, par:544)
									idx545(Q:0.3129, par:31)
							idx25(Q:0.4550, distinct_name:0, dictinctin_value:-0.5389580903277561, par:18)
								idx216(Q:0.4575, distinct_name:0, dictinctin_value:-0.5573162410999996, par:25)
									idx230(Q:0.4587, distinct_name:0, dictinctin_value:-0.5917620279880862, par:216)
										idx242(Q:0.4700, distinct_name:1, dictinctin_value:0.8127647407611875, par:230)
											idx256(Q:0.4648, distinct_name:0, dictinctin_value:-0.6131626140571143, par:242)
												idx288(Q:0.4666, distinct_name:0, dictinctin_value:-0.7076582377440916, par:256)
													idx304(Q:0.4840, distinct_name:0, dictinctin_value:-0.717862250694298, par:288)
														idx316(Q:0.4878, distinct_name:0, dictinctin_value:-0.7734253050900186, par:304)
															idx328(Q:0.5014, distinct_name:0, dictinctin_value:-0.7970945326559435, par:316)
																idx340(Q:0.5028, distinct_name:3, dictinctin_value:0.6595389343928215, par:328)
																	idx354(Q:0.4980, distinct_name:3, dictinctin_value:0.6186331758365281, par:340)
																		idx368(Q:0.4930, distinct_name:3, dictinctin_value:0.5952455969358141, par:354)
																			idx380(Q:0.4915, par:368)
																			idx381(Q:0.5796, par:368)
																		idx369(Q:0.8791, par:354)
																	idx355(Q:0.7825, par:340)
																idx341(Q:0.4474, par:328)
															idx329(Q:0.3221, par:316)
														idx317(Q:0.3173, par:304)
													idx305(Q:0.3205, par:288)
												idx289(Q:0.1966, par:256)
											idx257(Q:0.7304, par:242)
										idx243(Q:0.2531, par:230)
									idx231(Q:0.3288, par:216)
								idx217(Q:0.3729, par:25)
						idx19(Q:0.6970, distinct_name:0, dictinctin_value:-0.5046072639210131, par:12)
							idx152(Q:0.6969, distinct_name:2, dictinctin_value:1.74305991171075, par:19)
								idx162(Q:0.6859, distinct_name:2, dictinctin_value:1.5651912903147052, par:152)
									idx172(Q:0.6767, distinct_name:2, dictinctin_value:1.0939968976733132, par:162)
										idx180(Q:0.6545, distinct_name:2, dictinctin_value:0.9064820637809338, par:172)
											idx188(Q:0.6434, distinct_name:2, dictinctin_value:0.8130327408821636, par:180)
												idx196(Q:0.6347, distinct_name:2, dictinctin_value:0.714578820015968, par:188)
													idx204(Q:0.6335, distinct_name:0, dictinctin_value:-0.5137296726081428, par:196)
														idx218(Q:0.6357, distinct_name:2, dictinctin_value:0.4860989258104936, par:204)
															idx232(Q:0.6351, distinct_name:1, dictinctin_value:2.2330900660097845, par:218)
																idx244(Q:0.6234, distinct_name:2, dictinctin_value:0.44559578649865966, par:232)
																	idx258(Q:0.6203, distinct_name:2, dictinctin_value:0.32419638005931734, par:244)
																		idx274(Q:0.6209, distinct_name:0, dictinctin_value:-0.5233031664270825, par:258)
																			idx290(Q:0.6214, par:274)
																			idx291(Q:0.5526, par:274)
																		idx275(Q:0.5985, par:258)
																	idx259(Q:0.7450, par:244)
																idx245(Q:0.9317, par:232)
															idx233(Q:0.6412, par:218)
														idx219(Q:0.4556, par:204)
													idx205(Q:0.6740, par:196)
												idx197(Q:0.8666, par:188)
											idx189(Q:0.8594, par:180)
										idx181(Q:0.9893, par:172)
									idx173(Q:1.0131, par:162)
								idx163(Q:1.0391, par:152)
							idx153(Q:0.7365, par:19)
					idx13(Q:0.5871, distinct_name:2, dictinctin_value:1.929601246827043, par:10)
						idx92(Q:0.5732, distinct_name:1, dictinctin_value:1.2557733390904973, par:13)
							idx102(Q:0.5405, distinct_name:2, dictinctin_value:1.4527612583425853, par:92)
								idx112(Q:0.5289, distinct_name:2, dictinctin_value:1.3531114404933846, par:102)
									idx122(Q:0.5266, distinct_name:2, dictinctin_value:1.0639310625609943, par:112)
										idx130(Q:0.5158, distinct_name:2, dictinctin_value:0.8759607452183222, par:122)
											idx136(Q:0.5084, distinct_name:2, dictinctin_value:0.6228991526328211, par:130)
												idx142(Q:0.5046, distinct_name:2, dictinctin_value:0.4885947458466264, par:136)
													idx146(Q:0.4954, distinct_name:1, dictinctin_value:1.1059975491047376, par:142)
														idx148(Q:0.4880, distinct_name:3, dictinctin_value:2.363964647313972, par:146)
															idx154(Q:0.4810, distinct_name:3, dictinctin_value:1.536573712246935, par:148)
																idx164(Q:0.4565, distinct_name:1, dictinctin_value:0.49075596239548774, par:154)
																	idx206(Q:0.4232, distinct_name:3, dictinctin_value:1.525286896575752, par:164)
																		idx220(Q:0.4227, distinct_name:2, dictinctin_value:0.38874536608000104, par:206)
																			idx234(Q:0.4251, par:220)
																			idx235(Q:0.3327, par:220)
																		idx221(Q:0.4555, par:206)
																	idx207(Q:0.6160, par:164)
																idx165(Q:0.5719, par:154)
															idx155(Q:0.6703, par:148)
														idx149(Q:0.7431, par:146)
													idx147(Q:0.6008, par:142)
												idx143(Q:0.5544, par:136)
											idx137(Q:0.6927, par:130)
										idx131(Q:0.7149, par:122)
									idx123(Q:0.6587, par:112)
								idx113(Q:0.7978, par:102)
							idx103(Q:0.9300, par:92)
						idx93(Q:1.0397, par:13)
				idx11(Q:0.3742, distinct_name:3, dictinctin_value:1.284568987543642, par:8)
					idx32(Q:0.3517, distinct_name:3, dictinctin_value:0.5763111575206541, par:11)
						idx40(Q:0.3343, distinct_name:2, dictinctin_value:1.4159847670297276, par:32)
							idx46(Q:0.3260, distinct_name:2, dictinctin_value:0.8764611652526798, par:40)
								idx56(Q:0.3318, distinct_name:2, dictinctin_value:0.6776552612944613, par:46)
									idx64(Q:0.3389, distinct_name:0, dictinctin_value:-0.10007893227380851, par:56)
										idx72(Q:0.3382, distinct_name:2, dictinctin_value:0.481251420222257, par:64)
											idx78(Q:0.3486, distinct_name:2, dictinctin_value:0.43236682950932387, par:72)
												idx84(Q:0.3556, distinct_name:2, dictinctin_value:0.2322739018313544, par:78)
													idx94(Q:0.3775, distinct_name:2, dictinctin_value:0.1692901075380102, par:84)
														idx104(Q:0.3859, distinct_name:2, dictinctin_value:0.044622068949871425, par:94)
															idx114(Q:0.4050, distinct_name:2, dictinctin_value:-0.04421252452423217, par:104)
																idx124(Q:0.4261, distinct_name:2, dictinctin_value:-0.12551407150931976, par:114)
																	idx132(Q:0.4423, distinct_name:2, dictinctin_value:-0.16179863391045127, par:124)
																		idx138(Q:0.4531, distinct_name:2, dictinctin_value:-0.1987692173924826, par:132)
																			idx144(Q:0.4695, par:138)
																			idx145(Q:0.1598, par:138)
																		idx139(Q:0.1698, par:132)
																	idx133(Q:0.1869, par:124)
																idx125(Q:0.1396, par:114)
															idx115(Q:0.1818, par:104)
														idx105(Q:0.1984, par:94)
													idx95(Q:0.1666, par:84)
												idx85(Q:0.1621, par:78)
											idx79(Q:0.2151, par:72)
										idx73(Q:0.3452, par:64)
									idx65(Q:0.2423, par:56)
								idx57(Q:0.2865, distinct_name:0, dictinctin_value:-0.07115888508263095, par:46)
									idx486(Q:0.2905, distinct_name:2, dictinctin_value:1.3997870335092657, par:57)
										idx494(Q:0.2905, distinct_name:0, dictinctin_value:-0.07160732513030894, par:486)
											idx504(Q:0.2876, distinct_name:0, dictinctin_value:-0.08350405569893737, par:494)
												idx512(Q:0.2890, distinct_name:1, dictinctin_value:1.8788415154351898, par:504)
													idx522(Q:0.2733, distinct_name:1, dictinctin_value:1.7168001155290575, par:512)
														idx538(Q:0.2671, distinct_name:0, dictinctin_value:-0.08454829370887558, par:522)
															idx552(Q:0.2649, distinct_name:3, dictinctin_value:0.4530042815419259, par:538)
																idx556(Q:0.2663, distinct_name:0, dictinctin_value:-0.08608502852647902, par:552)
																	idx564(Q:0.2674, distinct_name:0, dictinctin_value:-0.08644796937551802, par:556)
																		idx574(Q:0.2671, distinct_name:0, dictinctin_value:-0.08717123163966492, par:564)
																			idx584(Q:0.2684, par:574)
																			idx585(Q:0.1069, par:574)
																		idx575(Q:0.3124, par:564)
																	idx565(Q:0.1341, par:556)
																idx557(Q:0.2231, par:552)
															idx553(Q:0.5355, par:538)
														idx539(Q:0.6590, par:522)
													idx523(Q:0.9474, par:512)
												idx513(Q:0.1098, par:504)
											idx505(Q:0.6691, par:494)
										idx495(Q:0.2877, par:486)
									idx487(Q:0.1811, par:57)
							idx47(Q:0.4267, par:40)
						idx41(Q:0.4226, distinct_name:3, dictinctin_value:1.2541204520301295, par:32)
							idx246(Q:0.4166, distinct_name:0, dictinctin_value:-0.05401988313827026, par:41)
								idx260(Q:0.4169, distinct_name:2, dictinctin_value:2.0807886731763334, par:246)
									idx276(Q:0.4026, distinct_name:2, dictinctin_value:1.8994422532815647, par:260)
										idx292(Q:0.3976, distinct_name:1, dictinctin_value:1.2716943858922887, par:276)
											idx306(Q:0.3741, distinct_name:2, dictinctin_value:1.8085097405850585, par:292)
												idx318(Q:0.3661, distinct_name:0, dictinctin_value:-0.06832580226386262, par:306)
													idx330(Q:0.3611, distinct_name:1, dictinctin_value:1.0161843934440484, par:318)
														idx342(Q:0.3531, distinct_name:0, dictinctin_value:-0.11082738421514442, par:330)
															idx356(Q:0.3493, distinct_name:0, dictinctin_value:-0.1239714467724242, par:342)
																idx370(Q:0.3495, distinct_name:1, dictinctin_value:0.8661774768232812, par:356)
																	idx382(Q:0.3445, distinct_name:0, dictinctin_value:-0.13038566790821624, par:370)
																		idx396(Q:0.3446, distinct_name:1, dictinctin_value:0.7685182247259327, par:382)
																			idx406(Q:0.3386, par:396)
																			idx407(Q:0.5266, par:396)
																		idx397(Q:0.3395, par:382)
																	idx383(Q:0.4871, par:370)
																idx371(Q:0.3328, par:356)
															idx357(Q:0.4015, par:342)
														idx343(Q:0.5057, par:330)
													idx331(Q:0.5325, par:318)
												idx319(Q:0.8472, par:306)
											idx307(Q:0.6151, par:292)
										idx293(Q:0.8474, par:276)
									idx277(Q:0.8999, par:260)
								idx261(Q:0.3940, par:246)
							idx247(Q:0.6656, par:41)
					idx33(Q:0.5588, distinct_name:2, dictinctin_value:1.8206658800741853, par:11)
						idx436(Q:0.5464, distinct_name:0, dictinctin_value:-0.055487221535360155, par:33)
							idx438(Q:0.5440, distinct_name:0, dictinctin_value:-0.06661868934946451, par:436)
								idx450(Q:0.5466, distinct_name:2, dictinctin_value:1.6280055741424861, par:438)
									idx458(Q:0.5361, distinct_name:2, dictinctin_value:1.4609118350831285, par:450)
										idx462(Q:0.5278, distinct_name:0, dictinctin_value:-0.06716992247771125, par:458)
											idx478(Q:0.5292, distinct_name:0, dictinctin_value:-0.06950841565798693, par:462)
												idx482(Q:0.5283, distinct_name:0, dictinctin_value:-0.07617984110574617, par:478)
													idx488(Q:0.5306, distinct_name:0, dictinctin_value:-0.09812148969449835, par:482)
														idx496(Q:0.5329, distinct_name:0, dictinctin_value:-0.10012482464779363, par:488)
															idx502(Q:0.5356, distinct_name:2, dictinctin_value:1.4064514939244364, par:496)
																idx514(Q:0.5326, distinct_name:2, dictinctin_value:1.318805451770871, par:502)
																	idx524(Q:0.5253, distinct_name:0, dictinctin_value:-0.11118736531331526, par:514)
																		idx532(Q:0.5253, distinct_name:0, dictinctin_value:-0.12850307532465371, par:524)
																			idx540(Q:0.5297, par:532)
																			idx541(Q:0.3246, par:532)
																		idx533(Q:0.5230, par:524)
																	idx525(Q:0.7980, par:514)
																idx515(Q:0.7615, par:502)
															idx503(Q:0.1239, par:496)
														idx497(Q:0.4727, par:488)
													idx489(Q:0.1612, par:482)
												idx483(Q:0.6779, par:478)
											idx479(Q:0.3023, par:462)
										idx463(Q:0.8671, par:458)
									idx459(Q:0.9828, par:450)
								idx451(Q:0.3190, par:438)
							idx439(Q:0.9613, par:436)
						idx437(Q:0.9142, par:33)
			idx9(Q:0.3470, distinct_name:1, dictinctin_value:1.4532912275447858, par:6)
				idx14(Q:0.3263, distinct_name:0, dictinctin_value:0.6708677617788001, par:9)
					idx16(Q:0.3427, distinct_name:0, dictinctin_value:0.5219929201544601, par:14)
						idx20(Q:0.3435, distinct_name:0, dictinctin_value:0.38200451643824146, par:16)
							idx26(Q:0.3491, distinct_name:0, dictinctin_value:0.29175973898130836, par:20)
								idx34(Q:0.3490, distinct_name:3, dictinctin_value:1.2405945003824483, par:26)
									idx42(Q:0.3239, distinct_name:2, dictinctin_value:1.6139678071673451, par:34)
										idx48(Q:0.3183, distinct_name:1, dictinctin_value:1.0148453699076618, par:42)
											idx58(Q:0.3073, distinct_name:2, dictinctin_value:0.8422101128546527, par:48)
												idx66(Q:0.3151, distinct_name:2, dictinctin_value:0.5718071591898053, par:58)
													idx74(Q:0.3282, distinct_name:2, dictinctin_value:0.3335199702259944, par:66)
														idx80(Q:0.3527, distinct_name:2, dictinctin_value:0.2585267021680285, par:74)
															idx86(Q:0.3606, distinct_name:2, dictinctin_value:0.13295569297273957, par:80)
																idx96(Q:0.3777, distinct_name:2, dictinctin_value:0.0933394603867821, par:86)
																	idx106(Q:0.3856, distinct_name:2, dictinctin_value:0.047951172568074005, par:96)
																		idx116(Q:0.3934, distinct_name:2, dictinctin_value:-0.0025517231675584334, par:106)
																			idx126(Q:0.4004, par:116)
																			idx127(Q:0.1400, par:116)
																		idx117(Q:0.1509, par:106)
																	idx107(Q:0.1114, par:96)
																idx97(Q:0.1320, par:86)
															idx87(Q:0.1594, par:80)
														idx81(Q:0.1535, par:74)
													idx75(Q:0.1998, par:66)
												idx67(Q:0.2661, distinct_name:0, dictinctin_value:0.284001031471605, par:58)
													idx506(Q:0.2649, distinct_name:0, dictinctin_value:0.28239410324000885, par:67)
														idx526(Q:0.2640, distinct_name:1, dictinctin_value:0.83535054985968, par:506)
															idx546(Q:0.2437, distinct_name:2, dictinctin_value:1.5992728183505887, par:526)
																idx554(Q:0.2456, distinct_name:0, dictinctin_value:0.27983576931814547, par:546)
																	idx558(Q:0.2465, distinct_name:2, dictinctin_value:1.5459775970266707, par:554)
																		idx566(Q:0.2385, distinct_name:2, dictinctin_value:1.5137425616672946, par:558)
																			idx576(Q:0.2386, par:566)
																			idx577(Q:0.2344, par:566)
																		idx567(Q:0.4496, par:558)
																	idx559(Q:0.1898, par:554)
																idx555(Q:0.1136, par:546)
															idx547(Q:0.7287, par:526)
														idx527(Q:0.3231, par:506)
													idx507(Q:0.3576, par:67)
											idx59(Q:0.4265, par:48)
										idx49(Q:0.4307, par:42)
									idx43(Q:0.5359, distinct_name:3, dictinctin_value:2.7956706813891117, par:34)
										idx490(Q:0.5227, distinct_name:0, dictinctin_value:0.28758459307995216, par:43)
											idx498(Q:0.5179, distinct_name:2, dictinctin_value:1.7926081731949, par:490)
												idx508(Q:0.5113, distinct_name:0, dictinctin_value:0.2865220549225975, par:498)
													idx516(Q:0.5107, distinct_name:0, dictinctin_value:0.2785989659591723, par:508)
														idx528(Q:0.5175, distinct_name:3, dictinctin_value:2.7261255458914433, par:516)
															idx534(Q:0.5206, distinct_name:0, dictinctin_value:0.2763906794093015, par:528)
																idx542(Q:0.5223, distinct_name:0, dictinctin_value:0.2703031142425218, par:534)
																	idx560(Q:0.5210, distinct_name:3, dictinctin_value:2.563708411050972, par:542)
																		idx568(Q:0.5171, distinct_name:2, dictinctin_value:1.5803350412841866, par:560)
																			idx578(Q:0.5075, par:568)
																			idx579(Q:0.7504, par:568)
																		idx569(Q:0.7699, par:560)
																	idx561(Q:0.6884, par:542)
																idx543(Q:0.3073, par:534)
															idx535(Q:0.3125, par:528)
														idx529(Q:0.2106, par:516)
													idx517(Q:0.5832, par:508)
												idx509(Q:0.9712, par:498)
											idx499(Q:1.1979, par:490)
										idx491(Q:0.9972, par:43)
								idx35(Q:0.3497, distinct_name:1, dictinctin_value:1.344826515865718, par:26)
									idx236(Q:0.3480, distinct_name:3, dictinctin_value:1.6897348587436034, par:35)
										idx248(Q:0.3323, distinct_name:1, dictinctin_value:1.2341402111364463, par:236)
											idx262(Q:0.3331, distinct_name:3, dictinctin_value:1.3356049450605056, par:248)
												idx278(Q:0.3227, distinct_name:2, dictinctin_value:1.6241822054726756, par:262)
													idx294(Q:0.3135, distinct_name:0, dictinctin_value:0.3731119474318981, par:278)
														idx320(Q:0.3099, distinct_name:3, dictinctin_value:1.2759579982069145, par:294)
															idx344(Q:0.3009, distinct_name:0, dictinctin_value:0.37304242798500226, par:320)
																idx358(Q:0.3007, distinct_name:0, dictinctin_value:0.3707677109507447, par:344)
																	idx372(Q:0.3022, distinct_name:0, dictinctin_value:0.3697040787425107, par:358)
																		idx384(Q:0.3028, distinct_name:2, dictinctin_value:1.3789177574365135, par:372)
																			idx398(Q:0.3012, par:384)
																			idx399(Q:0.3408, par:384)
																		idx385(Q:0.2750, par:372)
																	idx373(Q:0.2325, par:358)
																idx359(Q:0.3297, par:344)
															idx345(Q:0.6603, par:320)
														idx321(Q:0.3682, par:294)
													idx295(Q:0.5022, par:278)
												idx279(Q:0.5644, par:262)
											idx263(Q:0.2832, par:248)
										idx249(Q:0.6902, par:236)
									idx237(Q:0.4358, par:35)
							idx27(Q:0.3235, distinct_name:2, dictinctin_value:1.5527241962490086, par:20)
								idx156(Q:0.3188, distinct_name:0, dictinctin_value:0.5137061072990365, par:27)
									idx166(Q:0.3247, distinct_name:0, dictinctin_value:0.5083060291160676, par:156)
										idx174(Q:0.3261, distinct_name:1, dictinctin_value:1.235555391656205, par:166)
											idx182(Q:0.3251, distinct_name:0, dictinctin_value:0.499318407708209, par:174)
												idx190(Q:0.3302, distinct_name:3, dictinctin_value:1.6437138459193195, par:182)
													idx198(Q:0.3207, distinct_name:0, dictinctin_value:0.4978828276393789, par:190)
														idx208(Q:0.3228, distinct_name:2, dictinctin_value:1.3588453420210258, par:198)
															idx222(Q:0.3197, distinct_name:2, dictinctin_value:0.9721483625475897, par:208)
																idx238(Q:0.3215, distinct_name:0, dictinctin_value:0.4972801494332726, par:222)
																	idx250(Q:0.3197, distinct_name:2, dictinctin_value:0.944961054171824, par:238)
																		idx264(Q:0.3230, distinct_name:2, dictinctin_value:0.872803430709856, par:250)
																			idx280(Q:0.3280, par:264)
																			idx281(Q:0.2116, par:264)
																		idx265(Q:0.1370, par:250)
																	idx251(Q:0.5718, par:238)
																idx239(Q:0.2976, par:222)
															idx223(Q:0.4173, par:208)
														idx209(Q:0.1910, par:198)
													idx199(Q:0.6695, par:190)
												idx191(Q:0.2488, par:182)
											idx183(Q:0.3519, par:174)
										idx175(Q:0.2957, par:166)
									idx167(Q:0.2351, par:156)
								idx157(Q:0.4374, par:27)
						idx21(Q:0.3391, distinct_name:1, dictinctin_value:1.3201670622027022, par:16)
							idx150(Q:0.3373, distinct_name:1, dictinctin_value:1.2234607090751204, par:21)
								idx158(Q:0.3381, distinct_name:1, dictinctin_value:1.0226433736171432, par:150)
									idx168(Q:0.3327, distinct_name:0, dictinctin_value:0.6649352976939671, par:158)
										idx176(Q:0.3319, distinct_name:2, dictinctin_value:1.8028367177150562, par:168)
											idx184(Q:0.3294, distinct_name:3, dictinctin_value:1.321083281680176, par:176)
												idx210(Q:0.3115, distinct_name:1, dictinctin_value:0.7493197611500411, par:184)
													idx224(Q:0.3038, distinct_name:2, dictinctin_value:1.1954012588052898, par:210)
														idx266(Q:0.3035, distinct_name:1, dictinctin_value:0.6035401367847275, par:224)
															idx282(Q:0.3034, distinct_name:1, dictinctin_value:0.5166827335099701, par:266)
																idx296(Q:0.3088, distinct_name:0, dictinctin_value:0.663963378246939, par:282)
																	idx308(Q:0.3071, distinct_name:0, dictinctin_value:0.6638782806630827, par:296)
																		idx322(Q:0.3055, distinct_name:2, dictinctin_value:1.1091905022156634, par:308)
																			idx332(Q:0.3087, par:322)
																			idx333(Q:0.1630, par:322)
																		idx323(Q:0.7405, par:308)
																	idx309(Q:0.7765, par:296)
																idx297(Q:0.1677, par:282)
															idx283(Q:0.3045, par:266)
														idx267(Q:0.3078, par:224)
													idx225(Q:0.3746, par:210)
												idx211(Q:0.5474, par:184)
											idx185(Q:0.4116, par:176)
										idx177(Q:0.3493, par:168)
									idx169(Q:0.4912, par:158)
								idx159(Q:0.2684, par:150)
							idx151(Q:0.4317, par:21)
					idx17(Q:0.3084, distinct_name:3, dictinctin_value:0.8871619234739136, par:14)
						idx22(Q:0.2761, distinct_name:1, dictinctin_value:0.895274831679809, par:17)
							idx28(Q:0.2612, distinct_name:3, dictinctin_value:0.4147697243292515, par:22)
								idx36(Q:0.2535, distinct_name:3, dictinctin_value:-0.009439492879810042, par:28)
									idx50(Q:0.2494, distinct_name:0, dictinctin_value:2.3121117874404824, par:36)
										idx52(Q:0.2508, distinct_name:0, dictinctin_value:1.9483716250181808, par:50)
											idx60(Q:0.2540, distinct_name:3, dictinctin_value:-0.018025248765568658, par:52)
												idx68(Q:0.2615, distinct_name:2, dictinctin_value:0.8033765660185509, par:60)
													idx88(Q:0.2688, distinct_name:2, dictinctin_value:0.6003623148969123, par:68)
														idx98(Q:0.2766, distinct_name:2, dictinctin_value:0.5329635912790776, par:88)
															idx108(Q:0.2810, distinct_name:2, dictinctin_value:0.3621996786015208, par:98)
																idx118(Q:0.2952, distinct_name:3, dictinctin_value:-0.05260374571449391, par:108)
																	idx128(Q:0.2976, distinct_name:2, dictinctin_value:0.22149263805201816, par:118)
																		idx134(Q:0.3122, distinct_name:2, dictinctin_value:0.13324256965432388, par:128)
																			idx140(Q:0.3241, par:134)
																			idx141(Q:0.1344, par:134)
																		idx135(Q:0.1467, par:128)
																	idx129(Q:0.2252, par:118)
																idx119(Q:0.1479, par:108)
															idx109(Q:0.1699, par:98)
														idx99(Q:0.1639, par:88)
													idx89(Q:0.2348, distinct_name:0, dictinctin_value:1.9001636825637473, par:68)
														idx420(Q:0.2330, distinct_name:0, dictinctin_value:1.8970534364477791, par:89)
															idx428(Q:0.2331, distinct_name:0, dictinctin_value:1.7864713255325577, par:420)
																idx434(Q:0.2353, distinct_name:0, dictinctin_value:1.7345810667045185, par:428)
																	idx440(Q:0.2325, distinct_name:0, dictinctin_value:1.7300479805066988, par:434)
																		idx446(Q:0.2330, distinct_name:0, dictinctin_value:1.6826477660222412, par:440)
																			idx452(Q:0.2314, par:446)
																			idx453(Q:0.2928, par:446)
																		idx447(Q:0.1492, par:440)
																	idx441(Q:0.3084, par:434)
																idx435(Q:0.1741, par:428)
															idx429(Q:0.2144, par:420)
														idx421(Q:0.2937, par:89)
												idx69(Q:0.1940, par:60)
											idx61(Q:0.1994, par:52)
										idx53(Q:0.1887, par:50)
									idx51(Q:0.2663, distinct_name:0, dictinctin_value:2.2255864685353126, par:36)
										idx268(Q:0.2674, distinct_name:0, dictinctin_value:1.8770234609938123, par:51)
											idx284(Q:0.2680, distinct_name:1, dictinctin_value:0.8208254329434517, par:268)
												idx298(Q:0.2696, distinct_name:0, dictinctin_value:1.7199871451158526, par:284)
													idx310(Q:0.2692, distinct_name:3, dictinctin_value:0.39481973457279324, par:298)
														idx346(Q:0.2704, distinct_name:2, dictinctin_value:2.0591657816242117, par:310)
															idx360(Q:0.2599, distinct_name:2, dictinctin_value:1.6416632040499568, par:346)
																idx374(Q:0.2591, distinct_name:0, dictinctin_value:1.6846076849979201, par:360)
																	idx386(Q:0.2578, distinct_name:2, dictinctin_value:1.5364517172370076, par:374)
																		idx400(Q:0.2569, distinct_name:2, dictinctin_value:1.321416179085615, par:386)
																			idx408(Q:0.2549, par:400)
																			idx409(Q:0.3184, par:400)
																		idx401(Q:0.2993, par:386)
																	idx387(Q:0.3396, par:374)
																idx375(Q:0.3030, par:360)
															idx361(Q:0.6598, par:346)
														idx347(Q:0.2293, par:310)
													idx311(Q:0.2816, par:298)
												idx299(Q:0.2089, par:284)
											idx285(Q:0.2572, par:268)
										idx269(Q:0.2326, par:51)
								idx37(Q:0.2971, distinct_name:1, dictinctin_value:0.7946772031835798, par:28)
									idx312(Q:0.2908, distinct_name:2, dictinctin_value:1.9378572482198, par:37)
										idx324(Q:0.2840, distinct_name:0, dictinctin_value:2.1880833067537604, par:312)
											idx334(Q:0.2844, distinct_name:0, dictinctin_value:2.1673152418059, par:324)
												idx348(Q:0.2823, distinct_name:0, dictinctin_value:2.0644684179947266, par:334)
													idx362(Q:0.2811, distinct_name:2, dictinctin_value:1.6060442338491094, par:348)
														idx376(Q:0.2729, distinct_name:0, dictinctin_value:1.8821116949330967, par:362)
															idx388(Q:0.2762, distinct_name:2, dictinctin_value:1.5867185725408008, par:376)
																idx402(Q:0.2763, distinct_name:0, dictinctin_value:1.8162737627685595, par:388)
																	idx410(Q:0.2790, distinct_name:2, dictinctin_value:1.474613989336331, par:402)
																		idx414(Q:0.2751, distinct_name:2, dictinctin_value:1.322085439542282, par:410)
																			idx422(Q:0.2752, par:414)
																			idx423(Q:0.2720, par:414)
																		idx415(Q:0.7277, par:410)
																	idx411(Q:0.1206, par:402)
																idx403(Q:0.2603, par:388)
															idx389(Q:0.1585, par:376)
														idx377(Q:0.5362, par:362)
													idx363(Q:0.3418, par:348)
												idx349(Q:0.4213, par:334)
											idx335(Q:0.2633, par:324)
										idx325(Q:0.5989, par:312)
									idx313(Q:0.4699, par:37)
							idx29(Q:0.3894, distinct_name:0, dictinctin_value:2.44084525907838, par:22)
								idx336(Q:0.3906, distinct_name:0, dictinctin_value:2.3332385876998147, par:29)
									idx350(Q:0.3927, distinct_name:2, dictinctin_value:1.313989803673234, par:336)
										idx364(Q:0.3611, distinct_name:2, dictinctin_value:1.2075088067941002, par:350)
											idx378(Q:0.3587, distinct_name:0, dictinctin_value:2.3276851139515355, par:364)
												idx390(Q:0.3577, distinct_name:2, dictinctin_value:1.1566628366759308, par:378)
													idx404(Q:0.3500, distinct_name:2, dictinctin_value:1.049026714172236, par:390)
														idx412(Q:0.3470, distinct_name:2, dictinctin_value:1.0138168631315498, par:404)
															idx418(Q:0.3445, distinct_name:0, dictinctin_value:2.3136303024689413, par:412)
																idx424(Q:0.3444, distinct_name:1, dictinctin_value:1.4142431093508798, par:418)
																	idx430(Q:0.3484, distinct_name:0, dictinctin_value:2.2572655688242222, par:424)
																		idx442(Q:0.3482, distinct_name:0, dictinctin_value:2.2507333712501807, par:430)
																			idx454(Q:0.3481, par:442)
																			idx455(Q:0.3551, par:442)
																		idx443(Q:0.3689, par:430)
																	idx431(Q:0.2625, par:424)
																idx425(Q:0.3611, par:418)
															idx419(Q:0.4918, par:412)
														idx413(Q:0.5241, par:404)
													idx405(Q:0.6303, par:390)
												idx391(Q:0.5313, par:378)
											idx379(Q:0.5828, par:364)
										idx365(Q:0.6713, par:350)
									idx351(Q:0.2484, par:336)
								idx337(Q:0.2579, par:29)
						idx23(Q:0.4641, distinct_name:0, dictinctin_value:2.1444723574903684, par:17)
							idx160(Q:0.4642, distinct_name:0, dictinctin_value:2.133798778100152, par:23)
								idx170(Q:0.4645, distinct_name:2, dictinctin_value:1.564504591409782, par:160)
									idx178(Q:0.4416, distinct_name:2, dictinctin_value:1.4113473869711974, par:170)
										idx186(Q:0.4357, distinct_name:0, dictinctin_value:2.1063540893171067, par:178)
											idx192(Q:0.4364, distinct_name:2, dictinctin_value:1.2195161175228741, par:186)
												idx200(Q:0.4315, distinct_name:0, dictinctin_value:1.9676721667093595, par:192)
													idx212(Q:0.4298, distinct_name:0, dictinctin_value:1.8926417272552991, par:200)
														idx226(Q:0.4302, distinct_name:0, dictinctin_value:1.7713311316515392, par:212)
															idx252(Q:0.4343, distinct_name:1, dictinctin_value:1.3213229930390704, par:226)
																idx270(Q:0.4300, distinct_name:0, dictinctin_value:1.7442155745503336, par:252)
																	idx300(Q:0.4284, distinct_name:0, dictinctin_value:1.3536781616204123, par:270)
																		idx392(Q:0.4297, distinct_name:0, dictinctin_value:1.2274516322533688, par:300)
																			idx416(Q:0.4301, par:392)
																			idx417(Q:0.4270, par:392)
																		idx393(Q:0.4227, par:300)
																	idx301(Q:0.6548, par:270)
																idx271(Q:0.6092, par:252)
															idx253(Q:0.3127, par:226)
														idx227(Q:0.4130, par:212)
													idx213(Q:0.4843, par:200)
												idx201(Q:0.5477, par:192)
											idx193(Q:0.3158, par:186)
										idx187(Q:0.6615, par:178)
									idx179(Q:0.8548, par:170)
								idx171(Q:0.3511, par:160)
							idx161(Q:0.4618, par:23)
				idx15(Q:0.6091, distinct_name:2, dictinctin_value:1.9938158806166744, par:9)
					idx194(Q:0.5983, distinct_name:3, dictinctin_value:2.0149638943737203, par:15)
						idx202(Q:0.5880, distinct_name:3, dictinctin_value:1.626087400144554, par:194)
							idx214(Q:0.5841, distinct_name:1, dictinctin_value:2.6727016574162166, par:202)
								idx228(Q:0.5725, distinct_name:2, dictinctin_value:1.776904010924299, par:214)
									idx240(Q:0.5673, distinct_name:2, dictinctin_value:1.4203463682180766, par:228)
										idx254(Q:0.5554, distinct_name:0, dictinctin_value:2.115573493736756, par:240)
											idx272(Q:0.5561, distinct_name:2, dictinctin_value:1.306259966260203, par:254)
												idx286(Q:0.5438, distinct_name:2, dictinctin_value:1.2529155214914378, par:272)
													idx302(Q:0.5400, distinct_name:2, dictinctin_value:0.808199081795812, par:286)
														idx314(Q:0.5169, distinct_name:2, dictinctin_value:0.7214446989843575, par:302)
															idx326(Q:0.5094, distinct_name:2, dictinctin_value:0.7041168221107604, par:314)
																idx338(Q:0.5087, distinct_name:0, dictinctin_value:2.1110030599556926, par:326)
																	idx352(Q:0.5094, distinct_name:0, dictinctin_value:2.0312710900603177, par:338)
																		idx366(Q:0.5077, distinct_name:2, dictinctin_value:0.6878681581259294, par:352)
																			idx394(Q:0.5058, par:366)
																			idx395(Q:0.7374, par:366)
																		idx367(Q:0.6383, par:352)
																	idx353(Q:0.3397, par:338)
																idx339(Q:0.6013, par:326)
															idx327(Q:0.6820, par:314)
														idx315(Q:0.8465, par:302)
													idx303(Q:0.8049, par:286)
												idx287(Q:0.8402, par:272)
											idx273(Q:0.5122, par:254)
										idx255(Q:0.7995, par:240)
									idx241(Q:0.8938, par:228)
								idx229(Q:0.7859, par:214)
							idx215(Q:0.7165, par:202)
						idx203(Q:0.9193, par:194)
					idx195(Q:0.9885, par:15)
		idx7(Q:0.3927, par:4)
	idx5(Q:0.2857, par:1)
