WARNING:tensorflow:From /Users/keithwu/opt/anaconda3/envs/auction-gym/lib/python3.10/site-packages/tensorflow/python/compat/v2_compat.py:107: disable_resource_variables (from tensorflow.python.ops.variable_scope) is deprecated and will be removed in a future version.
Instructions for updating:
non-resource variables are not supported in the long term
<_io.TextIOWrapper name='<stderr>' mode='w' encoding='utf-8'> reading from ../UTree_model_numpy/DR/model_boost_linear_qsplit_noabs_save/, starting at 96
<_io.TextIOWrapper name='<stderr>' mode='w' encoding='utf-8'> =============== update starts ===============
(average_diff:0.018765988652486805, max_diff:0.12041534043022661, training_epochs:500, lr:0.05)
<_io.TextIOWrapper name='<stderr>' mode='w' encoding='utf-8'> node index is 111
train linear regression time:  0.061841709073632956
(average_diff:0.015426390940549609, max_diff:0.095358322246784, training_epochs:500, lr:0.05)
<_io.TextIOWrapper name='<stderr>' mode='w' encoding='utf-8'> node index is 101
train linear regression time:  0.05300183407962322
(average_diff:0.008606634044567466, max_diff:0.04393419521188391, training_epochs:500, lr:0.05)
<_io.TextIOWrapper name='<stderr>' mode='w' encoding='utf-8'> node index is 91
train linear regression time:  0.05416683340445161
(average_diff:0.016027092405253504, max_diff:0.1896817965068865, training_epochs:500, lr:0.05)
<_io.TextIOWrapper name='<stderr>' mode='w' encoding='utf-8'> node index is 83
train linear regression time:  0.054479666985571384
(average_diff:0.022485187861009785, max_diff:0.21712475598645659, training_epochs:500, lr:0.05)
<_io.TextIOWrapper name='<stderr>' mode='w' encoding='utf-8'> node index is 77
train linear regression time:  0.053427333012223244
(average_diff:0.045638977462771145, max_diff:0.2708733359377851, training_epochs:500, lr:0.05)
<_io.TextIOWrapper name='<stderr>' mode='w' encoding='utf-8'> node index is 606
train linear regression time:  0.06079691695049405
(average_diff:1.3877787807814457e-17, max_diff:2.7755575615628914e-17, training_epochs:500, lr:0.05)
<_io.TextIOWrapper name='<stderr>' mode='w' encoding='utf-8'> node index is 607
train linear regression time:  0.053944624960422516
(average_diff:1.096345236817342e-15, max_diff:1.5265566588595902e-15, training_epochs:500, lr:0.05)
<_io.TextIOWrapper name='<stderr>' mode='w' encoding='utf-8'> node index is 605
train linear regression time:  0.052014625165611506
(average_diff:0.0, max_diff:0.0, training_epochs:500, lr:0.05)
<_io.TextIOWrapper name='<stderr>' mode='w' encoding='utf-8'> node index is 603
train linear regression time:  0.05266770767048001
(average_diff:0.0506112383615232, max_diff:0.21427707646457272, training_epochs:500, lr:0.05)
<_io.TextIOWrapper name='<stderr>' mode='w' encoding='utf-8'> node index is 63
train linear regression time:  0.05349937500432134
(average_diff:0.04174458201540745, max_diff:0.08680086221731129, training_epochs:500, lr:0.05)
<_io.TextIOWrapper name='<stderr>' mode='w' encoding='utf-8'> node index is 501
train linear regression time:  0.05222850013524294
(average_diff:8.200495837940025e-12, max_diff:8.531897410790634e-12, training_epochs:500, lr:0.05)
<_io.TextIOWrapper name='<stderr>' mode='w' encoding='utf-8'> node index is 493
train linear regression time:  0.05199924996122718
(average_diff:6.730727086790012e-16, max_diff:7.91033905045424e-16, training_epochs:500, lr:0.05)
<_io.TextIOWrapper name='<stderr>' mode='w' encoding='utf-8'> node index is 485
train linear regression time:  0.05263012461364269
(average_diff:0.001514155952249507, max_diff:0.0037573529883907497, training_epochs:500, lr:0.05)
<_io.TextIOWrapper name='<stderr>' mode='w' encoding='utf-8'> node index is 481
train linear regression time:  0.053323750384151936
(average_diff:2.7755575615628914e-17, max_diff:2.7755575615628914e-17, training_epochs:500, lr:0.05)
<_io.TextIOWrapper name='<stderr>' mode='w' encoding='utf-8'> node index is 475
train linear regression time:  0.05217416677623987
(average_diff:0.0033054003816179386, max_diff:0.00482431572961084, training_epochs:500, lr:0.05)
<_io.TextIOWrapper name='<stderr>' mode='w' encoding='utf-8'> node index is 469
train linear regression time:  0.05210470827296376
(average_diff:0.006901332365876994, max_diff:0.009162311751674812, training_epochs:500, lr:0.05)
<_io.TextIOWrapper name='<stderr>' mode='w' encoding='utf-8'> node index is 465
train linear regression time:  0.052208750043064356
(average_diff:0.004014143693750953, max_diff:0.0061191047200926385, training_epochs:500, lr:0.05)
<_io.TextIOWrapper name='<stderr>' mode='w' encoding='utf-8'> node index is 587
train linear regression time:  0.05254062497988343
(average_diff:1.734723475976807e-16, max_diff:2.636779683484747e-16, training_epochs:500, lr:0.05)
<_io.TextIOWrapper name='<stderr>' mode='w' encoding='utf-8'> node index is 581
train linear regression time:  0.052007333375513554
(average_diff:0.005064240848763158, max_diff:0.007822834755759955, training_epochs:500, lr:0.05)
<_io.TextIOWrapper name='<stderr>' mode='w' encoding='utf-8'> node index is 571
train linear regression time:  0.051618667319417
(average_diff:3.3306690738754696e-16, max_diff:3.3306690738754696e-16, training_epochs:500, lr:0.05)
<_io.TextIOWrapper name='<stderr>' mode='w' encoding='utf-8'> node index is 549
train linear regression time:  0.05247774999588728
(average_diff:0.0019954460323546677, max_diff:0.0030064269006085387, training_epochs:500, lr:0.05)
<_io.TextIOWrapper name='<stderr>' mode='w' encoding='utf-8'> node index is 537
train linear regression time:  0.05240466585382819
(average_diff:0.0005805057090083387, max_diff:0.0012970352099810345, training_epochs:500, lr:0.05)
<_io.TextIOWrapper name='<stderr>' mode='w' encoding='utf-8'> node index is 531
train linear regression time:  0.0527942911721766
(average_diff:1.2087553180606392e-12, max_diff:1.8883228314336975e-12, training_epochs:500, lr:0.05)
<_io.TextIOWrapper name='<stderr>' mode='w' encoding='utf-8'> node index is 521
train linear regression time:  0.056438874918967485
(average_diff:0.0008788807478343671, max_diff:0.0013747623360491484, training_epochs:500, lr:0.05)
<_io.TextIOWrapper name='<stderr>' mode='w' encoding='utf-8'> node index is 511
train linear regression time:  0.05366129195317626
(average_diff:0.0025792069357110647, max_diff:0.0038235113788158692, training_epochs:500, lr:0.05)
<_io.TextIOWrapper name='<stderr>' mode='w' encoding='utf-8'> node index is 473
train linear regression time:  0.05605220841243863
(average_diff:2.8449465006019636e-16, max_diff:3.7470027081099033e-16, training_epochs:500, lr:0.05)
<_io.TextIOWrapper name='<stderr>' mode='w' encoding='utf-8'> node index is 471
train linear regression time:  0.057494041975587606
(average_diff:1.2073675392798577e-15, max_diff:1.304512053934559e-15, training_epochs:500, lr:0.05)
<_io.TextIOWrapper name='<stderr>' mode='w' encoding='utf-8'> node index is 467
train linear regression time:  0.05814445810392499
(average_diff:0.0015734079716466613, max_diff:0.0027565055513333048, training_epochs:500, lr:0.05)
<_io.TextIOWrapper name='<stderr>' mode='w' encoding='utf-8'> node index is 461
train linear regression time:  0.056491291616111994
(average_diff:0.02641238400271978, max_diff:0.06592437585938293, training_epochs:500, lr:0.05)
<_io.TextIOWrapper name='<stderr>' mode='w' encoding='utf-8'> node index is 457
train linear regression time:  0.054507582914084196
(average_diff:3.3306690738754696e-16, max_diff:3.3306690738754696e-16, training_epochs:500, lr:0.05)
<_io.TextIOWrapper name='<stderr>' mode='w' encoding='utf-8'> node index is 449
train linear regression time:  0.05246916692703962
(average_diff:2.5673907444456745e-16, max_diff:4.0245584642661925e-16, training_epochs:500, lr:0.05)
<_io.TextIOWrapper name='<stderr>' mode='w' encoding='utf-8'> node index is 445
train linear regression time:  0.05317287519574165
(average_diff:0.0003603595753953071, max_diff:0.0006737203139121628, training_epochs:500, lr:0.05)
<_io.TextIOWrapper name='<stderr>' mode='w' encoding='utf-8'> node index is 433
train linear regression time:  0.052111958153545856
(average_diff:9.122650488517052e-05, max_diff:0.00013531850132425527, training_epochs:500, lr:0.05)
<_io.TextIOWrapper name='<stderr>' mode='w' encoding='utf-8'> node index is 427
train linear regression time:  0.05204629199579358
(average_diff:1.1102230246251565e-16, max_diff:1.6653345369377348e-16, training_epochs:500, lr:0.05)
<_io.TextIOWrapper name='<stderr>' mode='w' encoding='utf-8'> node index is 599
train linear regression time:  0.05248137516900897
(average_diff:2.3245294578089215e-16, max_diff:2.914335439641036e-16, training_epochs:500, lr:0.05)
<_io.TextIOWrapper name='<stderr>' mode='w' encoding='utf-8'> node index is 597
train linear regression time:  0.05364099983125925
(average_diff:0.007945801934873223, max_diff:0.012073146494108372, training_epochs:500, lr:0.05)
<_io.TextIOWrapper name='<stderr>' mode='w' encoding='utf-8'> node index is 595
train linear regression time:  0.05275991605594754
(average_diff:5.551115123125783e-17, max_diff:5.551115123125783e-17, training_epochs:500, lr:0.05)
<_io.TextIOWrapper name='<stderr>' mode='w' encoding='utf-8'> node index is 593
train linear regression time:  0.05361045803874731
(average_diff:3.816391647148976e-15, max_diff:4.274358644806853e-15, training_epochs:500, lr:0.05)
<_io.TextIOWrapper name='<stderr>' mode='w' encoding='utf-8'> node index is 589
train linear regression time:  0.052353749983012676
(average_diff:5.551115123125783e-17, max_diff:5.551115123125783e-17, training_epochs:500, lr:0.05)
<_io.TextIOWrapper name='<stderr>' mode='w' encoding='utf-8'> node index is 583
train linear regression time:  0.053652916103601456
(average_diff:8.280413391995959e-16, max_diff:1.7763568394002505e-15, training_epochs:500, lr:0.05)
<_io.TextIOWrapper name='<stderr>' mode='w' encoding='utf-8'> node index is 573
train linear regression time:  0.053199542220681906
(average_diff:0.013166159269967332, max_diff:0.02598911211746896, training_epochs:500, lr:0.05)
<_io.TextIOWrapper name='<stderr>' mode='w' encoding='utf-8'> node index is 563
train linear regression time:  0.05337387463077903
(average_diff:1.005384664409803e-11, max_diff:1.3687190270061933e-11, training_epochs:500, lr:0.05)
<_io.TextIOWrapper name='<stderr>' mode='w' encoding='utf-8'> node index is 551
train linear regression time:  0.052589124999940395
(average_diff:5.551115123125783e-17, max_diff:5.551115123125783e-17, training_epochs:500, lr:0.05)
<_io.TextIOWrapper name='<stderr>' mode='w' encoding='utf-8'> node index is 545
train linear regression time:  0.05241808434948325
(average_diff:1.0374706818823871e-06, max_diff:1.6786978259686336e-06, training_epochs:500, lr:0.05)
<_io.TextIOWrapper name='<stderr>' mode='w' encoding='utf-8'> node index is 369
train linear regression time:  0.05412500025704503
(average_diff:0.007107519958493125, max_diff:0.013999498318150172, training_epochs:500, lr:0.05)
<_io.TextIOWrapper name='<stderr>' mode='w' encoding='utf-8'> node index is 355
train linear regression time:  0.05501174973323941
(average_diff:0.020669120809361164, max_diff:0.03925347202855678, training_epochs:500, lr:0.05)
<_io.TextIOWrapper name='<stderr>' mode='w' encoding='utf-8'> node index is 341
train linear regression time:  0.05320933414623141
(average_diff:0.09178621809998436, max_diff:0.1814184980995459, training_epochs:500, lr:0.05)
<_io.TextIOWrapper name='<stderr>' mode='w' encoding='utf-8'> node index is 329
train linear regression time:  0.05367575027048588
(average_diff:0.012076038136215621, max_diff:0.016349782424205622, training_epochs:500, lr:0.05)
<_io.TextIOWrapper name='<stderr>' mode='w' encoding='utf-8'> node index is 317
train linear regression time:  0.05282958364114165
(average_diff:0.06637107272992089, max_diff:0.2140524039546561, training_epochs:500, lr:0.05)
<_io.TextIOWrapper name='<stderr>' mode='w' encoding='utf-8'> node index is 305
train linear regression time:  0.05289554130285978
(average_diff:0.0046734740081310665, max_diff:0.006573430604468078, training_epochs:500, lr:0.05)
<_io.TextIOWrapper name='<stderr>' mode='w' encoding='utf-8'> node index is 289
train linear regression time:  0.052779000252485275
(average_diff:0.005922735274372741, max_diff:0.011523866448658882, training_epochs:500, lr:0.05)
<_io.TextIOWrapper name='<stderr>' mode='w' encoding='utf-8'> node index is 257
train linear regression time:  0.06119325011968613
(average_diff:0.07586636063757715, max_diff:0.20272092098348266, training_epochs:500, lr:0.05)
<_io.TextIOWrapper name='<stderr>' mode='w' encoding='utf-8'> node index is 243
train linear regression time:  0.0596132087521255
(average_diff:0.009442024370219487, max_diff:0.014381438498925786, training_epochs:500, lr:0.05)
<_io.TextIOWrapper name='<stderr>' mode='w' encoding='utf-8'> node index is 231
train linear regression time:  0.05585366673767567
(average_diff:0.09023934573388379, max_diff:0.18987065836250253, training_epochs:500, lr:0.05)
<_io.TextIOWrapper name='<stderr>' mode='w' encoding='utf-8'> node index is 217
train linear regression time:  0.05232070805504918
(average_diff:0.020946073378264755, max_diff:0.0419474627417451, training_epochs:500, lr:0.05)
<_io.TextIOWrapper name='<stderr>' mode='w' encoding='utf-8'> node index is 275
train linear regression time:  0.054340540897101164
(average_diff:0.01238693982233023, max_diff:0.025282598682994983, training_epochs:500, lr:0.05)
<_io.TextIOWrapper name='<stderr>' mode='w' encoding='utf-8'> node index is 259
train linear regression time:  0.055596791207790375
(average_diff:0.042507254080079764, max_diff:0.07746845144496317, training_epochs:500, lr:0.05)
<_io.TextIOWrapper name='<stderr>' mode='w' encoding='utf-8'> node index is 245
train linear regression time:  0.05634404066950083
(average_diff:0.030485182931730127, max_diff:0.20385002331040764, training_epochs:500, lr:0.05)
<_io.TextIOWrapper name='<stderr>' mode='w' encoding='utf-8'> node index is 233
train linear regression time:  0.055029917042702436
(average_diff:3.915598599760206e-05, max_diff:7.920004009670523e-05, training_epochs:500, lr:0.05)
<_io.TextIOWrapper name='<stderr>' mode='w' encoding='utf-8'> node index is 219
train linear regression time:  0.05245116725564003
(average_diff:0.005742237650726623, max_diff:0.012584289386764702, training_epochs:500, lr:0.05)
<_io.TextIOWrapper name='<stderr>' mode='w' encoding='utf-8'> node index is 205
train linear regression time:  0.052121249958872795
(average_diff:0.02128346790686713, max_diff:0.05234958900879383, training_epochs:500, lr:0.05)
<_io.TextIOWrapper name='<stderr>' mode='w' encoding='utf-8'> node index is 197
train linear regression time:  0.05287137487903237
(average_diff:0.0293119054262224, max_diff:0.09408725961839998, training_epochs:500, lr:0.05)
<_io.TextIOWrapper name='<stderr>' mode='w' encoding='utf-8'> node index is 189
train linear regression time:  0.052597582805901766
(average_diff:0.040038522688907, max_diff:0.18634712140462617, training_epochs:500, lr:0.05)
<_io.TextIOWrapper name='<stderr>' mode='w' encoding='utf-8'> node index is 181
train linear regression time:  0.05308029195293784
(average_diff:0.025616802284681713, max_diff:0.06308783136218277, training_epochs:500, lr:0.05)
<_io.TextIOWrapper name='<stderr>' mode='w' encoding='utf-8'> node index is 173
train linear regression time:  0.05365695897489786
(average_diff:0.027683604236277644, max_diff:0.10486664946837132, training_epochs:500, lr:0.05)
<_io.TextIOWrapper name='<stderr>' mode='w' encoding='utf-8'> node index is 163
train linear regression time:  0.05259058345109224
(average_diff:0.0, max_diff:0.0, training_epochs:500, lr:0.05)
<_io.TextIOWrapper name='<stderr>' mode='w' encoding='utf-8'> node index is 153
train linear regression time:  0.05203541601076722
(average_diff:8.90103292877642e-08, max_diff:1.7068249580365347e-07, training_epochs:500, lr:0.05)
<_io.TextIOWrapper name='<stderr>' mode='w' encoding='utf-8'> node index is 221
train linear regression time:  0.05254420777782798
(average_diff:0.11980288287997105, max_diff:0.37823815669900496, training_epochs:500, lr:0.05)
<_io.TextIOWrapper name='<stderr>' mode='w' encoding='utf-8'> node index is 207
train linear regression time:  0.05359029117971659
(average_diff:0.15594513892316558, max_diff:0.664639274757587, training_epochs:500, lr:0.05)
<_io.TextIOWrapper name='<stderr>' mode='w' encoding='utf-8'> node index is 165
train linear regression time:  0.0594799998216331
(average_diff:0.11572641928002424, max_diff:0.3126679496969611, training_epochs:500, lr:0.05)
<_io.TextIOWrapper name='<stderr>' mode='w' encoding='utf-8'> node index is 155
train linear regression time:  0.05572479171678424
(average_diff:0.15743581316050545, max_diff:0.2668983251615713, training_epochs:500, lr:0.05)
<_io.TextIOWrapper name='<stderr>' mode='w' encoding='utf-8'> node index is 149
train linear regression time:  0.05623666709288955
(average_diff:0.0488856642977014, max_diff:0.14745731596529896, training_epochs:500, lr:0.05)
<_io.TextIOWrapper name='<stderr>' mode='w' encoding='utf-8'> node index is 147
train linear regression time:  0.05728075001388788
(average_diff:0.04867071678812661, max_diff:0.16958747335490387, training_epochs:500, lr:0.05)
<_io.TextIOWrapper name='<stderr>' mode='w' encoding='utf-8'> node index is 143
train linear regression time:  0.05806437507271767
(average_diff:0.03416192664719812, max_diff:0.09325405042658341, training_epochs:500, lr:0.05)
<_io.TextIOWrapper name='<stderr>' mode='w' encoding='utf-8'> node index is 137
train linear regression time:  0.05675374995917082
(average_diff:0.04532450928244958, max_diff:0.14924463757791628, training_epochs:500, lr:0.05)
<_io.TextIOWrapper name='<stderr>' mode='w' encoding='utf-8'> node index is 131
train linear regression time:  0.05671787541359663
(average_diff:0.029466104916102447, max_diff:0.0675411744510474, training_epochs:500, lr:0.05)
<_io.TextIOWrapper name='<stderr>' mode='w' encoding='utf-8'> node index is 123
train linear regression time:  0.054029082879424095
(average_diff:0.03405890095082578, max_diff:0.10667823510506791, training_epochs:500, lr:0.05)
<_io.TextIOWrapper name='<stderr>' mode='w' encoding='utf-8'> node index is 113
train linear regression time:  0.05344133311882615
(average_diff:0.09106357588887605, max_diff:0.5659554871041194, training_epochs:500, lr:0.05)
<_io.TextIOWrapper name='<stderr>' mode='w' encoding='utf-8'> node index is 103
train linear regression time:  0.05385270807892084
(average_diff:0.041838381167873535, max_diff:0.17428658056542123, training_epochs:500, lr:0.05)
<_io.TextIOWrapper name='<stderr>' mode='w' encoding='utf-8'> node index is 93
train linear regression time:  0.05325345788151026
(average_diff:0.022130370909576494, max_diff:0.09481177360273499, training_epochs:500, lr:0.05)
<_io.TextIOWrapper name='<stderr>' mode='w' encoding='utf-8'> node index is 139
train linear regression time:  0.052518332842737436
(average_diff:0.06102886776081817, max_diff:0.21144775220603895, training_epochs:500, lr:0.05)
<_io.TextIOWrapper name='<stderr>' mode='w' encoding='utf-8'> node index is 133
train linear regression time:  0.052657249849289656
(average_diff:0.03462490558563879, max_diff:0.20666860616303317, training_epochs:500, lr:0.05)
<_io.TextIOWrapper name='<stderr>' mode='w' encoding='utf-8'> node index is 125
train linear regression time:  0.05274450033903122
(average_diff:0.0799761984420104, max_diff:0.2865792517249647, training_epochs:500, lr:0.05)
<_io.TextIOWrapper name='<stderr>' mode='w' encoding='utf-8'> node index is 115
train linear regression time:  0.054977957624942064
(average_diff:0.07623679079778808, max_diff:0.30742169018910637, training_epochs:500, lr:0.05)
<_io.TextIOWrapper name='<stderr>' mode='w' encoding='utf-8'> node index is 105
train linear regression time:  0.052226874977350235
(average_diff:0.06283078331267726, max_diff:0.21099735377690976, training_epochs:500, lr:0.05)
<_io.TextIOWrapper name='<stderr>' mode='w' encoding='utf-8'> node index is 95
train linear regression time:  0.05364870931953192
(average_diff:0.06762307340530617, max_diff:0.24735053771324977, training_epochs:500, lr:0.05)
<_io.TextIOWrapper name='<stderr>' mode='w' encoding='utf-8'> node index is 85
train linear regression time:  0.05235962476581335
(average_diff:0.0786330146447894, max_diff:0.2503675979929974, training_epochs:500, lr:0.05)
<_io.TextIOWrapper name='<stderr>' mode='w' encoding='utf-8'> node index is 79
train linear regression time:  0.05327541660517454
(average_diff:0.1034490235635939, max_diff:0.4332897774649047, training_epochs:500, lr:0.05)
<_io.TextIOWrapper name='<stderr>' mode='w' encoding='utf-8'> node index is 73
train linear regression time:  0.059470708947628736
(average_diff:0.08002158684346576, max_diff:0.3693139720916458, training_epochs:500, lr:0.05)
<_io.TextIOWrapper name='<stderr>' mode='w' encoding='utf-8'> node index is 65
train linear regression time:  0.05465429229661822
(average_diff:0.0, max_diff:0.0, training_epochs:500, lr:0.05)
<_io.TextIOWrapper name='<stderr>' mode='w' encoding='utf-8'> node index is 575
train linear regression time:  0.052067500073462725
(average_diff:1.1102230246251565e-16, max_diff:1.1102230246251565e-16, training_epochs:500, lr:0.05)
<_io.TextIOWrapper name='<stderr>' mode='w' encoding='utf-8'> node index is 565
train linear regression time:  0.052214750088751316
(average_diff:0.00015526223165975017, max_diff:0.0003219923655620738, training_epochs:500, lr:0.05)
<_io.TextIOWrapper name='<stderr>' mode='w' encoding='utf-8'> node index is 557
train linear regression time:  0.05223954189568758
(average_diff:0.0, max_diff:0.0, training_epochs:500, lr:0.05)
<_io.TextIOWrapper name='<stderr>' mode='w' encoding='utf-8'> node index is 553
train linear regression time:  0.05421587498858571
(average_diff:1.3774748008898996e-10, max_diff:1.3972345502821781e-10, training_epochs:500, lr:0.05)
<_io.TextIOWrapper name='<stderr>' mode='w' encoding='utf-8'> node index is 539
train linear regression time:  0.05216054106131196
(average_diff:1.2056614965653504e-11, max_diff:1.9452106592154905e-11, training_epochs:500, lr:0.05)
<_io.TextIOWrapper name='<stderr>' mode='w' encoding='utf-8'> node index is 523
train linear regression time:  0.05288900015875697
(average_diff:1.3877392013306178e-09, max_diff:1.6194759144827486e-09, training_epochs:500, lr:0.05)
<_io.TextIOWrapper name='<stderr>' mode='w' encoding='utf-8'> node index is 513
train linear regression time:  0.05206950008869171
(average_diff:0.0, max_diff:0.0, training_epochs:500, lr:0.05)
<_io.TextIOWrapper name='<stderr>' mode='w' encoding='utf-8'> node index is 505
train linear regression time:  0.0523356250487268
(average_diff:0.014704278910047108, max_diff:0.02451139412118286, training_epochs:500, lr:0.05)
<_io.TextIOWrapper name='<stderr>' mode='w' encoding='utf-8'> node index is 495
train linear regression time:  0.05221329117193818
(average_diff:0.029357773957331114, max_diff:0.0722939981515641, training_epochs:500, lr:0.05)
<_io.TextIOWrapper name='<stderr>' mode='w' encoding='utf-8'> node index is 487
train linear regression time:  0.05209033330902457
(average_diff:0.09214531678142035, max_diff:0.5637659536586375, training_epochs:500, lr:0.05)
<_io.TextIOWrapper name='<stderr>' mode='w' encoding='utf-8'> node index is 47
train linear regression time:  0.05949995806440711
(average_diff:8.00285763583967e-16, max_diff:2.0122792321330962e-15, training_epochs:500, lr:0.05)
<_io.TextIOWrapper name='<stderr>' mode='w' encoding='utf-8'> node index is 397
train linear regression time:  0.053050666116178036
(average_diff:0.06903680402993412, max_diff:0.12867653883473015, training_epochs:500, lr:0.05)
<_io.TextIOWrapper name='<stderr>' mode='w' encoding='utf-8'> node index is 383
train linear regression time:  0.05375316692516208
(average_diff:0.0010748158556415088, max_diff:0.0015365309280890305, training_epochs:500, lr:0.05)
<_io.TextIOWrapper name='<stderr>' mode='w' encoding='utf-8'> node index is 371
train linear regression time:  0.05611316626891494
(average_diff:0.17772251095770053, max_diff:0.535322174699895, training_epochs:500, lr:0.05)
<_io.TextIOWrapper name='<stderr>' mode='w' encoding='utf-8'> node index is 357
train linear regression time:  0.052848583087325096
(average_diff:0.0794981839630219, max_diff:0.23920935020614165, training_epochs:500, lr:0.05)
<_io.TextIOWrapper name='<stderr>' mode='w' encoding='utf-8'> node index is 343
train linear regression time:  0.054462334141135216
(average_diff:0.19057627282354567, max_diff:0.40176917841970006, training_epochs:500, lr:0.05)
<_io.TextIOWrapper name='<stderr>' mode='w' encoding='utf-8'> node index is 331
train linear regression time:  0.057490500155836344
(average_diff:0.0051884965687925, max_diff:0.010260629068844507, training_epochs:500, lr:0.05)
<_io.TextIOWrapper name='<stderr>' mode='w' encoding='utf-8'> node index is 319
train linear regression time:  0.05633862502872944
(average_diff:0.17142393293200855, max_diff:0.5291177020032309, training_epochs:500, lr:0.05)
<_io.TextIOWrapper name='<stderr>' mode='w' encoding='utf-8'> node index is 307
train linear regression time:  0.05499287461861968
(average_diff:9.656857134384318e-05, max_diff:0.00014609895493489233, training_epochs:500, lr:0.05)
<_io.TextIOWrapper name='<stderr>' mode='w' encoding='utf-8'> node index is 293
train linear regression time:  0.05284933280199766
(average_diff:0.017258696338343302, max_diff:0.03556644359066552, training_epochs:500, lr:0.05)
<_io.TextIOWrapper name='<stderr>' mode='w' encoding='utf-8'> node index is 277
train linear regression time:  0.05315387528389692
(average_diff:0.00555892392262735, max_diff:0.011294650508021503, training_epochs:500, lr:0.05)
<_io.TextIOWrapper name='<stderr>' mode='w' encoding='utf-8'> node index is 261
train linear regression time:  0.052421499975025654
(average_diff:0.09114322063497042, max_diff:0.1820437962171847, training_epochs:500, lr:0.05)
<_io.TextIOWrapper name='<stderr>' mode='w' encoding='utf-8'> node index is 247
train linear regression time:  0.05252125021070242
(average_diff:0.001573717784710299, max_diff:0.00223626137864974, training_epochs:500, lr:0.05)
<_io.TextIOWrapper name='<stderr>' mode='w' encoding='utf-8'> node index is 533
train linear regression time:  0.05295225000008941
(average_diff:9.446090190839973e-05, max_diff:0.0001803319942236259, training_epochs:500, lr:0.05)
<_io.TextIOWrapper name='<stderr>' mode='w' encoding='utf-8'> node index is 525
train linear regression time:  0.053268332965672016
(average_diff:3.3306690738754696e-16, max_diff:3.3306690738754696e-16, training_epochs:500, lr:0.05)
<_io.TextIOWrapper name='<stderr>' mode='w' encoding='utf-8'> node index is 515
train linear regression time:  0.052103500347584486
(average_diff:6.938893903907228e-17, max_diff:6.938893903907228e-17, training_epochs:500, lr:0.05)
<_io.TextIOWrapper name='<stderr>' mode='w' encoding='utf-8'> node index is 503
train linear regression time:  0.056011166889220476
(average_diff:0.08063421071240842, max_diff:0.14556332878243056, training_epochs:500, lr:0.05)
<_io.TextIOWrapper name='<stderr>' mode='w' encoding='utf-8'> node index is 497
train linear regression time:  0.05673650000244379
(average_diff:2.7755575615628914e-17, max_diff:2.7755575615628914e-17, training_epochs:500, lr:0.05)
<_io.TextIOWrapper name='<stderr>' mode='w' encoding='utf-8'> node index is 489
train linear regression time:  0.05535166710615158
(average_diff:0.0, max_diff:0.0, training_epochs:500, lr:0.05)
<_io.TextIOWrapper name='<stderr>' mode='w' encoding='utf-8'> node index is 483
train linear regression time:  0.05246629100292921
(average_diff:5.551115123125783e-17, max_diff:5.551115123125783e-17, training_epochs:500, lr:0.05)
<_io.TextIOWrapper name='<stderr>' mode='w' encoding='utf-8'> node index is 479
train linear regression time:  0.05226199980825186
(average_diff:0.015152018830833253, max_diff:0.030202812518717925, training_epochs:500, lr:0.05)
<_io.TextIOWrapper name='<stderr>' mode='w' encoding='utf-8'> node index is 463
train linear regression time:  0.05219533294439316
(average_diff:0.006296668877777023, max_diff:0.011426625813401925, training_epochs:500, lr:0.05)
<_io.TextIOWrapper name='<stderr>' mode='w' encoding='utf-8'> node index is 459
train linear regression time:  0.05448145791888237
(average_diff:4.996003610813204e-16, max_diff:5.551115123125783e-16, training_epochs:500, lr:0.05)
<_io.TextIOWrapper name='<stderr>' mode='w' encoding='utf-8'> node index is 451
train linear regression time:  0.05223541706800461
(average_diff:1.1102230246251565e-16, max_diff:1.1102230246251565e-16, training_epochs:500, lr:0.05)
<_io.TextIOWrapper name='<stderr>' mode='w' encoding='utf-8'> node index is 439
train linear regression time:  0.05255354102700949
(average_diff:0.008199918949741536, max_diff:0.01797681112782401, training_epochs:500, lr:0.05)
<_io.TextIOWrapper name='<stderr>' mode='w' encoding='utf-8'> node index is 437
train linear regression time:  0.05205100029706955
(average_diff:0.031165481031785455, max_diff:0.0679759201252087, training_epochs:500, lr:0.05)
<_io.TextIOWrapper name='<stderr>' mode='w' encoding='utf-8'> node index is 117
train linear regression time:  0.052794833201915026
(average_diff:0.021160481039738933, max_diff:0.06145024376894988, training_epochs:500, lr:0.05)
<_io.TextIOWrapper name='<stderr>' mode='w' encoding='utf-8'> node index is 107
train linear regression time:  0.05236341618001461
(average_diff:0.0344372862413997, max_diff:0.14917449131687538, training_epochs:500, lr:0.05)
<_io.TextIOWrapper name='<stderr>' mode='w' encoding='utf-8'> node index is 97
train linear regression time:  0.053369666915386915
(average_diff:0.04809706452984363, max_diff:0.1643517736856024, training_epochs:500, lr:0.05)
<_io.TextIOWrapper name='<stderr>' mode='w' encoding='utf-8'> node index is 87
train linear regression time:  0.052713333163410425
(average_diff:0.058065376562354123, max_diff:0.3129698932679875, training_epochs:500, lr:0.05)
<_io.TextIOWrapper name='<stderr>' mode='w' encoding='utf-8'> node index is 81
train linear regression time:  0.06147812493145466
(average_diff:0.07015292576758395, max_diff:0.27748384218284106, training_epochs:500, lr:0.05)
<_io.TextIOWrapper name='<stderr>' mode='w' encoding='utf-8'> node index is 75
train linear regression time:  0.06294504180550575
(average_diff:0.09468742748251721, max_diff:0.1555844392225888, training_epochs:500, lr:0.05)
<_io.TextIOWrapper name='<stderr>' mode='w' encoding='utf-8'> node index is 567
train linear regression time:  0.056596708949655294
(average_diff:8.326672684688674e-17, max_diff:1.3877787807814457e-16, training_epochs:500, lr:0.05)
<_io.TextIOWrapper name='<stderr>' mode='w' encoding='utf-8'> node index is 559
train linear regression time:  0.056692833080887794
(average_diff:2.220446049250313e-16, max_diff:2.498001805406602e-16, training_epochs:500, lr:0.05)
<_io.TextIOWrapper name='<stderr>' mode='w' encoding='utf-8'> node index is 555
train linear regression time:  0.05631433334201574
(average_diff:0.015121284744155269, max_diff:0.02290844613309817, training_epochs:500, lr:0.05)
<_io.TextIOWrapper name='<stderr>' mode='w' encoding='utf-8'> node index is 547
train linear regression time:  0.05654333299025893
(average_diff:4.3021142204224816e-16, max_diff:5.273559366969494e-16, training_epochs:500, lr:0.05)
<_io.TextIOWrapper name='<stderr>' mode='w' encoding='utf-8'> node index is 527
train linear regression time:  0.05545654194429517
(average_diff:0.0072596174662620345, max_diff:0.011710518461301916, training_epochs:500, lr:0.05)
<_io.TextIOWrapper name='<stderr>' mode='w' encoding='utf-8'> node index is 507
train linear regression time:  0.05338408378884196
(average_diff:0.15627363301620795, max_diff:0.5886346535176323, training_epochs:500, lr:0.05)
<_io.TextIOWrapper name='<stderr>' mode='w' encoding='utf-8'> node index is 59
train linear regression time:  0.0597210000269115
(average_diff:0.09259870528119321, max_diff:0.408846314391746, training_epochs:500, lr:0.05)
<_io.TextIOWrapper name='<stderr>' mode='w' encoding='utf-8'> node index is 49
train linear regression time:  0.0537456669844687
(average_diff:1.1102230246251565e-16, max_diff:2.220446049250313e-16, training_epochs:500, lr:0.05)
<_io.TextIOWrapper name='<stderr>' mode='w' encoding='utf-8'> node index is 569
train linear regression time:  0.05189958307892084
(average_diff:1.1102230246251565e-16, max_diff:1.1102230246251565e-16, training_epochs:500, lr:0.05)
<_io.TextIOWrapper name='<stderr>' mode='w' encoding='utf-8'> node index is 561
train linear regression time:  0.05469300039112568
(average_diff:1.6653345369377348e-16, max_diff:1.6653345369377348e-16, training_epochs:500, lr:0.05)
<_io.TextIOWrapper name='<stderr>' mode='w' encoding='utf-8'> node index is 543
train linear regression time:  0.053442916832864285
(average_diff:5.273559366969494e-16, max_diff:5.551115123125783e-16, training_epochs:500, lr:0.05)
<_io.TextIOWrapper name='<stderr>' mode='w' encoding='utf-8'> node index is 535
train linear regression time:  0.054930166341364384
(average_diff:2.8516540980424075e-14, max_diff:4.7684078907650473e-14, training_epochs:500, lr:0.05)
<_io.TextIOWrapper name='<stderr>' mode='w' encoding='utf-8'> node index is 529
train linear regression time:  0.05838766694068909
(average_diff:1.1102230246251565e-16, max_diff:1.1102230246251565e-16, training_epochs:500, lr:0.05)
<_io.TextIOWrapper name='<stderr>' mode='w' encoding='utf-8'> node index is 517
train linear regression time:  0.05721462517976761
(average_diff:7.216449660063518e-16, max_diff:7.771561172376096e-16, training_epochs:500, lr:0.05)
<_io.TextIOWrapper name='<stderr>' mode='w' encoding='utf-8'> node index is 509
train linear regression time:  0.05582445813342929
(average_diff:0.0, max_diff:0.0, training_epochs:500, lr:0.05)
<_io.TextIOWrapper name='<stderr>' mode='w' encoding='utf-8'> node index is 499
train linear regression time:  0.052748833782970905
(average_diff:0.001176820131085915, max_diff:0.0024135499843491726, training_epochs:500, lr:0.05)
<_io.TextIOWrapper name='<stderr>' mode='w' encoding='utf-8'> node index is 491
train linear regression time:  0.05200829170644283
(average_diff:0.003179717962694181, max_diff:0.005641752417701207, training_epochs:500, lr:0.05)
<_io.TextIOWrapper name='<stderr>' mode='w' encoding='utf-8'> node index is 385
train linear regression time:  0.0523099172860384
(average_diff:0.0879749105534132, max_diff:0.1367124093010098, training_epochs:500, lr:0.05)
<_io.TextIOWrapper name='<stderr>' mode='w' encoding='utf-8'> node index is 373
train linear regression time:  0.05193395912647247
(average_diff:0.0, max_diff:0.0, training_epochs:500, lr:0.05)
<_io.TextIOWrapper name='<stderr>' mode='w' encoding='utf-8'> node index is 359
train linear regression time:  0.052241583820432425
(average_diff:0.07042638082617195, max_diff:0.21176570057215355, training_epochs:500, lr:0.05)
<_io.TextIOWrapper name='<stderr>' mode='w' encoding='utf-8'> node index is 345
train linear regression time:  0.05205729091539979
(average_diff:0.09294140773499934, max_diff:0.18004901666182455, training_epochs:500, lr:0.05)
<_io.TextIOWrapper name='<stderr>' mode='w' encoding='utf-8'> node index is 321
train linear regression time:  0.05586779210716486
(average_diff:0.06916788460361147, max_diff:0.09514474032679077, training_epochs:500, lr:0.05)
<_io.TextIOWrapper name='<stderr>' mode='w' encoding='utf-8'> node index is 295
train linear regression time:  0.053991375025361776
(average_diff:0.17658155482686677, max_diff:0.3480049635524277, training_epochs:500, lr:0.05)
<_io.TextIOWrapper name='<stderr>' mode='w' encoding='utf-8'> node index is 279
train linear regression time:  0.05239683296531439
(average_diff:0.016268449253472324, max_diff:0.02512053214333332, training_epochs:500, lr:0.05)
<_io.TextIOWrapper name='<stderr>' mode='w' encoding='utf-8'> node index is 263
train linear regression time:  0.051860209088772535
(average_diff:0.06788942547603395, max_diff:0.21693249703297784, training_epochs:500, lr:0.05)
<_io.TextIOWrapper name='<stderr>' mode='w' encoding='utf-8'> node index is 249
train linear regression time:  0.053643624763935804
(average_diff:0.04024498482439759, max_diff:0.08709786513997458, training_epochs:500, lr:0.05)
<_io.TextIOWrapper name='<stderr>' mode='w' encoding='utf-8'> node index is 237
train linear regression time:  0.056461624801158905
(average_diff:0.019540397935777176, max_diff:0.0478672912732237, training_epochs:500, lr:0.05)
<_io.TextIOWrapper name='<stderr>' mode='w' encoding='utf-8'> node index is 265
train linear regression time:  0.05234658299013972
(average_diff:8.326672684688674e-17, max_diff:1.1102230246251565e-16, training_epochs:500, lr:0.05)
<_io.TextIOWrapper name='<stderr>' mode='w' encoding='utf-8'> node index is 251
train linear regression time:  0.05273650027811527
(average_diff:0.08196715024481117, max_diff:0.356963568606517, training_epochs:500, lr:0.05)
<_io.TextIOWrapper name='<stderr>' mode='w' encoding='utf-8'> node index is 239
train linear regression time:  0.05399420810863376
(average_diff:0.06320896480683234, max_diff:0.16646924626709736, training_epochs:500, lr:0.05)
<_io.TextIOWrapper name='<stderr>' mode='w' encoding='utf-8'> node index is 223
train linear regression time:  0.05191712500527501
(average_diff:0.013517022962964923, max_diff:0.027725821462062095, training_epochs:500, lr:0.05)
<_io.TextIOWrapper name='<stderr>' mode='w' encoding='utf-8'> node index is 209
train linear regression time:  0.05474462499842048
(average_diff:0.08086992282912957, max_diff:0.16065662549876963, training_epochs:500, lr:0.05)
<_io.TextIOWrapper name='<stderr>' mode='w' encoding='utf-8'> node index is 199
train linear regression time:  0.05188604211434722
(average_diff:0.10435386436265802, max_diff:0.4012293546425845, training_epochs:500, lr:0.05)
<_io.TextIOWrapper name='<stderr>' mode='w' encoding='utf-8'> node index is 191
train linear regression time:  0.058246000204235315
(average_diff:0.0537658836073598, max_diff:0.12398335564335114, training_epochs:500, lr:0.05)
<_io.TextIOWrapper name='<stderr>' mode='w' encoding='utf-8'> node index is 183
train linear regression time:  0.059203708078712225
(average_diff:0.10877760898218086, max_diff:0.22570719941117912, training_epochs:500, lr:0.05)
<_io.TextIOWrapper name='<stderr>' mode='w' encoding='utf-8'> node index is 175
train linear regression time:  0.059812957886606455
(average_diff:0.0928995587178273, max_diff:0.26078927599510543, training_epochs:500, lr:0.05)
<_io.TextIOWrapper name='<stderr>' mode='w' encoding='utf-8'> node index is 167
train linear regression time:  0.05840866733342409
(average_diff:0.08907558141781391, max_diff:0.41581016469879967, training_epochs:500, lr:0.05)
<_io.TextIOWrapper name='<stderr>' mode='w' encoding='utf-8'> node index is 157
train linear regression time:  0.057157084345817566
(average_diff:0.0, max_diff:0.0, training_epochs:500, lr:0.05)
<_io.TextIOWrapper name='<stderr>' mode='w' encoding='utf-8'> node index is 323
train linear regression time:  0.054520290810614824
(average_diff:1.1102230246251565e-16, max_diff:1.1102230246251565e-16, training_epochs:500, lr:0.05)
<_io.TextIOWrapper name='<stderr>' mode='w' encoding='utf-8'> node index is 309
train linear regression time:  0.054036791902035475
(average_diff:0.08278837415414372, max_diff:0.17053689999433108, training_epochs:500, lr:0.05)
<_io.TextIOWrapper name='<stderr>' mode='w' encoding='utf-8'> node index is 297
train linear regression time:  0.0572882080450654
(average_diff:0.15377988470014517, max_diff:0.2879112498359058, training_epochs:500, lr:0.05)
<_io.TextIOWrapper name='<stderr>' mode='w' encoding='utf-8'> node index is 283
train linear regression time:  0.05911479191854596
(average_diff:0.0705687615592817, max_diff:0.21122467115499874, training_epochs:500, lr:0.05)
<_io.TextIOWrapper name='<stderr>' mode='w' encoding='utf-8'> node index is 267
train linear regression time:  0.056974582839757204
(average_diff:0.16799474432369538, max_diff:0.6420444152315168, training_epochs:500, lr:0.05)
<_io.TextIOWrapper name='<stderr>' mode='w' encoding='utf-8'> node index is 225
train linear regression time:  0.059957082848995924
(average_diff:0.2124600619937929, max_diff:0.43565644325242936, training_epochs:500, lr:0.05)
<_io.TextIOWrapper name='<stderr>' mode='w' encoding='utf-8'> node index is 211
train linear regression time:  0.058888125233352184
(average_diff:0.12911511213854468, max_diff:0.3191968348606102, training_epochs:500, lr:0.05)
<_io.TextIOWrapper name='<stderr>' mode='w' encoding='utf-8'> node index is 185
train linear regression time:  0.0588474590331316
(average_diff:0.1114254658955792, max_diff:0.4881308641008075, training_epochs:500, lr:0.05)
<_io.TextIOWrapper name='<stderr>' mode='w' encoding='utf-8'> node index is 177
train linear regression time:  0.05947291664779186
(average_diff:0.1873118807301435, max_diff:0.5702403310811142, training_epochs:500, lr:0.05)
<_io.TextIOWrapper name='<stderr>' mode='w' encoding='utf-8'> node index is 169
train linear regression time:  0.05921804113313556
(average_diff:0.05498475036446414, max_diff:0.12459195040696446, training_epochs:500, lr:0.05)
<_io.TextIOWrapper name='<stderr>' mode='w' encoding='utf-8'> node index is 159
train linear regression time:  0.059277040883898735
(average_diff:0.09558216473871851, max_diff:0.22056501266474526, training_epochs:500, lr:0.05)
<_io.TextIOWrapper name='<stderr>' mode='w' encoding='utf-8'> node index is 151
train linear regression time:  0.056382833048701286
(average_diff:0.04011994530785313, max_diff:0.11325342896782686, training_epochs:500, lr:0.05)
<_io.TextIOWrapper name='<stderr>' mode='w' encoding='utf-8'> node index is 135
train linear regression time:  0.056940916925668716
(average_diff:0.05293712343572952, max_diff:0.1055555995202487, training_epochs:500, lr:0.05)
<_io.TextIOWrapper name='<stderr>' mode='w' encoding='utf-8'> node index is 129
train linear regression time:  0.054874582681804895
(average_diff:0.03488309676410286, max_diff:0.1316629350200097, training_epochs:500, lr:0.05)
<_io.TextIOWrapper name='<stderr>' mode='w' encoding='utf-8'> node index is 119
train linear regression time:  0.05494612501934171
(average_diff:0.038332902591064304, max_diff:0.10880934929412328, training_epochs:500, lr:0.05)
<_io.TextIOWrapper name='<stderr>' mode='w' encoding='utf-8'> node index is 109
train linear regression time:  0.052203666884452105
(average_diff:0.03941962162029666, max_diff:0.1868433968397773, training_epochs:500, lr:0.05)
<_io.TextIOWrapper name='<stderr>' mode='w' encoding='utf-8'> node index is 99
train linear regression time:  0.05412537511438131
(average_diff:2.7755575615628914e-17, max_diff:2.7755575615628914e-17, training_epochs:500, lr:0.05)
<_io.TextIOWrapper name='<stderr>' mode='w' encoding='utf-8'> node index is 447
train linear regression time:  0.0548912500962615
(average_diff:0.020107766054083737, max_diff:0.04132331258964517, training_epochs:500, lr:0.05)
<_io.TextIOWrapper name='<stderr>' mode='w' encoding='utf-8'> node index is 441
train linear regression time:  0.052888082806020975
(average_diff:0.012152193890886351, max_diff:0.0271909021750337, training_epochs:500, lr:0.05)
<_io.TextIOWrapper name='<stderr>' mode='w' encoding='utf-8'> node index is 435
train linear regression time:  0.052356041967868805
(average_diff:5.551115123125783e-17, max_diff:5.551115123125783e-17, training_epochs:500, lr:0.05)
<_io.TextIOWrapper name='<stderr>' mode='w' encoding='utf-8'> node index is 429
train linear regression time:  0.052796625066548586
(average_diff:2.627527824946204e-15, max_diff:3.83026943495679e-15, training_epochs:500, lr:0.05)
<_io.TextIOWrapper name='<stderr>' mode='w' encoding='utf-8'> node index is 421
train linear regression time:  0.05570637481287122
(average_diff:0.006219396611992646, max_diff:0.16641289958916766, training_epochs:500, lr:0.05)
<_io.TextIOWrapper name='<stderr>' mode='w' encoding='utf-8'> node index is 69
train linear regression time:  0.06334170885384083
(average_diff:0.07741903072952719, max_diff:0.24391964743140437, training_epochs:500, lr:0.05)
<_io.TextIOWrapper name='<stderr>' mode='w' encoding='utf-8'> node index is 61
train linear regression time:  0.05704508302733302
(average_diff:0.0894102810223174, max_diff:0.4605480766752086, training_epochs:500, lr:0.05)
<_io.TextIOWrapper name='<stderr>' mode='w' encoding='utf-8'> node index is 53
train linear regression time:  0.05304150003939867
(average_diff:0.020709097694094743, max_diff:0.036514317072935176, training_epochs:500, lr:0.05)
<_io.TextIOWrapper name='<stderr>' mode='w' encoding='utf-8'> node index is 401
train linear regression time:  0.056401957757771015
(average_diff:0.03115910124298577, max_diff:0.04821988406463498, training_epochs:500, lr:0.05)
<_io.TextIOWrapper name='<stderr>' mode='w' encoding='utf-8'> node index is 387
train linear regression time:  0.05723512498661876
(average_diff:0.007408405577492833, max_diff:0.015957185060144152, training_epochs:500, lr:0.05)
<_io.TextIOWrapper name='<stderr>' mode='w' encoding='utf-8'> node index is 375
train linear regression time:  0.058081958908587694
(average_diff:0.010255265393051596, max_diff:0.022631917066637364, training_epochs:500, lr:0.05)
<_io.TextIOWrapper name='<stderr>' mode='w' encoding='utf-8'> node index is 361
train linear regression time:  0.054305125027894974
(average_diff:0.039133087436357565, max_diff:0.06751049101658482, training_epochs:500, lr:0.05)
<_io.TextIOWrapper name='<stderr>' mode='w' encoding='utf-8'> node index is 347
train linear regression time:  0.05258704209700227
(average_diff:0.15418235270852507, max_diff:0.279702999032604, training_epochs:500, lr:0.05)
<_io.TextIOWrapper name='<stderr>' mode='w' encoding='utf-8'> node index is 311
train linear regression time:  0.05244670808315277
(average_diff:0.05992163827363708, max_diff:0.14256657643565812, training_epochs:500, lr:0.05)
<_io.TextIOWrapper name='<stderr>' mode='w' encoding='utf-8'> node index is 299
train linear regression time:  0.052602417301386595
(average_diff:0.12100895834561588, max_diff:0.3890985668432706, training_epochs:500, lr:0.05)
<_io.TextIOWrapper name='<stderr>' mode='w' encoding='utf-8'> node index is 285
train linear regression time:  0.05207620933651924
(average_diff:0.10281169816548852, max_diff:0.314746719692253, training_epochs:500, lr:0.05)
<_io.TextIOWrapper name='<stderr>' mode='w' encoding='utf-8'> node index is 269
train linear regression time:  0.05420858412981033
(average_diff:1.3081202787645907e-12, max_diff:1.3524736885983657e-12, training_epochs:500, lr:0.05)
<_io.TextIOWrapper name='<stderr>' mode='w' encoding='utf-8'> node index is 415
train linear regression time:  0.0525925001129508
(average_diff:0.00016433969697526862, max_diff:0.00023860001980116619, training_epochs:500, lr:0.05)
<_io.TextIOWrapper name='<stderr>' mode='w' encoding='utf-8'> node index is 411
train linear regression time:  0.055188541766256094
(average_diff:2.3592239273284576e-16, max_diff:2.7755575615628914e-16, training_epochs:500, lr:0.05)
<_io.TextIOWrapper name='<stderr>' mode='w' encoding='utf-8'> node index is 403
train linear regression time:  0.05333474976941943
(average_diff:0.06600883569441865, max_diff:0.12065441090750759, training_epochs:500, lr:0.05)
<_io.TextIOWrapper name='<stderr>' mode='w' encoding='utf-8'> node index is 389
train linear regression time:  0.052462166640907526
(average_diff:0.024468293589758404, max_diff:0.0668779799032253, training_epochs:500, lr:0.05)
<_io.TextIOWrapper name='<stderr>' mode='w' encoding='utf-8'> node index is 377
train linear regression time:  0.052291166968643665
(average_diff:0.0003796936737786805, max_diff:0.0008665091424562843, training_epochs:500, lr:0.05)
<_io.TextIOWrapper name='<stderr>' mode='w' encoding='utf-8'> node index is 363
train linear regression time:  0.0533982920460403
(average_diff:0.06729889202568956, max_diff:0.10083961169062267, training_epochs:500, lr:0.05)
<_io.TextIOWrapper name='<stderr>' mode='w' encoding='utf-8'> node index is 349
train linear regression time:  0.05642862478271127
(average_diff:0.0435455912667835, max_diff:0.08550613483419348, training_epochs:500, lr:0.05)
<_io.TextIOWrapper name='<stderr>' mode='w' encoding='utf-8'> node index is 335
train linear regression time:  0.055598000064492226
(average_diff:0.003897157301661231, max_diff:0.006390081359623018, training_epochs:500, lr:0.05)
<_io.TextIOWrapper name='<stderr>' mode='w' encoding='utf-8'> node index is 325
train linear regression time:  0.05607233289629221
(average_diff:0.08889470993735951, max_diff:0.1828978146602428, training_epochs:500, lr:0.05)
<_io.TextIOWrapper name='<stderr>' mode='w' encoding='utf-8'> node index is 313
train linear regression time:  0.056508833076804876
(average_diff:1.1102230246251565e-16, max_diff:1.1102230246251565e-16, training_epochs:500, lr:0.05)
<_io.TextIOWrapper name='<stderr>' mode='w' encoding='utf-8'> node index is 443
train linear regression time:  0.05702141718938947
(average_diff:0.10092114793522669, max_diff:0.21986399908479864, training_epochs:500, lr:0.05)
<_io.TextIOWrapper name='<stderr>' mode='w' encoding='utf-8'> node index is 431
train linear regression time:  0.05501862522214651
(average_diff:5.551115123125783e-17, max_diff:5.551115123125783e-17, training_epochs:500, lr:0.05)
<_io.TextIOWrapper name='<stderr>' mode='w' encoding='utf-8'> node index is 425
train linear regression time:  0.05242470791563392
(average_diff:1.2993010001238758e-09, max_diff:1.9034809284335097e-09, training_epochs:500, lr:0.05)
<_io.TextIOWrapper name='<stderr>' mode='w' encoding='utf-8'> node index is 419
train linear regression time:  0.05337012466043234
(average_diff:3.071080427001031e-12, max_diff:4.6080361748579435e-12, training_epochs:500, lr:0.05)
<_io.TextIOWrapper name='<stderr>' mode='w' encoding='utf-8'> node index is 413
train linear regression time:  0.053408749867230654
(average_diff:0.005419268513149733, max_diff:0.013567726517949352, training_epochs:500, lr:0.05)
<_io.TextIOWrapper name='<stderr>' mode='w' encoding='utf-8'> node index is 405
train linear regression time:  0.051946790888905525
(average_diff:1.1102230246251565e-16, max_diff:1.1102230246251565e-16, training_epochs:500, lr:0.05)
<_io.TextIOWrapper name='<stderr>' mode='w' encoding='utf-8'> node index is 391
train linear regression time:  0.052491584327071905
(average_diff:2.220446049250313e-16, max_diff:2.220446049250313e-16, training_epochs:500, lr:0.05)
<_io.TextIOWrapper name='<stderr>' mode='w' encoding='utf-8'> node index is 379
train linear regression time:  0.05213204212486744
(average_diff:0.04054433775390378, max_diff:0.1316550213525718, training_epochs:500, lr:0.05)
<_io.TextIOWrapper name='<stderr>' mode='w' encoding='utf-8'> node index is 365
train linear regression time:  0.05227158311754465
(average_diff:0.01968674527339247, max_diff:0.02917769569237466, training_epochs:500, lr:0.05)
<_io.TextIOWrapper name='<stderr>' mode='w' encoding='utf-8'> node index is 351
train linear regression time:  0.05333000002428889
(average_diff:2.914335439641036e-16, max_diff:3.0531133177191805e-16, training_epochs:500, lr:0.05)
<_io.TextIOWrapper name='<stderr>' mode='w' encoding='utf-8'> node index is 337
train linear regression time:  0.05321479169651866
(average_diff:0.13675287716015427, max_diff:0.5026090133421036, training_epochs:500, lr:0.05)
<_io.TextIOWrapper name='<stderr>' mode='w' encoding='utf-8'> node index is 393
train linear regression time:  0.05339333415031433
(average_diff:0.02815429692230779, max_diff:0.042627695121775555, training_epochs:500, lr:0.05)
<_io.TextIOWrapper name='<stderr>' mode='w' encoding='utf-8'> node index is 301
train linear regression time:  0.05234591569751501
(average_diff:0.09709610028326503, max_diff:0.199210044146104, training_epochs:500, lr:0.05)
<_io.TextIOWrapper name='<stderr>' mode='w' encoding='utf-8'> node index is 271
train linear regression time:  0.05255058407783508
(average_diff:0.10211864168226059, max_diff:0.2296896807604848, training_epochs:500, lr:0.05)
<_io.TextIOWrapper name='<stderr>' mode='w' encoding='utf-8'> node index is 253
train linear regression time:  0.05230104085057974
(average_diff:0.1797157565133609, max_diff:0.4383186498570315, training_epochs:500, lr:0.05)
<_io.TextIOWrapper name='<stderr>' mode='w' encoding='utf-8'> node index is 227
train linear regression time:  0.05073670810088515
(average_diff:0.1509097916841057, max_diff:0.3499263631801395, training_epochs:500, lr:0.05)
<_io.TextIOWrapper name='<stderr>' mode='w' encoding='utf-8'> node index is 213
train linear regression time:  0.05465158261358738
(average_diff:0.05915565379251737, max_diff:0.13646268138677833, training_epochs:500, lr:0.05)
<_io.TextIOWrapper name='<stderr>' mode='w' encoding='utf-8'> node index is 201
train linear regression time:  0.05230941670015454
(average_diff:5.551115123125783e-17, max_diff:5.551115123125783e-17, training_epochs:500, lr:0.05)
<_io.TextIOWrapper name='<stderr>' mode='w' encoding='utf-8'> node index is 193
train linear regression time:  0.052701916079968214
(average_diff:0.020925687210338037, max_diff:0.061589558129491795, training_epochs:500, lr:0.05)
<_io.TextIOWrapper name='<stderr>' mode='w' encoding='utf-8'> node index is 187
train linear regression time:  0.055753040593117476
(average_diff:0.04428521877415609, max_diff:0.1349013533164316, training_epochs:500, lr:0.05)
<_io.TextIOWrapper name='<stderr>' mode='w' encoding='utf-8'> node index is 179
train linear regression time:  0.054103041999042034
(average_diff:5.551115123125783e-17, max_diff:5.551115123125783e-17, training_epochs:500, lr:0.05)
<_io.TextIOWrapper name='<stderr>' mode='w' encoding='utf-8'> node index is 171
train linear regression time:  0.05278762523084879
(average_diff:0.11813680378476674, max_diff:0.3058198041943703, training_epochs:500, lr:0.05)
<_io.TextIOWrapper name='<stderr>' mode='w' encoding='utf-8'> node index is 161
train linear regression time:  0.05226058280095458
(average_diff:1.0177044392397268e-15, max_diff:1.4988010832439613e-15, training_epochs:500, lr:0.05)
<_io.TextIOWrapper name='<stderr>' mode='w' encoding='utf-8'> node index is 367
train linear regression time:  0.05571924988180399
(average_diff:0.0, max_diff:0.0, training_epochs:500, lr:0.05)
<_io.TextIOWrapper name='<stderr>' mode='w' encoding='utf-8'> node index is 353
train linear regression time:  0.05662624957039952
(average_diff:2.220446049250313e-16, max_diff:2.220446049250313e-16, training_epochs:500, lr:0.05)
<_io.TextIOWrapper name='<stderr>' mode='w' encoding='utf-8'> node index is 339
train linear regression time:  0.057243707589805126
(average_diff:0.025209711744644116, max_diff:0.0763374886222441, training_epochs:500, lr:0.05)
<_io.TextIOWrapper name='<stderr>' mode='w' encoding='utf-8'> node index is 327
train linear regression time:  0.054281583055853844
(average_diff:0.02877157240926558, max_diff:0.1159031168731498, training_epochs:500, lr:0.05)
<_io.TextIOWrapper name='<stderr>' mode='w' encoding='utf-8'> node index is 315
train linear regression time:  0.05590387526899576
(average_diff:1.4629812690375443e-05, max_diff:3.076084159503445e-05, training_epochs:500, lr:0.05)
<_io.TextIOWrapper name='<stderr>' mode='w' encoding='utf-8'> node index is 303
train linear regression time:  0.05434637516736984
(average_diff:0.03917611825950968, max_diff:0.0833945131252859, training_epochs:500, lr:0.05)
<_io.TextIOWrapper name='<stderr>' mode='w' encoding='utf-8'> node index is 287
train linear regression time:  0.053492958191782236
(average_diff:0.05135907553713, max_diff:0.11664397735198773, training_epochs:500, lr:0.05)
<_io.TextIOWrapper name='<stderr>' mode='w' encoding='utf-8'> node index is 273
train linear regression time:  0.05249333335086703
(average_diff:0.09492692033389091, max_diff:0.5161127468380391, training_epochs:500, lr:0.05)
<_io.TextIOWrapper name='<stderr>' mode='w' encoding='utf-8'> node index is 255
train linear regression time:  0.05256145820021629
(average_diff:0.021930081957880578, max_diff:0.04049603989934902, training_epochs:500, lr:0.05)
<_io.TextIOWrapper name='<stderr>' mode='w' encoding='utf-8'> node index is 241
train linear regression time:  0.052031708881258965
(average_diff:0.19609090183627545, max_diff:0.44499164358336424, training_epochs:500, lr:0.05)
<_io.TextIOWrapper name='<stderr>' mode='w' encoding='utf-8'> node index is 229
train linear regression time:  0.05260283313691616
(average_diff:0.10620101367213222, max_diff:0.43135338524637434, training_epochs:500, lr:0.05)
<_io.TextIOWrapper name='<stderr>' mode='w' encoding='utf-8'> node index is 215
train linear regression time:  0.05255945818498731
(average_diff:0.04254910808099473, max_diff:0.09715588279510501, training_epochs:500, lr:0.05)
<_io.TextIOWrapper name='<stderr>' mode='w' encoding='utf-8'> node index is 203
train linear regression time:  0.05205791722983122
(average_diff:0.01554436767377675, max_diff:0.034963608879595154, training_epochs:500, lr:0.05)
<_io.TextIOWrapper name='<stderr>' mode='w' encoding='utf-8'> node index is 195
train linear regression time:  0.05254162522032857
(average_diff:0.1534294996533197, max_diff:0.3421819011626209, training_epochs:500, lr:0.05)
<_io.TextIOWrapper name='<stderr>' mode='w' encoding='utf-8'> node index is 7
train linear regression time:  0.05275029223412275
(average_diff:0.13298490583866915, max_diff:0.45701491761703944, training_epochs:500, lr:0.05)
<_io.TextIOWrapper name='<stderr>' mode='w' encoding='utf-8'> node index is 5
train linear regression time:  0.058183666318655014
testFringe time:  13.752732124645263
<_io.TextIOWrapper name='<stderr>' mode='w' encoding='utf-8'> =============== update finished ===============

*** Writing Game File 97***

<_io.TextIOWrapper name='../print_tree_record_numpy/print_DR_boost_linear_tree_split.txt' mode='w' encoding='UTF-8'> idx1(Q:0.4003, distinct_name:0, dictinctin_value:2.569683891588169, par:None)
	idx4(Q:0.4009, distinct_name:0, dictinctin_value:2.507749956207568, par:1)
		idx6(Q:0.4009, distinct_name:0, dictinctin_value:-0.050698982385153205, par:4)
			idx8(Q:0.4594, distinct_name:0, dictinctin_value:-0.5002368440471089, par:6)
				idx10(Q:0.5067, distinct_name:3, dictinctin_value:0.7373220788164561, par:8)
					idx12(Q:0.4810, distinct_name:1, dictinctin_value:0.8498558206992594, par:10)
						idx18(Q:0.4303, distinct_name:2, dictinctin_value:0.8559921607301466, par:12)
							idx24(Q:0.4245, distinct_name:0, dictinctin_value:-0.5901212893723445, par:18)
								idx30(Q:0.4324, distinct_name:2, dictinctin_value:0.5095422779981766, par:24)
									idx38(Q:0.4505, distinct_name:2, dictinctin_value:0.24909091887867726, par:30)
										idx44(Q:0.4795, distinct_name:2, dictinctin_value:-0.06052347242753761, par:38)
											idx54(Q:0.5244, distinct_name:2, dictinctin_value:-0.16873413911779458, par:44)
												idx62(Q:0.5491, distinct_name:2, dictinctin_value:-0.3117760123070312, par:54)
													idx70(Q:0.5926, distinct_name:2, dictinctin_value:-0.36929151673896154, par:62)
														idx76(Q:0.6203, distinct_name:2, dictinctin_value:-0.4513587540231024, par:70)
															idx82(Q:0.6546, distinct_name:2, dictinctin_value:-0.49926091712096626, par:76)
																idx90(Q:0.6718, distinct_name:2, dictinctin_value:-0.5261921216626007, par:82)
																	idx100(Q:0.6833, distinct_name:2, dictinctin_value:-0.5682634996789567, par:90)
																		idx110(Q:0.6988, distinct_name:2, dictinctin_value:-0.576514535000767, par:100)
																			idx120(Q:0.7018, par:110)
																			idx121(Q:0.3963, par:110)
																		idx111(Q:0.3744, par:100)
																	idx101(Q:0.3561, par:90)
																idx91(Q:0.3320, par:82)
															idx83(Q:0.3033, par:76)
														idx77(Q:0.2733, par:70)
													idx71(Q:0.2666, distinct_name:0, dictinctin_value:-0.603707487356605, par:62)
														idx602(Q:0.2690, distinct_name:0, dictinctin_value:-0.6138379954103756, par:71)
															idx604(Q:0.2704, distinct_name:0, dictinctin_value:-0.6471412536059391, par:602)
																idx606(Q:0.2716, par:604)
																idx607(Q:0.2102, par:604)
															idx605(Q:0.1982, par:602)
														idx603(Q:0.1432, par:71)
												idx63(Q:0.2176, par:54)
											idx55(Q:0.2438, distinct_name:0, dictinctin_value:-0.6476910175840919, par:44)
												idx464(Q:0.2473, distinct_name:3, dictinctin_value:0.6680194197252473, par:55)
													idx468(Q:0.2443, distinct_name:0, dictinctin_value:-0.6858015235311999, par:464)
														idx474(Q:0.2449, distinct_name:2, dictinctin_value:0.24031958562965672, par:468)
															idx480(Q:0.2434, distinct_name:2, dictinctin_value:0.22712878489931437, par:474)
																idx484(Q:0.2450, distinct_name:0, dictinctin_value:-0.6984661740702743, par:480)
																	idx492(Q:0.2433, distinct_name:2, dictinctin_value:0.2205862992769331, par:484)
																		idx500(Q:0.2430, distinct_name:1, dictinctin_value:0.7515347460969897, par:492)
																			idx518(Q:0.2425, par:500)
																			idx519(Q:0.2572, par:500)
																		idx501(Q:0.2751, par:492)
																	idx493(Q:0.3077, par:484)
																idx485(Q:0.1301, par:480)
															idx481(Q:0.2797, par:474)
														idx475(Q:0.1567, par:468)
													idx469(Q:0.3624, par:464)
												idx465(Q:0.1355, par:55)
										idx45(Q:0.2481, distinct_name:0, dictinctin_value:-0.6043607795061433, par:38)
											idx510(Q:0.2501, distinct_name:1, dictinctin_value:0.8144916165556727, par:45)
												idx520(Q:0.2441, distinct_name:1, dictinctin_value:0.7699133155688844, par:510)
													idx530(Q:0.2391, distinct_name:2, dictinctin_value:0.5073691095938268, par:520)
														idx536(Q:0.2386, distinct_name:0, dictinctin_value:-0.6190066933050004, par:530)
															idx548(Q:0.2376, distinct_name:0, dictinctin_value:-0.6463225202144014, par:536)
																idx570(Q:0.2366, distinct_name:0, dictinctin_value:-0.6564390430626009, par:548)
																	idx580(Q:0.2384, distinct_name:3, dictinctin_value:0.6572555751708343, par:570)
																		idx586(Q:0.2374, distinct_name:3, dictinctin_value:0.6217208412298194, par:580)
																			idx590(Q:0.2355, par:586)
																			idx591(Q:0.3104, par:586)
																		idx587(Q:0.2792, par:580)
																	idx581(Q:0.1275, par:570)
																idx571(Q:0.2672, par:548)
															idx549(Q:0.3743, par:536)
														idx537(Q:0.2606, par:530)
													idx531(Q:0.3809, par:520)
												idx521(Q:0.5313, par:510)
											idx511(Q:0.1507, par:45)
									idx39(Q:0.3202, distinct_name:1, dictinctin_value:0.8040063207197937, par:30)
										idx426(Q:0.3176, distinct_name:2, dictinctin_value:0.8419373683110459, par:39)
											idx432(Q:0.3197, distinct_name:0, dictinctin_value:-0.6009391153368029, par:426)
												idx444(Q:0.3215, distinct_name:0, dictinctin_value:-0.6041087413020046, par:432)
													idx448(Q:0.3213, distinct_name:0, dictinctin_value:-0.6100701052011255, par:444)
														idx456(Q:0.3219, distinct_name:0, dictinctin_value:-0.6407957166920598, par:448)
															idx460(Q:0.3263, distinct_name:0, dictinctin_value:-0.6555246386975058, par:456)
																idx466(Q:0.3284, distinct_name:0, dictinctin_value:-0.6720161756487143, par:460)
																	idx470(Q:0.3315, distinct_name:0, dictinctin_value:-0.6781083126032775, par:466)
																		idx472(Q:0.3324, distinct_name:0, dictinctin_value:-0.7020609777266955, par:470)
																			idx476(Q:0.3348, par:472)
																			idx477(Q:0.2334, par:472)
																		idx473(Q:0.2839, par:470)
																	idx471(Q:0.0686, par:466)
																idx467(Q:0.1550, par:460)
															idx461(Q:0.1355, par:456)
														idx457(Q:0.3007, par:448)
													idx449(Q:0.3527, par:444)
												idx445(Q:0.1599, par:432)
											idx433(Q:0.2225, par:426)
										idx427(Q:0.4793, par:39)
								idx31(Q:0.3513, distinct_name:0, dictinctin_value:-0.5002719881995846, par:24)
									idx544(Q:0.3516, distinct_name:1, dictinctin_value:0.7593054056611713, par:31)
										idx550(Q:0.3487, distinct_name:0, dictinctin_value:-0.5062520951871772, par:544)
											idx562(Q:0.3495, distinct_name:0, dictinctin_value:-0.5080035363270362, par:550)
												idx572(Q:0.3541, distinct_name:0, dictinctin_value:-0.5084639498879526, par:562)
													idx582(Q:0.3547, distinct_name:0, dictinctin_value:-0.5089199594147691, par:572)
														idx588(Q:0.3576, distinct_name:0, dictinctin_value:-0.5092872052358233, par:582)
															idx592(Q:0.3592, distinct_name:2, dictinctin_value:0.7693334693236122, par:588)
																idx594(Q:0.3641, distinct_name:2, dictinctin_value:0.7132889145486878, par:592)
																	idx596(Q:0.3687, distinct_name:0, dictinctin_value:-0.5099342225448047, par:594)
																		idx598(Q:0.3709, distinct_name:1, dictinctin_value:0.7481026625171042, par:596)
																			idx600(Q:0.3702, par:598)
																			idx601(Q:0.4108, par:598)
																		idx599(Q:0.2330, par:596)
																	idx597(Q:0.0754, par:594)
																idx595(Q:0.1530, par:592)
															idx593(Q:0.1559, par:588)
														idx589(Q:0.1598, par:582)
													idx583(Q:0.2789, par:572)
												idx573(Q:0.1450, par:562)
											idx563(Q:0.3302, par:550)
										idx551(Q:0.4899, par:544)
									idx545(Q:0.3129, par:31)
							idx25(Q:0.4558, distinct_name:0, dictinctin_value:-0.5389580903277561, par:18)
								idx216(Q:0.4582, distinct_name:0, dictinctin_value:-0.5573162410999996, par:25)
									idx230(Q:0.4594, distinct_name:0, dictinctin_value:-0.5917620279880862, par:216)
										idx242(Q:0.4709, distinct_name:1, dictinctin_value:0.8127647407611875, par:230)
											idx256(Q:0.4658, distinct_name:0, dictinctin_value:-0.6131626140571143, par:242)
												idx288(Q:0.4680, distinct_name:0, dictinctin_value:-0.7076582377440916, par:256)
													idx304(Q:0.4854, distinct_name:0, dictinctin_value:-0.717862250694298, par:288)
														idx316(Q:0.4892, distinct_name:0, dictinctin_value:-0.7734253050900186, par:304)
															idx328(Q:0.5029, distinct_name:0, dictinctin_value:-0.7970945326559435, par:316)
																idx340(Q:0.5043, distinct_name:3, dictinctin_value:0.6595389343928215, par:328)
																	idx354(Q:0.4995, distinct_name:3, dictinctin_value:0.6186331758365281, par:340)
																		idx368(Q:0.4946, distinct_name:3, dictinctin_value:0.5952455969358141, par:354)
																			idx380(Q:0.4931, par:368)
																			idx381(Q:0.5796, par:368)
																		idx369(Q:0.8791, par:354)
																	idx355(Q:0.7825, par:340)
																idx341(Q:0.4474, par:328)
															idx329(Q:0.3221, par:316)
														idx317(Q:0.3173, par:304)
													idx305(Q:0.3205, par:288)
												idx289(Q:0.2426, par:256)
											idx257(Q:0.7304, par:242)
										idx243(Q:0.2706, par:230)
									idx231(Q:0.3288, par:216)
								idx217(Q:0.3729, par:25)
						idx19(Q:0.6987, distinct_name:0, dictinctin_value:-0.5046072639210131, par:12)
							idx152(Q:0.6986, distinct_name:2, dictinctin_value:1.74305991171075, par:19)
								idx162(Q:0.6878, distinct_name:2, dictinctin_value:1.5651912903147052, par:152)
									idx172(Q:0.6790, distinct_name:2, dictinctin_value:1.0939968976733132, par:162)
										idx180(Q:0.6574, distinct_name:2, dictinctin_value:0.9064820637809338, par:172)
											idx188(Q:0.6444, distinct_name:2, dictinctin_value:0.8130327408821636, par:180)
												idx196(Q:0.6358, distinct_name:2, dictinctin_value:0.714578820015968, par:188)
													idx204(Q:0.6347, distinct_name:0, dictinctin_value:-0.5137296726081428, par:196)
														idx218(Q:0.6369, distinct_name:2, dictinctin_value:0.4860989258104936, par:204)
															idx232(Q:0.6365, distinct_name:1, dictinctin_value:2.2330900660097845, par:218)
																idx244(Q:0.6251, distinct_name:2, dictinctin_value:0.44559578649865966, par:232)
																	idx258(Q:0.6220, distinct_name:2, dictinctin_value:0.32419638005931734, par:244)
																		idx274(Q:0.6226, distinct_name:0, dictinctin_value:-0.5233031664270825, par:258)
																			idx290(Q:0.6223, par:274)
																			idx291(Q:0.5526, par:274)
																		idx275(Q:0.5985, par:258)
																	idx259(Q:0.7450, par:244)
																idx245(Q:0.9317, par:232)
															idx233(Q:0.6400, par:218)
														idx219(Q:0.4556, par:204)
													idx205(Q:0.6740, par:196)
												idx197(Q:0.8532, par:188)
											idx189(Q:0.8794, par:180)
										idx181(Q:0.9805, par:172)
									idx173(Q:1.0131, par:162)
								idx163(Q:1.0188, par:152)
							idx153(Q:0.7365, par:19)
					idx13(Q:0.5885, distinct_name:2, dictinctin_value:1.929601246827043, par:10)
						idx92(Q:0.5744, distinct_name:1, dictinctin_value:1.2557733390904973, par:13)
							idx102(Q:0.5417, distinct_name:2, dictinctin_value:1.4527612583425853, par:92)
								idx112(Q:0.5303, distinct_name:2, dictinctin_value:1.3531114404933846, par:102)
									idx122(Q:0.5282, distinct_name:2, dictinctin_value:1.0639310625609943, par:112)
										idx130(Q:0.5176, distinct_name:2, dictinctin_value:0.8759607452183222, par:122)
											idx136(Q:0.5105, distinct_name:2, dictinctin_value:0.6228991526328211, par:130)
												idx142(Q:0.5069, distinct_name:2, dictinctin_value:0.4885947458466264, par:136)
													idx146(Q:0.4982, distinct_name:1, dictinctin_value:1.1059975491047376, par:142)
														idx148(Q:0.4911, distinct_name:3, dictinctin_value:2.363964647313972, par:146)
															idx154(Q:0.4844, distinct_name:3, dictinctin_value:1.536573712246935, par:148)
																idx164(Q:0.4582, distinct_name:1, dictinctin_value:0.49075596239548774, par:154)
																	idx206(Q:0.4251, distinct_name:3, dictinctin_value:1.525286896575752, par:164)
																		idx220(Q:0.4247, distinct_name:2, dictinctin_value:0.38874536608000104, par:206)
																			idx234(Q:0.4271, par:220)
																			idx235(Q:0.3327, par:220)
																		idx221(Q:0.4555, par:206)
																	idx207(Q:0.6156, par:164)
																idx165(Q:0.5773, par:154)
															idx155(Q:0.6703, par:148)
														idx149(Q:0.7431, par:146)
													idx147(Q:0.5951, par:142)
												idx143(Q:0.5544, par:136)
											idx137(Q:0.6927, par:130)
										idx131(Q:0.7149, par:122)
									idx123(Q:0.6587, par:112)
								idx113(Q:0.7978, par:102)
							idx103(Q:0.9313, par:92)
						idx93(Q:1.0340, par:13)
				idx11(Q:0.3749, distinct_name:3, dictinctin_value:1.284568987543642, par:8)
					idx32(Q:0.3528, distinct_name:3, dictinctin_value:0.5763111575206541, par:11)
						idx40(Q:0.3350, distinct_name:2, dictinctin_value:1.4159847670297276, par:32)
							idx46(Q:0.3270, distinct_name:2, dictinctin_value:0.8764611652526798, par:40)
								idx56(Q:0.3325, distinct_name:2, dictinctin_value:0.6776552612944613, par:46)
									idx64(Q:0.3390, distinct_name:0, dictinctin_value:-0.10007893227380851, par:56)
										idx72(Q:0.3386, distinct_name:2, dictinctin_value:0.481251420222257, par:64)
											idx78(Q:0.3493, distinct_name:2, dictinctin_value:0.43236682950932387, par:72)
												idx84(Q:0.3561, distinct_name:2, dictinctin_value:0.2322739018313544, par:78)
													idx94(Q:0.3775, distinct_name:2, dictinctin_value:0.1692901075380102, par:84)
														idx104(Q:0.3865, distinct_name:2, dictinctin_value:0.044622068949871425, par:94)
															idx114(Q:0.4052, distinct_name:2, dictinctin_value:-0.04421252452423217, par:104)
																idx124(Q:0.4258, distinct_name:2, dictinctin_value:-0.12551407150931976, par:114)
																	idx132(Q:0.4416, distinct_name:2, dictinctin_value:-0.16179863391045127, par:124)
																		idx138(Q:0.4520, distinct_name:2, dictinctin_value:-0.1987692173924826, par:132)
																			idx144(Q:0.4692, par:138)
																			idx145(Q:0.1612, par:138)
																		idx139(Q:0.1698, par:132)
																	idx133(Q:0.1869, par:124)
																idx125(Q:0.1396, par:114)
															idx115(Q:0.1818, par:104)
														idx105(Q:0.1961, par:94)
													idx95(Q:0.1666, par:84)
												idx85(Q:0.1621, par:78)
											idx79(Q:0.2132, par:72)
										idx73(Q:0.3433, par:64)
									idx65(Q:0.2505, par:56)
								idx57(Q:0.2897, distinct_name:0, dictinctin_value:-0.07115888508263095, par:46)
									idx486(Q:0.2937, distinct_name:2, dictinctin_value:1.3997870335092657, par:57)
										idx494(Q:0.2908, distinct_name:0, dictinctin_value:-0.07160732513030894, par:486)
											idx504(Q:0.2879, distinct_name:0, dictinctin_value:-0.08350405569893737, par:494)
												idx512(Q:0.2900, distinct_name:1, dictinctin_value:1.8788415154351898, par:504)
													idx522(Q:0.2745, distinct_name:1, dictinctin_value:1.7168001155290575, par:512)
														idx538(Q:0.2683, distinct_name:0, dictinctin_value:-0.08454829370887558, par:522)
															idx552(Q:0.2662, distinct_name:3, dictinctin_value:0.4530042815419259, par:538)
																idx556(Q:0.2676, distinct_name:0, dictinctin_value:-0.08608502852647902, par:552)
																	idx564(Q:0.2687, distinct_name:0, dictinctin_value:-0.08644796937551802, par:556)
																		idx574(Q:0.2683, distinct_name:0, dictinctin_value:-0.08717123163966492, par:564)
																			idx584(Q:0.2697, par:574)
																			idx585(Q:0.1069, par:574)
																		idx575(Q:0.3124, par:564)
																	idx565(Q:0.1341, par:556)
																idx557(Q:0.2231, par:552)
															idx553(Q:0.5355, par:538)
														idx539(Q:0.6590, par:522)
													idx523(Q:0.9474, par:512)
												idx513(Q:0.1541, par:504)
											idx505(Q:0.6691, par:494)
										idx495(Q:0.3896, par:486)
									idx487(Q:0.1811, par:57)
							idx47(Q:0.4267, par:40)
						idx41(Q:0.4255, distinct_name:3, dictinctin_value:1.2541204520301295, par:32)
							idx246(Q:0.4196, distinct_name:0, dictinctin_value:-0.05401988313827026, par:41)
								idx260(Q:0.4200, distinct_name:2, dictinctin_value:2.0807886731763334, par:246)
									idx276(Q:0.4060, distinct_name:2, dictinctin_value:1.8994422532815647, par:260)
										idx292(Q:0.4011, distinct_name:1, dictinctin_value:1.2716943858922887, par:276)
											idx306(Q:0.3764, distinct_name:2, dictinctin_value:1.8085097405850585, par:292)
												idx318(Q:0.3686, distinct_name:0, dictinctin_value:-0.06832580226386262, par:306)
													idx330(Q:0.3637, distinct_name:1, dictinctin_value:1.0161843934440484, par:318)
														idx342(Q:0.3559, distinct_name:0, dictinctin_value:-0.11082738421514442, par:330)
															idx356(Q:0.3524, distinct_name:0, dictinctin_value:-0.1239714467724242, par:342)
																idx370(Q:0.3527, distinct_name:1, dictinctin_value:0.8661774768232812, par:356)
																	idx382(Q:0.3479, distinct_name:0, dictinctin_value:-0.13038566790821624, par:370)
																		idx396(Q:0.3480, distinct_name:1, dictinctin_value:0.7685182247259327, par:382)
																			idx406(Q:0.3422, par:396)
																			idx407(Q:0.5266, par:396)
																		idx397(Q:0.3395, par:382)
																	idx383(Q:0.4871, par:370)
																idx371(Q:0.3328, par:356)
															idx357(Q:0.4015, par:342)
														idx343(Q:0.5057, par:330)
													idx331(Q:0.5325, par:318)
												idx319(Q:0.8472, par:306)
											idx307(Q:0.6241, par:292)
										idx293(Q:0.8474, par:276)
									idx277(Q:0.8999, par:260)
								idx261(Q:0.3940, par:246)
							idx247(Q:0.6656, par:41)
					idx33(Q:0.5559, distinct_name:2, dictinctin_value:1.8206658800741853, par:11)
						idx436(Q:0.5437, distinct_name:0, dictinctin_value:-0.055487221535360155, par:33)
							idx438(Q:0.5413, distinct_name:0, dictinctin_value:-0.06661868934946451, par:436)
								idx450(Q:0.5439, distinct_name:2, dictinctin_value:1.6280055741424861, par:438)
									idx458(Q:0.5335, distinct_name:2, dictinctin_value:1.4609118350831285, par:450)
										idx462(Q:0.5254, distinct_name:0, dictinctin_value:-0.06716992247771125, par:458)
											idx478(Q:0.5268, distinct_name:0, dictinctin_value:-0.06950841565798693, par:462)
												idx482(Q:0.5259, distinct_name:0, dictinctin_value:-0.07617984110574617, par:478)
													idx488(Q:0.5281, distinct_name:0, dictinctin_value:-0.09812148969449835, par:482)
														idx496(Q:0.5269, distinct_name:0, dictinctin_value:-0.10012482464779363, par:488)
															idx502(Q:0.5295, distinct_name:2, dictinctin_value:1.4064514939244364, par:496)
																idx514(Q:0.5264, distinct_name:2, dictinctin_value:1.318805451770871, par:502)
																	idx524(Q:0.5191, distinct_name:0, dictinctin_value:-0.11118736531331526, par:514)
																		idx532(Q:0.5190, distinct_name:0, dictinctin_value:-0.12850307532465371, par:524)
																			idx540(Q:0.5255, par:532)
																			idx541(Q:0.2899, par:532)
																		idx533(Q:0.5230, par:524)
																	idx525(Q:0.7980, par:514)
																idx515(Q:0.7615, par:502)
															idx503(Q:0.1239, par:496)
														idx497(Q:0.5558, par:488)
													idx489(Q:0.1612, par:482)
												idx483(Q:0.6779, par:478)
											idx479(Q:0.3023, par:462)
										idx463(Q:0.8671, par:458)
									idx459(Q:0.9828, par:450)
								idx451(Q:0.3190, par:438)
							idx439(Q:0.9613, par:436)
						idx437(Q:0.9142, par:33)
			idx9(Q:0.3470, distinct_name:1, dictinctin_value:1.4532912275447858, par:6)
				idx14(Q:0.3264, distinct_name:0, dictinctin_value:0.6708677617788001, par:9)
					idx16(Q:0.3433, distinct_name:0, dictinctin_value:0.5219929201544601, par:14)
						idx20(Q:0.3440, distinct_name:0, dictinctin_value:0.38200451643824146, par:16)
							idx26(Q:0.3488, distinct_name:0, dictinctin_value:0.29175973898130836, par:20)
								idx34(Q:0.3492, distinct_name:3, dictinctin_value:1.2405945003824483, par:26)
									idx42(Q:0.3239, distinct_name:2, dictinctin_value:1.6139678071673451, par:34)
										idx48(Q:0.3184, distinct_name:1, dictinctin_value:1.0148453699076618, par:42)
											idx58(Q:0.3074, distinct_name:2, dictinctin_value:0.8422101128546527, par:48)
												idx66(Q:0.3151, distinct_name:2, dictinctin_value:0.5718071591898053, par:58)
													idx74(Q:0.3283, distinct_name:2, dictinctin_value:0.3335199702259944, par:66)
														idx80(Q:0.3524, distinct_name:2, dictinctin_value:0.2585267021680285, par:74)
															idx86(Q:0.3601, distinct_name:2, dictinctin_value:0.13295569297273957, par:80)
																idx96(Q:0.3772, distinct_name:2, dictinctin_value:0.0933394603867821, par:86)
																	idx106(Q:0.3855, distinct_name:2, dictinctin_value:0.047951172568074005, par:96)
																		idx116(Q:0.3931, distinct_name:2, dictinctin_value:-0.0025517231675584334, par:106)
																			idx126(Q:0.4000, par:116)
																			idx127(Q:0.1400, par:116)
																		idx117(Q:0.1509, par:106)
																	idx107(Q:0.1104, par:96)
																idx97(Q:0.1327, par:86)
															idx87(Q:0.1594, par:80)
														idx81(Q:0.1550, par:74)
													idx75(Q:0.1995, par:66)
												idx67(Q:0.2667, distinct_name:0, dictinctin_value:0.284001031471605, par:58)
													idx506(Q:0.2656, distinct_name:0, dictinctin_value:0.28239410324000885, par:67)
														idx526(Q:0.2649, distinct_name:1, dictinctin_value:0.83535054985968, par:506)
															idx546(Q:0.2448, distinct_name:2, dictinctin_value:1.5992728183505887, par:526)
																idx554(Q:0.2467, distinct_name:0, dictinctin_value:0.27983576931814547, par:546)
																	idx558(Q:0.2476, distinct_name:2, dictinctin_value:1.5459775970266707, par:554)
																		idx566(Q:0.2398, distinct_name:2, dictinctin_value:1.5137425616672946, par:558)
																			idx576(Q:0.2400, par:566)
																			idx577(Q:0.2344, par:566)
																		idx567(Q:0.4496, par:558)
																	idx559(Q:0.1898, par:554)
																idx555(Q:0.1136, par:546)
															idx547(Q:0.7287, par:526)
														idx527(Q:0.3231, par:506)
													idx507(Q:0.3164, par:67)
											idx59(Q:0.4242, par:48)
										idx49(Q:0.4307, par:42)
									idx43(Q:0.5371, distinct_name:3, dictinctin_value:2.7956706813891117, par:34)
										idx490(Q:0.5244, distinct_name:0, dictinctin_value:0.28758459307995216, par:43)
											idx498(Q:0.5197, distinct_name:2, dictinctin_value:1.7926081731949, par:490)
												idx508(Q:0.5133, distinct_name:0, dictinctin_value:0.2865220549225975, par:498)
													idx516(Q:0.5128, distinct_name:0, dictinctin_value:0.2785989659591723, par:508)
														idx528(Q:0.5194, distinct_name:3, dictinctin_value:2.7261255458914433, par:516)
															idx534(Q:0.5224, distinct_name:0, dictinctin_value:0.2763906794093015, par:528)
																idx542(Q:0.5240, distinct_name:0, dictinctin_value:0.2703031142425218, par:534)
																	idx560(Q:0.5228, distinct_name:3, dictinctin_value:2.563708411050972, par:542)
																		idx568(Q:0.5190, distinct_name:2, dictinctin_value:1.5803350412841866, par:560)
																			idx578(Q:0.5061, par:568)
																			idx579(Q:0.7891, par:568)
																		idx569(Q:0.7699, par:560)
																	idx561(Q:0.6884, par:542)
																idx543(Q:0.3073, par:534)
															idx535(Q:0.3125, par:528)
														idx529(Q:0.2106, par:516)
													idx517(Q:0.5832, par:508)
												idx509(Q:0.9712, par:498)
											idx499(Q:1.1979, par:490)
										idx491(Q:0.9972, par:43)
								idx35(Q:0.3470, distinct_name:1, dictinctin_value:1.344826515865718, par:26)
									idx236(Q:0.3452, distinct_name:3, dictinctin_value:1.6897348587436034, par:35)
										idx248(Q:0.3304, distinct_name:1, dictinctin_value:1.2341402111364463, par:236)
											idx262(Q:0.3311, distinct_name:3, dictinctin_value:1.3356049450605056, par:248)
												idx278(Q:0.3208, distinct_name:2, dictinctin_value:1.6241822054726756, par:262)
													idx294(Q:0.3117, distinct_name:0, dictinctin_value:0.3731119474318981, par:278)
														idx320(Q:0.3080, distinct_name:3, dictinctin_value:1.2759579982069145, par:294)
															idx344(Q:0.2990, distinct_name:0, dictinctin_value:0.37304242798500226, par:320)
																idx358(Q:0.2989, distinct_name:0, dictinctin_value:0.3707677109507447, par:344)
																	idx372(Q:0.3003, distinct_name:0, dictinctin_value:0.3697040787425107, par:358)
																		idx384(Q:0.3009, distinct_name:2, dictinctin_value:1.3789177574365135, par:372)
																			idx398(Q:0.2993, par:384)
																			idx399(Q:0.3408, par:384)
																		idx385(Q:0.2750, par:372)
																	idx373(Q:0.2325, par:358)
																idx359(Q:0.3297, par:344)
															idx345(Q:0.6603, par:320)
														idx321(Q:0.3682, par:294)
													idx295(Q:0.5022, par:278)
												idx279(Q:0.5644, par:262)
											idx263(Q:0.2832, par:248)
										idx249(Q:0.6497, par:236)
									idx237(Q:0.4358, par:35)
							idx27(Q:0.3269, distinct_name:2, dictinctin_value:1.5527241962490086, par:20)
								idx156(Q:0.3211, distinct_name:0, dictinctin_value:0.5137061072990365, par:27)
									idx166(Q:0.3267, distinct_name:0, dictinctin_value:0.5083060291160676, par:156)
										idx174(Q:0.3282, distinct_name:1, dictinctin_value:1.235555391656205, par:166)
											idx182(Q:0.3273, distinct_name:0, dictinctin_value:0.499318407708209, par:174)
												idx190(Q:0.3324, distinct_name:3, dictinctin_value:1.6437138459193195, par:182)
													idx198(Q:0.3232, distinct_name:0, dictinctin_value:0.4978828276393789, par:190)
														idx208(Q:0.3252, distinct_name:2, dictinctin_value:1.3588453420210258, par:198)
															idx222(Q:0.3212, distinct_name:2, dictinctin_value:0.9721483625475897, par:208)
																idx238(Q:0.3236, distinct_name:0, dictinctin_value:0.4972801494332726, par:222)
																	idx250(Q:0.3219, distinct_name:2, dictinctin_value:0.944961054171824, par:238)
																		idx264(Q:0.3252, distinct_name:2, dictinctin_value:0.872803430709856, par:250)
																			idx280(Q:0.3296, par:264)
																			idx281(Q:0.2116, par:264)
																		idx265(Q:0.1370, par:250)
																	idx251(Q:0.5718, par:238)
																idx239(Q:0.2923, par:222)
															idx223(Q:0.4399, par:208)
														idx209(Q:0.1910, par:198)
													idx199(Q:0.6695, par:190)
												idx191(Q:0.2488, par:182)
											idx183(Q:0.3519, par:174)
										idx175(Q:0.2957, par:166)
									idx167(Q:0.2429, par:156)
								idx157(Q:0.4616, par:27)
						idx21(Q:0.3403, distinct_name:1, dictinctin_value:1.3201670622027022, par:16)
							idx150(Q:0.3385, distinct_name:1, dictinctin_value:1.2234607090751204, par:21)
								idx158(Q:0.3393, distinct_name:1, dictinctin_value:1.0226433736171432, par:150)
									idx168(Q:0.3329, distinct_name:0, dictinctin_value:0.6649352976939671, par:158)
										idx176(Q:0.3321, distinct_name:2, dictinctin_value:1.8028367177150562, par:168)
											idx184(Q:0.3298, distinct_name:3, dictinctin_value:1.321083281680176, par:176)
												idx210(Q:0.3114, distinct_name:1, dictinctin_value:0.7493197611500411, par:184)
													idx224(Q:0.3037, distinct_name:2, dictinctin_value:1.1954012588052898, par:210)
														idx266(Q:0.3034, distinct_name:1, dictinctin_value:0.6035401367847275, par:224)
															idx282(Q:0.3033, distinct_name:1, dictinctin_value:0.5166827335099701, par:266)
																idx296(Q:0.3086, distinct_name:0, dictinctin_value:0.663963378246939, par:282)
																	idx308(Q:0.3069, distinct_name:0, dictinctin_value:0.6638782806630827, par:296)
																		idx322(Q:0.3054, distinct_name:2, dictinctin_value:1.1091905022156634, par:308)
																			idx332(Q:0.3085, par:322)
																			idx333(Q:0.1630, par:322)
																		idx323(Q:0.7405, par:308)
																	idx309(Q:0.7765, par:296)
																idx297(Q:0.1677, par:282)
															idx283(Q:0.3045, par:266)
														idx267(Q:0.3083, par:224)
													idx225(Q:0.3746, par:210)
												idx211(Q:0.5368, par:184)
											idx185(Q:0.4116, par:176)
										idx177(Q:0.3493, par:168)
									idx169(Q:0.5132, par:158)
								idx159(Q:0.2684, par:150)
							idx151(Q:0.4317, par:21)
					idx17(Q:0.3080, distinct_name:3, dictinctin_value:0.8871619234739136, par:14)
						idx22(Q:0.2756, distinct_name:1, dictinctin_value:0.895274831679809, par:17)
							idx28(Q:0.2608, distinct_name:3, dictinctin_value:0.4147697243292515, par:22)
								idx36(Q:0.2535, distinct_name:3, dictinctin_value:-0.009439492879810042, par:28)
									idx50(Q:0.2491, distinct_name:0, dictinctin_value:2.3121117874404824, par:36)
										idx52(Q:0.2505, distinct_name:0, dictinctin_value:1.9483716250181808, par:50)
											idx60(Q:0.2539, distinct_name:3, dictinctin_value:-0.018025248765568658, par:52)
												idx68(Q:0.2614, distinct_name:2, dictinctin_value:0.8033765660185509, par:60)
													idx88(Q:0.2680, distinct_name:2, dictinctin_value:0.6003623148969123, par:68)
														idx98(Q:0.2760, distinct_name:2, dictinctin_value:0.5329635912790776, par:88)
															idx108(Q:0.2802, distinct_name:2, dictinctin_value:0.3621996786015208, par:98)
																idx118(Q:0.2940, distinct_name:3, dictinctin_value:-0.05260374571449391, par:108)
																	idx128(Q:0.2963, distinct_name:2, dictinctin_value:0.22149263805201816, par:118)
																		idx134(Q:0.3110, distinct_name:2, dictinctin_value:0.13324256965432388, par:128)
																			idx140(Q:0.3226, par:134)
																			idx141(Q:0.1385, par:134)
																		idx135(Q:0.1443, par:128)
																	idx129(Q:0.2252, par:118)
																idx119(Q:0.1479, par:108)
															idx109(Q:0.1699, par:98)
														idx99(Q:0.1631, par:88)
													idx89(Q:0.2375, distinct_name:0, dictinctin_value:1.9001636825637473, par:68)
														idx420(Q:0.2358, distinct_name:0, dictinctin_value:1.8970534364477791, par:89)
															idx428(Q:0.2359, distinct_name:0, dictinctin_value:1.7864713255325577, par:420)
																idx434(Q:0.2381, distinct_name:0, dictinctin_value:1.7345810667045185, par:428)
																	idx440(Q:0.2355, distinct_name:0, dictinctin_value:1.7300479805066988, par:434)
																		idx446(Q:0.2360, distinct_name:0, dictinctin_value:1.6826477660222412, par:440)
																			idx452(Q:0.2346, par:446)
																			idx453(Q:0.2928, par:446)
																		idx447(Q:0.1492, par:440)
																	idx441(Q:0.3084, par:434)
																idx435(Q:0.1741, par:428)
															idx429(Q:0.2144, par:420)
														idx421(Q:0.2937, par:89)
												idx69(Q:0.1940, par:60)
											idx61(Q:0.1957, par:52)
										idx53(Q:0.1887, par:50)
									idx51(Q:0.2672, distinct_name:0, dictinctin_value:2.2255864685353126, par:36)
										idx268(Q:0.2662, distinct_name:0, dictinctin_value:1.8770234609938123, par:51)
											idx284(Q:0.2669, distinct_name:1, dictinctin_value:0.8208254329434517, par:268)
												idx298(Q:0.2685, distinct_name:0, dictinctin_value:1.7199871451158526, par:284)
													idx310(Q:0.2681, distinct_name:3, dictinctin_value:0.39481973457279324, par:298)
														idx346(Q:0.2692, distinct_name:2, dictinctin_value:2.0591657816242117, par:310)
															idx360(Q:0.2590, distinct_name:2, dictinctin_value:1.6416632040499568, par:346)
																idx374(Q:0.2581, distinct_name:0, dictinctin_value:1.6846076849979201, par:360)
																	idx386(Q:0.2569, distinct_name:2, dictinctin_value:1.5364517172370076, par:374)
																		idx400(Q:0.2560, distinct_name:2, dictinctin_value:1.321416179085615, par:386)
																			idx408(Q:0.2540, par:400)
																			idx409(Q:0.3184, par:400)
																		idx401(Q:0.2993, par:386)
																	idx387(Q:0.3396, par:374)
																idx375(Q:0.3030, par:360)
															idx361(Q:0.6598, par:346)
														idx347(Q:0.2293, par:310)
													idx311(Q:0.2816, par:298)
												idx299(Q:0.2089, par:284)
											idx285(Q:0.2534, par:268)
										idx269(Q:0.2944, par:51)
								idx37(Q:0.2951, distinct_name:1, dictinctin_value:0.7946772031835798, par:28)
									idx312(Q:0.2888, distinct_name:2, dictinctin_value:1.9378572482198, par:37)
										idx324(Q:0.2820, distinct_name:0, dictinctin_value:2.1880833067537604, par:312)
											idx334(Q:0.2824, distinct_name:0, dictinctin_value:2.1673152418059, par:324)
												idx348(Q:0.2803, distinct_name:0, dictinctin_value:2.0644684179947266, par:334)
													idx362(Q:0.2791, distinct_name:2, dictinctin_value:1.6060442338491094, par:348)
														idx376(Q:0.2709, distinct_name:0, dictinctin_value:1.8821116949330967, par:362)
															idx388(Q:0.2743, distinct_name:2, dictinctin_value:1.5867185725408008, par:376)
																idx402(Q:0.2744, distinct_name:0, dictinctin_value:1.8162737627685595, par:388)
																	idx410(Q:0.2770, distinct_name:2, dictinctin_value:1.474613989336331, par:402)
																		idx414(Q:0.2732, distinct_name:2, dictinctin_value:1.322085439542282, par:410)
																			idx422(Q:0.2732, par:414)
																			idx423(Q:0.2720, par:414)
																		idx415(Q:0.7277, par:410)
																	idx411(Q:0.1206, par:402)
																idx403(Q:0.2603, par:388)
															idx389(Q:0.1672, par:376)
														idx377(Q:0.5362, par:362)
													idx363(Q:0.3418, par:348)
												idx349(Q:0.4213, par:334)
											idx335(Q:0.2633, par:324)
										idx325(Q:0.5989, par:312)
									idx313(Q:0.4699, par:37)
							idx29(Q:0.3896, distinct_name:0, dictinctin_value:2.44084525907838, par:22)
								idx336(Q:0.3908, distinct_name:0, dictinctin_value:2.3332385876998147, par:29)
									idx350(Q:0.3929, distinct_name:2, dictinctin_value:1.313989803673234, par:336)
										idx364(Q:0.3616, distinct_name:2, dictinctin_value:1.2075088067941002, par:350)
											idx378(Q:0.3592, distinct_name:0, dictinctin_value:2.3276851139515355, par:364)
												idx390(Q:0.3583, distinct_name:2, dictinctin_value:1.1566628366759308, par:378)
													idx404(Q:0.3507, distinct_name:2, dictinctin_value:1.049026714172236, par:390)
														idx412(Q:0.3477, distinct_name:2, dictinctin_value:1.0138168631315498, par:404)
															idx418(Q:0.3452, distinct_name:0, dictinctin_value:2.3136303024689413, par:412)
																idx424(Q:0.3451, distinct_name:1, dictinctin_value:1.4142431093508798, par:418)
																	idx430(Q:0.3492, distinct_name:0, dictinctin_value:2.2572655688242222, par:424)
																		idx442(Q:0.3489, distinct_name:0, dictinctin_value:2.2507333712501807, par:430)
																			idx454(Q:0.3489, par:442)
																			idx455(Q:0.3551, par:442)
																		idx443(Q:0.3689, par:430)
																	idx431(Q:0.2625, par:424)
																idx425(Q:0.3611, par:418)
															idx419(Q:0.4918, par:412)
														idx413(Q:0.5241, par:404)
													idx405(Q:0.6303, par:390)
												idx391(Q:0.5313, par:378)
											idx379(Q:0.5828, par:364)
										idx365(Q:0.6713, par:350)
									idx351(Q:0.2484, par:336)
								idx337(Q:0.2579, par:29)
						idx23(Q:0.4643, distinct_name:0, dictinctin_value:2.1444723574903684, par:17)
							idx160(Q:0.4643, distinct_name:0, dictinctin_value:2.133798778100152, par:23)
								idx170(Q:0.4647, distinct_name:2, dictinctin_value:1.564504591409782, par:160)
									idx178(Q:0.4416, distinct_name:2, dictinctin_value:1.4113473869711974, par:170)
										idx186(Q:0.4358, distinct_name:0, dictinctin_value:2.1063540893171067, par:178)
											idx192(Q:0.4366, distinct_name:2, dictinctin_value:1.2195161175228741, par:186)
												idx200(Q:0.4318, distinct_name:0, dictinctin_value:1.9676721667093595, par:192)
													idx212(Q:0.4301, distinct_name:0, dictinctin_value:1.8926417272552991, par:200)
														idx226(Q:0.4305, distinct_name:0, dictinctin_value:1.7713311316515392, par:212)
															idx252(Q:0.4335, distinct_name:1, dictinctin_value:1.3213229930390704, par:226)
																idx270(Q:0.4292, distinct_name:0, dictinctin_value:1.7442155745503336, par:252)
																	idx300(Q:0.4268, distinct_name:0, dictinctin_value:1.3536781616204123, par:270)
																		idx392(Q:0.4288, distinct_name:0, dictinctin_value:1.2274516322533688, par:300)
																			idx416(Q:0.4290, par:392)
																			idx417(Q:0.4270, par:392)
																		idx393(Q:0.4184, par:300)
																	idx301(Q:0.6620, par:270)
																idx271(Q:0.6092, par:252)
															idx253(Q:0.3513, par:226)
														idx227(Q:0.4130, par:212)
													idx213(Q:0.4799, par:200)
												idx201(Q:0.5477, par:192)
											idx193(Q:0.3158, par:186)
										idx187(Q:0.6615, par:178)
									idx179(Q:0.8480, par:170)
								idx171(Q:0.3511, par:160)
							idx161(Q:0.4618, par:23)
				idx15(Q:0.6101, distinct_name:2, dictinctin_value:1.9938158806166744, par:9)
					idx194(Q:0.5995, distinct_name:3, dictinctin_value:2.0149638943737203, par:15)
						idx202(Q:0.5894, distinct_name:3, dictinctin_value:1.626087400144554, par:194)
							idx214(Q:0.5846, distinct_name:1, dictinctin_value:2.6727016574162166, par:202)
								idx228(Q:0.5732, distinct_name:2, dictinctin_value:1.776904010924299, par:214)
									idx240(Q:0.5680, distinct_name:2, dictinctin_value:1.4203463682180766, par:228)
										idx254(Q:0.5564, distinct_name:0, dictinctin_value:2.115573493736756, par:240)
											idx272(Q:0.5571, distinct_name:2, dictinctin_value:1.306259966260203, par:254)
												idx286(Q:0.5451, distinct_name:2, dictinctin_value:1.2529155214914378, par:272)
													idx302(Q:0.5413, distinct_name:2, dictinctin_value:0.808199081795812, par:286)
														idx314(Q:0.5188, distinct_name:2, dictinctin_value:0.7214446989843575, par:302)
															idx326(Q:0.5116, distinct_name:2, dictinctin_value:0.7041168221107604, par:314)
																idx338(Q:0.5108, distinct_name:0, dictinctin_value:2.1110030599556926, par:326)
																	idx352(Q:0.5115, distinct_name:0, dictinctin_value:2.0312710900603177, par:338)
																		idx366(Q:0.5100, distinct_name:2, dictinctin_value:0.6878681581259294, par:352)
																			idx394(Q:0.5080, par:366)
																			idx395(Q:0.7374, par:366)
																		idx367(Q:0.6383, par:352)
																	idx353(Q:0.3397, par:338)
																idx339(Q:0.6013, par:326)
															idx327(Q:0.6820, par:314)
														idx315(Q:0.8465, par:302)
													idx303(Q:0.8049, par:286)
												idx287(Q:0.8402, par:272)
											idx273(Q:0.5122, par:254)
										idx255(Q:0.7995, par:240)
									idx241(Q:0.8938, par:228)
								idx229(Q:0.7859, par:214)
							idx215(Q:0.7358, par:202)
						idx203(Q:0.9193, par:194)
					idx195(Q:0.9885, par:15)
		idx7(Q:0.3927, par:4)
	idx5(Q:0.2809, par:1)
