WARNING:tensorflow:From /Users/keithwu/opt/anaconda3/envs/auction-gym/lib/python3.10/site-packages/tensorflow/python/compat/v2_compat.py:107: disable_resource_variables (from tensorflow.python.ops.variable_scope) is deprecated and will be removed in a future version.
Instructions for updating:
non-resource variables are not supported in the long term
<_io.TextIOWrapper name='<stderr>' mode='w' encoding='utf-8'> reading from ../UTree_model_numpy/DR/model_boost_linear_qsplit_noabs_save/, starting at 33
<_io.TextIOWrapper name='<stderr>' mode='w' encoding='utf-8'> =============== update starts ===============
(average_diff:0.0011782593423189287, max_diff:0.0026749929976716547, training_epochs:500, lr:0.05)
<_io.TextIOWrapper name='<stderr>' mode='w' encoding='utf-8'> node index is 111
train linear regression time:  0.05305258370935917
(average_diff:0.0007227885527084366, max_diff:0.0015938421832897287, training_epochs:500, lr:0.05)
<_io.TextIOWrapper name='<stderr>' mode='w' encoding='utf-8'> node index is 101
train linear regression time:  0.05313008278608322
(average_diff:0.0015840855412677533, max_diff:0.00404174355098097, training_epochs:500, lr:0.05)
<_io.TextIOWrapper name='<stderr>' mode='w' encoding='utf-8'> node index is 91
train linear regression time:  0.05188908288255334
(average_diff:0.01841279130046436, max_diff:0.13877110228641473, training_epochs:500, lr:0.05)
<_io.TextIOWrapper name='<stderr>' mode='w' encoding='utf-8'> node index is 83
train linear regression time:  0.05215250002220273
(average_diff:0.024685781514874564, max_diff:0.10756583216636417, training_epochs:500, lr:0.05)
<_io.TextIOWrapper name='<stderr>' mode='w' encoding='utf-8'> node index is 77
train linear regression time:  0.0532855000346899
(average_diff:0.03832456944148115, max_diff:0.11290681504890235, training_epochs:500, lr:0.05)
<_io.TextIOWrapper name='<stderr>' mode='w' encoding='utf-8'> node index is 71
train linear regression time:  0.052871250081807375
(average_diff:0.04801668335372449, max_diff:0.13526415159074678, training_epochs:500, lr:0.05)
<_io.TextIOWrapper name='<stderr>' mode='w' encoding='utf-8'> node index is 63
train linear regression time:  0.05255995783954859
(average_diff:0.058168478684032944, max_diff:0.1739881804277761, training_epochs:500, lr:0.05)
<_io.TextIOWrapper name='<stderr>' mode='w' encoding='utf-8'> node index is 55
train linear regression time:  0.05265895929187536
(average_diff:0.06845091977820258, max_diff:0.26851799614136496, training_epochs:500, lr:0.05)
<_io.TextIOWrapper name='<stderr>' mode='w' encoding='utf-8'> node index is 45
train linear regression time:  0.053635790944099426
(average_diff:0.061487765001476485, max_diff:0.24669047487949813, training_epochs:500, lr:0.05)
<_io.TextIOWrapper name='<stderr>' mode='w' encoding='utf-8'> node index is 39
train linear regression time:  0.053461709059774876
(average_diff:0.0958947304794321, max_diff:0.29573696858629805, training_epochs:500, lr:0.05)
<_io.TextIOWrapper name='<stderr>' mode='w' encoding='utf-8'> node index is 31
train linear regression time:  0.052475625183433294
(average_diff:0.057781119985019655, max_diff:0.36079513183173073, training_epochs:500, lr:0.05)
<_io.TextIOWrapper name='<stderr>' mode='w' encoding='utf-8'> node index is 242
train linear regression time:  0.06164683308452368
<_io.TextIOWrapper name='<stderr>' mode='w' encoding='utf-8'> variance test passed, diff=0.05508929988799337, d = 0, back=0
<_io.TextIOWrapper name='<stderr>' mode='w' encoding='utf-8'> variance test passed, diff=0.07996844717782421, d = 1, back=0
<_io.TextIOWrapper name='<stderr>' mode='w' encoding='utf-8'> Will be split, p=0.07996844717782421, d=1, back=0
(average_diff:0.059493043986349775, max_diff:0.35366384209601676, training_epochs:500, lr:0.05)
<_io.TextIOWrapper name='<stderr>' mode='w' encoding='utf-8'> node index is 256
train linear regression time:  0.06060562515631318
(average_diff:1.4951054783107764e-08, max_diff:1.7390572870645826e-08, training_epochs:500, lr:0.05)
<_io.TextIOWrapper name='<stderr>' mode='w' encoding='utf-8'> node index is 257
train linear regression time:  0.051873667165637016
(average_diff:0.036612886629463014, max_diff:0.05013187759937243, training_epochs:500, lr:0.05)
<_io.TextIOWrapper name='<stderr>' mode='w' encoding='utf-8'> node index is 243
train linear regression time:  0.05805895896628499
(average_diff:2.220446049250313e-16, max_diff:2.220446049250313e-16, training_epochs:500, lr:0.05)
<_io.TextIOWrapper name='<stderr>' mode='w' encoding='utf-8'> node index is 231
train linear regression time:  0.05382741615176201
(average_diff:0.06063769695550229, max_diff:0.12333431828621505, training_epochs:500, lr:0.05)
<_io.TextIOWrapper name='<stderr>' mode='w' encoding='utf-8'> node index is 217
train linear regression time:  0.05554433399811387
(average_diff:0.14327099951384883, max_diff:0.5330140495996094, training_epochs:500, lr:0.05)
<_io.TextIOWrapper name='<stderr>' mode='w' encoding='utf-8'> node index is 244
train linear regression time:  0.0600793338380754
<_io.TextIOWrapper name='<stderr>' mode='w' encoding='utf-8'> variance test passed, diff=0.012003437119020077, d = 0, back=0
<_io.TextIOWrapper name='<stderr>' mode='w' encoding='utf-8'> variance test passed, diff=0.03380706686177609, d = 1, back=0
<_io.TextIOWrapper name='<stderr>' mode='w' encoding='utf-8'> variance test passed, diff=0.06308700233835933, d = 2, back=0
<_io.TextIOWrapper name='<stderr>' mode='w' encoding='utf-8'> Will be split, p=0.06308700233835933, d=2, back=0
(average_diff:0.13678923224092215, max_diff:0.48335645884128914, training_epochs:500, lr:0.05)
<_io.TextIOWrapper name='<stderr>' mode='w' encoding='utf-8'> node index is 258
train linear regression time:  0.05941779166460037
(average_diff:0.01197724620672122, max_diff:0.024102202960331498, training_epochs:500, lr:0.05)
<_io.TextIOWrapper name='<stderr>' mode='w' encoding='utf-8'> node index is 259
train linear regression time:  0.05109070800244808
(average_diff:0.003178192675042324, max_diff:0.003266701045726683, training_epochs:500, lr:0.05)
<_io.TextIOWrapper name='<stderr>' mode='w' encoding='utf-8'> node index is 245
train linear regression time:  0.05057541700080037
(average_diff:0.013349703401767237, max_diff:0.02172209197510977, training_epochs:500, lr:0.05)
<_io.TextIOWrapper name='<stderr>' mode='w' encoding='utf-8'> node index is 233
train linear regression time:  0.050324749667197466
(average_diff:2.220446049250313e-16, max_diff:2.220446049250313e-16, training_epochs:500, lr:0.05)
<_io.TextIOWrapper name='<stderr>' mode='w' encoding='utf-8'> node index is 219
train linear regression time:  0.050949541851878166
(average_diff:0.005952070608219273, max_diff:0.013253634305838369, training_epochs:500, lr:0.05)
<_io.TextIOWrapper name='<stderr>' mode='w' encoding='utf-8'> node index is 205
train linear regression time:  0.050569791812449694
(average_diff:0.0013643634941465643, max_diff:0.0017009506431205912, training_epochs:500, lr:0.05)
<_io.TextIOWrapper name='<stderr>' mode='w' encoding='utf-8'> node index is 197
train linear regression time:  0.05051062488928437
(average_diff:0.009293346097859681, max_diff:0.01577389242101368, training_epochs:500, lr:0.05)
<_io.TextIOWrapper name='<stderr>' mode='w' encoding='utf-8'> node index is 189
train linear regression time:  0.050944417249411345
(average_diff:0.0038885406296794434, max_diff:0.008746251860147103, training_epochs:500, lr:0.05)
<_io.TextIOWrapper name='<stderr>' mode='w' encoding='utf-8'> node index is 181
train linear regression time:  0.05145200015977025
(average_diff:0.032686548918447134, max_diff:0.06589306361234326, training_epochs:500, lr:0.05)
<_io.TextIOWrapper name='<stderr>' mode='w' encoding='utf-8'> node index is 173
train linear regression time:  0.051260416861623526
(average_diff:0.017220269940025103, max_diff:0.0254111292229684, training_epochs:500, lr:0.05)
<_io.TextIOWrapper name='<stderr>' mode='w' encoding='utf-8'> node index is 163
train linear regression time:  0.05123016610741615
(average_diff:0.0, max_diff:0.0, training_epochs:500, lr:0.05)
<_io.TextIOWrapper name='<stderr>' mode='w' encoding='utf-8'> node index is 153
train linear regression time:  0.05088804196566343
(average_diff:0.038445216175951515, max_diff:0.059853860747579535, training_epochs:500, lr:0.05)
<_io.TextIOWrapper name='<stderr>' mode='w' encoding='utf-8'> node index is 221
train linear regression time:  0.050020374823361635
(average_diff:0.10725793731498477, max_diff:0.29179175376843636, training_epochs:500, lr:0.05)
<_io.TextIOWrapper name='<stderr>' mode='w' encoding='utf-8'> node index is 207
train linear regression time:  0.05095462501049042
(average_diff:0.15477850115106642, max_diff:0.39240065965479953, training_epochs:500, lr:0.05)
<_io.TextIOWrapper name='<stderr>' mode='w' encoding='utf-8'> node index is 165
train linear regression time:  0.051244332920759916
(average_diff:0.061715699263153574, max_diff:0.1252187740846124, training_epochs:500, lr:0.05)
<_io.TextIOWrapper name='<stderr>' mode='w' encoding='utf-8'> node index is 155
train linear regression time:  0.05102208396419883
(average_diff:0.13045262967760235, max_diff:0.2125709563713455, training_epochs:500, lr:0.05)
<_io.TextIOWrapper name='<stderr>' mode='w' encoding='utf-8'> node index is 149
train linear regression time:  0.05135420896112919
(average_diff:0.04965952099873158, max_diff:0.13050671994486926, training_epochs:500, lr:0.05)
<_io.TextIOWrapper name='<stderr>' mode='w' encoding='utf-8'> node index is 147
train linear regression time:  0.05124487495049834
(average_diff:0.06102585074820584, max_diff:0.1295592658564168, training_epochs:500, lr:0.05)
<_io.TextIOWrapper name='<stderr>' mode='w' encoding='utf-8'> node index is 143
train linear regression time:  0.05260295793414116
(average_diff:0.02069985614186837, max_diff:0.038272588739705515, training_epochs:500, lr:0.05)
<_io.TextIOWrapper name='<stderr>' mode='w' encoding='utf-8'> node index is 137
train linear regression time:  0.0533324577845633
(average_diff:0.03396280576310844, max_diff:0.0666914818356438, training_epochs:500, lr:0.05)
<_io.TextIOWrapper name='<stderr>' mode='w' encoding='utf-8'> node index is 131
train linear regression time:  0.050571625120937824
(average_diff:0.022417567254183583, max_diff:0.04180558148955299, training_epochs:500, lr:0.05)
<_io.TextIOWrapper name='<stderr>' mode='w' encoding='utf-8'> node index is 123
train linear regression time:  0.053257832769304514
(average_diff:0.03783500689828748, max_diff:0.08717937038619511, training_epochs:500, lr:0.05)
<_io.TextIOWrapper name='<stderr>' mode='w' encoding='utf-8'> node index is 113
train linear regression time:  0.05553854163736105
(average_diff:0.06994013819310159, max_diff:0.2763363730571038, training_epochs:500, lr:0.05)
<_io.TextIOWrapper name='<stderr>' mode='w' encoding='utf-8'> node index is 103
train linear regression time:  0.04982429230585694
(average_diff:0.056576151546256996, max_diff:0.08196233846952738, training_epochs:500, lr:0.05)
<_io.TextIOWrapper name='<stderr>' mode='w' encoding='utf-8'> node index is 93
train linear regression time:  0.05122212506830692
(average_diff:0.0010404293500754058, max_diff:0.001806383358633118, training_epochs:500, lr:0.05)
<_io.TextIOWrapper name='<stderr>' mode='w' encoding='utf-8'> node index is 139
train linear regression time:  0.04973570816218853
(average_diff:0.051230760048424216, max_diff:0.1372507300851392, training_epochs:500, lr:0.05)
<_io.TextIOWrapper name='<stderr>' mode='w' encoding='utf-8'> node index is 133
train linear regression time:  0.04927545785903931
(average_diff:0.018881389273527244, max_diff:0.039987906239685816, training_epochs:500, lr:0.05)
<_io.TextIOWrapper name='<stderr>' mode='w' encoding='utf-8'> node index is 125
train linear regression time:  0.04720437526702881
(average_diff:0.05851577338611774, max_diff:0.14256558012877005, training_epochs:500, lr:0.05)
<_io.TextIOWrapper name='<stderr>' mode='w' encoding='utf-8'> node index is 115
train linear regression time:  0.046606500167399645
(average_diff:0.0676683826325582, max_diff:0.20492293078131185, training_epochs:500, lr:0.05)
<_io.TextIOWrapper name='<stderr>' mode='w' encoding='utf-8'> node index is 105
train linear regression time:  0.04662399971857667
(average_diff:0.036628125463909075, max_diff:0.18663583339023598, training_epochs:500, lr:0.05)
<_io.TextIOWrapper name='<stderr>' mode='w' encoding='utf-8'> node index is 95
train linear regression time:  0.0476191658526659
(average_diff:0.065046820523515, max_diff:0.10939431174342099, training_epochs:500, lr:0.05)
<_io.TextIOWrapper name='<stderr>' mode='w' encoding='utf-8'> node index is 85
train linear regression time:  0.04680362483486533
(average_diff:0.049395115446494574, max_diff:0.11103132793133111, training_epochs:500, lr:0.05)
<_io.TextIOWrapper name='<stderr>' mode='w' encoding='utf-8'> node index is 79
train linear regression time:  0.05046929093077779
(average_diff:0.13426560070653742, max_diff:0.3687634642470371, training_epochs:500, lr:0.05)
<_io.TextIOWrapper name='<stderr>' mode='w' encoding='utf-8'> node index is 73
train linear regression time:  0.048301625065505505
(average_diff:0.08726947953209781, max_diff:0.2893507861935509, training_epochs:500, lr:0.05)
<_io.TextIOWrapper name='<stderr>' mode='w' encoding='utf-8'> node index is 65
train linear regression time:  0.04797533294185996
(average_diff:0.08487491652209066, max_diff:0.3624538960450759, training_epochs:500, lr:0.05)
<_io.TextIOWrapper name='<stderr>' mode='w' encoding='utf-8'> node index is 57
train linear regression time:  0.0498543749563396
(average_diff:0.09023788563605925, max_diff:0.5106450317837532, training_epochs:500, lr:0.05)
<_io.TextIOWrapper name='<stderr>' mode='w' encoding='utf-8'> node index is 47
train linear regression time:  0.04966887505725026
(average_diff:0.18971332316476092, max_diff:0.796165706259035, training_epochs:500, lr:0.05)
<_io.TextIOWrapper name='<stderr>' mode='w' encoding='utf-8'> node index is 246
train linear regression time:  0.05609370768070221
<_io.TextIOWrapper name='<stderr>' mode='w' encoding='utf-8'> variance test passed, diff=0.07330004756111994, d = 0, back=0
<_io.TextIOWrapper name='<stderr>' mode='w' encoding='utf-8'> Will be split, p=0.07330004756111994, d=0, back=0
(average_diff:0.19006983418569565, max_diff:0.7495276520235383, training_epochs:500, lr:0.05)
<_io.TextIOWrapper name='<stderr>' mode='w' encoding='utf-8'> node index is 260
train linear regression time:  0.054759291000664234
(average_diff:3.0531133177191805e-16, max_diff:3.0531133177191805e-16, training_epochs:500, lr:0.05)
<_io.TextIOWrapper name='<stderr>' mode='w' encoding='utf-8'> node index is 261
train linear regression time:  0.04690037481486797
(average_diff:0.008232201574048581, max_diff:0.012412670577491625, training_epochs:500, lr:0.05)
<_io.TextIOWrapper name='<stderr>' mode='w' encoding='utf-8'> node index is 247
train linear regression time:  0.04642820777371526
(average_diff:0.17126334459517256, max_diff:0.8056212977624744, training_epochs:500, lr:0.05)
<_io.TextIOWrapper name='<stderr>' mode='w' encoding='utf-8'> node index is 33
train linear regression time:  0.04778479179367423
(average_diff:0.031006131676040966, max_diff:0.04499709860326448, training_epochs:500, lr:0.05)
<_io.TextIOWrapper name='<stderr>' mode='w' encoding='utf-8'> node index is 117
train linear regression time:  0.046759708784520626
(average_diff:0.022525250122654772, max_diff:0.03709344754058386, training_epochs:500, lr:0.05)
<_io.TextIOWrapper name='<stderr>' mode='w' encoding='utf-8'> node index is 107
train linear regression time:  0.04884358309209347
(average_diff:0.0344936383454583, max_diff:0.08655149869758316, training_epochs:500, lr:0.05)
<_io.TextIOWrapper name='<stderr>' mode='w' encoding='utf-8'> node index is 97
train linear regression time:  0.04757295874878764
(average_diff:0.06703994112563186, max_diff:0.14121892144006265, training_epochs:500, lr:0.05)
<_io.TextIOWrapper name='<stderr>' mode='w' encoding='utf-8'> node index is 87
train linear regression time:  0.04744295822456479
(average_diff:0.05786560584105469, max_diff:0.3023948835616142, training_epochs:500, lr:0.05)
<_io.TextIOWrapper name='<stderr>' mode='w' encoding='utf-8'> node index is 81
train linear regression time:  0.05152750015258789
(average_diff:0.05523013183488056, max_diff:0.1800216892635803, training_epochs:500, lr:0.05)
<_io.TextIOWrapper name='<stderr>' mode='w' encoding='utf-8'> node index is 75
train linear regression time:  0.05349954171106219
(average_diff:0.09600015207744961, max_diff:0.26186418890819985, training_epochs:500, lr:0.05)
<_io.TextIOWrapper name='<stderr>' mode='w' encoding='utf-8'> node index is 67
train linear regression time:  0.05277604190632701
(average_diff:0.16452264093237276, max_diff:0.4221904282020503, training_epochs:500, lr:0.05)
<_io.TextIOWrapper name='<stderr>' mode='w' encoding='utf-8'> node index is 59
train linear regression time:  0.053914041724056005
(average_diff:0.10397935180420807, max_diff:0.3172236052968411, training_epochs:500, lr:0.05)
<_io.TextIOWrapper name='<stderr>' mode='w' encoding='utf-8'> node index is 49
train linear regression time:  0.052449333015829325
(average_diff:0.16596363122685903, max_diff:0.6233788742916226, training_epochs:500, lr:0.05)
<_io.TextIOWrapper name='<stderr>' mode='w' encoding='utf-8'> node index is 43
train linear regression time:  0.05410866625607014
(average_diff:0.19345768137004066, max_diff:0.6616082851751968, training_epochs:500, lr:0.05)
<_io.TextIOWrapper name='<stderr>' mode='w' encoding='utf-8'> node index is 248
train linear regression time:  0.05725950002670288
<_io.TextIOWrapper name='<stderr>' mode='w' encoding='utf-8'> variance test passed, diff=0.07453599379990504, d = 0, back=0
<_io.TextIOWrapper name='<stderr>' mode='w' encoding='utf-8'> variance test passed, diff=0.07500182667494841, d = 1, back=0
<_io.TextIOWrapper name='<stderr>' mode='w' encoding='utf-8'> Will be split, p=0.07500182667494841, d=1, back=0
(average_diff:0.192176177193018, max_diff:0.634744850834802, training_epochs:500, lr:0.05)
<_io.TextIOWrapper name='<stderr>' mode='w' encoding='utf-8'> node index is 262
train linear regression time:  0.05578887462615967
(average_diff:2.706168622523819e-15, max_diff:3.1086244689504383e-15, training_epochs:500, lr:0.05)
<_io.TextIOWrapper name='<stderr>' mode='w' encoding='utf-8'> node index is 263
train linear regression time:  0.047694332897663116
(average_diff:2.6938329674930372e-05, max_diff:2.8086528701676272e-05, training_epochs:500, lr:0.05)
<_io.TextIOWrapper name='<stderr>' mode='w' encoding='utf-8'> node index is 249
train linear regression time:  0.047670834232121706
(average_diff:5.551115123125783e-17, max_diff:1.1102230246251565e-16, training_epochs:500, lr:0.05)
<_io.TextIOWrapper name='<stderr>' mode='w' encoding='utf-8'> node index is 237
train linear regression time:  0.04967812541872263
(average_diff:0.0999643815840175, max_diff:0.43543334466055433, training_epochs:500, lr:0.05)
<_io.TextIOWrapper name='<stderr>' mode='w' encoding='utf-8'> node index is 250
train linear regression time:  0.0548570416867733
<_io.TextIOWrapper name='<stderr>' mode='w' encoding='utf-8'> variance test passed, diff=0.04168181139607035, d = 1, back=0
<_io.TextIOWrapper name='<stderr>' mode='w' encoding='utf-8'> variance test passed, diff=0.04243506117874371, d = 2, back=0
<_io.TextIOWrapper name='<stderr>' mode='w' encoding='utf-8'> Will be split, p=0.04243506117874371, d=2, back=0
(average_diff:0.10120791779469916, max_diff:0.4461684783766669, training_epochs:500, lr:0.05)
<_io.TextIOWrapper name='<stderr>' mode='w' encoding='utf-8'> node index is 264
train linear regression time:  0.05467729223892093
(average_diff:4.777428452840127e-15, max_diff:5.537237335317968e-15, training_epochs:500, lr:0.05)
<_io.TextIOWrapper name='<stderr>' mode='w' encoding='utf-8'> node index is 265
train linear regression time:  0.04864633409306407
(average_diff:1.1102230246251565e-16, max_diff:1.1102230246251565e-16, training_epochs:500, lr:0.05)
<_io.TextIOWrapper name='<stderr>' mode='w' encoding='utf-8'> node index is 251
train linear regression time:  0.04693612502887845
(average_diff:0.048097227320245635, max_diff:0.1059244283168595, training_epochs:500, lr:0.05)
<_io.TextIOWrapper name='<stderr>' mode='w' encoding='utf-8'> node index is 239
train linear regression time:  0.04642812488600612
(average_diff:0.018663387148397277, max_diff:0.024891173362614927, training_epochs:500, lr:0.05)
<_io.TextIOWrapper name='<stderr>' mode='w' encoding='utf-8'> node index is 223
train linear regression time:  0.04713449999690056
(average_diff:1.6653345369377348e-16, max_diff:1.6653345369377348e-16, training_epochs:500, lr:0.05)
<_io.TextIOWrapper name='<stderr>' mode='w' encoding='utf-8'> node index is 209
train linear regression time:  0.04830758413299918
(average_diff:1.124526397925744e-12, max_diff:1.7081891456882659e-12, training_epochs:500, lr:0.05)
<_io.TextIOWrapper name='<stderr>' mode='w' encoding='utf-8'> node index is 199
train linear regression time:  0.04849412478506565
(average_diff:0.05591701827673033, max_diff:0.13547870746982055, training_epochs:500, lr:0.05)
<_io.TextIOWrapper name='<stderr>' mode='w' encoding='utf-8'> node index is 191
train linear regression time:  0.04978704173117876
(average_diff:0.0, max_diff:0.0, training_epochs:500, lr:0.05)
<_io.TextIOWrapper name='<stderr>' mode='w' encoding='utf-8'> node index is 183
train linear regression time:  0.04698458267375827
(average_diff:0.052316737961216074, max_diff:0.07133078877787435, training_epochs:500, lr:0.05)
<_io.TextIOWrapper name='<stderr>' mode='w' encoding='utf-8'> node index is 175
train linear regression time:  0.0474047502502799
(average_diff:0.073950437903537, max_diff:0.16464363627903641, training_epochs:500, lr:0.05)
<_io.TextIOWrapper name='<stderr>' mode='w' encoding='utf-8'> node index is 167
train linear regression time:  0.04910454107448459
(average_diff:0.033313450629095465, max_diff:0.052834851890066814, training_epochs:500, lr:0.05)
<_io.TextIOWrapper name='<stderr>' mode='w' encoding='utf-8'> node index is 157
train linear regression time:  0.04801075020805001
(average_diff:0.14567591664857782, max_diff:0.5474509785795536, training_epochs:500, lr:0.05)
<_io.TextIOWrapper name='<stderr>' mode='w' encoding='utf-8'> node index is 224
train linear regression time:  0.05584245827049017
<_io.TextIOWrapper name='<stderr>' mode='w' encoding='utf-8'> variance test passed, diff=0.01061031185860966, d = 2, back=0
<_io.TextIOWrapper name='<stderr>' mode='w' encoding='utf-8'> Will be split, p=0.01061031185860966, d=2, back=0
(average_diff:0.1287972552357546, max_diff:0.6117695691533059, training_epochs:500, lr:0.05)
<_io.TextIOWrapper name='<stderr>' mode='w' encoding='utf-8'> node index is 266
train linear regression time:  0.05670245876535773
(average_diff:0.06480988589309869, max_diff:0.14193178420219224, training_epochs:500, lr:0.05)
<_io.TextIOWrapper name='<stderr>' mode='w' encoding='utf-8'> node index is 267
train linear regression time:  0.047738542314618826
(average_diff:0.10364520971336463, max_diff:0.19691293039760804, training_epochs:500, lr:0.05)
<_io.TextIOWrapper name='<stderr>' mode='w' encoding='utf-8'> node index is 225
train linear regression time:  0.0480064582079649
(average_diff:0.2794132007312259, max_diff:0.4424873744478719, training_epochs:500, lr:0.05)
<_io.TextIOWrapper name='<stderr>' mode='w' encoding='utf-8'> node index is 211
train linear regression time:  0.04779025027528405
(average_diff:0.021292670679134464, max_diff:0.05161271651891605, training_epochs:500, lr:0.05)
<_io.TextIOWrapper name='<stderr>' mode='w' encoding='utf-8'> node index is 185
train linear regression time:  0.04711066698655486
(average_diff:0.00520762287451373, max_diff:0.013051549215463809, training_epochs:500, lr:0.05)
<_io.TextIOWrapper name='<stderr>' mode='w' encoding='utf-8'> node index is 177
train linear regression time:  0.04695887491106987
(average_diff:0.137424150970783, max_diff:0.3474657134174277, training_epochs:500, lr:0.05)
<_io.TextIOWrapper name='<stderr>' mode='w' encoding='utf-8'> node index is 169
train linear regression time:  0.04684299975633621
(average_diff:0.0, max_diff:0.0, training_epochs:500, lr:0.05)
<_io.TextIOWrapper name='<stderr>' mode='w' encoding='utf-8'> node index is 159
train linear regression time:  0.04717716574668884
(average_diff:0.044087705709687924, max_diff:0.06915651251731797, training_epochs:500, lr:0.05)
<_io.TextIOWrapper name='<stderr>' mode='w' encoding='utf-8'> node index is 151
train linear regression time:  0.04891199991106987
(average_diff:0.03611560209314267, max_diff:0.0779653075919386, training_epochs:500, lr:0.05)
<_io.TextIOWrapper name='<stderr>' mode='w' encoding='utf-8'> node index is 135
train linear regression time:  0.04885591706261039
(average_diff:0.02493598443861365, max_diff:0.04235578586782346, training_epochs:500, lr:0.05)
<_io.TextIOWrapper name='<stderr>' mode='w' encoding='utf-8'> node index is 129
train linear regression time:  0.04835475003346801
(average_diff:0.025337429949037135, max_diff:0.08131886824835384, training_epochs:500, lr:0.05)
<_io.TextIOWrapper name='<stderr>' mode='w' encoding='utf-8'> node index is 119
train linear regression time:  0.048403707798570395
(average_diff:0.040880661539215025, max_diff:0.09815318870092643, training_epochs:500, lr:0.05)
<_io.TextIOWrapper name='<stderr>' mode='w' encoding='utf-8'> node index is 109
train linear regression time:  0.049524249974638224
(average_diff:0.04588803066314587, max_diff:0.16744210472393703, training_epochs:500, lr:0.05)
<_io.TextIOWrapper name='<stderr>' mode='w' encoding='utf-8'> node index is 99
train linear regression time:  0.049921415746212006
(average_diff:0.06958092179388226, max_diff:0.27322815717267335, training_epochs:500, lr:0.05)
<_io.TextIOWrapper name='<stderr>' mode='w' encoding='utf-8'> node index is 89
train linear regression time:  0.0525773330591619
(average_diff:0.005405656862016285, max_diff:0.06115508007228648, training_epochs:500, lr:0.05)
<_io.TextIOWrapper name='<stderr>' mode='w' encoding='utf-8'> node index is 69
train linear regression time:  0.04896512534469366
(average_diff:0.06389717773052365, max_diff:0.22018726401034971, training_epochs:500, lr:0.05)
<_io.TextIOWrapper name='<stderr>' mode='w' encoding='utf-8'> node index is 61
train linear regression time:  0.04645637469366193
(average_diff:0.030155893622288366, max_diff:0.06359887204722636, training_epochs:500, lr:0.05)
<_io.TextIOWrapper name='<stderr>' mode='w' encoding='utf-8'> node index is 53
train linear regression time:  0.04756387509405613
(average_diff:0.12085477328809624, max_diff:0.7683782278775857, training_epochs:500, lr:0.05)
<_io.TextIOWrapper name='<stderr>' mode='w' encoding='utf-8'> node index is 51
train linear regression time:  0.054013249929994345
<_io.TextIOWrapper name='<stderr>' mode='w' encoding='utf-8'> variance test passed, diff=0.034297808232219874, d = 0, back=0
<_io.TextIOWrapper name='<stderr>' mode='w' encoding='utf-8'> Will be split, p=0.034297808232219874, d=0, back=0
(average_diff:0.12053287599654786, max_diff:0.7497083897480208, training_epochs:500, lr:0.05)
<_io.TextIOWrapper name='<stderr>' mode='w' encoding='utf-8'> node index is 268
train linear regression time:  0.05457024974748492
(average_diff:0.004504379247895707, max_diff:0.006552546575913032, training_epochs:500, lr:0.05)
<_io.TextIOWrapper name='<stderr>' mode='w' encoding='utf-8'> node index is 269
train linear regression time:  0.047420499846339226
(average_diff:0.15597114823600539, max_diff:0.64610610247588, training_epochs:500, lr:0.05)
<_io.TextIOWrapper name='<stderr>' mode='w' encoding='utf-8'> node index is 37
train linear regression time:  0.05558116687461734
(average_diff:0.1961290695378175, max_diff:0.6562327964892254, training_epochs:500, lr:0.05)
<_io.TextIOWrapper name='<stderr>' mode='w' encoding='utf-8'> node index is 29
train linear regression time:  0.05590812489390373
(average_diff:0.17473478540186396, max_diff:0.726300108907686, training_epochs:500, lr:0.05)
<_io.TextIOWrapper name='<stderr>' mode='w' encoding='utf-8'> node index is 252
train linear regression time:  0.055959958117455244
<_io.TextIOWrapper name='<stderr>' mode='w' encoding='utf-8'> variance test passed, diff=0.011393356216567438, d = 0, back=0
<_io.TextIOWrapper name='<stderr>' mode='w' encoding='utf-8'> variance test passed, diff=0.02244584125547166, d = 1, back=0
<_io.TextIOWrapper name='<stderr>' mode='w' encoding='utf-8'> Will be split, p=0.02244584125547166, d=1, back=0
(average_diff:0.16994632974750432, max_diff:0.7347445151824485, training_epochs:500, lr:0.05)
<_io.TextIOWrapper name='<stderr>' mode='w' encoding='utf-8'> node index is 270
train linear regression time:  0.05608987482264638
(average_diff:0.011075455662258779, max_diff:0.016025146361097198, training_epochs:500, lr:0.05)
<_io.TextIOWrapper name='<stderr>' mode='w' encoding='utf-8'> node index is 271
train linear regression time:  0.04881433304399252
(average_diff:0.012109916881472194, max_diff:0.017714173643930575, training_epochs:500, lr:0.05)
<_io.TextIOWrapper name='<stderr>' mode='w' encoding='utf-8'> node index is 253
train linear regression time:  0.04884379217401147
(average_diff:6.938893903907228e-17, max_diff:6.938893903907228e-17, training_epochs:500, lr:0.05)
<_io.TextIOWrapper name='<stderr>' mode='w' encoding='utf-8'> node index is 227
train linear regression time:  0.049949416890740395
(average_diff:5.181040781584064e-16, max_diff:8.326672684688674e-16, training_epochs:500, lr:0.05)
<_io.TextIOWrapper name='<stderr>' mode='w' encoding='utf-8'> node index is 213
train linear regression time:  0.04989087535068393
(average_diff:0.0020462031139689475, max_diff:0.004585677413114109, training_epochs:500, lr:0.05)
<_io.TextIOWrapper name='<stderr>' mode='w' encoding='utf-8'> node index is 201
train linear regression time:  0.049684083089232445
(average_diff:0.0, max_diff:0.0, training_epochs:500, lr:0.05)
<_io.TextIOWrapper name='<stderr>' mode='w' encoding='utf-8'> node index is 193
train linear regression time:  0.04985050018876791
(average_diff:0.00011540901616006553, max_diff:0.00017273950301333052, training_epochs:500, lr:0.05)
<_io.TextIOWrapper name='<stderr>' mode='w' encoding='utf-8'> node index is 187
train linear regression time:  0.0492056249640882
(average_diff:0.02499471454583448, max_diff:0.037616841349507935, training_epochs:500, lr:0.05)
<_io.TextIOWrapper name='<stderr>' mode='w' encoding='utf-8'> node index is 179
train linear regression time:  0.04987149965018034
(average_diff:5.551115123125783e-17, max_diff:5.551115123125783e-17, training_epochs:500, lr:0.05)
<_io.TextIOWrapper name='<stderr>' mode='w' encoding='utf-8'> node index is 171
train linear regression time:  0.050893042236566544
(average_diff:0.0, max_diff:0.0, training_epochs:500, lr:0.05)
<_io.TextIOWrapper name='<stderr>' mode='w' encoding='utf-8'> node index is 161
train linear regression time:  0.049584165681153536
(average_diff:0.1530311194256996, max_diff:0.7112431856449684, training_epochs:500, lr:0.05)
<_io.TextIOWrapper name='<stderr>' mode='w' encoding='utf-8'> node index is 254
train linear regression time:  0.05592579208314419
<_io.TextIOWrapper name='<stderr>' mode='w' encoding='utf-8'> variance test passed, diff=0.04400939994652687, d = 0, back=0
<_io.TextIOWrapper name='<stderr>' mode='w' encoding='utf-8'> Will be split, p=0.04400939994652687, d=0, back=0
(average_diff:0.1484894643161405, max_diff:0.7347245458082823, training_epochs:500, lr:0.05)
<_io.TextIOWrapper name='<stderr>' mode='w' encoding='utf-8'> node index is 272
train linear regression time:  0.05540104117244482
(average_diff:1.1102230246251565e-16, max_diff:1.1102230246251565e-16, training_epochs:500, lr:0.05)
<_io.TextIOWrapper name='<stderr>' mode='w' encoding='utf-8'> node index is 273
train linear regression time:  0.04935308266431093
(average_diff:0.004813138790090932, max_diff:0.010052754078113457, training_epochs:500, lr:0.05)
<_io.TextIOWrapper name='<stderr>' mode='w' encoding='utf-8'> node index is 255
train linear regression time:  0.04791195783764124
(average_diff:5.551115123125783e-17, max_diff:1.1102230246251565e-16, training_epochs:500, lr:0.05)
<_io.TextIOWrapper name='<stderr>' mode='w' encoding='utf-8'> node index is 241
train linear regression time:  0.04794054199010134
(average_diff:0.02384292290808019, max_diff:0.028849661664255954, training_epochs:500, lr:0.05)
<_io.TextIOWrapper name='<stderr>' mode='w' encoding='utf-8'> node index is 229
train linear regression time:  0.0476366663351655
(average_diff:0.0021423808297399705, max_diff:0.003672737630138312, training_epochs:500, lr:0.05)
<_io.TextIOWrapper name='<stderr>' mode='w' encoding='utf-8'> node index is 215
train linear regression time:  0.047340583987534046
(average_diff:0.014414581917270585, max_diff:0.032162031621077114, training_epochs:500, lr:0.05)
<_io.TextIOWrapper name='<stderr>' mode='w' encoding='utf-8'> node index is 203
train linear regression time:  0.047340875025838614
(average_diff:2.3470966603600374e-07, max_diff:2.3702105322875866e-07, training_epochs:500, lr:0.05)
<_io.TextIOWrapper name='<stderr>' mode='w' encoding='utf-8'> node index is 195
train linear regression time:  0.0481562907807529
(average_diff:2.3407202102513716e-15, max_diff:3.58046925441613e-15, training_epochs:500, lr:0.05)
<_io.TextIOWrapper name='<stderr>' mode='w' encoding='utf-8'> node index is 7
train linear regression time:  0.0474165421910584
(average_diff:0.09363000094179678, max_diff:0.25995439258957476, training_epochs:500, lr:0.05)
<_io.TextIOWrapper name='<stderr>' mode='w' encoding='utf-8'> node index is 5
train linear regression time:  0.050209957640618086
testFringe time:  6.985614832956344
<_io.TextIOWrapper name='<stderr>' mode='w' encoding='utf-8'> =============== update finished ===============

*** Writing Game File 34***

<_io.TextIOWrapper name='../print_tree_record_numpy/print_DR_boost_linear_tree_split.txt' mode='w' encoding='UTF-8'> idx1(Q:0.4006, distinct_name:0, dictinctin_value:2.569683891588169, par:None)
	idx4(Q:0.4014, distinct_name:0, dictinctin_value:2.507749956207568, par:1)
		idx6(Q:0.4012, distinct_name:0, dictinctin_value:-0.050698982385153205, par:4)
			idx8(Q:0.4613, distinct_name:0, dictinctin_value:-0.5002368440471089, par:6)
				idx10(Q:0.5098, distinct_name:3, dictinctin_value:0.7373220788164561, par:8)
					idx12(Q:0.4852, distinct_name:1, dictinctin_value:0.8498558206992594, par:10)
						idx18(Q:0.4318, distinct_name:2, dictinctin_value:0.8559921607301466, par:12)
							idx24(Q:0.4272, distinct_name:0, dictinctin_value:-0.5901212893723445, par:18)
								idx30(Q:0.4362, distinct_name:2, dictinctin_value:0.5095422779981766, par:24)
									idx38(Q:0.4622, distinct_name:2, dictinctin_value:0.24909091887867726, par:30)
										idx44(Q:0.4969, distinct_name:2, dictinctin_value:-0.06052347242753761, par:38)
											idx54(Q:0.5395, distinct_name:2, dictinctin_value:-0.16873413911779458, par:44)
												idx62(Q:0.5661, distinct_name:2, dictinctin_value:-0.3117760123070312, par:54)
													idx70(Q:0.6014, distinct_name:2, dictinctin_value:-0.36929151673896154, par:62)
														idx76(Q:0.6277, distinct_name:2, dictinctin_value:-0.4513587540231024, par:70)
															idx82(Q:0.6660, distinct_name:2, dictinctin_value:-0.49926091712096626, par:76)
																idx90(Q:0.6812, distinct_name:2, dictinctin_value:-0.5261921216626007, par:82)
																	idx100(Q:0.6913, distinct_name:2, dictinctin_value:-0.5682634996789567, par:90)
																		idx110(Q:0.7080, distinct_name:2, dictinctin_value:-0.576514535000767, par:100)
																			idx120(Q:0.7148, par:110)
																			idx121(Q:0.4001, par:110)
																		idx111(Q:0.3486, par:100)
																	idx101(Q:0.3544, par:90)
																idx91(Q:0.3276, par:82)
															idx83(Q:0.2944, par:76)
														idx77(Q:0.2791, par:70)
													idx71(Q:0.2787, par:62)
												idx63(Q:0.2389, par:54)
											idx55(Q:0.2365, par:44)
										idx45(Q:0.2255, par:38)
									idx39(Q:0.2826, par:30)
								idx31(Q:0.3456, par:24)
							idx25(Q:0.4532, distinct_name:0, dictinctin_value:-0.5389580903277561, par:18)
								idx216(Q:0.4561, distinct_name:0, dictinctin_value:-0.5573162410999996, par:25)
									idx230(Q:0.4595, distinct_name:0, dictinctin_value:-0.5917620279880862, par:216)
										idx242(Q:0.4750, distinct_name:1, dictinctin_value:0.8127647407611875, par:230)
											idx256(Q:0.4719, par:242)
											idx257(Q:0.6292, par:242)
										idx243(Q:0.1433, par:230)
									idx231(Q:0.0898, par:216)
								idx217(Q:0.3907, par:25)
						idx19(Q:0.7170, distinct_name:0, dictinctin_value:-0.5046072639210131, par:12)
							idx152(Q:0.7168, distinct_name:2, dictinctin_value:1.74305991171075, par:19)
								idx162(Q:0.7035, distinct_name:2, dictinctin_value:1.5651912903147052, par:152)
									idx172(Q:0.6905, distinct_name:2, dictinctin_value:1.0939968976733132, par:162)
										idx180(Q:0.6720, distinct_name:2, dictinctin_value:0.9064820637809338, par:172)
											idx188(Q:0.6632, distinct_name:2, dictinctin_value:0.8130327408821636, par:180)
												idx196(Q:0.6564, distinct_name:2, dictinctin_value:0.714578820015968, par:188)
													idx204(Q:0.6561, distinct_name:0, dictinctin_value:-0.5137296726081428, par:196)
														idx218(Q:0.6545, distinct_name:2, dictinctin_value:0.4860989258104936, par:204)
															idx232(Q:0.6565, distinct_name:1, dictinctin_value:2.2330900660097845, par:218)
																idx244(Q:0.6537, distinct_name:2, dictinctin_value:0.44559578649865966, par:232)
																	idx258(Q:0.6438, par:244)
																	idx259(Q:0.9001, par:244)
																idx245(Q:0.8015, par:232)
															idx233(Q:0.6241, par:218)
														idx219(Q:0.8415, par:204)
													idx205(Q:0.6639, par:196)
												idx197(Q:0.8649, par:188)
											idx189(Q:0.8530, par:180)
										idx181(Q:0.9879, par:172)
									idx173(Q:1.0000, par:162)
								idx163(Q:1.0990, par:152)
							idx153(Q:0.7365, par:19)
					idx13(Q:0.5846, distinct_name:2, dictinctin_value:1.929601246827043, par:10)
						idx92(Q:0.5719, distinct_name:1, dictinctin_value:1.2557733390904973, par:13)
							idx102(Q:0.5421, distinct_name:2, dictinctin_value:1.4527612583425853, par:92)
								idx112(Q:0.5238, distinct_name:2, dictinctin_value:1.3531114404933846, par:102)
									idx122(Q:0.5226, distinct_name:2, dictinctin_value:1.0639310625609943, par:112)
										idx130(Q:0.5069, distinct_name:2, dictinctin_value:0.8759607452183222, par:122)
											idx136(Q:0.5016, distinct_name:2, dictinctin_value:0.6228991526328211, par:130)
												idx142(Q:0.4969, distinct_name:2, dictinctin_value:0.4885947458466264, par:136)
													idx146(Q:0.4863, distinct_name:1, dictinctin_value:1.1059975491047376, par:142)
														idx148(Q:0.4739, distinct_name:3, dictinctin_value:2.363964647313972, par:146)
															idx154(Q:0.4610, distinct_name:3, dictinctin_value:1.536573712246935, par:148)
																idx164(Q:0.4443, distinct_name:1, dictinctin_value:0.49075596239548774, par:154)
																	idx206(Q:0.4091, distinct_name:3, dictinctin_value:1.525286896575752, par:164)
																		idx220(Q:0.4088, distinct_name:2, dictinctin_value:0.38874536608000104, par:206)
																			idx234(Q:0.4137, par:220)
																			idx235(Q:0.2794, par:220)
																		idx221(Q:0.4195, par:206)
																	idx207(Q:0.6635, par:164)
																idx165(Q:0.5696, par:154)
															idx155(Q:0.7499, par:148)
														idx149(Q:0.7311, par:146)
													idx147(Q:0.6058, par:142)
												idx143(Q:0.5674, par:136)
											idx137(Q:0.6196, par:130)
										idx131(Q:0.7896, par:122)
									idx123(Q:0.5539, par:112)
								idx113(Q:0.8561, par:102)
							idx103(Q:0.9630, par:92)
						idx93(Q:1.0454, par:13)
				idx11(Q:0.3745, distinct_name:3, dictinctin_value:1.284568987543642, par:8)
					idx32(Q:0.3525, distinct_name:3, dictinctin_value:0.5763111575206541, par:11)
						idx40(Q:0.3344, distinct_name:2, dictinctin_value:1.4159847670297276, par:32)
							idx46(Q:0.3267, distinct_name:2, dictinctin_value:0.8764611652526798, par:40)
								idx56(Q:0.3340, distinct_name:2, dictinctin_value:0.6776552612944613, par:46)
									idx64(Q:0.3411, distinct_name:0, dictinctin_value:-0.10007893227380851, par:56)
										idx72(Q:0.3368, distinct_name:2, dictinctin_value:0.481251420222257, par:64)
											idx78(Q:0.3470, distinct_name:2, dictinctin_value:0.43236682950932387, par:72)
												idx84(Q:0.3539, distinct_name:2, dictinctin_value:0.2322739018313544, par:78)
													idx94(Q:0.3785, distinct_name:2, dictinctin_value:0.1692901075380102, par:84)
														idx104(Q:0.3917, distinct_name:2, dictinctin_value:0.044622068949871425, par:94)
															idx114(Q:0.4106, distinct_name:2, dictinctin_value:-0.04421252452423217, par:104)
																idx124(Q:0.4346, distinct_name:2, dictinctin_value:-0.12551407150931976, par:114)
																	idx132(Q:0.4525, distinct_name:2, dictinctin_value:-0.16179863391045127, par:124)
																		idx138(Q:0.4616, distinct_name:2, dictinctin_value:-0.1987692173924826, par:132)
																			idx144(Q:0.4797, par:138)
																			idx145(Q:0.1452, par:138)
																		idx139(Q:0.1491, par:132)
																	idx133(Q:0.1796, par:124)
																idx125(Q:0.1187, par:114)
															idx115(Q:0.1940, par:104)
														idx105(Q:0.1593, par:94)
													idx95(Q:0.1275, par:84)
												idx85(Q:0.1706, par:78)
											idx79(Q:0.2012, par:72)
										idx73(Q:0.3897, par:64)
									idx65(Q:0.2435, par:56)
								idx57(Q:0.2784, par:46)
							idx47(Q:0.4056, par:40)
						idx41(Q:0.4267, distinct_name:3, dictinctin_value:1.2541204520301295, par:32)
							idx246(Q:0.4226, distinct_name:0, dictinctin_value:-0.05401988313827026, par:41)
								idx260(Q:0.4253, par:246)
								idx261(Q:0.1560, par:246)
							idx247(Q:0.5663, par:41)
					idx33(Q:0.5694, par:11)
			idx9(Q:0.3452, distinct_name:1, dictinctin_value:1.4532912275447858, par:6)
				idx14(Q:0.3271, distinct_name:0, dictinctin_value:0.6708677617788001, par:9)
					idx16(Q:0.3408, distinct_name:0, dictinctin_value:0.5219929201544601, par:14)
						idx20(Q:0.3453, distinct_name:0, dictinctin_value:0.38200451643824146, par:16)
							idx26(Q:0.3557, distinct_name:0, dictinctin_value:0.29175973898130836, par:20)
								idx34(Q:0.3586, distinct_name:3, dictinctin_value:1.2405945003824483, par:26)
									idx42(Q:0.3245, distinct_name:2, dictinctin_value:1.6139678071673451, par:34)
										idx48(Q:0.3181, distinct_name:1, dictinctin_value:1.0148453699076618, par:42)
											idx58(Q:0.3044, distinct_name:2, dictinctin_value:0.8422101128546527, par:48)
												idx66(Q:0.3104, distinct_name:2, dictinctin_value:0.5718071591898053, par:58)
													idx74(Q:0.3204, distinct_name:2, dictinctin_value:0.3335199702259944, par:66)
														idx80(Q:0.3510, distinct_name:2, dictinctin_value:0.2585267021680285, par:74)
															idx86(Q:0.3583, distinct_name:2, dictinctin_value:0.13295569297273957, par:80)
																idx96(Q:0.3773, distinct_name:2, dictinctin_value:0.0933394603867821, par:86)
																	idx106(Q:0.3846, distinct_name:2, dictinctin_value:0.047951172568074005, par:96)
																		idx116(Q:0.3934, distinct_name:2, dictinctin_value:-0.0025517231675584334, par:106)
																			idx126(Q:0.4032, par:116)
																			idx127(Q:0.1245, par:116)
																		idx117(Q:0.1691, par:106)
																	idx107(Q:0.1199, par:96)
																idx97(Q:0.1256, par:86)
															idx87(Q:0.2061, par:80)
														idx81(Q:0.1486, par:74)
													idx75(Q:0.1987, par:66)
												idx67(Q:0.2703, par:58)
											idx59(Q:0.4415, par:48)
										idx49(Q:0.4418, par:42)
									idx43(Q:0.5485, par:34)
								idx35(Q:0.3438, distinct_name:1, dictinctin_value:1.344826515865718, par:26)
									idx236(Q:0.3406, distinct_name:3, dictinctin_value:1.6897348587436034, par:35)
										idx248(Q:0.3292, distinct_name:1, dictinctin_value:1.2341402111364463, par:236)
											idx262(Q:0.3314, par:248)
											idx263(Q:0.2222, par:248)
										idx249(Q:0.9184, par:236)
									idx237(Q:0.5098, par:35)
							idx27(Q:0.3082, distinct_name:2, dictinctin_value:1.5527241962490086, par:20)
								idx156(Q:0.3022, distinct_name:0, dictinctin_value:0.5137061072990365, par:27)
									idx166(Q:0.3056, distinct_name:0, dictinctin_value:0.5083060291160676, par:156)
										idx174(Q:0.3053, distinct_name:1, dictinctin_value:1.235555391656205, par:166)
											idx182(Q:0.3021, distinct_name:0, dictinctin_value:0.499318407708209, par:174)
												idx190(Q:0.3067, distinct_name:3, dictinctin_value:1.6437138459193195, par:182)
													idx198(Q:0.3009, distinct_name:0, dictinctin_value:0.4978828276393789, par:190)
														idx208(Q:0.3014, distinct_name:2, dictinctin_value:1.3588453420210258, par:198)
															idx222(Q:0.2951, distinct_name:2, dictinctin_value:0.9721483625475897, par:208)
																idx238(Q:0.2967, distinct_name:0, dictinctin_value:0.4972801494332726, par:222)
																	idx250(Q:0.2902, distinct_name:2, dictinctin_value:0.944961054171824, par:238)
																		idx264(Q:0.2952, par:250)
																		idx265(Q:0.0414, par:250)
																	idx251(Q:0.9580, par:238)
																idx239(Q:0.2743, par:222)
															idx223(Q:0.4758, par:208)
														idx209(Q:0.2388, par:198)
													idx199(Q:0.5336, par:190)
												idx191(Q:0.2469, par:182)
											idx183(Q:0.5155, par:174)
										idx175(Q:0.3108, par:166)
									idx167(Q:0.2597, par:156)
								idx157(Q:0.6037, par:27)
						idx21(Q:0.3202, distinct_name:1, dictinctin_value:1.3201670622027022, par:16)
							idx150(Q:0.3192, distinct_name:1, dictinctin_value:1.2234607090751204, par:21)
								idx158(Q:0.3197, distinct_name:1, dictinctin_value:1.0226433736171432, par:150)
									idx168(Q:0.3082, distinct_name:0, dictinctin_value:0.6649352976939671, par:158)
										idx176(Q:0.3048, distinct_name:2, dictinctin_value:1.8028367177150562, par:168)
											idx184(Q:0.3048, distinct_name:3, dictinctin_value:1.321083281680176, par:176)
												idx210(Q:0.2861, distinct_name:1, dictinctin_value:0.7493197611500411, par:184)
													idx224(Q:0.2869, distinct_name:2, dictinctin_value:1.1954012588052898, par:210)
														idx266(Q:0.2829, par:224)
														idx267(Q:0.3369, par:224)
													idx225(Q:0.2778, par:210)
												idx211(Q:0.5260, par:184)
											idx185(Q:0.3046, par:176)
										idx177(Q:0.3835, par:168)
									idx169(Q:0.5852, par:158)
								idx159(Q:0.2851, par:150)
							idx151(Q:0.3573, par:21)
					idx17(Q:0.3127, distinct_name:3, dictinctin_value:0.8871619234739136, par:14)
						idx22(Q:0.2852, distinct_name:1, dictinctin_value:0.895274831679809, par:17)
							idx28(Q:0.2680, distinct_name:3, dictinctin_value:0.4147697243292515, par:22)
								idx36(Q:0.2604, distinct_name:3, dictinctin_value:-0.009439492879810042, par:28)
									idx50(Q:0.2586, distinct_name:0, dictinctin_value:2.3121117874404824, par:36)
										idx52(Q:0.2604, distinct_name:0, dictinctin_value:1.9483716250181808, par:50)
											idx60(Q:0.2636, distinct_name:3, dictinctin_value:-0.018025248765568658, par:52)
												idx68(Q:0.2731, distinct_name:2, dictinctin_value:0.8033765660185509, par:60)
													idx88(Q:0.2779, distinct_name:2, dictinctin_value:0.6003623148969123, par:68)
														idx98(Q:0.2859, distinct_name:2, dictinctin_value:0.5329635912790776, par:88)
															idx108(Q:0.2952, distinct_name:2, dictinctin_value:0.3621996786015208, par:98)
																idx118(Q:0.3077, distinct_name:3, dictinctin_value:-0.05260374571449391, par:108)
																	idx128(Q:0.3110, distinct_name:2, dictinctin_value:0.22149263805201816, par:118)
																		idx134(Q:0.3262, distinct_name:2, dictinctin_value:0.13324256965432388, par:128)
																			idx140(Q:0.3415, par:134)
																			idx141(Q:0.1330, par:134)
																		idx135(Q:0.1427, par:128)
																	idx129(Q:0.2163, par:118)
																idx119(Q:0.1489, par:108)
															idx109(Q:0.1594, par:98)
														idx99(Q:0.1749, par:88)
													idx89(Q:0.2552, par:68)
												idx69(Q:0.1884, par:60)
											idx61(Q:0.1954, par:52)
										idx53(Q:0.1648, par:50)
									idx51(Q:0.2672, distinct_name:0, dictinctin_value:2.2255864685353126, par:36)
										idx268(Q:0.2657, par:51)
										idx269(Q:0.3171, par:51)
								idx37(Q:0.3061, par:28)
							idx29(Q:0.3981, par:22)
						idx23(Q:0.4586, distinct_name:0, dictinctin_value:2.1444723574903684, par:17)
							idx160(Q:0.4608, distinct_name:0, dictinctin_value:2.133798778100152, par:23)
								idx170(Q:0.4616, distinct_name:2, dictinctin_value:1.564504591409782, par:160)
									idx178(Q:0.4409, distinct_name:2, dictinctin_value:1.4113473869711974, par:170)
										idx186(Q:0.4312, distinct_name:0, dictinctin_value:2.1063540893171067, par:178)
											idx192(Q:0.4323, distinct_name:2, dictinctin_value:1.2195161175228741, par:186)
												idx200(Q:0.4274, distinct_name:0, dictinctin_value:1.9676721667093595, par:192)
													idx212(Q:0.4263, distinct_name:0, dictinctin_value:1.8926417272552991, par:200)
														idx226(Q:0.4298, distinct_name:0, dictinctin_value:1.7713311316515392, par:212)
															idx252(Q:0.4372, distinct_name:1, dictinctin_value:1.3213229930390704, par:226)
																idx270(Q:0.4311, par:252)
																idx271(Q:0.6417, par:252)
															idx253(Q:0.1744, par:226)
														idx227(Q:0.0541, par:212)
													idx213(Q:0.4691, par:200)
												idx201(Q:0.5386, par:192)
											idx193(Q:0.3129, par:186)
										idx187(Q:0.8154, par:178)
									idx179(Q:0.8729, par:170)
								idx171(Q:0.3511, par:160)
							idx161(Q:0.1799, par:23)
				idx15(Q:0.5869, distinct_name:2, dictinctin_value:1.9938158806166744, par:9)
					idx194(Q:0.5797, distinct_name:3, dictinctin_value:2.0149638943737203, par:15)
						idx202(Q:0.5645, distinct_name:3, dictinctin_value:1.626087400144554, par:194)
							idx214(Q:0.5585, distinct_name:1, dictinctin_value:2.6727016574162166, par:202)
								idx228(Q:0.5377, distinct_name:2, dictinctin_value:1.776904010924299, par:214)
									idx240(Q:0.5307, distinct_name:2, dictinctin_value:1.4203463682180766, par:228)
										idx254(Q:0.5155, distinct_name:0, dictinctin_value:2.115573493736756, par:240)
											idx272(Q:0.5137, par:254)
											idx273(Q:0.6978, par:254)
										idx255(Q:0.9152, par:240)
									idx241(Q:0.9017, par:228)
								idx229(Q:1.0042, par:214)
							idx215(Q:0.7337, par:202)
						idx203(Q:0.9313, par:194)
					idx195(Q:1.0231, par:15)
		idx7(Q:0.5135, par:4)
	idx5(Q:0.2595, par:1)
