WARNING:tensorflow:From /Users/keithwu/opt/anaconda3/envs/auction-gym/lib/python3.10/site-packages/tensorflow/python/compat/v2_compat.py:107: disable_resource_variables (from tensorflow.python.ops.variable_scope) is deprecated and will be removed in a future version.
Instructions for updating:
non-resource variables are not supported in the long term
<_io.TextIOWrapper name='<stderr>' mode='w' encoding='utf-8'> reading from ../UTree_model_numpy/DR/model_boost_linear_qsplit_noabs_save/, starting at 30
<_io.TextIOWrapper name='<stderr>' mode='w' encoding='utf-8'> =============== update starts ===============
(average_diff:0.001174661916221552, max_diff:0.0026724231669951193, training_epochs:500, lr:0.05)
<_io.TextIOWrapper name='<stderr>' mode='w' encoding='utf-8'> node index is 111
train linear regression time:  0.050432708114385605
(average_diff:0.0004011289975896171, max_diff:0.0006837868802161418, training_epochs:500, lr:0.05)
<_io.TextIOWrapper name='<stderr>' mode='w' encoding='utf-8'> node index is 101
train linear regression time:  0.049873541574925184
(average_diff:0.0017373688072933602, max_diff:0.004057219203160156, training_epochs:500, lr:0.05)
<_io.TextIOWrapper name='<stderr>' mode='w' encoding='utf-8'> node index is 91
train linear regression time:  0.05046529183164239
(average_diff:0.020192929714184522, max_diff:0.13287965690527007, training_epochs:500, lr:0.05)
<_io.TextIOWrapper name='<stderr>' mode='w' encoding='utf-8'> node index is 83
train linear regression time:  0.04954837495461106
(average_diff:0.024724574177408993, max_diff:0.10754597872218785, training_epochs:500, lr:0.05)
<_io.TextIOWrapper name='<stderr>' mode='w' encoding='utf-8'> node index is 77
train linear regression time:  0.04875608300790191
(average_diff:0.032455194352890786, max_diff:0.10994240295254726, training_epochs:500, lr:0.05)
<_io.TextIOWrapper name='<stderr>' mode='w' encoding='utf-8'> node index is 71
train linear regression time:  0.04892683308571577
(average_diff:0.047100582656896796, max_diff:0.1294808053691887, training_epochs:500, lr:0.05)
<_io.TextIOWrapper name='<stderr>' mode='w' encoding='utf-8'> node index is 63
train linear regression time:  0.04990491596981883
(average_diff:0.05741568750793735, max_diff:0.16291735361320292, training_epochs:500, lr:0.05)
<_io.TextIOWrapper name='<stderr>' mode='w' encoding='utf-8'> node index is 55
train linear regression time:  0.05045779189094901
(average_diff:0.068962708359191, max_diff:0.22996604694574752, training_epochs:500, lr:0.05)
<_io.TextIOWrapper name='<stderr>' mode='w' encoding='utf-8'> node index is 45
train linear regression time:  0.05126779107376933
(average_diff:0.06360331714891901, max_diff:0.23444576897053693, training_epochs:500, lr:0.05)
<_io.TextIOWrapper name='<stderr>' mode='w' encoding='utf-8'> node index is 39
train linear regression time:  0.05032720789313316
(average_diff:0.0975242995820329, max_diff:0.2947299910151614, training_epochs:500, lr:0.05)
<_io.TextIOWrapper name='<stderr>' mode='w' encoding='utf-8'> node index is 31
train linear regression time:  0.05123766604810953
(average_diff:0.07196535588388495, max_diff:0.4172047429563927, training_epochs:500, lr:0.05)
<_io.TextIOWrapper name='<stderr>' mode='w' encoding='utf-8'> node index is 25
train linear regression time:  0.05597183294594288
<_io.TextIOWrapper name='<stderr>' mode='w' encoding='utf-8'> variance test passed, diff=0.060786920563625335, d = 0, back=0
<_io.TextIOWrapper name='<stderr>' mode='w' encoding='utf-8'> Will be split, p=0.060786920563625335, d=0, back=0
(average_diff:0.06753877069180061, max_diff:0.30203057151091744, training_epochs:500, lr:0.05)
<_io.TextIOWrapper name='<stderr>' mode='w' encoding='utf-8'> node index is 216
train linear regression time:  0.05650883261114359
(average_diff:0.06192840644301929, max_diff:0.13034030890498155, training_epochs:500, lr:0.05)
<_io.TextIOWrapper name='<stderr>' mode='w' encoding='utf-8'> node index is 217
train linear regression time:  0.048340207897126675
(average_diff:0.15100799963887415, max_diff:0.5244703296226614, training_epochs:500, lr:0.05)
<_io.TextIOWrapper name='<stderr>' mode='w' encoding='utf-8'> node index is 204
train linear regression time:  0.05616862466558814
<_io.TextIOWrapper name='<stderr>' mode='w' encoding='utf-8'> variance test passed, diff=0.062160374011232256, d = 0, back=0
<_io.TextIOWrapper name='<stderr>' mode='w' encoding='utf-8'> Will be split, p=0.062160374011232256, d=0, back=0
(average_diff:0.14933615905562017, max_diff:0.50056373599956, training_epochs:500, lr:0.05)
<_io.TextIOWrapper name='<stderr>' mode='w' encoding='utf-8'> node index is 218
train linear regression time:  0.05661170789971948
(average_diff:2.220446049250313e-16, max_diff:2.220446049250313e-16, training_epochs:500, lr:0.05)
<_io.TextIOWrapper name='<stderr>' mode='w' encoding='utf-8'> node index is 219
train linear regression time:  0.050438167061656713
(average_diff:0.008282634035362158, max_diff:0.021717932005835383, training_epochs:500, lr:0.05)
<_io.TextIOWrapper name='<stderr>' mode='w' encoding='utf-8'> node index is 205
train linear regression time:  0.050388332922011614
(average_diff:0.0023734404092110584, max_diff:0.004542611630162341, training_epochs:500, lr:0.05)
<_io.TextIOWrapper name='<stderr>' mode='w' encoding='utf-8'> node index is 197
train linear regression time:  0.05006224988028407
(average_diff:0.010040941839995533, max_diff:0.02105488124221888, training_epochs:500, lr:0.05)
<_io.TextIOWrapper name='<stderr>' mode='w' encoding='utf-8'> node index is 189
train linear regression time:  0.050077666994184256
(average_diff:0.004817895026735797, max_diff:0.011487188651435165, training_epochs:500, lr:0.05)
<_io.TextIOWrapper name='<stderr>' mode='w' encoding='utf-8'> node index is 181
train linear regression time:  0.050153457559645176
(average_diff:0.03332932918450363, max_diff:0.06711169275112405, training_epochs:500, lr:0.05)
<_io.TextIOWrapper name='<stderr>' mode='w' encoding='utf-8'> node index is 173
train linear regression time:  0.04916150029748678
(average_diff:0.0006246360642092053, max_diff:0.0009647832515424781, training_epochs:500, lr:0.05)
<_io.TextIOWrapper name='<stderr>' mode='w' encoding='utf-8'> node index is 163
train linear regression time:  0.04978583287447691
(average_diff:0.0, max_diff:0.0, training_epochs:500, lr:0.05)
<_io.TextIOWrapper name='<stderr>' mode='w' encoding='utf-8'> node index is 153
train linear regression time:  0.05037083337083459
(average_diff:0.10281712980051644, max_diff:0.36274061196364216, training_epochs:500, lr:0.05)
<_io.TextIOWrapper name='<stderr>' mode='w' encoding='utf-8'> node index is 206
train linear regression time:  0.057406583335250616
<_io.TextIOWrapper name='<stderr>' mode='w' encoding='utf-8'> variance test passed, diff=0.06488360061349617, d = 1, back=0
<_io.TextIOWrapper name='<stderr>' mode='w' encoding='utf-8'> variance test passed, diff=0.06842959068990506, d = 3, back=0
<_io.TextIOWrapper name='<stderr>' mode='w' encoding='utf-8'> Will be split, p=0.06842959068990506, d=3, back=0
(average_diff:0.10292999479791572, max_diff:0.3586209596974013, training_epochs:500, lr:0.05)
<_io.TextIOWrapper name='<stderr>' mode='w' encoding='utf-8'> node index is 220
train linear regression time:  0.057483917102217674
(average_diff:2.1371793224034263e-15, max_diff:2.609024107869118e-15, training_epochs:500, lr:0.05)
<_io.TextIOWrapper name='<stderr>' mode='w' encoding='utf-8'> node index is 221
train linear regression time:  0.051005042158067226
(average_diff:0.10955818582722318, max_diff:0.29078490756973985, training_epochs:500, lr:0.05)
<_io.TextIOWrapper name='<stderr>' mode='w' encoding='utf-8'> node index is 207
train linear regression time:  0.05233666719868779
(average_diff:0.1511412501836611, max_diff:0.32974838656097694, training_epochs:500, lr:0.05)
<_io.TextIOWrapper name='<stderr>' mode='w' encoding='utf-8'> node index is 165
train linear regression time:  0.05291691701859236
(average_diff:0.061940463327938886, max_diff:0.12494816312098078, training_epochs:500, lr:0.05)
<_io.TextIOWrapper name='<stderr>' mode='w' encoding='utf-8'> node index is 155
train linear regression time:  0.05179716693237424
(average_diff:0.14108884216002274, max_diff:0.2008209893918651, training_epochs:500, lr:0.05)
<_io.TextIOWrapper name='<stderr>' mode='w' encoding='utf-8'> node index is 149
train linear regression time:  0.050357833970338106
(average_diff:0.045236180771840585, max_diff:0.10172175748670703, training_epochs:500, lr:0.05)
<_io.TextIOWrapper name='<stderr>' mode='w' encoding='utf-8'> node index is 147
train linear regression time:  0.05072187492623925
(average_diff:0.05241341834221641, max_diff:0.10211216417601854, training_epochs:500, lr:0.05)
<_io.TextIOWrapper name='<stderr>' mode='w' encoding='utf-8'> node index is 143
train linear regression time:  0.05080850003287196
(average_diff:0.021669430318413493, max_diff:0.04000213742538439, training_epochs:500, lr:0.05)
<_io.TextIOWrapper name='<stderr>' mode='w' encoding='utf-8'> node index is 137
train linear regression time:  0.05124174989759922
(average_diff:0.01728019539838572, max_diff:0.02814450098339072, training_epochs:500, lr:0.05)
<_io.TextIOWrapper name='<stderr>' mode='w' encoding='utf-8'> node index is 131
train linear regression time:  0.048536333721131086
(average_diff:0.01034757774772652, max_diff:0.01653147860195925, training_epochs:500, lr:0.05)
<_io.TextIOWrapper name='<stderr>' mode='w' encoding='utf-8'> node index is 123
train linear regression time:  0.04957654234021902
(average_diff:0.03645379421070196, max_diff:0.08530173058568014, training_epochs:500, lr:0.05)
<_io.TextIOWrapper name='<stderr>' mode='w' encoding='utf-8'> node index is 113
train linear regression time:  0.04937691707164049
(average_diff:0.07291402140685294, max_diff:0.26008978065342925, training_epochs:500, lr:0.05)
<_io.TextIOWrapper name='<stderr>' mode='w' encoding='utf-8'> node index is 103
train linear regression time:  0.0491329999640584
(average_diff:0.05742228021268287, max_diff:0.08963677950138682, training_epochs:500, lr:0.05)
<_io.TextIOWrapper name='<stderr>' mode='w' encoding='utf-8'> node index is 93
train linear regression time:  0.049226416274905205
(average_diff:0.0011316068247157085, max_diff:0.001984518923221684, training_epochs:500, lr:0.05)
<_io.TextIOWrapper name='<stderr>' mode='w' encoding='utf-8'> node index is 139
train linear regression time:  0.04972429107874632
(average_diff:0.060572443367842704, max_diff:0.15023368929377245, training_epochs:500, lr:0.05)
<_io.TextIOWrapper name='<stderr>' mode='w' encoding='utf-8'> node index is 133
train linear regression time:  0.04992937529459596
(average_diff:0.021636514393714466, max_diff:0.03919896147698601, training_epochs:500, lr:0.05)
<_io.TextIOWrapper name='<stderr>' mode='w' encoding='utf-8'> node index is 125
train linear regression time:  0.04957354161888361
(average_diff:0.05287195809033697, max_diff:0.1625487983199101, training_epochs:500, lr:0.05)
<_io.TextIOWrapper name='<stderr>' mode='w' encoding='utf-8'> node index is 115
train linear regression time:  0.050310374703258276
(average_diff:0.06100446236280885, max_diff:0.09081509771440271, training_epochs:500, lr:0.05)
<_io.TextIOWrapper name='<stderr>' mode='w' encoding='utf-8'> node index is 105
train linear regression time:  0.05051295878365636
(average_diff:0.0402570134845087, max_diff:0.18307493031966693, training_epochs:500, lr:0.05)
<_io.TextIOWrapper name='<stderr>' mode='w' encoding='utf-8'> node index is 95
train linear regression time:  0.05279595823958516
(average_diff:0.06582154743234017, max_diff:0.11129030210324356, training_epochs:500, lr:0.05)
<_io.TextIOWrapper name='<stderr>' mode='w' encoding='utf-8'> node index is 85
train linear regression time:  0.05418054107576609
(average_diff:0.054973969279342345, max_diff:0.1106390863803229, training_epochs:500, lr:0.05)
<_io.TextIOWrapper name='<stderr>' mode='w' encoding='utf-8'> node index is 79
train linear regression time:  0.053587916772812605
(average_diff:0.13700849895035394, max_diff:0.37478712753775767, training_epochs:500, lr:0.05)
<_io.TextIOWrapper name='<stderr>' mode='w' encoding='utf-8'> node index is 73
train linear regression time:  0.053472207859158516
(average_diff:0.09404706702851356, max_diff:0.2926966815599734, training_epochs:500, lr:0.05)
<_io.TextIOWrapper name='<stderr>' mode='w' encoding='utf-8'> node index is 65
train linear regression time:  0.05393058340996504
(average_diff:0.09071947319560135, max_diff:0.3135824685359124, training_epochs:500, lr:0.05)
<_io.TextIOWrapper name='<stderr>' mode='w' encoding='utf-8'> node index is 57
train linear regression time:  0.053828374948352575
(average_diff:0.0888300506681807, max_diff:0.5055338433560993, training_epochs:500, lr:0.05)
<_io.TextIOWrapper name='<stderr>' mode='w' encoding='utf-8'> node index is 47
train linear regression time:  0.0530480002053082
(average_diff:0.18759049472720815, max_diff:0.764674954986506, training_epochs:500, lr:0.05)
<_io.TextIOWrapper name='<stderr>' mode='w' encoding='utf-8'> node index is 41
train linear regression time:  0.059179583098739386
(average_diff:0.15640408166449316, max_diff:0.7583480979022279, training_epochs:500, lr:0.05)
<_io.TextIOWrapper name='<stderr>' mode='w' encoding='utf-8'> node index is 33
train linear regression time:  0.05227891635149717
(average_diff:0.03151981106144145, max_diff:0.04439894942559611, training_epochs:500, lr:0.05)
<_io.TextIOWrapper name='<stderr>' mode='w' encoding='utf-8'> node index is 117
train linear regression time:  0.05005574971437454
(average_diff:0.002120856570768985, max_diff:0.00426965590017965, training_epochs:500, lr:0.05)
<_io.TextIOWrapper name='<stderr>' mode='w' encoding='utf-8'> node index is 107
train linear regression time:  0.049691000021994114
(average_diff:0.03546253101814933, max_diff:0.09127763802092903, training_epochs:500, lr:0.05)
<_io.TextIOWrapper name='<stderr>' mode='w' encoding='utf-8'> node index is 97
train linear regression time:  0.04965224955230951
(average_diff:0.06748907698981317, max_diff:0.14111098391045895, training_epochs:500, lr:0.05)
<_io.TextIOWrapper name='<stderr>' mode='w' encoding='utf-8'> node index is 87
train linear regression time:  0.048565084114670753
(average_diff:0.06301011815139754, max_diff:0.28775647500621715, training_epochs:500, lr:0.05)
<_io.TextIOWrapper name='<stderr>' mode='w' encoding='utf-8'> node index is 81
train linear regression time:  0.04907700000330806
(average_diff:0.060971688385151185, max_diff:0.18570106038364387, training_epochs:500, lr:0.05)
<_io.TextIOWrapper name='<stderr>' mode='w' encoding='utf-8'> node index is 75
train linear regression time:  0.05117912497371435
(average_diff:0.0949757278351089, max_diff:0.2873633823581734, training_epochs:500, lr:0.05)
<_io.TextIOWrapper name='<stderr>' mode='w' encoding='utf-8'> node index is 67
train linear regression time:  0.05193012487143278
(average_diff:0.16699408072610195, max_diff:0.4077676066026766, training_epochs:500, lr:0.05)
<_io.TextIOWrapper name='<stderr>' mode='w' encoding='utf-8'> node index is 59
train linear regression time:  0.053733750246465206
(average_diff:0.10401889977720212, max_diff:0.3181131604055246, training_epochs:500, lr:0.05)
<_io.TextIOWrapper name='<stderr>' mode='w' encoding='utf-8'> node index is 49
train linear regression time:  0.05276958318427205
(average_diff:0.16804877041282956, max_diff:0.6048114356997113, training_epochs:500, lr:0.05)
<_io.TextIOWrapper name='<stderr>' mode='w' encoding='utf-8'> node index is 43
train linear regression time:  0.05404558312147856
(average_diff:0.19268525816980614, max_diff:0.6087887033466991, training_epochs:500, lr:0.05)
<_io.TextIOWrapper name='<stderr>' mode='w' encoding='utf-8'> node index is 35
train linear regression time:  0.06058141589164734
(average_diff:0.13234686577905747, max_diff:0.648645119256378, training_epochs:500, lr:0.05)
<_io.TextIOWrapper name='<stderr>' mode='w' encoding='utf-8'> node index is 208
train linear regression time:  0.05945633305236697
<_io.TextIOWrapper name='<stderr>' mode='w' encoding='utf-8'> variance test passed, diff=0.022414665330002737, d = 2, back=0
<_io.TextIOWrapper name='<stderr>' mode='w' encoding='utf-8'> Will be split, p=0.022414665330002737, d=2, back=0
(average_diff:0.1150010477107147, max_diff:0.37061807154308224, training_epochs:500, lr:0.05)
<_io.TextIOWrapper name='<stderr>' mode='w' encoding='utf-8'> node index is 222
train linear regression time:  0.05956491734832525
(average_diff:0.002636927431290496, max_diff:0.003797905235314092, training_epochs:500, lr:0.05)
<_io.TextIOWrapper name='<stderr>' mode='w' encoding='utf-8'> node index is 223
train linear regression time:  0.04999216692522168
(average_diff:1.6653345369377348e-16, max_diff:1.6653345369377348e-16, training_epochs:500, lr:0.05)
<_io.TextIOWrapper name='<stderr>' mode='w' encoding='utf-8'> node index is 209
train linear regression time:  0.050189000088721514
(average_diff:1.734341522433939e-07, max_diff:2.634405531498629e-07, training_epochs:500, lr:0.05)
<_io.TextIOWrapper name='<stderr>' mode='w' encoding='utf-8'> node index is 199
train linear regression time:  0.04887945810332894
(average_diff:0.0471499680561723, max_diff:0.10784766542341861, training_epochs:500, lr:0.05)
<_io.TextIOWrapper name='<stderr>' mode='w' encoding='utf-8'> node index is 191
train linear regression time:  0.04892400000244379
(average_diff:0.0, max_diff:0.0, training_epochs:500, lr:0.05)
<_io.TextIOWrapper name='<stderr>' mode='w' encoding='utf-8'> node index is 183
train linear regression time:  0.04873470775783062
(average_diff:0.05189011920439874, max_diff:0.07336544601106643, training_epochs:500, lr:0.05)
<_io.TextIOWrapper name='<stderr>' mode='w' encoding='utf-8'> node index is 175
train linear regression time:  0.049680666998028755
(average_diff:0.0793540125891599, max_diff:0.16551432438478478, training_epochs:500, lr:0.05)
<_io.TextIOWrapper name='<stderr>' mode='w' encoding='utf-8'> node index is 167
train linear regression time:  0.04925595922395587
(average_diff:2.7755575615628914e-16, max_diff:3.3306690738754696e-16, training_epochs:500, lr:0.05)
<_io.TextIOWrapper name='<stderr>' mode='w' encoding='utf-8'> node index is 157
train linear regression time:  0.04840866709128022
(average_diff:0.13037623202642043, max_diff:0.5702344485867785, training_epochs:500, lr:0.05)
<_io.TextIOWrapper name='<stderr>' mode='w' encoding='utf-8'> node index is 210
train linear regression time:  0.05553824966773391
<_io.TextIOWrapper name='<stderr>' mode='w' encoding='utf-8'> variance test passed, diff=0.024355054811993914, d = 1, back=0
<_io.TextIOWrapper name='<stderr>' mode='w' encoding='utf-8'> Will be split, p=0.024355054811993914, d=1, back=0
(average_diff:0.13396947677089013, max_diff:0.5746124489837636, training_epochs:500, lr:0.05)
<_io.TextIOWrapper name='<stderr>' mode='w' encoding='utf-8'> node index is 224
train linear regression time:  0.05776162492111325
(average_diff:0.0793531084550078, max_diff:0.17227557997193288, training_epochs:500, lr:0.05)
<_io.TextIOWrapper name='<stderr>' mode='w' encoding='utf-8'> node index is 225
train linear regression time:  0.048336582724004984
(average_diff:0.2892036403562538, max_diff:0.42470744012641987, training_epochs:500, lr:0.05)
<_io.TextIOWrapper name='<stderr>' mode='w' encoding='utf-8'> node index is 211
train linear regression time:  0.049375500064343214
(average_diff:0.022761417905137072, max_diff:0.056037737746346045, training_epochs:500, lr:0.05)
<_io.TextIOWrapper name='<stderr>' mode='w' encoding='utf-8'> node index is 185
train linear regression time:  0.048064874950796366
(average_diff:0.00261673055281707, max_diff:0.0036346927675846574, training_epochs:500, lr:0.05)
<_io.TextIOWrapper name='<stderr>' mode='w' encoding='utf-8'> node index is 177
train linear regression time:  0.046866791788488626
(average_diff:0.11287998909814094, max_diff:0.18851695827773413, training_epochs:500, lr:0.05)
<_io.TextIOWrapper name='<stderr>' mode='w' encoding='utf-8'> node index is 169
train linear regression time:  0.04747470887377858
(average_diff:0.0, max_diff:0.0, training_epochs:500, lr:0.05)
<_io.TextIOWrapper name='<stderr>' mode='w' encoding='utf-8'> node index is 159
train linear regression time:  0.05042504193261266
(average_diff:0.045619986322022, max_diff:0.06807720939322859, training_epochs:500, lr:0.05)
<_io.TextIOWrapper name='<stderr>' mode='w' encoding='utf-8'> node index is 151
train linear regression time:  0.05012308293953538
(average_diff:0.030581382942787647, max_diff:0.07856886441364087, training_epochs:500, lr:0.05)
<_io.TextIOWrapper name='<stderr>' mode='w' encoding='utf-8'> node index is 135
train linear regression time:  0.0508715002797544
(average_diff:0.025048857209854985, max_diff:0.04474397108934386, training_epochs:500, lr:0.05)
<_io.TextIOWrapper name='<stderr>' mode='w' encoding='utf-8'> node index is 129
train linear regression time:  0.05135100008919835
(average_diff:0.025387552884289632, max_diff:0.07941323743440794, training_epochs:500, lr:0.05)
<_io.TextIOWrapper name='<stderr>' mode='w' encoding='utf-8'> node index is 119
train linear regression time:  0.049684416968375444
(average_diff:0.04089136818602519, max_diff:0.09818722069302924, training_epochs:500, lr:0.05)
<_io.TextIOWrapper name='<stderr>' mode='w' encoding='utf-8'> node index is 109
train linear regression time:  0.05169966723769903
(average_diff:0.04593493889290591, max_diff:0.16679576154297404, training_epochs:500, lr:0.05)
<_io.TextIOWrapper name='<stderr>' mode='w' encoding='utf-8'> node index is 99
train linear regression time:  0.04979366669431329
(average_diff:0.07013293712462912, max_diff:0.26673577722190467, training_epochs:500, lr:0.05)
<_io.TextIOWrapper name='<stderr>' mode='w' encoding='utf-8'> node index is 89
train linear regression time:  0.05087554128840566
(average_diff:0.007039695744824833, max_diff:0.06611991548792517, training_epochs:500, lr:0.05)
<_io.TextIOWrapper name='<stderr>' mode='w' encoding='utf-8'> node index is 69
train linear regression time:  0.04968137480318546
(average_diff:0.04595697525240421, max_diff:0.1292473309260686, training_epochs:500, lr:0.05)
<_io.TextIOWrapper name='<stderr>' mode='w' encoding='utf-8'> node index is 61
train linear regression time:  0.04819458303973079
(average_diff:0.008516969278640768, max_diff:0.018742551057301576, training_epochs:500, lr:0.05)
<_io.TextIOWrapper name='<stderr>' mode='w' encoding='utf-8'> node index is 53
train linear regression time:  0.05072416691109538
(average_diff:0.11434768742826212, max_diff:0.7652226411366604, training_epochs:500, lr:0.05)
<_io.TextIOWrapper name='<stderr>' mode='w' encoding='utf-8'> node index is 51
train linear regression time:  0.0594480000436306
(average_diff:0.15110895699434607, max_diff:0.6184379150892619, training_epochs:500, lr:0.05)
<_io.TextIOWrapper name='<stderr>' mode='w' encoding='utf-8'> node index is 37
train linear regression time:  0.056480917148292065
(average_diff:0.19747459917065277, max_diff:0.6465715857916079, training_epochs:500, lr:0.05)
<_io.TextIOWrapper name='<stderr>' mode='w' encoding='utf-8'> node index is 29
train linear regression time:  0.05412216577678919
(average_diff:0.1821153669302839, max_diff:0.702453552314788, training_epochs:500, lr:0.05)
<_io.TextIOWrapper name='<stderr>' mode='w' encoding='utf-8'> node index is 212
train linear regression time:  0.054057291243225336
<_io.TextIOWrapper name='<stderr>' mode='w' encoding='utf-8'> variance test passed, diff=0.058904296454116545, d = 0, back=0
<_io.TextIOWrapper name='<stderr>' mode='w' encoding='utf-8'> Will be split, p=0.058904296454116545, d=0, back=0
(average_diff:0.1815124858728039, max_diff:0.6876831005847547, training_epochs:500, lr:0.05)
<_io.TextIOWrapper name='<stderr>' mode='w' encoding='utf-8'> node index is 226
train linear regression time:  0.05572583293542266
(average_diff:6.938893903907228e-17, max_diff:6.938893903907228e-17, training_epochs:500, lr:0.05)
<_io.TextIOWrapper name='<stderr>' mode='w' encoding='utf-8'> node index is 227
train linear regression time:  0.05017683282494545
(average_diff:7.228834882540743e-08, max_diff:1.0931148181070327e-07, training_epochs:500, lr:0.05)
<_io.TextIOWrapper name='<stderr>' mode='w' encoding='utf-8'> node index is 213
train linear regression time:  0.04879004182294011
(average_diff:0.0037911084390464256, max_diff:0.007316570669374189, training_epochs:500, lr:0.05)
<_io.TextIOWrapper name='<stderr>' mode='w' encoding='utf-8'> node index is 201
train linear regression time:  0.046808334067463875
(average_diff:0.0, max_diff:0.0, training_epochs:500, lr:0.05)
<_io.TextIOWrapper name='<stderr>' mode='w' encoding='utf-8'> node index is 193
train linear regression time:  0.04689304204657674
(average_diff:0.0010759587203461596, max_diff:0.001610451079121833, training_epochs:500, lr:0.05)
<_io.TextIOWrapper name='<stderr>' mode='w' encoding='utf-8'> node index is 187
train linear regression time:  0.04653229098767042
(average_diff:2.1200464796616858e-05, max_diff:2.980543391284396e-05, training_epochs:500, lr:0.05)
<_io.TextIOWrapper name='<stderr>' mode='w' encoding='utf-8'> node index is 179
train linear regression time:  0.04701475007459521
(average_diff:5.551115123125783e-17, max_diff:5.551115123125783e-17, training_epochs:500, lr:0.05)
<_io.TextIOWrapper name='<stderr>' mode='w' encoding='utf-8'> node index is 171
train linear regression time:  0.046888332813978195
(average_diff:0.0, max_diff:0.0, training_epochs:500, lr:0.05)
<_io.TextIOWrapper name='<stderr>' mode='w' encoding='utf-8'> node index is 161
train linear regression time:  0.04635425005108118
(average_diff:0.1562066636205722, max_diff:0.7516874692827407, training_epochs:500, lr:0.05)
<_io.TextIOWrapper name='<stderr>' mode='w' encoding='utf-8'> node index is 214
train linear regression time:  0.05399174988269806
<_io.TextIOWrapper name='<stderr>' mode='w' encoding='utf-8'> variance test passed, diff=0.01619275306466699, d = 0, back=0
<_io.TextIOWrapper name='<stderr>' mode='w' encoding='utf-8'> variance test passed, diff=0.051369183292644165, d = 1, back=0
<_io.TextIOWrapper name='<stderr>' mode='w' encoding='utf-8'> Will be split, p=0.051369183292644165, d=1, back=0
(average_diff:0.15392140524866005, max_diff:0.7417401037413248, training_epochs:500, lr:0.05)
<_io.TextIOWrapper name='<stderr>' mode='w' encoding='utf-8'> node index is 228
train linear regression time:  0.05540137505158782
(average_diff:0.021139517434111826, max_diff:0.04183983658694124, training_epochs:500, lr:0.05)
<_io.TextIOWrapper name='<stderr>' mode='w' encoding='utf-8'> node index is 229
train linear regression time:  0.0482332082465291
(average_diff:0.003950168178273233, max_diff:0.006304380280343969, training_epochs:500, lr:0.05)
<_io.TextIOWrapper name='<stderr>' mode='w' encoding='utf-8'> node index is 215
train linear regression time:  0.04769604140892625
(average_diff:0.015813230087654007, max_diff:0.031210402319239217, training_epochs:500, lr:0.05)
<_io.TextIOWrapper name='<stderr>' mode='w' encoding='utf-8'> node index is 203
train linear regression time:  0.04603666625916958
(average_diff:3.740105452509912e-05, max_diff:3.776937476218656e-05, training_epochs:500, lr:0.05)
<_io.TextIOWrapper name='<stderr>' mode='w' encoding='utf-8'> node index is 195
train linear regression time:  0.04642020771279931
(average_diff:2.3407202102513716e-15, max_diff:3.58046925441613e-15, training_epochs:500, lr:0.05)
<_io.TextIOWrapper name='<stderr>' mode='w' encoding='utf-8'> node index is 7
train linear regression time:  0.0465892911888659
(average_diff:0.09382083802838888, max_diff:0.25478466303060904, training_epochs:500, lr:0.05)
<_io.TextIOWrapper name='<stderr>' mode='w' encoding='utf-8'> node index is 5
train linear regression time:  0.047003624960780144
testFringe time:  5.856611624825746
<_io.TextIOWrapper name='<stderr>' mode='w' encoding='utf-8'> =============== update finished ===============

*** Writing Game File 31***

<_io.TextIOWrapper name='../print_tree_record_numpy/print_DR_boost_linear_tree_split.txt' mode='w' encoding='UTF-8'> idx1(Q:0.4006, distinct_name:0, dictinctin_value:2.569683891588169, par:None)
	idx4(Q:0.4014, distinct_name:0, dictinctin_value:2.507749956207568, par:1)
		idx6(Q:0.4012, distinct_name:0, dictinctin_value:-0.050698982385153205, par:4)
			idx8(Q:0.4609, distinct_name:0, dictinctin_value:-0.5002368440471089, par:6)
				idx10(Q:0.5075, distinct_name:3, dictinctin_value:0.7373220788164561, par:8)
					idx12(Q:0.4820, distinct_name:1, dictinctin_value:0.8498558206992594, par:10)
						idx18(Q:0.4300, distinct_name:2, dictinctin_value:0.8559921607301466, par:12)
							idx24(Q:0.4250, distinct_name:0, dictinctin_value:-0.5901212893723445, par:18)
								idx30(Q:0.4332, distinct_name:2, dictinctin_value:0.5095422779981766, par:24)
									idx38(Q:0.4564, distinct_name:2, dictinctin_value:0.24909091887867726, par:30)
										idx44(Q:0.4898, distinct_name:2, dictinctin_value:-0.06052347242753761, par:38)
											idx54(Q:0.5310, distinct_name:2, dictinctin_value:-0.16873413911779458, par:44)
												idx62(Q:0.5586, distinct_name:2, dictinctin_value:-0.3117760123070312, par:54)
													idx70(Q:0.5956, distinct_name:2, dictinctin_value:-0.36929151673896154, par:62)
														idx76(Q:0.6246, distinct_name:2, dictinctin_value:-0.4513587540231024, par:70)
															idx82(Q:0.6622, distinct_name:2, dictinctin_value:-0.49926091712096626, par:76)
																idx90(Q:0.6769, distinct_name:2, dictinctin_value:-0.5261921216626007, par:82)
																	idx100(Q:0.6861, distinct_name:2, dictinctin_value:-0.5682634996789567, par:90)
																		idx110(Q:0.7046, distinct_name:2, dictinctin_value:-0.576514535000767, par:100)
																			idx120(Q:0.7121, par:110)
																			idx121(Q:0.4001, par:110)
																		idx111(Q:0.3486, par:100)
																	idx101(Q:0.3562, par:90)
																idx91(Q:0.3335, par:82)
															idx83(Q:0.2890, par:76)
														idx77(Q:0.2791, par:70)
													idx71(Q:0.2689, par:62)
												idx63(Q:0.2366, par:54)
											idx55(Q:0.2304, par:44)
										idx45(Q:0.2280, par:38)
									idx39(Q:0.2907, par:30)
								idx31(Q:0.3506, par:24)
							idx25(Q:0.4528, distinct_name:0, dictinctin_value:-0.5389580903277561, par:18)
								idx216(Q:0.4559, par:25)
								idx217(Q:0.3907, par:25)
						idx19(Q:0.7089, distinct_name:0, dictinctin_value:-0.5046072639210131, par:12)
							idx152(Q:0.7087, distinct_name:2, dictinctin_value:1.74305991171075, par:19)
								idx162(Q:0.6970, distinct_name:2, dictinctin_value:1.5651912903147052, par:152)
									idx172(Q:0.6822, distinct_name:2, dictinctin_value:1.0939968976733132, par:162)
										idx180(Q:0.6609, distinct_name:2, dictinctin_value:0.9064820637809338, par:172)
											idx188(Q:0.6534, distinct_name:2, dictinctin_value:0.8130327408821636, par:180)
												idx196(Q:0.6454, distinct_name:2, dictinctin_value:0.714578820015968, par:188)
													idx204(Q:0.6445, distinct_name:0, dictinctin_value:-0.5137296726081428, par:196)
														idx218(Q:0.6426, par:204)
														idx219(Q:0.8415, par:204)
													idx205(Q:0.6639, par:196)
												idx197(Q:0.8649, par:188)
											idx189(Q:0.8254, par:180)
										idx181(Q:0.9879, par:172)
									idx173(Q:1.0000, par:162)
								idx163(Q:1.0876, par:152)
							idx153(Q:0.7365, par:19)
					idx13(Q:0.5858, distinct_name:2, dictinctin_value:1.929601246827043, par:10)
						idx92(Q:0.5716, distinct_name:1, dictinctin_value:1.2557733390904973, par:13)
							idx102(Q:0.5428, distinct_name:2, dictinctin_value:1.4527612583425853, par:92)
								idx112(Q:0.5248, distinct_name:2, dictinctin_value:1.3531114404933846, par:102)
									idx122(Q:0.5245, distinct_name:2, dictinctin_value:1.0639310625609943, par:112)
										idx130(Q:0.5097, distinct_name:2, dictinctin_value:0.8759607452183222, par:122)
											idx136(Q:0.5041, distinct_name:2, dictinctin_value:0.6228991526328211, par:130)
												idx142(Q:0.4972, distinct_name:2, dictinctin_value:0.4885947458466264, par:136)
													idx146(Q:0.4868, distinct_name:1, dictinctin_value:1.1059975491047376, par:142)
														idx148(Q:0.4746, distinct_name:3, dictinctin_value:2.363964647313972, par:146)
															idx154(Q:0.4605, distinct_name:3, dictinctin_value:1.536573712246935, par:148)
																idx164(Q:0.4455, distinct_name:1, dictinctin_value:0.49075596239548774, par:154)
																	idx206(Q:0.4071, distinct_name:3, dictinctin_value:1.525286896575752, par:164)
																		idx220(Q:0.4091, par:206)
																		idx221(Q:0.3039, par:206)
																	idx207(Q:0.6635, par:164)
																idx165(Q:0.5663, par:154)
															idx155(Q:0.7499, par:148)
														idx149(Q:0.7386, par:146)
													idx147(Q:0.6098, par:142)
												idx143(Q:0.5990, par:136)
											idx137(Q:0.6196, par:130)
										idx131(Q:0.9177, par:122)
									idx123(Q:0.5316, par:112)
								idx113(Q:0.8704, par:102)
							idx103(Q:0.9520, par:92)
						idx93(Q:1.0454, par:13)
				idx11(Q:0.3778, distinct_name:3, dictinctin_value:1.284568987543642, par:8)
					idx32(Q:0.3559, distinct_name:3, dictinctin_value:0.5763111575206541, par:11)
						idx40(Q:0.3389, distinct_name:2, dictinctin_value:1.4159847670297276, par:32)
							idx46(Q:0.3307, distinct_name:2, dictinctin_value:0.8764611652526798, par:40)
								idx56(Q:0.3381, distinct_name:2, dictinctin_value:0.6776552612944613, par:46)
									idx64(Q:0.3445, distinct_name:0, dictinctin_value:-0.10007893227380851, par:56)
										idx72(Q:0.3433, distinct_name:2, dictinctin_value:0.481251420222257, par:64)
											idx78(Q:0.3548, distinct_name:2, dictinctin_value:0.43236682950932387, par:72)
												idx84(Q:0.3631, distinct_name:2, dictinctin_value:0.2322739018313544, par:78)
													idx94(Q:0.3890, distinct_name:2, dictinctin_value:0.1692901075380102, par:84)
														idx104(Q:0.4007, distinct_name:2, dictinctin_value:0.044622068949871425, par:94)
															idx114(Q:0.4203, distinct_name:2, dictinctin_value:-0.04421252452423217, par:104)
																idx124(Q:0.4447, distinct_name:2, dictinctin_value:-0.12551407150931976, par:114)
																	idx132(Q:0.4598, distinct_name:2, dictinctin_value:-0.16179863391045127, par:124)
																		idx138(Q:0.4703, distinct_name:2, dictinctin_value:-0.1987692173924826, par:132)
																			idx144(Q:0.4842, par:138)
																			idx145(Q:0.1407, par:138)
																		idx139(Q:0.1491, par:132)
																	idx133(Q:0.1871, par:124)
																idx125(Q:0.1173, par:114)
															idx115(Q:0.1854, par:104)
														idx105(Q:0.1426, par:94)
													idx95(Q:0.1275, par:84)
												idx85(Q:0.1706, par:78)
											idx79(Q:0.1946, par:72)
										idx73(Q:0.3568, par:64)
									idx65(Q:0.2551, par:56)
								idx57(Q:0.2806, par:46)
							idx47(Q:0.4090, par:40)
						idx41(Q:0.4211, par:32)
					idx33(Q:0.5641, par:11)
			idx9(Q:0.3466, distinct_name:1, dictinctin_value:1.4532912275447858, par:6)
				idx14(Q:0.3283, distinct_name:0, dictinctin_value:0.6708677617788001, par:9)
					idx16(Q:0.3418, distinct_name:0, dictinctin_value:0.5219929201544601, par:14)
						idx20(Q:0.3491, distinct_name:0, dictinctin_value:0.38200451643824146, par:16)
							idx26(Q:0.3589, distinct_name:0, dictinctin_value:0.29175973898130836, par:20)
								idx34(Q:0.3622, distinct_name:3, dictinctin_value:1.2405945003824483, par:26)
									idx42(Q:0.3267, distinct_name:2, dictinctin_value:1.6139678071673451, par:34)
										idx48(Q:0.3199, distinct_name:1, dictinctin_value:1.0148453699076618, par:42)
											idx58(Q:0.3063, distinct_name:2, dictinctin_value:0.8422101128546527, par:48)
												idx66(Q:0.3146, distinct_name:2, dictinctin_value:0.5718071591898053, par:58)
													idx74(Q:0.3244, distinct_name:2, dictinctin_value:0.3335199702259944, par:66)
														idx80(Q:0.3539, distinct_name:2, dictinctin_value:0.2585267021680285, par:74)
															idx86(Q:0.3618, distinct_name:2, dictinctin_value:0.13295569297273957, par:80)
																idx96(Q:0.3808, distinct_name:2, dictinctin_value:0.0933394603867821, par:86)
																	idx106(Q:0.3872, distinct_name:2, dictinctin_value:0.047951172568074005, par:96)
																		idx116(Q:0.3966, distinct_name:2, dictinctin_value:-0.0025517231675584334, par:106)
																			idx126(Q:0.4070, par:116)
																			idx127(Q:0.1245, par:116)
																		idx117(Q:0.1691, par:106)
																	idx107(Q:0.1127, par:96)
																idx97(Q:0.1267, par:86)
															idx87(Q:0.2061, par:80)
														idx81(Q:0.1484, par:74)
													idx75(Q:0.1897, par:66)
												idx67(Q:0.2616, par:58)
											idx59(Q:0.4575, par:48)
										idx49(Q:0.4418, par:42)
									idx43(Q:0.5650, par:34)
								idx35(Q:0.3457, par:26)
							idx27(Q:0.3117, distinct_name:2, dictinctin_value:1.5527241962490086, par:20)
								idx156(Q:0.3063, distinct_name:0, dictinctin_value:0.5137061072990365, par:27)
									idx166(Q:0.3068, distinct_name:0, dictinctin_value:0.5083060291160676, par:156)
										idx174(Q:0.3066, distinct_name:1, dictinctin_value:1.235555391656205, par:166)
											idx182(Q:0.3029, distinct_name:0, dictinctin_value:0.499318407708209, par:174)
												idx190(Q:0.3091, distinct_name:3, dictinctin_value:1.6437138459193195, par:182)
													idx198(Q:0.3026, distinct_name:0, dictinctin_value:0.4978828276393789, par:190)
														idx208(Q:0.3033, distinct_name:2, dictinctin_value:1.3588453420210258, par:198)
															idx222(Q:0.2946, par:208)
															idx223(Q:0.5931, par:208)
														idx209(Q:0.2388, par:198)
													idx199(Q:0.5336, par:190)
												idx191(Q:0.2202, par:182)
											idx183(Q:0.5155, par:174)
										idx175(Q:0.3108, par:166)
									idx167(Q:0.2973, par:156)
								idx157(Q:0.6662, par:27)
						idx21(Q:0.3076, distinct_name:1, dictinctin_value:1.3201670622027022, par:16)
							idx150(Q:0.3057, distinct_name:1, dictinctin_value:1.2234607090751204, par:21)
								idx158(Q:0.3060, distinct_name:1, dictinctin_value:1.0226433736171432, par:150)
									idx168(Q:0.2992, distinct_name:0, dictinctin_value:0.6649352976939671, par:158)
										idx176(Q:0.2952, distinct_name:2, dictinctin_value:1.8028367177150562, par:168)
											idx184(Q:0.2948, distinct_name:3, dictinctin_value:1.321083281680176, par:176)
												idx210(Q:0.2737, distinct_name:1, dictinctin_value:0.7493197611500411, par:184)
													idx224(Q:0.2777, par:210)
													idx225(Q:0.2241, par:210)
												idx211(Q:0.5471, par:184)
											idx185(Q:0.3046, par:176)
										idx177(Q:0.3982, par:168)
									idx169(Q:0.5219, par:158)
								idx159(Q:0.2851, par:150)
							idx151(Q:0.3921, par:21)
					idx17(Q:0.3142, distinct_name:3, dictinctin_value:0.8871619234739136, par:14)
						idx22(Q:0.2867, distinct_name:1, dictinctin_value:0.895274831679809, par:17)
							idx28(Q:0.2676, distinct_name:3, dictinctin_value:0.4147697243292515, par:22)
								idx36(Q:0.2600, distinct_name:3, dictinctin_value:-0.009439492879810042, par:28)
									idx50(Q:0.2579, distinct_name:0, dictinctin_value:2.3121117874404824, par:36)
										idx52(Q:0.2592, distinct_name:0, dictinctin_value:1.9483716250181808, par:50)
											idx60(Q:0.2631, distinct_name:3, dictinctin_value:-0.018025248765568658, par:52)
												idx68(Q:0.2725, distinct_name:2, dictinctin_value:0.8033765660185509, par:60)
													idx88(Q:0.2745, distinct_name:2, dictinctin_value:0.6003623148969123, par:68)
														idx98(Q:0.2828, distinct_name:2, dictinctin_value:0.5329635912790776, par:88)
															idx108(Q:0.2926, distinct_name:2, dictinctin_value:0.3621996786015208, par:98)
																idx118(Q:0.3049, distinct_name:3, dictinctin_value:-0.05260374571449391, par:108)
																	idx128(Q:0.3073, distinct_name:2, dictinctin_value:0.22149263805201816, par:118)
																		idx134(Q:0.3202, distinct_name:2, dictinctin_value:0.13324256965432388, par:128)
																			idx140(Q:0.3361, par:134)
																			idx141(Q:0.1330, par:134)
																		idx135(Q:0.1427, par:128)
																	idx129(Q:0.2323, par:118)
																idx119(Q:0.1510, par:108)
															idx109(Q:0.1594, par:98)
														idx99(Q:0.1749, par:88)
													idx89(Q:0.2647, par:68)
												idx69(Q:0.1878, par:60)
											idx61(Q:0.1826, par:52)
										idx53(Q:0.1842, par:50)
									idx51(Q:0.2680, par:36)
								idx37(Q:0.3060, par:28)
							idx29(Q:0.4099, par:22)
						idx23(Q:0.4586, distinct_name:0, dictinctin_value:2.1444723574903684, par:17)
							idx160(Q:0.4610, distinct_name:0, dictinctin_value:2.133798778100152, par:23)
								idx170(Q:0.4619, distinct_name:2, dictinctin_value:1.564504591409782, par:160)
									idx178(Q:0.4477, distinct_name:2, dictinctin_value:1.4113473869711974, par:170)
										idx186(Q:0.4376, distinct_name:0, dictinctin_value:2.1063540893171067, par:178)
											idx192(Q:0.4388, distinct_name:2, dictinctin_value:1.2195161175228741, par:186)
												idx200(Q:0.4354, distinct_name:0, dictinctin_value:1.9676721667093595, par:192)
													idx212(Q:0.4344, distinct_name:0, dictinctin_value:1.8926417272552991, par:200)
														idx226(Q:0.4382, par:212)
														idx227(Q:0.0541, par:212)
													idx213(Q:0.4691, par:200)
												idx201(Q:0.5274, par:192)
											idx193(Q:0.3129, par:186)
										idx187(Q:0.8154, par:178)
									idx179(Q:0.8595, par:170)
								idx171(Q:0.3511, par:160)
							idx161(Q:0.1799, par:23)
				idx15(Q:0.5867, distinct_name:2, dictinctin_value:1.9938158806166744, par:9)
					idx194(Q:0.5790, distinct_name:3, dictinctin_value:2.0149638943737203, par:15)
						idx202(Q:0.5627, distinct_name:3, dictinctin_value:1.626087400144554, par:194)
							idx214(Q:0.5561, distinct_name:1, dictinctin_value:2.6727016574162166, par:202)
								idx228(Q:0.5369, par:214)
								idx229(Q:1.0356, par:214)
							idx215(Q:0.7337, par:202)
						idx203(Q:0.9313, par:194)
					idx195(Q:1.0231, par:15)
		idx7(Q:0.5135, par:4)
	idx5(Q:0.2665, par:1)
