WARNING:tensorflow:From /Users/keithwu/opt/anaconda3/envs/auction-gym/lib/python3.10/site-packages/tensorflow/python/compat/v2_compat.py:107: disable_resource_variables (from tensorflow.python.ops.variable_scope) is deprecated and will be removed in a future version.
Instructions for updating:
non-resource variables are not supported in the long term
<_io.TextIOWrapper name='<stderr>' mode='w' encoding='utf-8'> reading from ../UTree_model_numpy/DR/model_boost_linear_qsplit_noabs_save/, starting at 9
<_io.TextIOWrapper name='<stderr>' mode='w' encoding='utf-8'> =============== update starts ===============
(average_diff:0.05470085032033223, max_diff:0.4946704280661691, training_epochs:500, lr:0.05)
<_io.TextIOWrapper name='<stderr>' mode='w' encoding='utf-8'> node index is 44
train linear regression time:  0.05781699996441603
<_io.TextIOWrapper name='<stderr>' mode='w' encoding='utf-8'> variance test passed, diff=0.02228457615315635, d = 1, back=0
<_io.TextIOWrapper name='<stderr>' mode='w' encoding='utf-8'> variance test passed, diff=0.06955723426661023, d = 2, back=0
<_io.TextIOWrapper name='<stderr>' mode='w' encoding='utf-8'> Will be split, p=0.06955723426661023, d=2, back=0
(average_diff:0.04179441771500534, max_diff:0.47110700710910147, training_epochs:500, lr:0.05)
<_io.TextIOWrapper name='<stderr>' mode='w' encoding='utf-8'> node index is 54
train linear regression time:  0.05910591688007116
(average_diff:0.06333433038095053, max_diff:0.14617356062730874, training_epochs:500, lr:0.05)
<_io.TextIOWrapper name='<stderr>' mode='w' encoding='utf-8'> node index is 55
train linear regression time:  0.048933582846075296
(average_diff:0.034229223145778816, max_diff:0.06415471042115774, training_epochs:500, lr:0.05)
<_io.TextIOWrapper name='<stderr>' mode='w' encoding='utf-8'> node index is 45
train linear regression time:  0.04727908270433545
(average_diff:0.05363813322740937, max_diff:0.17061677124346525, training_epochs:500, lr:0.05)
<_io.TextIOWrapper name='<stderr>' mode='w' encoding='utf-8'> node index is 39
train linear regression time:  0.047909666784107685
(average_diff:0.07811266876098405, max_diff:0.16340254263486154, training_epochs:500, lr:0.05)
<_io.TextIOWrapper name='<stderr>' mode='w' encoding='utf-8'> node index is 31
train linear regression time:  0.04752600006759167
(average_diff:0.04736145253833432, max_diff:0.1963981721848273, training_epochs:500, lr:0.05)
<_io.TextIOWrapper name='<stderr>' mode='w' encoding='utf-8'> node index is 25
train linear regression time:  0.047632459085434675
(average_diff:0.18915845043649496, max_diff:0.4786200059133485, training_epochs:500, lr:0.05)
<_io.TextIOWrapper name='<stderr>' mode='w' encoding='utf-8'> node index is 19
train linear regression time:  0.04927916591987014
(average_diff:0.17009541156965147, max_diff:0.8699644355341185, training_epochs:500, lr:0.05)
<_io.TextIOWrapper name='<stderr>' mode='w' encoding='utf-8'> node index is 13
train linear regression time:  0.04942754190415144
(average_diff:0.1407688106532922, max_diff:0.48819546749830484, training_epochs:500, lr:0.05)
<_io.TextIOWrapper name='<stderr>' mode='w' encoding='utf-8'> node index is 46
train linear regression time:  0.05973866721615195
<_io.TextIOWrapper name='<stderr>' mode='w' encoding='utf-8'> variance test passed, diff=0.03154863955467732, d = 2, back=0
<_io.TextIOWrapper name='<stderr>' mode='w' encoding='utf-8'> Will be split, p=0.03154863955467732, d=2, back=0
(average_diff:0.11471153286038024, max_diff:0.6119874146397197, training_epochs:500, lr:0.05)
<_io.TextIOWrapper name='<stderr>' mode='w' encoding='utf-8'> node index is 56
train linear regression time:  0.05947520770132542
(average_diff:0.10766090960524713, max_diff:0.24176413379175832, training_epochs:500, lr:0.05)
<_io.TextIOWrapper name='<stderr>' mode='w' encoding='utf-8'> node index is 57
train linear regression time:  0.04924779199063778
(average_diff:0.052697730109837124, max_diff:0.11674745346560272, training_epochs:500, lr:0.05)
<_io.TextIOWrapper name='<stderr>' mode='w' encoding='utf-8'> node index is 47
train linear regression time:  0.050193249713629484
(average_diff:0.137050949508758, max_diff:0.30319780498616283, training_epochs:500, lr:0.05)
<_io.TextIOWrapper name='<stderr>' mode='w' encoding='utf-8'> node index is 41
train linear regression time:  0.05057774996384978
(average_diff:0.09304098219451545, max_diff:0.30467571233203494, training_epochs:500, lr:0.05)
<_io.TextIOWrapper name='<stderr>' mode='w' encoding='utf-8'> node index is 33
train linear regression time:  0.04986379109323025
(average_diff:0.15422107745181204, max_diff:0.9209899909338545, training_epochs:500, lr:0.05)
<_io.TextIOWrapper name='<stderr>' mode='w' encoding='utf-8'> node index is 48
train linear regression time:  0.055695875082165
<_io.TextIOWrapper name='<stderr>' mode='w' encoding='utf-8'> variance test passed, diff=0.022621273902193678, d = 0, back=0
<_io.TextIOWrapper name='<stderr>' mode='w' encoding='utf-8'> variance test passed, diff=0.04596802659393845, d = 1, back=0
<_io.TextIOWrapper name='<stderr>' mode='w' encoding='utf-8'> Will be split, p=0.04596802659393845, d=1, back=0
(average_diff:0.15351366044536527, max_diff:0.9317878464648112, training_epochs:500, lr:0.05)
<_io.TextIOWrapper name='<stderr>' mode='w' encoding='utf-8'> node index is 58
train linear regression time:  0.05522104213014245
(average_diff:0.03645275228563403, max_diff:0.08791689003995973, training_epochs:500, lr:0.05)
<_io.TextIOWrapper name='<stderr>' mode='w' encoding='utf-8'> node index is 59
train linear regression time:  0.05233524972572923
(average_diff:0.07577111122471791, max_diff:0.14635833923375913, training_epochs:500, lr:0.05)
<_io.TextIOWrapper name='<stderr>' mode='w' encoding='utf-8'> node index is 49
train linear regression time:  0.05279891565442085
(average_diff:0.12890884496076677, max_diff:0.41855311575737203, training_epochs:500, lr:0.05)
<_io.TextIOWrapper name='<stderr>' mode='w' encoding='utf-8'> node index is 43
train linear regression time:  0.05252804234623909
(average_diff:0.17819720965427854, max_diff:0.575184175230199, training_epochs:500, lr:0.05)
<_io.TextIOWrapper name='<stderr>' mode='w' encoding='utf-8'> node index is 35
train linear regression time:  0.05144345806911588
(average_diff:0.15341659460340387, max_diff:0.5480486873190298, training_epochs:500, lr:0.05)
<_io.TextIOWrapper name='<stderr>' mode='w' encoding='utf-8'> node index is 27
train linear regression time:  0.049342417158186436
(average_diff:0.1411017894608024, max_diff:0.5587121686151172, training_epochs:500, lr:0.05)
<_io.TextIOWrapper name='<stderr>' mode='w' encoding='utf-8'> node index is 21
train linear regression time:  0.05006166687235236
(average_diff:0.1529294730852381, max_diff:0.8441447895654334, training_epochs:500, lr:0.05)
<_io.TextIOWrapper name='<stderr>' mode='w' encoding='utf-8'> node index is 52
train linear regression time:  0.055607084184885025
<_io.TextIOWrapper name='<stderr>' mode='w' encoding='utf-8'> variance test passed, diff=0.04966447866946431, d = 0, back=0
<_io.TextIOWrapper name='<stderr>' mode='w' encoding='utf-8'> Will be split, p=0.04966447866946431, d=0, back=0
(average_diff:0.15709794131196014, max_diff:0.8300066833910063, training_epochs:500, lr:0.05)
<_io.TextIOWrapper name='<stderr>' mode='w' encoding='utf-8'> node index is 60
train linear regression time:  0.058894624933600426
(average_diff:0.023625333715003832, max_diff:0.04848490243488007, training_epochs:500, lr:0.05)
<_io.TextIOWrapper name='<stderr>' mode='w' encoding='utf-8'> node index is 61
train linear regression time:  0.04919933341443539
(average_diff:0.0, max_diff:0.0, training_epochs:500, lr:0.05)
<_io.TextIOWrapper name='<stderr>' mode='w' encoding='utf-8'> node index is 53
train linear regression time:  0.051500000059604645
(average_diff:0.1037803732857368, max_diff:0.31612073988964806, training_epochs:500, lr:0.05)
<_io.TextIOWrapper name='<stderr>' mode='w' encoding='utf-8'> node index is 51
train linear regression time:  0.05034887511283159
(average_diff:0.18342770051640986, max_diff:0.6769975987435175, training_epochs:500, lr:0.05)
<_io.TextIOWrapper name='<stderr>' mode='w' encoding='utf-8'> node index is 37
train linear regression time:  0.04925474990159273
(average_diff:0.16996696685358711, max_diff:0.5120923516193798, training_epochs:500, lr:0.05)
<_io.TextIOWrapper name='<stderr>' mode='w' encoding='utf-8'> node index is 29
train linear regression time:  0.049492208287119865
(average_diff:0.19639395056253733, max_diff:0.6684972973276977, training_epochs:500, lr:0.05)
<_io.TextIOWrapper name='<stderr>' mode='w' encoding='utf-8'> node index is 23
train linear regression time:  0.050714750308543444
(average_diff:0.13011595987349006, max_diff:0.36303327774626964, training_epochs:500, lr:0.05)
<_io.TextIOWrapper name='<stderr>' mode='w' encoding='utf-8'> node index is 15
train linear regression time:  0.048037166241556406
(average_diff:4.996003610813204e-16, max_diff:5.551115123125783e-16, training_epochs:500, lr:0.05)
<_io.TextIOWrapper name='<stderr>' mode='w' encoding='utf-8'> node index is 7
train linear regression time:  0.04750662483274937
(average_diff:0.0010796986588043067, max_diff:0.0016398037044161318, training_epochs:500, lr:0.05)
<_io.TextIOWrapper name='<stderr>' mode='w' encoding='utf-8'> node index is 5
train linear regression time:  0.046940790954977274
testFringe time:  1.7652643341571093
<_io.TextIOWrapper name='<stderr>' mode='w' encoding='utf-8'> =============== update finished ===============

*** Writing Game File 10***

<_io.TextIOWrapper name='../print_tree_record_numpy/print_DR_boost_linear_tree_split.txt' mode='w' encoding='UTF-8'> idx1(Q:0.4069, distinct_name:0, dictinctin_value:2.569683891588169, par:None)
	idx4(Q:0.4071, distinct_name:0, dictinctin_value:2.507749956207568, par:1)
		idx6(Q:0.4063, distinct_name:0, dictinctin_value:-0.050698982385153205, par:4)
			idx8(Q:0.4705, distinct_name:0, dictinctin_value:-0.5002368440471089, par:6)
				idx10(Q:0.5219, distinct_name:3, dictinctin_value:0.7373220788164561, par:8)
					idx12(Q:0.5043, distinct_name:1, dictinctin_value:0.8498558206992594, par:10)
						idx18(Q:0.4443, distinct_name:2, dictinctin_value:0.8559921607301466, par:12)
							idx24(Q:0.4455, distinct_name:0, dictinctin_value:-0.5901212893723445, par:18)
								idx30(Q:0.4595, distinct_name:2, dictinctin_value:0.5095422779981766, par:24)
									idx38(Q:0.4729, distinct_name:2, dictinctin_value:0.24909091887867726, par:30)
										idx44(Q:0.5109, distinct_name:2, dictinctin_value:-0.06052347242753761, par:38)
											idx54(Q:0.5523, par:44)
											idx55(Q:0.2226, par:44)
										idx45(Q:0.1564, par:38)
									idx39(Q:0.3536, par:30)
								idx31(Q:0.2686, par:24)
							idx25(Q:0.4383, par:18)
						idx19(Q:0.7268, par:12)
					idx13(Q:0.5857, par:10)
				idx11(Q:0.3781, distinct_name:3, dictinctin_value:1.284568987543642, par:8)
					idx32(Q:0.3568, distinct_name:3, dictinctin_value:0.5763111575206541, par:11)
						idx40(Q:0.3448, distinct_name:2, dictinctin_value:1.4159847670297276, par:32)
							idx46(Q:0.3343, distinct_name:2, dictinctin_value:0.8764611652526798, par:40)
								idx56(Q:0.3433, par:46)
								idx57(Q:0.2780, par:46)
							idx47(Q:0.4316, par:40)
						idx41(Q:0.4221, par:32)
					idx33(Q:0.5828, par:11)
			idx9(Q:0.3483, distinct_name:1, dictinctin_value:1.4532912275447858, par:6)
				idx14(Q:0.3370, distinct_name:0, dictinctin_value:0.6708677617788001, par:9)
					idx16(Q:0.3400, distinct_name:0, dictinctin_value:0.5219929201544601, par:14)
						idx20(Q:0.3541, distinct_name:0, dictinctin_value:0.38200451643824146, par:16)
							idx26(Q:0.3680, distinct_name:0, dictinctin_value:0.29175973898130836, par:20)
								idx34(Q:0.3887, distinct_name:3, dictinctin_value:1.2405945003824483, par:26)
									idx42(Q:0.3659, distinct_name:2, dictinctin_value:1.6139678071673451, par:34)
										idx48(Q:0.3556, distinct_name:1, dictinctin_value:1.0148453699076618, par:42)
											idx58(Q:0.3574, par:48)
											idx59(Q:0.3354, par:48)
										idx49(Q:0.5059, par:42)
									idx43(Q:0.5221, par:34)
								idx35(Q:0.2795, par:26)
							idx27(Q:0.2886, par:20)
						idx21(Q:0.2895, par:16)
					idx17(Q:0.3337, distinct_name:3, dictinctin_value:0.8871619234739136, par:14)
						idx22(Q:0.3018, distinct_name:1, dictinctin_value:0.895274831679809, par:17)
							idx28(Q:0.2724, distinct_name:3, dictinctin_value:0.4147697243292515, par:22)
								idx36(Q:0.2513, distinct_name:3, dictinctin_value:-0.009439492879810042, par:28)
									idx50(Q:0.2518, distinct_name:0, dictinctin_value:2.3121117874404824, par:36)
										idx52(Q:0.2518, distinct_name:0, dictinctin_value:1.9483716250181808, par:50)
											idx60(Q:0.2537, par:52)
											idx61(Q:0.2054, par:52)
										idx53(Q:0.2505, par:50)
									idx51(Q:0.2495, par:36)
								idx37(Q:0.3918, par:28)
							idx29(Q:0.4640, par:22)
						idx23(Q:0.4647, par:17)
				idx15(Q:0.5353, par:9)
		idx7(Q:0.6670, par:4)
	idx5(Q:0.4129, par:1)
