WARNING:tensorflow:From /Users/keithwu/opt/anaconda3/envs/auction-gym/lib/python3.10/site-packages/tensorflow/python/compat/v2_compat.py:107: disable_resource_variables (from tensorflow.python.ops.variable_scope) is deprecated and will be removed in a future version.
Instructions for updating:
non-resource variables are not supported in the long term
<_io.TextIOWrapper name='<stderr>' mode='w' encoding='utf-8'> reading from ../UTree_model_numpy/DR/model_boost_linear_qsplit_noabs_save/, starting at 91
<_io.TextIOWrapper name='<stderr>' mode='w' encoding='utf-8'> =============== update starts ===============
(average_diff:0.005185454434270216, max_diff:0.04324275606488409, training_epochs:500, lr:0.05)
<_io.TextIOWrapper name='<stderr>' mode='w' encoding='utf-8'> node index is 111
train linear regression time:  0.05811120895668864
(average_diff:0.015627056798529663, max_diff:0.09388327674200767, training_epochs:500, lr:0.05)
<_io.TextIOWrapper name='<stderr>' mode='w' encoding='utf-8'> node index is 101
train linear regression time:  0.0524517921730876
(average_diff:0.008956331043272066, max_diff:0.04184890069832625, training_epochs:500, lr:0.05)
<_io.TextIOWrapper name='<stderr>' mode='w' encoding='utf-8'> node index is 91
train linear regression time:  0.0529471249319613
(average_diff:0.012571174260320355, max_diff:0.16363946890081107, training_epochs:500, lr:0.05)
<_io.TextIOWrapper name='<stderr>' mode='w' encoding='utf-8'> node index is 83
train linear regression time:  0.0532125411555171
(average_diff:0.025093063842431495, max_diff:0.20285940824180315, training_epochs:500, lr:0.05)
<_io.TextIOWrapper name='<stderr>' mode='w' encoding='utf-8'> node index is 77
train linear regression time:  0.05823687510564923
(average_diff:0.043800877820816646, max_diff:0.2739637985950184, training_epochs:500, lr:0.05)
<_io.TextIOWrapper name='<stderr>' mode='w' encoding='utf-8'> node index is 71
train linear regression time:  0.06224254099652171
<_io.TextIOWrapper name='<stderr>' mode='w' encoding='utf-8'> variance test passed, diff=0.011381889996943097, d = 0, back=0
<_io.TextIOWrapper name='<stderr>' mode='w' encoding='utf-8'> Will be split, p=0.011381889996943097, d=0, back=0
(average_diff:0.04470861167737392, max_diff:0.2688888057347251, training_epochs:500, lr:0.05)
<_io.TextIOWrapper name='<stderr>' mode='w' encoding='utf-8'> node index is 602
train linear regression time:  0.06264666700735688
(average_diff:1.4108744172958154e-09, max_diff:1.7708277622041635e-09, training_epochs:500, lr:0.05)
<_io.TextIOWrapper name='<stderr>' mode='w' encoding='utf-8'> node index is 603
train linear regression time:  0.055315458215773106
(average_diff:0.052405390069734076, max_diff:0.20134175668742849, training_epochs:500, lr:0.05)
<_io.TextIOWrapper name='<stderr>' mode='w' encoding='utf-8'> node index is 63
train linear regression time:  0.05698141688480973
(average_diff:0.04176258513272474, max_diff:0.08683829667618584, training_epochs:500, lr:0.05)
<_io.TextIOWrapper name='<stderr>' mode='w' encoding='utf-8'> node index is 501
train linear regression time:  0.053274167235940695
(average_diff:4.949586851488164e-10, max_diff:5.149634052514784e-10, training_epochs:500, lr:0.05)
<_io.TextIOWrapper name='<stderr>' mode='w' encoding='utf-8'> node index is 493
train linear regression time:  0.05218358291313052
(average_diff:6.730727086790012e-16, max_diff:7.91033905045424e-16, training_epochs:500, lr:0.05)
<_io.TextIOWrapper name='<stderr>' mode='w' encoding='utf-8'> node index is 485
train linear regression time:  0.05299508385360241
(average_diff:0.001534623837589055, max_diff:0.0037337184370197507, training_epochs:500, lr:0.05)
<_io.TextIOWrapper name='<stderr>' mode='w' encoding='utf-8'> node index is 481
train linear regression time:  0.056217082776129246
(average_diff:2.7755575615628914e-17, max_diff:2.7755575615628914e-17, training_epochs:500, lr:0.05)
<_io.TextIOWrapper name='<stderr>' mode='w' encoding='utf-8'> node index is 475
train linear regression time:  0.055415583308786154
(average_diff:0.0033406043420463813, max_diff:0.004875696803215701, training_epochs:500, lr:0.05)
<_io.TextIOWrapper name='<stderr>' mode='w' encoding='utf-8'> node index is 469
train linear regression time:  0.058123167138546705
(average_diff:0.001339431023423203, max_diff:0.0025862934534833237, training_epochs:500, lr:0.05)
<_io.TextIOWrapper name='<stderr>' mode='w' encoding='utf-8'> node index is 465
train linear regression time:  0.0554134170524776
(average_diff:1.626687673450533e-11, max_diff:1.6556034321268953e-11, training_epochs:500, lr:0.05)
<_io.TextIOWrapper name='<stderr>' mode='w' encoding='utf-8'> node index is 587
train linear regression time:  0.05582795897498727
(average_diff:3.5723136254661725e-10, max_diff:3.7833999821934583e-10, training_epochs:500, lr:0.05)
<_io.TextIOWrapper name='<stderr>' mode='w' encoding='utf-8'> node index is 581
train linear regression time:  0.05489608319476247
(average_diff:0.005077238944415297, max_diff:0.007865453585870819, training_epochs:500, lr:0.05)
<_io.TextIOWrapper name='<stderr>' mode='w' encoding='utf-8'> node index is 571
train linear regression time:  0.05562700005248189
(average_diff:3.3306690738754696e-16, max_diff:3.3306690738754696e-16, training_epochs:500, lr:0.05)
<_io.TextIOWrapper name='<stderr>' mode='w' encoding='utf-8'> node index is 549
train linear regression time:  0.058653832878917456
(average_diff:0.006949677785077564, max_diff:0.010470690715180475, training_epochs:500, lr:0.05)
<_io.TextIOWrapper name='<stderr>' mode='w' encoding='utf-8'> node index is 537
train linear regression time:  0.05572216724976897
(average_diff:0.0020457699884114944, max_diff:0.0027352681033118165, training_epochs:500, lr:0.05)
<_io.TextIOWrapper name='<stderr>' mode='w' encoding='utf-8'> node index is 531
train linear regression time:  0.054606332909315825
(average_diff:7.336015128700524e-11, max_diff:1.1459627691223773e-10, training_epochs:500, lr:0.05)
<_io.TextIOWrapper name='<stderr>' mode='w' encoding='utf-8'> node index is 521
train linear regression time:  0.05448749987408519
(average_diff:0.005383493539055882, max_diff:0.008420965156075697, training_epochs:500, lr:0.05)
<_io.TextIOWrapper name='<stderr>' mode='w' encoding='utf-8'> node index is 511
train linear regression time:  0.0537748746573925
(average_diff:5.828670879282072e-16, max_diff:7.771561172376096e-16, training_epochs:500, lr:0.05)
<_io.TextIOWrapper name='<stderr>' mode='w' encoding='utf-8'> node index is 473
train linear regression time:  0.05402412498369813
(average_diff:2.8449465006019636e-16, max_diff:3.7470027081099033e-16, training_epochs:500, lr:0.05)
<_io.TextIOWrapper name='<stderr>' mode='w' encoding='utf-8'> node index is 471
train linear regression time:  0.05308591667562723
(average_diff:1.2073675392798577e-15, max_diff:1.304512053934559e-15, training_epochs:500, lr:0.05)
<_io.TextIOWrapper name='<stderr>' mode='w' encoding='utf-8'> node index is 467
train linear regression time:  0.0524807907640934
(average_diff:0.0016498285309390452, max_diff:0.002924180653171876, training_epochs:500, lr:0.05)
<_io.TextIOWrapper name='<stderr>' mode='w' encoding='utf-8'> node index is 461
train linear regression time:  0.0521958339959383
(average_diff:0.02710491829532663, max_diff:0.0672146540638544, training_epochs:500, lr:0.05)
<_io.TextIOWrapper name='<stderr>' mode='w' encoding='utf-8'> node index is 457
train linear regression time:  0.055623999796807766
(average_diff:3.3306690738754696e-16, max_diff:3.3306690738754696e-16, training_epochs:500, lr:0.05)
<_io.TextIOWrapper name='<stderr>' mode='w' encoding='utf-8'> node index is 449
train linear regression time:  0.056337999645620584
(average_diff:2.5673907444456745e-16, max_diff:4.0245584642661925e-16, training_epochs:500, lr:0.05)
<_io.TextIOWrapper name='<stderr>' mode='w' encoding='utf-8'> node index is 445
train linear regression time:  0.06013791589066386
(average_diff:0.008285139872877859, max_diff:0.015489802743304665, training_epochs:500, lr:0.05)
<_io.TextIOWrapper name='<stderr>' mode='w' encoding='utf-8'> node index is 433
train linear regression time:  0.060394625179469585
(average_diff:0.00018542783965617518, max_diff:0.0002750496404274605, training_epochs:500, lr:0.05)
<_io.TextIOWrapper name='<stderr>' mode='w' encoding='utf-8'> node index is 427
train linear regression time:  0.06472012493759394
(average_diff:1.1102230246251565e-16, max_diff:1.6653345369377348e-16, training_epochs:500, lr:0.05)
<_io.TextIOWrapper name='<stderr>' mode='w' encoding='utf-8'> node index is 599
train linear regression time:  0.06047175033017993
(average_diff:2.3245294578089215e-16, max_diff:2.914335439641036e-16, training_epochs:500, lr:0.05)
<_io.TextIOWrapper name='<stderr>' mode='w' encoding='utf-8'> node index is 597
train linear regression time:  0.06005666684359312
(average_diff:0.01045412531552995, max_diff:0.01588438617482016, training_epochs:500, lr:0.05)
<_io.TextIOWrapper name='<stderr>' mode='w' encoding='utf-8'> node index is 595
train linear regression time:  0.05929908389225602
(average_diff:5.551115123125783e-17, max_diff:5.551115123125783e-17, training_epochs:500, lr:0.05)
<_io.TextIOWrapper name='<stderr>' mode='w' encoding='utf-8'> node index is 593
train linear regression time:  0.06039766687899828
(average_diff:2.9776597854080933e-12, max_diff:3.098632461728812e-12, training_epochs:500, lr:0.05)
<_io.TextIOWrapper name='<stderr>' mode='w' encoding='utf-8'> node index is 589
train linear regression time:  0.05927345808595419
(average_diff:5.551115123125783e-17, max_diff:5.551115123125783e-17, training_epochs:500, lr:0.05)
<_io.TextIOWrapper name='<stderr>' mode='w' encoding='utf-8'> node index is 583
train linear regression time:  0.06070675002411008
(average_diff:1.6895281470160248e-13, max_diff:2.6489921367556235e-13, training_epochs:500, lr:0.05)
<_io.TextIOWrapper name='<stderr>' mode='w' encoding='utf-8'> node index is 573
train linear regression time:  0.06059587514027953
(average_diff:0.00013794935075283252, max_diff:0.00021065192212660344, training_epochs:500, lr:0.05)
<_io.TextIOWrapper name='<stderr>' mode='w' encoding='utf-8'> node index is 563
train linear regression time:  0.05982120893895626
(average_diff:5.415706025487429e-07, max_diff:7.372951203732381e-07, training_epochs:500, lr:0.05)
<_io.TextIOWrapper name='<stderr>' mode='w' encoding='utf-8'> node index is 551
train linear regression time:  0.05782325007021427
(average_diff:5.551115123125783e-17, max_diff:5.551115123125783e-17, training_epochs:500, lr:0.05)
<_io.TextIOWrapper name='<stderr>' mode='w' encoding='utf-8'> node index is 545
train linear regression time:  0.05589541606605053
(average_diff:1.4988562028639407e-05, max_diff:2.425250846183058e-05, training_epochs:500, lr:0.05)
<_io.TextIOWrapper name='<stderr>' mode='w' encoding='utf-8'> node index is 369
train linear regression time:  0.058782000094652176
(average_diff:0.007559102061038048, max_diff:0.014888967809761233, training_epochs:500, lr:0.05)
<_io.TextIOWrapper name='<stderr>' mode='w' encoding='utf-8'> node index is 355
train linear regression time:  0.05490958411246538
(average_diff:0.02043980210672881, max_diff:0.03977627438546544, training_epochs:500, lr:0.05)
<_io.TextIOWrapper name='<stderr>' mode='w' encoding='utf-8'> node index is 341
train linear regression time:  0.05232525011524558
(average_diff:0.08119255262736945, max_diff:0.19125890983970303, training_epochs:500, lr:0.05)
<_io.TextIOWrapper name='<stderr>' mode='w' encoding='utf-8'> node index is 329
train linear regression time:  0.053077083081007004
(average_diff:0.007476226785122933, max_diff:0.015485781584157254, training_epochs:500, lr:0.05)
<_io.TextIOWrapper name='<stderr>' mode='w' encoding='utf-8'> node index is 317
train linear regression time:  0.05456929188221693
(average_diff:0.06636312018104976, max_diff:0.21423789808892188, training_epochs:500, lr:0.05)
<_io.TextIOWrapper name='<stderr>' mode='w' encoding='utf-8'> node index is 305
train linear regression time:  0.052541582845151424
(average_diff:1.339206523454095e-15, max_diff:1.3461454173580023e-15, training_epochs:500, lr:0.05)
<_io.TextIOWrapper name='<stderr>' mode='w' encoding='utf-8'> node index is 289
train linear regression time:  0.05259216669946909
(average_diff:0.005941677205062686, max_diff:0.011556850652447936, training_epochs:500, lr:0.05)
<_io.TextIOWrapper name='<stderr>' mode='w' encoding='utf-8'> node index is 257
train linear regression time:  0.05421462515369058
(average_diff:0.06791979005317117, max_diff:0.13873851329387388, training_epochs:500, lr:0.05)
<_io.TextIOWrapper name='<stderr>' mode='w' encoding='utf-8'> node index is 243
train linear regression time:  0.05535666598007083
(average_diff:0.011254159594257416, max_diff:0.017141557542722813, training_epochs:500, lr:0.05)
<_io.TextIOWrapper name='<stderr>' mode='w' encoding='utf-8'> node index is 231
train linear regression time:  0.05537245888262987
(average_diff:0.09025138268507985, max_diff:0.18995723793624494, training_epochs:500, lr:0.05)
<_io.TextIOWrapper name='<stderr>' mode='w' encoding='utf-8'> node index is 217
train linear regression time:  0.053744124714285135
(average_diff:0.02171112707518216, max_diff:0.04267473218137263, training_epochs:500, lr:0.05)
<_io.TextIOWrapper name='<stderr>' mode='w' encoding='utf-8'> node index is 275
train linear regression time:  0.053896290715783834
(average_diff:0.012505984942741244, max_diff:0.025513300977850983, training_epochs:500, lr:0.05)
<_io.TextIOWrapper name='<stderr>' mode='w' encoding='utf-8'> node index is 259
train linear regression time:  0.05666337534785271
(average_diff:0.04260670641337266, max_diff:0.07773925950581895, training_epochs:500, lr:0.05)
<_io.TextIOWrapper name='<stderr>' mode='w' encoding='utf-8'> node index is 245
train linear regression time:  0.054318333975970745
(average_diff:0.03221043278683227, max_diff:0.1623490194169251, training_epochs:500, lr:0.05)
<_io.TextIOWrapper name='<stderr>' mode='w' encoding='utf-8'> node index is 233
train linear regression time:  0.052591666113585234
(average_diff:4.272766476587364e-05, max_diff:8.642440425093989e-05, training_epochs:500, lr:0.05)
<_io.TextIOWrapper name='<stderr>' mode='w' encoding='utf-8'> node index is 219
train linear regression time:  0.05359712475910783
(average_diff:0.005875762656299544, max_diff:0.013183836678529848, training_epochs:500, lr:0.05)
<_io.TextIOWrapper name='<stderr>' mode='w' encoding='utf-8'> node index is 205
train linear regression time:  0.05560674984008074
(average_diff:0.02163533220930091, max_diff:0.05657330734608823, training_epochs:500, lr:0.05)
<_io.TextIOWrapper name='<stderr>' mode='w' encoding='utf-8'> node index is 197
train linear regression time:  0.05476495809853077
(average_diff:0.03088903957245849, max_diff:0.09278389821373617, training_epochs:500, lr:0.05)
<_io.TextIOWrapper name='<stderr>' mode='w' encoding='utf-8'> node index is 189
train linear regression time:  0.05347000015899539
(average_diff:0.0382523465441137, max_diff:0.17760451217313888, training_epochs:500, lr:0.05)
<_io.TextIOWrapper name='<stderr>' mode='w' encoding='utf-8'> node index is 181
train linear regression time:  0.053829916287213564
(average_diff:0.025626201590363995, max_diff:0.06304090177899613, training_epochs:500, lr:0.05)
<_io.TextIOWrapper name='<stderr>' mode='w' encoding='utf-8'> node index is 173
train linear regression time:  0.051998209208250046
(average_diff:0.018882839576438906, max_diff:0.0473896975438548, training_epochs:500, lr:0.05)
<_io.TextIOWrapper name='<stderr>' mode='w' encoding='utf-8'> node index is 163
train linear regression time:  0.0536429169587791
(average_diff:0.0, max_diff:0.0, training_epochs:500, lr:0.05)
<_io.TextIOWrapper name='<stderr>' mode='w' encoding='utf-8'> node index is 153
train linear regression time:  0.054130416829138994
(average_diff:3.451864938192051e-07, max_diff:6.619152265185946e-07, training_epochs:500, lr:0.05)
<_io.TextIOWrapper name='<stderr>' mode='w' encoding='utf-8'> node index is 221
train linear regression time:  0.053312165662646294
(average_diff:0.12077060694161947, max_diff:0.33775791505216624, training_epochs:500, lr:0.05)
<_io.TextIOWrapper name='<stderr>' mode='w' encoding='utf-8'> node index is 207
train linear regression time:  0.060577666852623224
(average_diff:0.15690523051107638, max_diff:0.6616472509389366, training_epochs:500, lr:0.05)
<_io.TextIOWrapper name='<stderr>' mode='w' encoding='utf-8'> node index is 165
train linear regression time:  0.0648622908629477
(average_diff:0.12303159948558832, max_diff:0.30828471164597687, training_epochs:500, lr:0.05)
<_io.TextIOWrapper name='<stderr>' mode='w' encoding='utf-8'> node index is 155
train linear regression time:  0.05998783418908715
(average_diff:0.1578461373878447, max_diff:0.27140566063252725, training_epochs:500, lr:0.05)
<_io.TextIOWrapper name='<stderr>' mode='w' encoding='utf-8'> node index is 149
train linear regression time:  0.05747795896604657
(average_diff:0.047018333277084635, max_diff:0.14466111727947986, training_epochs:500, lr:0.05)
<_io.TextIOWrapper name='<stderr>' mode='w' encoding='utf-8'> node index is 147
train linear regression time:  0.05986416665837169
(average_diff:0.049821983112351885, max_diff:0.16881092374177198, training_epochs:500, lr:0.05)
<_io.TextIOWrapper name='<stderr>' mode='w' encoding='utf-8'> node index is 143
train linear regression time:  0.06056495802477002
(average_diff:0.034174190177459714, max_diff:0.09326433302834469, training_epochs:500, lr:0.05)
<_io.TextIOWrapper name='<stderr>' mode='w' encoding='utf-8'> node index is 137
train linear regression time:  0.056055666878819466
(average_diff:0.0454563447872669, max_diff:0.14848843931281264, training_epochs:500, lr:0.05)
<_io.TextIOWrapper name='<stderr>' mode='w' encoding='utf-8'> node index is 131
train linear regression time:  0.06233175005763769
(average_diff:0.029470614413832048, max_diff:0.0675140951452638, training_epochs:500, lr:0.05)
<_io.TextIOWrapper name='<stderr>' mode='w' encoding='utf-8'> node index is 123
train linear regression time:  0.05613695830106735
(average_diff:0.03402064804013608, max_diff:0.1063655627351463, training_epochs:500, lr:0.05)
<_io.TextIOWrapper name='<stderr>' mode='w' encoding='utf-8'> node index is 113
train linear regression time:  0.056534749921411276
(average_diff:0.09314256072935478, max_diff:0.5693194943662448, training_epochs:500, lr:0.05)
<_io.TextIOWrapper name='<stderr>' mode='w' encoding='utf-8'> node index is 103
train linear regression time:  0.05572033394128084
(average_diff:0.04325241593737444, max_diff:0.17544611402960397, training_epochs:500, lr:0.05)
<_io.TextIOWrapper name='<stderr>' mode='w' encoding='utf-8'> node index is 93
train linear regression time:  0.05542762530967593
(average_diff:0.023357417350141588, max_diff:0.08916187624124902, training_epochs:500, lr:0.05)
<_io.TextIOWrapper name='<stderr>' mode='w' encoding='utf-8'> node index is 139
train linear regression time:  0.05407370813190937
(average_diff:0.06188762402554728, max_diff:0.21170655582719988, training_epochs:500, lr:0.05)
<_io.TextIOWrapper name='<stderr>' mode='w' encoding='utf-8'> node index is 133
train linear regression time:  0.05319941695779562
(average_diff:0.03550284151343325, max_diff:0.2094694822271192, training_epochs:500, lr:0.05)
<_io.TextIOWrapper name='<stderr>' mode='w' encoding='utf-8'> node index is 125
train linear regression time:  0.0535770826973021
(average_diff:0.08072873238737067, max_diff:0.2920215244291444, training_epochs:500, lr:0.05)
<_io.TextIOWrapper name='<stderr>' mode='w' encoding='utf-8'> node index is 115
train linear regression time:  0.05331429187208414
(average_diff:0.07464855203773414, max_diff:0.2841406337959531, training_epochs:500, lr:0.05)
<_io.TextIOWrapper name='<stderr>' mode='w' encoding='utf-8'> node index is 105
train linear regression time:  0.05286866705864668
(average_diff:0.06167713960531239, max_diff:0.19507435263404038, training_epochs:500, lr:0.05)
<_io.TextIOWrapper name='<stderr>' mode='w' encoding='utf-8'> node index is 95
train linear regression time:  0.056841874960809946
(average_diff:0.06967269322250397, max_diff:0.2466292583439576, training_epochs:500, lr:0.05)
<_io.TextIOWrapper name='<stderr>' mode='w' encoding='utf-8'> node index is 85
train linear regression time:  0.05890033394098282
(average_diff:0.08067951440376721, max_diff:0.24789713584840062, training_epochs:500, lr:0.05)
<_io.TextIOWrapper name='<stderr>' mode='w' encoding='utf-8'> node index is 79
train linear regression time:  0.0579236657358706
(average_diff:0.1033747565183529, max_diff:0.4258123174855389, training_epochs:500, lr:0.05)
<_io.TextIOWrapper name='<stderr>' mode='w' encoding='utf-8'> node index is 73
train linear regression time:  0.061765792313963175
(average_diff:0.07607353171920551, max_diff:0.3544069323696086, training_epochs:500, lr:0.05)
<_io.TextIOWrapper name='<stderr>' mode='w' encoding='utf-8'> node index is 65
train linear regression time:  0.05406637489795685
(average_diff:0.0, max_diff:0.0, training_epochs:500, lr:0.05)
<_io.TextIOWrapper name='<stderr>' mode='w' encoding='utf-8'> node index is 575
train linear regression time:  0.05578445876017213
(average_diff:1.1102230246251565e-16, max_diff:1.1102230246251565e-16, training_epochs:500, lr:0.05)
<_io.TextIOWrapper name='<stderr>' mode='w' encoding='utf-8'> node index is 565
train linear regression time:  0.053218916058540344
(average_diff:0.0003479834767358275, max_diff:0.0007235340790823219, training_epochs:500, lr:0.05)
<_io.TextIOWrapper name='<stderr>' mode='w' encoding='utf-8'> node index is 557
train linear regression time:  0.05182770825922489
(average_diff:0.0, max_diff:0.0, training_epochs:500, lr:0.05)
<_io.TextIOWrapper name='<stderr>' mode='w' encoding='utf-8'> node index is 553
train linear regression time:  0.05208283383399248
(average_diff:5.034338446119335e-09, max_diff:5.10656017471689e-09, training_epochs:500, lr:0.05)
<_io.TextIOWrapper name='<stderr>' mode='w' encoding='utf-8'> node index is 539
train linear regression time:  0.05149887502193451
(average_diff:1.0348106984081618e-05, max_diff:1.6695524969301268e-05, training_epochs:500, lr:0.05)
<_io.TextIOWrapper name='<stderr>' mode='w' encoding='utf-8'> node index is 523
train linear regression time:  0.0544189577922225
(average_diff:1.942890293094024e-16, max_diff:1.942890293094024e-16, training_epochs:500, lr:0.05)
<_io.TextIOWrapper name='<stderr>' mode='w' encoding='utf-8'> node index is 513
train linear regression time:  0.0552813746035099
(average_diff:0.0, max_diff:0.0, training_epochs:500, lr:0.05)
<_io.TextIOWrapper name='<stderr>' mode='w' encoding='utf-8'> node index is 505
train linear regression time:  0.05380508303642273
(average_diff:1.609823385706477e-15, max_diff:2.1649348980190553e-15, training_epochs:500, lr:0.05)
<_io.TextIOWrapper name='<stderr>' mode='w' encoding='utf-8'> node index is 495
train linear regression time:  0.0521447085775435
(average_diff:0.02884035692066783, max_diff:0.07162168120105104, training_epochs:500, lr:0.05)
<_io.TextIOWrapper name='<stderr>' mode='w' encoding='utf-8'> node index is 487
train linear regression time:  0.0549943340010941
(average_diff:0.08841355467425273, max_diff:0.5610607960261884, training_epochs:500, lr:0.05)
<_io.TextIOWrapper name='<stderr>' mode='w' encoding='utf-8'> node index is 47
train linear regression time:  0.05936808278784156
(average_diff:8.00285763583967e-16, max_diff:2.0122792321330962e-15, training_epochs:500, lr:0.05)
<_io.TextIOWrapper name='<stderr>' mode='w' encoding='utf-8'> node index is 397
train linear regression time:  0.053585624787956476
(average_diff:0.08690763385655267, max_diff:0.19021193359683294, training_epochs:500, lr:0.05)
<_io.TextIOWrapper name='<stderr>' mode='w' encoding='utf-8'> node index is 383
train linear regression time:  0.054050332866609097
(average_diff:0.0055854717840284245, max_diff:0.007984856288712844, training_epochs:500, lr:0.05)
<_io.TextIOWrapper name='<stderr>' mode='w' encoding='utf-8'> node index is 371
train linear regression time:  0.05179704213514924
(average_diff:0.18057415785281783, max_diff:0.4967330936610228, training_epochs:500, lr:0.05)
<_io.TextIOWrapper name='<stderr>' mode='w' encoding='utf-8'> node index is 357
train linear regression time:  0.0523461252450943
(average_diff:0.08657724617131032, max_diff:0.22687560478601287, training_epochs:500, lr:0.05)
<_io.TextIOWrapper name='<stderr>' mode='w' encoding='utf-8'> node index is 343
train linear regression time:  0.05215162504464388
(average_diff:0.19057830538400994, max_diff:0.40176590257078815, training_epochs:500, lr:0.05)
<_io.TextIOWrapper name='<stderr>' mode='w' encoding='utf-8'> node index is 331
train linear regression time:  0.0518800001591444
(average_diff:0.0055649396776763504, max_diff:0.011005042565922718, training_epochs:500, lr:0.05)
<_io.TextIOWrapper name='<stderr>' mode='w' encoding='utf-8'> node index is 319
train linear regression time:  0.05228350032120943
(average_diff:0.17617326665281588, max_diff:0.5237692563263818, training_epochs:500, lr:0.05)
<_io.TextIOWrapper name='<stderr>' mode='w' encoding='utf-8'> node index is 307
train linear regression time:  0.05426204111427069
(average_diff:0.00016596620091646752, max_diff:0.00025109088983099603, training_epochs:500, lr:0.05)
<_io.TextIOWrapper name='<stderr>' mode='w' encoding='utf-8'> node index is 293
train linear regression time:  0.054053083062171936
(average_diff:0.017409041773862738, max_diff:0.03416438283186607, training_epochs:500, lr:0.05)
<_io.TextIOWrapper name='<stderr>' mode='w' encoding='utf-8'> node index is 277
train linear regression time:  0.057983375154435635
(average_diff:0.00655296838171656, max_diff:0.013314355204670975, training_epochs:500, lr:0.05)
<_io.TextIOWrapper name='<stderr>' mode='w' encoding='utf-8'> node index is 261
train linear regression time:  0.0643768748268485
(average_diff:0.09128104536829425, max_diff:0.18258205500955982, training_epochs:500, lr:0.05)
<_io.TextIOWrapper name='<stderr>' mode='w' encoding='utf-8'> node index is 247
train linear regression time:  0.06283187493681908
(average_diff:0.022311953445754554, max_diff:0.040144568614784326, training_epochs:500, lr:0.05)
<_io.TextIOWrapper name='<stderr>' mode='w' encoding='utf-8'> node index is 533
train linear regression time:  0.061848083045333624
(average_diff:0.00032870736898300834, max_diff:0.0006274687323787331, training_epochs:500, lr:0.05)
<_io.TextIOWrapper name='<stderr>' mode='w' encoding='utf-8'> node index is 525
train linear regression time:  0.06054695788770914
(average_diff:3.3306690738754696e-16, max_diff:3.3306690738754696e-16, training_epochs:500, lr:0.05)
<_io.TextIOWrapper name='<stderr>' mode='w' encoding='utf-8'> node index is 515
train linear regression time:  0.05914470925927162
(average_diff:6.938893903907228e-17, max_diff:6.938893903907228e-17, training_epochs:500, lr:0.05)
<_io.TextIOWrapper name='<stderr>' mode='w' encoding='utf-8'> node index is 503
train linear regression time:  0.05638645822182298
(average_diff:0.08407126090955419, max_diff:0.11522115800041038, training_epochs:500, lr:0.05)
<_io.TextIOWrapper name='<stderr>' mode='w' encoding='utf-8'> node index is 497
train linear regression time:  0.05595954181626439
(average_diff:2.7755575615628914e-17, max_diff:2.7755575615628914e-17, training_epochs:500, lr:0.05)
<_io.TextIOWrapper name='<stderr>' mode='w' encoding='utf-8'> node index is 489
train linear regression time:  0.055332708172500134
(average_diff:0.0, max_diff:0.0, training_epochs:500, lr:0.05)
<_io.TextIOWrapper name='<stderr>' mode='w' encoding='utf-8'> node index is 483
train linear regression time:  0.054814291186630726
(average_diff:5.551115123125783e-17, max_diff:5.551115123125783e-17, training_epochs:500, lr:0.05)
<_io.TextIOWrapper name='<stderr>' mode='w' encoding='utf-8'> node index is 479
train linear regression time:  0.05865487502887845
(average_diff:0.01875995859844401, max_diff:0.037451566945002956, training_epochs:500, lr:0.05)
<_io.TextIOWrapper name='<stderr>' mode='w' encoding='utf-8'> node index is 463
train linear regression time:  0.058747791685163975
(average_diff:0.0063053077773825295, max_diff:0.011445481011594927, training_epochs:500, lr:0.05)
<_io.TextIOWrapper name='<stderr>' mode='w' encoding='utf-8'> node index is 459
train linear regression time:  0.05460733314976096
(average_diff:4.996003610813204e-16, max_diff:5.551115123125783e-16, training_epochs:500, lr:0.05)
<_io.TextIOWrapper name='<stderr>' mode='w' encoding='utf-8'> node index is 451
train linear regression time:  0.054341666866093874
(average_diff:1.1102230246251565e-16, max_diff:1.1102230246251565e-16, training_epochs:500, lr:0.05)
<_io.TextIOWrapper name='<stderr>' mode='w' encoding='utf-8'> node index is 439
train linear regression time:  0.0543248332105577
(average_diff:0.008224179461186846, max_diff:0.017946612964890862, training_epochs:500, lr:0.05)
<_io.TextIOWrapper name='<stderr>' mode='w' encoding='utf-8'> node index is 437
train linear regression time:  0.057118583004921675
(average_diff:0.03116418020557649, max_diff:0.06805567264193818, training_epochs:500, lr:0.05)
<_io.TextIOWrapper name='<stderr>' mode='w' encoding='utf-8'> node index is 117
train linear regression time:  0.058468999806791544
(average_diff:0.02122190960403332, max_diff:0.06285984217707792, training_epochs:500, lr:0.05)
<_io.TextIOWrapper name='<stderr>' mode='w' encoding='utf-8'> node index is 107
train linear regression time:  0.058371624909341335
(average_diff:0.034945619314121844, max_diff:0.15151627022566233, training_epochs:500, lr:0.05)
<_io.TextIOWrapper name='<stderr>' mode='w' encoding='utf-8'> node index is 97
train linear regression time:  0.05826066620647907
(average_diff:0.04883656589252206, max_diff:0.16136390736437256, training_epochs:500, lr:0.05)
<_io.TextIOWrapper name='<stderr>' mode='w' encoding='utf-8'> node index is 87
train linear regression time:  0.05790812522172928
(average_diff:0.05859016587037674, max_diff:0.31765586661848955, training_epochs:500, lr:0.05)
<_io.TextIOWrapper name='<stderr>' mode='w' encoding='utf-8'> node index is 81
train linear regression time:  0.06542645767331123
(average_diff:0.0716082832642079, max_diff:0.2835332822452534, training_epochs:500, lr:0.05)
<_io.TextIOWrapper name='<stderr>' mode='w' encoding='utf-8'> node index is 75
train linear regression time:  0.06064370786771178
(average_diff:0.10729253475171951, max_diff:0.18010102221610524, training_epochs:500, lr:0.05)
<_io.TextIOWrapper name='<stderr>' mode='w' encoding='utf-8'> node index is 567
train linear regression time:  0.05707795824855566
(average_diff:8.326672684688674e-17, max_diff:1.3877787807814457e-16, training_epochs:500, lr:0.05)
<_io.TextIOWrapper name='<stderr>' mode='w' encoding='utf-8'> node index is 559
train linear regression time:  0.05759766697883606
(average_diff:3.0531133177191805e-16, max_diff:3.0531133177191805e-16, training_epochs:500, lr:0.05)
<_io.TextIOWrapper name='<stderr>' mode='w' encoding='utf-8'> node index is 555
train linear regression time:  0.05797408428043127
(average_diff:0.016073199446409243, max_diff:0.025633581834179298, training_epochs:500, lr:0.05)
<_io.TextIOWrapper name='<stderr>' mode='w' encoding='utf-8'> node index is 547
train linear regression time:  0.05755308410152793
(average_diff:1.1102230246251565e-16, max_diff:1.1102230246251565e-16, training_epochs:500, lr:0.05)
<_io.TextIOWrapper name='<stderr>' mode='w' encoding='utf-8'> node index is 527
train linear regression time:  0.0557156247086823
(average_diff:1.249000902703301e-16, max_diff:2.220446049250313e-16, training_epochs:500, lr:0.05)
<_io.TextIOWrapper name='<stderr>' mode='w' encoding='utf-8'> node index is 507
train linear regression time:  0.0553768752142787
(average_diff:0.16055204321214858, max_diff:0.5889513152123909, training_epochs:500, lr:0.05)
<_io.TextIOWrapper name='<stderr>' mode='w' encoding='utf-8'> node index is 59
train linear regression time:  0.06496550003066659
(average_diff:0.09188620171688901, max_diff:0.41048964112646763, training_epochs:500, lr:0.05)
<_io.TextIOWrapper name='<stderr>' mode='w' encoding='utf-8'> node index is 49
train linear regression time:  0.05846008379012346
(average_diff:1.1102230246251565e-16, max_diff:2.220446049250313e-16, training_epochs:500, lr:0.05)
<_io.TextIOWrapper name='<stderr>' mode='w' encoding='utf-8'> node index is 569
train linear regression time:  0.05881916685029864
(average_diff:1.1102230246251565e-16, max_diff:1.1102230246251565e-16, training_epochs:500, lr:0.05)
<_io.TextIOWrapper name='<stderr>' mode='w' encoding='utf-8'> node index is 561
train linear regression time:  0.05630879197269678
(average_diff:1.6653345369377348e-16, max_diff:1.6653345369377348e-16, training_epochs:500, lr:0.05)
<_io.TextIOWrapper name='<stderr>' mode='w' encoding='utf-8'> node index is 543
train linear regression time:  0.05804945807904005
(average_diff:5.273559366969494e-16, max_diff:5.551115123125783e-16, training_epochs:500, lr:0.05)
<_io.TextIOWrapper name='<stderr>' mode='w' encoding='utf-8'> node index is 535
train linear regression time:  0.05780258309096098
(average_diff:4.0877294604779735e-11, max_diff:6.834771637542758e-11, training_epochs:500, lr:0.05)
<_io.TextIOWrapper name='<stderr>' mode='w' encoding='utf-8'> node index is 529
train linear regression time:  0.058834667317569256
(average_diff:1.1102230246251565e-16, max_diff:1.1102230246251565e-16, training_epochs:500, lr:0.05)
<_io.TextIOWrapper name='<stderr>' mode='w' encoding='utf-8'> node index is 517
train linear regression time:  0.05650270823389292
(average_diff:7.216449660063518e-16, max_diff:7.771561172376096e-16, training_epochs:500, lr:0.05)
<_io.TextIOWrapper name='<stderr>' mode='w' encoding='utf-8'> node index is 509
train linear regression time:  0.057884291745722294
(average_diff:0.0, max_diff:0.0, training_epochs:500, lr:0.05)
<_io.TextIOWrapper name='<stderr>' mode='w' encoding='utf-8'> node index is 499
train linear regression time:  0.05577633297070861
(average_diff:2.8863931684404895e-06, max_diff:4.592863968366778e-06, training_epochs:500, lr:0.05)
<_io.TextIOWrapper name='<stderr>' mode='w' encoding='utf-8'> node index is 491
train linear regression time:  0.05911208409816027
(average_diff:0.003184024869255017, max_diff:0.005647949397507235, training_epochs:500, lr:0.05)
<_io.TextIOWrapper name='<stderr>' mode='w' encoding='utf-8'> node index is 385
train linear regression time:  0.057822542265057564
(average_diff:0.0001996159866767995, max_diff:0.000300124535368651, training_epochs:500, lr:0.05)
<_io.TextIOWrapper name='<stderr>' mode='w' encoding='utf-8'> node index is 373
train linear regression time:  0.05628950009122491
(average_diff:0.0, max_diff:0.0, training_epochs:500, lr:0.05)
<_io.TextIOWrapper name='<stderr>' mode='w' encoding='utf-8'> node index is 359
train linear regression time:  0.05479920795187354
(average_diff:0.07067348851772211, max_diff:0.21251032928683616, training_epochs:500, lr:0.05)
<_io.TextIOWrapper name='<stderr>' mode='w' encoding='utf-8'> node index is 345
train linear regression time:  0.05425854213535786
(average_diff:0.09294457841004489, max_diff:0.1800448466039858, training_epochs:500, lr:0.05)
<_io.TextIOWrapper name='<stderr>' mode='w' encoding='utf-8'> node index is 321
train linear regression time:  0.054771417286247015
(average_diff:0.06448857378738047, max_diff:0.10366493505804236, training_epochs:500, lr:0.05)
<_io.TextIOWrapper name='<stderr>' mode='w' encoding='utf-8'> node index is 295
train linear regression time:  0.05420379200950265
(average_diff:0.16641859938513892, max_diff:0.3108437268646329, training_epochs:500, lr:0.05)
<_io.TextIOWrapper name='<stderr>' mode='w' encoding='utf-8'> node index is 279
train linear regression time:  0.05818249983713031
(average_diff:1.5265566588595902e-15, max_diff:2.275957200481571e-15, training_epochs:500, lr:0.05)
<_io.TextIOWrapper name='<stderr>' mode='w' encoding='utf-8'> node index is 263
train linear regression time:  0.05636041611433029
(average_diff:0.021706167258955137, max_diff:0.0513829740627163, training_epochs:500, lr:0.05)
<_io.TextIOWrapper name='<stderr>' mode='w' encoding='utf-8'> node index is 249
train linear regression time:  0.05684979213401675
(average_diff:0.042248332819571445, max_diff:0.09010104494203458, training_epochs:500, lr:0.05)
<_io.TextIOWrapper name='<stderr>' mode='w' encoding='utf-8'> node index is 237
train linear regression time:  0.054463916923850775
(average_diff:0.01979408019891843, max_diff:0.04876333852582915, training_epochs:500, lr:0.05)
<_io.TextIOWrapper name='<stderr>' mode='w' encoding='utf-8'> node index is 265
train linear regression time:  0.053762208204716444
(average_diff:8.326672684688674e-17, max_diff:1.1102230246251565e-16, training_epochs:500, lr:0.05)
<_io.TextIOWrapper name='<stderr>' mode='w' encoding='utf-8'> node index is 251
train linear regression time:  0.058569165877997875
(average_diff:0.08841054186872968, max_diff:0.35826383723559035, training_epochs:500, lr:0.05)
<_io.TextIOWrapper name='<stderr>' mode='w' encoding='utf-8'> node index is 239
train linear regression time:  0.0607747919857502
(average_diff:0.06883100504876363, max_diff:0.16769720072208827, training_epochs:500, lr:0.05)
<_io.TextIOWrapper name='<stderr>' mode='w' encoding='utf-8'> node index is 223
train linear regression time:  0.05855000019073486
(average_diff:0.013517249809594992, max_diff:0.027726286764901298, training_epochs:500, lr:0.05)
<_io.TextIOWrapper name='<stderr>' mode='w' encoding='utf-8'> node index is 209
train linear regression time:  0.05936516681686044
(average_diff:0.08935569027417709, max_diff:0.16492833376785926, training_epochs:500, lr:0.05)
<_io.TextIOWrapper name='<stderr>' mode='w' encoding='utf-8'> node index is 199
train linear regression time:  0.05825658328831196
(average_diff:0.10436350250669993, max_diff:0.4013268872289445, training_epochs:500, lr:0.05)
<_io.TextIOWrapper name='<stderr>' mode='w' encoding='utf-8'> node index is 191
train linear regression time:  0.05852591572329402
(average_diff:0.05519095006144121, max_diff:0.12399820086211807, training_epochs:500, lr:0.05)
<_io.TextIOWrapper name='<stderr>' mode='w' encoding='utf-8'> node index is 183
train linear regression time:  0.06017345888540149
(average_diff:0.1125000945287805, max_diff:0.21675616829806887, training_epochs:500, lr:0.05)
<_io.TextIOWrapper name='<stderr>' mode='w' encoding='utf-8'> node index is 175
train linear regression time:  0.058142707683146
(average_diff:0.09119191105427536, max_diff:0.24283787252131467, training_epochs:500, lr:0.05)
<_io.TextIOWrapper name='<stderr>' mode='w' encoding='utf-8'> node index is 167
train linear regression time:  0.060957583133131266
(average_diff:0.05600128453642341, max_diff:0.11837195430673086, training_epochs:500, lr:0.05)
<_io.TextIOWrapper name='<stderr>' mode='w' encoding='utf-8'> node index is 157
train linear regression time:  0.059993166010826826
(average_diff:0.0, max_diff:0.0, training_epochs:500, lr:0.05)
<_io.TextIOWrapper name='<stderr>' mode='w' encoding='utf-8'> node index is 323
train linear regression time:  0.05864404095336795
(average_diff:1.1102230246251565e-16, max_diff:1.1102230246251565e-16, training_epochs:500, lr:0.05)
<_io.TextIOWrapper name='<stderr>' mode='w' encoding='utf-8'> node index is 309
train linear regression time:  0.056790541857481
(average_diff:0.08308524718555638, max_diff:0.17103445139598517, training_epochs:500, lr:0.05)
<_io.TextIOWrapper name='<stderr>' mode='w' encoding='utf-8'> node index is 297
train linear regression time:  0.054434957914054394
(average_diff:0.153553154560358, max_diff:0.2938986946700161, training_epochs:500, lr:0.05)
<_io.TextIOWrapper name='<stderr>' mode='w' encoding='utf-8'> node index is 283
train linear regression time:  0.060587499756366014
(average_diff:0.07463923283037828, max_diff:0.21166103285232007, training_epochs:500, lr:0.05)
<_io.TextIOWrapper name='<stderr>' mode='w' encoding='utf-8'> node index is 267
train linear regression time:  0.05915241735056043
(average_diff:0.16705029954338793, max_diff:0.6238060932608662, training_epochs:500, lr:0.05)
<_io.TextIOWrapper name='<stderr>' mode='w' encoding='utf-8'> node index is 225
train linear regression time:  0.059443207923322916
(average_diff:0.21867484246093472, max_diff:0.4160767324468576, training_epochs:500, lr:0.05)
<_io.TextIOWrapper name='<stderr>' mode='w' encoding='utf-8'> node index is 211
train linear regression time:  0.059276665560901165
(average_diff:0.12912881546991464, max_diff:0.31919532632033315, training_epochs:500, lr:0.05)
<_io.TextIOWrapper name='<stderr>' mode='w' encoding='utf-8'> node index is 185
train linear regression time:  0.05909925000742078
(average_diff:0.11697170094856556, max_diff:0.48701099960786287, training_epochs:500, lr:0.05)
<_io.TextIOWrapper name='<stderr>' mode='w' encoding='utf-8'> node index is 177
train linear regression time:  0.05868870811536908
(average_diff:0.17406887274035754, max_diff:0.5064873464507975, training_epochs:500, lr:0.05)
<_io.TextIOWrapper name='<stderr>' mode='w' encoding='utf-8'> node index is 169
train linear regression time:  0.07951283408328891
(average_diff:0.008430287805767833, max_diff:0.015899376196207016, training_epochs:500, lr:0.05)
<_io.TextIOWrapper name='<stderr>' mode='w' encoding='utf-8'> node index is 159
train linear regression time:  0.06400483287870884
(average_diff:0.09676127499436007, max_diff:0.22491229616911856, training_epochs:500, lr:0.05)
<_io.TextIOWrapper name='<stderr>' mode='w' encoding='utf-8'> node index is 151
train linear regression time:  0.060071291867643595
(average_diff:0.03937246711465225, max_diff:0.09385069771024784, training_epochs:500, lr:0.05)
<_io.TextIOWrapper name='<stderr>' mode='w' encoding='utf-8'> node index is 135
train linear regression time:  0.057975083123892546
(average_diff:0.05198218567678979, max_diff:0.09939392206671038, training_epochs:500, lr:0.05)
<_io.TextIOWrapper name='<stderr>' mode='w' encoding='utf-8'> node index is 129
train linear regression time:  0.05274270800873637
(average_diff:0.03489846508455799, max_diff:0.13224135127956577, training_epochs:500, lr:0.05)
<_io.TextIOWrapper name='<stderr>' mode='w' encoding='utf-8'> node index is 119
train linear regression time:  0.053691959008574486
(average_diff:0.03835610479684894, max_diff:0.10888506188435221, training_epochs:500, lr:0.05)
<_io.TextIOWrapper name='<stderr>' mode='w' encoding='utf-8'> node index is 109
train linear regression time:  0.05411250004544854
(average_diff:0.039635317730019125, max_diff:0.1860074525250493, training_epochs:500, lr:0.05)
<_io.TextIOWrapper name='<stderr>' mode='w' encoding='utf-8'> node index is 99
train linear regression time:  0.06090883305296302
(average_diff:8.326672684688674e-17, max_diff:8.326672684688674e-17, training_epochs:500, lr:0.05)
<_io.TextIOWrapper name='<stderr>' mode='w' encoding='utf-8'> node index is 447
train linear regression time:  0.05754025001078844
(average_diff:0.02014505632299815, max_diff:0.041426649504315016, training_epochs:500, lr:0.05)
<_io.TextIOWrapper name='<stderr>' mode='w' encoding='utf-8'> node index is 441
train linear regression time:  0.05551362503319979
(average_diff:0.012745313696620691, max_diff:0.029986768549272652, training_epochs:500, lr:0.05)
<_io.TextIOWrapper name='<stderr>' mode='w' encoding='utf-8'> node index is 435
train linear regression time:  0.056340417359024286
(average_diff:5.551115123125783e-17, max_diff:5.551115123125783e-17, training_epochs:500, lr:0.05)
<_io.TextIOWrapper name='<stderr>' mode='w' encoding='utf-8'> node index is 429
train linear regression time:  0.05580708431079984
(average_diff:2.627527824946204e-15, max_diff:3.83026943495679e-15, training_epochs:500, lr:0.05)
<_io.TextIOWrapper name='<stderr>' mode='w' encoding='utf-8'> node index is 421
train linear regression time:  0.053955165669322014
(average_diff:0.006474864643658933, max_diff:0.1657000632061701, training_epochs:500, lr:0.05)
<_io.TextIOWrapper name='<stderr>' mode='w' encoding='utf-8'> node index is 69
train linear regression time:  0.06331200012937188
(average_diff:0.06997946445240431, max_diff:0.24861415424616318, training_epochs:500, lr:0.05)
<_io.TextIOWrapper name='<stderr>' mode='w' encoding='utf-8'> node index is 61
train linear regression time:  0.05473216716200113
(average_diff:0.08943934479924227, max_diff:0.46175710567415085, training_epochs:500, lr:0.05)
<_io.TextIOWrapper name='<stderr>' mode='w' encoding='utf-8'> node index is 53
train linear regression time:  0.05274104233831167
(average_diff:0.020711290767435414, max_diff:0.03682954249177778, training_epochs:500, lr:0.05)
<_io.TextIOWrapper name='<stderr>' mode='w' encoding='utf-8'> node index is 401
train linear regression time:  0.05200849985703826
(average_diff:1.914323314218998e-08, max_diff:2.9457303304947224e-08, training_epochs:500, lr:0.05)
<_io.TextIOWrapper name='<stderr>' mode='w' encoding='utf-8'> node index is 387
train linear regression time:  0.05174970906227827
(average_diff:0.007812192196959183, max_diff:0.016929321174618428, training_epochs:500, lr:0.05)
<_io.TextIOWrapper name='<stderr>' mode='w' encoding='utf-8'> node index is 375
train linear regression time:  0.05116520915180445
(average_diff:1.1222738072191873e-08, max_diff:1.9341781953841064e-08, training_epochs:500, lr:0.05)
<_io.TextIOWrapper name='<stderr>' mode='w' encoding='utf-8'> node index is 361
train linear regression time:  0.055812583304941654
(average_diff:0.03165829588047124, max_diff:0.06658723661782334, training_epochs:500, lr:0.05)
<_io.TextIOWrapper name='<stderr>' mode='w' encoding='utf-8'> node index is 347
train linear regression time:  0.05601650010794401
(average_diff:0.17628830580636626, max_diff:0.2888004851826515, training_epochs:500, lr:0.05)
<_io.TextIOWrapper name='<stderr>' mode='w' encoding='utf-8'> node index is 311
train linear regression time:  0.05793970823287964
(average_diff:0.06025046617235267, max_diff:0.14268613310395317, training_epochs:500, lr:0.05)
<_io.TextIOWrapper name='<stderr>' mode='w' encoding='utf-8'> node index is 299
train linear regression time:  0.059913292061537504
(average_diff:0.11860714312491036, max_diff:0.37594560156027323, training_epochs:500, lr:0.05)
<_io.TextIOWrapper name='<stderr>' mode='w' encoding='utf-8'> node index is 285
train linear regression time:  0.06338529195636511
(average_diff:0.013870637085755259, max_diff:0.02812675685992333, training_epochs:500, lr:0.05)
<_io.TextIOWrapper name='<stderr>' mode='w' encoding='utf-8'> node index is 269
train linear regression time:  0.06518908403813839
(average_diff:1.2265133353395186e-11, max_diff:1.2680745342663613e-11, training_epochs:500, lr:0.05)
<_io.TextIOWrapper name='<stderr>' mode='w' encoding='utf-8'> node index is 415
train linear regression time:  0.06251337518915534
(average_diff:0.0003031600065206419, max_diff:0.0004401491842152827, training_epochs:500, lr:0.05)
<_io.TextIOWrapper name='<stderr>' mode='w' encoding='utf-8'> node index is 411
train linear regression time:  0.059772000182420015
(average_diff:2.3592239273284576e-16, max_diff:2.7755575615628914e-16, training_epochs:500, lr:0.05)
<_io.TextIOWrapper name='<stderr>' mode='w' encoding='utf-8'> node index is 403
train linear regression time:  0.06067749997600913
(average_diff:0.05817654703323922, max_diff:0.10685884126628195, training_epochs:500, lr:0.05)
<_io.TextIOWrapper name='<stderr>' mode='w' encoding='utf-8'> node index is 389
train linear regression time:  0.061459959018975496
(average_diff:0.024803924883226018, max_diff:0.06895624313013932, training_epochs:500, lr:0.05)
<_io.TextIOWrapper name='<stderr>' mode='w' encoding='utf-8'> node index is 377
train linear regression time:  0.06783833401277661
(average_diff:0.00038619771467753863, max_diff:0.0008567218816744604, training_epochs:500, lr:0.05)
<_io.TextIOWrapper name='<stderr>' mode='w' encoding='utf-8'> node index is 363
train linear regression time:  0.06361287506297231
(average_diff:0.06833886633600486, max_diff:0.10251702407785096, training_epochs:500, lr:0.05)
<_io.TextIOWrapper name='<stderr>' mode='w' encoding='utf-8'> node index is 349
train linear regression time:  0.05830070795491338
(average_diff:0.04441882540216411, max_diff:0.08648099560231132, training_epochs:500, lr:0.05)
<_io.TextIOWrapper name='<stderr>' mode='w' encoding='utf-8'> node index is 335
train linear regression time:  0.06004779087379575
(average_diff:0.003899829072722382, max_diff:0.006432990369062003, training_epochs:500, lr:0.05)
<_io.TextIOWrapper name='<stderr>' mode='w' encoding='utf-8'> node index is 325
train linear regression time:  0.057684917002916336
(average_diff:0.08945237295360979, max_diff:0.1878172665845944, training_epochs:500, lr:0.05)
<_io.TextIOWrapper name='<stderr>' mode='w' encoding='utf-8'> node index is 313
train linear regression time:  0.058032500091940165
(average_diff:0.0, max_diff:0.0, training_epochs:500, lr:0.05)
<_io.TextIOWrapper name='<stderr>' mode='w' encoding='utf-8'> node index is 443
train linear regression time:  0.056585084181278944
(average_diff:0.10107775701656516, max_diff:0.22047732751545035, training_epochs:500, lr:0.05)
<_io.TextIOWrapper name='<stderr>' mode='w' encoding='utf-8'> node index is 431
train linear regression time:  0.05995162483304739
(average_diff:5.551115123125783e-17, max_diff:5.551115123125783e-17, training_epochs:500, lr:0.05)
<_io.TextIOWrapper name='<stderr>' mode='w' encoding='utf-8'> node index is 425
train linear regression time:  0.05803425004705787
(average_diff:1.0607420367995482e-08, max_diff:1.553991130220922e-08, training_epochs:500, lr:0.05)
<_io.TextIOWrapper name='<stderr>' mode='w' encoding='utf-8'> node index is 419
train linear regression time:  0.05944466730579734
(average_diff:3.210507785548581e-11, max_diff:4.8172188460426923e-11, training_epochs:500, lr:0.05)
<_io.TextIOWrapper name='<stderr>' mode='w' encoding='utf-8'> node index is 413
train linear regression time:  0.05765108438208699
(average_diff:0.0037443324612302653, max_diff:0.007337998200407814, training_epochs:500, lr:0.05)
<_io.TextIOWrapper name='<stderr>' mode='w' encoding='utf-8'> node index is 405
train linear regression time:  0.05654004216194153
(average_diff:1.1102230246251565e-16, max_diff:1.1102230246251565e-16, training_epochs:500, lr:0.05)
<_io.TextIOWrapper name='<stderr>' mode='w' encoding='utf-8'> node index is 391
train linear regression time:  0.055031125433743
(average_diff:2.220446049250313e-16, max_diff:2.220446049250313e-16, training_epochs:500, lr:0.05)
<_io.TextIOWrapper name='<stderr>' mode='w' encoding='utf-8'> node index is 379
train linear regression time:  0.05497520789504051
(average_diff:0.0405455307183246, max_diff:0.13165253241738828, training_epochs:500, lr:0.05)
<_io.TextIOWrapper name='<stderr>' mode='w' encoding='utf-8'> node index is 365
train linear regression time:  0.05852016620337963
(average_diff:0.03174175374877755, max_diff:0.04704440570355506, training_epochs:500, lr:0.05)
<_io.TextIOWrapper name='<stderr>' mode='w' encoding='utf-8'> node index is 351
train linear regression time:  0.059266708325594664
(average_diff:2.914335439641036e-16, max_diff:3.0531133177191805e-16, training_epochs:500, lr:0.05)
<_io.TextIOWrapper name='<stderr>' mode='w' encoding='utf-8'> node index is 337
train linear regression time:  0.057928207796067
(average_diff:0.13393812179191167, max_diff:0.483132013242785, training_epochs:500, lr:0.05)
<_io.TextIOWrapper name='<stderr>' mode='w' encoding='utf-8'> node index is 393
train linear regression time:  0.059770832769572735
(average_diff:1.6653345369377348e-16, max_diff:2.220446049250313e-16, training_epochs:500, lr:0.05)
<_io.TextIOWrapper name='<stderr>' mode='w' encoding='utf-8'> node index is 301
train linear regression time:  0.05899591697379947
(average_diff:0.09994952055609053, max_diff:0.20700781071366992, training_epochs:500, lr:0.05)
<_io.TextIOWrapper name='<stderr>' mode='w' encoding='utf-8'> node index is 271
train linear regression time:  0.05686683300882578
(average_diff:0.0745668711598666, max_diff:0.18463436812395267, training_epochs:500, lr:0.05)
<_io.TextIOWrapper name='<stderr>' mode='w' encoding='utf-8'> node index is 253
train linear regression time:  0.05769954202696681
(average_diff:0.1795232174237864, max_diff:0.4415160866665707, training_epochs:500, lr:0.05)
<_io.TextIOWrapper name='<stderr>' mode='w' encoding='utf-8'> node index is 227
train linear regression time:  0.05945775005966425
(average_diff:0.16367663206338576, max_diff:0.345576565580561, training_epochs:500, lr:0.05)
<_io.TextIOWrapper name='<stderr>' mode='w' encoding='utf-8'> node index is 213
train linear regression time:  0.05890854215249419
(average_diff:0.05915270431823797, max_diff:0.13690823426303292, training_epochs:500, lr:0.05)
<_io.TextIOWrapper name='<stderr>' mode='w' encoding='utf-8'> node index is 201
train linear regression time:  0.06141729140654206
(average_diff:5.551115123125783e-17, max_diff:5.551115123125783e-17, training_epochs:500, lr:0.05)
<_io.TextIOWrapper name='<stderr>' mode='w' encoding='utf-8'> node index is 193
train linear regression time:  0.05616241693496704
(average_diff:0.01767268312214562, max_diff:0.059303935348752945, training_epochs:500, lr:0.05)
<_io.TextIOWrapper name='<stderr>' mode='w' encoding='utf-8'> node index is 187
train linear regression time:  0.05688025010749698
(average_diff:0.043679715938517674, max_diff:0.14120886679375644, training_epochs:500, lr:0.05)
<_io.TextIOWrapper name='<stderr>' mode='w' encoding='utf-8'> node index is 179
train linear regression time:  0.05860291700810194
(average_diff:5.551115123125783e-17, max_diff:5.551115123125783e-17, training_epochs:500, lr:0.05)
<_io.TextIOWrapper name='<stderr>' mode='w' encoding='utf-8'> node index is 171
train linear regression time:  0.06095699965953827
(average_diff:0.1203444108369949, max_diff:0.31658708450898304, training_epochs:500, lr:0.05)
<_io.TextIOWrapper name='<stderr>' mode='w' encoding='utf-8'> node index is 161
train linear regression time:  0.05832700012251735
(average_diff:1.0177044392397268e-15, max_diff:1.4988010832439613e-15, training_epochs:500, lr:0.05)
<_io.TextIOWrapper name='<stderr>' mode='w' encoding='utf-8'> node index is 367
train linear regression time:  0.059075374621897936
(average_diff:0.0, max_diff:0.0, training_epochs:500, lr:0.05)
<_io.TextIOWrapper name='<stderr>' mode='w' encoding='utf-8'> node index is 353
train linear regression time:  0.06069358391687274
(average_diff:2.220446049250313e-16, max_diff:2.220446049250313e-16, training_epochs:500, lr:0.05)
<_io.TextIOWrapper name='<stderr>' mode='w' encoding='utf-8'> node index is 339
train linear regression time:  0.06125825038179755
(average_diff:0.02612909755354794, max_diff:0.07916291883034554, training_epochs:500, lr:0.05)
<_io.TextIOWrapper name='<stderr>' mode='w' encoding='utf-8'> node index is 327
train linear regression time:  0.0600067088380456
(average_diff:0.028615624626338775, max_diff:0.11758485310792477, training_epochs:500, lr:0.05)
<_io.TextIOWrapper name='<stderr>' mode='w' encoding='utf-8'> node index is 315
train linear regression time:  0.05906450003385544
(average_diff:7.33392556021284e-05, max_diff:0.0001542041085562662, training_epochs:500, lr:0.05)
<_io.TextIOWrapper name='<stderr>' mode='w' encoding='utf-8'> node index is 303
train linear regression time:  0.06329579185694456
(average_diff:0.03928302080918785, max_diff:0.08327755930240699, training_epochs:500, lr:0.05)
<_io.TextIOWrapper name='<stderr>' mode='w' encoding='utf-8'> node index is 287
train linear regression time:  0.062064833007752895
(average_diff:0.053530334622963374, max_diff:0.12157766479633014, training_epochs:500, lr:0.05)
<_io.TextIOWrapper name='<stderr>' mode='w' encoding='utf-8'> node index is 273
train linear regression time:  0.059908750001341105
(average_diff:0.09507909907316806, max_diff:0.5158518645048153, training_epochs:500, lr:0.05)
<_io.TextIOWrapper name='<stderr>' mode='w' encoding='utf-8'> node index is 255
train linear regression time:  0.05893420893698931
(average_diff:7.50812782383814e-05, max_diff:0.00015540441441508346, training_epochs:500, lr:0.05)
<_io.TextIOWrapper name='<stderr>' mode='w' encoding='utf-8'> node index is 241
train linear regression time:  0.05724458256736398
(average_diff:0.1863942177458759, max_diff:0.45821404410209005, training_epochs:500, lr:0.05)
<_io.TextIOWrapper name='<stderr>' mode='w' encoding='utf-8'> node index is 229
train linear regression time:  0.05780841689556837
(average_diff:0.11917021577879564, max_diff:0.37992144519019644, training_epochs:500, lr:0.05)
<_io.TextIOWrapper name='<stderr>' mode='w' encoding='utf-8'> node index is 215
train linear regression time:  0.06049708276987076
(average_diff:0.04256800121209285, max_diff:0.09751549879095822, training_epochs:500, lr:0.05)
<_io.TextIOWrapper name='<stderr>' mode='w' encoding='utf-8'> node index is 203
train linear regression time:  0.056959917303174734
(average_diff:0.015541662578575154, max_diff:0.034972201889704624, training_epochs:500, lr:0.05)
<_io.TextIOWrapper name='<stderr>' mode='w' encoding='utf-8'> node index is 195
train linear regression time:  0.05824404116719961
(average_diff:0.1534766905987736, max_diff:0.3425956850407471, training_epochs:500, lr:0.05)
<_io.TextIOWrapper name='<stderr>' mode='w' encoding='utf-8'> node index is 7
train linear regression time:  0.05561795784160495
(average_diff:0.13509674640982464, max_diff:0.43698106867709696, training_epochs:500, lr:0.05)
<_io.TextIOWrapper name='<stderr>' mode='w' encoding='utf-8'> node index is 5
train linear regression time:  0.05496370792388916
testFringe time:  14.464271584060043
<_io.TextIOWrapper name='<stderr>' mode='w' encoding='utf-8'> =============== update finished ===============

*** Writing Game File 92***

<_io.TextIOWrapper name='../print_tree_record_numpy/print_DR_boost_linear_tree_split.txt' mode='w' encoding='UTF-8'> idx1(Q:0.3995, distinct_name:0, dictinctin_value:2.569683891588169, par:None)
	idx4(Q:0.4001, distinct_name:0, dictinctin_value:2.507749956207568, par:1)
		idx6(Q:0.4001, distinct_name:0, dictinctin_value:-0.050698982385153205, par:4)
			idx8(Q:0.4589, distinct_name:0, dictinctin_value:-0.5002368440471089, par:6)
				idx10(Q:0.5065, distinct_name:3, dictinctin_value:0.7373220788164561, par:8)
					idx12(Q:0.4812, distinct_name:1, dictinctin_value:0.8498558206992594, par:10)
						idx18(Q:0.4305, distinct_name:2, dictinctin_value:0.8559921607301466, par:12)
							idx24(Q:0.4243, distinct_name:0, dictinctin_value:-0.5901212893723445, par:18)
								idx30(Q:0.4318, distinct_name:2, dictinctin_value:0.5095422779981766, par:24)
									idx38(Q:0.4503, distinct_name:2, dictinctin_value:0.24909091887867726, par:30)
										idx44(Q:0.4793, distinct_name:2, dictinctin_value:-0.06052347242753761, par:38)
											idx54(Q:0.5249, distinct_name:2, dictinctin_value:-0.16873413911779458, par:44)
												idx62(Q:0.5492, distinct_name:2, dictinctin_value:-0.3117760123070312, par:54)
													idx70(Q:0.5933, distinct_name:2, dictinctin_value:-0.36929151673896154, par:62)
														idx76(Q:0.6200, distinct_name:2, dictinctin_value:-0.4513587540231024, par:70)
															idx82(Q:0.6557, distinct_name:2, dictinctin_value:-0.49926091712096626, par:76)
																idx90(Q:0.6722, distinct_name:2, dictinctin_value:-0.5261921216626007, par:82)
																	idx100(Q:0.6836, distinct_name:2, dictinctin_value:-0.5682634996789567, par:90)
																		idx110(Q:0.6999, distinct_name:2, dictinctin_value:-0.576514535000767, par:100)
																			idx120(Q:0.7031, par:110)
																			idx121(Q:0.3963, par:110)
																		idx111(Q:0.3635, par:100)
																	idx101(Q:0.3596, par:90)
																idx91(Q:0.3302, par:82)
															idx83(Q:0.2994, par:76)
														idx77(Q:0.2726, par:70)
													idx71(Q:0.2686, distinct_name:0, dictinctin_value:-0.603707487356605, par:62)
														idx602(Q:0.2711, par:71)
														idx603(Q:0.1432, par:71)
												idx63(Q:0.2211, par:54)
											idx55(Q:0.2431, distinct_name:0, dictinctin_value:-0.6476910175840919, par:44)
												idx464(Q:0.2464, distinct_name:3, dictinctin_value:0.6680194197252473, par:55)
													idx468(Q:0.2433, distinct_name:0, dictinctin_value:-0.6858015235311999, par:464)
														idx474(Q:0.2438, distinct_name:2, dictinctin_value:0.24031958562965672, par:468)
															idx480(Q:0.2423, distinct_name:2, dictinctin_value:0.22712878489931437, par:474)
																idx484(Q:0.2439, distinct_name:0, dictinctin_value:-0.6984661740702743, par:480)
																	idx492(Q:0.2421, distinct_name:2, dictinctin_value:0.2205862992769331, par:484)
																		idx500(Q:0.2418, distinct_name:1, dictinctin_value:0.7515347460969897, par:492)
																			idx518(Q:0.2411, par:500)
																			idx519(Q:0.2625, par:500)
																		idx501(Q:0.2751, par:492)
																	idx493(Q:0.3077, par:484)
																idx485(Q:0.1301, par:480)
															idx481(Q:0.2797, par:474)
														idx475(Q:0.1567, par:468)
													idx469(Q:0.3624, par:464)
												idx465(Q:0.1184, par:55)
										idx45(Q:0.2489, distinct_name:0, dictinctin_value:-0.6043607795061433, par:38)
											idx510(Q:0.2511, distinct_name:1, dictinctin_value:0.8144916165556727, par:45)
												idx520(Q:0.2448, distinct_name:1, dictinctin_value:0.7699133155688844, par:510)
													idx530(Q:0.2416, distinct_name:2, dictinctin_value:0.5073691095938268, par:520)
														idx536(Q:0.2412, distinct_name:0, dictinctin_value:-0.6190066933050004, par:530)
															idx548(Q:0.2401, distinct_name:0, dictinctin_value:-0.6463225202144014, par:536)
																idx570(Q:0.2392, distinct_name:0, dictinctin_value:-0.6564390430626009, par:548)
																	idx580(Q:0.2411, distinct_name:3, dictinctin_value:0.6572555751708343, par:570)
																		idx586(Q:0.2404, distinct_name:3, dictinctin_value:0.6217208412298194, par:580)
																			idx590(Q:0.2386, par:586)
																			idx591(Q:0.3104, par:586)
																		idx587(Q:0.2818, par:580)
																	idx581(Q:0.1275, par:570)
																idx571(Q:0.2672, par:548)
															idx549(Q:0.3743, par:536)
														idx537(Q:0.2606, par:530)
													idx531(Q:0.3479, par:520)
												idx521(Q:0.5313, par:510)
											idx511(Q:0.1507, par:45)
									idx39(Q:0.3187, distinct_name:1, dictinctin_value:0.8040063207197937, par:30)
										idx426(Q:0.3160, distinct_name:2, dictinctin_value:0.8419373683110459, par:39)
											idx432(Q:0.3181, distinct_name:0, dictinctin_value:-0.6009391153368029, par:426)
												idx444(Q:0.3200, distinct_name:0, dictinctin_value:-0.6041087413020046, par:432)
													idx448(Q:0.3198, distinct_name:0, dictinctin_value:-0.6100701052011255, par:444)
														idx456(Q:0.3204, distinct_name:0, dictinctin_value:-0.6407957166920598, par:448)
															idx460(Q:0.3249, distinct_name:0, dictinctin_value:-0.6555246386975058, par:456)
																idx466(Q:0.3270, distinct_name:0, dictinctin_value:-0.6720161756487143, par:460)
																	idx470(Q:0.3302, distinct_name:0, dictinctin_value:-0.6781083126032775, par:466)
																		idx472(Q:0.3303, distinct_name:0, dictinctin_value:-0.7020609777266955, par:470)
																			idx476(Q:0.3329, par:472)
																			idx477(Q:0.2334, par:472)
																		idx473(Q:0.3250, par:470)
																	idx471(Q:0.0686, par:466)
																idx467(Q:0.1550, par:460)
															idx461(Q:0.1355, par:456)
														idx457(Q:0.3007, par:448)
													idx449(Q:0.3527, par:444)
												idx445(Q:0.1599, par:432)
											idx433(Q:0.2225, par:426)
										idx427(Q:0.4793, par:39)
								idx31(Q:0.3536, distinct_name:0, dictinctin_value:-0.5002719881995846, par:24)
									idx544(Q:0.3539, distinct_name:1, dictinctin_value:0.7593054056611713, par:31)
										idx550(Q:0.3507, distinct_name:0, dictinctin_value:-0.5062520951871772, par:544)
											idx562(Q:0.3554, distinct_name:0, dictinctin_value:-0.5080035363270362, par:550)
												idx572(Q:0.3605, distinct_name:0, dictinctin_value:-0.5084639498879526, par:562)
													idx582(Q:0.3612, distinct_name:0, dictinctin_value:-0.5089199594147691, par:572)
														idx588(Q:0.3645, distinct_name:0, dictinctin_value:-0.5092872052358233, par:582)
															idx592(Q:0.3662, distinct_name:2, dictinctin_value:0.7693334693236122, par:588)
																idx594(Q:0.3717, distinct_name:2, dictinctin_value:0.7132889145486878, par:592)
																	idx596(Q:0.3769, distinct_name:0, dictinctin_value:-0.5099342225448047, par:594)
																		idx598(Q:0.3794, distinct_name:1, dictinctin_value:0.7481026625171042, par:596)
																			idx600(Q:0.3789, par:598)
																			idx601(Q:0.4108, par:598)
																		idx599(Q:0.2330, par:596)
																	idx597(Q:0.0754, par:594)
																idx595(Q:0.1530, par:592)
															idx593(Q:0.1559, par:588)
														idx589(Q:0.1598, par:582)
													idx583(Q:0.2789, par:572)
												idx573(Q:0.1450, par:562)
											idx563(Q:0.1519, par:550)
										idx551(Q:0.4899, par:544)
									idx545(Q:0.3129, par:31)
							idx25(Q:0.4571, distinct_name:0, dictinctin_value:-0.5389580903277561, par:18)
								idx216(Q:0.4597, distinct_name:0, dictinctin_value:-0.5573162410999996, par:25)
									idx230(Q:0.4610, distinct_name:0, dictinctin_value:-0.5917620279880862, par:216)
										idx242(Q:0.4728, distinct_name:1, dictinctin_value:0.8127647407611875, par:230)
											idx256(Q:0.4675, distinct_name:0, dictinctin_value:-0.6131626140571143, par:242)
												idx288(Q:0.4694, distinct_name:0, dictinctin_value:-0.7076582377440916, par:256)
													idx304(Q:0.4879, distinct_name:0, dictinctin_value:-0.717862250694298, par:288)
														idx316(Q:0.4908, distinct_name:0, dictinctin_value:-0.7734253050900186, par:304)
															idx328(Q:0.5028, distinct_name:0, dictinctin_value:-0.7970945326559435, par:316)
																idx340(Q:0.5043, distinct_name:3, dictinctin_value:0.6595389343928215, par:328)
																	idx354(Q:0.4993, distinct_name:3, dictinctin_value:0.6186331758365281, par:340)
																		idx368(Q:0.4942, distinct_name:3, dictinctin_value:0.5952455969358141, par:354)
																			idx380(Q:0.4927, par:368)
																			idx381(Q:0.5796, par:368)
																		idx369(Q:0.8791, par:354)
																	idx355(Q:0.7825, par:340)
																idx341(Q:0.4474, par:328)
															idx329(Q:0.3245, par:316)
														idx317(Q:0.3378, par:304)
													idx305(Q:0.3205, par:288)
												idx289(Q:0.1966, par:256)
											idx257(Q:0.7304, par:242)
										idx243(Q:0.2531, par:230)
									idx231(Q:0.3288, par:216)
								idx217(Q:0.3729, par:25)
						idx19(Q:0.6983, distinct_name:0, dictinctin_value:-0.5046072639210131, par:12)
							idx152(Q:0.6982, distinct_name:2, dictinctin_value:1.74305991171075, par:19)
								idx162(Q:0.6870, distinct_name:2, dictinctin_value:1.5651912903147052, par:152)
									idx172(Q:0.6777, distinct_name:2, dictinctin_value:1.0939968976733132, par:162)
										idx180(Q:0.6560, distinct_name:2, dictinctin_value:0.9064820637809338, par:172)
											idx188(Q:0.6449, distinct_name:2, dictinctin_value:0.8130327408821636, par:180)
												idx196(Q:0.6361, distinct_name:2, dictinctin_value:0.714578820015968, par:188)
													idx204(Q:0.6349, distinct_name:0, dictinctin_value:-0.5137296726081428, par:196)
														idx218(Q:0.6372, distinct_name:2, dictinctin_value:0.4860989258104936, par:204)
															idx232(Q:0.6352, distinct_name:1, dictinctin_value:2.2330900660097845, par:218)
																idx244(Q:0.6233, distinct_name:2, dictinctin_value:0.44559578649865966, par:232)
																	idx258(Q:0.6201, distinct_name:2, dictinctin_value:0.32419638005931734, par:244)
																		idx274(Q:0.6207, distinct_name:0, dictinctin_value:-0.5233031664270825, par:258)
																			idx290(Q:0.6212, par:274)
																			idx291(Q:0.5526, par:274)
																		idx275(Q:0.5985, par:258)
																	idx259(Q:0.7450, par:244)
																idx245(Q:0.9317, par:232)
															idx233(Q:0.6571, par:218)
														idx219(Q:0.4556, par:204)
													idx205(Q:0.6740, par:196)
												idx197(Q:0.8666, par:188)
											idx189(Q:0.8659, par:180)
										idx181(Q:0.9891, par:172)
									idx173(Q:1.0131, par:162)
								idx163(Q:1.0391, par:152)
							idx153(Q:0.7365, par:19)
					idx13(Q:0.5862, distinct_name:2, dictinctin_value:1.929601246827043, par:10)
						idx92(Q:0.5718, distinct_name:1, dictinctin_value:1.2557733390904973, par:13)
							idx102(Q:0.5388, distinct_name:2, dictinctin_value:1.4527612583425853, par:92)
								idx112(Q:0.5267, distinct_name:2, dictinctin_value:1.3531114404933846, par:102)
									idx122(Q:0.5244, distinct_name:2, dictinctin_value:1.0639310625609943, par:112)
										idx130(Q:0.5131, distinct_name:2, dictinctin_value:0.8759607452183222, par:122)
											idx136(Q:0.5054, distinct_name:2, dictinctin_value:0.6228991526328211, par:130)
												idx142(Q:0.5015, distinct_name:2, dictinctin_value:0.4885947458466264, par:136)
													idx146(Q:0.4926, distinct_name:1, dictinctin_value:1.1059975491047376, par:142)
														idx148(Q:0.4849, distinct_name:3, dictinctin_value:2.363964647313972, par:146)
															idx154(Q:0.4788, distinct_name:3, dictinctin_value:1.536573712246935, par:148)
																idx164(Q:0.4558, distinct_name:1, dictinctin_value:0.49075596239548774, par:154)
																	idx206(Q:0.4231, distinct_name:3, dictinctin_value:1.525286896575752, par:164)
																		idx220(Q:0.4226, distinct_name:2, dictinctin_value:0.38874536608000104, par:206)
																			idx234(Q:0.4250, par:220)
																			idx235(Q:0.3327, par:220)
																		idx221(Q:0.4555, par:206)
																	idx207(Q:0.6145, par:164)
																idx165(Q:0.5673, par:154)
															idx155(Q:0.6475, par:148)
														idx149(Q:0.7431, par:146)
													idx147(Q:0.5931, par:142)
												idx143(Q:0.5522, par:136)
											idx137(Q:0.6927, par:130)
										idx131(Q:0.7149, par:122)
									idx123(Q:0.6587, par:112)
								idx113(Q:0.7978, par:102)
							idx103(Q:0.9304, par:92)
						idx93(Q:1.0397, par:13)
				idx11(Q:0.3740, distinct_name:3, dictinctin_value:1.284568987543642, par:8)
					idx32(Q:0.3522, distinct_name:3, dictinctin_value:0.5763111575206541, par:11)
						idx40(Q:0.3347, distinct_name:2, dictinctin_value:1.4159847670297276, par:32)
							idx46(Q:0.3259, distinct_name:2, dictinctin_value:0.8764611652526798, par:40)
								idx56(Q:0.3320, distinct_name:2, dictinctin_value:0.6776552612944613, par:46)
									idx64(Q:0.3388, distinct_name:0, dictinctin_value:-0.10007893227380851, par:56)
										idx72(Q:0.3385, distinct_name:2, dictinctin_value:0.481251420222257, par:64)
											idx78(Q:0.3492, distinct_name:2, dictinctin_value:0.43236682950932387, par:72)
												idx84(Q:0.3561, distinct_name:2, dictinctin_value:0.2322739018313544, par:78)
													idx94(Q:0.3773, distinct_name:2, dictinctin_value:0.1692901075380102, par:84)
														idx104(Q:0.3855, distinct_name:2, dictinctin_value:0.044622068949871425, par:94)
															idx114(Q:0.4047, distinct_name:2, dictinctin_value:-0.04421252452423217, par:104)
																idx124(Q:0.4252, distinct_name:2, dictinctin_value:-0.12551407150931976, par:114)
																	idx132(Q:0.4410, distinct_name:2, dictinctin_value:-0.16179863391045127, par:124)
																		idx138(Q:0.4520, distinct_name:2, dictinctin_value:-0.1987692173924826, par:132)
																			idx144(Q:0.4687, par:138)
																			idx145(Q:0.1598, par:138)
																		idx139(Q:0.1698, par:132)
																	idx133(Q:0.1885, par:124)
																idx125(Q:0.1397, par:114)
															idx115(Q:0.1815, par:104)
														idx105(Q:0.2003, par:94)
													idx95(Q:0.1669, par:84)
												idx85(Q:0.1627, par:78)
											idx79(Q:0.2151, par:72)
										idx73(Q:0.3415, par:64)
									idx65(Q:0.2461, par:56)
								idx57(Q:0.2852, distinct_name:0, dictinctin_value:-0.07115888508263095, par:46)
									idx486(Q:0.2891, distinct_name:2, dictinctin_value:1.3997870335092657, par:57)
										idx494(Q:0.2891, distinct_name:0, dictinctin_value:-0.07160732513030894, par:486)
											idx504(Q:0.2862, distinct_name:0, dictinctin_value:-0.08350405569893737, par:494)
												idx512(Q:0.2876, distinct_name:1, dictinctin_value:1.8788415154351898, par:504)
													idx522(Q:0.2716, distinct_name:1, dictinctin_value:1.7168001155290575, par:512)
														idx538(Q:0.2652, distinct_name:0, dictinctin_value:-0.08454829370887558, par:522)
															idx552(Q:0.2630, distinct_name:3, dictinctin_value:0.4530042815419259, par:538)
																idx556(Q:0.2644, distinct_name:0, dictinctin_value:-0.08608502852647902, par:552)
																	idx564(Q:0.2655, distinct_name:0, dictinctin_value:-0.08644796937551802, par:556)
																		idx574(Q:0.2651, distinct_name:0, dictinctin_value:-0.08717123163966492, par:564)
																			idx584(Q:0.2665, par:574)
																			idx585(Q:0.1069, par:574)
																		idx575(Q:0.3124, par:564)
																	idx565(Q:0.1341, par:556)
																idx557(Q:0.2231, par:552)
															idx553(Q:0.5355, par:538)
														idx539(Q:0.6590, par:522)
													idx523(Q:0.9474, par:512)
												idx513(Q:0.1098, par:504)
											idx505(Q:0.6691, par:494)
										idx495(Q:0.2877, par:486)
									idx487(Q:0.1811, par:57)
							idx47(Q:0.4331, par:40)
						idx41(Q:0.4251, distinct_name:3, dictinctin_value:1.2541204520301295, par:32)
							idx246(Q:0.4188, distinct_name:0, dictinctin_value:-0.05401988313827026, par:41)
								idx260(Q:0.4192, distinct_name:2, dictinctin_value:2.0807886731763334, par:246)
									idx276(Q:0.4042, distinct_name:2, dictinctin_value:1.8994422532815647, par:260)
										idx292(Q:0.3989, distinct_name:1, dictinctin_value:1.2716943858922887, par:276)
											idx306(Q:0.3742, distinct_name:2, dictinctin_value:1.8085097405850585, par:292)
												idx318(Q:0.3657, distinct_name:0, dictinctin_value:-0.06832580226386262, par:306)
													idx330(Q:0.3603, distinct_name:1, dictinctin_value:1.0161843934440484, par:318)
														idx342(Q:0.3545, distinct_name:0, dictinctin_value:-0.11082738421514442, par:330)
															idx356(Q:0.3498, distinct_name:0, dictinctin_value:-0.1239714467724242, par:342)
																idx370(Q:0.3501, distinct_name:1, dictinctin_value:0.8661774768232812, par:356)
																	idx382(Q:0.3448, distinct_name:0, dictinctin_value:-0.13038566790821624, par:370)
																		idx396(Q:0.3449, distinct_name:1, dictinctin_value:0.7685182247259327, par:382)
																			idx406(Q:0.3385, par:396)
																			idx407(Q:0.5266, par:396)
																		idx397(Q:0.3395, par:382)
																	idx383(Q:0.4871, par:370)
																idx371(Q:0.3328, par:356)
															idx357(Q:0.4144, par:342)
														idx343(Q:0.4670, par:330)
													idx331(Q:0.5325, par:318)
												idx319(Q:0.8472, par:306)
											idx307(Q:0.6151, par:292)
										idx293(Q:0.8474, par:276)
									idx277(Q:0.8999, par:260)
								idx261(Q:0.3940, par:246)
							idx247(Q:0.6656, par:41)
					idx33(Q:0.5515, distinct_name:2, dictinctin_value:1.8206658800741853, par:11)
						idx436(Q:0.5386, distinct_name:0, dictinctin_value:-0.055487221535360155, par:33)
							idx438(Q:0.5360, distinct_name:0, dictinctin_value:-0.06661868934946451, par:436)
								idx450(Q:0.5387, distinct_name:2, dictinctin_value:1.6280055741424861, par:438)
									idx458(Q:0.5276, distinct_name:2, dictinctin_value:1.4609118350831285, par:450)
										idx462(Q:0.5190, distinct_name:0, dictinctin_value:-0.06716992247771125, par:458)
											idx478(Q:0.5204, distinct_name:0, dictinctin_value:-0.06950841565798693, par:462)
												idx482(Q:0.5193, distinct_name:0, dictinctin_value:-0.07617984110574617, par:478)
													idx488(Q:0.5217, distinct_name:0, dictinctin_value:-0.09812148969449835, par:482)
														idx496(Q:0.5237, distinct_name:0, dictinctin_value:-0.10012482464779363, par:488)
															idx502(Q:0.5264, distinct_name:2, dictinctin_value:1.4064514939244364, par:496)
																idx514(Q:0.5231, distinct_name:2, dictinctin_value:1.318805451770871, par:502)
																	idx524(Q:0.5153, distinct_name:0, dictinctin_value:-0.11118736531331526, par:514)
																		idx532(Q:0.5151, distinct_name:0, dictinctin_value:-0.12850307532465371, par:524)
																			idx540(Q:0.5194, par:532)
																			idx541(Q:0.3246, par:532)
																		idx533(Q:0.5230, par:524)
																	idx525(Q:0.7980, par:514)
																idx515(Q:0.7615, par:502)
															idx503(Q:0.1239, par:496)
														idx497(Q:0.4727, par:488)
													idx489(Q:0.1612, par:482)
												idx483(Q:0.6779, par:478)
											idx479(Q:0.3023, par:462)
										idx463(Q:0.8671, par:458)
									idx459(Q:0.9828, par:450)
								idx451(Q:0.3190, par:438)
							idx439(Q:0.9613, par:436)
						idx437(Q:0.9142, par:33)
			idx9(Q:0.3457, distinct_name:1, dictinctin_value:1.4532912275447858, par:6)
				idx14(Q:0.3247, distinct_name:0, dictinctin_value:0.6708677617788001, par:9)
					idx16(Q:0.3408, distinct_name:0, dictinctin_value:0.5219929201544601, par:14)
						idx20(Q:0.3416, distinct_name:0, dictinctin_value:0.38200451643824146, par:16)
							idx26(Q:0.3481, distinct_name:0, dictinctin_value:0.29175973898130836, par:20)
								idx34(Q:0.3483, distinct_name:3, dictinctin_value:1.2405945003824483, par:26)
									idx42(Q:0.3233, distinct_name:2, dictinctin_value:1.6139678071673451, par:34)
										idx48(Q:0.3174, distinct_name:1, dictinctin_value:1.0148453699076618, par:42)
											idx58(Q:0.3058, distinct_name:2, dictinctin_value:0.8422101128546527, par:48)
												idx66(Q:0.3140, distinct_name:2, dictinctin_value:0.5718071591898053, par:58)
													idx74(Q:0.3271, distinct_name:2, dictinctin_value:0.3335199702259944, par:66)
														idx80(Q:0.3507, distinct_name:2, dictinctin_value:0.2585267021680285, par:74)
															idx86(Q:0.3584, distinct_name:2, dictinctin_value:0.13295569297273957, par:80)
																idx96(Q:0.3754, distinct_name:2, dictinctin_value:0.0933394603867821, par:86)
																	idx106(Q:0.3836, distinct_name:2, dictinctin_value:0.047951172568074005, par:96)
																		idx116(Q:0.3915, distinct_name:2, dictinctin_value:-0.0025517231675584334, par:106)
																			idx126(Q:0.3988, par:116)
																			idx127(Q:0.1400, par:116)
																		idx117(Q:0.1509, par:106)
																	idx107(Q:0.1114, par:96)
																idx97(Q:0.1318, par:86)
															idx87(Q:0.1612, par:80)
														idx81(Q:0.1553, par:74)
													idx75(Q:0.2008, par:66)
												idx67(Q:0.2619, distinct_name:0, dictinctin_value:0.284001031471605, par:58)
													idx506(Q:0.2605, distinct_name:0, dictinctin_value:0.28239410324000885, par:67)
														idx526(Q:0.2587, distinct_name:1, dictinctin_value:0.83535054985968, par:506)
															idx546(Q:0.2373, distinct_name:2, dictinctin_value:1.5992728183505887, par:526)
																idx554(Q:0.2393, distinct_name:0, dictinctin_value:0.27983576931814547, par:546)
																	idx558(Q:0.2400, distinct_name:2, dictinctin_value:1.5459775970266707, par:554)
																		idx566(Q:0.2315, distinct_name:2, dictinctin_value:1.5137425616672946, par:558)
																			idx576(Q:0.2315, par:566)
																			idx577(Q:0.2291, par:566)
																		idx567(Q:0.4496, par:558)
																	idx559(Q:0.1898, par:554)
																idx555(Q:0.1136, par:546)
															idx547(Q:0.7287, par:526)
														idx527(Q:0.5128, par:506)
													idx507(Q:0.3576, par:67)
											idx59(Q:0.4294, par:48)
										idx49(Q:0.4307, par:42)
									idx43(Q:0.5359, distinct_name:3, dictinctin_value:2.7956706813891117, par:34)
										idx490(Q:0.5256, distinct_name:0, dictinctin_value:0.28758459307995216, par:43)
											idx498(Q:0.5206, distinct_name:2, dictinctin_value:1.7926081731949, par:490)
												idx508(Q:0.5138, distinct_name:0, dictinctin_value:0.2865220549225975, par:498)
													idx516(Q:0.5133, distinct_name:0, dictinctin_value:0.2785989659591723, par:508)
														idx528(Q:0.5204, distinct_name:3, dictinctin_value:2.7261255458914433, par:516)
															idx534(Q:0.5236, distinct_name:0, dictinctin_value:0.2763906794093015, par:528)
																idx542(Q:0.5253, distinct_name:0, dictinctin_value:0.2703031142425218, par:534)
																	idx560(Q:0.5240, distinct_name:3, dictinctin_value:2.563708411050972, par:542)
																		idx568(Q:0.5200, distinct_name:2, dictinctin_value:1.5803350412841866, par:560)
																			idx578(Q:0.5103, par:568)
																			idx579(Q:0.7504, par:568)
																		idx569(Q:0.7699, par:560)
																	idx561(Q:0.6884, par:542)
																idx543(Q:0.3073, par:534)
															idx535(Q:0.3125, par:528)
														idx529(Q:0.2106, par:516)
													idx517(Q:0.5832, par:508)
												idx509(Q:0.9712, par:498)
											idx499(Q:1.1979, par:490)
										idx491(Q:1.0038, par:43)
								idx35(Q:0.3472, distinct_name:1, dictinctin_value:1.344826515865718, par:26)
									idx236(Q:0.3453, distinct_name:3, dictinctin_value:1.6897348587436034, par:35)
										idx248(Q:0.3289, distinct_name:1, dictinctin_value:1.2341402111364463, par:236)
											idx262(Q:0.3292, distinct_name:3, dictinctin_value:1.3356049450605056, par:248)
												idx278(Q:0.3203, distinct_name:2, dictinctin_value:1.6241822054726756, par:262)
													idx294(Q:0.3117, distinct_name:0, dictinctin_value:0.3731119474318981, par:278)
														idx320(Q:0.3078, distinct_name:3, dictinctin_value:1.2759579982069145, par:294)
															idx344(Q:0.2983, distinct_name:0, dictinctin_value:0.37304242798500226, par:320)
																idx358(Q:0.2981, distinct_name:0, dictinctin_value:0.3707677109507447, par:344)
																	idx372(Q:0.3013, distinct_name:0, dictinctin_value:0.3697040787425107, par:358)
																		idx384(Q:0.3020, distinct_name:2, dictinctin_value:1.3789177574365135, par:372)
																			idx398(Q:0.3002, par:384)
																			idx399(Q:0.3408, par:384)
																		idx385(Q:0.2750, par:372)
																	idx373(Q:0.1232, par:358)
																idx359(Q:0.3297, par:344)
															idx345(Q:0.6603, par:320)
														idx321(Q:0.3682, par:294)
													idx295(Q:0.5111, par:278)
												idx279(Q:0.5343, par:262)
											idx263(Q:0.3069, par:248)
										idx249(Q:0.7456, par:236)
									idx237(Q:0.4358, par:35)
							idx27(Q:0.3184, distinct_name:2, dictinctin_value:1.5527241962490086, par:20)
								idx156(Q:0.3139, distinct_name:0, dictinctin_value:0.5137061072990365, par:27)
									idx166(Q:0.3195, distinct_name:0, dictinctin_value:0.5083060291160676, par:156)
										idx174(Q:0.3208, distinct_name:1, dictinctin_value:1.235555391656205, par:166)
											idx182(Q:0.3196, distinct_name:0, dictinctin_value:0.499318407708209, par:174)
												idx190(Q:0.3244, distinct_name:3, dictinctin_value:1.6437138459193195, par:182)
													idx198(Q:0.3161, distinct_name:0, dictinctin_value:0.4978828276393789, par:190)
														idx208(Q:0.3181, distinct_name:2, dictinctin_value:1.3588453420210258, par:198)
															idx222(Q:0.3148, distinct_name:2, dictinctin_value:0.9721483625475897, par:208)
																idx238(Q:0.3164, distinct_name:0, dictinctin_value:0.4972801494332726, par:222)
																	idx250(Q:0.3145, distinct_name:2, dictinctin_value:0.944961054171824, par:238)
																		idx264(Q:0.3178, distinct_name:2, dictinctin_value:0.872803430709856, par:250)
																			idx280(Q:0.3228, par:264)
																			idx281(Q:0.2116, par:264)
																		idx265(Q:0.1370, par:250)
																	idx251(Q:0.5718, par:238)
																idx239(Q:0.2951, par:222)
															idx223(Q:0.4173, par:208)
														idx209(Q:0.1910, par:198)
													idx199(Q:0.6506, par:190)
												idx191(Q:0.2488, par:182)
											idx183(Q:0.3519, par:174)
										idx175(Q:0.2904, par:166)
									idx167(Q:0.2346, par:156)
								idx157(Q:0.4373, par:27)
						idx21(Q:0.3377, distinct_name:1, dictinctin_value:1.3201670622027022, par:16)
							idx150(Q:0.3357, distinct_name:1, dictinctin_value:1.2234607090751204, par:21)
								idx158(Q:0.3367, distinct_name:1, dictinctin_value:1.0226433736171432, par:150)
									idx168(Q:0.3311, distinct_name:0, dictinctin_value:0.6649352976939671, par:158)
										idx176(Q:0.3302, distinct_name:2, dictinctin_value:1.8028367177150562, par:168)
											idx184(Q:0.3277, distinct_name:3, dictinctin_value:1.321083281680176, par:176)
												idx210(Q:0.3091, distinct_name:1, dictinctin_value:0.7493197611500411, par:184)
													idx224(Q:0.3019, distinct_name:2, dictinctin_value:1.1954012588052898, par:210)
														idx266(Q:0.3015, distinct_name:1, dictinctin_value:0.6035401367847275, par:224)
															idx282(Q:0.3013, distinct_name:1, dictinctin_value:0.5166827335099701, par:266)
																idx296(Q:0.3068, distinct_name:0, dictinctin_value:0.663963378246939, par:282)
																	idx308(Q:0.3051, distinct_name:0, dictinctin_value:0.6638782806630827, par:296)
																		idx322(Q:0.3034, distinct_name:2, dictinctin_value:1.1091905022156634, par:308)
																			idx332(Q:0.3067, par:322)
																			idx333(Q:0.1630, par:322)
																		idx323(Q:0.7405, par:308)
																	idx309(Q:0.7765, par:296)
																idx297(Q:0.1677, par:282)
															idx283(Q:0.3045, par:266)
														idx267(Q:0.3078, par:224)
													idx225(Q:0.3672, par:210)
												idx211(Q:0.5474, par:184)
											idx185(Q:0.4116, par:176)
										idx177(Q:0.3493, par:168)
									idx169(Q:0.4912, par:158)
								idx159(Q:0.2366, par:150)
							idx151(Q:0.4317, par:21)
					idx17(Q:0.3071, distinct_name:3, dictinctin_value:0.8871619234739136, par:14)
						idx22(Q:0.2750, distinct_name:1, dictinctin_value:0.895274831679809, par:17)
							idx28(Q:0.2602, distinct_name:3, dictinctin_value:0.4147697243292515, par:22)
								idx36(Q:0.2523, distinct_name:3, dictinctin_value:-0.009439492879810042, par:28)
									idx50(Q:0.2490, distinct_name:0, dictinctin_value:2.3121117874404824, par:36)
										idx52(Q:0.2504, distinct_name:0, dictinctin_value:1.9483716250181808, par:50)
											idx60(Q:0.2536, distinct_name:3, dictinctin_value:-0.018025248765568658, par:52)
												idx68(Q:0.2611, distinct_name:2, dictinctin_value:0.8033765660185509, par:60)
													idx88(Q:0.2675, distinct_name:2, dictinctin_value:0.6003623148969123, par:68)
														idx98(Q:0.2752, distinct_name:2, dictinctin_value:0.5329635912790776, par:88)
															idx108(Q:0.2797, distinct_name:2, dictinctin_value:0.3621996786015208, par:98)
																idx118(Q:0.2938, distinct_name:3, dictinctin_value:-0.05260374571449391, par:108)
																	idx128(Q:0.2957, distinct_name:2, dictinctin_value:0.22149263805201816, par:118)
																		idx134(Q:0.3099, distinct_name:2, dictinctin_value:0.13324256965432388, par:128)
																			idx140(Q:0.3215, par:134)
																			idx141(Q:0.1352, par:134)
																		idx135(Q:0.1477, par:128)
																	idx129(Q:0.2331, par:118)
																idx119(Q:0.1472, par:108)
															idx109(Q:0.1699, par:98)
														idx99(Q:0.1649, par:88)
													idx89(Q:0.2377, distinct_name:0, dictinctin_value:1.9001636825637473, par:68)
														idx420(Q:0.2358, distinct_name:0, dictinctin_value:1.8970534364477791, par:89)
															idx428(Q:0.2359, distinct_name:0, dictinctin_value:1.7864713255325577, par:420)
																idx434(Q:0.2374, distinct_name:0, dictinctin_value:1.7345810667045185, par:428)
																	idx440(Q:0.2346, distinct_name:0, dictinctin_value:1.7300479805066988, par:434)
																		idx446(Q:0.2351, distinct_name:0, dictinctin_value:1.6826477660222412, par:440)
																			idx452(Q:0.2328, par:446)
																			idx453(Q:0.3516, par:446)
																		idx447(Q:0.1492, par:440)
																	idx441(Q:0.3084, par:434)
																idx435(Q:0.1908, par:428)
															idx429(Q:0.2144, par:420)
														idx421(Q:0.2937, par:89)
												idx69(Q:0.1939, par:60)
											idx61(Q:0.1974, par:52)
										idx53(Q:0.1887, par:50)
									idx51(Q:0.2626, distinct_name:0, dictinctin_value:2.2255864685353126, par:36)
										idx268(Q:0.2636, distinct_name:0, dictinctin_value:1.8770234609938123, par:51)
											idx284(Q:0.2639, distinct_name:1, dictinctin_value:0.8208254329434517, par:268)
												idx298(Q:0.2655, distinct_name:0, dictinctin_value:1.7199871451158526, par:284)
													idx310(Q:0.2650, distinct_name:3, dictinctin_value:0.39481973457279324, par:298)
														idx346(Q:0.2663, distinct_name:2, dictinctin_value:2.0591657816242117, par:310)
															idx360(Q:0.2589, distinct_name:2, dictinctin_value:1.6416632040499568, par:346)
																idx374(Q:0.2580, distinct_name:0, dictinctin_value:1.6846076849979201, par:360)
																	idx386(Q:0.2589, distinct_name:2, dictinctin_value:1.5364517172370076, par:374)
																		idx400(Q:0.2580, distinct_name:2, dictinctin_value:1.321416179085615, par:386)
																			idx408(Q:0.2559, par:400)
																			idx409(Q:0.3184, par:400)
																		idx401(Q:0.2993, par:386)
																	idx387(Q:0.1886, par:374)
																idx375(Q:0.3030, par:360)
															idx361(Q:0.7383, par:346)
														idx347(Q:0.2160, par:310)
													idx311(Q:0.2837, par:298)
												idx299(Q:0.2089, par:284)
											idx285(Q:0.2572, par:268)
										idx269(Q:0.2326, par:51)
								idx37(Q:0.2967, distinct_name:1, dictinctin_value:0.7946772031835798, par:28)
									idx312(Q:0.2902, distinct_name:2, dictinctin_value:1.9378572482198, par:37)
										idx324(Q:0.2831, distinct_name:0, dictinctin_value:2.1880833067537604, par:312)
											idx334(Q:0.2836, distinct_name:0, dictinctin_value:2.1673152418059, par:324)
												idx348(Q:0.2814, distinct_name:0, dictinctin_value:2.0644684179947266, par:334)
													idx362(Q:0.2802, distinct_name:2, dictinctin_value:1.6060442338491094, par:348)
														idx376(Q:0.2716, distinct_name:0, dictinctin_value:1.8821116949330967, par:362)
															idx388(Q:0.2750, distinct_name:2, dictinctin_value:1.5867185725408008, par:376)
																idx402(Q:0.2752, distinct_name:0, dictinctin_value:1.8162737627685595, par:388)
																	idx410(Q:0.2779, distinct_name:2, dictinctin_value:1.474613989336331, par:402)
																		idx414(Q:0.2739, distinct_name:2, dictinctin_value:1.322085439542282, par:410)
																			idx422(Q:0.2739, par:414)
																			idx423(Q:0.2744, par:414)
																		idx415(Q:0.7277, par:410)
																	idx411(Q:0.1206, par:402)
																idx403(Q:0.2603, par:388)
															idx389(Q:0.1585, par:376)
														idx377(Q:0.5362, par:362)
													idx363(Q:0.3418, par:348)
												idx349(Q:0.4213, par:334)
											idx335(Q:0.2633, par:324)
										idx325(Q:0.5989, par:312)
									idx313(Q:0.4699, par:37)
							idx29(Q:0.3884, distinct_name:0, dictinctin_value:2.44084525907838, par:22)
								idx336(Q:0.3897, distinct_name:0, dictinctin_value:2.3332385876998147, par:29)
									idx350(Q:0.3918, distinct_name:2, dictinctin_value:1.313989803673234, par:336)
										idx364(Q:0.3586, distinct_name:2, dictinctin_value:1.2075088067941002, par:350)
											idx378(Q:0.3561, distinct_name:0, dictinctin_value:2.3276851139515355, par:364)
												idx390(Q:0.3551, distinct_name:2, dictinctin_value:1.1566628366759308, par:378)
													idx404(Q:0.3494, distinct_name:2, dictinctin_value:1.049026714172236, par:390)
														idx412(Q:0.3463, distinct_name:2, dictinctin_value:1.0138168631315498, par:404)
															idx418(Q:0.3436, distinct_name:0, dictinctin_value:2.3136303024689413, par:412)
																idx424(Q:0.3435, distinct_name:1, dictinctin_value:1.4142431093508798, par:418)
																	idx430(Q:0.3477, distinct_name:0, dictinctin_value:2.2572655688242222, par:424)
																		idx442(Q:0.3465, distinct_name:0, dictinctin_value:2.2507333712501807, par:430)
																			idx454(Q:0.3464, par:442)
																			idx455(Q:0.3551, par:442)
																		idx443(Q:0.5398, par:430)
																	idx431(Q:0.2625, par:424)
																idx425(Q:0.3611, par:418)
															idx419(Q:0.4918, par:412)
														idx413(Q:0.5241, par:404)
													idx405(Q:0.5944, par:390)
												idx391(Q:0.5313, par:378)
											idx379(Q:0.5828, par:364)
										idx365(Q:0.6713, par:350)
									idx351(Q:0.2484, par:336)
								idx337(Q:0.2579, par:29)
						idx23(Q:0.4632, distinct_name:0, dictinctin_value:2.1444723574903684, par:17)
							idx160(Q:0.4633, distinct_name:0, dictinctin_value:2.133798778100152, par:23)
								idx170(Q:0.4636, distinct_name:2, dictinctin_value:1.564504591409782, par:160)
									idx178(Q:0.4397, distinct_name:2, dictinctin_value:1.4113473869711974, par:170)
										idx186(Q:0.4349, distinct_name:0, dictinctin_value:2.1063540893171067, par:178)
											idx192(Q:0.4357, distinct_name:2, dictinctin_value:1.2195161175228741, par:186)
												idx200(Q:0.4305, distinct_name:0, dictinctin_value:1.9676721667093595, par:192)
													idx212(Q:0.4287, distinct_name:0, dictinctin_value:1.8926417272552991, par:200)
														idx226(Q:0.4291, distinct_name:0, dictinctin_value:1.7713311316515392, par:212)
															idx252(Q:0.4333, distinct_name:1, dictinctin_value:1.3213229930390704, par:226)
																idx270(Q:0.4287, distinct_name:0, dictinctin_value:1.7442155745503336, par:252)
																	idx300(Q:0.4270, distinct_name:0, dictinctin_value:1.3536781616204123, par:270)
																		idx392(Q:0.4263, distinct_name:0, dictinctin_value:1.2274516322533688, par:300)
																			idx416(Q:0.4262, par:392)
																			idx417(Q:0.4270, par:392)
																		idx393(Q:0.4300, par:300)
																	idx301(Q:0.6548, par:270)
																idx271(Q:0.6092, par:252)
															idx253(Q:0.3010, par:226)
														idx227(Q:0.4130, par:212)
													idx213(Q:0.4843, par:200)
												idx201(Q:0.5477, par:192)
											idx193(Q:0.3158, par:186)
										idx187(Q:0.6318, par:178)
									idx179(Q:0.8548, par:170)
								idx171(Q:0.3511, par:160)
							idx161(Q:0.4618, par:23)
				idx15(Q:0.6132, distinct_name:2, dictinctin_value:1.9938158806166744, par:9)
					idx194(Q:0.6021, distinct_name:3, dictinctin_value:2.0149638943737203, par:15)
						idx202(Q:0.5914, distinct_name:3, dictinctin_value:1.626087400144554, par:194)
							idx214(Q:0.5875, distinct_name:1, dictinctin_value:2.6727016574162166, par:202)
								idx228(Q:0.5753, distinct_name:2, dictinctin_value:1.776904010924299, par:214)
									idx240(Q:0.5709, distinct_name:2, dictinctin_value:1.4203463682180766, par:228)
										idx254(Q:0.5587, distinct_name:0, dictinctin_value:2.115573493736756, par:240)
											idx272(Q:0.5595, distinct_name:2, dictinctin_value:1.306259966260203, par:254)
												idx286(Q:0.5468, distinct_name:2, dictinctin_value:1.2529155214914378, par:272)
													idx302(Q:0.5429, distinct_name:2, dictinctin_value:0.808199081795812, par:286)
														idx314(Q:0.5190, distinct_name:2, dictinctin_value:0.7214446989843575, par:302)
															idx326(Q:0.5125, distinct_name:2, dictinctin_value:0.7041168221107604, par:314)
																idx338(Q:0.5117, distinct_name:0, dictinctin_value:2.1110030599556926, par:326)
																	idx352(Q:0.5125, distinct_name:0, dictinctin_value:2.0312710900603177, par:338)
																		idx366(Q:0.5108, distinct_name:2, dictinctin_value:0.6878681581259294, par:352)
																			idx394(Q:0.5088, par:366)
																			idx395(Q:0.7374, par:366)
																		idx367(Q:0.6383, par:352)
																	idx353(Q:0.3397, par:338)
																idx339(Q:0.6013, par:326)
															idx327(Q:0.6702, par:314)
														idx315(Q:0.8465, par:302)
													idx303(Q:0.8049, par:286)
												idx287(Q:0.8402, par:272)
											idx273(Q:0.5122, par:254)
										idx255(Q:0.7995, par:240)
									idx241(Q:0.9026, par:228)
								idx229(Q:0.8043, par:214)
							idx215(Q:0.7165, par:202)
						idx203(Q:0.9193, par:194)
					idx195(Q:0.9885, par:15)
		idx7(Q:0.3927, par:4)
	idx5(Q:0.2837, par:1)
