WARNING:tensorflow:From /Users/keithwu/opt/anaconda3/envs/auction-gym/lib/python3.10/site-packages/tensorflow/python/compat/v2_compat.py:107: disable_resource_variables (from tensorflow.python.ops.variable_scope) is deprecated and will be removed in a future version.
Instructions for updating:
non-resource variables are not supported in the long term
<_io.TextIOWrapper name='<stderr>' mode='w' encoding='utf-8'> reading from ../UTree_model_numpy/DR/model_boost_linear_qsplit_noabs_save/, starting at 49
<_io.TextIOWrapper name='<stderr>' mode='w' encoding='utf-8'> =============== update starts ===============
(average_diff:0.0012204903750640539, max_diff:0.0023309458140176598, training_epochs:500, lr:0.05)
<_io.TextIOWrapper name='<stderr>' mode='w' encoding='utf-8'> node index is 111
train linear regression time:  0.04939120775088668
(average_diff:0.0008466355779490671, max_diff:0.0015389175668862887, training_epochs:500, lr:0.05)
<_io.TextIOWrapper name='<stderr>' mode='w' encoding='utf-8'> node index is 101
train linear regression time:  0.04842562507838011
(average_diff:0.0029870371368015992, max_diff:0.00951601496995974, training_epochs:500, lr:0.05)
<_io.TextIOWrapper name='<stderr>' mode='w' encoding='utf-8'> node index is 91
train linear regression time:  0.05112583376467228
(average_diff:0.014163986385281118, max_diff:0.15235921226063295, training_epochs:500, lr:0.05)
<_io.TextIOWrapper name='<stderr>' mode='w' encoding='utf-8'> node index is 83
train linear regression time:  0.054866790771484375
(average_diff:0.021668376847147196, max_diff:0.1222537588837515, training_epochs:500, lr:0.05)
<_io.TextIOWrapper name='<stderr>' mode='w' encoding='utf-8'> node index is 77
train linear regression time:  0.05009741708636284
(average_diff:0.041345490443658414, max_diff:0.19727614572682206, training_epochs:500, lr:0.05)
<_io.TextIOWrapper name='<stderr>' mode='w' encoding='utf-8'> node index is 71
train linear regression time:  0.04974816692993045
(average_diff:0.051742420496270654, max_diff:0.19374565024010926, training_epochs:500, lr:0.05)
<_io.TextIOWrapper name='<stderr>' mode='w' encoding='utf-8'> node index is 63
train linear regression time:  0.047877250239253044
(average_diff:0.06771569379897091, max_diff:0.2840740376082551, training_epochs:500, lr:0.05)
<_io.TextIOWrapper name='<stderr>' mode='w' encoding='utf-8'> node index is 55
train linear regression time:  0.055453000124543905
(average_diff:0.06675541325432599, max_diff:0.26641051938576354, training_epochs:500, lr:0.05)
<_io.TextIOWrapper name='<stderr>' mode='w' encoding='utf-8'> node index is 45
train linear regression time:  0.055636500008404255
(average_diff:0.07178102428102599, max_diff:0.36800300200968517, training_epochs:500, lr:0.05)
<_io.TextIOWrapper name='<stderr>' mode='w' encoding='utf-8'> node index is 39
train linear regression time:  0.06340245762839913
<_io.TextIOWrapper name='<stderr>' mode='w' encoding='utf-8'> variance test passed, diff=0.037438493479526616, d = 0, back=0
<_io.TextIOWrapper name='<stderr>' mode='w' encoding='utf-8'> variance test passed, diff=0.04011080210671954, d = 1, back=0
<_io.TextIOWrapper name='<stderr>' mode='w' encoding='utf-8'> Will be split, p=0.04011080210671954, d=1, back=0
(average_diff:0.07313032452110202, max_diff:0.36983890957198845, training_epochs:500, lr:0.05)
<_io.TextIOWrapper name='<stderr>' mode='w' encoding='utf-8'> node index is 426
train linear regression time:  0.0597397917881608
(average_diff:0.0029895773410231197, max_diff:0.003062169895254374, training_epochs:500, lr:0.05)
<_io.TextIOWrapper name='<stderr>' mode='w' encoding='utf-8'> node index is 427
train linear regression time:  0.05196362501010299
(average_diff:0.09875506670692258, max_diff:0.3317713329071123, training_epochs:500, lr:0.05)
<_io.TextIOWrapper name='<stderr>' mode='w' encoding='utf-8'> node index is 31
train linear regression time:  0.052069458179175854
(average_diff:1.887379141862766e-15, max_diff:1.9984014443252818e-15, training_epochs:500, lr:0.05)
<_io.TextIOWrapper name='<stderr>' mode='w' encoding='utf-8'> node index is 369
train linear regression time:  0.04834029218181968
(average_diff:6.275199301268113e-05, max_diff:9.599885851208079e-05, training_epochs:500, lr:0.05)
<_io.TextIOWrapper name='<stderr>' mode='w' encoding='utf-8'> node index is 355
train linear regression time:  0.049448708072304726
(average_diff:1.0229438958693956e-05, max_diff:1.4608671574045662e-05, training_epochs:500, lr:0.05)
<_io.TextIOWrapper name='<stderr>' mode='w' encoding='utf-8'> node index is 341
train linear regression time:  0.048059082590043545
(average_diff:0.009749538390978663, max_diff:0.019371680418796278, training_epochs:500, lr:0.05)
<_io.TextIOWrapper name='<stderr>' mode='w' encoding='utf-8'> node index is 329
train linear regression time:  0.04827774967998266
(average_diff:0.007374435545890141, max_diff:0.012771244648809132, training_epochs:500, lr:0.05)
<_io.TextIOWrapper name='<stderr>' mode='w' encoding='utf-8'> node index is 317
train linear regression time:  0.04804325010627508
(average_diff:0.05903707778645621, max_diff:0.15219815347593296, training_epochs:500, lr:0.05)
<_io.TextIOWrapper name='<stderr>' mode='w' encoding='utf-8'> node index is 305
train linear regression time:  0.04806533316150308
(average_diff:1.5161483180037294e-14, max_diff:1.5668022435022522e-14, training_epochs:500, lr:0.05)
<_io.TextIOWrapper name='<stderr>' mode='w' encoding='utf-8'> node index is 289
train linear regression time:  0.04819770762696862
(average_diff:0.0015017666197909784, max_diff:0.002754936244702022, training_epochs:500, lr:0.05)
<_io.TextIOWrapper name='<stderr>' mode='w' encoding='utf-8'> node index is 257
train linear regression time:  0.04800774995237589
(average_diff:0.0674206844168783, max_diff:0.1537928334766993, training_epochs:500, lr:0.05)
<_io.TextIOWrapper name='<stderr>' mode='w' encoding='utf-8'> node index is 243
train linear regression time:  0.04850699985399842
(average_diff:0.04918083191905445, max_diff:0.07490884177345522, training_epochs:500, lr:0.05)
<_io.TextIOWrapper name='<stderr>' mode='w' encoding='utf-8'> node index is 231
train linear regression time:  0.04931245790794492
(average_diff:0.06586977198802611, max_diff:0.11014452231214772, training_epochs:500, lr:0.05)
<_io.TextIOWrapper name='<stderr>' mode='w' encoding='utf-8'> node index is 217
train linear regression time:  0.05006216699257493
(average_diff:0.007038545248392492, max_diff:0.014333224183961102, training_epochs:500, lr:0.05)
<_io.TextIOWrapper name='<stderr>' mode='w' encoding='utf-8'> node index is 275
train linear regression time:  0.04859150014817715
(average_diff:8.397916578581355e-05, max_diff:0.00016804265554393183, training_epochs:500, lr:0.05)
<_io.TextIOWrapper name='<stderr>' mode='w' encoding='utf-8'> node index is 259
train linear regression time:  0.049104375299066305
(average_diff:0.001433271509061057, max_diff:0.002425815598611547, training_epochs:500, lr:0.05)
<_io.TextIOWrapper name='<stderr>' mode='w' encoding='utf-8'> node index is 245
train linear regression time:  0.049051166977733374
(average_diff:0.00793462653096397, max_diff:0.01625887387346281, training_epochs:500, lr:0.05)
<_io.TextIOWrapper name='<stderr>' mode='w' encoding='utf-8'> node index is 233
train linear regression time:  0.048555207904428244
(average_diff:1.0547118733938987e-15, max_diff:1.4432899320127035e-15, training_epochs:500, lr:0.05)
<_io.TextIOWrapper name='<stderr>' mode='w' encoding='utf-8'> node index is 219
train linear regression time:  0.048993832897394896
(average_diff:0.010791425258982782, max_diff:0.018670007129697685, training_epochs:500, lr:0.05)
<_io.TextIOWrapper name='<stderr>' mode='w' encoding='utf-8'> node index is 205
train linear regression time:  0.04918070835992694
(average_diff:0.00123240093177841, max_diff:0.0024634240063498014, training_epochs:500, lr:0.05)
<_io.TextIOWrapper name='<stderr>' mode='w' encoding='utf-8'> node index is 197
train linear regression time:  0.05184558313339949
(average_diff:0.03445266117558689, max_diff:0.07018579862856356, training_epochs:500, lr:0.05)
<_io.TextIOWrapper name='<stderr>' mode='w' encoding='utf-8'> node index is 189
train linear regression time:  0.05681625008583069
(average_diff:0.016817571473941362, max_diff:0.041392178672478575, training_epochs:500, lr:0.05)
<_io.TextIOWrapper name='<stderr>' mode='w' encoding='utf-8'> node index is 181
train linear regression time:  0.05116162495687604
(average_diff:0.027104554679242318, max_diff:0.07004670358272724, training_epochs:500, lr:0.05)
<_io.TextIOWrapper name='<stderr>' mode='w' encoding='utf-8'> node index is 173
train linear regression time:  0.04965333407744765
(average_diff:0.014439848707354375, max_diff:0.021595630137185573, training_epochs:500, lr:0.05)
<_io.TextIOWrapper name='<stderr>' mode='w' encoding='utf-8'> node index is 163
train linear regression time:  0.048430416733026505
(average_diff:0.0, max_diff:0.0, training_epochs:500, lr:0.05)
<_io.TextIOWrapper name='<stderr>' mode='w' encoding='utf-8'> node index is 153
train linear regression time:  0.051185750402510166
(average_diff:1.77743930684926e-11, max_diff:2.7672253377630796e-11, training_epochs:500, lr:0.05)
<_io.TextIOWrapper name='<stderr>' mode='w' encoding='utf-8'> node index is 221
train linear regression time:  0.054281583055853844
(average_diff:0.11301919378717537, max_diff:0.2762501439607752, training_epochs:500, lr:0.05)
<_io.TextIOWrapper name='<stderr>' mode='w' encoding='utf-8'> node index is 207
train linear regression time:  0.05242358427494764
(average_diff:0.14378466755486885, max_diff:0.35205229518018744, training_epochs:500, lr:0.05)
<_io.TextIOWrapper name='<stderr>' mode='w' encoding='utf-8'> node index is 165
train linear regression time:  0.05016854219138622
(average_diff:0.055570688447024494, max_diff:0.1463623535349562, training_epochs:500, lr:0.05)
<_io.TextIOWrapper name='<stderr>' mode='w' encoding='utf-8'> node index is 155
train linear regression time:  0.0504037500359118
(average_diff:0.13049458234929243, max_diff:0.21188004939445015, training_epochs:500, lr:0.05)
<_io.TextIOWrapper name='<stderr>' mode='w' encoding='utf-8'> node index is 149
train linear regression time:  0.050840208772569895
(average_diff:0.041682297023988714, max_diff:0.16424421609678483, training_epochs:500, lr:0.05)
<_io.TextIOWrapper name='<stderr>' mode='w' encoding='utf-8'> node index is 147
train linear regression time:  0.05286916671320796
(average_diff:0.055191814300517714, max_diff:0.1453090860454207, training_epochs:500, lr:0.05)
<_io.TextIOWrapper name='<stderr>' mode='w' encoding='utf-8'> node index is 143
train linear regression time:  0.049735791981220245
(average_diff:0.019783574487933518, max_diff:0.07503324212532636, training_epochs:500, lr:0.05)
<_io.TextIOWrapper name='<stderr>' mode='w' encoding='utf-8'> node index is 137
train linear regression time:  0.051242416724562645
(average_diff:0.04757657343591175, max_diff:0.12040790523610356, training_epochs:500, lr:0.05)
<_io.TextIOWrapper name='<stderr>' mode='w' encoding='utf-8'> node index is 131
train linear regression time:  0.05144787486642599
(average_diff:0.034044081479409787, max_diff:0.06670033325951819, training_epochs:500, lr:0.05)
<_io.TextIOWrapper name='<stderr>' mode='w' encoding='utf-8'> node index is 123
train linear regression time:  0.048645209055393934
(average_diff:0.03303216704828924, max_diff:0.09892319300464142, training_epochs:500, lr:0.05)
<_io.TextIOWrapper name='<stderr>' mode='w' encoding='utf-8'> node index is 113
train linear regression time:  0.04880566569045186
(average_diff:0.06733035708355871, max_diff:0.2790166814226349, training_epochs:500, lr:0.05)
<_io.TextIOWrapper name='<stderr>' mode='w' encoding='utf-8'> node index is 103
train linear regression time:  0.0479784170165658
(average_diff:0.054586532365333534, max_diff:0.11278331482359605, training_epochs:500, lr:0.05)
<_io.TextIOWrapper name='<stderr>' mode='w' encoding='utf-8'> node index is 93
train linear regression time:  0.04835333302617073
(average_diff:0.012838724138035135, max_diff:0.028668282645632176, training_epochs:500, lr:0.05)
<_io.TextIOWrapper name='<stderr>' mode='w' encoding='utf-8'> node index is 139
train linear regression time:  0.052250541280955076
(average_diff:0.0549119907519021, max_diff:0.18436064525083873, training_epochs:500, lr:0.05)
<_io.TextIOWrapper name='<stderr>' mode='w' encoding='utf-8'> node index is 133
train linear regression time:  0.04950950015336275
(average_diff:0.02540207455171719, max_diff:0.052976165356065724, training_epochs:500, lr:0.05)
<_io.TextIOWrapper name='<stderr>' mode='w' encoding='utf-8'> node index is 125
train linear regression time:  0.04803812503814697
(average_diff:0.06142524566221525, max_diff:0.21063250300647174, training_epochs:500, lr:0.05)
<_io.TextIOWrapper name='<stderr>' mode='w' encoding='utf-8'> node index is 115
train linear regression time:  0.04870891710743308
(average_diff:0.05960887186107028, max_diff:0.1990055134096122, training_epochs:500, lr:0.05)
<_io.TextIOWrapper name='<stderr>' mode='w' encoding='utf-8'> node index is 105
train linear regression time:  0.04840070800855756
(average_diff:0.037505262380248205, max_diff:0.1991430862960275, training_epochs:500, lr:0.05)
<_io.TextIOWrapper name='<stderr>' mode='w' encoding='utf-8'> node index is 95
train linear regression time:  0.04854379175230861
(average_diff:0.062462162436331514, max_diff:0.11229769941093182, training_epochs:500, lr:0.05)
<_io.TextIOWrapper name='<stderr>' mode='w' encoding='utf-8'> node index is 85
train linear regression time:  0.048012750223279
(average_diff:0.06527508508849407, max_diff:0.2410755130176387, training_epochs:500, lr:0.05)
<_io.TextIOWrapper name='<stderr>' mode='w' encoding='utf-8'> node index is 79
train linear regression time:  0.04878837522119284
(average_diff:0.10731631715819273, max_diff:0.4252608425214676, training_epochs:500, lr:0.05)
<_io.TextIOWrapper name='<stderr>' mode='w' encoding='utf-8'> node index is 73
train linear regression time:  0.0483169169165194
(average_diff:0.08870873942661343, max_diff:0.35626958573506384, training_epochs:500, lr:0.05)
<_io.TextIOWrapper name='<stderr>' mode='w' encoding='utf-8'> node index is 65
train linear regression time:  0.0491630001924932
(average_diff:0.08542811068133035, max_diff:0.46548565104780154, training_epochs:500, lr:0.05)
<_io.TextIOWrapper name='<stderr>' mode='w' encoding='utf-8'> node index is 57
train linear regression time:  0.05539350025355816
(average_diff:0.0862331640980949, max_diff:0.5515466932301903, training_epochs:500, lr:0.05)
<_io.TextIOWrapper name='<stderr>' mode='w' encoding='utf-8'> node index is 47
train linear regression time:  0.048754708375781775
(average_diff:0.0, max_diff:0.0, training_epochs:500, lr:0.05)
<_io.TextIOWrapper name='<stderr>' mode='w' encoding='utf-8'> node index is 397
train linear regression time:  0.048374833073467016
(average_diff:0.028295597873574718, max_diff:0.04265233415953529, training_epochs:500, lr:0.05)
<_io.TextIOWrapper name='<stderr>' mode='w' encoding='utf-8'> node index is 383
train linear regression time:  0.049341834150254726
(average_diff:1.1102230246251565e-16, max_diff:1.1102230246251565e-16, training_epochs:500, lr:0.05)
<_io.TextIOWrapper name='<stderr>' mode='w' encoding='utf-8'> node index is 371
train linear regression time:  0.048205625265836716
(average_diff:0.09576366167557072, max_diff:0.17170738182177714, training_epochs:500, lr:0.05)
<_io.TextIOWrapper name='<stderr>' mode='w' encoding='utf-8'> node index is 357
train linear regression time:  0.049253624863922596
(average_diff:0.11463616630172495, max_diff:0.20231929312799823, training_epochs:500, lr:0.05)
<_io.TextIOWrapper name='<stderr>' mode='w' encoding='utf-8'> node index is 343
train linear regression time:  0.049707124941051006
(average_diff:2.7755575615628914e-16, max_diff:4.440892098500626e-16, training_epochs:500, lr:0.05)
<_io.TextIOWrapper name='<stderr>' mode='w' encoding='utf-8'> node index is 331
train linear regression time:  0.04832649976015091
(average_diff:0.0018737206042885128, max_diff:0.0027796895717068226, training_epochs:500, lr:0.05)
<_io.TextIOWrapper name='<stderr>' mode='w' encoding='utf-8'> node index is 319
train linear regression time:  0.04903624998405576
(average_diff:0.17452197381557935, max_diff:0.33935043308219937, training_epochs:500, lr:0.05)
<_io.TextIOWrapper name='<stderr>' mode='w' encoding='utf-8'> node index is 307
train linear regression time:  0.047938041388988495
(average_diff:6.106226635438361e-16, max_diff:6.661338147750939e-16, training_epochs:500, lr:0.05)
<_io.TextIOWrapper name='<stderr>' mode='w' encoding='utf-8'> node index is 293
train linear regression time:  0.04921745928004384
(average_diff:7.771561172376096e-16, max_diff:8.881784197001252e-16, training_epochs:500, lr:0.05)
<_io.TextIOWrapper name='<stderr>' mode='w' encoding='utf-8'> node index is 277
train linear regression time:  0.05210066679865122
(average_diff:7.077671781985373e-16, max_diff:1.1934897514720433e-15, training_epochs:500, lr:0.05)
<_io.TextIOWrapper name='<stderr>' mode='w' encoding='utf-8'> node index is 261
train linear regression time:  0.05086666578426957
(average_diff:0.0031571370139122923, max_diff:0.005990742989108289, training_epochs:500, lr:0.05)
<_io.TextIOWrapper name='<stderr>' mode='w' encoding='utf-8'> node index is 247
train linear regression time:  0.05014316691085696
(average_diff:0.1699986984991384, max_diff:0.8434421231765323, training_epochs:500, lr:0.05)
<_io.TextIOWrapper name='<stderr>' mode='w' encoding='utf-8'> node index is 33
train linear regression time:  0.055390624795109034
(average_diff:0.025268427144765012, max_diff:0.043632482436799125, training_epochs:500, lr:0.05)
<_io.TextIOWrapper name='<stderr>' mode='w' encoding='utf-8'> node index is 117
train linear regression time:  0.04955845884978771
(average_diff:0.022762108938440585, max_diff:0.056221454387140116, training_epochs:500, lr:0.05)
<_io.TextIOWrapper name='<stderr>' mode='w' encoding='utf-8'> node index is 107
train linear regression time:  0.05040075024589896
(average_diff:0.03858101305753903, max_diff:0.12364742338509682, training_epochs:500, lr:0.05)
<_io.TextIOWrapper name='<stderr>' mode='w' encoding='utf-8'> node index is 97
train linear regression time:  0.04937008302658796
(average_diff:0.0632413206639971, max_diff:0.15141282895142438, training_epochs:500, lr:0.05)
<_io.TextIOWrapper name='<stderr>' mode='w' encoding='utf-8'> node index is 87
train linear regression time:  0.04847495909780264
(average_diff:0.057839557957218436, max_diff:0.3309199482040998, training_epochs:500, lr:0.05)
<_io.TextIOWrapper name='<stderr>' mode='w' encoding='utf-8'> node index is 81
train linear regression time:  0.04996179090812802
(average_diff:0.07198402735716714, max_diff:0.2926092503467242, training_epochs:500, lr:0.05)
<_io.TextIOWrapper name='<stderr>' mode='w' encoding='utf-8'> node index is 75
train linear regression time:  0.05226137489080429
(average_diff:0.0888862923301737, max_diff:0.28821013821936514, training_epochs:500, lr:0.05)
<_io.TextIOWrapper name='<stderr>' mode='w' encoding='utf-8'> node index is 67
train linear regression time:  0.04927562503144145
(average_diff:0.15676862346091228, max_diff:0.47134279892130215, training_epochs:500, lr:0.05)
<_io.TextIOWrapper name='<stderr>' mode='w' encoding='utf-8'> node index is 59
train linear regression time:  0.04927158309146762
(average_diff:0.11094623413593209, max_diff:0.28981715718898593, training_epochs:500, lr:0.05)
<_io.TextIOWrapper name='<stderr>' mode='w' encoding='utf-8'> node index is 49
train linear regression time:  0.048631041310727596
(average_diff:0.17272263692700404, max_diff:0.6529735706419414, training_epochs:500, lr:0.05)
<_io.TextIOWrapper name='<stderr>' mode='w' encoding='utf-8'> node index is 43
train linear regression time:  0.05544458422809839
(average_diff:8.604228440844963e-16, max_diff:8.881784197001252e-16, training_epochs:500, lr:0.05)
<_io.TextIOWrapper name='<stderr>' mode='w' encoding='utf-8'> node index is 385
train linear regression time:  0.04882337525486946
(average_diff:4.2549297418759124e-14, max_diff:5.861977570020827e-14, training_epochs:500, lr:0.05)
<_io.TextIOWrapper name='<stderr>' mode='w' encoding='utf-8'> node index is 373
train linear regression time:  0.04986904188990593
(average_diff:0.0, max_diff:0.0, training_epochs:500, lr:0.05)
<_io.TextIOWrapper name='<stderr>' mode='w' encoding='utf-8'> node index is 359
train linear regression time:  0.049443208146840334
(average_diff:0.06618525222908157, max_diff:0.11641475996595751, training_epochs:500, lr:0.05)
<_io.TextIOWrapper name='<stderr>' mode='w' encoding='utf-8'> node index is 345
train linear regression time:  0.047738749999552965
(average_diff:0.022560238255395125, max_diff:0.04763024776226629, training_epochs:500, lr:0.05)
<_io.TextIOWrapper name='<stderr>' mode='w' encoding='utf-8'> node index is 321
train linear regression time:  0.04830737505108118
(average_diff:0.059012675036166896, max_diff:0.13478473961054088, training_epochs:500, lr:0.05)
<_io.TextIOWrapper name='<stderr>' mode='w' encoding='utf-8'> node index is 295
train linear regression time:  0.04758674977347255
(average_diff:0.010541438975314094, max_diff:0.021028087262502382, training_epochs:500, lr:0.05)
<_io.TextIOWrapper name='<stderr>' mode='w' encoding='utf-8'> node index is 279
train linear regression time:  0.04888341575860977
(average_diff:4.163336342344337e-17, max_diff:8.326672684688674e-17, training_epochs:500, lr:0.05)
<_io.TextIOWrapper name='<stderr>' mode='w' encoding='utf-8'> node index is 263
train linear regression time:  0.047542250249534845
(average_diff:0.022212547976500432, max_diff:0.03856197971308317, training_epochs:500, lr:0.05)
<_io.TextIOWrapper name='<stderr>' mode='w' encoding='utf-8'> node index is 249
train linear regression time:  0.04823245806619525
(average_diff:5.551115123125783e-17, max_diff:1.1102230246251565e-16, training_epochs:500, lr:0.05)
<_io.TextIOWrapper name='<stderr>' mode='w' encoding='utf-8'> node index is 237
train linear regression time:  0.04814870795235038
(average_diff:1.1063294932944778e-09, max_diff:1.7106520366905187e-09, training_epochs:500, lr:0.05)
<_io.TextIOWrapper name='<stderr>' mode='w' encoding='utf-8'> node index is 265
train linear regression time:  0.048219708260148764
(average_diff:8.326672684688674e-17, max_diff:1.1102230246251565e-16, training_epochs:500, lr:0.05)
<_io.TextIOWrapper name='<stderr>' mode='w' encoding='utf-8'> node index is 251
train linear regression time:  0.04866758408024907
(average_diff:0.049766924330915945, max_diff:0.12550635572679691, training_epochs:500, lr:0.05)
<_io.TextIOWrapper name='<stderr>' mode='w' encoding='utf-8'> node index is 239
train linear regression time:  0.048577040899544954
(average_diff:0.08664168092695523, max_diff:0.17263640267777702, training_epochs:500, lr:0.05)
<_io.TextIOWrapper name='<stderr>' mode='w' encoding='utf-8'> node index is 223
train linear regression time:  0.048922541085630655
(average_diff:0.017149351248695027, max_diff:0.0287250560396195, training_epochs:500, lr:0.05)
<_io.TextIOWrapper name='<stderr>' mode='w' encoding='utf-8'> node index is 209
train linear regression time:  0.05068949982523918
(average_diff:5.366077952354923e-16, max_diff:8.881784197001252e-16, training_epochs:500, lr:0.05)
<_io.TextIOWrapper name='<stderr>' mode='w' encoding='utf-8'> node index is 199
train linear regression time:  0.05175212491303682
(average_diff:0.07429491299138279, max_diff:0.14217233086376246, training_epochs:500, lr:0.05)
<_io.TextIOWrapper name='<stderr>' mode='w' encoding='utf-8'> node index is 191
train linear regression time:  0.050166166853159666
(average_diff:0.08460787246136275, max_diff:0.17879756328609836, training_epochs:500, lr:0.05)
<_io.TextIOWrapper name='<stderr>' mode='w' encoding='utf-8'> node index is 183
train linear regression time:  0.0500042918138206
(average_diff:0.0725123485111671, max_diff:0.1929372640249578, training_epochs:500, lr:0.05)
<_io.TextIOWrapper name='<stderr>' mode='w' encoding='utf-8'> node index is 175
train linear regression time:  0.04965012473985553
(average_diff:0.08695710295917908, max_diff:0.19465982406334242, training_epochs:500, lr:0.05)
<_io.TextIOWrapper name='<stderr>' mode='w' encoding='utf-8'> node index is 167
train linear regression time:  0.051396040711551905
(average_diff:0.05564061186170013, max_diff:0.15940637105334832, training_epochs:500, lr:0.05)
<_io.TextIOWrapper name='<stderr>' mode='w' encoding='utf-8'> node index is 157
train linear regression time:  0.04876129189506173
(average_diff:0.0, max_diff:0.0, training_epochs:500, lr:0.05)
<_io.TextIOWrapper name='<stderr>' mode='w' encoding='utf-8'> node index is 323
train linear regression time:  0.04916108399629593
(average_diff:1.1102230246251565e-16, max_diff:1.1102230246251565e-16, training_epochs:500, lr:0.05)
<_io.TextIOWrapper name='<stderr>' mode='w' encoding='utf-8'> node index is 309
train linear regression time:  0.04959754133597016
(average_diff:0.058189501158174096, max_diff:0.10536508542147968, training_epochs:500, lr:0.05)
<_io.TextIOWrapper name='<stderr>' mode='w' encoding='utf-8'> node index is 297
train linear regression time:  0.0496505000628531
(average_diff:0.02422327147739603, max_diff:0.06289743112959831, training_epochs:500, lr:0.05)
<_io.TextIOWrapper name='<stderr>' mode='w' encoding='utf-8'> node index is 283
train linear regression time:  0.04723637504503131
(average_diff:0.04550538782198264, max_diff:0.13125108681349548, training_epochs:500, lr:0.05)
<_io.TextIOWrapper name='<stderr>' mode='w' encoding='utf-8'> node index is 267
train linear regression time:  0.04840945824980736
(average_diff:0.1170962837181383, max_diff:0.28987054078434865, training_epochs:500, lr:0.05)
<_io.TextIOWrapper name='<stderr>' mode='w' encoding='utf-8'> node index is 225
train linear regression time:  0.04894191678613424
(average_diff:0.2294082943582213, max_diff:0.44435508149100056, training_epochs:500, lr:0.05)
<_io.TextIOWrapper name='<stderr>' mode='w' encoding='utf-8'> node index is 211
train linear regression time:  0.04856487503275275
(average_diff:0.13412052930590504, max_diff:0.22847327039298504, training_epochs:500, lr:0.05)
<_io.TextIOWrapper name='<stderr>' mode='w' encoding='utf-8'> node index is 185
train linear regression time:  0.048844624776393175
(average_diff:0.1693543501205546, max_diff:0.44931634118214503, training_epochs:500, lr:0.05)
<_io.TextIOWrapper name='<stderr>' mode='w' encoding='utf-8'> node index is 177
train linear regression time:  0.048310207668691874
(average_diff:0.16938151201366694, max_diff:0.4073951390676187, training_epochs:500, lr:0.05)
<_io.TextIOWrapper name='<stderr>' mode='w' encoding='utf-8'> node index is 169
train linear regression time:  0.047811875119805336
(average_diff:0.0, max_diff:0.0, training_epochs:500, lr:0.05)
<_io.TextIOWrapper name='<stderr>' mode='w' encoding='utf-8'> node index is 159
train linear regression time:  0.047897042240947485
(average_diff:0.12820804770539246, max_diff:0.24651272985117567, training_epochs:500, lr:0.05)
<_io.TextIOWrapper name='<stderr>' mode='w' encoding='utf-8'> node index is 151
train linear regression time:  0.049177125096321106
(average_diff:0.034002904542218514, max_diff:0.0793589031928427, training_epochs:500, lr:0.05)
<_io.TextIOWrapper name='<stderr>' mode='w' encoding='utf-8'> node index is 135
train linear regression time:  0.04863137472420931
(average_diff:0.045703096708591136, max_diff:0.10910240320231818, training_epochs:500, lr:0.05)
<_io.TextIOWrapper name='<stderr>' mode='w' encoding='utf-8'> node index is 129
train linear regression time:  0.049175291787832975
(average_diff:0.03331525866507524, max_diff:0.09653089176618096, training_epochs:500, lr:0.05)
<_io.TextIOWrapper name='<stderr>' mode='w' encoding='utf-8'> node index is 119
train linear regression time:  0.053297583013772964
(average_diff:0.0411705691806534, max_diff:0.10574644137626432, training_epochs:500, lr:0.05)
<_io.TextIOWrapper name='<stderr>' mode='w' encoding='utf-8'> node index is 109
train linear regression time:  0.050206542015075684
(average_diff:0.04425952262656893, max_diff:0.16797364909516244, training_epochs:500, lr:0.05)
<_io.TextIOWrapper name='<stderr>' mode='w' encoding='utf-8'> node index is 99
train linear regression time:  0.04928174987435341
(average_diff:0.07774635527117076, max_diff:0.3395243642325593, training_epochs:500, lr:0.05)
<_io.TextIOWrapper name='<stderr>' mode='w' encoding='utf-8'> node index is 420
train linear regression time:  0.055908957961946726
<_io.TextIOWrapper name='<stderr>' mode='w' encoding='utf-8'> variance test passed, diff=0.025421202448260485, d = 0, back=0
<_io.TextIOWrapper name='<stderr>' mode='w' encoding='utf-8'> Will be split, p=0.025421202448260485, d=0, back=0
(average_diff:0.07853265751975025, max_diff:0.3518534878343283, training_epochs:500, lr:0.05)
<_io.TextIOWrapper name='<stderr>' mode='w' encoding='utf-8'> node index is 428
train linear regression time:  0.056342500261962414
(average_diff:5.551115123125783e-17, max_diff:5.551115123125783e-17, training_epochs:500, lr:0.05)
<_io.TextIOWrapper name='<stderr>' mode='w' encoding='utf-8'> node index is 429
train linear regression time:  0.048667249735444784
(average_diff:0.003778524140725714, max_diff:0.005642097843192806, training_epochs:500, lr:0.05)
<_io.TextIOWrapper name='<stderr>' mode='w' encoding='utf-8'> node index is 421
train linear regression time:  0.048557333182543516
(average_diff:0.0036876680271004333, max_diff:0.05682062113012565, training_epochs:500, lr:0.05)
<_io.TextIOWrapper name='<stderr>' mode='w' encoding='utf-8'> node index is 69
train linear regression time:  0.0486668748781085
(average_diff:0.07081224478529495, max_diff:0.20689407301441162, training_epochs:500, lr:0.05)
<_io.TextIOWrapper name='<stderr>' mode='w' encoding='utf-8'> node index is 61
train linear regression time:  0.04960079211741686
(average_diff:0.02607357864150875, max_diff:0.06169892059788642, training_epochs:500, lr:0.05)
<_io.TextIOWrapper name='<stderr>' mode='w' encoding='utf-8'> node index is 53
train linear regression time:  0.04931966634467244
(average_diff:0.0023398360791539543, max_diff:0.003550192432735133, training_epochs:500, lr:0.05)
<_io.TextIOWrapper name='<stderr>' mode='w' encoding='utf-8'> node index is 401
train linear regression time:  0.050682040862739086
(average_diff:0.0, max_diff:0.0, training_epochs:500, lr:0.05)
<_io.TextIOWrapper name='<stderr>' mode='w' encoding='utf-8'> node index is 387
train linear regression time:  0.0504503333941102
(average_diff:0.003228660507929755, max_diff:0.0048513930847478015, training_epochs:500, lr:0.05)
<_io.TextIOWrapper name='<stderr>' mode='w' encoding='utf-8'> node index is 375
train linear regression time:  0.057350624818354845
(average_diff:1.513123726315513e-08, max_diff:1.5867144487202722e-08, training_epochs:500, lr:0.05)
<_io.TextIOWrapper name='<stderr>' mode='w' encoding='utf-8'> node index is 361
train linear regression time:  0.058901417069137096
(average_diff:0.021279994749414666, max_diff:0.03755170769421534, training_epochs:500, lr:0.05)
<_io.TextIOWrapper name='<stderr>' mode='w' encoding='utf-8'> node index is 347
train linear regression time:  0.0629447503015399
(average_diff:0.04879719158656031, max_diff:0.07806380275009077, training_epochs:500, lr:0.05)
<_io.TextIOWrapper name='<stderr>' mode='w' encoding='utf-8'> node index is 311
train linear regression time:  0.05516287498176098
(average_diff:0.014595894166932336, max_diff:0.028844376995314946, training_epochs:500, lr:0.05)
<_io.TextIOWrapper name='<stderr>' mode='w' encoding='utf-8'> node index is 299
train linear regression time:  0.053811166901141405
(average_diff:0.13595929969833084, max_diff:0.33634845523263124, training_epochs:500, lr:0.05)
<_io.TextIOWrapper name='<stderr>' mode='w' encoding='utf-8'> node index is 285
train linear regression time:  0.05334145808592439
(average_diff:0.004589031143054728, max_diff:0.008097656245650453, training_epochs:500, lr:0.05)
<_io.TextIOWrapper name='<stderr>' mode='w' encoding='utf-8'> node index is 269
train linear regression time:  0.049031167291104794
(average_diff:0.001797073152761397, max_diff:0.0018579778978118355, training_epochs:500, lr:0.05)
<_io.TextIOWrapper name='<stderr>' mode='w' encoding='utf-8'> node index is 415
train linear regression time:  0.0495662079192698
(average_diff:8.006640988447722e-06, max_diff:8.066062024969511e-06, training_epochs:500, lr:0.05)
<_io.TextIOWrapper name='<stderr>' mode='w' encoding='utf-8'> node index is 411
train linear regression time:  0.0477593750692904
(average_diff:4.649058915617843e-15, max_diff:5.051514762044462e-15, training_epochs:500, lr:0.05)
<_io.TextIOWrapper name='<stderr>' mode='w' encoding='utf-8'> node index is 403
train linear regression time:  0.049667791929095984
(average_diff:2.0354088784794536e-16, max_diff:3.0531133177191805e-16, training_epochs:500, lr:0.05)
<_io.TextIOWrapper name='<stderr>' mode='w' encoding='utf-8'> node index is 389
train linear regression time:  0.04974637506529689
(average_diff:0.007206171869039897, max_diff:0.01143826276900839, training_epochs:500, lr:0.05)
<_io.TextIOWrapper name='<stderr>' mode='w' encoding='utf-8'> node index is 377
train linear regression time:  0.04911191714927554
(average_diff:5.551115123125783e-17, max_diff:5.551115123125783e-17, training_epochs:500, lr:0.05)
<_io.TextIOWrapper name='<stderr>' mode='w' encoding='utf-8'> node index is 363
train linear regression time:  0.04832529183477163
(average_diff:0.0, max_diff:0.0, training_epochs:500, lr:0.05)
<_io.TextIOWrapper name='<stderr>' mode='w' encoding='utf-8'> node index is 349
train linear regression time:  0.051767833065241575
(average_diff:0.045023315468105535, max_diff:0.0906905823329772, training_epochs:500, lr:0.05)
<_io.TextIOWrapper name='<stderr>' mode='w' encoding='utf-8'> node index is 335
train linear regression time:  0.04961887467652559
(average_diff:8.187253267196345e-07, max_diff:1.2170977333747501e-06, training_epochs:500, lr:0.05)
<_io.TextIOWrapper name='<stderr>' mode='w' encoding='utf-8'> node index is 325
train linear regression time:  0.04993066703900695
(average_diff:0.05496046483170491, max_diff:0.16161656539578118, training_epochs:500, lr:0.05)
<_io.TextIOWrapper name='<stderr>' mode='w' encoding='utf-8'> node index is 313
train linear regression time:  0.04991037491708994
(average_diff:0.16039505397468345, max_diff:0.47578814737738506, training_epochs:500, lr:0.05)
<_io.TextIOWrapper name='<stderr>' mode='w' encoding='utf-8'> node index is 424
train linear regression time:  0.057835625018924475
<_io.TextIOWrapper name='<stderr>' mode='w' encoding='utf-8'> variance test passed, diff=0.04024574806538382, d = 0, back=0
<_io.TextIOWrapper name='<stderr>' mode='w' encoding='utf-8'> variance test passed, diff=0.04041945366935162, d = 1, back=0
<_io.TextIOWrapper name='<stderr>' mode='w' encoding='utf-8'> Will be split, p=0.04041945366935162, d=1, back=0
(average_diff:0.1612024726599774, max_diff:0.46900457873442125, training_epochs:500, lr:0.05)
<_io.TextIOWrapper name='<stderr>' mode='w' encoding='utf-8'> node index is 430
train linear regression time:  0.05640662461519241
(average_diff:0.0802024718630489, max_diff:0.12222505211695975, training_epochs:500, lr:0.05)
<_io.TextIOWrapper name='<stderr>' mode='w' encoding='utf-8'> node index is 431
train linear regression time:  0.04816958401352167
(average_diff:5.551115123125783e-17, max_diff:5.551115123125783e-17, training_epochs:500, lr:0.05)
<_io.TextIOWrapper name='<stderr>' mode='w' encoding='utf-8'> node index is 425
train linear regression time:  0.04876470798626542
(average_diff:6.654272133310712e-10, max_diff:6.870567448302722e-10, training_epochs:500, lr:0.05)
<_io.TextIOWrapper name='<stderr>' mode='w' encoding='utf-8'> node index is 419
train linear regression time:  0.048256166744977236
(average_diff:1.1102230246251565e-16, max_diff:1.1102230246251565e-16, training_epochs:500, lr:0.05)
<_io.TextIOWrapper name='<stderr>' mode='w' encoding='utf-8'> node index is 413
train linear regression time:  0.04796816688030958
(average_diff:2.2088392226393694e-10, max_diff:2.2158119783455277e-10, training_epochs:500, lr:0.05)
<_io.TextIOWrapper name='<stderr>' mode='w' encoding='utf-8'> node index is 405
train linear regression time:  0.05215379223227501
(average_diff:1.1102230246251565e-16, max_diff:1.1102230246251565e-16, training_epochs:500, lr:0.05)
<_io.TextIOWrapper name='<stderr>' mode='w' encoding='utf-8'> node index is 391
train linear regression time:  0.048423083033412695
(average_diff:2.220446049250313e-16, max_diff:2.220446049250313e-16, training_epochs:500, lr:0.05)
<_io.TextIOWrapper name='<stderr>' mode='w' encoding='utf-8'> node index is 379
train linear regression time:  0.050307583063840866
(average_diff:0.02881898975090607, max_diff:0.05983688823304778, training_epochs:500, lr:0.05)
<_io.TextIOWrapper name='<stderr>' mode='w' encoding='utf-8'> node index is 365
train linear regression time:  0.0485080829821527
(average_diff:0.0, max_diff:0.0, training_epochs:500, lr:0.05)
<_io.TextIOWrapper name='<stderr>' mode='w' encoding='utf-8'> node index is 351
train linear regression time:  0.04889645799994469
(average_diff:2.7755575615628914e-17, max_diff:2.7755575615628914e-17, training_epochs:500, lr:0.05)
<_io.TextIOWrapper name='<stderr>' mode='w' encoding='utf-8'> node index is 337
train linear regression time:  0.04894558386877179
(average_diff:0.12815808484308833, max_diff:0.3984181117562344, training_epochs:500, lr:0.05)
<_io.TextIOWrapper name='<stderr>' mode='w' encoding='utf-8'> node index is 393
train linear regression time:  0.04982008412480354
(average_diff:1.6653345369377348e-16, max_diff:2.220446049250313e-16, training_epochs:500, lr:0.05)
<_io.TextIOWrapper name='<stderr>' mode='w' encoding='utf-8'> node index is 301
train linear regression time:  0.04884216608479619
(average_diff:4.931731338124005e-09, max_diff:7.135753099518638e-09, training_epochs:500, lr:0.05)
<_io.TextIOWrapper name='<stderr>' mode='w' encoding='utf-8'> node index is 271
train linear regression time:  0.048637582920491695
(average_diff:0.0885146835082634, max_diff:0.13207214260474556, training_epochs:500, lr:0.05)
<_io.TextIOWrapper name='<stderr>' mode='w' encoding='utf-8'> node index is 253
train linear regression time:  0.05089975008741021
(average_diff:1.086433727565117e-07, max_diff:1.588014847953012e-07, training_epochs:500, lr:0.05)
<_io.TextIOWrapper name='<stderr>' mode='w' encoding='utf-8'> node index is 227
train linear regression time:  0.05182412499561906
(average_diff:1.028905054489826e-07, max_diff:1.2923348791105127e-07, training_epochs:500, lr:0.05)
<_io.TextIOWrapper name='<stderr>' mode='w' encoding='utf-8'> node index is 213
train linear regression time:  0.0509214592166245
(average_diff:0.055020831204621486, max_diff:0.11136211760374856, training_epochs:500, lr:0.05)
<_io.TextIOWrapper name='<stderr>' mode='w' encoding='utf-8'> node index is 201
train linear regression time:  0.051045500207692385
(average_diff:0.0, max_diff:0.0, training_epochs:500, lr:0.05)
<_io.TextIOWrapper name='<stderr>' mode='w' encoding='utf-8'> node index is 193
train linear regression time:  0.04958670772612095
(average_diff:0.028950104976812562, max_diff:0.07342396276466223, training_epochs:500, lr:0.05)
<_io.TextIOWrapper name='<stderr>' mode='w' encoding='utf-8'> node index is 187
train linear regression time:  0.05313237477093935
(average_diff:0.031196187703407798, max_diff:0.06620626754113412, training_epochs:500, lr:0.05)
<_io.TextIOWrapper name='<stderr>' mode='w' encoding='utf-8'> node index is 179
train linear regression time:  0.04935487499460578
(average_diff:5.551115123125783e-17, max_diff:5.551115123125783e-17, training_epochs:500, lr:0.05)
<_io.TextIOWrapper name='<stderr>' mode='w' encoding='utf-8'> node index is 171
train linear regression time:  0.048352042213082314
(average_diff:0.01787203419651054, max_diff:0.035686975552160216, training_epochs:500, lr:0.05)
<_io.TextIOWrapper name='<stderr>' mode='w' encoding='utf-8'> node index is 161
train linear regression time:  0.04769716691225767
(average_diff:0.0, max_diff:0.0, training_epochs:500, lr:0.05)
<_io.TextIOWrapper name='<stderr>' mode='w' encoding='utf-8'> node index is 367
train linear regression time:  0.049047875218093395
(average_diff:0.0, max_diff:0.0, training_epochs:500, lr:0.05)
<_io.TextIOWrapper name='<stderr>' mode='w' encoding='utf-8'> node index is 353
train linear regression time:  0.048210750333964825
(average_diff:4.017813121093283e-08, max_diff:4.0644026699787617e-08, training_epochs:500, lr:0.05)
<_io.TextIOWrapper name='<stderr>' mode='w' encoding='utf-8'> node index is 339
train linear regression time:  0.04856787482276559
(average_diff:0.01875982600768278, max_diff:0.043286573199983636, training_epochs:500, lr:0.05)
<_io.TextIOWrapper name='<stderr>' mode='w' encoding='utf-8'> node index is 327
train linear regression time:  0.04847262520343065
(average_diff:3.15340738028802e-05, max_diff:5.810885606771787e-05, training_epochs:500, lr:0.05)
<_io.TextIOWrapper name='<stderr>' mode='w' encoding='utf-8'> node index is 315
train linear regression time:  0.04812112497165799
(average_diff:5.551115123125783e-17, max_diff:1.1102230246251565e-16, training_epochs:500, lr:0.05)
<_io.TextIOWrapper name='<stderr>' mode='w' encoding='utf-8'> node index is 303
train linear regression time:  0.04809383302927017
(average_diff:0.009927155014063226, max_diff:0.017246555070296377, training_epochs:500, lr:0.05)
<_io.TextIOWrapper name='<stderr>' mode='w' encoding='utf-8'> node index is 287
train linear regression time:  0.050654124934226274
(average_diff:9.71445146547012e-17, max_diff:1.1102230246251565e-16, training_epochs:500, lr:0.05)
<_io.TextIOWrapper name='<stderr>' mode='w' encoding='utf-8'> node index is 273
train linear regression time:  0.048594709020107985
(average_diff:0.008960618470409945, max_diff:0.017468124023597098, training_epochs:500, lr:0.05)
<_io.TextIOWrapper name='<stderr>' mode='w' encoding='utf-8'> node index is 255
train linear regression time:  0.04792545922100544
(average_diff:5.551115123125783e-17, max_diff:1.1102230246251565e-16, training_epochs:500, lr:0.05)
<_io.TextIOWrapper name='<stderr>' mode='w' encoding='utf-8'> node index is 241
train linear regression time:  0.048692707903683186
(average_diff:0.11725969232110685, max_diff:0.2758050616551361, training_epochs:500, lr:0.05)
<_io.TextIOWrapper name='<stderr>' mode='w' encoding='utf-8'> node index is 229
train linear regression time:  0.0484780827537179
(average_diff:0.008791425193908787, max_diff:0.01639276312568705, training_epochs:500, lr:0.05)
<_io.TextIOWrapper name='<stderr>' mode='w' encoding='utf-8'> node index is 215
train linear regression time:  0.05050029093399644
(average_diff:0.014896711702977275, max_diff:0.027055523725767916, training_epochs:500, lr:0.05)
<_io.TextIOWrapper name='<stderr>' mode='w' encoding='utf-8'> node index is 203
train linear regression time:  0.052961249835789204
(average_diff:0.00038041272572941764, max_diff:0.0005947510298025538, training_epochs:500, lr:0.05)
<_io.TextIOWrapper name='<stderr>' mode='w' encoding='utf-8'> node index is 195
train linear regression time:  0.0602722498588264
(average_diff:0.231863041258275, max_diff:0.3389534045021569, training_epochs:500, lr:0.05)
<_io.TextIOWrapper name='<stderr>' mode='w' encoding='utf-8'> node index is 7
train linear regression time:  0.05324208317324519
(average_diff:0.1133592160221994, max_diff:0.34143183135351796, training_epochs:500, lr:0.05)
<_io.TextIOWrapper name='<stderr>' mode='w' encoding='utf-8'> node index is 5
train linear regression time:  0.049552458338439465
testFringe time:  9.512369665782899
<_io.TextIOWrapper name='<stderr>' mode='w' encoding='utf-8'> =============== update finished ===============

*** Writing Game File 50***

<_io.TextIOWrapper name='../print_tree_record_numpy/print_DR_boost_linear_tree_split.txt' mode='w' encoding='UTF-8'> idx1(Q:0.4003, distinct_name:0, dictinctin_value:2.569683891588169, par:None)
	idx4(Q:0.4009, distinct_name:0, dictinctin_value:2.507749956207568, par:1)
		idx6(Q:0.4009, distinct_name:0, dictinctin_value:-0.050698982385153205, par:4)
			idx8(Q:0.4563, distinct_name:0, dictinctin_value:-0.5002368440471089, par:6)
				idx10(Q:0.5061, distinct_name:3, dictinctin_value:0.7373220788164561, par:8)
					idx12(Q:0.4802, distinct_name:1, dictinctin_value:0.8498558206992594, par:10)
						idx18(Q:0.4280, distinct_name:2, dictinctin_value:0.8559921607301466, par:12)
							idx24(Q:0.4205, distinct_name:0, dictinctin_value:-0.5901212893723445, par:18)
								idx30(Q:0.4284, distinct_name:2, dictinctin_value:0.5095422779981766, par:24)
									idx38(Q:0.4494, distinct_name:2, dictinctin_value:0.24909091887867726, par:30)
										idx44(Q:0.4793, distinct_name:2, dictinctin_value:-0.06052347242753761, par:38)
											idx54(Q:0.5313, distinct_name:2, dictinctin_value:-0.16873413911779458, par:44)
												idx62(Q:0.5539, distinct_name:2, dictinctin_value:-0.3117760123070312, par:54)
													idx70(Q:0.5939, distinct_name:2, dictinctin_value:-0.36929151673896154, par:62)
														idx76(Q:0.6150, distinct_name:2, dictinctin_value:-0.4513587540231024, par:70)
															idx82(Q:0.6508, distinct_name:2, dictinctin_value:-0.49926091712096626, par:76)
																idx90(Q:0.6689, distinct_name:2, dictinctin_value:-0.5261921216626007, par:82)
																	idx100(Q:0.6809, distinct_name:2, dictinctin_value:-0.5682634996789567, par:90)
																		idx110(Q:0.6955, distinct_name:2, dictinctin_value:-0.576514535000767, par:100)
																			idx120(Q:0.7000, par:110)
																			idx121(Q:0.4001, par:110)
																		idx111(Q:0.3583, par:100)
																	idx101(Q:0.3646, par:90)
																idx91(Q:0.3238, par:82)
															idx83(Q:0.2937, par:76)
														idx77(Q:0.2835, par:70)
													idx71(Q:0.2750, par:62)
												idx63(Q:0.2399, par:54)
											idx55(Q:0.2229, par:44)
										idx45(Q:0.2337, par:38)
									idx39(Q:0.3021, distinct_name:1, dictinctin_value:0.8040063207197937, par:30)
										idx426(Q:0.3000, par:39)
										idx427(Q:0.4094, par:39)
								idx31(Q:0.3452, par:24)
							idx25(Q:0.4630, distinct_name:0, dictinctin_value:-0.5389580903277561, par:18)
								idx216(Q:0.4663, distinct_name:0, dictinctin_value:-0.5573162410999996, par:25)
									idx230(Q:0.4689, distinct_name:0, dictinctin_value:-0.5917620279880862, par:216)
										idx242(Q:0.4784, distinct_name:1, dictinctin_value:0.8127647407611875, par:230)
											idx256(Q:0.4711, distinct_name:0, dictinctin_value:-0.6131626140571143, par:242)
												idx288(Q:0.4749, distinct_name:0, dictinctin_value:-0.7076582377440916, par:256)
													idx304(Q:0.4919, distinct_name:0, dictinctin_value:-0.717862250694298, par:288)
														idx316(Q:0.4965, distinct_name:0, dictinctin_value:-0.7734253050900186, par:304)
															idx328(Q:0.5014, distinct_name:0, dictinctin_value:-0.7970945326559435, par:316)
																idx340(Q:0.5039, distinct_name:3, dictinctin_value:0.6595389343928215, par:328)
																	idx354(Q:0.4954, distinct_name:3, dictinctin_value:0.6186331758365281, par:340)
																		idx368(Q:0.4880, distinct_name:3, dictinctin_value:0.5952455969358141, par:354)
																			idx380(Q:0.4898, par:368)
																			idx381(Q:0.3866, par:368)
																		idx369(Q:0.9254, par:354)
																	idx355(Q:0.8422, par:340)
																idx341(Q:0.3979, par:328)
															idx329(Q:0.3740, par:316)
														idx317(Q:0.3428, par:304)
													idx305(Q:0.2681, par:288)
												idx289(Q:0.1966, par:256)
											idx257(Q:0.6915, par:242)
										idx243(Q:0.2637, par:230)
									idx231(Q:0.3288, par:216)
								idx217(Q:0.3872, par:25)
						idx19(Q:0.7089, distinct_name:0, dictinctin_value:-0.5046072639210131, par:12)
							idx152(Q:0.7087, distinct_name:2, dictinctin_value:1.74305991171075, par:19)
								idx162(Q:0.6985, distinct_name:2, dictinctin_value:1.5651912903147052, par:152)
									idx172(Q:0.6868, distinct_name:2, dictinctin_value:1.0939968976733132, par:162)
										idx180(Q:0.6630, distinct_name:2, dictinctin_value:0.9064820637809338, par:172)
											idx188(Q:0.6498, distinct_name:2, dictinctin_value:0.8130327408821636, par:180)
												idx196(Q:0.6432, distinct_name:2, dictinctin_value:0.714578820015968, par:188)
													idx204(Q:0.6411, distinct_name:0, dictinctin_value:-0.5137296726081428, par:196)
														idx218(Q:0.6419, distinct_name:2, dictinctin_value:0.4860989258104936, par:204)
															idx232(Q:0.6416, distinct_name:1, dictinctin_value:2.2330900660097845, par:218)
																idx244(Q:0.6333, distinct_name:2, dictinctin_value:0.44559578649865966, par:232)
																	idx258(Q:0.6260, distinct_name:2, dictinctin_value:0.32419638005931734, par:244)
																		idx274(Q:0.6254, distinct_name:0, dictinctin_value:-0.5233031664270825, par:258)
																			idx290(Q:0.6254, par:274)
																			idx291(Q:0.6173, par:274)
																		idx275(Q:0.6453, par:258)
																	idx259(Q:0.9001, par:244)
																idx245(Q:0.9544, par:232)
															idx233(Q:0.6464, par:218)
														idx219(Q:0.5718, par:204)
													idx205(Q:0.7042, par:196)
												idx197(Q:0.8789, par:188)
											idx189(Q:0.8989, par:180)
										idx181(Q:1.0086, par:172)
									idx173(Q:0.9934, par:162)
								idx163(Q:1.0699, par:152)
							idx153(Q:0.7365, par:19)
					idx13(Q:0.5857, distinct_name:2, dictinctin_value:1.929601246827043, par:10)
						idx92(Q:0.5723, distinct_name:1, dictinctin_value:1.2557733390904973, par:13)
							idx102(Q:0.5424, distinct_name:2, dictinctin_value:1.4527612583425853, par:92)
								idx112(Q:0.5249, distinct_name:2, dictinctin_value:1.3531114404933846, par:102)
									idx122(Q:0.5223, distinct_name:2, dictinctin_value:1.0639310625609943, par:112)
										idx130(Q:0.5104, distinct_name:2, dictinctin_value:0.8759607452183222, par:122)
											idx136(Q:0.5055, distinct_name:2, dictinctin_value:0.6228991526328211, par:130)
												idx142(Q:0.5017, distinct_name:2, dictinctin_value:0.4885947458466264, par:136)
													idx146(Q:0.4920, distinct_name:1, dictinctin_value:1.1059975491047376, par:142)
														idx148(Q:0.4838, distinct_name:3, dictinctin_value:2.363964647313972, par:146)
															idx154(Q:0.4748, distinct_name:3, dictinctin_value:1.536573712246935, par:148)
																idx164(Q:0.4514, distinct_name:1, dictinctin_value:0.49075596239548774, par:154)
																	idx206(Q:0.4220, distinct_name:3, dictinctin_value:1.525286896575752, par:164)
																		idx220(Q:0.4221, distinct_name:2, dictinctin_value:0.38874536608000104, par:206)
																			idx234(Q:0.4258, par:220)
																			idx235(Q:0.2794, par:220)
																		idx221(Q:0.4195, par:206)
																	idx207(Q:0.6173, par:164)
																idx165(Q:0.5892, par:154)
															idx155(Q:0.7353, par:148)
														idx149(Q:0.7311, par:146)
													idx147(Q:0.5982, par:142)
												idx143(Q:0.5533, par:136)
											idx137(Q:0.6190, par:130)
										idx131(Q:0.7189, par:122)
									idx123(Q:0.6170, par:112)
								idx113(Q:0.8578, par:102)
							idx103(Q:0.9384, par:92)
						idx93(Q:1.0393, par:13)
				idx11(Q:0.3702, distinct_name:3, dictinctin_value:1.284568987543642, par:8)
					idx32(Q:0.3452, distinct_name:3, dictinctin_value:0.5763111575206541, par:11)
						idx40(Q:0.3319, distinct_name:2, dictinctin_value:1.4159847670297276, par:32)
							idx46(Q:0.3234, distinct_name:2, dictinctin_value:0.8764611652526798, par:40)
								idx56(Q:0.3312, distinct_name:2, dictinctin_value:0.6776552612944613, par:46)
									idx64(Q:0.3358, distinct_name:0, dictinctin_value:-0.10007893227380851, par:56)
										idx72(Q:0.3347, distinct_name:2, dictinctin_value:0.481251420222257, par:64)
											idx78(Q:0.3474, distinct_name:2, dictinctin_value:0.43236682950932387, par:72)
												idx84(Q:0.3527, distinct_name:2, dictinctin_value:0.2322739018313544, par:78)
													idx94(Q:0.3759, distinct_name:2, dictinctin_value:0.1692901075380102, par:84)
														idx104(Q:0.3868, distinct_name:2, dictinctin_value:0.044622068949871425, par:94)
															idx114(Q:0.4071, distinct_name:2, dictinctin_value:-0.04421252452423217, par:104)
																idx124(Q:0.4292, distinct_name:2, dictinctin_value:-0.12551407150931976, par:114)
																	idx132(Q:0.4487, distinct_name:2, dictinctin_value:-0.16179863391045127, par:124)
																		idx138(Q:0.4591, distinct_name:2, dictinctin_value:-0.1987692173924826, par:132)
																			idx144(Q:0.4786, par:138)
																			idx145(Q:0.1550, par:138)
																		idx139(Q:0.1641, par:132)
																	idx133(Q:0.1786, par:124)
																idx125(Q:0.1281, par:114)
															idx115(Q:0.1779, par:104)
														idx105(Q:0.1652, par:94)
													idx95(Q:0.1362, par:84)
												idx85(Q:0.1631, par:78)
											idx79(Q:0.1920, par:72)
										idx73(Q:0.3469, par:64)
									idx65(Q:0.2745, par:56)
								idx57(Q:0.2732, par:46)
							idx47(Q:0.4199, par:40)
						idx41(Q:0.4014, distinct_name:3, dictinctin_value:1.2541204520301295, par:32)
							idx246(Q:0.3955, distinct_name:0, dictinctin_value:-0.05401988313827026, par:41)
								idx260(Q:0.3933, distinct_name:2, dictinctin_value:2.0807886731763334, par:246)
									idx276(Q:0.3856, distinct_name:2, dictinctin_value:1.8994422532815647, par:260)
										idx292(Q:0.3788, distinct_name:1, dictinctin_value:1.2716943858922887, par:276)
											idx306(Q:0.3617, distinct_name:2, dictinctin_value:1.8085097405850585, par:292)
												idx318(Q:0.3507, distinct_name:0, dictinctin_value:-0.06832580226386262, par:306)
													idx330(Q:0.3475, distinct_name:1, dictinctin_value:1.0161843934440484, par:318)
														idx342(Q:0.3404, distinct_name:0, dictinctin_value:-0.11082738421514442, par:330)
															idx356(Q:0.3443, distinct_name:0, dictinctin_value:-0.1239714467724242, par:342)
																idx370(Q:0.3460, distinct_name:1, dictinctin_value:0.8661774768232812, par:356)
																	idx382(Q:0.3408, distinct_name:0, dictinctin_value:-0.13038566790821624, par:370)
																		idx396(Q:0.3376, distinct_name:1, dictinctin_value:0.7685182247259327, par:382)
																			idx406(Q:0.3305, par:396)
																			idx407(Q:0.5249, par:396)
																		idx397(Q:0.6955, par:382)
																	idx383(Q:0.5360, par:370)
																idx371(Q:0.1581, par:356)
															idx357(Q:0.2765, par:342)
														idx343(Q:0.4915, par:330)
													idx331(Q:0.5556, par:318)
												idx319(Q:0.8384, par:306)
											idx307(Q:0.6052, par:292)
										idx293(Q:0.8758, par:276)
									idx277(Q:0.9535, par:260)
								idx261(Q:0.5523, par:246)
							idx247(Q:0.6228, par:41)
					idx33(Q:0.5742, par:11)
			idx9(Q:0.3478, distinct_name:1, dictinctin_value:1.4532912275447858, par:6)
				idx14(Q:0.3303, distinct_name:0, dictinctin_value:0.6708677617788001, par:9)
					idx16(Q:0.3480, distinct_name:0, dictinctin_value:0.5219929201544601, par:14)
						idx20(Q:0.3487, distinct_name:0, dictinctin_value:0.38200451643824146, par:16)
							idx26(Q:0.3581, distinct_name:0, dictinctin_value:0.29175973898130836, par:20)
								idx34(Q:0.3606, distinct_name:3, dictinctin_value:1.2405945003824483, par:26)
									idx42(Q:0.3279, distinct_name:2, dictinctin_value:1.6139678071673451, par:34)
										idx48(Q:0.3223, distinct_name:1, dictinctin_value:1.0148453699076618, par:42)
											idx58(Q:0.3092, distinct_name:2, dictinctin_value:0.8422101128546527, par:48)
												idx66(Q:0.3151, distinct_name:2, dictinctin_value:0.5718071591898053, par:58)
													idx74(Q:0.3288, distinct_name:2, dictinctin_value:0.3335199702259944, par:66)
														idx80(Q:0.3560, distinct_name:2, dictinctin_value:0.2585267021680285, par:74)
															idx86(Q:0.3636, distinct_name:2, dictinctin_value:0.13295569297273957, par:80)
																idx96(Q:0.3820, distinct_name:2, dictinctin_value:0.0933394603867821, par:86)
																	idx106(Q:0.3886, distinct_name:2, dictinctin_value:0.047951172568074005, par:96)
																		idx116(Q:0.3978, distinct_name:2, dictinctin_value:-0.0025517231675584334, par:106)
																			idx126(Q:0.4042, par:116)
																			idx127(Q:0.1245, par:116)
																		idx117(Q:0.1672, par:106)
																	idx107(Q:0.1183, par:96)
																idx97(Q:0.1279, par:86)
															idx87(Q:0.1781, par:80)
														idx81(Q:0.1519, par:74)
													idx75(Q:0.1794, par:66)
												idx67(Q:0.2758, par:58)
											idx59(Q:0.4584, par:48)
										idx49(Q:0.4321, par:42)
									idx43(Q:0.5694, par:34)
								idx35(Q:0.3478, distinct_name:1, dictinctin_value:1.344826515865718, par:26)
									idx236(Q:0.3456, distinct_name:3, dictinctin_value:1.6897348587436034, par:35)
										idx248(Q:0.3358, distinct_name:1, dictinctin_value:1.2341402111364463, par:236)
											idx262(Q:0.3375, distinct_name:3, dictinctin_value:1.3356049450605056, par:248)
												idx278(Q:0.3375, distinct_name:2, dictinctin_value:1.6241822054726756, par:262)
													idx294(Q:0.3262, distinct_name:0, dictinctin_value:0.3731119474318981, par:278)
														idx320(Q:0.3221, distinct_name:3, dictinctin_value:1.2759579982069145, par:294)
															idx344(Q:0.3095, distinct_name:0, dictinctin_value:0.37304242798500226, par:320)
																idx358(Q:0.3093, distinct_name:0, dictinctin_value:0.3707677109507447, par:344)
																	idx372(Q:0.3141, distinct_name:0, dictinctin_value:0.3697040787425107, par:358)
																		idx384(Q:0.3134, distinct_name:2, dictinctin_value:1.3789177574365135, par:372)
																			idx398(Q:0.3071, par:384)
																			idx399(Q:0.4885, par:384)
																		idx385(Q:0.3531, par:372)
																	idx373(Q:0.1232, par:358)
																idx359(Q:0.3297, par:344)
															idx345(Q:0.7029, par:320)
														idx321(Q:0.4278, par:294)
													idx295(Q:0.5491, par:278)
												idx279(Q:0.3342, par:262)
											idx263(Q:0.2222, par:248)
										idx249(Q:0.6936, par:236)
									idx237(Q:0.5098, par:35)
							idx27(Q:0.3154, distinct_name:2, dictinctin_value:1.5527241962490086, par:20)
								idx156(Q:0.3114, distinct_name:0, dictinctin_value:0.5137061072990365, par:27)
									idx166(Q:0.3161, distinct_name:0, dictinctin_value:0.5083060291160676, par:156)
										idx174(Q:0.3166, distinct_name:1, dictinctin_value:1.235555391656205, par:166)
											idx182(Q:0.3161, distinct_name:0, dictinctin_value:0.499318407708209, par:174)
												idx190(Q:0.3201, distinct_name:3, dictinctin_value:1.6437138459193195, par:182)
													idx198(Q:0.3163, distinct_name:0, dictinctin_value:0.4978828276393789, par:190)
														idx208(Q:0.3196, distinct_name:2, dictinctin_value:1.3588453420210258, par:198)
															idx222(Q:0.3184, distinct_name:2, dictinctin_value:0.9721483625475897, par:208)
																idx238(Q:0.3204, distinct_name:0, dictinctin_value:0.4972801494332726, par:222)
																	idx250(Q:0.3170, distinct_name:2, dictinctin_value:0.944961054171824, par:238)
																		idx264(Q:0.3222, distinct_name:2, dictinctin_value:0.872803430709856, par:250)
																			idx280(Q:0.3275, par:264)
																			idx281(Q:0.2171, par:264)
																		idx265(Q:0.0703, par:250)
																	idx251(Q:0.5718, par:238)
																idx239(Q:0.2850, par:222)
															idx223(Q:0.3459, par:208)
														idx209(Q:0.1809, par:198)
													idx199(Q:0.5336, par:190)
												idx191(Q:0.2632, par:182)
											idx183(Q:0.3320, par:174)
										idx175(Q:0.3017, par:166)
									idx167(Q:0.2568, par:156)
								idx157(Q:0.4384, par:27)
						idx21(Q:0.3448, distinct_name:1, dictinctin_value:1.3201670622027022, par:16)
							idx150(Q:0.3421, distinct_name:1, dictinctin_value:1.2234607090751204, par:21)
								idx158(Q:0.3427, distinct_name:1, dictinctin_value:1.0226433736171432, par:150)
									idx168(Q:0.3333, distinct_name:0, dictinctin_value:0.6649352976939671, par:158)
										idx176(Q:0.3299, distinct_name:2, dictinctin_value:1.8028367177150562, par:168)
											idx184(Q:0.3258, distinct_name:3, dictinctin_value:1.321083281680176, par:176)
												idx210(Q:0.2990, distinct_name:1, dictinctin_value:0.7493197611500411, par:184)
													idx224(Q:0.2995, distinct_name:2, dictinctin_value:1.1954012588052898, par:210)
														idx266(Q:0.3004, distinct_name:1, dictinctin_value:0.6035401367847275, par:224)
															idx282(Q:0.3070, distinct_name:1, dictinctin_value:0.5166827335099701, par:266)
																idx296(Q:0.3130, distinct_name:0, dictinctin_value:0.663963378246939, par:282)
																	idx308(Q:0.3096, distinct_name:0, dictinctin_value:0.6638782806630827, par:296)
																		idx322(Q:0.3065, distinct_name:2, dictinctin_value:1.1091905022156634, par:308)
																			idx332(Q:0.3099, par:322)
																			idx333(Q:0.1554, par:322)
																		idx323(Q:0.7405, par:308)
																	idx309(Q:0.7765, par:296)
																idx297(Q:0.1679, par:282)
															idx283(Q:0.1419, par:266)
														idx267(Q:0.2888, par:224)
													idx225(Q:0.2940, par:210)
												idx211(Q:0.5937, par:184)
											idx185(Q:0.4474, par:176)
										idx177(Q:0.4192, par:168)
									idx169(Q:0.5420, par:158)
								idx159(Q:0.2851, par:150)
							idx151(Q:0.4182, par:21)
					idx17(Q:0.3112, distinct_name:3, dictinctin_value:0.8871619234739136, par:14)
						idx22(Q:0.2824, distinct_name:1, dictinctin_value:0.895274831679809, par:17)
							idx28(Q:0.2661, distinct_name:3, dictinctin_value:0.4147697243292515, par:22)
								idx36(Q:0.2582, distinct_name:3, dictinctin_value:-0.009439492879810042, par:28)
									idx50(Q:0.2557, distinct_name:0, dictinctin_value:2.3121117874404824, par:36)
										idx52(Q:0.2571, distinct_name:0, dictinctin_value:1.9483716250181808, par:50)
											idx60(Q:0.2593, distinct_name:3, dictinctin_value:-0.018025248765568658, par:52)
												idx68(Q:0.2679, distinct_name:2, dictinctin_value:0.8033765660185509, par:60)
													idx88(Q:0.2725, distinct_name:2, dictinctin_value:0.6003623148969123, par:68)
														idx98(Q:0.2810, distinct_name:2, dictinctin_value:0.5329635912790776, par:88)
															idx108(Q:0.2885, distinct_name:2, dictinctin_value:0.3621996786015208, par:98)
																idx118(Q:0.3043, distinct_name:3, dictinctin_value:-0.05260374571449391, par:108)
																	idx128(Q:0.3068, distinct_name:2, dictinctin_value:0.22149263805201816, par:118)
																		idx134(Q:0.3208, distinct_name:2, dictinctin_value:0.13324256965432388, par:128)
																			idx140(Q:0.3340, par:134)
																			idx141(Q:0.1375, par:134)
																		idx135(Q:0.1489, par:128)
																	idx129(Q:0.2486, par:118)
																idx119(Q:0.1465, par:108)
															idx109(Q:0.1542, par:98)
														idx99(Q:0.1689, par:88)
													idx89(Q:0.2541, distinct_name:0, dictinctin_value:1.9001636825637473, par:68)
														idx420(Q:0.2514, distinct_name:0, dictinctin_value:1.8970534364477791, par:89)
															idx428(Q:0.2517, par:420)
															idx429(Q:0.2144, par:420)
														idx421(Q:0.2937, par:89)
												idx69(Q:0.1902, par:60)
											idx61(Q:0.2138, par:52)
										idx53(Q:0.1623, par:50)
									idx51(Q:0.2672, distinct_name:0, dictinctin_value:2.2255864685353126, par:36)
										idx268(Q:0.2657, distinct_name:0, dictinctin_value:1.8770234609938123, par:51)
											idx284(Q:0.2649, distinct_name:1, dictinctin_value:0.8208254329434517, par:268)
												idx298(Q:0.2665, distinct_name:0, dictinctin_value:1.7199871451158526, par:284)
													idx310(Q:0.2694, distinct_name:3, dictinctin_value:0.39481973457279324, par:298)
														idx346(Q:0.2711, distinct_name:2, dictinctin_value:2.0591657816242117, par:310)
															idx360(Q:0.2635, distinct_name:2, dictinctin_value:1.6416632040499568, par:346)
																idx374(Q:0.2630, distinct_name:0, dictinctin_value:1.6846076849979201, par:360)
																	idx386(Q:0.2635, distinct_name:2, dictinctin_value:1.5364517172370076, par:374)
																		idx400(Q:0.2655, distinct_name:2, dictinctin_value:1.321416179085615, par:386)
																			idx408(Q:0.2625, par:400)
																			idx409(Q:0.3535, par:400)
																		idx401(Q:0.1825, par:386)
																	idx387(Q:0.2080, par:374)
																idx375(Q:0.2773, par:360)
															idx361(Q:0.7517, par:346)
														idx347(Q:0.2259, par:310)
													idx311(Q:0.1886, par:298)
												idx299(Q:0.2215, par:284)
											idx285(Q:0.2809, par:268)
										idx269(Q:0.3223, par:51)
								idx37(Q:0.3051, distinct_name:1, dictinctin_value:0.7946772031835798, par:28)
									idx312(Q:0.2995, distinct_name:2, dictinctin_value:1.9378572482198, par:37)
										idx324(Q:0.2892, distinct_name:0, dictinctin_value:2.1880833067537604, par:312)
											idx334(Q:0.2918, distinct_name:0, dictinctin_value:2.1673152418059, par:324)
												idx348(Q:0.2868, distinct_name:0, dictinctin_value:2.0644684179947266, par:334)
													idx362(Q:0.2855, distinct_name:2, dictinctin_value:1.6060442338491094, par:348)
														idx376(Q:0.2777, distinct_name:0, dictinctin_value:1.8821116949330967, par:362)
															idx388(Q:0.2788, distinct_name:2, dictinctin_value:1.5867185725408008, par:376)
																idx402(Q:0.2791, distinct_name:0, dictinctin_value:1.8162737627685595, par:388)
																	idx410(Q:0.2822, distinct_name:2, dictinctin_value:1.474613989336331, par:402)
																		idx414(Q:0.2742, distinct_name:2, dictinctin_value:1.322085439542282, par:410)
																			idx422(Q:0.2742, par:414)
																			idx423(Q:0.2744, par:414)
																		idx415(Q:0.7277, par:410)
																	idx411(Q:0.1050, par:402)
																idx403(Q:0.2603, par:388)
															idx389(Q:0.2323, par:376)
														idx377(Q:0.6011, par:362)
													idx363(Q:0.3687, par:348)
												idx349(Q:0.9252, par:334)
											idx335(Q:0.2062, par:324)
										idx325(Q:0.7470, par:312)
									idx313(Q:0.4133, par:37)
							idx29(Q:0.3916, distinct_name:0, dictinctin_value:2.44084525907838, par:22)
								idx336(Q:0.3928, distinct_name:0, dictinctin_value:2.3332385876998147, par:29)
									idx350(Q:0.3933, distinct_name:2, dictinctin_value:1.313989803673234, par:336)
										idx364(Q:0.3695, distinct_name:2, dictinctin_value:1.2075088067941002, par:350)
											idx378(Q:0.3656, distinct_name:0, dictinctin_value:2.3276851139515355, par:364)
												idx390(Q:0.3641, distinct_name:2, dictinctin_value:1.1566628366759308, par:378)
													idx404(Q:0.3605, distinct_name:2, dictinctin_value:1.049026714172236, par:390)
														idx412(Q:0.3568, distinct_name:2, dictinctin_value:1.0138168631315498, par:404)
															idx418(Q:0.3541, distinct_name:0, dictinctin_value:2.3136303024689413, par:412)
																idx424(Q:0.3541, distinct_name:1, dictinctin_value:1.4142431093508798, par:418)
																	idx430(Q:0.3597, par:424)
																	idx431(Q:0.1674, par:424)
																idx425(Q:0.3611, par:418)
															idx419(Q:0.4940, par:412)
														idx413(Q:0.5554, par:404)
													idx405(Q:0.5629, par:390)
												idx391(Q:0.5313, par:378)
											idx379(Q:0.5828, par:364)
										idx365(Q:0.6919, par:350)
									idx351(Q:0.3317, par:336)
								idx337(Q:0.2493, par:29)
						idx23(Q:0.4613, distinct_name:0, dictinctin_value:2.1444723574903684, par:17)
							idx160(Q:0.4615, distinct_name:0, dictinctin_value:2.133798778100152, par:23)
								idx170(Q:0.4622, distinct_name:2, dictinctin_value:1.564504591409782, par:160)
									idx178(Q:0.4351, distinct_name:2, dictinctin_value:1.4113473869711974, par:170)
										idx186(Q:0.4298, distinct_name:0, dictinctin_value:2.1063540893171067, par:178)
											idx192(Q:0.4305, distinct_name:2, dictinctin_value:1.2195161175228741, par:186)
												idx200(Q:0.4263, distinct_name:0, dictinctin_value:1.9676721667093595, par:192)
													idx212(Q:0.4236, distinct_name:0, dictinctin_value:1.8926417272552991, par:200)
														idx226(Q:0.4274, distinct_name:0, dictinctin_value:1.7713311316515392, par:212)
															idx252(Q:0.4339, distinct_name:1, dictinctin_value:1.3213229930390704, par:226)
																idx270(Q:0.4295, distinct_name:0, dictinctin_value:1.7442155745503336, par:252)
																	idx300(Q:0.4262, distinct_name:0, dictinctin_value:1.3536781616204123, par:270)
																		idx392(Q:0.4214, distinct_name:0, dictinctin_value:1.2274516322533688, par:300)
																			idx416(Q:0.4204, par:392)
																			idx417(Q:0.4323, par:392)
																		idx393(Q:0.4505, par:300)
																	idx301(Q:0.6548, par:270)
																idx271(Q:0.6417, par:252)
															idx253(Q:0.2398, par:226)
														idx227(Q:0.2344, par:212)
													idx213(Q:0.5294, par:200)
												idx201(Q:0.5248, par:192)
											idx193(Q:0.3129, par:186)
										idx187(Q:0.6087, par:178)
									idx179(Q:0.8746, par:170)
								idx171(Q:0.3511, par:160)
							idx161(Q:0.4501, par:23)
				idx15(Q:0.5805, distinct_name:2, dictinctin_value:1.9938158806166744, par:9)
					idx194(Q:0.5727, distinct_name:3, dictinctin_value:2.0149638943737203, par:15)
						idx202(Q:0.5605, distinct_name:3, dictinctin_value:1.626087400144554, par:194)
							idx214(Q:0.5542, distinct_name:1, dictinctin_value:2.6727016574162166, par:202)
								idx228(Q:0.5330, distinct_name:2, dictinctin_value:1.776904010924299, par:214)
									idx240(Q:0.5281, distinct_name:2, dictinctin_value:1.4203463682180766, par:228)
										idx254(Q:0.5127, distinct_name:0, dictinctin_value:2.115573493736756, par:240)
											idx272(Q:0.5134, distinct_name:2, dictinctin_value:1.306259966260203, par:254)
												idx286(Q:0.5031, distinct_name:2, dictinctin_value:1.2529155214914378, par:272)
													idx302(Q:0.4986, distinct_name:2, dictinctin_value:0.808199081795812, par:286)
														idx314(Q:0.4876, distinct_name:2, dictinctin_value:0.7214446989843575, par:302)
															idx326(Q:0.4792, distinct_name:2, dictinctin_value:0.7041168221107604, par:314)
																idx338(Q:0.4773, distinct_name:0, dictinctin_value:2.1110030599556926, par:326)
																	idx352(Q:0.4784, distinct_name:0, dictinctin_value:2.0312710900603177, par:338)
																		idx366(Q:0.4768, distinct_name:2, dictinctin_value:0.6878681581259294, par:352)
																			idx394(Q:0.4726, par:366)
																			idx395(Q:0.7374, par:366)
																		idx367(Q:0.6738, par:352)
																	idx353(Q:0.3397, par:338)
																idx339(Q:0.6013, par:326)
															idx327(Q:0.7013, par:314)
														idx315(Q:0.8655, par:302)
													idx303(Q:0.8104, par:286)
												idx287(Q:0.7985, par:272)
											idx273(Q:0.4635, par:254)
										idx255(Q:0.9036, par:240)
									idx241(Q:0.9017, par:228)
								idx229(Q:0.8510, par:214)
							idx215(Q:0.7711, par:202)
						idx203(Q:0.9177, par:194)
					idx195(Q:1.0366, par:15)
		idx7(Q:0.3852, par:4)
	idx5(Q:0.2994, par:1)
