WARNING:tensorflow:From /Users/keithwu/opt/anaconda3/envs/auction-gym/lib/python3.10/site-packages/tensorflow/python/compat/v2_compat.py:107: disable_resource_variables (from tensorflow.python.ops.variable_scope) is deprecated and will be removed in a future version.
Instructions for updating:
non-resource variables are not supported in the long term
<_io.TextIOWrapper name='<stderr>' mode='w' encoding='utf-8'> reading from ../UTree_model_numpy/DR/model_boost_linear_qsplit_noabs_save/, starting at 23
<_io.TextIOWrapper name='<stderr>' mode='w' encoding='utf-8'> =============== update starts ===============
(average_diff:0.0011885797824637754, max_diff:0.0024821534336411655, training_epochs:500, lr:0.05)
<_io.TextIOWrapper name='<stderr>' mode='w' encoding='utf-8'> node index is 111
train linear regression time:  0.04891308303922415
(average_diff:0.0007117385877651872, max_diff:0.0008635747940207161, training_epochs:500, lr:0.05)
<_io.TextIOWrapper name='<stderr>' mode='w' encoding='utf-8'> node index is 101
train linear regression time:  0.04825837491080165
(average_diff:0.001770498725873898, max_diff:0.002633311637340263, training_epochs:500, lr:0.05)
<_io.TextIOWrapper name='<stderr>' mode='w' encoding='utf-8'> node index is 91
train linear regression time:  0.04801416676491499
(average_diff:0.02356225162201548, max_diff:0.11349580633613418, training_epochs:500, lr:0.05)
<_io.TextIOWrapper name='<stderr>' mode='w' encoding='utf-8'> node index is 83
train linear regression time:  0.04771387483924627
(average_diff:0.030936357192194727, max_diff:0.10292366394981667, training_epochs:500, lr:0.05)
<_io.TextIOWrapper name='<stderr>' mode='w' encoding='utf-8'> node index is 77
train linear regression time:  0.047968792263418436
(average_diff:0.03478961545784732, max_diff:0.11549365832000796, training_epochs:500, lr:0.05)
<_io.TextIOWrapper name='<stderr>' mode='w' encoding='utf-8'> node index is 71
train linear regression time:  0.048404707573354244
(average_diff:0.049648223962453296, max_diff:0.12289418561817764, training_epochs:500, lr:0.05)
<_io.TextIOWrapper name='<stderr>' mode='w' encoding='utf-8'> node index is 63
train linear regression time:  0.04920683288946748
(average_diff:0.05584009716692189, max_diff:0.14340679303235782, training_epochs:500, lr:0.05)
<_io.TextIOWrapper name='<stderr>' mode='w' encoding='utf-8'> node index is 55
train linear regression time:  0.04998987494036555
(average_diff:0.07041229856845084, max_diff:0.22131435121725096, training_epochs:500, lr:0.05)
<_io.TextIOWrapper name='<stderr>' mode='w' encoding='utf-8'> node index is 45
train linear regression time:  0.049516583792865276
(average_diff:0.05955023396727091, max_diff:0.19034218106523582, training_epochs:500, lr:0.05)
<_io.TextIOWrapper name='<stderr>' mode='w' encoding='utf-8'> node index is 39
train linear regression time:  0.049516874831169844
(average_diff:0.09412246228784835, max_diff:0.210532011869282, training_epochs:500, lr:0.05)
<_io.TextIOWrapper name='<stderr>' mode='w' encoding='utf-8'> node index is 31
train linear regression time:  0.0505320830270648
(average_diff:0.06816664388357156, max_diff:0.3897785085852513, training_epochs:500, lr:0.05)
<_io.TextIOWrapper name='<stderr>' mode='w' encoding='utf-8'> node index is 25
train linear regression time:  0.04935012524947524
(average_diff:0.17550774530531726, max_diff:0.584423586146723, training_epochs:500, lr:0.05)
<_io.TextIOWrapper name='<stderr>' mode='w' encoding='utf-8'> node index is 19
train linear regression time:  0.05783154163509607
<_io.TextIOWrapper name='<stderr>' mode='w' encoding='utf-8'> variance test passed, diff=0.0671831183957845, d = 0, back=0
<_io.TextIOWrapper name='<stderr>' mode='w' encoding='utf-8'> Will be split, p=0.0671831183957845, d=0, back=0
(average_diff:0.1764387423273031, max_diff:0.5811388947262046, training_epochs:500, lr:0.05)
<_io.TextIOWrapper name='<stderr>' mode='w' encoding='utf-8'> node index is 152
train linear regression time:  0.05620641587302089
(average_diff:0.0, max_diff:0.0, training_epochs:500, lr:0.05)
<_io.TextIOWrapper name='<stderr>' mode='w' encoding='utf-8'> node index is 153
train linear regression time:  0.04891187511384487
(average_diff:0.13249066609304658, max_diff:0.472632863359562, training_epochs:500, lr:0.05)
<_io.TextIOWrapper name='<stderr>' mode='w' encoding='utf-8'> node index is 148
train linear regression time:  0.055021250154823065
<_io.TextIOWrapper name='<stderr>' mode='w' encoding='utf-8'> variance test passed, diff=0.034696650909607815, d = 3, back=0
<_io.TextIOWrapper name='<stderr>' mode='w' encoding='utf-8'> Will be split, p=0.034696650909607815, d=3, back=0
(average_diff:0.12708421799494318, max_diff:0.4610251151669563, training_epochs:500, lr:0.05)
<_io.TextIOWrapper name='<stderr>' mode='w' encoding='utf-8'> node index is 154
train linear regression time:  0.05575133301317692
(average_diff:0.002370995846285931, max_diff:0.004904491601676997, training_epochs:500, lr:0.05)
<_io.TextIOWrapper name='<stderr>' mode='w' encoding='utf-8'> node index is 155
train linear regression time:  0.0477507091127336
(average_diff:0.05095709740014972, max_diff:0.10516243773109757, training_epochs:500, lr:0.05)
<_io.TextIOWrapper name='<stderr>' mode='w' encoding='utf-8'> node index is 149
train linear regression time:  0.04819104168564081
(average_diff:0.030660971167665814, max_diff:0.06675192798139473, training_epochs:500, lr:0.05)
<_io.TextIOWrapper name='<stderr>' mode='w' encoding='utf-8'> node index is 147
train linear regression time:  0.047331624664366245
(average_diff:0.05337776797139739, max_diff:0.0882538538228656, training_epochs:500, lr:0.05)
<_io.TextIOWrapper name='<stderr>' mode='w' encoding='utf-8'> node index is 143
train linear regression time:  0.04760304186493158
(average_diff:0.0237890135854514, max_diff:0.05211438362298815, training_epochs:500, lr:0.05)
<_io.TextIOWrapper name='<stderr>' mode='w' encoding='utf-8'> node index is 137
train linear regression time:  0.04904233291745186
(average_diff:0.017087073844607312, max_diff:0.03593046426346236, training_epochs:500, lr:0.05)
<_io.TextIOWrapper name='<stderr>' mode='w' encoding='utf-8'> node index is 131
train linear regression time:  0.04903020756319165
(average_diff:0.022961506001357854, max_diff:0.053763067918511764, training_epochs:500, lr:0.05)
<_io.TextIOWrapper name='<stderr>' mode='w' encoding='utf-8'> node index is 123
train linear regression time:  0.04876233311370015
(average_diff:0.02267811856374433, max_diff:0.053040020333881666, training_epochs:500, lr:0.05)
<_io.TextIOWrapper name='<stderr>' mode='w' encoding='utf-8'> node index is 113
train linear regression time:  0.04851429117843509
(average_diff:0.07501882065711826, max_diff:0.23908745720403313, training_epochs:500, lr:0.05)
<_io.TextIOWrapper name='<stderr>' mode='w' encoding='utf-8'> node index is 103
train linear regression time:  0.04884466668590903
(average_diff:1.2161783876270723e-08, max_diff:2.0280714663201138e-08, training_epochs:500, lr:0.05)
<_io.TextIOWrapper name='<stderr>' mode='w' encoding='utf-8'> node index is 93
train linear regression time:  0.048941916320472956
(average_diff:0.0009499031968302693, max_diff:0.0019046158237505384, training_epochs:500, lr:0.05)
<_io.TextIOWrapper name='<stderr>' mode='w' encoding='utf-8'> node index is 139
train linear regression time:  0.04834550013765693
(average_diff:0.002994698541219924, max_diff:0.00570968410947964, training_epochs:500, lr:0.05)
<_io.TextIOWrapper name='<stderr>' mode='w' encoding='utf-8'> node index is 133
train linear regression time:  0.0490875830873847
(average_diff:0.020727680831729996, max_diff:0.037553327669705094, training_epochs:500, lr:0.05)
<_io.TextIOWrapper name='<stderr>' mode='w' encoding='utf-8'> node index is 125
train linear regression time:  0.04795941570773721
(average_diff:0.06071498356136598, max_diff:0.17520913689781814, training_epochs:500, lr:0.05)
<_io.TextIOWrapper name='<stderr>' mode='w' encoding='utf-8'> node index is 115
train linear regression time:  0.04956412501633167
(average_diff:0.05322233220735449, max_diff:0.08502773371164239, training_epochs:500, lr:0.05)
<_io.TextIOWrapper name='<stderr>' mode='w' encoding='utf-8'> node index is 105
train linear regression time:  0.048430458176881075
(average_diff:0.044280232019351246, max_diff:0.1208823193812717, training_epochs:500, lr:0.05)
<_io.TextIOWrapper name='<stderr>' mode='w' encoding='utf-8'> node index is 95
train linear regression time:  0.04817354213446379
(average_diff:0.05755204838921346, max_diff:0.10078645082869059, training_epochs:500, lr:0.05)
<_io.TextIOWrapper name='<stderr>' mode='w' encoding='utf-8'> node index is 85
train linear regression time:  0.049376833252608776
(average_diff:0.05490304701579477, max_diff:0.11313264521773708, training_epochs:500, lr:0.05)
<_io.TextIOWrapper name='<stderr>' mode='w' encoding='utf-8'> node index is 79
train linear regression time:  0.048116167075932026
(average_diff:0.14785619087501733, max_diff:0.3114288691820467, training_epochs:500, lr:0.05)
<_io.TextIOWrapper name='<stderr>' mode='w' encoding='utf-8'> node index is 73
train linear regression time:  0.04816820891574025
(average_diff:0.10684003690142245, max_diff:0.28914179162611253, training_epochs:500, lr:0.05)
<_io.TextIOWrapper name='<stderr>' mode='w' encoding='utf-8'> node index is 65
train linear regression time:  0.04858495760709047
(average_diff:0.09009595009136877, max_diff:0.27186366667456174, training_epochs:500, lr:0.05)
<_io.TextIOWrapper name='<stderr>' mode='w' encoding='utf-8'> node index is 57
train linear regression time:  0.047958167269825935
(average_diff:0.06472987849209114, max_diff:0.18011816362306837, training_epochs:500, lr:0.05)
<_io.TextIOWrapper name='<stderr>' mode='w' encoding='utf-8'> node index is 47
train linear regression time:  0.048087624832987785
(average_diff:0.18934711273763213, max_diff:0.7610885539757519, training_epochs:500, lr:0.05)
<_io.TextIOWrapper name='<stderr>' mode='w' encoding='utf-8'> node index is 41
train linear regression time:  0.04893175000324845
(average_diff:0.14657676191846164, max_diff:0.5564508284281835, training_epochs:500, lr:0.05)
<_io.TextIOWrapper name='<stderr>' mode='w' encoding='utf-8'> node index is 33
train linear regression time:  0.047989165876060724
(average_diff:0.03328588575342747, max_diff:0.04297136883742109, training_epochs:500, lr:0.05)
<_io.TextIOWrapper name='<stderr>' mode='w' encoding='utf-8'> node index is 117
train linear regression time:  0.04800708405673504
(average_diff:0.005977344046843046, max_diff:0.012033440935495868, training_epochs:500, lr:0.05)
<_io.TextIOWrapper name='<stderr>' mode='w' encoding='utf-8'> node index is 107
train linear regression time:  0.04772545816376805
(average_diff:0.014589294282052738, max_diff:0.030342949898908927, training_epochs:500, lr:0.05)
<_io.TextIOWrapper name='<stderr>' mode='w' encoding='utf-8'> node index is 97
train linear regression time:  0.04822745779529214
(average_diff:0.05567032981588796, max_diff:0.10988709556772192, training_epochs:500, lr:0.05)
<_io.TextIOWrapper name='<stderr>' mode='w' encoding='utf-8'> node index is 87
train linear regression time:  0.04968483280390501
(average_diff:0.04631739031460652, max_diff:0.09924743316764101, training_epochs:500, lr:0.05)
<_io.TextIOWrapper name='<stderr>' mode='w' encoding='utf-8'> node index is 81
train linear regression time:  0.05067233322188258
(average_diff:0.07025007789881464, max_diff:0.18456434232464475, training_epochs:500, lr:0.05)
<_io.TextIOWrapper name='<stderr>' mode='w' encoding='utf-8'> node index is 75
train linear regression time:  0.05110329110175371
(average_diff:0.08609081931366677, max_diff:0.3087515322267662, training_epochs:500, lr:0.05)
<_io.TextIOWrapper name='<stderr>' mode='w' encoding='utf-8'> node index is 67
train linear regression time:  0.04837658302858472
(average_diff:0.1879038715842449, max_diff:0.3874585690511484, training_epochs:500, lr:0.05)
<_io.TextIOWrapper name='<stderr>' mode='w' encoding='utf-8'> node index is 59
train linear regression time:  0.05082583287730813
(average_diff:0.10231339982700362, max_diff:0.3113311564474921, training_epochs:500, lr:0.05)
<_io.TextIOWrapper name='<stderr>' mode='w' encoding='utf-8'> node index is 49
train linear regression time:  0.048592834267765284
(average_diff:0.16588271245879718, max_diff:0.5550209441828238, training_epochs:500, lr:0.05)
<_io.TextIOWrapper name='<stderr>' mode='w' encoding='utf-8'> node index is 43
train linear regression time:  0.049010665621608496
(average_diff:0.18633135561771266, max_diff:0.593900961301418, training_epochs:500, lr:0.05)
<_io.TextIOWrapper name='<stderr>' mode='w' encoding='utf-8'> node index is 35
train linear regression time:  0.05571745801717043
(average_diff:0.1356465394362023, max_diff:0.559833026680445, training_epochs:500, lr:0.05)
<_io.TextIOWrapper name='<stderr>' mode='w' encoding='utf-8'> node index is 27
train linear regression time:  0.05747320782393217
<_io.TextIOWrapper name='<stderr>' mode='w' encoding='utf-8'> variance test passed, diff=0.0310771294751336, d = 0, back=0
<_io.TextIOWrapper name='<stderr>' mode='w' encoding='utf-8'> variance test passed, diff=0.038206669532394266, d = 1, back=0
<_io.TextIOWrapper name='<stderr>' mode='w' encoding='utf-8'> variance test passed, diff=0.04334400894696574, d = 2, back=0
<_io.TextIOWrapper name='<stderr>' mode='w' encoding='utf-8'> Will be split, p=0.04334400894696574, d=2, back=0
(average_diff:0.1228178103057931, max_diff:0.6365026637737479, training_epochs:500, lr:0.05)
<_io.TextIOWrapper name='<stderr>' mode='w' encoding='utf-8'> node index is 156
train linear regression time:  0.058980833273380995
(average_diff:1.194333985399254e-05, max_diff:1.27931289377603e-05, training_epochs:500, lr:0.05)
<_io.TextIOWrapper name='<stderr>' mode='w' encoding='utf-8'> node index is 157
train linear regression time:  0.04912966676056385
(average_diff:0.16286268894471365, max_diff:0.5845315197699623, training_epochs:500, lr:0.05)
<_io.TextIOWrapper name='<stderr>' mode='w' encoding='utf-8'> node index is 150
train linear regression time:  0.05651441588997841
<_io.TextIOWrapper name='<stderr>' mode='w' encoding='utf-8'> variance test passed, diff=0.04649958226638069, d = 0, back=0
<_io.TextIOWrapper name='<stderr>' mode='w' encoding='utf-8'> variance test passed, diff=0.046993224682554346, d = 1, back=0
<_io.TextIOWrapper name='<stderr>' mode='w' encoding='utf-8'> Will be split, p=0.046993224682554346, d=1, back=0
(average_diff:0.16541450046880132, max_diff:0.5846063704325096, training_epochs:500, lr:0.05)
<_io.TextIOWrapper name='<stderr>' mode='w' encoding='utf-8'> node index is 158
train linear regression time:  0.05649095820263028
(average_diff:0.0, max_diff:0.0, training_epochs:500, lr:0.05)
<_io.TextIOWrapper name='<stderr>' mode='w' encoding='utf-8'> node index is 159
train linear regression time:  0.0473536248318851
(average_diff:9.026372219911316e-05, max_diff:9.222489893845331e-05, training_epochs:500, lr:0.05)
<_io.TextIOWrapper name='<stderr>' mode='w' encoding='utf-8'> node index is 151
train linear regression time:  0.04824916739016771
(average_diff:0.03254010074775464, max_diff:0.07397154042921363, training_epochs:500, lr:0.05)
<_io.TextIOWrapper name='<stderr>' mode='w' encoding='utf-8'> node index is 135
train linear regression time:  0.048638041131198406
(average_diff:0.01812270629788695, max_diff:0.029043347142704345, training_epochs:500, lr:0.05)
<_io.TextIOWrapper name='<stderr>' mode='w' encoding='utf-8'> node index is 129
train linear regression time:  0.048910750076174736
(average_diff:0.025649038148847267, max_diff:0.0805583590259329, training_epochs:500, lr:0.05)
<_io.TextIOWrapper name='<stderr>' mode='w' encoding='utf-8'> node index is 119
train linear regression time:  0.04934216570109129
(average_diff:0.043458748504055705, max_diff:0.0856023451924233, training_epochs:500, lr:0.05)
<_io.TextIOWrapper name='<stderr>' mode='w' encoding='utf-8'> node index is 109
train linear regression time:  0.0481095421127975
(average_diff:0.04675183843470584, max_diff:0.17699436691701714, training_epochs:500, lr:0.05)
<_io.TextIOWrapper name='<stderr>' mode='w' encoding='utf-8'> node index is 99
train linear regression time:  0.048136542085558176
(average_diff:0.07696580866908578, max_diff:0.2898268119523524, training_epochs:500, lr:0.05)
<_io.TextIOWrapper name='<stderr>' mode='w' encoding='utf-8'> node index is 89
train linear regression time:  0.04918666696175933
(average_diff:0.0002432592872352256, max_diff:0.0031643899147112964, training_epochs:500, lr:0.05)
<_io.TextIOWrapper name='<stderr>' mode='w' encoding='utf-8'> node index is 69
train linear regression time:  0.04846204072237015
(average_diff:0.03674930993470361, max_diff:0.06854020906885028, training_epochs:500, lr:0.05)
<_io.TextIOWrapper name='<stderr>' mode='w' encoding='utf-8'> node index is 61
train linear regression time:  0.048029708210378885
(average_diff:0.0066312914397392425, max_diff:0.01321808186309395, training_epochs:500, lr:0.05)
<_io.TextIOWrapper name='<stderr>' mode='w' encoding='utf-8'> node index is 53
train linear regression time:  0.04807524988427758
(average_diff:0.10183428724762994, max_diff:0.36512669495082917, training_epochs:500, lr:0.05)
<_io.TextIOWrapper name='<stderr>' mode='w' encoding='utf-8'> node index is 51
train linear regression time:  0.04981033271178603
(average_diff:0.1585066181179266, max_diff:0.6537953422971665, training_epochs:500, lr:0.05)
<_io.TextIOWrapper name='<stderr>' mode='w' encoding='utf-8'> node index is 37
train linear regression time:  0.051223165821284056
(average_diff:0.1881722357007324, max_diff:0.6289849578791813, training_epochs:500, lr:0.05)
<_io.TextIOWrapper name='<stderr>' mode='w' encoding='utf-8'> node index is 29
train linear regression time:  0.0514448331668973
(average_diff:0.18592412832130087, max_diff:0.8745593220001006, training_epochs:500, lr:0.05)
<_io.TextIOWrapper name='<stderr>' mode='w' encoding='utf-8'> node index is 23
train linear regression time:  0.05726391635835171
<_io.TextIOWrapper name='<stderr>' mode='w' encoding='utf-8'> variance test passed, diff=0.06137109379378041, d = 0, back=0
<_io.TextIOWrapper name='<stderr>' mode='w' encoding='utf-8'> Will be split, p=0.06137109379378041, d=0, back=0
(average_diff:0.18654204884916964, max_diff:0.8661354595956353, training_epochs:500, lr:0.05)
<_io.TextIOWrapper name='<stderr>' mode='w' encoding='utf-8'> node index is 160
train linear regression time:  0.056958834175020456
(average_diff:0.0, max_diff:0.0, training_epochs:500, lr:0.05)
<_io.TextIOWrapper name='<stderr>' mode='w' encoding='utf-8'> node index is 161
train linear regression time:  0.04906587488949299
(average_diff:0.16512301006058627, max_diff:0.6664585074293867, training_epochs:500, lr:0.05)
<_io.TextIOWrapper name='<stderr>' mode='w' encoding='utf-8'> node index is 15
train linear regression time:  0.05657174997031689
(average_diff:2.205534356998958e-09, max_diff:3.4236323220859788e-09, training_epochs:500, lr:0.05)
<_io.TextIOWrapper name='<stderr>' mode='w' encoding='utf-8'> node index is 7
train linear regression time:  0.04822354158386588
(average_diff:0.1008891016978325, max_diff:0.2309109673517107, training_epochs:500, lr:0.05)
<_io.TextIOWrapper name='<stderr>' mode='w' encoding='utf-8'> node index is 5
train linear regression time:  0.04898770805448294
testFringe time:  3.8962212498299778
<_io.TextIOWrapper name='<stderr>' mode='w' encoding='utf-8'> =============== update finished ===============

*** Writing Game File 24***

<_io.TextIOWrapper name='../print_tree_record_numpy/print_DR_boost_linear_tree_split.txt' mode='w' encoding='UTF-8'> idx1(Q:0.4063, distinct_name:0, dictinctin_value:2.569683891588169, par:None)
	idx4(Q:0.4070, distinct_name:0, dictinctin_value:2.507749956207568, par:1)
		idx6(Q:0.4068, distinct_name:0, dictinctin_value:-0.050698982385153205, par:4)
			idx8(Q:0.4715, distinct_name:0, dictinctin_value:-0.5002368440471089, par:6)
				idx10(Q:0.5201, distinct_name:3, dictinctin_value:0.7373220788164561, par:8)
					idx12(Q:0.4983, distinct_name:1, dictinctin_value:0.8498558206992594, par:10)
						idx18(Q:0.4443, distinct_name:2, dictinctin_value:0.8559921607301466, par:12)
							idx24(Q:0.4435, distinct_name:0, dictinctin_value:-0.5901212893723445, par:18)
								idx30(Q:0.4506, distinct_name:2, dictinctin_value:0.5095422779981766, par:24)
									idx38(Q:0.4690, distinct_name:2, dictinctin_value:0.24909091887867726, par:30)
										idx44(Q:0.4979, distinct_name:2, dictinctin_value:-0.06052347242753761, par:38)
											idx54(Q:0.5397, distinct_name:2, dictinctin_value:-0.16873413911779458, par:44)
												idx62(Q:0.5677, distinct_name:2, dictinctin_value:-0.3117760123070312, par:54)
													idx70(Q:0.6047, distinct_name:2, dictinctin_value:-0.36929151673896154, par:62)
														idx76(Q:0.6302, distinct_name:2, dictinctin_value:-0.4513587540231024, par:70)
															idx82(Q:0.6669, distinct_name:2, dictinctin_value:-0.49926091712096626, par:76)
																idx90(Q:0.6799, distinct_name:2, dictinctin_value:-0.5261921216626007, par:82)
																	idx100(Q:0.6886, distinct_name:2, dictinctin_value:-0.5682634996789567, par:90)
																		idx110(Q:0.7063, distinct_name:2, dictinctin_value:-0.576514535000767, par:100)
																			idx120(Q:0.7155, par:110)
																			idx121(Q:0.4001, par:110)
																		idx111(Q:0.3390, par:100)
																	idx101(Q:0.3647, par:90)
																idx91(Q:0.3440, par:82)
															idx83(Q:0.2749, par:76)
														idx77(Q:0.2925, par:70)
													idx71(Q:0.2707, par:62)
												idx63(Q:0.2484, par:54)
											idx55(Q:0.2362, par:44)
										idx45(Q:0.2341, par:38)
									idx39(Q:0.3217, par:30)
								idx31(Q:0.3685, par:24)
							idx25(Q:0.4484, par:18)
						idx19(Q:0.7378, distinct_name:0, dictinctin_value:-0.5046072639210131, par:12)
							idx152(Q:0.7378, par:19)
							idx153(Q:0.7365, par:19)
					idx13(Q:0.5873, distinct_name:2, dictinctin_value:1.929601246827043, par:10)
						idx92(Q:0.5783, distinct_name:1, dictinctin_value:1.2557733390904973, par:13)
							idx102(Q:0.5445, distinct_name:2, dictinctin_value:1.4527612583425853, par:92)
								idx112(Q:0.5279, distinct_name:2, dictinctin_value:1.3531114404933846, par:102)
									idx122(Q:0.5266, distinct_name:2, dictinctin_value:1.0639310625609943, par:112)
										idx130(Q:0.5070, distinct_name:2, dictinctin_value:0.8759607452183222, par:122)
											idx136(Q:0.4993, distinct_name:2, dictinctin_value:0.6228991526328211, par:130)
												idx142(Q:0.4874, distinct_name:2, dictinctin_value:0.4885947458466264, par:136)
													idx146(Q:0.4720, distinct_name:1, dictinctin_value:1.1059975491047376, par:142)
														idx148(Q:0.4589, distinct_name:3, dictinctin_value:2.363964647313972, par:146)
															idx154(Q:0.4507, par:148)
															idx155(Q:0.6643, par:148)
														idx149(Q:0.6985, par:146)
													idx147(Q:0.6569, par:142)
												idx143(Q:0.6289, par:136)
											idx137(Q:0.6196, par:130)
										idx131(Q:0.9177, par:122)
									idx123(Q:0.5602, par:112)
								idx113(Q:0.9065, par:102)
							idx103(Q:0.9386, par:92)
						idx93(Q:1.1123, par:13)
				idx11(Q:0.3836, distinct_name:3, dictinctin_value:1.284568987543642, par:8)
					idx32(Q:0.3655, distinct_name:3, dictinctin_value:0.5763111575206541, par:11)
						idx40(Q:0.3452, distinct_name:2, dictinctin_value:1.4159847670297276, par:32)
							idx46(Q:0.3373, distinct_name:2, dictinctin_value:0.8764611652526798, par:40)
								idx56(Q:0.3489, distinct_name:2, dictinctin_value:0.6776552612944613, par:46)
									idx64(Q:0.3534, distinct_name:0, dictinctin_value:-0.10007893227380851, par:56)
										idx72(Q:0.3468, distinct_name:2, dictinctin_value:0.481251420222257, par:64)
											idx78(Q:0.3589, distinct_name:2, dictinctin_value:0.43236682950932387, par:72)
												idx84(Q:0.3681, distinct_name:2, dictinctin_value:0.2322739018313544, par:78)
													idx94(Q:0.3861, distinct_name:2, dictinctin_value:0.1692901075380102, par:84)
														idx104(Q:0.3967, distinct_name:2, dictinctin_value:0.044622068949871425, par:94)
															idx114(Q:0.4149, distinct_name:2, dictinctin_value:-0.04421252452423217, par:104)
																idx124(Q:0.4381, distinct_name:2, dictinctin_value:-0.12551407150931976, par:114)
																	idx132(Q:0.4555, distinct_name:2, dictinctin_value:-0.16179863391045127, par:124)
																		idx138(Q:0.4660, distinct_name:2, dictinctin_value:-0.1987692173924826, par:132)
																			idx144(Q:0.4834, par:138)
																			idx145(Q:0.1407, par:138)
																		idx139(Q:0.1455, par:132)
																	idx133(Q:0.1353, par:124)
																idx125(Q:0.1158, par:114)
															idx115(Q:0.2012, par:104)
														idx105(Q:0.1560, par:94)
													idx95(Q:0.1489, par:84)
												idx85(Q:0.1601, par:78)
											idx79(Q:0.1909, par:72)
										idx73(Q:0.4290, par:64)
									idx65(Q:0.2807, par:56)
								idx57(Q:0.2563, par:46)
							idx47(Q:0.4107, par:40)
						idx41(Q:0.4403, par:32)
					idx33(Q:0.5674, par:11)
			idx9(Q:0.3497, distinct_name:1, dictinctin_value:1.4532912275447858, par:6)
				idx14(Q:0.3292, distinct_name:0, dictinctin_value:0.6708677617788001, par:9)
					idx16(Q:0.3414, distinct_name:0, dictinctin_value:0.5219929201544601, par:14)
						idx20(Q:0.3474, distinct_name:0, dictinctin_value:0.38200451643824146, par:16)
							idx26(Q:0.3599, distinct_name:0, dictinctin_value:0.29175973898130836, par:20)
								idx34(Q:0.3692, distinct_name:3, dictinctin_value:1.2405945003824483, par:26)
									idx42(Q:0.3405, distinct_name:2, dictinctin_value:1.6139678071673451, par:34)
										idx48(Q:0.3326, distinct_name:1, dictinctin_value:1.0148453699076618, par:42)
											idx58(Q:0.3218, distinct_name:2, dictinctin_value:0.8422101128546527, par:48)
												idx66(Q:0.3352, distinct_name:2, dictinctin_value:0.5718071591898053, par:58)
													idx74(Q:0.3458, distinct_name:2, dictinctin_value:0.3335199702259944, par:66)
														idx80(Q:0.3758, distinct_name:2, dictinctin_value:0.2585267021680285, par:74)
															idx86(Q:0.3856, distinct_name:2, dictinctin_value:0.13295569297273957, par:80)
																idx96(Q:0.4020, distinct_name:2, dictinctin_value:0.0933394603867821, par:86)
																	idx106(Q:0.4102, distinct_name:2, dictinctin_value:0.047951172568074005, par:96)
																		idx116(Q:0.4214, distinct_name:2, dictinctin_value:-0.0025517231675584334, par:106)
																			idx126(Q:0.4330, par:116)
																			idx127(Q:0.1213, par:116)
																		idx117(Q:0.1611, par:106)
																	idx107(Q:0.1127, par:96)
																idx97(Q:0.1241, par:86)
															idx87(Q:0.2091, par:80)
														idx81(Q:0.1432, par:74)
													idx75(Q:0.2042, par:66)
												idx67(Q:0.2450, par:58)
											idx59(Q:0.4386, par:48)
										idx49(Q:0.4617, par:42)
									idx43(Q:0.5419, par:34)
								idx35(Q:0.3230, par:26)
							idx27(Q:0.2975, distinct_name:2, dictinctin_value:1.5527241962490086, par:20)
								idx156(Q:0.2902, par:27)
								idx157(Q:0.6662, par:27)
						idx21(Q:0.3125, distinct_name:1, dictinctin_value:1.3201670622027022, par:16)
							idx150(Q:0.3132, distinct_name:1, dictinctin_value:1.2234607090751204, par:21)
								idx158(Q:0.3138, par:150)
								idx159(Q:0.2851, par:150)
							idx151(Q:0.2769, par:21)
					idx17(Q:0.3164, distinct_name:3, dictinctin_value:0.8871619234739136, par:14)
						idx22(Q:0.2867, distinct_name:1, dictinctin_value:0.895274831679809, par:17)
							idx28(Q:0.2664, distinct_name:3, dictinctin_value:0.4147697243292515, par:22)
								idx36(Q:0.2569, distinct_name:3, dictinctin_value:-0.009439492879810042, par:28)
									idx50(Q:0.2553, distinct_name:0, dictinctin_value:2.3121117874404824, par:36)
										idx52(Q:0.2561, distinct_name:0, dictinctin_value:1.9483716250181808, par:50)
											idx60(Q:0.2602, distinct_name:3, dictinctin_value:-0.018025248765568658, par:52)
												idx68(Q:0.2688, distinct_name:2, dictinctin_value:0.8033765660185509, par:60)
													idx88(Q:0.2721, distinct_name:2, dictinctin_value:0.6003623148969123, par:68)
														idx98(Q:0.2801, distinct_name:2, dictinctin_value:0.5329635912790776, par:88)
															idx108(Q:0.2876, distinct_name:2, dictinctin_value:0.3621996786015208, par:98)
																idx118(Q:0.3017, distinct_name:3, dictinctin_value:-0.05260374571449391, par:108)
																	idx128(Q:0.3068, distinct_name:2, dictinctin_value:0.22149263805201816, par:118)
																		idx134(Q:0.3159, distinct_name:2, dictinctin_value:0.13324256965432388, par:128)
																			idx140(Q:0.3315, par:134)
																			idx141(Q:0.1309, par:134)
																		idx135(Q:0.1396, par:128)
																	idx129(Q:0.1616, par:118)
																idx119(Q:0.1555, par:108)
															idx109(Q:0.1739, par:98)
														idx99(Q:0.1830, par:88)
													idx89(Q:0.2558, par:68)
												idx69(Q:0.1876, par:60)
											idx61(Q:0.1758, par:52)
										idx53(Q:0.2003, par:50)
									idx51(Q:0.2633, par:36)
								idx37(Q:0.3135, par:28)
							idx29(Q:0.4153, par:22)
						idx23(Q:0.4565, distinct_name:0, dictinctin_value:2.1444723574903684, par:17)
							idx160(Q:0.4592, par:23)
							idx161(Q:0.1799, par:23)
				idx15(Q:0.6134, par:9)
		idx7(Q:0.5135, par:4)
	idx5(Q:0.2940, par:1)
