WARNING:tensorflow:From /Users/keithwu/opt/anaconda3/envs/auction-gym/lib/python3.10/site-packages/tensorflow/python/compat/v2_compat.py:107: disable_resource_variables (from tensorflow.python.ops.variable_scope) is deprecated and will be removed in a future version.
Instructions for updating:
non-resource variables are not supported in the long term
<_io.TextIOWrapper name='<stderr>' mode='w' encoding='utf-8'> reading from ../UTree_model_numpy/DR/model_boost_linear_qsplit_noabs_save/, starting at 99
<_io.TextIOWrapper name='<stderr>' mode='w' encoding='utf-8'> =============== update starts ===============
(average_diff:0.018766499946824416, max_diff:0.12041207759296979, training_epochs:500, lr:0.05)
<_io.TextIOWrapper name='<stderr>' mode='w' encoding='utf-8'> node index is 111
train linear regression time:  0.05265662493184209
(average_diff:0.014925881408421438, max_diff:0.0957755170419601, training_epochs:500, lr:0.05)
<_io.TextIOWrapper name='<stderr>' mode='w' encoding='utf-8'> node index is 101
train linear regression time:  0.052700458094477654
(average_diff:0.008604127252495892, max_diff:0.04391870484631105, training_epochs:500, lr:0.05)
<_io.TextIOWrapper name='<stderr>' mode='w' encoding='utf-8'> node index is 91
train linear regression time:  0.053064499981701374
(average_diff:0.015577276862359749, max_diff:0.20162972764458903, training_epochs:500, lr:0.05)
<_io.TextIOWrapper name='<stderr>' mode='w' encoding='utf-8'> node index is 83
train linear regression time:  0.05370787484571338
(average_diff:0.023002388600378242, max_diff:0.21417720117660405, training_epochs:500, lr:0.05)
<_io.TextIOWrapper name='<stderr>' mode='w' encoding='utf-8'> node index is 77
train linear regression time:  0.05436233291402459
(average_diff:0.046189094953054725, max_diff:0.2730440409981814, training_epochs:500, lr:0.05)
<_io.TextIOWrapper name='<stderr>' mode='w' encoding='utf-8'> node index is 608
train linear regression time:  0.06091104121878743
(average_diff:5.551115123125783e-17, max_diff:5.551115123125783e-17, training_epochs:500, lr:0.05)
<_io.TextIOWrapper name='<stderr>' mode='w' encoding='utf-8'> node index is 609
train linear regression time:  0.052935166750103235
(average_diff:1.3877787807814457e-17, max_diff:2.7755575615628914e-17, training_epochs:500, lr:0.05)
<_io.TextIOWrapper name='<stderr>' mode='w' encoding='utf-8'> node index is 607
train linear regression time:  0.05200004065409303
(average_diff:9.71445146547012e-17, max_diff:1.942890293094024e-16, training_epochs:500, lr:0.05)
<_io.TextIOWrapper name='<stderr>' mode='w' encoding='utf-8'> node index is 605
train linear regression time:  0.052255124785006046
(average_diff:0.0, max_diff:0.0, training_epochs:500, lr:0.05)
<_io.TextIOWrapper name='<stderr>' mode='w' encoding='utf-8'> node index is 603
train linear regression time:  0.05400475021451712
(average_diff:0.051947057160652114, max_diff:0.22093229692798433, training_epochs:500, lr:0.05)
<_io.TextIOWrapper name='<stderr>' mode='w' encoding='utf-8'> node index is 63
train linear regression time:  0.05347879230976105
(average_diff:0.06039838251303076, max_diff:0.09929245662299371, training_epochs:500, lr:0.05)
<_io.TextIOWrapper name='<stderr>' mode='w' encoding='utf-8'> node index is 501
train linear regression time:  0.05232900008559227
(average_diff:7.006617508409363e-13, max_diff:7.289169268176465e-13, training_epochs:500, lr:0.05)
<_io.TextIOWrapper name='<stderr>' mode='w' encoding='utf-8'> node index is 493
train linear regression time:  0.05267208395525813
(average_diff:6.730727086790012e-16, max_diff:7.91033905045424e-16, training_epochs:500, lr:0.05)
<_io.TextIOWrapper name='<stderr>' mode='w' encoding='utf-8'> node index is 485
train linear regression time:  0.053578415885567665
(average_diff:0.0015081452517936185, max_diff:0.0037637854207273613, training_epochs:500, lr:0.05)
<_io.TextIOWrapper name='<stderr>' mode='w' encoding='utf-8'> node index is 481
train linear regression time:  0.052999666426330805
(average_diff:2.7755575615628914e-17, max_diff:2.7755575615628914e-17, training_epochs:500, lr:0.05)
<_io.TextIOWrapper name='<stderr>' mode='w' encoding='utf-8'> node index is 475
train linear regression time:  0.05305412504822016
(average_diff:0.003284456329963957, max_diff:0.004793747354778222, training_epochs:500, lr:0.05)
<_io.TextIOWrapper name='<stderr>' mode='w' encoding='utf-8'> node index is 469
train linear regression time:  0.05234100017696619
(average_diff:0.006294393311418839, max_diff:0.009678663602435494, training_epochs:500, lr:0.05)
<_io.TextIOWrapper name='<stderr>' mode='w' encoding='utf-8'> node index is 465
train linear regression time:  0.05282037518918514
(average_diff:0.0032291508899804553, max_diff:0.004922754659649142, training_epochs:500, lr:0.05)
<_io.TextIOWrapper name='<stderr>' mode='w' encoding='utf-8'> node index is 587
train linear regression time:  0.054068167228251696
(average_diff:1.734723475976807e-16, max_diff:2.636779683484747e-16, training_epochs:500, lr:0.05)
<_io.TextIOWrapper name='<stderr>' mode='w' encoding='utf-8'> node index is 581
train linear regression time:  0.052263082936406136
(average_diff:0.005051340393593038, max_diff:0.007802826246399497, training_epochs:500, lr:0.05)
<_io.TextIOWrapper name='<stderr>' mode='w' encoding='utf-8'> node index is 571
train linear regression time:  0.05240891594439745
(average_diff:3.3306690738754696e-16, max_diff:3.3306690738754696e-16, training_epochs:500, lr:0.05)
<_io.TextIOWrapper name='<stderr>' mode='w' encoding='utf-8'> node index is 549
train linear regression time:  0.05573800019919872
(average_diff:0.0009438113091065162, max_diff:0.0014219876973813328, training_epochs:500, lr:0.05)
<_io.TextIOWrapper name='<stderr>' mode='w' encoding='utf-8'> node index is 537
train linear regression time:  0.055789791978895664
(average_diff:0.000572585077119081, max_diff:0.0012875528867711816, training_epochs:500, lr:0.05)
<_io.TextIOWrapper name='<stderr>' mode='w' encoding='utf-8'> node index is 531
train linear regression time:  0.05446512484923005
(average_diff:1.0326924500721664e-13, max_diff:1.613709166292665e-13, training_epochs:500, lr:0.05)
<_io.TextIOWrapper name='<stderr>' mode='w' encoding='utf-8'> node index is 521
train linear regression time:  0.05435799993574619
(average_diff:0.0002962438916434644, max_diff:0.0004633904491816304, training_epochs:500, lr:0.05)
<_io.TextIOWrapper name='<stderr>' mode='w' encoding='utf-8'> node index is 511
train linear regression time:  0.052777249831706285
(average_diff:0.0016694232965288602, max_diff:0.0024748145957787515, training_epochs:500, lr:0.05)
<_io.TextIOWrapper name='<stderr>' mode='w' encoding='utf-8'> node index is 473
train linear regression time:  0.052578958217054605
(average_diff:2.8449465006019636e-16, max_diff:3.7470027081099033e-16, training_epochs:500, lr:0.05)
<_io.TextIOWrapper name='<stderr>' mode='w' encoding='utf-8'> node index is 471
train linear regression time:  0.053309124894440174
(average_diff:0.006534285118774501, max_diff:0.010044398854770126, training_epochs:500, lr:0.05)
<_io.TextIOWrapper name='<stderr>' mode='w' encoding='utf-8'> node index is 467
train linear regression time:  0.05305224983021617
(average_diff:0.0015264151758117399, max_diff:0.0026635131234011566, training_epochs:500, lr:0.05)
<_io.TextIOWrapper name='<stderr>' mode='w' encoding='utf-8'> node index is 461
train linear regression time:  0.05246120784431696
(average_diff:0.02620965708094828, max_diff:0.06545547335602542, training_epochs:500, lr:0.05)
<_io.TextIOWrapper name='<stderr>' mode='w' encoding='utf-8'> node index is 457
train linear regression time:  0.05258483299985528
(average_diff:3.3306690738754696e-16, max_diff:3.3306690738754696e-16, training_epochs:500, lr:0.05)
<_io.TextIOWrapper name='<stderr>' mode='w' encoding='utf-8'> node index is 449
train linear regression time:  0.05264316592365503
(average_diff:2.5673907444456745e-16, max_diff:4.0245584642661925e-16, training_epochs:500, lr:0.05)
<_io.TextIOWrapper name='<stderr>' mode='w' encoding='utf-8'> node index is 445
train linear regression time:  0.053290875162929296
(average_diff:5.4928391329251217e-05, max_diff:0.00010269290890482785, training_epochs:500, lr:0.05)
<_io.TextIOWrapper name='<stderr>' mode='w' encoding='utf-8'> node index is 433
train linear regression time:  0.05288554169237614
(average_diff:5.960582383605454e-05, max_diff:8.841477333659808e-05, training_epochs:500, lr:0.05)
<_io.TextIOWrapper name='<stderr>' mode='w' encoding='utf-8'> node index is 427
train linear regression time:  0.05545224994421005
(average_diff:1.1102230246251565e-16, max_diff:1.6653345369377348e-16, training_epochs:500, lr:0.05)
<_io.TextIOWrapper name='<stderr>' mode='w' encoding='utf-8'> node index is 599
train linear regression time:  0.054563917219638824
(average_diff:2.3245294578089215e-16, max_diff:2.914335439641036e-16, training_epochs:500, lr:0.05)
<_io.TextIOWrapper name='<stderr>' mode='w' encoding='utf-8'> node index is 597
train linear regression time:  0.05466116685420275
(average_diff:0.006739811576820405, max_diff:0.010240719964653505, training_epochs:500, lr:0.05)
<_io.TextIOWrapper name='<stderr>' mode='w' encoding='utf-8'> node index is 595
train linear regression time:  0.05559775000438094
(average_diff:5.551115123125783e-17, max_diff:5.551115123125783e-17, training_epochs:500, lr:0.05)
<_io.TextIOWrapper name='<stderr>' mode='w' encoding='utf-8'> node index is 593
train linear regression time:  0.05528108403086662
(average_diff:4.3021142204224816e-16, max_diff:6.106226635438361e-16, training_epochs:500, lr:0.05)
<_io.TextIOWrapper name='<stderr>' mode='w' encoding='utf-8'> node index is 589
train linear regression time:  0.05655716685578227
(average_diff:5.551115123125783e-17, max_diff:5.551115123125783e-17, training_epochs:500, lr:0.05)
<_io.TextIOWrapper name='<stderr>' mode='w' encoding='utf-8'> node index is 583
train linear regression time:  0.053955084178596735
(average_diff:0.011664597589353575, max_diff:0.020293589810972984, training_epochs:500, lr:0.05)
<_io.TextIOWrapper name='<stderr>' mode='w' encoding='utf-8'> node index is 573
train linear regression time:  0.05555429216474295
(average_diff:0.01319426999094484, max_diff:0.026156772553443786, training_epochs:500, lr:0.05)
<_io.TextIOWrapper name='<stderr>' mode='w' encoding='utf-8'> node index is 563
train linear regression time:  0.05348929204046726
(average_diff:1.4839981095822925e-14, max_diff:2.0067281170099704e-14, training_epochs:500, lr:0.05)
<_io.TextIOWrapper name='<stderr>' mode='w' encoding='utf-8'> node index is 551
train linear regression time:  0.05276120826601982
(average_diff:5.551115123125783e-17, max_diff:5.551115123125783e-17, training_epochs:500, lr:0.05)
<_io.TextIOWrapper name='<stderr>' mode='w' encoding='utf-8'> node index is 545
train linear regression time:  0.05317900003865361
(average_diff:2.0898030106408783e-07, max_diff:3.381442805761026e-07, training_epochs:500, lr:0.05)
<_io.TextIOWrapper name='<stderr>' mode='w' encoding='utf-8'> node index is 369
train linear regression time:  0.052324458956718445
(average_diff:0.006849625326038333, max_diff:0.013491529929704704, training_epochs:500, lr:0.05)
<_io.TextIOWrapper name='<stderr>' mode='w' encoding='utf-8'> node index is 355
train linear regression time:  0.05263229180127382
(average_diff:0.020671008023808512, max_diff:0.039234930998975626, training_epochs:500, lr:0.05)
<_io.TextIOWrapper name='<stderr>' mode='w' encoding='utf-8'> node index is 341
train linear regression time:  0.052946916315704584
(average_diff:0.09687686111430677, max_diff:0.20174160705339222, training_epochs:500, lr:0.05)
<_io.TextIOWrapper name='<stderr>' mode='w' encoding='utf-8'> node index is 329
train linear regression time:  0.05896633304655552
(average_diff:0.012080860987342186, max_diff:0.016181798080441373, training_epochs:500, lr:0.05)
<_io.TextIOWrapper name='<stderr>' mode='w' encoding='utf-8'> node index is 317
train linear regression time:  0.05847079213708639
(average_diff:0.06633986678241867, max_diff:0.2245956722426102, training_epochs:500, lr:0.05)
<_io.TextIOWrapper name='<stderr>' mode='w' encoding='utf-8'> node index is 305
train linear regression time:  0.05551291722804308
(average_diff:0.0006908530490418405, max_diff:0.0009760671881402505, training_epochs:500, lr:0.05)
<_io.TextIOWrapper name='<stderr>' mode='w' encoding='utf-8'> node index is 289
train linear regression time:  0.05347175011411309
(average_diff:0.005911385187141145, max_diff:0.01150392623829799, training_epochs:500, lr:0.05)
<_io.TextIOWrapper name='<stderr>' mode='w' encoding='utf-8'> node index is 257
train linear regression time:  0.05463045882061124
(average_diff:0.07585716796800347, max_diff:0.20269177125059518, training_epochs:500, lr:0.05)
<_io.TextIOWrapper name='<stderr>' mode='w' encoding='utf-8'> node index is 243
train linear regression time:  0.054020832758396864
(average_diff:0.04433356825904349, max_diff:0.08354533756476565, training_epochs:500, lr:0.05)
<_io.TextIOWrapper name='<stderr>' mode='w' encoding='utf-8'> node index is 231
train linear regression time:  0.05309066688641906
(average_diff:0.0902340767692916, max_diff:0.18980495602082972, training_epochs:500, lr:0.05)
<_io.TextIOWrapper name='<stderr>' mode='w' encoding='utf-8'> node index is 217
train linear regression time:  0.05261620879173279
(average_diff:0.03564956534204618, max_diff:0.10158608391961732, training_epochs:500, lr:0.05)
<_io.TextIOWrapper name='<stderr>' mode='w' encoding='utf-8'> node index is 275
train linear regression time:  0.05423404183238745
(average_diff:0.01468459139941948, max_diff:0.02236905299849723, training_epochs:500, lr:0.05)
<_io.TextIOWrapper name='<stderr>' mode='w' encoding='utf-8'> node index is 259
train linear regression time:  0.0542168328538537
(average_diff:0.04250000840732719, max_diff:0.077448721524909, training_epochs:500, lr:0.05)
<_io.TextIOWrapper name='<stderr>' mode='w' encoding='utf-8'> node index is 245
train linear regression time:  0.053610959090292454
(average_diff:0.029812382637629246, max_diff:0.20687969855442667, training_epochs:500, lr:0.05)
<_io.TextIOWrapper name='<stderr>' mode='w' encoding='utf-8'> node index is 233
train linear regression time:  0.053545791655778885
(average_diff:3.715793483025087e-05, max_diff:7.515862143409047e-05, training_epochs:500, lr:0.05)
<_io.TextIOWrapper name='<stderr>' mode='w' encoding='utf-8'> node index is 219
train linear regression time:  0.053576750215142965
(average_diff:0.00566559908814186, max_diff:0.012239287558532097, training_epochs:500, lr:0.05)
<_io.TextIOWrapper name='<stderr>' mode='w' encoding='utf-8'> node index is 205
train linear regression time:  0.0532775828614831
(average_diff:0.021289690743672103, max_diff:0.05227590328536824, training_epochs:500, lr:0.05)
<_io.TextIOWrapper name='<stderr>' mode='w' encoding='utf-8'> node index is 197
train linear regression time:  0.0526725840754807
(average_diff:0.02933545776776027, max_diff:0.09405381053593492, training_epochs:500, lr:0.05)
<_io.TextIOWrapper name='<stderr>' mode='w' encoding='utf-8'> node index is 189
train linear regression time:  0.05312124965712428
(average_diff:0.039441239103764465, max_diff:0.1882491588120101, training_epochs:500, lr:0.05)
<_io.TextIOWrapper name='<stderr>' mode='w' encoding='utf-8'> node index is 181
train linear regression time:  0.05276116682216525
(average_diff:0.025611590731923962, max_diff:0.06311385492263177, training_epochs:500, lr:0.05)
<_io.TextIOWrapper name='<stderr>' mode='w' encoding='utf-8'> node index is 173
train linear regression time:  0.05282166739925742
(average_diff:0.026999018636121433, max_diff:0.10104861644753549, training_epochs:500, lr:0.05)
<_io.TextIOWrapper name='<stderr>' mode='w' encoding='utf-8'> node index is 163
train linear regression time:  0.05236841691657901
(average_diff:0.0, max_diff:0.0, training_epochs:500, lr:0.05)
<_io.TextIOWrapper name='<stderr>' mode='w' encoding='utf-8'> node index is 153
train linear regression time:  0.0522512081079185
(average_diff:3.947047701180484e-08, max_diff:7.568694082582539e-08, training_epochs:500, lr:0.05)
<_io.TextIOWrapper name='<stderr>' mode='w' encoding='utf-8'> node index is 221
train linear regression time:  0.05306920828297734
(average_diff:0.11861491533553699, max_diff:0.35995942270662806, training_epochs:500, lr:0.05)
<_io.TextIOWrapper name='<stderr>' mode='w' encoding='utf-8'> node index is 207
train linear regression time:  0.05840120930224657
(average_diff:0.15485604751504778, max_diff:0.6659862911777477, training_epochs:500, lr:0.05)
<_io.TextIOWrapper name='<stderr>' mode='w' encoding='utf-8'> node index is 165
train linear regression time:  0.06127375038340688
(average_diff:0.14170151251690916, max_diff:0.2913392778601047, training_epochs:500, lr:0.05)
<_io.TextIOWrapper name='<stderr>' mode='w' encoding='utf-8'> node index is 155
train linear regression time:  0.05164279090240598
(average_diff:0.1572167517865447, max_diff:0.2657149337656146, training_epochs:500, lr:0.05)
<_io.TextIOWrapper name='<stderr>' mode='w' encoding='utf-8'> node index is 149
train linear regression time:  0.0555221252143383
(average_diff:0.048352240531793274, max_diff:0.15302281401731507, training_epochs:500, lr:0.05)
<_io.TextIOWrapper name='<stderr>' mode='w' encoding='utf-8'> node index is 147
train linear regression time:  0.05431916704401374
(average_diff:0.049196127561787234, max_diff:0.17232806251254695, training_epochs:500, lr:0.05)
<_io.TextIOWrapper name='<stderr>' mode='w' encoding='utf-8'> node index is 143
train linear regression time:  0.053364708088338375
(average_diff:0.034155508109963026, max_diff:0.0932486686759072, training_epochs:500, lr:0.05)
<_io.TextIOWrapper name='<stderr>' mode='w' encoding='utf-8'> node index is 137
train linear regression time:  0.053455083165317774
(average_diff:0.04528148713585057, max_diff:0.14957378474906735, training_epochs:500, lr:0.05)
<_io.TextIOWrapper name='<stderr>' mode='w' encoding='utf-8'> node index is 131
train linear regression time:  0.054163708817213774
(average_diff:0.02946346089316117, max_diff:0.06755705406919227, training_epochs:500, lr:0.05)
<_io.TextIOWrapper name='<stderr>' mode='w' encoding='utf-8'> node index is 123
train linear regression time:  0.0527920420281589
(average_diff:0.03622995171787281, max_diff:0.10833274762946132, training_epochs:500, lr:0.05)
<_io.TextIOWrapper name='<stderr>' mode='w' encoding='utf-8'> node index is 113
train linear regression time:  0.054712540935724974
(average_diff:0.09739579431419375, max_diff:0.6382593066549409, training_epochs:500, lr:0.05)
<_io.TextIOWrapper name='<stderr>' mode='w' encoding='utf-8'> node index is 103
train linear regression time:  0.054537415970116854
(average_diff:0.04182818346669089, max_diff:0.17428062879959672, training_epochs:500, lr:0.05)
<_io.TextIOWrapper name='<stderr>' mode='w' encoding='utf-8'> node index is 93
train linear regression time:  0.05298108281567693
(average_diff:0.021188982385268312, max_diff:0.09598150742566422, training_epochs:500, lr:0.05)
<_io.TextIOWrapper name='<stderr>' mode='w' encoding='utf-8'> node index is 139
train linear regression time:  0.05288070905953646
(average_diff:0.060115822605303196, max_diff:0.21306816739543188, training_epochs:500, lr:0.05)
<_io.TextIOWrapper name='<stderr>' mode='w' encoding='utf-8'> node index is 133
train linear regression time:  0.05315420776605606
(average_diff:0.034690471578334964, max_diff:0.20373784245064652, training_epochs:500, lr:0.05)
<_io.TextIOWrapper name='<stderr>' mode='w' encoding='utf-8'> node index is 125
train linear regression time:  0.05367583408951759
(average_diff:0.07476546447123761, max_diff:0.31068038930177544, training_epochs:500, lr:0.05)
<_io.TextIOWrapper name='<stderr>' mode='w' encoding='utf-8'> node index is 115
train linear regression time:  0.05341616692021489
(average_diff:0.0765396055300605, max_diff:0.3178593340756579, training_epochs:500, lr:0.05)
<_io.TextIOWrapper name='<stderr>' mode='w' encoding='utf-8'> node index is 105
train linear regression time:  0.05320562515407801
(average_diff:0.06248085674092974, max_diff:0.21903248712411083, training_epochs:500, lr:0.05)
<_io.TextIOWrapper name='<stderr>' mode='w' encoding='utf-8'> node index is 95
train linear regression time:  0.05380895920097828
(average_diff:0.06760106403697995, max_diff:0.24733724839572752, training_epochs:500, lr:0.05)
<_io.TextIOWrapper name='<stderr>' mode='w' encoding='utf-8'> node index is 85
train linear regression time:  0.052793582901358604
(average_diff:0.07808617414639751, max_diff:0.23821618708025072, training_epochs:500, lr:0.05)
<_io.TextIOWrapper name='<stderr>' mode='w' encoding='utf-8'> node index is 79
train linear regression time:  0.05499037494882941
(average_diff:0.10419544255312192, max_diff:0.4368987455816607, training_epochs:500, lr:0.05)
<_io.TextIOWrapper name='<stderr>' mode='w' encoding='utf-8'> node index is 73
train linear regression time:  0.062433792278170586
(average_diff:0.07846023977589645, max_diff:0.3690230491520786, training_epochs:500, lr:0.05)
<_io.TextIOWrapper name='<stderr>' mode='w' encoding='utf-8'> node index is 65
train linear regression time:  0.054116582963615656
(average_diff:0.0, max_diff:0.0, training_epochs:500, lr:0.05)
<_io.TextIOWrapper name='<stderr>' mode='w' encoding='utf-8'> node index is 575
train linear regression time:  0.05287662474438548
(average_diff:1.1102230246251565e-16, max_diff:1.1102230246251565e-16, training_epochs:500, lr:0.05)
<_io.TextIOWrapper name='<stderr>' mode='w' encoding='utf-8'> node index is 565
train linear regression time:  0.05286874994635582
(average_diff:9.594167124522823e-05, max_diff:0.00019872598798220675, training_epochs:500, lr:0.05)
<_io.TextIOWrapper name='<stderr>' mode='w' encoding='utf-8'> node index is 557
train linear regression time:  0.052825791761279106
(average_diff:0.0, max_diff:0.0, training_epochs:500, lr:0.05)
<_io.TextIOWrapper name='<stderr>' mode='w' encoding='utf-8'> node index is 553
train linear regression time:  0.05339670926332474
(average_diff:1.5898893312993323e-11, max_diff:1.612698863340256e-11, training_epochs:500, lr:0.05)
<_io.TextIOWrapper name='<stderr>' mode='w' encoding='utf-8'> node index is 539
train linear regression time:  0.05610424978658557
(average_diff:3.4416913763379853e-15, max_diff:5.662137425588298e-15, training_epochs:500, lr:0.05)
<_io.TextIOWrapper name='<stderr>' mode='w' encoding='utf-8'> node index is 523
train linear regression time:  0.05343249998986721
(average_diff:4.440892098500626e-16, max_diff:7.494005416219807e-16, training_epochs:500, lr:0.05)
<_io.TextIOWrapper name='<stderr>' mode='w' encoding='utf-8'> node index is 513
train linear regression time:  0.052981124725192785
(average_diff:0.0, max_diff:0.0, training_epochs:500, lr:0.05)
<_io.TextIOWrapper name='<stderr>' mode='w' encoding='utf-8'> node index is 505
train linear regression time:  0.05314691597595811
(average_diff:0.009546610426519844, max_diff:0.015911587403765692, training_epochs:500, lr:0.05)
<_io.TextIOWrapper name='<stderr>' mode='w' encoding='utf-8'> node index is 495
train linear regression time:  0.05226287478581071
(average_diff:0.029671663992044028, max_diff:0.07238421928120024, training_epochs:500, lr:0.05)
<_io.TextIOWrapper name='<stderr>' mode='w' encoding='utf-8'> node index is 487
train linear regression time:  0.052859832998365164
(average_diff:0.09164263189777133, max_diff:0.5577079004895602, training_epochs:500, lr:0.05)
<_io.TextIOWrapper name='<stderr>' mode='w' encoding='utf-8'> node index is 47
train linear regression time:  0.05964374961331487
(average_diff:8.00285763583967e-16, max_diff:2.0122792321330962e-15, training_epochs:500, lr:0.05)
<_io.TextIOWrapper name='<stderr>' mode='w' encoding='utf-8'> node index is 397
train linear regression time:  0.05261091608554125
(average_diff:0.06317085056176885, max_diff:0.1124533907018459, training_epochs:500, lr:0.05)
<_io.TextIOWrapper name='<stderr>' mode='w' encoding='utf-8'> node index is 383
train linear regression time:  0.052286624908447266
(average_diff:0.013712832037584444, max_diff:0.024459134696608098, training_epochs:500, lr:0.05)
<_io.TextIOWrapper name='<stderr>' mode='w' encoding='utf-8'> node index is 371
train linear regression time:  0.05257933400571346
(average_diff:0.1683759491429726, max_diff:0.5331420422057667, training_epochs:500, lr:0.05)
<_io.TextIOWrapper name='<stderr>' mode='w' encoding='utf-8'> node index is 357
train linear regression time:  0.052392666693776846
(average_diff:0.1366421570459334, max_diff:0.4275848823442182, training_epochs:500, lr:0.05)
<_io.TextIOWrapper name='<stderr>' mode='w' encoding='utf-8'> node index is 343
train linear regression time:  0.053452791180461645
(average_diff:0.16878095925940997, max_diff:0.4016013294528862, training_epochs:500, lr:0.05)
<_io.TextIOWrapper name='<stderr>' mode='w' encoding='utf-8'> node index is 331
train linear regression time:  0.053354792296886444
(average_diff:0.0049749100068369745, max_diff:0.009838253541953446, training_epochs:500, lr:0.05)
<_io.TextIOWrapper name='<stderr>' mode='w' encoding='utf-8'> node index is 319
train linear regression time:  0.05319179128855467
(average_diff:0.17229386929373874, max_diff:0.553698727409301, training_epochs:500, lr:0.05)
<_io.TextIOWrapper name='<stderr>' mode='w' encoding='utf-8'> node index is 307
train linear regression time:  0.052718957886099815
(average_diff:0.019604027323205098, max_diff:0.03606783460370011, training_epochs:500, lr:0.05)
<_io.TextIOWrapper name='<stderr>' mode='w' encoding='utf-8'> node index is 293
train linear regression time:  0.05261045787483454
(average_diff:0.01726297091481864, max_diff:0.03561030455205716, training_epochs:500, lr:0.05)
<_io.TextIOWrapper name='<stderr>' mode='w' encoding='utf-8'> node index is 277
train linear regression time:  0.05279445881024003
(average_diff:0.005036424469557453, max_diff:0.010233033404568298, training_epochs:500, lr:0.05)
<_io.TextIOWrapper name='<stderr>' mode='w' encoding='utf-8'> node index is 261
train linear regression time:  0.05239641712978482
(average_diff:0.09105585690389957, max_diff:0.1817911352441398, training_epochs:500, lr:0.05)
<_io.TextIOWrapper name='<stderr>' mode='w' encoding='utf-8'> node index is 247
train linear regression time:  0.052085958886891603
(average_diff:0.0003174228376946475, max_diff:0.00043344500378961204, training_epochs:500, lr:0.05)
<_io.TextIOWrapper name='<stderr>' mode='w' encoding='utf-8'> node index is 533
train linear regression time:  0.05491016712039709
(average_diff:4.4701862398230374e-05, max_diff:8.533875789884515e-05, training_epochs:500, lr:0.05)
<_io.TextIOWrapper name='<stderr>' mode='w' encoding='utf-8'> node index is 525
train linear regression time:  0.05382166616618633
(average_diff:3.3306690738754696e-16, max_diff:3.3306690738754696e-16, training_epochs:500, lr:0.05)
<_io.TextIOWrapper name='<stderr>' mode='w' encoding='utf-8'> node index is 515
train linear regression time:  0.05343525018543005
(average_diff:6.938893903907228e-17, max_diff:6.938893903907228e-17, training_epochs:500, lr:0.05)
<_io.TextIOWrapper name='<stderr>' mode='w' encoding='utf-8'> node index is 503
train linear regression time:  0.05281091621145606
(average_diff:0.08080187547170656, max_diff:0.1392544475159571, training_epochs:500, lr:0.05)
<_io.TextIOWrapper name='<stderr>' mode='w' encoding='utf-8'> node index is 497
train linear regression time:  0.05278349993750453
(average_diff:2.7755575615628914e-17, max_diff:2.7755575615628914e-17, training_epochs:500, lr:0.05)
<_io.TextIOWrapper name='<stderr>' mode='w' encoding='utf-8'> node index is 489
train linear regression time:  0.052675750106573105
(average_diff:0.0, max_diff:0.0, training_epochs:500, lr:0.05)
<_io.TextIOWrapper name='<stderr>' mode='w' encoding='utf-8'> node index is 483
train linear regression time:  0.05270662484690547
(average_diff:5.551115123125783e-17, max_diff:5.551115123125783e-17, training_epochs:500, lr:0.05)
<_io.TextIOWrapper name='<stderr>' mode='w' encoding='utf-8'> node index is 479
train linear regression time:  0.052368832752108574
(average_diff:0.013346205697908037, max_diff:0.02659788241443184, training_epochs:500, lr:0.05)
<_io.TextIOWrapper name='<stderr>' mode='w' encoding='utf-8'> node index is 463
train linear regression time:  0.05231000017374754
(average_diff:0.006291284627592181, max_diff:0.011416830549804247, training_epochs:500, lr:0.05)
<_io.TextIOWrapper name='<stderr>' mode='w' encoding='utf-8'> node index is 459
train linear regression time:  0.05447950027883053
(average_diff:4.996003610813204e-16, max_diff:5.551115123125783e-16, training_epochs:500, lr:0.05)
<_io.TextIOWrapper name='<stderr>' mode='w' encoding='utf-8'> node index is 451
train linear regression time:  0.05458175018429756
(average_diff:1.1102230246251565e-16, max_diff:1.1102230246251565e-16, training_epochs:500, lr:0.05)
<_io.TextIOWrapper name='<stderr>' mode='w' encoding='utf-8'> node index is 439
train linear regression time:  0.055673041846603155
(average_diff:0.008187131904256573, max_diff:0.01798996757277005, training_epochs:500, lr:0.05)
<_io.TextIOWrapper name='<stderr>' mode='w' encoding='utf-8'> node index is 437
train linear regression time:  0.053206249605864286
(average_diff:0.03424335080609909, max_diff:0.08095662134568149, training_epochs:500, lr:0.05)
<_io.TextIOWrapper name='<stderr>' mode='w' encoding='utf-8'> node index is 117
train linear regression time:  0.05260058306157589
(average_diff:0.02104719035497172, max_diff:0.06055995159337736, training_epochs:500, lr:0.05)
<_io.TextIOWrapper name='<stderr>' mode='w' encoding='utf-8'> node index is 107
train linear regression time:  0.052712708711624146
(average_diff:0.03381664172268766, max_diff:0.1502999088205652, training_epochs:500, lr:0.05)
<_io.TextIOWrapper name='<stderr>' mode='w' encoding='utf-8'> node index is 97
train linear regression time:  0.05368237476795912
(average_diff:0.048031196540753995, max_diff:0.1643975745908383, training_epochs:500, lr:0.05)
<_io.TextIOWrapper name='<stderr>' mode='w' encoding='utf-8'> node index is 87
train linear regression time:  0.05273770820349455
(average_diff:0.061169571911735825, max_diff:0.29584502680589353, training_epochs:500, lr:0.05)
<_io.TextIOWrapper name='<stderr>' mode='w' encoding='utf-8'> node index is 81
train linear regression time:  0.061655249912291765
(average_diff:0.07209057201043835, max_diff:0.29141238268944364, training_epochs:500, lr:0.05)
<_io.TextIOWrapper name='<stderr>' mode='w' encoding='utf-8'> node index is 75
train linear regression time:  0.060194124933332205
(average_diff:0.09132309429180875, max_diff:0.14340520555563463, training_epochs:500, lr:0.05)
<_io.TextIOWrapper name='<stderr>' mode='w' encoding='utf-8'> node index is 567
train linear regression time:  0.05240416619926691
(average_diff:8.326672684688674e-17, max_diff:1.3877787807814457e-16, training_epochs:500, lr:0.05)
<_io.TextIOWrapper name='<stderr>' mode='w' encoding='utf-8'> node index is 559
train linear regression time:  0.05323416693136096
(average_diff:2.220446049250313e-16, max_diff:2.498001805406602e-16, training_epochs:500, lr:0.05)
<_io.TextIOWrapper name='<stderr>' mode='w' encoding='utf-8'> node index is 555
train linear regression time:  0.056184707675129175
(average_diff:0.013693334506531476, max_diff:0.022514397460532187, training_epochs:500, lr:0.05)
<_io.TextIOWrapper name='<stderr>' mode='w' encoding='utf-8'> node index is 547
train linear regression time:  0.05252116685733199
(average_diff:4.3021142204224816e-16, max_diff:5.273559366969494e-16, training_epochs:500, lr:0.05)
<_io.TextIOWrapper name='<stderr>' mode='w' encoding='utf-8'> node index is 527
train linear regression time:  0.05197883304208517
(average_diff:0.013986025455750478, max_diff:0.028388503702104523, training_epochs:500, lr:0.05)
<_io.TextIOWrapper name='<stderr>' mode='w' encoding='utf-8'> node index is 507
train linear regression time:  0.052562625147402287
(average_diff:0.16112385616849567, max_diff:0.5793048164892262, training_epochs:500, lr:0.05)
<_io.TextIOWrapper name='<stderr>' mode='w' encoding='utf-8'> node index is 610
train linear regression time:  0.05996904196217656
<_io.TextIOWrapper name='<stderr>' mode='w' encoding='utf-8'> variance test passed, diff=0.05592720444799071, d = 0, back=0
<_io.TextIOWrapper name='<stderr>' mode='w' encoding='utf-8'> Will be split, p=0.05592720444799071, d=0, back=0
(average_diff:0.1577878945905918, max_diff:0.586550066653417, training_epochs:500, lr:0.05)
<_io.TextIOWrapper name='<stderr>' mode='w' encoding='utf-8'> node index is 612
train linear regression time:  0.06075254175812006
(average_diff:0.0, max_diff:0.0, training_epochs:500, lr:0.05)
<_io.TextIOWrapper name='<stderr>' mode='w' encoding='utf-8'> node index is 613
train linear regression time:  0.052577333990484476
(average_diff:5.551115123125783e-17, max_diff:5.551115123125783e-17, training_epochs:500, lr:0.05)
<_io.TextIOWrapper name='<stderr>' mode='w' encoding='utf-8'> node index is 611
train linear regression time:  0.05287429131567478
(average_diff:0.09151811538399322, max_diff:0.4072237322750505, training_epochs:500, lr:0.05)
<_io.TextIOWrapper name='<stderr>' mode='w' encoding='utf-8'> node index is 49
train linear regression time:  0.054158832877874374
(average_diff:1.1102230246251565e-16, max_diff:2.220446049250313e-16, training_epochs:500, lr:0.05)
<_io.TextIOWrapper name='<stderr>' mode='w' encoding='utf-8'> node index is 569
train linear regression time:  0.05304350005462766
(average_diff:1.1102230246251565e-16, max_diff:1.1102230246251565e-16, training_epochs:500, lr:0.05)
<_io.TextIOWrapper name='<stderr>' mode='w' encoding='utf-8'> node index is 561
train linear regression time:  0.05266441684216261
(average_diff:1.6653345369377348e-16, max_diff:1.6653345369377348e-16, training_epochs:500, lr:0.05)
<_io.TextIOWrapper name='<stderr>' mode='w' encoding='utf-8'> node index is 543
train linear regression time:  0.05274366680532694
(average_diff:5.273559366969494e-16, max_diff:5.551115123125783e-16, training_epochs:500, lr:0.05)
<_io.TextIOWrapper name='<stderr>' mode='w' encoding='utf-8'> node index is 535
train linear regression time:  0.05282158404588699
(average_diff:2.6020852139652106e-15, max_diff:4.107825191113079e-15, training_epochs:500, lr:0.05)
<_io.TextIOWrapper name='<stderr>' mode='w' encoding='utf-8'> node index is 529
train linear regression time:  0.05247054202482104
(average_diff:1.1102230246251565e-16, max_diff:1.1102230246251565e-16, training_epochs:500, lr:0.05)
<_io.TextIOWrapper name='<stderr>' mode='w' encoding='utf-8'> node index is 517
train linear regression time:  0.05244120769202709
(average_diff:7.216449660063518e-16, max_diff:7.771561172376096e-16, training_epochs:500, lr:0.05)
<_io.TextIOWrapper name='<stderr>' mode='w' encoding='utf-8'> node index is 509
train linear regression time:  0.052423750050365925
(average_diff:0.0, max_diff:0.0, training_epochs:500, lr:0.05)
<_io.TextIOWrapper name='<stderr>' mode='w' encoding='utf-8'> node index is 499
train linear regression time:  0.0524744582362473
(average_diff:0.0008119780642624475, max_diff:0.0016558194042792795, training_epochs:500, lr:0.05)
<_io.TextIOWrapper name='<stderr>' mode='w' encoding='utf-8'> node index is 491
train linear regression time:  0.053135375026613474
(average_diff:0.003178358043344495, max_diff:0.005639795351870758, training_epochs:500, lr:0.05)
<_io.TextIOWrapper name='<stderr>' mode='w' encoding='utf-8'> node index is 385
train linear regression time:  0.056258250027894974
(average_diff:0.11407355830079632, max_diff:0.2133336455006971, training_epochs:500, lr:0.05)
<_io.TextIOWrapper name='<stderr>' mode='w' encoding='utf-8'> node index is 373
train linear regression time:  0.054217916913330555
(average_diff:0.0, max_diff:0.0, training_epochs:500, lr:0.05)
<_io.TextIOWrapper name='<stderr>' mode='w' encoding='utf-8'> node index is 359
train linear regression time:  0.05257800035178661
(average_diff:0.07027991690688386, max_diff:0.21132432245448846, training_epochs:500, lr:0.05)
<_io.TextIOWrapper name='<stderr>' mode='w' encoding='utf-8'> node index is 345
train linear regression time:  0.052569916006177664
(average_diff:0.09033538523577071, max_diff:0.17805128457386318, training_epochs:500, lr:0.05)
<_io.TextIOWrapper name='<stderr>' mode='w' encoding='utf-8'> node index is 321
train linear regression time:  0.05245037470012903
(average_diff:0.0688578870511814, max_diff:0.0946917644497095, training_epochs:500, lr:0.05)
<_io.TextIOWrapper name='<stderr>' mode='w' encoding='utf-8'> node index is 295
train linear regression time:  0.05274079227820039
(average_diff:0.17587635354949469, max_diff:0.35370081961770006, training_epochs:500, lr:0.05)
<_io.TextIOWrapper name='<stderr>' mode='w' encoding='utf-8'> node index is 279
train linear regression time:  0.052580374758690596
(average_diff:0.015733172917114284, max_diff:0.024293991503196943, training_epochs:500, lr:0.05)
<_io.TextIOWrapper name='<stderr>' mode='w' encoding='utf-8'> node index is 263
train linear regression time:  0.05227187508717179
(average_diff:0.06479532981193573, max_diff:0.22022554038283315, training_epochs:500, lr:0.05)
<_io.TextIOWrapper name='<stderr>' mode='w' encoding='utf-8'> node index is 249
train linear regression time:  0.05286320811137557
(average_diff:0.038876003356874245, max_diff:0.09444194505305781, training_epochs:500, lr:0.05)
<_io.TextIOWrapper name='<stderr>' mode='w' encoding='utf-8'> node index is 237
train linear regression time:  0.05303920805454254
(average_diff:0.019389721687933868, max_diff:0.047336874804407875, training_epochs:500, lr:0.05)
<_io.TextIOWrapper name='<stderr>' mode='w' encoding='utf-8'> node index is 265
train linear regression time:  0.052898749709129333
(average_diff:8.326672684688674e-17, max_diff:1.1102230246251565e-16, training_epochs:500, lr:0.05)
<_io.TextIOWrapper name='<stderr>' mode='w' encoding='utf-8'> node index is 251
train linear regression time:  0.05270641716197133
(average_diff:0.07688588233943401, max_diff:0.3580577259654448, training_epochs:500, lr:0.05)
<_io.TextIOWrapper name='<stderr>' mode='w' encoding='utf-8'> node index is 239
train linear regression time:  0.0527886669151485
(average_diff:0.06788599285496931, max_diff:0.16290162284711707, training_epochs:500, lr:0.05)
<_io.TextIOWrapper name='<stderr>' mode='w' encoding='utf-8'> node index is 223
train linear regression time:  0.05230970913544297
(average_diff:0.013516886856814273, max_diff:0.027725542284106564, training_epochs:500, lr:0.05)
<_io.TextIOWrapper name='<stderr>' mode='w' encoding='utf-8'> node index is 209
train linear regression time:  0.0526469168253243
(average_diff:0.08059502114492813, max_diff:0.16169473690299085, training_epochs:500, lr:0.05)
<_io.TextIOWrapper name='<stderr>' mode='w' encoding='utf-8'> node index is 199
train linear regression time:  0.05236712470650673
(average_diff:0.10305939494747701, max_diff:0.40531221523484556, training_epochs:500, lr:0.05)
<_io.TextIOWrapper name='<stderr>' mode='w' encoding='utf-8'> node index is 191
train linear regression time:  0.05251987464725971
(average_diff:0.05302042400627463, max_diff:0.1239516162004308, training_epochs:500, lr:0.05)
<_io.TextIOWrapper name='<stderr>' mode='w' encoding='utf-8'> node index is 183
train linear regression time:  0.05235391668975353
(average_diff:0.10876729368416653, max_diff:0.22567339061915326, training_epochs:500, lr:0.05)
<_io.TextIOWrapper name='<stderr>' mode='w' encoding='utf-8'> node index is 175
train linear regression time:  0.05299212457612157
(average_diff:0.09137227802244706, max_diff:0.2625477975023638, training_epochs:500, lr:0.05)
<_io.TextIOWrapper name='<stderr>' mode='w' encoding='utf-8'> node index is 167
train linear regression time:  0.05431508366018534
(average_diff:0.0884451795102578, max_diff:0.4190567474997762, training_epochs:500, lr:0.05)
<_io.TextIOWrapper name='<stderr>' mode='w' encoding='utf-8'> node index is 157
train linear regression time:  0.0547601250000298
(average_diff:0.0, max_diff:0.0, training_epochs:500, lr:0.05)
<_io.TextIOWrapper name='<stderr>' mode='w' encoding='utf-8'> node index is 323
train linear regression time:  0.05233145924285054
(average_diff:1.1102230246251565e-16, max_diff:1.1102230246251565e-16, training_epochs:500, lr:0.05)
<_io.TextIOWrapper name='<stderr>' mode='w' encoding='utf-8'> node index is 309
train linear regression time:  0.05229316605255008
(average_diff:0.08262544360470711, max_diff:0.17026784558786862, training_epochs:500, lr:0.05)
<_io.TextIOWrapper name='<stderr>' mode='w' encoding='utf-8'> node index is 297
train linear regression time:  0.05282512539997697
(average_diff:0.15389459137213762, max_diff:0.2848681997097855, training_epochs:500, lr:0.05)
<_io.TextIOWrapper name='<stderr>' mode='w' encoding='utf-8'> node index is 283
train linear regression time:  0.055107709020376205
(average_diff:0.07057015228607344, max_diff:0.21121572173996675, training_epochs:500, lr:0.05)
<_io.TextIOWrapper name='<stderr>' mode='w' encoding='utf-8'> node index is 267
train linear regression time:  0.05297625018283725
(average_diff:0.17115209396693615, max_diff:0.6506023912063919, training_epochs:500, lr:0.05)
<_io.TextIOWrapper name='<stderr>' mode='w' encoding='utf-8'> node index is 225
train linear regression time:  0.05329545773565769
(average_diff:0.21242077927430675, max_diff:0.4357942479263087, training_epochs:500, lr:0.05)
<_io.TextIOWrapper name='<stderr>' mode='w' encoding='utf-8'> node index is 211
train linear regression time:  0.05300204083323479
(average_diff:0.1291077823666451, max_diff:0.31919748023899375, training_epochs:500, lr:0.05)
<_io.TextIOWrapper name='<stderr>' mode='w' encoding='utf-8'> node index is 185
train linear regression time:  0.053695582784712315
(average_diff:0.10729809835039314, max_diff:0.5041319133305129, training_epochs:500, lr:0.05)
<_io.TextIOWrapper name='<stderr>' mode='w' encoding='utf-8'> node index is 177
train linear regression time:  0.05574454087764025
(average_diff:0.17771684130263507, max_diff:0.5731270336813727, training_epochs:500, lr:0.05)
<_io.TextIOWrapper name='<stderr>' mode='w' encoding='utf-8'> node index is 169
train linear regression time:  0.059418458957225084
(average_diff:0.05340607779071447, max_diff:0.11213207114574879, training_epochs:500, lr:0.05)
<_io.TextIOWrapper name='<stderr>' mode='w' encoding='utf-8'> node index is 159
train linear regression time:  0.057680708821862936
(average_diff:0.09489342971072773, max_diff:0.2180242220543135, training_epochs:500, lr:0.05)
<_io.TextIOWrapper name='<stderr>' mode='w' encoding='utf-8'> node index is 151
train linear regression time:  0.05578283313661814
(average_diff:0.03877622417212077, max_diff:0.10376733108438158, training_epochs:500, lr:0.05)
<_io.TextIOWrapper name='<stderr>' mode='w' encoding='utf-8'> node index is 135
train linear regression time:  0.05782333295792341
(average_diff:0.05293099648216329, max_diff:0.10561371323487281, training_epochs:500, lr:0.05)
<_io.TextIOWrapper name='<stderr>' mode='w' encoding='utf-8'> node index is 129
train linear regression time:  0.05577720794826746
(average_diff:0.03458555559662586, max_diff:0.13276079243328065, training_epochs:500, lr:0.05)
<_io.TextIOWrapper name='<stderr>' mode='w' encoding='utf-8'> node index is 119
train linear regression time:  0.0566812502220273
(average_diff:0.03831936242926856, max_diff:0.10876515207502929, training_epochs:500, lr:0.05)
<_io.TextIOWrapper name='<stderr>' mode='w' encoding='utf-8'> node index is 109
train linear regression time:  0.056875166948884726
(average_diff:0.0394039356579741, max_diff:0.18131944934187866, training_epochs:500, lr:0.05)
<_io.TextIOWrapper name='<stderr>' mode='w' encoding='utf-8'> node index is 99
train linear regression time:  0.05907108308747411
(average_diff:2.7755575615628914e-17, max_diff:2.7755575615628914e-17, training_epochs:500, lr:0.05)
<_io.TextIOWrapper name='<stderr>' mode='w' encoding='utf-8'> node index is 447
train linear regression time:  0.0560219157487154
(average_diff:0.020074101183322562, max_diff:0.04124148999678651, training_epochs:500, lr:0.05)
<_io.TextIOWrapper name='<stderr>' mode='w' encoding='utf-8'> node index is 441
train linear regression time:  0.05803916696459055
(average_diff:0.011980146743059972, max_diff:0.026799239743807185, training_epochs:500, lr:0.05)
<_io.TextIOWrapper name='<stderr>' mode='w' encoding='utf-8'> node index is 435
train linear regression time:  0.055693583097308874
(average_diff:5.551115123125783e-17, max_diff:5.551115123125783e-17, training_epochs:500, lr:0.05)
<_io.TextIOWrapper name='<stderr>' mode='w' encoding='utf-8'> node index is 429
train linear regression time:  0.05802379176020622
(average_diff:2.627527824946204e-15, max_diff:3.83026943495679e-15, training_epochs:500, lr:0.05)
<_io.TextIOWrapper name='<stderr>' mode='w' encoding='utf-8'> node index is 421
train linear regression time:  0.06267100013792515
(average_diff:0.005220854815380847, max_diff:0.16661215786869338, training_epochs:500, lr:0.05)
<_io.TextIOWrapper name='<stderr>' mode='w' encoding='utf-8'> node index is 69
train linear regression time:  0.06507537513971329
(average_diff:0.07651546289395744, max_diff:0.24270457427551548, training_epochs:500, lr:0.05)
<_io.TextIOWrapper name='<stderr>' mode='w' encoding='utf-8'> node index is 61
train linear regression time:  0.05740637518465519
(average_diff:0.08939373691007027, max_diff:0.459859855336319, training_epochs:500, lr:0.05)
<_io.TextIOWrapper name='<stderr>' mode='w' encoding='utf-8'> node index is 53
train linear regression time:  0.057337624952197075
(average_diff:0.02069019176320877, max_diff:0.0363730084346407, training_epochs:500, lr:0.05)
<_io.TextIOWrapper name='<stderr>' mode='w' encoding='utf-8'> node index is 401
train linear regression time:  0.05686887493357062
(average_diff:0.01850607160605613, max_diff:0.02863884360389693, training_epochs:500, lr:0.05)
<_io.TextIOWrapper name='<stderr>' mode='w' encoding='utf-8'> node index is 387
train linear regression time:  0.05777729069814086
(average_diff:0.00717528824327141, max_diff:0.015432448955187195, training_epochs:500, lr:0.05)
<_io.TextIOWrapper name='<stderr>' mode='w' encoding='utf-8'> node index is 375
train linear regression time:  0.05902445828542113
(average_diff:0.0080405688962532, max_diff:0.012248924086913915, training_epochs:500, lr:0.05)
<_io.TextIOWrapper name='<stderr>' mode='w' encoding='utf-8'> node index is 361
train linear regression time:  0.05828362517058849
(average_diff:0.050056473191650665, max_diff:0.07879548708239845, training_epochs:500, lr:0.05)
<_io.TextIOWrapper name='<stderr>' mode='w' encoding='utf-8'> node index is 347
train linear regression time:  0.05522166704759002
(average_diff:0.15075498469602402, max_diff:0.27756640355914597, training_epochs:500, lr:0.05)
<_io.TextIOWrapper name='<stderr>' mode='w' encoding='utf-8'> node index is 311
train linear regression time:  0.05324525013566017
(average_diff:0.05981233789949363, max_diff:0.14253660560773607, training_epochs:500, lr:0.05)
<_io.TextIOWrapper name='<stderr>' mode='w' encoding='utf-8'> node index is 299
train linear regression time:  0.056435042060911655
(average_diff:0.11904384708258986, max_diff:0.3976081564703201, training_epochs:500, lr:0.05)
<_io.TextIOWrapper name='<stderr>' mode='w' encoding='utf-8'> node index is 285
train linear regression time:  0.06084479205310345
(average_diff:0.10243112235334721, max_diff:0.31175566482100625, training_epochs:500, lr:0.05)
<_io.TextIOWrapper name='<stderr>' mode='w' encoding='utf-8'> node index is 269
train linear regression time:  0.05808029184117913
(average_diff:0.005362400583980427, max_diff:0.008237573195593262, training_epochs:500, lr:0.05)
<_io.TextIOWrapper name='<stderr>' mode='w' encoding='utf-8'> node index is 415
train linear regression time:  0.057495417073369026
(average_diff:0.00011381115384125062, max_diff:0.00016523909962071204, training_epochs:500, lr:0.05)
<_io.TextIOWrapper name='<stderr>' mode='w' encoding='utf-8'> node index is 411
train linear regression time:  0.05667779128998518
(average_diff:2.3592239273284576e-16, max_diff:2.7755575615628914e-16, training_epochs:500, lr:0.05)
<_io.TextIOWrapper name='<stderr>' mode='w' encoding='utf-8'> node index is 403
train linear regression time:  0.05984845897182822
(average_diff:0.06679772254071886, max_diff:0.11395299265635914, training_epochs:500, lr:0.05)
<_io.TextIOWrapper name='<stderr>' mode='w' encoding='utf-8'> node index is 389
train linear regression time:  0.05643525021150708
(average_diff:0.024618346731361866, max_diff:0.06825952970509902, training_epochs:500, lr:0.05)
<_io.TextIOWrapper name='<stderr>' mode='w' encoding='utf-8'> node index is 377
train linear regression time:  0.05489891581237316
(average_diff:0.00037941593080925706, max_diff:0.00086649892570273, training_epochs:500, lr:0.05)
<_io.TextIOWrapper name='<stderr>' mode='w' encoding='utf-8'> node index is 363
train linear regression time:  0.06337654171511531
(average_diff:0.06666844530531559, max_diff:0.09988413396217016, training_epochs:500, lr:0.05)
<_io.TextIOWrapper name='<stderr>' mode='w' encoding='utf-8'> node index is 349
train linear regression time:  0.06277145817875862
(average_diff:0.043076534254383216, max_diff:0.0849827087089988, training_epochs:500, lr:0.05)
<_io.TextIOWrapper name='<stderr>' mode='w' encoding='utf-8'> node index is 335
train linear regression time:  0.060595333110541105
(average_diff:0.0038962692537892704, max_diff:0.006376097229310179, training_epochs:500, lr:0.05)
<_io.TextIOWrapper name='<stderr>' mode='w' encoding='utf-8'> node index is 325
train linear regression time:  0.059808832593262196
(average_diff:0.12447145744046734, max_diff:0.35947629419038135, training_epochs:500, lr:0.05)
<_io.TextIOWrapper name='<stderr>' mode='w' encoding='utf-8'> node index is 313
train linear regression time:  0.05857937503606081
(average_diff:1.1102230246251565e-16, max_diff:1.1102230246251565e-16, training_epochs:500, lr:0.05)
<_io.TextIOWrapper name='<stderr>' mode='w' encoding='utf-8'> node index is 443
train linear regression time:  0.06111691705882549
(average_diff:0.10083567130109937, max_diff:0.2195393743407949, training_epochs:500, lr:0.05)
<_io.TextIOWrapper name='<stderr>' mode='w' encoding='utf-8'> node index is 431
train linear regression time:  0.060421417001634836
(average_diff:5.551115123125783e-17, max_diff:5.551115123125783e-17, training_epochs:500, lr:0.05)
<_io.TextIOWrapper name='<stderr>' mode='w' encoding='utf-8'> node index is 425
train linear regression time:  0.05910854088142514
(average_diff:3.686122518331558e-10, max_diff:5.400183633597067e-10, training_epochs:500, lr:0.05)
<_io.TextIOWrapper name='<stderr>' mode='w' encoding='utf-8'> node index is 419
train linear regression time:  0.05856541683897376
(average_diff:7.512694170467663e-13, max_diff:1.127320459204384e-12, training_epochs:500, lr:0.05)
<_io.TextIOWrapper name='<stderr>' mode='w' encoding='utf-8'> node index is 413
train linear regression time:  0.057593457866460085
(average_diff:0.011860383951398953, max_diff:0.027199492543173664, training_epochs:500, lr:0.05)
<_io.TextIOWrapper name='<stderr>' mode='w' encoding='utf-8'> node index is 405
train linear regression time:  0.056652292143553495
(average_diff:1.1102230246251565e-16, max_diff:1.1102230246251565e-16, training_epochs:500, lr:0.05)
<_io.TextIOWrapper name='<stderr>' mode='w' encoding='utf-8'> node index is 391
train linear regression time:  0.053714875131845474
(average_diff:2.220446049250313e-16, max_diff:2.220446049250313e-16, training_epochs:500, lr:0.05)
<_io.TextIOWrapper name='<stderr>' mode='w' encoding='utf-8'> node index is 379
train linear regression time:  0.052946959156543016
(average_diff:0.03913225330999716, max_diff:0.1319917417706562, training_epochs:500, lr:0.05)
<_io.TextIOWrapper name='<stderr>' mode='w' encoding='utf-8'> node index is 365
train linear regression time:  0.05715991696342826
(average_diff:0.014780860709335458, max_diff:0.021906691525655664, training_epochs:500, lr:0.05)
<_io.TextIOWrapper name='<stderr>' mode='w' encoding='utf-8'> node index is 351
train linear regression time:  0.05977137526497245
(average_diff:2.914335439641036e-16, max_diff:3.0531133177191805e-16, training_epochs:500, lr:0.05)
<_io.TextIOWrapper name='<stderr>' mode='w' encoding='utf-8'> node index is 337
train linear regression time:  0.05812479183077812
(average_diff:0.13636666608900536, max_diff:0.5043994767712561, training_epochs:500, lr:0.05)
<_io.TextIOWrapper name='<stderr>' mode='w' encoding='utf-8'> node index is 393
train linear regression time:  0.062204666901379824
(average_diff:0.027215798042978263, max_diff:0.04120673816410103, training_epochs:500, lr:0.05)
<_io.TextIOWrapper name='<stderr>' mode='w' encoding='utf-8'> node index is 301
train linear regression time:  0.058861666824668646
(average_diff:0.09546348103704043, max_diff:0.19473983813994666, training_epochs:500, lr:0.05)
<_io.TextIOWrapper name='<stderr>' mode='w' encoding='utf-8'> node index is 271
train linear regression time:  0.059403750114142895
(average_diff:0.1642987763890442, max_diff:0.3240120119248375, training_epochs:500, lr:0.05)
<_io.TextIOWrapper name='<stderr>' mode='w' encoding='utf-8'> node index is 253
train linear regression time:  0.06116962479427457
(average_diff:0.17956307727732712, max_diff:0.43723373195844883, training_epochs:500, lr:0.05)
<_io.TextIOWrapper name='<stderr>' mode='w' encoding='utf-8'> node index is 227
train linear regression time:  0.0599525417201221
(average_diff:0.15074961563613049, max_diff:0.3487252951955127, training_epochs:500, lr:0.05)
<_io.TextIOWrapper name='<stderr>' mode='w' encoding='utf-8'> node index is 213
train linear regression time:  0.06027762498706579
(average_diff:0.059157240706943136, max_diff:0.1362230189963364, training_epochs:500, lr:0.05)
<_io.TextIOWrapper name='<stderr>' mode='w' encoding='utf-8'> node index is 201
train linear regression time:  0.0576038327999413
(average_diff:5.551115123125783e-17, max_diff:5.551115123125783e-17, training_epochs:500, lr:0.05)
<_io.TextIOWrapper name='<stderr>' mode='w' encoding='utf-8'> node index is 193
train linear regression time:  0.056951583828777075
(average_diff:0.020779473726890523, max_diff:0.060958944349477406, training_epochs:500, lr:0.05)
<_io.TextIOWrapper name='<stderr>' mode='w' encoding='utf-8'> node index is 187
train linear regression time:  0.05720770824700594
(average_diff:0.044732783450732116, max_diff:0.1336610363017373, training_epochs:500, lr:0.05)
<_io.TextIOWrapper name='<stderr>' mode='w' encoding='utf-8'> node index is 179
train linear regression time:  0.05751654226332903
(average_diff:5.551115123125783e-17, max_diff:5.551115123125783e-17, training_epochs:500, lr:0.05)
<_io.TextIOWrapper name='<stderr>' mode='w' encoding='utf-8'> node index is 171
train linear regression time:  0.05409733299165964
(average_diff:0.09953092057507168, max_diff:0.29729462055160977, training_epochs:500, lr:0.05)
<_io.TextIOWrapper name='<stderr>' mode='w' encoding='utf-8'> node index is 161
train linear regression time:  0.05604333430528641
(average_diff:1.0177044392397268e-15, max_diff:1.4988010832439613e-15, training_epochs:500, lr:0.05)
<_io.TextIOWrapper name='<stderr>' mode='w' encoding='utf-8'> node index is 367
train linear regression time:  0.05548600014299154
(average_diff:0.0, max_diff:0.0, training_epochs:500, lr:0.05)
<_io.TextIOWrapper name='<stderr>' mode='w' encoding='utf-8'> node index is 353
train linear regression time:  0.057652749586850405
(average_diff:2.220446049250313e-16, max_diff:2.220446049250313e-16, training_epochs:500, lr:0.05)
<_io.TextIOWrapper name='<stderr>' mode='w' encoding='utf-8'> node index is 339
train linear regression time:  0.05432741716504097
(average_diff:0.025170460324499058, max_diff:0.07645727973274163, training_epochs:500, lr:0.05)
<_io.TextIOWrapper name='<stderr>' mode='w' encoding='utf-8'> node index is 327
train linear regression time:  0.056904083117842674
(average_diff:0.028838693700364106, max_diff:0.11517928041666259, training_epochs:500, lr:0.05)
<_io.TextIOWrapper name='<stderr>' mode='w' encoding='utf-8'> node index is 315
train linear regression time:  0.05321770906448364
(average_diff:5.561348703247981e-06, max_diff:1.169336683459754e-05, training_epochs:500, lr:0.05)
<_io.TextIOWrapper name='<stderr>' mode='w' encoding='utf-8'> node index is 303
train linear regression time:  0.05251416703686118
(average_diff:0.03911591582381751, max_diff:0.08346037634640335, training_epochs:500, lr:0.05)
<_io.TextIOWrapper name='<stderr>' mode='w' encoding='utf-8'> node index is 287
train linear regression time:  0.054625249933451414
(average_diff:0.12184185511119806, max_diff:0.24490194069731258, training_epochs:500, lr:0.05)
<_io.TextIOWrapper name='<stderr>' mode='w' encoding='utf-8'> node index is 273
train linear regression time:  0.05324079189449549
(average_diff:0.09486015278357059, max_diff:0.5162268693007687, training_epochs:500, lr:0.05)
<_io.TextIOWrapper name='<stderr>' mode='w' encoding='utf-8'> node index is 255
train linear regression time:  0.05272004194557667
(average_diff:0.02136701867926476, max_diff:0.04127108766275367, training_epochs:500, lr:0.05)
<_io.TextIOWrapper name='<stderr>' mode='w' encoding='utf-8'> node index is 241
train linear regression time:  0.0739724999293685
(average_diff:0.18330676590425926, max_diff:0.4575238497057809, training_epochs:500, lr:0.05)
<_io.TextIOWrapper name='<stderr>' mode='w' encoding='utf-8'> node index is 229
train linear regression time:  0.06624666694551706
(average_diff:0.10447453853801422, max_diff:0.4332781340234385, training_epochs:500, lr:0.05)
<_io.TextIOWrapper name='<stderr>' mode='w' encoding='utf-8'> node index is 215
train linear regression time:  0.06313050026074052
(average_diff:0.04254412189881315, max_diff:0.09706099509066457, training_epochs:500, lr:0.05)
<_io.TextIOWrapper name='<stderr>' mode='w' encoding='utf-8'> node index is 203
train linear regression time:  0.06144137494266033
(average_diff:0.015544853613603016, max_diff:0.034962065239814044, training_epochs:500, lr:0.05)
<_io.TextIOWrapper name='<stderr>' mode='w' encoding='utf-8'> node index is 195
train linear regression time:  0.058478791266679764
(average_diff:0.1961728365317316, max_diff:0.4001648557790358, training_epochs:500, lr:0.05)
<_io.TextIOWrapper name='<stderr>' mode='w' encoding='utf-8'> node index is 7
train linear regression time:  0.05781358294188976
(average_diff:0.13409489040386538, max_diff:0.43621697244758123, training_epochs:500, lr:0.05)
<_io.TextIOWrapper name='<stderr>' mode='w' encoding='utf-8'> node index is 5
train linear regression time:  0.06076550018042326
testFringe time:  14.189865999855101
<_io.TextIOWrapper name='<stderr>' mode='w' encoding='utf-8'> =============== update finished ===============

*** Writing Game File 100***

<_io.TextIOWrapper name='../print_tree_record_numpy/print_DR_boost_linear_tree_split.txt' mode='w' encoding='UTF-8'> idx1(Q:0.3996, distinct_name:0, dictinctin_value:2.569683891588169, par:None)
	idx4(Q:0.4003, distinct_name:0, dictinctin_value:2.507749956207568, par:1)
		idx6(Q:0.4003, distinct_name:0, dictinctin_value:-0.050698982385153205, par:4)
			idx8(Q:0.4589, distinct_name:0, dictinctin_value:-0.5002368440471089, par:6)
				idx10(Q:0.5051, distinct_name:3, dictinctin_value:0.7373220788164561, par:8)
					idx12(Q:0.4800, distinct_name:1, dictinctin_value:0.8498558206992594, par:10)
						idx18(Q:0.4298, distinct_name:2, dictinctin_value:0.8559921607301466, par:12)
							idx24(Q:0.4238, distinct_name:0, dictinctin_value:-0.5901212893723445, par:18)
								idx30(Q:0.4329, distinct_name:2, dictinctin_value:0.5095422779981766, par:24)
									idx38(Q:0.4510, distinct_name:2, dictinctin_value:0.24909091887867726, par:30)
										idx44(Q:0.4804, distinct_name:2, dictinctin_value:-0.06052347242753761, par:38)
											idx54(Q:0.5269, distinct_name:2, dictinctin_value:-0.16873413911779458, par:44)
												idx62(Q:0.5520, distinct_name:2, dictinctin_value:-0.3117760123070312, par:54)
													idx70(Q:0.5953, distinct_name:2, dictinctin_value:-0.36929151673896154, par:62)
														idx76(Q:0.6225, distinct_name:2, dictinctin_value:-0.4513587540231024, par:70)
															idx82(Q:0.6577, distinct_name:2, dictinctin_value:-0.49926091712096626, par:76)
																idx90(Q:0.6747, distinct_name:2, dictinctin_value:-0.5261921216626007, par:82)
																	idx100(Q:0.6865, distinct_name:2, dictinctin_value:-0.5682634996789567, par:90)
																		idx110(Q:0.7018, distinct_name:2, dictinctin_value:-0.576514535000767, par:100)
																			idx120(Q:0.7048, par:110)
																			idx121(Q:0.3963, par:110)
																		idx111(Q:0.3744, par:100)
																	idx101(Q:0.3564, par:90)
																idx91(Q:0.3320, par:82)
															idx83(Q:0.3049, par:76)
														idx77(Q:0.2733, par:70)
													idx71(Q:0.2663, distinct_name:0, dictinctin_value:-0.603707487356605, par:62)
														idx602(Q:0.2687, distinct_name:0, dictinctin_value:-0.6138379954103756, par:71)
															idx604(Q:0.2701, distinct_name:0, dictinctin_value:-0.6471412536059391, par:602)
																idx606(Q:0.2712, distinct_name:0, dictinctin_value:-0.6587609279641117, par:604)
																	idx608(Q:0.2719, par:606)
																	idx609(Q:0.2049, par:606)
																idx607(Q:0.2102, par:604)
															idx605(Q:0.1982, par:602)
														idx603(Q:0.1432, par:71)
												idx63(Q:0.2180, par:54)
											idx55(Q:0.2450, distinct_name:0, dictinctin_value:-0.6476910175840919, par:44)
												idx464(Q:0.2483, distinct_name:3, dictinctin_value:0.6680194197252473, par:55)
													idx468(Q:0.2455, distinct_name:0, dictinctin_value:-0.6858015235311999, par:464)
														idx474(Q:0.2460, distinct_name:2, dictinctin_value:0.24031958562965672, par:468)
															idx480(Q:0.2448, distinct_name:2, dictinctin_value:0.22712878489931437, par:474)
																idx484(Q:0.2462, distinct_name:0, dictinctin_value:-0.6984661740702743, par:480)
																	idx492(Q:0.2447, distinct_name:2, dictinctin_value:0.2205862992769331, par:484)
																		idx500(Q:0.2425, distinct_name:1, dictinctin_value:0.7515347460969897, par:492)
																			idx518(Q:0.2420, par:500)
																			idx519(Q:0.2572, par:500)
																		idx501(Q:0.3166, par:492)
																	idx493(Q:0.3077, par:484)
																idx485(Q:0.1301, par:480)
															idx481(Q:0.2797, par:474)
														idx475(Q:0.1567, par:468)
													idx469(Q:0.3624, par:464)
												idx465(Q:0.1355, par:55)
										idx45(Q:0.2493, distinct_name:0, dictinctin_value:-0.6043607795061433, par:38)
											idx510(Q:0.2512, distinct_name:1, dictinctin_value:0.8144916165556727, par:45)
												idx520(Q:0.2455, distinct_name:1, dictinctin_value:0.7699133155688844, par:510)
													idx530(Q:0.2408, distinct_name:2, dictinctin_value:0.5073691095938268, par:520)
														idx536(Q:0.2404, distinct_name:0, dictinctin_value:-0.6190066933050004, par:530)
															idx548(Q:0.2394, distinct_name:0, dictinctin_value:-0.6463225202144014, par:536)
																idx570(Q:0.2386, distinct_name:0, dictinctin_value:-0.6564390430626009, par:548)
																	idx580(Q:0.2403, distinct_name:3, dictinctin_value:0.6572555751708343, par:570)
																		idx586(Q:0.2394, distinct_name:3, dictinctin_value:0.6217208412298194, par:580)
																			idx590(Q:0.2363, par:586)
																			idx591(Q:0.3351, par:586)
																		idx587(Q:0.2792, par:580)
																	idx581(Q:0.1275, par:570)
																idx571(Q:0.2672, par:548)
															idx549(Q:0.3743, par:536)
														idx537(Q:0.2606, par:530)
													idx531(Q:0.3809, par:520)
												idx521(Q:0.5313, par:510)
											idx511(Q:0.1507, par:45)
									idx39(Q:0.3192, distinct_name:1, dictinctin_value:0.8040063207197937, par:30)
										idx426(Q:0.3167, distinct_name:2, dictinctin_value:0.8419373683110459, par:39)
											idx432(Q:0.3187, distinct_name:0, dictinctin_value:-0.6009391153368029, par:426)
												idx444(Q:0.3205, distinct_name:0, dictinctin_value:-0.6041087413020046, par:432)
													idx448(Q:0.3203, distinct_name:0, dictinctin_value:-0.6100701052011255, par:444)
														idx456(Q:0.3208, distinct_name:0, dictinctin_value:-0.6407957166920598, par:448)
															idx460(Q:0.3251, distinct_name:0, dictinctin_value:-0.6555246386975058, par:456)
																idx466(Q:0.3286, distinct_name:0, dictinctin_value:-0.6720161756487143, par:460)
																	idx470(Q:0.3317, distinct_name:0, dictinctin_value:-0.6781083126032775, par:466)
																		idx472(Q:0.3325, distinct_name:0, dictinctin_value:-0.7020609777266955, par:470)
																			idx476(Q:0.3350, par:472)
																			idx477(Q:0.2334, par:472)
																		idx473(Q:0.2839, par:470)
																	idx471(Q:0.0686, par:466)
																idx467(Q:0.1268, par:460)
															idx461(Q:0.1355, par:456)
														idx457(Q:0.3007, par:448)
													idx449(Q:0.3527, par:444)
												idx445(Q:0.1599, par:432)
											idx433(Q:0.2225, par:426)
										idx427(Q:0.4793, par:39)
								idx31(Q:0.3428, distinct_name:0, dictinctin_value:-0.5002719881995846, par:24)
									idx544(Q:0.3430, distinct_name:1, dictinctin_value:0.7593054056611713, par:31)
										idx550(Q:0.3401, distinct_name:0, dictinctin_value:-0.5062520951871772, par:544)
											idx562(Q:0.3405, distinct_name:0, dictinctin_value:-0.5080035363270362, par:550)
												idx572(Q:0.3455, distinct_name:0, dictinctin_value:-0.5084639498879526, par:562)
													idx582(Q:0.3460, distinct_name:0, dictinctin_value:-0.5089199594147691, par:572)
														idx588(Q:0.3487, distinct_name:0, dictinctin_value:-0.5092872052358233, par:582)
															idx592(Q:0.3501, distinct_name:2, dictinctin_value:0.7693334693236122, par:588)
																idx594(Q:0.3545, distinct_name:2, dictinctin_value:0.7132889145486878, par:592)
																	idx596(Q:0.3587, distinct_name:0, dictinctin_value:-0.5099342225448047, par:594)
																		idx598(Q:0.3606, distinct_name:1, dictinctin_value:0.7481026625171042, par:596)
																			idx600(Q:0.3598, par:598)
																			idx601(Q:0.4108, par:598)
																		idx599(Q:0.2330, par:596)
																	idx597(Q:0.0754, par:594)
																idx595(Q:0.1530, par:592)
															idx593(Q:0.1559, par:588)
														idx589(Q:0.1598, par:582)
													idx583(Q:0.2789, par:572)
												idx573(Q:0.1620, par:562)
											idx563(Q:0.3302, par:550)
										idx551(Q:0.4899, par:544)
									idx545(Q:0.3129, par:31)
							idx25(Q:0.4557, distinct_name:0, dictinctin_value:-0.5389580903277561, par:18)
								idx216(Q:0.4581, distinct_name:0, dictinctin_value:-0.5573162410999996, par:25)
									idx230(Q:0.4579, distinct_name:0, dictinctin_value:-0.5917620279880862, par:216)
										idx242(Q:0.4688, distinct_name:1, dictinctin_value:0.8127647407611875, par:230)
											idx256(Q:0.4639, distinct_name:0, dictinctin_value:-0.6131626140571143, par:242)
												idx288(Q:0.4660, distinct_name:0, dictinctin_value:-0.7076582377440916, par:256)
													idx304(Q:0.4823, distinct_name:0, dictinctin_value:-0.717862250694298, par:288)
														idx316(Q:0.4859, distinct_name:0, dictinctin_value:-0.7734253050900186, par:304)
															idx328(Q:0.5001, distinct_name:0, dictinctin_value:-0.7970945326559435, par:316)
																idx340(Q:0.5013, distinct_name:3, dictinctin_value:0.6595389343928215, par:328)
																	idx354(Q:0.4968, distinct_name:3, dictinctin_value:0.6186331758365281, par:340)
																		idx368(Q:0.4920, distinct_name:3, dictinctin_value:0.5952455969358141, par:354)
																			idx380(Q:0.4905, par:368)
																			idx381(Q:0.5796, par:368)
																		idx369(Q:0.8791, par:354)
																	idx355(Q:0.7825, par:340)
																idx341(Q:0.4474, par:328)
															idx329(Q:0.3132, par:316)
														idx317(Q:0.3173, par:304)
													idx305(Q:0.3309, par:288)
												idx289(Q:0.2426, par:256)
											idx257(Q:0.7304, par:242)
										idx243(Q:0.2706, par:230)
									idx231(Q:0.4790, par:216)
								idx217(Q:0.3729, par:25)
						idx19(Q:0.6947, distinct_name:0, dictinctin_value:-0.5046072639210131, par:12)
							idx152(Q:0.6946, distinct_name:2, dictinctin_value:1.74305991171075, par:19)
								idx162(Q:0.6830, distinct_name:2, dictinctin_value:1.5651912903147052, par:152)
									idx172(Q:0.6744, distinct_name:2, dictinctin_value:1.0939968976733132, par:162)
										idx180(Q:0.6523, distinct_name:2, dictinctin_value:0.9064820637809338, par:172)
											idx188(Q:0.6394, distinct_name:2, dictinctin_value:0.8130327408821636, par:180)
												idx196(Q:0.6311, distinct_name:2, dictinctin_value:0.714578820015968, par:188)
													idx204(Q:0.6298, distinct_name:0, dictinctin_value:-0.5137296726081428, par:196)
														idx218(Q:0.6318, distinct_name:2, dictinctin_value:0.4860989258104936, par:204)
															idx232(Q:0.6318, distinct_name:1, dictinctin_value:2.2330900660097845, par:218)
																idx244(Q:0.6207, distinct_name:2, dictinctin_value:0.44559578649865966, par:232)
																	idx258(Q:0.6175, distinct_name:2, dictinctin_value:0.32419638005931734, par:244)
																		idx274(Q:0.6170, distinct_name:0, dictinctin_value:-0.5233031664270825, par:258)
																			idx290(Q:0.6174, par:274)
																			idx291(Q:0.5526, par:274)
																		idx275(Q:0.6340, par:258)
																	idx259(Q:0.7355, par:244)
																idx245(Q:0.9317, par:232)
															idx233(Q:0.6323, par:218)
														idx219(Q:0.4556, par:204)
													idx205(Q:0.6740, par:196)
												idx197(Q:0.8532, par:188)
											idx189(Q:0.8794, par:180)
										idx181(Q:0.9839, par:172)
									idx173(Q:1.0131, par:162)
								idx163(Q:1.0269, par:152)
							idx153(Q:0.7365, par:19)
					idx13(Q:0.5858, distinct_name:2, dictinctin_value:1.929601246827043, par:10)
						idx92(Q:0.5720, distinct_name:1, dictinctin_value:1.2557733390904973, par:13)
							idx102(Q:0.5407, distinct_name:2, dictinctin_value:1.4527612583425853, par:92)
								idx112(Q:0.5292, distinct_name:2, dictinctin_value:1.3531114404933846, par:102)
									idx122(Q:0.5271, distinct_name:2, dictinctin_value:1.0639310625609943, par:112)
										idx130(Q:0.5168, distinct_name:2, dictinctin_value:0.8759607452183222, par:122)
											idx136(Q:0.5099, distinct_name:2, dictinctin_value:0.6228991526328211, par:130)
												idx142(Q:0.5062, distinct_name:2, dictinctin_value:0.4885947458466264, par:136)
													idx146(Q:0.4983, distinct_name:1, dictinctin_value:1.1059975491047376, par:142)
														idx148(Q:0.4914, distinct_name:3, dictinctin_value:2.363964647313972, par:146)
															idx154(Q:0.4838, distinct_name:3, dictinctin_value:1.536573712246935, par:148)
																idx164(Q:0.4572, distinct_name:1, dictinctin_value:0.49075596239548774, par:154)
																	idx206(Q:0.4238, distinct_name:3, dictinctin_value:1.525286896575752, par:164)
																		idx220(Q:0.4233, distinct_name:2, dictinctin_value:0.38874536608000104, par:206)
																			idx234(Q:0.4265, par:220)
																			idx235(Q:0.3138, par:220)
																		idx221(Q:0.4555, par:206)
																	idx207(Q:0.6156, par:164)
																idx165(Q:0.5771, par:154)
															idx155(Q:0.6877, par:148)
														idx149(Q:0.7431, par:146)
													idx147(Q:0.5875, par:142)
												idx143(Q:0.5535, par:136)
											idx137(Q:0.6927, par:130)
										idx131(Q:0.7149, par:122)
									idx123(Q:0.6587, par:112)
								idx113(Q:0.7973, par:102)
							idx103(Q:0.9183, par:92)
						idx93(Q:1.0340, par:13)
				idx11(Q:0.3758, distinct_name:3, dictinctin_value:1.284568987543642, par:8)
					idx32(Q:0.3542, distinct_name:3, dictinctin_value:0.5763111575206541, par:11)
						idx40(Q:0.3363, distinct_name:2, dictinctin_value:1.4159847670297276, par:32)
							idx46(Q:0.3286, distinct_name:2, dictinctin_value:0.8764611652526798, par:40)
								idx56(Q:0.3338, distinct_name:2, dictinctin_value:0.6776552612944613, par:46)
									idx64(Q:0.3410, distinct_name:0, dictinctin_value:-0.10007893227380851, par:56)
										idx72(Q:0.3395, distinct_name:2, dictinctin_value:0.481251420222257, par:64)
											idx78(Q:0.3503, distinct_name:2, dictinctin_value:0.43236682950932387, par:72)
												idx84(Q:0.3569, distinct_name:2, dictinctin_value:0.2322739018313544, par:78)
													idx94(Q:0.3782, distinct_name:2, dictinctin_value:0.1692901075380102, par:84)
														idx104(Q:0.3876, distinct_name:2, dictinctin_value:0.044622068949871425, par:94)
															idx114(Q:0.4067, distinct_name:2, dictinctin_value:-0.04421252452423217, par:104)
																idx124(Q:0.4266, distinct_name:2, dictinctin_value:-0.12551407150931976, par:114)
																	idx132(Q:0.4425, distinct_name:2, dictinctin_value:-0.16179863391045127, par:124)
																		idx138(Q:0.4533, distinct_name:2, dictinctin_value:-0.1987692173924826, par:132)
																			idx144(Q:0.4699, par:138)
																			idx145(Q:0.1612, par:138)
																		idx139(Q:0.1684, par:132)
																	idx133(Q:0.1852, par:124)
																idx125(Q:0.1396, par:114)
															idx115(Q:0.1802, par:104)
														idx105(Q:0.1942, par:94)
													idx95(Q:0.1673, par:84)
												idx85(Q:0.1621, par:78)
											idx79(Q:0.2112, par:72)
										idx73(Q:0.3549, par:64)
									idx65(Q:0.2445, par:56)
								idx57(Q:0.2923, distinct_name:0, dictinctin_value:-0.07115888508263095, par:46)
									idx486(Q:0.2963, distinct_name:2, dictinctin_value:1.3997870335092657, par:57)
										idx494(Q:0.2936, distinct_name:0, dictinctin_value:-0.07160732513030894, par:486)
											idx504(Q:0.2907, distinct_name:0, dictinctin_value:-0.08350405569893737, par:494)
												idx512(Q:0.2928, distinct_name:1, dictinctin_value:1.8788415154351898, par:504)
													idx522(Q:0.2775, distinct_name:1, dictinctin_value:1.7168001155290575, par:512)
														idx538(Q:0.2714, distinct_name:0, dictinctin_value:-0.08454829370887558, par:522)
															idx552(Q:0.2693, distinct_name:3, dictinctin_value:0.4530042815419259, par:538)
																idx556(Q:0.2708, distinct_name:0, dictinctin_value:-0.08608502852647902, par:552)
																	idx564(Q:0.2720, distinct_name:0, dictinctin_value:-0.08644796937551802, par:556)
																		idx574(Q:0.2716, distinct_name:0, dictinctin_value:-0.08717123163966492, par:564)
																			idx584(Q:0.2730, par:574)
																			idx585(Q:0.1069, par:574)
																		idx575(Q:0.3124, par:564)
																	idx565(Q:0.1341, par:556)
																idx557(Q:0.2231, par:552)
															idx553(Q:0.5355, par:538)
														idx539(Q:0.6590, par:522)
													idx523(Q:0.9474, par:512)
												idx513(Q:0.1541, par:504)
											idx505(Q:0.6691, par:494)
										idx495(Q:0.3896, par:486)
									idx487(Q:0.1811, par:57)
							idx47(Q:0.4245, par:40)
						idx41(Q:0.4267, distinct_name:3, dictinctin_value:1.2541204520301295, par:32)
							idx246(Q:0.4211, distinct_name:0, dictinctin_value:-0.05401988313827026, par:41)
								idx260(Q:0.4214, distinct_name:2, dictinctin_value:2.0807886731763334, par:246)
									idx276(Q:0.4080, distinct_name:2, dictinctin_value:1.8994422532815647, par:260)
										idx292(Q:0.4014, distinct_name:1, dictinctin_value:1.2716943858922887, par:276)
											idx306(Q:0.3777, distinct_name:2, dictinctin_value:1.8085097405850585, par:292)
												idx318(Q:0.3702, distinct_name:0, dictinctin_value:-0.06832580226386262, par:306)
													idx330(Q:0.3654, distinct_name:1, dictinctin_value:1.0161843934440484, par:318)
														idx342(Q:0.3562, distinct_name:0, dictinctin_value:-0.11082738421514442, par:330)
															idx356(Q:0.3531, distinct_name:0, dictinctin_value:-0.1239714467724242, par:342)
																idx370(Q:0.3505, distinct_name:1, dictinctin_value:0.8661774768232812, par:356)
																	idx382(Q:0.3457, distinct_name:0, dictinctin_value:-0.13038566790821624, par:370)
																		idx396(Q:0.3458, distinct_name:1, dictinctin_value:0.7685182247259327, par:382)
																			idx406(Q:0.3402, par:396)
																			idx407(Q:0.5266, par:396)
																		idx397(Q:0.3395, par:382)
																	idx383(Q:0.4871, par:370)
																idx371(Q:0.4861, par:356)
															idx357(Q:0.3954, par:342)
														idx343(Q:0.5259, par:330)
													idx331(Q:0.5138, par:318)
												idx319(Q:0.8472, par:306)
											idx307(Q:0.6154, par:292)
										idx293(Q:0.8722, par:276)
									idx277(Q:0.8999, par:260)
								idx261(Q:0.3940, par:246)
							idx247(Q:0.6656, par:41)
					idx33(Q:0.5563, distinct_name:2, dictinctin_value:1.8206658800741853, par:11)
						idx436(Q:0.5443, distinct_name:0, dictinctin_value:-0.055487221535360155, par:33)
							idx438(Q:0.5419, distinct_name:0, dictinctin_value:-0.06661868934946451, par:436)
								idx450(Q:0.5445, distinct_name:2, dictinctin_value:1.6280055741424861, par:438)
									idx458(Q:0.5342, distinct_name:2, dictinctin_value:1.4609118350831285, par:450)
										idx462(Q:0.5262, distinct_name:0, dictinctin_value:-0.06716992247771125, par:458)
											idx478(Q:0.5276, distinct_name:0, dictinctin_value:-0.06950841565798693, par:462)
												idx482(Q:0.5267, distinct_name:0, dictinctin_value:-0.07617984110574617, par:478)
													idx488(Q:0.5289, distinct_name:0, dictinctin_value:-0.09812148969449835, par:482)
														idx496(Q:0.5277, distinct_name:0, dictinctin_value:-0.10012482464779363, par:488)
															idx502(Q:0.5303, distinct_name:2, dictinctin_value:1.4064514939244364, par:496)
																idx514(Q:0.5273, distinct_name:2, dictinctin_value:1.318805451770871, par:502)
																	idx524(Q:0.5201, distinct_name:0, dictinctin_value:-0.11118736531331526, par:514)
																		idx532(Q:0.5200, distinct_name:0, dictinctin_value:-0.12850307532465371, par:524)
																			idx540(Q:0.5265, par:532)
																			idx541(Q:0.2899, par:532)
																		idx533(Q:0.5230, par:524)
																	idx525(Q:0.7980, par:514)
																idx515(Q:0.7615, par:502)
															idx503(Q:0.1239, par:496)
														idx497(Q:0.5558, par:488)
													idx489(Q:0.1612, par:482)
												idx483(Q:0.6779, par:478)
											idx479(Q:0.3023, par:462)
										idx463(Q:0.8671, par:458)
									idx459(Q:0.9828, par:450)
								idx451(Q:0.3190, par:438)
							idx439(Q:0.9613, par:436)
						idx437(Q:0.9142, par:33)
			idx9(Q:0.3463, distinct_name:1, dictinctin_value:1.4532912275447858, par:6)
				idx14(Q:0.3259, distinct_name:0, dictinctin_value:0.6708677617788001, par:9)
					idx16(Q:0.3435, distinct_name:0, dictinctin_value:0.5219929201544601, par:14)
						idx20(Q:0.3445, distinct_name:0, dictinctin_value:0.38200451643824146, par:16)
							idx26(Q:0.3498, distinct_name:0, dictinctin_value:0.29175973898130836, par:20)
								idx34(Q:0.3505, distinct_name:3, dictinctin_value:1.2405945003824483, par:26)
									idx42(Q:0.3254, distinct_name:2, dictinctin_value:1.6139678071673451, par:34)
										idx48(Q:0.3200, distinct_name:1, dictinctin_value:1.0148453699076618, par:42)
											idx58(Q:0.3085, distinct_name:2, dictinctin_value:0.8422101128546527, par:48)
												idx66(Q:0.3159, distinct_name:2, dictinctin_value:0.5718071591898053, par:58)
													idx74(Q:0.3288, distinct_name:2, dictinctin_value:0.3335199702259944, par:66)
														idx80(Q:0.3534, distinct_name:2, dictinctin_value:0.2585267021680285, par:74)
															idx86(Q:0.3609, distinct_name:2, dictinctin_value:0.13295569297273957, par:80)
																idx96(Q:0.3781, distinct_name:2, dictinctin_value:0.0933394603867821, par:86)
																	idx106(Q:0.3863, distinct_name:2, dictinctin_value:0.047951172568074005, par:96)
																		idx116(Q:0.3939, distinct_name:2, dictinctin_value:-0.0025517231675584334, par:106)
																			idx126(Q:0.4007, par:116)
																			idx127(Q:0.1400, par:116)
																		idx117(Q:0.1579, par:106)
																	idx107(Q:0.1104, par:96)
																idx97(Q:0.1320, par:86)
															idx87(Q:0.1594, par:80)
														idx81(Q:0.1572, par:74)
													idx75(Q:0.2046, par:66)
												idx67(Q:0.2686, distinct_name:0, dictinctin_value:0.284001031471605, par:58)
													idx506(Q:0.2682, distinct_name:0, dictinctin_value:0.28239410324000885, par:67)
														idx526(Q:0.2674, distinct_name:1, dictinctin_value:0.83535054985968, par:506)
															idx546(Q:0.2448, distinct_name:2, dictinctin_value:1.5992728183505887, par:526)
																idx554(Q:0.2467, distinct_name:0, dictinctin_value:0.27983576931814547, par:546)
																	idx558(Q:0.2476, distinct_name:2, dictinctin_value:1.5459775970266707, par:554)
																		idx566(Q:0.2398, distinct_name:2, dictinctin_value:1.5137425616672946, par:558)
																			idx576(Q:0.2400, par:566)
																			idx577(Q:0.2344, par:566)
																		idx567(Q:0.4496, par:558)
																	idx559(Q:0.1898, par:554)
																idx555(Q:0.1136, par:546)
															idx547(Q:0.7155, par:526)
														idx527(Q:0.3231, par:506)
													idx507(Q:0.2847, par:67)
											idx59(Q:0.4299, distinct_name:0, dictinctin_value:0.28981411892366654, par:48)
												idx610(Q:0.4296, distinct_name:0, dictinctin_value:0.2809422087967517, par:59)
													idx612(Q:0.4300, par:610)
													idx613(Q:0.3923, par:610)
												idx611(Q:0.4562, par:59)
										idx49(Q:0.4295, par:42)
									idx43(Q:0.5379, distinct_name:3, dictinctin_value:2.7956706813891117, par:34)
										idx490(Q:0.5254, distinct_name:0, dictinctin_value:0.28758459307995216, par:43)
											idx498(Q:0.5208, distinct_name:2, dictinctin_value:1.7926081731949, par:490)
												idx508(Q:0.5146, distinct_name:0, dictinctin_value:0.2865220549225975, par:498)
													idx516(Q:0.5141, distinct_name:0, dictinctin_value:0.2785989659591723, par:508)
														idx528(Q:0.5206, distinct_name:3, dictinctin_value:2.7261255458914433, par:516)
															idx534(Q:0.5236, distinct_name:0, dictinctin_value:0.2763906794093015, par:528)
																idx542(Q:0.5252, distinct_name:0, dictinctin_value:0.2703031142425218, par:534)
																	idx560(Q:0.5240, distinct_name:3, dictinctin_value:2.563708411050972, par:542)
																		idx568(Q:0.5203, distinct_name:2, dictinctin_value:1.5803350412841866, par:560)
																			idx578(Q:0.5077, par:568)
																			idx579(Q:0.7891, par:568)
																		idx569(Q:0.7699, par:560)
																	idx561(Q:0.6884, par:542)
																idx543(Q:0.3073, par:534)
															idx535(Q:0.3125, par:528)
														idx529(Q:0.2106, par:516)
													idx517(Q:0.5832, par:508)
												idx509(Q:0.9712, par:498)
											idx499(Q:1.1979, par:490)
										idx491(Q:0.9972, par:43)
								idx35(Q:0.3473, distinct_name:1, dictinctin_value:1.344826515865718, par:26)
									idx236(Q:0.3456, distinct_name:3, dictinctin_value:1.6897348587436034, par:35)
										idx248(Q:0.3297, distinct_name:1, dictinctin_value:1.2341402111364463, par:236)
											idx262(Q:0.3303, distinct_name:3, dictinctin_value:1.3356049450605056, par:248)
												idx278(Q:0.3204, distinct_name:2, dictinctin_value:1.6241822054726756, par:262)
													idx294(Q:0.3117, distinct_name:0, dictinctin_value:0.3731119474318981, par:278)
														idx320(Q:0.3051, distinct_name:3, dictinctin_value:1.2759579982069145, par:294)
															idx344(Q:0.2965, distinct_name:0, dictinctin_value:0.37304242798500226, par:320)
																idx358(Q:0.2963, distinct_name:0, dictinctin_value:0.3707677109507447, par:344)
																	idx372(Q:0.2979, distinct_name:0, dictinctin_value:0.3697040787425107, par:358)
																		idx384(Q:0.2984, distinct_name:2, dictinctin_value:1.3789177574365135, par:372)
																			idx398(Q:0.2967, par:384)
																			idx399(Q:0.3408, par:384)
																		idx385(Q:0.2750, par:372)
																	idx373(Q:0.2409, par:358)
																idx359(Q:0.3297, par:344)
															idx345(Q:0.6603, par:320)
														idx321(Q:0.4044, par:294)
													idx295(Q:0.5022, par:278)
												idx279(Q:0.5644, par:262)
											idx263(Q:0.2832, par:248)
										idx249(Q:0.6651, par:236)
									idx237(Q:0.4238, par:35)
							idx27(Q:0.3258, distinct_name:2, dictinctin_value:1.5527241962490086, par:20)
								idx156(Q:0.3202, distinct_name:0, dictinctin_value:0.5137061072990365, par:27)
									idx166(Q:0.3260, distinct_name:0, dictinctin_value:0.5083060291160676, par:156)
										idx174(Q:0.3274, distinct_name:1, dictinctin_value:1.235555391656205, par:166)
											idx182(Q:0.3266, distinct_name:0, dictinctin_value:0.499318407708209, par:174)
												idx190(Q:0.3318, distinct_name:3, dictinctin_value:1.6437138459193195, par:182)
													idx198(Q:0.3229, distinct_name:0, dictinctin_value:0.4978828276393789, par:190)
														idx208(Q:0.3249, distinct_name:2, dictinctin_value:1.3588453420210258, par:198)
															idx222(Q:0.3216, distinct_name:2, dictinctin_value:0.9721483625475897, par:208)
																idx238(Q:0.3239, distinct_name:0, dictinctin_value:0.4972801494332726, par:222)
																	idx250(Q:0.3222, distinct_name:2, dictinctin_value:0.944961054171824, par:238)
																		idx264(Q:0.3254, distinct_name:2, dictinctin_value:0.872803430709856, par:250)
																			idx280(Q:0.3302, par:264)
																			idx281(Q:0.2116, par:264)
																		idx265(Q:0.1370, par:250)
																	idx251(Q:0.5718, par:238)
																idx239(Q:0.2950, par:222)
															idx223(Q:0.4145, par:208)
														idx209(Q:0.1910, par:198)
													idx199(Q:0.6695, par:190)
												idx191(Q:0.2470, par:182)
											idx183(Q:0.3519, par:174)
										idx175(Q:0.2957, par:166)
									idx167(Q:0.2383, par:156)
								idx157(Q:0.4616, par:27)
						idx21(Q:0.3391, distinct_name:1, dictinctin_value:1.3201670622027022, par:16)
							idx150(Q:0.3373, distinct_name:1, dictinctin_value:1.2234607090751204, par:21)
								idx158(Q:0.3381, distinct_name:1, dictinctin_value:1.0226433736171432, par:150)
									idx168(Q:0.3308, distinct_name:0, dictinctin_value:0.6649352976939671, par:158)
										idx176(Q:0.3305, distinct_name:2, dictinctin_value:1.8028367177150562, par:168)
											idx184(Q:0.3281, distinct_name:3, dictinctin_value:1.321083281680176, par:176)
												idx210(Q:0.3100, distinct_name:1, dictinctin_value:0.7493197611500411, par:184)
													idx224(Q:0.3029, distinct_name:2, dictinctin_value:1.1954012588052898, par:210)
														idx266(Q:0.3025, distinct_name:1, dictinctin_value:0.6035401367847275, par:224)
															idx282(Q:0.3024, distinct_name:1, dictinctin_value:0.5166827335099701, par:266)
																idx296(Q:0.3075, distinct_name:0, dictinctin_value:0.663963378246939, par:282)
																	idx308(Q:0.3059, distinct_name:0, dictinctin_value:0.6638782806630827, par:296)
																		idx322(Q:0.3043, distinct_name:2, dictinctin_value:1.1091905022156634, par:308)
																			idx332(Q:0.3074, par:322)
																			idx333(Q:0.1630, par:322)
																		idx323(Q:0.7405, par:308)
																	idx309(Q:0.7765, par:296)
																idx297(Q:0.1677, par:282)
															idx283(Q:0.3045, par:266)
														idx267(Q:0.3083, par:224)
													idx225(Q:0.3686, par:210)
												idx211(Q:0.5368, par:184)
											idx185(Q:0.4116, par:176)
										idx177(Q:0.3365, par:168)
									idx169(Q:0.5307, par:158)
								idx159(Q:0.2684, par:150)
							idx151(Q:0.4317, par:21)
					idx17(Q:0.3066, distinct_name:3, dictinctin_value:0.8871619234739136, par:14)
						idx22(Q:0.2744, distinct_name:1, dictinctin_value:0.895274831679809, par:17)
							idx28(Q:0.2590, distinct_name:3, dictinctin_value:0.4147697243292515, par:22)
								idx36(Q:0.2517, distinct_name:3, dictinctin_value:-0.009439492879810042, par:28)
									idx50(Q:0.2470, distinct_name:0, dictinctin_value:2.3121117874404824, par:36)
										idx52(Q:0.2483, distinct_name:0, dictinctin_value:1.9483716250181808, par:50)
											idx60(Q:0.2517, distinct_name:3, dictinctin_value:-0.018025248765568658, par:52)
												idx68(Q:0.2589, distinct_name:2, dictinctin_value:0.8033765660185509, par:60)
													idx88(Q:0.2653, distinct_name:2, dictinctin_value:0.6003623148969123, par:68)
														idx98(Q:0.2731, distinct_name:2, dictinctin_value:0.5329635912790776, par:88)
															idx108(Q:0.2771, distinct_name:2, dictinctin_value:0.3621996786015208, par:98)
																idx118(Q:0.2906, distinct_name:3, dictinctin_value:-0.05260374571449391, par:108)
																	idx128(Q:0.2927, distinct_name:2, dictinctin_value:0.22149263805201816, par:118)
																		idx134(Q:0.3076, distinct_name:2, dictinctin_value:0.13324256965432388, par:128)
																			idx140(Q:0.3187, par:134)
																			idx141(Q:0.1385, par:134)
																		idx135(Q:0.1430, par:128)
																	idx129(Q:0.2252, par:118)
																idx119(Q:0.1459, par:108)
															idx109(Q:0.1699, par:98)
														idx99(Q:0.1633, par:88)
													idx89(Q:0.2356, distinct_name:0, dictinctin_value:1.9001636825637473, par:68)
														idx420(Q:0.2339, distinct_name:0, dictinctin_value:1.8970534364477791, par:89)
															idx428(Q:0.2340, distinct_name:0, dictinctin_value:1.7864713255325577, par:420)
																idx434(Q:0.2360, distinct_name:0, dictinctin_value:1.7345810667045185, par:428)
																	idx440(Q:0.2334, distinct_name:0, dictinctin_value:1.7300479805066988, par:434)
																		idx446(Q:0.2340, distinct_name:0, dictinctin_value:1.6826477660222412, par:440)
																			idx452(Q:0.2325, par:446)
																			idx453(Q:0.2802, par:446)
																		idx447(Q:0.1492, par:440)
																	idx441(Q:0.3084, par:434)
																idx435(Q:0.1741, par:428)
															idx429(Q:0.2144, par:420)
														idx421(Q:0.2937, par:89)
												idx69(Q:0.1940, par:60)
											idx61(Q:0.1941, par:52)
										idx53(Q:0.1887, par:50)
									idx51(Q:0.2667, distinct_name:0, dictinctin_value:2.2255864685353126, par:36)
										idx268(Q:0.2656, distinct_name:0, dictinctin_value:1.8770234609938123, par:51)
											idx284(Q:0.2663, distinct_name:1, dictinctin_value:0.8208254329434517, par:268)
												idx298(Q:0.2678, distinct_name:0, dictinctin_value:1.7199871451158526, par:284)
													idx310(Q:0.2674, distinct_name:3, dictinctin_value:0.39481973457279324, par:298)
														idx346(Q:0.2689, distinct_name:2, dictinctin_value:2.0591657816242117, par:310)
															idx360(Q:0.2588, distinct_name:2, dictinctin_value:1.6416632040499568, par:346)
																idx374(Q:0.2580, distinct_name:0, dictinctin_value:1.6846076849979201, par:360)
																	idx386(Q:0.2567, distinct_name:2, dictinctin_value:1.5364517172370076, par:374)
																		idx400(Q:0.2559, distinct_name:2, dictinctin_value:1.321416179085615, par:386)
																			idx408(Q:0.2539, par:400)
																			idx409(Q:0.3184, par:400)
																		idx401(Q:0.2993, par:386)
																	idx387(Q:0.3396, par:374)
																idx375(Q:0.3030, par:360)
															idx361(Q:0.6598, par:346)
														idx347(Q:0.2212, par:310)
													idx311(Q:0.2816, par:298)
												idx299(Q:0.2089, par:284)
											idx285(Q:0.2534, par:268)
										idx269(Q:0.2944, par:51)
								idx37(Q:0.2934, distinct_name:1, dictinctin_value:0.7946772031835798, par:28)
									idx312(Q:0.2883, distinct_name:2, dictinctin_value:1.9378572482198, par:37)
										idx324(Q:0.2816, distinct_name:0, dictinctin_value:2.1880833067537604, par:312)
											idx334(Q:0.2820, distinct_name:0, dictinctin_value:2.1673152418059, par:324)
												idx348(Q:0.2799, distinct_name:0, dictinctin_value:2.0644684179947266, par:334)
													idx362(Q:0.2788, distinct_name:2, dictinctin_value:1.6060442338491094, par:348)
														idx376(Q:0.2708, distinct_name:0, dictinctin_value:1.8821116949330967, par:362)
															idx388(Q:0.2741, distinct_name:2, dictinctin_value:1.5867185725408008, par:376)
																idx402(Q:0.2742, distinct_name:0, dictinctin_value:1.8162737627685595, par:388)
																	idx410(Q:0.2767, distinct_name:2, dictinctin_value:1.474613989336331, par:402)
																		idx414(Q:0.2733, distinct_name:2, dictinctin_value:1.322085439542282, par:410)
																			idx422(Q:0.2733, par:414)
																			idx423(Q:0.2720, par:414)
																		idx415(Q:0.5515, par:410)
																	idx411(Q:0.1206, par:402)
																idx403(Q:0.2603, par:388)
															idx389(Q:0.1672, par:376)
														idx377(Q:0.5362, par:362)
													idx363(Q:0.3418, par:348)
												idx349(Q:0.4213, par:334)
											idx335(Q:0.2633, par:324)
										idx325(Q:0.5989, par:312)
									idx313(Q:0.4281, par:37)
							idx29(Q:0.3925, distinct_name:0, dictinctin_value:2.44084525907838, par:22)
								idx336(Q:0.3937, distinct_name:0, dictinctin_value:2.3332385876998147, par:29)
									idx350(Q:0.3957, distinct_name:2, dictinctin_value:1.313989803673234, par:336)
										idx364(Q:0.3638, distinct_name:2, dictinctin_value:1.2075088067941002, par:350)
											idx378(Q:0.3615, distinct_name:0, dictinctin_value:2.3276851139515355, par:364)
												idx390(Q:0.3606, distinct_name:2, dictinctin_value:1.1566628366759308, par:378)
													idx404(Q:0.3510, distinct_name:2, dictinctin_value:1.049026714172236, par:390)
														idx412(Q:0.3481, distinct_name:2, dictinctin_value:1.0138168631315498, par:404)
															idx418(Q:0.3457, distinct_name:0, dictinctin_value:2.3136303024689413, par:412)
																idx424(Q:0.3456, distinct_name:1, dictinctin_value:1.4142431093508798, par:418)
																	idx430(Q:0.3495, distinct_name:0, dictinctin_value:2.2572655688242222, par:424)
																		idx442(Q:0.3493, distinct_name:0, dictinctin_value:2.2507333712501807, par:430)
																			idx454(Q:0.3493, par:442)
																			idx455(Q:0.3551, par:442)
																		idx443(Q:0.3689, par:430)
																	idx431(Q:0.2625, par:424)
																idx425(Q:0.3611, par:418)
															idx419(Q:0.4918, par:412)
														idx413(Q:0.5241, par:404)
													idx405(Q:0.6554, par:390)
												idx391(Q:0.5313, par:378)
											idx379(Q:0.5828, par:364)
										idx365(Q:0.6762, par:350)
									idx351(Q:0.2484, par:336)
								idx337(Q:0.2579, par:29)
						idx23(Q:0.4595, distinct_name:0, dictinctin_value:2.1444723574903684, par:17)
							idx160(Q:0.4606, distinct_name:0, dictinctin_value:2.133798778100152, par:23)
								idx170(Q:0.4609, distinct_name:2, dictinctin_value:1.564504591409782, par:160)
									idx178(Q:0.4369, distinct_name:2, dictinctin_value:1.4113473869711974, par:170)
										idx186(Q:0.4312, distinct_name:0, dictinctin_value:2.1063540893171067, par:178)
											idx192(Q:0.4318, distinct_name:2, dictinctin_value:1.2195161175228741, par:186)
												idx200(Q:0.4270, distinct_name:0, dictinctin_value:1.9676721667093595, par:192)
													idx212(Q:0.4252, distinct_name:0, dictinctin_value:1.8926417272552991, par:200)
														idx226(Q:0.4255, distinct_name:0, dictinctin_value:1.7713311316515392, par:212)
															idx252(Q:0.4292, distinct_name:1, dictinctin_value:1.3213229930390704, par:226)
																idx270(Q:0.4249, distinct_name:0, dictinctin_value:1.7442155745503336, par:252)
																	idx300(Q:0.4225, distinct_name:0, dictinctin_value:1.3536781616204123, par:270)
																		idx392(Q:0.4235, distinct_name:0, dictinctin_value:1.2274516322533688, par:300)
																			idx416(Q:0.4236, par:392)
																			idx417(Q:0.4231, par:392)
																		idx393(Q:0.4184, par:300)
																	idx301(Q:0.6620, par:270)
																idx271(Q:0.6092, par:252)
															idx253(Q:0.3405, par:226)
														idx227(Q:0.4130, par:212)
													idx213(Q:0.4799, par:200)
												idx201(Q:0.5477, par:192)
											idx193(Q:0.3158, par:186)
										idx187(Q:0.6615, par:178)
									idx179(Q:0.8550, par:170)
								idx171(Q:0.3511, par:160)
							idx161(Q:0.4350, par:23)
				idx15(Q:0.6066, distinct_name:2, dictinctin_value:1.9938158806166744, par:9)
					idx194(Q:0.5962, distinct_name:3, dictinctin_value:2.0149638943737203, par:15)
						idx202(Q:0.5863, distinct_name:3, dictinctin_value:1.626087400144554, par:194)
							idx214(Q:0.5816, distinct_name:1, dictinctin_value:2.6727016574162166, par:202)
								idx228(Q:0.5685, distinct_name:2, dictinctin_value:1.776904010924299, par:214)
									idx240(Q:0.5635, distinct_name:2, dictinctin_value:1.4203463682180766, par:228)
										idx254(Q:0.5520, distinct_name:0, dictinctin_value:2.115573493736756, par:240)
											idx272(Q:0.5529, distinct_name:2, dictinctin_value:1.306259966260203, par:254)
												idx286(Q:0.5409, distinct_name:2, dictinctin_value:1.2529155214914378, par:272)
													idx302(Q:0.5372, distinct_name:2, dictinctin_value:0.808199081795812, par:286)
														idx314(Q:0.5151, distinct_name:2, dictinctin_value:0.7214446989843575, par:302)
															idx326(Q:0.5079, distinct_name:2, dictinctin_value:0.7041168221107604, par:314)
																idx338(Q:0.5072, distinct_name:0, dictinctin_value:2.1110030599556926, par:326)
																	idx352(Q:0.5079, distinct_name:0, dictinctin_value:2.0312710900603177, par:338)
																		idx366(Q:0.5063, distinct_name:2, dictinctin_value:0.6878681581259294, par:352)
																			idx394(Q:0.5044, par:366)
																			idx395(Q:0.7374, par:366)
																		idx367(Q:0.6383, par:352)
																	idx353(Q:0.3397, par:338)
																idx339(Q:0.6013, par:326)
															idx327(Q:0.6820, par:314)
														idx315(Q:0.8465, par:302)
													idx303(Q:0.8049, par:286)
												idx287(Q:0.8402, par:272)
											idx273(Q:0.5061, par:254)
										idx255(Q:0.7995, par:240)
									idx241(Q:0.8938, par:228)
								idx229(Q:0.7945, par:214)
							idx215(Q:0.7358, par:202)
						idx203(Q:0.9193, par:194)
					idx195(Q:0.9885, par:15)
		idx7(Q:0.3537, par:4)
	idx5(Q:0.2809, par:1)
