WARNING:tensorflow:From /Users/keithwu/opt/anaconda3/envs/auction-gym/lib/python3.10/site-packages/tensorflow/python/compat/v2_compat.py:107: disable_resource_variables (from tensorflow.python.ops.variable_scope) is deprecated and will be removed in a future version.
Instructions for updating:
non-resource variables are not supported in the long term
<_io.TextIOWrapper name='<stderr>' mode='w' encoding='utf-8'> reading from ../UTree_model_numpy/DR/model_boost_linear_qsplit_noabs_save/, starting at 18
<_io.TextIOWrapper name='<stderr>' mode='w' encoding='utf-8'> =============== update starts ===============
(average_diff:0.0001589921989012949, max_diff:0.000324423991844236, training_epochs:500, lr:0.05)
<_io.TextIOWrapper name='<stderr>' mode='w' encoding='utf-8'> node index is 111
train linear regression time:  0.05063979094848037
(average_diff:1.4699371808646333e-07, max_diff:2.114751769255463e-07, training_epochs:500, lr:0.05)
<_io.TextIOWrapper name='<stderr>' mode='w' encoding='utf-8'> node index is 101
train linear regression time:  0.052360083907842636
(average_diff:0.0015482911486810913, max_diff:0.0021307484180225766, training_epochs:500, lr:0.05)
<_io.TextIOWrapper name='<stderr>' mode='w' encoding='utf-8'> node index is 91
train linear regression time:  0.050957334227859974
(average_diff:0.0015081192666113656, max_diff:0.0036115899751814062, training_epochs:500, lr:0.05)
<_io.TextIOWrapper name='<stderr>' mode='w' encoding='utf-8'> node index is 83
train linear regression time:  0.04974891571328044
(average_diff:0.033765454088995235, max_diff:0.09927031722031598, training_epochs:500, lr:0.05)
<_io.TextIOWrapper name='<stderr>' mode='w' encoding='utf-8'> node index is 77
train linear regression time:  0.049824916291981936
(average_diff:0.03271734345703974, max_diff:0.11570202256438891, training_epochs:500, lr:0.05)
<_io.TextIOWrapper name='<stderr>' mode='w' encoding='utf-8'> node index is 71
train linear regression time:  0.050009249709546566
(average_diff:0.04485473354905338, max_diff:0.16393908652851275, training_epochs:500, lr:0.05)
<_io.TextIOWrapper name='<stderr>' mode='w' encoding='utf-8'> node index is 63
train linear regression time:  0.049828290939331055
(average_diff:0.056063041884897614, max_diff:0.14428988668576181, training_epochs:500, lr:0.05)
<_io.TextIOWrapper name='<stderr>' mode='w' encoding='utf-8'> node index is 55
train linear regression time:  0.051997707691043615
(average_diff:0.0634959367484047, max_diff:0.18927930831994563, training_epochs:500, lr:0.05)
<_io.TextIOWrapper name='<stderr>' mode='w' encoding='utf-8'> node index is 45
train linear regression time:  0.050206291023641825
(average_diff:0.05294003374184164, max_diff:0.15549288262313515, training_epochs:500, lr:0.05)
<_io.TextIOWrapper name='<stderr>' mode='w' encoding='utf-8'> node index is 39
train linear regression time:  0.05043983273208141
(average_diff:0.09641472770269793, max_diff:0.20399608300594463, training_epochs:500, lr:0.05)
<_io.TextIOWrapper name='<stderr>' mode='w' encoding='utf-8'> node index is 31
train linear regression time:  0.04960770811885595
(average_diff:0.07091384551954835, max_diff:0.38355854590420385, training_epochs:500, lr:0.05)
<_io.TextIOWrapper name='<stderr>' mode='w' encoding='utf-8'> node index is 25
train linear regression time:  0.052095041144639254
(average_diff:0.17330181524365434, max_diff:0.5993499540504836, training_epochs:500, lr:0.05)
<_io.TextIOWrapper name='<stderr>' mode='w' encoding='utf-8'> node index is 19
train linear regression time:  0.05794458324089646
(average_diff:0.18125068973892577, max_diff:0.7324211373571479, training_epochs:500, lr:0.05)
<_io.TextIOWrapper name='<stderr>' mode='w' encoding='utf-8'> node index is 122
train linear regression time:  0.0580248748883605
<_io.TextIOWrapper name='<stderr>' mode='w' encoding='utf-8'> variance test passed, diff=0.07439500299743276, d = 2, back=0
<_io.TextIOWrapper name='<stderr>' mode='w' encoding='utf-8'> Will be split, p=0.07439500299743276, d=2, back=0
(average_diff:0.17717772185269193, max_diff:0.6685961275441739, training_epochs:500, lr:0.05)
<_io.TextIOWrapper name='<stderr>' mode='w' encoding='utf-8'> node index is 130
train linear regression time:  0.058107833843678236
(average_diff:0.003261587185730247, max_diff:0.005475670466285942, training_epochs:500, lr:0.05)
<_io.TextIOWrapper name='<stderr>' mode='w' encoding='utf-8'> node index is 131
train linear regression time:  0.05023883283138275
(average_diff:0.01079887720904149, max_diff:0.017884454014131634, training_epochs:500, lr:0.05)
<_io.TextIOWrapper name='<stderr>' mode='w' encoding='utf-8'> node index is 123
train linear regression time:  0.05096087511628866
(average_diff:0.022739387886482085, max_diff:0.05305792663497666, training_epochs:500, lr:0.05)
<_io.TextIOWrapper name='<stderr>' mode='w' encoding='utf-8'> node index is 113
train linear regression time:  0.050305666867643595
(average_diff:0.025297306918862783, max_diff:0.07116815026609824, training_epochs:500, lr:0.05)
<_io.TextIOWrapper name='<stderr>' mode='w' encoding='utf-8'> node index is 103
train linear regression time:  0.0499268751591444
(average_diff:0.0006193932194945203, max_diff:0.0010327089452821792, training_epochs:500, lr:0.05)
<_io.TextIOWrapper name='<stderr>' mode='w' encoding='utf-8'> node index is 93
train linear regression time:  0.050684166606515646
(average_diff:0.03974145708440067, max_diff:0.31544644260820004, training_epochs:500, lr:0.05)
<_io.TextIOWrapper name='<stderr>' mode='w' encoding='utf-8'> node index is 124
train linear regression time:  0.0585952908731997
<_io.TextIOWrapper name='<stderr>' mode='w' encoding='utf-8'> variance test passed, diff=0.014944397331825308, d = 0, back=0
<_io.TextIOWrapper name='<stderr>' mode='w' encoding='utf-8'> variance test passed, diff=0.0746447302912546, d = 2, back=0
<_io.TextIOWrapper name='<stderr>' mode='w' encoding='utf-8'> Will be split, p=0.0746447302912546, d=2, back=0
(average_diff:0.038845282060522346, max_diff:0.3115236521470836, training_epochs:500, lr:0.05)
<_io.TextIOWrapper name='<stderr>' mode='w' encoding='utf-8'> node index is 132
train linear regression time:  0.0578874577768147
(average_diff:0.0039723720214925595, max_diff:0.006273421440902094, training_epochs:500, lr:0.05)
<_io.TextIOWrapper name='<stderr>' mode='w' encoding='utf-8'> node index is 133
train linear regression time:  0.050181334372609854
(average_diff:0.021246816029305615, max_diff:0.03942736735479141, training_epochs:500, lr:0.05)
<_io.TextIOWrapper name='<stderr>' mode='w' encoding='utf-8'> node index is 125
train linear regression time:  0.05181724997237325
(average_diff:0.033585578660955, max_diff:0.056472274238058104, training_epochs:500, lr:0.05)
<_io.TextIOWrapper name='<stderr>' mode='w' encoding='utf-8'> node index is 115
train linear regression time:  0.05118620814755559
(average_diff:0.05513047744091376, max_diff:0.09688104482472042, training_epochs:500, lr:0.05)
<_io.TextIOWrapper name='<stderr>' mode='w' encoding='utf-8'> node index is 105
train linear regression time:  0.050360082648694515
(average_diff:0.04717306376912659, max_diff:0.12635749338824942, training_epochs:500, lr:0.05)
<_io.TextIOWrapper name='<stderr>' mode='w' encoding='utf-8'> node index is 95
train linear regression time:  0.051062166690826416
(average_diff:0.058112082183196544, max_diff:0.09847293504381296, training_epochs:500, lr:0.05)
<_io.TextIOWrapper name='<stderr>' mode='w' encoding='utf-8'> node index is 85
train linear regression time:  0.050534000154584646
(average_diff:0.04205061733465508, max_diff:0.08100206093735901, training_epochs:500, lr:0.05)
<_io.TextIOWrapper name='<stderr>' mode='w' encoding='utf-8'> node index is 79
train linear regression time:  0.05160133261233568
(average_diff:0.10810948310247671, max_diff:0.30874931355166874, training_epochs:500, lr:0.05)
<_io.TextIOWrapper name='<stderr>' mode='w' encoding='utf-8'> node index is 73
train linear regression time:  0.05199370812624693
(average_diff:0.11015135461329845, max_diff:0.2982141980640076, training_epochs:500, lr:0.05)
<_io.TextIOWrapper name='<stderr>' mode='w' encoding='utf-8'> node index is 65
train linear regression time:  0.05126662505790591
(average_diff:0.0913543990289824, max_diff:0.2758643920836085, training_epochs:500, lr:0.05)
<_io.TextIOWrapper name='<stderr>' mode='w' encoding='utf-8'> node index is 57
train linear regression time:  0.051164708100259304
(average_diff:0.06269939416612888, max_diff:0.18140913697995853, training_epochs:500, lr:0.05)
<_io.TextIOWrapper name='<stderr>' mode='w' encoding='utf-8'> node index is 47
train linear regression time:  0.052069291938096285
(average_diff:0.19618694891605343, max_diff:0.6813185929191015, training_epochs:500, lr:0.05)
<_io.TextIOWrapper name='<stderr>' mode='w' encoding='utf-8'> node index is 41
train linear regression time:  0.05160441715270281
(average_diff:0.1408916405576929, max_diff:0.5962209814546293, training_epochs:500, lr:0.05)
<_io.TextIOWrapper name='<stderr>' mode='w' encoding='utf-8'> node index is 33
train linear regression time:  0.05240037525072694
(average_diff:0.03369026045843523, max_diff:0.043245860731044306, training_epochs:500, lr:0.05)
<_io.TextIOWrapper name='<stderr>' mode='w' encoding='utf-8'> node index is 117
train linear regression time:  0.05090954201295972
(average_diff:0.012529526416029994, max_diff:0.025224132207190345, training_epochs:500, lr:0.05)
<_io.TextIOWrapper name='<stderr>' mode='w' encoding='utf-8'> node index is 107
train linear regression time:  0.05289591709151864
(average_diff:0.016798509597644187, max_diff:0.03286125547314572, training_epochs:500, lr:0.05)
<_io.TextIOWrapper name='<stderr>' mode='w' encoding='utf-8'> node index is 97
train linear regression time:  0.05201950017362833
(average_diff:0.04580218294880145, max_diff:0.06668251563848546, training_epochs:500, lr:0.05)
<_io.TextIOWrapper name='<stderr>' mode='w' encoding='utf-8'> node index is 87
train linear regression time:  0.05061300005763769
(average_diff:0.05208143640321876, max_diff:0.08040535019724537, training_epochs:500, lr:0.05)
<_io.TextIOWrapper name='<stderr>' mode='w' encoding='utf-8'> node index is 81
train linear regression time:  0.05220125010237098
(average_diff:0.05639844607241757, max_diff:0.09467147534961996, training_epochs:500, lr:0.05)
<_io.TextIOWrapper name='<stderr>' mode='w' encoding='utf-8'> node index is 75
train linear regression time:  0.05240745795890689
(average_diff:0.0842788076760776, max_diff:0.2259599823010785, training_epochs:500, lr:0.05)
<_io.TextIOWrapper name='<stderr>' mode='w' encoding='utf-8'> node index is 67
train linear regression time:  0.05168591579422355
(average_diff:0.167769881151559, max_diff:0.48146633943991285, training_epochs:500, lr:0.05)
<_io.TextIOWrapper name='<stderr>' mode='w' encoding='utf-8'> node index is 59
train linear regression time:  0.051534625235944986
(average_diff:0.12062652550180807, max_diff:0.28351562248113366, training_epochs:500, lr:0.05)
<_io.TextIOWrapper name='<stderr>' mode='w' encoding='utf-8'> node index is 49
train linear regression time:  0.050153874792158604
(average_diff:0.1763939113745295, max_diff:0.5585659815990554, training_epochs:500, lr:0.05)
<_io.TextIOWrapper name='<stderr>' mode='w' encoding='utf-8'> node index is 43
train linear regression time:  0.051029457710683346
(average_diff:0.18998343447303012, max_diff:0.6181782307067294, training_epochs:500, lr:0.05)
<_io.TextIOWrapper name='<stderr>' mode='w' encoding='utf-8'> node index is 35
train linear regression time:  0.05714933341369033
(average_diff:0.1401389244656434, max_diff:0.5868333376240797, training_epochs:500, lr:0.05)
<_io.TextIOWrapper name='<stderr>' mode='w' encoding='utf-8'> node index is 27
train linear regression time:  0.05909891705960035
(average_diff:0.16213474826338056, max_diff:0.6111931114088924, training_epochs:500, lr:0.05)
<_io.TextIOWrapper name='<stderr>' mode='w' encoding='utf-8'> node index is 21
train linear regression time:  0.05759095912799239
(average_diff:0.08871090353730447, max_diff:0.3372844257257055, training_epochs:500, lr:0.05)
<_io.TextIOWrapper name='<stderr>' mode='w' encoding='utf-8'> node index is 128
train linear regression time:  0.057929708156734705
<_io.TextIOWrapper name='<stderr>' mode='w' encoding='utf-8'> variance test passed, diff=0.0677620277337997, d = 2, back=0
<_io.TextIOWrapper name='<stderr>' mode='w' encoding='utf-8'> Will be split, p=0.0677620277337997, d=2, back=0
(average_diff:0.08200265200988392, max_diff:0.3326139990772109, training_epochs:500, lr:0.05)
<_io.TextIOWrapper name='<stderr>' mode='w' encoding='utf-8'> node index is 134
train linear regression time:  0.05714295897632837
(average_diff:0.03543407497327731, max_diff:0.0768417476419266, training_epochs:500, lr:0.05)
<_io.TextIOWrapper name='<stderr>' mode='w' encoding='utf-8'> node index is 135
train linear regression time:  0.053309124894440174
(average_diff:0.02792874776701958, max_diff:0.03689491540189521, training_epochs:500, lr:0.05)
<_io.TextIOWrapper name='<stderr>' mode='w' encoding='utf-8'> node index is 129
train linear regression time:  0.04993591737002134
(average_diff:0.01517234713483629, max_diff:0.028002454819152423, training_epochs:500, lr:0.05)
<_io.TextIOWrapper name='<stderr>' mode='w' encoding='utf-8'> node index is 119
train linear regression time:  0.04823641665279865
(average_diff:0.03508643221083393, max_diff:0.07762271648773361, training_epochs:500, lr:0.05)
<_io.TextIOWrapper name='<stderr>' mode='w' encoding='utf-8'> node index is 109
train linear regression time:  0.04913399973884225
(average_diff:0.041781182896225184, max_diff:0.1600488431647681, training_epochs:500, lr:0.05)
<_io.TextIOWrapper name='<stderr>' mode='w' encoding='utf-8'> node index is 99
train linear regression time:  0.049038167111575603
(average_diff:0.08043127816442516, max_diff:0.26962288861794936, training_epochs:500, lr:0.05)
<_io.TextIOWrapper name='<stderr>' mode='w' encoding='utf-8'> node index is 89
train linear regression time:  0.05004699993878603
(average_diff:1.0553727204323661e-15, max_diff:1.2531642390456454e-14, training_epochs:500, lr:0.05)
<_io.TextIOWrapper name='<stderr>' mode='w' encoding='utf-8'> node index is 69
train linear regression time:  0.04859829135239124
(average_diff:0.03828757832414087, max_diff:0.07633282162233351, training_epochs:500, lr:0.05)
<_io.TextIOWrapper name='<stderr>' mode='w' encoding='utf-8'> node index is 61
train linear regression time:  0.04804533300921321
(average_diff:0.0009138107507264034, max_diff:0.0013534595412198203, training_epochs:500, lr:0.05)
<_io.TextIOWrapper name='<stderr>' mode='w' encoding='utf-8'> node index is 53
train linear regression time:  0.04807870788499713
(average_diff:0.10635730113926621, max_diff:0.37355834980058233, training_epochs:500, lr:0.05)
<_io.TextIOWrapper name='<stderr>' mode='w' encoding='utf-8'> node index is 51
train linear regression time:  0.049964625388383865
(average_diff:0.18115680594282083, max_diff:0.6319601903025901, training_epochs:500, lr:0.05)
<_io.TextIOWrapper name='<stderr>' mode='w' encoding='utf-8'> node index is 37
train linear regression time:  0.04907570872455835
(average_diff:0.17128532556981566, max_diff:0.6553491050761853, training_epochs:500, lr:0.05)
<_io.TextIOWrapper name='<stderr>' mode='w' encoding='utf-8'> node index is 29
train linear regression time:  0.05163220874965191
(average_diff:0.18785286289893718, max_diff:0.7982601934607751, training_epochs:500, lr:0.05)
<_io.TextIOWrapper name='<stderr>' mode='w' encoding='utf-8'> node index is 23
train linear regression time:  0.0583972092717886
(average_diff:0.1623317520768241, max_diff:0.6515651296818705, training_epochs:500, lr:0.05)
<_io.TextIOWrapper name='<stderr>' mode='w' encoding='utf-8'> node index is 15
train linear regression time:  0.05284241680055857
(average_diff:4.996003610813204e-16, max_diff:5.551115123125783e-16, training_epochs:500, lr:0.05)
<_io.TextIOWrapper name='<stderr>' mode='w' encoding='utf-8'> node index is 7
train linear regression time:  0.049705291632562876
(average_diff:0.09642286843213697, max_diff:0.23113869550636362, training_epochs:500, lr:0.05)
<_io.TextIOWrapper name='<stderr>' mode='w' encoding='utf-8'> node index is 5
train linear regression time:  0.04988529207184911
testFringe time:  3.4514999999664724
<_io.TextIOWrapper name='<stderr>' mode='w' encoding='utf-8'> =============== update finished ===============

*** Writing Game File 19***

<_io.TextIOWrapper name='../print_tree_record_numpy/print_DR_boost_linear_tree_split.txt' mode='w' encoding='UTF-8'> idx1(Q:0.4065, distinct_name:0, dictinctin_value:2.569683891588169, par:None)
	idx4(Q:0.4072, distinct_name:0, dictinctin_value:2.507749956207568, par:1)
		idx6(Q:0.4068, distinct_name:0, dictinctin_value:-0.050698982385153205, par:4)
			idx8(Q:0.4683, distinct_name:0, dictinctin_value:-0.5002368440471089, par:6)
				idx10(Q:0.5269, distinct_name:3, dictinctin_value:0.7373220788164561, par:8)
					idx12(Q:0.5043, distinct_name:1, dictinctin_value:0.8498558206992594, par:10)
						idx18(Q:0.4453, distinct_name:2, dictinctin_value:0.8559921607301466, par:12)
							idx24(Q:0.4463, distinct_name:0, dictinctin_value:-0.5901212893723445, par:18)
								idx30(Q:0.4524, distinct_name:2, dictinctin_value:0.5095422779981766, par:24)
									idx38(Q:0.4695, distinct_name:2, dictinctin_value:0.24909091887867726, par:30)
										idx44(Q:0.5010, distinct_name:2, dictinctin_value:-0.06052347242753761, par:38)
											idx54(Q:0.5421, distinct_name:2, dictinctin_value:-0.16873413911779458, par:44)
												idx62(Q:0.5720, distinct_name:2, dictinctin_value:-0.3117760123070312, par:54)
													idx70(Q:0.6085, distinct_name:2, dictinctin_value:-0.36929151673896154, par:62)
														idx76(Q:0.6378, distinct_name:2, dictinctin_value:-0.4513587540231024, par:70)
															idx82(Q:0.6775, distinct_name:2, dictinctin_value:-0.49926091712096626, par:76)
																idx90(Q:0.6928, distinct_name:2, dictinctin_value:-0.5261921216626007, par:82)
																	idx100(Q:0.7026, distinct_name:2, dictinctin_value:-0.5682634996789567, par:90)
																		idx110(Q:0.7154, distinct_name:2, dictinctin_value:-0.576514535000767, par:100)
																			idx120(Q:0.7278, par:110)
																			idx121(Q:0.4001, par:110)
																		idx111(Q:0.3630, par:100)
																	idx101(Q:0.3316, par:90)
																idx91(Q:0.3323, par:82)
															idx83(Q:0.2781, par:76)
														idx77(Q:0.2885, par:70)
													idx71(Q:0.2648, par:62)
												idx63(Q:0.2230, par:54)
											idx55(Q:0.2178, par:44)
										idx45(Q:0.2229, par:38)
									idx39(Q:0.3396, par:30)
								idx31(Q:0.3856, par:24)
							idx25(Q:0.4408, par:18)
						idx19(Q:0.7424, par:12)
					idx13(Q:0.6012, distinct_name:2, dictinctin_value:1.929601246827043, par:10)
						idx92(Q:0.5891, distinct_name:1, dictinctin_value:1.2557733390904973, par:13)
							idx102(Q:0.5553, distinct_name:2, dictinctin_value:1.4527612583425853, par:92)
								idx112(Q:0.5325, distinct_name:2, dictinctin_value:1.3531114404933846, par:102)
									idx122(Q:0.5256, distinct_name:2, dictinctin_value:1.0639310625609943, par:112)
										idx130(Q:0.5085, par:122)
										idx131(Q:0.9519, par:122)
									idx123(Q:0.7132, par:112)
								idx113(Q:0.9065, par:102)
							idx103(Q:0.9132, par:92)
						idx93(Q:1.1123, par:13)
				idx11(Q:0.3680, distinct_name:3, dictinctin_value:1.284568987543642, par:8)
					idx32(Q:0.3465, distinct_name:3, dictinctin_value:0.5763111575206541, par:11)
						idx40(Q:0.3254, distinct_name:2, dictinctin_value:1.4159847670297276, par:32)
							idx46(Q:0.3158, distinct_name:2, dictinctin_value:0.8764611652526798, par:40)
								idx56(Q:0.3252, distinct_name:2, dictinctin_value:0.6776552612944613, par:46)
									idx64(Q:0.3296, distinct_name:0, dictinctin_value:-0.10007893227380851, par:56)
										idx72(Q:0.3297, distinct_name:2, dictinctin_value:0.481251420222257, par:64)
											idx78(Q:0.3374, distinct_name:2, dictinctin_value:0.43236682950932387, par:72)
												idx84(Q:0.3472, distinct_name:2, dictinctin_value:0.2322739018313544, par:78)
													idx94(Q:0.3668, distinct_name:2, dictinctin_value:0.1692901075380102, par:84)
														idx104(Q:0.3786, distinct_name:2, dictinctin_value:0.044622068949871425, par:94)
															idx114(Q:0.3959, distinct_name:2, dictinctin_value:-0.04421252452423217, par:104)
																idx124(Q:0.4223, distinct_name:2, dictinctin_value:-0.12551407150931976, par:114)
																	idx132(Q:0.4397, par:124)
																	idx133(Q:0.1326, par:124)
																idx125(Q:0.1158, par:114)
															idx115(Q:0.1551, par:104)
														idx105(Q:0.1560, par:94)
													idx95(Q:0.1489, par:84)
												idx85(Q:0.1601, par:78)
											idx79(Q:0.2111, par:72)
										idx73(Q:0.3277, par:64)
									idx65(Q:0.2661, par:56)
								idx57(Q:0.2512, par:46)
							idx47(Q:0.4041, par:40)
						idx41(Q:0.4339, par:32)
					idx33(Q:0.5969, par:11)
			idx9(Q:0.3536, distinct_name:1, dictinctin_value:1.4532912275447858, par:6)
				idx14(Q:0.3336, distinct_name:0, dictinctin_value:0.6708677617788001, par:9)
					idx16(Q:0.3475, distinct_name:0, dictinctin_value:0.5219929201544601, par:14)
						idx20(Q:0.3553, distinct_name:0, dictinctin_value:0.38200451643824146, par:16)
							idx26(Q:0.3680, distinct_name:0, dictinctin_value:0.29175973898130836, par:20)
								idx34(Q:0.3827, distinct_name:3, dictinctin_value:1.2405945003824483, par:26)
									idx42(Q:0.3517, distinct_name:2, dictinctin_value:1.6139678071673451, par:34)
										idx48(Q:0.3432, distinct_name:1, dictinctin_value:1.0148453699076618, par:42)
											idx58(Q:0.3356, distinct_name:2, dictinctin_value:0.8422101128546527, par:48)
												idx66(Q:0.3499, distinct_name:2, dictinctin_value:0.5718071591898053, par:58)
													idx74(Q:0.3585, distinct_name:2, dictinctin_value:0.3335199702259944, par:66)
														idx80(Q:0.3824, distinct_name:2, dictinctin_value:0.2585267021680285, par:74)
															idx86(Q:0.3951, distinct_name:2, dictinctin_value:0.13295569297273957, par:80)
																idx96(Q:0.4131, distinct_name:2, dictinctin_value:0.0933394603867821, par:86)
																	idx106(Q:0.4236, distinct_name:2, dictinctin_value:0.047951172568074005, par:96)
																		idx116(Q:0.4380, distinct_name:2, dictinctin_value:-0.0025517231675584334, par:106)
																			idx126(Q:0.4499, par:116)
																			idx127(Q:0.1264, par:116)
																		idx117(Q:0.1611, par:106)
																	idx107(Q:0.1127, par:96)
																idx97(Q:0.1276, par:86)
															idx87(Q:0.1800, par:80)
														idx81(Q:0.1571, par:74)
													idx75(Q:0.2057, par:66)
												idx67(Q:0.2472, par:58)
											idx59(Q:0.4139, par:48)
										idx49(Q:0.4765, par:42)
									idx43(Q:0.5495, par:34)
								idx35(Q:0.3081, par:26)
							idx27(Q:0.3062, par:20)
						idx21(Q:0.3103, par:16)
					idx17(Q:0.3182, distinct_name:3, dictinctin_value:0.8871619234739136, par:14)
						idx22(Q:0.2889, distinct_name:1, dictinctin_value:0.895274831679809, par:17)
							idx28(Q:0.2711, distinct_name:3, dictinctin_value:0.4147697243292515, par:22)
								idx36(Q:0.2589, distinct_name:3, dictinctin_value:-0.009439492879810042, par:28)
									idx50(Q:0.2557, distinct_name:0, dictinctin_value:2.3121117874404824, par:36)
										idx52(Q:0.2563, distinct_name:0, dictinctin_value:1.9483716250181808, par:50)
											idx60(Q:0.2606, distinct_name:3, dictinctin_value:-0.018025248765568658, par:52)
												idx68(Q:0.2693, distinct_name:2, dictinctin_value:0.8033765660185509, par:60)
													idx88(Q:0.2698, distinct_name:2, dictinctin_value:0.6003623148969123, par:68)
														idx98(Q:0.2785, distinct_name:2, dictinctin_value:0.5329635912790776, par:88)
															idx108(Q:0.2868, distinct_name:2, dictinctin_value:0.3621996786015208, par:98)
																idx118(Q:0.2970, distinct_name:3, dictinctin_value:-0.05260374571449391, par:108)
																	idx128(Q:0.3016, distinct_name:2, dictinctin_value:0.22149263805201816, par:118)
																		idx134(Q:0.3089, par:128)
																		idx135(Q:0.1556, par:128)
																	idx129(Q:0.1770, par:118)
																idx119(Q:0.1630, par:108)
															idx109(Q:0.1700, par:98)
														idx99(Q:0.1775, par:88)
													idx89(Q:0.2671, par:68)
												idx69(Q:0.1890, par:60)
											idx61(Q:0.1792, par:52)
										idx53(Q:0.2130, par:50)
									idx51(Q:0.2700, par:36)
								idx37(Q:0.3332, par:28)
							idx29(Q:0.4083, par:22)
						idx23(Q:0.4524, par:17)
				idx15(Q:0.6028, par:9)
		idx7(Q:0.6670, par:4)
	idx5(Q:0.3056, par:1)
